num: 50 running time:25 bandwidth:5000
**time: 0
========Allocate Done=============
audio11-0 1 688.611 0.9
audio3-0 1 688.611 0.9
audio7-0 1 688.611 0.9
audio8-0 1 688.611 0.9
yolo1-0 1 56.834 0.99
yolo10-0 1 56.834 0.99
yolo11-0 1 56.834 0.99
yolo2-0 1 56.834 0.99
yolo4-0 1 56.834 0.99
yolo7-0 1 56.834 0.99
Sum of bandwidth: 3095.447999999999
Sum of weights: 4.3759999999999994
Average accuracy: 0.9387271480804389
time: 0.2995479106903076
**time: 1
========Allocate Done=============
audio11-0 1 688.611 0.9
audio12-1 1 688.611 0.9
audio3-0 1 688.611 0.9
audio7-0 1 688.611 0.9
audio8-0 1 688.611 0.9
yolo1-0 1 56.834 0.99
yolo10-0 1 56.834 0.99
yolo11-0 1 56.834 0.99
yolo2-0 1 56.834 0.99
yolo3-1 1 56.834 0.99
yolo4-0 1 56.834 0.99
yolo5-1 1 56.834 0.99
yolo6-1 1 56.834 0.99
yolo7-0 1 56.834 0.99
Sum of bandwidth: 3954.5609999999983
Sum of weights: 5.616
Average accuracy: 0.9489262820512822
time: 0.014806747436523438
**time: 2
========Allocate Done=============
audio11-0 1 688.611 0.9
audio12-1 1 688.611 0.9
audio3-0 1 688.611 0.9
audio7-0 1 688.611 0.9
audio8-0 1 688.611 0.9
yolo1-0 1 56.834 0.99
yolo10-0 1 56.834 0.99
yolo11-0 1 56.834 0.99
yolo2-0 1 56.834 0.99
yolo3-1 1 56.834 0.99
yolo4-0 1 56.834 0.99
yolo5-1 1 56.834 0.99
yolo6-1 1 56.834 0.99
yolo7-0 1 56.834 0.99
Sum of bandwidth: 3954.5609999999983
Sum of weights: 5.616
Average accuracy: 0.9489262820512822
time: 0.0037593841552734375
**time: 3
========Allocate Done=============
audio10-2 1 688.611 0.9
audio11-0 1 688.611 0.9
audio12-1 0.7947803955788247 547.5019999999998 0.57
audio3-0 1 688.611 0.9
audio3-2 1 688.611 0.9
audio7-0 1 688.611 0.9
audio8-0 1 688.611 0.9
yolo1-0 1 56.834 0.99
yolo3-1 1 56.834 0.99
yolo3-2 1 56.834 0.99
yolo5-1 1 56.834 0.99
yolo6-1 1 56.834 0.99
yolo7-0 1 56.834 0.99
Sum of bandwidth: 5020.171999999999
Sum of weights: 5.802
Average accuracy: 0.937063081695967
time: 0.003225088119506836
**time: 4
========Allocate Done=============
audio10-2 0.4 276.05100000000004 0.25
audio12-1 0.4 276.05100000000004 0.25
audio3-0 1 688.611 0.9
audio3-2 1 688.611 0.9
audio4-4 0.604479348458408 416.6510000000014 0.32
audio7-0 1 688.611 0.9
audio8-0 1 688.611 0.9
audio8-3 1 688.611 0.9
yolo1-0 1 56.834 0.99
yolo10-4 1 56.834 0.99
yolo12-4 1 56.834 0.99
yolo2-4 1 56.834 0.99
yolo3-1 1 56.834 0.99
yolo3-2 1 56.834 0.99
yolo3-3 1 56.834 0.99
yolo5-1 1 56.834 0.99
yolo6-1 1 56.834 0.99
yolo7-0 1 56.834 0.99
yolo8-3 1 56.834 0.99
Sum of bandwidth: 5036.981999999999
Sum of weights: 9.009
Average accuracy: 0.9223787323787325
time: 0.00561833381652832
**time: 5
========Allocate Done=============
audio10-2 0.4 276.05100000000004 0.25
audio12-1 0.4 276.05100000000004 0.25
audio3-0 1 688.611 0.9
audio3-2 1 688.611 0.9
audio4-4 0.604479348458408 416.6510000000014 0.32
audio7-0 1 688.611 0.9
audio8-0 1 688.611 0.9
audio8-3 1 688.611 0.9
yolo1-0 1 56.834 0.99
yolo10-4 1 56.834 0.99
yolo12-4 1 56.834 0.99
yolo2-4 1 56.834 0.99
yolo3-1 1 56.834 0.99
yolo3-2 1 56.834 0.99
yolo3-3 1 56.834 0.99
yolo5-1 1 56.834 0.99
yolo6-1 1 56.834 0.99
yolo7-0 1 56.834 0.99
yolo8-3 1 56.834 0.99
Sum of bandwidth: 5036.981999999999
Sum of weights: 9.009
Average accuracy: 0.9223787323787325
time: 0.012384653091430664
**time: 6
========Allocate Done=============
audio10-2 0.4 276.05100000000004 0.25
audio10-5 0.4 276.05100000000004 0.25
audio11-5 0.4 276.05100000000004 0.25
audio12-1 0.4 276.05100000000004 0.25
audio12-6 0.4 276.05100000000004 0.25
audio3-2 0.4 276.05100000000004 0.25
audio3-5 0.4 276.05100000000004 0.25
audio4-4 0.4 276.05100000000004 0.25
audio6-5 0.4 276.05100000000004 0.25
audio7-0 1 688.611 0.9
audio8-0 0.9797775450843486 674.7060399999981 0.9
audio8-3 0.55 379.1910000000001 0.31
yolo1-0 1 56.834 0.99
yolo10-4 1 56.834 0.99
yolo10-5 1 56.834 0.99
yolo12-4 1 56.834 0.99
yolo12-5 1 56.834 0.99
yolo2-4 1 56.834 0.99
yolo3-1 1 56.834 0.99
yolo3-2 1 56.834 0.99
yolo3-3 1 56.834 0.99
yolo5-1 1 56.834 0.99
yolo6-1 0.2 15.574480000000001 0.525
yolo6-5 0.2 15.574480000000001 0.525
yolo7-0 1 56.834 0.99
yolo7-5 1 56.834 0.99
yolo8-3 1 56.834 0.99
yolo9-5 1 56.834 0.99
Sum of bandwidth: 5053.791999999996
Sum of weights: 10.696
Average accuracy: 0.7982582273747196
time: 0.01074838638305664
**time: 7
========Allocate Done=============
audio10-2 0.4 276.05100000000004 0.25
audio10-5 0.4 276.05100000000004 0.25
audio10-7 0.4 276.05100000000004 0.25
audio11-5 0.4 276.05100000000004 0.25
audio12-1 0.4 276.05100000000004 0.25
audio12-6 0.4 276.05100000000004 0.25
audio3-5 0.4 276.05100000000004 0.25
audio4-4 0.4 276.05100000000004 0.25
audio6-5 0.4 276.05100000000004 0.25
audio8-0 1 688.611 0.9
audio8-3 0.8787180919139019 605.2175599999989 0.74
audio9-7 0.4 276.05100000000004 0.25
yolo1-0 1 56.834 0.99
yolo1-7 1 56.834 0.99
yolo10-4 1 56.834 0.99
yolo10-5 1 56.834 0.99
yolo10-7 1 56.834 0.99
yolo12-4 1 56.834 0.99
yolo12-5 1 56.834 0.99
yolo2-4 1 56.834 0.99
yolo3-1 1 56.834 0.99
yolo3-2 1 56.834 0.99
yolo3-3 1 56.834 0.99
yolo5-1 1 56.834 0.99
yolo6-1 0.2 15.574480000000001 0.525
yolo6-5 0.2 15.574480000000001 0.525
yolo6-7 0.2 15.574480000000001 0.525
yolo7-0 1 56.834 0.99
yolo7-5 1 56.834 0.99
yolo8-3 1 56.834 0.99
yolo9-5 1 56.834 0.99
yolo9-7 1 56.834 0.99
Sum of bandwidth: 5067.239999999997
Sum of weights: 10.559999999999999
Average accuracy: 0.8611292613636364
time: 0.28342628479003906
**time: 8
========Allocate Done=============
audio10-2 0.4 276.05100000000004 0.25
audio10-5 0.4 276.05100000000004 0.25
audio10-7 0.4 276.05100000000004 0.25
audio11-5 0.4 276.05100000000004 0.25
audio11-8 0.4 276.05100000000004 0.25
audio12-1 0.4 276.05100000000004 0.25
audio12-6 0.4 276.05100000000004 0.25
audio2-8 0.4 276.05100000000004 0.25
audio3-5 0.4 276.05100000000004 0.25
audio4-4 0.4 276.05100000000004 0.25
audio6-5 0.4 276.05100000000004 0.25
audio6-8 0.4 276.05100000000004 0.25
audio7-8 0.4 276.05100000000004 0.25
audio8-0 0.4 276.05100000000004 0.25
audio8-3 0.4 276.05100000000004 0.25
audio8-8 0.4 276.05100000000004 0.25
audio9-7 0.4 276.05100000000004 0.25
yolo1-0 0.1 9.563120000000001 0.525
yolo1-7 0.1 9.563120000000001 0.525
yolo10-4 0.1 9.563120000000001 0.525
yolo10-5 0.1 9.563120000000001 0.525
yolo10-7 0.1 9.563120000000001 0.525
yolo12-5 0.1 9.563120000000001 0.525
yolo2-4 0 3.362 0
yolo2-8 0 3.362 0
yolo3-1 0.8758485812454617 51.227079999999475 0.99
yolo3-2 0.8500000000000002 50.02292000000001 0.99
yolo3-3 0.8500000000000002 50.02292000000001 0.99
yolo6-1 0 3.362 0
yolo6-5 0 3.362 0
yolo6-7 0 3.362 0
yolo7-0 0.1 9.563120000000001 0.525
yolo7-5 0.1 9.563120000000001 0.525
yolo8-3 0.44999999999999996 29.77268 0.82
yolo8-8 0.44999999999999996 29.77268 0.82
yolo9-5 0.5499999999999999 35.119879999999995 0.88
yolo9-7 0.5499999999999999 35.119879999999995 0.88
Sum of bandwidth: 5067.24
Sum of weights: 13.399
Average accuracy: 0.5702485260094038
time: 0.07737159729003906
**time: 9
========Allocate Done=============
audio10-2 0.4 276.05100000000004 0.25
audio10-5 0.4 276.05100000000004 0.25
audio10-7 0.4 276.05100000000004 0.25
audio11-5 0.4 276.05100000000004 0.25
audio11-8 0.4 276.05100000000004 0.25
audio12-1 0.4 276.05100000000004 0.25
audio12-6 0.4 276.05100000000004 0.25
audio2-8 0.4 276.05100000000004 0.25
audio3-5 0.4 276.05100000000004 0.25
audio4-4 0.4 276.05100000000004 0.25
audio4-9 0.4 276.05100000000004 0.25
audio6-5 0.4 276.05100000000004 0.25
audio6-8 0.27367643979057465 189.19091999999912 0.2
audio7-8 0.4 276.05100000000004 0.25
audio8-0 0.4 276.05100000000004 0.25
audio8-3 0.4 276.05100000000004 0.25
audio8-8 0.4 276.05100000000004 0.25
audio9-7 0.4 276.05100000000004 0.25
yolo1-7 0 3.362 0
yolo10-4 0 3.362 0
yolo10-5 0 3.362 0
yolo10-7 0 3.362 0
yolo12-5 0 3.362 0
yolo2-4 0 3.362 0
yolo2-8 0 3.362 0
yolo2-9 0 3.362 0
yolo3-1 0.25 18.509 0.64
yolo3-2 0.25 18.509 0.64
yolo3-3 0.25 18.509 0.64
yolo3-9 0.25 18.509 0.64
yolo4-9 0.2 15.574480000000001 0.525
yolo6-1 0 3.362 0
yolo6-5 0 3.362 0
yolo6-7 0 3.362 0
yolo7-0 0 3.362 0
yolo7-5 0 3.362 0
yolo7-9 0 3.362 0
yolo8-3 0.15000000000000002 12.59252 0.525
yolo8-8 0.15000000000000002 12.59252 0.525
yolo9-5 0.15000000000000002 12.59252 0.525
yolo9-7 0.15000000000000002 12.59252 0.525
yolo9-9 0.15000000000000002 12.59252 0.525
Sum of bandwidth: 5081.699000000001
Sum of weights: 16.335
Average accuracy: 0.3851040710131619
time: 0.3393580913543701
**time: 10
========Allocate Done=============
audio10-2 0.4 276.05100000000004 0.25
audio10-5 0.4 276.05100000000004 0.25
audio10-7 0.4 276.05100000000004 0.25
audio11-5 0.4 276.05100000000004 0.25
audio11-8 0.4 276.05100000000004 0.25
audio12-1 0.4 276.05100000000004 0.25
audio12-6 0.4 276.05100000000004 0.25
audio2-8 0.4 276.05100000000004 0.25
audio4-4 0.4 276.05100000000004 0.25
audio4-9 0.4 276.05100000000004 0.25
audio6-8 0.4 276.05100000000004 0.25
audio7-8 0.4 276.05100000000004 0.25
audio8-0 0.4 276.05100000000004 0.25
audio8-10 0.4 276.05100000000004 0.25
audio8-3 0.4 276.05100000000004 0.25
audio8-8 0.4 276.05100000000004 0.25
audio9-7 0.4 276.05100000000004 0.25
yolo1-10 0.05 6.486280000000001 0.525
yolo1-7 0.05 6.486280000000001 0.525
yolo10-4 0.05 6.486280000000001 0.525
yolo10-5 0.05 6.486280000000001 0.525
yolo10-7 0.05 6.486280000000001 0.525
yolo12-5 0.05 6.486280000000001 0.525
yolo2-10 0 3.362 0
yolo2-4 0 3.362 0
yolo2-8 0 3.362 0
yolo2-9 0 3.362 0
yolo3-1 0.5499999999999999 35.119879999999995 0.88
yolo3-2 0.5499999999999999 35.119879999999995 0.88
yolo3-3 0.5372438063916355 34.4483399999988 0.88
yolo3-9 0.49999999999999994 32.47 0.82
yolo4-10 0.44999999999999996 29.77268 0.82
yolo4-9 0.44999999999999996 29.77268 0.82
yolo6-1 0 3.362 0
yolo6-5 0 3.362 0
yolo6-7 0 3.362 0
yolo7-0 0.05 6.486280000000001 0.525
yolo7-5 0.05 6.486280000000001 0.525
yolo7-9 0.05 6.486280000000001 0.525
yolo8-3 0.25 18.509 0.64
yolo8-8 0.25 18.509 0.64
yolo9-10 0.3 21.396079999999998 0.64
yolo9-5 0.3 21.396079999999998 0.64
yolo9-7 0.3 21.396079999999998 0.64
yolo9-9 0.3 21.396079999999998 0.64
audio3-edge-0 0.4 0.0527 0.25
Sum of bandwidth: 5094.136000000003
Sum of weights: 19.06
Average accuracy: 0.5426935991605458
time: 0.15385055541992188
**time: 11
========Allocate Done=============
audio10-11 0.4 276.05100000000004 0.25
audio10-2 0.4 276.05100000000004 0.25
audio10-7 0.4 276.05100000000004 0.25
audio11-11 0.4 276.05100000000004 0.25
audio11-5 0.4 276.05100000000004 0.25
audio11-8 0.31290666084933083 216.16561999999988 0.2
audio12-1 0 1.011 0
audio12-11 0 1.011 0
audio12-6 0 1.011 0
audio2-11 0.4 276.05100000000004 0.25
audio2-8 0.4 276.05100000000004 0.25
audio3-11 0.4 276.05100000000004 0.25
audio4-4 0.4 276.05100000000004 0.25
audio4-9 0.4 276.05100000000004 0.25
audio5-11 0.4 276.05100000000004 0.25
audio6-8 0 1.011 0
audio7-11 0.4 276.05100000000004 0.25
audio7-8 0.4 276.05100000000004 0.25
audio8-0 0.4 276.05100000000004 0.25
audio8-10 0.4 276.05100000000004 0.25
audio8-8 0.4 276.05100000000004 0.25
audio9-7 0.4 276.05100000000004 0.25
yolo1-10 0 3.362 0
yolo1-7 0 3.362 0
yolo10-4 0 3.362 0
yolo10-5 0 3.362 0
yolo10-7 0 3.362 0
yolo11-11 0 3.362 0
yolo12-5 0 3.362 0
yolo2-10 0 3.362 0
yolo2-4 0 3.362 0
yolo2-8 0 3.362 0
yolo2-9 0 3.362 0
yolo3-1 0.2 15.574480000000001 0.525
yolo3-3 0.2 15.574480000000001 0.525
yolo3-9 0.2 15.574480000000001 0.525
yolo4-10 0.2 15.574480000000001 0.525
yolo4-9 0.2 15.574480000000001 0.525
yolo6-7 0 3.362 0
yolo7-5 0 3.362 0
yolo7-9 0 3.362 0
yolo8-3 0.1 9.563120000000001 0.525
yolo8-8 0.1 9.563120000000001 0.525
yolo9-10 0.15000000000000002 12.59252 0.525
yolo9-9 0.15000000000000002 12.59252 0.525
audio3-edge-0 0.4 0.0527 0.25
Sum of bandwidth: 5082.381000000002
Sum of weights: 18.071
Average accuracy: 0.32751369597697966
time: 0.1312410831451416
**time: 12
========Allocate Done=============
audio1-12 0.4 276.05100000000004 0.25
audio10-11 0.4 276.05100000000004 0.25
audio10-2 0.4 276.05100000000004 0.25
audio10-7 0.4 276.05100000000004 0.25
audio11-5 0.2860504944735309 197.69931999999986 0.2
audio11-8 0 1.011 0
audio12-1 0 1.011 0
audio12-11 0 1.011 0
audio12-6 0 1.011 0
audio2-11 0.4 276.05100000000004 0.25
audio2-8 0.4 276.05100000000004 0.25
audio3-11 0.4 276.05100000000004 0.25
audio4-4 0.4 276.05100000000004 0.25
audio4-9 0.4 276.05100000000004 0.25
audio5-11 0.4 276.05100000000004 0.25
audio6-12 0 1.011 0
audio6-8 0 1.011 0
audio7-11 0.4 276.05100000000004 0.25
audio7-8 0.4 276.05100000000004 0.25
audio8-0 0.4 276.05100000000004 0.25
audio8-10 0.4 276.05100000000004 0.25
audio8-8 0.4 276.05100000000004 0.25
audio9-12 0.4 276.05100000000004 0.25
audio9-7 0.4 276.05100000000004 0.25
yolo1-10 0 3.362 0
yolo1-7 0 3.362 0
yolo10-12 0 3.362 0
yolo10-4 0 3.362 0
yolo10-5 0 3.362 0
yolo10-7 0 3.362 0
yolo11-11 0 3.362 0
yolo12-12 0 3.362 0
yolo12-5 0 3.362 0
yolo2-10 0 3.362 0
yolo2-4 0 3.362 0
yolo2-8 0 3.362 0
yolo2-9 0 3.362 0
yolo3-1 0.2 15.574480000000001 0.525
yolo3-12 0.2 15.574480000000001 0.525
yolo3-3 0.2 15.574480000000001 0.525
yolo3-9 0.2 15.574480000000001 0.525
yolo4-10 0.2 15.574480000000001 0.525
yolo4-9 0.2 15.574480000000001 0.525
yolo5-12 0 3.362 0
yolo6-7 0 3.362 0
yolo7-5 0 3.362 0
yolo7-9 0 3.362 0
yolo8-12 0.1 9.563120000000001 0.525
yolo8-3 0.1 9.563120000000001 0.525
yolo8-8 0.1 9.563120000000001 0.525
yolo9-10 0.15000000000000002 12.59252 0.525
yolo9-9 0.15000000000000002 12.59252 0.525
audio11-edge-11 0 0.0527 0
audio11-edge-5 0 0.0527 0
audio3-edge-0 0.4 0.0527 0.25
audio7-edge-11 0.4 0.0527 0.25
Sum of bandwidth: 5101.318400000004
Sum of weights: 21.66400000000001
Average accuracy: 0.32528849704579016
time: 0.12426424026489258
**time: 13
========Allocate Done=============
audio1-12 0.4 276.05100000000004 0.25
audio10-11 0.2860504944735291 197.6993199999986 0.2
audio10-2 0 1.011 0
audio10-7 0 1.011 0
audio11-5 0 1.011 0
audio11-8 0 1.011 0
audio12-1 0 1.011 0
audio12-11 0 1.011 0
audio12-6 0 1.011 0
audio2-11 0.4 276.05100000000004 0.25
audio2-13 0.4 276.05100000000004 0.25
audio2-8 0.4 276.05100000000004 0.25
audio3-11 0.4 276.05100000000004 0.25
audio4-4 0.4 276.05100000000004 0.25
audio4-9 0.4 276.05100000000004 0.25
audio5-11 0.4 276.05100000000004 0.25
audio6-12 0 1.011 0
audio6-13 0 1.011 0
audio6-8 0 1.011 0
audio7-11 0.4 276.05100000000004 0.25
audio7-13 0.4 276.05100000000004 0.25
audio7-8 0.4 276.05100000000004 0.25
audio8-0 0.4 276.05100000000004 0.25
audio8-10 0.4 276.05100000000004 0.25
audio8-13 0.4 276.05100000000004 0.25
audio8-8 0.4 276.05100000000004 0.25
audio9-12 0.4 276.05100000000004 0.25
audio9-7 0.4 276.05100000000004 0.25
yolo1-10 0 3.362 0
yolo1-7 0 3.362 0
yolo10-12 0 3.362 0
yolo10-4 0 3.362 0
yolo10-5 0 3.362 0
yolo10-7 0 3.362 0
yolo11-11 0 3.362 0
yolo12-12 0 3.362 0
yolo12-5 0 3.362 0
yolo2-10 0 3.362 0
yolo2-4 0 3.362 0
yolo2-8 0 3.362 0
yolo2-9 0 3.362 0
yolo3-1 0.2 15.574480000000001 0.525
yolo3-12 0.2 15.574480000000001 0.525
yolo3-3 0.2 15.574480000000001 0.525
yolo3-9 0.2 15.574480000000001 0.525
yolo4-10 0.2 15.574480000000001 0.525
yolo4-9 0.2 15.574480000000001 0.525
yolo5-12 0 3.362 0
yolo6-7 0 3.362 0
yolo7-9 0 3.362 0
yolo8-12 0.1 9.563120000000001 0.525
yolo8-3 0.1 9.563120000000001 0.525
yolo8-8 0.1 9.563120000000001 0.525
yolo9-10 0.15000000000000002 12.59252 0.525
yolo9-9 0.15000000000000002 12.59252 0.525
audio11-edge-11 0 0.0527 0
audio11-edge-5 0 0.0527 0
audio3-edge-0 0.4 0.0527 0.25
audio7-edge-11 0.4 0.0527 0.25
Sum of bandwidth: 5102.000400000002
Sum of weights: 23.863000000000003
Average accuracy: 0.3181515316598919
time: 0.12211441993713379
**time: 14
========Allocate Done=============
audio1-12 0.4 276.05100000000004 0.25
audio10-11 0.4 276.05100000000004 0.25
audio10-2 0.2592709714950531 179.28571999999852 0.2
audio10-7 0 1.011 0
audio11-5 0 1.011 0
audio11-8 0 1.011 0
audio12-1 0 1.011 0
audio12-11 0 1.011 0
audio12-6 0 1.011 0
audio2-11 0.4 276.05100000000004 0.25
audio2-13 0.4 276.05100000000004 0.25
audio2-8 0.4 276.05100000000004 0.25
audio3-11 0.4 276.05100000000004 0.25
audio4-4 0.4 276.05100000000004 0.25
audio5-11 0.4 276.05100000000004 0.25
audio6-12 0 1.011 0
audio6-13 0 1.011 0
audio7-11 0.4 276.05100000000004 0.25
audio7-13 0.4 276.05100000000004 0.25
audio7-8 0.4 276.05100000000004 0.25
audio8-0 0.4 276.05100000000004 0.25
audio8-10 0.4 276.05100000000004 0.25
audio8-13 0.4 276.05100000000004 0.25
audio8-8 0.4 276.05100000000004 0.25
audio9-12 0.4 276.05100000000004 0.25
audio9-7 0.4 276.05100000000004 0.25
yolo1-10 0 3.362 0
yolo1-7 0 3.362 0
yolo10-12 0 3.362 0
yolo10-4 0 3.362 0
yolo10-5 0 3.362 0
yolo10-7 0 3.362 0
yolo11-11 0 3.362 0
yolo12-12 0 3.362 0
yolo12-5 0 3.362 0
yolo2-10 0 3.362 0
yolo2-14 0 3.362 0
yolo2-4 0 3.362 0
yolo2-8 0 3.362 0
yolo2-9 0 3.362 0
yolo3-1 0.2 15.574480000000001 0.525
yolo3-12 0.2 15.574480000000001 0.525
yolo3-14 0.2 15.574480000000001 0.525
yolo3-3 0.2 15.574480000000001 0.525
yolo3-9 0.2 15.574480000000001 0.525
yolo4-10 0.2 15.574480000000001 0.525
yolo4-9 0.2 15.574480000000001 0.525
yolo5-12 0 3.362 0
yolo6-7 0 3.362 0
yolo7-9 0 3.362 0
yolo8-12 0.1 9.563120000000001 0.525
yolo8-14 0.1 9.563120000000001 0.525
yolo8-3 0.1 9.563120000000001 0.525
yolo8-8 0.1 9.563120000000001 0.525
yolo9-10 0.15000000000000002 12.59252 0.525
yolo9-9 0.15000000000000002 12.59252 0.525
audio11-edge-11 0 0.0527 0
audio3-edge-0 0.4 0.0527 0.25
audio7-edge-11 0.4 0.0527 0.25
Sum of bandwidth: 5110.011700000002
Sum of weights: 25.187000000000005
Average accuracy: 0.33377734545598925
time: 0.06851720809936523
**time: 15
========Allocate Done=============
audio1-12 0.4 276.05100000000004 0.25
audio1-15 0.4 276.05100000000004 0.25
audio10-11 0.4 276.05100000000004 0.25
audio10-2 0.2414333042466557 167.02054000000047 0.2
audio10-7 0 1.011 0
audio11-8 0 1.011 0
audio12-1 0 1.011 0
audio12-11 0 1.011 0
audio12-6 0 1.011 0
audio2-11 0.4 276.05100000000004 0.25
audio2-13 0.4 276.05100000000004 0.25
audio2-8 0.4 276.05100000000004 0.25
audio3-11 0.4 276.05100000000004 0.25
audio4-4 0.4 276.05100000000004 0.25
audio5-11 0.4 276.05100000000004 0.25
audio5-15 0.4 276.05100000000004 0.25
audio6-12 0 1.011 0
audio6-13 0 1.011 0
audio7-13 0.4 276.05100000000004 0.25
audio7-8 0.4 276.05100000000004 0.25
audio8-10 0.4 276.05100000000004 0.25
audio8-13 0.4 276.05100000000004 0.25
audio8-8 0.4 276.05100000000004 0.25
audio9-12 0.4 276.05100000000004 0.25
audio9-7 0.4 276.05100000000004 0.25
yolo1-10 0 3.362 0
yolo1-7 0 3.362 0
yolo10-12 0 3.362 0
yolo10-4 0 3.362 0
yolo10-5 0 3.362 0
yolo10-7 0 3.362 0
yolo11-11 0 3.362 0
yolo12-12 0 3.362 0
yolo12-5 0 3.362 0
yolo2-10 0 3.362 0
yolo2-14 0 3.362 0
yolo2-4 0 3.362 0
yolo2-8 0 3.362 0
yolo2-9 0 3.362 0
yolo3-12 0.2 15.574480000000001 0.525
yolo3-14 0.2 15.574480000000001 0.525
yolo3-15 0.2 15.574480000000001 0.525
yolo3-3 0.2 15.574480000000001 0.525
yolo3-9 0.2 15.574480000000001 0.525
yolo4-10 0.2 15.574480000000001 0.525
yolo4-15 0.2 15.574480000000001 0.525
yolo4-9 0.2 15.574480000000001 0.525
yolo5-12 0 3.362 0
yolo6-7 0 3.362 0
yolo7-9 0 3.362 0
yolo8-12 0.1 9.563120000000001 0.525
yolo8-14 0.1 9.563120000000001 0.525
yolo8-3 0.1 9.563120000000001 0.525
yolo8-8 0.1 9.563120000000001 0.525
yolo9-10 0.15000000000000002 12.59252 0.525
yolo9-9 0.15000000000000002 12.59252 0.525
audio3-edge-0 0.4 0.0527 0.25
audio7-edge-11 0.4 0.0527 0.25
audio9-edge-7 0.4 0.0527 0.25
Sum of bandwidth: 5112.310000000004
Sum of weights: 24.496000000000006
Average accuracy: 0.3476730894839974
time: 0.1985011100769043
**time: 16
========Allocate Done=============
audio1-12 0.4 276.05100000000004 0.25
audio1-15 0.4 276.05100000000004 0.25
audio10-11 0.4 276.05100000000004 0.25
audio10-7 0.28574392088423506 197.48852000000002 0.2
audio11-8 0 1.011 0
audio12-11 0 1.011 0
audio12-6 0 1.011 0
audio2-11 0.4 276.05100000000004 0.25
audio2-13 0.4 276.05100000000004 0.25
audio2-16 0.4 276.05100000000004 0.25
audio2-8 0.4 276.05100000000004 0.25
audio3-11 0.4 276.05100000000004 0.25
audio4-4 0.4 276.05100000000004 0.25
audio5-11 0.4 276.05100000000004 0.25
audio6-12 0 1.011 0
audio6-13 0 1.011 0
audio6-16 0 1.011 0
audio7-13 0.4 276.05100000000004 0.25
audio7-8 0.4 276.05100000000004 0.25
audio8-10 0.4 276.05100000000004 0.25
audio8-13 0.4 276.05100000000004 0.25
audio8-8 0.4 276.05100000000004 0.25
audio9-12 0.4 276.05100000000004 0.25
audio9-16 0.4 276.05100000000004 0.25
yolo1-10 0 3.362 0
yolo1-16 0 3.362 0
yolo1-7 0 3.362 0
yolo10-12 0 3.362 0
yolo10-5 0 3.362 0
yolo10-7 0 3.362 0
yolo11-11 0 3.362 0
yolo11-16 0 3.362 0
yolo12-12 0 3.362 0
yolo12-5 0 3.362 0
yolo2-10 0 3.362 0
yolo2-14 0 3.362 0
yolo2-4 0 3.362 0
yolo2-8 0 3.362 0
yolo2-9 0 3.362 0
yolo3-12 0.2 15.574480000000001 0.525
yolo3-14 0.2 15.574480000000001 0.525
yolo3-15 0.2 15.574480000000001 0.525
yolo4-10 0.2 15.574480000000001 0.525
yolo4-15 0.2 15.574480000000001 0.525
yolo4-9 0.2 15.574480000000001 0.525
yolo5-12 0 3.362 0
yolo6-7 0 3.362 0
yolo7-9 0 3.362 0
yolo8-12 0.1 9.563120000000001 0.525
yolo8-14 0.1 9.563120000000001 0.525
yolo8-3 0.1 9.563120000000001 0.525
yolo9-10 0.15000000000000002 12.59252 0.525
yolo9-9 0.15000000000000002 12.59252 0.525
audio5-edge-11 0.4 0.0527 0.25
audio5-edge-15 0.4 0.0527 0.25
audio7-edge-11 0.4 0.0527 0.25
audio7-edge-13 0.4 0.0527 0.25
audio7-edge-8 0.4 0.0527 0.25
audio9-edge-7 0.4 0.0527 0.25
Sum of bandwidth: 5104.5750000000035
Sum of weights: 24.198000000000008
Average accuracy: 0.31746631953053966
time: 0.482759952545166
**time: 17
========Allocate Done=============
audio1-15 0.4 276.05100000000004 0.25
audio10-17 0.4 276.05100000000004 0.25
audio10-7 0.4 276.05100000000004 0.25
audio11-8 0.4 276.05100000000004 0.25
audio12-6 0.3037042757417099 209.83805999999973 0.2
audio2-11 0.4 276.05100000000004 0.25
audio2-13 0.4 276.05100000000004 0.25
audio2-16 0.4 276.05100000000004 0.25
audio2-8 0.4 276.05100000000004 0.25
audio3-11 0.4 276.05100000000004 0.25
audio5-11 0.4 276.05100000000004 0.25
audio6-12 0 1.011 0
audio6-13 0 1.011 0
audio6-16 0 1.011 0
audio7-13 0.4 276.05100000000004 0.25
audio7-8 0.4 276.05100000000004 0.25
audio8-10 0.4 276.05100000000004 0.25
audio8-13 0.4 276.05100000000004 0.25
audio8-8 0.4 276.05100000000004 0.25
audio9-12 0.4 276.05100000000004 0.25
audio9-16 0.4 276.05100000000004 0.25
yolo1-10 0 3.362 0
yolo1-16 0 3.362 0
yolo1-7 0 3.362 0
yolo10-12 0 3.362 0
yolo10-5 0 3.362 0
yolo11-11 0 3.362 0
yolo11-16 0 3.362 0
yolo12-17 0 3.362 0
yolo2-10 0 3.362 0
yolo2-14 0 3.362 0
yolo2-8 0 3.362 0
yolo3-12 0.2 15.574480000000001 0.525
yolo3-14 0.2 15.574480000000001 0.525
yolo3-15 0.2 15.574480000000001 0.525
yolo4-10 0.2 15.574480000000001 0.525
yolo4-15 0.2 15.574480000000001 0.525
yolo4-9 0.2 15.574480000000001 0.525
yolo5-12 0 3.362 0
yolo5-17 0 3.362 0
yolo6-7 0 3.362 0
yolo7-9 0 3.362 0
yolo8-14 0.1 9.563120000000001 0.525
yolo9-10 0.15000000000000002 12.59252 0.525
yolo9-9 0.15000000000000002 12.59252 0.525
audio3-edge-11 0.4 0.0527 0.25
audio5-edge-11 0.4 0.0527 0.25
audio5-edge-15 0.4 0.0527 0.25
audio7-edge-13 0.4 0.0527 0.25
audio7-edge-8 0.4 0.0527 0.25
audio9-edge-12 0.4 0.0527 0.25
audio9-edge-7 0.4 0.0527 0.25
Sum of bandwidth: 5084.7320000000045
Sum of weights: 21.823000000000004
Average accuracy: 0.31601750446776333
time: 0.009455442428588867
**time: 18
========Allocate Done=============
audio1-15 0.4 276.05100000000004 0.25
audio10-17 0.4 276.05100000000004 0.25
audio11-18 0.4 276.05100000000004 0.25
audio12-18 0.4 276.05100000000004 0.25
audio2-11 0.4 276.05100000000004 0.25
audio2-13 0.4 276.05100000000004 0.25
audio2-16 0.4 276.05100000000004 0.25
audio6-12 0.4 276.05100000000004 0.25
audio6-13 0.4 276.05100000000004 0.25
audio6-16 0.4 276.05100000000004 0.25
audio8-10 0.4 276.05100000000004 0.25
audio8-13 0.4 276.05100000000004 0.25
audio8-18 0.4 276.05100000000004 0.25
audio8-8 0.4 276.05100000000004 0.25
audio9-16 0.4 276.05100000000004 0.25
yolo1-10 0.9749876289171393 55.727919999997674 0.99
yolo1-16 0.9500000000000003 54.611080000000015 0.99
yolo10-12 0.9500000000000003 54.611080000000015 0.99
yolo10-18 0.9500000000000003 54.611080000000015 0.99
yolo11-11 0.9500000000000003 54.611080000000015 0.99
yolo11-16 0.9500000000000003 54.611080000000015 0.99
yolo12-17 0.9500000000000003 54.611080000000015 0.99
yolo2-10 0.15000000000000002 12.59252 0.525
yolo2-14 0.15000000000000002 12.59252 0.525
yolo2-18 0.15000000000000002 12.59252 0.525
yolo2-8 0.15000000000000002 12.59252 0.525
yolo3-14 1 56.834 0.99
yolo3-15 1 56.834 0.99
yolo4-15 1 56.834 0.99
yolo4-9 1 56.834 0.99
yolo5-17 0.6 37.722319999999996 0.88
yolo7-18 1 56.834 0.99
yolo8-14 1 56.834 0.99
yolo9-10 1 56.834 0.99
yolo9-18 1 56.834 0.99
audio3-edge-11 0.4 0.0527 0.25
audio5-edge-11 0.4 0.0527 0.25
audio5-edge-15 0.4 0.0527 0.25
audio7-edge-13 0.4 0.0527 0.25
audio9-edge-12 0.4 0.0527 0.25
audio9-edge-7 0.4 0.0527 0.25
Sum of bandwidth: 5067.239999999995
Sum of weights: 16.032
Average accuracy: 0.6134137974051895
time: 0.3425304889678955
**time: 19
========Allocate Done=============
audio1-15 0.4 276.05100000000004 0.25
audio10-17 0.4 276.05100000000004 0.25
audio11-18 0.4 276.05100000000004 0.25
audio12-18 0.4 276.05100000000004 0.25
audio12-19 0.4 276.05100000000004 0.25
audio2-11 0.4 276.05100000000004 0.25
audio2-13 0.4 276.05100000000004 0.25
audio2-16 0.4 276.05100000000004 0.25
audio6-12 0.4 276.05100000000004 0.25
audio6-13 0.4 276.05100000000004 0.25
audio6-16 0.4 276.05100000000004 0.25
audio8-10 0.4 276.05100000000004 0.25
audio8-13 0.4 276.05100000000004 0.25
audio8-18 0.4 276.05100000000004 0.25
audio8-8 0.4 276.05100000000004 0.25
audio9-16 0.4 276.05100000000004 0.25
yolo1-10 0.3 21.396079999999998 0.64
yolo1-16 0.3 21.396079999999998 0.64
yolo10-12 0.3 21.396079999999998 0.64
yolo10-18 0.3 21.396079999999998 0.64
yolo10-19 0.3 21.396079999999998 0.64
yolo11-11 0.3 21.396079999999998 0.64
yolo11-16 0.3 21.396079999999998 0.64
yolo12-17 0.3 21.396079999999998 0.64
yolo2-10 0.05 6.486280000000001 0.525
yolo2-14 0.05 6.486280000000001 0.525
yolo2-18 0.05 6.486280000000001 0.525
yolo2-8 0.05 6.486280000000001 0.525
yolo3-15 1 56.834 0.99
yolo4-15 1 56.834 0.99
yolo4-9 1 56.834 0.99
yolo5-17 0.15000000000000002 12.59252 0.525
yolo6-19 0 3.362 0
yolo7-18 0.3654665199154031 25.10449999999871 0.685
yolo7-19 0.35 24.23572 0.685
yolo8-14 1 56.834 0.99
yolo8-19 1 56.834 0.99
yolo9-10 1 56.834 0.99
yolo9-18 1 56.834 0.99
audio3-edge-11 0.4 0.0527 0.25
audio5-edge-11 0.4 0.0527 0.25
audio5-edge-15 0.4 0.0527 0.25
audio7-edge-13 0.4 0.0527 0.25
audio9-edge-12 0.4 0.0527 0.25
Sum of bandwidth: 5077.326000000002
Sum of weights: 16.066
Average accuracy: 0.5656134071953194
time: 0.02615499496459961
**time: 20
========Allocate Done=============
audio1-15 0.4 276.05100000000004 0.25
audio10-17 0.4 276.05100000000004 0.25
audio11-18 0.4 276.05100000000004 0.25
audio11-20 0.4 276.05100000000004 0.25
audio12-18 0.4 276.05100000000004 0.25
audio12-19 0.4 276.05100000000004 0.25
audio2-11 0.4 276.05100000000004 0.25
audio2-13 0.4 276.05100000000004 0.25
audio2-16 0.4 276.05100000000004 0.25
audio3-20 0.4 276.05100000000004 0.25
audio6-12 0.4 276.05100000000004 0.25
audio6-13 0.4 276.05100000000004 0.25
audio6-16 0.33937961023850866 234.36841999999857 0.2
audio8-10 0.4 276.05100000000004 0.25
audio8-13 0.4 276.05100000000004 0.25
audio8-18 0.4 276.05100000000004 0.25
audio8-8 0.4 276.05100000000004 0.25
audio9-16 0.4 276.05100000000004 0.25
yolo1-10 0 3.362 0
yolo1-16 0 3.362 0
yolo10-12 0 3.362 0
yolo10-18 0 3.362 0
yolo10-19 0 3.362 0
yolo11-11 0 3.362 0
yolo11-16 0 3.362 0
yolo12-17 0 3.362 0
yolo12-20 0 3.362 0
yolo2-10 0 3.362 0
yolo2-14 0 3.362 0
yolo2-18 0 3.362 0
yolo3-15 0.25 18.509 0.64
yolo4-9 0.2 15.574480000000001 0.525
yolo5-17 0 3.362 0
yolo6-19 0 3.362 0
yolo7-18 0 3.362 0
yolo7-19 0 3.362 0
yolo8-14 0.15000000000000002 12.59252 0.525
yolo8-19 0.15000000000000002 12.59252 0.525
yolo9-10 0.15000000000000002 12.59252 0.525
yolo9-18 0.15000000000000002 12.59252 0.525
yolo9-20 0.15000000000000002 12.59252 0.525
audio3-edge-11 0.4 0.0527 0.25
audio5-edge-11 0.4 0.0527 0.25
audio5-edge-15 0.4 0.0527 0.25
audio7-edge-13 0.4 0.0527 0.25
audio9-edge-12 0.4 0.0527 0.25
Sum of bandwidth: 5078.337000000002
Sum of weights: 16.621
Average accuracy: 0.30087991095601957
time: 0.1864633560180664
**time: 21
========Allocate Done=============
audio1-15 0.4 276.05100000000004 0.25
audio10-17 0.4 276.05100000000004 0.25
audio11-18 0.4 276.05100000000004 0.25
audio12-18 0.4 276.05100000000004 0.25
audio12-19 0.4 276.05100000000004 0.25
audio2-11 0.4 276.05100000000004 0.25
audio2-13 0.4 276.05100000000004 0.25
audio2-16 0.4 276.05100000000004 0.25
audio3-20 0.4 276.05100000000004 0.25
audio4-21 0.4 276.05100000000004 0.25
audio6-13 0.4 276.05100000000004 0.25
audio6-16 0.4 276.05100000000004 0.25
audio6-21 0.3569107038976132 246.42279999999883 0.2
audio7-21 0.4 276.05100000000004 0.25
audio8-10 0.4 276.05100000000004 0.25
audio8-13 0.4 276.05100000000004 0.25
audio9-16 0.4 276.05100000000004 0.25
audio9-21 0.4 276.05100000000004 0.25
yolo1-16 0 3.362 0
yolo10-12 0 3.362 0
yolo10-18 0 3.362 0
yolo10-19 0 3.362 0
yolo11-11 0 3.362 0
yolo11-16 0 3.362 0
yolo12-17 0 3.362 0
yolo12-20 0 3.362 0
yolo2-14 0 3.362 0
yolo2-18 0 3.362 0
yolo3-15 0.25 18.509 0.64
yolo5-17 0 3.362 0
yolo6-19 0 3.362 0
yolo7-18 0 3.362 0
yolo7-19 0 3.362 0
yolo8-14 0.15000000000000002 12.59252 0.525
yolo8-19 0.15000000000000002 12.59252 0.525
yolo9-10 0.15000000000000002 12.59252 0.525
yolo9-18 0.15000000000000002 12.59252 0.525
yolo9-20 0.15000000000000002 12.59252 0.525
audio1-edge-15 0.4 0.0527 0.25
audio11-edge-18 0.4 0.0527 0.25
audio11-edge-20 0.4 0.0527 0.25
audio3-edge-11 0.4 0.0527 0.25
audio3-edge-20 0.4 0.0527 0.25
audio5-edge-15 0.4 0.0527 0.25
audio7-edge-13 0.4 0.0527 0.25
audio9-edge-12 0.4 0.0527 0.25
Sum of bandwidth: 5068.251000000003
Sum of weights: 15.472000000000001
Average accuracy: 0.29326686918304035
time: 0.006677150726318359
**time: 22
========Allocate Done=============
audio1-22 0.4 276.05100000000004 0.25
audio10-17 0.4 276.05100000000004 0.25
audio10-22 0.4 276.05100000000004 0.25
audio12-18 0.4 276.05100000000004 0.25
audio12-19 0.4 276.05100000000004 0.25
audio2-13 0.4 276.05100000000004 0.25
audio2-16 0.4 276.05100000000004 0.25
audio2-22 0.4 276.05100000000004 0.25
audio4-21 0.4 276.05100000000004 0.25
audio6-21 0.4 276.05100000000004 0.25
audio7-21 0.9068543048283889 624.5640200000003 0.84
audio8-22 0.45 310.43100000000004 0.27
audio9-21 0.4 276.05100000000004 0.25
yolo1-16 1 56.834 0.99
yolo10-12 1 56.834 0.99
yolo10-18 1 56.834 0.99
yolo10-19 1 56.834 0.99
yolo11-16 1 56.834 0.99
yolo12-20 1 56.834 0.99
yolo2-14 1 56.834 0.99
yolo2-18 1 56.834 0.99
yolo2-22 1 56.834 0.99
yolo3-15 1 56.834 0.99
yolo4-22 1 56.834 0.99
yolo5-17 1 56.834 0.99
yolo5-22 1 56.834 0.99
yolo6-19 0.2 15.574480000000001 0.525
yolo7-18 1 56.834 0.99
yolo7-19 1 56.834 0.99
yolo8-14 1 56.834 0.99
yolo8-19 1 56.834 0.99
yolo9-18 1 56.834 0.99
yolo9-20 1 56.834 0.99
audio1-edge-15 0.4 0.0527 0.25
audio11-edge-18 0.4 0.0527 0.25
audio11-edge-20 0.4 0.0527 0.25
audio3-edge-20 0.4 0.0527 0.25
audio7-edge-13 0.55 0.0527 0.31
Sum of bandwidth: 5067.239999999998
Sum of weights: 12.837
Average accuracy: 0.7008214536106568
time: 0.0319828987121582
**time: 23
========Allocate Done=============
audio1-22 0.4 276.05100000000004 0.25
audio10-17 0.4 276.05100000000004 0.25
audio10-22 0.4 276.05100000000004 0.25
audio12-18 0.4 276.05100000000004 0.25
audio12-19 0.4 276.05100000000004 0.25
audio2-13 0.4 276.05100000000004 0.25
audio2-16 0.4 276.05100000000004 0.25
audio2-22 0.4 276.05100000000004 0.25
audio4-21 0.4 276.05100000000004 0.25
audio6-21 0.4 276.05100000000004 0.25
audio7-21 0.6737091623036644 464.25341999999966 0.34
audio8-22 0.45 310.43100000000004 0.27
audio9-21 0.4 276.05100000000004 0.25
yolo1-16 1 56.834 0.99
yolo1-23 1 56.834 0.99
yolo10-12 1 56.834 0.99
yolo10-18 1 56.834 0.99
yolo10-19 1 56.834 0.99
yolo11-16 1 56.834 0.99
yolo11-23 1 56.834 0.99
yolo12-20 1 56.834 0.99
yolo2-14 1 56.834 0.99
yolo2-18 1 56.834 0.99
yolo2-22 1 56.834 0.99
yolo3-15 1 56.834 0.99
yolo3-23 1 56.834 0.99
yolo4-22 1 56.834 0.99
yolo5-17 1 56.834 0.99
yolo5-22 1 56.834 0.99
yolo6-19 0.2 15.574480000000001 0.525
yolo7-18 1 56.834 0.99
yolo7-19 1 56.834 0.99
yolo8-14 1 56.834 0.99
yolo8-19 1 56.834 0.99
yolo9-18 1 56.834 0.99
yolo9-20 1 56.834 0.99
audio11-edge-18 0.4 0.0527 0.25
audio11-edge-20 0.4 0.0527 0.25
audio3-edge-20 0.4 0.0527 0.25
Sum of bandwidth: 5077.325999999996
Sum of weights: 13.211
Average accuracy: 0.7265540080236168
time: 0.0634911060333252
**time: 24
========Allocate Done=============
audio1-22 0.4 276.05100000000004 0.25
audio10-22 0.4 276.05100000000004 0.25
audio12-18 0.4 276.05100000000004 0.25
audio12-19 0.4 276.05100000000004 0.25
audio2-16 0.4 276.05100000000004 0.25
audio2-22 0.4 276.05100000000004 0.25
audio4-21 0.4 276.05100000000004 0.25
audio5-24 0.4 276.05100000000004 0.25
audio6-21 0.4 276.05100000000004 0.25
audio7-21 1 688.611 0.9
audio8-22 0.6807117801047132 469.06842000000086 0.36
audio9-21 0.4 276.05100000000004 0.25
yolo1-23 1 56.834 0.99
yolo10-18 1 56.834 0.99
yolo10-19 1 56.834 0.99
yolo11-16 1 56.834 0.99
yolo11-23 1 56.834 0.99
yolo12-20 1 56.834 0.99
yolo12-24 1 56.834 0.99
yolo2-14 1 56.834 0.99
yolo2-18 1 56.834 0.99
yolo2-22 1 56.834 0.99
yolo3-23 1 56.834 0.99
yolo4-22 1 56.834 0.99
yolo5-17 1 56.834 0.99
yolo5-22 1 56.834 0.99
yolo6-19 0.2 15.574480000000001 0.525
yolo7-18 1 56.834 0.99
yolo7-19 1 56.834 0.99
yolo8-14 1 56.834 0.99
yolo8-19 1 56.834 0.99
yolo9-18 1 56.834 0.99
yolo9-20 1 56.834 0.99
audio11-edge-18 0.4 0.0527 0.25
audio11-edge-20 0.4 0.0527 0.25
audio3-edge-20 0.4 0.0527 0.25
Sum of bandwidth: 5070.601999999998
Sum of weights: 11.651
Average accuracy: 0.7677645695648444
time: 0.03588390350341797
**time: 25
========Allocate Done=============
audio1-22 0.4 276.05100000000004 0.25
audio10-22 0.4 276.05100000000004 0.25
audio12-18 0.4 276.05100000000004 0.25
audio2-16 1 688.611 0.9
audio2-22 0.7995899069226284 550.8090199999994 0.57
audio5-24 0.4 276.05100000000004 0.25
audio6-21 0.4 276.05100000000004 0.25
audio7-21 1 688.611 0.9
audio8-22 1 688.611 0.9
audio9-21 0.4 276.05100000000004 0.25
yolo1-23 1 56.834 0.99
yolo10-19 1 56.834 0.99
yolo11-16 1 56.834 0.99
yolo12-20 1 56.834 0.99
yolo12-24 1 56.834 0.99
yolo3-23 1 56.834 0.99
yolo4-22 1 56.834 0.99
yolo5-17 1 56.834 0.99
yolo5-22 1 56.834 0.99
yolo6-19 0.5499999999999999 35.119879999999995 0.88
yolo7-19 1 56.834 0.99
yolo8-19 1 56.834 0.99
yolo9-18 1 56.834 0.99
yolo9-20 1 56.834 0.99
audio11-edge-18 0.4 0.0527 0.25
audio11-edge-20 0.4 0.0527 0.25
audio3-edge-20 1 0.0527 0.9
Sum of bandwidth: 5047.0679999999975
Sum of weights: 9.824
Average accuracy: 0.882561074918567
time: 0.009043693542480469
