time: 0
  Time         enp0s25      
HH:MM:SS   Kbps in  Kbps out
14:17:23   2766.68     20.67
14:17:26   3151.59      9.08
14:17:29   3310.61     44.06
14:17:32   3444.30     27.20
14:17:35   4313.09     24.36
14:17:38   4191.63     24.46
14:17:41   5964.52     48.76
14:17:44   3918.28     29.12
14:17:47   2909.45      8.44
14:17:50   4625.59     34.39
14:17:53   4507.30     29.48
14:17:56   2898.68      6.77
14:17:59   3724.55     32.79
14:18:02   4468.51     28.60
14:18:05   5408.02     40.30
14:18:08   4401.82     22.54
14:18:11   4000.19     22.26
14:18:14   4634.95     21.39
14:18:17   3036.31     12.50
Connection to 192.168.1.102 closed.
time: 1
  Time         enp0s25      
HH:MM:SS   Kbps in  Kbps out
14:18:23   3415.25     43.21
14:18:26   3565.45     24.08
14:18:29   4610.20     37.74
14:18:32   6531.00     53.12
14:18:35   3107.08     12.19
14:18:38   4055.42     34.68
14:18:41   4932.17     29.47
14:18:44   3194.85     15.26
14:18:47   4525.15     32.58
14:18:50   3851.94     21.41
14:18:53   3779.17     12.40
14:18:56   4209.54     27.75
14:18:59   6693.12     58.48
14:19:02   4131.90     27.94
14:19:05   3437.05      8.85
14:19:08   4860.28     39.30
14:19:11   4693.53     27.06
14:19:14   2723.01      7.41
14:19:17   4310.67    183.51
Connection to 192.168.1.102 closed.
time: 2
  Time         enp0s25      
HH:MM:SS   Kbps in  Kbps out
14:19:23   4155.33     57.81
14:19:26   5061.98     44.31
14:19:29   4863.63     34.81
14:19:32   3278.69     11.83
14:19:35   4464.50     30.46
14:19:38   4302.22     38.36
14:19:41   3396.54     12.67
14:19:44   4055.11     21.77
14:19:47   4464.22     31.68
14:19:50   6498.95     58.56
14:19:53   2584.46      7.94
14:19:56   4320.75     21.96
14:19:59   4684.35     33.03
14:20:02   2886.93      6.05
14:20:05   4462.12     27.39
14:20:08   3603.40     19.52
14:20:11   4697.09     32.19
14:20:14   4691.29     28.42
14:20:17   5131.04     45.83
Connection to 192.168.1.102 closed.
time: 3
  Time         enp0s25      
HH:MM:SS   Kbps in  Kbps out
14:20:23   3059.15     11.04
14:20:26   4965.67     63.30
14:20:29   4794.30     34.88
14:20:32   3026.74      5.46
14:20:35   4740.28     25.51
14:20:38   4593.40     33.97
14:20:41   3131.68     12.99
14:20:44   4907.23     29.61
14:20:47   3647.66     23.20
14:20:50   3496.49     16.94
14:20:53   4417.49     25.34
14:20:56   4557.74     34.18
14:20:59   4136.31    545.75
14:21:02   4487.60    922.19
14:21:05   3911.84    440.45
14:21:08   4645.87     28.59
14:21:11   4129.26    371.63
14:21:14   4883.01    616.14
14:21:17   5349.94    380.39
Connection to 192.168.1.102 closed.
time: 4
  Time         enp0s25      
HH:MM:SS   Kbps in  Kbps out
14:21:23   4342.29    377.23
14:21:26   4560.91    134.57
14:21:29   2960.34     37.78
14:21:32   4736.26    419.27
14:21:35   4218.19     27.17
14:21:38   3514.92     23.47
14:21:41   4756.99     32.09
14:21:44   4688.56     31.75
14:21:47   2968.82     79.83
14:21:50   4367.67    348.61
14:21:53   4878.69     27.28
14:21:56   4702.78     22.04
14:21:59   2994.39     10.90
14:22:02   4362.39     29.14
14:22:05   4600.97    787.26
14:22:08   3111.64   2070.24
14:22:11   4591.96    419.01
14:22:14   4685.44    602.46
14:22:17   2654.81    785.77
Connection to 192.168.1.102 closed.
time: 5
  Time         enp0s25      
HH:MM:SS   Kbps in  Kbps out
14:22:24   4631.50   1413.76
14:22:27   4703.64    606.87
14:22:30   3141.56    823.79
14:22:33   4569.30    744.58
14:22:36   4845.79   1005.60
14:22:39   3298.15    671.41
14:22:42  95976.80   3361.70
14:22:45  99952.51   2614.49
14:22:48  99270.77   2581.82
14:22:51  100300.0   2103.25
14:22:54  97809.25   2265.26
14:22:57  99844.56   2668.90
14:23:00  99296.40   2156.89
14:23:03  99889.43   1997.62
14:23:06  99233.41   2396.80
14:23:09  98973.22   2654.29
14:23:12  96287.48   2344.44
14:23:15  100228.0   2113.02
14:23:18  98666.98   2383.62
Connection to 192.168.1.102 closed.
time: 6
  Time         enp0s25      
HH:MM:SS   Kbps in  Kbps out
14:23:24  99307.46   2258.81
14:23:27  99167.86   1921.24
14:23:30  99103.89   2232.72
14:23:33  99447.86   2674.29
14:23:36  99878.06   2215.96
14:23:39  99920.34   2090.80
14:23:42  99555.07   2217.41
14:23:45  98745.22   2679.46
14:23:48  99268.71   2421.88
14:23:51  98551.84   2579.92
14:23:54  69984.07   2033.94
14:23:57   4595.57    252.25
14:24:00   4314.10    645.01
14:24:03   6577.84    835.70
14:24:06   3027.85    234.20
14:24:09   4612.88    645.84
14:24:12   5145.21    650.26
14:24:15   4723.03    420.09
14:24:18   2925.12    401.81
Connection to 192.168.1.102 closed.
time: 7
  Time         enp0s25      
HH:MM:SS   Kbps in  Kbps out
14:24:24   4650.87    641.55
14:24:27   4738.05    426.52
14:24:30   5410.55    655.54
14:24:33   4731.17    648.53
14:24:36   3408.38    280.43
14:24:39   4840.61    437.41
14:24:42   4613.53    560.14
14:24:45   3326.72    133.67
14:24:48   4437.49    927.65
14:24:51   3940.78    413.39
14:24:54   4534.48    910.00
14:24:57   6183.79    937.37
14:25:00   4508.40    524.10
14:25:03   4701.48    799.19
14:25:06   2806.30    512.23
14:25:09   4626.77    911.07
14:25:12   3944.29    517.48
14:25:15   4037.85    406.56
14:25:18   3936.33    925.71
Connection to 192.168.1.102 closed.
time: 8
  Time         enp0s25      
HH:MM:SS   Kbps in  Kbps out
14:25:24   3060.99    512.15
14:25:27   4790.45    816.16
14:25:30   4350.81    532.19
14:25:33   3186.15    517.29
14:25:36   4678.40    930.22
14:25:39   3781.64    416.86
14:25:42   4214.54    754.57
14:25:45   4722.08    943.34
14:25:48   5732.72    755.90
14:25:51   4696.92    517.31
14:25:54   3021.18    498.26
14:25:57   4792.15    175.50
14:26:00   4809.69    449.31
14:26:03   3004.57    400.79
14:26:06   4170.69     51.14
14:26:09   4803.58    626.76
14:26:12   3047.18    249.11
14:26:15   4601.27     65.38
14:26:18   3993.79    801.24
Connection to 192.168.1.102 closed.
time: 9
  Time         enp0s25      
HH:MM:SS   Kbps in  Kbps out
14:26:24   4257.62     63.46
14:26:27   4577.37   1151.16
14:26:30   4740.98     95.35
14:26:33   3996.01   1223.96
14:26:36   5082.81     75.56
14:26:39   4961.21    507.66
14:26:42   2951.41    747.21
14:26:45   4171.46     67.78
14:26:48   5039.55    822.09
14:26:51   2993.18    413.83
14:26:54   4972.84     34.06
14:26:57   4475.22    551.48
14:27:00   3272.48     23.95
14:27:03   5174.88     48.49
14:27:06   5053.86    425.35
14:27:09   2871.93     28.90
14:27:12   4679.31     45.60
14:27:15   4476.75    431.99
14:27:18   4197.92     20.93
Connection to 192.168.1.102 closed.
time: 10
  Time         enp0s25      
HH:MM:SS   Kbps in  Kbps out
14:27:23   4751.18    804.73
14:27:26   4873.85     53.95
14:27:29   4413.05   1887.36
14:27:32   5270.78     44.87
14:27:35   4462.90   1172.22
14:27:38   3062.00     67.20
14:27:41   4835.25     42.73
14:27:44   4326.85   1078.65
14:27:47   3556.43     27.68
14:27:50   5035.08     52.67
14:27:53   4801.98    817.56
14:27:56   4687.85     34.19
14:27:59   3154.63     24.82
14:28:02   4656.42    826.77
14:28:05   4805.11     45.15
14:28:08   2926.21     30.93
14:28:11   4429.07    811.80
14:28:14   3970.06     40.25
14:28:17   4102.82    820.79
Connection to 192.168.1.102 closed.
time: 11
  Time         enp0s25      
HH:MM:SS   Kbps in  Kbps out
14:30:05   4016.47   1594.25
14:30:08   4169.13     71.11
14:30:11   4936.28   1624.61
14:30:14   4677.83     55.06
14:30:17   4314.09    414.70
14:30:20   5510.20   1276.70
14:30:23   3650.49     67.92
14:30:26   5191.60   1648.14
14:30:29  43092.43    871.27
14:30:32  80261.55   1639.64
14:30:35  85961.01   3123.65
14:30:38  80984.71   2351.34
14:30:41  68482.99   1814.19
14:30:44  80252.13   3890.92
14:30:47  74149.77   1606.96
14:30:50  68789.95   1443.46
14:30:53  72092.40   3644.54
14:30:56  85430.36   1809.14
14:30:59  82628.74   1962.79
Connection to 192.168.1.102 closed.
time: 12
  Time         enp0s25      
HH:MM:SS   Kbps in  Kbps out
14:31:07  68706.03   1795.05
14:31:10  72518.90   2715.18
14:31:13  59635.17   1237.01
14:31:16  74873.84   2984.26
14:31:19  61051.22   1424.93
14:31:22  83795.53   2004.12
14:31:25  89062.98   2962.32
14:31:28  82817.05   1778.85
14:31:31  88739.55   2458.68
14:31:34  94992.88   2921.79
14:31:37  97360.79   2070.16
14:31:40  83376.50   2579.98
14:31:43  61223.13   2316.19
14:31:46  41654.16    852.88
14:31:49  66924.05   3096.83
14:31:52  44816.54   1078.58
14:31:55  43274.53    888.78
14:31:58  56438.37   3016.44
14:32:01  68188.97   1405.22
Connection to 192.168.1.102 closed.
time: 13
  Time         enp0s25      
HH:MM:SS   Kbps in  Kbps out
14:32:05  61528.53   1557.95
14:32:08  49497.70   2426.79
14:32:11  29559.11    935.10
14:32:14  26678.08   1920.36
14:32:17  37695.32    680.27
14:32:20  27846.09   1258.26
14:32:23  38513.25   1815.53
14:32:26  38520.86    938.87
14:32:29  37408.17   2425.92
14:32:32  47125.55    957.49
14:32:35  28776.10    884.04
14:32:38  30093.24   1993.98
14:32:41  47702.46    958.70
14:32:44  35253.67    995.14
14:32:47  45676.21   1974.97
14:32:50  39985.43    804.29
14:32:53  44401.25   1264.05
14:32:56   4608.17   1195.78
14:32:59   3663.34     77.03
Connection to 192.168.1.102 closed.
time: 14
  Time         enp0s25      
HH:MM:SS   Kbps in  Kbps out
14:33:05   3681.23     44.96
14:33:08   4582.38   1622.96
14:33:11   4800.69     50.38
14:33:14   4246.33    428.84
14:33:17   2986.01   1211.65
14:33:20   4692.29     62.73
14:33:23   5104.16    424.59
14:33:26   4063.27   1211.11
14:33:29   3499.18     25.64
14:33:32   4898.06   1042.60
14:33:35   4546.30    581.95
14:33:38   2478.76     28.42
14:33:41   4699.28   1166.73
14:33:44   4759.84    473.85
14:33:47   2989.52     13.24
14:33:50   3704.89   1603.96
14:33:53   4672.05     34.86
14:33:56   4587.31    441.30
14:33:59   4633.80   1217.21
Connection to 192.168.1.102 closed.
time: 15
  Time         enp0s25      
HH:MM:SS   Kbps in  Kbps out
14:34:05   4675.88   1595.20
14:34:08   5206.27     62.81
14:34:11   4741.95    791.97
14:34:14   3011.21    823.96
14:34:17   4466.39    209.59
14:34:20   4947.05    893.49
14:34:23   4554.11    746.68
14:34:26   2628.31     41.71
14:34:29   4913.14   1467.51
14:34:32   4873.98    178.21
14:34:35   2920.37      8.86
14:34:38   4146.57   1604.88
14:34:41   4449.94     46.57
14:34:44   2823.05     30.67
14:34:47   4006.00   1591.30
14:34:50   3929.35     42.89
14:34:53   4671.72     36.99
14:34:56   4597.94   1204.26
14:34:59   4104.83     16.58
Connection to 192.168.1.102 closed.
time: 16
  Time         enp0s25      
HH:MM:SS   Kbps in  Kbps out
14:36:31   5046.06   1564.78
14:36:34   4719.93    117.54
14:36:37   2628.75     56.55
14:36:40   4660.36   1015.82
14:36:43   4410.64    685.91
14:36:46   4531.05    445.84
14:36:49   3961.77   1234.50
14:36:52   5609.46    490.73
14:36:55   5261.67   1250.88
14:36:58   3244.19     55.61
14:37:01   4388.06   1260.78
14:37:04   5090.58   1266.88
14:37:07   3557.62    861.30
14:37:10   4437.09   1188.63
14:37:13   4752.69   2018.36
14:37:16   3118.84     62.24
14:37:19   4951.26   1051.80
14:37:22   4875.96   2190.18
14:37:25   2660.00     74.74
Connection to 192.168.1.102 closed.
time: 17
  Time         enp0s25      
HH:MM:SS   Kbps in  Kbps out
14:37:31   5257.50   2423.89
14:37:34  76485.58   1595.50
14:37:37  98231.19   1810.31
14:37:40  92210.23   4290.78
14:37:43  99249.40   2118.17
14:37:46  96965.54   1926.78
14:37:49  90711.15   4290.25
14:37:52  98527.50   2130.22
14:37:55  98796.18   2044.13
14:37:58  91256.56   4157.84
14:38:01  98497.11   1956.24
14:38:04  95743.89   3078.64
14:38:07  95728.30   3237.59
14:38:10  97800.30   1998.56
14:38:13  93810.65   3145.29
14:38:16  93209.53   3057.65
14:38:19  97389.06   1872.90
14:38:22  87560.82   3297.63
14:38:25  98700.89   2050.67
Connection to 192.168.1.102 closed.
time: 18
  Time         enp0s25      
HH:MM:SS   Kbps in  Kbps out
14:38:50   4717.07   1148.80
14:38:53   4953.44    535.05
14:38:56   2806.65   1186.94
14:38:59   4959.63     81.44
14:39:02   4758.35    260.44
14:39:05   3617.01   1384.76
14:39:08   4823.02    895.39
14:39:11   5869.03   2764.52
14:39:14   5052.60   1106.77
14:39:17   3694.54    626.34
14:39:20   5506.90   2883.52
14:39:23   5513.25     64.20
14:39:26   3610.77     15.36
14:39:29   5104.64   2409.43
14:39:32   4567.77     57.38
14:39:35   5435.98    990.35
14:39:38   3997.69   1455.96
14:39:41   5178.42     65.06
14:39:44   5313.79   2389.79
Connection to 192.168.1.102 closed.
time: 19
  Time         enp0s25      
HH:MM:SS   Kbps in  Kbps out
14:39:50   5465.59   1679.60
14:39:53   2546.52    734.96
14:39:56   3961.12     53.43
14:39:59   5100.37   2427.68
14:40:02   4140.64     35.25
14:40:05   4836.38    346.89
14:40:08   5166.25   2134.95
14:40:11   5187.14     71.87
14:40:14   3713.38    946.17
14:40:17   5065.40   1476.30
14:40:20   4548.51     68.17
14:40:23   3750.63   1773.04
14:40:26   4945.36    648.25
14:40:29   4369.47     58.80
14:40:32   4694.57   2012.70
14:40:35   3765.65     57.22
14:40:38   5407.43     53.49
14:40:41   4941.91   1987.79
14:40:44   5122.69    460.89
Connection to 192.168.1.102 closed.
time: 20
  Time         enp0s25      
HH:MM:SS   Kbps in  Kbps out
14:40:50   3708.43    142.72
14:40:53   4790.18   1121.91
14:40:56   5151.36   1495.37
14:40:59   5079.77    472.46
14:41:02   3379.76    433.66
14:41:05   4947.94   1616.54
14:41:08   5400.24    459.48
14:41:11   3976.18   1609.87
14:41:14   5039.20    432.65
14:41:17   4679.22    457.59
14:41:20   3867.26   2389.37
14:41:23   4962.40     71.14
14:41:26   4454.95    131.86
14:41:29   3861.08   2013.98
14:41:32   4999.16     67.34
14:41:35   5304.84    242.71
14:41:38   5030.98   1807.42
14:41:41   4325.84     72.78
14:41:44   5600.66   2025.59
Connection to 192.168.1.102 closed.
time: 21
  Time         enp0s25      
HH:MM:SS   Kbps in  Kbps out
14:42:15   4424.12    976.97
14:42:18   4779.16   1492.48
14:42:21   4300.87    868.27
14:42:24   4300.53   1978.99
14:42:27   4034.23    460.44
14:42:30   4656.39    817.17
14:42:33   4857.16   2375.16
14:42:36   5106.12    463.73
14:42:39   5475.86   2233.04
14:42:42   3193.62    306.81
14:42:45   5518.21   1730.59
14:42:48   4929.31   1097.35
14:42:51   3172.16     67.97
14:42:54   4974.88   1718.58
14:42:57   5145.48   1077.27
14:43:00   5352.19    818.52
14:43:03   3391.03   1128.34
14:43:06   4584.22    548.69
14:43:09   4985.53    817.06
Connection to 192.168.1.102 closed.
time: 22
  Time         enp0s25      
HH:MM:SS   Kbps in  Kbps out
14:43:15   4810.40     60.20
14:43:18   4086.67    843.87
14:43:21   4683.30   1624.57
14:43:24   4323.33     35.43
14:43:27   3964.78    872.76
14:43:30   5066.93   1651.38
14:43:33   4956.62    889.15
14:43:36  38127.03    680.39
14:43:39  94475.45   3310.20
14:43:42  98990.32   3540.57
14:43:45  97895.14   3571.76
14:43:48  99537.12   3537.63
14:43:51  97683.78   2793.20
14:43:54  97151.33   3609.72
14:43:57  100020.3   2487.49
14:44:00  95346.33   2876.97
14:44:03  93096.47   3362.74
14:44:06  96978.71   2371.23
14:44:09  90872.09   3388.20
Connection to 192.168.1.102 closed.
time: 23
  Time         enp0s25      
HH:MM:SS   Kbps in  Kbps out
14:44:15  98450.27   2347.36
14:44:18  87625.88   3678.40
14:44:21  97654.65   2625.67
14:44:24  98157.99   2278.74
14:44:27  92449.48   3467.12
14:44:30  97076.72   3040.21
14:44:33  98264.14   3145.00
14:44:36  92864.15   3286.05
14:44:39  92907.41   1393.24
14:44:42  90919.83   3373.72
14:44:45  13960.94   1782.50
14:44:48   3512.36    462.42
14:44:51   4820.28   2772.22
14:44:54   4345.13     94.68
14:44:57   3605.24   1450.31
14:45:00   4560.94   1007.66
14:45:03   4706.20     33.47
14:45:06   4791.83   1923.92
14:45:09   2979.46    527.98
Connection to 192.168.1.102 closed.
time: 24
  Time         enp0s25      
HH:MM:SS   Kbps in  Kbps out
14:45:16   5110.77   2018.23
14:45:19   4084.84    444.43
14:45:22   4653.21    456.45
14:45:25   5031.34   1566.63
14:45:28   4243.67   1008.88
14:45:31   4658.45    550.88
14:45:34   5025.87   1341.30
14:45:37   5588.72   2109.72
14:45:40   3324.06   1204.71
14:45:43   4822.40     38.42
14:45:46   4248.70    544.06
14:45:49   3082.89    523.66
14:45:52   5123.75   1377.99
14:45:55   4794.52   2061.15
14:45:58   2716.13    694.68
14:46:01   4590.78    897.26
14:46:04   4583.38    782.40
14:46:07   3006.17    427.99
14:46:10   4431.84   3505.94
Connection to 192.168.1.102 closed.
time: 25
  Time         enp0s25      
HH:MM:SS   Kbps in  Kbps out
14:46:15   3181.67    425.95
14:46:18   4541.22    666.75
14:46:21   4211.43   1286.44
14:46:24   3482.62   2101.49
14:46:27   4795.72   1969.75
14:46:30   5097.21   3710.34
14:46:33   4486.07   2163.65
14:46:36   3283.54   2144.66
14:46:39   5542.68    449.08
14:46:42   4827.35   1778.43
14:46:45   3154.64   1495.92
14:46:48   5510.78   3127.70
14:46:51   5017.34   2978.62
14:46:54   3242.68   1271.43
14:46:57   4906.70   1524.35
14:47:00   4572.32   1399.95
14:47:03   3603.21   1609.80
14:47:06   4644.58    357.60
14:47:09   3964.11   2789.16
Connection to 192.168.1.102 closed.
