time: 0
  Time         enp0s25      
HH:MM:SS   Kbps in  Kbps out
13:41:20   1526.76     29.32
13:41:23   1840.37     27.56
13:41:26   1674.35     19.65
13:41:29   2409.85     28.31
13:41:32   4197.99     29.45
13:41:35   1402.49     12.37
13:41:38   3365.49     26.57
13:41:41   3767.60     40.04
13:41:44   3718.14     27.59
13:41:47   1737.42     15.87
13:41:50   3019.45    201.80
13:41:53   3587.38   2471.75
13:41:56   2841.92   1243.95
13:41:59   3800.35   3200.59
13:42:02   3183.39   1747.65
13:42:05   1771.29   1231.54
13:42:08   3534.61   1969.20
13:42:11   2948.18   2464.71
13:42:14   1660.53    845.50
Connection to 192.168.1.102 closed.
time: 1
  Time         enp0s25      
HH:MM:SS   Kbps in  Kbps out
13:42:20   3259.19   2203.27
13:42:23   5353.83   3238.62
13:42:26   1331.06   1611.58
13:42:29   3258.02   2655.77
13:42:32   3820.57   1588.64
13:42:35   1667.70   1571.30
13:42:38   2861.84   2809.59
13:42:41   2821.91   2750.42
13:42:44   2277.63    903.63
13:42:47   3153.91   1969.13
13:42:50   4930.14   3828.85
13:42:53   1880.61   1841.75
13:42:56   3163.45   1941.86
13:42:59   3348.42   1796.95
13:43:02   3306.87   2341.44
13:43:05   1743.15   1578.18
13:43:08   2896.25   2152.89
13:43:11   2731.97   1300.11
13:43:14   2920.76   2527.63
Connection to 192.168.1.102 closed.
time: 2
  Time         enp0s25      
HH:MM:SS   Kbps in  Kbps out
13:43:20   3343.60   2314.20
13:43:23   1690.15   1105.29
13:43:26   3152.66   1769.88
13:43:29   3210.25   2421.66
13:43:32   2000.84   1612.78
13:43:35   3111.15    690.81
13:43:38   3226.12     30.78
13:43:41   2866.59    694.77
13:43:44   1798.44    669.78
13:43:47   2683.08   2137.09
13:43:50   3089.52     26.15
13:43:53   2929.12    690.04
13:43:56   2156.92    343.45
13:43:59   3237.63    520.19
13:44:02   3251.29   1479.17
13:44:05   2895.24    520.77
13:44:08   3290.23    520.97
13:44:11   2633.01    510.84
13:44:14   3720.17   1956.49
Connection to 192.168.1.102 closed.
time: 3
  Time         enp0s25      
HH:MM:SS   Kbps in  Kbps out
13:44:20   1362.63    500.24
13:44:23   3401.06    704.12
13:44:26   3388.04    378.05
13:44:29   1670.69    338.06
13:44:32   3298.76   2129.36
13:44:35   3038.67    686.43
13:44:38   1803.69    663.70
13:44:41   3158.32    161.87
13:44:44   3069.46   1907.36
13:44:47   2908.81    685.97
13:44:50   1686.10    660.95
13:44:53   3230.00    351.80
13:44:56   3279.29   1708.23
13:44:59   1404.96    663.49
13:45:02   3300.81    377.57
13:45:05   3242.84    547.85
13:45:08   1651.59    144.83
13:45:11   2928.55   2028.94
13:45:14   3394.83    678.00
Connection to 192.168.1.102 closed.
time: 4
  Time         enp0s25      
HH:MM:SS   Kbps in  Kbps out
13:45:20   3239.00    685.80
13:45:23   2591.84   2033.90
13:45:26   3271.08    711.45
13:45:29   3385.80     32.33
13:45:32   2329.88    836.14
13:45:35   2829.84   2190.23
13:45:38   3348.51    858.86
13:45:41   3274.70     30.45
13:45:44   4881.16   1798.21
13:45:47   1717.85    997.73
13:45:50   3362.19    952.57
13:45:53   3369.41    806.22
13:45:56   1709.42    825.43
13:45:59   3343.30    856.03
13:46:02   3009.87    853.89
13:46:05   1687.29    825.16
13:46:08   3169.61   1023.25
13:46:11   3520.34   1018.35
13:46:14   3359.07    709.73
Connection to 192.168.1.102 closed.
time: 5
  Time         enp0s25      
HH:MM:SS   Kbps in  Kbps out
13:46:20   3322.72   1237.07
13:46:23   3318.95   1202.94
13:46:26   1946.99    258.50
13:46:29   3318.06   1156.98
13:46:32   3303.40   1172.71
13:46:35  89327.74   2582.25
13:46:38  98162.30   2322.99
13:46:41  98314.02   2401.03
13:46:44  97059.97   2565.53
13:46:47  97496.90   2528.11
13:46:50  98709.93   2003.76
13:46:53  95853.56   2773.62
13:46:56  98351.39   2310.41
13:46:59  97766.09   2521.28
13:47:02  97859.67   2294.53
13:47:05  98944.40   2367.33
13:47:08  96623.07   2551.29
13:47:11  99402.80   2204.14
13:47:14  97857.28   2256.69
Connection to 192.168.1.102 closed.
time: 6
  Time         enp0s25      
HH:MM:SS   Kbps in  Kbps out
13:47:20  93792.61   2550.76
13:47:23  94195.56   2248.32
13:47:26  99574.74   2116.28
13:47:29  97765.43   2348.88
13:47:32  97561.77   2399.62
13:47:35  96037.30   2723.15
13:47:38  97208.85   2407.27
13:47:41  98840.52   2090.57
13:47:44  96001.08   2443.76
13:47:47  55983.03   1639.40
13:47:50   3208.02    990.47
13:47:53   1872.21    974.17
13:47:56   3407.72     31.84
13:47:59   3537.70    983.61
13:48:02   3226.17   1094.98
13:48:05   2066.17   1435.27
13:48:08   4014.04    272.31
13:48:11   3520.79   1223.28
13:48:14   1733.83   1786.25
Connection to 192.168.1.102 closed.
time: 7
  Time         enp0s25      
HH:MM:SS   Kbps in  Kbps out
13:48:20   3730.96    589.14
13:48:23   2040.36   1184.38
13:48:26   3422.35   1666.89
13:48:29   3962.51    874.36
13:48:32   2219.08    632.83
13:48:35   3455.50   1163.96
13:48:38   2736.04   1636.85
13:48:41   3154.47   1465.07
13:48:44   3558.71   1460.74
13:48:47   3162.58    615.83
13:48:50   1544.50    699.80
13:48:53   3403.10    296.75
13:48:56   3813.36   1349.45
13:48:59   3784.50   2394.37
13:49:02   3618.99   1074.98
13:49:05   3029.34   1418.52
13:49:08   3298.61   1799.40
13:49:11   3573.58   1475.25
13:49:14   3507.40    503.62
Connection to 192.168.1.102 closed.
time: 8
  Time         enp0s25      
HH:MM:SS   Kbps in  Kbps out
13:49:20   3132.88   1913.18
13:49:23   4381.03    744.98
13:49:26   3538.93   1221.79
13:49:29   2028.52    265.46
13:49:32   2974.97   1455.75
13:49:35   3565.46   1455.66
13:49:38   3809.14    920.95
13:49:41   1998.89    560.14
13:49:44   3198.36   3804.03
13:49:47   3756.71   1008.84
13:49:50   2078.18   1094.60
13:49:53   3591.87    351.76
13:49:56   3173.10   1431.88
13:49:59   1952.66    714.38
13:50:02   3543.75    724.77
13:50:05   3872.28   1883.10
13:50:08   3707.54   2730.32
13:50:11   1584.72    714.95
13:50:14   3717.95    732.22
Connection to 192.168.1.102 closed.
time: 9
  Time         enp0s25      
HH:MM:SS   Kbps in  Kbps out
13:50:20   2118.04     21.11
13:50:23   3598.87    938.72
13:50:26   3112.42   1888.47
13:50:29   2110.21   3749.18
13:50:32   3572.07    842.88
13:50:35   3449.34     91.28
13:50:38   1639.85    491.33
13:50:41   3610.96    907.29
13:50:44   3500.86    892.51
13:50:47   1862.29     19.54
13:50:50   3585.76   4297.10
13:50:53   3566.91    734.66
13:50:56   3604.50    724.50
13:50:59   1912.13    707.67
13:51:02   3569.14     34.15
13:51:05   3081.16    723.36
13:51:08   1954.15    875.36
13:51:11   3228.37   3342.43
13:51:14   3269.45   1481.87
Connection to 192.168.1.102 closed.
time: 10
  Time         enp0s25      
HH:MM:SS   Kbps in  Kbps out
13:51:20   3367.89   1415.05
13:51:23   2480.60    718.56
13:51:26   3351.64    718.35
13:51:29   3453.58   4105.90
13:51:32   3674.02   3596.20
13:51:35   3468.43    856.01
13:51:38   3017.98    646.45
13:51:41   3468.88   1431.36
13:51:44   4619.47   2250.74
13:51:47   2137.02   4552.02
13:51:50   3642.68   3626.89
13:51:53   3406.44   2033.28
13:51:56   2049.83   3518.78
13:51:59  52991.17   3765.68
13:52:02  89004.89   3600.42
13:52:05  82296.60   3421.42
13:52:08  89285.44   3564.08
13:52:11  81565.08   3341.97
13:52:14  62541.05   2312.39
Connection to 192.168.1.102 closed.
time: 11
  Time         enp0s25      
HH:MM:SS   Kbps in  Kbps out
13:52:21  60967.44   4487.66
13:52:24  71078.89   4064.18
13:52:27  70436.71   2616.79
13:52:30  73875.00   2683.36
13:52:33  84563.79   3084.08
13:52:36  75040.75   3376.86
13:52:39  76112.87   2487.74
13:52:42  71775.73   3027.80
13:52:45  88743.29   3591.29
13:52:48  77318.33   2372.03
13:52:51  85691.48   3682.88
13:52:54  81609.42   3033.78
13:52:57  91630.52   2385.10
13:53:00  82868.91   3166.80
13:53:03  87757.91   3498.40
13:53:06  72812.42   3284.68
13:53:09  86203.14   3082.12
13:53:12  52984.25   3658.46
13:53:15  73065.29   2390.19
Connection to 192.168.1.102 closed.
time: 12
  Time         enp0s25      
HH:MM:SS   Kbps in  Kbps out
13:53:21  54777.79   1756.01
13:53:24  43243.51   3709.68
13:53:27  54263.46   2167.88
13:53:30  43702.10   2421.24
13:53:33  62058.96   2909.17
13:53:36  28984.03   2717.37
13:53:39  44234.86   2836.76
13:53:42  54837.28   3308.62
13:53:45  24310.51   1794.70
13:53:48  47700.14   3162.81
13:53:51  40230.63   2685.05
13:53:54  47672.89   2613.33
13:53:57  37430.08   1784.33
13:54:00  38454.72   1961.89
13:54:03  37612.78   1960.37
13:54:06  36778.52   2643.66
13:54:09  41878.20   2024.23
13:54:12  45605.59   1745.35
13:54:15  53783.94   1613.83
Connection to 192.168.1.102 closed.
time: 13
  Time         enp0s25      
HH:MM:SS   Kbps in  Kbps out
13:54:23   1951.46   1237.78
13:54:26   3455.96     66.76
13:54:29   2223.06   2200.68
13:54:32   2902.98   2218.94
13:54:35   3028.24   1389.17
13:54:38   2922.15     61.39
13:54:41   2977.74   2538.06
13:54:44   3417.15   2326.35
13:54:47   3428.61   1412.65
13:54:50   2987.88    287.65
13:54:53   3225.07   2831.12
13:54:56   3261.49   1386.99
13:54:59   3396.79   1390.96
13:55:02   1702.19   1348.65
13:55:05   3405.64   1197.67
13:55:08   3025.16   1401.45
13:55:11   1779.49   1370.63
13:55:14   3380.61   1325.14
13:55:17   3130.61    506.18
Connection to 192.168.1.102 closed.
time: 14
  Time         enp0s25      
HH:MM:SS   Kbps in  Kbps out
13:55:21   3667.13   1536.13
13:55:24   1406.04   1388.63
13:55:27   3377.00   1401.45
13:55:30   3295.70   1119.55
13:55:33   1774.59   1464.20
13:55:36   3236.54   1407.49
13:55:39   3389.67   1400.24
13:55:42   2251.81    928.12
13:55:45   3546.55   1648.46
13:55:48   3096.29   1382.21
13:55:51   1887.94   1039.52
13:55:54   3548.76   1042.33
13:55:57   2863.39    588.70
13:56:00   2215.07   1677.77
13:56:03   3143.05   1054.27
13:56:06   3526.86    959.46
13:56:09   3420.31   1554.87
13:56:12   3045.29   1198.96
13:56:15   2968.43   1057.40
Connection to 192.168.1.102 closed.
time: 15
  Time         enp0s25      
HH:MM:SS   Kbps in  Kbps out
13:56:21   1814.29   1786.71
13:56:24   3097.02   1061.01
13:56:27   3629.42   1059.86
13:56:30   2370.00    354.31
13:56:33   3540.10   2210.28
13:56:36   2927.51   1226.20
13:56:39   2203.81   1879.34
13:56:42   4022.73    834.06
13:56:45   3511.53   1898.76
13:56:48   2167.80   1222.69
13:56:51   3393.39   1730.52
13:56:54   3430.98   1611.60
13:56:57   5572.85   1574.38
13:57:00   1979.65   1685.12
13:57:03   3469.74   1713.53
13:57:06   3940.77   1461.72
13:57:09  60578.11   2349.37
13:57:12  94546.73   3333.72
13:57:15  97503.21   3406.48
Connection to 192.168.1.102 closed.
time: 16
  Time         enp0s25      
HH:MM:SS   Kbps in  Kbps out
13:57:22  96141.93   3674.43
13:57:25  98867.04   2770.97
13:57:28  96979.61   3513.74
13:57:31  95634.64   3406.88
13:57:34  93266.90   3417.58
13:57:37  97429.62   2804.82
13:57:40  93539.28   3506.96
13:57:43  94063.83   2881.31
13:57:46  90678.05   3026.08
13:57:49  97594.15   3389.11
13:57:52  85738.18   4381.78
13:57:55  95081.92   2710.70
13:57:58  88163.00   4303.49
13:58:01  95300.58   3031.81
13:58:04  91262.65   2556.72
13:58:07  90712.23   2250.97
13:58:10  91828.27   2170.36
13:58:13  85443.61   4586.60
13:58:16  49122.10   2373.96
Connection to 192.168.1.102 closed.
time: 17
  Time         enp0s25      
HH:MM:SS   Kbps in  Kbps out
13:58:22   3476.28   1268.80
13:58:25   3150.98   3064.89
13:58:28   3206.26   2298.10
13:58:31   3262.35   1788.46
13:58:34   3600.72   1136.39
13:58:37   2616.99   2453.35
13:58:40   3424.30   3493.19
13:58:43   3650.16   1746.25
13:58:46   4542.17    879.67
13:58:49   1945.07   3895.76
13:58:52   3021.37   1864.33
13:58:55   3510.96   1408.52
13:58:58   2307.06   1187.05
13:59:01   3455.22   2554.34
13:59:04   3058.50   1394.25
13:59:07   2053.44   1372.67
13:59:10   3496.85   1459.71
13:59:13   3471.42   2297.52
13:59:16   3139.19   1526.24
Connection to 192.168.1.102 closed.
time: 18
  Time         enp0s25      
HH:MM:SS   Kbps in  Kbps out
13:59:20   2065.95   1391.44
13:59:23   3187.39   2472.87
13:59:26   3519.05   3228.57
13:59:29   3578.95   3442.28
13:59:32   1781.73   1045.36
13:59:35   3367.60   1934.46
13:59:38   3575.59   3915.20
13:59:41   1933.12   1546.32
13:59:44   3484.68    470.15
13:59:47   3519.05   1128.77
13:59:50   1471.41   1549.12
13:59:53   3538.14   2823.35
13:59:56   3398.05   2591.55
13:59:59   2844.84   1219.20
14:00:02   2935.86   1744.96
14:00:05   3233.96   2105.44
14:00:08   3385.50   3455.26
14:00:11   2499.50   1066.82
14:00:14   3074.44   1929.00
Connection to 192.168.1.102 closed.
time: 19
  Time         enp0s25      
HH:MM:SS   Kbps in  Kbps out
14:00:22   3786.47   3458.84
14:00:25   1898.92   1823.49
14:00:28   3462.80    275.71
14:00:31   3441.15   1798.57
14:00:34   1523.42   1877.99
14:00:37   3815.13   3270.25
14:00:40   3436.17   2131.31
14:00:43   3462.85   1561.96
14:00:46   1408.57   1892.63
14:00:49   3484.76   1494.10
14:00:52   3353.87    368.40
14:00:55   1871.51    888.51
14:00:58   2857.16   3319.28
14:01:01   3667.46   2550.17
14:01:04   1833.20    194.86
14:01:07   3369.05   1065.35
14:01:10   3031.13   1615.52
14:01:13   2000.92   1710.59
14:01:16   3274.50    676.84
Connection to 192.168.1.102 closed.
time: 20
  Time         enp0s25      
HH:MM:SS   Kbps in  Kbps out
14:01:21   1887.06   3751.56
14:01:24   3566.26   1255.34
14:01:27   3352.20   1153.85
14:01:30   1646.87   2283.75
14:01:33   3212.94   2063.47
14:01:36   3504.24   1095.41
14:01:39   3360.04   1080.15
14:01:42   1878.90   4665.72
14:01:45   3592.49   3071.36
14:01:48   3383.48   1152.40
14:01:51   1990.90   1792.97
14:01:54   3459.58   1251.62
14:01:57   3091.74   2119.90
14:02:00   1815.75   2036.24
14:02:03   3346.44   4142.75
14:02:06   3396.80   2119.95
14:02:09   2461.38   1194.76
14:02:12   3294.91   2264.38
14:02:15   3381.80   1551.82
Connection to 192.168.1.102 closed.
time: 21
  Time         enp0s25      
HH:MM:SS   Kbps in  Kbps out
14:02:21   2415.33   1037.56
14:02:24   5586.61   2987.99
14:02:27   2052.85    847.53
14:02:30   3122.48    557.80
14:02:33   3400.05   2260.77
14:02:36   3365.54   1436.97
14:02:39   1848.79   2222.56
14:02:42   3545.88   1192.49
14:02:45   3218.48   2093.47
14:02:48   1819.50   3655.47
14:02:51   3634.69    525.73
14:02:54   3317.17    614.68
14:02:57   1791.21    689.66
14:03:00   3273.86   2747.87
14:03:03   3132.50    256.79
14:03:06   1992.65    382.88
14:03:09   3377.20   2002.53
14:03:12   3303.28    235.93
14:03:15   2424.26    681.83
Connection to 192.168.1.102 closed.
time: 22
  Time         enp0s25      
HH:MM:SS   Kbps in  Kbps out
14:03:21   2268.27    218.67
14:03:24  34601.80   1598.23
14:03:27  98648.02   2532.24
14:03:30  98723.87   2289.89
14:03:33  98831.02   3176.01
14:03:36  97659.83   2153.96
14:03:39  98889.57   3279.63
14:03:42  98253.15   2156.62
14:03:45  99467.39   2192.18
14:03:48  95431.68   3051.67
14:03:51  98432.27   2451.59
14:03:54  97116.46   3476.17
14:03:57  95214.60   3378.28
14:04:00  96904.94   3302.70
14:04:03  98451.35   2364.72
14:04:06  98056.37   2493.62
14:04:09  93781.94   3586.74
14:04:12  96153.93   2779.75
14:04:15  98016.93   3093.74
Connection to 192.168.1.102 closed.
time: 23
  Time         enp0s25      
HH:MM:SS   Kbps in  Kbps out
14:04:21  93500.93   2440.97
14:04:24  89528.05   3181.64
14:04:27  90766.71   3151.12
14:04:30  54647.61   1220.22
14:04:33   2131.46   1604.26
14:04:36   3753.81   1593.52
14:04:39   3574.44   1714.79
14:04:42   2318.39    961.07
14:04:45   2723.09   1407.14
14:04:48   3990.88   2225.25
14:04:51   3555.88   1534.39
14:04:54   1777.71    980.83
14:04:57   3940.02   1711.71
14:05:00   3808.56   1958.85
14:05:03   1932.79   2008.93
14:05:06   3163.16    450.25
14:05:09   2700.42   1994.51
14:05:12   3777.28   2000.83
14:05:15   2896.10    337.16
Connection to 192.168.1.102 closed.
time: 24
  Time         enp0s25      
HH:MM:SS   Kbps in  Kbps out
14:05:20   3522.89    914.70
14:05:23   3370.23   1734.46
14:05:26   3875.43   1909.14
14:05:29   2406.42    790.49
14:05:32   3260.25   3190.18
14:05:35   3466.13    114.49
14:05:38   2952.21   1233.57
14:05:41   2237.38   3300.23
14:05:44   3465.92    446.72
14:05:47   3715.43   1741.80
14:05:50   2011.09   2338.58
14:05:53   3109.43    425.55
14:05:56   3986.21   1932.73
14:05:59   1782.07    998.74
14:06:02   3274.75    239.86
14:06:05   2466.68   2148.62
14:06:08   3301.97    982.18
14:06:11   2693.25     97.24
14:06:14   3499.16   2810.17
Connection to 192.168.1.102 closed.
time: 25
  Time         enp0s25      
HH:MM:SS   Kbps in  Kbps out
14:06:21   3617.59   2812.21
14:06:24   3832.02    401.77
14:06:27   3573.82   1970.51
14:06:30   2285.16    968.83
14:06:33   2435.19    662.66
14:06:36   3799.73   2177.44
14:06:39   3598.76   2025.73
14:06:42   1785.70   1951.86
14:06:45   3844.29   2884.84
14:06:48   3012.02   2362.95
14:06:51   2754.02   1729.61
14:06:54   3341.59   2661.94
14:06:57   5186.43   4326.90
14:07:00   2254.21   1357.02
14:07:03   3411.39   3079.25
14:07:06   3538.22   2008.77
14:07:09   3547.03   1612.29
14:07:12   2128.86   2584.43
14:07:15   3315.99   2670.89
Connection to 192.168.1.102 closed.
