time: 0
  Time         enp0s25      
HH:MM:SS   Kbps in  Kbps out
14:56:57   3170.23     21.10
14:57:00   3106.29     37.16
14:57:03   3256.09     23.28
14:57:06   4630.07     22.95
14:57:09   5240.20     45.87
14:57:12   3197.79     11.29
14:57:15   3939.89     29.50
14:57:18   4778.73     30.84
14:57:21   4471.85     29.59
14:57:24   2975.43      8.36
14:57:27   4044.67     29.02
14:57:30   3623.41     26.42
14:57:33   3508.21      9.42
14:57:36   4925.00     38.83
14:57:39   4572.75     32.68
14:57:42   2657.46      8.58
14:57:45   4414.83     30.28
14:57:48   4882.96     36.90
14:57:51   4387.41     23.63
Connection to 192.168.1.102 closed.
time: 1
  Time         enp0s25      
HH:MM:SS   Kbps in  Kbps out
14:57:56   3551.85     35.61
14:57:59   4187.66     22.06
14:58:02   3981.29    194.48
14:58:05   6571.99    218.01
14:58:08   3067.37    104.14
14:58:11   4380.57     30.18
14:58:14   4324.08     35.37
14:58:17   2839.89     16.54
14:58:20   4436.52     33.63
14:58:23   3711.63     13.60
14:58:26   4052.71     29.36
14:58:29   4592.59     38.81
14:58:32   5336.94    161.18
14:58:35   4301.66    978.31
14:58:38   2637.06    185.00
14:58:41   4652.97    184.83
14:58:44   4470.99    366.27
14:58:47   3166.67    350.82
14:58:50   3879.22     31.31
Connection to 192.168.1.102 closed.
time: 2
  Time         enp0s25      
HH:MM:SS   Kbps in  Kbps out
14:58:56   4358.99    198.48
14:58:59   5783.44    233.12
14:59:02   4659.61     54.96
14:59:05   2558.86    180.50
14:59:08   4579.78    372.70
14:59:11   4595.32    536.71
14:59:14   3502.78     12.60
14:59:17   4189.87    689.46
14:59:20   3165.79    652.90
14:59:23   6896.52   1833.69
14:59:26   3193.09    725.69
14:59:29   4443.27     42.85
14:59:32   4406.68    539.48
14:59:35   3220.45    680.78
14:59:38   4660.38    683.72
14:59:41   3777.07     49.84
14:59:44   4113.27    435.78
14:59:47   3463.97    691.34
14:59:50   6604.83    736.65
Connection to 192.168.1.102 closed.
time: 3
  Time         enp0s25      
HH:MM:SS   Kbps in  Kbps out
14:59:56   5066.09     52.48
14:59:59   4731.85    719.62
15:00:02   4670.43    706.43
15:00:05   3096.67    682.05
15:00:08   4077.11     22.45
15:00:11   4070.67    706.12
15:00:14   4283.13    439.60
15:00:17   5710.49    725.43
15:00:20   4432.64     31.66
15:00:23   2657.63    686.10
15:00:26   4620.67    301.13
15:00:29   4547.75    533.63
15:00:32   3697.32     23.41
15:00:35   3082.09    516.28
15:00:38   4638.00    531.11
15:00:41   6558.57    548.17
15:00:44   2939.72     11.69
15:00:47   4054.97    539.51
15:00:50   4688.23    265.37
Connection to 192.168.1.102 closed.
time: 4
  Time         enp0s25      
HH:MM:SS   Kbps in  Kbps out
15:00:56   4650.45     37.10
15:00:59   3509.71    531.33
15:01:02   3645.48    526.46
15:01:05   4443.99    549.08
15:01:08   6415.77     72.05
15:01:11   2553.61    493.14
15:01:14   4458.99    328.81
15:01:17   4664.24    334.40
15:01:20   4609.49     33.77
15:01:23   2429.52    308.20
15:01:26   4600.95    324.29
15:01:29   4522.52    332.25
15:01:32   2976.52    308.41
15:01:35   4627.82     27.96
15:01:38   4443.56    330.24
15:01:41   3056.77    304.53
15:01:44   4833.42    320.81
15:01:47   4737.77     38.56
15:01:50   2770.06    313.89
Connection to 192.168.1.102 closed.
time: 5
  Time         enp0s25      
HH:MM:SS   Kbps in  Kbps out
15:01:56   4795.44    235.67
15:01:59   3329.68     14.20
15:02:02   3894.92    342.39
15:02:05   3789.30    339.28
15:02:08   4666.99    345.65
15:02:11   4568.55     50.29
15:02:14   3708.09    347.64
15:02:17  80727.92   1814.57
15:02:20  85868.73   1970.53
15:02:23  80306.18   1682.05
15:02:26  88144.05   1938.50
15:02:29  82653.51   1948.43
15:02:32  74718.81   1675.37
15:02:35  94633.26   1948.36
15:02:38  89111.86   1984.02
15:02:41  84835.70   1986.03
15:02:44  61755.56   1289.86
15:02:47  92246.29   2049.23
15:02:50  72802.55   1634.06
Connection to 192.168.1.102 closed.
time: 6
  Time         enp0s25      
HH:MM:SS   Kbps in  Kbps out
15:02:56  58672.62   1271.99
15:02:59  69955.43   1551.95
15:03:02  61442.85   1486.42
15:03:05  81220.02   1892.96
15:03:08  66243.94   1513.56
15:03:11  67947.13   1389.00
15:03:14  73612.40   1909.33
15:03:17  65351.69   1565.71
15:03:20  58038.18   1385.85
15:03:23  39176.33    824.50
15:03:26  86066.68   2147.15
15:03:29  85071.99   1936.69
15:03:32  92918.58   1968.75
15:03:35  83990.30   1718.20
15:03:38  64508.52   1436.32
15:03:41  78922.55   1693.37
15:03:44  52788.58   1076.17
15:03:47  86974.21   1768.64
15:03:50  69071.06   1555.88
Connection to 192.168.1.102 closed.
time: 7
  Time         enp0s25      
HH:MM:SS   Kbps in  Kbps out
15:03:57  81486.12   1780.95
15:04:00  48457.83    980.33
15:04:03  47525.30   1096.48
15:04:06  65303.22   1443.93
15:04:09  72301.93   1544.69
15:04:12  58964.31   1300.00
15:04:15  53632.47   1260.45
15:04:18  59550.23   1528.23
15:04:21  65466.36   1568.26
15:04:24  50792.78   1063.48
15:04:27  76656.76   1774.69
15:04:30  25738.02    695.54
15:04:33  16075.31    446.79
15:04:36  27614.03    562.59
15:04:39  24496.20    874.86
15:04:42  22109.77   1185.59
15:04:45  33723.22   1063.93
15:04:48  29040.42   1229.08
15:04:51  43688.92   1325.07
Connection to 192.168.1.102 closed.
time: 8
  Time         enp0s25      
HH:MM:SS   Kbps in  Kbps out
15:04:56  48713.04   1255.92
15:04:59  27538.07    749.56
15:05:02  38799.40   1020.86
15:05:05  29755.47    921.64
15:05:08  45819.05   1566.88
15:05:11  15963.02    427.39
15:05:14  27074.67    988.81
15:05:17  26671.34    854.32
15:05:20  30149.82   1054.73
15:05:23  36426.86    990.13
15:05:26  38800.47   1397.54
15:05:29  27081.91    832.89
15:05:32  38310.61   1315.45
15:05:35  27537.85    669.63
15:05:38  39395.74   1086.36
15:05:41  15745.92    467.04
15:05:44  26110.47    857.61
15:05:47  31313.32    628.27
15:05:50  35028.63   1053.12
Connection to 192.168.1.102 closed.
time: 9
  Time         enp0s25      
HH:MM:SS   Kbps in  Kbps out
15:05:56  19232.14    704.01
15:05:59  35611.24    727.03
15:06:02  25578.92    853.88
15:06:05  27635.88    797.94
15:06:08  27494.46    838.85
15:06:11  27554.92    673.53
15:06:14  25920.63    524.22
15:06:17  16023.60    497.32
15:06:20  33855.42   1027.10
15:06:23  30696.66    960.64
15:06:26  20992.41    728.40
15:06:29  45532.80    941.25
15:06:32  37181.37   1108.48
15:06:35  39117.32   1128.54
15:06:38  42260.58   1204.05
15:06:41  33453.57   1022.54
15:06:44  28123.73    542.67
15:06:47  27230.25    875.07
15:06:50  38015.08   1054.41
Connection to 192.168.1.102 closed.
time: 10
  Time         enp0s25      
HH:MM:SS   Kbps in  Kbps out
15:06:56  37827.34    779.02
15:06:59  29390.73    775.01
15:07:02  36400.87    906.24
15:07:05  27381.50    878.13
15:07:08  37733.15    775.56
15:07:11  23775.14    802.37
15:07:14  30979.44    940.92
15:07:17  38873.42   1144.91
15:07:20  25881.94    517.51
15:07:23  41763.09   1195.96
15:07:26  59208.41   1388.46
15:07:29  98341.04   2330.84
15:07:32  96091.06   2061.21
15:07:35  95283.31   2299.88
15:07:38  39090.38    981.16
15:07:41   2990.58    354.24
15:07:44   4722.04     33.99
15:07:47   4257.79    385.41
15:07:50   2888.74    213.87
Connection to 192.168.1.102 closed.
time: 11
  Time         enp0s25      
HH:MM:SS   Kbps in  Kbps out
15:08:00   4467.80     31.03
15:08:03   2602.08    388.70
15:08:06   4535.47    430.31
15:08:09   4596.11    411.52
15:08:12   2972.16     24.46
15:08:15   4148.16    384.21
15:08:18   4601.42    410.06
15:08:21   3303.96    391.01
15:08:24   4279.04     37.63
15:08:27   4389.41    409.88
15:08:30   4194.15    382.52
15:08:33   4621.06    407.21
15:08:36  78327.98   1680.18
15:08:39  84908.05   1954.67
15:08:42  72627.99   2093.69
15:08:45  68029.84   1615.08
15:08:48  87423.41   2582.61
15:08:51  86147.14   1951.46
15:08:54  78664.63   2148.86
Connection to 192.168.1.102 closed.
time: 12
  Time         enp0s25      
HH:MM:SS   Kbps in  Kbps out
15:09:00  69575.72   1726.44
15:09:03  75548.07   1879.37
15:09:06  64663.33   1888.53
15:09:09  71497.61   2104.19
15:09:12  65601.83   1772.67
15:09:15  78629.87   2440.44
15:09:18  70714.69   2016.89
15:09:21  77536.01   2097.82
15:09:24  78933.11   2373.77
15:09:27  63667.84   1708.83
15:09:30  66576.34   1673.87
15:09:33  67987.37   1710.04
15:09:36  70883.36   2150.51
15:09:39  53349.75   1442.74
15:09:42  82615.21   2421.09
15:09:45  98913.12   2488.78
15:09:48  88011.48   2989.80
15:09:51  67392.69   1395.82
15:09:54  68837.54   2511.09
Connection to 192.168.1.102 closed.
time: 13
  Time         enp0s25      
HH:MM:SS   Kbps in  Kbps out
15:10:00  60651.52   1249.00
15:10:03  73506.59   2337.96
15:10:06  52910.40   1396.64
15:10:09  19253.50    377.78
15:10:12  32812.69   1828.45
15:10:15  37246.25    781.53
15:10:18  17900.78    350.45
15:10:21  27784.81   1661.92
15:10:24  38935.42    794.37
15:10:27  26697.76    540.95
15:10:30  23619.29   1598.66
15:10:33  14344.39    256.38
15:10:36   4546.36    812.64
15:10:39   4637.41     49.52
15:10:42   4439.08    447.03
15:10:45   4824.26    407.38
15:10:48   3179.52     20.43
15:10:51   5027.99    809.33
15:10:54   4105.20     37.13
Connection to 192.168.1.102 closed.
time: 14
  Time         enp0s25      
HH:MM:SS   Kbps in  Kbps out
15:11:00   4378.32    816.03
15:11:03   4778.41     39.66
15:11:06   4284.80     41.12
15:11:09   2974.84    802.88
15:11:12   4400.67     60.68
15:11:15   5105.00     36.61
15:11:18   2992.72    797.34
15:11:21   4620.87     39.53
15:11:24   4436.91    423.00
15:11:27   3712.32    803.75
15:11:30   4102.85     29.37
15:11:33   5197.15   1052.44
15:11:36   4779.78     46.51
15:11:39   4779.82    430.30
15:11:42   4680.03    152.46
15:11:45   3465.26     16.84
15:11:48   4750.30    430.94
15:11:51   4540.01     34.68
15:11:54   4205.99     36.37
Connection to 192.168.1.102 closed.
time: 15
  Time         enp0s25      
HH:MM:SS   Kbps in  Kbps out
15:12:00   4671.67     44.82
15:12:03   4652.73     34.83
15:12:06   2707.14    405.43
15:12:09   4567.97     44.46
15:12:12   4718.57     44.71
15:12:15   2838.78    402.58
15:12:18   4147.75     43.04
15:12:21   4141.99     37.65
15:12:24   3576.02    408.03
15:12:27   4275.26     26.56
15:12:30   4373.51    433.15
15:12:33   4583.97     36.86
15:12:36   4718.73    427.99
15:12:39   5063.96     46.55
15:12:42   2935.55     76.21
15:12:45   4719.86    442.21
15:12:48   4789.23     43.55
15:12:51   4538.73     34.26
15:12:54   2860.32    405.68
Connection to 192.168.1.102 closed.
time: 16
  Time         enp0s25      
HH:MM:SS   Kbps in  Kbps out
15:13:00   5340.35     39.39
15:13:03   3112.95    403.05
15:13:06   4303.85     45.24
15:13:09   4847.37    149.44
15:13:12   3041.14    310.78
15:13:15   4658.69     34.40
15:13:18   3699.62    420.91
15:13:21   3537.90     20.74
15:13:24   4500.23     28.64
15:13:27   4637.54    414.25
15:13:30   4281.68     33.80
15:13:33   4438.83    418.80
15:13:36   5228.77     70.54
15:13:39   4860.72     48.65
15:13:42   2808.17     12.55
15:13:45   4736.57     50.22
15:13:48   4643.32     47.48
15:13:51  39445.88    816.12
15:13:54  99938.73   2107.71
Connection to 192.168.1.102 closed.
time: 17
  Time         enp0s25      
HH:MM:SS   Kbps in  Kbps out
15:14:00  99763.54   2114.52
15:14:03  100481.2   2130.31
15:14:06  100093.1   2110.14
15:14:09  96815.83   1928.60
15:14:12  98093.26   2056.30
15:14:15  100275.5   2635.25
15:14:18  98417.36   2868.28
15:14:21  99742.54   2119.33
15:14:24  92231.63   3039.06
15:14:27  100682.3   2292.34
15:14:30  98838.55   2822.32
15:14:33  97670.86   2786.51
15:14:36  98995.97   2362.51
15:14:39  98436.33   2903.25
15:14:42  100507.4   2117.23
15:14:45  98757.68   3000.50
15:14:48  98340.11   3034.09
15:14:51  99042.50   2352.23
15:14:54  97882.92   2806.01
Connection to 192.168.1.102 closed.
time: 18
  Time         enp0s25      
HH:MM:SS   Kbps in  Kbps out
15:15:01  98022.68   2794.90
15:15:04  96019.51   3117.80
15:15:07   4607.11    942.87
15:15:10   4461.86   1115.94
15:15:13   4330.13   1331.66
15:15:16   4185.66    535.39
15:15:19   4754.76   1335.61
15:15:22   4795.61    816.59
15:15:25   4938.99    551.50
15:15:28   5266.88   1336.28
15:15:31   3302.29    834.90
15:15:34   4897.74    531.06
15:15:37   4518.50    872.86
15:15:40   4829.74    864.70
15:15:43   3451.29   1809.46
15:15:46   4757.66     28.68
15:15:49   4512.45   1232.23
15:15:52   3040.57    794.69
15:15:55   4674.31   1197.41
Connection to 192.168.1.102 closed.
time: 19
  Time         enp0s25      
HH:MM:SS   Kbps in  Kbps out
15:16:01   2829.49   1535.56
15:16:04   4720.06    383.33
15:16:07   4700.26    736.49
15:16:10   3061.04    211.01
15:16:13   4312.70    902.54
15:16:16   4593.30   2212.90
15:16:19   3208.09   1197.07
15:16:22   4631.65   1426.74
15:16:25   4587.62   1303.67
15:16:28   4174.85   1557.29
15:16:31   3218.99   1675.88
15:16:34   4784.12   2196.50
15:16:37   4619.91    883.33
15:16:40   3107.30    375.77
15:16:43   4196.66    606.70
15:16:46   4732.91    668.23
15:16:49   3182.37    656.70
15:16:52   4505.80   1392.42
15:16:55   4286.56    673.41
Connection to 192.168.1.102 closed.
time: 20
  Time         enp0s25      
HH:MM:SS   Kbps in  Kbps out
15:17:00   4163.57     24.68
15:17:03   3868.48    674.95
15:17:06   3995.63   1611.97
15:17:09   4683.51   1080.36
15:17:12   4616.37     42.24
15:17:15   4250.37    705.81
15:17:18   4079.85    764.89
15:17:21   6003.20   1910.10
15:17:24   4615.77     24.20
15:17:27   2602.86    656.89
15:17:30   4509.32    384.08
15:17:33   4667.22   1062.17
15:17:36   2959.51   1085.55
15:17:39   4555.96    393.30
15:17:42   4195.94    499.67
15:17:45   2899.89    473.80
15:17:48   4476.30    506.32
15:17:51   4584.56   1018.77
15:17:54   3922.01    858.62
Connection to 192.168.1.102 closed.
time: 21
  Time         enp0s25      
HH:MM:SS   Kbps in  Kbps out
15:18:00   4457.45    507.03
15:18:03   5118.03    492.62
15:18:06   3425.09    449.04
15:18:09   4952.35   1408.36
15:18:12   4374.36    492.88
15:18:16   3340.70    472.39
15:18:19   4872.70    471.19
15:18:22   4979.61     76.87
15:18:25   3598.21    495.85
15:18:28   5007.92   2244.88
15:18:31   4754.62    341.72
15:18:34  46182.91   1504.03
15:18:37  96383.18   2387.97
15:18:40  98987.41   2333.83
15:18:43  100029.1   2572.27
15:18:46  99438.67   3308.82
15:18:49  97483.41   2388.18
15:18:52  99351.12   2319.29
15:18:55  99424.32   2253.99
Connection to 192.168.1.102 closed.
time: 22
  Time         enp0s25      
HH:MM:SS   Kbps in  Kbps out
15:19:01  99317.71   2360.33
15:19:04  98792.69   2988.05
15:19:07  98512.61   3297.02
15:19:10  99651.64   2105.78
15:19:13  97436.34   2477.78
15:19:16  96351.22   2494.82
15:19:19  98948.94   2581.76
15:19:22  95264.16   2896.49
15:19:25  96258.00   3060.09
15:19:28  97385.16   2359.66
15:19:31  99040.09   2365.25
15:19:34  100034.9   2073.73
15:19:37  96775.78   2489.71
15:19:40  98642.02   2486.95
15:19:43  97429.41   3928.16
15:19:46  98990.73   2105.04
15:19:49  32653.73    992.75
15:19:52   3094.39    759.92
15:19:55   4472.49   1170.83
Connection to 192.168.1.102 closed.
time: 23
  Time         enp0s25      
HH:MM:SS   Kbps in  Kbps out
15:20:01   4264.63    579.20
15:20:04   3091.07    758.38
15:20:07   4859.29   1263.71
15:20:10   4593.60    363.10
15:20:13   2779.38    719.05
15:20:16   4962.25    735.93
15:20:19   5158.59    432.52
15:20:22   3226.64    972.28
15:20:25   4377.00    743.04
15:20:28   4662.66    738.05
15:20:31   3136.32    671.28
15:20:34   4656.20     88.55
15:20:37   3353.28   1005.80
15:20:40   4611.51    395.38
15:20:43   4610.45    393.11
15:20:46   4551.48     24.26
15:20:49   3796.42    385.82
15:20:52   4360.34    797.64
15:20:55   4848.66    385.75
Connection to 192.168.1.102 closed.
time: 24
  Time         enp0s25      
HH:MM:SS   Kbps in  Kbps out
15:21:00   3793.07    396.11
15:21:03   5361.86    466.74
15:21:06   4896.61   2052.62
15:21:09   3051.20     14.38
15:21:12   4373.16    437.70
15:21:15   4681.88    433.49
15:21:18   3100.55    417.75
15:21:21   4610.30    813.72
15:21:24   4462.57    795.68
15:21:27   2766.77    780.11
15:21:30   4925.13    801.13
15:21:33   4443.39    139.41
15:21:36   4352.14    607.47
15:21:39   3079.84    433.41
15:21:42   4630.44    448.80
15:21:45   4721.59     32.84
15:21:48   2536.61    821.50
15:21:51   4585.42    445.31
15:21:54   4678.23    447.68
Connection to 192.168.1.102 closed.
time: 25
  Time         enp0s25      
HH:MM:SS   Kbps in  Kbps out
15:22:00   4383.61   1445.27
15:22:03   4910.44    649.10
15:22:06   3222.11    661.40
15:22:09   5121.33     37.08
15:22:12   3323.76   1443.27
15:22:15   4419.08    675.49
15:22:18   4670.64   1083.19
15:22:21   4580.20    422.38
15:22:24   4187.67    716.42
15:22:27   4277.23   1424.22
15:22:30   4896.24    330.15
15:22:33   4900.33    416.45
15:22:36   2669.79    705.08
15:22:39   4677.93    338.38
15:22:42   4922.87    722.26
15:22:45   3176.61    396.27
15:22:48   4610.06    346.48
15:22:51   4729.43   1115.74
15:22:54   3405.52    316.95
Connection to 192.168.1.102 closed.
