time: 0
  Time         enp0s25      
HH:MM:SS   Kbps in  Kbps out
15:37:39   4233.66     29.47
15:37:42   4367.34     17.49
15:37:45   4024.82     11.82
15:37:48   4303.32     12.79
15:37:51   4564.89     19.51
15:37:54   4559.53     20.74
15:37:57   4612.22     23.39
15:38:00   7183.25     44.24
15:38:03   6006.37     36.23
15:38:06   4416.71      6.92
15:38:09   5969.81     32.26
15:38:12   6218.41     29.82
15:38:15   4589.89     10.87
15:38:18   5626.75     29.99
15:38:21   5402.79     36.38
15:38:24   7270.53     27.75
15:38:27   5947.84     33.55
15:38:30   5832.77     29.08
15:38:33   5947.60     29.35
Connection to 192.168.1.102 closed.
time: 1
  Time         enp0s25      
HH:MM:SS   Kbps in  Kbps out
15:38:39   6352.60     40.13
15:38:42   5294.14     55.32
15:38:45   5468.53     29.59
15:38:48   5108.15     14.13
15:38:51   5961.24     35.52
15:38:54   6051.34     32.62
15:38:57   6140.44     37.83
15:39:00   5799.20     34.57
15:39:03   5754.10     23.82
15:39:06   6517.60     33.50
15:39:09   6177.19     36.90
15:39:12   5563.15     28.25
15:39:15   5914.30     20.62
15:39:18   7373.44    206.74
15:39:21   6016.99     32.71
15:39:24   4320.40     15.54
15:39:27   6095.91     30.09
15:39:30   6297.09     28.82
15:39:33   4278.13      8.04
Connection to 192.168.1.102 closed.
time: 2
  Time         enp0s25      
HH:MM:SS   Kbps in  Kbps out
15:39:39   6054.07     35.07
15:39:42   4594.99     11.40
15:39:45   6291.07     58.00
15:39:48   5693.39     49.10
15:39:51   4490.65     14.63
15:39:54   6072.04     29.40
15:39:57   5844.87     35.77
15:40:00   5640.35     28.60
15:40:03   4594.53      6.57
15:40:06   6048.64     31.29
15:40:09   6244.25     36.31
15:40:12   4308.93      9.07
15:40:15   5494.43     23.76
15:40:18   6114.68     28.07
15:40:21   4411.86     11.96
15:40:24   5963.23     23.54
15:40:27   5986.67     34.31
15:40:30   6257.26     26.49
15:40:33   4840.41      9.20
Connection to 192.168.1.102 closed.
time: 3
  Time         enp0s25      
HH:MM:SS   Kbps in  Kbps out
15:40:39   5583.71     44.43
15:40:42   4646.86      6.86
15:40:45   5777.67     32.66
15:40:48   4771.20     24.08
15:40:51   5553.80     29.97
15:40:54   5240.39     23.22
15:40:57   6018.98     28.82
15:41:00   6079.36     66.99
15:41:03   5431.48     29.30
15:41:06   6473.72     36.76
15:41:09   4365.76     14.59
15:41:12   6063.91     31.98
15:41:15   5707.88     29.85
15:41:18   5782.62     34.97
15:41:21   4373.88     17.35
15:41:24   5734.52     30.85
15:41:27   4992.06     22.51
15:41:30   4620.60     18.64
15:41:33   5845.51     29.74
Connection to 192.168.1.102 closed.
time: 4
  Time         enp0s25      
HH:MM:SS   Kbps in  Kbps out
15:41:39   4427.02     20.21
15:41:42   5405.95     35.18
15:41:45   6090.37     49.76
15:41:48   4636.04     27.41
15:41:51   5851.18     38.70
15:41:54   5752.18     29.81
15:41:57   5227.36     26.36
15:42:00   4853.18     20.28
15:42:03   5810.50     27.38
15:42:06   5494.70     32.84
15:42:09   5856.49     32.44
15:42:12   6261.78     38.05
15:42:15   6019.29     35.79
15:42:18   4018.02     13.65
15:42:21   6336.46     40.22
15:42:24   6089.20     32.59
15:42:27   4703.03     13.56
15:42:30   5917.21     28.50
15:42:33   5736.17     29.74
Connection to 192.168.1.102 closed.
time: 5
  Time         enp0s25      
HH:MM:SS   Kbps in  Kbps out
15:42:40   4517.12     39.54
15:42:43   6299.20     83.31
15:42:46  18603.42    356.89
15:42:49  100895.4   2082.90
15:42:52  100612.9   2100.23
15:42:55  101121.0   2139.07
15:42:58  100799.0   2123.00
15:43:01  100675.1   2062.34
15:43:04  100665.1   1962.56
15:43:07  100399.8   2013.45
15:43:10  100411.5   2025.93
15:43:13  100312.2   2093.64
15:43:16  100977.7   2107.31
15:43:19  101050.8   2133.44
15:43:22  100370.7   2114.64
15:43:25  100971.2   2098.62
15:43:28  99994.65   2001.37
15:43:31  100463.1   2065.91
15:43:34  100296.2   2007.99
Connection to 192.168.1.102 closed.
time: 6
  Time         enp0s25      
HH:MM:SS   Kbps in  Kbps out
15:43:40  91592.37   1872.14
15:43:43  99962.53   2047.19
15:43:46  100189.8   2072.78
15:43:49  98715.22   2057.43
15:43:52  100095.8   2082.72
15:43:55  78053.00   1622.31
15:43:58  74005.31   1535.45
15:44:01  60280.55   1247.07
15:44:04  42751.84    849.29
15:44:07   5695.67     40.75
15:44:10   6415.39     42.38
15:44:13   6384.44     33.41
15:44:16   4750.69    180.59
15:44:19   5991.12     39.26
15:44:22   5620.79     40.07
15:44:25   5990.59     40.96
15:44:28   4412.32     15.54
15:44:31   5568.88     35.21
15:44:34   5752.32     41.86
Connection to 192.168.1.102 closed.
time: 7
  Time         enp0s25      
HH:MM:SS   Kbps in  Kbps out
15:44:40   5504.91     49.87
15:44:43   6064.16     54.15
15:44:46   4524.64     47.23
15:44:49   5471.55     60.86
15:44:52  70116.30   1474.57
15:44:55  97087.42   2002.39
15:44:58  99951.28   2011.34
15:45:01  100854.3   2123.02
15:45:04  99519.85   2035.47
15:45:07  98790.41   3232.29
15:45:10  100021.8   2008.63
15:45:13  100353.3   3293.82
15:45:16  100981.0   2153.76
15:45:19  98712.28   2311.84
15:45:22  99332.92   3018.43
15:45:25  100664.8   2074.33
15:45:28  98646.08   2901.12
15:45:31  99898.32   2489.81
15:45:34  100724.1   2125.96
Connection to 192.168.1.102 closed.
time: 8
  Time         enp0s25      
HH:MM:SS   Kbps in  Kbps out
15:45:40  100331.0   2108.66
15:45:43  99112.30   2031.56
15:45:46  97487.53   3220.71
15:45:49  99620.98   2075.82
15:45:52  98062.30   2849.24
15:45:55  99624.64   2336.61
15:45:58  98464.56   2009.00
15:46:01  96878.98   3132.45
15:46:04  98098.13   1995.57
15:46:07  92786.96   2526.04
15:46:10  95105.57   2083.41
15:46:13  97458.97   1918.22
15:46:16  92646.88   2591.93
15:46:19  89500.07   2006.75
15:46:22   6017.58     42.42
15:46:25   4543.30   1176.77
15:46:28   6503.69     43.71
15:46:31   5915.05     33.16
15:46:34   4510.44   1187.98
Connection to 192.168.1.102 closed.
time: 9
  Time         enp0s25      
HH:MM:SS   Kbps in  Kbps out
15:46:40   5351.28     36.59
15:46:43   5041.92   1217.84
15:46:46   5989.56     46.20
15:46:49   5887.81     65.39
15:46:52   6445.82   1204.49
15:46:55   5120.26     72.79
15:46:58   7825.82   1276.32
15:47:01   4863.62     61.15
15:47:04   6146.16   1194.23
15:47:07   5943.00     76.03
15:47:10   4500.30     65.28
15:47:13   5829.39    454.16
15:47:16   6451.85     65.52
15:47:19   6279.52     39.35
15:47:22   4091.11    437.44
15:47:25   5995.89     60.57
15:47:28   6180.91     72.21
15:47:31   4419.00    401.14
15:47:34   5651.37     71.20
Connection to 192.168.1.102 closed.
time: 10
  Time         enp0s25      
HH:MM:SS   Kbps in  Kbps out
15:47:40   5013.14    449.95
15:47:43   5739.09     31.41
15:47:46   5493.45   1485.37
15:47:49   5966.61     64.58
15:47:52   5782.16   1227.41
15:47:55   6207.06     37.75
15:47:58   5734.59    403.25
15:48:01   4258.98    867.11
15:48:04   5614.59     47.58
15:48:07   6073.03    339.15
15:48:10   4177.92    442.15
15:48:13   5943.90    262.18
15:48:16   5833.16    120.90
15:48:19   4376.09    422.87
15:48:22   5552.66    651.39
15:48:25   4686.75    413.53
15:48:28   5222.82    756.57
15:48:31   5416.75    861.85
15:48:34   7204.57    312.22
Connection to 192.168.1.102 closed.
time: 11
  Time         enp0s25      
HH:MM:SS   Kbps in  Kbps out
15:48:40   5591.60    916.06
15:48:43   5983.16    410.93
15:48:46   5904.05    597.78
15:48:49   4293.78    854.86
15:48:52   6047.23    482.40
15:48:55   5398.20    486.07
15:48:58  56265.15   2050.49
15:49:01  81231.82   2677.95
15:49:04  90097.82   3536.64
15:49:07  88562.71   3249.29
15:49:10  75426.87   3435.12
15:49:13  84500.12   2779.46
15:49:16  71219.80   3037.76
15:49:19  89339.23   2388.49
15:49:22  92961.79   2000.70
15:49:25  71441.68   3454.57
15:49:28  72143.32   1548.75
15:49:31  67955.95   1465.64
15:49:34  59376.52   3075.41
Connection to 192.168.1.102 closed.
time: 12
  Time         enp0s25      
HH:MM:SS   Kbps in  Kbps out
15:49:40  59079.38   1887.98
15:49:43  69611.82   2982.23
15:49:46  63624.33   1637.65
15:49:49  76481.81   3116.75
15:49:52  65685.95   1961.15
15:49:55  64205.60   2491.30
15:49:58  63025.42   2133.61
15:50:01  71603.85   1838.94
15:50:04  66932.19   3337.21
15:50:07  73682.03   1515.65
15:50:10  70625.25   1798.47
15:50:13  58077.26   3115.52
15:50:16  81667.23   1779.53
15:50:19  48897.03   2008.86
15:50:22  30256.38   1820.58
15:50:25  39813.42    846.47
15:50:28  35217.12    861.99
15:50:31  32448.03   2551.03
15:50:34  30315.94   1050.15
Connection to 192.168.1.102 closed.
time: 13
  Time         enp0s25      
HH:MM:SS   Kbps in  Kbps out
15:50:40  18300.62   2261.17
15:50:43   5760.25    514.63
15:50:46   6307.94   2071.65
15:50:49   5288.12    416.30
15:50:52   7340.74    820.97
15:50:55   4474.67   1338.04
15:50:58   6410.37    456.05
15:51:01   6967.75   1979.16
15:51:04   4489.04     34.02
15:51:07   6097.36    429.74
15:51:10   6351.69   2009.21
15:51:13   4344.41     32.82
15:51:16   5805.95   1775.80
15:51:19   6028.80    733.15
15:51:22   4496.49    284.16
15:51:25   5613.33   2173.25
15:51:28   5638.53    107.81
15:51:31   4841.48    475.63
15:51:34   5408.28   1659.44
Connection to 192.168.1.102 closed.
time: 14
  Time         enp0s25      
HH:MM:SS   Kbps in  Kbps out
15:51:40   5577.11    436.16
15:51:43   6097.88   1590.56
15:51:46   6003.08    439.63
15:51:49   6708.78   1606.15
15:51:52   4141.52     25.26
15:51:55   5765.79   1983.02
15:51:58   6354.17     84.47
15:52:01   4396.95     27.80
15:52:04   5734.59   1967.20
15:52:07   5814.37     49.41
15:52:10   5941.23    433.94
15:52:13   4139.71   1577.85
15:52:16   5833.05     29.89
15:52:19   5647.79    446.18
15:52:22   4093.57    421.18
15:52:25   5908.76     45.06
15:52:28   4954.39    670.00
15:52:31   5416.85    180.67
15:52:34   5621.68    521.72
Connection to 192.168.1.102 closed.
time: 15
  Time         enp0s25      
HH:MM:SS   Kbps in  Kbps out
15:52:40   5885.87     43.57
15:52:43   5601.49   1079.70
15:52:46   6226.23     50.04
15:52:49   6314.68    383.87
15:52:52   4533.84    477.30
15:52:55   5857.47     47.28
15:52:58   6148.67     46.76
15:53:01   4337.66    413.63
15:53:04   6110.80     35.32
15:53:07   5587.60     45.84
15:53:10   4103.31    411.13
15:53:13   6137.83     50.32
15:53:16   6067.39    422.13
15:53:19   4176.25     30.19
15:53:22   5645.60     48.26
15:53:25   5267.12    429.91
15:53:28   5939.80     31.46
15:53:31   5470.46   2141.29
15:53:34   5396.79    784.08
Connection to 192.168.1.102 closed.
time: 16
  Time         enp0s25      
HH:MM:SS   Kbps in  Kbps out
15:55:08   5867.11    454.60
15:55:11   3978.80    425.96
15:55:14   5268.28     54.53
15:55:17   5207.54    818.59
15:55:20   4724.65     38.76
15:55:23   5234.91     46.57
15:55:26   5499.63   1595.13
15:55:29   5658.70     42.49
15:55:32   4962.14   1458.09
15:55:35   6457.28     44.98
15:55:38   5911.61    705.43
15:55:41   4396.69    523.45
15:55:44   5532.78     30.57
15:55:47   5159.82   1005.19
15:55:50   3956.19    401.22
15:55:53   5800.31     33.38
15:55:56   5577.29   1581.86
15:55:59   3527.27     18.18
15:56:02   5500.20     33.88
Connection to 192.168.1.102 closed.
time: 17
  Time         enp0s25      
HH:MM:SS   Kbps in  Kbps out
15:56:09   5847.72     44.58
15:56:12   3955.43     10.45
15:56:15   4817.03   1202.56
15:56:18   5354.47     31.89
15:56:21   4638.61     16.87
15:56:24   5715.51   2103.85
15:56:27   5565.85    720.56
15:56:30   5558.20   1863.93
15:56:33   6637.86     41.15
15:56:36   5662.98   1064.42
15:56:39   3653.97    149.68
15:56:42   5908.45     31.38
15:56:45   5793.87    822.85
15:56:48   5873.61     58.67
15:56:51   3901.10     44.74
15:56:54   5853.22    445.14
15:56:57   5960.01     68.65
15:57:00   4095.55     36.41
15:57:03   5974.10    484.68
Connection to 192.168.1.102 closed.
time: 18
  Time         enp0s25      
HH:MM:SS   Kbps in  Kbps out
15:57:09  99057.39   2094.36
15:57:12  99292.44   2504.06
15:57:15  99103.12   2100.79
15:57:18  98493.69   2485.49
15:57:21  92479.52   1937.31
15:57:24  92902.17   2372.42
15:57:27  88321.02   1862.16
15:57:30  99138.73   2136.10
15:57:33  98577.79   2464.48
15:57:36  99294.66   2111.61
15:57:39  38340.75    763.39
15:57:42   5457.95    431.48
15:57:45   6005.11    439.64
15:57:48   4062.53     28.86
15:57:51   5774.33    820.08
15:57:54   5522.81     58.05
15:57:57   6047.45    380.38
15:58:00   4368.73    488.42
15:58:03   5542.33     45.42
Connection to 192.168.1.102 closed.
time: 19
  Time         enp0s25      
HH:MM:SS   Kbps in  Kbps out
15:58:09   4954.13    427.71
15:58:12   5603.88     20.43
15:58:15   5239.61    437.42
15:58:18   5736.49     39.54
15:58:21   5887.18    254.55
15:58:24   5864.27    251.73
15:58:27   3989.39     34.94
15:58:30   6069.39    447.93
15:58:33   6368.08     64.90
15:58:36   4447.29     24.17
15:58:39   5597.64    453.73
15:58:42   6247.70     71.64
15:58:45   4471.04     48.86
15:58:48   5594.00    429.20
15:58:51   5695.95     57.02
15:58:54   5843.02     45.78
15:58:57   4123.72    428.80
15:59:00   5709.37     30.81
15:59:03   4289.29     33.88
Connection to 192.168.1.102 closed.
time: 20
  Time         enp0s25      
HH:MM:SS   Kbps in  Kbps out
15:59:10   5068.93   1013.65
15:59:13   5740.26    650.57
15:59:16   5850.89   1206.29
15:59:19   5381.89    584.78
15:59:22   6291.91   1284.36
15:59:25   6058.48     72.49
15:59:28   4396.17   1577.34
15:59:31   5790.56     81.61
15:59:34   6016.35     71.18
15:59:37   4789.65   1617.85
15:59:40   6271.85     38.02
15:59:43   5592.38     74.22
15:59:46   4385.47   1608.38
15:59:49   6067.65     90.93
15:59:52   5999.68     34.32
15:59:55   5793.82   1639.01
15:59:58   4180.57     58.39
16:00:01   5580.55    371.46
16:00:04   5421.64   1287.23
Connection to 192.168.1.102 closed.
time: 21
  Time         enp0s25      
HH:MM:SS   Kbps in  Kbps out
16:01:12   6016.60    188.28
16:01:15   6949.03   1656.34
16:01:18   6089.25    455.47
16:01:21   4451.60   1698.16
16:01:24   6140.97    163.68
16:01:27   6112.61    591.84
16:01:30   6084.51   1709.12
16:01:33   4233.83    393.70
16:01:36   6329.78    397.23
16:01:39   6452.05   1464.22
16:01:42  70148.51   2906.24
16:01:45  94161.39   2283.35
16:01:48  96252.17   3947.96
16:01:51  98959.17   2560.32
16:01:54  99057.48   1976.69
16:01:57  90772.69   4268.04
16:02:00  99291.57   2108.99
16:02:03  97530.72   2716.72
16:02:06  91521.20   3704.41
Connection to 192.168.1.102 closed.
time: 22
  Time         enp0s25      
HH:MM:SS   Kbps in  Kbps out
16:02:12  90504.95   4146.63
16:02:15  95789.88   2179.81
16:02:18  94880.93   3990.41
16:02:21  97818.45   2380.88
16:02:24  97227.74   2023.20
16:02:27  87596.21   4052.59
16:02:30  99380.84   2141.16
16:02:33  96515.67   1881.16
16:02:36  93815.50   4299.07
16:02:39  100069.0   2111.00
16:02:42  99570.99   2073.85
16:02:45  96670.81   1950.69
16:02:48  98124.36   1902.07
16:02:51   7325.69   2039.33
16:02:54   6312.14    443.00
16:02:57   4495.44     88.75
16:03:00   5759.62    193.55
16:03:03   5062.69   2312.66
16:03:06   5763.83     37.44
Connection to 192.168.1.102 closed.
time: 23
  Time         enp0s25      
HH:MM:SS   Kbps in  Kbps out
16:03:13   6080.96    746.29
16:03:16   5941.37   1772.41
16:03:19   4674.94     28.06
16:03:22   5872.20    111.79
16:03:25   6354.32   1867.85
16:03:28   5867.94    747.85
16:03:31   4187.32      9.08
16:03:34   5587.46    523.74
16:03:37   6300.96   1531.46
16:03:40   4236.82   1054.94
16:03:43   5745.15    283.26
16:03:46   6154.87   2322.20
16:03:49   4657.06    326.32
16:03:52   6428.76    412.67
16:03:55   6097.22   2120.95
16:03:58   4484.33    143.40
16:04:01   6465.15    144.08
16:04:04   6095.48   2496.47
16:04:07   4755.94     14.74
Connection to 192.168.1.102 closed.
time: 24
  Time         enp0s25      
HH:MM:SS   Kbps in  Kbps out
16:04:12   6416.73   2128.75
16:04:15   6186.00    563.30
16:04:18   5621.73   2138.15
16:04:21   6202.43    196.12
16:04:24   6596.54   2284.83
16:04:27   4404.85    335.91
16:04:30   6325.05     30.13
16:04:33   5892.72   1841.64
16:04:36   4371.01    804.17
16:04:39   6362.35   2046.27
16:04:42   6121.24   2890.37
16:04:45   4465.42    735.76
16:04:48   6006.09    492.88
16:04:51   6098.67   2113.98
16:04:54   5343.89    581.21
16:04:57   5246.23   1334.14
16:05:00   6266.63    596.45
16:05:03   5176.83    560.22
16:05:06   5547.52   1498.82
Connection to 192.168.1.102 closed.
time: 25
  Time         enp0s25      
HH:MM:SS   Kbps in  Kbps out
16:05:12   6197.88    584.42
16:05:15   5360.95   1705.90
16:05:18   6360.85    470.21
16:05:21   6535.44   1347.12
16:05:24   4455.19    493.91
16:05:27   6269.55    540.76
16:05:30   6330.01   1750.24
16:05:33   4456.36    249.44
16:05:36   6330.73    485.72
16:05:39   6082.32   1803.82
16:05:42   4051.05    175.01
16:05:45   6439.09   1647.57
16:05:48   6152.00    587.63
16:05:51   5119.87    437.52
16:05:54   5749.82   1614.08
16:05:57   5832.73    328.95
16:06:00   4905.15    606.87
16:06:03   5720.21   1666.26
16:06:06   5570.26    233.58
Connection to 192.168.1.102 closed.
