
========== Time: 0 ==========

========== Time: 1 ==========

========== Time: 2 ==========

========== Time: 3 ==========

========== Time: 4 ==========

========== Time: 5 ==========

========== Time: 6 ==========
yolo7-4, 89660336, bottle
yolo7-4, 83594300, aeroplane
yolo7-4, 24687700, aeroplane
yolo7-4, 92854241, train
yolo7-4, 04173253, aeroplane
yolo7-4, 25361089, bottle
yolo7-4, 14478927, aeroplane
yolo7-4, 63674586, aeroplane
yolo7-4, 72651651, aeroplane
yolo7-4, 89699029, aeroplane
yolo7-4, 32994973, aeroplane
yolo7-4, 94627182, aeroplane
yolo7-4, 32189877, aeroplane
yolo7-4, 86346450, aeroplane

========== Time: 7 ==========
yolo7-4, 60279225, aeroplane
yolo7-4, 10780143, aeroplane
yolo7-4, 42088594, aeroplane
yolo7-4, 75643388, aeroplane
yolo7-4, 68337116, aeroplane
yolo7-4, 32384860, aeroplane
yolo7-4, 29690063, aeroplane
yolo7-4, 14446723, aeroplane
yolo7-4, 32283190, aeroplane
yolo7-4, 60657210, aeroplane
yolo7-4, 23721917, aeroplane
yolo7-4, 80569647, aeroplane
yolo7-4, 66681341, aeroplane
yolo7-4, 81887566, aeroplane
yolo7-4, 36932736, aeroplane
yolo7-4, 36493708, aeroplane
yolo7-4, 60322507, aeroplane
yolo7-4, 81386809, aeroplane
yolo7-4, 65040792, aeroplane

========== Time: 8 ==========
yolo7-4, 03136566, aeroplane
yolo7-4, 39927162, aeroplane
yolo7-4, 28394436, aeroplane
yolo7-4, 29727285, aeroplane
yolo7-4, 67424591, aeroplane
yolo7-4, 06180487, aeroplane
yolo7-4, 12652268, bottle
yolo7-4, 47819751, aeroplane
yolo7-4, 84535036, aeroplane
yolo7-4, 58748463, aeroplane
yolo7-4, 69571412, aeroplane
yolo7-4, 24286892, aeroplane
yolo7-4, 57236197, aeroplane
yolo7-4, 28754243, aeroplane
yolo7-4, 47673973, aeroplane

========== Time: 9 ==========
yolo7-4, 30565022, aeroplane
yolo7-4, 31812189, aeroplane
yolo7-4, 14047095, aeroplane
yolo7-4, 28761301, aeroplane
yolo7-4, 03505917, aeroplane
yolo7-4, 18116942, aeroplane
yolo7-4, 07447092, aeroplane
yolo7-4, 30199937, aeroplane
yolo7-4, 51777343, aeroplane
yolo7-4, 21739493, aeroplane
yolo7-4, 46484809, aeroplane
yolo7-4, 44926348, aeroplane
yolo7-4, 34618446, aeroplane
yolo7-4, 18613777, aeroplane
yolo7-4, 89894004, aeroplane

========== Time: 10 ==========
yolo7-4, 27238157, aeroplane
yolo7-4, 85852280, aeroplane
yolo7-4, 15539772, aeroplane
yolo7-4, 14070441, aeroplane
yolo7-4, 71259645, aeroplane
yolo7-4, 25991855, aeroplane
yolo7-4, 32664220, aeroplane
yolo7-4, 95988632, aeroplane
yolo7-4, 75506465, bottle
yolo2-6, 28761301, car
yolo6-8, 28761301, aeroplane
yolo7-4, 34492846, car
yolo2-6, 03505917, car
yolo6-8, 03505917, aeroplane
yolo7-4, 51832235, car
yolo2-6, 18116942, car
yolo6-8, 18116942, aeroplane
yolo7-4, 63083677, car
yolo2-6, 07447092, car
yolo6-8, 07447092, aeroplane
yolo2-6, 30199937, car
yolo6-8, 30199937, aeroplane
yolo2-6, 51777343, car
yolo7-4, 32897782, car
yolo6-8, 51777343, aeroplane
yolo2-6, 21739493, car
yolo6-8, 21739493, aeroplane
yolo2-6, 46484809, car
yolo6-8, 46484809, aeroplane
yolo7-4, 74215886, car
yolo2-6, 44926348, car
yolo6-8, 44926348, aeroplane
yolo2-6, 34618446, car
yolo6-8, 34618446, aeroplane
yolo7-4, 29376628, car
yolo2-6, 18613777, car
yolo2-6, 89894004, car
yolo6-8, 18613777, aeroplane
yolo7-4, 31906640, car
yolo2-6, 27238157, car
yolo6-8, 89894004, aeroplane
yolo2-6, 85852280, car
yolo6-8, 27238157, aeroplane

========== Time: 11 ==========
yolo7-4, 82533553, car
yolo2-6, 15539772, car
yolo6-8, 85852280, aeroplane
yolo6-8, 15539772, aeroplane
yolo2-6, 14070441, car
yolo2-6, 71259645, car
yolo7-4, 85215151, car
yolo6-8, 14070441, aeroplane
yolo6-8, 71259645, aeroplane
yolo2-6, 25991855, car
yolo7-4, 62993827, car
yolo6-8, 25991855, aeroplane
yolo2-6, 32664220, car
yolo2-6, 95988632, car
yolo6-8, 32664220, aeroplane
yolo7-4, 81289906, car
yolo2-6, 75506465, car
yolo6-8, 95988632, aeroplane
yolo2-6, 34492846, car
yolo7-4, 90629841, aeroplane
yolo6-8, 75506465, car
yolo2-6, 51832235, car
yolo6-8, 34492846, car
yolo7-4, 02720808, aeroplane
yolo6-8, 51832235, car
yolo2-6, 63083677, car
yolo6-8, 63083677, car
yolo2-6, 32897782, car
yolo7-4, 16103901, aeroplane
yolo6-8, 32897782, car
yolo2-6, 74215886, car
yolo6-8, 74215886, car
yolo2-6, 29376628, car
yolo6-8, 29376628, car
yolo7-4, 93999694, aeroplane
yolo2-6, 31906640, car
yolo6-8, 31906640, car
yolo2-6, 82533553, car
yolo6-8, 82533553, car
yolo2-6, 85215151, car
yolo7-4, 73425055, aeroplane
yolo2-6, 62993827, car
yolo2-6, 81289906, car
yolo7-4, 63789543, aeroplane
yolo2-6, 90629841, aeroplane
yolo2-6, 02720808, aeroplane
yolo7-4, 29327319, aeroplane
yolo2-6, 16103901, aeroplane
yolo7-4, 86232324, aeroplane
yolo2-6, 93999694, car
yolo2-6, 73425055, aeroplane
yolo7-4, 28849555, aeroplane
yolo2-6, 63789543, bird
yolo2-6, 29327319, aeroplane
yolo2-6, 86232324, aeroplane
yolo7-4, 30820417, aeroplane
yolo2-6, 28849555, aeroplane
yolo2-6, 30820417, aeroplane
yolo7-4, 64186813, aeroplane
yolo2-6, 64186813, aeroplane

========== Time: 12 ==========
yolo2-6, 95658065, car
yolo7-4, 95658065, aeroplane
yolo2-6, 15151267, aeroplane
yolo7-4, 15151267, aeroplane
yolo7-4, 56329477, aeroplane
yolo2-6, 56329477, car
yolo2-6, 39439992, aeroplane
yolo7-4, 39439992, aeroplane
yolo7-4, 79308881, aeroplane
yolo2-6, 79308881, aeroplane
yolo7-4, 15304814, aeroplane
yolo2-6, 15304814, aeroplane
yolo7-4, 16216112, aeroplane
yolo2-6, 16216112, car
yolo7-4, 30740421, aeroplane
yolo2-6, 30740421, sofa
yolo7-4, 18555880, aeroplane
yolo2-6, 18555880, car
yolo2-6, 00784871, aeroplane
yolo7-4, 00784871, aeroplane
yolo2-6, 42839917, car
yolo7-4, 42839917, aeroplane
yolo7-4, 67725792, aeroplane
yolo2-6, 67725792, car
yolo7-4, 08758041, bottle
yolo2-6, 08758041, bottle
yolo2-6, 06308688, car
yolo7-4, 06308688, aeroplane
yolo2-6, 89476265, car
yolo2-6, 91112417, car
yolo2-6, 77952739, car
yolo2-6, 40717946, car
yolo2-6, 12039816, bottle
yolo4-3, 63789543, aeroplane
yolo8-3, 63789543, person
yolo2-6, 18045866, car
yolo4-3, 29327319, aeroplane
yolo8-3, 29327319, sofa

========== Time: 13 ==========
yolo4-3, 86232324, aeroplane
yolo8-3, 86232324, aeroplane
yolo2-6, 74032985, sofa
yolo4-3, 28849555, aeroplane
yolo8-3, 28849555, aeroplane
yolo8-3, 30820417, aeroplane
yolo2-6, 66322633, car
yolo4-3, 30820417, aeroplane
yolo4-3, 64186813, aeroplane
yolo8-3, 64186813, bottle
yolo4-3, 95658065, aeroplane
yolo8-3, 95658065, car
yolo2-6, 75398467, car
yolo8-3, 15151267, aeroplane
yolo4-3, 15151267, aeroplane
yolo2-6, 78372371, car
yolo4-3, 56329477, aeroplane
yolo4-3, 39439992, aeroplane
yolo2-6, 98220440, car
yolo8-3, 56329477, car
yolo4-3, 79308881, aeroplane
yolo4-3, 15304814, aeroplane
yolo2-6, 30312495, car
yolo8-3, 30312495, car
yolo4-3, 16216112, aeroplane
yolo4-3, 30740421, aeroplane
yolo2-6, 42795063, car
yolo8-3, 42795063, car
yolo4-3, 18555880, aeroplane
yolo4-3, 00784871, aeroplane
yolo8-3, 55941488, car
yolo4-3, 42839917, aeroplane
yolo2-6, 55941488, car
yolo4-3, 67725792, aeroplane
yolo8-3, 90830270, car
yolo2-6, 90830270, car
yolo2-6, 14403194, car
yolo2-6, 71756683, car
yolo2-6, 84505306, car

========== Time: 14 ==========
yolo2-6, 81622461, car
yolo2-6, 89969254, car
yolo9-6, 30740421, sofa
yolo2-6, 68189962, car
yolo9-6, 18555880, car
yolo2-6, 95516008, car
yolo9-6, 00784871, aeroplane
yolo9-6, 42839917, car
yolo2-6, 06744557, car
yolo9-6, 67725792, car
yolo9-6, 08758041, bottle
yolo2-6, 14043036, car
yolo9-6, 06308688, car
yolo9-6, 89476265, car
yolo2-6, 16160836, car
yolo9-6, 91112417, car
yolo2-6, 17025937, car
yolo9-6, 77952739, car
yolo9-6, 40717946, car
yolo2-6, 35166215, car
yolo2-6, 89476656, car
yolo2-6, 90111334, car
yolo2-6, 37139527, car
yolo2-6, 35695235, car
yolo2-6, 51909059, car

========== Time: 15 ==========
yolo2-6, 72230360, car
yolo2-6, 84344441, car
yolo2-6, 12361657, car
yolo2-6, 35652199, car
yolo2-6, 96039282, car
yolo2-6, 30915676, car
yolo2-6, 36451374, car
yolo2-6, 95062626, car
yolo2-6, 99554863, car
yolo2-6, 39353705, car
yolo2-6, 30319796, bottle
yolo2-6, 38701253, car
yolo2-6, 62935847, car
yolo2-6, 57778010, car
yolo2-6, 17016124, car
yolo2-6, 53416471, car
yolo2-6, 17102621, car
yolo2-6, 49600992, car
yolo2-6, 31698869, car
yolo2-6, 73621618, car
yolo2-6, 01335604, car
yolo2-6, 86404701, car
yolo2-6, 74303125, bottle
yolo2-6, 77961393, car
yolo2-6, 47176846, car
yolo2-6, 16458013, car
yolo2-6, 90534820, car
yolo2-6, 35944130, car
yolo2-6, 11372523, car
yolo2-6, 72483745, car
yolo2-6, 14742484, car
yolo2-6, 91610757, car
yolo2-6, 90154187, car
yolo2-6, 70760535, car
yolo2-6, 40063083, car
yolo2-6, 17253994, car

========== Time: 16 ==========
yolo2-6, 68348944, car
yolo2-6, 84107208, car
yolo2-6, 48877790, car
yolo2-6, 83784179, car
yolo2-6, 54987314, car
yolo2-6, 75875139, car
yolo2-6, 53583744, car
yolo2-6, 79744165, car

========== Time: 17 ==========
yolo2-13, 48110497, aeroplane
yolo6-14, 48110497, aeroplane
yolo10-14, 48110497, car
yolo2-13, 61117021, aeroplane
yolo6-14, 61117021, aeroplane
yolo10-14, 61117021, car

========== Time: 18 ==========
yolo2-13, 70310694, aeroplane
yolo10-14, 70310694, car
yolo6-14, 70310694, aeroplane
yolo6-14, 98025773, bottle
yolo2-13, 98025773, bottle
yolo10-14, 98025773, bottle
yolo2-13, 58462595, bottle
yolo6-14, 58462595, bottle
yolo10-14, 58462595, bottle
yolo2-13, 87079271, bottle
yolo10-14, 87079271, bottle
yolo10-14, 10516529, aeroplane
yolo2-13, 10516529, aeroplane
yolo2-13, 27093415, aeroplane
yolo10-14, 27093415, bottle
yolo2-13, 12108858, aeroplane
yolo10-14, 12108858, bottle
yolo2-13, 57403337, aeroplane
yolo10-14, 57403337, car
yolo6-16, 93968803, aeroplane
yolo10-14, 26959966, bottle
yolo2-13, 26959966, bottle
yolo6-16, 64114993, aeroplane
yolo2-13, 15696608, aeroplane
yolo10-14, 15696608, aeroplane

========== Time: 19 ==========
yolo10-14, 26887509, aeroplane
yolo2-13, 26887509, aeroplane
yolo6-16, 94739336, aeroplane
yolo2-13, 57094197, aeroplane
yolo10-14, 57094197, aeroplane
yolo10-14, 11662790, aeroplane
yolo2-13, 11662790, aeroplane
yolo6-16, 42629808, aeroplane
yolo2-13, 11535131, aeroplane
yolo10-14, 11535131, aeroplane
yolo6-16, 49761881, aeroplane
yolo10-14, 78355551, aeroplane
yolo2-13, 78355551, aeroplane
yolo10-14, 74800668, aeroplane
yolo2-13, 74800668, aeroplane
yolo6-16, 79259346, aeroplane
yolo10-14, 81873878, aeroplane
yolo2-13, 81873878, aeroplane
yolo10-14, 77254476, aeroplane
yolo2-13, 77254476, aeroplane
yolo6-16, 57157745, aeroplane
yolo10-14, 84551998, aeroplane
yolo2-13, 84551998, aeroplane
yolo10-14, 02571962, aeroplane
yolo2-13, 02571962, aeroplane
yolo6-16, 84166924, aeroplane
yolo10-14, 93968803, aeroplane
yolo2-13, 93968803, aeroplane
yolo10-14, 64114993, aeroplane
yolo2-13, 64114993, aeroplane
yolo6-16, 77829297, aeroplane
yolo10-14, 94739336, aeroplane
yolo2-13, 94739336, aeroplane
yolo10-14, 42629808, aeroplane
yolo2-13, 42629808, aeroplane
yolo10-14, 49761881, aeroplane
yolo6-16, 03368742, aeroplane
yolo2-13, 49761881, aeroplane
yolo10-14, 79259346, aeroplane
yolo2-13, 79259346, aeroplane
yolo10-14, 57157745, aeroplane
yolo6-16, 75870209, aeroplane
yolo2-13, 57157745, aeroplane
yolo10-14, 84166924, aeroplane
yolo2-13, 84166924, aeroplane
yolo10-14, 77829297, aeroplane
yolo2-13, 77829297, aeroplane
yolo6-16, 38235249, aeroplane
yolo10-14, 03368742, aeroplane
yolo2-13, 03368742, aeroplane
yolo10-14, 75870209, aeroplane
yolo6-16, 26939755, aeroplane
yolo2-13, 75870209, aeroplane
yolo10-14, 38235249, aeroplane
yolo2-13, 38235249, aeroplane
yolo10-14, 26939755, aeroplane
yolo6-16, 63995765, aeroplane
yolo2-13, 26939755, aeroplane
yolo10-14, 63995765, aeroplane
yolo2-13, 63995765, aeroplane

========== Time: 20 ==========
yolo6-16, 48817118, aeroplane
yolo2-13, 48817118, aeroplane
yolo10-14, 48817118, aeroplane
yolo6-16, 47256293, aeroplane
yolo10-14, 47256293, aeroplane
yolo2-13, 47256293, aeroplane
yolo6-16, 04472962, aeroplane
yolo10-14, 04472962, car
yolo2-13, 04472962, aeroplane
yolo6-16, 02835611, aeroplane
yolo10-14, 02835611, car
yolo2-13, 02835611, aeroplane
yolo6-16, 85921861, aeroplane
yolo2-13, 85921861, aeroplane
yolo10-14, 85921861, car
yolo10-14, 07290235, car
yolo2-13, 07290235, aeroplane
yolo6-16, 07290235, aeroplane
yolo10-14, 19547029, car
yolo2-13, 19547029, aeroplane
yolo6-16, 19547029, aeroplane
yolo2-13, 09141102, aeroplane
yolo10-14, 09141102, car
yolo6-16, 09141102, aeroplane
yolo10-14, 46195694, car
yolo2-13, 46195694, aeroplane
yolo6-16, 46195694, aeroplane
yolo6-16, 99540778, aeroplane
yolo10-14, 99540778, car
yolo2-13, 99540778, aeroplane
yolo2-13, 11424598, aeroplane
yolo10-14, 11424598, car
yolo6-16, 11424598, aeroplane
yolo10-14, 62900442, car
yolo2-13, 62900442, aeroplane
yolo6-16, 62900442, aeroplane
yolo2-13, 39563880, aeroplane
yolo6-16, 39563880, aeroplane
yolo10-14, 39563880, car
yolo10-14, 13864488, car
yolo2-13, 13864488, aeroplane
yolo6-16, 13864488, aeroplane
yolo2-13, 72894767, aeroplane
yolo6-16, 72894767, aeroplane
yolo10-14, 72894767, car
yolo10-14, 23069032, car
yolo2-13, 23069032, aeroplane
yolo6-16, 23069032, aeroplane
yolo10-14, 40704100, car
yolo2-13, 40704100, aeroplane
yolo6-16, 40704100, aeroplane
yolo2-13, 81945644, aeroplane
yolo6-16, 81945644, aeroplane
yolo10-14, 81945644, car
yolo6-16, 65064151, aeroplane
yolo10-14, 65064151, car
yolo2-13, 65064151, aeroplane
yolo10-14, 30454364, car
yolo6-16, 30454364, aeroplane
yolo2-13, 30454364, aeroplane
yolo10-14, 66526534, car
yolo2-13, 66526534, aeroplane
yolo1-15, 63995765, aeroplane
yolo5-15, 63995765, aeroplane
yolo6-16, 66526534, aeroplane
yolo5-15, 48817118, aeroplane
yolo1-15, 48817118, aeroplane
yolo10-14, 67288461, bottle
yolo2-13, 67288461, bottle
yolo6-16, 67288461, bottle
yolo1-15, 47256293, aeroplane
yolo5-15, 47256293, aeroplane
yolo1-15, 04472962, car
yolo5-15, 04472962, aeroplane
yolo6-16, 25875775, aeroplane
yolo10-14, 25875775, car
yolo2-13, 25875775, aeroplane
yolo1-15, 02835611, car
yolo5-15, 02835611, aeroplane
yolo1-15, 85921861, car
yolo5-15, 85921861, aeroplane
yolo5-15, 07290235, aeroplane
yolo1-15, 07290235, car
yolo6-16, 90865509, aeroplane
yolo2-13, 90865509, aeroplane
yolo10-14, 90865509, car
yolo1-15, 19547029, car
yolo5-15, 19547029, aeroplane
yolo2-17, 90865509, aeroplane
yolo10-20, 90865509, aeroplane
yolo10-17, 90865509, bird
yolo1-15, 09141102, car
yolo2-13, 02723931, aeroplane
yolo6-16, 02723931, aeroplane
yolo10-14, 02723931, car
yolo5-15, 09141102, aeroplane
yolo10-20, 02723931, aeroplane
yolo10-17, 02723931, bird
yolo2-17, 02723931, aeroplane
yolo1-15, 46195694, car
yolo2-13, 67833368, aeroplane
yolo6-16, 67833368, aeroplane
yolo5-15, 46195694, aeroplane
yolo10-14, 67833368, car
yolo10-20, 67833368, aeroplane
yolo10-17, 67833368, car
yolo2-17, 67833368, aeroplane
yolo1-15, 99540778, car
yolo5-15, 99540778, aeroplane
yolo10-14, 45490047, car
yolo6-16, 45490047, aeroplane
yolo2-13, 45490047, aeroplane
yolo10-17, 45490047, bird
yolo10-20, 45490047, aeroplane
yolo2-17, 45490047, aeroplane
yolo1-15, 11424598, car
yolo5-15, 11424598, aeroplane
yolo1-15, 62900442, car
yolo5-15, 62900442, aeroplane
yolo10-17, 55910698, car
yolo1-15, 39563880, car
yolo2-13, 55910698, aeroplane
yolo6-16, 55910698, aeroplane
yolo10-14, 55910698, car
yolo10-20, 55910698, aeroplane
yolo5-15, 39563880, aeroplane
yolo2-17, 55910698, aeroplane
yolo1-15, 13864488, car
yolo5-15, 13864488, aeroplane
yolo1-15, 72894767, car
yolo5-15, 72894767, aeroplane

========== Time: 21 ==========
yolo1-15, 23069032, car
yolo5-15, 23069032, aeroplane
yolo1-15, 40704100, car
yolo5-15, 40704100, aeroplane
yolo1-15, 81945644, car
yolo5-15, 81945644, aeroplane
yolo1-15, 65064151, car
yolo1-15, 30454364, car
yolo5-15, 65064151, aeroplane
yolo1-15, 66526534, car
yolo5-15, 30454364, aeroplane
yolo5-15, 66526534, aeroplane
yolo1-15, 67288461, bottle
yolo1-15, 25875775, car
yolo5-15, 67288461, bottle
yolo1-15, 90865509, car
yolo5-15, 25875775, aeroplane
yolo10-17, 40892610, bird
yolo10-14, 40892610, car
yolo2-17, 40892610, aeroplane
yolo2-13, 40892610, aeroplane
yolo10-20, 40892610, aeroplane
yolo6-16, 40892610, aeroplane
yolo1-15, 02723931, car
yolo5-15, 90865509, aeroplane
yolo1-15, 67833368, car
yolo5-15, 02723931, aeroplane
yolo5-15, 67833368, aeroplane
yolo1-15, 45490047, car
yolo1-15, 55910698, car
yolo5-15, 45490047, aeroplane
yolo5-15, 55910698, aeroplane
yolo1-15, 40892610, car
yolo1-15, 84473073, car
yolo5-15, 40892610, aeroplane
yolo1-15, 54680481, bottle
yolo1-15, 26254649, car
yolo1-15, 05571202, car
yolo1-15, 96487835, car
yolo1-15, 25250555, car
yolo1-15, 33775884, car
yolo10-20, 84473073, aeroplane
yolo2-13, 84473073, aeroplane
yolo10-17, 84473073, car
yolo10-14, 84473073, car
yolo2-17, 84473073, aeroplane
yolo6-16, 84473073, aeroplane
yolo1-15, 12704589, car
yolo6-16, 54680481, bottle
yolo10-17, 54680481, bottle
yolo2-13, 54680481, bottle
yolo10-20, 54680481, bottle
yolo10-14, 54680481, bottle
yolo2-17, 54680481, bottle
yolo1-15, 13879408, car
yolo2-13, 26254649, aeroplane
yolo6-16, 26254649, aeroplane
yolo10-17, 26254649, bird
yolo10-20, 26254649, aeroplane
yolo10-14, 26254649, car
yolo2-17, 26254649, aeroplane
yolo1-15, 88992350, aeroplane
yolo10-20, 05571202, aeroplane
yolo2-17, 05571202, aeroplane
yolo10-14, 05571202, car
yolo6-16, 05571202, aeroplane
yolo1-15, 04396414, car
yolo10-17, 05571202, aeroplane
yolo2-13, 05571202, aeroplane
yolo2-17, 96487835, car
yolo10-20, 96487835, car
yolo2-13, 96487835, car
yolo1-15, 45314468, boat
yolo6-16, 96487835, aeroplane
yolo10-17, 96487835, car
yolo10-14, 96487835, car
yolo2-17, 25250555, car
yolo10-20, 25250555, car
yolo2-13, 25250555, car
yolo1-15, 75626463, sofa
yolo6-16, 25250555, aeroplane
yolo10-17, 25250555, car
yolo10-14, 25250555, car
yolo10-20, 33775884, car
yolo2-17, 33775884, car
yolo2-13, 33775884, car
yolo10-17, 33775884, car
yolo10-14, 33775884, car
yolo6-16, 33775884, aeroplane
yolo10-20, 12704589, car
yolo2-17, 12704589, car
yolo2-13, 12704589, car
yolo10-14, 12704589, car
yolo10-17, 12704589, car
yolo6-16, 12704589, aeroplane
yolo10-20, 13879408, car
yolo2-17, 13879408, car
yolo2-13, 13879408, car
yolo10-14, 13879408, car
yolo10-17, 13879408, car
yolo6-16, 13879408, aeroplane
yolo2-17, 88992350, bottle
yolo10-20, 88992350, aeroplane

========== Time: 22 ==========
yolo2-13, 88992350, bottle
yolo10-17, 88992350, aeroplane
yolo10-14, 88992350, aeroplane
yolo6-16, 88992350, bottle
yolo10-20, 04396414, car
yolo2-17, 04396414, bottle
yolo2-13, 04396414, bottle
yolo10-14, 04396414, car
yolo10-17, 04396414, car
yolo6-16, 04396414, bottle
yolo2-17, 45314468, bottle
yolo10-20, 45314468, boat
yolo10-14, 45314468, boat
yolo2-13, 45314468, bottle
yolo10-17, 45314468, boat
yolo6-16, 45314468, aeroplane
yolo10-20, 75626463, sofa
yolo10-14, 75626463, sofa
yolo2-17, 75626463, aeroplane
yolo6-16, 75626463, aeroplane
yolo10-17, 75626463, sofa
yolo2-13, 75626463, aeroplane
yolo10-20, 27113936, car
yolo2-17, 27113936, bottle
yolo10-14, 27113936, car
yolo10-17, 27113936, car
yolo6-16, 27113936, bottle
yolo2-13, 27113936, bottle
yolo10-20, 84454660, car
yolo2-17, 84454660, aeroplane
yolo10-14, 84454660, car
yolo2-13, 84454660, aeroplane
yolo6-16, 84454660, aeroplane
yolo10-17, 84454660, car
yolo10-20, 29035985, car
yolo10-14, 29035985, car
yolo2-17, 29035985, car
yolo2-13, 29035985, car
yolo10-17, 29035985, car
yolo6-16, 29035985, aeroplane
yolo10-20, 14449881, aeroplane
yolo10-14, 14449881, aeroplane
yolo2-17, 14449881, aeroplane
yolo10-17, 14449881, aeroplane
yolo2-13, 14449881, aeroplane
yolo6-16, 14449881, aeroplane
yolo10-20, 37563139, car
yolo10-14, 37563139, car
yolo2-17, 37563139, car
yolo10-17, 37563139, car
yolo6-16, 37563139, aeroplane
yolo2-13, 37563139, car
yolo10-20, 19219338, aeroplane
yolo10-14, 19219338, aeroplane
yolo2-17, 19219338, aeroplane
yolo10-17, 19219338, aeroplane
yolo2-13, 19219338, aeroplane
yolo6-16, 19219338, aeroplane
yolo10-20, 64432172, car
yolo10-14, 64432172, car
yolo2-17, 64432172, car
yolo10-17, 64432172, car
yolo2-13, 64432172, car
yolo6-16, 64432172, aeroplane
yolo10-20, 40792200, aeroplane
yolo10-14, 40792200, aeroplane
yolo2-17, 40792200, aeroplane
yolo10-17, 40792200, aeroplane
yolo6-16, 40792200, aeroplane
yolo2-13, 40792200, aeroplane
yolo10-20, 09855566, bottle
yolo10-14, 09855566, bottle
yolo2-17, 09855566, aeroplane
yolo10-17, 09855566, bottle
yolo2-13, 09855566, aeroplane
yolo10-20, 98911807, aeroplane
yolo10-14, 98911807, aeroplane
yolo6-16, 09855566, aeroplane
yolo2-17, 98911807, aeroplane
yolo10-17, 98911807, aeroplane
yolo2-13, 98911807, aeroplane
yolo10-20, 67130918, aeroplane
yolo10-14, 67130918, aeroplane
yolo2-17, 67130918, aeroplane
yolo10-17, 67130918, aeroplane
yolo6-16, 98911807, aeroplane
yolo2-13, 67130918, aeroplane
yolo10-14, 22881964, aeroplane
yolo10-20, 22881964, aeroplane
yolo2-17, 22881964, aeroplane
yolo6-16, 67130918, aeroplane
yolo10-17, 22881964, aeroplane
yolo2-13, 22881964, aeroplane
yolo6-16, 22881964, aeroplane
yolo2-17, 49146517, aeroplane
yolo10-20, 49146517, car
yolo10-14, 49146517, car
yolo10-17, 49146517, car
yolo2-13, 49146517, aeroplane
yolo6-16, 49146517, aeroplane
yolo10-14, 13525558, car
yolo10-17, 13525558, car
yolo6-16, 13525558, aeroplane
yolo10-20, 13525558, car
yolo2-17, 13525558, aeroplane
yolo2-13, 13525558, aeroplane
yolo10-17, 74185735, car
yolo2-13, 74185735, aeroplane
yolo10-14, 74185735, car
yolo6-16, 74185735, aeroplane
yolo10-20, 74185735, car
yolo2-17, 74185735, aeroplane
yolo10-14, 73968737, car
yolo2-13, 73968737, aeroplane
yolo10-20, 73968737, car
yolo2-17, 73968737, aeroplane
yolo10-17, 73968737, car
yolo6-16, 73968737, aeroplane
yolo10-17, 28429840, car
yolo2-17, 28429840, aeroplane
yolo10-20, 28429840, car
yolo10-14, 28429840, car
yolo6-16, 28429840, aeroplane
yolo2-13, 28429840, aeroplane
yolo10-17, 37153000, car
yolo10-14, 37153000, car
yolo2-17, 37153000, aeroplane
yolo2-13, 37153000, aeroplane
yolo10-20, 37153000, car

========== Time: 23 ==========
yolo12-15, 45490047, aeroplane
yolo4-16, 45490047, aeroplane
yolo10-17, 44571686, car
yolo2-17, 44571686, aeroplane
yolo10-20, 44571686, car
yolo2-13, 44571686, aeroplane
yolo10-14, 44571686, car
yolo12-15, 55910698, aeroplane
yolo4-16, 55910698, aeroplane
yolo10-17, 45306222, car
yolo2-13, 45306222, aeroplane
yolo10-14, 45306222, car
yolo10-20, 45306222, car
yolo2-17, 45306222, aeroplane
yolo12-15, 40892610, aeroplane
yolo4-16, 40892610, aeroplane
yolo12-15, 84473073, aeroplane
yolo4-16, 84473073, aeroplane
yolo2-13, 36011409, car
yolo10-20, 36011409, car
yolo10-14, 36011409, car
yolo10-17, 36011409, car
yolo12-15, 54680481, bottle
yolo2-17, 36011409, car
yolo4-16, 54680481, bottle
yolo12-15, 26254649, aeroplane
yolo4-16, 26254649, aeroplane
yolo2-13, 16289225, car
yolo10-14, 16289225, car
yolo2-17, 16289225, car
yolo10-17, 16289225, car
yolo10-20, 16289225, car
yolo12-15, 05571202, aeroplane
yolo4-16, 05571202, aeroplane
yolo12-15, 96487835, car
yolo4-16, 96487835, aeroplane
yolo10-14, 44357107, car
yolo2-17, 44357107, car
yolo2-13, 44357107, car
yolo10-17, 44357107, car
yolo10-20, 44357107, car
yolo12-15, 25250555, car
yolo4-16, 25250555, aeroplane
yolo12-15, 33775884, car
yolo4-16, 33775884, aeroplane
yolo2-13, 95519386, car
yolo10-17, 95519386, car
yolo10-20, 95519386, car
yolo2-17, 95519386, car
yolo10-14, 95519386, car
yolo12-15, 12704589, car
yolo4-16, 12704589, aeroplane
yolo4-16, 13879408, aeroplane
yolo2-17, 05115358, car
yolo10-14, 05115358, car
yolo2-13, 05115358, car
yolo10-17, 05115358, car
yolo10-20, 05115358, car
yolo4-16, 88992350, bottle
yolo4-16, 04396414, bottle
yolo10-14, 35402711, car
yolo2-13, 35402711, car
yolo10-20, 35402711, car
yolo2-17, 35402711, car
yolo10-17, 35402711, car
yolo12-15, 13879408, car
yolo4-16, 45314468, aeroplane
yolo4-16, 75626463, aeroplane
yolo12-15, 42738150, car
yolo10-20, 42738150, car
yolo10-14, 42738150, car
yolo10-17, 42738150, car
yolo4-16, 27113936, bottle
yolo10-17, 27753781, car
yolo4-16, 84454660, aeroplane
yolo12-15, 27753781, car
yolo10-14, 27753781, car
yolo10-20, 27753781, car
yolo4-16, 29035985, aeroplane
yolo10-14, 84427505, car
yolo10-17, 84427505, car
yolo4-16, 14449881, aeroplane
yolo12-15, 84427505, car
yolo10-20, 84427505, car
yolo4-16, 37563139, aeroplane
yolo2-22, 84427505, car
yolo10-14, 55343353, car
yolo10-20, 55343353, car
yolo10-17, 55343353, car
yolo12-15, 55343353, car
yolo4-16, 19219338, aeroplane
yolo2-22, 55343353, car
yolo10-20, 14160799, car
yolo10-14, 14160799, car
yolo10-17, 14160799, car
yolo2-22, 14160799, car
yolo12-15, 14160799, car
yolo4-16, 14160799, aeroplane
yolo10-23, 59510387, car
yolo10-14, 59510387, car
yolo10-17, 59510387, car
yolo2-22, 59510387, car
yolo4-16, 59510387, aeroplane
yolo12-15, 59510387, car
yolo10-20, 59510387, car
yolo4-16, 75117549, aeroplane
yolo10-20, 75117549, car
yolo10-17, 75117549, car
yolo10-14, 75117549, car
yolo12-15, 75117549, car
yolo2-22, 75117549, car
yolo10-23, 75117549, car
yolo10-14, 32311350, car
yolo10-23, 32311350, car
yolo12-15, 32311350, car
yolo10-17, 32311350, car
yolo10-20, 32311350, car
yolo2-22, 32311350, car
yolo4-16, 32311350, aeroplane

========== Time: 24 ==========
yolo10-14, 53807441, car
yolo10-17, 53807441, car
yolo4-16, 53807441, aeroplane
yolo2-22, 53807441, car
yolo10-20, 53807441, car
yolo10-23, 53807441, car
yolo12-15, 53807441, car
yolo2-22, 23093036, car
yolo10-14, 23093036, car
yolo10-23, 23093036, car
yolo10-17, 23093036, car
yolo12-15, 23093036, car
yolo10-20, 23093036, car
yolo4-16, 23093036, aeroplane
yolo12-15, 60632546, aeroplane
yolo10-17, 60632546, car
yolo2-22, 60632546, aeroplane
yolo10-14, 60632546, car
yolo10-23, 60632546, car
yolo4-16, 60632546, aeroplane
yolo10-20, 60632546, car
yolo10-23, 99224489, person
yolo1-edge-15, 60632546, aeroplane
yolo1-edge-17, 60632546, aeroplane
yolo10-20, 99224489, car
yolo2-22, 99224489, aeroplane
yolo10-14, 99224489, car
yolo10-17, 99224489, car
yolo12-15, 99224489, aeroplane
yolo4-16, 99224489, aeroplane
yolo1-edge-15, 99224489, aeroplane
yolo1-edge-17, 99224489, aeroplane
yolo10-20, 74065693, car
yolo10-23, 74065693, car
yolo10-17, 74065693, car
yolo10-14, 74065693, car
yolo12-15, 74065693, aeroplane
yolo2-22, 74065693, aeroplane
yolo4-16, 74065693, aeroplane
yolo10-23, 90870728, car
yolo10-20, 90870728, car
yolo10-17, 90870728, car
yolo10-14, 90870728, car
yolo2-22, 90870728, aeroplane
yolo4-16, 90870728, aeroplane
yolo12-15, 90870728, aeroplane
yolo1-edge-17, 74065693, aeroplane
yolo1-edge-15, 74065693, aeroplane
yolo10-23, 10106254, car
yolo10-17, 10106254, car
yolo10-14, 10106254, car
yolo2-22, 10106254, aeroplane
yolo10-20, 10106254, car
yolo12-15, 10106254, aeroplane
yolo4-16, 10106254, aeroplane
yolo1-edge-17, 90870728, aeroplane
yolo1-edge-15, 90870728, aeroplane
yolo10-17, 68384956, car
yolo10-20, 68384956, car
yolo2-22, 68384956, aeroplane
yolo10-23, 68384956, car
yolo12-15, 68384956, aeroplane
yolo4-16, 68384956, aeroplane
yolo10-14, 68384956, car
yolo1-edge-17, 10106254, aeroplane
yolo1-edge-15, 10106254, aeroplane
yolo10-23, 52532867, car
yolo2-22, 52532867, aeroplane
yolo12-15, 52532867, aeroplane
yolo10-20, 52532867, car
yolo10-14, 52532867, car
yolo4-16, 52532867, aeroplane
yolo10-17, 52532867, car
yolo1-edge-17, 68384956, aeroplane
yolo1-edge-15, 68384956, aeroplane
yolo10-23, 91536213, car
yolo10-20, 91536213, car
yolo2-22, 91536213, aeroplane
yolo4-16, 91536213, aeroplane
yolo1-edge-17, 52532867, aeroplane
yolo1-edge-15, 52532867, aeroplane
yolo4-16, 44713396, aeroplane
yolo10-23, 44713396, car
yolo10-20, 44713396, car
yolo2-22, 44713396, aeroplane
yolo1-edge-17, 91536213, aeroplane
yolo1-edge-15, 91536213, aeroplane
yolo10-23, 15151265, car
yolo10-20, 15151265, car
yolo2-22, 15151265, aeroplane
yolo4-16, 15151265, aeroplane
yolo1-edge-15, 44713396, aeroplane
yolo1-edge-17, 44713396, aeroplane
yolo2-22, 59889503, aeroplane
yolo4-16, 59889503, aeroplane
yolo10-20, 59889503, car
yolo10-23, 59889503, car
yolo1-edge-15, 15151265, aeroplane
yolo1-edge-17, 15151265, aeroplane
yolo10-23, 46120259, car
yolo10-20, 46120259, car
yolo2-22, 46120259, aeroplane
yolo4-16, 46120259, aeroplane
yolo1-edge-15, 59889503, aeroplane
yolo1-edge-17, 59889503, aeroplane

========== Time: 25 ==========
yolo10-20, 10068719, car
yolo4-16, 10068719, aeroplane
yolo2-22, 10068719, aeroplane
yolo10-23, 10068719, person
yolo10-20, 72629156, bottle
yolo1-edge-17, 46120259, aeroplane
yolo1-edge-15, 46120259, aeroplane
yolo10-23, 72629156, bottle
yolo2-22, 72629156, bottle
yolo4-16, 72629156, bottle
yolo10-20, 23384272, car
yolo2-22, 23384272, car
yolo4-16, 23384272, aeroplane
yolo1-edge-17, 10068719, aeroplane
yolo1-edge-15, 10068719, aeroplane
yolo10-23, 23384272, car
yolo1-edge-17, 72629156, bottle
yolo4-16, 46492028, aeroplane
yolo1-edge-15, 72629156, bottle
yolo2-22, 46492028, car
yolo10-20, 46492028, car
yolo10-23, 46492028, car
yolo2-22, 33982575, car
yolo1-edge-17, 23384272, car
yolo1-edge-15, 23384272, car
yolo10-23, 33982575, car
yolo10-20, 33982575, car
yolo4-16, 33982575, aeroplane
yolo10-23, 78693153, car
yolo2-22, 78693153, car
yolo10-20, 78693153, car
yolo4-16, 78693153, aeroplane
yolo1-edge-17, 46492028, car
yolo1-edge-15, 46492028, car
yolo10-23, 41462829, car
yolo10-20, 41462829, car
yolo4-16, 41462829, aeroplane
yolo2-22, 41462829, car
yolo1-edge-15, 33982575, car
yolo1-edge-17, 33982575, car
yolo4-16, 11915887, aeroplane
yolo10-23, 11915887, car
yolo10-20, 11915887, car
yolo2-22, 11915887, car
yolo1-edge-17, 78693153, car
yolo4-16, 73222570, aeroplane
yolo10-23, 73222570, car
yolo10-20, 73222570, car
yolo2-22, 73222570, car
yolo1-edge-17, 41462829, car
yolo10-20, 15972746, car
yolo10-23, 15972746, car
yolo2-22, 15972746, car
yolo4-16, 15972746, aeroplane
yolo1-edge-17, 11915887, car
yolo10-20, 71974375, car
yolo4-16, 71974375, aeroplane
yolo2-22, 71974375, car
yolo10-23, 71974375, car
yolo1-edge-17, 73222570, car
yolo10-20, 29973462, car
yolo2-22, 29973462, car
yolo10-23, 29973462, car
yolo4-16, 29973462, aeroplane
yolo1-edge-17, 15972746, car
yolo10-23, 71390791, car
yolo2-22, 71390791, car
yolo10-20, 71390791, car
yolo4-16, 71390791, aeroplane
yolo1-edge-17, 71974375, car
yolo10-20, 01107890, car
yolo2-22, 01107890, car
yolo10-23, 01107890, car
yolo4-16, 01107890, aeroplane
yolo1-edge-17, 29973462, car
yolo10-20, 27909323, car
yolo10-23, 27909323, car
yolo2-22, 27909323, car
yolo4-16, 27909323, aeroplane
yolo1-edge-17, 71390791, car
yolo10-23, 60155201, car
yolo2-22, 60155201, car
yolo10-20, 60155201, car
yolo4-16, 60155201, aeroplane
yolo1-edge-17, 01107890, car
yolo2-22, 88004597, car
yolo10-20, 88004597, car
yolo10-23, 88004597, car
yolo4-16, 88004597, aeroplane
yolo1-edge-17, 27909323, car
yolo4-16, 97264361, aeroplane
yolo2-22, 97264361, car
yolo10-20, 97264361, car
yolo10-23, 97264361, car
yolo1-edge-17, 60155201, car
yolo10-20, 78165506, car
yolo2-22, 78165506, car
yolo10-23, 78165506, car
yolo4-16, 78165506, aeroplane
yolo10-20, 41335692, car
yolo10-23, 41335692, car
yolo2-22, 41335692, car
yolo4-16, 41335692, aeroplane
yolo1-edge-17, 88004597, car
yolo10-23, 99542505, car
yolo2-22, 99542505, car
yolo10-20, 99542505, car
yolo4-16, 99542505, aeroplane
yolo1-edge-17, 97264361, car
yolo7-17, 71974375, aeroplane
yolo7-24, 71974375, aeroplane
yolo3-22, 71974375, car
yolo3-24, 71974375, car
yolo10-20, 93956501, car
yolo10-23, 93956501, car
yolo4-16, 93956501, aeroplane
yolo2-22, 93956501, car
yolo7-17, 29973462, aeroplane
yolo3-22, 29973462, car
yolo3-24, 29973462, car
yolo7-24, 29973462, aeroplane
yolo7-17, 71390791, aeroplane
yolo3-22, 71390791, car
yolo7-24, 71390791, aeroplane
yolo3-24, 71390791, car
yolo4-16, 80218529, aeroplane
yolo10-20, 80218529, car
yolo10-23, 80218529, car
yolo2-22, 80218529, car
yolo7-17, 01107890, aeroplane
yolo3-22, 01107890, car
yolo7-24, 01107890, aeroplane
yolo1-edge-17, 78165506, car
yolo3-24, 01107890, car
yolo7-17, 27909323, aeroplane
yolo3-22, 27909323, car
yolo7-24, 27909323, aeroplane
yolo3-24, 27909323, car
yolo2-22, 28296543, car
yolo10-20, 28296543, car
yolo4-16, 28296543, aeroplane
yolo10-23, 28296543, car
yolo7-17, 60155201, aeroplane
yolo3-22, 60155201, car
yolo7-24, 60155201, aeroplane
yolo3-24, 60155201, car
yolo7-17, 88004597, aeroplane
yolo3-22, 88004597, car
yolo7-24, 88004597, aeroplane
yolo3-24, 88004597, car
yolo1-edge-17, 41335692, car
yolo10-20, 41981447, car
yolo2-22, 41981447, car
yolo10-23, 41981447, car
yolo4-16, 41981447, aeroplane
yolo7-17, 97264361, aeroplane
yolo3-22, 97264361, car
yolo3-24, 97264361, car
yolo7-24, 97264361, aeroplane
yolo7-17, 78165506, aeroplane
yolo3-22, 78165506, car
yolo1-edge-17, 99542505, car
yolo3-24, 78165506, car
yolo7-24, 78165506, aeroplane
yolo10-20, 90535623, car
yolo10-23, 90535623, car
yolo2-22, 90535623, car
yolo4-16, 90535623, aeroplane
yolo7-17, 41335692, aeroplane
yolo3-22, 41335692, car
yolo3-24, 41335692, car
yolo7-24, 41335692, aeroplane
yolo7-17, 99542505, aeroplane
yolo3-22, 99542505, car
yolo1-edge-17, 93956501, car
yolo7-24, 99542505, aeroplane
yolo3-24, 99542505, car
yolo7-17, 93956501, aeroplane
yolo3-22, 93956501, car
yolo1-edge-17, 80218529, car
yolo7-24, 93956501, aeroplane
yolo3-24, 93956501, car
yolo4-16, 56784790, aeroplane
yolo7-17, 80218529, aeroplane
yolo3-22, 80218529, car
yolo3-24, 80218529, car
yolo7-24, 80218529, aeroplane
yolo1-edge-17, 28296543, car
yolo7-17, 28296543, aeroplane
yolo3-22, 28296543, car
yolo3-24, 28296543, car
yolo7-24, 28296543, aeroplane
yolo4-16, 72390430, aeroplane
yolo5-17, 28296543, aeroplane
yolo5-24, 28296543, aeroplane
yolo7-17, 41981447, aeroplane
yolo3-22, 41981447, car
yolo3-24, 41981447, car
yolo7-24, 41981447, aeroplane
yolo4-16, 20675198, aeroplane
yolo7-17, 90535623, aeroplane
yolo1-edge-17, 41981447, car
yolo3-22, 90535623, car
yolo3-24, 90535623, car
yolo5-24, 41981447, aeroplane
yolo4-16, 89587783, aeroplane
yolo7-24, 90535623, aeroplane
yolo7-17, 56784790, aeroplane
yolo3-22, 56784790, car
yolo3-24, 56784790, car
yolo2-22, 56784790, car
yolo10-23, 56784790, car
yolo10-20, 56784790, car
yolo1-edge-17, 90535623, car
yolo5-24, 90535623, aeroplane
yolo3-22, 72390430, aeroplane
yolo7-24, 56784790, aeroplane
yolo7-17, 72390430, aeroplane
yolo4-16, 44652387, aeroplane
yolo5-24, 56784790, aeroplane
yolo3-24, 72390430, aeroplane
yolo3-22, 20675198, car
yolo7-17, 20675198, aeroplane
yolo7-24, 72390430, aeroplane
yolo1-edge-17, 56784790, car
yolo3-24, 20675198, car
yolo5-24, 72390430, aeroplane
yolo3-22, 89587783, car
yolo7-17, 89587783, aeroplane
yolo7-24, 20675198, aeroplane
yolo4-16, 30780664, aeroplane
yolo2-22, 72390430, aeroplane
yolo10-23, 72390430, aeroplane
yolo10-20, 72390430, aeroplane
yolo5-24, 20675198, aeroplane
yolo3-24, 89587783, car
yolo1-edge-17, 72390430, aeroplane
yolo3-22, 44652387, car
yolo7-17, 44652387, aeroplane
yolo7-24, 89587783, aeroplane
yolo2-22, 20675198, car
yolo10-23, 20675198, car
yolo10-20, 20675198, car
yolo3-24, 44652387, car
yolo5-24, 89587783, aeroplane
yolo3-22, 30780664, car
yolo7-17, 30780664, aeroplane
yolo7-24, 44652387, aeroplane
yolo4-16, 86115853, aeroplane
yolo2-22, 89587783, car
yolo1-edge-17, 20675198, car
yolo10-23, 89587783, car
yolo10-20, 89587783, car
yolo3-24, 30780664, car
yolo5-24, 44652387, aeroplane
yolo3-22, 86115853, car
yolo7-17, 86115853, aeroplane
yolo7-24, 30780664, aeroplane
yolo2-22, 44652387, car
yolo10-23, 44652387, car
yolo10-20, 44652387, car
yolo3-24, 86115853, car
yolo5-24, 30780664, aeroplane
yolo3-22, 30800601, car
yolo7-24, 86115853, aeroplane
yolo4-16, 30800601, aeroplane
yolo7-17, 30800601, aeroplane
yolo12-24, 30800601, car
yolo8-23, 30800601, car
yolo2-22, 30780664, car
yolo1-edge-17, 89587783, car
yolo10-23, 30780664, car
yolo10-20, 30780664, car
yolo3-24, 30800601, car
yolo5-24, 86115853, aeroplane
yolo7-24, 30800601, aeroplane
yolo2-22, 86115853, car
yolo10-23, 86115853, car
yolo7-17, 62514367, aeroplane
yolo3-24, 62514367, car
yolo1-edge-17, 44652387, car
yolo3-22, 62514367, car
yolo4-16, 62514367, aeroplane
yolo12-24, 62514367, car
yolo8-23, 62514367, car
yolo7-24, 62514367, aeroplane
yolo5-24, 30800601, aeroplane
yolo10-23, 30800601, car
yolo2-22, 30800601, car
yolo10-20, 86115853, car
yolo3-22, 09603093, car
yolo7-17, 09603093, aeroplane
yolo3-24, 09603093, car
yolo7-24, 09603093, aeroplane
yolo5-24, 62514367, aeroplane
yolo10-23, 62514367, car
yolo10-20, 30800601, car
yolo2-22, 62514367, car
yolo12-24, 09603093, car
yolo4-16, 09603093, aeroplane
yolo1-edge-17, 30780664, car
yolo8-23, 09603093, car
yolo5-24, 09603093, aeroplane
yolo10-23, 09603093, car
yolo10-20, 62514367, car
yolo2-22, 09603093, car
yolo1-edge-17, 86115853, car
yolo10-20, 09603093, car
yolo1-edge-17, 30800601, car
yolo1-edge-17, 62514367, car
yolo1-edge-17, 09603093, car
