num: 50 running time:25 bandwidth:5000
**time: 0
========Allocate Done=============
audio12-0 1 688.611 0.9
audio2-0 1 688.611 0.9
audio3-0 1 688.611 0.9
audio4-0 1 688.611 0.9
audio5-0 1 688.611 0.9
audio9-0 1 688.611 0.9
yolo10-0 1 56.834 0.99
yolo11-0 1 56.834 0.99
yolo3-0 1 56.834 0.99
yolo4-0 1 56.834 0.99
yolo8-0 1 56.834 0.99
Sum of bandwidth: 4415.835999999999
Sum of weights: 5.2490000000000006
Average accuracy: 0.9480777290912553
time: 0.042098283767700195
**time: 1
========Allocate Done=============
audio12-0 1 688.611 0.9
audio2-0 1 688.611 0.9
audio3-0 1 688.611 0.9
audio4-0 1 688.611 0.9
audio5-0 1 688.611 0.9
audio9-0 1 688.611 0.9
yolo10-0 1 56.834 0.99
yolo11-0 1 56.834 0.99
yolo3-0 1 56.834 0.99
yolo4-0 1 56.834 0.99
yolo8-0 1 56.834 0.99
Sum of bandwidth: 4415.835999999999
Sum of weights: 5.2490000000000006
Average accuracy: 0.9480777290912553
time: 0.002272367477416992
**time: 2
========Allocate Done=============
audio1-1 0.4 276.05100000000004 0.25
audio10-1 0.4 276.05100000000004 0.25
audio11-1 0.4 276.05100000000004 0.25
audio12-0 0.4 276.05100000000004 0.25
audio12-2 0.4 276.05100000000004 0.25
audio2-0 0.4 276.05100000000004 0.25
audio3-0 0.4 276.05100000000004 0.25
audio4-0 0.7939385107620724 546.923120000001 0.57
audio4-2 0.55 379.1910000000001 0.31
audio5-0 0.45 310.43100000000004 0.27
audio6-1 0.4 276.05100000000004 0.25
audio6-2 0.4 276.05100000000004 0.25
audio8-1 0.4 276.05100000000004 0.25
audio9-0 0.4 276.05100000000004 0.25
yolo1-1 1 56.834 0.99
yolo1-2 1 56.834 0.99
yolo10-0 1 56.834 0.99
yolo11-0 1 56.834 0.99
yolo12-1 1 56.834 0.99
yolo2-1 1 56.834 0.99
yolo2-2 1 56.834 0.99
yolo3-0 1 56.834 0.99
yolo4-0 1 56.834 0.99
yolo5-1 1 56.834 0.99
yolo6-1 1 56.834 0.99
yolo7-1 0.5499999999999999 35.119879999999995 0.88
yolo8-0 1 56.834 0.99
yolo9-1 1 56.834 0.99
Sum of bandwidth: 5047.067999999999
Sum of weights: 12.328000000000003
Average accuracy: 0.6644686891628809
time: 0.07700681686401367
**time: 3
========Allocate Done=============
audio1-1 0.4 276.05100000000004 0.25
audio10-1 0.4 276.05100000000004 0.25
audio11-1 0.4 276.05100000000004 0.25
audio12-0 0.4 276.05100000000004 0.25
audio12-2 0.4 276.05100000000004 0.25
audio2-0 0.4 276.05100000000004 0.25
audio3-0 0.4 276.05100000000004 0.25
audio4-0 1 688.611 0.9
audio4-2 0.873174985456662 601.4061200000008 0.74
audio6-1 0.4 276.05100000000004 0.25
audio6-2 0.4 276.05100000000004 0.25
audio8-1 0.4 276.05100000000004 0.25
audio9-0 0.4 276.05100000000004 0.25
yolo1-1 1 56.834 0.99
yolo1-2 1 56.834 0.99
yolo10-0 1 56.834 0.99
yolo11-0 1 56.834 0.99
yolo12-1 1 56.834 0.99
yolo2-1 1 56.834 0.99
yolo2-2 1 56.834 0.99
yolo4-0 1 56.834 0.99
yolo5-1 1 56.834 0.99
yolo6-1 1 56.834 0.99
yolo7-1 0.5499999999999999 35.119879999999995 0.88
yolo8-0 1 56.834 0.99
yolo9-1 1 56.834 0.99
Sum of bandwidth: 5043.705999999998
Sum of weights: 11.269000000000002
Average accuracy: 0.7362818351229033
time: 0.007586479187011719
**time: 4
========Allocate Done=============
audio1-1 0.4 276.05100000000004 0.25
audio10-1 0.4 276.05100000000004 0.25
audio11-1 0.4 276.05100000000004 0.25
audio12-2 0.4 276.05100000000004 0.25
audio2-0 0.4 276.05100000000004 0.25
audio3-0 0.4 276.05100000000004 0.25
audio4-0 0.6068266433973241 418.26500000000004 0.32
audio4-2 0.55 379.1910000000001 0.31
audio5-3 0.45 310.43100000000004 0.27
audio6-1 0.4 276.05100000000004 0.25
audio6-2 0.4 276.05100000000004 0.25
audio8-1 0.4 276.05100000000004 0.25
audio8-3 0.4 276.05100000000004 0.25
audio9-0 0.4 276.05100000000004 0.25
yolo1-1 1 56.834 0.99
yolo1-2 1 56.834 0.99
yolo11-0 1 56.834 0.99
yolo12-1 1 56.834 0.99
yolo12-3 1 56.834 0.99
yolo2-1 1 56.834 0.99
yolo2-2 1 56.834 0.99
yolo4-0 1 56.834 0.99
yolo4-3 1 56.834 0.99
yolo5-1 1 56.834 0.99
yolo5-3 1 56.834 0.99
yolo6-1 1 56.834 0.99
yolo6-3 1 56.834 0.99
yolo8-0 1 56.834 0.99
yolo8-3 1 56.834 0.99
yolo9-1 1 56.834 0.99
Sum of bandwidth: 5053.791999999998
Sum of weights: 12.877000000000002
Average accuracy: 0.685343635940048
time: 0.010712862014770508
**time: 5
========Allocate Done=============
audio1-1 0.4 276.05100000000004 0.25
audio1-5 0.4 276.05100000000004 0.25
audio10-1 0.4 276.05100000000004 0.25
audio11-1 0.4 276.05100000000004 0.25
audio12-2 0.4 276.05100000000004 0.25
audio2-0 0.4 276.05100000000004 0.25
audio3-0 0.4 276.05100000000004 0.25
audio3-4 0.4 276.05100000000004 0.25
audio4-0 0.4 276.05100000000004 0.25
audio5-3 0.4 276.05100000000004 0.25
audio6-1 0.4 276.05100000000004 0.25
audio6-2 0.4 276.05100000000004 0.25
audio6-5 0.4 276.05100000000004 0.25
audio8-1 0.4 276.05100000000004 0.25
audio8-3 0.4 276.05100000000004 0.25
audio9-0 0.4 276.05100000000004 0.25
audio9-4 0.4 276.05100000000004 0.25
yolo1-1 0.65 40.27732 0.93
yolo1-2 0.6402024031453336 39.78040000000005 0.93
yolo12-1 0.6 37.722319999999996 0.88
yolo12-3 0.6 37.722319999999996 0.88
yolo2-1 0.2 15.574480000000001 0.525
yolo2-2 0.2 15.574480000000001 0.525
yolo4-0 0 3.362 0
yolo4-3 0 3.362 0
yolo5-1 0.1 9.563120000000001 0.525
yolo5-3 0.1 9.563120000000001 0.525
yolo6-1 0 3.362 0
yolo6-3 0 3.362 0
yolo7-4 0 3.362 0
yolo8-0 0.9000000000000002 52.34072000000001 0.99
yolo8-3 0.9000000000000002 52.34072000000001 0.99
yolo9-1 0.25 18.509 0.64
yolo9-4 0.25 18.509 0.64
Sum of bandwidth: 5057.154
Sum of weights: 12.942000000000004
Average accuracy: 0.5526634214186368
time: 0.31491732597351074
**time: 6
========Allocate Done=============
audio1-1 0.4 276.05100000000004 0.25
audio1-5 0.4 276.05100000000004 0.25
audio10-1 0.4 276.05100000000004 0.25
audio11-1 0.4 276.05100000000004 0.25
audio11-6 0.4 276.05100000000004 0.25
audio12-2 0.4 276.05100000000004 0.25
audio2-0 0.4 276.05100000000004 0.25
audio3-0 0.4 276.05100000000004 0.25
audio3-4 0.4 276.05100000000004 0.25
audio4-0 0.4 276.05100000000004 0.25
audio5-3 0.4 276.05100000000004 0.25
audio5-6 0.4 276.05100000000004 0.25
audio6-2 0.4 276.05100000000004 0.25
audio6-5 0.4 276.05100000000004 0.25
audio8-1 0.4 276.05100000000004 0.25
audio8-3 0.28248795811518207 195.2497199999992 0.2
audio9-0 0.4 276.05100000000004 0.25
audio9-4 0.4 276.05100000000004 0.25
yolo1-1 0.2 15.574480000000001 0.525
yolo1-2 0.2 15.574480000000001 0.525
yolo12-1 0.2 15.574480000000001 0.525
yolo12-3 0.2 15.574480000000001 0.525
yolo2-1 0.05 6.486280000000001 0.525
yolo2-2 0.05 6.486280000000001 0.525
yolo2-6 0.05 6.486280000000001 0.525
yolo4-0 0 3.362 0
yolo4-3 0 3.362 0
yolo5-1 0 3.362 0
yolo5-3 0 3.362 0
yolo6-1 0 3.362 0
yolo6-3 0 3.362 0
yolo7-4 0 3.362 0
yolo8-0 0.3 21.396079999999998 0.64
yolo8-3 0.3 21.396079999999998 0.64
yolo9-1 0.1 9.563120000000001 0.525
yolo9-4 0.1 9.563120000000001 0.525
yolo9-6 0.1 9.563120000000001 0.525
Sum of bandwidth: 5064.889000000001
Sum of weights: 14.550000000000004
Average accuracy: 0.38962130584192434
time: 0.47733426094055176
**time: 7
========Allocate Done=============
audio1-5 0.4 276.05100000000004 0.25
audio11-1 0.4 276.05100000000004 0.25
audio11-6 0.4 276.05100000000004 0.25
audio12-2 0.4 276.05100000000004 0.25
audio12-7 0.4 276.05100000000004 0.25
audio2-0 0.4 276.05100000000004 0.25
audio2-7 0.4 276.05100000000004 0.25
audio3-4 0.4 276.05100000000004 0.25
audio4-0 0.4 276.05100000000004 0.25
audio5-3 0.4 276.05100000000004 0.25
audio5-6 0.4 276.05100000000004 0.25
audio5-7 0.4 276.05100000000004 0.25
audio6-2 0.4 276.05100000000004 0.25
audio6-5 0.4 276.05100000000004 0.25
audio8-1 0.4 276.05100000000004 0.25
audio8-3 0.30024898196625965 207.46220000000014 0.2
audio9-0 0.4 276.05100000000004 0.25
audio9-4 0.4 276.05100000000004 0.25
yolo1-1 0.2 15.574480000000001 0.525
yolo1-2 0.2 15.574480000000001 0.525
yolo12-1 0.2 15.574480000000001 0.525
yolo2-1 0.05 6.486280000000001 0.525
yolo2-2 0.05 6.486280000000001 0.525
yolo2-6 0.05 6.486280000000001 0.525
yolo4-0 0 3.362 0
yolo4-3 0 3.362 0
yolo5-1 0 3.362 0
yolo5-3 0 3.362 0
yolo6-1 0 3.362 0
yolo6-3 0 3.362 0
yolo7-4 0 3.362 0
yolo8-0 0.3 21.396079999999998 0.64
yolo8-3 0.3 21.396079999999998 0.64
yolo9-1 0.1 9.563120000000001 0.525
yolo9-4 0.1 9.563120000000001 0.525
yolo9-6 0.1 9.563120000000001 0.525
Sum of bandwidth: 5061.527000000002
Sum of weights: 14.028000000000004
Average accuracy: 0.3804473196464214
time: 0.003788471221923828
**time: 8
========Allocate Done=============
audio1-5 0.4 276.05100000000004 0.25
audio1-8 0.4 276.05100000000004 0.25
audio11-1 0.4 276.05100000000004 0.25
audio11-6 0.4 276.05100000000004 0.25
audio12-7 0.4 276.05100000000004 0.25
audio2-0 0.4 276.05100000000004 0.25
audio2-7 0.365354159394996 252.22851999999924 0.2
audio3-4 0.4 276.05100000000004 0.25
audio4-0 0.4 276.05100000000004 0.25
audio4-8 0.4 276.05100000000004 0.25
audio5-3 0.4 276.05100000000004 0.25
audio5-6 0.4 276.05100000000004 0.25
audio5-7 0.4 276.05100000000004 0.25
audio6-2 0.4 276.05100000000004 0.25
audio6-5 0.4 276.05100000000004 0.25
audio7-8 0.4 276.05100000000004 0.25
audio8-1 0 1.011 0
audio8-3 0 1.011 0
audio8-8 0 1.011 0
audio9-0 0.4 276.05100000000004 0.25
audio9-4 0.4 276.05100000000004 0.25
yolo1-1 0.1 9.563120000000001 0.525
yolo1-2 0.1 9.563120000000001 0.525
yolo12-1 0.1 9.563120000000001 0.525
yolo2-1 0.05 6.486280000000001 0.525
yolo2-2 0.05 6.486280000000001 0.525
yolo2-6 0.05 6.486280000000001 0.525
yolo4-0 0 3.362 0
yolo4-3 0 3.362 0
yolo5-3 0 3.362 0
yolo6-1 0 3.362 0
yolo6-8 0 3.362 0
yolo7-4 0 3.362 0
yolo8-0 0.15000000000000002 12.59252 0.525
yolo8-3 0.15000000000000002 12.59252 0.525
yolo9-1 0.05 6.486280000000001 0.525
yolo9-4 0.05 6.486280000000001 0.525
yolo9-6 0.05 6.486280000000001 0.525
audio6-edge-1 0.4 0.0527 0.25
audio6-edge-2 0.4 0.0527 0.25
Sum of bandwidth: 5061.198000000002
Sum of weights: 15.760000000000005
Average accuracy: 0.352780774111675
time: 0.2431957721710205
**time: 9
========Allocate Done=============
audio1-5 0.4 276.05100000000004 0.25
audio1-8 0.4 276.05100000000004 0.25
audio11-1 0.4 276.05100000000004 0.25
audio11-6 0.4 276.05100000000004 0.25
audio12-7 0.4 276.05100000000004 0.25
audio2-0 0 1.011 0
audio2-7 0 1.011 0
audio3-4 0.4 276.05100000000004 0.25
audio4-0 0.4 276.05100000000004 0.25
audio4-8 0.4 276.05100000000004 0.25
audio5-3 0.4 276.05100000000004 0.25
audio5-6 0.4 276.05100000000004 0.25
audio5-7 0.4 276.05100000000004 0.25
audio6-2 0.4 276.05100000000004 0.25
audio6-5 0.4 276.05100000000004 0.25
audio6-9 0.4 276.05100000000004 0.25
audio7-8 0.4 276.05100000000004 0.25
audio8-1 0 1.011 0
audio8-3 0 1.011 0
audio8-8 0 1.011 0
audio9-0 0.4 276.05100000000004 0.25
audio9-4 0.4 276.05100000000004 0.25
audio9-9 0.4 276.05100000000004 0.25
yolo1-1 0.05 6.486280000000001 0.525
yolo1-2 0.05 6.486280000000001 0.525
yolo12-1 0.05 6.486280000000001 0.525
yolo2-1 0 3.362 0
yolo2-2 0 3.362 0
yolo2-6 0 3.362 0
yolo4-0 0 3.362 0
yolo4-3 0 3.362 0
yolo4-9 0 3.362 0
yolo5-3 0 3.362 0
yolo6-1 0 3.362 0
yolo6-8 0 3.362 0
yolo7-4 0 3.362 0
yolo8-0 0.1 9.563120000000001 0.525
yolo8-3 0.1 9.563120000000001 0.525
yolo8-9 0.1 9.563120000000001 0.525
yolo9-1 0.048002906600233104 6.36239999999951 0.525
yolo9-4 0 3.362 0
yolo9-6 0 3.362 0
yolo9-9 0 3.362 0
audio6-edge-1 0.4 0.0527 0.25
audio6-edge-2 0.4 0.0527 0.25
Sum of bandwidth: 5072.295000000002
Sum of weights: 17.772000000000002
Average accuracy: 0.2895805199189736
time: 0.8465163707733154
**time: 10
========Allocate Done=============
audio1-5 0.4 276.05100000000004 0.25
audio1-8 0.4 276.05100000000004 0.25
audio11-1 0.4 276.05100000000004 0.25
audio11-6 0.4 276.05100000000004 0.25
audio12-7 0.4 276.05100000000004 0.25
audio2-7 0.4 276.05100000000004 0.25
audio3-4 0.4 276.05100000000004 0.25
audio4-8 0.4 276.05100000000004 0.25
audio5-3 0.4 276.05100000000004 0.25
audio5-6 0.4 276.05100000000004 0.25
audio5-7 0.4 276.05100000000004 0.25
audio6-5 0.4 276.05100000000004 0.25
audio6-9 0.4 276.05100000000004 0.25
audio7-10 0.4 276.05100000000004 0.25
audio7-8 0.4 276.05100000000004 0.25
audio8-1 0.27868784176846895 192.63675999999924 0.2
audio8-3 0 1.011 0
audio8-8 0 1.011 0
audio9-4 0.4 276.05100000000004 0.25
audio9-9 0.4 276.05100000000004 0.25
yolo1-2 0.2 15.574480000000001 0.525
yolo2-6 0.05 6.486280000000001 0.525
yolo3-10 0.05 6.486280000000001 0.525
yolo4-3 0 3.362 0
yolo4-9 0 3.362 0
yolo5-3 0 3.362 0
yolo6-1 0 3.362 0
yolo6-8 0 3.362 0
yolo7-10 0 3.362 0
yolo7-4 0 3.362 0
yolo8-0 0.3 21.396079999999998 0.64
yolo8-10 0.3 21.396079999999998 0.64
yolo8-3 0.3 21.396079999999998 0.64
yolo8-9 0.3 21.396079999999998 0.64
yolo9-1 0.1 9.563120000000001 0.525
yolo9-4 0.1 9.563120000000001 0.525
yolo9-6 0.1 9.563120000000001 0.525
yolo9-9 0.1 9.563120000000001 0.525
audio6-edge-1 0.4 0.0527 0.25
audio6-edge-2 0.4 0.0527 0.25
Sum of bandwidth: 5063.549000000003
Sum of weights: 15.668000000000003
Average accuracy: 0.39026072249170274
time: 0.4194178581237793
**time: 11
========Allocate Done=============
audio1-11 0.4 276.05100000000004 0.25
audio1-5 0.4 276.05100000000004 0.25
audio1-8 0.4 276.05100000000004 0.25
audio10-11 0.4 276.05100000000004 0.25
audio11-1 0.4 276.05100000000004 0.25
audio11-6 0.4 276.05100000000004 0.25
audio12-7 0.4 276.05100000000004 0.25
audio2-7 0.4 276.05100000000004 0.25
audio4-11 0.4 276.05100000000004 0.25
audio4-8 0.4 276.05100000000004 0.25
audio5-6 0.4 276.05100000000004 0.25
audio5-7 0.4 276.05100000000004 0.25
audio6-9 0.4 276.05100000000004 0.25
audio7-10 0.4 276.05100000000004 0.25
audio7-8 0.4 276.05100000000004 0.25
audio8-1 0.2694700116346698 186.29857999999896 0.2
audio8-11 0 1.011 0
audio8-8 0 1.011 0
audio9-11 0.4 276.05100000000004 0.25
audio9-9 0.4 276.05100000000004 0.25
yolo1-11 0.2 15.574480000000001 0.525
yolo1-2 0.2 15.574480000000001 0.525
yolo10-11 0.2 15.574480000000001 0.525
yolo2-6 0.05 6.486280000000001 0.525
yolo3-10 0.05 6.486280000000001 0.525
yolo4-3 0 3.362 0
yolo4-9 0 3.362 0
yolo5-3 0 3.362 0
yolo6-8 0 3.362 0
yolo7-10 0 3.362 0
yolo7-4 0 3.362 0
yolo8-10 0.3 21.396079999999998 0.64
yolo8-3 0.3 21.396079999999998 0.64
yolo8-9 0.3 21.396079999999998 0.64
yolo9-1 0.1 9.563120000000001 0.525
yolo9-4 0.1 9.563120000000001 0.525
yolo9-6 0.1 9.563120000000001 0.525
yolo9-9 0.1 9.563120000000001 0.525
audio6-edge-2 0.4 0.0527 0.25
Sum of bandwidth: 5063.549000000002
Sum of weights: 16.210000000000004
Average accuracy: 0.38851850709438607
time: 0.05327725410461426
**time: 12
========Allocate Done=============
audio1-11 0.4 276.05100000000004 0.25
audio1-5 0.4 276.05100000000004 0.25
audio1-8 0.4 276.05100000000004 0.25
audio10-11 0.4 276.05100000000004 0.25
audio11-1 0.4 276.05100000000004 0.25
audio11-6 0.4 276.05100000000004 0.25
audio12-12 0.4 276.05100000000004 0.25
audio12-7 0.4 276.05100000000004 0.25
audio2-12 0 1.011 0
audio2-7 0 1.011 0
audio4-11 0.4 276.05100000000004 0.25
audio4-8 0.4 276.05100000000004 0.25
audio5-6 0.4 276.05100000000004 0.25
audio5-7 0.4 276.05100000000004 0.25
audio6-12 0.4 276.05100000000004 0.25
audio6-9 0.4 276.05100000000004 0.25
audio7-10 0.4 276.05100000000004 0.25
audio7-8 0.4 276.05100000000004 0.25
audio8-1 0 1.011 0
audio8-11 0 1.011 0
audio8-8 0 1.011 0
audio9-11 0.4 276.05100000000004 0.25
audio9-9 0.4 276.05100000000004 0.25
yolo1-11 0.05 6.486280000000001 0.525
yolo10-11 0.05 6.486280000000001 0.525
yolo11-12 0.05 6.486280000000001 0.525
yolo12-12 0.05 6.486280000000001 0.525
yolo2-12 0 3.362 0
yolo2-6 0 3.362 0
yolo3-10 0 3.362 0
yolo4-3 0 3.362 0
yolo4-9 0 3.362 0
yolo5-3 0 3.362 0
yolo6-8 0 3.362 0
yolo7-10 0 3.362 0
yolo7-4 0 3.362 0
yolo8-10 0.1 9.563120000000001 0.525
yolo8-3 0.1 9.563120000000001 0.525
yolo8-9 0.09452370923591465 9.228439999999178 0.525
yolo9-4 0 3.362 0
yolo9-6 0 3.362 0
yolo9-9 0 3.362 0
audio1-edge-5 0.4 0.0527 0.25
audio1-edge-8 0.4 0.0527 0.25
audio5-edge-6 0.4 0.0527 0.25
audio5-edge-7 0.4 0.0527 0.25
audio6-edge-2 0.4 0.0527 0.25
audio9-edge-9 0.4 0.0527 0.25
Sum of bandwidth: 5068.933000000003
Sum of weights: 20.361000000000004
Average accuracy: 0.2905382839742645
time: 0.20159626007080078
**time: 13
========Allocate Done=============
audio1-11 0.4 276.05100000000004 0.25
audio1-13 0.4 276.05100000000004 0.25
audio1-5 0.4 276.05100000000004 0.25
audio10-11 0.4 276.05100000000004 0.25
audio11-1 0.4 276.05100000000004 0.25
audio11-6 0.4 276.05100000000004 0.25
audio12-12 0.4 276.05100000000004 0.25
audio12-13 0.4 276.05100000000004 0.25
audio12-7 0.4 276.05100000000004 0.25
audio2-12 0 1.011 0
audio2-13 0 1.011 0
audio2-7 0 1.011 0
audio4-11 0.4 276.05100000000004 0.25
audio4-8 0.4 276.05100000000004 0.25
audio5-6 0.4 276.05100000000004 0.25
audio5-7 0.4 276.05100000000004 0.25
audio6-12 0.4 276.05100000000004 0.25
audio6-9 0.4 276.05100000000004 0.25
audio7-10 0.4 276.05100000000004 0.25
audio8-1 0 1.011 0
audio8-11 0 1.011 0
audio8-8 0 1.011 0
audio9-11 0.4 276.05100000000004 0.25
audio9-9 0.4 276.05100000000004 0.25
yolo1-11 0.05 6.486280000000001 0.525
yolo1-13 0.05 6.486280000000001 0.525
yolo10-11 0.05 6.486280000000001 0.525
yolo11-12 0.05 6.486280000000001 0.525
yolo11-13 0.05 6.486280000000001 0.525
yolo12-12 0.0431648359378501 6.061979999999137 0.525
yolo2-12 0 3.362 0
yolo2-13 0 3.362 0
yolo2-6 0 3.362 0
yolo3-10 0 3.362 0
yolo4-3 0 3.362 0
yolo4-9 0 3.362 0
yolo5-3 0 3.362 0
yolo6-8 0 3.362 0
yolo7-10 0 3.362 0
yolo7-4 0 3.362 0
yolo8-10 0.05 6.486280000000001 0.525
yolo8-13 0.05 6.486280000000001 0.525
yolo8-3 0.05 6.486280000000001 0.525
yolo8-9 0.05 6.486280000000001 0.525
yolo9-4 0 3.362 0
yolo9-6 0 3.362 0
yolo9-9 0 3.362 0
audio1-edge-5 0.4 0.0527 0.25
audio1-edge-8 0.4 0.0527 0.25
audio5-edge-6 0.4 0.0527 0.25
audio5-edge-7 0.4 0.0527 0.25
audio9-edge-9 0.4 0.0527 0.25
Sum of bandwidth: 5083.392000000004
Sum of weights: 22.989
Average accuracy: 0.3100395841489409
time: 0.0052967071533203125
**time: 14
========Allocate Done=============
audio1-11 0.4 276.05100000000004 0.25
audio1-13 0.4 276.05100000000004 0.25
audio10-11 0.4 276.05100000000004 0.25
audio10-14 0.4 276.05100000000004 0.25
audio11-6 0.4 276.05100000000004 0.25
audio12-12 0.4 276.05100000000004 0.25
audio12-13 0.4 276.05100000000004 0.25
audio2-12 0.4 276.05100000000004 0.25
audio2-13 0.27970526468877077 193.33633999999878 0.2
audio4-11 0.4 276.05100000000004 0.25
audio4-14 0.4 276.05100000000004 0.25
audio4-8 0.4 276.05100000000004 0.25
audio5-7 0.4 276.05100000000004 0.25
audio6-12 0.4 276.05100000000004 0.25
audio6-9 0.4 276.05100000000004 0.25
audio7-10 0.4 276.05100000000004 0.25
audio7-14 0.4 276.05100000000004 0.25
audio8-11 0 1.011 0
audio8-14 0 1.011 0
audio8-8 0 1.011 0
audio9-11 0.4 276.05100000000004 0.25
yolo1-11 0.1 9.563120000000001 0.525
yolo1-13 0.1 9.563120000000001 0.525
yolo10-11 0.1 9.563120000000001 0.525
yolo10-14 0.1 9.563120000000001 0.525
yolo11-12 0.1 9.563120000000001 0.525
yolo11-13 0.1 9.563120000000001 0.525
yolo12-12 0.1 9.563120000000001 0.525
yolo12-14 0.1 9.563120000000001 0.525
yolo2-12 0.05 6.486280000000001 0.525
yolo2-13 0.05 6.486280000000001 0.525
yolo2-6 0.05 6.486280000000001 0.525
yolo3-10 0.05 6.486280000000001 0.525
yolo3-14 0.05 6.486280000000001 0.525
yolo4-3 0 3.362 0
yolo4-9 0 3.362 0
yolo5-3 0 3.362 0
yolo6-14 0 3.362 0
yolo7-10 0 3.362 0
yolo7-14 0 3.362 0
yolo8-10 0.15000000000000002 12.59252 0.525
yolo8-13 0.15000000000000002 12.59252 0.525
yolo8-3 0.15000000000000002 12.59252 0.525
yolo8-9 0.15000000000000002 12.59252 0.525
yolo9-14 0.05 6.486280000000001 0.525
yolo9-4 0.05 6.486280000000001 0.525
yolo9-6 0.05 6.486280000000001 0.525
yolo9-9 0.05 6.486280000000001 0.525
audio5-edge-6 0.4 0.0527 0.25
audio5-edge-7 0.4 0.0527 0.25
audio9-edge-9 0.4 0.0527 0.25
Sum of bandwidth: 5094.818000000001
Sum of weights: 23.531
Average accuracy: 0.39718881475500406
time: 0.06053447723388672
**time: 15
========Allocate Done=============
audio1-11 0.4 276.05100000000004 0.25
audio1-13 0.4 276.05100000000004 0.25
audio10-11 0.4 276.05100000000004 0.25
audio10-14 0.4 276.05100000000004 0.25
audio11-15 0.4 276.05100000000004 0.25
audio11-6 0.4 276.05100000000004 0.25
audio12-12 0.4 276.05100000000004 0.25
audio12-13 0.4 276.05100000000004 0.25
audio2-12 0.24832065154159255 171.75627999999904 0.2
audio2-13 0 1.011 0
audio2-15 0 1.011 0
audio4-11 0.4 276.05100000000004 0.25
audio4-14 0.4 276.05100000000004 0.25
audio4-15 0.4 276.05100000000004 0.25
audio4-8 0.4 276.05100000000004 0.25
audio6-12 0.4 276.05100000000004 0.25
audio6-15 0.4 276.05100000000004 0.25
audio6-9 0.4 276.05100000000004 0.25
audio7-14 0.4 276.05100000000004 0.25
audio8-11 0 1.011 0
audio8-14 0 1.011 0
audio8-8 0 1.011 0
audio9-11 0.4 276.05100000000004 0.25
yolo1-11 0.1 9.563120000000001 0.525
yolo1-13 0.1 9.563120000000001 0.525
yolo1-15 0.1 9.563120000000001 0.525
yolo10-11 0.1 9.563120000000001 0.525
yolo10-14 0.1 9.563120000000001 0.525
yolo11-12 0.1 9.563120000000001 0.525
yolo11-13 0.1 9.563120000000001 0.525
yolo12-12 0.1 9.563120000000001 0.525
yolo12-14 0.1 9.563120000000001 0.525
yolo12-15 0.1 9.563120000000001 0.525
yolo2-12 0.05 6.486280000000001 0.525
yolo2-13 0.05 6.486280000000001 0.525
yolo2-6 0.05 6.486280000000001 0.525
yolo3-10 0.05 6.486280000000001 0.525
yolo3-14 0.05 6.486280000000001 0.525
yolo4-3 0 3.362 0
yolo4-9 0 3.362 0
yolo5-15 0 3.362 0
yolo6-14 0 3.362 0
yolo6-15 0 3.362 0
yolo7-10 0 3.362 0
yolo7-14 0 3.362 0
yolo8-10 0.15000000000000002 12.59252 0.525
yolo8-13 0.15000000000000002 12.59252 0.525
yolo8-15 0.15000000000000002 12.59252 0.525
yolo8-3 0.15000000000000002 12.59252 0.525
yolo8-9 0.15000000000000002 12.59252 0.525
yolo9-14 0.05 6.486280000000001 0.525
yolo9-4 0.05 6.486280000000001 0.525
yolo9-6 0.05 6.486280000000001 0.525
yolo9-9 0.05 6.486280000000001 0.525
audio5-edge-6 0.4 0.0527 0.25
audio5-edge-7 0.4 0.0527 0.25
Sum of bandwidth: 5110.288000000001
Sum of weights: 26.482999999999993
Average accuracy: 0.40377223124268413
time: 0.005809783935546875
**time: 16
========Allocate Done=============
audio1-11 0.4 276.05100000000004 0.25
audio1-13 0.4 276.05100000000004 0.25
audio10-11 0.4 276.05100000000004 0.25
audio10-14 0.4 276.05100000000004 0.25
audio11-15 0.4 276.05100000000004 0.25
audio11-16 0.4 276.05100000000004 0.25
audio11-6 0.4 276.05100000000004 0.25
audio12-12 0.4 276.05100000000004 0.25
audio12-13 0.4 276.05100000000004 0.25
audio2-12 0 1.011 0
audio2-13 0 1.011 0
audio2-15 0 1.011 0
audio2-16 0 1.011 0
audio4-11 0.4 276.05100000000004 0.25
audio4-14 0.4 276.05100000000004 0.25
audio4-15 0.4 276.05100000000004 0.25
audio4-8 0.4 276.05100000000004 0.25
audio6-12 0.4 276.05100000000004 0.25
audio6-15 0.4 276.05100000000004 0.25
audio6-9 0.4 276.05100000000004 0.25
audio7-14 0.4 276.05100000000004 0.25
audio8-11 0 1.011 0
audio8-14 0 1.011 0
audio8-8 0 1.011 0
audio9-11 0.4 276.05100000000004 0.25
audio9-16 0.02240823152995818 16.418899999999244 0.2
yolo1-11 0 3.362 0
yolo1-13 0 3.362 0
yolo1-15 0 3.362 0
yolo10-11 0 3.362 0
yolo10-14 0 3.362 0
yolo11-12 0 3.362 0
yolo11-13 0 3.362 0
yolo12-12 0 3.362 0
yolo12-14 0 3.362 0
yolo12-15 0 3.362 0
yolo2-12 0 3.362 0
yolo2-13 0 3.362 0
yolo2-6 0 3.362 0
yolo3-10 0 3.362 0
yolo3-14 0 3.362 0
yolo4-16 0 3.362 0
yolo4-3 0 3.362 0
yolo4-9 0 3.362 0
yolo5-15 0 3.362 0
yolo6-14 0 3.362 0
yolo6-15 0 3.362 0
yolo6-16 0 3.362 0
yolo7-10 0 3.362 0
yolo7-14 0 3.362 0
yolo8-10 0.05 6.486280000000001 0.525
yolo8-13 0.05 6.486280000000001 0.525
yolo8-15 0.05 6.486280000000001 0.525
yolo8-3 0.05 6.486280000000001 0.525
yolo8-9 0.05 6.486280000000001 0.525
yolo9-14 0 3.362 0
yolo9-6 0 3.362 0
audio5-edge-7 0.4 0.0527 0.25
Sum of bandwidth: 5112.310000000004
Sum of weights: 25.76699999999999
Average accuracy: 0.19357511545775616
time: 0.5137436389923096
**time: 17
========Allocate Done=============
audio1-11 0.4 276.05100000000004 0.25
audio1-13 0.4 276.05100000000004 0.25
audio10-11 0.4 276.05100000000004 0.25
audio10-14 0.4 276.05100000000004 0.25
audio10-17 0.4 276.05100000000004 0.25
audio11-15 0.4 276.05100000000004 0.25
audio11-16 0.4 276.05100000000004 0.25
audio11-6 0.4 276.05100000000004 0.25
audio12-13 0.4 276.05100000000004 0.25
audio12-17 0.4 276.05100000000004 0.25
audio2-12 0 1.011 0
audio2-13 0 1.011 0
audio2-15 0 1.011 0
audio2-16 0 1.011 0
audio4-14 0.4 276.05100000000004 0.25
audio4-15 0.4 276.05100000000004 0.25
audio4-17 0.4 276.05100000000004 0.25
audio4-8 0.4 276.05100000000004 0.25
audio6-12 0.4 276.05100000000004 0.25
audio6-15 0.4 276.05100000000004 0.25
audio7-14 0.4 276.05100000000004 0.25
audio7-17 0.4 276.05100000000004 0.25
audio8-11 0 1.011 0
audio8-14 0 1.011 0
audio8-17 0 1.011 0
audio8-8 0 1.011 0
audio9-11 0.01786448516579297 13.294619999999245 0.2
audio9-16 0 1.011 0
yolo1-11 0 3.362 0
yolo1-13 0 3.362 0
yolo1-15 0 3.362 0
yolo1-17 0 3.362 0
yolo10-11 0 3.362 0
yolo10-14 0 3.362 0
yolo10-17 0 3.362 0
yolo11-12 0 3.362 0
yolo11-13 0 3.362 0
yolo12-12 0 3.362 0
yolo12-14 0 3.362 0
yolo12-15 0 3.362 0
yolo2-12 0 3.362 0
yolo2-13 0 3.362 0
yolo2-17 0 3.362 0
yolo2-6 0 3.362 0
yolo3-10 0 3.362 0
yolo3-14 0 3.362 0
yolo3-17 0 3.362 0
yolo4-16 0 3.362 0
yolo4-3 0 3.362 0
yolo4-9 0 3.362 0
yolo5-15 0 3.362 0
yolo5-17 0 3.362 0
yolo6-14 0 3.362 0
yolo6-15 0 3.362 0
yolo6-16 0 3.362 0
yolo7-10 0 3.362 0
yolo7-14 0 3.362 0
yolo7-17 0 3.362 0
yolo8-10 0.05 6.486280000000001 0.525
yolo8-13 0.05 6.486280000000001 0.525
yolo8-15 0.05 6.486280000000001 0.525
yolo8-17 0.05 6.486280000000001 0.525
yolo8-3 0.05 6.486280000000001 0.525
yolo8-9 0.05 6.486280000000001 0.525
yolo9-6 0 3.362 0
audio5-edge-7 0.4 0.0527 0.25
Sum of bandwidth: 5134.504000000005
Sum of weights: 29.152999999999988
Average accuracy: 0.19006791753850388
time: 0.6231119632720947
**time: 18
========Allocate Done=============
audio1-11 0.4 276.05100000000004 0.25
audio1-13 0.4 276.05100000000004 0.25
audio10-11 0.4 276.05100000000004 0.25
audio10-14 0.4 276.05100000000004 0.25
audio10-17 0.4 276.05100000000004 0.25
audio10-18 0.4 276.05100000000004 0.25
audio11-15 0.4 276.05100000000004 0.25
audio11-16 0.4 276.05100000000004 0.25
audio11-6 0.4 276.05100000000004 0.25
audio12-13 0.4 276.05100000000004 0.25
audio12-17 0.4 276.05100000000004 0.25
audio2-12 0 1.011 0
audio2-13 0 1.011 0
audio2-15 0 1.011 0
audio2-16 0 1.011 0
audio4-14 0.4 276.05100000000004 0.25
audio4-15 0.4 276.05100000000004 0.25
audio4-17 0.4 276.05100000000004 0.25
audio4-18 0.4 276.05100000000004 0.25
audio4-8 0.4 276.05100000000004 0.25
audio6-12 0.4 276.05100000000004 0.25
audio6-15 0.4 276.05100000000004 0.25
audio7-14 0.04512696335078457 32.04029999999947 0.2
audio7-17 0 1.011 0
audio8-11 0 1.011 0
audio8-14 0 1.011 0
audio8-17 0 1.011 0
audio8-8 0 1.011 0
audio9-11 0 1.011 0
audio9-16 0 1.011 0
yolo1-13 0 3.362 0
yolo1-15 0 3.362 0
yolo1-17 0 3.362 0
yolo10-11 0 3.362 0
yolo10-14 0 3.362 0
yolo10-17 0 3.362 0
yolo11-12 0 3.362 0
yolo11-13 0 3.362 0
yolo12-12 0 3.362 0
yolo12-14 0 3.362 0
yolo12-15 0 3.362 0
yolo2-12 0 3.362 0
yolo2-13 0 3.362 0
yolo2-17 0 3.362 0
yolo2-6 0 3.362 0
yolo3-10 0 3.362 0
yolo3-14 0 3.362 0
yolo3-17 0 3.362 0
yolo4-16 0 3.362 0
yolo4-9 0 3.362 0
yolo5-15 0 3.362 0
yolo5-17 0 3.362 0
yolo5-18 0 3.362 0
yolo6-14 0 3.362 0
yolo6-15 0 3.362 0
yolo6-16 0 3.362 0
yolo7-10 0 3.362 0
yolo7-14 0 3.362 0
yolo7-17 0 3.362 0
yolo8-10 0 3.362 0
yolo8-13 0 3.362 0
yolo8-15 0 3.362 0
yolo8-17 0 3.362 0
yolo8-9 0 3.362 0
yolo9-18 0 3.362 0
yolo9-6 0 3.362 0
audio1-edge-13 0.4 0.0527 0.25
Sum of bandwidth: 5133.164000000006
Sum of weights: 29.03299999999999
Average accuracy: 0.09066234973995112
time: 0.003110647201538086
**time: 19
========Allocate Done=============
audio1-11 0.4 276.05100000000004 0.25
audio1-13 0.4 276.05100000000004 0.25
audio10-14 0.4 276.05100000000004 0.25
audio10-17 0.4 276.05100000000004 0.25
audio10-18 0.4 276.05100000000004 0.25
audio11-15 0.4 276.05100000000004 0.25
audio11-16 0.4 276.05100000000004 0.25
audio12-13 0.4 276.05100000000004 0.25
audio12-17 0.4 276.05100000000004 0.25
audio2-12 0 1.011 0
audio2-13 0 1.011 0
audio2-15 0 1.011 0
audio2-16 0 1.011 0
audio4-14 0.4 276.05100000000004 0.25
audio4-15 0.4 276.05100000000004 0.25
audio4-17 0.4 276.05100000000004 0.25
audio4-18 0.4 276.05100000000004 0.25
audio4-8 0.4 276.05100000000004 0.25
audio6-12 0.4 276.05100000000004 0.25
audio6-15 0.4 276.05100000000004 0.25
audio7-14 0.4 276.05100000000004 0.25
audio7-17 0.4 276.05100000000004 0.25
audio8-11 0 1.011 0
audio8-14 0 1.011 0
audio8-17 0 1.011 0
audio8-8 0 1.011 0
audio9-11 0.02240823152995851 16.41889999999947 0.2
audio9-16 0 1.011 0
yolo1-13 0 3.362 0
yolo1-15 0 3.362 0
yolo1-17 0 3.362 0
yolo1-19 0 3.362 0
yolo10-11 0 3.362 0
yolo10-14 0 3.362 0
yolo10-17 0 3.362 0
yolo11-12 0 3.362 0
yolo11-13 0 3.362 0
yolo12-14 0 3.362 0
yolo12-15 0 3.362 0
yolo2-12 0 3.362 0
yolo2-13 0 3.362 0
yolo2-17 0 3.362 0
yolo2-6 0 3.362 0
yolo3-10 0 3.362 0
yolo3-14 0 3.362 0
yolo3-17 0 3.362 0
yolo4-16 0 3.362 0
yolo4-9 0 3.362 0
yolo5-15 0 3.362 0
yolo5-17 0 3.362 0
yolo5-18 0 3.362 0
yolo5-19 0 3.362 0
yolo6-14 0 3.362 0
yolo6-15 0 3.362 0
yolo6-16 0 3.362 0
yolo7-10 0 3.362 0
yolo7-14 0 3.362 0
yolo7-17 0 3.362 0
yolo8-10 0.05 6.486280000000001 0.525
yolo8-13 0.05 6.486280000000001 0.525
yolo8-15 0.05 6.486280000000001 0.525
yolo8-17 0.05 6.486280000000001 0.525
yolo8-9 0.05 6.486280000000001 0.525
yolo9-18 0 3.362 0
yolo9-6 0 3.362 0
audio1-edge-13 0.4 0.0527 0.25
Sum of bandwidth: 5134.504000000005
Sum of weights: 28.338999999999988
Average accuracy: 0.1785825187903597
time: 0.0032339096069335938
**time: 20
========Allocate Done=============
audio1-11 0.4 276.05100000000004 0.25
audio1-13 0.4 276.05100000000004 0.25
audio10-14 0.4 276.05100000000004 0.25
audio10-17 0.4 276.05100000000004 0.25
audio10-18 0.4 276.05100000000004 0.25
audio11-15 0.4 276.05100000000004 0.25
audio11-16 0.4 276.05100000000004 0.25
audio12-13 0.4 276.05100000000004 0.25
audio12-17 0.4 276.05100000000004 0.25
audio2-12 0 1.011 0
audio2-13 0 1.011 0
audio2-15 0 1.011 0
audio2-16 0 1.011 0
audio3-20 0 1.011 0
audio4-14 0.4 276.05100000000004 0.25
audio4-15 0.4 276.05100000000004 0.25
audio4-17 0.4 276.05100000000004 0.25
audio4-18 0.4 276.05100000000004 0.25
audio4-8 0.4 276.05100000000004 0.25
audio6-12 0.4 276.05100000000004 0.25
audio6-15 0.4 276.05100000000004 0.25
audio7-14 0.4 276.05100000000004 0.25
audio7-17 0.4 276.05100000000004 0.25
audio8-11 0 1.011 0
audio8-14 0 1.011 0
audio8-17 0 1.011 0
audio8-20 0 1.011 0
audio8-8 0 1.011 0
audio9-11 0.02240823152995851 16.41889999999947 0.2
audio9-16 0 1.011 0
yolo1-13 0 3.362 0
yolo1-15 0 3.362 0
yolo1-17 0 3.362 0
yolo1-19 0 3.362 0
yolo10-14 0 3.362 0
yolo10-17 0 3.362 0
yolo10-20 0 3.362 0
yolo11-12 0 3.362 0
yolo11-13 0 3.362 0
yolo12-14 0 3.362 0
yolo12-15 0 3.362 0
yolo2-12 0 3.362 0
yolo2-13 0 3.362 0
yolo2-17 0 3.362 0
yolo2-6 0 3.362 0
yolo3-10 0 3.362 0
yolo3-14 0 3.362 0
yolo3-17 0 3.362 0
yolo4-16 0 3.362 0
yolo4-9 0 3.362 0
yolo5-15 0 3.362 0
yolo5-17 0 3.362 0
yolo5-18 0 3.362 0
yolo5-19 0 3.362 0
yolo6-14 0 3.362 0
yolo6-15 0 3.362 0
yolo6-16 0 3.362 0
yolo7-10 0 3.362 0
yolo7-14 0 3.362 0
yolo7-17 0 3.362 0
yolo7-20 0 3.362 0
yolo8-10 0.05 6.486280000000001 0.525
yolo8-13 0.05 6.486280000000001 0.525
yolo8-15 0.05 6.486280000000001 0.525
yolo8-17 0.05 6.486280000000001 0.525
yolo8-9 0.05 6.486280000000001 0.525
yolo9-18 0 3.362 0
audio1-edge-13 0.4 0.0527 0.25
audio2-edge-13 0 0.0527 0
yolo5-edge-15 0 2.74 0
Sum of bandwidth: 5139.318700000006
Sum of weights: 28.42699999999999
Average accuracy: 0.17802969008337155
time: 0.17959117889404297
**time: 21
========Allocate Done=============
audio1-21 0.4 276.05100000000004 0.25
audio10-17 0.4 276.05100000000004 0.25
audio10-18 0.4 276.05100000000004 0.25
audio11-15 0.4 276.05100000000004 0.25
audio12-13 0.4 276.05100000000004 0.25
audio12-17 0.4 276.05100000000004 0.25
audio3-20 0.4011598312972648 276.8484999999993 0.25
audio4-14 0.4 276.05100000000004 0.25
audio4-15 0.4 276.05100000000004 0.25
audio4-17 0.4 276.05100000000004 0.25
audio4-18 0.4 276.05100000000004 0.25
audio5-21 0.4 276.05100000000004 0.25
audio6-15 0.4 276.05100000000004 0.25
audio6-21 0.4 276.05100000000004 0.25
audio7-14 0.4 276.05100000000004 0.25
audio7-17 0.4 276.05100000000004 0.25
audio8-17 0 1.011 0
audio8-20 0 1.011 0
audio9-16 0.4 276.05100000000004 0.25
audio9-21 0.4 276.05100000000004 0.25
yolo1-15 0.05 6.486280000000001 0.525
yolo1-17 0.05 6.486280000000001 0.525
yolo1-19 0.05 6.486280000000001 0.525
yolo10-14 0.05 6.486280000000001 0.525
yolo10-17 0.05 6.486280000000001 0.525
yolo10-20 0.05 6.486280000000001 0.525
yolo11-13 0.05 6.486280000000001 0.525
yolo12-14 0.05 6.486280000000001 0.525
yolo12-15 0.05 6.486280000000001 0.525
yolo2-13 0 3.362 0
yolo2-17 0 3.362 0
yolo3-17 0 3.362 0
yolo4-16 0 3.362 0
yolo5-17 0 3.362 0
yolo5-18 0 3.362 0
yolo6-16 0 3.362 0
yolo7-14 0 3.362 0
yolo7-17 0 3.362 0
yolo7-20 0 3.362 0
yolo8-13 0.05 6.486280000000001 0.525
audio1-edge-13 0.4 0.0527 0.25
audio2-edge-13 0 0.0527 0
yolo5-edge-15 0 2.74 0
Sum of bandwidth: 5073.065700000003
Sum of weights: 18.758000000000003
Average accuracy: 0.33326447382450164
time: 0.17701125144958496
**time: 22
========Allocate Done=============
audio1-21 0.4 276.05100000000004 0.25
audio10-17 0.4 276.05100000000004 0.25
audio10-18 0.4 276.05100000000004 0.25
audio11-15 0.4 276.05100000000004 0.25
audio12-13 0.4 276.05100000000004 0.25
audio12-17 0.4 276.05100000000004 0.25
audio12-22 0.4 276.05100000000004 0.25
audio2-22 0 1.011 0
audio3-20 0 1.011 0
audio4-14 0.4 276.05100000000004 0.25
audio4-15 0.4 276.05100000000004 0.25
audio4-17 0.4 276.05100000000004 0.25
audio4-18 0.4 276.05100000000004 0.25
audio5-21 0.4 276.05100000000004 0.25
audio6-15 0.4 276.05100000000004 0.25
audio6-21 0.4 276.05100000000004 0.25
audio7-14 0.4 276.05100000000004 0.25
audio7-17 0.4 276.05100000000004 0.25
audio8-17 0 1.011 0
audio8-20 0 1.011 0
audio9-16 0.4 276.05100000000004 0.25
audio9-21 0.4 276.05100000000004 0.25
yolo1-15 0.05 6.486280000000001 0.525
yolo1-17 0.05 6.486280000000001 0.525
yolo1-19 0.05 6.486280000000001 0.525
yolo10-14 0.05 6.486280000000001 0.525
yolo10-17 0.05 6.486280000000001 0.525
yolo10-20 0.05 6.486280000000001 0.525
yolo11-13 0.05 6.486280000000001 0.525
yolo12-14 0.05 6.486280000000001 0.525
yolo12-15 0.04231687309397944 6.009279999999633 0.525
yolo2-13 0 3.362 0
yolo2-17 0 3.362 0
yolo2-22 0 3.362 0
yolo3-17 0 3.362 0
yolo3-22 0 3.362 0
yolo4-16 0 3.362 0
yolo5-17 0 3.362 0
yolo5-18 0 3.362 0
yolo6-16 0 3.362 0
yolo7-14 0 3.362 0
yolo7-17 0 3.362 0
yolo7-20 0 3.362 0
yolo8-13 0.05 6.486280000000001 0.525
audio1-edge-13 0.4 0.0527 0.25
audio1-edge-18 0.4 0.0527 0.25
audio10-edge-17 0.4 0.0527 0.25
audio10-edge-18 0.4 0.0527 0.25
audio2-edge-13 0 0.0527 0
audio2-edge-18 0 0.0527 0
audio6-edge-15 0.4 0.0527 0.25
audio9-edge-16 0.4 0.0527 0.25
yolo1-edge-15 0 2.74 0
yolo1-edge-17 0 2.74 0
yolo5-edge-17 0 2.74 0
yolo5-edge-18 0 2.74 0
Sum of bandwidth: 5089.073400000003
Sum of weights: 23.663999999999998
Average accuracy: 0.28773136409736316
time: 0.0038344860076904297
**time: 23
========Allocate Done=============
audio1-21 0.4 276.05100000000004 0.25
audio1-23 0.4 276.05100000000004 0.25
audio10-18 0.4 276.05100000000004 0.25
audio11-15 0.4 276.05100000000004 0.25
audio12-13 0.4 276.05100000000004 0.25
audio12-17 0.4 276.05100000000004 0.25
audio12-22 0.4 276.05100000000004 0.25
audio2-22 0.3110055846422317 214.85843999999852 0.2
audio3-20 0.4 276.05100000000004 0.25
audio4-14 0.4 276.05100000000004 0.25
audio4-18 0.4 276.05100000000004 0.25
audio5-21 0.4 276.05100000000004 0.25
audio6-21 0.4 276.05100000000004 0.25
audio7-14 0.4 276.05100000000004 0.25
audio7-17 0.4 276.05100000000004 0.25
audio8-17 0 1.011 0
audio8-20 0 1.011 0
audio9-16 0.4 276.05100000000004 0.25
audio9-21 0.4 276.05100000000004 0.25
audio9-23 0.4 276.05100000000004 0.25
yolo1-15 0.1 9.563120000000001 0.525
yolo1-17 0.1 9.563120000000001 0.525
yolo1-19 0.1 9.563120000000001 0.525
yolo1-23 0.1 9.563120000000001 0.525
yolo10-14 0.1 9.563120000000001 0.525
yolo10-17 0.1 9.563120000000001 0.525
yolo10-20 0.1 9.563120000000001 0.525
yolo10-23 0.1 9.563120000000001 0.525
yolo11-13 0.1 9.563120000000001 0.525
yolo12-15 0.1 9.563120000000001 0.525
yolo2-13 0.05 6.486280000000001 0.525
yolo2-17 0.05 6.486280000000001 0.525
yolo2-22 0.05 6.486280000000001 0.525
yolo3-22 0.05 6.486280000000001 0.525
yolo4-16 0 3.362 0
yolo5-17 0 3.362 0
yolo5-18 0 3.362 0
yolo6-16 0 3.362 0
yolo7-14 0 3.362 0
yolo7-17 0 3.362 0
yolo7-20 0 3.362 0
yolo8-13 0.15000000000000002 12.59252 0.525
yolo8-23 0.15000000000000002 12.59252 0.525
audio1-edge-13 0.4 0.0527 0.25
audio1-edge-18 0.4 0.0527 0.25
audio10-edge-17 0.4 0.0527 0.25
audio10-edge-18 0.4 0.0527 0.25
audio2-edge-13 0 0.0527 0
audio2-edge-18 0 0.0527 0
audio6-edge-15 0.4 0.0527 0.25
audio9-edge-16 0.4 0.0527 0.25
yolo1-edge-15 0.1 6.390969999999999 0.525
yolo1-edge-17 0.1 6.390969999999999 0.525
yolo5-edge-17 0 2.74 0
yolo5-edge-18 0 2.74 0
Sum of bandwidth: 5098.72634
Sum of weights: 23.221
Average accuracy: 0.3797575470479308
time: 0.8291659355163574
**time: 24
========Allocate Done=============
audio1-21 0.4 276.05100000000004 0.25
audio1-23 0.4 276.05100000000004 0.25
audio11-15 0.4 276.05100000000004 0.25
audio12-13 0.4 276.05100000000004 0.25
audio12-17 0.4 276.05100000000004 0.25
audio12-22 0.4 276.05100000000004 0.25
audio12-24 0.4 276.05100000000004 0.25
audio2-22 0 1.011 0
audio3-20 0.39630951134380277 273.5134199999988 0.25
audio3-24 0 1.011 0
audio4-14 0.4 276.05100000000004 0.25
audio4-18 0.4 276.05100000000004 0.25
audio5-21 0.4 276.05100000000004 0.25
audio6-21 0.4 276.05100000000004 0.25
audio6-24 0.4 276.05100000000004 0.25
audio7-14 0.4 276.05100000000004 0.25
audio7-24 0.4 276.05100000000004 0.25
audio8-17 0 1.011 0
audio8-20 0 1.011 0
audio9-16 0.4 276.05100000000004 0.25
audio9-21 0.4 276.05100000000004 0.25
audio9-23 0.4 276.05100000000004 0.25
yolo1-17 0.05 6.486280000000001 0.525
yolo1-19 0.05 6.486280000000001 0.525
yolo1-23 0.05 6.486280000000001 0.525
yolo10-14 0.05 6.486280000000001 0.525
yolo10-17 0.05 6.486280000000001 0.525
yolo10-20 0.05 6.486280000000001 0.525
yolo10-23 0.05 6.486280000000001 0.525
yolo11-13 0.05 6.486280000000001 0.525
yolo12-15 0.05 6.486280000000001 0.525
yolo12-24 0.05 6.486280000000001 0.525
yolo2-13 0 3.362 0
yolo2-17 0 3.362 0
yolo2-22 0 3.362 0
yolo3-22 0 3.362 0
yolo3-24 0 3.362 0
yolo4-16 0 3.362 0
yolo4-24 0 3.362 0
yolo5-17 0 3.362 0
yolo5-18 0 3.362 0
yolo5-24 0 3.362 0
yolo6-16 0 3.362 0
yolo6-24 0 3.362 0
yolo7-14 0 3.362 0
yolo7-17 0 3.362 0
yolo7-20 0 3.362 0
yolo7-24 0 3.362 0
yolo8-23 0.05 6.486280000000001 0.525
yolo9-24 0 3.362 0
audio1-edge-18 0.4 0.0527 0.25
audio10-edge-17 0.4 0.0527 0.25
audio10-edge-18 0.4 0.0527 0.25
audio2-edge-18 0 0.0527 0
audio6-edge-15 0.4 0.0527 0.25
audio9-edge-16 0.4 0.0527 0.25
yolo1-edge-15 0.05 4.5817425 0.525
yolo1-edge-17 0.05 4.5817425 0.525
yolo5-edge-17 0 2.74 0
yolo5-edge-18 0 2.74 0
Sum of bandwidth: 5113.887185000002
Sum of weights: 23.356999999999996
Average accuracy: 0.322305946825363
time: 0.49078822135925293
**time: 25
========Allocate Done=============
audio1-21 0.4 276.05100000000004 0.25
audio1-23 0.4 276.05100000000004 0.25
audio11-15 0.4 276.05100000000004 0.25
audio12-13 0.4 276.05100000000004 0.25
audio12-17 0.4 276.05100000000004 0.25
audio12-22 0.4 276.05100000000004 0.25
audio12-24 0.4 276.05100000000004 0.25
audio2-22 0 1.011 0
audio3-20 0.4 276.05100000000004 0.25
audio3-24 0.39646279813845103 273.61881999999895 0.25
audio4-14 0.4 276.05100000000004 0.25
audio4-18 0.4 276.05100000000004 0.25
audio5-21 0.4 276.05100000000004 0.25
audio6-21 0.4 276.05100000000004 0.25
audio6-24 0.4 276.05100000000004 0.25
audio7-14 0.4 276.05100000000004 0.25
audio7-24 0.4 276.05100000000004 0.25
audio8-17 0 1.011 0
audio8-20 0 1.011 0
audio9-21 0.4 276.05100000000004 0.25
audio9-23 0.4 276.05100000000004 0.25
yolo1-17 0.05 6.486280000000001 0.525
yolo1-19 0.05 6.486280000000001 0.525
yolo1-23 0.05 6.486280000000001 0.525
yolo10-14 0.05 6.486280000000001 0.525
yolo10-17 0.05 6.486280000000001 0.525
yolo10-20 0.05 6.486280000000001 0.525
yolo10-23 0.05 6.486280000000001 0.525
yolo11-13 0.05 6.486280000000001 0.525
yolo12-15 0.05 6.486280000000001 0.525
yolo12-24 0.05 6.486280000000001 0.525
yolo2-13 0 3.362 0
yolo2-17 0 3.362 0
yolo2-22 0 3.362 0
yolo3-22 0 3.362 0
yolo3-24 0 3.362 0
yolo4-16 0 3.362 0
yolo4-24 0 3.362 0
yolo5-17 0 3.362 0
yolo5-24 0 3.362 0
yolo6-24 0 3.362 0
yolo7-14 0 3.362 0
yolo7-17 0 3.362 0
yolo7-20 0 3.362 0
yolo7-24 0 3.362 0
yolo8-23 0.05 6.486280000000001 0.525
yolo9-24 0 3.362 0
audio1-edge-18 0.4 0.0527 0.25
audio10-edge-17 0.4 0.0527 0.25
audio10-edge-18 0.4 0.0527 0.25
audio2-edge-18 0 0.0527 0
yolo1-edge-17 0.05 4.5817425 0.525
yolo5-edge-17 0 2.74 0
yolo5-edge-18 0 2.74 0
Sum of bandwidth: 5101.570442500002
Sum of weights: 21.559
Average accuracy: 0.3239841829398396
time: 0.003365755081176758
