num: 50 running time:25 bandwidth:5000
**time: 0
========Allocate Done=============
audio1-0 1 688.611 0.9
audio4-0 1 688.611 0.9
yolo1-0 1 56.834 0.99
yolo10-0 1 56.834 0.99
Sum of bandwidth: 1490.89
Sum of weights: 0.231
Average accuracy: 0.903116883116883
time: 0.0007483959197998047
**time: 1
========Allocate Done=============
audio1-0 1 688.611 0.9
audio12-1 1 688.611 0.9
audio4-0 1 688.611 0.9
audio7-1 1 688.611 0.9
audio8-1 1 688.611 0.9
yolo1-0 1 56.834 0.99
yolo10-0 1 56.834 0.99
yolo4-1 1 56.834 0.99
yolo5-1 1 56.834 0.99
yolo6-1 1 56.834 0.99
yolo7-1 1 56.834 0.99
yolo8-1 1 56.834 0.99
Sum of bandwidth: 3840.8929999999987
Sum of weights: 3.3120000000000003
Average accuracy: 0.9523641304347825
time: 0.002833843231201172
**time: 2
========Allocate Done=============
audio1-0 1 688.611 0.9
audio10-2 1 688.611 0.9
audio12-1 1 688.611 0.9
audio4-0 1 688.611 0.9
audio7-1 1 688.611 0.9
audio8-1 1 688.611 0.9
yolo1-0 1 56.834 0.99
yolo1-2 1 56.834 0.99
yolo10-0 1 56.834 0.99
yolo4-1 1 56.834 0.99
yolo5-1 1 56.834 0.99
yolo6-1 1 56.834 0.99
yolo7-1 1 56.834 0.99
yolo8-1 1 56.834 0.99
Sum of bandwidth: 4586.337999999999
Sum of weights: 3.5120000000000005
Average accuracy: 0.9494846241457857
time: 0.004373073577880859
**time: 3
========Allocate Done=============
audio10-2 1 688.611 0.9
audio12-1 1 688.611 0.9
audio4-0 1 688.611 0.9
audio7-1 1 688.611 0.9
audio7-3 1 688.611 0.9
audio8-1 1 688.611 0.9
yolo1-2 1 56.834 0.99
yolo10-0 1 56.834 0.99
yolo10-3 1 56.834 0.99
yolo11-3 1 56.834 0.99
yolo12-3 1 56.834 0.99
yolo4-1 1 56.834 0.99
yolo4-3 1 56.834 0.99
yolo6-1 1 56.834 0.99
yolo6-3 1 56.834 0.99
yolo7-1 1 56.834 0.99
yolo8-1 1 56.834 0.99
yolo8-3 1 56.834 0.99
Sum of bandwidth: 4813.673999999998
Sum of weights: 5.401000000000001
Average accuracy: 0.9526235882244029
time: 0.10857796669006348
**time: 4
========Allocate Done=============
audio10-2 0.578988365328682 399.1234000000018 0.31
audio12-1 0.55 379.1910000000001 0.31
audio3-4 1 688.611 0.9
audio4-0 0.4 276.05100000000004 0.25
audio4-4 0.4 276.05100000000004 0.25
audio6-4 1 688.611 0.9
audio7-1 1 688.611 0.9
audio7-3 1 688.611 0.9
audio8-1 0.4 276.05100000000004 0.25
yolo1-2 0.35 24.23572 0.685
yolo10-0 0.35 24.23572 0.685
yolo10-3 0.35 24.23572 0.685
yolo11-3 0.35 24.23572 0.685
yolo12-3 0.35 24.23572 0.685
yolo4-1 1 56.834 0.99
yolo4-3 1 56.834 0.99
yolo4-4 1 56.834 0.99
yolo6-1 1 56.834 0.99
yolo6-3 1 56.834 0.99
yolo6-4 1 56.834 0.99
yolo7-1 1 56.834 0.99
yolo7-4 1 56.834 0.99
yolo8-1 1 56.834 0.99
yolo8-3 1 56.834 0.99
Sum of bandwidth: 5050.4299999999985
Sum of weights: 7.731
Average accuracy: 0.9026012158841031
time: 0.10896730422973633
**time: 5
========Allocate Done=============
audio10-2 0.4 276.05100000000004 0.25
audio11-5 0.4 276.05100000000004 0.25
audio12-1 0.4 276.05100000000004 0.25
audio3-4 0.41727358929610164 287.92831999999953 0.25
audio4-0 0.4 276.05100000000004 0.25
audio4-4 0.4 276.05100000000004 0.25
audio4-5 0.4 276.05100000000004 0.25
audio6-4 1 688.611 0.9
audio7-1 1 688.611 0.9
audio7-3 1 688.611 0.9
audio8-5 0.4 276.05100000000004 0.25
yolo1-2 0.05 6.486280000000001 0.525
yolo10-0 0.05 6.486280000000001 0.525
yolo10-3 0.05 6.486280000000001 0.525
yolo11-3 0.05 6.486280000000001 0.525
yolo11-5 0.05 6.486280000000001 0.525
yolo12-3 0.05 6.486280000000001 0.525
yolo4-1 1 56.834 0.99
yolo4-3 1 56.834 0.99
yolo4-4 1 56.834 0.99
yolo5-5 1 56.834 0.99
yolo6-1 1 56.834 0.99
yolo6-3 1 56.834 0.99
yolo6-4 1 56.834 0.99
yolo6-5 1 56.834 0.99
yolo7-1 1 56.834 0.99
yolo7-4 1 56.834 0.99
yolo8-1 1 56.834 0.99
yolo8-3 1 56.834 0.99
yolo9-5 1 56.834 0.99
Sum of bandwidth: 5063.877999999998
Sum of weights: 8.849999999999998
Average accuracy: 0.8524824858757064
time: 0.633228063583374
**time: 6
========Allocate Done=============
audio10-2 0.4 276.05100000000004 0.25
audio11-5 0.4 276.05100000000004 0.25
audio12-1 0.4 276.05100000000004 0.25
audio12-6 0.4 276.05100000000004 0.25
audio3-4 0.4 276.05100000000004 0.25
audio4-0 0.4 276.05100000000004 0.25
audio4-4 0.4 276.05100000000004 0.25
audio4-5 0.4 276.05100000000004 0.25
audio6-4 1 688.611 0.9
audio7-1 0.5865667830133799 404.3343200000001 0.31
audio7-3 0.55 379.1910000000001 0.31
audio8-5 0.4 276.05100000000004 0.25
audio9-6 0.4 276.05100000000004 0.25
yolo1-2 0.05 6.486280000000001 0.525
yolo10-0 0.05 6.486280000000001 0.525
yolo10-3 0.05 6.486280000000001 0.525
yolo11-3 0.05 6.486280000000001 0.525
yolo11-5 0.05 6.486280000000001 0.525
yolo12-3 0.05 6.486280000000001 0.525
yolo2-6 1 56.834 0.99
yolo4-1 1 56.834 0.99
yolo4-3 1 56.834 0.99
yolo4-4 1 56.834 0.99
yolo5-5 1 56.834 0.99
yolo6-1 1 56.834 0.99
yolo6-3 1 56.834 0.99
yolo6-4 1 56.834 0.99
yolo6-5 1 56.834 0.99
yolo7-1 1 56.834 0.99
yolo7-4 1 56.834 0.99
yolo8-1 1 56.834 0.99
yolo8-3 1 56.834 0.99
yolo9-5 1 56.834 0.99
Sum of bandwidth: 5067.239999999998
Sum of weights: 10.023999999999994
Average accuracy: 0.7469902234636875
time: 0.015370845794677734
**time: 7
========Allocate Done=============
audio10-2 0.4 276.05100000000004 0.25
audio11-5 0.4 276.05100000000004 0.25
audio12-1 0.4 276.05100000000004 0.25
audio12-6 0.4 276.05100000000004 0.25
audio2-7 1 688.611 0.9
audio3-4 0.4 276.05100000000004 0.25
audio4-0 0.4 276.05100000000004 0.25
audio4-4 0.4 276.05100000000004 0.25
audio4-5 0.4 276.05100000000004 0.25
audio6-4 0.5 344.81100000000004 0.3
audio7-1 0.4582969749854582 316.1360000000011 0.27
audio7-3 0.45 310.43100000000004 0.27
audio9-6 0.4 276.05100000000004 0.25
yolo1-2 0 3.362 0
yolo10-0 0 3.362 0
yolo10-3 0 3.362 0
yolo10-7 0 3.362 0
yolo11-3 0 3.362 0
yolo11-5 0 3.362 0
yolo11-7 0 3.362 0
yolo12-3 0 3.362 0
yolo2-6 1 56.834 0.99
yolo2-7 1 56.834 0.99
yolo4-1 1 56.834 0.99
yolo4-3 1 56.834 0.99
yolo4-4 1 56.834 0.99
yolo5-5 1 56.834 0.99
yolo5-7 1 56.834 0.99
yolo6-1 1 56.834 0.99
yolo6-3 1 56.834 0.99
yolo6-4 1 56.834 0.99
yolo6-5 1 56.834 0.99
yolo7-1 1 56.834 0.99
yolo7-4 1 56.834 0.99
yolo8-1 1 56.834 0.99
yolo8-3 1 56.834 0.99
yolo9-5 1 56.834 0.99
Sum of bandwidth: 5080.687999999999
Sum of weights: 11.857999999999995
Average accuracy: 0.7312540057345256
time: 0.09375810623168945
**time: 8
========Allocate Done=============
audio10-2 0.4 276.05100000000004 0.25
audio11-5 0.4 276.05100000000004 0.25
audio12-6 0.4 276.05100000000004 0.25
audio2-7 1 688.611 0.9
audio3-4 0.4 276.05100000000004 0.25
audio4-0 0.4 276.05100000000004 0.25
audio4-4 0.4 276.05100000000004 0.25
audio4-5 0.4 276.05100000000004 0.25
audio6-4 1 688.611 0.9
audio7-3 0.623899127399652 430.00404000000077 0.32
audio9-6 0.4 276.05100000000004 0.25
yolo1-2 0.05 6.486280000000001 0.525
yolo10-0 0.05 6.486280000000001 0.525
yolo10-3 0.05 6.486280000000001 0.525
yolo10-7 0.05 6.486280000000001 0.525
yolo11-5 0.05 6.486280000000001 0.525
yolo11-7 0.05 6.486280000000001 0.525
yolo12-3 0.05 6.486280000000001 0.525
yolo2-6 1 56.834 0.99
yolo2-7 1 56.834 0.99
yolo3-8 1 56.834 0.99
yolo4-1 1 56.834 0.99
yolo4-3 1 56.834 0.99
yolo4-4 1 56.834 0.99
yolo5-5 1 56.834 0.99
yolo5-7 1 56.834 0.99
yolo6-1 1 56.834 0.99
yolo6-3 1 56.834 0.99
yolo6-4 1 56.834 0.99
yolo6-5 1 56.834 0.99
yolo6-8 1 56.834 0.99
yolo7-1 1 56.834 0.99
yolo7-4 1 56.834 0.99
yolo8-1 1 56.834 0.99
yolo8-3 1 56.834 0.99
yolo9-5 1 56.834 0.99
Sum of bandwidth: 5084.049999999998
Sum of weights: 11.888999999999996
Average accuracy: 0.8464345193035583
time: 0.08519935607910156
**time: 9
========Allocate Done=============
audio1-9 0.4 276.05100000000004 0.25
audio10-2 0.4 276.05100000000004 0.25
audio11-5 0.4 276.05100000000004 0.25
audio12-6 0.4 276.05100000000004 0.25
audio2-7 1 688.611 0.9
audio3-4 0.4 276.05100000000004 0.25
audio4-4 0.4 276.05100000000004 0.25
audio4-5 0.4 276.05100000000004 0.25
audio6-4 1 688.611 0.9
audio7-3 0.701665270506109 483.47604000000064 0.36
audio9-6 0.4 276.05100000000004 0.25
yolo1-2 0.05 6.486280000000001 0.525
yolo10-0 0.05 6.486280000000001 0.525
yolo10-3 0.05 6.486280000000001 0.525
yolo10-7 0.05 6.486280000000001 0.525
yolo11-5 0.05 6.486280000000001 0.525
yolo11-7 0.05 6.486280000000001 0.525
yolo12-3 0.05 6.486280000000001 0.525
yolo2-6 1 56.834 0.99
yolo2-7 1 56.834 0.99
yolo3-8 1 56.834 0.99
yolo4-1 1 56.834 0.99
yolo4-3 1 56.834 0.99
yolo4-4 1 56.834 0.99
yolo5-7 1 56.834 0.99
yolo6-4 1 56.834 0.99
yolo6-5 1 56.834 0.99
yolo6-8 1 56.834 0.99
yolo7-1 1 56.834 0.99
yolo7-4 1 56.834 0.99
yolo7-9 1 56.834 0.99
yolo8-1 1 56.834 0.99
yolo8-3 1 56.834 0.99
yolo9-5 1 56.834 0.99
yolo9-9 1 56.834 0.99
Sum of bandwidth: 5080.687999999997
Sum of weights: 12.624999999999995
Average accuracy: 0.8476166336633667
time: 0.21779370307922363
**time: 10
========Allocate Done=============
audio1-9 0.5 344.81100000000004 0.3
audio10-2 0.5 344.81100000000004 0.3
audio11-5 0.4582831878999456 316.12652000000264 0.27
audio2-7 1 688.611 0.9
audio3-4 1 688.611 0.9
audio4-5 0.4 276.05100000000004 0.25
audio6-4 1 688.611 0.9
audio7-3 1 688.611 0.9
yolo10-0 0.3 21.396079999999998 0.64
yolo10-3 0.3 21.396079999999998 0.64
yolo10-7 0.3 21.396079999999998 0.64
yolo11-5 0.3 21.396079999999998 0.64
yolo11-7 0.3 21.396079999999998 0.64
yolo12-3 0.3 21.396079999999998 0.64
yolo2-6 1 56.834 0.99
yolo2-7 1 56.834 0.99
yolo3-10 1 56.834 0.99
yolo3-8 1 56.834 0.99
yolo4-1 1 56.834 0.99
yolo4-4 1 56.834 0.99
yolo5-10 1 56.834 0.99
yolo5-7 1 56.834 0.99
yolo6-5 1 56.834 0.99
yolo6-8 1 56.834 0.99
yolo7-1 1 56.834 0.99
yolo7-4 1 56.834 0.99
yolo7-9 1 56.834 0.99
yolo8-10 1 56.834 0.99
yolo8-3 1 56.834 0.99
yolo9-9 1 56.834 0.99
Sum of bandwidth: 5073.964000000001
Sum of weights: 12.338999999999999
Average accuracy: 0.9306807682956479
time: 0.12323451042175293
**time: 11
========Allocate Done=============
audio1-9 0.4 276.05100000000004 0.25
audio10-2 0.4 276.05100000000004 0.25
audio11-5 0.4 276.05100000000004 0.25
audio12-11 0.4 276.05100000000004 0.25
audio2-7 1 688.611 0.9
audio3-4 0.4 276.05100000000004 0.25
audio4-11 0.4 276.05100000000004 0.25
audio4-5 0.4 276.05100000000004 0.25
audio5-11 0.4 276.05100000000004 0.25
audio6-4 1 688.611 0.9
audio7-3 0.7062090168702748 486.60032000000103 0.36
yolo10-0 0.05 6.486280000000001 0.525
yolo10-3 0.05 6.486280000000001 0.525
yolo10-7 0.05 6.486280000000001 0.525
yolo11-5 0.05 6.486280000000001 0.525
yolo11-7 0.05 6.486280000000001 0.525
yolo12-3 0.05 6.486280000000001 0.525
yolo2-6 1 56.834 0.99
yolo2-7 1 56.834 0.99
yolo3-10 1 56.834 0.99
yolo3-8 1 56.834 0.99
yolo4-1 1 56.834 0.99
yolo4-11 1 56.834 0.99
yolo4-4 1 56.834 0.99
yolo5-10 1 56.834 0.99
yolo5-7 1 56.834 0.99
yolo6-5 1 56.834 0.99
yolo6-8 1 56.834 0.99
yolo7-1 1 56.834 0.99
yolo7-4 1 56.834 0.99
yolo7-9 1 56.834 0.99
yolo8-10 1 56.834 0.99
yolo8-3 1 56.834 0.99
yolo9-9 1 56.834 0.99
Sum of bandwidth: 5077.325999999998
Sum of weights: 12.673999999999994
Average accuracy: 0.852926463626322
time: 0.6149368286132812
**time: 12
========Allocate Done=============
audio1-9 0.4 276.05100000000004 0.25
audio10-12 0.4 276.05100000000004 0.25
audio10-2 0.4 276.05100000000004 0.25
audio11-5 0.4 276.05100000000004 0.25
audio12-11 0.4 276.05100000000004 0.25
audio2-7 1 688.611 0.9
audio3-4 0.4 276.05100000000004 0.25
audio4-11 0.4 276.05100000000004 0.25
audio4-5 0.4 276.05100000000004 0.25
audio5-11 0.4 276.05100000000004 0.25
audio6-4 0.6401189063408991 441.15676000000224 0.34
audio7-3 0.5 344.81100000000004 0.3
yolo10-0 0.05 6.486280000000001 0.525
yolo10-3 0.05 6.486280000000001 0.525
yolo10-7 0.05 6.486280000000001 0.525
yolo11-12 0.05 6.486280000000001 0.525
yolo11-5 0.05 6.486280000000001 0.525
yolo11-7 0.05 6.486280000000001 0.525
yolo12-12 0.05 6.486280000000001 0.525
yolo12-3 0.05 6.486280000000001 0.525
yolo2-12 1 56.834 0.99
yolo2-6 1 56.834 0.99
yolo2-7 1 56.834 0.99
yolo3-10 1 56.834 0.99
yolo3-8 1 56.834 0.99
yolo4-1 1 56.834 0.99
yolo4-11 1 56.834 0.99
yolo4-4 1 56.834 0.99
yolo5-10 1 56.834 0.99
yolo5-7 1 56.834 0.99
yolo6-5 1 56.834 0.99
yolo6-8 1 56.834 0.99
yolo7-1 1 56.834 0.99
yolo7-12 1 56.834 0.99
yolo7-4 1 56.834 0.99
yolo7-9 1 56.834 0.99
yolo8-10 1 56.834 0.99
yolo8-3 1 56.834 0.99
yolo9-9 1 56.834 0.99
Sum of bandwidth: 5090.773999999999
Sum of weights: 14.306999999999997
Average accuracy: 0.819544279024254
time: 0.09502673149108887
**time: 13
========Allocate Done=============
audio1-9 0.4 276.05100000000004 0.25
audio10-12 0.4 276.05100000000004 0.25
audio10-2 0.4 276.05100000000004 0.25
audio11-13 0.4 276.05100000000004 0.25
audio11-5 0.4 276.05100000000004 0.25
audio12-11 0.4 276.05100000000004 0.25
audio2-7 0.4 276.05100000000004 0.25
audio3-13 0.4 276.05100000000004 0.25
audio3-4 0.4 276.05100000000004 0.25
audio4-11 0.4 276.05100000000004 0.25
audio4-5 0.4 276.05100000000004 0.25
audio5-11 0.27166352530541027 187.8068400000001 0.2
audio6-13 0.4 276.05100000000004 0.25
audio6-4 0.4 276.05100000000004 0.25
audio7-13 0.4 276.05100000000004 0.25
audio7-3 0.4 276.05100000000004 0.25
yolo10-0 0 3.362 0
yolo10-3 0 3.362 0
yolo10-7 0 3.362 0
yolo11-12 0 3.362 0
yolo11-5 0 3.362 0
yolo11-7 0 3.362 0
yolo12-12 0 3.362 0
yolo12-3 0 3.362 0
yolo2-12 1 56.834 0.99
yolo2-6 1 56.834 0.99
yolo2-7 1 56.834 0.99
yolo3-10 1 56.834 0.99
yolo4-4 0.65 40.27732 0.93
yolo5-10 0.39999999999999997 27.027919999999995 0.685
yolo5-7 0.39999999999999997 27.027919999999995 0.685
yolo6-8 1 56.834 0.99
yolo7-12 1 56.834 0.99
yolo7-4 1 56.834 0.99
yolo7-9 1 56.834 0.99
yolo8-10 1 56.834 0.99
yolo8-3 1 56.834 0.99
yolo9-9 1 56.834 0.99
Sum of bandwidth: 5074.974999999999
Sum of weights: 14.951999999999996
Average accuracy: 0.6491873996789729
time: 1.037334680557251
**time: 14
========Allocate Done=============
audio10-12 0.4 276.05100000000004 0.25
audio10-2 0.4 276.05100000000004 0.25
audio11-13 0.4 276.05100000000004 0.25
audio11-5 0.4 276.05100000000004 0.25
audio12-11 0.4 276.05100000000004 0.25
audio2-14 0.4 276.05100000000004 0.25
audio2-7 0.4 276.05100000000004 0.25
audio3-13 0.4 276.05100000000004 0.25
audio3-4 0.4 276.05100000000004 0.25
audio4-11 0.4 276.05100000000004 0.25
audio4-5 0.2739092204770218 189.3509800000002 0.2
audio5-11 0 1.011 0
audio6-13 0.4 276.05100000000004 0.25
audio6-4 0.4 276.05100000000004 0.25
audio7-13 0.4 276.05100000000004 0.25
audio7-3 0.4 276.05100000000004 0.25
audio8-14 0.4 276.05100000000004 0.25
audio9-14 0.4 276.05100000000004 0.25
yolo1-14 0 3.362 0
yolo10-7 0 3.362 0
yolo11-12 0 3.362 0
yolo11-5 0 3.362 0
yolo11-7 0 3.362 0
yolo12-12 0 3.362 0
yolo2-12 0.8500000000000002 50.02292000000001 0.99
yolo2-6 0.8500000000000002 50.02292000000001 0.99
yolo2-7 0.8500000000000002 50.02292000000001 0.99
yolo3-10 0.8000000000000002 47.657680000000006 0.99
yolo5-7 0 3.362 0
yolo6-14 0.1 9.563120000000001 0.525
yolo6-8 0.1 9.563120000000001 0.525
yolo7-12 0.39999999999999997 27.027919999999995 0.685
yolo7-4 0.39999999999999997 27.027919999999995 0.685
yolo8-10 0.9000000000000002 52.34072000000001 0.99
yolo8-3 0.9000000000000002 52.34072000000001 0.99
yolo9-14 0.44999999999999996 29.77268 0.82
yolo9-9 0.44999999999999996 29.77268 0.82
audio11-edge-5 0.4 0.0527 0.25
Sum of bandwidth: 5065.900000000003
Sum of weights: 16.174999999999994
Average accuracy: 0.5757193199381764
time: 0.18222355842590332
**time: 15
========Allocate Done=============
audio10-12 0.4 276.05100000000004 0.25
audio10-15 0.4 276.05100000000004 0.25
audio10-2 0.4 276.05100000000004 0.25
audio11-13 0.4 276.05100000000004 0.25
audio11-5 0.4 276.05100000000004 0.25
audio12-11 0.4 276.05100000000004 0.25
audio12-15 0.4 276.05100000000004 0.25
audio2-14 0.4 276.05100000000004 0.25
audio3-13 0.4 276.05100000000004 0.25
audio4-11 0.4 276.05100000000004 0.25
audio4-15 0.4 276.05100000000004 0.25
audio5-15 0 1.011 0
audio6-13 0.4 276.05100000000004 0.25
audio6-4 0.4 276.05100000000004 0.25
audio7-13 0.4 276.05100000000004 0.25
audio8-14 0.4 276.05100000000004 0.25
audio9-14 0.4 276.05100000000004 0.25
yolo1-14 0 3.362 0
yolo10-7 0 3.362 0
yolo11-12 0 3.362 0
yolo11-5 0 3.362 0
yolo11-7 0 3.362 0
yolo12-12 0 3.362 0
yolo2-12 1 56.834 0.99
yolo2-6 1 56.834 0.99
yolo2-7 1 56.834 0.99
yolo3-10 1 56.834 0.99
yolo4-15 0.1 9.563120000000001 0.525
yolo5-15 0.05 6.486280000000001 0.525
yolo5-7 0.05 6.486280000000001 0.525
yolo6-14 0.3 21.396079999999998 0.64
yolo6-8 0.3 21.396079999999998 0.64
yolo7-12 1 56.834 0.99
yolo7-15 0.997579019883162 56.72745999999984 0.99
yolo8-10 1 56.834 0.99
yolo8-3 1 56.834 0.99
yolo9-14 1 56.834 0.99
yolo9-9 1 56.834 0.99
audio11-edge-5 0.4 0.0527 0.25
Sum of bandwidth: 5071.613
Sum of weights: 14.408999999999995
Average accuracy: 0.6623360399750158
time: 0.02378082275390625
**time: 16
========Allocate Done=============
audio10-12 0.4 276.05100000000004 0.25
audio10-15 0.4 276.05100000000004 0.25
audio11-13 0.4 276.05100000000004 0.25
audio11-16 0.4 276.05100000000004 0.25
audio12-15 0.4 276.05100000000004 0.25
audio2-14 0.4 276.05100000000004 0.25
audio3-13 0.4 276.05100000000004 0.25
audio4-11 0.4 276.05100000000004 0.25
audio4-15 0.4 276.05100000000004 0.25
audio5-15 0.11605459569517354 80.81014000000133 0.2
audio6-13 0.4 276.05100000000004 0.25
audio6-4 0.4 276.05100000000004 0.25
audio7-13 0.4 276.05100000000004 0.25
audio8-14 0.4 276.05100000000004 0.25
audio8-16 0.4 276.05100000000004 0.25
audio9-14 0.4 276.05100000000004 0.25
yolo1-14 0 3.362 0
yolo10-7 0 3.362 0
yolo11-12 0 3.362 0
yolo11-16 0 3.362 0
yolo12-12 0 3.362 0
yolo12-16 0 3.362 0
yolo2-12 1 56.834 0.99
yolo2-16 1 56.834 0.99
yolo2-7 1 56.834 0.99
yolo3-10 1 56.834 0.99
yolo3-16 1 56.834 0.99
yolo4-15 0.65 40.27732 0.93
yolo5-15 0.39999999999999997 27.027919999999995 0.685
yolo5-7 0.39999999999999997 27.027919999999995 0.685
yolo6-14 1 56.834 0.99
yolo6-8 1 56.834 0.99
yolo7-12 1 56.834 0.99
yolo7-15 1 56.834 0.99
yolo8-10 1 56.834 0.99
yolo9-14 1 56.834 0.99
yolo9-16 1 56.834 0.99
yolo9-9 1 56.834 0.99
audio11-edge-5 0.4 0.0527 0.25
Sum of bandwidth: 5074.975
Sum of weights: 14.597999999999997
Average accuracy: 0.6969221811207016
time: 0.014755010604858398
**time: 17
========Allocate Done=============
audio10-12 0.4 276.05100000000004 0.25
audio10-15 0.4 276.05100000000004 0.25
audio11-16 0.4 276.05100000000004 0.25
audio12-15 0.4 276.05100000000004 0.25
audio2-14 0.656749999999998 452.5922999999986 0.34
audio3-13 0.4 276.05100000000004 0.25
audio4-11 0.4 276.05100000000004 0.25
audio4-15 0.4 276.05100000000004 0.25
audio5-15 0.4 276.05100000000004 0.25
audio6-13 0.5 344.81100000000004 0.3
audio7-13 0.45 310.43100000000004 0.27
audio8-14 0.4 276.05100000000004 0.25
audio8-16 0.4 276.05100000000004 0.25
audio9-14 0.4 276.05100000000004 0.25
yolo10-7 0 3.362 0
yolo11-12 0 3.362 0
yolo11-16 0 3.362 0
yolo12-12 0 3.362 0
yolo12-16 0 3.362 0
yolo2-12 1 56.834 0.99
yolo2-16 1 56.834 0.99
yolo2-7 1 56.834 0.99
yolo3-10 1 56.834 0.99
yolo3-16 1 56.834 0.99
yolo4-15 1 56.834 0.99
yolo5-15 1 56.834 0.99
yolo5-7 1 56.834 0.99
yolo6-14 1 56.834 0.99
yolo6-8 1 56.834 0.99
yolo7-12 1 56.834 0.99
yolo7-15 1 56.834 0.99
yolo8-10 1 56.834 0.99
yolo9-14 1 56.834 0.99
yolo9-16 1 56.834 0.99
yolo9-9 1 56.834 0.99
audio3-edge-13 0.4 0.0527 0.25
Sum of bandwidth: 5070.601999999997
Sum of weights: 13.841999999999995
Average accuracy: 0.736232480855368
time: 0.012813329696655273
**time: 18
========Allocate Done=============
audio1-18 0.5 344.81100000000004 0.3
audio10-12 0.5 344.81100000000004 0.3
audio10-15 0.5 344.81100000000004 0.3
audio11-16 0.4593278359511354 316.84482000000077 0.27
audio12-15 0.45 310.43100000000004 0.27
audio4-11 0.4 276.05100000000004 0.25
audio4-15 0.4 276.05100000000004 0.25
audio6-13 1 688.611 0.9
audio7-13 1 688.611 0.9
audio8-16 0.4 276.05100000000004 0.25
audio9-14 0.4 276.05100000000004 0.25
yolo1-18 0.3 21.396079999999998 0.64
yolo10-18 0.3 21.396079999999998 0.64
yolo11-12 0.3 21.396079999999998 0.64
yolo11-16 0.3 21.396079999999998 0.64
yolo12-12 0.3 21.396079999999998 0.64
yolo12-16 0.3 21.396079999999998 0.64
yolo2-12 1 56.834 0.99
yolo2-16 1 56.834 0.99
yolo3-10 1 56.834 0.99
yolo3-16 1 56.834 0.99
yolo4-15 1 56.834 0.99
yolo5-15 1 56.834 0.99
yolo5-7 1 56.834 0.99
yolo6-14 1 56.834 0.99
yolo6-8 1 56.834 0.99
yolo7-12 1 56.834 0.99
yolo7-15 1 56.834 0.99
yolo8-10 1 56.834 0.99
yolo9-14 1 56.834 0.99
yolo9-16 1 56.834 0.99
audio3-edge-13 1 0.0527 0.9
Sum of bandwidth: 5067.240000000001
Sum of weights: 10.965999999999998
Average accuracy: 0.8911873062192233
time: 0.013984918594360352
**time: 19
========Allocate Done=============
audio1-18 0.46492835951134426 320.69574000000034 0.27
audio10-12 0.45 310.43100000000004 0.27
audio10-15 0.45 310.43100000000004 0.27
audio11-16 0.45 310.43100000000004 0.27
audio4-11 0.4 276.05100000000004 0.25
audio4-15 0.4 276.05100000000004 0.25
audio5-19 0.4 276.05100000000004 0.25
audio6-13 1 688.611 0.9
audio7-13 1 688.611 0.9
audio8-16 0.4 276.05100000000004 0.25
audio8-19 0.4 276.05100000000004 0.25
audio9-14 0.4 276.05100000000004 0.25
yolo1-18 0.3 21.396079999999998 0.64
yolo10-18 0.3 21.396079999999998 0.64
yolo11-12 0.3 21.396079999999998 0.64
yolo11-16 0.3 21.396079999999998 0.64
yolo12-12 0.3 21.396079999999998 0.64
yolo12-16 0.3 21.396079999999998 0.64
yolo12-19 0.3 21.396079999999998 0.64
yolo2-16 1 56.834 0.99
yolo3-10 1 56.834 0.99
yolo3-16 1 56.834 0.99
yolo4-15 1 56.834 0.99
yolo5-15 1 56.834 0.99
yolo6-14 1 56.834 0.99
yolo6-8 1 56.834 0.99
yolo7-15 1 56.834 0.99
yolo8-10 1 56.834 0.99
yolo9-14 1 56.834 0.99
yolo9-16 1 56.834 0.99
audio3-edge-13 1 0.0527 0.9
Sum of bandwidth: 5060.516000000001
Sum of weights: 9.373999999999999
Average accuracy: 0.8785875826754853
time: 0.17037606239318848
**time: 20
========Allocate Done=============
audio1-18 0.7834286503781271 539.6965400000003 0.57
audio10-12 0.55 379.1910000000001 0.31
audio10-15 0.55 379.1910000000001 0.31
audio11-16 0.55 379.1910000000001 0.31
audio4-11 0.4 276.05100000000004 0.25
audio4-15 0.4 276.05100000000004 0.25
audio4-20 0.4 276.05100000000004 0.25
audio5-19 0.4 276.05100000000004 0.25
audio6-13 1 688.611 0.9
audio8-16 0.4 276.05100000000004 0.25
audio8-19 0.4 276.05100000000004 0.25
audio9-14 0.4 276.05100000000004 0.25
yolo1-18 0.35 24.23572 0.685
yolo10-18 0.35 24.23572 0.685
yolo10-20 0.35 24.23572 0.685
yolo11-12 0.35 24.23572 0.685
yolo11-16 0.35 24.23572 0.685
yolo12-12 0.35 24.23572 0.685
yolo12-16 0.35 24.23572 0.685
yolo12-19 0.35 24.23572 0.685
yolo2-16 1 56.834 0.99
yolo3-16 1 56.834 0.99
yolo4-20 1 56.834 0.99
yolo5-15 1 56.834 0.99
yolo6-14 1 56.834 0.99
yolo6-20 1 56.834 0.99
yolo6-8 1 56.834 0.99
yolo7-15 1 56.834 0.99
yolo9-14 1 56.834 0.99
yolo9-16 1 56.834 0.99
audio3-edge-13 1 0.0527 0.9
Sum of bandwidth: 5060.515999999996
Sum of weights: 6.957000000000001
Average accuracy: 0.8599468161563891
time: 0.21406960487365723
**time: 21
========Allocate Done=============
audio1-18 0.5 344.81100000000004 0.3
audio10-12 0.4680054973821978 322.81157999999925 0.27
audio10-15 0.45 310.43100000000004 0.27
audio11-16 0.45 310.43100000000004 0.27
audio12-21 0.45 310.43100000000004 0.27
audio2-21 1 688.611 0.9
audio4-20 0.4 276.05100000000004 0.25
audio5-19 0.4 276.05100000000004 0.25
audio6-21 1 688.611 0.9
audio8-16 0.4 276.05100000000004 0.25
audio8-19 0.4 276.05100000000004 0.25
audio9-14 0.4 276.05100000000004 0.25
yolo1-18 0.3 21.396079999999998 0.64
yolo1-21 0.3 21.396079999999998 0.64
yolo10-18 0.3 21.396079999999998 0.64
yolo10-20 0.3 21.396079999999998 0.64
yolo11-12 0.3 21.396079999999998 0.64
yolo11-16 0.3 21.396079999999998 0.64
yolo12-12 0.3 21.396079999999998 0.64
yolo12-16 0.3 21.396079999999998 0.64
yolo12-19 0.3 21.396079999999998 0.64
yolo2-16 1 56.834 0.99
yolo3-16 1 56.834 0.99
yolo4-20 1 56.834 0.99
yolo5-15 1 56.834 0.99
yolo6-20 1 56.834 0.99
yolo7-15 1 56.834 0.99
yolo8-21 1 56.834 0.99
yolo9-14 1 56.834 0.99
yolo9-16 1 56.834 0.99
audio3-edge-13 1 0.0527 0.9
Sum of bandwidth: 5060.516000000001
Sum of weights: 8.56
Average accuracy: 0.8531705607476634
time: 0.1469113826751709
**time: 22
========Allocate Done=============
audio1-18 0.4 276.05100000000004 0.25
audio10-12 0.4 276.05100000000004 0.25
audio10-15 0.4 276.05100000000004 0.25
audio11-16 0.4 276.05100000000004 0.25
audio11-22 0.4 276.05100000000004 0.25
audio12-21 0.4 276.05100000000004 0.25
audio2-21 1 688.611 0.9
audio3-22 0.4339234729493908 299.3767800000012 0.25
audio4-20 0.4 276.05100000000004 0.25
audio5-19 0.4 276.05100000000004 0.25
audio6-21 1 688.611 0.9
audio8-16 0.4 276.05100000000004 0.25
audio8-19 0.4 276.05100000000004 0.25
yolo1-18 0.05 6.486280000000001 0.525
yolo1-21 0.05 6.486280000000001 0.525
yolo10-18 0.05 6.486280000000001 0.525
yolo10-20 0.05 6.486280000000001 0.525
yolo11-12 0.05 6.486280000000001 0.525
yolo11-16 0.05 6.486280000000001 0.525
yolo12-12 0.05 6.486280000000001 0.525
yolo12-16 0.05 6.486280000000001 0.525
yolo12-19 0.05 6.486280000000001 0.525
yolo2-16 1 56.834 0.99
yolo2-22 1 56.834 0.99
yolo3-16 1 56.834 0.99
yolo4-20 1 56.834 0.99
yolo5-22 1 56.834 0.99
yolo6-20 1 56.834 0.99
yolo7-22 1 56.834 0.99
yolo8-21 1 56.834 0.99
yolo9-14 1 56.834 0.99
yolo9-16 1 56.834 0.99
audio3-edge-13 0.4 0.0527 0.25
Sum of bandwidth: 5063.878000000001
Sum of weights: 10.102999999999998
Average accuracy: 0.789252697218648
time: 0.7113742828369141
**time: 23
========Allocate Done=============
audio10-12 0.4 276.05100000000004 0.25
audio10-15 0.4 276.05100000000004 0.25
audio11-16 0.4 276.05100000000004 0.25
audio11-22 0.4 276.05100000000004 0.25
audio12-21 0.4 276.05100000000004 0.25
audio2-21 1 688.611 0.9
audio3-22 0.4 276.05100000000004 0.25
audio4-20 0.4 276.05100000000004 0.25
audio5-19 0.4 276.05100000000004 0.25
audio6-21 0.9292264397905768 639.9471000000007 0.84
audio7-23 0.5 344.81100000000004 0.3
audio8-16 0.4 276.05100000000004 0.25
audio8-19 0.4 276.05100000000004 0.25
yolo1-18 0.05 6.486280000000001 0.525
yolo1-21 0.05 6.486280000000001 0.525
yolo10-18 0.05 6.486280000000001 0.525
yolo10-20 0.05 6.486280000000001 0.525
yolo11-12 0.05 6.486280000000001 0.525
yolo11-16 0.05 6.486280000000001 0.525
yolo11-23 0.05 6.486280000000001 0.525
yolo12-12 0.05 6.486280000000001 0.525
yolo12-16 0.05 6.486280000000001 0.525
yolo12-19 0.05 6.486280000000001 0.525
yolo2-16 1 56.834 0.99
yolo2-22 1 56.834 0.99
yolo3-16 1 56.834 0.99
yolo3-23 1 56.834 0.99
yolo5-22 1 56.834 0.99
yolo6-20 1 56.834 0.99
yolo7-22 1 56.834 0.99
yolo8-21 1 56.834 0.99
yolo9-14 1 56.834 0.99
yolo9-16 1 56.834 0.99
audio1-edge-18 0.4 0.0527 0.25
audio11-edge-16 0.4 0.0527 0.25
audio3-edge-13 0.4 0.0527 0.25
Sum of bandwidth: 5067.240000000001
Sum of weights: 11.910999999999992
Average accuracy: 0.7531794139870712
time: 0.02363872528076172
**time: 24
========Allocate Done=============
audio11-22 0.4 276.05100000000004 0.25
audio12-21 0.4 276.05100000000004 0.25
audio2-21 1 688.611 0.9
audio3-22 0.9559479348458415 658.3208000000006 0.9
audio4-20 0.4 276.05100000000004 0.25
audio5-19 0.4 276.05100000000004 0.25
audio6-21 1 688.611 0.9
audio7-23 1 688.611 0.9
audio8-16 0.4 276.05100000000004 0.25
audio8-19 0.4 276.05100000000004 0.25
yolo1-18 0.05 6.486280000000001 0.525
yolo1-21 0.05 6.486280000000001 0.525
yolo10-18 0.05 6.486280000000001 0.525
yolo10-20 0.05 6.486280000000001 0.525
yolo11-16 0.05 6.486280000000001 0.525
yolo11-23 0.05 6.486280000000001 0.525
yolo11-24 0.05 6.486280000000001 0.525
yolo12-16 0.05 6.486280000000001 0.525
yolo12-19 0.05 6.486280000000001 0.525
yolo12-24 0.05 6.486280000000001 0.525
yolo2-16 1 56.834 0.99
yolo2-22 1 56.834 0.99
yolo2-24 1 56.834 0.99
yolo3-16 1 56.834 0.99
yolo3-23 1 56.834 0.99
yolo5-22 1 56.834 0.99
yolo6-20 1 56.834 0.99
yolo7-22 1 56.834 0.99
yolo8-21 1 56.834 0.99
yolo8-24 1 56.834 0.99
yolo9-16 1 56.834 0.99
audio1-edge-18 0.4 0.0527 0.25
audio11-edge-16 0.4 0.0527 0.25
Sum of bandwidth: 5070.602000000001
Sum of weights: 12.067999999999998
Average accuracy: 0.9010457408021213
time: 0.022095203399658203
**time: 25
========Allocate Done=============
audio11-22 0.5826572134962209 401.6461000000015 0.31
audio12-21 0.55 379.1910000000001 0.31
audio2-21 1 688.611 0.9
audio3-22 1 688.611 0.9
audio4-20 0.4 276.05100000000004 0.25
audio5-19 0.4 276.05100000000004 0.25
audio6-21 1 688.611 0.9
audio7-23 1 688.611 0.9
audio8-19 0.4 276.05100000000004 0.25
yolo1-18 0.35 24.23572 0.685
yolo1-21 0.35 24.23572 0.685
yolo10-18 0.35 24.23572 0.685
yolo10-20 0.35 24.23572 0.685
yolo11-16 0.35 24.23572 0.685
yolo11-23 0.35 24.23572 0.685
yolo11-24 0.35 24.23572 0.685
yolo12-16 0.35 24.23572 0.685
yolo12-19 0.35 24.23572 0.685
yolo12-24 0.35 24.23572 0.685
yolo2-22 1 56.834 0.99
yolo2-24 1 56.834 0.99
yolo3-23 1 56.834 0.99
yolo5-22 1 56.834 0.99
yolo6-20 1 56.834 0.99
yolo7-22 1 56.834 0.99
yolo8-21 1 56.834 0.99
yolo8-24 1 56.834 0.99
audio1-edge-18 0.55 0.0527 0.31
Sum of bandwidth: 5060.515999999997
Sum of weights: 9.432999999999998
Average accuracy: 0.904464115339765
time: 0.12334132194519043
