num: 50 running time:25 bandwidth:5000
**time: 0
========Allocate Done=============
audio10-0 1 688.611 0.9
audio11-0 1 688.611 0.9
audio3-0 1 688.611 0.9
audio9-0 1 688.611 0.9
yolo10-0 1 56.834 0.99
yolo12-0 1 56.834 0.99
yolo4-0 1 56.834 0.99
yolo6-0 1 56.834 0.99
yolo8-0 1 56.834 0.99
Sum of bandwidth: 3038.613999999999
Sum of weights: 4.287
Average accuracy: 0.9664660601819454
time: 0.0019931793212890625
**time: 1
========Allocate Done=============
audio10-0 1 688.611 0.9
audio11-0 1 688.611 0.9
audio3-0 1 688.611 0.9
audio9-0 1 688.611 0.9
yolo10-0 1 56.834 0.99
yolo11-1 1 56.834 0.99
yolo12-0 1 56.834 0.99
yolo2-1 1 56.834 0.99
yolo4-0 1 56.834 0.99
yolo5-1 1 56.834 0.99
yolo6-0 1 56.834 0.99
yolo8-0 1 56.834 0.99
Sum of bandwidth: 3209.1159999999986
Sum of weights: 6.031
Average accuracy: 0.9732714309401426
time: 0.006044864654541016
**time: 2
========Allocate Done=============
audio10-0 0.5 344.81100000000004 0.3
audio11-0 0.45447934845840876 313.5110000000019 0.27
audio11-2 0.45 310.43100000000004 0.27
audio3-0 1 688.611 0.9
audio3-2 1 688.611 0.9
audio4-2 1 688.611 0.9
audio6-2 1 688.611 0.9
audio9-0 1 688.611 0.9
yolo11-1 1 56.834 0.99
yolo11-2 1 56.834 0.99
yolo12-0 1 56.834 0.99
yolo2-1 1 56.834 0.99
yolo2-2 1 56.834 0.99
yolo5-1 1 56.834 0.99
yolo6-0 1 56.834 0.99
yolo6-2 1 56.834 0.99
yolo8-0 1 56.834 0.99
yolo8-2 1 56.834 0.99
yolo9-2 1 56.834 0.99
Sum of bandwidth: 5036.982
Sum of weights: 8.836000000000002
Average accuracy: 0.9484495246717971
time: 0.023135900497436523
**time: 3
========Allocate Done=============
audio1-3 0.4 276.05100000000004 0.25
audio10-0 0.4 276.05100000000004 0.25
audio11-0 0.4 276.05100000000004 0.25
audio11-2 0.4 276.05100000000004 0.25
audio3-0 0.4015386852821391 277.1089999999989 0.25
audio3-2 0.4 276.05100000000004 0.25
audio4-2 1 688.611 0.9
audio6-2 1 688.611 0.9
audio8-3 1 688.611 0.9
audio9-0 1 688.611 0.9
yolo11-1 1 56.834 0.99
yolo11-2 1 56.834 0.99
yolo12-0 1 56.834 0.99
yolo2-1 1 56.834 0.99
yolo2-2 1 56.834 0.99
yolo5-1 1 56.834 0.99
yolo6-0 1 56.834 0.99
yolo6-2 1 56.834 0.99
yolo7-3 1 56.834 0.99
yolo8-2 1 56.834 0.99
yolo9-2 1 56.834 0.99
Sum of bandwidth: 5036.981999999997
Sum of weights: 10.065000000000001
Average accuracy: 0.8917565822155987
time: 0.04573202133178711
**time: 4
========Allocate Done=============
audio1-3 0.4 276.05100000000004 0.25
audio10-0 0.4 276.05100000000004 0.25
audio11-0 0.4 276.05100000000004 0.25
audio11-2 0.4 276.05100000000004 0.25
audio2-4 0.4 276.05100000000004 0.25
audio3-0 0.4 276.05100000000004 0.25
audio3-2 0.4 276.05100000000004 0.25
audio4-2 1 688.611 0.9
audio5-4 0.4 276.05100000000004 0.25
audio6-2 0.4 276.05100000000004 0.25
audio7-4 0.4 276.05100000000004 0.25
audio8-3 0.6734235020360677 464.0570000000002 0.34
audio9-0 0.4 276.05100000000004 0.25
audio9-4 0.4 276.05100000000004 0.25
yolo11-1 1 56.834 0.99
yolo11-2 1 56.834 0.99
yolo12-0 1 56.834 0.99
yolo12-4 1 56.834 0.99
yolo2-1 1 56.834 0.99
yolo2-2 1 56.834 0.99
yolo6-2 1 56.834 0.99
yolo7-3 1 56.834 0.99
yolo8-2 1 56.834 0.99
yolo9-2 1 56.834 0.99
Sum of bandwidth: 5033.619999999999
Sum of weights: 11.319999999999997
Average accuracy: 0.6740892226148412
time: 0.012617111206054688
**time: 5
========Allocate Done=============
audio1-3 0.4 276.05100000000004 0.25
audio10-0 0.4 276.05100000000004 0.25
audio11-0 0.4 276.05100000000004 0.25
audio11-2 0.4 276.05100000000004 0.25
audio11-5 0.4 276.05100000000004 0.25
audio2-4 0.4 276.05100000000004 0.25
audio3-0 0.4 276.05100000000004 0.25
audio3-2 0.4 276.05100000000004 0.25
audio3-5 0.4 276.05100000000004 0.25
audio4-2 0.4 276.05100000000004 0.25
audio5-4 0.4 276.05100000000004 0.25
audio6-2 0.4 276.05100000000004 0.25
audio7-4 0.4 276.05100000000004 0.25
audio8-3 0.4 276.05100000000004 0.25
audio9-0 0.4 276.05100000000004 0.25
audio9-4 0.4 276.05100000000004 0.25
yolo11-1 1 56.834 0.99
yolo11-2 1 56.834 0.99
yolo11-5 1 56.834 0.99
yolo12-0 1 56.834 0.99
yolo12-4 1 56.834 0.99
yolo2-1 0.8885141690325217 51.812480000000676 0.99
yolo2-2 0.8500000000000002 50.02292000000001 0.99
yolo6-2 0.9000000000000002 52.34072000000001 0.99
yolo6-5 0.9000000000000002 52.34072000000001 0.99
yolo7-3 1 56.834 0.99
yolo8-2 0.9500000000000003 54.611080000000015 0.99
yolo9-2 0.3 21.396079999999998 0.64
Sum of bandwidth: 5040.344
Sum of weights: 12.867999999999995
Average accuracy: 0.6275893689773083
time: 0.00844430923461914
**time: 6
========Allocate Done=============
audio1-3 0.4 276.05100000000004 0.25
audio11-0 0.4 276.05100000000004 0.25
audio11-5 0.4 276.05100000000004 0.25
audio2-4 0.4 276.05100000000004 0.25
audio3-0 0.4 276.05100000000004 0.25
audio3-2 0.4 276.05100000000004 0.25
audio3-5 0.4 276.05100000000004 0.25
audio4-2 0.9678912158231548 666.5330000000013 0.9
audio5-4 0.4 276.05100000000004 0.25
audio6-2 0.4 276.05100000000004 0.25
audio7-4 0.4 276.05100000000004 0.25
audio8-3 0.55 379.1910000000001 0.31
audio9-4 0.4 276.05100000000004 0.25
audio9-6 0.4 276.05100000000004 0.25
yolo11-1 1 56.834 0.99
yolo11-2 1 56.834 0.99
yolo11-5 1 56.834 0.99
yolo12-4 1 56.834 0.99
yolo2-1 1 56.834 0.99
yolo2-2 1 56.834 0.99
yolo2-6 1 56.834 0.99
yolo6-2 1 56.834 0.99
yolo6-5 1 56.834 0.99
yolo7-3 1 56.834 0.99
yolo8-2 1 56.834 0.99
yolo9-2 1 56.834 0.99
Sum of bandwidth: 5040.343999999999
Sum of weights: 12.678999999999995
Average accuracy: 0.6866164524016093
time: 0.007695674896240234
**time: 7
========Allocate Done=============
audio1-3 0.4 276.05100000000004 0.25
audio11-5 0.4 276.05100000000004 0.25
audio12-7 0.4 276.05100000000004 0.25
audio2-4 0.4 276.05100000000004 0.25
audio3-0 0.4 276.05100000000004 0.25
audio3-2 0.4 276.05100000000004 0.25
audio3-5 0.4 276.05100000000004 0.25
audio4-2 0.5664208842350205 390.4820000000001 0.31
audio5-4 0.4 276.05100000000004 0.25
audio5-7 0.4 276.05100000000004 0.25
audio6-2 0.4 276.05100000000004 0.25
audio7-4 0.4 276.05100000000004 0.25
audio8-7 0.55 379.1910000000001 0.31
audio9-4 0.4 276.05100000000004 0.25
audio9-6 0.4 276.05100000000004 0.25
yolo11-1 1 56.834 0.99
yolo11-2 1 56.834 0.99
yolo11-5 1 56.834 0.99
yolo12-4 1 56.834 0.99
yolo2-1 1 56.834 0.99
yolo2-2 1 56.834 0.99
yolo2-6 1 56.834 0.99
yolo6-2 1 56.834 0.99
yolo6-5 1 56.834 0.99
yolo7-3 1 56.834 0.99
yolo8-2 1 56.834 0.99
yolo9-2 1 56.834 0.99
Sum of bandwidth: 5040.343999999998
Sum of weights: 13.275999999999996
Average accuracy: 0.626363362458572
time: 0.00864863395690918
**time: 8
========Allocate Done=============
audio10-8 0.4 276.05100000000004 0.25
audio11-5 0.4 276.05100000000004 0.25
audio12-7 0.4 276.05100000000004 0.25
audio2-8 0.4 276.05100000000004 0.25
audio3-0 0.4 276.05100000000004 0.25
audio3-2 0.4 276.05100000000004 0.25
audio3-5 0.4 276.05100000000004 0.25
audio5-4 0.4 276.05100000000004 0.25
audio5-7 0.4 276.05100000000004 0.25
audio6-2 0.4 276.05100000000004 0.25
audio7-4 0.4 276.05100000000004 0.25
audio8-7 0.8845927865037837 609.2570000000017 0.74
audio9-4 0.4 276.05100000000004 0.25
audio9-6 0.4 276.05100000000004 0.25
yolo1-8 1 56.834 0.99
yolo10-8 1 56.834 0.99
yolo11-2 1 56.834 0.99
yolo11-5 1 56.834 0.99
yolo12-4 1 56.834 0.99
yolo12-8 1 56.834 0.99
yolo2-1 1 56.834 0.99
yolo2-6 1 56.834 0.99
yolo4-8 1 56.834 0.99
yolo6-2 1 56.834 0.99
yolo6-5 1 56.834 0.99
yolo8-2 1 56.834 0.99
yolo8-8 1 56.834 0.99
yolo9-2 1 56.834 0.99
yolo9-8 1 56.834 0.99
Sum of bandwidth: 5050.4299999999985
Sum of weights: 13.925999999999995
Average accuracy: 0.715787017090335
time: 0.6178727149963379
**time: 9
========Allocate Done=============
audio10-8 0.4 276.05100000000004 0.25
audio11-5 0.4 276.05100000000004 0.25
audio12-7 0.4 276.05100000000004 0.25
audio2-8 0.4 276.05100000000004 0.25
audio3-0 0.4 276.05100000000004 0.25
audio3-5 0.4 276.05100000000004 0.25
audio5-4 0.45 310.43100000000004 0.27
audio5-7 0.45 310.43100000000004 0.27
audio6-2 0.4 276.05100000000004 0.25
audio7-4 0.4 276.05100000000004 0.25
audio8-7 1 688.611 0.9
audio9-4 0.4582969749854565 316.1359999999999 0.27
audio9-6 0.45 310.43100000000004 0.27
yolo1-8 1 56.834 0.99
yolo10-8 1 56.834 0.99
yolo11-2 1 56.834 0.99
yolo11-5 1 56.834 0.99
yolo12-4 1 56.834 0.99
yolo12-8 1 56.834 0.99
yolo2-1 1 56.834 0.99
yolo2-6 1 56.834 0.99
yolo4-8 1 56.834 0.99
yolo5-9 1 56.834 0.99
yolo6-5 1 56.834 0.99
yolo7-9 1 56.834 0.99
yolo8-2 1 56.834 0.99
yolo8-8 1 56.834 0.99
yolo9-2 1 56.834 0.99
yolo9-8 1 56.834 0.99
Sum of bandwidth: 5053.791999999998
Sum of weights: 14.490999999999993
Average accuracy: 0.7593292388378998
time: 0.10777640342712402
**time: 10
========Allocate Done=============
audio1-10 0.4 276.05100000000004 0.25
audio10-8 0.4 276.05100000000004 0.25
audio11-5 0.4 276.05100000000004 0.25
audio12-7 0.4 276.05100000000004 0.25
audio3-0 0.4 276.05100000000004 0.25
audio3-5 0.4 276.05100000000004 0.25
audio4-10 0.4 276.05100000000004 0.25
audio5-4 0.4 276.05100000000004 0.25
audio5-7 0.4 276.05100000000004 0.25
audio6-10 0.4 276.05100000000004 0.25
audio6-2 0.4 276.05100000000004 0.25
audio7-10 0.4 276.05100000000004 0.25
audio7-4 0.4 276.05100000000004 0.25
audio8-7 0.4 276.05100000000004 0.25
audio9-4 0.4 276.05100000000004 0.25
audio9-6 0.4 276.05100000000004 0.25
yolo1-8 0.8000000000000002 47.657680000000006 0.99
yolo10-8 0.8000000000000002 47.657680000000006 0.99
yolo11-2 0.8000000000000002 47.657680000000006 0.99
yolo11-5 0.8000000000000002 47.657680000000006 0.99
yolo12-8 0.8000000000000002 47.657680000000006 0.99
yolo2-1 0.6340231406091391 39.46606000000051 0.93
yolo3-10 0.5499999999999999 35.119879999999995 0.88
yolo4-8 1 56.834 0.99
yolo5-9 0.8500000000000002 50.02292000000001 0.99
yolo6-5 0.65 40.27732 0.93
yolo7-9 1 56.834 0.99
yolo8-2 0.7000000000000001 42.78488 0.955
yolo8-8 0.7000000000000001 42.78488 0.955
yolo9-2 0.2 15.574480000000001 0.525
yolo9-8 0.2 15.574480000000001 0.525
audio11-edge-0 0.4 0.0527 0.25
Sum of bandwidth: 5050.430000000003
Sum of weights: 15.788999999999994
Average accuracy: 0.6229197542592946
time: 0.08301281929016113
**time: 11
========Allocate Done=============
audio1-10 0.4 276.05100000000004 0.25
audio10-8 0.4 276.05100000000004 0.25
audio11-5 0.4 276.05100000000004 0.25
audio12-7 0.2062101803374058 142.80112000000022 0.2
audio3-0 0.4 276.05100000000004 0.25
audio3-5 0.4 276.05100000000004 0.25
audio4-10 0.4 276.05100000000004 0.25
audio5-11 0.4 276.05100000000004 0.25
audio5-4 0.4 276.05100000000004 0.25
audio5-7 0.4 276.05100000000004 0.25
audio6-10 0.4 276.05100000000004 0.25
audio6-2 0.4 276.05100000000004 0.25
audio7-10 0.4 276.05100000000004 0.25
audio7-4 0.4 276.05100000000004 0.25
audio8-7 0.4 276.05100000000004 0.25
audio9-11 0.4 276.05100000000004 0.25
audio9-4 0.4 276.05100000000004 0.25
audio9-6 0.4 276.05100000000004 0.25
yolo1-11 0.15000000000000002 12.59252 0.525
yolo1-8 0.15000000000000002 12.59252 0.525
yolo10-8 0.15000000000000002 12.59252 0.525
yolo11-11 0.15000000000000002 12.59252 0.525
yolo12-8 0.15000000000000002 12.59252 0.525
yolo2-1 0.1 9.563120000000001 0.525
yolo3-10 0.1 9.563120000000001 0.525
yolo3-11 0.1 9.563120000000001 0.525
yolo4-11 0.3 21.396079999999998 0.64
yolo4-8 0.3 21.396079999999998 0.64
yolo5-11 0.15000000000000002 12.59252 0.525
yolo5-9 0.15000000000000002 12.59252 0.525
yolo6-5 0.1 9.563120000000001 0.525
yolo7-9 0.25 18.509 0.64
yolo8-2 0.15000000000000002 12.59252 0.525
yolo8-8 0.15000000000000002 12.59252 0.525
yolo9-2 0.05 6.486280000000001 0.525
yolo9-8 0.05 6.486280000000001 0.525
audio11-edge-0 0 0.0527 0
Sum of bandwidth: 5061.579700000002
Sum of weights: 19.036999999999995
Average accuracy: 0.4168437779061829
time: 0.42595911026000977
**time: 12
========Allocate Done=============
audio1-10 0.4 276.05100000000004 0.25
audio10-12 0.4 276.05100000000004 0.25
audio10-8 0.4 276.05100000000004 0.25
audio11-12 0.21522867946480553 149.00224000000028 0.2
audio11-5 0 1.011 0
audio12-7 0 1.011 0
audio3-0 0.4 276.05100000000004 0.25
audio3-5 0.4 276.05100000000004 0.25
audio4-10 0.4 276.05100000000004 0.25
audio5-11 0.4 276.05100000000004 0.25
audio5-7 0.4 276.05100000000004 0.25
audio6-10 0.4 276.05100000000004 0.25
audio6-12 0.4 276.05100000000004 0.25
audio6-2 0.4 276.05100000000004 0.25
audio7-10 0.4 276.05100000000004 0.25
audio7-4 0.4 276.05100000000004 0.25
audio8-7 0.4 276.05100000000004 0.25
audio9-11 0.4 276.05100000000004 0.25
audio9-4 0.4 276.05100000000004 0.25
audio9-6 0.4 276.05100000000004 0.25
yolo1-11 0.15000000000000002 12.59252 0.525
yolo1-8 0.15000000000000002 12.59252 0.525
yolo10-8 0.15000000000000002 12.59252 0.525
yolo11-11 0.15000000000000002 12.59252 0.525
yolo12-8 0.15000000000000002 12.59252 0.525
yolo3-10 0.1 9.563120000000001 0.525
yolo3-11 0.1 9.563120000000001 0.525
yolo4-11 0.3 21.396079999999998 0.64
yolo4-8 0.3 21.396079999999998 0.64
yolo5-11 0.15000000000000002 12.59252 0.525
yolo5-9 0.15000000000000002 12.59252 0.525
yolo6-5 0.1 9.563120000000001 0.525
yolo7-9 0.25 18.509 0.64
yolo8-2 0.15000000000000002 12.59252 0.525
yolo8-8 0.15000000000000002 12.59252 0.525
yolo9-2 0.05 6.486280000000001 0.525
yolo9-8 0.05 6.486280000000001 0.525
audio11-edge-0 0 0.0527 0
Sum of bandwidth: 5060.239700000003
Sum of weights: 18.545999999999996
Average accuracy: 0.4122104496926563
time: 0.0047190189361572266
**time: 13
========Allocate Done=============
audio1-10 0.4 276.05100000000004 0.25
audio10-12 0.4 276.05100000000004 0.25
audio10-8 0.4 276.05100000000004 0.25
audio11-12 0.4 276.05100000000004 0.25
audio11-5 0.4 276.05100000000004 0.25
audio12-7 0.4 276.05100000000004 0.25
audio2-13 0.4 276.05100000000004 0.25
audio4-10 0.4 276.05100000000004 0.25
audio4-13 0.4 276.05100000000004 0.25
audio5-13 0.4 276.05100000000004 0.25
audio5-7 0.4 276.05100000000004 0.25
audio6-10 0.4 276.05100000000004 0.25
audio6-12 0.4 276.05100000000004 0.25
audio6-2 0.4 276.05100000000004 0.25
audio7-10 0.4 276.05100000000004 0.25
audio8-7 0.4 276.05100000000004 0.25
audio9-6 0.4 276.05100000000004 0.25
yolo1-11 0.3 21.396079999999998 0.64
yolo10-8 0.3 21.396079999999998 0.64
yolo11-11 0.3 21.396079999999998 0.64
yolo12-8 0.3 21.396079999999998 0.64
yolo3-10 0.2 15.574480000000001 0.525
yolo3-11 0.2 15.574480000000001 0.525
yolo4-11 0.5499999999999999 35.119879999999995 0.88
yolo4-8 0.5499999999999999 35.119879999999995 0.88
yolo5-11 0.3 21.396079999999998 0.64
yolo5-9 0.3 21.396079999999998 0.64
yolo6-5 0.25 18.509 0.64
yolo7-13 0.49999999999999994 32.47 0.82
yolo7-9 0.49999999999999994 32.47 0.82
yolo8-2 0.25 18.509 0.64
yolo8-8 0.25 18.509 0.64
yolo9-2 0.06664487492682378 7.51582000000196 0.525
yolo9-8 0.05 6.486280000000001 0.525
audio11-edge-0 0.4 0.0527 0.25
Sum of bandwidth: 5057.154000000007
Sum of weights: 17.272
Average accuracy: 0.5133603520148219
time: 0.5052175521850586
**time: 14
========Allocate Done=============
audio1-10 0.4 276.05100000000004 0.25
audio10-12 0.4 276.05100000000004 0.25
audio10-14 0.4 276.05100000000004 0.25
audio10-8 0.4 276.05100000000004 0.25
audio11-12 0.4 276.05100000000004 0.25
audio11-5 0.4 276.05100000000004 0.25
audio12-7 0.4 276.05100000000004 0.25
audio2-13 0.4 276.05100000000004 0.25
audio3-14 0.4 276.05100000000004 0.25
audio4-10 0.4 276.05100000000004 0.25
audio4-13 0.4 276.05100000000004 0.25
audio5-13 0.4 276.05100000000004 0.25
audio6-10 0.4 276.05100000000004 0.25
audio6-12 0.4 276.05100000000004 0.25
audio7-10 0.4 276.05100000000004 0.25
audio8-7 0.4 276.05100000000004 0.25
audio9-14 0.4 276.05100000000004 0.25
yolo1-11 0.35 24.23572 0.685
yolo1-14 0.35 24.23572 0.685
yolo10-14 0.35 24.23572 0.685
yolo10-8 0.35 24.23572 0.685
yolo11-11 0.35 24.23572 0.685
yolo12-8 0.35 24.23572 0.685
yolo3-11 0.25 18.509 0.64
yolo4-11 0.7000000000000001 42.78488 0.955
yolo5-11 0.39999999999999997 27.027919999999995 0.685
yolo5-9 0.39999999999999997 27.027919999999995 0.685
yolo6-5 0.3 21.396079999999998 0.64
yolo7-13 0.65 40.27732 0.93
yolo8-8 0.31130617258502025 22.04233999999937 0.685
yolo9-8 0.1 9.563120000000001 0.525
audio11-edge-0 0.4 0.0527 0.25
audio11-edge-5 0.4 0.0527 0.25
audio7-edge-10 0.4 0.0527 0.25
Sum of bandwidth: 5047.067999999998
Sum of weights: 15.298999999999998
Average accuracy: 0.5121648473756456
time: 0.05287575721740723
**time: 15
========Allocate Done=============
audio1-10 0.4 276.05100000000004 0.25
audio1-15 0.4 276.05100000000004 0.25
audio10-14 0.4 276.05100000000004 0.25
audio10-8 0.4 276.05100000000004 0.25
audio2-13 0.4 276.05100000000004 0.25
audio3-14 0.4 276.05100000000004 0.25
audio4-10 0.7399717859220479 509.8156000000002 0.42
audio4-13 0.55 379.1910000000001 0.31
audio5-13 0.4 276.05100000000004 0.25
audio6-10 0.4 276.05100000000004 0.25
audio6-12 0.4 276.05100000000004 0.25
audio6-15 0.4 276.05100000000004 0.25
audio8-7 0.55 379.1910000000001 0.31
audio9-14 0.4 276.05100000000004 0.25
yolo1-11 1 56.834 0.99
yolo1-14 1 56.834 0.99
yolo10-14 1 56.834 0.99
yolo10-8 1 56.834 0.99
yolo11-11 1 56.834 0.99
yolo12-8 1 56.834 0.99
yolo3-11 1 56.834 0.99
yolo4-11 1 56.834 0.99
yolo6-15 1 56.834 0.99
yolo6-5 1 56.834 0.99
yolo7-13 1 56.834 0.99
yolo8-15 1 56.834 0.99
yolo8-8 1 56.834 0.99
audio11-edge-5 0.4 0.0527 0.25
audio7-edge-10 0.4 0.0527 0.25
Sum of bandwidth: 5043.705999999999
Sum of weights: 14.663999999999998
Average accuracy: 0.6686538461538463
time: 0.00996708869934082
**time: 16
========Allocate Done=============
audio1-10 0.4 276.05100000000004 0.25
audio1-15 0.4 276.05100000000004 0.25
audio10-14 0.4 276.05100000000004 0.25
audio10-8 0.4 276.05100000000004 0.25
audio11-16 0.4 276.05100000000004 0.25
audio2-13 0.4 276.05100000000004 0.25
audio3-14 0.4 276.05100000000004 0.25
audio4-10 0.4 276.05100000000004 0.25
audio4-13 0.4 276.05100000000004 0.25
audio4-16 0.4 276.05100000000004 0.25
audio5-13 0.4 276.05100000000004 0.25
audio6-10 0.4 276.05100000000004 0.25
audio6-12 0.4 276.05100000000004 0.25
audio6-15 0.4 276.05100000000004 0.25
audio8-7 0.4 276.05100000000004 0.25
audio9-14 0.4 276.05100000000004 0.25
audio9-16 0.4 276.05100000000004 0.25
yolo1-11 0.35 24.23572 0.685
yolo1-14 0.35 24.23572 0.685
yolo1-16 0.35 24.23572 0.685
yolo10-14 0.33130268096122795 23.179400000000932 0.685
yolo10-8 0.3 21.396079999999998 0.64
yolo11-11 0.3 21.396079999999998 0.64
yolo12-8 0.3 21.396079999999998 0.64
yolo3-11 0.25 18.509 0.64
yolo4-11 0.65 40.27732 0.93
yolo4-16 0.65 40.27732 0.93
yolo6-15 0.25 18.509 0.64
yolo6-16 0.25 18.509 0.64
yolo6-5 0.25 18.509 0.64
yolo8-15 0.3 21.396079999999998 0.64
yolo8-8 0.3 21.396079999999998 0.64
audio11-edge-5 0.4 0.0527 0.25
audio7-edge-10 0.4 0.0527 0.25
Sum of bandwidth: 5050.430000000003
Sum of weights: 17.448
Average accuracy: 0.4900280834479597
time: 0.005959987640380859
**time: 17
========Allocate Done=============
audio1-10 0.4 276.05100000000004 0.25
audio1-15 0.4 276.05100000000004 0.25
audio10-14 0.4 276.05100000000004 0.25
audio10-8 0.4 276.05100000000004 0.25
audio11-16 0.4 276.05100000000004 0.25
audio12-17 0.4 276.05100000000004 0.25
audio2-13 0.4 276.05100000000004 0.25
audio3-14 0.4 276.05100000000004 0.25
audio4-10 0.4 276.05100000000004 0.25
audio4-13 0.4 276.05100000000004 0.25
audio4-16 0.4 276.05100000000004 0.25
audio6-12 0.4 276.05100000000004 0.25
audio6-15 0.4 276.05100000000004 0.25
audio8-17 0.4 276.05100000000004 0.25
audio8-7 0.4 276.05100000000004 0.25
audio9-14 0.4 276.05100000000004 0.25
audio9-16 0.4 276.05100000000004 0.25
yolo1-14 0.35 24.23572 0.685
yolo1-16 0.35 24.23572 0.685
yolo10-14 0.35 24.23572 0.685
yolo10-8 0.35 24.23572 0.685
yolo11-11 0.35 24.23572 0.685
yolo12-8 0.35 24.23572 0.685
yolo3-11 0.25 18.509 0.64
yolo3-17 0.25 18.509 0.64
yolo4-11 0.7000000000000001 42.78488 0.955
yolo4-16 0.7000000000000001 42.78488 0.955
yolo6-15 0.3 21.396079999999998 0.64
yolo6-16 0.3 21.396079999999998 0.64
yolo8-15 0.3098279018998521 21.957980000001427 0.685
yolo8-8 0.3 21.396079999999998 0.64
audio7-edge-10 0.4 0.0527 0.25
Sum of bandwidth: 5047.068000000001
Sum of weights: 16.608999999999995
Average accuracy: 0.49483442711782794
time: 0.13068032264709473
**time: 18
========Allocate Done=============
audio1-15 0.4 276.05100000000004 0.25
audio10-14 0.4 276.05100000000004 0.25
audio10-8 0.4 276.05100000000004 0.25
audio11-16 0.4 276.05100000000004 0.25
audio12-17 0.4 276.05100000000004 0.25
audio2-13 0.4 276.05100000000004 0.25
audio3-14 0.4 276.05100000000004 0.25
audio3-18 0.4 276.05100000000004 0.25
audio4-10 0.4 276.05100000000004 0.25
audio4-13 0.4 276.05100000000004 0.25
audio4-16 0.4 276.05100000000004 0.25
audio6-12 0.4 276.05100000000004 0.25
audio6-15 0.4 276.05100000000004 0.25
audio8-17 0.4 276.05100000000004 0.25
audio9-14 0.4 276.05100000000004 0.25
audio9-16 0.4 276.05100000000004 0.25
yolo1-14 0.8000000000000002 47.657680000000006 0.99
yolo1-16 0.8000000000000002 47.657680000000006 0.99
yolo10-14 0.8000000000000002 47.657680000000006 0.99
yolo10-8 0.776839491868681 46.54600000000117 0.955
yolo11-11 0.7500000000000001 45.245000000000005 0.955
yolo12-18 0.7500000000000001 45.245000000000005 0.955
yolo3-11 0.5499999999999999 35.119879999999995 0.88
yolo3-17 0.5499999999999999 35.119879999999995 0.88
yolo4-11 1 56.834 0.99
yolo4-16 1 56.834 0.99
yolo6-15 0.65 40.27732 0.93
yolo6-16 0.65 40.27732 0.93
yolo8-15 0.7000000000000001 42.78488 0.955
yolo8-8 0.7000000000000001 42.78488 0.955
audio1-edge-10 0.4 0.0527 0.25
audio1-edge-15 0.4 0.0527 0.25
audio3-edge-14 0.4 0.0527 0.25
audio7-edge-10 0.4 0.0527 0.25
Sum of bandwidth: 5047.068000000003
Sum of weights: 16.525
Average accuracy: 0.6140317700453856
time: 0.06633543968200684
**time: 19
========Allocate Done=============
audio11-16 0.4 276.05100000000004 0.25
audio12-17 0.4 276.05100000000004 0.25
audio3-18 0.4 276.05100000000004 0.25
audio4-16 1 688.611 0.9
audio6-12 0.45 310.43100000000004 0.27
audio6-15 0.45 310.43100000000004 0.27
audio6-19 0.45 310.43100000000004 0.27
audio8-17 1 688.611 0.9
audio9-14 0.912478039557877 628.4308999999962 0.84
audio9-16 0.55 379.1910000000001 0.31
yolo1-14 1 56.834 0.99
yolo1-16 1 56.834 0.99
yolo10-14 1 56.834 0.99
yolo11-11 1 56.834 0.99
yolo11-19 1 56.834 0.99
yolo12-18 1 56.834 0.99
yolo2-19 1 56.834 0.99
yolo3-11 1 56.834 0.99
yolo3-17 1 56.834 0.99
yolo4-11 1 56.834 0.99
yolo4-16 1 56.834 0.99
yolo5-19 1 56.834 0.99
yolo6-16 1 56.834 0.99
yolo7-19 1 56.834 0.99
yolo8-15 1 56.834 0.99
yolo9-19 1 56.834 0.99
audio1-edge-15 0.4 0.0527 0.25
audio3-edge-14 0.4 0.0527 0.25
audio7-edge-10 0.4 0.0527 0.25
Sum of bandwidth: 5053.791999999994
Sum of weights: 15.687999999999995
Average accuracy: 0.8089597144314128
time: 0.2076716423034668
**time: 20
========Allocate Done=============
audio10-20 0.4 276.05100000000004 0.25
audio11-16 0.4 276.05100000000004 0.25
audio12-17 0.4 276.05100000000004 0.25
audio2-20 0.4 276.05100000000004 0.25
audio3-18 0.4 276.05100000000004 0.25
audio4-16 0.5289072134962216 364.687600000002 0.3
audio6-15 0.4 276.05100000000004 0.25
audio6-19 0.4 276.05100000000004 0.25
audio6-20 0.4 276.05100000000004 0.25
audio7-20 0.4 276.05100000000004 0.25
audio8-17 0.5 344.81100000000004 0.3
audio8-20 0.5 344.81100000000004 0.3
audio9-14 0.4 276.05100000000004 0.25
audio9-16 0.4 276.05100000000004 0.25
yolo1-16 1 56.834 0.99
yolo1-20 1 56.834 0.99
yolo10-14 1 56.834 0.99
yolo11-11 1 56.834 0.99
yolo11-19 1 56.834 0.99
yolo12-18 1 56.834 0.99
yolo2-19 1 56.834 0.99
yolo3-11 1 56.834 0.99
yolo3-17 1 56.834 0.99
yolo4-11 1 56.834 0.99
yolo4-16 1 56.834 0.99
yolo4-20 1 56.834 0.99
yolo5-19 1 56.834 0.99
yolo6-16 1 56.834 0.99
yolo7-19 1 56.834 0.99
yolo8-15 1 56.834 0.99
yolo9-19 1 56.834 0.99
audio3-edge-14 0.4 0.0527 0.25
audio7-edge-10 0.4 0.0527 0.25
Sum of bandwidth: 5057.1539999999995
Sum of weights: 18.067
Average accuracy: 0.6899988930093541
time: 0.3619098663330078
**time: 21
========Allocate Done=============
audio10-20 0.4 276.05100000000004 0.25
audio10-21 0.4 276.05100000000004 0.25
audio11-16 0.20220308318789798 140.04583999999866 0.2
audio12-17 0 1.011 0
audio2-20 0.4 276.05100000000004 0.25
audio2-21 0.4 276.05100000000004 0.25
audio3-18 0.4 276.05100000000004 0.25
audio3-21 0.4 276.05100000000004 0.25
audio4-16 0.4 276.05100000000004 0.25
audio5-21 0.4 276.05100000000004 0.25
audio6-15 0.4 276.05100000000004 0.25
audio6-19 0.4 276.05100000000004 0.25
audio6-20 0.4 276.05100000000004 0.25
audio7-20 0.4 276.05100000000004 0.25
audio8-17 0.4 276.05100000000004 0.25
audio8-20 0.4 276.05100000000004 0.25
audio9-14 0.4 276.05100000000004 0.25
audio9-16 0.4 276.05100000000004 0.25
audio9-21 0.4 276.05100000000004 0.25
yolo1-16 0.15000000000000002 12.59252 0.525
yolo1-20 0.15000000000000002 12.59252 0.525
yolo10-14 0.15000000000000002 12.59252 0.525
yolo11-19 0.15000000000000002 12.59252 0.525
yolo12-18 0.15000000000000002 12.59252 0.525
yolo2-19 0.1 9.563120000000001 0.525
yolo3-11 0.1 9.563120000000001 0.525
yolo3-17 0.1 9.563120000000001 0.525
yolo4-11 0.3 21.396079999999998 0.64
yolo4-16 0.3 21.396079999999998 0.64
yolo4-20 0.3 21.396079999999998 0.64
yolo5-19 0.15000000000000002 12.59252 0.525
yolo6-16 0.1 9.563120000000001 0.525
yolo6-21 0.1 9.563120000000001 0.525
yolo7-19 0.25 18.509 0.64
yolo8-15 0.15000000000000002 12.59252 0.525
yolo9-19 0.05 6.486280000000001 0.525
audio11-edge-16 0 0.0527 0
audio3-edge-14 0.4 0.0527 0.25
audio7-edge-20 0.4 0.0527 0.25
Sum of bandwidth: 5059.2287000000015
Sum of weights: 19.79699999999999
Average accuracy: 0.41460044451179506
time: 0.4061927795410156
**time: 22
========Allocate Done=============
audio1-22 0.15353275159976565 106.58011999999886 0.2
audio10-20 0 1.011 0
audio10-21 0 1.011 0
audio11-16 0 1.011 0
audio12-17 0 1.011 0
audio2-20 0.4 276.05100000000004 0.25
audio2-21 0.4 276.05100000000004 0.25
audio3-18 0.4 276.05100000000004 0.25
audio3-21 0.4 276.05100000000004 0.25
audio4-16 0.4 276.05100000000004 0.25
audio4-22 0.4 276.05100000000004 0.25
audio5-21 0.4 276.05100000000004 0.25
audio6-15 0.4 276.05100000000004 0.25
audio6-19 0.4 276.05100000000004 0.25
audio6-20 0.4 276.05100000000004 0.25
audio7-22 0.4 276.05100000000004 0.25
audio8-17 0.4 276.05100000000004 0.25
audio8-20 0.4 276.05100000000004 0.25
audio8-22 0.4 276.05100000000004 0.25
audio9-14 0.4 276.05100000000004 0.25
audio9-16 0.4 276.05100000000004 0.25
audio9-21 0.4 276.05100000000004 0.25
yolo1-16 0.15000000000000002 12.59252 0.525
yolo1-20 0.15000000000000002 12.59252 0.525
yolo10-14 0.15000000000000002 12.59252 0.525
yolo11-19 0.15000000000000002 12.59252 0.525
yolo12-18 0.15000000000000002 12.59252 0.525
yolo2-19 0.1 9.563120000000001 0.525
yolo2-22 0.1 9.563120000000001 0.525
yolo3-11 0.1 9.563120000000001 0.525
yolo3-17 0.1 9.563120000000001 0.525
yolo4-11 0.3 21.396079999999998 0.64
yolo4-16 0.3 21.396079999999998 0.64
yolo4-20 0.3 21.396079999999998 0.64
yolo4-22 0.3 21.396079999999998 0.64
yolo5-19 0.15000000000000002 12.59252 0.525
yolo6-16 0.1 9.563120000000001 0.525
yolo6-21 0.1 9.563120000000001 0.525
yolo7-19 0.25 18.509 0.64
yolo8-15 0.15000000000000002 12.59252 0.525
yolo8-22 0.15000000000000002 12.59252 0.525
yolo9-19 0.05 6.486280000000001 0.525
audio11-edge-16 0 0.0527 0
audio3-edge-14 0.4 0.0527 0.25
audio7-edge-20 0.4 0.0527 0.25
Sum of bandwidth: 5072.347700000002
Sum of weights: 23.63499999999999
Average accuracy: 0.41349524011000655
time: 0.7628049850463867
**time: 23
========Allocate Done=============
audio1-22 0 1.011 0
audio10-20 0 1.011 0
audio10-21 0 1.011 0
audio11-16 0 1.011 0
audio11-23 0 1.011 0
audio12-17 0 1.011 0
audio12-23 0 1.011 0
audio2-20 0.4 276.05100000000004 0.25
audio2-21 0.3197863583478756 220.89609999999928 0.2
audio3-18 0.4 276.05100000000004 0.25
audio3-21 0.4 276.05100000000004 0.25
audio4-16 0.4 276.05100000000004 0.25
audio4-22 0.4 276.05100000000004 0.25
audio5-21 0.4 276.05100000000004 0.25
audio6-15 0.4 276.05100000000004 0.25
audio6-19 0.4 276.05100000000004 0.25
audio6-20 0.4 276.05100000000004 0.25
audio6-23 0.4 276.05100000000004 0.25
audio7-22 0.4 276.05100000000004 0.25
audio8-17 0.4 276.05100000000004 0.25
audio8-20 0.4 276.05100000000004 0.25
audio8-22 0.4 276.05100000000004 0.25
audio9-14 0.4 276.05100000000004 0.25
audio9-16 0.4 276.05100000000004 0.25
audio9-21 0.4 276.05100000000004 0.25
yolo1-16 0.05 6.486280000000001 0.525
yolo1-20 0.05 6.486280000000001 0.525
yolo1-23 0.05 6.486280000000001 0.525
yolo10-14 0.05 6.486280000000001 0.525
yolo10-23 0.05 6.486280000000001 0.525
yolo11-19 0.05 6.486280000000001 0.525
yolo12-18 0.05 6.486280000000001 0.525
yolo2-19 0.05 6.486280000000001 0.525
yolo2-22 0.05 6.486280000000001 0.525
yolo3-11 0.05 6.486280000000001 0.525
yolo3-17 0.05 6.486280000000001 0.525
yolo4-11 0.1 9.563120000000001 0.525
yolo4-16 0.1 9.563120000000001 0.525
yolo4-20 0.1 9.563120000000001 0.525
yolo4-22 0.1 9.563120000000001 0.525
yolo5-19 0.05 6.486280000000001 0.525
yolo6-16 0.05 6.486280000000001 0.525
yolo6-21 0.05 6.486280000000001 0.525
yolo7-19 0.1 9.563120000000001 0.525
yolo7-23 0.1 9.563120000000001 0.525
yolo8-15 0.05 6.486280000000001 0.525
yolo8-22 0.05 6.486280000000001 0.525
yolo9-19 0 3.362 0
audio11-edge-16 0 0.0527 0
audio7-edge-20 0.4 0.0527 0.25
Sum of bandwidth: 5085.4667
Sum of weights: 25.89699999999999
Average accuracy: 0.39417500096536295
time: 0.008004903793334961
**time: 24
========Allocate Done=============
audio1-22 0 1.011 0
audio10-20 0 1.011 0
audio10-21 0 1.011 0
audio11-16 0 1.011 0
audio11-23 0 1.011 0
audio12-17 0 1.011 0
audio12-23 0 1.011 0
audio2-20 0.4 276.05100000000004 0.25
audio2-21 0.31517361838277974 217.72437999999934 0.2
audio3-21 0.4 276.05100000000004 0.25
audio4-16 0.4 276.05100000000004 0.25
audio4-22 0.4 276.05100000000004 0.25
audio5-21 0.4 276.05100000000004 0.25
audio6-15 0.4 276.05100000000004 0.25
audio6-19 0.4 276.05100000000004 0.25
audio6-20 0.4 276.05100000000004 0.25
audio6-23 0.4 276.05100000000004 0.25
audio7-22 0.4 276.05100000000004 0.25
audio8-17 0.4 276.05100000000004 0.25
audio8-20 0.4 276.05100000000004 0.25
audio8-22 0.4 276.05100000000004 0.25
audio9-14 0.4 276.05100000000004 0.25
audio9-16 0.4 276.05100000000004 0.25
audio9-21 0.4 276.05100000000004 0.25
audio9-24 0.4 276.05100000000004 0.25
yolo1-16 0.05 6.486280000000001 0.525
yolo1-20 0.05 6.486280000000001 0.525
yolo1-23 0.05 6.486280000000001 0.525
yolo1-24 0.05 6.486280000000001 0.525
yolo10-14 0.05 6.486280000000001 0.525
yolo10-23 0.05 6.486280000000001 0.525
yolo10-24 0.05 6.486280000000001 0.525
yolo11-19 0.05 6.486280000000001 0.525
yolo12-18 0.05 6.486280000000001 0.525
yolo2-19 0.05 6.486280000000001 0.525
yolo2-22 0.05 6.486280000000001 0.525
yolo3-11 0.05 6.486280000000001 0.525
yolo3-17 0.05 6.486280000000001 0.525
yolo4-11 0.1 9.563120000000001 0.525
yolo4-20 0.1 9.563120000000001 0.525
yolo4-22 0.1 9.563120000000001 0.525
yolo5-19 0.05 6.486280000000001 0.525
yolo6-16 0.05 6.486280000000001 0.525
yolo6-21 0.05 6.486280000000001 0.525
yolo7-19 0.1 9.563120000000001 0.525
yolo7-23 0.1 9.563120000000001 0.525
yolo8-15 0.05 6.486280000000001 0.525
yolo8-22 0.05 6.486280000000001 0.525
yolo8-24 0.05 6.486280000000001 0.525
yolo9-19 0 3.362 0
audio11-edge-16 0 0.0527 0
audio7-edge-20 0.4 0.0527 0.25
Sum of bandwidth: 5092.190700000001
Sum of weights: 26.995999999999988
Average accuracy: 0.3969439917024746
time: 0.5250968933105469
**time: 25
========Allocate Done=============
audio1-22 0.15278147178592077 106.06353999999912 0.2
audio10-20 0 1.011 0
audio10-21 0 1.011 0
audio11-16 0 1.011 0
audio11-23 0 1.011 0
audio12-23 0 1.011 0
audio2-20 0.4 276.05100000000004 0.25
audio2-21 0.4 276.05100000000004 0.25
audio3-21 0.4 276.05100000000004 0.25
audio4-16 0.4 276.05100000000004 0.25
audio4-22 0.4 276.05100000000004 0.25
audio5-21 0.4 276.05100000000004 0.25
audio6-15 0.4 276.05100000000004 0.25
audio6-19 0.4 276.05100000000004 0.25
audio6-20 0.4 276.05100000000004 0.25
audio6-23 0.4 276.05100000000004 0.25
audio7-22 0.4 276.05100000000004 0.25
audio8-17 0.4 276.05100000000004 0.25
audio8-20 0.4 276.05100000000004 0.25
audio8-22 0.4 276.05100000000004 0.25
audio9-16 0.4 276.05100000000004 0.25
audio9-21 0.4 276.05100000000004 0.25
audio9-24 0.4 276.05100000000004 0.25
yolo1-20 0.15000000000000002 12.59252 0.525
yolo1-23 0.15000000000000002 12.59252 0.525
yolo1-24 0.15000000000000002 12.59252 0.525
yolo10-23 0.15000000000000002 12.59252 0.525
yolo10-24 0.15000000000000002 12.59252 0.525
yolo11-19 0.15000000000000002 12.59252 0.525
yolo12-18 0.15000000000000002 12.59252 0.525
yolo2-19 0.1 9.563120000000001 0.525
yolo2-22 0.1 9.563120000000001 0.525
yolo3-17 0.1 9.563120000000001 0.525
yolo4-20 0.3 21.396079999999998 0.64
yolo4-22 0.3 21.396079999999998 0.64
yolo5-19 0.15000000000000002 12.59252 0.525
yolo6-16 0.1 9.563120000000001 0.525
yolo6-21 0.1 9.563120000000001 0.525
yolo7-19 0.25 18.509 0.64
yolo7-23 0.25 18.509 0.64
yolo8-15 0.15000000000000002 12.59252 0.525
yolo8-22 0.15000000000000002 12.59252 0.525
yolo8-24 0.15000000000000002 12.59252 0.525
yolo9-19 0.05 6.486280000000001 0.525
audio11-edge-16 0 0.0527 0
audio7-edge-20 0.4 0.0527 0.25
Sum of bandwidth: 5076.720700000002
Sum of weights: 23.730999999999987
Average accuracy: 0.4109605579200205
time: 0.08598017692565918
