time: 0
  Time         enp0s25      
HH:MM:SS   Kbps in  Kbps out
04:16:23   3147.82     22.93
04:16:26   2963.48     22.68
04:16:29   2824.13     30.43
04:16:32   2474.15     17.01
04:16:35   4201.36     25.84
04:16:38   3149.81     14.57
04:16:41   4683.79     29.71
04:16:44   4978.43     40.09
04:16:47   4683.73     31.44
04:16:50   3517.45      9.12
04:16:53   4471.05     24.99
04:16:56   4425.99     35.57
04:16:59   4809.34     27.59
04:17:02   6467.13     48.01
04:17:05   5061.95     30.86
04:17:08   3358.91     12.48
04:17:11   5061.95     28.34
04:17:14   4571.34     33.55
04:17:17   3892.09     11.76
Connection to 192.168.1.102 closed.
time: 1
  Time         enp0s25      
HH:MM:SS   Kbps in  Kbps out
04:17:22   4334.65    622.80
04:17:25   4655.99   1392.32
04:17:28   4998.50   1574.33
04:17:31   3733.83   2305.35
04:17:34   3344.63     81.74
04:17:37   4960.10   1967.55
04:17:40   5372.09   1962.91
04:17:43   5312.38    535.94
04:17:46   3366.55   1450.73
04:17:49   4155.18   1956.84
04:17:52   4610.93    416.59
04:17:55   4247.12   1566.99
04:17:58   6794.70   3926.31
04:18:01   4854.79   1125.46
04:18:04   2895.52    847.34
04:18:07   5016.96   1974.15
04:18:10   5257.39   1927.60
04:18:13   3409.64    200.05
04:18:16   4318.77   1959.65
Connection to 192.168.1.102 closed.
time: 2
  Time         enp0s25      
HH:MM:SS   Kbps in  Kbps out
04:18:22   7117.48   2250.62
04:18:25   3502.45   1728.86
04:18:28   5063.39   1965.85
04:18:31   4677.98     29.93
04:18:34   3399.14      9.43
04:18:37   5074.37     38.95
04:18:40   4792.17     30.76
04:18:43   2913.36     11.75
04:18:46   5602.17   1483.63
04:18:49   5019.41     36.33
04:18:52   3485.00     11.46
04:18:55   4585.82     32.19
04:18:58   4912.66     31.01
04:19:01   5178.02    620.21
04:19:04   3290.83   1047.99
04:19:07   4462.27    214.19
04:19:10   5125.24    206.55
04:19:13   3395.00    184.45
04:19:16   5090.01     31.70
Connection to 192.168.1.102 closed.
time: 3
  Time         enp0s25      
HH:MM:SS   Kbps in  Kbps out
04:19:22   4453.43    422.36
04:19:25   4274.60    203.48
04:19:28   4897.02     48.16
04:19:31   4472.60    223.37
04:19:34   4890.39   1824.19
04:19:37   5460.12    384.09
04:19:40   4487.75     31.29
04:19:43   4625.45   1739.42
04:19:46   5539.67    387.77
04:19:49   5024.74    377.21
04:19:52   3255.17     15.77
04:19:55   4430.95   2703.37
04:19:58   4930.12    373.72
04:20:01   3187.06    256.37
04:20:04   4959.37     28.46
04:20:07   4211.75   1402.35
04:20:10   3162.66   1300.96
04:20:13   5026.79    338.86
04:20:16   4749.44     36.32
Connection to 192.168.1.102 closed.
time: 4
  Time         enp0s25      
HH:MM:SS   Kbps in  Kbps out
04:20:23   3534.25   1686.46
04:20:26   5436.58    996.77
04:20:29   4962.13    183.45
04:20:32   3385.41    382.55
04:20:35   4527.23   2551.67
04:20:38   5334.22    375.44
04:20:41   3211.59    356.23
04:20:44   4878.35     36.59
04:20:47   3491.43   1528.23
04:20:50   4577.07    372.81
04:20:53   4859.30    378.62
04:20:56   4189.17    730.66
04:20:59   4362.33    373.26
04:21:02   4758.02    371.56
04:21:05   5112.75    762.60
04:21:08   4996.17     41.64
04:21:11   2726.78    351.46
04:21:14   4700.37    370.11
04:21:17   4821.36    755.35
Connection to 192.168.1.102 closed.
time: 5
  Time         enp0s25      
HH:MM:SS   Kbps in  Kbps out
04:21:23   4273.89    376.86
04:21:26   4851.48    583.80
04:21:29   3153.83    560.10
04:21:32   4688.16    437.21
04:21:35   4554.92    638.11
04:21:38  98318.70   2611.87
04:21:41  88157.57   2101.60
04:21:44  83898.51   2182.23
04:21:47  90899.73   2489.49
04:21:50  92280.62   2498.42
04:21:53  66802.42   1899.04
04:21:56  88185.63   2126.10
04:21:59  92146.76   1997.76
04:22:02  70844.07   2196.00
04:22:05  65624.05   2419.03
04:22:08  67560.91   1457.85
04:22:11  78804.65   2473.23
04:22:14  72553.99   2017.19
04:22:17  74971.62   2095.69
Connection to 192.168.1.102 closed.
time: 6
  Time         enp0s25      
HH:MM:SS   Kbps in  Kbps out
04:22:23  86960.32   2307.90
04:22:26  80293.08   2273.34
04:22:29  83136.58   1831.22
04:22:32  70523.05   1853.15
04:22:35  60922.95   1889.54
04:22:38  74853.62   1751.76
04:22:41  71605.08   1964.05
04:22:44  95353.82   2310.38
04:22:47  95841.88   2101.69
04:22:50  86945.00   1880.80
04:22:53  63254.08   1819.41
04:22:56  89731.73   1805.77
04:22:59  69013.82   1498.91
04:23:02  61416.53   1359.10
04:23:05  77434.07   1774.03
04:23:08  75647.33   1853.34
04:23:11  69628.17   1803.34
04:23:14  83895.39   2078.29
04:23:17  72875.84   1644.65
Connection to 192.168.1.102 closed.
time: 7
  Time         enp0s25      
HH:MM:SS   Kbps in  Kbps out
04:23:23  74922.43   1689.45
04:23:26  70177.49   1820.22
04:23:29  93697.62   2096.80
04:23:32  82613.56   2202.70
04:23:35  68993.91   1452.54
04:23:38  44571.74   1012.54
04:23:41  42213.37   1296.74
04:23:44  55951.57   1259.64
04:23:47  48098.08   1406.91
04:23:50  45104.34   1487.83
04:23:53  50348.38   1673.14
04:23:56  39517.68   1749.50
04:23:59  39072.37    758.33
04:24:02  39471.29   1470.30
04:24:05  38282.08   1209.56
04:24:08  40696.06   1653.93
04:24:11  49509.89    989.69
04:24:14  37106.16   1447.95
04:24:17  28989.66   1619.73
Connection to 192.168.1.102 closed.
time: 8
  Time         enp0s25      
HH:MM:SS   Kbps in  Kbps out
04:24:23  37722.33    772.23
04:24:26  50067.76   1876.73
04:24:29  28706.30   1795.41
04:24:32  27980.53   1382.28
04:24:35  26188.56   1394.74
04:24:38  24130.77    456.67
04:24:41  19588.56   1485.74
04:24:44  17111.73   1002.21
04:24:47  43244.40   1568.48
04:24:50  33073.99    664.85
04:24:53  37463.94   1451.04
04:24:56  39289.28   1867.92
04:24:59  50764.81   1345.76
04:25:02  26148.16    506.62
04:25:05  36551.99   1819.99
04:25:08  40627.58   1197.43
04:25:11  27898.49   1254.41
04:25:14  27859.52    532.07
04:25:17  26953.02    817.86
Connection to 192.168.1.102 closed.
time: 9
  Time         enp0s25      
HH:MM:SS   Kbps in  Kbps out
04:25:23  26082.05    858.72
04:25:26  39346.83   1218.81
04:25:29  39202.73   1052.49
04:25:32  25978.37    843.08
04:25:35  39244.38   1539.65
04:25:38  39569.98    799.12
04:25:41  26482.08    891.07
04:25:44  27113.94   1363.96
04:25:47  16292.74    621.45
04:25:50  29474.28   1593.89
04:25:53  24234.82    994.42
04:25:56  38674.64   1414.82
04:25:59  38261.31   1667.64
04:26:02  38580.83   1034.86
04:26:05  28687.49    956.21
04:26:08  37052.34   1256.70
04:26:11  39051.44   1376.07
04:26:14  27693.53   1345.20
04:26:17  39371.34   1101.58
Connection to 192.168.1.102 closed.
time: 10
  Time         enp0s25      
HH:MM:SS   Kbps in  Kbps out
04:26:23  39158.47   1242.67
04:26:26  39763.52   1203.43
04:26:29  38845.91   1778.86
04:26:32  51602.91   1243.79
04:26:35  50180.43   1623.36
04:26:38  47830.12   1128.18
04:26:41   8204.33    453.33
04:26:44   4707.11    426.55
04:26:47   4015.27    367.53
04:26:50   3784.32    356.12
04:26:53   4702.78    383.21
04:26:56   4892.82     30.85
04:26:59   2904.87    370.33
04:27:02   4953.33    780.09
04:27:05   5384.13    209.55
04:27:08   3184.45     46.94
04:27:11   4314.05    205.65
04:27:14   4864.48    196.33
04:27:17  50794.41   1176.05
Connection to 192.168.1.102 closed.
time: 11
  Time         enp0s25      
HH:MM:SS   Kbps in  Kbps out
04:27:24  70457.83   1856.24
04:27:27  64576.22   2209.03
04:27:30  95080.61   2479.68
04:27:33  60347.42   1781.22
04:27:36  82286.93   2473.08
04:27:39  73760.13   1977.77
04:27:42  80905.72   2050.88
04:27:45  83818.60   2506.85
04:27:48  57496.51   1942.41
04:27:51  81859.72   1835.98
04:27:54  60016.03   1614.16
04:27:57  69981.19   1851.28
04:28:00  86424.89   1848.26
04:28:03  94385.25   1935.40
04:28:06  90763.61   2224.72
04:28:09  85079.56   1716.04
04:28:12  74483.07   1467.60
04:28:15  83625.24   2264.69
04:28:18  78842.37   1602.12
Connection to 192.168.1.102 closed.
time: 12
  Time         enp0s25      
HH:MM:SS   Kbps in  Kbps out
04:28:23  91315.31   2285.98
04:28:26  54818.61   1146.74
04:28:29  92245.81   2345.41
04:28:32  74953.76   1560.88
04:28:35  71283.43   1445.50
04:28:38  57955.46   1616.17
04:28:41  68644.76   1454.08
04:28:44  62889.87   1465.74
04:28:47  27327.83    726.10
04:28:50  39128.70    810.28
04:28:53  20387.82    755.73
04:28:56  54414.46   1142.89
04:28:59  46786.97    960.34
04:29:02  33086.61   1067.46
04:29:05  33799.76    693.92
04:29:08   4243.11     34.24
04:29:11   3655.15    433.85
04:29:14   4936.15     49.33
04:29:17   5236.57    446.14
Connection to 192.168.1.102 closed.
time: 13
  Time         enp0s25      
HH:MM:SS   Kbps in  Kbps out
04:29:23   4857.54    421.26
04:29:26   3119.08     31.41
04:29:29   4875.90     50.89
04:29:32   4615.31    420.97
04:29:35   2822.68     21.79
04:29:38   4938.91   1046.08
04:29:41   4881.61    588.93
04:29:44   3102.74    262.22
04:29:47   4270.43    817.47
04:29:50   4589.85    430.69
04:29:53   5016.70    832.71
04:29:56   5240.50   2833.43
04:29:59   4027.54    362.58
04:30:02   4785.73    430.56
04:30:05   3136.40    846.87
04:30:08   4659.62    428.28
04:30:11   3480.36   1535.64
04:30:14   3950.36    444.96
04:30:17   4442.89    988.04
Connection to 192.168.1.102 closed.
time: 14
  Time         enp0s25      
HH:MM:SS   Kbps in  Kbps out
04:30:23   3178.34    407.57
04:30:26   5093.56    829.08
04:30:29   4930.32    427.06
04:30:32   3093.82    408.32
04:30:35   4527.65    929.18
04:30:38   4376.08   1071.84
04:30:41   3942.65   1189.20
04:30:44   3958.65   1194.79
04:30:47   6656.90   1211.60
04:30:50   4707.73   1426.26
04:30:53   2948.91    961.13
04:30:56   4336.34     40.08
04:30:59   4721.04    806.40
04:31:02   3225.35    791.53
04:31:05   4190.52     20.49
04:31:08   4206.19   1202.93
04:31:11   4116.83   1190.94
04:31:14   5776.16    437.47
04:31:17   4558.76   1198.15
Connection to 192.168.1.102 closed.
time: 15
  Time         enp0s25      
HH:MM:SS   Kbps in  Kbps out
04:31:23   4146.46    993.97
04:31:26   4700.32   1031.76
04:31:29   3361.37   1201.74
04:31:32   4039.49    725.29
04:31:35   4371.06    702.49
04:31:38   4286.16    818.97
04:31:41   4228.45   1041.55
04:31:44   4598.26    183.55
04:31:47   4537.96   1462.76
04:31:50   4087.66   1259.42
04:31:53   5713.46   2307.71
04:31:56   4538.44    374.83
04:31:59   2927.03      8.21
04:32:02   4538.80   1524.47
04:32:05   4124.78    371.05
04:32:08   3132.86    353.04
04:32:11   4590.26    290.60
04:32:14   4516.16   1024.00
04:32:17   4904.35    619.22
Connection to 192.168.1.102 closed.
time: 16
  Time         enp0s25      
HH:MM:SS   Kbps in  Kbps out
04:32:23   6732.78    460.64
04:32:26  99210.66   2468.75
04:32:29  99081.28   3086.81
04:32:32  99889.62   2298.31
04:32:35  100217.3   2120.21
04:32:38  100112.7   2103.39
04:32:41  97589.46   3134.30
04:32:44  97505.27   2386.36
04:32:47  98340.68   3175.86
04:32:50  97089.10   2428.95
04:32:53  98748.15   3324.48
04:32:56  94765.31   2676.52
04:32:59  99904.72   2267.09
04:33:02  98852.67   2899.05
04:33:05  98844.10   3209.54
04:33:08  97246.72   2042.78
04:33:11  96884.49   3210.51
04:33:14  96724.56   3013.61
04:33:17  99803.03   2742.72
Connection to 192.168.1.102 closed.
time: 17
  Time         enp0s25      
HH:MM:SS   Kbps in  Kbps out
04:33:23  97475.80   2444.41
04:33:26  98928.36   2885.06
04:33:29  99508.75   2459.01
04:33:32  99015.47   2508.93
04:33:35  96954.78   2768.84
04:33:38  74037.23   2010.95
04:33:41   3890.96    408.56
04:33:44   5657.77    893.89
04:33:47   3578.35    562.06
04:33:50   4933.90    492.83
04:33:53   4604.71    918.75
04:33:56   3056.20    682.18
04:33:59   4417.33    763.48
04:34:02   5135.99   3019.09
04:34:05   3559.65   1251.18
04:34:08   3697.77    547.87
04:34:11   3740.82    919.09
04:34:14   5623.36   1340.80
04:34:17   3079.18    553.93
Connection to 192.168.1.102 closed.
time: 18
  Time         enp0s25      
HH:MM:SS   Kbps in  Kbps out
04:34:23   4389.19   1403.89
04:34:26   3081.92    985.44
04:34:29   4835.29    440.24
04:34:32   4789.66   1399.99
04:34:35   2633.13    982.61
04:34:38   4464.30   1162.33
04:34:41   3689.38   1151.96
04:34:44   5683.14   1630.72
04:34:47   4410.64   1899.90
04:34:50   4835.52   2354.51
04:34:53   5189.85    618.33
04:34:56   2948.95   1959.65
04:34:59   4235.46   1424.93
04:35:02   3626.92   1699.41
04:35:05   4828.25   1773.19
04:35:08   4090.76    781.84
04:35:11   5985.07   2032.36
04:35:14   2573.19   1514.99
04:35:17   4917.63   1114.23
Connection to 192.168.1.102 closed.
time: 19
  Time         enp0s25      
HH:MM:SS   Kbps in  Kbps out
04:35:24   4871.40   1177.31
04:35:27   2704.10   1160.36
04:35:30   4453.07   1995.05
04:35:33   4468.17    540.38
04:35:36   4692.51   2090.90
04:35:39   4178.59   1578.09
04:35:42   3756.18    910.25
04:35:45   4902.63   1703.45
04:35:48   4655.40   1665.93
04:35:51   6516.33    477.55
04:35:54   2644.68   2053.80
04:35:57   4559.37   1252.54
04:36:00   4508.00    971.15
04:36:03   2930.37    398.01
04:36:06   4515.88   1307.26
04:36:09   4442.40   1128.76
04:36:12   4457.13   1487.24
04:36:15   3148.52   1416.72
04:36:18   4564.95   1025.46
Connection to 192.168.1.102 closed.
time: 20
  Time         enp0s25      
HH:MM:SS   Kbps in  Kbps out
04:36:23   2971.87    969.28
04:36:26   4550.82    654.04
04:36:29   4533.53    486.23
04:36:32   2996.66   2512.99
04:36:35   5291.48   1051.71
04:36:38   4646.82   1190.25
04:36:41   2965.27    185.99
04:36:44   4197.59    909.01
04:36:47   4474.81    675.80
04:36:50   4136.80    977.12
04:36:53   3395.26   2121.10
04:36:56   4556.52    725.25
04:36:59   4511.64    849.53
04:37:02   3225.13    730.04
04:37:05   4543.89    218.10
04:37:08   4467.04    373.38
04:37:11   3073.54    346.08
04:37:14   4694.05    936.86
04:37:18   4637.24     62.87
Connection to 192.168.1.102 closed.
time: 21
  Time         enp0s25      
HH:MM:SS   Kbps in  Kbps out
04:37:23   4527.19    550.79
04:37:26   4768.42    543.38
04:37:29   3308.43    309.80
04:37:32   5220.83    265.15
04:37:35   3743.67    652.89
04:37:38   4174.31    796.64
04:37:41   4366.13    325.57
04:37:44   4583.88    264.34
04:37:47   4036.73    562.10
04:37:50   4198.61    946.13
04:37:53   4550.23    112.26
04:37:56   5640.01    510.11
04:37:59   2990.88    412.30
04:38:02   4080.48    113.81
04:38:05   4807.67    325.95
04:38:08   2853.79    841.93
04:38:11   4606.21    171.33
04:38:14   4497.48    657.53
04:38:17   3026.51    875.18
Connection to 192.168.1.102 closed.
time: 22
  Time         enp0s25      
HH:MM:SS   Kbps in  Kbps out
04:38:23   4315.00    503.79
04:38:26   3034.62    877.77
04:38:29   4808.20    118.64
04:38:32   4885.88    435.42
04:38:35   3101.50    895.08
04:38:38   4569.07    116.84
04:38:41   4558.45   1127.06
04:38:44   3849.97    529.38
04:38:47   3523.59    100.39
04:38:50   4880.42   1503.96
04:38:53   4532.77     77.54
04:38:56   4458.50   1067.95
04:38:59   4981.47    220.41
04:39:02   4516.09    473.78
04:39:05   3016.71    439.01
04:39:08   4817.43     36.37
04:39:11   4355.70    467.96
04:39:14   3266.09    483.21
04:39:17   4532.86     62.74
Connection to 192.168.1.102 closed.
time: 23
  Time         enp0s25      
HH:MM:SS   Kbps in  Kbps out
04:39:23   4963.42     93.50
04:39:26   3135.23     99.48
04:39:29   4720.22    827.76
04:39:32   4840.86    109.72
04:39:35   3069.44     29.61
04:39:38   3977.97    907.49
04:39:41   4276.17    104.81
04:39:44   4993.63    494.89
04:39:47   4693.25    429.43
04:39:50   3281.29     50.26
04:39:53   6698.85   2909.71
04:39:56   3035.57    366.38
04:39:59   4644.05    920.90
04:40:02   4369.40    398.92
04:40:05   3055.53     41.35
04:40:08   4940.39    833.72
04:40:11   4855.64     33.31
04:40:14   2800.23     40.63
04:40:17   4737.79    838.15
Connection to 192.168.1.102 closed.
time: 24
  Time         enp0s25      
HH:MM:SS   Kbps in  Kbps out
04:40:23   2875.81      9.63
04:40:26   4378.57    845.19
04:40:29   4627.35     63.25
04:40:32   3295.42    280.40
04:40:35   3954.68    603.22
04:40:38   4186.09     60.81
04:40:41   4824.54    835.60
04:40:44   4610.00     62.17
04:40:47   4676.90    765.48
04:40:50   4367.42    114.52
04:40:53   2903.25     39.31
04:40:56   4552.15    840.82
04:40:59   4496.85     25.73
04:41:02   2613.53     38.53
04:41:05   4675.14    843.09
04:41:08   4809.85     32.43
04:41:11   3283.96    144.98
04:41:14   4213.06    677.91
04:41:17   4758.30     27.79
Connection to 192.168.1.102 closed.
time: 25
  Time         enp0s25      
HH:MM:SS   Kbps in  Kbps out
04:41:23   3486.09    463.09
04:41:26   4312.53     39.65
04:41:29   4031.81    412.60
04:41:32   3414.38    425.00
04:41:35   4497.79     94.27
04:41:38   4385.69    818.02
04:41:41   4401.50     31.90
04:41:44   4581.30    810.20
04:41:47   4760.73     40.02
04:41:50   2406.02     14.76
04:41:53   4552.64   1579.41
04:41:56   4711.90     40.16
04:41:59   3099.56      9.81
04:42:02   3952.51   1062.03
04:42:05   4556.53     32.81
04:42:08   4922.55    420.50
04:42:11   3031.43    401.33
04:42:14   4218.37     34.43
04:42:17   4349.06     86.29
Connection to 192.168.1.102 closed.
