time: 0
  Time         enp0s25      
HH:MM:SS   Kbps in  Kbps out
02:04:03   1688.76     19.21
02:04:06   1630.97      9.85
02:04:09   2011.65     31.82
02:04:12   1288.26     11.96
02:04:15   1729.49      8.95
02:04:18   1594.11     23.00
02:04:21   1590.55     15.45
02:04:24   2188.64     20.69
02:04:27   2755.90     21.96
02:04:30   2991.53     24.60
02:04:33   3038.51     28.00
02:04:36   2913.61     30.28
02:04:39   3120.58     27.32
02:04:42   1564.25     13.17
02:04:45   3254.38     29.19
02:04:48   3268.45     27.36
02:04:51   1377.63     21.50
02:04:54   2733.74     20.81
02:04:57   2767.82    186.78
Connection to 192.168.1.102 closed.
time: 1
  Time         enp0s25      
HH:MM:SS   Kbps in  Kbps out
02:05:03   5161.58     93.71
02:05:06   2802.02    196.58
02:05:09   1588.03    171.74
02:05:12   3229.54    203.35
02:05:15   3215.35     23.45
02:05:18   1208.54    339.97
02:05:21   2911.96    364.87
02:05:24   3186.92    357.85
02:05:27   4407.01    380.97
02:05:30   2403.42     11.33
02:05:33   2821.24    358.74
02:05:36   3399.37    354.19
02:05:39   1686.89    333.76
02:05:42   3378.54     40.96
02:05:45   1829.80    347.66
02:05:48   2640.50    344.83
02:05:51   3041.08   1337.36
02:05:54   5264.15   2385.47
02:05:57   1307.04    339.39
Connection to 192.168.1.102 closed.
time: 2
  Time         enp0s25      
HH:MM:SS   Kbps in  Kbps out
02:06:03   3519.78   4669.28
02:06:06   1880.54    508.66
02:06:09   2855.46   2470.34
02:06:12   2397.51   2475.82
02:06:15   3218.83    851.64
02:06:18   3236.97     29.76
02:06:21   3171.10   1665.79
02:06:24   3747.14   3235.56
02:06:27   2151.53    510.39
02:06:30   3261.10     24.64
02:06:33   5004.55   4074.09
02:06:36   1717.52    789.09
02:06:39   3317.42    526.64
02:06:42   3786.33   2737.96
02:06:45   1773.99   4088.38
02:06:48   3120.18   1139.14
02:06:51   3241.60   1060.19
02:06:54   1857.30   1092.99
02:06:57   3096.29   4231.93
Connection to 192.168.1.102 closed.
time: 3
  Time         enp0s25      
HH:MM:SS   Kbps in  Kbps out
02:07:04   3323.30   1029.72
02:07:07   3317.07    861.03
02:07:10   1579.87   3617.84
02:07:13   3179.02   1033.27
02:07:16   3160.59   1046.34
02:07:19   1608.40   1000.97
02:07:22   3322.92   3479.97
02:07:25   2893.85   1039.05
02:07:28   1644.83    998.76
02:07:31   3412.06   1020.69
02:07:34   2675.28   2156.89
02:07:37   2069.85   2322.34
02:07:40   2955.21   1013.18
02:07:43   3323.38   1030.44
02:07:46   3402.39     35.71
02:07:49   2991.86   3095.90
02:07:52   2709.70   1026.38
02:07:55   3843.80   1031.67
02:07:58   3358.65     31.00
Connection to 192.168.1.102 closed.
time: 4
  Time         enp0s25      
HH:MM:SS   Kbps in  Kbps out
02:08:03   4700.04   3116.87
02:08:06   2476.19    139.74
02:08:09   3208.53    917.34
02:08:12   3033.06   1049.52
02:08:15   1773.32   1036.80
02:08:18   3470.51   2205.49
02:08:21   3231.51    947.72
02:08:24   1310.84   1019.42
02:08:27   3738.31   1037.67
02:08:30   3326.59    274.17
02:08:33   1778.94    780.82
02:08:36   3202.79   3061.99
02:08:39   3539.96   1040.26
02:08:42   3603.97    220.17
02:08:45   1716.66    828.86
02:08:48   3056.10   1037.94
02:08:51   3585.23   1820.15
02:08:54   1814.45   1448.40
02:08:57   3454.63    858.96
Connection to 192.168.1.102 closed.
time: 5
  Time         enp0s25      
HH:MM:SS   Kbps in  Kbps out
02:09:03   1806.58   1035.04
02:09:06   3288.16     20.32
02:09:09   3301.85   2366.27
02:09:12   1739.76   1749.13
02:09:15   3007.03   1038.80
02:09:18   3277.13   1045.08
02:09:21   1736.80   1063.94
02:09:24   3254.15     55.59
02:09:27   2209.33   3072.63
02:09:30   3525.25   1029.21
02:09:33   3222.28   1066.82
02:09:36   3243.60     48.33
02:09:39  68488.51   2513.65
02:09:42  72043.32   4000.99
02:09:45  75502.96   2591.66
02:09:48  84657.03   1833.43
02:09:51  84605.04   3347.64
02:09:54  68023.65   1882.02
02:09:57  80227.23   2263.38
Connection to 192.168.1.102 closed.
time: 6
  Time         enp0s25      
HH:MM:SS   Kbps in  Kbps out
02:10:04  72773.14   2966.22
02:10:07  55847.84   1624.30
02:10:10  70216.44   2535.23
02:10:13  51057.39   1948.03
02:10:16  75434.72   2920.59
02:10:19  81713.26   2152.41
02:10:22  48191.31   2055.77
02:10:25  33767.42   1039.67
02:10:28  50587.17   2250.19
02:10:31  49447.58   1498.45
02:10:34  81109.10   2161.45
02:10:37  78138.50   2222.60
02:10:40  67395.34   1721.86
02:10:43  81299.91   2931.30
02:10:46  78307.53   1768.07
02:10:49  84518.72   1871.59
02:10:52  64920.10   1375.13
02:10:55  85397.44   3063.63
02:10:58  79867.78   1747.64
Connection to 192.168.1.102 closed.
time: 7
  Time         enp0s25      
HH:MM:SS   Kbps in  Kbps out
02:11:04  85672.47   2839.13
02:11:07  65363.31   1385.66
02:11:10  59419.97   2417.68
02:11:13  57005.55   1289.84
02:11:16  54266.20   1508.43
02:11:19  88860.06   1982.98
02:11:22  85069.60   1891.17
02:11:25  85825.77   2238.04
02:11:28  74089.06   1593.94
02:11:31  82146.85   1811.83
02:11:34  40043.54   1245.57
02:11:37  80750.59   1748.14
02:11:40  81437.91   1725.75
02:11:43  77915.75   2122.43
02:11:46  93407.84   2021.39
02:11:49  67008.04   1460.35
02:11:52  94995.57   2385.20
02:11:55  84459.97   1710.10
02:11:58  72078.58   1850.10
Connection to 192.168.1.102 closed.
time: 8
  Time         enp0s25      
HH:MM:SS   Kbps in  Kbps out
02:12:04  40437.68   1211.39
02:12:07  49507.19    987.81
02:12:10  53629.04   1160.83
02:12:13  44243.60   1309.62
02:12:16  49579.03   1013.05
02:12:19  47497.15   1014.46
02:12:22  58933.62   1670.38
02:12:25  58926.45   1276.45
02:12:28  44162.59    921.22
02:12:31  51507.17   1511.61
02:12:34  48217.69   1039.39
02:12:37  53410.40   1269.46
02:12:40  66092.31   1733.12
02:12:43  53661.23   1111.43
02:12:46  51121.82   1514.04
02:12:49  67032.02   1449.35
02:12:52  65660.85   1415.09
02:12:55  41935.51   1260.30
02:12:58  41688.84    899.53
Connection to 192.168.1.102 closed.
time: 9
  Time         enp0s25      
HH:MM:SS   Kbps in  Kbps out
02:13:04  38828.21    834.20
02:13:07  45824.98   1216.09
02:13:10  24709.91    693.22
02:13:13  36998.53    813.37
02:13:16  15521.17    719.32
02:13:19  25005.59    550.99
02:13:22  14976.94    292.75
02:13:25  38025.48   1195.00
02:13:28  24685.17    564.50
02:13:31  37740.38    813.37
02:13:34  26387.07    915.90
02:13:37  33749.83    739.25
02:13:40  16926.16    350.50
02:13:43  25960.27    949.67
02:13:46  36831.18    802.15
02:13:49  26012.07    512.04
02:13:52  37449.84   1203.23
02:13:55  26439.10    543.10
02:13:58  42764.20   1290.28
Connection to 192.168.1.102 closed.
time: 10
  Time         enp0s25      
HH:MM:SS   Kbps in  Kbps out
02:14:03  24795.60    539.65
02:14:06  26509.52    923.07
02:14:09  18761.94    390.88
02:14:12  20929.13    446.55
02:14:15  27132.78    958.63
02:14:18  25679.84    527.40
02:14:21  32692.86    766.26
02:14:24  41015.30   1205.18
02:14:27  49274.28   1057.16
02:14:30  37819.27   1101.22
02:14:33  24900.05    610.37
02:14:36  48816.87   1021.87
02:14:39  26351.35    937.79
02:14:42  35435.71    740.80
02:14:45  27478.51    583.45
02:14:48  36874.56   1181.01
02:14:51  37961.60    815.64
02:14:54  44944.59   1318.22
02:14:57  31371.04    671.44
Connection to 192.168.1.102 closed.
time: 11
  Time         enp0s25      
HH:MM:SS   Kbps in  Kbps out
02:16:43  49787.22   1114.95
02:16:46  95431.14   2033.66
02:16:49  89068.30   1909.48
02:16:52  81748.68   1779.18
02:16:55  41726.82    875.72
02:16:58  83471.14   1785.89
02:17:01  58490.36   1243.33
02:17:04  82051.45   2067.08
02:17:07  87777.21   1797.59
02:17:10  86600.78   1737.55
02:17:13  72536.05   1896.00
02:17:16  86937.18   1850.33
02:17:19  78320.74   1794.03
02:17:22  98312.06   2380.84
02:17:25  80635.58   1711.46
02:17:28  78934.30   2060.70
02:17:31  94190.26   1954.81
02:17:34  90260.85   1852.49
02:17:37  93619.07   1906.27
Connection to 192.168.1.102 closed.
time: 12
  Time         enp0s25      
HH:MM:SS   Kbps in  Kbps out
02:17:44  69105.87   1418.59
02:17:47  53631.05   1110.01
02:17:50  63296.47   1354.89
02:17:53  66801.01   1796.94
02:17:56  63857.78   2076.55
02:17:59  73522.20   1769.52
02:18:02  56472.77   1319.17
02:18:05  80708.06   1720.95
02:18:08  86387.22   2214.76
02:18:11  64976.30   1404.82
02:18:14  29374.51    611.62
02:18:17  53046.45   1485.08
02:18:20  50826.41   1091.20
02:18:23   3631.02     35.33
02:18:26   3135.67    420.78
02:18:29   2317.68     16.59
02:18:32   2801.08     34.62
02:18:35   3418.60    419.57
02:18:38   3756.25     37.98
Connection to 192.168.1.102 closed.
time: 13
  Time         enp0s25      
HH:MM:SS   Kbps in  Kbps out
02:18:44   3907.93     47.16
02:18:47   3542.86    422.43
02:18:50   1779.18     22.85
02:18:53   3384.54     46.35
02:18:56   3338.94    445.97
02:18:59   1768.80     21.22
02:19:02   3520.34     53.72
02:19:05   3556.92     39.69
02:19:08   1827.12     35.50
02:19:11   3370.76     56.20
02:19:14   3434.75     50.39
02:19:17   3393.46     43.11
02:19:20   1852.60     17.74
02:19:23   2554.12     26.48
02:19:26   2947.75     24.33
02:19:29   2238.12     22.78
02:19:32   3312.79     30.80
02:19:35   3244.69     28.91
02:19:38   2961.61     20.46
Connection to 192.168.1.102 closed.
time: 14
  Time         enp0s25      
HH:MM:SS   Kbps in  Kbps out
02:19:43   3403.90     32.69
02:19:46   1336.80     10.47
02:19:49   3365.12     35.03
02:19:52   3361.25     45.34
02:19:55   1690.15     31.02
02:19:58   2991.02     22.82
02:20:01   3608.57     40.08
02:20:04   1709.16      9.72
02:20:07   3446.53     29.38
02:20:10   2993.43     33.80
02:20:13   3567.27    431.34
02:20:16   1851.26      9.25
02:20:19   2931.67    419.10
02:20:22   2398.40     28.88
02:20:25   3301.93     28.86
02:20:28   3388.50    428.07
02:20:31   4152.97     38.13
02:20:34   1836.24    405.16
02:20:37   3197.10     35.30
Connection to 192.168.1.102 closed.
time: 15
  Time         enp0s25      
HH:MM:SS   Kbps in  Kbps out
02:20:44   3532.70    427.14
02:20:47   1952.18     14.21
02:20:50   2877.86     37.66
02:20:53   3532.24    418.86
02:20:56   1902.10     12.81
02:20:59   3653.40    579.90
02:21:02   3047.88     39.48
02:21:05   1929.57     16.72
02:21:08   3367.75    435.13
02:21:11   3927.41     38.95
02:21:14   2004.21     12.03
02:21:17   2872.57    431.41
02:21:20   3254.85     30.40
02:21:23   3649.64    424.52
02:21:26   3316.26     31.44
02:21:29   2984.03     52.00
02:21:32   3675.96    402.25
02:21:35   1861.92      8.42
02:21:38   3403.38    410.45
Connection to 192.168.1.102 closed.
time: 16
  Time         enp0s25      
HH:MM:SS   Kbps in  Kbps out
02:23:16   3069.07     79.72
02:23:19   3503.61    471.15
02:23:22   4286.79     71.84
02:23:25   3949.35    458.76
02:23:28   1604.33     61.40
02:23:31   3949.71     80.91
02:23:34   3471.79    468.99
02:23:37   1882.30     30.26
02:23:40   3027.42     66.86
02:23:43   3919.23    850.79
02:23:46   1819.61     22.40
02:23:49   3695.38    837.94
02:23:52   2915.00     57.24
02:23:55   1746.80     30.14
02:23:58   3592.42    832.39
02:24:01   3517.05     75.29
02:24:04   1909.69     34.84
02:24:07   3380.59    834.55
02:24:10   2985.08     48.31
Connection to 192.168.1.102 closed.
time: 17
  Time         enp0s25      
HH:MM:SS   Kbps in  Kbps out
02:24:16   2311.70    793.75
02:24:19   2681.94     40.54
02:24:22   5732.65    862.42
02:24:25   1832.47     24.25
02:24:28   3292.80    809.95
02:24:31   3048.93     63.55
02:24:34   2060.65     25.38
02:24:37   3324.00    855.83
02:24:40   3511.94     56.01
02:24:43   4028.22    427.40
02:24:46   1688.17    788.01
02:24:49   2953.53     39.78
02:24:52   3386.58    425.25
02:24:55   2045.63     16.44
02:24:58   3349.06    818.41
02:25:01   2302.34   1728.52
02:25:04   3146.75    428.78
02:25:07   2960.95   1584.56
02:25:10   3185.33     34.84
Connection to 192.168.1.102 closed.
time: 18
  Time         enp0s25      
HH:MM:SS   Kbps in  Kbps out
02:25:15   2922.98   1601.43
02:25:18   4633.98    441.86
02:25:21   1677.27   1578.44
02:25:24   3841.40     32.52
02:25:27   3778.38   2380.78
02:25:30   1667.49     17.18
02:25:33   3273.67   1461.42
02:25:36   3624.91   1998.53
02:25:39   1993.69    298.68
02:25:42   3008.46    143.18
02:25:45   3520.58   2021.39
02:25:48   3531.70    725.09
02:25:51   2110.84    538.29
02:25:54   3401.06   1580.88
02:25:57   2161.98    804.94
02:26:00   3528.07    217.03
02:26:03   2232.35   1991.39
02:26:06   3238.97    820.34
02:26:09   3308.50   2010.11
Connection to 192.168.1.102 closed.
time: 19
  Time         enp0s25      
HH:MM:SS   Kbps in  Kbps out
02:26:16   3696.55   1239.39
02:26:19   2277.06    270.61
02:26:22   3158.86   1575.14
02:26:25   3373.88    278.17
02:26:28   3295.81    649.36
02:26:31   1718.53   1388.81
02:26:34   3014.86     75.79
02:26:37   3243.44    849.40
02:26:40   2128.35   1275.30
02:26:43   3552.84    124.50
02:26:46   3491.53    801.06
02:26:49   1716.93   1281.70
02:26:52   3406.59    124.32
02:26:55   3007.44    510.67
02:26:58   3338.63   1587.60
02:27:01   2384.52    346.87
02:27:04   3007.49   1843.17
02:27:07   3268.40    117.45
02:27:10   3214.18   1524.05
Connection to 192.168.1.102 closed.
time: 20
  Time         enp0s25      
HH:MM:SS   Kbps in  Kbps out
02:27:15   2051.06    232.94
02:27:18   3038.62   1828.04
02:27:21   3027.55    138.12
02:27:24   3219.19    503.71
02:27:27   1751.82   1099.32
02:27:30   3442.07    675.51
02:27:33   3012.56    455.71
02:27:36   2027.35   1601.84
02:27:39   3412.24     71.13
02:27:42   3435.64    417.67
02:27:45   1739.36   1221.02
02:27:48   3348.92     57.14
02:27:51   3133.80    443.83
02:27:54   3340.92   1233.55
02:27:57   1785.90     31.16
02:28:00   3527.09   1607.62
02:28:03   3333.04     70.87
02:28:06   3238.37    831.54
02:28:09   3948.21    831.90
Connection to 192.168.1.102 closed.
time: 21
  Time         enp0s25      
HH:MM:SS   Kbps in  Kbps out
02:28:16   3269.39    890.10
02:28:19   2113.50    355.90
02:28:22   3569.97    805.88
02:28:25   3535.36    842.56
02:28:28   1359.36     22.61
02:28:31   3973.66   1601.03
02:28:34   3409.36     42.87
02:28:37   1693.57     10.14
02:28:40   3300.72   1613.92
02:28:43   3742.95     56.98
02:28:46   2071.16    233.88
02:28:49   3062.51   1375.13
02:28:52   2227.29     44.98
02:28:55   3283.98     39.55
02:28:58   3506.86   1212.27
02:29:01   3669.93     39.12
02:29:04   3848.42    371.01
02:29:07   2075.12   1640.87
02:29:10   3916.98    332.57
Connection to 192.168.1.102 closed.
time: 22
  Time         enp0s25      
HH:MM:SS   Kbps in  Kbps out
02:29:16   1669.11      7.81
02:29:19   3693.97     24.74
02:29:22   3547.94   1989.56
02:29:25   1596.63     13.21
02:29:28   3750.53     27.64
02:29:31   3556.59   2007.40
02:29:34   1934.01     28.58
02:29:37   3187.41     40.73
02:29:40   3505.73   1977.69
02:29:43   2399.68     53.54
02:29:46   2752.81   1179.76
02:29:49   2418.09    828.86
02:29:52   3179.94     51.77
02:29:55   3621.65   2015.14
02:29:58   2978.10     28.95
02:30:01   4530.13   1408.44
02:30:04   1718.14    251.11
02:30:07   3815.22    701.57
02:30:10   3329.87    931.24
Connection to 192.168.1.102 closed.
time: 23
  Time         enp0s25      
HH:MM:SS   Kbps in  Kbps out
02:30:15   3566.53     51.12
02:30:18   3403.20   1591.39
02:30:21   1451.44     36.35
02:30:24   3481.54    158.34
02:30:27   3584.94   1518.50
02:30:30   2011.65     27.72
02:30:33   3760.82   1055.02
02:30:36   3260.14    583.47
02:30:39   2128.36     24.82
02:30:42   3925.62   1438.75
02:30:45   3591.66    193.37
02:30:48   3149.50     48.15
02:30:51   3347.29   1619.49
02:30:54   4637.00     49.38
02:30:57   3803.31   1205.96
02:31:00   1740.56    190.93
02:31:03   4094.12    421.51
02:31:06   3784.62    845.14
02:31:09   2073.09     14.56
Connection to 192.168.1.102 closed.
time: 24
  Time         enp0s25      
HH:MM:SS   Kbps in  Kbps out
02:31:16   2674.34     53.28
02:31:19   3602.17     44.66
02:31:22   2561.53   1236.76
02:31:25   3805.73     32.47
02:31:28   3243.67     42.60
02:31:31   2400.48   1203.53
02:31:34   3789.75     48.36
02:31:37   3152.64     22.21
02:31:40   3403.47   1225.65
02:31:43   2158.12     32.87
02:31:46   3957.08   1217.97
02:31:49   3610.85     27.02
02:31:52   3095.46    567.42
02:31:55   4148.02    691.22
02:31:58   3770.82     44.13
02:32:01   2075.21   1181.22
02:32:04   3289.49     47.72
02:32:07   3547.70     36.89
02:32:10   2039.07   1190.27
Connection to 192.168.1.102 closed.
time: 25
  Time         enp0s25      
HH:MM:SS   Kbps in  Kbps out
02:32:16   3453.87     72.14
02:32:19   2261.53    892.87
02:32:22   4064.88    549.24
02:32:25   3731.03     60.57
02:32:28   2184.53   1354.89
02:32:31   3605.93    584.97
02:32:34   4071.16   1367.24
02:32:37   4870.18    459.85
02:32:40   3144.51   1711.66
02:32:43   3173.98    172.72
02:32:46   3905.65   1201.42
02:32:49   2001.05    793.82
02:32:52   3353.00    135.90
02:32:55   2670.87    699.53
02:32:58   2873.30    795.64
02:33:01   3500.56    632.98
02:33:04   5349.93    236.27
02:33:07   1769.48    785.33
02:33:10   3850.35    805.49
Connection to 192.168.1.102 closed.
