time: 0
  Time         enp0s25      
HH:MM:SS   Kbps in  Kbps out
02:17:39   1868.87     14.73
02:17:42   1820.96     21.45
02:17:45   1840.03     22.92
02:17:48   1358.22      7.78
02:17:51   1783.45      9.70
02:17:54   1853.88     23.30
02:17:57   1758.09     12.01
02:18:00   1379.96     10.31
02:18:03   3267.45     26.26
02:18:06   2672.70     19.35
02:18:09   3289.87     21.24
02:18:12   2780.60     23.22
02:18:15   4713.89    202.59
02:18:18   3497.60     23.97
02:18:21   1820.25     10.57
02:18:24   3141.10     28.56
02:18:27   3419.70     30.66
02:18:30   1832.78      7.03
02:18:33   2956.37     22.62
Connection to 192.168.1.102 closed.
time: 1
  Time         enp0s25      
HH:MM:SS   Kbps in  Kbps out
02:18:38   2439.55     21.69
02:18:41   5383.89     72.23
02:18:44   2899.43     33.16
02:18:47   1640.96      4.73
02:18:50   3605.48    145.56
02:18:53   3407.85     27.70
02:18:56   1697.73    193.22
02:18:59   2891.67    186.09
02:19:02   3296.62    203.87
02:19:05   5510.88    232.94
02:19:08   1759.02      6.27
02:19:11   2824.46    375.97
02:19:14   3464.03    381.48
02:19:17   1898.08    355.06
02:19:20   3551.95    382.02
02:19:23   2422.85     18.99
02:19:26   2774.15    370.06
02:19:29   2719.33    366.21
02:19:32   5265.94    391.98
Connection to 192.168.1.102 closed.
time: 2
  Time         enp0s25      
HH:MM:SS   Kbps in  Kbps out
02:19:38   3404.83     54.43
02:19:41   3103.76    375.96
02:19:44   3604.29    552.01
02:19:47   2024.79    530.56
02:19:50   3129.66     29.87
02:19:53   2435.84    545.25
02:19:56   3539.13    548.88
02:19:59   4499.30    556.41
02:20:02   3465.08     19.81
02:20:05   1445.87    365.56
02:20:08   3506.28    536.25
02:20:11   3629.77    546.07
02:20:14   1800.82     11.01
02:20:17   2808.36    547.57
02:20:20   3287.79    542.68
02:20:23   5393.89    574.70
02:20:26   1895.80     13.00
02:20:29   2823.38    544.90
02:20:32   3400.03    491.14
Connection to 192.168.1.102 closed.
time: 3
  Time         enp0s25      
HH:MM:SS   Kbps in  Kbps out
02:20:39   3452.33    381.47
02:20:42   2373.05    226.86
02:20:45   2444.36    544.92
02:20:48   2840.99    538.82
02:20:51   3507.54    546.66
02:20:54   3362.47    545.94
02:20:57   3045.96     33.83
02:21:00   3695.39    563.34
02:21:03   3428.82    548.04
02:21:06   1809.79    366.88
02:21:09   3455.74    191.94
02:21:12   2936.79    550.74
02:21:15   1837.42    532.52
02:21:18   3505.87    447.71
02:21:21   3417.73    145.20
02:21:24   1962.67    535.57
02:21:27   2724.81    548.44
02:21:30   3306.52   1516.79
02:21:33   3375.97    667.40
Connection to 192.168.1.102 closed.
time: 4
  Time         enp0s25      
HH:MM:SS   Kbps in  Kbps out
02:21:39   2946.50   1065.82
02:21:42   2827.87    734.75
02:21:45   3384.14    317.51
02:21:48   3290.63    443.14
02:21:51   2955.49    992.80
02:21:54   2825.54   2016.28
02:21:57   4657.62    695.39
02:22:00   3298.40    289.63
02:22:03   1437.91    654.43
02:22:06   3314.76   1351.70
02:22:09   3323.61    462.65
02:22:12   1762.98    283.08
02:22:15   2860.59    727.87
02:22:18   3597.37   2542.48
02:22:21   3635.52   1479.85
02:22:24   1804.53    485.82
02:22:27   3135.76    900.24
02:22:30   3756.76   2049.53
02:22:33   1940.07   2448.27
Connection to 192.168.1.102 closed.
time: 5
  Time         enp0s25      
HH:MM:SS   Kbps in  Kbps out
02:22:41   3453.46    137.16
02:22:44   3356.50   3979.75
02:22:47   3769.39   2278.86
02:22:50   1972.36   1072.77
02:22:53   3606.25     31.21
02:22:56   2507.53   1746.46
02:22:59   2222.89   3369.84
02:23:02   3438.44    925.46
02:23:05  31752.29    762.34
02:23:08  81159.43   4399.75
02:23:11  85381.24   3262.85
02:23:14  82273.53   2464.24
02:23:17  81876.70   2797.64
02:23:20  81232.26   4249.66
02:23:23  78823.63   2321.68
02:23:26  75699.73   1828.71
02:23:29  80732.48   1843.41
02:23:32  89380.28   3809.58
02:23:35  69849.60   3111.09
Connection to 192.168.1.102 closed.
time: 6
  Time         enp0s25      
HH:MM:SS   Kbps in  Kbps out
02:23:39  83999.09   2139.88
02:23:42  79122.63   2093.79
02:23:45  87579.09   2202.03
02:23:48  52442.27   1872.72
02:23:51  84671.50   4459.60
02:23:54  65040.08   1807.38
02:23:57  65695.23   1590.61
02:24:00  70850.14   1519.44
02:24:03  72838.66   2213.51
02:24:06  70228.94   3075.68
02:24:09  75794.30   3054.29
02:24:12  79521.85   2260.92
02:24:15  87352.21   2341.13
02:24:18  82315.61   2058.80
02:24:21  95749.68   2348.97
02:24:24  77090.42   3743.99
02:24:27  68868.37   2366.39
02:24:30  68685.23   1785.77
02:24:33  89590.87   2225.61
Connection to 192.168.1.102 closed.
time: 7
  Time         enp0s25      
HH:MM:SS   Kbps in  Kbps out
02:24:40  76105.63   2556.19
02:24:43  56235.55   3245.36
02:24:46  72235.48   1816.42
02:24:49  48875.40   1252.10
02:24:52  49055.76   1360.74
02:24:55  49513.84   2111.06
02:24:58  42014.95   2367.56
02:25:01  26547.46    586.42
02:25:04  28575.16   1123.75
02:25:07  26747.66    928.93
02:25:10  35473.90   2703.15
02:25:13  38141.85    998.29
02:25:16  48343.28   1124.23
02:25:19  37350.93    943.11
02:25:22  46140.37   1041.30
02:25:25  39902.21   2788.76
02:25:28  49149.80   1940.12
02:25:31  24241.36   1263.17
02:25:34  26974.84   2247.37
Connection to 192.168.1.102 closed.
time: 8
  Time         enp0s25      
HH:MM:SS   Kbps in  Kbps out
02:25:39  36950.44   2172.44
02:25:42  37386.50   2418.97
02:25:45  35908.89   1682.55
02:25:48  34522.96   1867.49
02:25:51  38603.58   3692.38
02:25:54  31495.23   1758.60
02:25:57  26886.57   1331.23
02:26:00  36203.55   2315.48
02:26:03  25923.55    545.42
02:26:06  30920.19    687.71
02:26:09  14275.01   2011.85
02:26:12   3375.47     31.79
02:26:15   2036.67    476.53
02:26:18   2861.50   1512.04
02:26:21   2658.18    241.18
02:26:24   3353.69   1577.73
02:26:27   3076.65    245.30
02:26:30   3873.05   1004.03
02:26:33   3984.22    996.57
Connection to 192.168.1.102 closed.
time: 9
  Time         enp0s25      
HH:MM:SS   Kbps in  Kbps out
02:26:39   3358.83   1780.81
02:26:42   2960.98    229.58
02:26:45   1753.10    212.74
02:26:48   3288.58   1778.66
02:26:51   3547.80    134.68
02:26:54   2180.01    121.20
02:26:57   3100.36   1779.16
02:27:00   3461.63    247.39
02:27:03   3549.55    592.58
02:27:06   1870.17   1589.81
02:27:09   2982.05    229.88
02:27:12   2721.65   1006.57
02:27:15   2977.22   1380.16
02:27:18   2569.64     22.43
02:27:21   2941.83   2168.67
02:27:24   3396.69    216.42
02:27:27   4100.03    861.42
02:27:30   4113.07   1452.83
02:27:33   1387.10    196.60
Connection to 192.168.1.102 closed.
time: 10
  Time         enp0s25      
HH:MM:SS   Kbps in  Kbps out
02:27:39   3349.19    222.95
02:27:42   1816.79      6.63
02:27:45   3333.90   2164.17
02:27:48   3512.36    224.00
02:27:51   3738.93    768.22
02:27:54   1807.83   1399.77
02:27:57   2923.72    225.75
02:28:00   3474.75   1420.09
02:28:03   1802.44    942.45
02:28:06   3435.25     33.95
02:28:09   2396.31   1773.11
02:28:12   3528.36    597.16
02:28:15   3902.37    640.37
02:28:18   2289.65   1682.87
02:28:21   3012.23    220.24
02:28:24   3754.41   2158.09
02:28:27   3623.91    219.59
02:28:30   3333.40    287.09
02:28:33   2003.25   1877.47
Connection to 192.168.1.102 closed.
time: 11
  Time         enp0s25      
HH:MM:SS   Kbps in  Kbps out
02:29:58   3136.74   1465.01
02:30:01   2926.46    804.81
02:30:04   4498.21   1493.26
02:30:07   3148.56   1472.04
02:30:10   3294.44    545.63
02:30:13   1724.97    954.44
02:30:16   3011.01   1471.84
02:30:19   2519.19    385.98
02:30:22   2793.02    557.79
02:30:25  72779.86   2492.49
02:30:28  95356.22   2507.07
02:30:31  99351.21   2540.23
02:30:34  99738.93   2329.00
02:30:37  94654.22   2262.97
02:30:40  99238.37   2213.77
02:30:43  98668.73   2518.27
02:30:46  99787.18   2110.98
02:30:49  99273.52   2135.73
02:30:52  98871.49   2533.54
Connection to 192.168.1.102 closed.
time: 12
  Time         enp0s25      
HH:MM:SS   Kbps in  Kbps out
02:30:58  98940.58   2519.82
02:31:01  99609.65   2139.59
02:31:04  98697.80   2101.99
02:31:07  97014.14   2490.77
02:31:10  97292.33   2110.48
02:31:13  98208.47   2106.63
02:31:16  39295.97   1278.63
02:31:19   3138.78     60.01
02:31:22   3162.61    429.22
02:31:25   2183.27    140.03
02:31:28   3367.32     32.18
02:31:31   2898.11    514.31
02:31:34   3653.64    523.65
02:31:37   3487.40    481.57
02:31:40   1709.37    397.86
02:31:43   2999.53    100.18
02:31:46   3394.86    483.13
02:31:49   1733.06    467.18
02:31:52   3547.03     30.10
Connection to 192.168.1.102 closed.
time: 13
  Time         enp0s25      
HH:MM:SS   Kbps in  Kbps out
02:31:59  18843.58    881.98
02:32:02  58560.75   1227.86
02:32:05  75609.31   2386.73
02:32:08  47525.80   1128.87
02:32:11  70541.89   1529.63
02:32:14  90560.82   2692.31
02:32:17  82127.27   1833.24
02:32:20  77259.73   2011.67
02:32:23  83573.17   2214.06
02:32:26  86928.43   2006.29
02:32:29  58264.40   2283.17
02:32:32  72464.22   1559.80
02:32:35  53394.76   1842.76
02:32:38  48592.03   1621.70
02:32:41  45344.90   1094.93
02:32:44  71228.86   2205.08
02:32:47  49172.84   1565.27
02:32:50  48013.02   1090.96
02:32:53  67779.60   2299.51
Connection to 192.168.1.102 closed.
time: 14
  Time         enp0s25      
HH:MM:SS   Kbps in  Kbps out
02:32:58  53562.85   1207.06
02:33:01  71553.93   2228.88
02:33:04  53179.36   1254.95
02:33:07  63124.25   1419.17
02:33:10  33507.24   1509.08
02:33:13  60724.70   1577.16
02:33:16  70655.18   1476.57
02:33:19  62547.31   2159.36
02:33:22  71436.22   1582.73
02:33:25  56379.81   2055.49
02:33:28  37668.56    732.36
02:33:31  26008.45    731.83
02:33:34  26415.21   1234.11
02:33:37  47877.04   1039.65
02:33:40  37656.61   1491.73
02:33:43  37422.05    861.57
02:33:46  31766.96    763.83
02:33:49  43465.38   1740.34
02:33:52   3389.64     31.86
Connection to 192.168.1.102 closed.
time: 15
  Time         enp0s25      
HH:MM:SS   Kbps in  Kbps out
02:33:58   3723.61    918.85
02:34:01   3209.88    140.68
02:34:04   2106.47     26.63
02:34:07   3411.29    928.75
02:34:10   2051.54    132.54
02:34:13   3273.22    145.08
02:34:16   3363.71    918.64
02:34:19   3512.30     31.94
02:34:23   3421.26    926.20
02:34:26   1716.96    124.39
02:34:29   3894.12    919.81
02:34:32   3474.03     74.07
02:34:35   1882.00     13.64
02:34:38   3084.85    852.72
02:34:41   3766.37     79.23
02:34:44   2472.08     55.59
02:34:47   3378.00    808.77
02:34:50   3251.76     77.53
02:34:53   3906.18     73.77
Connection to 192.168.1.102 closed.
time: 16
  Time         enp0s25      
HH:MM:SS   Kbps in  Kbps out
02:35:24   3745.45    747.75
02:35:27   3733.26    215.31
02:35:30   2231.80     58.32
02:35:33   3270.00    810.77
02:35:36   3690.57     77.27
02:35:39   2157.60     56.96
02:35:42   3788.59    820.14
02:35:45   3078.55    146.57
02:35:48   1985.74    118.15
02:35:51   3676.72    926.83
02:35:54   3817.84     23.24
02:35:57   1909.53    134.29
02:36:00   3303.13    936.91
02:36:03   3525.85    173.95
02:36:06   3661.91    816.05
02:36:09   2922.98    162.33
02:36:12   4376.75    204.32
02:36:15   3950.18    964.24
02:36:18   2396.33     50.65
Connection to 192.168.1.102 closed.
time: 17
  Time         enp0s25      
HH:MM:SS   Kbps in  Kbps out
02:36:25   3569.46    199.35
02:36:28   3945.95    177.50
02:36:31   2349.66    954.93
02:36:34   3870.81     71.36
02:36:37   3274.75    428.99
02:36:40   2039.66   1141.00
02:36:43   4138.89    479.26
02:36:46   3036.02    874.95
02:36:49   2416.47   2207.26
02:36:52   3768.94    773.18
02:36:55   5513.75   2752.08
02:36:58  50675.46   1098.52
02:37:01  61790.94   3688.46
02:37:04  64051.69   1870.93
02:37:07  66052.48   2954.46
02:37:10  74734.56   3021.94
02:37:13  77708.04   3050.98
02:37:16  63948.10   2830.69
02:37:19  77741.62   3297.98
Connection to 192.168.1.102 closed.
time: 18
  Time         enp0s25      
HH:MM:SS   Kbps in  Kbps out
02:37:24  64795.72   2595.66
02:37:27  71415.78   3347.23
02:37:30  48034.16   2015.21
02:37:33  62550.00   3615.64
02:37:36  48705.24   2132.31
02:37:39  49719.84   2713.43
02:37:42  48653.14   1820.99
02:37:45  48813.78   2694.07
02:37:48  26564.83   1531.21
02:37:51  51604.97   2749.24
02:37:54  59506.28   2756.35
02:37:57  76661.97   3392.62
02:38:00  78641.28   3048.58
02:38:03  79025.52   3365.62
02:38:06  69035.84   2813.08
02:38:09  57848.05   2924.78
02:38:12  50895.08   2746.58
02:38:15  58884.91   1802.18
02:38:18  72734.60   3000.66
Connection to 192.168.1.102 closed.
time: 19
  Time         enp0s25      
HH:MM:SS   Kbps in  Kbps out
02:38:24  49355.96   2720.55
02:38:27  50985.93   3241.54
02:38:30  57557.56   2698.73
02:38:33  23401.07   2457.86
02:38:36  31710.55    561.51
02:38:39  21826.85   1981.52
02:38:42  24396.87   2026.28
02:38:45  38266.07    644.73
02:38:48  28113.46   2020.57
02:38:51  35213.90   1880.27
02:38:54  28541.65    895.06
02:38:57  25189.14   2406.31
02:39:00   2524.43    878.50
02:39:03   3160.66    744.71
02:39:06   3380.61   2128.96
02:39:09   2771.33    108.32
02:39:12   3239.10   1895.41
02:39:15   3293.35    989.48
02:39:18   3330.74    900.97
Connection to 192.168.1.102 closed.
time: 20
  Time         enp0s25      
HH:MM:SS   Kbps in  Kbps out
02:39:34   1710.73   1282.82
02:39:37   3456.76   2762.56
02:39:40   3940.04    994.26
02:39:43   1818.70   2019.71
02:39:46   3573.44   2067.99
02:39:49   2969.45   2683.87
02:39:52   3704.94   2197.97
02:39:55   3317.99   1497.15
02:39:58   4316.95   1241.57
02:40:01   2371.74   1258.83
02:40:04   3366.75   1691.81
02:40:07   3504.00   2036.54
02:40:10   3430.90   1832.06
02:40:13   2107.04   1001.05
02:40:16   2596.32   1734.77
02:40:19   3191.45    795.06
02:40:22   3193.60    993.50
02:40:25   4810.64   1365.80
02:40:28   3301.54    509.64
Connection to 192.168.1.102 closed.
time: 21
  Time         enp0s25      
HH:MM:SS   Kbps in  Kbps out
02:40:34   3389.12    206.33
02:40:37   3643.87   1762.30
02:40:40   2163.90    485.55
02:40:43   3338.29   1309.65
02:40:46   3028.76    581.87
02:40:49   4500.25   1293.15
02:40:52   2178.32    547.22
02:40:55   3455.12   1695.76
02:40:58   3271.24    472.84
02:41:01   1889.45   1497.86
02:41:04   3797.11   1089.15
02:41:07   3495.91    817.16
02:41:10   1796.07   2523.71
02:41:13   3874.42    984.20
02:41:16   3450.59   1392.49
02:41:19   1820.04    399.76
02:41:22   3538.07   1376.54
02:41:25   3355.06    606.85
02:41:28   2211.30    673.85
Connection to 192.168.1.102 closed.
time: 22
  Time         enp0s25      
HH:MM:SS   Kbps in  Kbps out
02:41:35   2815.20     93.71
02:41:38   2863.13   2065.86
02:41:41   3412.28    607.09
02:41:44   3769.63   1301.70
02:41:47   3663.49    705.16
02:41:50   2032.82    708.35
02:41:53   3083.86    543.42
02:41:56   3639.84    695.00
02:41:59   3381.70    178.16
02:42:02   1693.97   1061.65
02:42:05   3512.28    208.07
02:42:08   3825.19    242.55
02:42:11   1823.96    558.63
02:42:14   3165.60    305.38
02:42:17   3569.37    175.29
02:42:20   1931.20    574.54
02:42:23   3554.65    177.23
02:42:26   2213.26    254.69
02:42:29   3467.31    670.33
Connection to 192.168.1.102 closed.
time: 23
  Time         enp0s25      
HH:MM:SS   Kbps in  Kbps out
02:42:34   3105.08    131.61
02:42:37   3615.30    665.21
02:42:40   3836.52    684.36
02:42:43   3669.44    195.72
02:42:46   2709.50    218.05
02:42:49   2622.28    657.13
02:42:52   3422.30    198.74
02:42:55   3520.02    185.27
02:42:58   1876.65   1428.89
02:43:01   4097.63    132.46
02:43:04   3900.58    273.75
02:43:07   1870.71   1334.46
02:43:10   3161.86    283.79
02:43:13   3591.16    287.45
02:43:16   1959.47   1037.12
02:43:19   3603.63    180.10
02:43:22   2387.52    274.99
02:43:25   3384.99    905.29
02:43:28   3011.18    400.58
Connection to 192.168.1.102 closed.
time: 24
  Time         enp0s25      
HH:MM:SS   Kbps in  Kbps out
02:43:34   3066.07    194.41
02:43:37   3452.77   1329.86
02:43:40   3953.32    380.82
02:43:43   3684.57    184.48
02:43:46   1854.65   1127.20
02:43:49   3434.34   1352.24
02:43:52   3654.40   1014.72
02:43:55   1831.54   1293.09
02:43:58   3191.36   1837.14
02:44:01   3348.22   1611.93
02:44:04   2197.93   1984.94
02:44:07   3273.41    445.98
02:44:10   3239.26   1549.44
02:44:13   3975.46   1401.96
02:44:16   3286.17    781.24
02:44:19   3282.85   1089.70
02:44:22   3186.73   1128.55
02:44:25   1796.64   1147.97
02:44:28   3505.61   2571.94
Connection to 192.168.1.102 closed.
time: 25
  Time         enp0s25      
HH:MM:SS   Kbps in  Kbps out
02:44:35   3094.01    867.42
02:44:38   2133.41   2049.93
02:44:41   5555.74   1334.63
02:44:44   3729.38   2042.73
02:44:47   2011.20   1672.89
02:44:50   3140.81   2044.18
02:44:53   3428.97   2194.52
02:44:56   2262.34   1977.06
02:44:59   3246.09   1098.90
02:45:02   3180.05   2610.16
02:45:05   3833.23   2507.35
02:45:08   2257.27   1351.00
02:45:11   3532.34    419.31
02:45:14   3132.76    852.85
02:45:17   1871.73    825.19
02:45:20   3997.90   2342.26
02:45:23   3508.98    162.64
02:45:26   1493.21    715.62
02:45:29   3600.40   1021.01
Connection to 192.168.1.102 closed.
