time: 0
  Time         enp0s25      
HH:MM:SS   Kbps in  Kbps out
06:00:03   5653.65     19.00
06:00:06   5636.46     16.76
06:00:09   5555.33     28.99
06:00:12   5376.83     14.83
06:00:15   5872.70     11.12
06:00:18   5593.81     16.34
06:00:21   5488.38     14.92
06:00:24   5444.20     24.41
06:00:27   8221.12     41.54
06:00:30   5753.15     14.99
06:00:33   6525.16     30.96
06:00:36   6855.80     32.17
06:00:39   9101.36     45.41
06:00:42   5740.51     14.47
06:00:45   6975.09     32.68
06:00:48   6895.12     30.71
06:00:51   5611.78      8.80
06:00:54   7482.52     38.66
06:00:57   6878.21     16.95
Connection to 192.168.1.102 closed.
time: 1
  Time         enp0s25      
HH:MM:SS   Kbps in  Kbps out
06:01:02   7120.42     74.32
06:01:05   9009.30     46.95
06:01:08   5644.09      9.09
06:01:11   6823.93     34.00
06:01:14   7577.47     34.86
06:01:17   7327.87     27.49
06:01:20   5646.03     13.75
06:01:23   5988.96     28.13
06:01:26   7179.00     31.44
06:01:29   7149.35     28.79
06:01:32   8333.28     48.21
06:01:35   6815.77     35.85
06:01:38   5213.54      6.76
06:01:41   7591.45     32.75
06:01:44   7086.17     34.06
06:01:47   5059.22     10.50
06:01:50   6452.27     22.50
06:01:53   6793.81     30.42
06:01:56   7032.89     31.32
Connection to 192.168.1.102 closed.
time: 2
  Time         enp0s25      
HH:MM:SS   Kbps in  Kbps out
06:02:02   6741.70     34.84
06:02:05   7395.23     25.71
06:02:08   5633.00     26.60
06:02:11   7442.15     51.07
06:02:14   5986.66     16.93
06:02:17   7067.61     27.06
06:02:20   6420.24     17.66
06:02:23   7124.22     40.31
06:02:26   7189.27     32.95
06:02:29   7476.69     27.28
06:02:32   7557.11     32.61
06:02:35   7053.89     26.37
06:02:38   7375.30     32.99
06:02:42   7936.71     37.23
06:02:45   8126.68     34.87
06:02:48   5923.10      9.28
06:02:51   7409.77     38.64
06:02:54   7409.64     34.02
06:02:57   5702.00      7.77
Connection to 192.168.1.102 closed.
time: 3
  Time         enp0s25      
HH:MM:SS   Kbps in  Kbps out
06:03:02   7067.16     55.45
06:03:05   5728.32     20.66
06:03:08   7669.86     35.11
06:03:11   7682.46     36.22
06:03:14   5556.10     12.78
06:03:17   7505.10     29.32
06:03:20   7432.77     34.61
06:03:23   7497.08     39.90
06:03:26   5363.56      7.87
06:03:29   7417.96     28.08
06:03:32   7686.86     37.83
06:03:35   5931.05     10.05
06:03:38   7562.30     32.46
06:03:41   7516.97     37.61
06:03:44   6020.50      8.65
06:03:47   7348.69     29.87
06:03:50   7406.17     28.60
06:03:53   5413.71     17.29
06:03:56   7017.73     18.00
Connection to 192.168.1.102 closed.
time: 4
  Time         enp0s25      
HH:MM:SS   Kbps in  Kbps out
06:04:02   6739.55     51.87
06:04:05   7052.46     46.16
06:04:08   7170.71     32.25
06:04:11   7558.22     39.92
06:04:14   7009.22     34.68
06:04:17   6562.01     19.78
06:04:20   9073.67     59.07
06:04:23   5768.71     13.43
06:04:26   7238.39     34.55
06:04:29   7362.89     26.51
06:04:32   5279.93     11.11
06:04:35   7508.75     30.14
06:04:38   7262.68     30.47
06:04:41   5775.31     14.19
06:04:44   7474.86     35.25
06:04:47   6945.93     33.12
06:04:50   5770.22     11.86
06:04:53   7100.35     33.33
06:04:56   7416.02     33.46
Connection to 192.168.1.102 closed.
time: 5
  Time         enp0s25      
HH:MM:SS   Kbps in  Kbps out
06:05:03   5827.05     23.74
06:05:06   7461.64     53.41
06:05:09   7534.79    819.76
06:05:12   5458.03     41.05
06:05:15  24027.17    436.57
06:05:18  95562.85   1998.22
06:05:21  90572.76   1876.02
06:05:24  86793.62   1805.87
06:05:27  99089.04   2814.55
06:05:30  99205.58   2606.32
06:05:33  98811.65   2272.41
06:05:36  98036.47   2712.91
06:05:39  93382.65   3036.67
06:05:42  95922.01   2883.35
06:05:45  90110.48   3617.87
06:05:48  82873.13   3290.82
06:05:51  100779.6   2133.45
06:05:54  96145.13   3146.57
06:05:57  97230.65   3196.01
Connection to 192.168.1.102 closed.
time: 6
  Time         enp0s25      
HH:MM:SS   Kbps in  Kbps out
06:06:04  92126.39   2483.47
06:06:07  86531.13   2184.94
06:06:10  73130.93   2031.59
06:06:13  77549.56   2185.94
06:06:16  95006.20   2990.13
06:06:19  83427.07   1637.34
06:06:22  89340.55   2272.83
06:06:25  74646.47   2296.03
06:06:28  86041.14   1794.02
06:06:31  91690.88   2154.50
06:06:34  72366.72   2100.39
06:06:37  80637.41   1675.20
06:06:40  76956.96   2374.34
06:06:43  80836.78   1695.22
06:06:46  83758.62   1707.93
06:06:49  89678.52   2652.16
06:06:52  73588.75   1497.82
06:06:55  81448.59   2420.75
06:06:58  79759.36   1635.71
Connection to 192.168.1.102 closed.
time: 7
  Time         enp0s25      
HH:MM:SS   Kbps in  Kbps out
06:07:03  57982.56   1832.39
06:07:06  30671.61    544.26
06:07:09  52386.70    954.47
06:07:12  53421.66   1706.61
06:07:15  53382.94   1018.45
06:07:18  61983.72   1776.32
06:07:21  54746.59   1200.13
06:07:24  42213.90    777.19
06:07:27  52997.12   1713.81
06:07:30  39947.82    748.59
06:07:33  53804.25   1018.04
06:07:36  40647.61   1564.04
06:07:39  52739.20   1032.95
06:07:42  41005.74    806.90
06:07:45  24529.22   1189.75
06:07:48   7308.72     41.77
06:07:51   6219.81     21.52
06:07:54   9176.40    854.67
06:07:57   5775.74     18.34
Connection to 192.168.1.102 closed.
time: 8
  Time         enp0s25      
HH:MM:SS   Kbps in  Kbps out
06:08:03   6858.81     88.23
06:08:06  79389.56   1748.54
06:08:09  63179.86   1794.17
06:08:12  97153.29   1981.78
06:08:15  82225.19   2463.38
06:08:18  91469.50   1910.25
06:08:21  94032.31   1980.05
06:08:24  97649.76   2777.21
06:08:27  68973.04   1974.90
06:08:30  82981.53   1870.38
06:08:33  87430.79   2605.73
06:08:36  92389.78   2662.34
06:08:39  84238.67   1767.18
06:08:42  72645.92   2452.84
06:08:45  80985.42   2230.78
06:08:48  86142.99   2597.61
06:08:51  82014.33   2398.30
06:08:54  64983.98   1809.59
06:08:57  53921.64   2107.66
Connection to 192.168.1.102 closed.
time: 9
  Time         enp0s25      
HH:MM:SS   Kbps in  Kbps out
06:09:03  46090.64   1656.70
06:09:06  34466.31   1424.43
06:09:09  46994.44    886.42
06:09:12  53819.95   2206.97
06:09:15  28860.16   1291.14
06:09:18  41790.05    797.40
06:09:21  53227.79   2272.70
06:09:24  36171.35   1430.03
06:09:27   6519.62     20.77
06:09:30   5844.66   1411.10
06:09:33   7056.06    601.03
06:09:36   6608.61    169.22
06:09:39   6738.20   1831.30
06:09:42   7031.04     44.93
06:09:45   6212.81    955.20
06:09:48   7763.49    677.58
06:09:51   7143.11    811.24
06:09:54   5282.61    815.02
06:09:57   6830.22     50.77
Connection to 192.168.1.102 closed.
time: 10
  Time         enp0s25      
HH:MM:SS   Kbps in  Kbps out
06:10:03   7196.57    856.85
06:10:06   5340.13     28.60
06:10:09   6684.90   1606.22
06:10:12   7046.29     46.24
06:10:15   5898.62     39.55
06:10:19   7391.81   1583.68
06:10:22   6949.02     53.01
06:10:25   6033.64     32.83
06:10:28   7071.12   1995.84
06:10:31   7396.69     32.43
06:10:34   6848.70   1949.19
06:10:37   6682.35    102.06
06:10:40   8526.65   1222.08
06:10:43   7710.18    818.20
06:10:46   5651.36     32.49
06:10:49   7951.45   1991.89
06:10:52   7577.63     67.33
06:10:55   6093.94     14.89
06:10:58   7360.51   2005.58
Connection to 192.168.1.102 closed.
time: 11
  Time         enp0s25      
HH:MM:SS   Kbps in  Kbps out
06:11:40   8061.87    489.35
06:11:43   5955.54     84.27
06:11:46   7636.36   2366.03
06:11:49   7155.40     85.72
06:11:52   6188.85    142.60
06:11:55   7225.93   2316.10
06:11:58   7588.03     64.41
06:12:01   7658.83   1003.76
06:12:04   6072.38   1175.42
06:12:07   7380.96     82.47
06:12:10   7395.13    591.38
06:12:13   5245.01    430.84
06:12:16   7226.51     77.23
06:12:19  51876.78   1794.72
06:12:22  73050.61   2241.92
06:12:25  83319.51   1763.23
06:12:28  73388.30   2656.39
06:12:31  73966.58   1534.17
06:12:34  88249.67   1826.43
Connection to 192.168.1.102 closed.
time: 12
  Time         enp0s25      
HH:MM:SS   Kbps in  Kbps out
06:12:39  63174.86   1304.42
06:12:42  64774.03   2467.16
06:12:45  65248.34   1323.66
06:12:48  76113.78   1663.58
06:12:51  64258.06   2399.84
06:12:54  64392.63   1303.91
06:12:57  66108.06   2124.53
06:13:00  67504.47   1750.95
06:13:03  77484.57   1571.44
06:13:06  80289.99   2620.25
06:13:09  82671.12   2012.35
06:13:12  67879.96   2241.49
06:13:15  55811.82   3396.60
06:13:18  63686.63   2685.67
06:13:21  65053.50   2190.96
06:13:24  57639.89   2268.56
06:13:27  72649.79   3425.41
06:13:30  64559.86   2055.21
06:13:33  65740.00   3251.85
Connection to 192.168.1.102 closed.
time: 13
  Time         enp0s25      
HH:MM:SS   Kbps in  Kbps out
06:13:40  71683.98   2701.91
06:13:43  79837.78   2289.64
06:13:46  62407.65   2020.37
06:13:49  30067.26   1361.34
06:13:52  52503.85   1911.02
06:13:55  43875.69   1465.47
06:13:58  59966.29   2911.52
06:14:01  43338.98    832.55
06:14:04   7130.07    826.89
06:14:07   6736.49   1972.24
06:14:10   5420.91     76.94
06:14:13   6872.77   1228.94
06:14:16   6691.34   1208.24
06:14:19   6087.05     46.07
06:14:22   6895.75   2918.74
06:14:25   7261.22    160.00
06:14:28   7052.61   1068.30
06:14:31   7523.20   1004.55
06:14:34   7323.18    853.71
Connection to 192.168.1.102 closed.
time: 14
  Time         enp0s25      
HH:MM:SS   Kbps in  Kbps out
06:14:40   5808.12     80.07
06:14:43   7024.44   1768.96
06:14:46   6720.01    290.90
06:14:49   5599.92     46.38
06:14:52   7161.21   2028.09
06:14:55   6937.99     29.68
06:14:58   5033.90     50.98
06:15:01   7354.10   2031.49
06:15:04   7062.79    153.36
06:15:07   6181.77    324.75
06:15:10   6541.82   1767.21
06:15:13   6991.69    153.71
06:15:16   7629.80   1698.68
06:15:19   6968.71    204.96
06:15:22   7364.10   1006.73
06:15:25   6884.27    738.82
06:15:28   5551.62    146.82
06:15:31   7758.97   1288.72
06:15:34   7939.42     33.96
Connection to 192.168.1.102 closed.
time: 15
  Time         enp0s25      
HH:MM:SS   Kbps in  Kbps out
06:15:39   7998.99    971.20
06:15:42   7162.70    351.33
06:15:45   5843.98    107.74
06:15:48   7516.84   1284.05
06:15:51   7154.77     41.33
06:15:54   5497.58     93.70
06:15:57   7295.74   1253.66
06:16:00   7044.69    280.64
06:16:03   5596.40     16.90
06:16:06   6508.23   1276.84
06:16:09   6578.57    110.44
06:16:12   6850.10    515.34
06:16:15   7179.68    901.36
06:16:18   7711.77    402.78
06:16:21   5782.36    521.26
06:16:24   6900.18    106.17
06:16:27   7112.58    815.99
06:16:30   6788.31    104.89
06:16:33   5889.07     82.89
Connection to 192.168.1.102 closed.
time: 16
  Time         enp0s25      
HH:MM:SS   Kbps in  Kbps out
06:17:08   6926.17    483.36
06:17:11   7134.81    489.75
06:17:14   6031.00     15.20
06:17:17   7410.27    875.05
06:17:20   7023.34     93.09
06:17:23   7983.99    901.51
06:17:26   7385.73     28.81
06:17:29   5441.58     34.66
06:17:32   7702.45    837.85
06:17:35   7324.01     53.45
06:17:38   5695.00      9.10
06:17:41   6741.58    835.73
06:17:44   7108.05     55.96
06:17:47   5815.07     31.14
06:17:50   7391.66    819.54
06:17:53   6769.33     64.01
06:17:57   6112.32     28.95
06:18:00   6446.78    818.62
06:18:03   6948.21     31.65
Connection to 192.168.1.102 closed.
time: 17
  Time         enp0s25      
HH:MM:SS   Kbps in  Kbps out
06:18:09   7184.29    446.93
06:18:12   7769.75    461.68
06:18:15   8113.14    429.62
06:18:18   5619.94     38.15
06:18:21   7838.91    850.32
06:18:24   7215.65     62.60
06:18:27   5562.17     18.40
06:18:30   6761.09    834.73
06:18:33   6955.92     55.08
06:18:36   7546.84    448.77
06:18:39   5378.77    398.43
06:18:42   6857.17     68.02
06:18:45   7329.79    453.25
06:18:48   5535.42     59.67
06:18:51   7197.12     59.18
06:18:54  15275.21    704.65
06:18:57  99060.85   2059.39
06:19:00  100699.2   2106.11
06:19:03  100526.0   2521.49
Connection to 192.168.1.102 closed.
time: 18
  Time         enp0s25      
HH:MM:SS   Kbps in  Kbps out
06:19:09  100107.7   2530.11
06:19:12  101216.7   2137.24
06:19:15  99996.11   2494.59
06:19:18  99802.65   2092.82
06:19:21  100926.2   2155.66
06:19:24  100169.6   2504.71
06:19:27  100458.1   2170.45
06:19:30  100800.1   2098.94
06:19:33  100079.8   2530.96
06:19:36  99257.74   2463.35
06:19:39  100030.0   2065.31
06:19:42  98107.58   2812.55
06:19:45  99863.19   2078.25
06:19:48  100111.8   2070.36
06:19:51  99202.18   2468.62
06:19:54  99964.86   2060.09
06:19:57  99307.65   2052.57
06:20:00  97244.10   2347.80
06:20:03  98763.92   1983.66
Connection to 192.168.1.102 closed.
time: 19
  Time         enp0s25      
HH:MM:SS   Kbps in  Kbps out
06:20:10  98256.33   1873.16
06:20:13  97073.94   2340.71
06:20:16  54243.07   1073.53
06:20:19   5205.90     31.37
06:20:22   6787.18    432.47
06:20:25   6475.62     72.40
06:20:28   5434.16     30.70
06:20:31   7100.28    448.22
06:20:34   6640.37     30.40
06:20:37   6082.25     50.56
06:20:40   5290.22    419.53
06:20:43   6901.14     71.40
06:20:46   5535.35     18.41
06:20:50   5810.32    434.33
06:20:53   6756.13     47.52
06:20:56   6765.53    432.96
06:20:59   6843.74    190.66
06:21:02   7086.04    444.99
06:21:05   7395.03     72.48
Connection to 192.168.1.102 closed.
time: 20
  Time         enp0s25      
HH:MM:SS   Kbps in  Kbps out
06:21:09   7453.19     75.00
06:21:12   5281.69    437.94
06:21:15   6754.76     35.44
06:21:18   6697.09     72.17
06:21:21   5657.41    435.04
06:21:24   6987.32     51.02
06:21:27   7022.04    437.99
06:21:30   6533.46     64.26
06:21:33   5630.50     33.44
06:21:36   7013.73    440.17
06:21:39   7011.34     32.20
06:21:42   5154.24     33.90
06:21:45   6873.86    495.96
06:21:48   6724.96    110.66
06:21:51   7011.18     42.44
06:21:54   5596.55    484.68
06:21:57   7116.11    101.86
06:22:00   6800.50    498.14
06:22:03   7621.20    119.39
Connection to 192.168.1.102 closed.
time: 21
  Time         enp0s25      
HH:MM:SS   Kbps in  Kbps out
06:23:32   7086.57    555.69
06:23:35   5483.46    132.61
06:23:38   6796.63    872.90
06:23:41   6244.22    172.23
06:23:44   6954.63    208.17
06:23:47   7276.05    983.69
06:23:50   7126.06    501.00
06:23:53   6560.38    207.97
06:23:56   6011.64    117.27
06:23:59   9582.89   1407.25
06:24:02   5825.48     41.87
06:24:05   6965.86    115.06
06:24:08   7771.57   1587.76
06:24:11   7508.67    512.29
06:24:14   6010.22     36.78
06:24:17   6728.97    118.61
06:24:20   7244.35    974.71
06:24:23   5866.24    634.12
06:24:26   7218.47     49.72
Connection to 192.168.1.102 closed.
time: 22
  Time         enp0s25      
HH:MM:SS   Kbps in  Kbps out
06:24:31   6742.04    168.27
06:24:34   7140.92    943.50
06:24:37   6873.50     29.95
06:24:40   4862.73    127.97
06:24:43   7303.45    175.31
06:24:46   6980.78    530.26
06:24:49   5505.61    402.70
06:24:52   6634.55    117.93
06:24:55   6243.51    473.11
06:24:58   6548.06     82.69
06:25:01   6034.27    653.28
06:25:04   6985.67    897.45
06:25:07   7457.46   2253.14
06:25:10   7170.45    736.08
06:25:13   8584.86   1801.20
06:25:16   5762.18   1075.79
06:25:19   7376.30   2032.25
06:25:22   7698.32   1125.66
06:25:25   6013.45   1762.48
Connection to 192.168.1.102 closed.
time: 23
  Time         enp0s25      
HH:MM:SS   Kbps in  Kbps out
06:25:32   5797.89   1743.49
06:25:35   7646.17   1279.90
06:25:38   7795.58    921.65
06:25:41   6122.31   1824.81
06:25:44   7502.40    486.59
06:25:47   7633.97   1287.47
06:25:50   5815.21   1500.03
06:25:53   7599.76    503.45
06:25:56   6641.82   1338.77
06:25:59   7438.13   1930.62
06:26:02   7299.94    482.66
06:26:05   7594.55   2078.76
06:26:08   7080.75    641.18
06:26:11   6245.94   1007.39
06:26:14   7314.92   1362.78
06:26:17   7362.27    998.49
06:26:20   5727.34   1306.29
06:26:23   7328.30    675.09
06:26:26   7642.63   2103.15
Connection to 192.168.1.102 closed.
time: 24
  Time         enp0s25      
HH:MM:SS   Kbps in  Kbps out
06:26:30   7087.16    633.49
06:26:33   5797.37    469.31
06:26:36   7261.15   1949.87
06:26:39   7039.84    501.02
06:26:42   5545.75   1794.46
06:26:45   7329.62    837.02
06:26:48   6515.29    561.21
06:26:51   6158.12   1464.67
06:26:54   6965.03    938.75
06:26:57   7055.85    698.12
06:27:00   7615.31   2067.31
06:27:03   7537.92    465.89
06:27:06   7871.94   1290.01
06:27:09   6913.57   1520.49
06:27:12   6278.01    462.34
06:27:15   7525.09   1040.34
06:27:18   7148.99    618.85
06:27:21   5720.78   1329.46
06:27:24   7439.14    143.36
Connection to 192.168.1.102 closed.
time: 25
  Time         enp0s25      
HH:MM:SS   Kbps in  Kbps out
06:27:31   7149.79   1208.28
06:27:34   5181.51    244.59
06:27:37   7720.96   1071.71
06:27:40   7236.66    891.21
06:27:43   5491.94    216.46
06:27:46   6268.18    439.31
06:27:49   6852.11   1415.82
06:27:52   6963.20    392.98
06:27:55   6259.45    315.88
06:27:58   6913.95   1452.57
06:28:01   6897.45    456.52
06:28:04   7842.88   1372.58
06:28:07   7289.87    495.21
06:28:10   6009.72   1290.33
06:28:13   6753.05    207.72
06:28:16   7569.33    616.03
06:28:19   7273.88   1224.52
06:28:22   5508.76    253.95
06:28:25   8213.98    647.95
Connection to 192.168.1.102 closed.
