
========== Time: 0 ==========

========== Time: 1 ==========

========== Time: 2 ==========

========== Time: 3 ==========

========== Time: 4 ==========

========== Time: 5 ==========

========== Time: 6 ==========
yolo7-4, 71421050, aeroplane
yolo7-4, 04038009, aeroplane
yolo7-4, 60845760, aeroplane
yolo7-4, 37163877, aeroplane
yolo7-4, 54500259, aeroplane
yolo7-4, 12572801, aeroplane
yolo7-4, 24300549, aeroplane
yolo7-4, 71076018, aeroplane
yolo7-4, 30999078, aeroplane
yolo7-4, 11101634, aeroplane
yolo7-4, 36461114, aeroplane
yolo7-4, 40225907, aeroplane
yolo7-4, 44114368, aeroplane
yolo7-4, 42711913, aeroplane
yolo7-4, 67477585, aeroplane
yolo7-4, 98354442, aeroplane
yolo7-4, 87802782, aeroplane
yolo7-4, 01071437, aeroplane
yolo7-4, 25945567, aeroplane
yolo7-4, 31559454, aeroplane
yolo7-4, 93971726, aeroplane
yolo7-4, 17183265, bottle
yolo7-4, 33867648, aeroplane

========== Time: 7 ==========
yolo7-4, 57876785, aeroplane
yolo7-4, 84365619, aeroplane
yolo7-4, 27193994, aeroplane
yolo7-4, 81144090, aeroplane
yolo7-4, 31912332, aeroplane
yolo7-4, 68878735, aeroplane
yolo7-4, 88336714, aeroplane
yolo7-4, 30829786, aeroplane
yolo7-4, 29135690, aeroplane
yolo7-4, 03490290, aeroplane
yolo7-4, 95580451, person
yolo7-4, 25661027, aeroplane
yolo7-4, 85984523, aeroplane
yolo7-4, 01834777, aeroplane
yolo7-4, 13411397, aeroplane
yolo7-4, 52508739, aeroplane
yolo7-4, 69274308, aeroplane
yolo7-4, 57787894, aeroplane
yolo7-4, 18539637, aeroplane

========== Time: 8 ==========
yolo7-4, 41897994, aeroplane
yolo7-4, 30130451, aeroplane
yolo7-4, 63371062, aeroplane
yolo7-4, 31500451, aeroplane
yolo7-4, 17583908, aeroplane
yolo7-4, 75981633, aeroplane
yolo7-4, 54952604, aeroplane
yolo7-4, 35931761, aeroplane
yolo7-4, 83725497, aeroplane
yolo7-4, 18311534, bottle
yolo7-4, 95742737, aeroplane
yolo7-4, 50523274, aeroplane
yolo7-4, 96852153, aeroplane
yolo7-4, 58167927, aeroplane
yolo7-4, 61815144, aeroplane
yolo7-4, 68493927, aeroplane

========== Time: 9 ==========
yolo7-4, 22390495, aeroplane
yolo7-4, 10365112, aeroplane
yolo7-4, 15042626, aeroplane
yolo7-4, 42429332, aeroplane
yolo7-4, 72983047, aeroplane
yolo7-4, 47728138, aeroplane
yolo7-4, 38829715, aeroplane
yolo7-4, 97779253, aeroplane
yolo7-4, 12195269, aeroplane
yolo7-4, 16798133, aeroplane
yolo7-4, 94419777, aeroplane
yolo7-4, 97627707, aeroplane
yolo7-4, 04522782, aeroplane
yolo7-4, 92269896, aeroplane
yolo7-4, 91821939, aeroplane
yolo7-4, 40734586, aeroplane
yolo7-4, 16323507, aeroplane
yolo7-4, 01659579, aeroplane
yolo7-4, 38562799, bottle
yolo7-4, 36573890, aeroplane
yolo7-4, 98735773, aeroplane
yolo7-4, 38626836, aeroplane
yolo7-4, 91550110, aeroplane

========== Time: 10 ==========
yolo7-4, 20788530, aeroplane
yolo7-4, 17865755, aeroplane
yolo7-4, 25929816, aeroplane
yolo7-4, 74705218, aeroplane
yolo7-4, 33729931, aeroplane
yolo7-4, 06665425, aeroplane
yolo7-4, 94313434, aeroplane
yolo7-4, 89157430, aeroplane
yolo7-4, 71047365, aeroplane
yolo2-6, 97627707, aeroplane
yolo6-8, 04522782, aeroplane
yolo7-4, 50889086, aeroplane
yolo7-4, 26201226, aeroplane
yolo6-8, 92269896, aeroplane
yolo2-6, 04522782, aeroplane
yolo6-8, 91821939, aeroplane
yolo2-6, 92269896, aeroplane
yolo7-4, 75859848, aeroplane
yolo6-8, 40734586, aeroplane
yolo2-6, 91821939, aeroplane
yolo6-8, 16323507, aeroplane
yolo2-6, 40734586, aeroplane
yolo7-4, 27307969, aeroplane
yolo6-8, 01659579, aeroplane
yolo2-6, 16323507, aeroplane
yolo6-8, 38562799, bottle
yolo2-6, 01659579, aeroplane
yolo6-8, 36573890, aeroplane
yolo7-4, 25750693, aeroplane
yolo2-6, 38562799, bottle
yolo6-8, 98735773, aeroplane
yolo2-6, 36573890, aeroplane
yolo6-8, 38626836, aeroplane
yolo2-6, 98735773, aeroplane
yolo7-4, 92175482, aeroplane
yolo6-8, 91550110, aeroplane
yolo2-6, 38626836, aeroplane

========== Time: 11 ==========
yolo6-8, 20788530, aeroplane
yolo7-4, 07493572, aeroplane
yolo2-6, 91550110, aeroplane
yolo6-8, 17865755, aeroplane
yolo2-6, 20788530, aeroplane
yolo6-8, 25929816, aeroplane
yolo2-6, 17865755, aeroplane
yolo7-4, 27235321, aeroplane
yolo6-8, 74705218, aeroplane
yolo2-6, 25929816, aeroplane
yolo6-8, 33729931, aeroplane
yolo7-4, 38848511, aeroplane
yolo2-6, 74705218, aeroplane
yolo6-8, 06665425, aeroplane
yolo2-6, 33729931, car
yolo6-8, 94313434, aeroplane
yolo7-4, 06213731, aeroplane
yolo2-6, 06665425, car
yolo6-8, 89157430, aeroplane
yolo2-6, 94313434, car
yolo7-4, 44173558, aeroplane
yolo6-8, 71047365, aeroplane
yolo2-6, 89157430, car
yolo6-8, 50889086, aeroplane
yolo2-6, 71047365, car
yolo7-4, 02807269, aeroplane
yolo6-8, 26201226, aeroplane
yolo2-6, 50889086, car
yolo6-8, 75859848, aeroplane
yolo2-6, 26201226, car
yolo7-4, 00770043, aeroplane
yolo6-8, 27307969, aeroplane
yolo2-6, 75859848, car
yolo6-8, 25750693, aeroplane
yolo2-6, 27307969, car
yolo7-4, 94116391, aeroplane
yolo6-8, 92175482, aeroplane
yolo2-6, 25750693, car
yolo6-8, 07493572, aeroplane
yolo2-6, 92175482, car
yolo6-8, 27235321, aeroplane
yolo7-4, 70661460, aeroplane
yolo2-6, 07493572, car
yolo2-6, 27235321, car
yolo6-8, 38848511, aeroplane
yolo7-4, 28422284, aeroplane
yolo6-8, 06213731, aeroplane
yolo2-6, 38848511, car
yolo6-8, 44173558, aeroplane
yolo2-6, 06213731, car
yolo7-4, 19828654, aeroplane
yolo2-6, 44173558, car
yolo6-8, 02807269, aeroplane
yolo6-8, 00770043, aeroplane
yolo2-6, 02807269, car
yolo7-4, 19786697, aeroplane
yolo6-8, 94116391, aeroplane
yolo2-6, 00770043, car
yolo2-6, 94116391, car
yolo6-8, 70661460, aeroplane
yolo7-4, 14260354, aeroplane
yolo2-6, 70661460, car
yolo6-8, 28422284, aeroplane
yolo2-6, 28422284, car
yolo6-8, 19828654, aeroplane
yolo2-6, 19828654, car
yolo7-4, 12379955, aeroplane
yolo6-8, 19786697, aeroplane
yolo2-6, 19786697, sofa
yolo6-8, 14260354, aeroplane
yolo7-4, 16490677, aeroplane
yolo6-8, 12379955, aeroplane
yolo2-6, 14260354, car
yolo2-6, 12379955, car
yolo6-8, 16490677, aeroplane
yolo7-4, 74994135, aeroplane
yolo2-6, 16490677, person
yolo6-8, 74994135, aeroplane
yolo7-4, 62952118, bottle
yolo2-6, 74994135, aeroplane
yolo6-8, 62952118, bottle

========== Time: 12 ==========
yolo2-6, 62952118, bottle
yolo7-4, 76063429, aeroplane
yolo6-8, 76063429, aeroplane
yolo2-6, 76063429, bottle
yolo6-8, 49178019, aeroplane
yolo7-4, 49178019, aeroplane
yolo2-6, 49178019, aeroplane
yolo2-6, 00361410, bottle
yolo6-8, 00361410, bottle
yolo7-4, 00361410, bottle
yolo6-8, 74984776, aeroplane
yolo2-6, 74984776, aeroplane
yolo7-4, 74984776, aeroplane
yolo6-8, 74191534, aeroplane
yolo7-4, 74191534, aeroplane
yolo2-6, 74191534, aeroplane
yolo2-6, 36080709, aeroplane
yolo7-4, 36080709, aeroplane
yolo6-8, 36080709, aeroplane
yolo7-4, 16043819, aeroplane
yolo6-8, 16043819, aeroplane
yolo2-6, 16043819, aeroplane
yolo7-4, 39420073, aeroplane
yolo2-6, 39420073, aeroplane
yolo6-8, 39420073, aeroplane
yolo2-6, 89416097, aeroplane
yolo2-6, 39852946, aeroplane
yolo2-6, 36637855, aeroplane
yolo2-6, 74464695, aeroplane
yolo2-6, 59082872, aeroplane
yolo2-6, 79503936, aeroplane
yolo2-6, 02571282, aeroplane

========== Time: 13 ==========
yolo2-6, 27200855, aeroplane
yolo2-6, 65041873, aeroplane
yolo2-12, 17356841, aeroplane
yolo2-6, 17356841, aeroplane
yolo2-6, 14581398, aeroplane
yolo2-12, 14581398, aeroplane
yolo2-12, 25049826, aeroplane
yolo2-6, 25049826, aeroplane
yolo2-6, 99978911, aeroplane
yolo2-12, 99978911, aeroplane
yolo2-6, 18386696, aeroplane
yolo2-12, 18386696, aeroplane
yolo2-6, 19326736, aeroplane
yolo2-12, 19326736, aeroplane
yolo2-6, 52658670, aeroplane
yolo2-12, 52658670, aeroplane
yolo2-6, 94610911, aeroplane
yolo2-12, 94610911, aeroplane
yolo2-13, 49047789, aeroplane
yolo10-11, 49047789, aeroplane
yolo2-6, 49047789, aeroplane
yolo2-12, 49047789, aeroplane
yolo2-13, 21237363, aeroplane
yolo2-12, 21237363, aeroplane
yolo2-6, 21237363, aeroplane
yolo10-11, 21237363, car
yolo10-11, 08818231, car
yolo2-12, 08818231, aeroplane
yolo2-13, 08818231, aeroplane
yolo2-6, 08818231, aeroplane
yolo2-12, 43757668, aeroplane
yolo2-6, 43757668, aeroplane
yolo2-13, 43757668, aeroplane

========== Time: 14 ==========
yolo10-11, 43757668, car
yolo2-12, 76825967, aeroplane
yolo2-13, 76825967, aeroplane
yolo2-6, 76825967, aeroplane
yolo10-11, 76825967, car
yolo4-3, 79503936, aeroplane
yolo8-3, 79503936, car
yolo8-3, 02571282, car
yolo4-3, 02571282, aeroplane
yolo2-6, 47492775, aeroplane
yolo10-11, 47492775, car
yolo2-12, 47492775, aeroplane
yolo2-13, 47492775, aeroplane
yolo8-3, 27200855, car
yolo4-3, 27200855, aeroplane
yolo2-12, 51160622, aeroplane
yolo10-11, 51160622, car
yolo2-6, 51160622, aeroplane
yolo2-13, 51160622, aeroplane
yolo8-3, 65041873, car
yolo4-3, 65041873, aeroplane
yolo10-11, 55186071, car
yolo2-6, 55186071, aeroplane
yolo2-12, 55186071, aeroplane
yolo2-13, 55186071, aeroplane
yolo4-3, 17356841, aeroplane
yolo8-3, 17356841, car
yolo10-11, 94181132, car
yolo2-6, 94181132, aeroplane
yolo2-13, 94181132, aeroplane
yolo2-12, 94181132, aeroplane
yolo4-3, 14581398, aeroplane
yolo8-3, 14581398, aeroplane
yolo10-11, 21731307, car
yolo2-6, 21731307, aeroplane
yolo2-13, 21731307, aeroplane
yolo2-12, 21731307, aeroplane
yolo4-3, 25049826, aeroplane
yolo8-3, 25049826, car
yolo10-11, 85130954, car
yolo2-6, 85130954, car
yolo2-12, 85130954, car
yolo2-13, 85130954, car
yolo4-3, 99978911, aeroplane
yolo8-3, 99978911, car
yolo10-11, 30692424, car
yolo2-12, 30692424, bottle
yolo2-13, 30692424, bottle
yolo2-6, 30692424, bottle
yolo4-3, 18386696, aeroplane
yolo10-11, 07002641, car
yolo8-3, 18386696, car
yolo2-12, 07002641, car
yolo2-6, 07002641, car
yolo2-13, 07002641, car
yolo4-3, 19326736, aeroplane
yolo10-11, 52425256, car
yolo8-3, 19326736, car
yolo2-6, 52425256, car
yolo2-12, 52425256, car
yolo2-13, 52425256, car
yolo4-3, 52658670, aeroplane
yolo10-11, 44230470, car
yolo8-3, 52658670, car
yolo2-13, 44230470, car
yolo2-6, 44230470, car
yolo2-12, 44230470, car
yolo4-3, 94610911, aeroplane
yolo8-3, 94610911, car
yolo2-12, 57988606, car
yolo2-6, 57988606, car
yolo2-13, 57988606, car
yolo10-11, 57988606, car
yolo4-3, 49047789, aeroplane
yolo8-3, 49047789, aeroplane
yolo2-12, 34915724, car
yolo2-6, 34915724, car
yolo2-13, 34915724, car
yolo2-13, 03506741, car
yolo2-6, 03506741, car
yolo2-12, 03506741, car
yolo2-13, 95294922, car
yolo2-6, 95294922, car
yolo2-12, 95294922, car
yolo2-6, 69620985, car
yolo2-13, 69620985, car
yolo2-12, 69620985, car

========== Time: 15 ==========
yolo2-13, 99884646, car
yolo2-6, 99884646, car
yolo2-12, 99884646, car
yolo2-12, 78566477, car
yolo2-13, 78566477, car
yolo2-6, 78566477, car
yolo2-13, 78545245, car
yolo2-12, 78545245, car
yolo2-6, 78545245, car
yolo2-13, 78206562, car
yolo2-6, 78206562, car
yolo2-12, 78206562, car
yolo2-12, 87561905, car
yolo2-13, 87561905, car
yolo2-6, 87561905, car
yolo10-14, 87561905, car
yolo2-6, 37806905, car
yolo2-12, 37806905, car
yolo10-14, 37806905, car
yolo6-14, 37806905, aeroplane
yolo2-13, 37806905, car
yolo2-12, 95542924, car
yolo6-14, 95542924, aeroplane
yolo2-6, 95542924, car
yolo2-13, 95542924, car
yolo10-14, 95542924, car
yolo2-6, 77163869, car
yolo10-14, 77163869, car
yolo6-14, 77163869, aeroplane
yolo2-12, 77163869, car
yolo2-13, 77163869, car
yolo2-12, 64202072, car
yolo2-13, 64202072, car
yolo2-6, 64202072, car
yolo6-14, 64202072, aeroplane
yolo10-14, 64202072, car
yolo6-14, 20493361, aeroplane
yolo2-6, 20493361, car
yolo2-13, 20493361, car
yolo10-14, 20493361, car
yolo2-12, 20493361, car
yolo2-13, 33813177, car
yolo2-6, 33813177, car
yolo6-14, 33813177, aeroplane
yolo2-12, 33813177, car
yolo10-14, 33813177, car
yolo6-14, 00272770, aeroplane
yolo2-13, 00272770, car
yolo2-6, 00272770, car
yolo10-14, 00272770, car
yolo2-13, 61312309, car
yolo10-14, 61312309, car
yolo2-6, 61312309, car
yolo6-14, 61312309, aeroplane
yolo2-6, 10915003, car
yolo2-13, 10915003, car
yolo10-14, 10915003, car
yolo6-14, 10915003, aeroplane
yolo6-14, 08398880, aeroplane
yolo2-6, 08398880, car
yolo2-13, 08398880, car
yolo10-14, 08398880, car
yolo6-14, 24739946, aeroplane
yolo2-6, 24739946, car
yolo10-14, 24739946, car
yolo2-13, 24739946, car
yolo10-14, 91755841, car
yolo2-6, 91755841, car
yolo6-14, 91755841, aeroplane
yolo2-13, 91755841, car
yolo2-6, 06260492, car
yolo6-14, 06260492, aeroplane
yolo2-13, 06260492, car
yolo10-14, 06260492, car
yolo2-6, 46763019, car
yolo6-14, 46763019, aeroplane
yolo2-13, 46763019, car
yolo10-14, 46763019, car
yolo2-13, 94431225, car
yolo6-14, 94431225, aeroplane
yolo2-6, 94431225, car
yolo10-14, 94431225, car
yolo10-14, 05028480, car
yolo2-6, 05028480, car
yolo2-13, 05028480, car
yolo6-14, 05028480, aeroplane
yolo10-14, 67926031, car
yolo2-13, 67926031, car
yolo6-14, 67926031, aeroplane
yolo2-6, 67926031, car
yolo10-14, 25419876, car
yolo2-6, 25419876, car
yolo6-14, 25419876, aeroplane
yolo2-13, 25419876, car

========== Time: 16 ==========
yolo10-14, 93417684, car
yolo2-6, 93417684, car
yolo6-14, 93417684, aeroplane
yolo2-13, 93417684, car
yolo2-13, 86655873, car
yolo6-14, 86655873, aeroplane
yolo2-6, 86655873, car
yolo10-14, 86655873, car
yolo10-14, 04407673, car
yolo2-13, 04407673, car
yolo6-14, 04407673, aeroplane
yolo2-6, 04407673, car
yolo10-14, 56717524, aeroplane
yolo2-6, 56717524, aeroplane
yolo2-13, 56717524, aeroplane
yolo6-14, 56717524, aeroplane
yolo2-6, 62153200, aeroplane
yolo2-13, 62153200, aeroplane
yolo6-14, 62153200, aeroplane
yolo10-14, 62153200, aeroplane
yolo10-14, 76941854, aeroplane
yolo2-6, 76941854, aeroplane
yolo6-14, 76941854, aeroplane
yolo2-13, 76941854, aeroplane
yolo2-6, 87847250, aeroplane
yolo10-14, 87847250, aeroplane
yolo2-13, 87847250, aeroplane
yolo6-14, 87847250, aeroplane
yolo2-13, 28084803, aeroplane
yolo10-14, 28084803, aeroplane
yolo6-14, 28084803, aeroplane
yolo2-6, 28084803, aeroplane
yolo6-14, 33949974, aeroplane
yolo2-13, 33949974, aeroplane
yolo10-14, 33949974, aeroplane
yolo2-6, 33949974, aeroplane
yolo6-14, 25937190, aeroplane
yolo2-13, 25937190, aeroplane
yolo10-14, 25937190, aeroplane
yolo2-6, 25937190, aeroplane
yolo2-6, 83272464, aeroplane
yolo6-14, 83272464, aeroplane
yolo2-13, 83272464, aeroplane
yolo10-14, 83272464, aeroplane
yolo6-14, 23876264, aeroplane
yolo10-14, 23876264, aeroplane
yolo2-6, 23876264, aeroplane
yolo2-13, 23876264, aeroplane

========== Time: 17 ==========
yolo2-6, 27911241, aeroplane
yolo2-13, 27911241, aeroplane
yolo6-16, 36733519, aeroplane
yolo10-14, 27911241, aeroplane
yolo6-14, 27911241, aeroplane
yolo10-14, 36733519, aeroplane
yolo2-13, 36733519, aeroplane
yolo6-16, 18188839, aeroplane
yolo6-14, 36733519, aeroplane
yolo6-14, 18188839, aeroplane
yolo10-14, 18188839, aeroplane
yolo2-13, 18188839, aeroplane
yolo6-16, 02982931, aeroplane
yolo6-14, 02982931, aeroplane
yolo10-14, 02982931, aeroplane
yolo2-13, 02982931, aeroplane
yolo6-16, 82443297, aeroplane
yolo6-16, 32228004, aeroplane
yolo6-14, 82443297, aeroplane
yolo2-13, 82443297, aeroplane
yolo10-14, 82443297, aeroplane
yolo6-16, 15574528, aeroplane
yolo10-14, 32228004, aeroplane
yolo6-14, 32228004, aeroplane
yolo2-13, 32228004, aeroplane
yolo2-13, 15574528, aeroplane
yolo10-14, 15574528, aeroplane
yolo6-14, 15574528, aeroplane
yolo6-16, 66863957, aeroplane
yolo2-13, 66863957, aeroplane
yolo10-14, 66863957, aeroplane
yolo6-14, 66863957, aeroplane
yolo10-14, 28392933, aeroplane
yolo2-13, 28392933, aeroplane
yolo6-14, 28392933, aeroplane
yolo6-16, 28392933, aeroplane
yolo6-14, 52330169, aeroplane
yolo2-13, 52330169, aeroplane
yolo10-14, 52330169, aeroplane
yolo6-16, 52330169, aeroplane
yolo2-13, 66549191, aeroplane
yolo6-16, 66549191, aeroplane
yolo10-14, 66549191, aeroplane
yolo6-14, 66549191, aeroplane
yolo10-14, 33753607, aeroplane
yolo6-16, 33753607, aeroplane
yolo6-14, 33753607, aeroplane
yolo2-13, 33753607, aeroplane
yolo6-14, 51255488, aeroplane
yolo2-13, 51255488, aeroplane
yolo6-16, 51255488, aeroplane
yolo10-14, 51255488, aeroplane
yolo2-13, 82038520, aeroplane
yolo6-14, 82038520, aeroplane
yolo10-14, 82038520, aeroplane
yolo6-16, 82038520, aeroplane
yolo10-14, 66277108, bottle
yolo2-13, 66277108, bottle
yolo6-16, 66277108, bottle
yolo2-13, 98754838, aeroplane
yolo6-16, 98754838, aeroplane
yolo10-14, 98754838, aeroplane
yolo10-14, 35159864, bottle
yolo2-13, 35159864, bottle
yolo6-16, 35159864, bottle
yolo10-14, 45411248, aeroplane
yolo6-16, 45411248, aeroplane
yolo2-13, 45411248, aeroplane

========== Time: 18 ==========
yolo2-13, 70394065, aeroplane
yolo6-16, 70394065, aeroplane
yolo10-14, 70394065, aeroplane
yolo2-13, 82527603, aeroplane
yolo10-14, 82527603, aeroplane
yolo6-16, 82527603, aeroplane
yolo10-14, 49049168, aeroplane
yolo6-16, 49049168, aeroplane
yolo2-13, 49049168, aeroplane
yolo2-13, 35186632, bottle
yolo10-14, 35186632, bottle
yolo6-16, 35186632, bottle
yolo2-13, 50172570, aeroplane
yolo10-14, 50172570, aeroplane
yolo6-16, 50172570, aeroplane
yolo2-13, 15279969, bottle
yolo6-16, 15279969, bottle
yolo10-14, 15279969, bottle
yolo6-16, 22794038, aeroplane
yolo10-14, 22794038, aeroplane
yolo2-13, 22794038, aeroplane
yolo2-13, 79389224, aeroplane
yolo10-14, 79389224, aeroplane
yolo6-16, 79389224, aeroplane
yolo2-13, 20755099, aeroplane
yolo6-16, 20755099, aeroplane
yolo10-14, 20755099, aeroplane
yolo2-13, 89888269, aeroplane
yolo10-14, 89888269, aeroplane
yolo6-16, 89888269, aeroplane
yolo6-16, 94994455, bottle
yolo10-14, 94994455, bottle
yolo2-13, 94994455, bottle
yolo6-16, 64456839, aeroplane
yolo10-14, 64456839, aeroplane
yolo2-13, 64456839, aeroplane
yolo10-14, 11551247, aeroplane
yolo6-16, 11551247, aeroplane
yolo2-13, 11551247, aeroplane
yolo2-13, 34568246, bottle
yolo10-14, 34568246, bottle
yolo6-16, 34568246, bottle
yolo6-16, 99446419, aeroplane
yolo10-14, 99446419, aeroplane
yolo2-13, 99446419, aeroplane
yolo2-13, 89980916, aeroplane
yolo10-14, 89980916, aeroplane
yolo6-16, 89980916, aeroplane

========== Time: 19 ==========
yolo2-13, 17180530, aeroplane
yolo6-16, 17180530, aeroplane
yolo10-14, 17180530, aeroplane
yolo2-13, 30039815, aeroplane
yolo10-14, 30039815, aeroplane
yolo6-16, 30039815, aeroplane
yolo10-14, 55727556, aeroplane
yolo6-16, 55727556, aeroplane
yolo2-13, 55727556, aeroplane
yolo2-13, 49335117, aeroplane
yolo6-16, 49335117, aeroplane
yolo10-14, 49335117, aeroplane
yolo6-16, 68308223, aeroplane
yolo10-14, 68308223, aeroplane
yolo2-13, 68308223, aeroplane
yolo6-16, 84967464, aeroplane
yolo10-14, 84967464, aeroplane
yolo2-13, 84967464, aeroplane
yolo10-14, 96585190, aeroplane
yolo6-16, 96585190, aeroplane
yolo2-13, 96585190, aeroplane
yolo10-14, 59006442, aeroplane
yolo2-13, 59006442, aeroplane
yolo6-16, 59006442, aeroplane
yolo6-16, 72847144, aeroplane
yolo2-13, 72847144, aeroplane
yolo10-14, 72847144, aeroplane
yolo2-13, 75159348, aeroplane
yolo6-16, 75159348, aeroplane
yolo10-14, 75159348, aeroplane
yolo6-16, 45698210, aeroplane
yolo10-14, 45698210, aeroplane
yolo2-13, 45698210, aeroplane

========== Time: 20 ==========
yolo6-16, 41368387, aeroplane
yolo10-14, 41368387, aeroplane
yolo2-13, 41368387, aeroplane
yolo6-16, 24650330, aeroplane
yolo10-14, 24650330, aeroplane
yolo2-13, 24650330, aeroplane
yolo10-14, 53071175, aeroplane
yolo6-16, 53071175, aeroplane
yolo2-13, 53071175, aeroplane
yolo6-16, 59472295, aeroplane
yolo10-14, 59472295, aeroplane
yolo2-13, 59472295, aeroplane
yolo6-16, 04862985, aeroplane
yolo10-14, 04862985, aeroplane
yolo2-13, 04862985, aeroplane
yolo6-16, 93167407, aeroplane
yolo10-14, 93167407, aeroplane
yolo2-13, 93167407, aeroplane
yolo10-14, 09687335, aeroplane
yolo6-16, 09687335, aeroplane
yolo2-13, 09687335, aeroplane
yolo10-14, 91139053, aeroplane
yolo2-13, 91139053, aeroplane
yolo6-16, 91139053, aeroplane
yolo2-13, 38563389, aeroplane
yolo6-16, 38563389, aeroplane
yolo10-14, 38563389, aeroplane
yolo10-14, 22116310, aeroplane
yolo2-13, 22116310, aeroplane
yolo6-16, 22116310, aeroplane
yolo10-14, 63014378, aeroplane
yolo5-edge-15, 22116310, aeroplane
yolo6-16, 63014378, aeroplane
yolo2-13, 63014378, aeroplane
yolo5-edge-15, 63014378, aeroplane
yolo10-14, 25364113, aeroplane
yolo6-16, 25364113, aeroplane
yolo2-13, 25364113, aeroplane
yolo5-edge-15, 25364113, aeroplane
yolo10-14, 93641364, aeroplane
yolo2-13, 93641364, aeroplane
yolo6-16, 93641364, aeroplane
yolo5-edge-15, 93641364, aeroplane
yolo2-13, 74593431, aeroplane
yolo6-16, 74593431, aeroplane
yolo10-14, 74593431, aeroplane
yolo5-edge-15, 74593431, aeroplane
yolo10-14, 44827991, aeroplane
yolo6-16, 44827991, aeroplane
yolo2-13, 44827991, aeroplane
yolo5-edge-15, 44827991, aeroplane
yolo10-14, 73356382, aeroplane
yolo2-13, 73356382, aeroplane
yolo6-16, 73356382, aeroplane
yolo5-edge-15, 73356382, aeroplane
yolo2-13, 50990165, aeroplane
yolo6-16, 50990165, aeroplane
yolo10-14, 50990165, aeroplane
yolo5-edge-15, 50990165, aeroplane
yolo2-13, 29095696, aeroplane
yolo10-14, 29095696, aeroplane
yolo6-16, 29095696, aeroplane
yolo5-edge-15, 29095696, aeroplane
yolo2-13, 16111575, aeroplane
yolo6-16, 16111575, aeroplane
yolo10-14, 16111575, aeroplane
yolo5-edge-15, 16111575, aeroplane
yolo10-14, 15249291, aeroplane
yolo2-13, 15249291, aeroplane
yolo6-16, 15249291, aeroplane
yolo5-edge-15, 15249291, aeroplane
yolo6-16, 50452436, aeroplane
yolo2-13, 50452436, aeroplane
yolo10-14, 50452436, aeroplane
yolo5-edge-15, 50452436, aeroplane
yolo2-13, 63640419, aeroplane
yolo10-14, 63640419, aeroplane
yolo6-16, 63640419, aeroplane
yolo5-edge-15, 63640419, aeroplane
yolo2-13, 92802354, bottle
yolo10-14, 92802354, bottle
yolo6-16, 92802354, bottle
yolo5-edge-15, 92802354, bottle
yolo2-13, 17685364, aeroplane
yolo6-16, 17685364, aeroplane
yolo10-14, 17685364, aeroplane
yolo5-edge-15, 17685364, aeroplane
yolo2-13, 43241359, aeroplane
yolo6-16, 43241359, aeroplane
yolo10-14, 43241359, aeroplane
yolo5-edge-15, 43241359, aeroplane
yolo2-13, 20254510, aeroplane
yolo6-16, 20254510, aeroplane
yolo10-14, 20254510, aeroplane
yolo5-edge-15, 20254510, aeroplane
yolo10-14, 99849474, aeroplane
yolo2-13, 99849474, aeroplane
yolo6-16, 99849474, aeroplane
yolo5-edge-15, 99849474, aeroplane
yolo10-14, 78560350, aeroplane
yolo2-13, 78560350, aeroplane
yolo1-15, 15249291, aeroplane
yolo6-16, 78560350, aeroplane
yolo5-edge-15, 78560350, aeroplane
yolo1-15, 50452436, aeroplane
yolo1-15, 63640419, aeroplane
yolo10-14, 25046825, aeroplane
yolo2-13, 25046825, aeroplane
yolo6-16, 25046825, aeroplane
yolo5-edge-15, 25046825, aeroplane
yolo1-15, 92802354, bottle
yolo1-15, 17685364, aeroplane
yolo6-16, 48194789, aeroplane
yolo10-14, 48194789, aeroplane
yolo2-13, 48194789, aeroplane
yolo5-edge-15, 48194789, aeroplane
yolo1-15, 43241359, aeroplane
yolo1-15, 20254510, aeroplane
yolo10-14, 60981957, aeroplane
yolo2-13, 60981957, aeroplane
yolo6-16, 60981957, aeroplane
yolo5-edge-15, 60981957, aeroplane
yolo1-15, 99849474, aeroplane
yolo1-15, 78560350, aeroplane
yolo10-14, 00074265, aeroplane
yolo1-15, 25046825, aeroplane
yolo2-13, 00074265, aeroplane
yolo6-16, 00074265, aeroplane
yolo5-edge-15, 00074265, aeroplane
yolo1-15, 48194789, aeroplane
yolo1-15, 60981957, aeroplane
yolo6-16, 08786667, aeroplane
yolo10-14, 08786667, aeroplane
yolo2-13, 08786667, aeroplane
yolo5-edge-15, 08786667, aeroplane
yolo1-15, 00074265, aeroplane
yolo1-15, 08786667, aeroplane
yolo10-14, 35607119, aeroplane
yolo2-13, 35607119, aeroplane
yolo6-16, 35607119, aeroplane
yolo5-edge-15, 35607119, aeroplane
yolo1-15, 35607119, aeroplane
yolo1-15, 26295303, aeroplane
yolo6-16, 26295303, aeroplane
yolo10-14, 26295303, aeroplane
yolo2-13, 26295303, aeroplane
yolo5-edge-15, 26295303, aeroplane
yolo10-14, 33755093, aeroplane
yolo1-15, 33755093, aeroplane
yolo2-13, 33755093, aeroplane
yolo6-16, 33755093, aeroplane
yolo5-edge-15, 33755093, aeroplane
yolo6-16, 79161950, aeroplane
yolo10-14, 79161950, aeroplane
yolo2-13, 79161950, aeroplane
yolo1-15, 79161950, aeroplane

========== Time: 21 ==========
yolo5-edge-15, 79161950, aeroplane
yolo1-15, 18508281, aeroplane
yolo6-16, 18508281, aeroplane
yolo2-13, 18508281, aeroplane
yolo10-14, 18508281, aeroplane
yolo5-edge-15, 18508281, aeroplane
yolo1-15, 66239267, car
yolo2-13, 66239267, aeroplane
yolo6-16, 66239267, aeroplane
yolo10-14, 66239267, car
yolo5-edge-15, 66239267, aeroplane
yolo10-14, 41255392, car
yolo6-16, 41255392, aeroplane
yolo1-15, 41255392, car
yolo2-13, 41255392, aeroplane
yolo5-edge-15, 41255392, aeroplane
yolo10-14, 92680976, car
yolo2-13, 92680976, aeroplane
yolo1-15, 92680976, car
yolo6-16, 92680976, aeroplane
yolo5-edge-15, 92680976, aeroplane
yolo10-14, 34028969, car
yolo6-16, 34028969, aeroplane
yolo2-13, 34028969, aeroplane
yolo1-15, 34028969, car
yolo5-edge-15, 34028969, aeroplane
yolo10-14, 09946005, car
yolo2-13, 09946005, aeroplane
yolo1-15, 09946005, car
yolo6-16, 09946005, aeroplane
yolo5-edge-15, 09946005, aeroplane
yolo6-16, 48136724, aeroplane
yolo10-14, 48136724, car
yolo1-15, 48136724, car
yolo2-13, 48136724, aeroplane
yolo5-edge-15, 48136724, aeroplane
yolo6-16, 29294034, aeroplane
yolo10-14, 29294034, car
yolo2-13, 29294034, aeroplane
yolo1-15, 29294034, car
yolo1-15, 96125724, car
yolo2-13, 96125724, aeroplane
yolo6-16, 96125724, aeroplane
yolo10-14, 96125724, car
yolo10-14, 59898021, car
yolo1-15, 59898021, car
yolo2-13, 59898021, aeroplane
yolo6-16, 59898021, aeroplane
yolo10-14, 41809426, car
yolo2-13, 41809426, aeroplane
yolo6-16, 41809426, aeroplane
yolo1-15, 41809426, car
yolo6-16, 06614115, aeroplane
yolo2-13, 06614115, aeroplane
yolo1-15, 06614115, car
yolo10-14, 06614115, car
yolo2-13, 49530235, aeroplane
yolo1-15, 49530235, car
yolo10-14, 49530235, car
yolo6-16, 49530235, aeroplane
yolo2-13, 62258677, aeroplane
yolo1-15, 62258677, car
yolo10-14, 62258677, car
yolo6-16, 62258677, aeroplane
yolo2-13, 90719070, aeroplane
yolo10-14, 90719070, car
yolo6-16, 90719070, aeroplane
yolo1-17, 90719070, car
yolo5-18, 90719070, aeroplane
yolo5-17, 90719070, aeroplane
yolo1-19, 90719070, car

========== Time: 22 ==========
yolo5-17, 54078375, aeroplane
yolo1-19, 54078375, car
yolo5-18, 54078375, aeroplane
yolo5-17, 66874613, aeroplane
yolo5-18, 66874613, aeroplane
yolo1-19, 66874613, car
yolo5-18, 31403407, aeroplane
yolo5-17, 31403407, aeroplane
yolo1-19, 31403407, car
yolo1-19, 75520420, car
yolo5-18, 75520420, aeroplane
yolo1-19, 33868310, car
yolo5-18, 33868310, aeroplane
yolo1-19, 86368337, car
yolo10-14, 54078375, car
yolo2-13, 54078375, aeroplane
yolo6-16, 54078375, aeroplane
yolo1-19, 64047251, car
yolo6-16, 66874613, aeroplane
yolo10-14, 66874613, car
yolo2-13, 66874613, aeroplane
yolo6-16, 31403407, aeroplane
yolo10-14, 31403407, car
yolo2-13, 31403407, aeroplane
yolo5-edge-17, 86368337, aeroplane
yolo1-edge-17, 86368337, aeroplane
yolo1-19, 45391905, aeroplane
yolo5-edge-18, 86368337, aeroplane
yolo1-edge-15, 86368337, aeroplane
yolo2-13, 75520420, aeroplane
yolo10-14, 75520420, car
yolo6-16, 75520420, aeroplane
yolo6-16, 33868310, aeroplane
yolo10-14, 33868310, car
yolo2-13, 33868310, aeroplane
yolo1-19, 08449218, car
yolo10-14, 86368337, car
yolo6-16, 86368337, aeroplane
yolo2-13, 86368337, aeroplane
yolo1-edge-17, 64047251, aeroplane
yolo10-14, 64047251, car
yolo6-16, 64047251, aeroplane
yolo1-edge-15, 64047251, aeroplane
yolo5-edge-18, 64047251, aeroplane
yolo5-edge-17, 64047251, aeroplane
yolo1-19, 53625710, car
yolo2-13, 64047251, aeroplane
yolo10-14, 45391905, aeroplane
yolo2-13, 45391905, aeroplane
yolo10-14, 08449218, car
yolo1-19, 56969594, car
yolo2-13, 08449218, aeroplane
yolo10-14, 53625710, car
yolo1-edge-15, 45391905, aeroplane
yolo2-13, 53625710, aeroplane
yolo5-edge-17, 45391905, aeroplane
yolo10-14, 56969594, car
yolo1-19, 17360714, car
yolo1-edge-17, 45391905, aeroplane
yolo5-edge-18, 45391905, aeroplane
yolo2-13, 56969594, aeroplane
yolo10-14, 17360714, car
yolo2-13, 17360714, aeroplane
yolo1-19, 95810909, car
yolo10-14, 95810909, car
yolo1-edge-15, 08449218, aeroplane
yolo2-13, 95810909, aeroplane
yolo5-edge-17, 08449218, aeroplane
yolo1-edge-17, 08449218, aeroplane
yolo5-edge-18, 08449218, aeroplane
yolo1-19, 35859451, car
yolo10-14, 35859451, car
yolo2-13, 35859451, aeroplane
yolo1-edge-15, 53625710, aeroplane
yolo5-edge-17, 53625710, aeroplane
yolo10-14, 74407730, car
yolo1-19, 74407730, car
yolo2-13, 74407730, aeroplane
yolo12-15, 41255392, car
yolo4-16, 41255392, aeroplane
yolo1-edge-17, 53625710, aeroplane
yolo5-edge-18, 53625710, aeroplane
yolo1-19, 69569079, car
yolo10-14, 69569079, car
yolo2-13, 69569079, aeroplane

========== Time: 23 ==========
yolo4-16, 92680976, aeroplane
yolo12-15, 92680976, car
yolo1-edge-15, 56969594, aeroplane
yolo10-14, 34411826, car
yolo2-13, 34411826, aeroplane
yolo1-19, 34411826, car
yolo5-edge-17, 56969594, aeroplane
yolo1-edge-17, 56969594, aeroplane
yolo4-16, 34028969, aeroplane
yolo12-15, 34028969, car
yolo12-15, 09946005, car
yolo4-16, 09946005, aeroplane
yolo5-edge-18, 56969594, aeroplane
yolo10-14, 03790439, car
yolo2-13, 03790439, aeroplane
yolo1-19, 03790439, car
yolo4-16, 48136724, aeroplane
yolo12-15, 48136724, car
yolo1-edge-15, 17360714, aeroplane
yolo1-edge-17, 17360714, aeroplane
yolo5-edge-17, 17360714, aeroplane
yolo2-13, 99188049, aeroplane
yolo1-19, 99188049, car
yolo10-14, 99188049, car
yolo5-edge-18, 17360714, aeroplane
yolo12-15, 29294034, car
yolo4-16, 29294034, aeroplane
yolo4-16, 96125724, aeroplane
yolo12-15, 96125724, car
yolo10-14, 01982474, car
yolo2-13, 01982474, car
yolo1-19, 01982474, car
yolo4-16, 59898021, aeroplane
yolo12-15, 59898021, car
yolo1-edge-17, 95810909, aeroplane
yolo5-edge-17, 95810909, aeroplane
yolo1-edge-15, 95810909, aeroplane
yolo5-edge-18, 95810909, aeroplane
yolo1-19, 03987722, car
yolo2-13, 03987722, car
yolo10-14, 03987722, car
yolo12-15, 41809426, car
yolo4-16, 41809426, aeroplane
yolo12-15, 06614115, car
yolo4-16, 06614115, aeroplane
yolo2-13, 28370075, car
yolo10-14, 28370075, car
yolo1-19, 28370075, car
yolo12-15, 49530235, car
yolo4-16, 49530235, aeroplane
yolo12-15, 62258677, car
yolo4-16, 62258677, aeroplane
yolo1-edge-15, 35859451, aeroplane
yolo5-edge-18, 35859451, aeroplane
yolo1-19, 20008654, car
yolo5-edge-17, 35859451, aeroplane
yolo1-edge-17, 35859451, aeroplane
yolo2-13, 20008654, car
yolo10-14, 20008654, car
yolo12-15, 90719070, car
yolo4-16, 90719070, aeroplane
yolo4-16, 54078375, aeroplane
yolo12-15, 54078375, car
yolo2-13, 46663252, car
yolo1-19, 46663252, car
yolo10-14, 46663252, car
yolo4-16, 66874613, aeroplane
yolo12-15, 66874613, car
yolo1-edge-15, 74407730, aeroplane
yolo5-edge-17, 74407730, aeroplane
yolo4-16, 31403407, aeroplane
yolo12-15, 31403407, car
yolo1-edge-17, 74407730, aeroplane
yolo5-edge-18, 74407730, aeroplane
yolo1-19, 80546644, car
yolo2-13, 80546644, car
yolo4-16, 75520420, aeroplane
yolo12-15, 75520420, car
yolo4-16, 33868310, aeroplane
yolo2-13, 52049854, car
yolo1-19, 52049854, car
yolo12-15, 33868310, car
yolo4-16, 86368337, aeroplane
yolo5-edge-17, 69569079, aeroplane
yolo1-edge-15, 69569079, aeroplane
yolo1-edge-17, 69569079, aeroplane
yolo5-edge-18, 69569079, aeroplane
yolo4-16, 64047251, aeroplane
yolo12-15, 22863626, car
yolo2-13, 22863626, car
yolo1-19, 22863626, car
yolo4-16, 45391905, aeroplane
yolo4-16, 08449218, aeroplane
yolo5-edge-17, 34411826, aeroplane
yolo1-edge-17, 34411826, aeroplane
yolo2-13, 45348212, car
yolo1-19, 45348212, car
yolo12-15, 45348212, car
yolo1-edge-15, 34411826, aeroplane
yolo5-edge-18, 34411826, aeroplane
yolo1-19, 04857779, car
yolo12-15, 04857779, car
yolo1-edge-17, 03790439, aeroplane
yolo2-13, 04857779, car
yolo4-16, 04857779, aeroplane
yolo1-edge-15, 03790439, aeroplane
yolo5-edge-17, 03790439, aeroplane
yolo5-edge-18, 03790439, aeroplane
yolo1-19, 39808133, car
yolo12-15, 39808133, car
yolo4-16, 39808133, aeroplane
yolo2-13, 39808133, car
yolo1-edge-17, 99188049, aeroplane
yolo1-edge-15, 99188049, aeroplane
yolo5-edge-17, 99188049, aeroplane
yolo5-edge-18, 99188049, aeroplane
yolo1-19, 00365964, car
yolo4-16, 00365964, aeroplane
yolo12-15, 00365964, car
yolo1-edge-17, 01982474, car
yolo2-13, 00365964, car
yolo1-19, 31895412, car
yolo12-15, 31895412, car
yolo4-16, 31895412, aeroplane
yolo1-edge-15, 01982474, car
yolo5-edge-18, 01982474, aeroplane
yolo5-edge-17, 01982474, aeroplane
yolo2-13, 31895412, car
yolo1-edge-17, 03987722, car
yolo12-15, 13516694, car
yolo2-13, 13516694, car
yolo1-19, 13516694, car
yolo4-16, 13516694, aeroplane
yolo1-edge-15, 03987722, car
yolo5-edge-18, 03987722, aeroplane

========== Time: 24 ==========
yolo1-edge-17, 28370075, car
yolo5-edge-17, 03987722, aeroplane
yolo4-16, 58443854, aeroplane
yolo1-19, 58443854, car
yolo12-15, 58443854, car
yolo2-13, 58443854, car
yolo1-edge-15, 28370075, car
yolo5-edge-18, 28370075, aeroplane
yolo12-15, 88496253, car
yolo4-16, 88496253, aeroplane
yolo1-19, 88496253, car
yolo2-13, 88496253, car
yolo5-edge-17, 28370075, aeroplane
yolo1-edge-17, 20008654, car
yolo1-edge-15, 20008654, car
yolo2-13, 17561387, aeroplane
yolo5-edge-18, 20008654, aeroplane
yolo4-16, 17561387, aeroplane
yolo12-15, 17561387, car
yolo1-19, 17561387, car
yolo1-edge-17, 46663252, car
yolo5-edge-17, 20008654, aeroplane
yolo1-edge-15, 46663252, car
yolo1-19, 25888504, car
yolo12-15, 25888504, car
yolo4-16, 25888504, aeroplane
yolo2-13, 25888504, aeroplane
yolo5-edge-18, 46663252, aeroplane
yolo12-15, 52305181, car
yolo2-13, 52305181, aeroplane
yolo4-16, 52305181, aeroplane
yolo1-19, 52305181, car
yolo1-edge-17, 80546644, car
yolo5-edge-17, 46663252, aeroplane
yolo5-edge-18, 80546644, aeroplane
yolo1-edge-15, 80546644, car
yolo2-13, 86820481, aeroplane
yolo12-15, 86820481, car
yolo1-19, 86820481, car
yolo7-20, 90719070, aeroplane
yolo7-17, 90719070, aeroplane
yolo4-16, 86820481, aeroplane
yolo7-14, 90719070, aeroplane
yolo7-17, 54078375, aeroplane
yolo7-14, 54078375, aeroplane
yolo7-20, 54078375, aeroplane
yolo2-13, 73390287, aeroplane
yolo4-16, 73390287, aeroplane
yolo1-19, 73390287, car
yolo12-15, 73390287, car
yolo1-edge-17, 52049854, car
yolo7-17, 66874613, aeroplane
yolo7-20, 66874613, aeroplane
yolo7-14, 66874613, aeroplane
yolo5-edge-17, 80546644, aeroplane
yolo1-edge-15, 52049854, car
yolo5-edge-18, 52049854, aeroplane
yolo7-14, 31403407, aeroplane
yolo7-20, 31403407, aeroplane
yolo7-17, 31403407, aeroplane
yolo1-edge-17, 22863626, car
yolo12-15, 43551930, car
yolo4-16, 43551930, aeroplane
yolo2-13, 43551930, aeroplane
yolo1-19, 43551930, car
yolo7-20, 75520420, aeroplane
yolo7-17, 75520420, aeroplane
yolo7-14, 75520420, aeroplane
yolo7-20, 33868310, aeroplane
yolo7-17, 33868310, aeroplane
yolo7-14, 33868310, aeroplane
yolo4-16, 27275569, aeroplane
yolo1-19, 27275569, car
yolo2-13, 27275569, aeroplane
yolo5-edge-17, 52049854, aeroplane
yolo5-edge-18, 22863626, aeroplane
yolo1-edge-17, 45348212, car
yolo12-15, 27275569, car
yolo7-14, 86368337, aeroplane
yolo7-20, 86368337, aeroplane
yolo1-19, 40229727, car
yolo4-16, 40229727, aeroplane
yolo2-13, 40229727, aeroplane
yolo12-15, 40229727, car
yolo7-17, 86368337, aeroplane
yolo5-edge-17, 22863626, aeroplane
yolo5-edge-18, 45348212, aeroplane
yolo1-edge-17, 04857779, car
yolo7-17, 64047251, aeroplane
yolo1-19, 10375120, car
yolo4-16, 10375120, aeroplane
yolo7-17, 45391905, aeroplane
yolo5-edge-17, 45348212, aeroplane
yolo5-edge-18, 04857779, aeroplane
yolo1-edge-17, 39808133, car
yolo7-17, 08449218, aeroplane
yolo1-19, 83880522, car
yolo4-16, 83880522, aeroplane
yolo7-17, 53625710, aeroplane
yolo5-edge-18, 39808133, aeroplane
yolo5-edge-17, 04857779, aeroplane
yolo1-edge-17, 00365964, car
yolo7-17, 56969594, aeroplane
yolo1-19, 08008889, aeroplane
yolo4-16, 08008889, aeroplane
yolo7-17, 17360714, aeroplane
yolo5-edge-17, 39808133, aeroplane
yolo1-edge-17, 31895412, car
yolo5-edge-18, 00365964, aeroplane
yolo7-17, 95810909, aeroplane
yolo1-19, 77065376, car
yolo4-16, 77065376, aeroplane
yolo7-17, 35859451, aeroplane

========== Time: 25 ==========
yolo1-edge-17, 13516694, car
yolo5-edge-18, 31895412, aeroplane
yolo7-17, 74407730, aeroplane
yolo1-19, 12939864, car
yolo4-16, 12939864, aeroplane
yolo7-17, 69569079, aeroplane
yolo5-edge-17, 12939864, aeroplane
yolo1-edge-17, 58443854, car
yolo7-17, 34411826, aeroplane
yolo4-16, 38130271, aeroplane
yolo1-19, 38130271, car
yolo7-17, 03790439, aeroplane
yolo5-edge-18, 38130271, aeroplane
yolo5-edge-17, 38130271, aeroplane
yolo1-edge-17, 88496253, car
yolo7-17, 99188049, aeroplane
yolo4-16, 49041913, aeroplane
yolo1-19, 49041913, car
yolo7-17, 01982474, aeroplane
yolo7-17, 03987722, aeroplane
yolo5-edge-18, 49041913, aeroplane
yolo5-edge-17, 49041913, aeroplane
yolo1-edge-17, 17561387, car
yolo1-19, 62316259, car
yolo4-16, 62316259, aeroplane
yolo7-17, 28370075, aeroplane
yolo5-edge-18, 62316259, aeroplane
yolo5-edge-17, 62316259, aeroplane
yolo1-edge-17, 25888504, car
yolo4-16, 48512686, aeroplane
yolo7-17, 48512686, aeroplane
yolo1-19, 48512686, car
yolo7-17, 73625486, aeroplane
yolo4-16, 73625486, aeroplane
yolo1-19, 73625486, car
yolo5-edge-18, 48512686, aeroplane
yolo5-edge-17, 48512686, aeroplane
yolo1-edge-17, 52305181, car
yolo4-16, 42122671, aeroplane
yolo7-17, 42122671, aeroplane
yolo1-19, 42122671, car
yolo1-edge-17, 86820481, car
yolo5-edge-17, 73625486, aeroplane
yolo4-16, 33649266, aeroplane
yolo3-22, 33649266, aeroplane
yolo7-17, 33649266, aeroplane
yolo1-19, 33649266, car
yolo1-edge-17, 73390287, car
yolo5-edge-17, 42122671, aeroplane
yolo3-22, 96402021, aeroplane
yolo4-16, 96402021, aeroplane
yolo1-19, 96402021, car
yolo7-17, 96402021, aeroplane
yolo1-edge-17, 43551930, car
yolo5-edge-17, 33649266, aeroplane
yolo4-16, 51350523, aeroplane
yolo7-17, 51350523, aeroplane
yolo1-19, 51350523, car
yolo3-22, 51350523, aeroplane
yolo1-edge-17, 27275569, car
yolo5-edge-17, 96402021, aeroplane
yolo3-22, 57176029, aeroplane
yolo7-17, 57176029, aeroplane
yolo1-19, 57176029, car
yolo4-16, 57176029, aeroplane
yolo2-22, 57176029, aeroplane
yolo10-20, 57176029, car
yolo1-edge-17, 40229727, car
yolo5-edge-17, 51350523, aeroplane
yolo1-19, 18515789, car
yolo7-17, 18515789, aeroplane
yolo3-22, 18515789, aeroplane
yolo3-24, 18515789, aeroplane
yolo4-16, 18515789, aeroplane
yolo2-22, 18515789, aeroplane
yolo10-20, 18515789, car
yolo7-24, 18515789, aeroplane
yolo5-edge-17, 57176029, aeroplane
yolo1-edge-17, 10375120, car
yolo10-20, 04943249, car
yolo4-16, 04943249, aeroplane
yolo7-17, 04943249, aeroplane
yolo3-22, 04943249, aeroplane
yolo2-22, 04943249, aeroplane
yolo3-24, 04943249, aeroplane
yolo1-19, 04943249, car
yolo7-24, 04943249, aeroplane
yolo5-edge-17, 18515789, aeroplane
yolo3-22, 02779006, aeroplane
yolo3-24, 02779006, aeroplane
yolo7-24, 02779006, aeroplane
yolo10-20, 02779006, car
yolo1-19, 02779006, car
yolo2-22, 02779006, aeroplane
yolo7-17, 02779006, aeroplane
yolo4-16, 02779006, aeroplane
yolo10-20, 41113188, car
yolo3-24, 41113188, aeroplane
yolo4-16, 41113188, aeroplane
yolo7-17, 41113188, aeroplane
yolo1-19, 41113188, car
yolo3-22, 41113188, aeroplane
yolo7-24, 41113188, aeroplane
yolo2-22, 41113188, aeroplane
yolo5-edge-17, 04943249, aeroplane
yolo1-edge-17, 41113188, car
yolo3-22, 76133515, aeroplane
yolo4-16, 76133515, aeroplane
yolo1-19, 76133515, car
yolo7-17, 76133515, aeroplane
yolo3-24, 76133515, aeroplane
yolo7-24, 76133515, aeroplane
yolo5-edge-17, 02779006, aeroplane
yolo10-20, 76133515, car
yolo2-22, 76133515, aeroplane
yolo1-edge-17, 76133515, car
yolo3-22, 53316491, aeroplane
yolo1-19, 53316491, car
yolo7-24, 53316491, aeroplane
yolo7-17, 53316491, aeroplane
yolo4-16, 53316491, aeroplane
yolo3-24, 53316491, aeroplane
yolo2-22, 53316491, aeroplane
yolo10-20, 53316491, car
yolo5-edge-17, 41113188, aeroplane
yolo1-edge-17, 53316491, car
yolo10-20, 01587795, car
yolo3-22, 01587795, aeroplane
yolo4-16, 01587795, aeroplane
yolo7-17, 01587795, aeroplane
yolo3-24, 01587795, aeroplane
yolo1-19, 01587795, car
yolo7-24, 01587795, aeroplane
yolo2-22, 01587795, aeroplane
yolo5-edge-17, 76133515, aeroplane
yolo3-22, 45022199, aeroplane
yolo3-24, 45022199, aeroplane
yolo7-17, 45022199, aeroplane
yolo7-24, 45022199, aeroplane
yolo4-16, 45022199, aeroplane
yolo1-edge-17, 01587795, car
yolo5-edge-17, 53316491, aeroplane
yolo3-22, 03491367, aeroplane
yolo1-edge-17, 45022199, car
yolo3-24, 03491367, aeroplane
yolo7-24, 03491367, aeroplane
yolo4-16, 03491367, aeroplane
yolo7-17, 03491367, aeroplane
yolo10-20, 45022199, car
yolo2-22, 45022199, aeroplane
yolo5-edge-17, 01587795, aeroplane
yolo1-edge-17, 03491367, car
yolo4-16, 94988472, aeroplane
yolo10-20, 03491367, car
yolo3-22, 94988472, aeroplane
yolo3-24, 94988472, aeroplane
yolo2-22, 03491367, aeroplane
yolo7-17, 94988472, aeroplane
yolo7-24, 94988472, aeroplane
yolo10-20, 94988472, car
yolo2-22, 94988472, aeroplane
yolo3-22, 77537097, aeroplane
yolo7-17, 77537097, aeroplane
yolo7-24, 77537097, aeroplane
yolo4-16, 77537097, aeroplane
yolo3-24, 77537097, aeroplane
yolo5-edge-17, 45022199, aeroplane
yolo1-edge-17, 94988472, car
yolo2-22, 77537097, aeroplane
yolo10-20, 77537097, car
yolo3-22, 97177448, aeroplane
yolo1-edge-17, 77537097, car
yolo2-22, 97177448, aeroplane
yolo7-24, 97177448, aeroplane
yolo10-20, 97177448, car
yolo7-17, 97177448, aeroplane
yolo3-24, 97177448, aeroplane
yolo4-16, 97177448, aeroplane
yolo5-edge-17, 03491367, aeroplane
yolo1-edge-17, 97177448, car
yolo2-22, 13762131, aeroplane
yolo5-edge-17, 94988472, aeroplane
yolo4-16, 13762131, aeroplane
yolo10-20, 13762131, car
yolo3-22, 13762131, aeroplane
yolo7-17, 13762131, aeroplane
yolo3-24, 13762131, aeroplane
yolo7-24, 13762131, aeroplane
yolo3-24, 36869917, aeroplane
yolo10-20, 36869917, car
yolo2-22, 36869917, aeroplane
yolo3-22, 36869917, aeroplane
yolo7-17, 36869917, aeroplane
yolo7-24, 36869917, aeroplane
yolo4-16, 36869917, aeroplane
yolo5-edge-17, 77537097, aeroplane
yolo1-edge-17, 13762131, car
yolo4-16, 66622275, aeroplane
yolo7-17, 66622275, aeroplane
yolo7-24, 66622275, aeroplane
yolo3-22, 66622275, aeroplane
yolo3-24, 66622275, aeroplane
yolo2-22, 66622275, aeroplane
yolo10-20, 66622275, car
yolo1-edge-17, 36869917, car
yolo5-edge-17, 97177448, aeroplane
yolo7-17, 97097563, aeroplane
yolo4-16, 97097563, aeroplane
yolo3-24, 97097563, aeroplane
yolo2-22, 97097563, aeroplane
yolo3-22, 97097563, aeroplane
yolo7-24, 97097563, aeroplane
yolo10-20, 97097563, car
yolo5-edge-17, 13762131, aeroplane
yolo1-edge-17, 66622275, car
yolo2-22, 97888418, aeroplane
yolo7-24, 97888418, aeroplane
yolo3-22, 97888418, aeroplane
yolo10-20, 97888418, car
yolo10-23, 97888418, car
yolo4-16, 97888418, aeroplane
yolo7-17, 97888418, aeroplane
yolo3-24, 97888418, aeroplane
yolo1-edge-17, 97097563, car
yolo5-edge-17, 36869917, aeroplane
yolo10-20, 23514066, car
yolo2-22, 23514066, aeroplane
yolo4-16, 23514066, aeroplane
yolo10-23, 23514066, car
yolo3-22, 23514066, aeroplane
yolo7-24, 23514066, aeroplane
yolo3-24, 23514066, aeroplane
yolo7-17, 23514066, aeroplane
yolo1-edge-17, 97888418, car
yolo5-edge-17, 66622275, aeroplane
yolo10-23, 28113505, car
yolo7-17, 28113505, aeroplane
yolo3-24, 28113505, aeroplane
yolo10-20, 28113505, car
yolo2-22, 28113505, aeroplane
yolo7-24, 28113505, aeroplane
yolo4-16, 28113505, aeroplane
yolo3-22, 28113505, aeroplane
yolo1-edge-17, 23514066, car
yolo5-edge-17, 97097563, aeroplane
yolo3-24, 80657749, aeroplane
yolo3-22, 80657749, aeroplane
yolo7-24, 80657749, aeroplane
yolo10-23, 80657749, car
yolo7-17, 80657749, aeroplane
yolo4-16, 80657749, aeroplane
yolo2-22, 80657749, aeroplane
yolo10-20, 80657749, car
yolo1-edge-17, 28113505, car
yolo5-edge-17, 97888418, aeroplane
yolo10-20, 45652503, car
yolo7-17, 45652503, aeroplane
yolo7-24, 45652503, aeroplane
yolo10-23, 45652503, car
yolo2-22, 45652503, aeroplane
yolo3-22, 45652503, aeroplane
yolo3-24, 45652503, aeroplane
yolo4-16, 45652503, aeroplane
yolo1-edge-17, 80657749, car
yolo5-edge-17, 23514066, aeroplane
yolo7-17, 68086632, aeroplane
yolo3-22, 68086632, aeroplane
yolo3-24, 68086632, aeroplane
yolo7-24, 68086632, aeroplane
yolo10-23, 68086632, car
yolo2-22, 68086632, aeroplane
yolo4-16, 68086632, aeroplane
yolo10-20, 68086632, car
yolo1-edge-17, 45652503, car
yolo5-edge-17, 28113505, aeroplane
yolo10-20, 45406424, car
yolo3-22, 45406424, aeroplane
yolo2-22, 45406424, aeroplane
yolo7-24, 45406424, aeroplane
yolo7-17, 45406424, aeroplane
yolo10-23, 45406424, car
yolo3-24, 45406424, aeroplane
yolo4-16, 45406424, aeroplane
yolo1-edge-17, 68086632, car
yolo5-edge-17, 80657749, aeroplane
yolo10-23, 13991852, car
yolo3-24, 13991852, aeroplane
yolo7-24, 13991852, aeroplane
yolo7-17, 13991852, aeroplane
yolo2-22, 13991852, aeroplane
yolo10-20, 13991852, car
yolo4-16, 13991852, aeroplane
yolo3-22, 13991852, aeroplane
yolo1-edge-17, 45406424, car
yolo5-edge-17, 45652503, aeroplane
yolo10-23, 24568552, car
yolo7-17, 24568552, aeroplane
yolo3-22, 24568552, aeroplane
yolo7-24, 24568552, aeroplane
yolo10-20, 24568552, car
yolo1-edge-17, 13991852, car
yolo3-24, 24568552, aeroplane
yolo2-22, 24568552, aeroplane
yolo4-16, 24568552, aeroplane
yolo5-edge-17, 68086632, aeroplane
yolo2-22, 02637645, aeroplane
yolo3-24, 02637645, aeroplane
yolo10-23, 02637645, car
yolo1-edge-17, 24568552, car
yolo3-22, 02637645, aeroplane
yolo7-17, 02637645, aeroplane
yolo7-24, 02637645, aeroplane
yolo10-20, 02637645, car
yolo4-16, 02637645, aeroplane
yolo5-edge-17, 45406424, aeroplane
yolo1-edge-17, 02637645, car
yolo10-20, 87083322, car
yolo3-24, 87083322, aeroplane
yolo2-22, 87083322, aeroplane
yolo4-16, 87083322, aeroplane
yolo7-24, 87083322, aeroplane
yolo7-17, 87083322, aeroplane
yolo3-22, 87083322, aeroplane
yolo5-edge-17, 13991852, aeroplane
yolo10-23, 87083322, car
yolo3-24, 07473895, aeroplane
yolo4-16, 07473895, aeroplane
yolo10-23, 07473895, car
yolo10-20, 07473895, car
yolo3-22, 07473895, aeroplane
yolo7-17, 07473895, aeroplane
yolo2-22, 07473895, aeroplane
yolo1-edge-17, 87083322, car
yolo7-24, 07473895, aeroplane
yolo5-edge-17, 24568552, aeroplane
yolo3-24, 74987280, aeroplane
yolo10-20, 74987280, car
yolo10-23, 74987280, car
yolo2-22, 74987280, aeroplane
yolo7-24, 74987280, aeroplane
yolo7-17, 74987280, aeroplane
yolo3-22, 74987280, aeroplane
yolo4-16, 74987280, aeroplane
yolo1-edge-17, 07473895, car
yolo5-edge-17, 02637645, aeroplane
yolo3-22, 99954977, aeroplane
yolo4-16, 99954977, aeroplane
yolo7-24, 99954977, aeroplane
yolo10-23, 99954977, car
yolo3-24, 99954977, aeroplane
yolo2-22, 99954977, aeroplane
yolo7-17, 99954977, aeroplane
yolo10-20, 99954977, car
yolo1-edge-17, 74987280, car
yolo5-edge-17, 87083322, aeroplane
yolo2-22, 48916091, aeroplane
yolo3-24, 48916091, aeroplane
yolo10-20, 48916091, car
yolo7-17, 48916091, aeroplane
yolo7-24, 48916091, aeroplane
yolo4-16, 48916091, aeroplane
yolo3-22, 48916091, aeroplane
yolo10-23, 48916091, car
yolo5-edge-17, 07473895, aeroplane
yolo1-edge-17, 99954977, car
yolo3-24, 84920678, aeroplane
yolo2-22, 84920678, aeroplane
yolo3-22, 84920678, aeroplane
yolo10-20, 84920678, car
yolo10-23, 84920678, car
yolo7-17, 84920678, aeroplane
yolo4-16, 84920678, aeroplane
yolo7-24, 84920678, aeroplane
yolo1-edge-17, 48916091, car
yolo5-edge-17, 74987280, aeroplane
yolo10-23, 41316704, car
yolo3-22, 41316704, aeroplane
yolo2-22, 41316704, aeroplane
yolo10-20, 41316704, car
yolo3-24, 41316704, aeroplane
yolo7-17, 41316704, aeroplane
yolo4-16, 41316704, aeroplane
yolo7-24, 41316704, aeroplane
yolo5-edge-17, 99954977, aeroplane
yolo1-edge-17, 84920678, car
yolo7-24, 19460415, aeroplane
yolo10-20, 19460415, car
yolo3-24, 19460415, aeroplane
yolo2-22, 19460415, aeroplane
yolo10-23, 19460415, car
yolo7-17, 19460415, aeroplane
yolo3-22, 19460415, aeroplane
yolo4-16, 19460415, aeroplane
yolo5-edge-17, 48916091, aeroplane
yolo3-22, 49005544, aeroplane
yolo1-edge-17, 41316704, car
yolo10-23, 49005544, car
yolo2-22, 49005544, aeroplane
yolo10-20, 49005544, car
yolo7-24, 49005544, aeroplane
yolo7-17, 49005544, aeroplane
yolo3-24, 49005544, aeroplane
yolo4-16, 49005544, aeroplane
yolo5-edge-17, 84920678, aeroplane
yolo1-edge-17, 19460415, car
yolo5-edge-17, 41316704, aeroplane
yolo1-edge-17, 49005544, car
yolo5-edge-17, 19460415, aeroplane
yolo5-edge-17, 49005544, aeroplane
