
========== Time: 0 ==========
yolo3-0, 61805870, car

========== Time: 1 ==========
yolo3-0, 46470521, car
yolo3-0, 94619442, car
yolo3-0, 47526547, car
yolo3-0, 52684572, car
yolo3-0, 23663811, car
yolo3-0, 75920115, car
yolo3-0, 05539359, car
yolo3-0, 64822410, car
yolo9-0, 23663811, car
yolo9-0, 75920115, car
yolo3-0, 08226462, car
yolo9-0, 05539359, car
yolo9-0, 64822410, car
yolo3-0, 12179659, car
yolo9-0, 08226462, car
yolo3-0, 22164918, car
yolo3-0, 82914141, car
yolo9-0, 12179659, car
yolo9-0, 22164918, car
yolo3-0, 61819441, car
yolo9-0, 82914141, car
yolo9-0, 61819441, car
yolo3-0, 35974116, car
yolo9-0, 35974116, car
yolo3-0, 98449543, car
yolo9-0, 98449543, car

========== Time: 2 ==========
yolo9-0, 71160726, car
yolo3-0, 71160726, car
yolo9-0, 41148478, car
yolo3-0, 41148478, car
yolo3-0, 92713108, car
yolo9-0, 92713108, car
yolo3-0, 14650355, car
yolo9-0, 14650355, car
yolo3-0, 93250159, car
yolo9-0, 93250159, car
yolo9-1, 93250159, car
yolo9-1, 93271483, car
yolo9-0, 93271483, car
yolo3-0, 93271483, car
yolo9-0, 98955995, car
yolo9-1, 98955995, car
yolo3-0, 98955995, car
yolo3-0, 35542589, car
yolo9-1, 35542589, car
yolo9-0, 35542589, car
yolo10-0, 71160726, car
yolo2-0, 71160726, car
yolo10-1, 93250159, car
yolo3-0, 45853292, car
yolo9-0, 45853292, car
yolo9-1, 45853292, car
yolo3-0, 80532148, car
yolo9-1, 80532148, car
yolo9-0, 80532148, car
yolo3-0, 04958761, car
yolo9-1, 04958761, car
yolo9-0, 04958761, car
yolo2-0, 41148478, car
yolo10-1, 93271483, car
yolo10-0, 41148478, car
yolo10-0, 92713108, car
yolo10-1, 98955995, car
yolo2-0, 92713108, car
yolo10-0, 14650355, car
yolo10-1, 35542589, car
yolo2-0, 14650355, car
yolo3-0, 33142274, car
yolo9-0, 33142274, car
yolo9-1, 33142274, car
yolo10-0, 93250159, car
yolo2-0, 93250159, car
yolo10-1, 45853292, car
yolo10-0, 93271483, car
yolo3-0, 47776092, car
yolo9-1, 47776092, car
yolo9-0, 47776092, car
yolo2-0, 93271483, car
yolo10-1, 80532148, car
yolo10-0, 98955995, car
yolo2-0, 98955995, car
yolo10-1, 04958761, car
yolo10-0, 35542589, car
yolo3-0, 21294051, car
yolo9-1, 21294051, car
yolo9-0, 21294051, car
yolo10-1, 33142274, car
yolo2-0, 35542589, car
yolo10-0, 45853292, car
yolo10-1, 47776092, car
yolo2-0, 45853292, car
yolo9-0, 41201437, car
yolo3-0, 41201437, car
yolo9-1, 41201437, car
yolo10-0, 80532148, car
yolo10-1, 21294051, car
yolo2-0, 80532148, car
yolo10-0, 04958761, car
yolo10-1, 41201437, car
yolo2-0, 04958761, car
yolo3-0, 67844713, car
yolo9-0, 67844713, car
yolo9-1, 67844713, car
yolo10-0, 33142274, car
yolo2-0, 33142274, car
yolo10-1, 67844713, car
yolo10-0, 47776092, car
yolo2-0, 47776092, car
yolo10-1, 50806200, car
yolo3-0, 50806200, car
yolo9-1, 50806200, car
yolo9-0, 50806200, car
yolo3-0, 41607030, car
yolo9-1, 41607030, car
yolo9-0, 41607030, car

========== Time: 3 ==========
yolo3-0, 60889040, car
yolo9-1, 60889040, car
yolo9-0, 60889040, car
yolo9-0, 45921121, car
yolo9-1, 45921121, car
yolo10-0, 21294051, car
yolo3-0, 45921121, car
yolo10-1, 41607030, car
yolo2-0, 21294051, car
yolo10-0, 41201437, car
yolo2-0, 41201437, car
yolo3-0, 40661675, car
yolo10-1, 60889040, car
yolo9-0, 40661675, car
yolo9-1, 40661675, car
yolo10-0, 67844713, car
yolo2-0, 67844713, car
yolo10-1, 45921121, car
yolo3-0, 50229047, car
yolo9-1, 50229047, car
yolo9-0, 50229047, car
yolo2-0, 50806200, car
yolo10-0, 50806200, car
yolo10-1, 40661675, car
yolo10-1, 50229047, car
yolo10-0, 41607030, car
yolo2-0, 41607030, car
yolo3-0, 79508539, car
yolo9-1, 79508539, car
yolo9-0, 79508539, car
yolo10-0, 60889040, car
yolo10-1, 79508539, car
yolo2-0, 60889040, car
yolo10-0, 45921121, car
yolo2-0, 45921121, car
yolo3-0, 07784912, car
yolo10-1, 07784912, car
yolo9-1, 07784912, car
yolo9-0, 07784912, car
yolo10-0, 40661675, car
yolo2-0, 40661675, car
yolo10-0, 50229047, car
yolo2-0, 50229047, car
yolo3-0, 56792118, car
yolo9-1, 56792118, car
yolo9-0, 56792118, car
yolo10-1, 56792118, car
yolo2-0, 79508539, car
yolo10-0, 79508539, car
yolo2-0, 07784912, car
yolo10-0, 07784912, car
yolo10-0, 56792118, car
yolo10-1, 77759079, car
yolo2-0, 56792118, car
yolo9-0, 77759079, car
yolo9-1, 77759079, car
yolo3-0, 77759079, car
yolo10-0, 77759079, car
yolo2-0, 77759079, car
yolo3-0, 14010327, car
yolo10-1, 14010327, car
yolo9-1, 14010327, car
yolo9-0, 14010327, car
yolo10-0, 14010327, car
yolo2-0, 14010327, car
yolo3-0, 84890179, car
yolo10-0, 84890179, car
yolo9-1, 84890179, car
yolo2-0, 84890179, car
yolo10-1, 84890179, car
yolo9-0, 84890179, car
yolo3-0, 04073213, car
yolo9-0, 04073213, car
yolo10-1, 04073213, car
yolo9-1, 04073213, car
yolo2-0, 04073213, car
yolo10-0, 04073213, car
yolo9-0, 44094207, car
yolo9-1, 44094207, car
yolo10-1, 44094207, car
yolo2-0, 44094207, car
yolo10-0, 44094207, car
yolo3-0, 44094207, car
yolo9-0, 22004930, car
yolo10-0, 22004930, car
yolo9-1, 22004930, car
yolo10-1, 22004930, car
yolo3-0, 22004930, car
yolo2-0, 22004930, car
yolo3-0, 78003861, car
yolo9-1, 78003861, car
yolo9-0, 78003861, car

========== Time: 4 ==========
yolo9-1, 81775192, car
yolo9-0, 81775192, car
yolo3-0, 81775192, car
yolo10-1, 78003861, car
yolo3-0, 89575847, car
yolo9-0, 89575847, car
yolo9-1, 89575847, car
yolo2-0, 78003861, car
yolo10-0, 78003861, car
yolo9-0, 29730423, car
yolo3-0, 29730423, car
yolo9-1, 29730423, car
yolo9-1, 10930997, car
yolo9-0, 10930997, car
yolo3-0, 10930997, car
yolo9-0, 32010413, car
yolo3-0, 32010413, car
yolo9-1, 32010413, car
yolo2-0, 81775192, car
yolo10-1, 81775192, car
yolo10-0, 81775192, car
yolo9-0, 94574766, car
yolo3-0, 94574766, car
yolo9-1, 94574766, car
yolo2-0, 89575847, car
yolo10-0, 89575847, car
yolo10-1, 89575847, car
yolo2-0, 29730423, car
yolo10-0, 29730423, car
yolo10-1, 29730423, car
yolo3-0, 88429714, car
yolo2-0, 10930997, car
yolo9-1, 88429714, car
yolo9-0, 88429714, car
yolo10-0, 10930997, car
yolo10-1, 10930997, car
yolo10-0, 32010413, car
yolo2-0, 32010413, car
yolo10-1, 32010413, car
yolo9-0, 31221208, car
yolo3-0, 31221208, car
yolo9-1, 31221208, car
yolo2-0, 94574766, car
yolo10-0, 94574766, car
yolo10-1, 94574766, car
yolo2-0, 88429714, car
yolo10-0, 88429714, car
yolo10-1, 88429714, car
yolo2-0, 31221208, car
yolo10-0, 31221208, car
yolo3-0, 15210259, car
yolo10-1, 31221208, car
yolo9-0, 15210259, car
yolo9-1, 15210259, car
yolo2-0, 15210259, car
yolo10-0, 15210259, car
yolo10-1, 15210259, car
yolo3-0, 37365462, car
yolo9-0, 37365462, car
yolo9-1, 37365462, car
yolo3-0, 35495396, car
yolo9-1, 35495396, car
yolo9-0, 35495396, car
yolo3-0, 96650294, car
yolo9-1, 96650294, car
yolo9-0, 96650294, car
yolo2-0, 37365462, car
yolo10-0, 37365462, car
yolo10-1, 37365462, car
yolo9-1, 51619167, car
yolo9-0, 51619167, car
yolo3-0, 51619167, car
yolo10-0, 35495396, car
yolo2-0, 35495396, car
yolo10-1, 35495396, car
yolo10-1, 96650294, car
yolo10-0, 96650294, car
yolo2-0, 96650294, car
yolo3-0, 33309693, car
yolo9-1, 33309693, car
yolo9-0, 33309693, car
yolo2-0, 51619167, car
yolo10-0, 51619167, car
yolo2-0, 33309693, car
yolo9-1, 91601781, car
yolo3-0, 91601781, car
yolo10-1, 51619167, car
yolo10-0, 33309693, car
yolo9-0, 91601781, car
yolo10-1, 33309693, car
yolo10-0, 91601781, car
yolo2-0, 91601781, car
yolo10-1, 91601781, car
yolo3-0, 20962111, car
yolo9-0, 20962111, car
yolo9-1, 20962111, car
yolo10-0, 20962111, car
yolo2-0, 20962111, car
yolo10-1, 20962111, car
yolo3-0, 06285108, car
yolo9-1, 06285108, car
yolo9-0, 06285108, car

========== Time: 5 ==========
yolo2-0, 06285108, car
yolo10-1, 06285108, car
yolo10-0, 06285108, car
yolo9-0, 70881418, car
yolo9-1, 70881418, car
yolo3-0, 70881418, car
yolo2-0, 70881418, car
yolo10-0, 70881418, car
yolo10-1, 70881418, car
yolo2-0, 10271026, car
yolo10-0, 10271026, car
yolo9-0, 10271026, car
yolo10-1, 10271026, car
yolo3-0, 10271026, car
yolo9-1, 10271026, car
yolo10-0, 91169827, car
yolo2-0, 91169827, car
yolo10-1, 91169827, car
yolo3-0, 91169827, car
yolo9-0, 91169827, car
yolo9-1, 91169827, car
yolo10-1, 36955861, car
yolo10-0, 36955861, car
yolo9-0, 36955861, car
yolo3-0, 36955861, car
yolo2-0, 36955861, car
yolo9-1, 36955861, car
yolo2-0, 61184105, car
yolo3-0, 61184105, car
yolo9-1, 61184105, car
yolo9-0, 61184105, car
yolo10-0, 61184105, car
yolo10-1, 61184105, car
yolo10-0, 17387355, car
yolo2-0, 17387355, car
yolo10-1, 17387355, car
yolo3-0, 17387355, car
yolo9-1, 17387355, car
yolo9-0, 17387355, car
yolo9-0, 62611546, car
yolo10-1, 62611546, car
yolo10-0, 62611546, car
yolo2-0, 62611546, car
yolo3-0, 62611546, car
yolo9-1, 62611546, car
yolo3-0, 80537790, car
yolo2-0, 80537790, car
yolo10-0, 80537790, car
yolo10-1, 80537790, car
yolo9-1, 80537790, car
yolo9-0, 80537790, car
yolo10-0, 24116738, aeroplane
yolo10-1, 24116738, aeroplane
yolo3-0, 24116738, aeroplane
yolo2-0, 24116738, aeroplane
yolo9-0, 24116738, aeroplane
yolo9-1, 24116738, aeroplane
yolo3-0, 60582811, car
yolo9-1, 60582811, car
yolo10-0, 60582811, car
yolo2-0, 60582811, car
yolo9-0, 60582811, car
yolo10-1, 60582811, car
yolo3-0, 87911113, sofa
yolo2-0, 87911113, sofa
yolo10-0, 87911113, sofa
yolo10-1, 87911113, sofa
yolo9-1, 87911113, sofa
yolo9-0, 87911113, sofa
yolo10-1, 59058957, train
yolo9-0, 59058957, train
yolo9-1, 59058957, train
yolo2-0, 59058957, train
yolo3-0, 59058957, train
yolo10-0, 59058957, train
yolo10-0, 09039677, car
yolo2-0, 09039677, car
yolo3-0, 09039677, car
yolo9-1, 09039677, car
yolo9-0, 09039677, car
yolo10-1, 09039677, car
yolo10-1, 19551780, car
yolo9-1, 19551780, car
yolo9-0, 19551780, car
yolo2-0, 19551780, car
yolo3-0, 19551780, car
yolo10-0, 19551780, car
yolo10-0, 32849043, aeroplane
yolo10-1, 32849043, aeroplane
yolo2-0, 32849043, aeroplane
yolo3-0, 32849043, aeroplane
yolo9-1, 32849043, aeroplane
yolo9-0, 32849043, aeroplane
yolo2-0, 59092800, car
yolo10-1, 59092800, car
yolo10-0, 59092800, car
yolo3-0, 59092800, car
yolo9-0, 59092800, car
yolo9-1, 59092800, car
yolo2-0, 66073003, car
yolo10-0, 66073003, car
yolo3-0, 66073003, car
yolo10-1, 66073003, car

========== Time: 6 ==========
yolo9-0, 66073003, car
yolo9-1, 66073003, car
yolo3-0, 78917794, train
yolo2-0, 78917794, train
yolo10-1, 78917794, train
yolo10-0, 78917794, train
yolo9-1, 78917794, train
yolo9-0, 78917794, train
yolo9-1, 69363474, car
yolo9-0, 69363474, car
yolo10-0, 69363474, car
yolo3-0, 69363474, car
yolo2-0, 69363474, car
yolo10-1, 69363474, car
yolo9-0, 01750237, sofa
yolo2-0, 01750237, sofa
yolo10-1, 01750237, sofa
yolo3-0, 01750237, sofa
yolo10-0, 01750237, sofa
yolo9-1, 01750237, sofa
yolo10-1, 31785419, aeroplane
yolo2-0, 31785419, aeroplane
yolo10-0, 31785419, aeroplane
yolo9-0, 31785419, aeroplane
yolo3-0, 31785419, aeroplane
yolo9-1, 31785419, aeroplane
yolo3-0, 22134400, aeroplane
yolo9-0, 22134400, aeroplane
yolo9-1, 22134400, aeroplane
yolo10-1, 22134400, aeroplane
yolo10-0, 22134400, aeroplane
yolo2-0, 22134400, aeroplane
yolo2-0, 61590384, train
yolo9-0, 61590384, train
yolo10-0, 61590384, train
yolo10-1, 61590384, train
yolo3-0, 61590384, train
yolo9-1, 61590384, train
yolo3-0, 17060880, sofa
yolo9-0, 17060880, sofa
yolo10-1, 17060880, sofa
yolo2-0, 17060880, sofa
yolo10-0, 17060880, sofa
yolo9-1, 17060880, sofa
yolo3-0, 36116205, aeroplane
yolo9-0, 36116205, bottle
yolo10-1, 36116205, bottle
yolo2-0, 36116205, bottle
yolo10-0, 36116205, bottle
yolo9-1, 36116205, bottle
yolo9-0, 11803778, bottle
yolo9-1, 11803778, bottle
yolo3-0, 11803778, aeroplane
yolo2-0, 11803778, aeroplane
yolo10-1, 11803778, aeroplane
yolo10-0, 11803778, aeroplane
yolo10-1, 05955501, car
yolo3-0, 05955501, aeroplane
yolo9-0, 05955501, car
yolo10-0, 05955501, car
yolo9-1, 05955501, car
yolo2-0, 05955501, car
yolo3-0, 46703387, aeroplane
yolo10-1, 46703387, car
yolo10-0, 46703387, car
yolo2-0, 46703387, car
yolo9-0, 46703387, car
yolo9-1, 46703387, car
yolo3-0, 71899716, sofa
yolo9-0, 71899716, sofa
yolo9-1, 71899716, sofa
yolo10-1, 71899716, sofa
yolo2-0, 71899716, sofa
yolo10-0, 71899716, sofa

========== Time: 7 ==========
yolo10-0, 88821131, aeroplane
yolo9-0, 88821131, aeroplane
yolo3-0, 88821131, aeroplane
yolo10-1, 88821131, aeroplane
yolo9-1, 88821131, aeroplane
yolo2-0, 88821131, aeroplane
yolo9-0, 65360949, sofa
yolo9-1, 65360949, sofa
yolo10-0, 65360949, bottle
yolo2-0, 65360949, bottle
yolo10-1, 65360949, bottle
yolo3-0, 65360949, bird
yolo9-1, 94364446, car
yolo9-0, 94364446, car
yolo10-0, 94364446, car
yolo10-1, 94364446, car
yolo3-0, 94364446, aeroplane
yolo2-0, 94364446, car
yolo10-1, 21328299, aeroplane
yolo10-0, 21328299, aeroplane
yolo2-0, 21328299, aeroplane
yolo9-0, 21328299, aeroplane
yolo9-1, 21328299, aeroplane
yolo3-0, 21328299, aeroplane
yolo9-0, 05794186, aeroplane
yolo2-0, 05794186, aeroplane
yolo10-0, 05794186, aeroplane
yolo10-1, 05794186, aeroplane
yolo9-1, 05794186, aeroplane
yolo3-0, 05794186, aeroplane
yolo9-1, 18562028, aeroplane
yolo9-0, 18562028, aeroplane
yolo3-0, 18562028, aeroplane
yolo10-0, 18562028, aeroplane
yolo2-0, 18562028, aeroplane
yolo10-1, 18562028, aeroplane
yolo10-0, 62836664, aeroplane
yolo10-1, 62836664, aeroplane
yolo2-0, 62836664, aeroplane
yolo9-0, 62836664, bottle
yolo3-0, 62836664, aeroplane
yolo9-1, 62836664, bottle
yolo10-1, 77296153, aeroplane
yolo2-0, 77296153, aeroplane
yolo10-0, 77296153, aeroplane
yolo3-0, 77296153, aeroplane
yolo9-0, 77296153, aeroplane
yolo9-1, 77296153, aeroplane
yolo10-0, 76270601, aeroplane
yolo3-0, 76270601, aeroplane
yolo9-0, 76270601, car
yolo2-0, 76270601, aeroplane
yolo9-1, 76270601, car
yolo10-1, 76270601, aeroplane
yolo2-0, 22494895, aeroplane
yolo10-0, 22494895, aeroplane
yolo10-1, 22494895, aeroplane
yolo3-0, 22494895, aeroplane
yolo9-0, 22494895, car
yolo9-1, 22494895, car
yolo10-1, 88895987, aeroplane
yolo2-0, 88895987, aeroplane
yolo10-0, 88895987, aeroplane
yolo3-0, 88895987, aeroplane
yolo9-1, 88895987, bottle
yolo9-0, 88895987, bottle
yolo9-0, 49105451, aeroplane
yolo2-0, 49105451, aeroplane
yolo10-1, 49105451, aeroplane
yolo10-0, 49105451, aeroplane
yolo3-0, 49105451, aeroplane
yolo9-1, 49105451, aeroplane
yolo10-1, 29546604, aeroplane
yolo2-0, 29546604, aeroplane
yolo10-0, 29546604, aeroplane
yolo9-1, 29546604, aeroplane
yolo9-0, 29546604, aeroplane
yolo3-0, 29546604, aeroplane
yolo10-1, 20957364, aeroplane
yolo10-0, 20957364, aeroplane
yolo9-0, 20957364, aeroplane
yolo3-0, 20957364, aeroplane
yolo9-1, 20957364, aeroplane
yolo2-0, 20957364, aeroplane
yolo10-1, 17632248, aeroplane
yolo10-0, 17632248, aeroplane
yolo9-0, 17632248, person
yolo3-0, 17632248, aeroplane
yolo9-1, 17632248, person
yolo2-0, 17632248, aeroplane
yolo9-1, 97184924, car
yolo9-0, 97184924, car
yolo10-1, 97184924, aeroplane
yolo2-0, 97184924, aeroplane
yolo10-0, 97184924, aeroplane
yolo3-0, 97184924, aeroplane
yolo9-1, 76869795, bottle
yolo9-0, 76869795, bottle

========== Time: 8 ==========
yolo10-0, 76869795, bottle
yolo3-0, 76869795, bottle
yolo2-0, 76869795, bottle
yolo10-1, 76869795, bottle
yolo9-0, 94141346, aeroplane
yolo9-1, 94141346, aeroplane
yolo10-0, 94141346, aeroplane
yolo3-0, 94141346, aeroplane
yolo2-0, 94141346, aeroplane
yolo10-1, 94141346, aeroplane
yolo9-0, 52742790, aeroplane
yolo9-1, 52742790, aeroplane
yolo10-0, 52742790, aeroplane
yolo3-0, 52742790, aeroplane
yolo10-1, 52742790, aeroplane
yolo2-0, 52742790, aeroplane
yolo10-0, 89842913, aeroplane
yolo9-0, 89842913, car
yolo9-1, 89842913, car
yolo10-1, 89842913, aeroplane
yolo3-0, 89842913, aeroplane
yolo2-0, 89842913, aeroplane
yolo3-0, 53589593, aeroplane
yolo9-0, 53589593, aeroplane
yolo9-1, 53589593, aeroplane
yolo2-0, 53589593, aeroplane
yolo10-0, 53589593, aeroplane
yolo10-1, 53589593, aeroplane
yolo10-0, 94247007, aeroplane
yolo2-0, 94247007, aeroplane
yolo10-1, 94247007, aeroplane
yolo9-0, 94247007, car
yolo9-1, 94247007, car
yolo3-0, 94247007, aeroplane
yolo9-1, 41360138, aeroplane
yolo9-0, 41360138, aeroplane
yolo2-0, 41360138, aeroplane
yolo10-0, 41360138, aeroplane
yolo10-1, 41360138, aeroplane
yolo3-0, 41360138, aeroplane
yolo9-1, 52672762, car
yolo10-0, 52672762, aeroplane
yolo9-0, 52672762, car
yolo2-0, 52672762, aeroplane
yolo3-0, 52672762, aeroplane
yolo10-1, 52672762, aeroplane
yolo2-0, 46735832, aeroplane
yolo10-0, 46735832, aeroplane
yolo3-0, 46735832, aeroplane
yolo10-1, 46735832, aeroplane
yolo9-1, 46735832, aeroplane
yolo9-0, 46735832, aeroplane
yolo3-0, 88166811, aeroplane
yolo2-0, 88166811, aeroplane
yolo10-0, 88166811, aeroplane
yolo9-1, 88166811, aeroplane
yolo10-1, 88166811, aeroplane
yolo9-0, 88166811, aeroplane
yolo9-0, 09965995, aeroplane
yolo3-0, 09965995, aeroplane
yolo10-1, 09965995, aeroplane
yolo10-0, 09965995, aeroplane
yolo9-1, 09965995, aeroplane
yolo2-0, 09965995, aeroplane
yolo2-0, 22074910, aeroplane
yolo10-0, 22074910, aeroplane
yolo10-1, 22074910, aeroplane
yolo3-0, 22074910, aeroplane
yolo10-0, 95794244, aeroplane
yolo2-0, 95794244, aeroplane
yolo10-1, 95794244, aeroplane
yolo3-0, 95794244, aeroplane
yolo2-0, 40278648, bottle
yolo10-1, 40278648, bottle
yolo10-0, 40278648, bottle
yolo3-0, 40278648, bottle
yolo10-1, 02435393, aeroplane
yolo2-0, 02435393, aeroplane
yolo10-0, 02435393, aeroplane
yolo3-0, 02435393, aeroplane
yolo10-1, 54652500, aeroplane
yolo2-0, 54652500, aeroplane
yolo10-0, 54652500, aeroplane

========== Time: 9 ==========
yolo10-0, 17205528, aeroplane
yolo10-1, 17205528, aeroplane
yolo2-0, 17205528, aeroplane
yolo10-1, 68416742, aeroplane
yolo10-0, 68416742, aeroplane
yolo2-0, 68416742, aeroplane
yolo3-0, 54652500, aeroplane
yolo2-0, 70102673, aeroplane
yolo10-1, 70102673, aeroplane
yolo3-0, 17205528, aeroplane
yolo10-0, 70102673, aeroplane
yolo3-0, 68416742, aeroplane
yolo2-0, 77331337, aeroplane
yolo10-0, 77331337, aeroplane
yolo10-1, 77331337, aeroplane
yolo3-0, 70102673, aeroplane
yolo2-0, 74977504, aeroplane
yolo10-0, 74977504, aeroplane
yolo10-1, 74977504, aeroplane
yolo3-0, 77331337, aeroplane
yolo2-0, 75140360, aeroplane
yolo10-1, 75140360, aeroplane
yolo10-1, 65639890, aeroplane
yolo2-0, 65639890, aeroplane
yolo2-0, 97477354, aeroplane
yolo10-1, 97477354, aeroplane
yolo2-0, 94471634, aeroplane
yolo10-1, 94471634, aeroplane
yolo10-1, 28594042, aeroplane
yolo2-0, 28594042, aeroplane
yolo2-0, 02049296, aeroplane
yolo10-1, 02049296, aeroplane
yolo10-1, 05105345, bottle
yolo2-0, 05105345, bottle
yolo10-1, 53065923, aeroplane
yolo2-0, 53065923, aeroplane
yolo10-1, 95005902, aeroplane
yolo2-0, 95005902, aeroplane
yolo2-0, 82274733, aeroplane
yolo10-1, 82274733, aeroplane
yolo10-1, 48376817, aeroplane
yolo2-0, 48376817, aeroplane
yolo2-0, 88505780, aeroplane
yolo10-1, 88505780, aeroplane
yolo10-1, 52184496, aeroplane
yolo2-0, 52184496, aeroplane
yolo2-0, 25075278, aeroplane
yolo10-1, 25075278, aeroplane
yolo10-1, 46181602, aeroplane
yolo2-0, 46181602, aeroplane
yolo10-1, 18353085, aeroplane
yolo2-0, 18353085, aeroplane
yolo10-1, 75800641, bottle
yolo2-0, 75800641, bottle
yolo2-0, 49203055, aeroplane
yolo10-1, 49203055, aeroplane
yolo2-0, 86738615, aeroplane
yolo10-1, 86738615, aeroplane
yolo10-1, 23902344, aeroplane
yolo2-0, 23902344, aeroplane
yolo2-0, 00117992, aeroplane
yolo10-1, 00117992, aeroplane
yolo9-0, 22074910, aeroplane
yolo9-1, 22074910, aeroplane
yolo2-0, 82326499, aeroplane
yolo10-1, 82326499, aeroplane
yolo10-1, 05735693, aeroplane
yolo2-0, 05735693, aeroplane
yolo2-0, 55957480, aeroplane
yolo10-1, 55957480, aeroplane
yolo10-1, 51356142, aeroplane
yolo2-0, 51356142, aeroplane
yolo10-1, 76408435, aeroplane
yolo2-0, 76408435, aeroplane
yolo2-0, 07443233, aeroplane
yolo10-1, 07443233, aeroplane
yolo2-0, 24031471, aeroplane
yolo10-1, 24031471, aeroplane

========== Time: 10 ==========
yolo9-1, 95794244, aeroplane
yolo9-0, 95794244, aeroplane
yolo2-0, 85103480, aeroplane
yolo10-1, 85103480, aeroplane
yolo9-0, 40278648, bottle
yolo9-1, 40278648, bottle
yolo2-0, 32888807, aeroplane
yolo10-1, 32888807, aeroplane
yolo9-0, 02435393, aeroplane
yolo9-1, 02435393, aeroplane
yolo9-0, 54652500, aeroplane
yolo9-1, 54652500, aeroplane
yolo2-0, 13763652, aeroplane
yolo10-1, 13763652, aeroplane
yolo9-1, 17205528, aeroplane
yolo9-0, 17205528, aeroplane
yolo9-0, 68416742, aeroplane
yolo9-0, 70102673, aeroplane
yolo9-0, 77331337, aeroplane
yolo10-1, 74299378, aeroplane
yolo10-1, 55699689, aeroplane
yolo10-1, 33791882, aeroplane
yolo9-0, 31751264, aeroplane
yolo10-1, 44261117, aeroplane
yolo10-1, 56472493, aeroplane
yolo10-1, 41117488, aeroplane
yolo9-0, 17363577, aeroplane
yolo10-1, 31751264, aeroplane
yolo9-0, 52734203, aeroplane
yolo10-1, 17363577, aeroplane
yolo10-1, 52734203, aeroplane
yolo9-0, 73505450, aeroplane
yolo10-1, 73505450, aeroplane
yolo10-1, 47344243, aeroplane
yolo9-0, 47344243, aeroplane
yolo9-0, 12661962, aeroplane
yolo10-1, 12661962, aeroplane
yolo9-0, 90707109, aeroplane
yolo10-1, 90707109, aeroplane
yolo10-1, 44754172, aeroplane
yolo9-0, 44754172, aeroplane
yolo9-0, 63690052, aeroplane
yolo10-1, 63690052, aeroplane
yolo10-1, 80192932, aeroplane
yolo9-0, 80192932, aeroplane
yolo9-0, 39113999, aeroplane
yolo10-1, 39113999, aeroplane

========== Time: 11 ==========

========== Time: 12 ==========

========== Time: 13 ==========

========== Time: 14 ==========

========== Time: 15 ==========

========== Time: 16 ==========

========== Time: 17 ==========
yolo2-12, 46076093, aeroplane
yolo2-12, 69099802, aeroplane
yolo2-12, 51923807, aeroplane
yolo2-12, 34321113, aeroplane
yolo2-12, 08935390, aeroplane
yolo2-12, 06013721, aeroplane
yolo8-13, 77790229, aeroplane
yolo12-12, 77790229, aeroplane
yolo2-12, 22660948, aeroplane
yolo2-12, 97553983, aeroplane
yolo8-13, 96219387, aeroplane
yolo12-12, 96219387, aeroplane
yolo2-12, 76916074, aeroplane
yolo8-13, 84829657, aeroplane
yolo12-12, 84829657, aeroplane
yolo2-12, 48002091, aeroplane
yolo12-12, 58459117, aeroplane
yolo8-13, 58459117, aeroplane
yolo2-12, 13460691, aeroplane
yolo8-13, 65418537, aeroplane
yolo12-12, 65418537, aeroplane
yolo2-12, 80744424, aeroplane
yolo12-12, 51711371, aeroplane
yolo8-13, 51711371, aeroplane
yolo2-12, 62663581, aeroplane
yolo12-12, 50815342, aeroplane
yolo8-13, 50815342, aeroplane
yolo2-12, 01529129, aeroplane
yolo12-12, 95650996, aeroplane
yolo8-13, 95650996, aeroplane
yolo2-12, 14831683, aeroplane
yolo12-12, 32467712, aeroplane
yolo8-13, 32467712, aeroplane
yolo2-12, 72498373, aeroplane
yolo8-13, 46076093, aeroplane
yolo12-12, 46076093, aeroplane
yolo2-12, 02405821, aeroplane
yolo8-13, 69099802, aeroplane

========== Time: 18 ==========
yolo12-12, 69099802, aeroplane
yolo2-12, 58578693, aeroplane
yolo8-13, 51923807, aeroplane
yolo12-12, 51923807, aeroplane
yolo2-12, 25519901, aeroplane
yolo8-13, 34321113, aeroplane
yolo12-12, 34321113, aeroplane
yolo2-12, 88253971, aeroplane
yolo8-13, 08935390, aeroplane
yolo12-12, 08935390, aeroplane
yolo2-12, 56302504, aeroplane
yolo8-13, 06013721, aeroplane
yolo12-12, 06013721, aeroplane
yolo2-12, 73141856, aeroplane
yolo8-13, 22660948, aeroplane
yolo12-12, 22660948, aeroplane
yolo2-12, 25512122, aeroplane
yolo8-13, 97553983, aeroplane
yolo12-12, 97553983, aeroplane
yolo2-12, 36724791, aeroplane
yolo8-13, 76916074, aeroplane
yolo12-12, 76916074, aeroplane
yolo2-12, 40776861, aeroplane
yolo8-13, 48002091, aeroplane
yolo12-12, 48002091, aeroplane
yolo2-12, 12638734, aeroplane
yolo2-12, 19400211, aeroplane
yolo2-12, 76385740, aeroplane
yolo8-13, 13460691, aeroplane
yolo12-12, 13460691, aeroplane
yolo2-12, 91296406, aeroplane
yolo2-12, 57364953, aeroplane

========== Time: 19 ==========
yolo8-13, 80744424, aeroplane
yolo12-12, 80744424, aeroplane
yolo2-12, 16987668, aeroplane
yolo2-12, 37405672, aeroplane
yolo8-13, 40995004, aeroplane
yolo2-12, 20596577, aeroplane
yolo12-12, 40995004, aeroplane
yolo2-12, 97801149, aeroplane
yolo12-12, 89698271, aeroplane
yolo8-13, 89698271, aeroplane
yolo2-12, 82039781, aeroplane
yolo2-12, 40637508, aeroplane
yolo12-12, 69177423, aeroplane
yolo8-13, 69177423, aeroplane
yolo2-12, 82925150, aeroplane
yolo2-12, 07456863, aeroplane
yolo8-13, 05856657, aeroplane
yolo12-12, 05856657, aeroplane
yolo2-12, 53228882, aeroplane
yolo2-12, 40995004, aeroplane
yolo12-12, 50063890, aeroplane
yolo8-13, 50063890, car
yolo2-12, 89698271, aeroplane
yolo2-12, 69177423, aeroplane
yolo12-12, 99554501, aeroplane
yolo8-13, 99554501, car
yolo2-12, 05856657, aeroplane
yolo2-12, 50063890, aeroplane
yolo8-13, 55849310, car
yolo12-12, 55849310, aeroplane
yolo2-12, 99554501, aeroplane
yolo2-12, 55849310, aeroplane
yolo12-12, 96220513, aeroplane
yolo8-13, 96220513, car
yolo2-12, 96220513, aeroplane
yolo12-12, 37566732, aeroplane
yolo2-12, 37566732, aeroplane
yolo8-13, 37566732, car
yolo8-13, 84439344, car
yolo12-12, 84439344, aeroplane
yolo2-12, 84439344, aeroplane
yolo2-12, 07145910, aeroplane
yolo12-12, 07145910, aeroplane
yolo8-13, 07145910, car
yolo2-12, 46042383, aeroplane
yolo8-13, 46042383, car
yolo12-12, 46042383, aeroplane
yolo8-13, 18077509, car
yolo2-12, 18077509, aeroplane
yolo12-12, 18077509, aeroplane
yolo8-13, 00917211, car
yolo2-12, 00917211, aeroplane
yolo12-12, 00917211, aeroplane
yolo2-12, 38098885, aeroplane
yolo8-13, 38098885, car
yolo12-12, 38098885, aeroplane

========== Time: 20 ==========
yolo12-12, 96488882, aeroplane
yolo2-12, 96488882, aeroplane
yolo8-13, 96488882, car
yolo2-12, 61003283, aeroplane
yolo8-13, 61003283, car
yolo12-12, 61003283, aeroplane
yolo8-13, 12859462, car
yolo2-12, 12859462, aeroplane
yolo12-12, 12859462, aeroplane
yolo2-12, 96126399, aeroplane
yolo8-13, 96126399, aeroplane
yolo12-12, 96126399, aeroplane
yolo12-12, 81554023, aeroplane
yolo2-12, 81554023, aeroplane
yolo8-13, 81554023, aeroplane
yolo2-12, 70763808, aeroplane
yolo12-12, 70763808, aeroplane
yolo8-13, 70763808, aeroplane
yolo8-13, 93179107, aeroplane
yolo12-12, 93179107, aeroplane
yolo2-12, 93179107, aeroplane
yolo2-12, 03960641, aeroplane
yolo8-13, 03960641, aeroplane
yolo12-12, 03960641, aeroplane
yolo2-12, 89511887, aeroplane
yolo12-12, 89511887, aeroplane
yolo8-13, 89511887, aeroplane
yolo12-12, 88036222, aeroplane
yolo2-12, 88036222, aeroplane
yolo8-13, 88036222, aeroplane
yolo2-12, 49070825, aeroplane
yolo12-12, 49070825, aeroplane
yolo8-13, 49070825, aeroplane
yolo2-12, 42092644, aeroplane
yolo12-12, 42092644, aeroplane
yolo8-13, 42092644, aeroplane
yolo2-12, 44149230, aeroplane
yolo12-12, 44149230, aeroplane
yolo2-12, 91569591, aeroplane
yolo12-12, 91569591, aeroplane
yolo2-12, 33730525, aeroplane
yolo12-12, 33730525, aeroplane
yolo2-12, 67820088, aeroplane
yolo12-12, 67820088, aeroplane
yolo12-12, 09362850, aeroplane
yolo2-12, 09362850, aeroplane
yolo2-12, 08753308, aeroplane
yolo12-12, 08753308, aeroplane

========== Time: 21 ==========
yolo9-16, 37566732, car
yolo12-12, 76483827, aeroplane
yolo2-12, 76483827, aeroplane
yolo7-13, 82039781, aeroplane
yolo7-14, 82039781, aeroplane
yolo7-15, 82039781, aeroplane
yolo3-13, 82039781, aeroplane
yolo12-12, 83714316, aeroplane
yolo2-12, 83714316, aeroplane
yolo2-12, 02730502, aeroplane
yolo12-12, 02730502, aeroplane
yolo9-16, 84439344, car
yolo12-12, 67310028, aeroplane
yolo2-12, 67310028, aeroplane
yolo9-16, 07145910, car
yolo9-16, 46042383, car
yolo2-12, 93376706, aeroplane
yolo12-12, 93376706, aeroplane
yolo9-16, 18077509, car
yolo7-13, 40637508, aeroplane
yolo3-13, 40637508, aeroplane
yolo7-15, 40637508, aeroplane
yolo7-14, 40637508, aeroplane
yolo9-16, 00917211, car
yolo2-12, 17477715, aeroplane
yolo12-12, 17477715, aeroplane
yolo7-13, 82925150, aeroplane
yolo3-13, 82925150, aeroplane
yolo7-14, 82925150, aeroplane
yolo7-15, 82925150, aeroplane
yolo9-16, 38098885, car
yolo7-13, 07456863, aeroplane
yolo3-13, 07456863, aeroplane
yolo7-14, 07456863, aeroplane
yolo7-15, 07456863, aeroplane
yolo9-16, 96488882, car
yolo2-12, 04468016, aeroplane
yolo12-12, 04468016, aeroplane
yolo3-13, 53228882, aeroplane
yolo7-13, 53228882, aeroplane
yolo7-14, 53228882, aeroplane
yolo7-15, 53228882, aeroplane
yolo9-16, 61003283, car
yolo3-13, 40995004, aeroplane
yolo7-13, 40995004, aeroplane
yolo7-15, 40995004, aeroplane
yolo7-14, 40995004, aeroplane
yolo12-12, 18877117, aeroplane
yolo9-16, 12859462, car
yolo2-12, 18877117, aeroplane
yolo3-13, 89698271, aeroplane
yolo7-13, 89698271, aeroplane
yolo7-14, 89698271, aeroplane
yolo3-13, 69177423, aeroplane
yolo9-16, 96126399, aeroplane
yolo7-14, 69177423, aeroplane
yolo3-13, 05856657, aeroplane
yolo7-13, 69177423, aeroplane
yolo9-16, 81554023, aeroplane
yolo7-14, 05856657, aeroplane
yolo7-13, 05856657, aeroplane
yolo9-16, 70763808, aeroplane
yolo3-13, 50063890, aeroplane
yolo7-14, 50063890, car
yolo3-13, 99554501, aeroplane
yolo7-13, 50063890, car
yolo7-14, 99554501, car
yolo9-16, 93179107, aeroplane
yolo3-13, 55849310, aeroplane
yolo7-13, 99554501, car
yolo9-16, 03960641, aeroplane
yolo7-14, 55849310, car
yolo3-13, 96220513, aeroplane
yolo7-13, 55849310, car
yolo7-14, 96220513, car
yolo9-16, 89511887, aeroplane
yolo7-13, 96220513, car
yolo3-13, 37566732, aeroplane
yolo7-14, 37566732, car
yolo9-16, 88036222, aeroplane
yolo7-13, 37566732, car
yolo3-13, 84439344, aeroplane

========== Time: 22 ==========
yolo7-14, 84439344, car
yolo9-16, 49070825, aeroplane
yolo7-13, 84439344, car
yolo3-13, 07145910, aeroplane
yolo7-14, 07145910, car
yolo9-16, 42092644, aeroplane
yolo7-13, 07145910, car
yolo3-13, 46042383, aeroplane
yolo7-14, 46042383, car
yolo9-16, 44149230, aeroplane
yolo3-13, 18077509, aeroplane
yolo7-13, 46042383, car
yolo7-14, 18077509, car
yolo9-16, 91569591, aeroplane
yolo3-13, 00917211, aeroplane
yolo7-13, 18077509, car
yolo7-14, 00917211, car
yolo9-16, 33730525, aeroplane
yolo7-13, 00917211, car
yolo3-13, 38098885, aeroplane
yolo7-14, 38098885, car
yolo9-16, 67820088, aeroplane
yolo7-13, 38098885, car
yolo3-13, 96488882, aeroplane
yolo7-14, 96488882, car
yolo7-14, 61003283, car
yolo7-13, 96488882, car
yolo3-13, 61003283, aeroplane
yolo7-13, 61003283, car
yolo3-13, 12859462, aeroplane
yolo9-16, 56863825, aeroplane
yolo9-16, 52282757, aeroplane
yolo7-13, 52282757, aeroplane
yolo3-13, 52282757, aeroplane
yolo7-14, 12859462, aeroplane
yolo7-13, 69236941, aeroplane
yolo3-13, 69236941, aeroplane
yolo7-14, 69236941, aeroplane
yolo9-16, 69236941, aeroplane
yolo7-13, 26940454, aeroplane
yolo9-16, 26940454, aeroplane
yolo3-13, 26940454, aeroplane
yolo7-14, 26940454, aeroplane
yolo7-13, 19375986, aeroplane
yolo7-14, 19375986, aeroplane
yolo3-13, 19375986, aeroplane
yolo9-16, 19375986, aeroplane
yolo7-13, 28320194, aeroplane
yolo7-14, 28320194, aeroplane
yolo9-16, 28320194, aeroplane
yolo9-16, 01049595, aeroplane
yolo7-13, 01049595, aeroplane
yolo7-14, 01049595, aeroplane
yolo7-13, 71274032, aeroplane
yolo7-14, 71274032, aeroplane
yolo9-16, 71274032, aeroplane
yolo7-14, 46288196, aeroplane
yolo7-13, 46288196, aeroplane
yolo9-16, 46288196, aeroplane
yolo9-16, 95741099, aeroplane
yolo7-14, 95741099, aeroplane
yolo7-13, 95741099, aeroplane

========== Time: 23 ==========
yolo7-13, 35473157, aeroplane
yolo7-14, 35473157, aeroplane
yolo9-16, 35473157, aeroplane
yolo9-16, 18460116, aeroplane
yolo7-13, 18460116, aeroplane
yolo7-14, 18460116, aeroplane
yolo7-13, 02182799, aeroplane
yolo7-14, 02182799, aeroplane
yolo9-16, 02182799, aeroplane
yolo7-14, 57485040, aeroplane
yolo7-13, 57485040, aeroplane
yolo9-16, 57485040, aeroplane
yolo7-13, 43171003, aeroplane
yolo7-14, 43171003, aeroplane
yolo9-16, 43171003, aeroplane
yolo7-14, 49147593, aeroplane
yolo7-13, 49147593, aeroplane
yolo9-16, 49147593, aeroplane
yolo9-16, 11632390, aeroplane
yolo7-13, 11632390, aeroplane
yolo7-14, 11632390, aeroplane
yolo9-16, 91305865, aeroplane
yolo7-13, 91305865, aeroplane
yolo7-14, 91305865, aeroplane
yolo7-14, 51971416, aeroplane
yolo7-13, 51971416, aeroplane
yolo9-16, 51971416, aeroplane
yolo7-13, 02232453, aeroplane
yolo9-16, 02232453, aeroplane
yolo7-14, 02232453, aeroplane
yolo7-13, 29369583, aeroplane
yolo7-14, 29369583, aeroplane
yolo9-16, 29369583, aeroplane
yolo9-16, 93897651, aeroplane
yolo7-13, 93897651, aeroplane
yolo7-14, 93897651, aeroplane
yolo9-16, 63735075, aeroplane
yolo7-14, 63735075, aeroplane
yolo7-13, 63735075, aeroplane
yolo7-13, 51153845, aeroplane
yolo7-14, 51153845, aeroplane
yolo9-16, 51153845, aeroplane
yolo7-13, 43643598, aeroplane
yolo9-16, 43643598, aeroplane
yolo7-14, 43643598, aeroplane

========== Time: 24 ==========
yolo7-13, 00134067, aeroplane
yolo7-14, 00134067, aeroplane
yolo9-16, 00134067, aeroplane
yolo9-16, 16726160, aeroplane
yolo7-14, 16726160, aeroplane
yolo7-13, 16726160, aeroplane
yolo9-16, 46406841, aeroplane
yolo7-13, 46406841, aeroplane
yolo7-14, 46406841, aeroplane
yolo9-16, 49344157, aeroplane
yolo7-14, 49344157, aeroplane
yolo7-13, 49344157, aeroplane
yolo7-13, 35445248, aeroplane
yolo7-14, 35445248, aeroplane
yolo9-16, 35445248, aeroplane
yolo7-14, 15844710, aeroplane
yolo9-16, 15844710, aeroplane
yolo7-13, 15844710, aeroplane
yolo7-14, 62960012, aeroplane
yolo9-16, 62960012, aeroplane
yolo7-13, 62960012, aeroplane
yolo7-13, 56741054, aeroplane
yolo7-14, 56741054, aeroplane
yolo9-16, 56741054, aeroplane
yolo7-13, 59013463, aeroplane
yolo7-14, 59013463, aeroplane
yolo9-16, 59013463, aeroplane
yolo9-16, 93141592, aeroplane
yolo7-14, 93141592, aeroplane
yolo7-14, 04606803, aeroplane
yolo9-16, 04606803, aeroplane
yolo9-16, 84546585, aeroplane
yolo7-14, 84546585, aeroplane
yolo7-14, 26965674, aeroplane
yolo9-16, 26965674, aeroplane
yolo7-14, 86819626, aeroplane
yolo9-16, 86819626, aeroplane

========== Time: 25 ==========
yolo7-14, 20002251, aeroplane
yolo9-16, 20002251, aeroplane
yolo7-14, 03989280, aeroplane
yolo9-16, 03989280, aeroplane
yolo7-14, 15636795, car
yolo9-16, 15636795, car
yolo7-14, 66679318, car
yolo9-16, 66679318, car
yolo7-14, 12566291, car
yolo9-16, 12566291, car
yolo7-14, 91859407, car
yolo9-16, 91859407, car
yolo7-14, 34909580, car
yolo9-16, 34909580, car
yolo9-16, 53746337, car
yolo7-14, 53746337, car
yolo9-24, 66326696, car
yolo9-23, 66326696, car
yolo9-18, 66326696, car
