
========== Time: 0 ==========

========== Time: 1 ==========
yolo4-0, 45191188, train
yolo4-0, 72886095, car
yolo4-0, 36193420, car
yolo4-0, 06046516, car
yolo4-0, 62418947, car
yolo4-0, 12480578, car
yolo1-0, 12480578, car
yolo1-0, 49724635, car
yolo5-1, 49724635, car
yolo5-1, 77272272, car
yolo1-0, 77272272, car
yolo1-0, 98827156, car
yolo5-1, 98827156, car
yolo5-1, 47659558, car
yolo1-0, 47659558, car
yolo5-1, 36247988, car
yolo1-0, 36247988, car
yolo1-0, 88930293, car
yolo5-1, 88930293, car

========== Time: 2 ==========
yolo5-1, 83867525, car
yolo1-0, 83867525, car
yolo1-0, 09890507, car
yolo5-1, 09890507, car
yolo5-1, 45499659, car
yolo1-0, 45499659, car
yolo1-0, 62432192, car
yolo5-1, 62432192, car
yolo1-0, 75563160, car
yolo5-1, 75563160, car
yolo5-1, 31122587, car
yolo1-0, 31122587, car
yolo1-0, 70234867, car
yolo5-1, 70234867, car
yolo6-1, 45499659, car
yolo6-1, 62432192, car
yolo1-0, 53932214, train
yolo5-1, 53932214, train
yolo6-1, 75563160, car
yolo6-1, 31122587, car
yolo1-0, 91424310, car
yolo5-1, 91424310, car
yolo6-1, 70234867, car
yolo6-1, 53932214, train
yolo6-1, 91424310, car
yolo5-1, 16440383, car
yolo1-0, 16440383, car
yolo6-1, 16440383, car
yolo6-1, 14346604, car
yolo5-1, 14346604, car
yolo1-0, 14346604, car
yolo1-0, 12211338, car
yolo6-1, 12211338, car
yolo5-1, 12211338, car
yolo5-1, 54729212, car
yolo1-0, 54729212, car
yolo6-1, 54729212, car
yolo5-1, 35772048, car
yolo1-0, 35772048, car
yolo6-1, 35772048, car
yolo1-0, 21244973, car
yolo5-1, 21244973, car
yolo6-1, 21244973, car

========== Time: 3 ==========
yolo5-1, 05881088, car
yolo1-0, 05881088, car
yolo6-1, 05881088, car
yolo6-1, 74133401, car
yolo5-1, 74133401, car
yolo1-0, 74133401, car
yolo1-0, 08980927, car
yolo5-1, 08980927, car
yolo6-1, 08980927, car
yolo1-0, 69733189, car
yolo5-1, 69733189, car
yolo1-0, 15597689, car
yolo5-1, 15597689, car
yolo6-1, 69733189, car
yolo6-1, 15597689, car
yolo5-1, 87681692, car
yolo1-0, 87681692, car
yolo6-1, 87681692, car
yolo6-1, 60315399, car
yolo1-0, 60315399, car
yolo5-1, 60315399, car
yolo6-1, 03295640, car
yolo5-1, 03295640, car
yolo1-0, 03295640, car
yolo6-1, 51941776, car
yolo5-1, 51941776, car
yolo1-0, 51941776, car
yolo6-1, 43087178, car
yolo1-0, 43087178, car
yolo5-1, 43087178, car
yolo5-1, 88780389, car
yolo6-1, 88780389, car
yolo1-0, 88780389, car
yolo1-0, 43897418, car
yolo6-1, 43897418, car
yolo5-1, 43897418, car
yolo1-0, 58949387, car
yolo5-1, 58949387, car
yolo6-1, 58949387, car
yolo5-1, 10841484, car
yolo1-0, 10841484, car
yolo6-1, 10841484, car
yolo1-0, 94730737, car
yolo5-1, 94730737, car
yolo6-1, 94730737, car
yolo5-1, 57983626, car
yolo6-1, 57983626, car
yolo1-0, 57983626, car

========== Time: 4 ==========
yolo6-1, 78140846, car
yolo1-0, 78140846, car
yolo5-1, 78140846, car
yolo6-1, 25323528, car
yolo5-1, 25323528, car
yolo1-0, 25323528, car
yolo6-1, 86918184, car
yolo1-0, 86918184, car
yolo5-1, 86918184, car
yolo1-0, 16918654, car
yolo6-1, 16918654, car
yolo5-1, 16918654, car
yolo6-1, 48146906, car
yolo5-1, 48146906, car
yolo1-0, 48146906, car
yolo6-1, 13297030, car
yolo1-0, 13297030, car
yolo5-1, 13297030, car
yolo8-3, 57983626, car
yolo1-0, 60671798, car
yolo5-1, 60671798, car
yolo6-1, 60671798, car
yolo8-3, 78140846, car
yolo8-3, 25323528, car
yolo6-1, 79610223, car
yolo5-1, 79610223, car
yolo1-0, 79610223, car
yolo8-3, 86918184, car
yolo8-3, 16918654, car
yolo5-1, 71051621, car
yolo6-1, 71051621, car
yolo1-0, 71051621, car
yolo8-3, 48146906, car
yolo8-3, 13297030, car
yolo6-1, 61871884, car
yolo8-3, 60671798, car
yolo1-0, 61871884, car
yolo5-1, 61871884, car
yolo8-3, 79610223, car
yolo8-3, 71051621, car
yolo6-1, 12003340, car
yolo12-4, 12003340, car
yolo8-3, 61871884, car
yolo1-0, 12003340, car
yolo5-1, 12003340, car
yolo8-3, 12003340, car
yolo12-4, 09108146, car
yolo6-1, 09108146, car
yolo8-3, 09108146, car
yolo1-0, 09108146, car
yolo5-1, 09108146, car
yolo6-1, 16828364, car
yolo8-3, 16828364, car
yolo12-4, 16828364, car
yolo5-1, 16828364, car
yolo1-0, 16828364, car
yolo1-0, 85420645, car
yolo5-1, 85420645, car
yolo8-3, 85420645, car
yolo12-4, 85420645, car
yolo6-1, 85420645, car
yolo12-4, 47290721, car
yolo6-1, 47290721, car
yolo5-1, 47290721, car
yolo1-0, 47290721, car
yolo8-3, 47290721, car
yolo1-0, 97634287, car
yolo5-1, 97634287, car
yolo8-3, 97634287, car
yolo12-4, 97634287, car
yolo6-1, 97634287, car
yolo12-4, 10210614, car
yolo6-1, 10210614, car
yolo8-3, 10210614, car

========== Time: 5 ==========
yolo1-0, 10210614, car
yolo5-1, 10210614, car
yolo8-3, 58353209, car
yolo6-1, 58353209, car
yolo12-4, 58353209, car
yolo6-1, 23190282, car
yolo12-4, 23190282, car
yolo8-3, 23190282, car
yolo5-1, 58353209, car
yolo1-0, 58353209, car
yolo6-1, 24075605, car
yolo8-3, 24075605, car
yolo12-4, 24075605, car
yolo1-0, 23190282, car
yolo5-1, 23190282, car
yolo5-1, 24075605, car
yolo1-0, 24075605, car
yolo8-3, 16916627, car
yolo6-1, 16916627, car
yolo12-4, 16916627, car
yolo5-1, 16916627, car
yolo1-0, 16916627, car
yolo1-0, 64634316, car
yolo5-1, 64634316, car
yolo8-3, 64634316, car
yolo6-1, 64634316, car
yolo12-4, 64634316, car
yolo12-4, 20236831, car
yolo6-1, 20236831, car
yolo8-3, 20236831, car
yolo1-0, 20236831, car
yolo5-1, 20236831, car
yolo8-3, 01505363, bottle
yolo6-1, 01505363, bottle
yolo12-4, 01505363, bottle
yolo1-0, 01505363, bottle
yolo5-1, 01505363, bottle
yolo5-1, 28155063, train
yolo12-4, 28155063, train
yolo6-1, 28155063, train
yolo1-0, 28155063, train
yolo8-3, 28155063, train
yolo6-1, 46099952, aeroplane
yolo1-0, 46099952, sofa
yolo12-4, 46099952, sofa
yolo5-1, 46099952, sofa
yolo8-3, 46099952, sofa
yolo12-4, 39516089, car
yolo8-3, 39516089, car
yolo6-1, 39516089, car
yolo5-1, 39516089, car
yolo1-0, 39516089, car
yolo12-4, 31218788, sofa
yolo8-3, 31218788, sofa
yolo6-1, 31218788, aeroplane
yolo5-1, 31218788, sofa
yolo1-0, 31218788, sofa
yolo8-3, 40995004, aeroplane
yolo1-0, 40995004, aeroplane
yolo5-1, 40995004, aeroplane
yolo12-4, 40995004, aeroplane
yolo6-1, 40995004, aeroplane
yolo6-1, 37813420, car
yolo5-1, 37813420, car
yolo8-3, 37813420, car
yolo1-0, 37813420, car
yolo12-4, 37813420, car
yolo6-1, 71421995, aeroplane
yolo8-3, 71421995, sofa
yolo12-4, 71421995, sofa
yolo1-0, 71421995, sofa
yolo5-1, 71421995, sofa
yolo6-1, 87310312, train
yolo12-4, 87310312, train
yolo8-3, 87310312, train

========== Time: 6 ==========
yolo1-0, 87310312, train
yolo5-1, 87310312, train
yolo6-1, 09000067, aeroplane
yolo12-4, 09000067, car
yolo8-3, 09000067, car
yolo5-1, 09000067, car
yolo1-0, 09000067, car
yolo6-1, 71770737, car
yolo8-3, 71770737, car
yolo12-4, 71770737, car
yolo1-0, 71770737, car
yolo5-1, 71770737, car
yolo8-3, 17577935, car
yolo12-4, 17577935, car
yolo6-1, 17577935, car
yolo1-0, 17577935, car
yolo5-1, 17577935, car
yolo12-4, 25990075, sofa
yolo6-1, 25990075, aeroplane
yolo1-0, 25990075, sofa
yolo8-3, 25990075, sofa
yolo5-1, 25990075, sofa
yolo1-0, 22176666, car
yolo8-3, 22176666, car
yolo12-4, 22176666, car
yolo6-1, 22176666, car
yolo5-1, 22176666, car
yolo6-1, 68386055, aeroplane
yolo1-0, 68386055, aeroplane
yolo8-3, 68386055, aeroplane
yolo12-4, 68386055, aeroplane
yolo6-1, 39933576, car
yolo8-3, 39933576, car
yolo12-4, 39933576, car
yolo6-1, 75667489, car
yolo12-4, 75667489, car
yolo8-3, 75667489, car
yolo1-0, 39933576, car
yolo5-1, 68386055, aeroplane
yolo6-1, 22135417, aeroplane
yolo8-3, 22135417, aeroplane
yolo12-4, 22135417, aeroplane
yolo5-1, 39933576, car
yolo1-0, 75667489, car
yolo8-3, 08098254, aeroplane
yolo12-4, 08098254, aeroplane
yolo6-1, 08098254, aeroplane
yolo5-1, 75667489, car
yolo1-0, 22135417, aeroplane
yolo5-1, 22135417, aeroplane
yolo1-0, 08098254, aeroplane
yolo6-1, 42430274, aeroplane
yolo8-3, 42430274, bottle
yolo12-4, 42430274, bottle
yolo5-1, 08098254, aeroplane
yolo1-0, 42430274, bottle
yolo5-1, 42430274, bottle
yolo8-3, 77227917, aeroplane
yolo6-1, 77227917, aeroplane
yolo12-4, 77227917, aeroplane
yolo1-0, 77227917, aeroplane
yolo6-1, 44408296, aeroplane
yolo12-4, 44408296, boat
yolo8-3, 44408296, boat
yolo8-3, 02188097, sofa
yolo12-4, 02188097, sofa
yolo12-4, 25392395, car
yolo8-3, 25392395, car
yolo1-0, 44408296, boat
yolo5-1, 77227917, aeroplane
yolo8-3, 34373459, car

========== Time: 7 ==========
yolo6-1, 02188097, sofa
yolo6-1, 25392395, aeroplane
yolo8-3, 57620526, sofa
yolo6-1, 34373459, car
yolo8-3, 08851095, train
yolo8-3, 71224763, sofa
yolo6-1, 57620526, sofa
yolo6-1, 08851095, boat
yolo8-3, 19867627, car
yolo6-1, 71224763, aeroplane
yolo6-1, 19867627, car
yolo6-1, 05718851, car
yolo8-3, 05718851, car
yolo8-3, 87945161, car
yolo6-1, 87945161, car
yolo6-1, 81713336, aeroplane
yolo8-3, 81713336, sofa
yolo1-0, 02188097, sofa
yolo5-1, 44408296, boat
yolo6-1, 99489752, car
yolo8-3, 99489752, car
yolo1-0, 25392395, car
yolo5-1, 02188097, sofa
yolo6-1, 23384347, bottle
yolo8-3, 23384347, sofa
yolo6-1, 50153830, aeroplane
yolo8-3, 50153830, car
yolo8-3, 63362766, sofa
yolo6-1, 63362766, aeroplane
yolo6-1, 41670386, aeroplane
yolo8-3, 41670386, car
yolo8-3, 08514104, car
yolo6-1, 08514104, aeroplane
yolo6-1, 89729974, aeroplane
yolo8-3, 89729974, car
yolo6-1, 94606420, aeroplane
yolo8-3, 94606420, train
yolo6-1, 31268864, aeroplane

========== Time: 8 ==========
yolo8-3, 31268864, car
yolo7-0, 97634287, car
yolo3-3, 97634287, car
yolo3-1, 97634287, car
yolo3-2, 97634287, car
yolo6-1, 87389170, aeroplane
yolo8-3, 87389170, car
yolo8-3, 81534406, car
yolo6-1, 81534406, aeroplane
yolo6-1, 25585314, aeroplane
yolo8-3, 25585314, car
yolo8-3, 70529643, aeroplane
yolo6-1, 70529643, aeroplane
yolo7-0, 10210614, car
yolo3-1, 10210614, car
yolo3-2, 10210614, car
yolo3-3, 10210614, car
yolo6-1, 07052791, aeroplane
yolo8-3, 07052791, car
yolo7-0, 58353209, car
yolo8-3, 78694960, car
yolo6-1, 78694960, aeroplane
yolo3-1, 58353209, car
yolo3-2, 58353209, car
yolo3-3, 58353209, car
yolo7-0, 23190282, aeroplane
yolo3-3, 59297586, car
yolo6-1, 59297586, aeroplane
yolo8-3, 59297586, car
yolo3-2, 59297586, car
yolo3-1, 59297586, car
yolo3-1, 43904548, car
yolo7-0, 43904548, aeroplane
yolo3-2, 43904548, car
yolo6-1, 43904548, aeroplane
yolo3-3, 43904548, car
yolo8-3, 43904548, car
yolo6-1, 39026460, aeroplane
yolo8-3, 39026460, car
yolo6-1, 00466890, aeroplane
yolo8-3, 00466890, car
yolo3-2, 39026460, car
yolo3-1, 39026460, car
yolo7-0, 39026460, aeroplane
yolo3-3, 39026460, car
yolo3-2, 00466890, car
yolo3-3, 00466890, car
yolo7-0, 00466890, aeroplane
yolo6-1, 05902212, aeroplane
yolo3-1, 00466890, car
yolo8-3, 05902212, car
yolo7-0, 05902212, aeroplane
yolo3-2, 05902212, car
yolo3-1, 05902212, car
yolo3-3, 05902212, car
yolo8-3, 53118666, car
yolo6-1, 53118666, aeroplane
yolo3-3, 53118666, car
yolo7-0, 53118666, aeroplane
yolo3-2, 53118666, car
yolo3-1, 53118666, car
yolo6-1, 22094552, aeroplane
yolo7-0, 22094552, aeroplane
yolo8-3, 22094552, car
yolo3-2, 22094552, car
yolo3-3, 22094552, car
yolo3-1, 22094552, car
yolo3-2, 00823522, car
yolo3-3, 00823522, car
yolo8-3, 00823522, car
yolo3-1, 00823522, car
yolo7-0, 00823522, aeroplane
yolo6-1, 00823522, aeroplane
yolo7-0, 26902397, aeroplane
yolo3-2, 26902397, car
yolo3-3, 26902397, car
yolo3-1, 26902397, car
yolo8-3, 26902397, car
yolo6-1, 26902397, aeroplane
yolo7-0, 70260996, aeroplane

========== Time: 9 ==========
yolo6-1, 70260996, aeroplane
yolo3-2, 70260996, car
yolo8-3, 70260996, car
yolo3-3, 70260996, car
yolo3-1, 70260996, car
yolo3-1, 62536243, car
yolo8-3, 62536243, car
yolo7-0, 62536243, aeroplane
yolo3-2, 62536243, car
yolo3-3, 62536243, car
yolo6-1, 62536243, aeroplane
yolo7-0, 65088888, aeroplane
yolo8-3, 65088888, car
yolo3-2, 65088888, car
yolo3-1, 65088888, car
yolo3-3, 65088888, car
yolo6-1, 65088888, aeroplane
yolo3-2, 19775453, car
yolo6-1, 19775453, aeroplane
yolo3-1, 19775453, car
yolo7-0, 19775453, aeroplane
yolo3-3, 19775453, car
yolo8-3, 19775453, car
yolo8-3, 63699612, car
yolo3-3, 63699612, car
yolo3-1, 63699612, car
yolo6-1, 63699612, aeroplane
yolo3-2, 63699612, car
yolo7-0, 63699612, aeroplane
yolo3-1, 32984977, car
yolo8-3, 32984977, car
yolo3-3, 32984977, car
yolo3-2, 32984977, car
yolo6-1, 32984977, aeroplane
yolo7-0, 32984977, aeroplane
yolo3-2, 85816235, car
yolo3-1, 85816235, car
yolo8-3, 85816235, car
yolo3-3, 85816235, car
yolo7-0, 85816235, aeroplane
yolo6-1, 85816235, aeroplane
yolo3-3, 06271398, car
yolo7-0, 06271398, aeroplane
yolo3-2, 06271398, car
yolo3-1, 06271398, car
yolo6-1, 06271398, aeroplane
yolo8-3, 06271398, car
yolo3-3, 47925886, car
yolo3-1, 47925886, car
yolo3-2, 47925886, car
yolo8-3, 47925886, car
yolo3-2, 34098032, car
yolo3-3, 34098032, car
yolo8-3, 34098032, car
yolo3-1, 34098032, car
yolo8-3, 33516909, car
yolo3-3, 33516909, car
yolo3-1, 33516909, car
yolo3-2, 33516909, car
yolo3-2, 78807959, car
yolo8-3, 78807959, car
yolo3-3, 78807959, car
yolo3-1, 78807959, car
yolo3-3, 45280778, car
yolo3-1, 45280778, car
yolo3-2, 45280778, car
yolo8-3, 45280778, car
yolo3-2, 16717873, car
yolo3-3, 16717873, car
yolo8-3, 16717873, car
yolo3-1, 16717873, car
yolo3-1, 11269982, car
yolo8-3, 11269982, car
yolo3-3, 11269982, car
yolo3-2, 11269982, car
yolo3-1, 87466585, car
yolo8-3, 87466585, car
yolo3-3, 87466585, car
yolo3-2, 87466585, car
yolo8-3, 52482328, car
yolo3-1, 52482328, car
yolo3-3, 52482328, car
yolo3-2, 52482328, car
yolo3-3, 23189333, car
yolo3-2, 23189333, car
yolo3-1, 23189333, car
yolo8-3, 23189333, car
yolo3-3, 40080066, car
yolo8-3, 40080066, car
yolo3-1, 40080066, car
yolo3-2, 40080066, car
yolo3-3, 33646615, car
yolo8-3, 33646615, car
yolo3-1, 33646615, car
yolo3-2, 33646615, car
yolo3-2, 07250311, car
yolo3-1, 07250311, car
yolo8-3, 07250311, car
yolo3-3, 07250311, car
yolo3-1, 55650034, car
yolo3-2, 55650034, car
yolo8-3, 55650034, car
yolo3-3, 55650034, car
yolo3-2, 61430987, car
yolo3-1, 61430987, car
yolo12-5, 33646615, aeroplane
yolo3-3, 61430987, car
yolo8-3, 61430987, car
yolo12-5, 07250311, aeroplane
yolo8-3, 82929271, car
yolo3-2, 82929271, car
yolo3-1, 82929271, car
yolo3-3, 82929271, car
yolo12-5, 55650034, aeroplane
yolo12-5, 61430987, aeroplane
yolo3-2, 65850136, car
yolo8-3, 65850136, car
yolo3-1, 65850136, car
yolo3-3, 65850136, car
yolo12-5, 82929271, aeroplane
yolo12-5, 65850136, aeroplane
yolo3-3, 52532092, car
yolo3-1, 52532092, car
yolo8-3, 52532092, car
yolo3-2, 52532092, car
yolo12-5, 52532092, aeroplane
yolo12-5, 51945663, aeroplane
yolo3-3, 51945663, car
yolo3-1, 51945663, car
yolo3-2, 51945663, car
yolo8-3, 51945663, car
yolo8-3, 28597442, car
yolo3-2, 28597442, car
yolo3-1, 28597442, car
yolo12-5, 28597442, aeroplane
yolo3-3, 28597442, car

========== Time: 10 ==========
yolo12-5, 45862780, aeroplane
yolo3-3, 45862780, car
yolo3-1, 45862780, car
yolo3-2, 45862780, car
yolo8-3, 45862780, car
yolo12-5, 63143942, aeroplane
yolo3-2, 63143942, car
yolo8-3, 63143942, car
yolo3-3, 63143942, car
yolo3-1, 63143942, car
yolo3-1, 79006464, car
yolo12-5, 79006464, aeroplane
yolo3-2, 79006464, car
yolo3-3, 79006464, car
yolo8-3, 79006464, car
yolo8-3, 21040638, car
yolo12-5, 21040638, car
yolo12-5, 88583075, car
yolo8-3, 88583075, car
yolo3-3, 21040638, car
yolo3-2, 21040638, car
yolo3-1, 21040638, car
yolo3-1, 88583075, car
yolo3-3, 88583075, car
yolo3-2, 88583075, car
yolo8-3, 34292192, car
yolo12-5, 34292192, car
yolo3-3, 34292192, car
yolo3-1, 34292192, car
yolo3-2, 34292192, car
yolo3-2, 26808326, car
yolo3-1, 26808326, car
yolo12-5, 26808326, car
yolo8-3, 26808326, car
yolo3-3, 26808326, car
yolo12-5, 87441323, car
yolo8-3, 87441323, car
yolo3-1, 87441323, car
yolo3-2, 87441323, car
yolo3-3, 87441323, car
yolo12-5, 49199354, car
yolo8-3, 49199354, car
yolo3-1, 49199354, car
yolo3-3, 49199354, car
yolo3-1, 13570872, car
yolo3-3, 13570872, car
yolo12-5, 13570872, car
yolo8-3, 13570872, car
yolo3-1, 52578813, car
yolo12-5, 52578813, car
yolo3-3, 52578813, car
yolo8-3, 52578813, car
yolo12-5, 26875321, car
yolo3-1, 26875321, car
yolo3-3, 26875321, car
yolo8-3, 26875321, car
yolo12-5, 03622924, car
yolo8-3, 03622924, car
yolo3-3, 03622924, car
yolo3-1, 03622924, car
yolo8-3, 48395606, car
yolo12-5, 48395606, car
yolo3-3, 48395606, car
yolo3-1, 48395606, car
yolo12-5, 55543990, car
yolo3-1, 55543990, car
yolo8-3, 55543990, car
yolo3-3, 55543990, car
yolo3-1, 51751005, car
yolo12-5, 51751005, car
yolo3-3, 51751005, car
yolo8-3, 51751005, car
yolo8-3, 17482376, car
yolo3-3, 17482376, car
yolo3-1, 17482376, car
yolo12-5, 17482376, car
yolo12-5, 55009609, car
yolo3-1, 55009609, car
yolo3-3, 55009609, car
yolo8-3, 55009609, car
yolo7-5, 55009609, car
yolo12-5, 65086322, car
yolo3-1, 65086322, car
yolo3-3, 65086322, car
yolo8-3, 65086322, car
yolo7-5, 65086322, car
yolo12-5, 43485969, car
yolo3-1, 43485969, car
yolo3-3, 43485969, car
yolo8-3, 43485969, car
yolo7-5, 43485969, car
yolo12-5, 88835948, car
yolo8-3, 88835948, car

========== Time: 11 ==========
yolo8-3, 43155812, car
yolo12-5, 43155812, car
yolo7-5, 88835948, car
yolo3-1, 88835948, car
yolo3-3, 88835948, car
yolo7-5, 43155812, car
yolo3-1, 43155812, car
yolo8-3, 07294899, car
yolo3-3, 43155812, car
yolo12-5, 07294899, car
yolo7-5, 07294899, car
yolo3-1, 07294899, car
yolo3-3, 07294899, car
yolo12-5, 64276469, car
yolo7-5, 64276469, car
yolo8-3, 64276469, car
yolo3-1, 64276469, car
yolo3-3, 64276469, car
yolo3-1, 09185048, car
yolo8-3, 09185048, car
yolo3-3, 09185048, car
yolo12-5, 09185048, car
yolo7-5, 09185048, car
yolo8-3, 81153502, car
yolo12-5, 81153502, aeroplane
yolo12-5, 25380116, aeroplane
yolo8-3, 25380116, car
yolo3-1, 81153502, car
yolo3-3, 81153502, car
yolo7-5, 81153502, aeroplane
yolo7-5, 25380116, aeroplane
yolo3-1, 25380116, car
yolo3-3, 25380116, car
yolo3-3, 19914697, sofa
yolo8-3, 19914697, sofa
yolo3-1, 19914697, sofa
yolo12-5, 19914697, aeroplane
yolo7-5, 19914697, aeroplane
yolo12-5, 47059570, aeroplane
yolo8-3, 47059570, bottle
yolo7-5, 47059570, aeroplane
yolo3-1, 47059570, bottle
yolo3-3, 47059570, bottle
yolo12-5, 70898713, bottle
yolo3-1, 70898713, sofa
yolo7-5, 70898713, bottle
yolo3-3, 70898713, sofa
yolo8-3, 70898713, aeroplane
yolo8-3, 31926304, train
yolo12-5, 31926304, aeroplane
yolo3-3, 31926304, train
yolo3-1, 31926304, train
yolo8-3, 04564079, aeroplane
yolo12-5, 04564079, aeroplane
yolo12-5, 80513912, aeroplane
yolo8-3, 80513912, aeroplane
yolo8-3, 29332611, aeroplane
yolo12-5, 29332611, aeroplane
yolo12-5, 11723389, bottle
yolo8-3, 11723389, person
yolo12-5, 28526290, aeroplane
yolo8-3, 28526290, sofa

========== Time: 12 ==========
yolo8-3, 13779779, aeroplane
yolo12-5, 13779779, aeroplane
yolo12-5, 41814227, aeroplane
yolo8-3, 41814227, car
yolo12-5, 19326225, aeroplane
yolo8-3, 19326225, aeroplane
yolo8-3, 17126447, sofa
yolo12-5, 17126447, sofa
yolo12-5, 93392299, aeroplane
yolo8-3, 93392299, car
yolo8-3, 42670282, car
yolo12-5, 42670282, aeroplane
yolo8-3, 04424675, car
yolo12-5, 04424675, aeroplane
yolo4-9, 04424675, car
yolo8-8, 04424675, car
yolo4-9, 28525075, car
yolo8-3, 28525075, car
yolo12-5, 28525075, aeroplane
yolo8-8, 28525075, car
yolo8-3, 14153756, car
yolo4-9, 14153756, car
yolo8-8, 14153756, car
yolo4-9, 36925034, car
yolo8-3, 36925034, car
yolo8-3, 45513082, car
yolo4-9, 45513082, car
yolo8-3, 12546513, car
yolo4-9, 12546513, car
yolo8-3, 11767645, car
yolo4-9, 11767645, car
yolo4-9, 81734333, car
yolo8-3, 81734333, car
yolo4-9, 32134124, car
yolo8-3, 32134124, car
yolo8-3, 25735270, sofa
yolo4-9, 25735270, sofa
yolo12-12, 25735270, aeroplane
yolo12-12, 01367447, aeroplane
yolo4-9, 01367447, aeroplane
yolo8-3, 01367447, aeroplane
yolo8-12, 01367447, aeroplane

========== Time: 13 ==========
yolo8-3, 66633728, aeroplane
yolo12-12, 66633728, aeroplane
yolo4-9, 66633728, aeroplane
yolo8-12, 66633728, aeroplane
yolo8-12, 34093373, aeroplane
yolo4-9, 34093373, aeroplane
yolo8-3, 34093373, aeroplane
yolo12-12, 34093373, aeroplane
yolo8-12, 52309203, bottle
yolo8-3, 52309203, bottle
yolo4-9, 52309203, train
yolo12-12, 52309203, bottle
yolo8-12, 46481532, sofa
yolo12-12, 46481532, aeroplane
yolo8-3, 46481532, sofa
yolo4-9, 46481532, sofa
yolo8-3, 95259467, car
yolo4-9, 95259467, car
yolo8-12, 95259467, car
yolo12-12, 95259467, aeroplane
yolo12-12, 95343159, aeroplane
yolo8-3, 95343159, aeroplane
yolo8-12, 95343159, aeroplane
yolo4-9, 95343159, aeroplane
yolo12-12, 06748584, aeroplane
yolo4-9, 06748584, car
yolo8-3, 06748584, car
yolo8-12, 06748584, car
yolo4-10, 06748584, car
yolo4-10, 08133383, sofa
yolo4-9, 08133383, sofa
yolo8-3, 08133383, aeroplane
yolo12-12, 08133383, aeroplane
yolo8-12, 08133383, aeroplane
yolo8-3, 88474986, car
yolo4-9, 88474986, car
yolo8-12, 88474986, car
yolo4-10, 88474986, car
yolo12-12, 88474986, aeroplane
yolo4-10, 63337717, boat
yolo4-9, 63337717, boat
yolo8-12, 63337717, bottle
yolo12-12, 63337717, aeroplane
yolo8-3, 63337717, bottle
yolo8-12, 47680603, aeroplane
yolo8-3, 47680603, aeroplane
yolo12-12, 47680603, aeroplane
yolo4-9, 47680603, aeroplane
yolo4-10, 47680603, aeroplane
yolo8-3, 06785973, car
yolo4-10, 06785973, car
yolo8-12, 06785973, car
yolo12-12, 06785973, aeroplane
yolo4-9, 06785973, car
yolo8-12, 54055371, aeroplane

========== Time: 14 ==========
yolo4-9, 54055371, aeroplane
yolo12-12, 54055371, aeroplane
yolo4-10, 54055371, aeroplane
yolo8-3, 54055371, aeroplane
yolo4-10, 28719585, car
yolo12-12, 28719585, aeroplane
yolo4-9, 28719585, car
yolo8-3, 28719585, car
yolo8-12, 28719585, car
yolo4-10, 47487012, aeroplane
yolo12-12, 47487012, aeroplane
yolo4-9, 47487012, aeroplane
yolo8-12, 47487012, aeroplane
yolo8-3, 47487012, aeroplane
yolo12-12, 92413888, bottle
yolo4-9, 92413888, train
yolo8-3, 92413888, aeroplane
yolo8-12, 92413888, aeroplane
yolo4-10, 92413888, train
yolo12-12, 91093995, aeroplane
yolo4-9, 91093995, car
yolo8-12, 91093995, car
yolo8-3, 91093995, car
yolo4-10, 91093995, car
yolo8-12, 68033895, car
yolo12-12, 68033895, aeroplane
yolo4-9, 68033895, car
yolo4-10, 68033895, car
yolo8-3, 68033895, car
yolo8-12, 46715519, sofa
yolo4-10, 46715519, sofa
yolo4-9, 46715519, sofa
yolo8-3, 46715519, sofa
yolo12-12, 46715519, aeroplane
yolo12-12, 38602335, aeroplane
yolo8-3, 38602335, car
yolo4-10, 38602335, car
yolo4-9, 38602335, car
yolo8-12, 38602335, car
yolo12-12, 56056497, aeroplane
yolo8-12, 56056497, car
yolo8-3, 56056497, car
yolo4-10, 56056497, car
yolo4-9, 56056497, car
yolo8-12, 12691564, aeroplane
yolo4-10, 12691564, aeroplane
yolo12-12, 12691564, bottle
yolo4-9, 12691564, aeroplane
yolo12-12, 78729049, aeroplane
yolo8-12, 78729049, aeroplane
yolo4-10, 78729049, aeroplane
yolo4-9, 78729049, aeroplane
yolo12-12, 50986832, aeroplane
yolo4-10, 50986832, car
yolo4-9, 50986832, car
yolo8-12, 50986832, car
yolo4-10, 81036824, car
yolo12-12, 81036824, aeroplane
yolo8-12, 81036824, car
yolo4-9, 81036824, car
yolo12-12, 63552501, bottle
yolo4-9, 63552501, bottle
yolo4-10, 63552501, bottle
yolo8-12, 63552501, aeroplane
yolo12-12, 85174107, aeroplane
yolo4-9, 85174107, car
yolo8-12, 85174107, car
yolo4-10, 85174107, car
yolo12-12, 02825732, aeroplane
yolo8-12, 02825732, car
yolo4-9, 02825732, car
yolo4-10, 02825732, car

========== Time: 15 ==========
yolo4-10, 66171435, car
yolo4-9, 66171435, car
yolo12-12, 66171435, aeroplane
yolo8-12, 66171435, car
yolo4-10, 39628324, car
yolo4-9, 39628324, car
yolo12-12, 39628324, aeroplane
yolo8-12, 39628324, car
yolo12-12, 78674002, aeroplane
yolo8-12, 78674002, car
yolo4-10, 78674002, car
yolo4-9, 78674002, car
yolo12-12, 37395227, aeroplane
yolo4-9, 37395227, car
yolo8-12, 37395227, car
yolo4-10, 37395227, car
yolo12-12, 33112447, aeroplane
yolo4-10, 33112447, car
yolo8-12, 33112447, car
yolo4-9, 33112447, car
yolo8-12, 97062412, car
yolo4-9, 97062412, car
yolo12-12, 97062412, aeroplane
yolo4-10, 97062412, car
yolo12-12, 39128204, aeroplane
yolo4-10, 39128204, car
yolo4-9, 39128204, car
yolo8-12, 39128204, car
yolo12-12, 29632853, aeroplane
yolo4-9, 29632853, car
yolo8-12, 29632853, car
yolo4-10, 29632853, car
yolo4-9, 01132887, car
yolo4-9, 05842679, car
yolo4-9, 31414890, car
yolo4-9, 89670894, car
yolo4-9, 73806940, car
yolo4-9, 42088837, car
yolo4-9, 09752637, car
yolo4-9, 76154673, car
yolo4-9, 30668413, car
yolo4-9, 38556974, car
yolo4-9, 29634028, car
yolo4-9, 22113592, car
yolo4-9, 13076653, car
yolo4-9, 66217502, car

========== Time: 16 ==========
yolo4-9, 86720748, car
yolo4-9, 26026619, car
yolo4-9, 72527543, car
yolo4-9, 48519802, car
yolo4-15, 53225925, car
yolo4-9, 53225925, car
yolo8-14, 53225925, car
yolo4-9, 90872465, car
yolo8-14, 90872465, car
yolo4-15, 90872465, car
yolo4-9, 86910684, car
yolo4-15, 86910684, car
yolo8-14, 86910684, car
yolo4-15, 90454677, car
yolo8-14, 90454677, car
yolo4-9, 90454677, car
yolo4-9, 79782754, car
yolo4-15, 79782754, car
yolo8-14, 79782754, car
yolo4-9, 99085005, car
yolo8-14, 99085005, car
yolo4-15, 99085005, car
yolo4-15, 88505023, car
yolo4-9, 88505023, car
yolo8-14, 88505023, car
yolo4-15, 66474824, car
yolo8-14, 66474824, car
yolo4-9, 66474824, car
yolo4-15, 38559396, car
yolo4-9, 38559396, car
yolo8-14, 38559396, car
yolo4-15, 96893989, car
yolo4-9, 96893989, car
yolo8-14, 96893989, car

========== Time: 17 ==========
yolo4-15, 89208125, car
yolo4-9, 89208125, car
yolo8-14, 89208125, car
yolo4-15, 96000485, car
yolo4-9, 96000485, car
yolo8-14, 96000485, car
yolo4-15, 47634116, car
yolo4-9, 47634116, car
yolo8-14, 47634116, car
yolo4-15, 21846837, car
yolo4-9, 21846837, car
yolo8-14, 21846837, car
yolo4-15, 07917752, car
yolo8-14, 07917752, car
yolo4-9, 07917752, car
yolo8-14, 73431857, car
yolo4-9, 73431857, car
yolo4-15, 73431857, car
yolo4-9, 54435279, car
yolo4-15, 54435279, car
yolo8-14, 54435279, car
yolo8-14, 36646901, car
yolo4-9, 36646901, car
yolo4-15, 36646901, car
yolo8-14, 19054139, car
yolo4-15, 19054139, car
yolo4-9, 19054139, car
yolo8-14, 43844405, sofa
yolo4-15, 43844405, sofa
yolo4-9, 43844405, sofa
yolo8-14, 43502887, bottle
yolo4-9, 43502887, bottle
yolo4-15, 43502887, bottle
yolo8-14, 25307780, car
yolo4-15, 25307780, car
yolo4-9, 25307780, car
yolo4-15, 74498090, aeroplane
yolo8-14, 74498090, aeroplane
yolo4-9, 74498090, aeroplane
yolo10-12, 79782754, aeroplane
yolo2-8, 79782754, aeroplane
yolo2-10, 79782754, aeroplane
yolo2-14, 79782754, aeroplane
yolo4-15, 33494529, sofa
yolo4-9, 33494529, sofa
yolo8-14, 33494529, sofa
yolo4-9, 16906890, aeroplane
yolo4-15, 16906890, aeroplane
yolo8-14, 16906890, aeroplane
yolo4-9, 52487986, aeroplane
yolo4-15, 52487986, aeroplane
yolo8-14, 52487986, aeroplane
yolo4-15, 94957741, car
yolo4-9, 94957741, car
yolo8-14, 94957741, car
yolo4-15, 40113562, car
yolo4-9, 40113562, car
yolo8-14, 40113562, car
yolo4-9, 84331363, aeroplane
yolo8-14, 84331363, aeroplane
yolo4-15, 84331363, aeroplane

========== Time: 18 ==========
yolo4-15, 59531796, car
yolo4-9, 59531796, car
yolo8-14, 59531796, car
yolo2-8, 99085005, aeroplane
yolo10-12, 99085005, aeroplane
yolo2-14, 99085005, aeroplane
yolo2-10, 99085005, aeroplane
yolo2-14, 88505023, aeroplane
yolo10-12, 88505023, aeroplane
yolo2-10, 88505023, aeroplane
yolo2-8, 88505023, aeroplane
yolo4-9, 01143004, tvmonitor
yolo4-15, 01143004, tvmonitor
yolo8-14, 01143004, tvmonitor
yolo2-14, 66474824, aeroplane
yolo10-12, 66474824, aeroplane
yolo2-8, 66474824, aeroplane
yolo2-10, 66474824, aeroplane
yolo4-9, 05642959, car
yolo10-12, 38559396, aeroplane
yolo4-15, 05642959, car
yolo2-8, 38559396, aeroplane
yolo2-14, 38559396, aeroplane
yolo2-10, 38559396, aeroplane
yolo8-14, 05642959, car
yolo2-14, 96893989, aeroplane
yolo2-8, 96893989, aeroplane
yolo10-12, 96893989, aeroplane
yolo2-10, 96893989, aeroplane
yolo8-14, 34410231, sofa
yolo4-15, 34410231, sofa
yolo4-9, 34410231, sofa
yolo2-8, 89208125, aeroplane
yolo2-14, 89208125, aeroplane
yolo10-12, 89208125, aeroplane
yolo2-10, 89208125, aeroplane
yolo2-14, 96000485, aeroplane
yolo2-8, 96000485, aeroplane
yolo4-15, 64371368, boat
yolo8-14, 64371368, bottle
yolo2-10, 96000485, aeroplane
yolo10-12, 96000485, aeroplane
yolo4-9, 64371368, boat
yolo2-14, 47634116, aeroplane
yolo2-8, 47634116, aeroplane
yolo10-12, 47634116, aeroplane
yolo2-10, 47634116, aeroplane
yolo2-14, 21846837, aeroplane
yolo2-8, 21846837, aeroplane
yolo10-12, 21846837, car
yolo2-10, 21846837, aeroplane
yolo8-14, 74856721, aeroplane
yolo4-15, 74856721, aeroplane
yolo4-9, 74856721, aeroplane
yolo2-14, 07917752, aeroplane
yolo2-8, 07917752, aeroplane
yolo10-12, 07917752, car
yolo2-10, 07917752, aeroplane
yolo2-8, 73431857, aeroplane
yolo2-14, 73431857, aeroplane
yolo10-12, 73431857, car
yolo4-15, 17896317, aeroplane
yolo2-10, 73431857, aeroplane
yolo8-14, 17896317, aeroplane
yolo4-9, 17896317, aeroplane
yolo2-8, 54435279, aeroplane
yolo2-14, 54435279, aeroplane
yolo10-12, 54435279, car
yolo2-10, 54435279, aeroplane
yolo2-8, 36646901, aeroplane
yolo2-14, 36646901, aeroplane
yolo8-14, 60470100, car
yolo4-9, 60470100, car
yolo4-15, 60470100, car
yolo10-12, 36646901, car
yolo2-10, 36646901, aeroplane
yolo2-8, 19054139, aeroplane
yolo2-14, 19054139, aeroplane
yolo2-14, 43844405, aeroplane
yolo2-10, 19054139, aeroplane
yolo10-12, 19054139, car
yolo4-15, 51761166, aeroplane
yolo8-14, 51761166, aeroplane
yolo2-8, 43844405, aeroplane
yolo4-9, 51761166, aeroplane
yolo2-14, 43502887, bottle
yolo2-10, 43844405, aeroplane
yolo10-12, 43844405, aeroplane
yolo2-8, 43502887, bottle
yolo2-14, 25307780, aeroplane
yolo4-9, 13543144, car
yolo8-14, 13543144, car
yolo4-15, 13543144, car
yolo2-10, 43502887, bottle
yolo10-12, 43502887, bottle
yolo2-8, 25307780, aeroplane
yolo2-14, 74498090, aeroplane
yolo2-10, 25307780, aeroplane
yolo2-8, 74498090, aeroplane
yolo10-12, 25307780, car
yolo8-14, 47310187, aeroplane
yolo4-9, 47310187, aeroplane
yolo10-12, 38689444, aeroplane
yolo2-14, 38689444, aeroplane
yolo4-9, 38689444, aeroplane
yolo8-14, 38689444, aeroplane
yolo2-14, 46375401, aeroplane
yolo10-12, 46375401, aeroplane
yolo4-9, 46375401, car
yolo8-14, 46375401, car
yolo4-9, 20070838, car
yolo10-12, 20070838, aeroplane
yolo2-14, 20070838, aeroplane
yolo8-14, 20070838, car
yolo10-12, 41527346, aeroplane
yolo2-14, 41527346, aeroplane
yolo4-9, 41527346, aeroplane
yolo8-14, 41527346, aeroplane
yolo10-12, 09190147, aeroplane
yolo4-9, 09190147, aeroplane
yolo2-14, 09190147, aeroplane
yolo8-14, 09190147, aeroplane
yolo10-12, 78950246, aeroplane
yolo2-14, 78950246, aeroplane
yolo8-14, 78950246, car
yolo4-9, 78950246, car
yolo10-12, 26090293, aeroplane
yolo2-14, 26090293, aeroplane
yolo8-14, 26090293, car
yolo4-9, 26090293, car
yolo4-9, 18017905, car
yolo10-12, 18017905, aeroplane
yolo2-14, 18017905, aeroplane
yolo8-14, 18017905, car
yolo10-12, 06898100, aeroplane
yolo4-9, 06898100, aeroplane
yolo2-14, 06898100, aeroplane
yolo8-14, 06898100, aeroplane
yolo2-14, 98726052, aeroplane
yolo10-12, 98726052, aeroplane
yolo8-14, 98726052, car
yolo4-9, 98726052, car
yolo10-12, 83923187, aeroplane
yolo2-14, 83923187, aeroplane
yolo8-14, 83923187, car
yolo4-9, 83923187, car
yolo10-12, 66110630, aeroplane
yolo8-14, 66110630, car
yolo2-14, 66110630, aeroplane
yolo4-9, 66110630, car
yolo8-14, 14670570, car
yolo2-14, 14670570, aeroplane
yolo4-9, 14670570, car
yolo10-12, 14670570, aeroplane
yolo2-14, 66646491, aeroplane
yolo8-14, 66646491, car
yolo10-12, 66646491, aeroplane
yolo4-9, 66646491, car
yolo9-10, 60470100, car

========== Time: 19 ==========
yolo10-12, 88597271, aeroplane
yolo4-9, 88597271, car
yolo2-14, 88597271, aeroplane
yolo8-14, 88597271, car
yolo9-10, 51761166, aeroplane
yolo9-10, 13543144, car
yolo10-12, 67999735, aeroplane
yolo8-14, 67999735, car
yolo2-14, 67999735, aeroplane
yolo4-9, 67999735, car
yolo9-10, 47310187, aeroplane
yolo9-10, 38689444, aeroplane
yolo10-12, 47806129, aeroplane
yolo2-14, 47806129, aeroplane
yolo8-14, 47806129, car
yolo4-9, 47806129, car
yolo9-10, 46375401, car
yolo9-10, 20070838, car
yolo8-14, 30766250, car
yolo10-12, 30766250, car
yolo2-14, 30766250, car
yolo4-9, 30766250, car
yolo9-10, 41527346, aeroplane
yolo9-10, 09190147, aeroplane
yolo2-14, 53992211, car
yolo10-12, 53992211, car
yolo8-14, 53992211, car
yolo4-9, 53992211, car
yolo9-10, 78950246, car
yolo9-10, 26090293, car
yolo2-14, 90458409, car
yolo4-9, 90458409, car
yolo10-12, 90458409, car
yolo8-14, 90458409, car
yolo9-10, 18017905, car

========== Time: 20 ==========
yolo2-14, 44799321, car
yolo10-12, 44799321, car
yolo9-10, 06898100, aeroplane
yolo4-9, 44799321, car
yolo8-14, 44799321, car
yolo9-10, 98726052, car
yolo2-14, 33742268, car
yolo10-12, 33742268, car
yolo8-14, 33742268, car
yolo4-9, 33742268, car
yolo9-10, 83923187, car
yolo9-10, 66110630, car
yolo8-14, 68164249, car
yolo2-14, 68164249, aeroplane
yolo10-12, 68164249, car
yolo9-10, 14670570, car
yolo9-10, 66646491, car
yolo2-14, 24980256, aeroplane
yolo10-12, 24980256, car
yolo8-14, 24980256, car
yolo9-10, 88597271, car
yolo9-10, 67999735, car
yolo1-edge-16, 24980256, car
yolo10-12, 14896459, car
yolo2-14, 14896459, aeroplane
yolo8-14, 14896459, car
yolo9-10, 47806129, car
yolo1-edge-16, 14896459, car
yolo9-10, 30766250, car
yolo2-14, 08044359, aeroplane
yolo10-12, 08044359, car
yolo8-14, 08044359, car
yolo9-10, 53992211, car
yolo9-10, 90458409, car
yolo1-edge-16, 08044359, car
yolo10-12, 50137757, car
yolo2-14, 50137757, aeroplane
yolo9-10, 44799321, car
yolo8-14, 50137757, car
yolo9-10, 33742268, car
yolo1-edge-16, 50137757, car
yolo10-12, 79033455, car
yolo9-10, 68164249, car
yolo2-14, 79033455, aeroplane
yolo8-14, 79033455, car
yolo1-edge-16, 79033455, car
yolo10-12, 77393744, car
yolo2-14, 77393744, aeroplane
yolo8-14, 77393744, car
yolo1-edge-16, 77393744, car
yolo10-12, 77143067, car
yolo2-14, 77143067, aeroplane
yolo8-14, 77143067, car
yolo10-12, 24321333, car
yolo2-14, 24321333, aeroplane
yolo1-edge-16, 77143067, car
yolo8-14, 24321333, car
yolo10-12, 07639443, car
yolo1-edge-16, 24321333, car
yolo8-14, 07639443, car
yolo2-14, 07639443, aeroplane
yolo1-edge-16, 07639443, car
yolo10-12, 15447260, car
yolo2-14, 15447260, aeroplane
yolo8-14, 15447260, car
yolo1-edge-16, 15447260, car
yolo8-14, 82222295, car
yolo2-14, 82222295, aeroplane
yolo10-12, 82222295, car
yolo1-edge-16, 82222295, car
yolo10-12, 14881163, car
yolo2-14, 14881163, aeroplane
yolo8-14, 14881163, car

========== Time: 21 ==========
yolo2-14, 33501858, aeroplane
yolo10-12, 33501858, car
yolo8-14, 33501858, car
yolo1-edge-16, 14881163, car
yolo2-14, 85189631, aeroplane
yolo10-12, 85189631, car
yolo8-14, 85189631, car
yolo1-edge-16, 33501858, car
yolo10-12, 12758627, aeroplane
yolo2-14, 12758627, aeroplane
yolo8-14, 12758627, car
yolo1-edge-16, 85189631, car
yolo2-14, 56182858, aeroplane
yolo8-14, 56182858, car
yolo10-12, 56182858, aeroplane
yolo1-edge-16, 12758627, aeroplane
yolo10-12, 37846654, aeroplane
yolo2-14, 37846654, aeroplane
yolo8-14, 37846654, car
yolo1-edge-16, 56182858, aeroplane
yolo10-12, 26318474, aeroplane
yolo2-14, 26318474, aeroplane
yolo8-14, 26318474, car
yolo1-edge-16, 37846654, aeroplane
yolo10-12, 57520738, aeroplane
yolo9-20, 57520738, car
yolo8-14, 57520738, car
yolo2-14, 57520738, aeroplane
yolo5-17, 57520738, aeroplane
yolo9-18, 57520738, car
yolo1-edge-16, 26318474, aeroplane
yolo10-12, 05888347, aeroplane
yolo5-17, 05888347, aeroplane
yolo2-14, 05888347, aeroplane
yolo8-14, 05888347, car
yolo9-18, 05888347, car
yolo9-20, 05888347, car
yolo1-edge-16, 57520738, aeroplane
yolo2-14, 91852100, aeroplane
yolo8-14, 91852100, car
yolo10-12, 91852100, aeroplane
yolo9-20, 91852100, car
yolo9-18, 91852100, car
yolo5-17, 91852100, aeroplane
yolo1-edge-16, 05888347, aeroplane
yolo10-12, 01727279, aeroplane
yolo2-14, 01727279, aeroplane
yolo9-18, 01727279, car
yolo8-14, 01727279, car
yolo5-17, 01727279, aeroplane
yolo9-20, 01727279, car
yolo1-edge-16, 91852100, aeroplane
yolo11-16, 88597271, aeroplane
yolo3-15, 88597271, car
yolo2-14, 55686535, aeroplane
yolo10-12, 55686535, aeroplane
yolo9-20, 55686535, car
yolo5-17, 55686535, aeroplane
yolo8-14, 55686535, car
yolo9-18, 55686535, car
yolo1-edge-16, 01727279, aeroplane
yolo11-16, 67999735, aeroplane
yolo3-15, 67999735, car
yolo3-15, 47806129, car
yolo11-16, 47806129, aeroplane
yolo10-12, 01312001, aeroplane
yolo9-18, 01312001, car
yolo8-14, 01312001, car
yolo2-14, 01312001, aeroplane
yolo5-17, 01312001, aeroplane
yolo9-20, 01312001, car
yolo1-edge-16, 55686535, aeroplane
yolo11-16, 30766250, car
yolo3-15, 30766250, car
yolo10-12, 59603101, aeroplane
yolo5-17, 59603101, aeroplane
yolo8-14, 59603101, car
yolo9-18, 59603101, car
yolo2-14, 59603101, aeroplane
yolo9-20, 59603101, car
yolo1-edge-16, 01312001, aeroplane
yolo11-16, 53992211, car

========== Time: 22 ==========
yolo2-14, 65490109, aeroplane
yolo10-12, 65490109, aeroplane
yolo3-15, 53992211, car
yolo5-17, 65490109, aeroplane
yolo8-14, 65490109, car
yolo9-18, 65490109, car
yolo9-20, 65490109, car
yolo1-edge-16, 59603101, aeroplane
yolo11-16, 90458409, aeroplane
yolo5-17, 79790356, aeroplane
yolo10-12, 79790356, aeroplane
yolo8-14, 79790356, car
yolo9-20, 79790356, car
yolo1-edge-16, 65490109, aeroplane
yolo3-15, 79790356, car
yolo9-18, 79790356, car
yolo2-14, 79790356, aeroplane
yolo10-12, 69579943, aeroplane
yolo11-16, 69579943, aeroplane
yolo9-18, 69579943, car
yolo5-17, 69579943, aeroplane
yolo2-14, 69579943, aeroplane
yolo9-edge-18, 69579943, car
yolo1-edge-16, 79790356, aeroplane
yolo9-20, 69579943, car
yolo3-15, 69579943, car
yolo8-14, 69579943, car
yolo2-14, 55350289, aeroplane
yolo10-12, 55350289, aeroplane
yolo1-edge-16, 69579943, aeroplane
yolo9-edge-18, 55350289, car
yolo9-18, 55350289, car
yolo9-20, 55350289, car
yolo5-17, 55350289, aeroplane
yolo11-16, 55350289, aeroplane
yolo8-14, 55350289, car
yolo3-15, 55350289, car
yolo1-edge-16, 55350289, aeroplane
yolo9-20, 24311336, car
yolo11-16, 24311336, aeroplane
yolo9-edge-18, 24311336, car
yolo2-14, 24311336, aeroplane
yolo8-14, 24311336, car
yolo3-15, 24311336, car
yolo10-12, 24311336, aeroplane
yolo5-17, 24311336, aeroplane
yolo1-edge-16, 24311336, aeroplane
yolo2-14, 12526211, aeroplane
yolo11-16, 12526211, aeroplane
yolo10-12, 12526211, aeroplane
yolo9-edge-18, 12526211, car
yolo3-15, 12526211, car
yolo8-14, 12526211, car
yolo9-20, 12526211, car
yolo5-17, 12526211, aeroplane
yolo1-edge-16, 12526211, aeroplane
yolo10-12, 98781936, aeroplane
yolo11-16, 98781936, aeroplane
yolo3-15, 98781936, car
yolo9-20, 98781936, car
yolo8-14, 98781936, car
yolo5-17, 98781936, aeroplane
yolo2-14, 98781936, aeroplane
yolo9-edge-18, 98781936, car
yolo1-edge-16, 98781936, aeroplane
yolo11-16, 34337446, aeroplane
yolo10-12, 34337446, aeroplane
yolo5-17, 34337446, aeroplane
yolo9-20, 34337446, car
yolo2-14, 34337446, aeroplane
yolo8-14, 34337446, car
yolo9-edge-18, 34337446, car
yolo3-15, 34337446, car
yolo1-edge-16, 34337446, aeroplane
yolo10-12, 54194345, aeroplane
yolo3-15, 54194345, car
yolo2-14, 54194345, aeroplane
yolo8-14, 54194345, car
yolo11-16, 54194345, aeroplane
yolo9-20, 54194345, car
yolo5-17, 54194345, aeroplane
yolo9-edge-18, 54194345, car
yolo1-edge-16, 54194345, aeroplane
yolo8-14, 72517482, car
yolo11-16, 72517482, aeroplane
yolo2-14, 72517482, aeroplane
yolo10-12, 72517482, aeroplane
yolo9-20, 72517482, car
yolo3-15, 72517482, car
yolo5-17, 72517482, aeroplane
yolo9-edge-18, 72517482, car
yolo1-edge-16, 72517482, aeroplane
yolo10-12, 72258511, aeroplane
yolo8-14, 72258511, car
yolo2-14, 72258511, aeroplane
yolo9-20, 72258511, car
yolo11-16, 72258511, aeroplane
yolo5-17, 72258511, aeroplane
yolo9-edge-18, 72258511, car
yolo1-edge-16, 72258511, aeroplane
yolo2-14, 91364432, aeroplane
yolo5-17, 91364432, aeroplane
yolo10-12, 91364432, aeroplane
yolo11-16, 91364432, aeroplane
yolo9-20, 91364432, car
yolo8-14, 91364432, car
yolo9-edge-18, 91364432, car
yolo1-edge-16, 91364432, aeroplane
yolo10-12, 05750427, aeroplane
yolo5-17, 05750427, aeroplane
yolo11-16, 05750427, aeroplane
yolo2-14, 05750427, aeroplane
yolo8-14, 05750427, car
yolo9-edge-18, 05750427, car
yolo9-20, 05750427, car
yolo1-edge-16, 05750427, aeroplane
yolo10-12, 30090753, aeroplane
yolo9-edge-18, 30090753, car
yolo5-17, 30090753, aeroplane
yolo11-16, 30090753, aeroplane
yolo2-14, 30090753, aeroplane
yolo5-22, 30090753, aeroplane
yolo8-14, 30090753, car
yolo9-20, 30090753, car
yolo1-edge-16, 30090753, aeroplane
yolo10-12, 15926889, aeroplane
yolo9-20, 15926889, car
yolo2-14, 15926889, aeroplane
yolo11-16, 15926889, aeroplane
yolo5-17, 15926889, aeroplane
yolo5-22, 15926889, aeroplane
yolo8-14, 15926889, car
yolo9-edge-18, 15926889, car
yolo1-edge-16, 15926889, aeroplane

========== Time: 23 ==========
yolo10-12, 31953679, aeroplane
yolo2-14, 31953679, aeroplane
yolo11-16, 31953679, aeroplane
yolo5-17, 31953679, aeroplane
yolo5-22, 31953679, aeroplane
yolo9-20, 31953679, car
yolo9-edge-18, 31953679, car
yolo8-14, 31953679, car
yolo1-edge-16, 31953679, aeroplane
yolo11-16, 58645141, aeroplane
yolo10-12, 58645141, aeroplane
yolo2-14, 58645141, aeroplane
yolo5-22, 58645141, aeroplane
yolo5-17, 58645141, aeroplane
yolo9-20, 58645141, car
yolo9-edge-18, 58645141, car
yolo1-edge-16, 58645141, aeroplane
yolo8-14, 58645141, car
yolo12-20, 15926889, aeroplane
yolo5-22, 98276601, aeroplane
yolo11-16, 98276601, aeroplane
yolo5-17, 98276601, aeroplane
yolo9-20, 98276601, car
yolo9-edge-18, 98276601, car
yolo10-12, 98276601, aeroplane
yolo2-14, 98276601, aeroplane
yolo12-20, 31953679, aeroplane
yolo8-14, 98276601, car
yolo1-edge-16, 98276601, aeroplane
yolo12-20, 58645141, aeroplane
yolo9-edge-18, 65718612, car
yolo5-22, 65718612, aeroplane
yolo5-17, 65718612, aeroplane
yolo8-14, 65718612, car
yolo2-14, 65718612, aeroplane
yolo10-12, 65718612, aeroplane
yolo9-20, 65718612, car
yolo1-edge-16, 65718612, aeroplane
yolo11-16, 65718612, aeroplane
yolo12-20, 98276601, aeroplane
yolo8-14, 30663292, car
yolo5-22, 30663292, aeroplane
yolo9-20, 30663292, car
yolo5-17, 30663292, aeroplane
yolo9-edge-18, 30663292, car
yolo12-20, 65718612, aeroplane
yolo1-edge-16, 30663292, aeroplane
yolo11-16, 30663292, aeroplane
yolo2-14, 30663292, aeroplane
yolo10-12, 30663292, aeroplane
yolo12-20, 30663292, aeroplane
yolo11-16, 96913676, aeroplane
yolo10-12, 96913676, aeroplane
yolo2-14, 96913676, aeroplane
yolo8-14, 96913676, car
yolo5-22, 96913676, aeroplane
yolo5-17, 96913676, aeroplane
yolo9-20, 96913676, car
yolo9-edge-18, 96913676, car
yolo12-20, 96913676, aeroplane
yolo1-edge-16, 96913676, aeroplane
yolo10-12, 89028483, aeroplane
yolo5-22, 89028483, aeroplane
yolo9-edge-18, 89028483, car
yolo1-edge-16, 89028483, aeroplane
yolo5-17, 89028483, aeroplane
yolo12-20, 89028483, aeroplane
yolo2-14, 89028483, aeroplane
yolo11-16, 89028483, aeroplane
yolo8-14, 89028483, car
yolo9-20, 89028483, car
yolo11-16, 07884440, aeroplane
yolo5-17, 07884440, aeroplane
yolo12-20, 07884440, aeroplane
yolo10-12, 07884440, aeroplane
yolo5-22, 07884440, aeroplane
yolo2-14, 07884440, aeroplane
yolo9-20, 07884440, car
yolo8-14, 07884440, car
yolo9-edge-18, 07884440, car
yolo1-edge-16, 07884440, aeroplane
yolo2-14, 78208630, aeroplane
yolo9-20, 78208630, car
yolo12-20, 78208630, aeroplane
yolo5-22, 78208630, aeroplane
yolo5-17, 78208630, aeroplane
yolo8-14, 78208630, car
yolo9-edge-18, 78208630, car
yolo11-16, 78208630, aeroplane
yolo1-edge-16, 78208630, aeroplane
yolo11-16, 77709124, aeroplane
yolo2-14, 77709124, aeroplane
yolo8-14, 77709124, car
yolo9-20, 77709124, car
yolo12-20, 77709124, aeroplane
yolo5-22, 77709124, aeroplane
yolo5-17, 77709124, aeroplane
yolo1-edge-16, 77709124, aeroplane
yolo9-edge-18, 77709124, car
yolo11-16, 03728442, aeroplane
yolo8-14, 03728442, car
yolo1-edge-16, 03728442, aeroplane
yolo9-edge-18, 03728442, car
yolo2-14, 03728442, aeroplane
yolo5-22, 03728442, aeroplane
yolo5-17, 03728442, aeroplane
yolo9-20, 03728442, car
yolo12-20, 03728442, aeroplane
yolo11-16, 85152552, aeroplane
yolo5-22, 85152552, aeroplane
yolo2-14, 85152552, aeroplane
yolo5-17, 85152552, aeroplane
yolo9-20, 85152552, car
yolo8-14, 85152552, car
yolo12-20, 85152552, aeroplane
yolo1-edge-16, 85152552, aeroplane
yolo9-edge-18, 85152552, car
yolo12-20, 77176447, aeroplane
yolo5-22, 77176447, aeroplane
yolo11-16, 77176447, aeroplane
yolo9-20, 77176447, car
yolo8-14, 77176447, car
yolo2-14, 77176447, aeroplane
yolo5-17, 77176447, aeroplane
yolo9-edge-18, 77176447, car
yolo1-edge-16, 77176447, aeroplane
yolo9-20, 24783524, car
yolo12-20, 24783524, aeroplane
yolo8-14, 24783524, car
yolo2-14, 24783524, aeroplane
yolo5-22, 24783524, aeroplane
yolo5-17, 24783524, aeroplane
yolo11-16, 24783524, aeroplane
yolo1-edge-16, 24783524, aeroplane
yolo9-edge-18, 24783524, car
yolo5-17, 09335969, aeroplane
yolo11-16, 09335969, aeroplane
yolo2-14, 09335969, aeroplane
yolo12-20, 09335969, aeroplane
yolo5-22, 09335969, aeroplane
yolo9-20, 09335969, car
yolo8-14, 09335969, car
yolo1-edge-16, 09335969, aeroplane
yolo9-edge-18, 09335969, car

========== Time: 24 ==========
yolo2-14, 06760979, aeroplane
yolo11-16, 06760979, aeroplane
yolo5-17, 06760979, aeroplane
yolo12-20, 06760979, aeroplane
yolo5-22, 06760979, aeroplane
yolo4-22, 06760979, car
yolo8-14, 06760979, car
yolo1-edge-16, 06760979, aeroplane
yolo9-20, 06760979, car
yolo9-edge-18, 06760979, car
yolo8-19, 06760979, car
yolo1-edge-16, 40433513, aeroplane
yolo5-17, 40433513, aeroplane
yolo12-20, 40433513, aeroplane
yolo2-14, 40433513, aeroplane
yolo5-22, 40433513, aeroplane
yolo9-edge-18, 40433513, car
yolo8-19, 40433513, car
yolo4-22, 40433513, car
yolo7-19, 40433513, aeroplane
yolo9-20, 40433513, car
yolo11-16, 40433513, aeroplane
yolo8-14, 40433513, car
yolo9-edge-18, 97636296, car
yolo4-22, 97636296, car
yolo1-edge-16, 97636296, aeroplane
yolo8-19, 97636296, car
yolo7-19, 97636296, aeroplane
yolo5-22, 97636296, aeroplane
yolo9-20, 97636296, car
yolo2-14, 97636296, aeroplane
yolo8-14, 97636296, car
yolo12-20, 97636296, aeroplane
yolo5-17, 97636296, aeroplane
yolo11-16, 97636296, aeroplane
yolo9-edge-18, 91005040, car
yolo1-edge-16, 91005040, car
yolo5-17, 91005040, car
yolo5-22, 91005040, car
yolo2-14, 91005040, car
yolo11-16, 91005040, car
yolo9-20, 91005040, car
yolo7-19, 91005040, car
yolo4-22, 91005040, car
yolo8-19, 91005040, car
yolo8-14, 91005040, car
yolo12-20, 91005040, car
yolo1-edge-16, 49173780, car
yolo9-edge-18, 49173780, car
yolo1-edge-16, 05114309, car
yolo9-edge-18, 05114309, car
yolo2-14, 49173780, car
yolo1-edge-16, 80177639, car
yolo9-edge-18, 80177639, car
yolo1-edge-16, 95653964, car
yolo9-edge-18, 95653964, car
yolo8-14, 49173780, car
yolo12-20, 49173780, car
yolo4-22, 49173780, car
yolo9-edge-18, 88712608, car
yolo5-22, 49173780, car
yolo2-14, 05114309, car
yolo9-edge-18, 30704640, car
yolo7-19, 49173780, car
yolo11-16, 49173780, car
yolo8-14, 05114309, car
yolo4-22, 05114309, car
yolo12-20, 05114309, car
yolo8-14, 80177639, car
yolo9-edge-18, 56656069, car
yolo4-22, 80177639, car
yolo2-14, 80177639, car
yolo12-20, 80177639, car
yolo8-14, 95653964, car
yolo4-22, 95653964, car
yolo2-14, 95653964, car
yolo12-20, 95653964, car
yolo9-edge-18, 71020320, car
yolo4-22, 88712608, car
yolo8-14, 88712608, car
yolo2-14, 88712608, car
yolo12-20, 88712608, car
yolo8-14, 30704640, car
yolo4-22, 30704640, car
yolo2-14, 30704640, car
yolo9-edge-18, 89520623, car
yolo12-20, 30704640, car
yolo8-14, 56656069, car
yolo4-22, 56656069, car
yolo2-14, 56656069, car
yolo12-20, 56656069, car
yolo7-19, 05114309, car
yolo11-16, 05114309, car
yolo8-14, 71020320, car
yolo4-22, 71020320, car
yolo9-edge-18, 20537057, car
yolo2-14, 71020320, car
yolo12-20, 71020320, car
yolo11-16, 80177639, car
yolo7-19, 80177639, car
yolo8-14, 89520623, car
yolo4-22, 89520623, car
yolo5-22, 05114309, car
yolo12-20, 89520623, car
yolo8-14, 20537057, car
yolo7-19, 95653964, car
yolo4-22, 20537057, car
yolo11-16, 95653964, car
yolo2-14, 89520623, car
yolo5-22, 80177639, car
yolo9-edge-18, 90779953, car
yolo12-20, 20537057, car
yolo8-14, 90779953, car
yolo5-22, 95653964, car
yolo11-16, 88712608, car
yolo7-19, 88712608, car
yolo4-22, 90779953, car
yolo2-14, 20537057, car
yolo12-20, 90779953, car
yolo8-14, 84516613, car
yolo9-edge-18, 84516613, car

========== Time: 25 ==========
yolo7-19, 30704640, car
yolo11-16, 30704640, car
yolo5-22, 88712608, car
yolo12-20, 84516613, car
yolo4-22, 84516613, car
yolo2-14, 90779953, car
yolo7-19, 56656069, car
yolo5-22, 30704640, car
yolo11-16, 56656069, car
yolo2-14, 84516613, car
yolo9-edge-18, 09327054, car
yolo12-20, 09327054, car
yolo4-22, 09327054, car
yolo8-14, 09327054, car
yolo7-19, 71020320, car
yolo11-16, 71020320, car
yolo2-14, 09327054, car
yolo5-22, 56656069, car
yolo7-19, 89520623, car
yolo11-16, 89520623, car
yolo2-14, 23584870, car
yolo9-edge-18, 23584870, car
yolo5-22, 71020320, car
yolo12-20, 23584870, car
yolo4-22, 23584870, car
yolo8-14, 23584870, car
yolo7-19, 20537057, car
yolo11-16, 20537057, car
yolo5-22, 89520623, car
yolo7-19, 90779953, car
yolo11-16, 90779953, car
yolo9-edge-18, 87361004, car
yolo5-22, 20537057, car
yolo2-14, 87361004, car
yolo12-20, 87361004, car
yolo7-19, 84516613, car
yolo4-22, 87361004, car
yolo8-14, 87361004, car
yolo11-16, 84516613, car
yolo5-22, 90779953, car
yolo7-19, 09327054, car
yolo11-16, 09327054, car
yolo9-edge-18, 90424424, car
yolo5-22, 84516613, car
yolo4-22, 90424424, car
yolo2-14, 90424424, car
yolo8-14, 90424424, car
yolo12-20, 90424424, car
yolo7-19, 23584870, car
yolo11-16, 23584870, car
yolo5-22, 09327054, car
yolo7-19, 87361004, car
yolo11-16, 87361004, car
yolo9-edge-18, 82692864, car
yolo5-22, 23584870, car
yolo2-14, 82692864, car
yolo12-20, 82692864, car
yolo4-22, 82692864, car
yolo8-14, 82692864, car
yolo7-19, 90424424, car
yolo11-16, 90424424, car
yolo5-22, 87361004, car
yolo7-19, 82692864, car
yolo11-16, 82692864, car
yolo5-22, 90424424, car
yolo9-edge-18, 27689129, car
yolo2-14, 27689129, car
yolo12-20, 27689129, car
yolo8-14, 27689129, car
yolo4-22, 27689129, car
yolo7-19, 27689129, car
yolo11-16, 27689129, car
yolo5-22, 82692864, car
yolo5-22, 27689129, car
yolo9-edge-18, 51999533, car
yolo11-16, 51999533, car
yolo4-22, 51999533, car
yolo12-20, 51999533, car
yolo2-14, 51999533, car
yolo8-14, 51999533, car
yolo7-19, 51999533, car
yolo5-22, 51999533, car
yolo9-edge-18, 23497589, car
yolo11-16, 23497589, car
yolo5-22, 23497589, car
yolo12-20, 23497589, car
yolo4-22, 23497589, car
yolo9-edge-18, 89413668, car
yolo4-22, 89413668, car
yolo5-22, 89413668, car
yolo11-16, 89413668, car
yolo12-20, 89413668, car
yolo11-16, 88262071, car
yolo12-20, 88262071, car
yolo9-edge-18, 88262071, car
yolo4-22, 88262071, car
yolo5-22, 88262071, car
yolo12-20, 76474918, car
yolo11-16, 76474918, car
yolo4-22, 76474918, car
yolo5-22, 76474918, car
yolo9-edge-18, 76474918, car
yolo12-20, 18615205, car
yolo4-22, 18615205, car
yolo5-22, 18615205, car
yolo9-edge-18, 18615205, car
yolo11-16, 18615205, car
yolo9-edge-18, 21451711, car
yolo4-22, 21451711, car
yolo1-23, 18615205, car
yolo11-16, 21451711, car
yolo12-20, 21451711, car
yolo5-22, 21451711, car
yolo1-23, 21451711, car
yolo11-16, 69656651, car
yolo5-22, 69656651, car
yolo1-23, 69656651, car
yolo4-22, 69656651, car
yolo12-20, 69656651, car
yolo9-edge-18, 69656651, car
yolo9-edge-18, 28566816, car
yolo12-20, 28566816, car
yolo11-16, 28566816, car
yolo1-23, 28566816, car
yolo5-22, 28566816, car
yolo4-22, 28566816, car
yolo9-edge-18, 58539606, car
yolo12-20, 58539606, car
yolo11-16, 58539606, car
yolo4-22, 58539606, car
yolo5-22, 58539606, car
yolo1-23, 58539606, car
yolo9-edge-18, 36621666, car
yolo11-16, 36621666, car
yolo1-23, 36621666, car
yolo12-20, 36621666, car
yolo4-22, 36621666, car
yolo5-22, 36621666, car
yolo9-edge-18, 81646061, car
yolo5-22, 81646061, car
yolo1-23, 81646061, car
yolo11-16, 81646061, car
yolo4-22, 81646061, car
yolo12-20, 81646061, car
yolo9-edge-18, 00397482, car
yolo11-16, 00397482, car
yolo4-22, 00397482, car
yolo5-22, 00397482, car
yolo12-20, 00397482, car
yolo1-23, 00397482, car
yolo12-24, 00397482, car
yolo9-edge-18, 98997234, car
yolo1-23, 98997234, car
yolo12-20, 98997234, car
yolo11-16, 98997234, car
yolo12-24, 98997234, car
yolo5-22, 98997234, car
yolo4-22, 98997234, car
yolo9-edge-18, 22008902, car
yolo12-20, 22008902, car
yolo12-24, 22008902, car
yolo11-16, 22008902, car
yolo5-22, 22008902, car
yolo4-22, 22008902, car
yolo12-20, 95653211, car
yolo4-22, 95653211, car
yolo9-edge-18, 95653211, car
yolo11-16, 95653211, car
yolo12-24, 95653211, car
yolo5-22, 95653211, car
yolo3-23, 95653211, car
yolo9-edge-18, 20369491, car
yolo11-16, 20369491, car
yolo12-24, 20369491, car
yolo3-23, 20369491, car
yolo12-20, 20369491, car
yolo4-22, 20369491, car
yolo5-22, 20369491, car
yolo9-edge-18, 35202368, car
yolo5-22, 35202368, car
yolo4-22, 35202368, car
yolo11-16, 35202368, car
yolo12-20, 35202368, car
yolo3-23, 35202368, car
yolo12-24, 35202368, car
yolo11-16, 81855025, car
yolo12-20, 81855025, car
yolo3-23, 81855025, car
yolo9-edge-18, 81855025, car
yolo12-24, 81855025, car
yolo4-22, 81855025, car
yolo5-22, 81855025, car
