
========== Time: 0 ==========

========== Time: 1 ==========

========== Time: 2 ==========
yolo12-0, 95860720, car
yolo12-0, 79521651, car

========== Time: 3 ==========
yolo12-0, 95605322, car
yolo12-0, 89483368, car
yolo12-0, 08171697, car
yolo12-0, 93706101, car
yolo12-0, 49435213, car
yolo12-0, 55960566, car
yolo12-0, 58009929, car
yolo12-0, 53046202, car
yolo12-0, 98337864, car
yolo12-0, 12000720, car
yolo12-0, 45708769, car
yolo12-0, 79336025, car
yolo12-0, 49634298, car
yolo12-0, 65262166, car
yolo12-0, 71491470, car
yolo12-0, 24427570, car
yolo9-2, 58009929, car
yolo12-0, 40447640, car
yolo9-2, 53046202, car
yolo9-2, 98337864, car
yolo12-0, 65714277, car
yolo9-2, 12000720, car
yolo9-2, 45708769, car
yolo12-0, 02672998, car
yolo9-2, 79336025, car

========== Time: 4 ==========
yolo9-2, 49634298, car
yolo12-0, 10331945, car
yolo9-2, 65262166, car
yolo9-2, 71491470, car
yolo12-0, 69762592, car
yolo9-2, 24427570, car
yolo9-2, 40447640, car
yolo12-0, 86372341, train
yolo9-2, 65714277, car
yolo9-2, 02672998, car
yolo12-0, 02943919, car
yolo9-2, 10331945, car
yolo9-2, 69762592, car
yolo12-0, 93522489, car
yolo9-2, 86372341, train
yolo9-2, 02943919, car
yolo12-0, 10098012, car
yolo9-2, 93522489, car
yolo9-2, 10098012, car
yolo12-0, 78199932, car
yolo9-2, 78199932, car
yolo12-0, 21359653, car
yolo9-2, 21359653, car
yolo12-0, 97377103, car
yolo9-2, 97377103, car
yolo12-0, 58619780, car
yolo9-2, 58619780, car
yolo9-2, 77546654, car
yolo12-0, 77546654, car
yolo12-0, 67069065, car
yolo9-2, 67069065, car
yolo12-0, 65848030, car
yolo9-2, 65848030, car
yolo9-2, 09270726, car
yolo12-0, 09270726, car
yolo9-2, 47003736, car
yolo12-0, 47003736, car

========== Time: 5 ==========
yolo12-0, 04693425, car
yolo8-2, 04693425, car
yolo9-2, 04693425, car
yolo8-2, 07047562, car
yolo12-0, 07047562, car
yolo9-2, 07047562, car
yolo9-2, 04486969, bottle
yolo12-0, 04486969, sofa
yolo8-2, 04486969, sofa
yolo9-2, 24339429, aeroplane
yolo8-2, 24339429, aeroplane
yolo12-0, 24339429, aeroplane
yolo8-2, 16532163, sofa
yolo9-2, 16532163, sofa
yolo12-0, 16532163, sofa
yolo9-2, 70042393, aeroplane
yolo8-2, 70042393, aeroplane
yolo12-0, 70042393, aeroplane
yolo9-2, 07960075, bottle
yolo8-2, 07960075, bottle
yolo12-0, 07960075, bottle
yolo9-2, 93653280, aeroplane
yolo8-2, 93653280, aeroplane
yolo12-0, 93653280, aeroplane
yolo8-2, 07216257, car
yolo9-2, 07216257, car
yolo8-2, 59428626, aeroplane
yolo9-2, 59428626, aeroplane
yolo9-2, 13731209, car
yolo8-2, 13731209, car
yolo9-2, 60611553, car
yolo8-2, 60611553, car
yolo9-2, 26574625, sofa
yolo8-2, 26574625, sofa
yolo9-2, 07126227, car
yolo8-2, 07126227, car
yolo8-2, 17801797, aeroplane
yolo9-2, 17801797, aeroplane
yolo9-2, 10095233, car
yolo8-2, 10095233, car

========== Time: 6 ==========
yolo9-2, 00893074, sofa
yolo8-2, 00893074, sofa
yolo9-2, 95336005, car
yolo8-2, 95336005, car
yolo9-2, 71129404, sofa
yolo8-2, 71129404, sofa
yolo8-2, 87021710, car
yolo9-2, 87021710, car
yolo9-2, 86369730, boat
yolo8-2, 86369730, boat
yolo9-2, 15783629, sofa
yolo8-2, 15783629, sofa
yolo9-2, 78650611, sofa
yolo8-2, 78650611, sofa
yolo9-2, 04874876, aeroplane
yolo8-2, 04874876, aeroplane
yolo9-2, 65356028, sofa
yolo8-2, 65356028, sofa
yolo9-2, 11383839, sofa
yolo8-2, 11383839, sofa
yolo8-2, 08676279, car
yolo9-2, 08676279, car
yolo9-2, 05444003, bottle
yolo8-2, 05444003, bottle
yolo9-2, 73116556, sofa
yolo8-2, 73116556, sofa
yolo8-2, 99248238, aeroplane
yolo9-2, 99248238, aeroplane
yolo9-2, 16997662, car
yolo8-2, 16997662, car
yolo11-2, 59428626, aeroplane
yolo9-2, 06608134, sofa

========== Time: 7 ==========
yolo11-2, 13731209, car
yolo8-2, 06608134, sofa
yolo9-2, 66871731, sofa
yolo8-2, 66871731, sofa
yolo9-2, 94519710, aeroplane
yolo11-2, 60611553, aeroplane
yolo8-2, 94519710, aeroplane
yolo9-2, 63087434, car
yolo11-2, 63087434, car
yolo8-2, 63087434, car
yolo11-2, 46156370, sofa
yolo9-2, 46156370, sofa
yolo8-2, 46156370, sofa
yolo11-2, 45710988, car
yolo9-2, 45710988, car
yolo8-2, 45710988, car
yolo12-4, 45710988, car
yolo9-2, 66068625, car
yolo12-4, 66068625, car
yolo8-2, 66068625, car
yolo9-2, 26048367, car
yolo8-2, 26048367, car
yolo12-4, 26048367, car
yolo9-2, 46555586, car
yolo8-2, 46555586, car
yolo12-4, 46555586, car
yolo9-2, 63139903, sofa
yolo11-2, 66068625, car
yolo12-4, 63139903, sofa
yolo8-2, 63139903, sofa
yolo9-2, 96303378, car
yolo11-2, 26048367, car
yolo12-4, 96303378, car
yolo8-2, 96303378, car
yolo11-2, 46555586, car
yolo8-2, 16471574, car
yolo12-4, 16471574, car
yolo9-2, 16471574, car
yolo11-2, 63139903, sofa
yolo11-2, 96303378, car
yolo12-4, 69072099, car
yolo8-2, 69072099, car
yolo9-2, 69072099, car
yolo11-2, 16471574, car
yolo11-2, 69072099, car
yolo11-2, 89091585, car
yolo11-2, 53786525, car
yolo9-2, 89091585, car

========== Time: 8 ==========
yolo8-2, 89091585, car
yolo12-4, 89091585, car
yolo8-2, 53786525, car
yolo12-4, 53786525, car
yolo9-2, 53786525, car
yolo11-2, 88883545, car
yolo9-2, 88883545, car
yolo11-2, 69506537, car
yolo8-2, 88883545, car
yolo12-4, 88883545, car
yolo9-2, 69506537, car
yolo12-4, 69506537, car
yolo8-2, 69506537, car
yolo9-2, 52820824, car
yolo8-2, 52820824, car
yolo11-2, 52820824, car
yolo12-4, 52820824, car
yolo9-2, 12027160, car
yolo11-2, 12027160, car
yolo8-2, 12027160, car
yolo12-4, 12027160, car
yolo11-2, 32260469, car
yolo9-2, 32260469, car
yolo12-4, 32260469, car
yolo8-2, 32260469, car
yolo9-2, 24624587, car
yolo12-4, 24624587, car
yolo11-2, 24624587, car
yolo8-2, 24624587, car
yolo12-4, 64124999, car
yolo8-2, 64124999, car
yolo11-2, 64124999, car
yolo9-2, 64124999, car
yolo11-2, 40221848, car
yolo9-2, 40221848, car
yolo8-2, 40221848, car
yolo12-4, 40221848, car
yolo11-2, 48141880, aeroplane
yolo9-2, 48141880, aeroplane
yolo8-2, 48141880, aeroplane
yolo12-4, 48141880, aeroplane
yolo11-2, 72693621, car
yolo9-2, 72693621, car
yolo12-4, 72693621, car
yolo8-2, 72693621, car
yolo9-2, 08555018, car
yolo9-2, 33623698, car
yolo8-2, 08555018, car
yolo8-2, 33623698, car
yolo9-2, 74140156, aeroplane
yolo8-2, 74140156, aeroplane
yolo8-2, 09338551, car
yolo9-2, 09338551, car
yolo9-2, 17709728, car
yolo8-2, 17709728, car
yolo8-2, 62816119, car
yolo9-2, 62816119, car
yolo8-2, 42777537, car
yolo9-2, 42777537, car
yolo9-2, 05484565, car
yolo8-2, 05484565, car
yolo8-2, 54717333, car
yolo9-2, 54717333, car

========== Time: 9 ==========
yolo2-1, 89091585, car
yolo8-2, 08852587, car
yolo9-2, 08852587, car
yolo2-1, 53786525, car
yolo9-2, 88765977, car
yolo8-2, 88765977, car
yolo2-1, 88883545, car
yolo8-2, 07729090, car
yolo9-2, 07729090, car
yolo2-1, 69506537, car
yolo2-1, 52820824, car
yolo2-1, 12027160, car
yolo9-2, 95735764, car
yolo8-2, 95735764, car
yolo2-1, 32260469, car
yolo8-2, 32836367, sofa
yolo9-2, 32836367, sofa
yolo2-1, 24624587, car
yolo2-1, 64124999, car
yolo9-2, 96108469, car
yolo8-2, 96108469, car
yolo2-1, 40221848, car
yolo2-1, 48141880, aeroplane
yolo8-2, 80106808, car
yolo9-2, 80106808, car
yolo2-1, 72693621, car
yolo2-1, 08555018, car
yolo9-2, 22308246, car
yolo8-2, 22308246, car
yolo2-1, 33623698, car
yolo2-1, 74140156, aeroplane
yolo9-2, 58922286, car
yolo8-2, 58922286, car
yolo2-1, 09338551, car
yolo2-1, 17709728, car
yolo9-2, 92428440, car
yolo8-2, 92428440, car
yolo2-1, 62816119, car
yolo2-1, 42777537, car
yolo9-2, 28617421, sofa
yolo8-2, 28617421, sofa
yolo2-1, 05484565, car
yolo9-2, 50504030, car
yolo2-1, 54717333, car
yolo8-2, 50504030, car
yolo2-1, 08852587, car
yolo2-1, 88765977, car
yolo8-2, 69635408, car
yolo9-2, 69635408, car
yolo2-1, 07729090, car
yolo2-1, 95735764, car
yolo8-2, 60711939, car
yolo9-2, 60711939, car
yolo9-2, 15886184, aeroplane
yolo8-2, 15886184, aeroplane
yolo8-2, 74442575, car
yolo9-2, 74442575, car
yolo9-2, 12285236, car
yolo8-2, 12285236, car
yolo9-2, 47552647, car
yolo8-2, 47552647, car
yolo9-2, 47736578, car
yolo8-2, 47736578, car

========== Time: 10 ==========
yolo8-2, 57527591, car
yolo9-2, 57527591, car
yolo8-2, 62259499, car
yolo9-2, 62259499, car
yolo9-2, 26456847, car
yolo8-2, 26456847, car
yolo9-2, 13956099, car
yolo8-2, 13956099, car
yolo8-2, 02747002, car
yolo9-2, 02747002, car
yolo9-2, 19642482, aeroplane
yolo8-2, 19642482, boat
yolo9-2, 48895033, aeroplane
yolo8-2, 48895033, sofa
yolo8-2, 69371300, car
yolo9-2, 69371300, car
yolo9-2, 85930311, aeroplane
yolo8-2, 85930311, aeroplane
yolo8-2, 73956232, car
yolo9-2, 73956232, car
yolo9-2, 03462171, car
yolo8-2, 03462171, car

========== Time: 11 ==========
yolo9-2, 01232424, bottle
yolo8-2, 01232424, car
yolo9-2, 98404104, boat
yolo8-2, 98404104, boat
yolo8-2, 21644910, car
yolo9-2, 21644910, car
yolo8-2, 51831859, car
yolo9-2, 51831859, car
yolo9-2, 21596011, aeroplane
yolo8-2, 21596011, aeroplane
yolo9-2, 39530907, aeroplane
yolo8-2, 39530907, car
yolo9-2, 45012591, bottle
yolo8-2, 45012591, bottle
yolo9-2, 50876485, aeroplane
yolo8-2, 50876485, aeroplane
yolo8-2, 90619939, aeroplane
yolo9-2, 90619939, aeroplane
yolo9-2, 30292173, sofa
yolo9-2, 52891481, car
yolo9-2, 73424842, car

========== Time: 12 ==========
yolo9-2, 75322547, aeroplane
yolo9-2, 44230630, aeroplane
yolo9-2, 57253675, car
yolo9-2, 75027155, aeroplane
yolo9-2, 42181804, aeroplane
yolo9-2, 19644667, car
yolo9-2, 70020678, aeroplane
yolo9-2, 91942774, bottle
yolo9-2, 10989032, car
yolo9-2, 37048856, car
yolo9-2, 91351659, car
yolo9-2, 01673285, car
yolo9-2, 36594863, car

========== Time: 13 ==========

========== Time: 14 ==========

========== Time: 15 ==========
yolo10-8, 98615447, car
yolo10-14, 98615447, car
yolo6-5, 98615447, car
yolo10-14, 65349433, car
yolo10-8, 65349433, car
yolo6-5, 65349433, car
yolo10-14, 16129852, car
yolo6-5, 16129852, car
yolo10-8, 16129852, car
yolo10-14, 35777955, car
yolo6-5, 35777955, car
yolo10-8, 35777955, car
yolo10-14, 68756899, car
yolo6-5, 68756899, car
yolo10-8, 68756899, car
yolo10-14, 22848196, car
yolo10-8, 22848196, car
yolo10-14, 66702973, car
yolo10-8, 66702973, car
yolo10-14, 84326452, car
yolo10-8, 84326452, car
yolo10-14, 40743222, car
yolo10-8, 40743222, car
yolo10-14, 42032832, car
yolo10-8, 42032832, car
yolo10-14, 98518958, car
yolo10-8, 98518958, car
yolo10-14, 66046994, car
yolo10-8, 66046994, car
yolo10-14, 71792772, car
yolo10-8, 71792772, car
yolo10-14, 01122683, car
yolo10-8, 01122683, car
yolo10-14, 09154582, car
yolo10-8, 09154582, car
yolo10-14, 02805177, car
yolo10-8, 02805177, car

========== Time: 16 ==========
yolo10-8, 69206078, car
yolo10-14, 69206078, car
yolo10-8, 76883253, bottle
yolo10-14, 76883253, bottle
yolo10-8, 28531747, car
yolo10-14, 28531747, car
yolo10-8, 29385318, sofa
yolo10-14, 29385318, sofa
yolo10-8, 83466237, aeroplane
yolo10-14, 83466237, aeroplane
yolo10-14, 89722289, train
yolo10-8, 89722289, train
yolo10-14, 60147737, bottle
yolo10-8, 60147737, bottle
yolo10-14, 23182164, car
yolo10-8, 23182164, train
yolo6-15, 23182164, car
yolo6-15, 85983203, sofa
yolo10-8, 85983203, sofa
yolo10-14, 85983203, sofa
yolo10-14, 40936521, aeroplane
yolo10-14, 40394932, aeroplane
yolo10-14, 59554522, car
yolo10-14, 08412620, car
yolo10-14, 49269428, car
yolo10-14, 46046944, aeroplane
yolo10-14, 98527040, aeroplane

========== Time: 17 ==========
yolo10-14, 42974639, car
yolo10-14, 58640665, car
yolo10-14, 40906279, aeroplane
yolo10-14, 20215865, car
yolo10-14, 31438373, car
yolo1-14, 60147737, bottle
yolo1-14, 23182164, car
yolo10-14, 97809243, car
yolo1-14, 85983203, sofa
yolo1-14, 40936521, aeroplane
yolo10-14, 59736140, car
yolo1-14, 40394932, aeroplane
yolo1-14, 59554522, car
yolo10-14, 79820725, car
yolo1-14, 08412620, car
yolo1-14, 49269428, car
yolo10-14, 05256702, car
yolo1-14, 46046944, aeroplane
yolo1-14, 98527040, aeroplane
yolo1-14, 42974639, car
yolo10-14, 95644584, car
yolo1-14, 58640665, car
yolo1-14, 40906279, aeroplane
yolo10-14, 92576714, car
yolo1-14, 20215865, car
yolo1-14, 31438373, car
yolo10-14, 52408436, car
yolo1-14, 97809243, car
yolo1-14, 59736140, car
yolo10-14, 11164508, car
yolo1-14, 79820725, car
yolo1-14, 05256702, car
yolo10-14, 91770949, car
yolo1-14, 95644584, car
yolo1-14, 92576714, car

========== Time: 18 ==========
yolo6-16, 15885645, car
yolo10-14, 15885645, car
yolo1-14, 52408436, car
yolo1-14, 11164508, car
yolo1-14, 91770949, car
yolo10-14, 53491074, car
yolo6-16, 53491074, car
yolo1-14, 15885645, car
yolo6-16, 26216512, car
yolo10-14, 26216512, car
yolo1-14, 53491074, car
yolo1-14, 26216512, car
yolo10-14, 24677806, car
yolo6-16, 24677806, car
yolo1-14, 24677806, car
yolo10-14, 22207454, car
yolo6-16, 22207454, car
yolo1-14, 22207454, car
yolo1-14, 68475262, car
yolo10-14, 68475262, car
yolo6-16, 68475262, car
yolo6-16, 15780558, car
yolo10-14, 15780558, car
yolo1-14, 15780558, car
yolo1-14, 85070459, car
yolo10-14, 85070459, car
yolo6-16, 85070459, car
yolo1-14, 04188458, car
yolo10-14, 04188458, car
yolo6-16, 04188458, car
yolo6-16, 94041450, car
yolo1-14, 94041450, car
yolo10-14, 94041450, car
yolo10-14, 58753750, car
yolo6-16, 58753750, car
yolo1-14, 58753750, car
yolo1-14, 40165259, car
yolo10-14, 40165259, car
yolo6-16, 40165259, car
yolo10-14, 57586081, car
yolo1-14, 57586081, car
yolo6-16, 57586081, car
yolo10-14, 15581719, car
yolo6-16, 15581719, car
yolo1-14, 15581719, car
yolo1-14, 56391105, car
yolo6-16, 56391105, car
yolo10-14, 56391105, car
yolo1-14, 24773000, car
yolo10-14, 24773000, car
yolo6-16, 24773000, car

========== Time: 19 ==========
yolo10-14, 97641954, car
yolo6-16, 97641954, car
yolo1-14, 97641954, car
yolo10-14, 23429123, car
yolo1-14, 23429123, car
yolo6-16, 23429123, car
yolo10-14, 59436107, car
yolo6-16, 59436107, car
yolo1-14, 59436107, car
yolo1-14, 54659017, car
yolo6-16, 54659017, car
yolo10-14, 54659017, car
yolo1-14, 32506242, car
yolo10-14, 32506242, car
yolo6-16, 32506242, car
yolo1-14, 08691413, car
yolo10-14, 08691413, car
yolo6-16, 08691413, car
yolo1-14, 21763602, car
yolo6-16, 21763602, car
yolo10-14, 21763602, car
yolo1-16, 17640600, car
yolo6-16, 43825813, car
yolo10-14, 43825813, car
yolo1-16, 59934156, car
yolo1-16, 45323027, car
yolo6-16, 17640600, car
yolo10-14, 17640600, car
yolo10-14, 59934156, car
yolo6-16, 59934156, car
yolo1-16, 78537971, car
yolo10-14, 45323027, car
yolo6-16, 45323027, car
yolo3-11, 94041450, car
yolo10-14, 78537971, car
yolo6-16, 78537971, car
yolo1-16, 91234636, car
yolo3-11, 58753750, car
yolo10-14, 91234636, car
yolo6-16, 91234636, car
yolo3-11, 40165259, car
yolo1-16, 61211556, car
yolo10-14, 61211556, car
yolo6-16, 61211556, car
yolo3-11, 57586081, car
yolo3-11, 15581719, car
yolo1-16, 75187393, car
yolo6-16, 75187393, car
yolo10-14, 75187393, car
yolo3-11, 56391105, car
yolo3-11, 24773000, car
yolo1-16, 30354288, car
yolo6-16, 30354288, car
yolo10-14, 30354288, car
yolo3-11, 97641954, car
yolo1-16, 03344718, car
yolo3-11, 23429123, car
yolo6-16, 03344718, car
yolo10-14, 03344718, car
yolo3-11, 59436107, car
yolo6-16, 25853684, car
yolo1-16, 25853684, car
yolo10-14, 25853684, car
yolo3-11, 54659017, car

========== Time: 20 ==========
yolo3-11, 32506242, car
yolo10-14, 78312857, car
yolo1-16, 78312857, car
yolo6-16, 78312857, car
yolo3-11, 08691413, car
yolo3-11, 21763602, car
yolo10-14, 59798094, car
yolo1-16, 59798094, car
yolo6-16, 59798094, car
yolo3-11, 43825813, car
yolo3-11, 17640600, car
yolo10-14, 58388973, car
yolo1-16, 58388973, car
yolo6-16, 58388973, car
yolo3-11, 59934156, car
yolo3-11, 45323027, car
yolo10-14, 25083474, car
yolo6-16, 25083474, car
yolo1-16, 25083474, car
yolo3-11, 78537971, car
yolo1-16, 75782250, car
yolo3-11, 91234636, car
yolo6-16, 75782250, car
yolo10-14, 75782250, car
yolo3-11, 61211556, car
yolo6-16, 31472226, car
yolo1-16, 31472226, car
yolo10-14, 31472226, car
yolo3-11, 75187393, car
yolo3-11, 30354288, car
yolo1-16, 28216277, car
yolo10-14, 28216277, car
yolo6-16, 28216277, car
yolo3-11, 03344718, car
yolo3-11, 25853684, car
yolo10-14, 37617832, car
yolo6-16, 37617832, car
yolo1-16, 37617832, car
yolo1-16, 47357207, car
yolo6-16, 47357207, car
yolo6-16, 10483367, car
yolo1-16, 10483367, car
yolo6-16, 69270417, car
yolo1-16, 69270417, car
yolo3-17, 69270417, car
yolo1-16, 70904832, car
yolo6-16, 70904832, car
yolo3-17, 70904832, car
yolo6-16, 16112606, car
yolo1-16, 16112606, car
yolo3-17, 16112606, car

========== Time: 21 ==========
yolo6-16, 48216248, car
yolo1-16, 48216248, car
yolo3-17, 48216248, car
yolo1-16, 55955275, car
yolo6-16, 55955275, car
yolo3-17, 55955275, car
yolo3-17, 77952214, car
yolo6-16, 77952214, car
yolo1-16, 77952214, car
yolo1-16, 68743663, car
yolo6-16, 68743663, car
yolo3-17, 68743663, car
yolo6-16, 60181854, car
yolo3-17, 60181854, car
yolo1-16, 60181854, car
yolo1-16, 23830467, car
yolo6-16, 23830467, car
yolo3-17, 23830467, car
yolo6-16, 12293579, car
yolo1-16, 12293579, car
yolo3-17, 12293579, car
yolo1-16, 82603486, car
yolo6-16, 82603486, car
yolo3-17, 82603486, car
yolo6-16, 61263796, car
yolo3-17, 61263796, car
yolo1-16, 61263796, car
yolo1-16, 96816309, car
yolo6-16, 96816309, car
yolo3-17, 96816309, car
yolo3-17, 66347442, car
yolo6-16, 66347442, car
yolo3-17, 31684304, car
yolo6-16, 31684304, car
yolo6-16, 92007990, car
yolo3-17, 92007990, car
yolo6-16, 28764552, car
yolo3-17, 28764552, car
yolo6-16, 17399915, car
yolo3-17, 17399915, car
yolo6-16, 27461125, car
yolo3-17, 27461125, car

========== Time: 22 ==========
yolo6-16, 99164946, car
yolo3-17, 99164946, car
yolo3-17, 97247968, car
yolo6-16, 97247968, car
yolo3-17, 68709034, car
yolo6-16, 68709034, car
yolo6-16, 35305900, aeroplane
yolo3-17, 35305900, aeroplane
yolo3-17, 95502569, car
yolo6-16, 95502569, car
yolo6-16, 71272999, car
yolo3-17, 71272999, car
yolo6-16, 03764595, car
yolo3-17, 03764595, car
yolo6-16, 46802147, car
yolo3-17, 46802147, car
yolo6-16, 16746915, car
yolo3-17, 16746915, car
yolo3-17, 55541331, aeroplane
yolo6-16, 55541331, aeroplane
yolo12-18, 92007990, car
yolo3-17, 50110488, car
yolo12-18, 28764552, car
yolo6-16, 50110488, car
yolo12-18, 17399915, car
yolo6-16, 56901116, car
yolo12-18, 27461125, car
yolo6-16, 31401365, car
yolo12-18, 99164946, car
yolo6-16, 44405685, car
yolo12-18, 97247968, car
yolo12-18, 68709034, car
yolo6-16, 79204963, car
yolo12-18, 35305900, aeroplane
yolo6-16, 60535784, boat
yolo12-18, 95502569, car

========== Time: 23 ==========
yolo12-18, 71272999, car
yolo6-16, 29620875, car
yolo12-18, 03764595, car
yolo12-18, 46802147, car
yolo6-16, 09035569, car
yolo12-18, 16746915, car
yolo12-18, 55541331, car
yolo6-16, 72141524, car
yolo12-18, 50110488, car
yolo6-16, 37647346, car
yolo12-18, 56901116, car
yolo6-16, 13767876, car
yolo12-18, 31401365, car
yolo12-18, 44405685, car
yolo6-16, 24483110, car
yolo12-18, 79204963, car
yolo12-18, 60535784, boat
yolo6-16, 82061337, car
yolo12-18, 29620875, car
yolo12-18, 09035569, car
yolo6-16, 08067180, car
yolo12-18, 72141524, car
yolo12-18, 37647346, car
yolo6-16, 53735513, car
yolo12-18, 13767876, car
yolo12-18, 24483110, car
yolo6-16, 16981772, car
yolo12-18, 82061337, car
yolo12-18, 08067180, car
yolo6-16, 61285478, car
yolo12-18, 53735513, car
yolo12-18, 16981772, car
yolo6-16, 39203470, car
yolo12-18, 61285478, car
yolo12-18, 39203470, car
yolo6-16, 29350433, car
yolo12-18, 29350433, car

========== Time: 24 ==========
yolo12-18, 22818388, car
yolo12-18, 74982517, car
yolo6-16, 22818388, car
yolo12-18, 53438103, car
yolo6-16, 74982517, car
yolo12-18, 75941406, car
yolo6-16, 53438103, car
yolo6-16, 75941406, car
yolo12-18, 27191294, car
yolo6-16, 27191294, car
yolo6-16, 29116657, car
yolo12-18, 29116657, car
yolo6-16, 49844887, car
yolo12-18, 49844887, car
yolo6-16, 58690961, car
yolo12-18, 58690961, car
yolo6-16, 15103730, car
yolo12-18, 15103730, car
yolo6-16, 84039762, car
yolo12-18, 84039762, car
yolo6-16, 23399534, car

========== Time: 25 ==========
yolo10-23, 85301252, car
yolo2-22, 85301252, car
yolo2-19, 85301252, car
yolo10-24, 85301252, car
yolo10-24, 82962733, car
yolo10-23, 82962733, car
yolo2-22, 82962733, car
yolo2-19, 82962733, car
yolo10-23, 47981186, car
yolo2-22, 47981186, car
yolo2-19, 47981186, car
yolo10-24, 47981186, car
yolo10-23, 32692169, car
yolo10-24, 32692169, car
yolo2-19, 32692169, car
yolo2-22, 32692169, car
yolo2-19, 72453919, car
yolo2-22, 72453919, car
yolo10-24, 72453919, car
yolo10-23, 72453919, car
yolo10-24, 25571118, car
yolo2-19, 25571118, car
yolo2-22, 25571118, car
yolo10-23, 25571118, car
yolo10-24, 34890086, car
yolo2-19, 34890086, car
yolo2-22, 34890086, car
yolo10-23, 34890086, car
yolo2-19, 86935727, car
yolo2-22, 86935727, car
yolo10-24, 86935727, car
yolo10-23, 86935727, car
yolo8-24, 32692169, car
yolo4-22, 32692169, car
yolo4-20, 32692169, car
yolo8-22, 32692169, car
yolo2-22, 09092279, car
yolo10-23, 09092279, car
yolo2-19, 09092279, car
yolo10-24, 09092279, car
yolo2-22, 08481068, car
yolo10-23, 08481068, car
yolo10-24, 08481068, car
yolo2-19, 08481068, car
yolo2-22, 48425796, car
yolo10-24, 48425796, car
yolo2-19, 48425796, car
yolo10-23, 48425796, car
yolo2-22, 92566867, car
yolo10-24, 92566867, car
yolo2-19, 92566867, car
yolo10-23, 92566867, car
yolo2-22, 71189036, car
yolo10-24, 71189036, car
yolo2-19, 71189036, car
yolo10-23, 71189036, car
yolo2-22, 52749955, train
yolo2-19, 52749955, train
yolo10-24, 52749955, train
yolo10-23, 52749955, train
yolo2-22, 99918814, aeroplane
yolo2-19, 99918814, aeroplane
yolo10-24, 99918814, aeroplane
yolo10-23, 99918814, aeroplane
yolo2-22, 48998256, sofa
yolo2-19, 48998256, sofa
yolo10-23, 48998256, sofa
yolo10-24, 48998256, sofa
yolo4-20, 72453919, car
yolo8-24, 72453919, car
yolo8-22, 72453919, car
yolo4-22, 72453919, car
yolo4-22, 25571118, car
yolo8-22, 25571118, car
yolo8-24, 25571118, car
yolo4-20, 25571118, car
yolo4-22, 34890086, car
yolo8-22, 34890086, car
yolo8-24, 34890086, car
yolo4-20, 34890086, car
yolo1-24, 34890086, car
yolo1-23, 34890086, car
yolo9-19, 34890086, car
yolo2-22, 79729634, bottle
yolo10-24, 79729634, person
yolo2-19, 79729634, bottle
yolo10-23, 79729634, person
yolo7-19, 86935727, car
yolo11-19, 86935727, car
yolo7-23, 86935727, car
yolo8-22, 22693356, car
yolo8-24, 22693356, car
yolo4-20, 22693356, car
yolo4-22, 22693356, car
yolo9-19, 86935727, car
yolo1-24, 86935727, car
yolo1-23, 86935727, car
yolo7-19, 09092279, car
yolo11-19, 09092279, car
yolo7-23, 09092279, car
yolo1-23, 09092279, car
yolo4-20, 10206745, car
yolo9-19, 09092279, car
yolo8-22, 10206745, car
yolo1-24, 09092279, car
yolo8-24, 10206745, car
yolo4-22, 10206745, car
yolo7-23, 08481068, car
yolo7-19, 08481068, car
yolo11-19, 08481068, car
yolo1-23, 08481068, car
yolo1-24, 08481068, car
yolo8-22, 29528938, car
yolo9-19, 08481068, car
yolo8-24, 29528938, car
yolo4-20, 29528938, car
yolo4-22, 29528938, car
yolo7-23, 48425796, car
yolo7-19, 48425796, car
yolo11-19, 48425796, car
yolo1-23, 48425796, car
yolo1-24, 48425796, car
yolo9-19, 48425796, car
yolo8-24, 94327316, car
yolo7-23, 92566867, car
yolo8-22, 94327316, car
yolo4-22, 94327316, car
yolo7-19, 92566867, car
yolo4-20, 94327316, car
yolo1-23, 92566867, car
yolo11-19, 92566867, car
yolo9-19, 92566867, car
yolo1-24, 92566867, car
yolo10-23, 57182531, car
yolo2-22, 57182531, car
yolo2-19, 57182531, car
yolo10-24, 57182531, car
yolo7-23, 71189036, car
yolo4-20, 98070734, car
yolo7-19, 71189036, car
yolo8-22, 98070734, car
yolo4-22, 98070734, car
yolo1-23, 71189036, car
yolo8-24, 98070734, car
yolo9-19, 71189036, car
yolo11-19, 71189036, car
yolo2-22, 88910442, bottle
yolo10-24, 88910442, bottle
yolo1-24, 71189036, car
yolo2-19, 88910442, bottle
yolo10-23, 88910442, bottle
yolo9-19, 52749955, sofa
yolo1-23, 52749955, train
yolo7-19, 52749955, car
yolo11-19, 52749955, train
yolo8-24, 76184307, car
yolo2-22, 42594364, sofa
yolo7-23, 52749955, car
yolo8-22, 76184307, car
yolo4-20, 76184307, car
yolo10-24, 42594364, sofa
yolo10-23, 42594364, sofa
yolo4-22, 76184307, car
yolo2-19, 42594364, sofa
yolo1-24, 52749955, train
yolo1-23, 99918814, aeroplane
yolo9-19, 99918814, aeroplane
yolo11-19, 99918814, aeroplane
yolo2-22, 48923606, car
yolo8-22, 58127508, car
yolo10-24, 48923606, car
yolo4-20, 58127508, car
yolo8-24, 58127508, car
yolo7-19, 58127508, car
yolo11-19, 48998256, sofa
yolo9-19, 48998256, sofa
yolo7-23, 58127508, car
yolo1-24, 99918814, aeroplane
yolo10-23, 48923606, car
yolo4-22, 58127508, car
yolo2-19, 48923606, car
yolo2-22, 36898987, car
yolo10-24, 36898987, car
yolo8-24, 81755283, car
yolo1-23, 48998256, car
yolo4-20, 81755283, car
yolo8-22, 81755283, car
yolo7-19, 81755283, car
yolo7-23, 81755283, car
yolo9-19, 79729634, bottle
yolo10-23, 36898987, car
yolo2-19, 36898987, car
yolo4-22, 81755283, car
yolo2-22, 66145505, car
yolo10-24, 66145505, car
yolo2-19, 66145505, car
yolo9-19, 57182531, bottle
yolo1-23, 79935256, car
yolo1-24, 48998256, car
yolo8-24, 79935256, car
yolo8-22, 79935256, car
yolo7-19, 79935256, car
yolo11-19, 79729634, car
yolo7-23, 79935256, car
yolo10-23, 66145505, car
yolo2-22, 42942055, aeroplane
yolo10-24, 42942055, aeroplane
yolo2-19, 42942055, aeroplane
yolo4-22, 79935256, car
yolo8-24, 08021117, car
yolo8-22, 08021117, car
yolo11-19, 08021117, car
yolo4-20, 79935256, car
yolo7-23, 08021117, car
yolo2-22, 34690962, aeroplane
yolo7-19, 08021117, car
yolo10-23, 42942055, aeroplane
yolo9-19, 88910442, bottle
yolo1-23, 08021117, car
yolo2-19, 34690962, aeroplane
yolo10-24, 34690962, aeroplane
yolo1-24, 08021117, car
yolo8-22, 85408891, car
yolo4-20, 08021117, car
yolo4-22, 08021117, car
yolo8-24, 85408891, car
yolo7-23, 85408891, car
yolo7-19, 85408891, car
yolo10-23, 34690962, aeroplane
yolo11-19, 85408891, car
yolo2-22, 68653022, aeroplane
yolo9-19, 42594364, sofa
yolo1-24, 85408891, car
yolo2-19, 68653022, aeroplane
yolo1-23, 85408891, car
yolo10-24, 68653022, aeroplane
yolo4-22, 85408891, car
yolo4-20, 85408891, car
yolo11-19, 08849265, car
yolo8-22, 08849265, car
yolo8-24, 08849265, car
yolo7-23, 08849265, car
yolo2-22, 42364739, aeroplane
yolo7-19, 08849265, car
yolo1-23, 08849265, car
yolo10-23, 68653022, aeroplane
yolo10-24, 42364739, aeroplane
yolo9-19, 48923606, car
yolo2-19, 42364739, aeroplane
yolo1-24, 08849265, car
yolo4-22, 08849265, car
yolo4-20, 08849265, car
yolo8-22, 57205944, car
yolo11-19, 57205944, car
yolo2-22, 34383259, car
yolo8-24, 57205944, car
yolo10-24, 34383259, car
yolo1-23, 57205944, car
yolo10-23, 42364739, aeroplane
yolo7-23, 57205944, car
yolo2-19, 34383259, car
yolo7-19, 57205944, car
yolo9-19, 36898987, car
yolo1-24, 57205944, car
yolo4-22, 57205944, car
yolo4-20, 57205944, car
yolo2-22, 68409250, sofa
yolo11-19, 87601876, car
yolo8-24, 87601876, car
yolo10-23, 34383259, car
yolo10-24, 68409250, sofa
yolo7-19, 87601876, car
yolo1-23, 87601876, car
yolo2-19, 68409250, sofa
yolo7-23, 87601876, car
yolo1-24, 87601876, car
yolo9-19, 66145505, car
yolo8-22, 87601876, car
yolo2-22, 40935065, aeroplane
yolo4-22, 87601876, car
yolo4-20, 87601876, car
yolo2-19, 40935065, aeroplane
yolo10-23, 68409250, sofa
yolo10-24, 40935065, aeroplane
yolo7-19, 57612947, car
yolo11-19, 57612947, car
yolo7-23, 57612947, car
yolo8-24, 57612947, car
yolo1-23, 57612947, car
yolo1-24, 57612947, car
yolo8-22, 57612947, car
yolo4-22, 57612947, car
yolo9-19, 42942055, aeroplane
yolo2-22, 75488431, car
yolo4-20, 57612947, car
yolo10-23, 40935065, aeroplane
yolo2-19, 75488431, car
yolo10-24, 75488431, car
yolo11-19, 04590636, car
yolo1-24, 04590636, car
yolo8-24, 04590636, car
yolo7-19, 04590636, car
yolo1-23, 04590636, car
yolo8-22, 04590636, car
yolo7-23, 04590636, car
yolo4-22, 04590636, car
yolo2-22, 80119215, car
yolo10-23, 75488431, car
yolo4-20, 04590636, car
yolo2-19, 80119215, car
yolo1-23, 88166050, car
yolo10-24, 88166050, car
yolo11-19, 88166050, car
yolo1-24, 88166050, car
yolo8-22, 88166050, car
yolo9-19, 88166050, car
yolo7-23, 88166050, car
yolo8-24, 88166050, car
yolo7-19, 88166050, car
yolo4-22, 88166050, car
yolo4-20, 88166050, car
yolo11-19, 57682730, car
yolo10-24, 57682730, car
yolo2-19, 57682730, car
yolo8-22, 57682730, car
yolo1-23, 57682730, car
yolo10-23, 57682730, car
yolo9-19, 57682730, car
yolo1-24, 57682730, car
yolo4-22, 57682730, car
yolo2-22, 57682730, car
yolo8-24, 57682730, car
yolo4-20, 57682730, car
yolo7-19, 57682730, car
yolo7-23, 57682730, car
yolo11-19, 52037312, car
yolo10-24, 52037312, car
yolo1-24, 52037312, car
yolo1-23, 52037312, car
yolo9-19, 52037312, car
yolo1-23, 98132033, car
yolo1-24, 98132033, car
yolo9-19, 98132033, car
yolo2-22, 52037312, car
yolo10-24, 98132033, car
yolo10-23, 52037312, car
yolo2-19, 52037312, car
yolo7-19, 52037312, car
yolo7-23, 52037312, car
yolo11-19, 98132033, car
yolo4-20, 52037312, car
yolo8-22, 52037312, car
yolo8-24, 52037312, car
yolo4-22, 52037312, car
yolo11-19, 46423351, car
yolo1-23, 46423351, car
yolo1-24, 46423351, car
yolo7-19, 98132033, car
yolo7-23, 98132033, car
yolo9-19, 46423351, car
yolo2-19, 98132033, car
yolo10-23, 98132033, car
yolo4-20, 98132033, car
yolo10-24, 46423351, car
yolo8-24, 98132033, car
yolo4-22, 98132033, car
yolo8-22, 98132033, car
yolo2-22, 98132033, car
yolo7-19, 46423351, car
yolo9-19, 98414475, car
yolo7-23, 46423351, car
yolo11-19, 98414475, car
yolo1-24, 98414475, car
yolo1-23, 98414475, car
yolo10-23, 46423351, car
yolo4-22, 46423351, car
yolo8-24, 46423351, car
yolo2-19, 46423351, car
yolo10-24, 98414475, car
yolo4-20, 46423351, car
yolo8-22, 46423351, car
yolo2-22, 46423351, car
yolo7-19, 98414475, car
yolo7-23, 98414475, car
yolo11-19, 82406258, car
yolo1-23, 82406258, car
yolo1-24, 82406258, car
yolo9-19, 82406258, car
yolo8-24, 98414475, car
yolo4-22, 98414475, car
yolo10-24, 82406258, car
yolo2-19, 98414475, car
yolo10-23, 98414475, car
yolo4-20, 98414475, car
yolo7-19, 82406258, car
yolo8-22, 98414475, car
yolo11-19, 75689030, car
yolo2-22, 98414475, car
yolo1-23, 75689030, car
yolo7-23, 82406258, car
yolo1-24, 75689030, car
yolo9-19, 75689030, car
yolo2-19, 82406258, car
yolo10-23, 82406258, car
yolo4-22, 82406258, car
yolo7-19, 75689030, car
yolo8-24, 82406258, car
yolo10-24, 75689030, car
yolo1-23, 04339576, car
yolo11-19, 04339576, car
yolo8-22, 82406258, car
yolo4-20, 82406258, car
yolo2-22, 82406258, car
yolo2-19, 75689030, car
yolo1-24, 04339576, car
yolo7-23, 75689030, car
yolo9-19, 04339576, car
yolo7-19, 04339576, car
yolo10-23, 75689030, car
yolo8-24, 75689030, car
yolo4-22, 75689030, car
yolo10-24, 04339576, car
yolo11-19, 91820803, car
yolo4-20, 75689030, car
yolo2-22, 75689030, car
yolo7-23, 04339576, car
yolo1-24, 91820803, car
yolo1-23, 91820803, car
yolo2-19, 04339576, car
yolo7-19, 91820803, car
yolo8-22, 75689030, car
yolo9-19, 91820803, car
yolo8-24, 04339576, car
yolo4-20, 04339576, car
yolo4-22, 04339576, car
yolo10-23, 04339576, car
yolo10-24, 91820803, car
yolo11-19, 04889021, car
yolo2-22, 04339576, car
yolo1-24, 04889021, car
yolo7-23, 91820803, car
yolo7-19, 04889021, car
yolo1-23, 04889021, car
yolo8-24, 91820803, car
yolo2-19, 91820803, car
yolo8-22, 04339576, car
yolo10-24, 04889021, car
yolo10-23, 91820803, car
yolo9-19, 04889021, car
yolo4-20, 91820803, car
yolo11-19, 38109593, car
yolo7-23, 04889021, car
yolo2-22, 91820803, car
yolo1-24, 38109593, car
yolo4-22, 91820803, car
yolo1-23, 38109593, car
yolo7-19, 38109593, car
yolo8-24, 04889021, car
yolo8-22, 91820803, car
yolo11-19, 42371358, car
yolo10-23, 04889021, car
yolo9-19, 38109593, car
yolo10-24, 38109593, car
yolo2-19, 04889021, car
yolo7-23, 38109593, car
yolo4-20, 04889021, car
yolo1-23, 42371358, car
yolo2-22, 04889021, car
yolo7-19, 42371358, car
yolo4-22, 04889021, car
yolo1-24, 42371358, car
yolo11-19, 14692198, car
yolo10-24, 42371358, car
yolo8-22, 04889021, car
yolo8-24, 38109593, car
yolo2-19, 38109593, car
yolo7-23, 42371358, car
yolo10-23, 38109593, car
yolo9-19, 42371358, car
yolo4-20, 38109593, car
yolo11-19, 38971798, car
yolo1-24, 14692198, car
yolo7-19, 14692198, car
yolo4-22, 38109593, car
yolo1-23, 14692198, car
yolo2-22, 38109593, car
yolo2-19, 42371358, car
yolo8-22, 38109593, car
yolo10-23, 42371358, car
yolo8-24, 42371358, car
yolo10-24, 14692198, car
yolo7-23, 14692198, car
yolo4-20, 42371358, car
yolo9-19, 14692198, car
yolo7-19, 38971798, car
yolo11-19, 92687881, car
yolo8-22, 42371358, car
yolo1-24, 38971798, car
yolo4-22, 42371358, car
yolo1-23, 38971798, car
yolo7-23, 38971798, car
yolo2-22, 42371358, car
yolo10-24, 38971798, car
yolo4-20, 14692198, car
yolo2-19, 14692198, car
yolo8-24, 14692198, car
yolo7-19, 92687881, car
yolo8-22, 14692198, car
yolo9-19, 38971798, car
yolo10-23, 14692198, car
yolo11-19, 47038161, car
yolo1-23, 92687881, car
yolo7-23, 92687881, car
yolo1-24, 92687881, car
yolo2-22, 14692198, car
yolo4-22, 14692198, car
yolo7-19, 47038161, car
yolo8-22, 38971798, car
yolo8-24, 38971798, car
yolo2-19, 38971798, car
yolo10-23, 38971798, car
yolo4-20, 38971798, car
yolo9-19, 92687881, car
yolo10-24, 92687881, car
yolo1-23, 47038161, car
yolo7-23, 47038161, car
yolo1-24, 47038161, car
yolo2-22, 38971798, car
yolo4-22, 38971798, car
yolo2-19, 92687881, car
yolo8-22, 92687881, car
yolo8-24, 92687881, car
yolo10-23, 92687881, car
yolo4-20, 92687881, car
yolo9-19, 47038161, car
yolo10-24, 47038161, car
yolo2-22, 92687881, car
yolo4-22, 92687881, car
yolo8-22, 47038161, car
yolo10-23, 47038161, car
yolo2-19, 47038161, car
yolo8-24, 47038161, car
yolo4-20, 47038161, car
yolo2-22, 47038161, car
yolo4-22, 47038161, car
