num: 50 running time:25 bandwidth:5000
**time: 0
========Allocate Done=============
audio12-0 1 688.611 0.9
audio2-0 1 688.611 0.9
audio3-0 1 688.611 0.9
audio4-0 1 688.611 0.9
audio5-0 1 688.611 0.9
audio9-0 1 688.611 0.9
yolo10-0 1 56.834 0.99
yolo11-0 1 56.834 0.99
yolo3-0 1 56.834 0.99
yolo4-0 1 56.834 0.99
yolo8-0 1 56.834 0.99
Sum of bandwidth: 4415.835999999999
Sum of weights: 5.2490000000000006
Average accuracy: 0.9480777290912553
time: 0.0023937225341796875
**time: 1
========Allocate Done=============
audio1-1 0.6223022105875494 428.90599999999904 0.32
audio10-1 0.55 379.1910000000001 0.31
audio11-1 0.55 379.1910000000001 0.31
audio12-0 0.55 379.1910000000001 0.31
audio2-0 0.4 276.05100000000004 0.25
audio3-0 0.4 276.05100000000004 0.25
audio4-0 1 688.611 0.9
audio5-0 1 688.611 0.9
audio6-1 0.45 310.43100000000004 0.27
audio8-1 0.4 276.05100000000004 0.25
audio9-0 0.4 276.05100000000004 0.25
yolo1-1 1 56.834 0.99
yolo10-0 1 56.834 0.99
yolo11-0 1 56.834 0.99
yolo12-1 1 56.834 0.99
yolo2-1 1 56.834 0.99
yolo3-0 1 56.834 0.99
yolo4-0 1 56.834 0.99
yolo5-1 1 56.834 0.99
yolo6-1 1 56.834 0.99
yolo7-1 1 56.834 0.99
yolo8-0 1 56.834 0.99
yolo9-1 1 56.834 0.99
Sum of bandwidth: 5040.343999999997
Sum of weights: 9.584
Average accuracy: 0.7822954924874791
time: 0.015566587448120117
**time: 2
========Allocate Done=============
audio1-1 0.4 276.05100000000004 0.25
audio10-1 0.4 276.05100000000004 0.25
audio11-1 0.4 276.05100000000004 0.25
audio12-0 0.4 276.05100000000004 0.25
audio12-2 0.4 276.05100000000004 0.25
audio2-0 0.4 276.05100000000004 0.25
audio3-0 0.4 276.05100000000004 0.25
audio4-0 0.7939385107620724 546.923120000001 0.57
audio4-2 0.55 379.1910000000001 0.31
audio5-0 0.45 310.43100000000004 0.27
audio6-1 0.4 276.05100000000004 0.25
audio6-2 0.4 276.05100000000004 0.25
audio8-1 0.4 276.05100000000004 0.25
audio9-0 0.4 276.05100000000004 0.25
yolo1-1 1 56.834 0.99
yolo1-2 1 56.834 0.99
yolo10-0 1 56.834 0.99
yolo11-0 1 56.834 0.99
yolo12-1 1 56.834 0.99
yolo2-1 1 56.834 0.99
yolo2-2 1 56.834 0.99
yolo3-0 1 56.834 0.99
yolo4-0 1 56.834 0.99
yolo5-1 1 56.834 0.99
yolo6-1 1 56.834 0.99
yolo7-1 0.5499999999999999 35.119879999999995 0.88
yolo8-0 1 56.834 0.99
yolo9-1 1 56.834 0.99
Sum of bandwidth: 5047.067999999999
Sum of weights: 12.328000000000003
Average accuracy: 0.6644686891628809
time: 0.42037224769592285
**time: 3
========Allocate Done=============
audio1-1 0.4 276.05100000000004 0.25
audio10-1 0.4 276.05100000000004 0.25
audio11-1 0.4 276.05100000000004 0.25
audio12-0 0.4 276.05100000000004 0.25
audio12-2 0.4 276.05100000000004 0.25
audio2-0 0.4 276.05100000000004 0.25
audio3-0 0.4 276.05100000000004 0.25
audio4-0 0.4 276.05100000000004 0.25
audio4-2 0.4 276.05100000000004 0.25
audio5-0 0.4 276.05100000000004 0.25
audio5-3 0.4 276.05100000000004 0.25
audio6-1 0.4 276.05100000000004 0.25
audio6-2 0.4 276.05100000000004 0.25
audio8-1 0.4 276.05100000000004 0.25
audio8-3 0.4 276.05100000000004 0.25
audio9-0 0.4 276.05100000000004 0.25
yolo1-1 1 56.834 0.99
yolo1-2 1 56.834 0.99
yolo10-0 1 56.834 0.99
yolo11-0 1 56.834 0.99
yolo12-1 1 56.834 0.99
yolo12-3 1 56.834 0.99
yolo2-1 0.5499999999999999 35.119879999999995 0.88
yolo2-2 0.510165703628813 33.012600000000695 0.88
yolo3-0 0.44999999999999996 29.77268 0.82
yolo4-0 0 3.362 0
yolo4-3 0 3.362 0
yolo5-1 0.2 15.574480000000001 0.525
yolo5-3 0.2 15.574480000000001 0.525
yolo6-1 0.05 6.486280000000001 0.525
yolo6-3 0.05 6.486280000000001 0.525
yolo7-1 0 3.362 0
yolo8-0 1 56.834 0.99
yolo8-3 1 56.834 0.99
yolo9-1 0.65 40.27732 0.93
Sum of bandwidth: 5063.878000000001
Sum of weights: 15.141000000000005
Average accuracy: 0.6286064328644078
time: 0.3597733974456787
**time: 4
========Allocate Done=============
audio1-1 0.4 276.05100000000004 0.25
audio10-1 0.4 276.05100000000004 0.25
audio11-1 0.4 276.05100000000004 0.25
audio12-2 0.4 276.05100000000004 0.25
audio2-0 0.4 276.05100000000004 0.25
audio3-0 0.4 276.05100000000004 0.25
audio3-4 0.4 276.05100000000004 0.25
audio4-0 0.4 276.05100000000004 0.25
audio4-2 0.4 276.05100000000004 0.25
audio5-3 0.4 276.05100000000004 0.25
audio6-1 0.4 276.05100000000004 0.25
audio6-2 0.4 276.05100000000004 0.25
audio8-1 0.4 276.05100000000004 0.25
audio8-3 0.4 276.05100000000004 0.25
audio9-0 0.4 276.05100000000004 0.25
audio9-4 0.4 276.05100000000004 0.25
yolo1-1 1 56.834 0.99
yolo1-2 1 56.834 0.99
yolo11-0 1 56.834 0.99
yolo12-1 1 56.834 0.99
yolo12-3 1 56.834 0.99
yolo2-1 0.7000000000000001 42.78488 0.955
yolo2-2 0.6729990107824426 41.43664000000037 0.93
yolo4-0 0.05 6.486280000000001 0.525
yolo4-3 0.05 6.486280000000001 0.525
yolo5-1 0.25 18.509 0.64
yolo5-3 0.25 18.509 0.64
yolo6-1 0.05 6.486280000000001 0.525
yolo6-3 0.05 6.486280000000001 0.525
yolo7-1 0 3.362 0
yolo7-4 0 3.362 0
yolo8-0 1 56.834 0.99
yolo8-3 1 56.834 0.99
yolo9-1 0.8000000000000002 47.657680000000006 0.99
yolo9-4 0.8000000000000002 47.657680000000006 0.99
Sum of bandwidth: 5063.878000000001
Sum of weights: 13.701000000000004
Average accuracy: 0.6506079848186263
time: 0.09472942352294922
**time: 5
========Allocate Done=============
audio1-1 0.4 276.05100000000004 0.25
audio1-5 0.4 276.05100000000004 0.25
audio10-1 0.4 276.05100000000004 0.25
audio11-1 0.4 276.05100000000004 0.25
audio12-2 0.4 276.05100000000004 0.25
audio2-0 0.4 276.05100000000004 0.25
audio3-0 0.4 276.05100000000004 0.25
audio3-4 0.4 276.05100000000004 0.25
audio4-0 0.4 276.05100000000004 0.25
audio4-2 0.4 276.05100000000004 0.25
audio5-3 0.4 276.05100000000004 0.25
audio6-1 0.4 276.05100000000004 0.25
audio6-2 0.4 276.05100000000004 0.25
audio6-5 0.4 276.05100000000004 0.25
audio8-1 0.4 276.05100000000004 0.25
audio8-3 0.27828917975567063 192.36263999999912 0.2
audio9-0 0.4 276.05100000000004 0.25
audio9-4 0.4 276.05100000000004 0.25
yolo1-1 0.2 15.574480000000001 0.525
yolo1-2 0.2 15.574480000000001 0.525
yolo11-0 0.2 15.574480000000001 0.525
yolo12-1 0.2 15.574480000000001 0.525
yolo12-3 0.2 15.574480000000001 0.525
yolo2-1 0.05 6.486280000000001 0.525
yolo2-2 0.05 6.486280000000001 0.525
yolo4-0 0 3.362 0
yolo4-3 0 3.362 0
yolo5-1 0 3.362 0
yolo5-3 0 3.362 0
yolo6-1 0 3.362 0
yolo6-3 0 3.362 0
yolo7-4 0 3.362 0
yolo8-0 0.3 21.396079999999998 0.64
yolo8-3 0.3 21.396079999999998 0.64
yolo9-1 0.1 9.563120000000001 0.525
yolo9-4 0.1 9.563120000000001 0.525
Sum of bandwidth: 5061.527000000002
Sum of weights: 14.499000000000006
Average accuracy: 0.388993378853714
time: 0.19449496269226074
**time: 6
========Allocate Done=============
audio1-1 0.4 276.05100000000004 0.25
audio1-5 0.4 276.05100000000004 0.25
audio10-1 0.4 276.05100000000004 0.25
audio11-1 0.4 276.05100000000004 0.25
audio11-6 0.4 276.05100000000004 0.25
audio12-2 0.4 276.05100000000004 0.25
audio2-0 0.35648894706224477 246.1327999999995 0.2
audio3-0 0.4 276.05100000000004 0.25
audio3-4 0.4 276.05100000000004 0.25
audio4-0 0.4 276.05100000000004 0.25
audio4-2 0.4 276.05100000000004 0.25
audio5-3 0.4 276.05100000000004 0.25
audio5-6 0.4 276.05100000000004 0.25
audio6-1 0.4 276.05100000000004 0.25
audio6-2 0.4 276.05100000000004 0.25
audio6-5 0.4 276.05100000000004 0.25
audio8-1 0 1.011 0
audio8-3 0 1.011 0
audio9-0 0.4 276.05100000000004 0.25
audio9-4 0.4 276.05100000000004 0.25
yolo1-1 0.1 9.563120000000001 0.525
yolo1-2 0.1 9.563120000000001 0.525
yolo12-1 0.1 9.563120000000001 0.525
yolo12-3 0.1 9.563120000000001 0.525
yolo2-1 0.05 6.486280000000001 0.525
yolo2-2 0.05 6.486280000000001 0.525
yolo2-6 0.05 6.486280000000001 0.525
yolo4-0 0 3.362 0
yolo4-3 0 3.362 0
yolo5-1 0 3.362 0
yolo5-3 0 3.362 0
yolo6-1 0 3.362 0
yolo6-3 0 3.362 0
yolo7-4 0 3.362 0
yolo8-0 0.15000000000000002 12.59252 0.525
yolo8-3 0.15000000000000002 12.59252 0.525
yolo9-1 0.05 6.486280000000001 0.525
yolo9-4 0.05 6.486280000000001 0.525
yolo9-6 0.05 6.486280000000001 0.525
Sum of bandwidth: 5066.911000000002
Sum of weights: 15.742000000000004
Average accuracy: 0.36325752763308344
time: 0.5601711273193359
**time: 7
========Allocate Done=============
audio1-1 0.4 276.05100000000004 0.25
audio1-5 0.4 276.05100000000004 0.25
audio10-1 0.4 276.05100000000004 0.25
audio11-1 0.4 276.05100000000004 0.25
audio11-6 0.4 276.05100000000004 0.25
audio12-2 0.4 276.05100000000004 0.25
audio12-7 0.4 276.05100000000004 0.25
audio2-0 0 1.011 0
audio2-7 0 1.011 0
audio3-0 0.4 276.05100000000004 0.25
audio3-4 0.017941128563117265 13.347319999999431 0.2
audio4-0 0.4 276.05100000000004 0.25
audio4-2 0.4 276.05100000000004 0.25
audio5-3 0.4 276.05100000000004 0.25
audio5-6 0.4 276.05100000000004 0.25
audio5-7 0.4 276.05100000000004 0.25
audio6-1 0.4 276.05100000000004 0.25
audio6-2 0.4 276.05100000000004 0.25
audio6-5 0.4 276.05100000000004 0.25
audio8-1 0 1.011 0
audio8-3 0 1.011 0
audio9-0 0.4 276.05100000000004 0.25
audio9-4 0.4 276.05100000000004 0.25
yolo1-1 0.05 6.486280000000001 0.525
yolo1-2 0.05 6.486280000000001 0.525
yolo12-1 0.05 6.486280000000001 0.525
yolo12-3 0.05 6.486280000000001 0.525
yolo2-1 0 3.362 0
yolo2-2 0 3.362 0
yolo2-6 0 3.362 0
yolo4-0 0 3.362 0
yolo4-3 0 3.362 0
yolo5-1 0 3.362 0
yolo5-3 0 3.362 0
yolo6-1 0 3.362 0
yolo6-3 0 3.362 0
yolo7-4 0 3.362 0
yolo8-0 0.05 6.486280000000001 0.525
yolo8-3 0.05 6.486280000000001 0.525
yolo9-1 0 3.362 0
yolo9-4 0 3.362 0
yolo9-6 0 3.362 0
Sum of bandwidth: 5068.933000000003
Sum of weights: 17.005000000000006
Average accuracy: 0.2789591296677448
time: 0.06647896766662598
**time: 8
========Allocate Done=============
audio1-5 0.4 276.05100000000004 0.25
audio1-8 0.4 276.05100000000004 0.25
audio10-1 0.4 276.05100000000004 0.25
audio11-1 0.4 276.05100000000004 0.25
audio11-6 0.4 276.05100000000004 0.25
audio12-2 0.4 276.05100000000004 0.25
audio12-7 0.4 276.05100000000004 0.25
audio2-0 0 1.011 0
audio2-7 0 1.011 0
audio3-0 0.02240823152995818 16.418899999999244 0.2
audio3-4 0 1.011 0
audio4-0 0.4 276.05100000000004 0.25
audio4-8 0.4 276.05100000000004 0.25
audio5-3 0.4 276.05100000000004 0.25
audio5-6 0.4 276.05100000000004 0.25
audio5-7 0.4 276.05100000000004 0.25
audio6-1 0.4 276.05100000000004 0.25
audio6-2 0.4 276.05100000000004 0.25
audio6-5 0.4 276.05100000000004 0.25
audio7-8 0.4 276.05100000000004 0.25
audio8-1 0 1.011 0
audio8-3 0 1.011 0
audio8-8 0 1.011 0
audio9-0 0.4 276.05100000000004 0.25
audio9-4 0.4 276.05100000000004 0.25
yolo1-1 0.05 6.486280000000001 0.525
yolo1-2 0.05 6.486280000000001 0.525
yolo12-1 0.05 6.486280000000001 0.525
yolo2-1 0 3.362 0
yolo2-2 0 3.362 0
yolo2-6 0 3.362 0
yolo4-0 0 3.362 0
yolo4-3 0 3.362 0
yolo5-1 0 3.362 0
yolo5-3 0 3.362 0
yolo6-1 0 3.362 0
yolo6-3 0 3.362 0
yolo6-8 0 3.362 0
yolo7-4 0 3.362 0
yolo8-0 0.05 6.486280000000001 0.525
yolo8-3 0.05 6.486280000000001 0.525
yolo9-1 0 3.362 0
yolo9-4 0 3.362 0
yolo9-6 0 3.362 0
audio1-edge-5 0.4 0.0527 0.25
Sum of bandwidth: 5070.955000000003
Sum of weights: 17.176000000000005
Average accuracy: 0.26290317885421516
time: 0.15735721588134766
**time: 9
========Allocate Done=============
audio1-5 0.4 276.05100000000004 0.25
audio1-8 0.4 276.05100000000004 0.25
audio11-1 0.4 276.05100000000004 0.25
audio11-6 0.4 276.05100000000004 0.25
audio12-2 0.4 276.05100000000004 0.25
audio12-7 0.4 276.05100000000004 0.25
audio2-0 0 1.011 0
audio2-7 0 1.011 0
audio3-4 0 1.011 0
audio4-0 0.4 276.05100000000004 0.25
audio4-8 0.4 276.05100000000004 0.25
audio5-3 0.4 276.05100000000004 0.25
audio5-6 0.4 276.05100000000004 0.25
audio5-7 0.4 276.05100000000004 0.25
audio6-1 0.4 276.05100000000004 0.25
audio6-2 0.4 276.05100000000004 0.25
audio6-5 0.4 276.05100000000004 0.25
audio6-9 0.4 276.05100000000004 0.25
audio7-8 0.4 276.05100000000004 0.25
audio8-1 0 1.011 0
audio8-3 0 1.011 0
audio8-8 0 1.011 0
audio9-0 0.4 276.05100000000004 0.25
audio9-4 0.4 276.05100000000004 0.25
audio9-9 0.0314957242582886 22.66745999999924 0.2
yolo1-1 0 3.362 0
yolo1-2 0 3.362 0
yolo12-1 0 3.362 0
yolo2-1 0 3.362 0
yolo2-2 0 3.362 0
yolo2-6 0 3.362 0
yolo4-0 0 3.362 0
yolo4-3 0 3.362 0
yolo4-9 0 3.362 0
yolo5-1 0 3.362 0
yolo5-3 0 3.362 0
yolo6-1 0 3.362 0
yolo6-3 0 3.362 0
yolo6-8 0 3.362 0
yolo7-4 0 3.362 0
yolo8-0 0.05 6.486280000000001 0.525
yolo8-3 0.05 6.486280000000001 0.525
yolo8-9 0.05 6.486280000000001 0.525
yolo9-1 0 3.362 0
yolo9-4 0 3.362 0
yolo9-6 0 3.362 0
yolo9-9 0 3.362 0
audio1-edge-5 0.4 0.0527 0.25
Sum of bandwidth: 5081.041000000004
Sum of weights: 18.587000000000007
Average accuracy: 0.20740033356647114
time: 0.22303557395935059
**time: 10
========Allocate Done=============
audio1-8 0.4 276.05100000000004 0.25
audio11-1 0.4 276.05100000000004 0.25
audio11-6 0.4 276.05100000000004 0.25
audio12-2 0.4 276.05100000000004 0.25
audio12-7 0.4 276.05100000000004 0.25
audio2-0 0 1.011 0
audio2-7 0 1.011 0
audio3-4 0.017787841768468673 13.241919999999059 0.2
audio4-0 0.4 276.05100000000004 0.25
audio4-8 0.4 276.05100000000004 0.25
audio5-3 0.4 276.05100000000004 0.25
audio5-6 0.4 276.05100000000004 0.25
audio5-7 0.4 276.05100000000004 0.25
audio6-2 0.4 276.05100000000004 0.25
audio6-5 0.4 276.05100000000004 0.25
audio6-9 0.4 276.05100000000004 0.25
audio7-10 0.4 276.05100000000004 0.25
audio7-8 0.4 276.05100000000004 0.25
audio8-1 0 1.011 0
audio8-3 0 1.011 0
audio8-8 0 1.011 0
audio9-0 0.4 276.05100000000004 0.25
audio9-4 0.4 276.05100000000004 0.25
audio9-9 0.4 276.05100000000004 0.25
yolo1-1 0.05 6.486280000000001 0.525
yolo1-2 0.05 6.486280000000001 0.525
yolo2-1 0 3.362 0
yolo2-2 0 3.362 0
yolo2-6 0 3.362 0
yolo3-10 0 3.362 0
yolo4-0 0 3.362 0
yolo4-3 0 3.362 0
yolo4-9 0 3.362 0
yolo5-3 0 3.362 0
yolo6-1 0 3.362 0
yolo6-8 0 3.362 0
yolo7-10 0 3.362 0
yolo7-4 0 3.362 0
yolo8-0 0.05 6.486280000000001 0.525
yolo8-10 0.05 6.486280000000001 0.525
yolo8-3 0.05 6.486280000000001 0.525
yolo8-9 0.05 6.486280000000001 0.525
yolo9-1 0 3.362 0
yolo9-4 0 3.362 0
yolo9-6 0 3.362 0
yolo9-9 0 3.362 0
audio1-edge-5 0.4 0.0527 0.25
audio6-edge-2 0.4 0.0527 0.25
Sum of bandwidth: 5080.030000000003
Sum of weights: 18.753000000000004
Average accuracy: 0.27391350717218577
time: 0.0477299690246582
**time: 11
========Allocate Done=============
audio1-11 0.4 276.05100000000004 0.25
audio1-8 0.4 276.05100000000004 0.25
audio10-11 0.4 276.05100000000004 0.25
audio11-1 0.4 276.05100000000004 0.25
audio11-6 0.4 276.05100000000004 0.25
audio12-7 0.4 276.05100000000004 0.25
audio2-7 0.4 276.05100000000004 0.25
audio4-11 0.4 276.05100000000004 0.25
audio4-8 0.4 276.05100000000004 0.25
audio5-6 0.4 276.05100000000004 0.25
audio5-7 0.4 276.05100000000004 0.25
audio6-9 0.4 276.05100000000004 0.25
audio7-10 0.4 276.05100000000004 0.25
audio7-8 0.4 276.05100000000004 0.25
audio8-1 0.4 276.05100000000004 0.25
audio8-11 0.26939336823734567 186.2458799999989 0.2
audio8-8 0 1.011 0
audio9-11 0.4 276.05100000000004 0.25
audio9-9 0.4 276.05100000000004 0.25
yolo1-11 0.2 15.574480000000001 0.525
yolo1-2 0.2 15.574480000000001 0.525
yolo10-11 0.2 15.574480000000001 0.525
yolo2-6 0.05 6.486280000000001 0.525
yolo3-10 0.05 6.486280000000001 0.525
yolo4-3 0 3.362 0
yolo4-9 0 3.362 0
yolo5-3 0 3.362 0
yolo6-1 0 3.362 0
yolo6-8 0 3.362 0
yolo7-10 0 3.362 0
yolo7-4 0 3.362 0
yolo8-10 0.3 21.396079999999998 0.64
yolo8-3 0.3 21.396079999999998 0.64
yolo8-9 0.3 21.396079999999998 0.64
yolo9-1 0.1 9.563120000000001 0.525
yolo9-4 0.1 9.563120000000001 0.525
yolo9-6 0.1 9.563120000000001 0.525
yolo9-9 0.1 9.563120000000001 0.525
audio1-edge-5 0.4 0.0527 0.25
audio6-edge-2 0.4 0.0527 0.25
Sum of bandwidth: 5065.9000000000015
Sum of weights: 16.283000000000005
Average accuracy: 0.38760578517472194
time: 0.07560491561889648
**time: 12
========Allocate Done=============
audio1-8 0.4 276.05100000000004 0.25
audio10-11 0.4 276.05100000000004 0.25
audio11-1 0.4 276.05100000000004 0.25
audio11-6 0.4 276.05100000000004 0.25
audio12-12 0.4 276.05100000000004 0.25
audio12-7 0.4 276.05100000000004 0.25
audio2-12 0.4 276.05100000000004 0.25
audio2-7 0.33350968586387186 230.33225999999829 0.2
audio4-11 0.4 276.05100000000004 0.25
audio4-8 0.4 276.05100000000004 0.25
audio5-6 0.4 276.05100000000004 0.25
audio5-7 0.4 276.05100000000004 0.25
audio6-12 0.4 276.05100000000004 0.25
audio6-9 0.4 276.05100000000004 0.25
audio7-10 0.4 276.05100000000004 0.25
audio7-8 0.4 276.05100000000004 0.25
audio8-1 0 1.011 0
audio8-11 0 1.011 0
audio8-8 0 1.011 0
audio9-11 0.4 276.05100000000004 0.25
audio9-9 0.4 276.05100000000004 0.25
yolo1-11 0.1 9.563120000000001 0.525
yolo1-2 0.1 9.563120000000001 0.525
yolo10-11 0.1 9.563120000000001 0.525
yolo11-12 0.1 9.563120000000001 0.525
yolo12-12 0.1 9.563120000000001 0.525
yolo2-12 0.05 6.486280000000001 0.525
yolo2-6 0.05 6.486280000000001 0.525
yolo3-10 0.05 6.486280000000001 0.525
yolo4-3 0 3.362 0
yolo4-9 0 3.362 0
yolo5-3 0 3.362 0
yolo6-8 0 3.362 0
yolo7-10 0 3.362 0
yolo7-4 0 3.362 0
yolo8-10 0.15000000000000002 12.59252 0.525
yolo8-3 0.15000000000000002 12.59252 0.525
yolo8-9 0.15000000000000002 12.59252 0.525
yolo9-4 0.05 6.486280000000001 0.525
yolo9-6 0.05 6.486280000000001 0.525
yolo9-9 0.05 6.486280000000001 0.525
audio1-edge-11 0.4 0.0527 0.25
audio1-edge-5 0.4 0.0527 0.25
audio5-edge-6 0.4 0.0527 0.25
audio5-edge-7 0.4 0.0527 0.25
audio6-edge-2 0.4 0.0527 0.25
audio6-edge-9 0.4 0.0527 0.25
audio9-edge-11 0.4 0.0527 0.25
Sum of bandwidth: 5071.2840000000015
Sum of weights: 20.560000000000006
Average accuracy: 0.36127796692606995
time: 0.617560863494873
**time: 13
========Allocate Done=============
audio1-13 0.4 276.05100000000004 0.25
audio1-8 0.4 276.05100000000004 0.25
audio10-11 0.4 276.05100000000004 0.25
audio11-1 0.4 276.05100000000004 0.25
audio11-6 0.4 276.05100000000004 0.25
audio12-12 0.4 276.05100000000004 0.25
audio12-13 0.4 276.05100000000004 0.25
audio2-12 0.4 276.05100000000004 0.25
audio2-13 0.4 276.05100000000004 0.25
audio2-7 0.4 276.05100000000004 0.25
audio4-11 0.4 276.05100000000004 0.25
audio4-8 0.4 276.05100000000004 0.25
audio5-6 0.4 276.05100000000004 0.25
audio5-7 0.4 276.05100000000004 0.25
audio6-12 0.4 276.05100000000004 0.25
audio7-10 0.4 276.05100000000004 0.25
audio8-1 0.18950715532286228 131.3161200000001 0.2
audio8-11 0 1.011 0
audio8-8 0 1.011 0
audio9-9 0.4 276.05100000000004 0.25
yolo1-11 0.2 15.574480000000001 0.525
yolo1-13 0.2 15.574480000000001 0.525
yolo10-11 0.2 15.574480000000001 0.525
yolo11-12 0.2 15.574480000000001 0.525
yolo11-13 0.2 15.574480000000001 0.525
yolo12-12 0.2 15.574480000000001 0.525
yolo2-12 0.05 6.486280000000001 0.525
yolo2-13 0.05 6.486280000000001 0.525
yolo2-6 0.05 6.486280000000001 0.525
yolo3-10 0.05 6.486280000000001 0.525
yolo4-3 0 3.362 0
yolo4-9 0 3.362 0
yolo5-3 0 3.362 0
yolo6-8 0 3.362 0
yolo7-10 0 3.362 0
yolo7-4 0 3.362 0
yolo8-10 0.3 21.396079999999998 0.64
yolo8-13 0.3 21.396079999999998 0.64
yolo8-3 0.3 21.396079999999998 0.64
yolo8-9 0.3 21.396079999999998 0.64
yolo9-4 0.1 9.563120000000001 0.525
yolo9-6 0.1 9.563120000000001 0.525
yolo9-9 0.1 9.563120000000001 0.525
audio1-edge-11 0.4 0.0527 0.25
audio5-edge-6 0.4 0.0527 0.25
audio5-edge-7 0.4 0.0527 0.25
audio6-edge-2 0.4 0.0527 0.25
audio6-edge-9 0.4 0.0527 0.25
audio9-edge-11 0.4 0.0527 0.25
Sum of bandwidth: 5080.359000000006
Sum of weights: 21.796000000000003
Average accuracy: 0.40184116351624155
time: 0.007517814636230469
**time: 14
========Allocate Done=============
audio1-13 0.4 276.05100000000004 0.25
audio10-11 0.4 276.05100000000004 0.25
audio10-14 0.4 276.05100000000004 0.25
audio11-6 0.4 276.05100000000004 0.25
audio12-12 0.4 276.05100000000004 0.25
audio12-13 0.4 276.05100000000004 0.25
audio2-12 0.4 276.05100000000004 0.25
audio2-13 0.4 276.05100000000004 0.25
audio4-11 0.4 276.05100000000004 0.25
audio4-14 0.4 276.05100000000004 0.25
audio4-8 0.4 276.05100000000004 0.25
audio6-12 0.4 276.05100000000004 0.25
audio7-14 0.4 276.05100000000004 0.25
audio8-11 0.4 276.05100000000004 0.25
audio8-14 0.4 276.05100000000004 0.25
audio8-8 0.4 276.05100000000004 0.25
audio9-9 0.4 276.05100000000004 0.25
yolo1-11 0.3 21.396079999999998 0.64
yolo1-13 0.3 21.396079999999998 0.64
yolo10-11 0.3 21.396079999999998 0.64
yolo10-14 0.3 21.396079999999998 0.64
yolo11-12 0.3 21.396079999999998 0.64
yolo11-13 0.3 21.396079999999998 0.64
yolo12-12 0.3 21.396079999999998 0.64
yolo12-14 0.3 21.396079999999998 0.64
yolo2-12 0.1 9.563120000000001 0.525
yolo2-13 0.1 9.563120000000001 0.525
yolo2-6 0.1 9.563120000000001 0.525
yolo3-10 0.1 9.563120000000001 0.525
yolo3-14 0.06773233489967062 7.582899999999423 0.525
yolo4-3 0 3.362 0
yolo4-9 0 3.362 0
yolo5-3 0.05 6.486280000000001 0.525
yolo6-14 0 3.362 0
yolo7-10 0 3.362 0
yolo7-14 0 3.362 0
yolo8-10 0.44999999999999996 29.77268 0.82
yolo8-13 0.44999999999999996 29.77268 0.82
yolo8-3 0.44999999999999996 29.77268 0.82
yolo8-9 0.44999999999999996 29.77268 0.82
yolo9-14 0.1 9.563120000000001 0.525
yolo9-4 0.1 9.563120000000001 0.525
yolo9-6 0.1 9.563120000000001 0.525
yolo9-9 0.1 9.563120000000001 0.525
audio1-edge-11 0.4 0.0527 0.25
audio5-edge-6 0.4 0.0527 0.25
audio5-edge-7 0.4 0.0527 0.25
audio6-edge-9 0.4 0.0527 0.25
audio9-edge-11 0.4 0.0527 0.25
Sum of bandwidth: 5090.774000000003
Sum of weights: 22.472
Average accuracy: 0.49127580989676045
time: 0.011467695236206055
**time: 15
========Allocate Done=============
audio1-13 0.4 276.05100000000004 0.25
audio10-11 0.4 276.05100000000004 0.25
audio10-14 0.4 276.05100000000004 0.25
audio11-15 0.4 276.05100000000004 0.25
audio12-12 0.4 276.05100000000004 0.25
audio12-13 0.4 276.05100000000004 0.25
audio2-12 0.4 276.05100000000004 0.25
audio2-13 0.4 276.05100000000004 0.25
audio2-15 0.4 276.05100000000004 0.25
audio4-14 0.4 276.05100000000004 0.25
audio4-15 0.4 276.05100000000004 0.25
audio4-8 0.4 276.05100000000004 0.25
audio6-12 0.4 276.05100000000004 0.25
audio6-15 0.4 276.05100000000004 0.25
audio7-14 0.4 276.05100000000004 0.25
audio8-11 0.4 276.05100000000004 0.25
audio8-14 0.09694016870273509 67.66706000000065 0.2
audio8-8 0 1.011 0
audio9-9 0.4 276.05100000000004 0.25
yolo1-11 0.2 15.574480000000001 0.525
yolo1-13 0.2 15.574480000000001 0.525
yolo1-15 0.2 15.574480000000001 0.525
yolo10-11 0.2 15.574480000000001 0.525
yolo10-14 0.2 15.574480000000001 0.525
yolo11-12 0.2 15.574480000000001 0.525
yolo11-13 0.2 15.574480000000001 0.525
yolo12-12 0.2 15.574480000000001 0.525
yolo12-14 0.2 15.574480000000001 0.525
yolo12-15 0.2 15.574480000000001 0.525
yolo2-12 0.05 6.486280000000001 0.525
yolo2-13 0.05 6.486280000000001 0.525
yolo2-6 0.05 6.486280000000001 0.525
yolo3-10 0.05 6.486280000000001 0.525
yolo3-14 0.05 6.486280000000001 0.525
yolo4-3 0 3.362 0
yolo4-9 0 3.362 0
yolo5-15 0 3.362 0
yolo6-14 0 3.362 0
yolo6-15 0 3.362 0
yolo7-10 0 3.362 0
yolo7-14 0 3.362 0
yolo8-10 0.3 21.396079999999998 0.64
yolo8-13 0.3 21.396079999999998 0.64
yolo8-15 0.3 21.396079999999998 0.64
yolo8-3 0.3 21.396079999999998 0.64
yolo8-9 0.3 21.396079999999998 0.64
yolo9-14 0.1 9.563120000000001 0.525
yolo9-6 0.1 9.563120000000001 0.525
audio1-edge-11 0.4 0.0527 0.25
audio5-edge-7 0.4 0.0527 0.25
audio9-edge-11 0.4 0.0527 0.25
Sum of bandwidth: 5099.520000000007
Sum of weights: 23.467
Average accuracy: 0.4399582392295565
time: 0.2285480499267578
**time: 16
========Allocate Done=============
audio1-13 0.4 276.05100000000004 0.25
audio10-11 0.4 276.05100000000004 0.25
audio10-14 0.4 276.05100000000004 0.25
audio11-15 0.4 276.05100000000004 0.25
audio11-16 0.4 276.05100000000004 0.25
audio12-13 0.4 276.05100000000004 0.25
audio2-12 0.4 276.05100000000004 0.25
audio2-13 0.4 276.05100000000004 0.25
audio2-15 0.4 276.05100000000004 0.25
audio2-16 0.4 276.05100000000004 0.25
audio4-14 0.4 276.05100000000004 0.25
audio4-15 0.4 276.05100000000004 0.25
audio4-8 0.4 276.05100000000004 0.25
audio6-12 0.4 276.05100000000004 0.25
audio6-15 0.4 276.05100000000004 0.25
audio7-14 0.4 276.05100000000004 0.25
audio8-11 0.09694016870273484 67.66706000000048 0.2
audio8-14 0 1.011 0
audio8-8 0 1.011 0
audio9-16 0.4 276.05100000000004 0.25
yolo1-11 0.2 15.574480000000001 0.525
yolo1-13 0.2 15.574480000000001 0.525
yolo1-15 0.2 15.574480000000001 0.525
yolo10-11 0.2 15.574480000000001 0.525
yolo10-14 0.2 15.574480000000001 0.525
yolo11-12 0.2 15.574480000000001 0.525
yolo11-13 0.2 15.574480000000001 0.525
yolo12-12 0.2 15.574480000000001 0.525
yolo12-14 0.2 15.574480000000001 0.525
yolo12-15 0.2 15.574480000000001 0.525
yolo2-12 0.05 6.486280000000001 0.525
yolo2-13 0.05 6.486280000000001 0.525
yolo2-6 0.05 6.486280000000001 0.525
yolo3-10 0.05 6.486280000000001 0.525
yolo3-14 0.05 6.486280000000001 0.525
yolo4-16 0 3.362 0
yolo4-3 0 3.362 0
yolo4-9 0 3.362 0
yolo5-15 0 3.362 0
yolo6-14 0 3.362 0
yolo6-15 0 3.362 0
yolo6-16 0 3.362 0
yolo7-10 0 3.362 0
yolo7-14 0 3.362 0
yolo8-10 0.3 21.396079999999998 0.64
yolo8-13 0.3 21.396079999999998 0.64
yolo8-15 0.3 21.396079999999998 0.64
yolo8-3 0.3 21.396079999999998 0.64
yolo8-9 0.3 21.396079999999998 0.64
yolo9-14 0.1 9.563120000000001 0.525
yolo9-6 0.1 9.563120000000001 0.525
audio1-edge-11 0.4 0.0527 0.25
audio5-edge-7 0.4 0.0527 0.25
audio9-edge-11 0.4 0.0527 0.25
Sum of bandwidth: 5107.255000000007
Sum of weights: 23.672999999999995
Average accuracy: 0.4363937819456767
time: 0.465670108795166
**time: 17
========Allocate Done=============
audio1-13 0.4 276.05100000000004 0.25
audio10-11 0.4 276.05100000000004 0.25
audio10-14 0.4 276.05100000000004 0.25
audio10-17 0.4 276.05100000000004 0.25
audio11-15 0.4 276.05100000000004 0.25
audio11-16 0.4 276.05100000000004 0.25
audio12-13 0.4 276.05100000000004 0.25
audio12-17 0.4 276.05100000000004 0.25
audio2-12 0.22132649796393106 153.195099999999 0.2
audio2-13 0 1.011 0
audio2-15 0 1.011 0
audio2-16 0 1.011 0
audio4-14 0.4 276.05100000000004 0.25
audio4-15 0.4 276.05100000000004 0.25
audio4-17 0.4 276.05100000000004 0.25
audio4-8 0.4 276.05100000000004 0.25
audio6-12 0.4 276.05100000000004 0.25
audio6-15 0.4 276.05100000000004 0.25
audio7-14 0.4 276.05100000000004 0.25
audio7-17 0.4 276.05100000000004 0.25
audio8-11 0 1.011 0
audio8-14 0 1.011 0
audio8-17 0 1.011 0
audio8-8 0 1.011 0
audio9-16 0.4 276.05100000000004 0.25
yolo1-11 0.1 9.563120000000001 0.525
yolo1-13 0.1 9.563120000000001 0.525
yolo1-15 0.1 9.563120000000001 0.525
yolo1-17 0.1 9.563120000000001 0.525
yolo10-11 0.1 9.563120000000001 0.525
yolo10-14 0.1 9.563120000000001 0.525
yolo10-17 0.1 9.563120000000001 0.525
yolo11-12 0.1 9.563120000000001 0.525
yolo11-13 0.1 9.563120000000001 0.525
yolo12-12 0.1 9.563120000000001 0.525
yolo12-14 0.1 9.563120000000001 0.525
yolo12-15 0.1 9.563120000000001 0.525
yolo2-12 0.05 6.486280000000001 0.525
yolo2-13 0.05 6.486280000000001 0.525
yolo2-17 0.05 6.486280000000001 0.525
yolo2-6 0.05 6.486280000000001 0.525
yolo3-10 0.05 6.486280000000001 0.525
yolo3-14 0.05 6.486280000000001 0.525
yolo3-17 0.05 6.486280000000001 0.525
yolo4-16 0 3.362 0
yolo4-9 0 3.362 0
yolo5-15 0 3.362 0
yolo5-17 0 3.362 0
yolo6-14 0 3.362 0
yolo6-15 0 3.362 0
yolo6-16 0 3.362 0
yolo7-10 0 3.362 0
yolo7-14 0 3.362 0
yolo7-17 0 3.362 0
yolo8-10 0.15000000000000002 12.59252 0.525
yolo8-13 0.15000000000000002 12.59252 0.525
yolo8-15 0.15000000000000002 12.59252 0.525
yolo8-17 0.15000000000000002 12.59252 0.525
yolo8-3 0.15000000000000002 12.59252 0.525
yolo8-9 0.15000000000000002 12.59252 0.525
yolo9-14 0.05 6.486280000000001 0.525
audio1-edge-11 0.4 0.0527 0.25
audio5-edge-7 0.4 0.0527 0.25
audio9-edge-11 0.4 0.0527 0.25
Sum of bandwidth: 5129.120000000002
Sum of weights: 28.647999999999993
Average accuracy: 0.40607546774643977
time: 0.4154393672943115
**time: 18
========Allocate Done=============
audio1-13 0.4 276.05100000000004 0.25
audio10-11 0.4 276.05100000000004 0.25
audio10-14 0.4 276.05100000000004 0.25
audio10-17 0.4 276.05100000000004 0.25
audio10-18 0.4 276.05100000000004 0.25
audio11-15 0.4 276.05100000000004 0.25
audio11-16 0.4 276.05100000000004 0.25
audio12-13 0.4 276.05100000000004 0.25
audio12-17 0.4 276.05100000000004 0.25
audio2-12 0 1.011 0
audio2-13 0 1.011 0
audio2-15 0 1.011 0
audio2-16 0 1.011 0
audio4-14 0.4 276.05100000000004 0.25
audio4-15 0.4 276.05100000000004 0.25
audio4-17 0.4 276.05100000000004 0.25
audio4-18 0.4 276.05100000000004 0.25
audio4-8 0.4 276.05100000000004 0.25
audio6-12 0.4 276.05100000000004 0.25
audio6-15 0.4 276.05100000000004 0.25
audio7-14 0.4 276.05100000000004 0.25
audio7-17 0.4 276.05100000000004 0.25
audio8-11 0 1.011 0
audio8-14 0 1.011 0
audio8-17 0 1.011 0
audio8-8 0 1.011 0
audio9-16 0.017941128563117265 13.347319999999431 0.2
yolo1-11 0 3.362 0
yolo1-13 0 3.362 0
yolo1-15 0 3.362 0
yolo1-17 0 3.362 0
yolo10-11 0 3.362 0
yolo10-14 0 3.362 0
yolo10-17 0 3.362 0
yolo11-12 0 3.362 0
yolo11-13 0 3.362 0
yolo12-12 0 3.362 0
yolo12-14 0 3.362 0
yolo12-15 0 3.362 0
yolo2-12 0 3.362 0
yolo2-13 0 3.362 0
yolo2-17 0 3.362 0
yolo2-6 0 3.362 0
yolo3-10 0 3.362 0
yolo3-14 0 3.362 0
yolo3-17 0 3.362 0
yolo4-16 0 3.362 0
yolo4-9 0 3.362 0
yolo5-15 0 3.362 0
yolo5-17 0 3.362 0
yolo5-18 0 3.362 0
yolo6-14 0 3.362 0
yolo6-15 0 3.362 0
yolo6-16 0 3.362 0
yolo7-10 0 3.362 0
yolo7-14 0 3.362 0
yolo7-17 0 3.362 0
yolo8-10 0.05 6.486280000000001 0.525
yolo8-13 0.05 6.486280000000001 0.525
yolo8-15 0.05 6.486280000000001 0.525
yolo8-17 0.05 6.486280000000001 0.525
yolo8-3 0.05 6.486280000000001 0.525
yolo8-9 0.05 6.486280000000001 0.525
yolo9-14 0 3.362 0
yolo9-18 0 3.362 0
audio9-edge-11 0 0.0527 0
Sum of bandwidth: 5136.907700000005
Sum of weights: 29.370999999999988
Average accuracy: 0.18559293180347974
time: 0.0036537647247314453
**time: 19
========Allocate Done=============
audio1-13 0.4 276.05100000000004 0.25
audio10-11 0.4 276.05100000000004 0.25
audio10-14 0.4 276.05100000000004 0.25
audio10-17 0.4 276.05100000000004 0.25
audio10-18 0.4 276.05100000000004 0.25
audio11-15 0.4 276.05100000000004 0.25
audio11-16 0.4 276.05100000000004 0.25
audio12-13 0.4 276.05100000000004 0.25
audio12-17 0.4 276.05100000000004 0.25
audio2-12 0 1.011 0
audio2-13 0 1.011 0
audio2-15 0 1.011 0
audio2-16 0 1.011 0
audio4-14 0.4 276.05100000000004 0.25
audio4-15 0.4 276.05100000000004 0.25
audio4-17 0.4 276.05100000000004 0.25
audio4-18 0.4 276.05100000000004 0.25
audio4-8 0.4 276.05100000000004 0.25
audio6-12 0.4 276.05100000000004 0.25
audio6-15 0.4 276.05100000000004 0.25
audio7-14 0.4 276.05100000000004 0.25
audio7-17 0.4 276.05100000000004 0.25
audio8-11 0 1.011 0
audio8-14 0 1.011 0
audio8-17 0 1.011 0
audio8-8 0 1.011 0
audio9-16 0.022254944735310575 16.313499999999554 0.2
yolo1-11 0 3.362 0
yolo1-13 0 3.362 0
yolo1-15 0 3.362 0
yolo1-17 0 3.362 0
yolo1-19 0 3.362 0
yolo10-11 0 3.362 0
yolo10-14 0 3.362 0
yolo10-17 0 3.362 0
yolo11-12 0 3.362 0
yolo11-13 0 3.362 0
yolo12-12 0 3.362 0
yolo12-14 0 3.362 0
yolo12-15 0 3.362 0
yolo2-12 0 3.362 0
yolo2-13 0 3.362 0
yolo2-17 0 3.362 0
yolo2-6 0 3.362 0
yolo3-10 0 3.362 0
yolo3-14 0 3.362 0
yolo3-17 0 3.362 0
yolo4-16 0 3.362 0
yolo4-9 0 3.362 0
yolo5-15 0 3.362 0
yolo5-17 0 3.362 0
yolo5-18 0 3.362 0
yolo5-19 0 3.362 0
yolo6-14 0 3.362 0
yolo6-15 0 3.362 0
yolo6-16 0 3.362 0
yolo7-10 0 3.362 0
yolo7-14 0 3.362 0
yolo7-17 0 3.362 0
yolo8-10 0.05 6.486280000000001 0.525
yolo8-13 0.05 6.486280000000001 0.525
yolo8-15 0.05 6.486280000000001 0.525
yolo8-17 0.05 6.486280000000001 0.525
yolo8-9 0.05 6.486280000000001 0.525
yolo9-14 0 3.362 0
yolo9-18 0 3.362 0
audio1-edge-13 0.4 0.0527 0.25
audio2-edge-13 0 0.0527 0
audio6-edge-12 0.4 0.0527 0.25
audio6-edge-15 0.4 0.0527 0.25
Sum of bandwidth: 5140.269700000005
Sum of weights: 30.41199999999999
Average accuracy: 0.17245988425621472
time: 0.732088565826416
**time: 20
========Allocate Done=============
audio1-13 0.4 276.05100000000004 0.25
audio10-14 0.4 276.05100000000004 0.25
audio10-17 0.4 276.05100000000004 0.25
audio10-18 0.4 276.05100000000004 0.25
audio11-15 0.4 276.05100000000004 0.25
audio11-16 0.4 276.05100000000004 0.25
audio12-13 0.4 276.05100000000004 0.25
audio12-17 0.4 276.05100000000004 0.25
audio2-12 0 1.011 0
audio2-13 0 1.011 0
audio2-15 0 1.011 0
audio2-16 0 1.011 0
audio3-20 0 1.011 0
audio4-14 0.4 276.05100000000004 0.25
audio4-15 0.4 276.05100000000004 0.25
audio4-17 0.4 276.05100000000004 0.25
audio4-18 0.4 276.05100000000004 0.25
audio4-8 0.4 276.05100000000004 0.25
audio6-12 0.4 276.05100000000004 0.25
audio6-15 0.4 276.05100000000004 0.25
audio7-14 0.4 276.05100000000004 0.25
audio7-17 0.4 276.05100000000004 0.25
audio8-11 0 1.011 0
audio8-14 0 1.011 0
audio8-17 0 1.011 0
audio8-20 0 1.011 0
audio8-8 0 1.011 0
audio9-16 0.4 276.05100000000004 0.25
yolo1-13 0.05 6.486280000000001 0.525
yolo1-15 0.05 6.486280000000001 0.525
yolo1-17 0.05 6.486280000000001 0.525
yolo1-19 0.05 6.486280000000001 0.525
yolo10-11 0.04486142068874764 6.167379999999325 0.525
yolo10-14 0 3.362 0
yolo10-17 0 3.362 0
yolo10-20 0 3.362 0
yolo11-12 0 3.362 0
yolo11-13 0 3.362 0
yolo12-14 0 3.362 0
yolo12-15 0 3.362 0
yolo2-12 0 3.362 0
yolo2-13 0 3.362 0
yolo2-17 0 3.362 0
yolo2-6 0 3.362 0
yolo3-10 0 3.362 0
yolo3-14 0 3.362 0
yolo3-17 0 3.362 0
yolo4-16 0 3.362 0
yolo4-9 0 3.362 0
yolo5-15 0 3.362 0
yolo5-17 0 3.362 0
yolo5-18 0 3.362 0
yolo5-19 0 3.362 0
yolo6-14 0 3.362 0
yolo6-15 0 3.362 0
yolo6-16 0 3.362 0
yolo7-10 0 3.362 0
yolo7-14 0 3.362 0
yolo7-17 0 3.362 0
yolo7-20 0 3.362 0
yolo8-10 0.05 6.486280000000001 0.525
yolo8-13 0.05 6.486280000000001 0.525
yolo8-15 0.05 6.486280000000001 0.525
yolo8-17 0.05 6.486280000000001 0.525
yolo8-9 0.05 6.486280000000001 0.525
yolo9-14 0 3.362 0
yolo9-18 0 3.362 0
audio1-edge-13 0.4 0.0527 0.25
audio2-edge-13 0 0.0527 0
audio6-edge-12 0.4 0.0527 0.25
audio6-edge-15 0.4 0.0527 0.25
Sum of bandwidth: 5141.280700000006
Sum of weights: 29.45299999999999
Average accuracy: 0.2399288697246462
time: 0.0047228336334228516
**time: 21
========Allocate Done=============
audio1-21 0.4 276.05100000000004 0.25
audio10-17 0.4 276.05100000000004 0.25
audio10-18 0.4 276.05100000000004 0.25
audio11-15 0.4 276.05100000000004 0.25
audio12-13 0.4 276.05100000000004 0.25
audio12-17 0.4 276.05100000000004 0.25
audio3-20 0.4 276.05100000000004 0.25
audio4-14 0.4 276.05100000000004 0.25
audio4-15 0.4 276.05100000000004 0.25
audio4-17 0.4 276.05100000000004 0.25
audio4-18 0.4 276.05100000000004 0.25
audio5-21 0.4 276.05100000000004 0.25
audio6-21 0.4 276.05100000000004 0.25
audio7-14 0.4 276.05100000000004 0.25
audio7-17 0.4 276.05100000000004 0.25
audio8-17 0.24673598022105753 170.66665999999915 0.2
audio8-20 0 1.011 0
audio9-16 0.4 276.05100000000004 0.25
audio9-21 0.4 276.05100000000004 0.25
yolo1-15 0.2 15.574480000000001 0.525
yolo1-17 0.2 15.574480000000001 0.525
yolo1-19 0.2 15.574480000000001 0.525
yolo10-14 0.2 15.574480000000001 0.525
yolo10-17 0.2 15.574480000000001 0.525
yolo10-20 0.2 15.574480000000001 0.525
yolo11-13 0.2 15.574480000000001 0.525
yolo12-14 0.2 15.574480000000001 0.525
yolo12-15 0.2 15.574480000000001 0.525
yolo2-13 0.05 6.486280000000001 0.525
yolo2-17 0.05 6.486280000000001 0.525
yolo3-17 0.05 6.486280000000001 0.525
yolo4-16 0 3.362 0
yolo5-15 0 3.362 0
yolo5-17 0 3.362 0
yolo5-18 0 3.362 0
yolo6-16 0 3.362 0
yolo7-14 0 3.362 0
yolo7-17 0 3.362 0
yolo7-20 0 3.362 0
yolo8-13 0.3 21.396079999999998 0.64
audio1-edge-13 0.4 0.0527 0.25
audio2-edge-13 0.4 0.0527 0.25
audio6-edge-15 0.4 0.0527 0.25
Sum of bandwidth: 5072.624000000003
Sum of weights: 18.758
Average accuracy: 0.37048965774602843
time: 0.07637691497802734
**time: 22
========Allocate Done=============
audio1-21 0.4 276.05100000000004 0.25
audio10-18 0.4 276.05100000000004 0.25
audio11-15 0.4 276.05100000000004 0.25
audio12-13 0.4 276.05100000000004 0.25
audio12-17 0.4 276.05100000000004 0.25
audio12-22 0.4 276.05100000000004 0.25
audio2-22 0.3288279522978472 227.11309999999975 0.2
audio3-20 0.4 276.05100000000004 0.25
audio4-14 0.4 276.05100000000004 0.25
audio4-15 0.4 276.05100000000004 0.25
audio4-17 0.4 276.05100000000004 0.25
audio4-18 0.4 276.05100000000004 0.25
audio5-21 0.4 276.05100000000004 0.25
audio6-21 0.4 276.05100000000004 0.25
audio7-14 0.4 276.05100000000004 0.25
audio7-17 0.4 276.05100000000004 0.25
audio8-17 0 1.011 0
audio8-20 0 1.011 0
audio9-16 0.4 276.05100000000004 0.25
audio9-21 0.4 276.05100000000004 0.25
yolo1-15 0.1 9.563120000000001 0.525
yolo1-17 0.1 9.563120000000001 0.525
yolo1-19 0.1 9.563120000000001 0.525
yolo10-14 0.1 9.563120000000001 0.525
yolo10-17 0.1 9.563120000000001 0.525
yolo10-20 0.1 9.563120000000001 0.525
yolo11-13 0.1 9.563120000000001 0.525
yolo12-14 0.1 9.563120000000001 0.525
yolo12-15 0.1 9.563120000000001 0.525
yolo2-13 0.05 6.486280000000001 0.525
yolo2-17 0.05 6.486280000000001 0.525
yolo2-22 0.05 6.486280000000001 0.525
yolo3-17 0.05 6.486280000000001 0.525
yolo3-22 0.05 6.486280000000001 0.525
yolo4-16 0 3.362 0
yolo5-15 0 3.362 0
yolo5-17 0 3.362 0
yolo5-18 0 3.362 0
yolo6-16 0 3.362 0
yolo7-14 0 3.362 0
yolo7-17 0 3.362 0
yolo7-20 0 3.362 0
yolo8-13 0.15000000000000002 12.59252 0.525
audio1-edge-13 0.4 0.0527 0.25
audio1-edge-18 0.4 0.0527 0.25
audio10-edge-17 0.4 0.0527 0.25
audio10-edge-18 0.4 0.0527 0.25
audio2-edge-13 0 0.0527 0
audio2-edge-18 0 0.0527 0
audio6-edge-15 0.4 0.0527 0.25
audio6-edge-18 0.4 0.0527 0.25
audio9-edge-16 0.4 0.0527 0.25
Sum of bandwidth: 5080.464400000003
Sum of weights: 21.538999999999998
Average accuracy: 0.35615975672036776
time: 0.007071733474731445
**time: 23
========Allocate Done=============
audio1-21 0.4 276.05100000000004 0.25
audio1-23 0.4 276.05100000000004 0.25
audio11-15 0.4 276.05100000000004 0.25
audio12-13 0.4 276.05100000000004 0.25
audio12-17 0.4 276.05100000000004 0.25
audio12-22 0.4 276.05100000000004 0.25
audio2-22 0.4 276.05100000000004 0.25
audio3-20 0.4 276.05100000000004 0.25
audio4-14 0.4 276.05100000000004 0.25
audio4-18 0.4 276.05100000000004 0.25
audio5-21 0.4 276.05100000000004 0.25
audio6-21 0.4 276.05100000000004 0.25
audio7-14 0.4 276.05100000000004 0.25
audio8-17 0.4 276.05100000000004 0.25
audio8-20 0.4 276.05100000000004 0.25
audio9-21 0.4 276.05100000000004 0.25
audio9-23 0.4 276.05100000000004 0.25
yolo1-17 0.35 24.23572 0.685
yolo1-19 0.35 24.23572 0.685
yolo1-23 0.35 24.23572 0.685
yolo10-14 0.35 24.23572 0.685
yolo10-17 0.35 24.23572 0.685
yolo10-20 0.35 24.23572 0.685
yolo10-23 0.35 24.23572 0.685
yolo11-13 0.35 24.23572 0.685
yolo12-14 0.35 24.23572 0.685
yolo12-15 0.35 24.23572 0.685
yolo2-13 0.1 9.563120000000001 0.525
yolo2-17 0.1 9.563120000000001 0.525
yolo2-22 0.1 9.563120000000001 0.525
yolo3-22 0.1 9.563120000000001 0.525
yolo4-16 0 3.362 0
yolo5-17 0.05 6.486280000000001 0.525
yolo5-18 0.05 6.486280000000001 0.525
yolo6-16 0 3.362 0
yolo7-14 0 3.362 0
yolo7-17 0 3.362 0
yolo7-20 0 3.362 0
yolo8-13 0.6 37.722319999999996 0.88
yolo8-23 0.5643214048997724 35.87013999999951 0.88
audio1-edge-13 0.4 0.0527 0.25
audio1-edge-18 0.4 0.0527 0.25
audio10-edge-17 0.4 0.0527 0.25
audio10-edge-18 0.4 0.0527 0.25
audio2-edge-13 0.4 0.0527 0.25
audio2-edge-18 0.4 0.0527 0.25
audio6-edge-15 0.4 0.0527 0.25
audio6-edge-18 0.4 0.0527 0.25
audio9-edge-16 0.4 0.0527 0.25
Sum of bandwidth: 5077.325999999997
Sum of weights: 20.722000000000005
Average accuracy: 0.4843296979056077
time: 0.007982730865478516
**time: 24
========Allocate Done=============
audio1-21 0.4 276.05100000000004 0.25
audio1-23 0.4 276.05100000000004 0.25
audio11-15 0.4 276.05100000000004 0.25
audio12-17 0.4 276.05100000000004 0.25
audio12-22 0.4 276.05100000000004 0.25
audio12-24 0.4 276.05100000000004 0.25
audio2-22 0.4 276.05100000000004 0.25
audio3-24 0.4 276.05100000000004 0.25
audio4-14 0.4 276.05100000000004 0.25
audio5-21 0.4 276.05100000000004 0.25
audio6-21 0.4 276.05100000000004 0.25
audio6-24 0.4 276.05100000000004 0.25
audio7-14 0.4 276.05100000000004 0.25
audio7-24 0.4 276.05100000000004 0.25
audio8-20 0.4 276.05100000000004 0.25
audio9-21 0.4 276.05100000000004 0.25
audio9-23 0.4 276.05100000000004 0.25
yolo1-17 0.44999999999999996 29.77268 0.82
yolo1-19 0.44999999999999996 29.77268 0.82
yolo1-23 0.4354703170055015 28.979959999998 0.82
yolo10-14 0.39999999999999997 27.027919999999995 0.685
yolo10-17 0.39999999999999997 27.027919999999995 0.685
yolo10-20 0.39999999999999997 27.027919999999995 0.685
yolo10-23 0.39999999999999997 27.027919999999995 0.685
yolo12-15 0.39999999999999997 27.027919999999995 0.685
yolo12-24 0.39999999999999997 27.027919999999995 0.685
yolo2-13 0.15000000000000002 12.59252 0.525
yolo2-22 0.15000000000000002 12.59252 0.525
yolo3-22 0.1 9.563120000000001 0.525
yolo3-24 0.1 9.563120000000001 0.525
yolo4-16 0 3.362 0
yolo4-24 0 3.362 0
yolo5-17 0.05 6.486280000000001 0.525
yolo5-18 0.05 6.486280000000001 0.525
yolo5-24 0.05 6.486280000000001 0.525
yolo6-24 0 3.362 0
yolo7-14 0 3.362 0
yolo7-17 0 3.362 0
yolo7-20 0 3.362 0
yolo7-24 0 3.362 0
yolo8-23 0.65 40.27732 0.93
yolo9-24 0.15000000000000002 12.59252 0.525
audio1-edge-18 0.4 0.0527 0.25
audio10-edge-17 0.4 0.0527 0.25
audio10-edge-18 0.4 0.0527 0.25
audio2-edge-18 0.4 0.0527 0.25
audio6-edge-15 0.4 0.0527 0.25
audio6-edge-18 0.4 0.0527 0.25
yolo1-edge-15 0.39999999999999997 16.563519999999997 0.685
yolo1-edge-17 0.39999999999999997 16.563519999999997 0.685
Sum of bandwidth: 5117.177040000001
Sum of weights: 20.24000000000001
Average accuracy: 0.4999683794466403
time: 0.06933140754699707
**time: 25
========Allocate Done=============
audio1-21 0.4 276.05100000000004 0.25
audio1-23 0.4 276.05100000000004 0.25
audio11-15 0.4 276.05100000000004 0.25
audio12-17 0.4 276.05100000000004 0.25
audio12-22 0.4 276.05100000000004 0.25
audio12-24 0.4 276.05100000000004 0.25
audio2-22 0.4 276.05100000000004 0.25
audio3-24 0.4 276.05100000000004 0.25
audio4-14 0.4 276.05100000000004 0.25
audio5-21 0.4 276.05100000000004 0.25
audio6-21 0.4 276.05100000000004 0.25
audio6-24 0.4 276.05100000000004 0.25
audio7-14 0.4 276.05100000000004 0.25
audio7-24 0.4 276.05100000000004 0.25
audio8-20 0.4 276.05100000000004 0.25
audio9-21 0.4 276.05100000000004 0.25
audio9-23 0.4 276.05100000000004 0.25
yolo1-17 0.44999999999999996 29.77268 0.82
yolo1-19 0.44999999999999996 29.77268 0.82
yolo1-23 0.4364339764027455 29.032659999998195 0.82
yolo10-14 0.39999999999999997 27.027919999999995 0.685
yolo10-17 0.39999999999999997 27.027919999999995 0.685
yolo10-20 0.39999999999999997 27.027919999999995 0.685
yolo10-23 0.39999999999999997 27.027919999999995 0.685
yolo12-15 0.39999999999999997 27.027919999999995 0.685
yolo12-24 0.39999999999999997 27.027919999999995 0.685
yolo2-13 0.15000000000000002 12.59252 0.525
yolo2-22 0.15000000000000002 12.59252 0.525
yolo3-22 0.1 9.563120000000001 0.525
yolo3-24 0.1 9.563120000000001 0.525
yolo4-16 0 3.362 0
yolo4-24 0 3.362 0
yolo5-17 0.05 6.486280000000001 0.525
yolo5-18 0.05 6.486280000000001 0.525
yolo5-24 0.05 6.486280000000001 0.525
yolo6-24 0 3.362 0
yolo7-14 0 3.362 0
yolo7-17 0 3.362 0
yolo7-20 0 3.362 0
yolo7-24 0 3.362 0
yolo8-23 0.65 40.27732 0.93
yolo9-24 0.15000000000000002 12.59252 0.525
audio1-edge-18 0.4 0.0527 0.25
audio10-edge-17 0.4 0.0527 0.25
audio10-edge-18 0.4 0.0527 0.25
audio2-edge-18 0.4 0.0527 0.25
audio6-edge-18 0.4 0.0527 0.25
yolo1-edge-15 0.39999999999999997 16.563519999999997 0.685
yolo1-edge-17 0.39999999999999997 16.563519999999997 0.685
Sum of bandwidth: 5117.177040000001
Sum of weights: 19.87200000000001
Average accuracy: 0.5045974235104669
time: 0.015515327453613281
