num: 50 running time:25 bandwidth:5000
**time: 0
========Allocate Done=============
audio10-0 1 688.611 0.9
Sum of bandwidth: 688.611
Sum of weights: 0.053
Average accuracy: 0.9
time: 0.0005941390991210938
**time: 1
========Allocate Done=============
audio10-0 1 688.611 0.9
audio11-0 1 688.611 0.9
audio3-0 1 688.611 0.9
audio9-0 1 688.611 0.9
yolo10-0 1 56.834 0.99
yolo11-1 1 56.834 0.99
yolo12-0 1 56.834 0.99
yolo2-1 1 56.834 0.99
yolo4-0 1 56.834 0.99
yolo5-1 1 56.834 0.99
yolo6-0 1 56.834 0.99
yolo8-0 1 56.834 0.99
Sum of bandwidth: 3209.1159999999986
Sum of weights: 6.031
Average accuracy: 0.9732714309401426
time: 0.0029141902923583984
**time: 2
========Allocate Done=============
audio10-0 0.44894706224549497 309.7070000000024 0.25
audio11-0 0.4 276.05100000000004 0.25
audio11-2 0.4 276.05100000000004 0.25
audio3-0 1 688.611 0.9
audio3-2 1 688.611 0.9
audio4-2 1 688.611 0.9
audio6-2 1 688.611 0.9
audio9-0 1 688.611 0.9
yolo10-0 1 56.834 0.99
yolo11-1 1 56.834 0.99
yolo11-2 1 56.834 0.99
yolo12-0 1 56.834 0.99
yolo2-1 1 56.834 0.99
yolo2-2 1 56.834 0.99
yolo4-0 1 56.834 0.99
yolo5-1 1 56.834 0.99
yolo6-0 1 56.834 0.99
yolo6-2 1 56.834 0.99
yolo8-0 1 56.834 0.99
yolo8-2 1 56.834 0.99
yolo9-2 1 56.834 0.99
Sum of bandwidth: 5043.706
Sum of weights: 10.334
Average accuracy: 0.9540110315463519
time: 0.1878347396850586
**time: 3
========Allocate Done=============
audio1-3 0.4 276.05100000000004 0.25
audio10-0 0.4 276.05100000000004 0.25
audio11-0 0.4 276.05100000000004 0.25
audio11-2 0.4 276.05100000000004 0.25
audio3-0 0.4 276.05100000000004 0.25
audio3-2 0.4 276.05100000000004 0.25
audio4-2 1 688.611 0.9
audio6-2 0.7682402559627655 529.2529999999975 0.42
audio8-3 1 688.611 0.9
audio9-0 1 688.611 0.9
yolo10-0 1 56.834 0.99
yolo11-1 1 56.834 0.99
yolo11-2 1 56.834 0.99
yolo12-0 1 56.834 0.99
yolo2-1 1 56.834 0.99
yolo2-2 1 56.834 0.99
yolo4-0 1 56.834 0.99
yolo5-1 1 56.834 0.99
yolo6-0 1 56.834 0.99
yolo6-2 1 56.834 0.99
yolo7-3 1 56.834 0.99
yolo8-0 1 56.834 0.99
yolo8-2 1 56.834 0.99
yolo9-2 1 56.834 0.99
Sum of bandwidth: 5047.067999999995
Sum of weights: 12.117999999999999
Average accuracy: 0.8880409308466745
time: 0.07082748413085938
**time: 4
========Allocate Done=============
audio1-3 0.4 276.05100000000004 0.25
audio10-0 0.4 276.05100000000004 0.25
audio11-0 0.4 276.05100000000004 0.25
audio2-4 0.4 276.05100000000004 0.25
audio3-0 0.4 276.05100000000004 0.25
audio3-2 0.4 276.05100000000004 0.25
audio4-2 1 688.611 0.9
audio5-4 0.4 276.05100000000004 0.25
audio6-2 0.4 276.05100000000004 0.25
audio7-4 0.4 276.05100000000004 0.25
audio8-3 0.8415954043048292 579.6920000000005 0.67
audio9-0 0.4 276.05100000000004 0.25
audio9-4 0.4 276.05100000000004 0.25
yolo11-1 1 56.834 0.99
yolo11-2 1 56.834 0.99
yolo12-0 1 56.834 0.99
yolo12-4 1 56.834 0.99
yolo2-1 1 56.834 0.99
yolo2-2 1 56.834 0.99
yolo5-1 1 56.834 0.99
yolo6-0 1 56.834 0.99
yolo6-2 1 56.834 0.99
yolo7-3 1 56.834 0.99
yolo8-0 1 56.834 0.99
yolo8-2 1 56.834 0.99
yolo9-2 1 56.834 0.99
Sum of bandwidth: 5043.705999999998
Sum of weights: 12.970999999999997
Average accuracy: 0.7402459332356798
time: 0.012854814529418945
**time: 5
========Allocate Done=============
audio1-3 0.4 276.05100000000004 0.25
audio10-0 0.4 276.05100000000004 0.25
audio11-0 0.4 276.05100000000004 0.25
audio11-5 0.4 276.05100000000004 0.25
audio2-4 0.4 276.05100000000004 0.25
audio3-0 0.4 276.05100000000004 0.25
audio3-2 0.4 276.05100000000004 0.25
audio3-5 0.4 276.05100000000004 0.25
audio4-2 0.5664208842350213 390.4820000000007 0.31
audio5-4 0.4 276.05100000000004 0.25
audio6-2 0.4 276.05100000000004 0.25
audio7-4 0.4 276.05100000000004 0.25
audio8-3 0.55 379.1910000000001 0.31
audio9-0 0.4 276.05100000000004 0.25
audio9-4 0.4 276.05100000000004 0.25
yolo11-1 1 56.834 0.99
yolo11-2 1 56.834 0.99
yolo11-5 1 56.834 0.99
yolo12-0 1 56.834 0.99
yolo12-4 1 56.834 0.99
yolo2-1 1 56.834 0.99
yolo2-2 1 56.834 0.99
yolo6-2 1 56.834 0.99
yolo6-5 1 56.834 0.99
yolo7-3 1 56.834 0.99
yolo8-2 1 56.834 0.99
yolo9-2 1 56.834 0.99
Sum of bandwidth: 5040.343999999999
Sum of weights: 12.814999999999998
Average accuracy: 0.644695278969957
time: 0.19298052787780762
**time: 6
========Allocate Done=============
audio1-3 0.4 276.05100000000004 0.25
audio11-5 0.4 276.05100000000004 0.25
audio2-4 0.4 276.05100000000004 0.25
audio3-0 0.4 276.05100000000004 0.25
audio3-2 0.4 276.05100000000004 0.25
audio3-5 0.4 276.05100000000004 0.25
audio5-4 0.9445360674810922 650.473999999999 0.84
audio6-2 0.45 310.43100000000004 0.27
audio7-4 0.45 310.43100000000004 0.27
audio9-4 1 688.611 0.9
audio9-6 1 688.611 0.9
yolo11-1 1 56.834 0.99
yolo11-2 1 56.834 0.99
yolo11-5 1 56.834 0.99
yolo12-0 1 56.834 0.99
yolo12-4 1 56.834 0.99
yolo2-1 1 56.834 0.99
yolo2-2 1 56.834 0.99
yolo2-6 1 56.834 0.99
yolo6-2 1 56.834 0.99
yolo6-5 1 56.834 0.99
yolo7-3 1 56.834 0.99
yolo8-2 1 56.834 0.99
yolo9-2 1 56.834 0.99
Sum of bandwidth: 5043.7059999999965
Sum of weights: 11.407999999999998
Average accuracy: 0.8219293478260872
time: 0.00868988037109375
**time: 7
========Allocate Done=============
audio11-5 0.4 276.05100000000004 0.25
audio12-7 0.4 276.05100000000004 0.25
audio2-4 0.4 276.05100000000004 0.25
audio3-0 0.4 276.05100000000004 0.25
audio3-5 0.4 276.05100000000004 0.25
audio5-4 0.5 344.81100000000004 0.3
audio5-7 0.5 344.81100000000004 0.3
audio6-2 0.45 310.43100000000004 0.27
audio7-4 0.4 276.05100000000004 0.25
audio8-7 1 688.611 0.9
audio9-4 1 688.611 0.9
audio9-6 0.704130308318789 485.17099999999937 0.36
yolo11-1 1 56.834 0.99
yolo11-2 1 56.834 0.99
yolo11-5 1 56.834 0.99
yolo12-4 1 56.834 0.99
yolo2-1 1 56.834 0.99
yolo2-6 1 56.834 0.99
yolo6-5 1 56.834 0.99
yolo8-2 1 56.834 0.99
yolo9-2 1 56.834 0.99
Sum of bandwidth: 5030.257999999998
Sum of weights: 10.066999999999997
Average accuracy: 0.7117075593523395
time: 0.012017250061035156
**time: 8
========Allocate Done=============
audio10-8 0.4 276.05100000000004 0.25
audio11-5 0.4 276.05100000000004 0.25
audio12-7 0.4 276.05100000000004 0.25
audio2-4 0.4 276.05100000000004 0.25
audio2-8 0.4 276.05100000000004 0.25
audio3-0 0.4 276.05100000000004 0.25
audio3-5 0.4 276.05100000000004 0.25
audio5-4 0.4 276.05100000000004 0.25
audio5-7 0.4 276.05100000000004 0.25
audio6-2 0.4 276.05100000000004 0.25
audio7-4 0.4 276.05100000000004 0.25
audio8-7 0.9623589296102405 662.7290000000014 0.9
audio9-4 0.4 276.05100000000004 0.25
audio9-6 0.4 276.05100000000004 0.25
yolo1-8 1 56.834 0.99
yolo10-8 1 56.834 0.99
yolo11-1 1 56.834 0.99
yolo11-5 1 56.834 0.99
yolo12-4 1 56.834 0.99
yolo12-8 1 56.834 0.99
yolo2-1 1 56.834 0.99
yolo2-6 1 56.834 0.99
yolo4-8 1 56.834 0.99
yolo6-5 1 56.834 0.99
yolo8-2 1 56.834 0.99
yolo8-8 1 56.834 0.99
yolo9-2 1 56.834 0.99
yolo9-8 1 56.834 0.99
Sum of bandwidth: 5047.067999999998
Sum of weights: 13.120999999999995
Average accuracy: 0.7262495236643554
time: 0.013041496276855469
**time: 9
========Allocate Done=============
audio10-8 0.4 276.05100000000004 0.25
audio11-5 0.4 276.05100000000004 0.25
audio12-7 0.4 276.05100000000004 0.25
audio2-8 0.4 276.05100000000004 0.25
audio3-0 0.4 276.05100000000004 0.25
audio3-5 0.4 276.05100000000004 0.25
audio5-4 0.5 344.81100000000004 0.3
audio5-7 0.5 344.81100000000004 0.3
audio6-2 0.4415954043048284 304.65200000000004 0.25
audio7-4 0.4 276.05100000000004 0.25
audio8-7 1 688.611 0.9
audio9-4 0.5 344.81100000000004 0.3
audio9-6 0.5 344.81100000000004 0.3
yolo1-8 1 56.834 0.99
yolo10-8 1 56.834 0.99
yolo12-4 1 56.834 0.99
yolo12-8 1 56.834 0.99
yolo2-1 1 56.834 0.99
yolo4-8 1 56.834 0.99
yolo5-9 1 56.834 0.99
yolo6-5 1 56.834 0.99
yolo7-9 1 56.834 0.99
yolo8-2 1 56.834 0.99
yolo8-8 1 56.834 0.99
yolo9-2 1 56.834 0.99
yolo9-8 1 56.834 0.99
Sum of bandwidth: 5043.705999999998
Sum of weights: 12.782999999999994
Average accuracy: 0.7342814675741223
time: 0.06814146041870117
**time: 10
========Allocate Done=============
audio10-8 0.4 276.05100000000004 0.25
audio12-7 0.4 276.05100000000004 0.25
audio2-8 0.4 276.05100000000004 0.25
audio3-0 0.4 276.05100000000004 0.25
audio3-5 0.4 276.05100000000004 0.25
audio5-4 0.5 344.81100000000004 0.3
audio5-7 0.5 344.81100000000004 0.3
audio6-2 0.45 310.43100000000004 0.27
audio7-4 0.4 276.05100000000004 0.25
audio8-7 1 688.611 0.9
audio9-4 0.920678592204768 634.0695999999984 0.84
audio9-6 0.55 379.1910000000001 0.31
yolo1-8 1 56.834 0.99
yolo10-8 1 56.834 0.99
yolo12-8 1 56.834 0.99
yolo2-1 1 56.834 0.99
yolo4-8 1 56.834 0.99
yolo5-9 1 56.834 0.99
yolo6-5 1 56.834 0.99
yolo7-9 1 56.834 0.99
yolo8-2 1 56.834 0.99
yolo8-8 1 56.834 0.99
yolo9-2 1 56.834 0.99
yolo9-8 1 56.834 0.99
audio11-edge-0 0.4 0.0527 0.25
audio11-edge-5 0.4 0.0527 0.25
Sum of bandwidth: 5040.343999999997
Sum of weights: 12.239
Average accuracy: 0.7489966500531088
time: 0.015690326690673828
**time: 11
========Allocate Done=============
audio1-10 0.4 276.05100000000004 0.25
audio10-8 0.4 276.05100000000004 0.25
audio12-7 0.4 276.05100000000004 0.25
audio3-0 0.4 276.05100000000004 0.25
audio4-10 0.6566733566026777 452.5396000000012 0.34
audio5-11 0.4 276.05100000000004 0.25
audio5-7 0.4 276.05100000000004 0.25
audio6-10 0.4 276.05100000000004 0.25
audio6-2 0.4 276.05100000000004 0.25
audio7-10 0.4 276.05100000000004 0.25
audio7-4 0.4 276.05100000000004 0.25
audio8-7 0.55 379.1910000000001 0.31
audio9-11 0.4 276.05100000000004 0.25
audio9-4 0.4 276.05100000000004 0.25
yolo1-11 1 56.834 0.99
yolo1-8 1 56.834 0.99
yolo10-8 1 56.834 0.99
yolo11-11 1 56.834 0.99
yolo12-8 1 56.834 0.99
yolo3-10 1 56.834 0.99
yolo3-11 1 56.834 0.99
yolo4-11 1 56.834 0.99
yolo4-8 1 56.834 0.99
yolo5-11 1 56.834 0.99
yolo5-9 1 56.834 0.99
yolo6-5 1 56.834 0.99
yolo7-9 1 56.834 0.99
yolo8-8 1 56.834 0.99
yolo9-2 1 56.834 0.99
yolo9-8 1 56.834 0.99
audio11-edge-0 0.4 0.0527 0.25
audio11-edge-5 0.4 0.0527 0.25
Sum of bandwidth: 5053.7919999999995
Sum of weights: 16.355999999999998
Average accuracy: 0.6853411592076304
time: 0.09474611282348633
**time: 12
========Allocate Done=============
audio1-10 0.4 276.05100000000004 0.25
audio10-12 0.4 276.05100000000004 0.25
audio10-8 0.4 276.05100000000004 0.25
audio11-12 0.4 276.05100000000004 0.25
audio12-7 0.4 276.05100000000004 0.25
audio3-0 0.4 276.05100000000004 0.25
audio4-10 0.4 276.05100000000004 0.25
audio5-11 0.4 276.05100000000004 0.25
audio5-7 0.4 276.05100000000004 0.25
audio6-10 0.4 276.05100000000004 0.25
audio6-12 0.4 276.05100000000004 0.25
audio6-2 0.4 276.05100000000004 0.25
audio7-10 0.4 276.05100000000004 0.25
audio7-4 0.4 276.05100000000004 0.25
audio8-7 0.4 276.05100000000004 0.25
audio9-11 0.4 276.05100000000004 0.25
audio9-4 0.4 276.05100000000004 0.25
yolo1-11 0.35 24.23572 0.685
yolo10-8 0.35 24.23572 0.685
yolo11-11 0.35 24.23572 0.685
yolo12-8 0.35 24.23572 0.685
yolo3-10 0.25 18.509 0.64
yolo3-11 0.25 18.509 0.64
yolo4-11 0.65 40.27732 0.93
yolo4-8 0.65 40.27732 0.93
yolo5-11 0.35 24.23572 0.685
yolo5-9 0.35 24.23572 0.685
yolo6-5 0.25 18.509 0.64
yolo7-9 0.5560885804342159 35.43932000000097 0.88
yolo8-8 0.3 21.396079999999998 0.64
yolo9-2 0.1 9.563120000000001 0.525
yolo9-8 0.1 9.563120000000001 0.525
audio11-edge-0 0.4 0.0527 0.25
audio11-edge-5 0.4 0.0527 0.25
Sum of bandwidth: 5050.43
Sum of weights: 16.378999999999998
Average accuracy: 0.5109963978264852
time: 0.0381314754486084
**time: 13
========Allocate Done=============
audio1-10 0.4 276.05100000000004 0.25
audio10-12 0.4 276.05100000000004 0.25
audio10-8 0.4 276.05100000000004 0.25
audio11-12 0.4 276.05100000000004 0.25
audio12-7 0.4 276.05100000000004 0.25
audio4-10 1 688.611 0.9
audio5-7 0.4 276.05100000000004 0.25
audio6-10 0.4 276.05100000000004 0.25
audio6-12 0.4 276.05100000000004 0.25
audio7-10 0.4 276.05100000000004 0.25
audio8-7 0.9192082606166367 633.0585999999994 0.84
audio9-11 0.4 276.05100000000004 0.25
audio9-4 0.4 276.05100000000004 0.25
yolo1-11 1 56.834 0.99
yolo10-8 1 56.834 0.99
yolo11-11 1 56.834 0.99
yolo12-8 1 56.834 0.99
yolo3-10 1 56.834 0.99
yolo3-11 1 56.834 0.99
yolo4-11 1 56.834 0.99
yolo5-11 1 56.834 0.99
yolo5-9 1 56.834 0.99
yolo6-5 1 56.834 0.99
yolo8-8 1 56.834 0.99
yolo9-8 1 56.834 0.99
audio11-edge-0 0.4 0.0527 0.25
audio11-edge-5 0.4 0.0527 0.25
Sum of bandwidth: 5040.343999999997
Sum of weights: 12.413
Average accuracy: 0.7491678079432851
time: 0.037053585052490234
**time: 14
========Allocate Done=============
audio1-10 0.4 276.05100000000004 0.25
audio10-14 0.4 276.05100000000004 0.25
audio10-8 0.4 276.05100000000004 0.25
audio11-12 0.4 276.05100000000004 0.25
audio2-13 0.4 276.05100000000004 0.25
audio3-14 0.4 276.05100000000004 0.25
audio4-10 0.4 276.05100000000004 0.25
audio4-13 0.4 276.05100000000004 0.25
audio5-13 0.4 276.05100000000004 0.25
audio5-7 0.4 276.05100000000004 0.25
audio6-10 0.4 276.05100000000004 0.25
audio6-12 0.4 276.05100000000004 0.25
audio7-10 0.4 276.05100000000004 0.25
audio8-7 0.4 276.05100000000004 0.25
audio9-11 0.4 276.05100000000004 0.25
audio9-14 0.4 276.05100000000004 0.25
yolo1-11 0.8336634363334244 49.25534000000045 0.99
yolo1-14 0.8000000000000002 47.657680000000006 0.99
yolo10-14 0.8000000000000002 47.657680000000006 0.99
yolo10-8 0.8000000000000002 47.657680000000006 0.99
yolo11-11 0.8000000000000002 47.657680000000006 0.99
yolo12-8 0.8000000000000002 47.657680000000006 0.99
yolo3-10 0.6 37.722319999999996 0.88
yolo3-11 0.6 37.722319999999996 0.88
yolo4-11 1 56.834 0.99
yolo5-11 0.9000000000000002 52.34072000000001 0.99
yolo6-5 0.65 40.27732 0.93
yolo7-13 1 56.834 0.99
yolo8-8 0.7500000000000001 45.245000000000005 0.955
yolo9-8 0.2 15.574480000000001 0.525
audio11-edge-0 0.4 0.0527 0.25
audio11-edge-5 0.4 0.0527 0.25
audio7-edge-10 0.4 0.0527 0.25
Sum of bandwidth: 5047.068000000002
Sum of weights: 16.220999999999997
Average accuracy: 0.6089781764379508
time: 0.00963139533996582
**time: 15
========Allocate Done=============
audio1-10 0.4 276.05100000000004 0.25
audio1-15 0.4 276.05100000000004 0.25
audio10-14 0.4 276.05100000000004 0.25
audio10-8 0.4 276.05100000000004 0.25
audio2-13 0.4 276.05100000000004 0.25
audio3-14 0.4 276.05100000000004 0.25
audio4-10 0.5843628563118093 402.8189000000001 0.31
audio4-13 0.55 379.1910000000001 0.31
audio5-13 0.4 276.05100000000004 0.25
audio6-10 0.4 276.05100000000004 0.25
audio6-12 0.4 276.05100000000004 0.25
audio6-15 0.4 276.05100000000004 0.25
audio8-7 0.55 379.1910000000001 0.31
audio9-14 0.4 276.05100000000004 0.25
yolo1-11 1 56.834 0.99
yolo1-14 1 56.834 0.99
yolo10-14 1 56.834 0.99
yolo10-8 1 56.834 0.99
yolo11-11 1 56.834 0.99
yolo12-8 1 56.834 0.99
yolo3-11 1 56.834 0.99
yolo4-11 1 56.834 0.99
yolo5-11 1 56.834 0.99
yolo6-15 1 56.834 0.99
yolo6-5 1 56.834 0.99
yolo7-13 1 56.834 0.99
yolo8-15 1 56.834 0.99
yolo8-8 1 56.834 0.99
yolo9-8 1 56.834 0.99
audio11-edge-0 0.4 0.0527 0.25
audio11-edge-5 0.4 0.0527 0.25
audio7-edge-10 0.4 0.0527 0.25
Sum of bandwidth: 5050.4299999999985
Sum of weights: 15.607999999999999
Average accuracy: 0.6791350589441312
time: 0.020621538162231445
**time: 16
========Allocate Done=============
audio1-10 0.4 276.05100000000004 0.25
audio1-15 0.4 276.05100000000004 0.25
audio10-14 0.4 276.05100000000004 0.25
audio10-8 0.4 276.05100000000004 0.25
audio11-16 0.4 276.05100000000004 0.25
audio2-13 0.4 276.05100000000004 0.25
audio3-14 0.4 276.05100000000004 0.25
audio4-10 0.4 276.05100000000004 0.25
audio4-13 0.4 276.05100000000004 0.25
audio4-16 0.4 276.05100000000004 0.25
audio5-13 0.4 276.05100000000004 0.25
audio6-10 0.4 276.05100000000004 0.25
audio6-12 0.4 276.05100000000004 0.25
audio6-15 0.4 276.05100000000004 0.25
audio8-7 0.4 276.05100000000004 0.25
audio9-14 0.4 276.05100000000004 0.25
audio9-16 0.4 276.05100000000004 0.25
yolo1-11 0.3 21.396079999999998 0.64
yolo1-14 0.3 21.396079999999998 0.64
yolo1-16 0.3 21.396079999999998 0.64
yolo10-14 0.3 21.396079999999998 0.64
yolo10-8 0.2905636186463003 20.854840000000927 0.64
yolo11-11 0.25 18.509 0.64
yolo12-8 0.25 18.509 0.64
yolo3-11 0.2 15.574480000000001 0.525
yolo4-11 0.5499999999999999 35.119879999999995 0.88
yolo4-16 0.5499999999999999 35.119879999999995 0.88
yolo5-11 0.3 21.396079999999998 0.64
yolo6-15 0.2 15.574480000000001 0.525
yolo6-16 0.2 15.574480000000001 0.525
yolo6-5 0.2 15.574480000000001 0.525
yolo7-13 0.44999999999999996 29.77268 0.82
yolo8-15 0.25 18.509 0.64
yolo8-8 0.25 18.509 0.64
audio11-edge-5 0.4 0.0527 0.25
audio7-edge-10 0.4 0.0527 0.25
Sum of bandwidth: 5057.154000000005
Sum of weights: 18.910999999999994
Average accuracy: 0.4867267727777486
time: 0.0711205005645752
**time: 17
========Allocate Done=============
audio1-15 0.4 276.05100000000004 0.25
audio10-8 0.4 276.05100000000004 0.25
audio11-16 0.4 276.05100000000004 0.25
audio12-17 0.4 276.05100000000004 0.25
audio2-13 0.4 276.05100000000004 0.25
audio3-14 0.4 276.05100000000004 0.25
audio4-10 0.5900484293193718 406.7283000000001 0.32
audio4-13 0.55 379.1910000000001 0.31
audio4-16 0.55 379.1910000000001 0.31
audio6-12 0.4 276.05100000000004 0.25
audio6-15 0.4 276.05100000000004 0.25
audio8-17 0.55 379.1910000000001 0.31
audio9-14 0.4 276.05100000000004 0.25
audio9-16 0.4 276.05100000000004 0.25
yolo1-14 1 56.834 0.99
yolo1-16 1 56.834 0.99
yolo10-14 1 56.834 0.99
yolo10-8 1 56.834 0.99
yolo11-11 1 56.834 0.99
yolo12-8 1 56.834 0.99
yolo3-11 1 56.834 0.99
yolo3-17 1 56.834 0.99
yolo4-11 1 56.834 0.99
yolo4-16 1 56.834 0.99
yolo6-16 1 56.834 0.99
yolo8-15 1 56.834 0.99
yolo8-8 1 56.834 0.99
audio7-edge-10 0.4 0.0527 0.25
Sum of bandwidth: 5043.705999999999
Sum of weights: 15.085999999999997
Average accuracy: 0.656432453930797
time: 0.022881269454956055
**time: 18
========Allocate Done=============
audio1-15 0.4 276.05100000000004 0.25
audio10-8 0.4 276.05100000000004 0.25
audio11-16 0.4 276.05100000000004 0.25
audio12-17 0.4 276.05100000000004 0.25
audio2-13 0.4 276.05100000000004 0.25
audio3-14 0.4 276.05100000000004 0.25
audio3-18 0.4 276.05100000000004 0.25
audio4-10 0.45 310.43100000000004 0.27
audio4-13 0.45 310.43100000000004 0.27
audio4-16 0.45 310.43100000000004 0.27
audio6-12 0.4 276.05100000000004 0.25
audio6-15 0.4 276.05100000000004 0.25
audio8-17 0.4105820244328128 283.3272000000021 0.25
audio9-14 0.4 276.05100000000004 0.25
audio9-16 0.4 276.05100000000004 0.25
yolo1-14 1 56.834 0.99
yolo1-16 1 56.834 0.99
yolo10-14 1 56.834 0.99
yolo10-8 1 56.834 0.99
yolo11-11 1 56.834 0.99
yolo12-18 1 56.834 0.99
yolo12-8 1 56.834 0.99
yolo3-11 1 56.834 0.99
yolo3-17 1 56.834 0.99
yolo4-11 1 56.834 0.99
yolo4-16 1 56.834 0.99
yolo6-16 1 56.834 0.99
yolo8-15 1 56.834 0.99
yolo8-8 1 56.834 0.99
audio1-edge-10 0.4 0.0527 0.25
audio1-edge-15 0.4 0.0527 0.25
audio3-edge-14 0.4 0.0527 0.25
audio7-edge-10 0.4 0.0527 0.25
Sum of bandwidth: 5047.068
Sum of weights: 16.552999999999997
Average accuracy: 0.6366574034918142
time: 0.09340119361877441
**time: 19
========Allocate Done=============
audio1-15 0.4 276.05100000000004 0.25
audio10-8 0.4 276.05100000000004 0.25
audio11-16 0.4 276.05100000000004 0.25
audio12-17 0.4 276.05100000000004 0.25
audio3-14 0.4 276.05100000000004 0.25
audio3-18 0.4 276.05100000000004 0.25
audio4-10 0.4 276.05100000000004 0.25
audio4-13 0.4 276.05100000000004 0.25
audio4-16 0.4 276.05100000000004 0.25
audio6-12 0.4 276.05100000000004 0.25
audio6-15 0.4 276.05100000000004 0.25
audio6-19 0.4 276.05100000000004 0.25
audio8-17 0.4 276.05100000000004 0.25
audio9-14 0.4 276.05100000000004 0.25
audio9-16 0.4 276.05100000000004 0.25
yolo1-14 1 56.834 0.99
yolo1-16 1 56.834 0.99
yolo10-14 1 56.834 0.99
yolo11-11 1 56.834 0.99
yolo11-19 1 56.834 0.99
yolo12-18 1 56.834 0.99
yolo2-19 0.9500000000000003 54.611080000000015 0.99
yolo3-11 0.8642730554602588 50.689400000001825 0.99
yolo3-17 0.8500000000000002 50.02292000000001 0.99
yolo4-11 1 56.834 0.99
yolo4-16 1 56.834 0.99
yolo5-19 1 56.834 0.99
yolo6-16 0.9500000000000003 54.611080000000015 0.99
yolo7-19 1 56.834 0.99
yolo8-15 1 56.834 0.99
yolo8-8 1 56.834 0.99
yolo9-19 0.35 24.23572 0.685
audio1-edge-10 0.4 0.0527 0.25
audio1-edge-15 0.4 0.0527 0.25
audio3-edge-14 0.4 0.0527 0.25
audio7-edge-10 0.4 0.0527 0.25
Sum of bandwidth: 5057.1539999999995
Sum of weights: 18.612000000000002
Average accuracy: 0.6518337631635502
time: 0.10481047630310059
**time: 20
========Allocate Done=============
audio11-16 0.4 276.05100000000004 0.25
audio12-17 0.4 276.05100000000004 0.25
audio3-18 0.4 276.05100000000004 0.25
audio4-16 1 688.611 0.9
audio6-15 1 688.611 0.9
audio6-19 0.9708743455497402 668.5842000000014 0.9
audio8-17 1 688.611 0.9
audio9-16 1 688.611 0.9
yolo1-16 1 56.834 0.99
yolo11-11 1 56.834 0.99
yolo11-19 1 56.834 0.99
yolo12-18 1 56.834 0.99
yolo2-19 1 56.834 0.99
yolo3-11 1 56.834 0.99
yolo3-17 1 56.834 0.99
yolo4-11 1 56.834 0.99
yolo4-16 1 56.834 0.99
yolo5-19 1 56.834 0.99
yolo6-16 1 56.834 0.99
yolo7-19 1 56.834 0.99
yolo8-15 1 56.834 0.99
yolo9-19 1 56.834 0.99
audio1-edge-10 0.4 0.0527 0.25
audio1-edge-15 0.4 0.0527 0.25
audio3-edge-14 0.4 0.0527 0.25
audio7-edge-10 0.5 0.0527 0.3
Sum of bandwidth: 5047.067999999999
Sum of weights: 13.399999999999999
Average accuracy: 0.8878328358208956
time: 0.009033203125
**time: 21
========Allocate Done=============
audio10-20 0.4 276.05100000000004 0.25
audio10-21 0.4 276.05100000000004 0.25
audio11-16 0.4 276.05100000000004 0.25
audio12-17 0.2417016288539845 167.20503999999974 0.2
audio2-20 0.4 276.05100000000004 0.25
audio2-21 0.4 276.05100000000004 0.25
audio3-18 0.4 276.05100000000004 0.25
audio3-21 0.4 276.05100000000004 0.25
audio4-16 0.4 276.05100000000004 0.25
audio5-21 0.4 276.05100000000004 0.25
audio6-15 0.4 276.05100000000004 0.25
audio6-19 0.4 276.05100000000004 0.25
audio6-20 0.4 276.05100000000004 0.25
audio7-20 0.4 276.05100000000004 0.25
audio8-17 0.4 276.05100000000004 0.25
audio8-20 0.4 276.05100000000004 0.25
audio9-16 0.4 276.05100000000004 0.25
audio9-21 0.4 276.05100000000004 0.25
yolo1-16 0.15000000000000002 12.59252 0.525
yolo1-20 0.15000000000000002 12.59252 0.525
yolo11-19 0.15000000000000002 12.59252 0.525
yolo12-18 0.15000000000000002 12.59252 0.525
yolo2-19 0.1 9.563120000000001 0.525
yolo3-11 0.1 9.563120000000001 0.525
yolo3-17 0.1 9.563120000000001 0.525
yolo4-11 0.3 21.396079999999998 0.64
yolo4-20 0.3 21.396079999999998 0.64
yolo5-19 0.15000000000000002 12.59252 0.525
yolo6-16 0.1 9.563120000000001 0.525
yolo6-21 0.1 9.563120000000001 0.525
yolo7-19 0.25 18.509 0.64
yolo8-15 0.15000000000000002 12.59252 0.525
yolo9-19 0.05 6.486280000000001 0.525
audio11-edge-16 0 0.0527 0
audio3-edge-14 0.4 0.0527 0.25
audio3-edge-18 0.4 0.0527 0.25
audio7-edge-10 0.4 0.0527 0.25
audio9-edge-16 0.4 0.0527 0.25
Sum of bandwidth: 5051.493700000002
Sum of weights: 18.681
Average accuracy: 0.39754456399550353
time: 0.08192825317382812
**time: 22
========Allocate Done=============
audio1-22 0.4 276.05100000000004 0.25
audio10-20 0.4 276.05100000000004 0.25
audio10-21 0.251494357184408 173.93851999999893 0.2
audio2-20 0.4 276.05100000000004 0.25
audio2-21 0.4 276.05100000000004 0.25
audio3-21 0.4 276.05100000000004 0.25
audio4-16 0.4 276.05100000000004 0.25
audio4-22 0.4 276.05100000000004 0.25
audio5-21 0.4 276.05100000000004 0.25
audio6-15 0.4 276.05100000000004 0.25
audio6-19 0.4 276.05100000000004 0.25
audio6-20 0.4 276.05100000000004 0.25
audio7-20 0.4 276.05100000000004 0.25
audio7-22 0.4 276.05100000000004 0.25
audio8-17 0.4 276.05100000000004 0.25
audio8-20 0.4 276.05100000000004 0.25
audio8-22 0.4 276.05100000000004 0.25
audio9-21 0.4 276.05100000000004 0.25
yolo1-20 0.15000000000000002 12.59252 0.525
yolo11-19 0.15000000000000002 12.59252 0.525
yolo12-18 0.15000000000000002 12.59252 0.525
yolo2-19 0.1 9.563120000000001 0.525
yolo2-22 0.1 9.563120000000001 0.525
yolo4-11 0.3 21.396079999999998 0.64
yolo4-20 0.3 21.396079999999998 0.64
yolo4-22 0.3 21.396079999999998 0.64
yolo6-16 0.1 9.563120000000001 0.525
yolo6-21 0.1 9.563120000000001 0.525
yolo7-19 0.25 18.509 0.64
yolo8-22 0.15000000000000002 12.59252 0.525
yolo9-19 0.05 6.486280000000001 0.525
audio11-edge-16 0 0.0527 0
audio3-edge-18 0.4 0.0527 0.25
audio9-edge-16 0.4 0.0527 0.25
Sum of bandwidth: 5044.769700000001
Sum of weights: 18.262999999999998
Average accuracy: 0.39480479658325585
time: 0.006453514099121094
**time: 23
========Allocate Done=============
audio1-22 0.4 276.05100000000004 0.25
audio10-20 0.4 276.05100000000004 0.25
audio10-21 0.22892126236183674 158.41725999999895 0.2
audio11-23 0 1.011 0
audio12-23 0 1.011 0
audio2-20 0.4 276.05100000000004 0.25
audio2-21 0.4 276.05100000000004 0.25
audio3-21 0.4 276.05100000000004 0.25
audio4-16 0.4 276.05100000000004 0.25
audio4-22 0.4 276.05100000000004 0.25
audio5-21 0.4 276.05100000000004 0.25
audio6-15 0.4 276.05100000000004 0.25
audio6-20 0.4 276.05100000000004 0.25
audio6-23 0.4 276.05100000000004 0.25
audio7-20 0.4 276.05100000000004 0.25
audio7-22 0.4 276.05100000000004 0.25
audio8-17 0.4 276.05100000000004 0.25
audio8-20 0.4 276.05100000000004 0.25
audio8-22 0.4 276.05100000000004 0.25
audio9-21 0.4 276.05100000000004 0.25
yolo1-20 0.15000000000000002 12.59252 0.525
yolo1-23 0.15000000000000002 12.59252 0.525
yolo10-23 0.15000000000000002 12.59252 0.525
yolo11-19 0.15000000000000002 12.59252 0.525
yolo12-18 0.15000000000000002 12.59252 0.525
yolo2-19 0.1 9.563120000000001 0.525
yolo2-22 0.1 9.563120000000001 0.525
yolo4-20 0.3 21.396079999999998 0.64
yolo4-22 0.3 21.396079999999998 0.64
yolo6-16 0.1 9.563120000000001 0.525
yolo6-21 0.1 9.563120000000001 0.525
yolo7-19 0.25 18.509 0.64
yolo7-23 0.25 18.509 0.64
yolo8-22 0.15000000000000002 12.59252 0.525
yolo9-19 0.05 6.486280000000001 0.525
audio11-edge-16 0 0.0527 0
audio9-edge-16 0.4 0.0527 0.25
Sum of bandwidth: 5053.515700000001
Sum of weights: 19.109999999999992
Average accuracy: 0.40273312401883854
time: 0.04555463790893555
**time: 24
========Allocate Done=============
audio1-22 0.4 276.05100000000004 0.25
audio10-20 0.18864848749272806 130.72569999999982 0.2
audio10-21 0 1.011 0
audio11-23 0 1.011 0
audio12-23 0 1.011 0
audio2-20 0.4 276.05100000000004 0.25
audio2-21 0.4 276.05100000000004 0.25
audio3-21 0.4 276.05100000000004 0.25
audio4-16 0.4 276.05100000000004 0.25
audio4-22 0.4 276.05100000000004 0.25
audio5-21 0.4 276.05100000000004 0.25
audio6-15 0.4 276.05100000000004 0.25
audio6-20 0.4 276.05100000000004 0.25
audio6-23 0.4 276.05100000000004 0.25
audio7-20 0.4 276.05100000000004 0.25
audio7-22 0.4 276.05100000000004 0.25
audio8-17 0.4 276.05100000000004 0.25
audio8-20 0.4 276.05100000000004 0.25
audio8-22 0.4 276.05100000000004 0.25
audio9-21 0.4 276.05100000000004 0.25
audio9-24 0.4 276.05100000000004 0.25
yolo1-20 0.15000000000000002 12.59252 0.525
yolo1-23 0.15000000000000002 12.59252 0.525
yolo1-24 0.15000000000000002 12.59252 0.525
yolo10-23 0.15000000000000002 12.59252 0.525
yolo10-24 0.15000000000000002 12.59252 0.525
yolo11-19 0.15000000000000002 12.59252 0.525
yolo12-18 0.15000000000000002 12.59252 0.525
yolo2-19 0.1 9.563120000000001 0.525
yolo2-22 0.1 9.563120000000001 0.525
yolo4-20 0.3 21.396079999999998 0.64
yolo4-22 0.3 21.396079999999998 0.64
yolo6-16 0.1 9.563120000000001 0.525
yolo6-21 0.1 9.563120000000001 0.525
yolo7-19 0.25 18.509 0.64
yolo7-23 0.25 18.509 0.64
yolo8-22 0.15000000000000002 12.59252 0.525
yolo8-24 0.15000000000000002 12.59252 0.525
yolo9-19 0.05 6.486280000000001 0.525
audio11-edge-16 0 0.0527 0
audio9-edge-16 0.4 0.0527 0.25
Sum of bandwidth: 5064.612700000002
Sum of weights: 21.491999999999987
Average accuracy: 0.4075681648985673
time: 0.37280845642089844
**time: 25
========Allocate Done=============
audio1-22 0.4 276.05100000000004 0.25
audio10-21 0.4 276.05100000000004 0.25
audio11-23 0.4 276.05100000000004 0.25
audio12-23 0.1886484874927288 130.72570000000033 0.2
audio2-20 0.4 276.05100000000004 0.25
audio2-21 0.4 276.05100000000004 0.25
audio4-16 0.4 276.05100000000004 0.25
audio4-22 0.4 276.05100000000004 0.25
audio5-21 0.4 276.05100000000004 0.25
audio6-20 0.4 276.05100000000004 0.25
audio6-23 0.4 276.05100000000004 0.25
audio7-20 0.4 276.05100000000004 0.25
audio7-22 0.4 276.05100000000004 0.25
audio8-17 0.4 276.05100000000004 0.25
audio8-20 0.4 276.05100000000004 0.25
audio8-22 0.4 276.05100000000004 0.25
audio9-21 0.4 276.05100000000004 0.25
audio9-24 0.4 276.05100000000004 0.25
yolo1-20 0.15000000000000002 12.59252 0.525
yolo1-23 0.15000000000000002 12.59252 0.525
yolo1-24 0.15000000000000002 12.59252 0.525
yolo10-23 0.15000000000000002 12.59252 0.525
yolo10-24 0.15000000000000002 12.59252 0.525
yolo11-19 0.15000000000000002 12.59252 0.525
yolo12-18 0.15000000000000002 12.59252 0.525
yolo2-19 0.1 9.563120000000001 0.525
yolo2-22 0.1 9.563120000000001 0.525
yolo4-20 0.3 21.396079999999998 0.64
yolo4-22 0.3 21.396079999999998 0.64
yolo6-16 0.1 9.563120000000001 0.525
yolo6-21 0.1 9.563120000000001 0.525
yolo7-19 0.25 18.509 0.64
yolo7-23 0.25 18.509 0.64
yolo8-22 0.15000000000000002 12.59252 0.525
yolo8-24 0.15000000000000002 12.59252 0.525
yolo9-19 0.05 6.486280000000001 0.525
audio11-edge-16 0 0.0527 0
audio9-edge-16 0.4 0.0527 0.25
Sum of bandwidth: 5061.579700000003
Sum of weights: 20.54299999999999
Average accuracy: 0.41678211556247907
time: 0.011104106903076172
