num: 50 running time:25 bandwidth:5000
**time: 0
========Allocate Done=============
audio4-0 1 688.611 0.9
audio6-0 1 688.611 0.9
audio9-0 1 688.611 0.9
yolo10-0 1 56.834 0.99
yolo2-0 1 56.834 0.99
yolo3-0 1 56.834 0.99
yolo9-0 1 56.834 0.99
Sum of bandwidth: 2293.1689999999994
Sum of weights: 3.7219999999999995
Average accuracy: 0.9394626544868351
time: 0.0017580986022949219
**time: 1
========Allocate Done=============
audio4-0 1 688.611 0.9
audio4-1 1 688.611 0.9
audio6-0 1 688.611 0.9
audio6-1 1 688.611 0.9
audio8-1 1 688.611 0.9
audio9-0 1 688.611 0.9
yolo10-0 1 56.834 0.99
yolo10-1 1 56.834 0.99
yolo2-0 1 56.834 0.99
yolo3-0 1 56.834 0.99
yolo9-0 1 56.834 0.99
yolo9-1 1 56.834 0.99
Sum of bandwidth: 4472.669999999999
Sum of weights: 6.376
Average accuracy: 0.9387186323713925
time: 0.0059468746185302734
**time: 2
========Allocate Done=============
audio11-2 1 688.611 0.9
audio12-2 1 688.611 0.9
audio4-0 0.8085413030831892 556.9640000000009 0.57
audio4-1 0.55 379.1910000000001 0.31
audio6-0 0.4 276.05100000000004 0.25
audio6-1 0.4 276.05100000000004 0.25
audio8-1 0.4 276.05100000000004 0.25
audio9-0 1 688.611 0.9
audio9-2 1 688.611 0.9
yolo10-0 1 56.834 0.99
yolo10-1 1 56.834 0.99
yolo11-2 1 56.834 0.99
yolo2-0 1 56.834 0.99
yolo3-0 1 56.834 0.99
yolo7-2 1 56.834 0.99
yolo8-2 1 56.834 0.99
yolo9-0 1 56.834 0.99
yolo9-1 1 56.834 0.99
Sum of bandwidth: 5030.257999999999
Sum of weights: 11.344
Average accuracy: 0.8075528913963331
time: 0.4648277759552002
**time: 3
========Allocate Done=============
audio11-2 1 688.611 0.9
audio12-2 1 688.611 0.9
audio12-3 1 688.611 0.9
audio4-0 0.4 276.05100000000004 0.25
audio4-1 0.4 276.05100000000004 0.25
audio4-3 0.4 276.05100000000004 0.25
audio5-3 0.4 276.05100000000004 0.25
audio6-1 0.4 276.05100000000004 0.25
audio8-1 0.4 276.05100000000004 0.25
audio9-0 0.55 379.1910000000001 0.31
audio9-2 0.5278344968004648 363.94999999999965 0.3
yolo10-0 1 56.834 0.99
yolo10-1 1 56.834 0.99
yolo11-2 1 56.834 0.99
yolo2-0 1 56.834 0.99
yolo2-3 1 56.834 0.99
yolo3-0 1 56.834 0.99
yolo7-2 1 56.834 0.99
yolo8-2 1 56.834 0.99
yolo9-0 1 56.834 0.99
yolo9-1 1 56.834 0.99
Sum of bandwidth: 5033.619999999998
Sum of weights: 13.347000000000003
Average accuracy: 0.6920296695886716
time: 0.007420778274536133
**time: 4
========Allocate Done=============
audio1-4 0.6360631180919142 438.3680000000002 0.34
audio11-2 0.55 379.1910000000001 0.31
audio12-2 0.55 379.1910000000001 0.31
audio12-3 0.55 379.1910000000001 0.31
audio4-0 0.4 276.05100000000004 0.25
audio4-1 0.4 276.05100000000004 0.25
audio4-3 0.4 276.05100000000004 0.25
audio5-3 0.4 276.05100000000004 0.25
audio6-1 0.4 276.05100000000004 0.25
audio7-4 0.4 276.05100000000004 0.25
audio8-1 0.4 276.05100000000004 0.25
audio9-0 0.5 344.81100000000004 0.3
audio9-2 0.5 344.81100000000004 0.3
yolo10-0 1 56.834 0.99
yolo10-1 1 56.834 0.99
yolo11-2 1 56.834 0.99
yolo12-4 1 56.834 0.99
yolo2-0 1 56.834 0.99
yolo2-3 1 56.834 0.99
yolo3-0 1 56.834 0.99
yolo3-4 1 56.834 0.99
yolo4-4 1 56.834 0.99
yolo6-4 1 56.834 0.99
yolo7-2 1 56.834 0.99
yolo7-4 1 56.834 0.99
yolo8-2 1 56.834 0.99
yolo9-0 1 56.834 0.99
yolo9-1 1 56.834 0.99
Sum of bandwidth: 5050.429999999998
Sum of weights: 16.894000000000005
Average accuracy: 0.6110240322007812
time: 0.022127628326416016
**time: 5
========Allocate Done=============
audio1-4 0.6305308318790003 434.56400000000065 0.34
audio12-2 0.55 379.1910000000001 0.31
audio12-3 0.55 379.1910000000001 0.31
audio3-5 0.4 276.05100000000004 0.25
audio4-0 0.4 276.05100000000004 0.25
audio4-1 0.4 276.05100000000004 0.25
audio4-3 0.4 276.05100000000004 0.25
audio5-3 0.4 276.05100000000004 0.25
audio6-1 0.4 276.05100000000004 0.25
audio7-4 0.4 276.05100000000004 0.25
audio8-1 0.4 276.05100000000004 0.25
audio9-0 0.5 344.81100000000004 0.3
audio9-2 0.5 344.81100000000004 0.3
yolo10-0 1 56.834 0.99
yolo10-1 1 56.834 0.99
yolo11-2 1 56.834 0.99
yolo12-4 1 56.834 0.99
yolo12-5 1 56.834 0.99
yolo2-0 1 56.834 0.99
yolo2-3 1 56.834 0.99
yolo3-0 1 56.834 0.99
yolo3-4 1 56.834 0.99
yolo4-4 1 56.834 0.99
yolo6-4 1 56.834 0.99
yolo6-5 1 56.834 0.99
yolo7-2 1 56.834 0.99
yolo7-4 1 56.834 0.99
yolo8-2 1 56.834 0.99
yolo9-0 1 56.834 0.99
yolo9-1 1 56.834 0.99
Sum of bandwidth: 5057.153999999998
Sum of weights: 17.814000000000007
Average accuracy: 0.6367385202649599
time: 0.13336730003356934
**time: 6
========Allocate Done=============
audio1-4 0.4 276.05100000000004 0.25
audio1-6 0.4 276.05100000000004 0.25
audio11-6 0.4 276.05100000000004 0.25
audio12-3 0.4 276.05100000000004 0.25
audio3-5 0.4 276.05100000000004 0.25
audio3-6 0.4 276.05100000000004 0.25
audio4-1 0.4 276.05100000000004 0.25
audio4-3 0.4 276.05100000000004 0.25
audio5-3 0.4 276.05100000000004 0.25
audio6-1 0.4 276.05100000000004 0.25
audio6-6 0.4 276.05100000000004 0.25
audio7-4 0.4 276.05100000000004 0.25
audio7-6 0.4 276.05100000000004 0.25
audio8-1 0.4 276.05100000000004 0.25
audio9-0 0.4 276.05100000000004 0.25
audio9-2 0.4 276.05100000000004 0.25
yolo10-0 0.25 18.509 0.64
yolo10-1 0.25 18.509 0.64
yolo11-2 0.25 18.509 0.64
yolo11-6 0.25 18.509 0.64
yolo12-4 0.25 18.509 0.64
yolo12-5 0.25 18.509 0.64
yolo12-6 0.25 18.509 0.64
yolo2-0 0.367509532701258 25.2189200000009 0.685
yolo2-3 0.35 24.23572 0.685
yolo3-0 0 3.362 0
yolo3-4 0 3.362 0
yolo3-6 0 3.362 0
yolo4-4 0.3 21.396079999999998 0.64
yolo4-6 0.3 21.396079999999998 0.64
yolo6-4 0.9000000000000002 52.34072000000001 0.99
yolo6-5 0.9000000000000002 52.34072000000001 0.99
yolo7-2 1 56.834 0.99
yolo7-4 1 56.834 0.99
yolo8-2 1 56.834 0.99
yolo9-0 0.8500000000000002 50.02292000000001 0.99
yolo9-1 0.8500000000000002 50.02292000000001 0.99
yolo9-6 0.8500000000000002 50.02292000000001 0.99
Sum of bandwidth: 5073.964000000003
Sum of weights: 21.28100000000001
Average accuracy: 0.5518678633522859
time: 0.125413179397583
**time: 7
========Allocate Done=============
audio1-4 0.4 276.05100000000004 0.25
audio1-6 0.4 276.05100000000004 0.25
audio10-7 0.4 276.05100000000004 0.25
audio11-6 0.4 276.05100000000004 0.25
audio12-3 0.4 276.05100000000004 0.25
audio3-5 0.4 276.05100000000004 0.25
audio3-6 0.4 276.05100000000004 0.25
audio4-1 0.4 276.05100000000004 0.25
audio4-3 0.4 276.05100000000004 0.25
audio5-3 0.4 276.05100000000004 0.25
audio6-1 0.4 276.05100000000004 0.25
audio6-6 0.4 276.05100000000004 0.25
audio7-4 0.4 276.05100000000004 0.25
audio7-6 0.4 276.05100000000004 0.25
audio8-7 0.4 276.05100000000004 0.25
audio9-0 0.4 276.05100000000004 0.25
audio9-2 0.4 276.05100000000004 0.25
yolo10-0 0.1 9.563120000000001 0.525
yolo10-1 0.1 9.563120000000001 0.525
yolo11-2 0.1 9.563120000000001 0.525
yolo11-6 0.1 9.563120000000001 0.525
yolo11-7 0.1 9.563120000000001 0.525
yolo12-4 0.1 9.563120000000001 0.525
yolo12-5 0.1 9.563120000000001 0.525
yolo12-6 0.1 9.563120000000001 0.525
yolo2-0 0.15000000000000002 12.59252 0.525
yolo2-3 0.15000000000000002 12.59252 0.525
yolo3-0 0 3.362 0
yolo3-4 0 3.362 0
yolo3-6 0 3.362 0
yolo3-7 0 3.362 0
yolo4-4 0.15000000000000002 12.59252 0.525
yolo4-6 0.15000000000000002 12.59252 0.525
yolo6-4 0.44999999999999996 29.77268 0.82
yolo6-5 0.44999999999999996 29.77268 0.82
yolo7-2 0.5499999999999999 35.119879999999995 0.88
yolo7-4 0.5238894157937769 33.74199999999889 0.88
yolo9-0 0.44999999999999996 29.77268 0.82
yolo9-1 0.44999999999999996 29.77268 0.82
yolo9-6 0.44999999999999996 29.77268 0.82
yolo9-7 0.44999999999999996 29.77268 0.82
Sum of bandwidth: 5080.687999999999
Sum of weights: 22.58200000000001
Average accuracy: 0.4685501727039233
time: 0.009678840637207031
**time: 8
========Allocate Done=============
audio1-4 0.4 276.05100000000004 0.25
audio1-6 0.4 276.05100000000004 0.25
audio10-7 0.4 276.05100000000004 0.25
audio11-6 0.4 276.05100000000004 0.25
audio12-3 0.4 276.05100000000004 0.25
audio12-8 0.4 276.05100000000004 0.25
audio2-8 0.4 276.05100000000004 0.25
audio3-5 0.4 276.05100000000004 0.25
audio4-1 0.4 276.05100000000004 0.25
audio4-3 0.4 276.05100000000004 0.25
audio5-3 0.4 276.05100000000004 0.25
audio6-1 0.4 276.05100000000004 0.25
audio6-8 0.4 276.05100000000004 0.25
audio7-4 0.4 276.05100000000004 0.25
audio7-6 0.23993839441535672 165.99263999999928 0.2
audio8-7 0.4 276.05100000000004 0.25
audio9-0 0.4 276.05100000000004 0.25
audio9-2 0.4 276.05100000000004 0.25
yolo1-8 0.05 6.486280000000001 0.525
yolo10-0 0.05 6.486280000000001 0.525
yolo10-1 0.05 6.486280000000001 0.525
yolo11-2 0.05 6.486280000000001 0.525
yolo11-6 0.05 6.486280000000001 0.525
yolo11-7 0.05 6.486280000000001 0.525
yolo12-4 0.05 6.486280000000001 0.525
yolo12-5 0.05 6.486280000000001 0.525
yolo12-6 0.05 6.486280000000001 0.525
yolo2-0 0.05 6.486280000000001 0.525
yolo2-3 0.05 6.486280000000001 0.525
yolo2-8 0.05 6.486280000000001 0.525
yolo3-0 0 3.362 0
yolo3-4 0 3.362 0
yolo3-6 0 3.362 0
yolo3-7 0 3.362 0
yolo4-4 0.05 6.486280000000001 0.525
yolo4-6 0.05 6.486280000000001 0.525
yolo4-8 0.05 6.486280000000001 0.525
yolo5-8 0.2 15.574480000000001 0.525
yolo6-4 0.15000000000000002 12.59252 0.525
yolo6-5 0.15000000000000002 12.59252 0.525
yolo7-2 0.15000000000000002 12.59252 0.525
yolo7-4 0.15000000000000002 12.59252 0.525
yolo7-8 0.15000000000000002 12.59252 0.525
yolo9-0 0.15000000000000002 12.59252 0.525
yolo9-1 0.15000000000000002 12.59252 0.525
yolo9-6 0.15000000000000002 12.59252 0.525
yolo9-7 0.15000000000000002 12.59252 0.525
Sum of bandwidth: 5098.509000000003
Sum of weights: 26.339000000000006
Average accuracy: 0.3917887922852044
time: 0.8214507102966309
**time: 9
========Allocate Done=============
audio1-4 0.4 276.05100000000004 0.25
audio1-6 0.4 276.05100000000004 0.25
audio1-9 0.4 276.05100000000004 0.25
audio10-7 0.4 276.05100000000004 0.25
audio11-6 0.4 276.05100000000004 0.25
audio11-9 0.4 276.05100000000004 0.25
audio12-3 0.4 276.05100000000004 0.25
audio12-8 0.4 276.05100000000004 0.25
audio2-8 0.4 276.05100000000004 0.25
audio3-5 0.4 276.05100000000004 0.25
audio4-3 0.4 276.05100000000004 0.25
audio5-3 0.4 276.05100000000004 0.25
audio5-9 0.4 276.05100000000004 0.25
audio6-1 0.4 276.05100000000004 0.25
audio6-8 0.4 276.05100000000004 0.25
audio7-4 0 1.011 0
audio7-6 0 1.011 0
audio8-7 0.4 276.05100000000004 0.25
audio8-9 0.4 276.05100000000004 0.25
audio9-2 0.4 276.05100000000004 0.25
yolo1-8 0 3.362 0
yolo10-0 0 3.362 0
yolo10-1 0 3.362 0
yolo11-2 0 3.362 0
yolo11-6 0 3.362 0
yolo11-7 0 3.362 0
yolo11-9 0 3.362 0
yolo12-4 0 3.362 0
yolo12-6 0 3.362 0
yolo2-0 0 3.362 0
yolo2-3 0 3.362 0
yolo2-8 0 3.362 0
yolo3-0 0 3.362 0
yolo3-4 0 3.362 0
yolo3-6 0 3.362 0
yolo3-7 0 3.362 0
yolo4-4 0 3.362 0
yolo4-6 0 3.362 0
yolo4-8 0 3.362 0
yolo5-8 0.05 6.486280000000001 0.525
yolo5-9 0.05 6.486280000000001 0.525
yolo6-4 0.05 6.486280000000001 0.525
yolo6-5 0.05 6.486280000000001 0.525
yolo6-9 0.05 6.486280000000001 0.525
yolo7-2 0.05 6.486280000000001 0.525
yolo7-4 0.05 6.486280000000001 0.525
yolo7-8 0.05 6.486280000000001 0.525
yolo8-9 0.05 6.486280000000001 0.525
yolo9-0 0.047407948037478755 6.325479999999427 0.525
yolo9-1 0 3.362 0
yolo9-6 0 3.362 0
yolo9-7 0 3.362 0
Sum of bandwidth: 5109.606000000003
Sum of weights: 30.00200000000001
Average accuracy: 0.2597085194320379
time: 0.2732865810394287
**time: 10
========Allocate Done=============
audio1-6 0.4 276.05100000000004 0.25
audio1-9 0.4 276.05100000000004 0.25
audio10-7 0.4 276.05100000000004 0.25
audio11-6 0.4 276.05100000000004 0.25
audio11-9 0.4 276.05100000000004 0.25
audio12-3 0.4 276.05100000000004 0.25
audio12-8 0.4 276.05100000000004 0.25
audio2-8 0.4 276.05100000000004 0.25
audio3-10 0.4 276.05100000000004 0.25
audio3-5 0.4 276.05100000000004 0.25
audio4-3 0.4 276.05100000000004 0.25
audio5-3 0.4 276.05100000000004 0.25
audio5-9 0.04520360674810853 32.09299999999943 0.2
audio6-1 0.4 276.05100000000004 0.25
audio6-8 0.4 276.05100000000004 0.25
audio7-6 0 1.011 0
audio8-7 0.4 276.05100000000004 0.25
audio8-9 0.4 276.05100000000004 0.25
audio9-10 0.4 276.05100000000004 0.25
audio9-2 0.4 276.05100000000004 0.25
yolo1-8 0 3.362 0
yolo10-0 0 3.362 0
yolo10-1 0 3.362 0
yolo11-2 0 3.362 0
yolo11-6 0 3.362 0
yolo11-7 0 3.362 0
yolo11-9 0 3.362 0
yolo12-4 0 3.362 0
yolo12-6 0 3.362 0
yolo2-0 0 3.362 0
yolo2-3 0 3.362 0
yolo2-8 0 3.362 0
yolo3-0 0 3.362 0
yolo3-10 0 3.362 0
yolo3-4 0 3.362 0
yolo3-6 0 3.362 0
yolo3-7 0 3.362 0
yolo4-4 0 3.362 0
yolo4-6 0 3.362 0
yolo4-8 0 3.362 0
yolo5-8 0 3.362 0
yolo5-9 0 3.362 0
yolo6-4 0 3.362 0
yolo6-5 0 3.362 0
yolo6-9 0 3.362 0
yolo7-2 0 3.362 0
yolo7-4 0 3.362 0
yolo7-8 0 3.362 0
yolo8-9 0 3.362 0
yolo9-0 0 3.362 0
yolo9-1 0 3.362 0
yolo9-10 0 3.362 0
yolo9-6 0 3.362 0
yolo9-7 0 3.362 0
Sum of bandwidth: 5116.330000000003
Sum of weights: 31.50100000000001
Average accuracy: 0.10902511031395826
time: 0.004895448684692383
**time: 11
========Allocate Done=============
audio1-6 0.4 276.05100000000004 0.25
audio1-9 0.4 276.05100000000004 0.25
audio10-7 0.4 276.05100000000004 0.25
audio11-6 0.4 276.05100000000004 0.25
audio11-9 0.4 276.05100000000004 0.25
audio12-3 0.4 276.05100000000004 0.25
audio12-8 0.4 276.05100000000004 0.25
audio2-11 0.4 276.05100000000004 0.25
audio2-8 0.4 276.05100000000004 0.25
audio3-10 0.4 276.05100000000004 0.25
audio3-11 0.4 276.05100000000004 0.25
audio3-5 0.4 276.05100000000004 0.25
audio4-3 0.4 276.05100000000004 0.25
audio5-3 0 1.011 0
audio5-9 0 1.011 0
audio6-1 0.4 276.05100000000004 0.25
audio6-8 0.4 276.05100000000004 0.25
audio7-6 0 1.011 0
audio8-7 0.4 276.05100000000004 0.25
audio8-9 0.04520360674810853 32.09299999999943 0.2
audio9-10 0.4 276.05100000000004 0.25
audio9-2 0.4 276.05100000000004 0.25
yolo1-11 0 3.362 0
yolo1-8 0 3.362 0
yolo10-0 0 3.362 0
yolo10-1 0 3.362 0
yolo11-11 0 3.362 0
yolo11-2 0 3.362 0
yolo11-6 0 3.362 0
yolo11-7 0 3.362 0
yolo11-9 0 3.362 0
yolo12-4 0 3.362 0
yolo12-6 0 3.362 0
yolo2-0 0 3.362 0
yolo2-8 0 3.362 0
yolo3-0 0 3.362 0
yolo3-10 0 3.362 0
yolo3-6 0 3.362 0
yolo3-7 0 3.362 0
yolo4-4 0 3.362 0
yolo4-6 0 3.362 0
yolo4-8 0 3.362 0
yolo5-11 0 3.362 0
yolo5-8 0 3.362 0
yolo5-9 0 3.362 0
yolo6-4 0 3.362 0
yolo6-5 0 3.362 0
yolo6-9 0 3.362 0
yolo7-2 0 3.362 0
yolo7-4 0 3.362 0
yolo7-8 0 3.362 0
yolo8-9 0 3.362 0
yolo9-0 0 3.362 0
yolo9-1 0 3.362 0
yolo9-10 0 3.362 0
yolo9-6 0 3.362 0
yolo9-7 0 3.362 0
Sum of bandwidth: 5121.714000000004
Sum of weights: 33.86500000000002
Average accuracy: 0.10581721541414434
time: 0.004865407943725586
**time: 12
========Allocate Done=============
audio1-6 0.4 276.05100000000004 0.25
audio1-9 0.4 276.05100000000004 0.25
audio10-7 0.4 276.05100000000004 0.25
audio11-12 0.4 276.05100000000004 0.25
audio11-6 0.4 276.05100000000004 0.25
audio11-9 0.4 276.05100000000004 0.25
audio12-8 0.4 276.05100000000004 0.25
audio2-11 0.4 276.05100000000004 0.25
audio2-8 0.4 276.05100000000004 0.25
audio3-10 0.4 276.05100000000004 0.25
audio3-11 0.4 276.05100000000004 0.25
audio3-5 0.4 276.05100000000004 0.25
audio4-3 0.4 276.05100000000004 0.25
audio5-3 0 1.011 0
audio5-9 0 1.011 0
audio6-1 0.4 276.05100000000004 0.25
audio6-8 0.4 276.05100000000004 0.25
audio7-12 0 1.011 0
audio8-7 0.4 276.05100000000004 0.25
audio8-9 0.04520360674810853 32.09299999999943 0.2
audio9-10 0.4 276.05100000000004 0.25
audio9-2 0.4 276.05100000000004 0.25
yolo1-11 0 3.362 0
yolo1-8 0 3.362 0
yolo10-1 0 3.362 0
yolo11-11 0 3.362 0
yolo11-2 0 3.362 0
yolo11-6 0 3.362 0
yolo11-7 0 3.362 0
yolo11-9 0 3.362 0
yolo12-12 0 3.362 0
yolo12-4 0 3.362 0
yolo12-6 0 3.362 0
yolo2-12 0 3.362 0
yolo2-8 0 3.362 0
yolo3-0 0 3.362 0
yolo3-10 0 3.362 0
yolo3-6 0 3.362 0
yolo3-7 0 3.362 0
yolo4-4 0 3.362 0
yolo4-6 0 3.362 0
yolo4-8 0 3.362 0
yolo5-11 0 3.362 0
yolo5-8 0 3.362 0
yolo5-9 0 3.362 0
yolo6-4 0 3.362 0
yolo6-5 0 3.362 0
yolo6-9 0 3.362 0
yolo7-2 0 3.362 0
yolo7-4 0 3.362 0
yolo7-8 0 3.362 0
yolo8-9 0 3.362 0
yolo9-0 0 3.362 0
yolo9-1 0 3.362 0
yolo9-10 0 3.362 0
yolo9-6 0 3.362 0
yolo9-7 0 3.362 0
Sum of bandwidth: 5121.714000000004
Sum of weights: 33.86500000000002
Average accuracy: 0.10581721541414434
time: 0.057463884353637695
**time: 13
========Allocate Done=============
audio1-13 0.4 276.05100000000004 0.25
audio1-6 0.4 276.05100000000004 0.25
audio1-9 0.4 276.05100000000004 0.25
audio10-13 0.4 276.05100000000004 0.25
audio10-7 0.4 276.05100000000004 0.25
audio11-12 0.4 276.05100000000004 0.25
audio11-6 0.4 276.05100000000004 0.25
audio11-9 0.4 276.05100000000004 0.25
audio12-8 0.4 276.05100000000004 0.25
audio2-11 0.4 276.05100000000004 0.25
audio2-8 0.4 276.05100000000004 0.25
audio3-10 0.4 276.05100000000004 0.25
audio3-11 0.4 276.05100000000004 0.25
audio3-5 0.4 276.05100000000004 0.25
audio5-13 0 1.011 0
audio5-3 0 1.011 0
audio6-1 0.4 276.05100000000004 0.25
audio6-13 0.04520360674810853 32.09299999999943 0.2
audio6-8 0 1.011 0
audio7-12 0 1.011 0
audio8-13 0 1.011 0
audio8-7 0 1.011 0
audio8-9 0 1.011 0
audio9-10 0.4 276.05100000000004 0.25
audio9-13 0.4 276.05100000000004 0.25
audio9-2 0.4 276.05100000000004 0.25
yolo1-11 0 3.362 0
yolo1-8 0 3.362 0
yolo11-11 0 3.362 0
yolo11-2 0 3.362 0
yolo11-6 0 3.362 0
yolo11-7 0 3.362 0
yolo11-9 0 3.362 0
yolo12-12 0 3.362 0
yolo12-4 0 3.362 0
yolo12-6 0 3.362 0
yolo2-12 0 3.362 0
yolo2-8 0 3.362 0
yolo3-10 0 3.362 0
yolo3-13 0 3.362 0
yolo3-6 0 3.362 0
yolo3-7 0 3.362 0
yolo4-6 0 3.362 0
yolo5-11 0 3.362 0
yolo5-9 0 3.362 0
yolo6-9 0 3.362 0
yolo7-13 0 3.362 0
yolo7-8 0 3.362 0
yolo8-13 0 3.362 0
yolo8-9 0 3.362 0
yolo9-0 0 3.362 0
yolo9-10 0 3.362 0
yolo9-7 0 3.362 0
Sum of bandwidth: 5098.862000000005
Sum of weights: 31.63100000000001
Average accuracy: 0.12431159305744359
time: 0.002668619155883789
**time: 14
========Allocate Done=============
audio1-13 0.4 276.05100000000004 0.25
audio1-14 0.4 276.05100000000004 0.25
audio1-6 0.4 276.05100000000004 0.25
audio1-9 0.4 276.05100000000004 0.25
audio10-13 0.4 276.05100000000004 0.25
audio10-7 0.4 276.05100000000004 0.25
audio11-12 0.4 276.05100000000004 0.25
audio11-6 0.4 276.05100000000004 0.25
audio11-9 0.4 276.05100000000004 0.25
audio12-14 0.4 276.05100000000004 0.25
audio12-8 0.4 276.05100000000004 0.25
audio2-11 0.4 276.05100000000004 0.25
audio2-8 0.04520360674810853 32.09299999999943 0.2
audio3-10 0.4 276.05100000000004 0.25
audio3-11 0.4 276.05100000000004 0.25
audio3-5 0.4 276.05100000000004 0.25
audio5-13 0 1.011 0
audio6-1 0 1.011 0
audio6-13 0 1.011 0
audio7-12 0 1.011 0
audio8-13 0 1.011 0
audio8-14 0 1.011 0
audio8-7 0 1.011 0
audio8-9 0 1.011 0
audio9-10 0.4 276.05100000000004 0.25
audio9-13 0.4 276.05100000000004 0.25
audio9-14 0.4 276.05100000000004 0.25
yolo1-11 0 3.362 0
yolo1-14 0 3.362 0
yolo1-8 0 3.362 0
yolo11-11 0 3.362 0
yolo11-6 0 3.362 0
yolo11-7 0 3.362 0
yolo11-9 0 3.362 0
yolo12-12 0 3.362 0
yolo12-6 0 3.362 0
yolo2-12 0 3.362 0
yolo2-8 0 3.362 0
yolo3-10 0 3.362 0
yolo3-13 0 3.362 0
yolo3-6 0 3.362 0
yolo3-7 0 3.362 0
yolo4-6 0 3.362 0
yolo5-11 0 3.362 0
yolo5-9 0 3.362 0
yolo6-9 0 3.362 0
yolo7-13 0 3.362 0
yolo7-14 0 3.362 0
yolo7-8 0 3.362 0
yolo8-13 0 3.362 0
yolo8-9 0 3.362 0
yolo9-10 0 3.362 0
Sum of bandwidth: 5093.149000000006
Sum of weights: 32.19100000000001
Average accuracy: 0.13023049920785307
time: 0.0030794143676757812
**time: 15
========Allocate Done=============
audio1-13 0.4 276.05100000000004 0.25
audio1-14 0.4 276.05100000000004 0.25
audio1-15 0.4 276.05100000000004 0.25
audio1-9 0.4 276.05100000000004 0.25
audio10-13 0.4 276.05100000000004 0.25
audio10-15 0.4 276.05100000000004 0.25
audio10-7 0.4 276.05100000000004 0.25
audio11-12 0.4 276.05100000000004 0.25
audio11-6 0.4 276.05100000000004 0.25
audio11-9 0.4 276.05100000000004 0.25
audio12-14 0.4 276.05100000000004 0.25
audio12-8 0.4 276.05100000000004 0.25
audio2-11 0.0450503199534606 31.98759999999951 0.2
audio2-8 0 1.011 0
audio3-10 0.4 276.05100000000004 0.25
audio3-11 0.4 276.05100000000004 0.25
audio3-5 0.4 276.05100000000004 0.25
audio5-13 0 1.011 0
audio6-13 0 1.011 0
audio6-15 0 1.011 0
audio7-12 0 1.011 0
audio7-15 0 1.011 0
audio8-13 0 1.011 0
audio8-14 0 1.011 0
audio8-7 0 1.011 0
audio8-9 0 1.011 0
audio9-10 0.4 276.05100000000004 0.25
audio9-13 0.4 276.05100000000004 0.25
audio9-14 0.4 276.05100000000004 0.25
yolo1-11 0 3.362 0
yolo1-14 0 3.362 0
yolo1-15 0 3.362 0
yolo11-11 0 3.362 0
yolo11-7 0 3.362 0
yolo11-9 0 3.362 0
yolo12-12 0 3.362 0
yolo12-6 0 3.362 0
yolo2-12 0 3.362 0
yolo2-8 0 3.362 0
yolo3-10 0 3.362 0
yolo3-13 0 3.362 0
yolo3-6 0 3.362 0
yolo3-7 0 3.362 0
yolo4-6 0 3.362 0
yolo5-11 0 3.362 0
yolo5-9 0 3.362 0
yolo6-9 0 3.362 0
yolo7-13 0 3.362 0
yolo7-14 0 3.362 0
yolo7-15 0 3.362 0
yolo7-8 0 3.362 0
yolo8-13 0 3.362 0
yolo9-10 0 3.362 0
audio1-edge-6 0.4 0.0527 0.25
audio1-edge-9 0.4 0.0527 0.25
Sum of bandwidth: 5091.809000000007
Sum of weights: 34.879
Average accuracy: 0.13741793055993573
time: 0.12229418754577637
**time: 16
========Allocate Done=============
audio1-14 0.4 276.05100000000004 0.25
audio1-15 0.4 276.05100000000004 0.25
audio10-13 0.4 276.05100000000004 0.25
audio10-15 0.4 276.05100000000004 0.25
audio11-12 0.4 276.05100000000004 0.25
audio11-16 0.4 276.05100000000004 0.25
audio11-6 0.4 276.05100000000004 0.25
audio12-14 0.4 276.05100000000004 0.25
audio12-8 0.4 276.05100000000004 0.25
audio2-11 0.4 276.05100000000004 0.25
audio2-16 0.4 276.05100000000004 0.25
audio2-8 0.4 276.05100000000004 0.25
audio3-10 0.4 276.05100000000004 0.25
audio3-11 0.4 276.05100000000004 0.25
audio3-16 0.4 276.05100000000004 0.25
audio5-13 0 1.011 0
audio6-15 0.045050319953459934 31.987599999999052 0.2
audio7-12 0 1.011 0
audio7-15 0 1.011 0
audio8-13 0 1.011 0
audio8-14 0 1.011 0
audio8-9 0 1.011 0
audio9-10 0.4 276.05100000000004 0.25
audio9-14 0.4 276.05100000000004 0.25
audio9-16 0.4 276.05100000000004 0.25
yolo1-14 0 3.362 0
yolo1-15 0 3.362 0
yolo11-11 0 3.362 0
yolo11-9 0 3.362 0
yolo12-12 0 3.362 0
yolo2-12 0 3.362 0
yolo3-10 0 3.362 0
yolo3-13 0 3.362 0
yolo3-6 0 3.362 0
yolo5-9 0 3.362 0
yolo6-9 0 3.362 0
yolo7-13 0 3.362 0
yolo7-14 0 3.362 0
yolo7-15 0 3.362 0
yolo7-8 0 3.362 0
yolo8-13 0 3.362 0
yolo9-10 0 3.362 0
yolo9-16 0 3.362 0
audio1-edge-6 0.4 0.0527 0.25
audio1-edge-9 0.4 0.0527 0.25
audio8-edge-7 0 0.0527 0
Sum of bandwidth: 5067.645700000005
Sum of weights: 29.943000000000005
Average accuracy: 0.14826002738536548
time: 0.3816077709197998
**time: 17
========Allocate Done=============
audio1-14 0.4 276.05100000000004 0.25
audio1-15 0.4 276.05100000000004 0.25
audio10-13 0.4 276.05100000000004 0.25
audio10-15 0.4 276.05100000000004 0.25
audio11-12 0.4 276.05100000000004 0.25
audio11-16 0.4 276.05100000000004 0.25
audio11-6 0.4 276.05100000000004 0.25
audio12-14 0.4 276.05100000000004 0.25
audio12-8 0.4 276.05100000000004 0.25
audio2-11 0.4 276.05100000000004 0.25
audio2-16 0.4 276.05100000000004 0.25
audio2-8 0.04482038976148705 31.829499999998497 0.2
audio3-10 0.4 276.05100000000004 0.25
audio3-11 0.4 276.05100000000004 0.25
audio3-16 0.4 276.05100000000004 0.25
audio3-17 0.4 276.05100000000004 0.25
audio5-13 0 1.011 0
audio6-15 0 1.011 0
audio7-12 0 1.011 0
audio7-15 0 1.011 0
audio8-13 0 1.011 0
audio8-14 0 1.011 0
audio8-9 0 1.011 0
audio9-10 0.4 276.05100000000004 0.25
audio9-14 0.4 276.05100000000004 0.25
audio9-16 0.4 276.05100000000004 0.25
yolo1-14 0 3.362 0
yolo1-15 0 3.362 0
yolo11-11 0 3.362 0
yolo11-9 0 3.362 0
yolo12-12 0 3.362 0
yolo2-12 0 3.362 0
yolo3-10 0 3.362 0
yolo3-13 0 3.362 0
yolo3-6 0 3.362 0
yolo5-9 0 3.362 0
yolo6-9 0 3.362 0
yolo7-13 0 3.362 0
yolo7-14 0 3.362 0
yolo7-15 0 3.362 0
yolo7-8 0 3.362 0
yolo8-13 0 3.362 0
yolo9-10 0 3.362 0
yolo9-16 0 3.362 0
audio1-edge-14 0.4 0.0527 0.25
audio1-edge-15 0.4 0.0527 0.25
audio1-edge-9 0.4 0.0527 0.25
audio12-edge-14 0.4 0.0527 0.25
audio12-edge-8 0.4 0.0527 0.25
Sum of bandwidth: 5068.604000000005
Sum of weights: 33.220000000000006
Average accuracy: 0.15781908488862126
time: 0.00391697883605957
**time: 18
========Allocate Done=============
audio1-14 0.4 276.05100000000004 0.25
audio1-15 0.4 276.05100000000004 0.25
audio10-13 0.4 276.05100000000004 0.25
audio10-15 0.4 276.05100000000004 0.25
audio11-12 0.4 276.05100000000004 0.25
audio11-16 0.4 276.05100000000004 0.25
audio11-6 0.4 276.05100000000004 0.25
audio12-14 0.4 276.05100000000004 0.25
audio12-8 0.4 276.05100000000004 0.25
audio2-11 0.4 276.05100000000004 0.25
audio2-16 0.4 276.05100000000004 0.25
audio2-8 0.044667102966839116 31.724099999998575 0.2
audio3-10 0.4 276.05100000000004 0.25
audio3-11 0.4 276.05100000000004 0.25
audio3-16 0.4 276.05100000000004 0.25
audio3-17 0.4 276.05100000000004 0.25
audio5-13 0 1.011 0
audio6-15 0 1.011 0
audio6-18 0 1.011 0
audio7-12 0 1.011 0
audio7-15 0 1.011 0
audio8-13 0 1.011 0
audio8-14 0 1.011 0
audio8-9 0 1.011 0
audio9-10 0.4 276.05100000000004 0.25
audio9-14 0.4 276.05100000000004 0.25
audio9-16 0.4 276.05100000000004 0.25
yolo1-15 0 3.362 0
yolo1-18 0 3.362 0
yolo11-11 0 3.362 0
yolo11-9 0 3.362 0
yolo12-12 0 3.362 0
yolo2-12 0 3.362 0
yolo3-10 0 3.362 0
yolo3-13 0 3.362 0
yolo3-6 0 3.362 0
yolo5-9 0 3.362 0
yolo6-9 0 3.362 0
yolo7-13 0 3.362 0
yolo7-14 0 3.362 0
yolo7-15 0 3.362 0
yolo7-8 0 3.362 0
yolo8-13 0 3.362 0
yolo9-10 0 3.362 0
yolo9-16 0 3.362 0
yolo9-18 0 3.362 0
audio1-edge-14 0.4 0.0527 0.25
audio1-edge-15 0.4 0.0527 0.25
audio1-edge-9 0.4 0.0527 0.25
audio12-edge-14 0.4 0.0527 0.25
audio12-edge-8 0.4 0.0527 0.25
audio5-edge-13 0 0.0527 0
audio8-edge-14 0 0.0527 0
audio9-edge-10 0.4 0.0527 0.25
audio9-edge-14 0.4 0.0527 0.25
Sum of bandwidth: 5073.082400000006
Sum of weights: 37.073000000000015
Average accuracy: 0.15418903244949145
time: 0.10939264297485352
**time: 19
========Allocate Done=============
audio1-14 0.4 276.05100000000004 0.25
audio1-19 0.4 276.05100000000004 0.25
audio10-13 0.4 276.05100000000004 0.25
audio10-15 0.4 276.05100000000004 0.25
audio11-12 0.4 276.05100000000004 0.25
audio11-16 0.4 276.05100000000004 0.25
audio11-19 0.4 276.05100000000004 0.25
audio12-14 0.4 276.05100000000004 0.25
audio12-8 0.4 276.05100000000004 0.25
audio2-11 0.4 276.05100000000004 0.25
audio2-16 0.044667102966839116 31.724099999998575 0.2
audio2-19 0 1.011 0
audio2-8 0 1.011 0
audio3-10 0.4 276.05100000000004 0.25
audio3-11 0.4 276.05100000000004 0.25
audio3-16 0.4 276.05100000000004 0.25
audio3-17 0.4 276.05100000000004 0.25
audio3-19 0.4 276.05100000000004 0.25
audio5-13 0 1.011 0
audio6-15 0 1.011 0
audio6-18 0 1.011 0
audio7-12 0 1.011 0
audio7-15 0 1.011 0
audio8-14 0 1.011 0
audio8-9 0 1.011 0
audio9-10 0.4 276.05100000000004 0.25
audio9-14 0.4 276.05100000000004 0.25
audio9-16 0.4 276.05100000000004 0.25
yolo1-18 0 3.362 0
yolo10-19 0 3.362 0
yolo11-11 0 3.362 0
yolo11-9 0 3.362 0
yolo12-12 0 3.362 0
yolo12-19 0 3.362 0
yolo2-12 0 3.362 0
yolo2-19 0 3.362 0
yolo3-10 0 3.362 0
yolo3-13 0 3.362 0
yolo5-9 0 3.362 0
yolo7-13 0 3.362 0
yolo7-14 0 3.362 0
yolo7-15 0 3.362 0
yolo7-19 0 3.362 0
yolo7-8 0 3.362 0
yolo8-13 0 3.362 0
yolo9-10 0 3.362 0
yolo9-16 0 3.362 0
yolo9-18 0 3.362 0
audio1-edge-14 0.4 0.0527 0.25
audio1-edge-15 0.4 0.0527 0.25
audio1-edge-9 0.4 0.0527 0.25
audio12-edge-14 0.4 0.0527 0.25
audio12-edge-8 0.4 0.0527 0.25
audio5-edge-13 0 0.0527 0
audio8-edge-14 0 0.0527 0
audio9-edge-10 0.4 0.0527 0.25
audio9-edge-14 0.4 0.0527 0.25
Sum of bandwidth: 5077.455400000005
Sum of weights: 38.717000000000006
Average accuracy: 0.1490882558049435
time: 0.04650998115539551
**time: 20
========Allocate Done=============
audio1-19 0.4 276.05100000000004 0.25
audio10-13 0.4 276.05100000000004 0.25
audio10-15 0.4 276.05100000000004 0.25
audio11-12 0.4 276.05100000000004 0.25
audio11-16 0.4 276.05100000000004 0.25
audio11-19 0.4 276.05100000000004 0.25
audio12-20 0.4 276.05100000000004 0.25
audio12-8 0.4 276.05100000000004 0.25
audio2-16 0.4 276.05100000000004 0.25
audio2-19 0.4 276.05100000000004 0.25
audio3-10 0.4 276.05100000000004 0.25
audio3-11 0.4 276.05100000000004 0.25
audio3-16 0.4 276.05100000000004 0.25
audio3-17 0.4 276.05100000000004 0.25
audio3-19 0.4 276.05100000000004 0.25
audio5-13 0 1.011 0
audio6-15 0.04482038976148705 31.829499999998497 0.2
audio6-18 0 1.011 0
audio7-12 0 1.011 0
audio7-15 0 1.011 0
audio8-20 0 1.011 0
audio8-9 0 1.011 0
audio9-10 0.4 276.05100000000004 0.25
audio9-14 0.4 276.05100000000004 0.25
audio9-16 0.4 276.05100000000004 0.25
yolo1-18 0 3.362 0
yolo10-19 0 3.362 0
yolo11-11 0 3.362 0
yolo11-9 0 3.362 0
yolo12-12 0 3.362 0
yolo12-19 0 3.362 0
yolo2-12 0 3.362 0
yolo2-19 0 3.362 0
yolo3-10 0 3.362 0
yolo3-13 0 3.362 0
yolo4-20 0 3.362 0
yolo5-9 0 3.362 0
yolo6-20 0 3.362 0
yolo7-13 0 3.362 0
yolo7-14 0 3.362 0
yolo7-15 0 3.362 0
yolo7-19 0 3.362 0
yolo7-8 0 3.362 0
yolo8-13 0 3.362 0
yolo8-20 0 3.362 0
yolo9-10 0 3.362 0
yolo9-16 0 3.362 0
yolo9-18 0 3.362 0
audio1-edge-14 0.4 0.0527 0.25
audio1-edge-15 0.4 0.0527 0.25
audio1-edge-9 0.4 0.0527 0.25
audio12-edge-14 0.4 0.0527 0.25
audio5-edge-13 0 0.0527 0
audio8-edge-14 0 0.0527 0
audio9-edge-14 0.4 0.0527 0.25
Sum of bandwidth: 5084.508400000005
Sum of weights: 36.84200000000001
Average accuracy: 0.14014847185277665
time: 0.004609346389770508
**time: 21
========Allocate Done=============
audio1-19 0.4 276.05100000000004 0.25
audio10-13 0.4 276.05100000000004 0.25
audio10-15 0.4 276.05100000000004 0.25
audio11-12 0.4 276.05100000000004 0.25
audio11-19 0.4 276.05100000000004 0.25
audio12-20 0.4 276.05100000000004 0.25
audio2-16 0.4 276.05100000000004 0.25
audio2-19 0.4 276.05100000000004 0.25
audio3-11 0.4 276.05100000000004 0.25
audio3-17 0.4 276.05100000000004 0.25
audio3-19 0.4 276.05100000000004 0.25
audio5-21 0.4 276.05100000000004 0.25
audio6-15 0.4 276.05100000000004 0.25
audio6-18 0.4 276.05100000000004 0.25
audio7-15 0 1.011 0
audio8-20 0.4 276.05100000000004 0.25
audio8-9 0.4 276.05100000000004 0.25
audio9-16 0.4 276.05100000000004 0.25
audio9-21 0.4 276.05100000000004 0.25
yolo1-18 0 3.362 0
yolo10-19 0 3.362 0
yolo11-21 0 3.362 0
yolo12-12 0 3.362 0
yolo12-19 0 3.362 0
yolo2-12 0 3.362 0
yolo2-19 0 3.362 0
yolo3-10 0 3.362 0
yolo3-13 0 3.362 0
yolo3-21 0 3.362 0
yolo4-20 0 3.362 0
yolo6-20 0.05 6.486280000000001 0.525
yolo7-13 0.05 6.486280000000001 0.525
yolo7-14 0.05 6.486280000000001 0.525
yolo7-15 0.05 6.486280000000001 0.525
yolo7-19 0.05 6.486280000000001 0.525
yolo8-13 0.05 6.486280000000001 0.525
yolo8-20 0.05 6.486280000000001 0.525
yolo9-10 0.05 6.486280000000001 0.525
yolo9-16 0.05 6.486280000000001 0.525
yolo9-18 0.043164835937842795 6.061979999998682 0.525
audio1-edge-14 0.4 0.0527 0.25
audio1-edge-15 0.4 0.0527 0.25
audio1-edge-19 0.4 0.0527 0.25
audio12-edge-14 0.4 0.0527 0.25
audio5-edge-13 0.4 0.0527 0.25
Sum of bandwidth: 5071.613000000002
Sum of weights: 28.941000000000006
Average accuracy: 0.3015894405860198
time: 0.0035305023193359375
**time: 22
========Allocate Done=============
audio10-15 0.4 276.05100000000004 0.25
audio12-20 0.4 276.05100000000004 0.25
audio12-22 0.4 276.05100000000004 0.25
audio2-16 0.4 276.05100000000004 0.25
audio2-19 0.4 276.05100000000004 0.25
audio3-17 0.4 276.05100000000004 0.25
audio3-19 0.4 276.05100000000004 0.25
audio4-22 0.4 276.05100000000004 0.25
audio5-21 0.4 276.05100000000004 0.25
audio6-15 0.4 276.05100000000004 0.25
audio6-18 0.4 276.05100000000004 0.25
audio7-15 0.4 276.05100000000004 0.25
audio8-20 0.4 276.05100000000004 0.25
audio9-21 0.4 276.05100000000004 0.25
audio9-22 0.4 276.05100000000004 0.25
yolo1-18 1 56.834 0.99
yolo10-19 1 56.834 0.99
yolo11-21 1 56.834 0.99
yolo12-19 1 56.834 0.99
yolo2-12 1 56.834 0.99
yolo2-19 1 56.834 0.99
yolo3-10 0.3481702563542528 24.132639999999704 0.685
yolo3-21 0.3 21.396079999999998 0.64
yolo3-22 0.3 21.396079999999998 0.64
yolo4-20 1 56.834 0.99
yolo6-20 1 56.834 0.99
yolo7-13 1 56.834 0.99
yolo7-14 1 56.834 0.99
yolo7-19 1 56.834 0.99
yolo8-20 1 56.834 0.99
yolo8-22 1 56.834 0.99
yolo9-16 1 56.834 0.99
yolo9-18 1 56.834 0.99
audio1-edge-14 0.4 0.0527 0.25
audio1-edge-19 0.4 0.0527 0.25
audio12-edge-14 0.4 0.0527 0.25
audio12-edge-20 0.4 0.0527 0.25
audio5-edge-20 0.4 0.0527 0.25
audio8-edge-20 0.4 0.0527 0.25
Sum of bandwidth: 5060.515999999999
Sum of weights: 23.97
Average accuracy: 0.5423218606591572
time: 0.015465259552001953
**time: 23
========Allocate Done=============
audio10-15 1 688.611 0.9
audio12-22 0.7315413030831868 504.01879999999926 0.42
audio2-16 0.4 276.05100000000004 0.25
audio2-19 0.4 276.05100000000004 0.25
audio3-19 0.4 276.05100000000004 0.25
audio4-22 0.4 276.05100000000004 0.25
audio5-21 0.4 276.05100000000004 0.25
audio6-15 0.4 276.05100000000004 0.25
audio6-18 0.4 276.05100000000004 0.25
audio7-23 0.4 276.05100000000004 0.25
audio9-21 0.5 344.81100000000004 0.3
audio9-22 0.5 344.81100000000004 0.3
yolo1-18 1 56.834 0.99
yolo10-19 1 56.834 0.99
yolo11-21 1 56.834 0.99
yolo2-19 1 56.834 0.99
yolo3-21 1 56.834 0.99
yolo3-22 1 56.834 0.99
yolo4-20 1 56.834 0.99
yolo6-20 1 56.834 0.99
yolo6-23 1 56.834 0.99
yolo7-13 1 56.834 0.99
yolo7-14 1 56.834 0.99
yolo7-19 1 56.834 0.99
yolo8-20 1 56.834 0.99
yolo8-22 1 56.834 0.99
yolo9-16 1 56.834 0.99
yolo9-18 1 56.834 0.99
yolo9-23 1 56.834 0.99
audio1-edge-14 0.55 0.0527 0.31
audio1-edge-19 0.55 0.0527 0.31
audio12-edge-14 0.55 0.0527 0.31
audio12-edge-20 0.55 0.0527 0.31
audio5-edge-20 0.4 0.0527 0.25
audio8-edge-20 0.4 0.0527 0.25
Sum of bandwidth: 5057.153999999998
Sum of weights: 22.586
Average accuracy: 0.6377587886301248
time: 0.020082712173461914
**time: 24
========Allocate Done=============
audio1-24 1 688.611 0.9
audio12-22 0.7316179464805072 504.0714999999968 0.42
audio3-19 0.4 276.05100000000004 0.25
audio4-22 0.4 276.05100000000004 0.25
audio5-21 0.4 276.05100000000004 0.25
audio6-15 0.4 276.05100000000004 0.25
audio6-18 0.4 276.05100000000004 0.25
audio6-24 0.4 276.05100000000004 0.25
audio7-23 0.4 276.05100000000004 0.25
audio7-24 0.4 276.05100000000004 0.25
audio9-21 0.5 344.81100000000004 0.3
audio9-22 0.5 344.81100000000004 0.3
yolo10-19 1 56.834 0.99
yolo11-21 1 56.834 0.99
yolo3-21 1 56.834 0.99
yolo3-22 1 56.834 0.99
yolo4-20 1 56.834 0.99
yolo6-20 1 56.834 0.99
yolo6-23 1 56.834 0.99
yolo7-14 1 56.834 0.99
yolo7-19 1 56.834 0.99
yolo7-24 1 56.834 0.99
yolo8-20 1 56.834 0.99
yolo8-22 1 56.834 0.99
yolo8-24 1 56.834 0.99
yolo9-16 1 56.834 0.99
yolo9-18 1 56.834 0.99
yolo9-23 1 56.834 0.99
yolo9-24 1 56.834 0.99
audio1-edge-14 0.55 0.0527 0.31
audio1-edge-19 0.55 0.0527 0.31
audio12-edge-20 0.55 0.0527 0.31
audio5-edge-20 0.4 0.0527 0.25
audio8-edge-20 0.4 0.0527 0.25
Sum of bandwidth: 5057.153999999995
Sum of weights: 21.939
Average accuracy: 0.6754651533798258
time: 0.04415321350097656
**time: 25
========Allocate Done=============
audio1-24 1 688.611 0.9
audio12-22 0.7316179464805072 504.0714999999968 0.42
audio3-19 0.4 276.05100000000004 0.25
audio4-22 0.4 276.05100000000004 0.25
audio5-21 0.4 276.05100000000004 0.25
audio6-15 0.4 276.05100000000004 0.25
audio6-18 0.4 276.05100000000004 0.25
audio6-24 0.4 276.05100000000004 0.25
audio7-23 0.4 276.05100000000004 0.25
audio7-24 0.4 276.05100000000004 0.25
audio9-21 0.5 344.81100000000004 0.3
audio9-22 0.5 344.81100000000004 0.3
yolo10-19 1 56.834 0.99
yolo11-21 1 56.834 0.99
yolo3-21 1 56.834 0.99
yolo3-22 1 56.834 0.99
yolo4-20 1 56.834 0.99
yolo6-20 1 56.834 0.99
yolo6-23 1 56.834 0.99
yolo7-14 1 56.834 0.99
yolo7-19 1 56.834 0.99
yolo7-24 1 56.834 0.99
yolo8-20 1 56.834 0.99
yolo8-22 1 56.834 0.99
yolo8-24 1 56.834 0.99
yolo9-16 1 56.834 0.99
yolo9-18 1 56.834 0.99
yolo9-23 1 56.834 0.99
yolo9-24 1 56.834 0.99
audio1-edge-14 0.55 0.0527 0.31
audio1-edge-19 0.55 0.0527 0.31
audio12-edge-20 0.55 0.0527 0.31
audio5-edge-20 0.4 0.0527 0.25
audio8-edge-20 0.4 0.0527 0.25
Sum of bandwidth: 5057.153999999995
Sum of weights: 21.939
Average accuracy: 0.6754651533798258
time: 0.0666513442993164
