num: 50 running time:25 bandwidth:5000
**time: 0
========Allocate Done=============
audio1-0 1 688.611 0.9
audio4-0 1 688.611 0.9
yolo1-0 1 56.834 0.99
yolo10-0 1 56.834 0.99
Sum of bandwidth: 1490.89
Sum of weights: 0.231
Average accuracy: 0.903116883116883
time: 0.02434086799621582
**time: 1
========Allocate Done=============
audio1-0 1 688.611 0.9
audio4-0 1 688.611 0.9
yolo1-0 1 56.834 0.99
yolo10-0 1 56.834 0.99
yolo6-1 1 56.834 0.99
yolo7-1 1 56.834 0.99
yolo8-1 1 56.834 0.99
Sum of bandwidth: 1661.3920000000003
Sum of weights: 1.959
Average accuracy: 0.9797549770290964
time: 0.002794981002807617
**time: 2
========Allocate Done=============
audio1-0 1 688.611 0.9
audio10-2 1 688.611 0.9
audio12-1 1 688.611 0.9
audio4-0 1 688.611 0.9
audio7-1 1 688.611 0.9
audio8-1 1 688.611 0.9
yolo1-0 1 56.834 0.99
yolo1-2 1 56.834 0.99
yolo10-0 1 56.834 0.99
yolo4-1 1 56.834 0.99
yolo5-1 1 56.834 0.99
yolo6-1 1 56.834 0.99
yolo7-1 1 56.834 0.99
yolo8-1 1 56.834 0.99
Sum of bandwidth: 4586.337999999999
Sum of weights: 3.5120000000000005
Average accuracy: 0.9494846241457857
time: 0.030549049377441406
**time: 3
========Allocate Done=============
audio1-0 1 688.611 0.9
audio10-2 1 688.611 0.9
audio12-1 1 688.611 0.9
audio4-0 0.4 276.05100000000004 0.25
audio7-1 1 688.611 0.9
audio7-3 1 688.611 0.9
audio8-1 0.8118596276905217 559.2456800000027 0.67
yolo1-0 0.9000000000000002 52.34072000000001 0.99
yolo1-2 0.9000000000000002 52.34072000000001 0.99
yolo10-0 0.9000000000000002 52.34072000000001 0.99
yolo10-3 0.9000000000000002 52.34072000000001 0.99
yolo11-3 0.9000000000000002 52.34072000000001 0.99
yolo12-3 0.9000000000000002 52.34072000000001 0.99
yolo4-1 1 56.834 0.99
yolo4-3 1 56.834 0.99
yolo5-1 1 56.834 0.99
yolo6-1 1 56.834 0.99
yolo6-3 1 56.834 0.99
yolo7-1 1 56.834 0.99
yolo8-1 1 56.834 0.99
yolo8-3 1 56.834 0.99
Sum of bandwidth: 5047.068000000002
Sum of weights: 5.684
Average accuracy: 0.9439232934553133
time: 0.1672513484954834
**time: 4
========Allocate Done=============
audio10-2 0.55 379.1910000000001 0.31
audio12-1 0.5012222222222229 345.6514000000005 0.3
audio3-4 1 688.611 0.9
audio4-0 0.4 276.05100000000004 0.25
audio4-4 0.4 276.05100000000004 0.25
audio6-4 1 688.611 0.9
audio7-1 1 688.611 0.9
audio7-3 1 688.611 0.9
audio8-1 0.4 276.05100000000004 0.25
yolo1-2 0.35 24.23572 0.685
yolo10-0 0.35 24.23572 0.685
yolo10-3 0.35 24.23572 0.685
yolo11-3 0.35 24.23572 0.685
yolo12-3 0.35 24.23572 0.685
yolo4-1 1 56.834 0.99
yolo4-3 1 56.834 0.99
yolo4-4 1 56.834 0.99
yolo5-1 1 56.834 0.99
yolo6-1 1 56.834 0.99
yolo6-3 1 56.834 0.99
yolo6-4 1 56.834 0.99
yolo7-1 1 56.834 0.99
yolo7-4 1 56.834 0.99
yolo8-1 1 56.834 0.99
yolo8-3 1 56.834 0.99
Sum of bandwidth: 5053.791999999997
Sum of weights: 7.814
Average accuracy: 0.9032787304837473
time: 0.14290475845336914
**time: 5
========Allocate Done=============
audio10-2 0.578988365328682 399.1234000000018 0.31
audio12-1 0.55 379.1910000000001 0.31
audio3-4 1 688.611 0.9
audio4-0 0.4 276.05100000000004 0.25
audio4-4 0.4 276.05100000000004 0.25
audio6-4 1 688.611 0.9
audio7-1 1 688.611 0.9
audio7-3 1 688.611 0.9
audio8-1 0.4 276.05100000000004 0.25
yolo1-2 0.35 24.23572 0.685
yolo10-0 0.35 24.23572 0.685
yolo10-3 0.35 24.23572 0.685
yolo11-3 0.35 24.23572 0.685
yolo12-3 0.35 24.23572 0.685
yolo4-1 1 56.834 0.99
yolo4-3 1 56.834 0.99
yolo4-4 1 56.834 0.99
yolo6-1 1 56.834 0.99
yolo6-3 1 56.834 0.99
yolo6-4 1 56.834 0.99
yolo7-1 1 56.834 0.99
yolo7-4 1 56.834 0.99
yolo8-1 1 56.834 0.99
yolo8-3 1 56.834 0.99
Sum of bandwidth: 5050.4299999999985
Sum of weights: 7.731
Average accuracy: 0.9026012158841031
time: 0.014215469360351562
**time: 6
========Allocate Done=============
audio10-2 0.4 276.05100000000004 0.25
audio11-5 0.4 276.05100000000004 0.25
audio12-1 0.4 276.05100000000004 0.25
audio12-6 0.4 276.05100000000004 0.25
audio3-4 0.4 276.05100000000004 0.25
audio4-0 0.4 276.05100000000004 0.25
audio4-4 0.4 276.05100000000004 0.25
audio4-5 0.4 276.05100000000004 0.25
audio6-4 0.7350964514252465 506.4633199999995 0.42
audio7-1 0.5 344.81100000000004 0.3
audio7-3 0.5 344.81100000000004 0.3
audio8-1 0.4 276.05100000000004 0.25
audio8-5 0.4 276.05100000000004 0.25
audio9-6 0.4 276.05100000000004 0.25
yolo1-2 0.05 6.486280000000001 0.525
yolo10-0 0.05 6.486280000000001 0.525
yolo10-3 0.05 6.486280000000001 0.525
yolo11-3 0.05 6.486280000000001 0.525
yolo11-5 0.05 6.486280000000001 0.525
yolo12-3 0.05 6.486280000000001 0.525
yolo2-6 1 56.834 0.99
yolo4-1 1 56.834 0.99
yolo4-3 1 56.834 0.99
yolo4-4 1 56.834 0.99
yolo5-5 1 56.834 0.99
yolo6-1 1 56.834 0.99
yolo6-3 1 56.834 0.99
yolo6-4 1 56.834 0.99
yolo6-5 1 56.834 0.99
yolo7-1 1 56.834 0.99
yolo7-4 1 56.834 0.99
yolo8-1 1 56.834 0.99
yolo8-3 1 56.834 0.99
yolo9-5 1 56.834 0.99
Sum of bandwidth: 5067.239999999998
Sum of weights: 10.131999999999994
Average accuracy: 0.6975986971969999
time: 0.4753227233886719
**time: 7
========Allocate Done=============
audio10-2 0.4 276.05100000000004 0.25
audio11-5 0.4 276.05100000000004 0.25
audio12-1 0.4 276.05100000000004 0.25
audio12-6 0.4 276.05100000000004 0.25
audio2-7 0.405356311809194 279.73400000000186 0.25
audio3-4 0.4 276.05100000000004 0.25
audio4-0 0.4 276.05100000000004 0.25
audio4-4 0.4 276.05100000000004 0.25
audio4-5 0.4 276.05100000000004 0.25
audio6-4 0.4 276.05100000000004 0.25
audio7-1 0.4 276.05100000000004 0.25
audio7-3 0.4 276.05100000000004 0.25
audio8-1 0.4 276.05100000000004 0.25
audio8-5 0.4 276.05100000000004 0.25
audio9-6 0.4 276.05100000000004 0.25
yolo1-2 0 3.362 0
yolo10-0 0 3.362 0
yolo10-3 0 3.362 0
yolo10-7 0 3.362 0
yolo11-3 0 3.362 0
yolo11-5 0 3.362 0
yolo11-7 0 3.362 0
yolo12-3 0 3.362 0
yolo2-6 1 56.834 0.99
yolo2-7 1 56.834 0.99
yolo4-1 1 56.834 0.99
yolo4-3 1 56.834 0.99
yolo4-4 1 56.834 0.99
yolo5-5 1 56.834 0.99
yolo5-7 1 56.834 0.99
yolo6-1 1 56.834 0.99
yolo6-3 1 56.834 0.99
yolo6-4 1 56.834 0.99
yolo6-5 1 56.834 0.99
yolo7-1 1 56.834 0.99
yolo7-4 1 56.834 0.99
yolo8-1 1 56.834 0.99
yolo8-3 1 56.834 0.99
yolo9-5 1 56.834 0.99
Sum of bandwidth: 5080.687999999999
Sum of weights: 12.073999999999995
Average accuracy: 0.6646297830048041
time: 0.07535815238952637
**time: 8
========Allocate Done=============
audio10-2 0.4 276.05100000000004 0.25
audio11-5 0.4 276.05100000000004 0.25
audio12-6 0.4 276.05100000000004 0.25
audio2-7 0.8527646887725422 587.372 0.67
audio3-4 0.4 276.05100000000004 0.25
audio4-0 0.4 276.05100000000004 0.25
audio4-4 0.4 276.05100000000004 0.25
audio4-5 0.4 276.05100000000004 0.25
audio6-4 0.5 344.81100000000004 0.3
audio7-1 0.45 310.43100000000004 0.27
audio7-3 0.45 310.43100000000004 0.27
audio8-5 0.4 276.05100000000004 0.25
audio9-6 0.4 276.05100000000004 0.25
yolo1-2 0 3.362 0
yolo10-0 0 3.362 0
yolo10-3 0 3.362 0
yolo10-7 0 3.362 0
yolo11-3 0 3.362 0
yolo11-5 0 3.362 0
yolo11-7 0 3.362 0
yolo12-3 0 3.362 0
yolo2-6 1 56.834 0.99
yolo2-7 1 56.834 0.99
yolo3-8 1 56.834 0.99
yolo4-1 1 56.834 0.99
yolo4-3 1 56.834 0.99
yolo4-4 1 56.834 0.99
yolo5-5 1 56.834 0.99
yolo5-7 1 56.834 0.99
yolo6-1 1 56.834 0.99
yolo6-3 1 56.834 0.99
yolo6-4 1 56.834 0.99
yolo6-5 1 56.834 0.99
yolo6-8 1 56.834 0.99
yolo7-1 1 56.834 0.99
yolo7-4 1 56.834 0.99
yolo8-1 1 56.834 0.99
yolo8-3 1 56.834 0.99
yolo9-5 1 56.834 0.99
Sum of bandwidth: 5087.4119999999975
Sum of weights: 12.858999999999995
Average accuracy: 0.7393607590014779
time: 0.029063701629638672
**time: 9
========Allocate Done=============
audio1-9 0.4 276.05100000000004 0.25
audio10-2 0.4 276.05100000000004 0.25
audio11-5 0.4 276.05100000000004 0.25
audio12-6 0.4 276.05100000000004 0.25
audio2-7 0.7472324025596271 514.8079999999995 0.42
audio3-4 0.4 276.05100000000004 0.25
audio4-0 0.4 276.05100000000004 0.25
audio4-4 0.4 276.05100000000004 0.25
audio4-5 0.4 276.05100000000004 0.25
audio6-4 0.5 344.81100000000004 0.3
audio7-3 0.45 310.43100000000004 0.27
audio8-5 0.4 276.05100000000004 0.25
audio9-6 0.4 276.05100000000004 0.25
yolo1-2 0 3.362 0
yolo10-0 0 3.362 0
yolo10-3 0 3.362 0
yolo10-7 0 3.362 0
yolo11-5 0 3.362 0
yolo11-7 0 3.362 0
yolo12-3 0 3.362 0
yolo2-6 1 56.834 0.99
yolo2-7 1 56.834 0.99
yolo3-8 1 56.834 0.99
yolo4-1 1 56.834 0.99
yolo4-3 1 56.834 0.99
yolo4-4 1 56.834 0.99
yolo5-5 1 56.834 0.99
yolo5-7 1 56.834 0.99
yolo6-1 1 56.834 0.99
yolo6-3 1 56.834 0.99
yolo6-4 1 56.834 0.99
yolo6-5 1 56.834 0.99
yolo6-8 1 56.834 0.99
yolo7-1 1 56.834 0.99
yolo7-4 1 56.834 0.99
yolo7-9 1 56.834 0.99
yolo8-1 1 56.834 0.99
yolo8-3 1 56.834 0.99
yolo9-5 1 56.834 0.99
yolo9-9 1 56.834 0.99
Sum of bandwidth: 5090.773999999997
Sum of weights: 13.304999999999994
Average accuracy: 0.7656264562194667
time: 0.06950688362121582
**time: 10
========Allocate Done=============
audio1-9 0.4 276.05100000000004 0.25
audio10-2 0.4 276.05100000000004 0.25
audio11-5 0.4 276.05100000000004 0.25
audio12-6 0.4 276.05100000000004 0.25
audio2-7 1 688.611 0.9
audio3-4 0.4 276.05100000000004 0.25
audio4-5 0.4 276.05100000000004 0.25
audio6-4 1 688.611 0.9
audio7-3 0.9521470622454923 655.7073200000004 0.9
audio9-6 0.4 276.05100000000004 0.25
yolo10-0 0.05 6.486280000000001 0.525
yolo10-3 0.05 6.486280000000001 0.525
yolo10-7 0.05 6.486280000000001 0.525
yolo11-5 0.05 6.486280000000001 0.525
yolo11-7 0.05 6.486280000000001 0.525
yolo12-3 0.05 6.486280000000001 0.525
yolo2-6 1 56.834 0.99
yolo2-7 1 56.834 0.99
yolo3-10 1 56.834 0.99
yolo3-8 1 56.834 0.99
yolo4-1 1 56.834 0.99
yolo4-3 1 56.834 0.99
yolo4-4 1 56.834 0.99
yolo5-10 1 56.834 0.99
yolo5-7 1 56.834 0.99
yolo6-5 1 56.834 0.99
yolo6-8 1 56.834 0.99
yolo7-1 1 56.834 0.99
yolo7-4 1 56.834 0.99
yolo7-9 1 56.834 0.99
yolo8-1 1 56.834 0.99
yolo8-10 1 56.834 0.99
yolo8-3 1 56.834 0.99
yolo9-5 1 56.834 0.99
yolo9-9 1 56.834 0.99
Sum of bandwidth: 5084.049999999997
Sum of weights: 14.266999999999992
Average accuracy: 0.8980093923039184
time: 0.014267444610595703
**time: 11
========Allocate Done=============
audio1-9 0.4 276.05100000000004 0.25
audio10-2 0.4 276.05100000000004 0.25
audio11-5 0.4 276.05100000000004 0.25
audio12-11 0.4 276.05100000000004 0.25
audio2-7 1 688.611 0.9
audio3-4 0.4 276.05100000000004 0.25
audio4-11 0.4 276.05100000000004 0.25
audio4-5 0.4 276.05100000000004 0.25
audio5-11 0.4 276.05100000000004 0.25
audio6-4 0.8047386852821439 554.3493200000021 0.57
audio7-3 0.5 344.81100000000004 0.3
audio9-6 0.4 276.05100000000004 0.25
yolo10-0 0.05 6.486280000000001 0.525
yolo10-3 0.05 6.486280000000001 0.525
yolo10-7 0.05 6.486280000000001 0.525
yolo11-5 0.05 6.486280000000001 0.525
yolo11-7 0.05 6.486280000000001 0.525
yolo12-3 0.05 6.486280000000001 0.525
yolo2-6 1 56.834 0.99
yolo2-7 1 56.834 0.99
yolo3-10 1 56.834 0.99
yolo3-8 1 56.834 0.99
yolo4-1 1 56.834 0.99
yolo4-11 1 56.834 0.99
yolo4-4 1 56.834 0.99
yolo5-10 1 56.834 0.99
yolo5-7 1 56.834 0.99
yolo6-5 1 56.834 0.99
yolo6-8 1 56.834 0.99
yolo7-1 1 56.834 0.99
yolo7-4 1 56.834 0.99
yolo7-9 1 56.834 0.99
yolo8-10 1 56.834 0.99
yolo8-3 1 56.834 0.99
yolo9-9 1 56.834 0.99
Sum of bandwidth: 5077.325999999999
Sum of weights: 12.756999999999996
Average accuracy: 0.8218162577408482
time: 0.021619796752929688
**time: 12
========Allocate Done=============
audio1-9 0.4 276.05100000000004 0.25
audio10-12 0.4 276.05100000000004 0.25
audio10-2 0.4 276.05100000000004 0.25
audio11-5 0.4 276.05100000000004 0.25
audio12-11 0.4 276.05100000000004 0.25
audio3-4 0.5461329842931955 376.53204000000125 0.31
audio4-11 0.4 276.05100000000004 0.25
audio4-5 0.4 276.05100000000004 0.25
audio5-11 0.4 276.05100000000004 0.25
audio6-4 1 688.611 0.9
audio7-3 1 688.611 0.9
yolo10-0 0.05 6.486280000000001 0.525
yolo10-7 0.05 6.486280000000001 0.525
yolo11-12 0.05 6.486280000000001 0.525
yolo11-5 0.05 6.486280000000001 0.525
yolo11-7 0.05 6.486280000000001 0.525
yolo12-12 0.05 6.486280000000001 0.525
yolo12-3 0.05 6.486280000000001 0.525
yolo2-12 1 56.834 0.99
yolo2-6 1 56.834 0.99
yolo2-7 1 56.834 0.99
yolo3-10 1 56.834 0.99
yolo3-8 1 56.834 0.99
yolo4-1 1 56.834 0.99
yolo4-11 1 56.834 0.99
yolo4-4 1 56.834 0.99
yolo5-10 1 56.834 0.99
yolo5-7 1 56.834 0.99
yolo6-5 1 56.834 0.99
yolo6-8 1 56.834 0.99
yolo7-1 1 56.834 0.99
yolo7-12 1 56.834 0.99
yolo7-4 1 56.834 0.99
yolo7-9 1 56.834 0.99
yolo8-10 1 56.834 0.99
yolo8-3 1 56.834 0.99
yolo9-9 1 56.834 0.99
Sum of bandwidth: 5087.411999999998
Sum of weights: 13.347
Average accuracy: 0.8923967932868809
time: 0.21179628372192383
**time: 13
========Allocate Done=============
audio10-12 0.4 276.05100000000004 0.25
audio10-2 0.4 276.05100000000004 0.25
audio11-13 0.4 276.05100000000004 0.25
audio11-5 0.4 276.05100000000004 0.25
audio12-11 0.4 276.05100000000004 0.25
audio3-13 0.4 276.05100000000004 0.25
audio3-4 0.4 276.05100000000004 0.25
audio4-11 0.4 276.05100000000004 0.25
audio4-5 0.4 276.05100000000004 0.25
audio5-11 0.4 276.05100000000004 0.25
audio6-13 0.5 344.81100000000004 0.3
audio6-4 0.5 344.81100000000004 0.3
audio7-13 0.5 344.81100000000004 0.3
audio7-3 0.5 344.81100000000004 0.3
yolo10-7 0.05 6.486280000000001 0.525
yolo11-12 0.022497174294995963 4.7736200000001965 0.525
yolo11-5 0 3.362 0
yolo11-7 0 3.362 0
yolo12-12 0 3.362 0
yolo12-3 0 3.362 0
yolo2-12 1 56.834 0.99
yolo2-6 1 56.834 0.99
yolo2-7 1 56.834 0.99
yolo3-10 1 56.834 0.99
yolo3-8 1 56.834 0.99
yolo4-1 1 56.834 0.99
yolo4-11 1 56.834 0.99
yolo5-10 1 56.834 0.99
yolo5-7 1 56.834 0.99
yolo6-8 1 56.834 0.99
yolo7-1 1 56.834 0.99
yolo7-12 1 56.834 0.99
yolo7-4 1 56.834 0.99
yolo8-10 1 56.834 0.99
yolo8-3 1 56.834 0.99
yolo9-9 1 56.834 0.99
audio1-edge-9 0.4 0.0527 0.25
audio11-edge-5 0.4 0.0527 0.25
audio7-edge-3 0.5 0.0527 0.3
Sum of bandwidth: 5073.963999999998
Sum of weights: 16.008
Average accuracy: 0.6851074462768615
time: 0.24841618537902832
**time: 14
========Allocate Done=============
audio10-12 0.4 276.05100000000004 0.25
audio10-2 0.4 276.05100000000004 0.25
audio11-13 0.4 276.05100000000004 0.25
audio11-5 0.4 276.05100000000004 0.25
audio12-11 0.4 276.05100000000004 0.25
audio2-14 0.4 276.05100000000004 0.25
audio3-13 0.4 276.05100000000004 0.25
audio4-11 0.4 276.05100000000004 0.25
audio4-5 0.4 276.05100000000004 0.25
audio5-11 0.305928388598022 211.36735999999993 0.2
audio6-13 0.4 276.05100000000004 0.25
audio6-4 0.4 276.05100000000004 0.25
audio7-13 0.4 276.05100000000004 0.25
audio7-3 0.4 276.05100000000004 0.25
audio8-14 0.4 276.05100000000004 0.25
audio9-14 0.4 276.05100000000004 0.25
yolo1-14 0 3.362 0
yolo10-7 0 3.362 0
yolo11-12 0 3.362 0
yolo11-5 0 3.362 0
yolo11-7 0 3.362 0
yolo12-12 0 3.362 0
yolo12-3 0 3.362 0
yolo2-12 1 56.834 0.99
yolo2-6 1 56.834 0.99
yolo2-7 1 56.834 0.99
yolo3-10 1 56.834 0.99
yolo4-11 0.65 40.27732 0.93
yolo5-7 0.39999999999999997 27.027919999999995 0.685
yolo6-14 1 56.834 0.99
yolo6-8 1 56.834 0.99
yolo7-12 1 56.834 0.99
yolo8-10 1 56.834 0.99
yolo8-3 1 56.834 0.99
yolo9-14 1 56.834 0.99
yolo9-9 1 56.834 0.99
audio11-edge-5 0.4 0.0527 0.25
audio7-edge-3 0.4 0.0527 0.25
Sum of bandwidth: 5068.250999999999
Sum of weights: 15.119999999999996
Average accuracy: 0.6297542989417991
time: 0.02453327178955078
**time: 15
========Allocate Done=============
audio10-12 0.4 276.05100000000004 0.25
audio10-15 0.4 276.05100000000004 0.25
audio11-13 0.4 276.05100000000004 0.25
audio12-11 0.4 276.05100000000004 0.25
audio12-15 0.4 276.05100000000004 0.25
audio2-14 0.45 310.43100000000004 0.27
audio3-13 0.4 276.05100000000004 0.25
audio4-11 0.4 276.05100000000004 0.25
audio4-15 0.4 276.05100000000004 0.25
audio5-15 0.4 276.05100000000004 0.25
audio6-13 0.43304581151832644 298.7733000000013 0.25
audio6-4 0.4 276.05100000000004 0.25
audio7-13 0.4 276.05100000000004 0.25
audio8-14 0.4 276.05100000000004 0.25
audio9-14 0.4 276.05100000000004 0.25
yolo1-14 0 3.362 0
yolo10-7 0 3.362 0
yolo11-12 0 3.362 0
yolo11-5 0 3.362 0
yolo12-12 0 3.362 0
yolo2-12 1 56.834 0.99
yolo2-6 1 56.834 0.99
yolo2-7 1 56.834 0.99
yolo3-10 1 56.834 0.99
yolo4-15 1 56.834 0.99
yolo5-15 1 56.834 0.99
yolo5-7 1 56.834 0.99
yolo6-14 1 56.834 0.99
yolo6-8 1 56.834 0.99
yolo7-12 1 56.834 0.99
yolo7-15 1 56.834 0.99
yolo8-10 1 56.834 0.99
yolo8-3 1 56.834 0.99
yolo9-14 1 56.834 0.99
yolo9-9 1 56.834 0.99
audio11-edge-5 0.4 0.0527 0.25
Sum of bandwidth: 5067.239999999999
Sum of weights: 14.012999999999996
Average accuracy: 0.696127167630058
time: 0.055768489837646484
**time: 16
========Allocate Done=============
audio10-12 0.4 276.05100000000004 0.25
audio10-15 0.4 276.05100000000004 0.25
audio11-16 0.4 276.05100000000004 0.25
audio12-15 0.4 276.05100000000004 0.25
audio2-14 0.6566733566026737 452.5395999999985 0.34
audio3-13 0.4 276.05100000000004 0.25
audio4-11 0.4 276.05100000000004 0.25
audio4-15 0.4 276.05100000000004 0.25
audio5-15 0.4 276.05100000000004 0.25
audio6-13 0.5 344.81100000000004 0.3
audio7-13 0.45 310.43100000000004 0.27
audio8-14 0.4 276.05100000000004 0.25
audio8-16 0.4 276.05100000000004 0.25
audio9-14 0.4 276.05100000000004 0.25
yolo1-14 0 3.362 0
yolo10-7 0 3.362 0
yolo11-12 0 3.362 0
yolo11-16 0 3.362 0
yolo12-12 0 3.362 0
yolo12-16 0 3.362 0
yolo2-12 1 56.834 0.99
yolo2-16 1 56.834 0.99
yolo2-7 1 56.834 0.99
yolo3-10 1 56.834 0.99
yolo3-16 1 56.834 0.99
yolo4-15 1 56.834 0.99
yolo5-15 1 56.834 0.99
yolo5-7 1 56.834 0.99
yolo6-14 1 56.834 0.99
yolo6-8 1 56.834 0.99
yolo7-12 1 56.834 0.99
yolo7-15 1 56.834 0.99
yolo8-10 1 56.834 0.99
yolo9-14 1 56.834 0.99
yolo9-16 1 56.834 0.99
yolo9-9 1 56.834 0.99
audio11-edge-5 0.4 0.0527 0.25
audio3-edge-13 0.4 0.0527 0.25
Sum of bandwidth: 5073.963999999997
Sum of weights: 14.041999999999994
Average accuracy: 0.7292358638370605
time: 0.019754886627197266
**time: 17
========Allocate Done=============
audio10-12 0.4 276.05100000000004 0.25
audio10-15 0.4 276.05100000000004 0.25
audio11-16 0.4 276.05100000000004 0.25
audio12-15 0.4 276.05100000000004 0.25
audio2-14 0.656749999999998 452.5922999999986 0.34
audio3-13 0.4 276.05100000000004 0.25
audio4-11 0.4 276.05100000000004 0.25
audio4-15 0.4 276.05100000000004 0.25
audio5-15 0.4 276.05100000000004 0.25
audio6-13 0.5 344.81100000000004 0.3
audio7-13 0.45 310.43100000000004 0.27
audio8-14 0.4 276.05100000000004 0.25
audio8-16 0.4 276.05100000000004 0.25
audio9-14 0.4 276.05100000000004 0.25
yolo1-14 0 3.362 0
yolo10-7 0 3.362 0
yolo11-12 0 3.362 0
yolo11-16 0 3.362 0
yolo12-12 0 3.362 0
yolo12-16 0 3.362 0
yolo2-12 1 56.834 0.99
yolo2-16 1 56.834 0.99
yolo2-7 1 56.834 0.99
yolo3-10 1 56.834 0.99
yolo3-16 1 56.834 0.99
yolo4-15 1 56.834 0.99
yolo5-15 1 56.834 0.99
yolo5-7 1 56.834 0.99
yolo6-14 1 56.834 0.99
yolo6-8 1 56.834 0.99
yolo7-12 1 56.834 0.99
yolo7-15 1 56.834 0.99
yolo8-10 1 56.834 0.99
yolo9-14 1 56.834 0.99
yolo9-16 1 56.834 0.99
yolo9-9 1 56.834 0.99
audio3-edge-13 0.4 0.0527 0.25
Sum of bandwidth: 5073.963999999997
Sum of weights: 13.845999999999995
Average accuracy: 0.7360197891087682
time: 0.017765522003173828
**time: 18
========Allocate Done=============
audio1-18 0.540081413612566 372.37098000000043 0.31
audio10-12 0.5 344.81100000000004 0.3
audio10-15 0.5 344.81100000000004 0.3
audio11-16 0.5 344.81100000000004 0.3
audio12-15 0.5 344.81100000000004 0.3
audio2-14 1 688.611 0.9
audio4-11 0.4 276.05100000000004 0.25
audio4-15 0.4 276.05100000000004 0.25
audio6-13 1 688.611 0.9
audio8-16 0.4 276.05100000000004 0.25
audio9-14 0.4 276.05100000000004 0.25
yolo1-18 0.35 24.23572 0.685
yolo10-18 0.35 24.23572 0.685
yolo11-12 0.35 24.23572 0.685
yolo11-16 0.35 24.23572 0.685
yolo12-12 0.35 24.23572 0.685
yolo12-16 0.35 24.23572 0.685
yolo2-16 1 56.834 0.99
yolo3-10 1 56.834 0.99
yolo3-16 1 56.834 0.99
yolo4-15 1 56.834 0.99
yolo5-15 1 56.834 0.99
yolo6-14 1 56.834 0.99
yolo6-8 1 56.834 0.99
yolo7-12 1 56.834 0.99
yolo7-15 1 56.834 0.99
yolo8-10 1 56.834 0.99
yolo9-14 1 56.834 0.99
yolo9-16 1 56.834 0.99
audio3-edge-13 1 0.0527 0.9
Sum of bandwidth: 5060.515999999997
Sum of weights: 10.085999999999997
Average accuracy: 0.8831588340273651
time: 0.15144014358520508
**time: 19
========Allocate Done=============
audio1-18 1 688.611 0.9
audio10-12 1 688.611 0.9
audio10-15 1 688.611 0.9
audio11-16 0.9444928155904615 650.4442600000013 0.84
audio4-11 0.4 276.05100000000004 0.25
audio4-15 0.4 276.05100000000004 0.25
audio5-19 0.4 276.05100000000004 0.25
audio8-16 0.4 276.05100000000004 0.25
audio8-19 0.4 276.05100000000004 0.25
audio9-14 0.4 276.05100000000004 0.25
yolo1-18 0.35 24.23572 0.685
yolo10-18 0.35 24.23572 0.685
yolo11-12 0.35 24.23572 0.685
yolo11-16 0.35 24.23572 0.685
yolo12-12 0.35 24.23572 0.685
yolo12-16 0.35 24.23572 0.685
yolo12-19 0.35 24.23572 0.685
yolo2-16 1 56.834 0.99
yolo3-16 1 56.834 0.99
yolo4-15 1 56.834 0.99
yolo5-15 1 56.834 0.99
yolo6-14 1 56.834 0.99
yolo6-8 1 56.834 0.99
yolo7-15 1 56.834 0.99
yolo9-14 1 56.834 0.99
yolo9-16 1 56.834 0.99
audio3-edge-13 1 0.0527 0.9
Sum of bandwidth: 5053.791999999999
Sum of weights: 5.800000000000001
Average accuracy: 0.9204844827586204
time: 0.17337799072265625
**time: 20
========Allocate Done=============
audio1-18 1 688.611 0.9
audio10-12 1 688.611 0.9
audio10-15 0.8071328388598001 555.9955399999985 0.57
audio11-16 0.55 379.1910000000001 0.31
audio4-11 0.4 276.05100000000004 0.25
audio4-15 0.4 276.05100000000004 0.25
audio4-20 0.4 276.05100000000004 0.25
audio5-19 0.4 276.05100000000004 0.25
audio8-16 0.4 276.05100000000004 0.25
audio8-19 0.4 276.05100000000004 0.25
audio9-14 0.4 276.05100000000004 0.25
yolo1-18 0.35 24.23572 0.685
yolo10-18 0.35 24.23572 0.685
yolo10-20 0.35 24.23572 0.685
yolo11-12 0.35 24.23572 0.685
yolo11-16 0.35 24.23572 0.685
yolo12-12 0.35 24.23572 0.685
yolo12-16 0.35 24.23572 0.685
yolo12-19 0.35 24.23572 0.685
yolo2-16 1 56.834 0.99
yolo3-16 1 56.834 0.99
yolo4-15 1 56.834 0.99
yolo4-20 1 56.834 0.99
yolo5-15 1 56.834 0.99
yolo6-14 1 56.834 0.99
yolo6-20 1 56.834 0.99
yolo6-8 1 56.834 0.99
yolo7-15 1 56.834 0.99
yolo9-14 1 56.834 0.99
yolo9-16 1 56.834 0.99
audio3-edge-13 1 0.0527 0.9
Sum of bandwidth: 5063.877999999994
Sum of weights: 6.170000000000001
Average accuracy: 0.893897893030794
time: 0.02050161361694336
**time: 21
========Allocate Done=============
audio1-18 0.4 276.05100000000004 0.25
audio10-12 0.4 276.05100000000004 0.25
audio10-15 0.4 276.05100000000004 0.25
audio11-16 0.4 276.05100000000004 0.25
audio12-21 0.4 276.05100000000004 0.25
audio2-21 1 688.611 0.9
audio4-11 0.4 276.05100000000004 0.25
audio4-15 0.4 276.05100000000004 0.25
audio4-20 0.4 276.05100000000004 0.25
audio5-19 0.4 276.05100000000004 0.25
audio6-21 0.5 344.81100000000004 0.3
audio8-16 0.4 276.05100000000004 0.25
audio8-19 0.4 276.05100000000004 0.25
audio9-14 0.4 276.05100000000004 0.25
yolo1-18 0.05 6.486280000000001 0.525
yolo1-21 0.05 6.486280000000001 0.525
yolo10-18 0.05 6.486280000000001 0.525
yolo10-20 0.04600606580634136 6.2384600000000585 0.525
yolo11-12 0 3.362 0
yolo11-16 0 3.362 0
yolo12-12 0 3.362 0
yolo12-16 0 3.362 0
yolo12-19 0 3.362 0
yolo2-16 1 56.834 0.99
yolo3-16 1 56.834 0.99
yolo4-15 1 56.834 0.99
yolo4-20 1 56.834 0.99
yolo5-15 1 56.834 0.99
yolo6-14 1 56.834 0.99
yolo6-20 1 56.834 0.99
yolo6-8 1 56.834 0.99
yolo7-15 1 56.834 0.99
yolo8-21 1 56.834 0.99
yolo9-14 1 56.834 0.99
yolo9-16 1 56.834 0.99
audio3-edge-13 0.4 0.0527 0.25
Sum of bandwidth: 5070.601999999999
Sum of weights: 9.184
Average accuracy: 0.7574118031358885
time: 0.10620880126953125
**time: 22
========Allocate Done=============
audio1-18 0.4 276.05100000000004 0.25
audio10-12 0.4 276.05100000000004 0.25
audio10-15 0.4 276.05100000000004 0.25
audio11-16 0.4 276.05100000000004 0.25
audio11-22 0.4 276.05100000000004 0.25
audio12-21 0.4 276.05100000000004 0.25
audio2-21 1 688.611 0.9
audio3-22 0.4 276.05100000000004 0.25
audio4-20 0.4 276.05100000000004 0.25
audio5-19 0.4 276.05100000000004 0.25
audio6-21 0.5546869982548005 382.4137800000009 0.31
audio8-16 0.4 276.05100000000004 0.25
audio8-19 0.4 276.05100000000004 0.25
audio9-14 0.4 276.05100000000004 0.25
yolo1-18 0.05 6.486280000000001 0.525
yolo1-21 0.05 6.486280000000001 0.525
yolo10-18 0.05 6.486280000000001 0.525
yolo10-20 0.05 6.486280000000001 0.525
yolo11-12 0.05 6.486280000000001 0.525
yolo11-16 0.05 6.486280000000001 0.525
yolo12-12 0.05 6.486280000000001 0.525
yolo12-16 0.05 6.486280000000001 0.525
yolo12-19 0.05 6.486280000000001 0.525
yolo2-16 1 56.834 0.99
yolo2-22 1 56.834 0.99
yolo3-16 1 56.834 0.99
yolo4-15 1 56.834 0.99
yolo4-20 1 56.834 0.99
yolo5-22 1 56.834 0.99
yolo6-20 1 56.834 0.99
yolo7-22 1 56.834 0.99
yolo8-21 1 56.834 0.99
yolo9-14 1 56.834 0.99
yolo9-16 1 56.834 0.99
audio3-edge-13 0.4 0.0527 0.25
Sum of bandwidth: 5067.24
Sum of weights: 10.293999999999997
Average accuracy: 0.7357140081600934
time: 0.08932113647460938
**time: 23
========Allocate Done=============
audio1-18 0.4 276.05100000000004 0.25
audio10-12 0.4 276.05100000000004 0.25
audio10-15 0.4 276.05100000000004 0.25
audio11-16 0.4 276.05100000000004 0.25
audio11-22 0.4 276.05100000000004 0.25
audio12-21 0.4 276.05100000000004 0.25
audio2-21 0.6441870273414797 443.9540000000015 0.34
audio3-22 0.4 276.05100000000004 0.25
audio4-20 0.4 276.05100000000004 0.25
audio5-19 0.4 276.05100000000004 0.25
audio6-21 0.5 344.81100000000004 0.3
audio7-23 0.45 310.43100000000004 0.27
audio8-16 0.4 276.05100000000004 0.25
audio8-19 0.4 276.05100000000004 0.25
audio9-14 0.4 276.05100000000004 0.25
yolo1-18 0 3.362 0
yolo1-21 0 3.362 0
yolo10-18 0 3.362 0
yolo10-20 0 3.362 0
yolo11-12 0 3.362 0
yolo11-16 0 3.362 0
yolo11-23 0 3.362 0
yolo12-12 0 3.362 0
yolo12-16 0 3.362 0
yolo12-19 0 3.362 0
yolo2-16 1 56.834 0.99
yolo2-22 1 56.834 0.99
yolo3-16 1 56.834 0.99
yolo3-23 1 56.834 0.99
yolo4-20 1 56.834 0.99
yolo5-22 1 56.834 0.99
yolo6-20 1 56.834 0.99
yolo7-22 1 56.834 0.99
yolo8-21 1 56.834 0.99
yolo9-14 1 56.834 0.99
yolo9-16 1 56.834 0.99
Sum of bandwidth: 5070.602000000001
Sum of weights: 11.370999999999993
Average accuracy: 0.6904089350101137
time: 0.019803524017333984
**time: 24
========Allocate Done=============
audio10-15 0.4 276.05100000000004 0.25
audio11-16 0.4 276.05100000000004 0.25
audio11-22 0.4 276.05100000000004 0.25
audio12-21 0.4 276.05100000000004 0.25
audio2-21 1 688.611 0.9
audio3-22 0.4 276.05100000000004 0.25
audio4-20 0.4 276.05100000000004 0.25
audio5-19 0.4 276.05100000000004 0.25
audio6-21 1 688.611 0.9
audio7-23 0.675317771960441 465.35949999999923 0.34
audio8-16 0.4 276.05100000000004 0.25
audio8-19 0.4 276.05100000000004 0.25
yolo1-18 0.05 6.486280000000001 0.525
yolo1-21 0.05 6.486280000000001 0.525
yolo10-18 0.05 6.486280000000001 0.525
yolo10-20 0.05 6.486280000000001 0.525
yolo11-16 0.05 6.486280000000001 0.525
yolo11-23 0.05 6.486280000000001 0.525
yolo11-24 0.05 6.486280000000001 0.525
yolo12-16 0.05 6.486280000000001 0.525
yolo12-19 0.05 6.486280000000001 0.525
yolo12-24 0.05 6.486280000000001 0.525
yolo2-22 1 56.834 0.99
yolo2-24 1 56.834 0.99
yolo3-16 1 56.834 0.99
yolo3-23 1 56.834 0.99
yolo4-20 1 56.834 0.99
yolo5-22 1 56.834 0.99
yolo6-20 1 56.834 0.99
yolo7-22 1 56.834 0.99
yolo8-21 1 56.834 0.99
yolo8-24 1 56.834 0.99
yolo9-14 1 56.834 0.99
yolo9-16 1 56.834 0.99
audio1-edge-18 0.4 0.0527 0.25
Sum of bandwidth: 5073.963999999998
Sum of weights: 12.05499999999999
Average accuracy: 0.8202140190792209
time: 0.06594181060791016
**time: 25
========Allocate Done=============
audio11-22 0.613014572425831 422.51982000000146 0.32
audio12-21 0.55 379.1910000000001 0.31
audio2-21 1 688.611 0.9
audio3-22 1 688.611 0.9
audio4-20 0.4 276.05100000000004 0.25
audio5-19 0.4 276.05100000000004 0.25
audio6-21 1 688.611 0.9
audio7-23 1 688.611 0.9
audio8-19 0.4 276.05100000000004 0.25
yolo1-18 0.35 24.23572 0.685
yolo1-21 0.35 24.23572 0.685
yolo10-18 0.35 24.23572 0.685
yolo10-20 0.35 24.23572 0.685
yolo11-16 0.35 24.23572 0.685
yolo11-23 0.35 24.23572 0.685
yolo11-24 0.35 24.23572 0.685
yolo12-16 0.35 24.23572 0.685
yolo12-24 0.35 24.23572 0.685
yolo2-22 1 56.834 0.99
yolo2-24 1 56.834 0.99
yolo3-23 1 56.834 0.99
yolo5-22 1 56.834 0.99
yolo6-20 1 56.834 0.99
yolo7-22 1 56.834 0.99
yolo8-21 1 56.834 0.99
yolo8-24 1 56.834 0.99
audio1-edge-18 0.55 0.0527 0.31
Sum of bandwidth: 5057.153999999998
Sum of weights: 9.428999999999998
Average accuracy: 0.9047650864354655
time: 0.008818626403808594
