time: 0
  Time         enp0s25      
HH:MM:SS   Kbps in  Kbps out
18:09:04    680.88     47.00
18:09:07    606.90     11.99
18:09:10    139.80      7.01
18:09:13    603.30     13.98
18:09:16    563.96     14.78
18:09:19    449.04     16.75
18:09:22   3124.81     46.18
18:09:25    897.78    177.89
18:09:28   1599.83     21.50
18:09:31   2112.27     23.50
18:09:34   3658.87     54.93
18:09:37    461.68      7.22
18:09:40   2105.48     35.14
18:09:43   2198.22     26.20
18:09:46    147.87     14.22
18:09:49   2145.51     25.29
18:09:52   1475.15     18.76
18:09:55   1085.24     20.78
18:09:58   1655.94     26.51
Connection to 192.168.1.102 closed.
time: 1
  Time         enp0s25      
HH:MM:SS   Kbps in  Kbps out
18:10:04    600.17     12.83
18:10:07   2019.09     62.77
18:10:10   2178.52     40.32
18:10:13   1862.03     22.19
18:10:16    732.29     19.04
18:10:19   1571.71     18.67
18:10:22    609.36     20.54
18:10:25   1666.56     21.96
18:10:28   2432.01     38.78
18:10:31   2050.10     26.60
18:10:34    471.49      5.98
18:10:37   1544.37     33.04
18:10:40   2181.91     23.01
18:10:43    454.09      5.71
18:10:46   2084.77     30.29
18:10:49   1037.33     21.20
18:10:52    987.24     10.33
18:10:55   1865.74     25.75
18:10:58   4032.50     49.77
Connection to 192.168.1.102 closed.
time: 2
  Time         enp0s25      
HH:MM:SS   Kbps in  Kbps out
18:11:04    968.13     28.80
18:11:07   2185.74     60.61
18:11:10   2205.02     31.35
18:11:13    436.71      5.23
18:11:16   1668.50     28.41
18:11:19   2095.83     29.24
18:11:22    473.55     11.22
18:11:25   2100.09     31.64
18:11:28   1680.78     31.33
18:11:31    604.22      6.71
18:11:34   2177.51     22.44
18:11:37   1100.49     20.99
18:11:40   1568.98     26.66
18:11:43   2031.53     23.15
18:11:46   2040.07     31.05
18:11:49   2173.17     32.73
18:11:52    678.73     17.42
18:11:55   2464.44     19.82
18:11:58   1957.65     25.97
Connection to 192.168.1.102 closed.
time: 3
  Time         enp0s25      
HH:MM:SS   Kbps in  Kbps out
18:12:04   1672.16     58.54
18:12:07   2265.86     31.53
18:12:10    434.94     11.06
18:12:13   2001.28     24.59
18:12:16   1887.46     30.91
18:12:19   1766.69     28.26
18:12:22    440.07      7.09
18:12:25   2009.73     34.16
18:12:28   2050.38     27.73
18:12:31    427.03    175.95
18:12:34   1692.48    191.37
18:12:37   2010.15    190.77
18:12:40    538.88    158.63
18:12:43   1691.18     19.78
18:12:46   1622.70     33.12
18:12:49   2042.09    369.17
18:12:52   1473.84    191.93
18:12:55   2774.89     33.04
18:12:58   1807.71    187.40
Connection to 192.168.1.102 closed.
time: 4
  Time         enp0s25      
HH:MM:SS   Kbps in  Kbps out
18:13:04   2143.31    196.99
18:13:07   2069.45     59.76
18:13:10    117.13    342.26
18:13:13   1917.61    352.95
18:13:16   2191.40    287.92
18:13:19    451.16      8.72
18:13:22   1697.50    192.55
18:13:25   2421.99    197.14
18:13:28    428.42    171.38
18:13:31   2089.05     30.05
18:13:34   1659.94    185.99
18:13:37   2126.75   1252.33
18:13:40    466.94    833.02
18:13:43   2132.44    847.93
18:13:46   2126.39     25.53
18:13:49    112.05    831.47
18:13:52   1321.35   1233.49
18:13:55   1865.06    858.95
18:13:58   1968.76     28.93
Connection to 192.168.1.102 closed.
time: 5
  Time         enp0s25      
HH:MM:SS   Kbps in  Kbps out
18:14:04   1132.21    901.18
18:14:07   2177.84    884.20
18:14:10   2087.58     55.71
18:14:13  38560.62   1936.23
18:14:16  86475.19   2572.82
18:14:19  87060.99   2124.08
18:14:22  90687.89   1972.52
18:14:25  86232.41   2616.39
18:14:28  93315.94   2296.30
18:14:31  79116.42   1654.97
18:14:34  90710.12   2611.90
18:14:37  80707.35   2808.34
18:14:40  98715.35   2474.66
18:14:43  82191.92   2188.44
18:14:46  76333.97   2092.69
18:14:49  88870.89   2251.94
18:14:52  97440.44   2570.88
18:14:55  97846.63   2122.05
18:14:58  95905.60   2697.69
Connection to 192.168.1.102 closed.
time: 6
  Time         enp0s25      
HH:MM:SS   Kbps in  Kbps out
18:15:05  88669.01   2302.33
18:15:08  93585.62   2273.38
18:15:11  97190.64   2338.15
18:15:14  95981.01   2549.83
18:15:17  87252.37   2362.04
18:15:20  83750.64   2926.28
18:15:23  96619.03   2530.55
18:15:26  91549.63   2479.82
18:15:29  88049.34   2319.74
18:15:32  95277.56   2482.93
18:15:35  97416.03   2719.58
18:15:38  72784.03   3613.33
18:15:41  90567.20   2978.06
18:15:44  92465.57   2237.38
18:15:47  91004.11   2634.57
18:15:50  88026.82   3932.24
18:15:53  88136.68   2640.04
18:15:56  83362.45   1912.81
18:15:59  76022.89   2650.59
Connection to 192.168.1.102 closed.
time: 7
  Time         enp0s25      
HH:MM:SS   Kbps in  Kbps out
18:16:05  68842.33   3390.03
18:16:08  63610.66   1792.39
18:16:11  72991.47   2751.61
18:16:14  68035.46   2123.23
18:16:17  51848.25   1986.45
18:16:20  55693.18   4007.38
18:16:23  38741.98   3405.90
18:16:26  66238.49   2647.74
18:16:29  74935.16   2320.40
18:16:32  73440.47   4568.60
18:16:35  45937.77   2448.76
18:16:38  55928.07   2198.57
18:16:41  55844.34   1906.18
18:16:44  75842.51   2489.88
18:16:47  56020.28   4941.07
18:16:50  59946.65   4638.17
18:16:53  67944.56   2855.62
18:16:56  60870.05   1792.17
18:16:59  48073.95   4393.68
Connection to 192.168.1.102 closed.
time: 8
  Time         enp0s25      
HH:MM:SS   Kbps in  Kbps out
18:17:07  42057.80   3440.07
18:17:10  46461.23   2107.28
18:17:13  33696.78   4396.16
18:17:16  43187.50   4890.24
18:17:19  45107.20   1804.85
18:17:22  57300.01   2496.06
18:17:25  37880.79   4860.13
18:17:28  47351.04   4742.92
18:17:31  55854.08   3304.34
18:17:34  35546.79   2223.15
18:17:37  43483.79   4892.08
18:17:40  54625.95   3917.13
18:17:43  27449.06   2575.07
18:17:46   2069.81   2194.12
18:17:49    599.04   4657.04
18:17:52   1814.52   2402.01
18:17:55   2108.04   1392.21
18:17:58    905.85   1157.74
18:18:01   2096.19   4416.33
Connection to 192.168.1.102 closed.
time: 9
  Time         enp0s25      
HH:MM:SS   Kbps in  Kbps out
18:18:05   2230.42   4119.71
18:18:08   1847.26   2805.59
18:18:11    458.01   1314.86
18:18:14   8457.58   3640.17
18:18:17  66939.59   4153.75
18:18:20  63384.28   4747.52
18:18:23  70922.72   4984.44
18:18:26  65842.89   4938.94
18:18:29  67128.03   4952.18
18:18:32  74776.59   4742.38
18:18:35  65160.53   4437.94
18:18:38  77116.82   2494.65
18:18:41  84438.20   2627.70
18:18:44  73546.75   4483.91
18:18:47  91160.06   3055.06
18:18:50  66942.65   3396.08
18:18:53  78221.49   3887.72
18:18:56  70695.30   2695.29
18:18:59  73958.66   4325.70
Connection to 192.168.1.102 closed.
time: 10
  Time         enp0s25      
HH:MM:SS   Kbps in  Kbps out
18:19:05  57552.73   3751.97
18:19:08  59707.84   2284.52
18:19:11  77862.22   2108.18
18:19:14  74401.92   4180.08
18:19:17  70574.10   2970.49
18:19:20  52656.79   1147.01
18:19:23  69451.06   4825.52
18:19:26  86968.60   2982.02
18:19:29  70494.23   1756.43
18:19:32  48802.32   4827.31
18:19:35  82427.88   1987.50
18:19:38  77081.73   2700.75
18:19:41  63923.88   4943.17
18:19:44  66358.01   1420.32
18:19:47  49374.29   3683.19
18:19:50  62442.63   2570.81
18:19:53  70864.80   3166.42
18:19:56  49929.47   3395.77
18:19:59  46102.60   1540.69
Connection to 192.168.1.102 closed.
time: 11
  Time         enp0s25      
HH:MM:SS   Kbps in  Kbps out
18:21:02   2312.85   1406.64
18:21:05    796.30    128.68
18:21:08   1398.69   4659.27
18:21:11   2187.31   1079.19
18:21:14   2626.47   1424.99
18:21:17    557.31   4076.06
18:21:20   2097.39    346.19
18:21:23   1811.41   1812.48
18:21:26    980.43   3951.32
18:21:29   2230.61    198.02
18:21:32    784.46   2091.99
18:21:35   1916.01   3114.86
18:21:38   1706.33    231.09
18:21:41   2138.18   3053.25
18:21:44   1471.94    319.38
18:21:47   1930.86   2095.13
18:21:50   2932.23   1486.92
18:21:53   2487.26    669.14
18:21:56    565.54   2744.23
Connection to 192.168.1.102 closed.
time: 12
  Time         enp0s25      
HH:MM:SS   Kbps in  Kbps out
18:22:01    587.71     37.20
18:22:04   2225.46   3346.31
18:22:07   1827.74    244.96
18:22:10    944.74    369.02
18:22:13   1986.93   3043.83
18:22:16   2169.35    235.57
18:22:19   1854.97    884.76
18:22:22  74895.70   4328.61
18:22:25  98557.23   2150.50
18:22:28  93584.01   2822.77
18:22:31  80999.34   4348.85
18:22:34  98768.23   2296.55
18:22:37  84272.85   4240.87
18:22:40  96302.31   2559.56
18:22:43  87310.69   3719.42
18:22:46  95373.76   3042.93
18:22:49  97909.62   1967.71
18:22:52  84707.15   4609.44
18:22:55  58354.17   1360.05
Connection to 192.168.1.102 closed.
time: 13
  Time         enp0s25      
HH:MM:SS   Kbps in  Kbps out
18:23:02  54247.18   2852.22
18:23:05  57793.98   1166.58
18:23:08  78098.86   3491.03
18:23:11  83809.29   2727.60
18:23:14  68974.92   1626.52
18:23:17  67870.14   3301.60
18:23:20  55960.97   2082.32
18:23:23  70020.92   1642.78
18:23:26  61705.37   3624.42
18:23:29  75649.55   2181.80
18:23:32  80315.69   2464.73
18:23:35  78561.96   3813.76
18:23:38  71772.34   1685.58
18:23:41  65433.01   4161.61
18:23:44  60727.78   1299.81
18:23:47  54935.37   2777.53
18:23:50  46851.40   1953.38
18:23:53  25052.18    509.11
18:23:56  36410.19   3049.66
Connection to 192.168.1.102 closed.
time: 14
  Time         enp0s25      
HH:MM:SS   Kbps in  Kbps out
18:24:01   8741.85    327.29
18:24:04   2066.74   1964.52
18:24:07    562.77    560.30
18:24:10   1959.93    205.40
18:24:13   2524.97   2114.48
18:24:16   1321.62    600.52
18:24:19   1471.16     21.58
18:24:22   1130.89   2467.26
18:24:25   2265.14    229.34
18:24:28   1671.05    561.44
18:24:31   1928.66   1906.99
18:24:34   2028.10     31.22
18:24:37   1933.92   2126.84
18:24:40   2586.42    150.40
18:24:43   2736.09   1636.47
18:24:46    468.81    496.96
18:24:49   1772.85    148.70
18:24:52   2126.83   1998.99
18:24:55   2554.59    246.90
Connection to 192.168.1.102 closed.
time: 15
  Time         enp0s25      
HH:MM:SS   Kbps in  Kbps out
18:25:01   1853.92   2083.45
18:25:04   2134.14    149.76
18:25:07    528.13     60.13
18:25:10   2292.99   2055.99
18:25:13   2127.71    206.94
18:25:16    580.56    148.28
18:25:19   1601.65   1591.37
18:25:22   1796.42    532.58
18:25:25   2115.48    555.82
18:25:28   1174.76   1699.86
18:25:31   2188.42    169.03
18:25:34   2072.81   2011.69
18:25:37   2715.15    168.72
18:25:40   2048.07    938.52
18:25:43    768.54    926.15
18:25:46   2606.65     54.20
18:25:49   2039.79    923.17
18:25:52   1942.90    938.59
18:25:55    601.20    122.67
Connection to 192.168.1.102 closed.
time: 16
  Time         enp0s25      
HH:MM:SS   Kbps in  Kbps out
18:26:01   2227.25    119.66
18:26:04    481.88    135.02
18:26:07   2405.83   1727.54
18:26:10   2237.34    189.65
18:26:13    933.27     86.37
18:26:16   1359.40   1674.69
18:26:19   1684.58    179.86
18:26:22   2480.32   1273.92
18:26:25   2084.29   1072.31
18:26:28   1600.89   2012.26
18:26:31   3511.48   2474.42
18:26:34    624.10   2055.34
18:26:37   2315.84   2356.43
18:26:40   2164.23   1302.42
18:26:43    489.59    107.45
18:26:46   2332.62   1850.61
18:26:49   2285.71   1815.12
18:26:52    531.77    257.98
18:26:55   2315.53   2685.02
Connection to 192.168.1.102 closed.
time: 17
  Time         enp0s25      
HH:MM:SS   Kbps in  Kbps out
18:27:00    218.22    295.12
18:27:03   2493.14   1548.49
18:27:06   2258.53   3171.60
18:27:09    605.74   2008.49
18:27:12   1348.38   4154.93
18:27:15   1999.03   4674.18
18:27:18   1606.34   2277.22
18:27:21   1123.97   1992.92
18:27:24   1646.70   4087.89
18:27:27   2482.13   4687.04
18:27:30   2239.29   3591.17
18:27:33    766.16   2402.80
18:27:36   4438.61   4606.73
18:27:39    643.33   4567.73
18:27:42   1763.47   2414.30
18:27:45   2128.37   2563.55
18:27:48    993.97   4666.55
18:27:51   1819.54   4408.11
18:27:54   2172.83   2408.41
Connection to 192.168.1.102 closed.
time: 18
  Time         enp0s25      
HH:MM:SS   Kbps in  Kbps out
18:28:02   2890.73   4689.05
18:28:05    701.00   3666.01
18:28:08   2174.12   1459.63
18:28:11   1758.91   4025.78
18:28:14   1078.58   4669.80
18:28:18   2197.83   4673.87
18:28:21   1385.33   4683.67
18:28:24   1988.88   4672.64
18:28:27   1129.21   4673.76
18:28:30   4356.03   4695.06
18:28:33    929.16   4660.29
18:28:36   1784.64   4678.91
18:28:39   2760.84   4677.43
18:28:42   1721.23   4674.64
18:28:45    983.17   4666.83
18:28:48   1677.77   4666.76
18:28:51   1290.37   4675.51
18:28:54   1913.97   4673.42
18:28:57   1693.48   4680.31
Connection to 192.168.1.102 closed.
time: 19
  Time         enp0s25      
HH:MM:SS   Kbps in  Kbps out
18:29:03    638.41   4662.14
18:29:06   2159.07   4693.93
18:29:09   2724.88   4685.57
18:29:12    386.42   4652.71
18:29:15   2273.02   4682.15
18:29:18   1647.21   4681.53
18:29:21   1377.83   4674.25
18:29:24   1885.68   4677.53
18:29:27   2026.23   4667.28
18:29:30   2914.13   4685.06
18:29:33    562.99   4661.47
18:29:36   1989.03   4681.67
18:29:39   2786.26   4681.63
18:29:42    254.42   4656.15
18:29:45   2437.89   4677.88
18:29:48   1871.03   4669.63
18:29:51   1449.83   4670.63
18:29:54   1503.38   4678.22
18:29:57   4370.61   4691.36
Connection to 192.168.1.102 closed.
time: 20
  Time         enp0s25      
HH:MM:SS   Kbps in  Kbps out
18:30:02   2117.85   4675.13
18:30:05   2204.64   4683.26
18:30:08   2590.65   4688.84
18:30:11    965.99   4663.14
18:30:14   1344.71   4686.45
18:30:17   1652.28   4684.13
18:30:20   1937.23   4675.65
18:30:23   2559.93   4677.87
18:30:26   2048.36   4686.44
18:30:29    972.78   4134.48
18:30:32   2460.75   4331.13
18:30:35   2274.26   2967.45
18:30:38    374.34   3788.53
18:30:41   1946.19   1852.19
18:30:44   1818.24   3695.96
18:30:47   1276.90   2524.34
18:30:50   1589.09   2424.78
18:30:53   3933.72   3502.26
18:30:56   2209.01   1880.21
Connection to 192.168.1.102 closed.
time: 21
  Time         enp0s25      
HH:MM:SS   Kbps in  Kbps out
18:31:01   2245.46   1659.30
18:31:04   1636.86   3515.91
18:31:07   1400.15   1184.43
18:31:10   1275.22   2516.30
18:31:13   2468.63   2852.09
18:31:16   2038.67   2063.98
18:31:19   3228.85   1636.32
18:31:22   1951.44   3442.96
18:31:25    908.25   2633.04
18:31:28   2409.59   3390.81
18:31:31   2174.14   2719.04
18:31:34    274.03   2663.86
18:31:37   1704.57   2640.79
18:31:40   2222.11   3605.19
18:31:43   1887.07   2350.54
18:31:46   3139.28   3475.20
18:31:49   2065.85   2911.79
18:31:52   2267.68   2215.97
18:31:55    512.29   3000.14
Connection to 192.168.1.102 closed.
time: 22
  Time         enp0s25      
HH:MM:SS   Kbps in  Kbps out
18:32:02   1259.11   3788.24
18:32:05   2008.90   2147.70
18:32:08   2075.59   2613.92
18:32:11   3461.63   3960.12
18:32:14    157.04   2940.83
18:32:17   2507.83   3577.28
18:32:20   2215.68   3517.63
18:32:23   2115.63   2482.31
18:32:26    468.39   3246.74
18:32:29   1779.42   3314.49
18:32:32   2472.24   2916.57
18:32:35   1858.70   2932.29
18:32:38   3140.48   4193.81
18:32:41   2441.30   2113.53
18:32:44    549.69   1232.97
18:32:47   2220.76   2804.96
18:32:50   1750.03   1835.07
18:32:53   1079.59   2465.29
18:32:56   1410.68   1372.88
Connection to 192.168.1.102 closed.
time: 23
  Time         enp0s25      
HH:MM:SS   Kbps in  Kbps out
18:33:02   1556.53   1718.27
18:33:05   2032.25   2578.80
18:33:08   2092.66   1855.71
18:33:11    308.41   1308.07
18:33:14   2196.90   3205.97
18:33:17   2372.88   2307.06
18:33:20   2260.54   2176.21
18:33:23    170.93   1931.17
18:33:26   1667.66   3101.39
18:33:29   2114.21   1950.12
18:33:32   1665.29   2036.32
18:33:35   3398.71   3420.88
18:33:38   2100.96   3025.16
18:33:41    647.17   2843.87
18:33:44   2341.13   1684.45
18:33:47   1753.01   2057.90
18:33:50    679.81   3078.14
18:33:53   1840.78   2184.90
18:33:56   2118.76   1619.54
Connection to 192.168.1.102 closed.
time: 24
  Time         enp0s25      
HH:MM:SS   Kbps in  Kbps out
18:34:02    594.63   2126.26
18:34:05   2083.10   2845.58
18:34:08   2262.57   1860.73
18:34:11    478.68   2197.42
18:34:14   1737.68   2111.79
18:34:17   2146.95   2208.59
18:34:20    509.44   1177.52
18:34:23   1683.26   2881.15
18:34:26   2423.86   2268.62
18:34:29   1134.29   1973.97
18:34:32   1496.80    912.79
18:34:35    823.87   3041.42
18:34:38   2023.58   1616.04
18:34:41   2087.83   2101.74
18:34:44   2062.74   1520.57
18:34:47   1809.03   2838.53
18:34:50   1365.01   2308.05
18:34:53   2163.47   2131.97
18:34:56   4137.41   4287.54
Connection to 192.168.1.102 closed.
time: 25
  Time         enp0s25      
HH:MM:SS   Kbps in  Kbps out
18:35:02   2221.52   2829.13
18:35:05   2519.29   2617.05
18:35:08    693.82   4027.06
18:35:11   2022.90   2129.16
18:35:14   2135.03   3163.30
18:35:17    769.96   2320.34
18:35:20   2025.06   4676.48
18:35:23   2307.40   4674.23
18:35:26   1882.27   3199.06
18:35:29    609.40   2826.82
18:35:32   2220.62   4675.18
18:35:35   2524.14   3566.40
18:35:38    192.35   2042.70
18:35:41   2239.71   1678.41
18:35:44   2508.14   2557.70
18:35:47    489.67   4186.75
18:35:50   1929.55   1676.29
18:35:53   2173.08   1672.52
18:35:56   1380.12    531.67
Connection to 192.168.1.102 closed.
