time: 0
  Time         enp0s25      
HH:MM:SS   Kbps in  Kbps out
19:50:12    550.83     38.07
19:50:15    438.06      7.68
19:50:18    448.40     12.33
19:50:21   1009.27     32.96
19:50:24   2664.38     40.41
19:50:27    925.53    189.54
19:50:30   1509.44     16.02
19:50:33   1571.35   1500.19
19:50:36   4043.92   1828.31
19:50:39    450.95    506.22
19:50:42   1926.56    979.87
19:50:45   1827.36   2161.13
19:50:48    636.35    684.19
19:50:51   1897.56   1675.92
19:50:54   1655.53   1959.13
19:50:57    617.47    690.72
19:51:00   1719.17   2629.13
19:51:03   2521.20   2636.98
19:51:06   2091.79    804.10
Connection to 192.168.1.102 closed.
time: 1
  Time         enp0s25      
HH:MM:SS   Kbps in  Kbps out
19:51:12   2287.77   2666.59
19:51:15   2417.01   1384.90
19:51:18    572.09   1623.04
19:51:21   1695.10   2618.68
19:51:24   1061.10   2051.25
19:51:27   1648.61   4049.23
19:51:30   1742.04   3351.22
19:51:33   3593.15   3622.80
19:51:36    649.01   3867.31
19:51:39   2363.25   3472.99
19:51:42   2234.55   2651.19
19:51:45   1663.05   1431.84
19:51:48    522.85   3242.70
19:51:51   1864.56   2901.34
19:51:54   1680.27   2754.87
19:51:57   1760.08   3237.25
19:52:00   3307.65   4618.24
19:52:03   2224.04   1782.39
19:52:06    635.15   3853.51
Connection to 192.168.1.102 closed.
time: 2
  Time         enp0s25      
HH:MM:SS   Kbps in  Kbps out
19:52:12   2189.77   2964.33
19:52:15    726.44   3250.86
19:52:18   1735.51   4097.64
19:52:21   1533.27   3923.15
19:52:24   4143.83   3460.41
19:52:27    937.87   4661.27
19:52:30   2006.94   4673.05
19:52:33   2157.74   4682.36
19:52:36    613.32   4654.65
19:52:39   2342.22   4676.76
19:52:42   2063.09   2633.69
19:52:45     99.90   1013.28
19:52:48   2136.22   1040.05
19:52:51   2465.59   2241.43
19:52:54    733.04   2829.93
19:52:57   1542.92   1034.31
19:53:00   2010.62   1032.16
19:53:03   2134.78   1015.88
19:53:06    461.70      9.00
Connection to 192.168.1.102 closed.
time: 3
  Time         enp0s25      
HH:MM:SS   Kbps in  Kbps out
19:53:12   2142.78   1900.38
19:53:15   1996.54   1024.33
19:53:18   2051.97     31.85
19:53:21   1096.73   1127.70
19:53:24   2009.88   4680.75
19:53:27   2137.76   1283.02
19:53:30   2100.72     29.57
19:53:33   1693.48   1031.88
19:53:36   1959.17   2796.96
19:53:39   2590.96   3290.70
19:53:42   2029.59   1021.10
19:53:45    456.72      5.16
19:53:48   1670.58   1024.35
19:53:51   2078.23   1892.41
19:53:54    693.88   4659.10
19:53:57   2096.08    496.57
19:54:00   2029.75   1018.58
19:54:03    259.05   1010.73
19:54:06   2318.91   1021.61
Connection to 192.168.1.102 closed.
time: 4
  Time         enp0s25      
HH:MM:SS   Kbps in  Kbps out
19:54:12    934.56   4186.84
19:54:15   1463.15   1024.60
19:54:18   2033.49   1025.95
19:54:21   2128.84   1033.51
19:54:24    412.51    992.74
19:54:27   2239.22   3229.81
19:54:30   2122.83   3229.53
19:54:33    446.75   1323.04
19:54:36   2190.71   1357.87
19:54:39   2042.35   1206.30
19:54:42    470.81   1157.55
19:54:45   2152.94   3996.85
19:54:48   1749.79   1178.43
19:54:51    442.14   1149.79
19:54:54   2176.47   1180.57
19:54:57   2043.92     28.96
19:55:00    725.08   1539.99
19:55:03   1914.93   4677.81
19:55:06   1172.62   1256.02
Connection to 192.168.1.102 closed.
time: 5
  Time         enp0s25      
HH:MM:SS   Kbps in  Kbps out
19:55:13   1459.26    269.69
19:55:16   2033.25   2938.75
19:55:19   2390.67   3536.48
19:55:22   2086.30   1849.63
19:55:25   1584.71    540.37
19:55:28   1178.41   1518.59
19:55:31   4468.84   4211.60
19:55:34  68640.38   3286.51
19:55:37  97627.64   2241.31
19:55:40  95469.50   2739.63
19:55:43  87869.17   2521.70
19:55:46  75578.78   4404.89
19:55:49  71632.49   3038.49
19:55:52  85909.16   3130.05
19:55:55  83671.75   2224.16
19:55:58  54298.94   1157.49
19:56:01  67656.59   2792.36
19:56:04  56314.32   4534.54
19:56:07  89091.64   2486.57
Connection to 192.168.1.102 closed.
time: 6
  Time         enp0s25      
HH:MM:SS   Kbps in  Kbps out
19:56:13  73960.80   2217.40
19:56:16  82488.44   1781.36
19:56:19  79414.71   2796.51
19:56:22  75189.56   4374.64
19:56:25  75379.58   2230.40
19:56:28  73591.83   2149.52
19:56:31  68758.75   1669.60
19:56:34  85911.13   2682.85
19:56:37  76507.11   3566.24
19:56:40  79301.67   4514.17
19:56:43  78893.12   2029.20
19:56:46  88027.38   2655.06
19:56:49  85357.40   2187.91
19:56:52  54999.56   1906.08
19:56:55  64430.02   3375.92
19:56:58  49965.49   3182.16
19:57:01  62542.80   3316.32
19:57:04  75536.23   4736.94
19:57:07  74002.95   1996.54
Connection to 192.168.1.102 closed.
time: 7
  Time         enp0s25      
HH:MM:SS   Kbps in  Kbps out
19:57:12  64087.39   3277.00
19:57:15  70231.62   2644.52
19:57:18  84147.22   2636.67
19:57:21  63593.37   3101.08
19:57:24  85566.28   3369.99
19:57:27  94150.35   3410.98
19:57:30  84890.04   4693.43
19:57:33  69921.75   3329.05
19:57:36  93602.87   2633.81
19:57:39  86319.45   4089.91
19:57:42  88774.81   3654.30
19:57:45  96493.80   2551.29
19:57:48  88425.90   3736.98
19:57:51  83380.38   3840.08
19:57:54  87072.26   4226.85
19:57:57  87356.72   3666.16
19:58:00  86514.32   4032.03
19:58:03  94696.39   3180.04
19:58:06  90630.65   3100.89
Connection to 192.168.1.102 closed.
time: 8
  Time         enp0s25      
HH:MM:SS   Kbps in  Kbps out
19:58:13  86363.01   3559.85
19:58:16  96294.27   2912.72
19:58:19  92892.41   3458.72
19:58:22  91097.22   4567.21
19:58:25  95882.19   3189.22
19:58:28  98200.37   3296.67
19:58:31  93849.24   3700.07
19:58:34  91076.91   3069.79
19:58:37  96927.91   3218.56
19:58:40  97537.26   2483.13
19:58:43  80566.76   3268.49
19:58:46  96254.97   2272.37
19:58:49  97456.73   3328.91
19:58:52  96364.86   3249.19
19:58:55  97558.23   2591.08
19:58:58  95332.85   3747.12
19:59:01  96977.07   2616.49
19:59:04  27117.22   1718.93
19:59:07    127.54    910.70
Connection to 192.168.1.102 closed.
time: 9
  Time         enp0s25      
HH:MM:SS   Kbps in  Kbps out
19:59:13   2375.71   1702.41
19:59:16   2309.71    668.35
19:59:19    518.81    126.74
19:59:22   1784.07   1715.47
19:59:25   2343.73    340.41
19:59:28  33144.87    883.45
19:59:31  92858.90   3592.62
19:59:34  98248.94   2128.82
19:59:37  98610.29   2237.68
19:59:40  93410.61   3611.11
19:59:43  98106.08   2101.64
19:59:46  95572.55   2734.69
19:59:49  94222.24   2922.64
19:59:52  98656.66   2105.98
19:59:55  93964.13   3619.60
19:59:58  98515.02   2137.87
20:00:01  91546.46   3547.87
20:00:04  98789.00   2202.56
20:00:07  98813.11   2157.88
Connection to 192.168.1.102 closed.
time: 10
  Time         enp0s25      
HH:MM:SS   Kbps in  Kbps out
20:00:13  97095.37   2445.76
20:00:16  98846.28   2021.39
20:00:19  93215.44   3562.91
20:00:22  98296.90   2074.47
20:00:25  99095.47   2209.45
20:00:28  90592.21   3486.46
20:00:31  98377.99   2118.84
20:00:34  98095.94   2090.65
20:00:37  92631.16   3551.04
20:00:40  97969.36   2169.41
20:00:43  48968.49   1631.03
20:00:46   1585.73   1036.37
20:00:49   1492.36     40.91
20:00:52   2137.81   1609.63
20:00:55   2635.96     38.99
20:00:58   1803.07   1599.14
20:01:01   1273.35     32.10
20:01:04   1643.96     31.36
20:01:07   2036.09   1585.02
Connection to 192.168.1.102 closed.
time: 11
  Time         enp0s25      
HH:MM:SS   Kbps in  Kbps out
20:01:25   2253.71    809.61
20:01:28   2029.22     52.99
20:01:31    593.40     10.26
20:01:34   1458.89    833.60
20:01:37   1725.58     56.15
20:01:40   2202.99    835.91
20:01:43   2073.20     25.85
20:01:46    706.23     32.07
20:01:49   4022.63    832.24
20:01:52    566.17     29.28
20:01:55   2330.76    802.65
20:01:58   1723.77     50.00
20:02:01    463.36     21.64
20:02:04   2216.81    816.82
20:02:07   2135.77     33.92
20:02:10     92.26     22.74
20:02:13   2212.32    423.76
20:02:16   2176.80     39.21
20:02:19    942.98    148.30
Connection to 192.168.1.102 closed.
time: 12
  Time         enp0s25      
HH:MM:SS   Kbps in  Kbps out
20:02:25   2131.50     39.53
20:02:28    936.66    278.00
20:02:31   1541.13    187.41
20:02:34   1671.78     43.81
20:02:37   2123.39    421.19
20:02:40   2147.44     35.34
20:02:43   2189.29    416.12
20:02:46   1909.31     48.47
20:02:49    530.24     15.60
20:02:52   2392.99    430.76
20:02:55   2038.45     29.57
20:02:58    120.82     23.58
20:03:01   2172.08     35.65
20:03:04   2178.66     69.15
20:03:07  60503.84   1389.91
20:03:10  98721.83   2134.45
20:03:13  98666.12   2174.44
20:03:16  98438.62   2134.60
20:03:19  99171.46   2198.17
Connection to 192.168.1.102 closed.
time: 13
  Time         enp0s25      
HH:MM:SS   Kbps in  Kbps out
20:03:26  97894.66   2045.73
20:03:29  98391.91   2053.09
20:03:32  98817.52   2140.10
20:03:35  98746.75   2148.70
20:03:38  98730.17   2125.48
20:03:41  97780.50   2114.01
20:03:44  98630.37   2126.32
20:03:47  98550.42   2003.23
20:03:50  97909.89   2002.61
20:03:53  98246.26   2045.18
20:03:56  98585.15   2069.29
20:03:59  97499.50   2129.61
20:04:02  98467.85   2059.28
20:04:05  98322.86   2116.43
20:04:08  98595.84   2067.94
20:04:11  98588.98   2107.63
20:04:14  98168.19   2129.27
20:04:17  97988.70   2179.31
20:04:20  15648.39    351.27
Connection to 192.168.1.102 closed.
time: 14
  Time         enp0s25      
HH:MM:SS   Kbps in  Kbps out
20:04:25   1577.15    184.50
20:04:28   1727.69     43.88
20:04:31   1643.82     66.92
20:04:34   2174.62     47.41
20:04:37   1566.08   1237.93
20:04:40   3141.83     87.51
20:04:43   2371.95   1112.72
20:04:46    506.56     12.38
20:04:49   1820.43     77.17
20:04:52   2139.53    852.55
20:04:55   2275.60     70.11
20:04:58    549.07     13.99
20:05:01   1794.13    207.02
20:05:04   2111.29     65.98
20:05:07    542.34     49.18
20:05:10   2215.92     35.02
20:05:13  50899.15   1098.45
20:05:16  98167.72   2128.04
20:05:19  97920.45   2165.71
Connection to 192.168.1.102 closed.
time: 15
  Time         enp0s25      
HH:MM:SS   Kbps in  Kbps out
20:05:26  96651.29   2910.41
20:05:29  98014.71   2216.65
20:05:32  98279.32   2218.55
20:05:35  97167.80   2122.79
20:05:38  97678.52   2139.71
20:05:41   5305.53   1405.96
20:05:44   2104.03   2557.65
20:05:47    517.05     48.75
20:05:50   2092.29    858.45
20:05:53   2116.71     45.13
20:05:56    129.31     53.85
20:05:59   2139.17    833.40
20:06:02   2448.76     63.53
20:06:05    524.06      6.34
20:06:08   1719.15    457.56
20:06:11   2075.13    854.09
20:06:14    798.48    112.90
20:06:17   1401.15   1120.76
20:06:20   1294.56     60.81
Connection to 192.168.1.102 closed.
time: 16
  Time         enp0s25      
HH:MM:SS   Kbps in  Kbps out
20:07:48    635.02     73.16
20:07:51   2536.35   1255.19
20:07:54   2087.95     28.19
20:07:57    137.40     81.87
20:08:00   2280.19   1258.95
20:08:03   2126.42     79.63
20:08:06    882.23     65.46
20:08:09   1543.15   1200.06
20:08:12   1671.14     73.97
20:08:15   2549.25   1244.35
20:08:18   1674.66     79.04
20:08:21   2661.78    426.33
20:08:24   2050.19    464.24
20:08:27    597.08     52.33
20:08:30   2481.80    814.50
20:08:33   2089.17     61.18
20:08:36    115.08     62.52
20:08:39   2102.57    863.80
20:08:42   2302.50     77.98
Connection to 192.168.1.102 closed.
time: 17
  Time         enp0s25      
HH:MM:SS   Kbps in  Kbps out
20:08:48   2248.66    866.09
20:08:51   2505.71     92.01
20:08:54    748.45    116.27
20:08:57   1934.26    783.87
20:09:00   2041.93     77.16
20:09:03   1028.46    482.50
20:09:06   1560.23    475.49
20:09:09   1898.93     70.53
20:09:12   2068.66    886.56
20:09:15   1563.39     93.39
20:09:18   2973.40    494.49
20:09:21   2548.59    431.18
20:09:24    544.59   1631.85
20:09:27   2706.06   1747.62
20:09:30   2074.11    898.60
20:09:33    537.37     14.55
20:09:36   1706.48   1526.74
20:09:39   2162.17    983.93
20:09:42   2329.39    473.48
Connection to 192.168.1.102 closed.
time: 18
  Time         enp0s25      
HH:MM:SS   Kbps in  Kbps out
20:09:49   2139.19     37.38
20:09:52   1684.41    463.74
20:09:55    982.42   2012.79
20:09:58   1885.65     83.72
20:10:01   1356.74     46.16
20:10:04   1891.47   2026.82
20:10:07   1055.66     72.20
20:10:10   2391.45     74.20
20:10:13   2133.31   1962.40
20:10:16   1897.20   1262.58
20:10:19   3003.83   2418.58
20:10:22   2491.17     78.77
20:10:25    496.13   1773.41
20:10:28   2022.41   1036.85
20:10:31   2373.71     52.53
20:10:34   1968.51   1844.23
20:10:37   1231.56    964.47
20:10:40   1858.67     43.56
20:10:43   2564.52   2649.43
Connection to 192.168.1.102 closed.
time: 19
  Time         enp0s25      
HH:MM:SS   Kbps in  Kbps out
20:10:48   1711.69     51.04
20:10:51    954.31   1181.77
20:10:54   2282.75   1644.96
20:10:57   1221.69     22.24
20:11:00   1586.60   1139.62
20:11:03   1728.71   1704.21
20:11:06   2422.77     56.63
20:11:09   2196.86   2479.05
20:11:12   1425.37    331.03
20:11:15   3147.42   1700.12
20:11:18   2175.28   1120.73
20:11:21    498.37    792.41
20:11:24   2149.69   1996.90
20:11:27   2374.92     64.13
20:11:30   1002.89   1811.24
20:11:33   2298.83    221.88
20:11:36   1831.20     41.08
20:11:39    927.18   1971.25
20:11:42   2169.38     46.46
Connection to 192.168.1.102 closed.
time: 20
  Time         enp0s25      
HH:MM:SS   Kbps in  Kbps out
20:11:48   2114.57   1880.73
20:11:51    499.62    154.43
20:11:54   1891.34     50.24
20:11:57   2029.88   1984.04
20:12:00   1621.43     46.45
20:12:03   2312.09   1944.75
20:12:06   1625.19     94.13
20:12:09   1936.56   1167.08
20:12:12   2424.12    856.81
20:12:15   1941.15     43.21
20:12:18    872.86   1969.69
20:12:21   2210.32     48.31
20:12:24   2126.44     37.13
20:12:27   2224.52   1222.20
20:12:30    481.82     23.74
20:12:33   2748.15    380.09
20:12:36   2137.79    858.93
20:12:39    138.71     25.60
20:12:42   2524.78    960.70
Connection to 192.168.1.102 closed.
time: 21
  Time         enp0s25      
HH:MM:SS   Kbps in  Kbps out
20:13:13   2687.91    747.55
20:13:16   2329.17    565.54
20:13:19    283.06     53.47
20:13:22   2598.66    444.08
20:13:25   2419.45    885.80
20:13:28    947.45     34.85
20:13:31   1863.88   1048.65
20:13:34   2189.80    980.62
20:13:37   2247.45     41.18
20:13:40    513.24   1953.59
20:13:43   1735.60     44.84
20:13:46   1285.57     21.81
20:13:49   1585.24   1188.65
20:13:52   1947.46     39.42
20:13:55   2115.11    874.81
20:13:58   1585.16    345.43
20:14:01   2135.09    157.11
20:14:04   2505.32   1075.96
20:14:07    470.04     12.26
Connection to 192.168.1.102 closed.
time: 22
  Time         enp0s25      
HH:MM:SS   Kbps in  Kbps out
20:14:13   2158.11     65.08
20:14:16    851.67     69.89
20:14:19   1838.42   1563.96
20:14:22   1856.68     75.05
20:14:25   2301.51    201.70
20:14:28    739.19   1370.41
20:14:31   2159.00     26.36
20:14:34   1782.87    289.51
20:14:37    911.65   1866.96
20:14:40   2209.66   1165.62
20:14:43   2095.13   2731.97
20:14:46   1104.51    930.44
20:14:49   3408.01   4013.57
20:14:52   2350.40   2332.61
20:14:55    928.19   2332.92
20:14:58   1794.56   2533.70
20:15:01   2301.93   3456.07
20:15:04   1271.76   2467.76
20:15:07   1592.58   4379.38
Connection to 192.168.1.102 closed.
time: 23
  Time         enp0s25      
HH:MM:SS   Kbps in  Kbps out
20:15:14   3963.54   4044.50
20:15:17   1046.59   4656.35
20:15:20   1829.51   3091.36
20:15:23   2244.52   2830.07
20:15:26   2051.84   3249.08
20:15:29    933.12   3372.89
20:15:32   2091.87   2643.47
20:15:35   2125.78   2121.39
20:15:38    292.06   3701.73
20:15:41   2446.48   4675.07
20:15:44   2273.87   4678.81
20:15:47    532.12   1785.21
20:15:50   1794.77   1176.93
20:15:53   2076.34   1657.21
20:15:56    854.73    719.92
20:15:59   1904.06   1613.75
20:16:02   1733.33   3877.82
20:16:05   2523.70   4673.74
20:16:08    608.07   3023.67
Connection to 192.168.1.102 closed.
time: 24
  Time         enp0s25      
HH:MM:SS   Kbps in  Kbps out
20:16:13    853.43   2048.08
20:16:16   1878.61   1201.49
20:16:19   2084.61    668.92
20:16:22    673.75   2746.59
20:16:25   1879.75   4666.15
20:16:28   1861.97   4472.28
20:16:31   1462.68   1587.27
20:16:34   2014.87    570.70
20:16:37   1639.40   1663.85
20:16:40   2009.94   2967.93
20:16:43   1517.83   4668.12
20:16:46   1732.53   4681.11
20:16:49   2069.08   2859.99
20:16:52   2164.93   1962.68
20:16:55   2438.93   1806.04
20:16:58   2474.46   3357.25
20:17:01    788.71   4665.23
20:17:04   1940.70   2908.03
20:17:07   2208.18   1661.50
Connection to 192.168.1.102 closed.
time: 25
  Time         enp0s25      
HH:MM:SS   Kbps in  Kbps out
20:17:13    150.29   2062.21
20:17:16   2225.58   2012.10
20:17:19   1563.34   1456.09
20:17:22   1278.40   4675.09
20:17:25   2174.39   4354.63
20:17:28   2111.68   2203.72
20:17:31    614.18   1001.68
20:17:34   2193.90   1263.42
20:17:37   1851.67   2208.99
20:17:40    539.46   2139.87
20:17:43   2388.12   4001.57
20:17:46   2385.72   3921.44
20:17:49   1772.94   1521.59
20:17:52    543.47   1505.38
20:17:55   2257.29   1108.61
20:17:58   2110.60    459.24
20:18:01    146.37   1497.61
20:18:04   2515.84   3576.64
20:18:07   2266.85   1914.33
Connection to 192.168.1.102 closed.
