time: 0
  Time         enp0s25      
HH:MM:SS   Kbps in  Kbps out
19:13:58    625.56     34.15
19:14:01    563.07     10.35
19:14:04    555.34      6.51
19:14:07    809.09     18.52
19:14:10   1869.93     26.86
19:14:13   2222.27     26.50
19:14:16   3035.31     50.85
19:14:19   1591.52    639.57
19:14:22    541.03    367.47
19:14:25   2215.71    995.62
19:14:28   2204.19   1157.74
19:14:31    443.93      8.80
19:14:34   1464.86    991.96
19:14:37   1391.70    986.11
19:14:40   1876.89    993.63
19:14:43   3258.16   1010.59
19:14:46   1614.93    998.40
19:14:49   2142.35    428.27
19:14:52    567.91    576.12
Connection to 192.168.1.102 closed.
time: 1
  Time         enp0s25      
HH:MM:SS   Kbps in  Kbps out
19:14:57    666.60     72.30
19:15:00   1500.33   1816.88
19:15:03   1794.64   1955.61
19:15:06   4405.80   4184.57
19:15:09    687.39   4665.24
19:15:13   2038.09   3309.88
19:15:16   2296.99   1958.96
19:15:19    503.32   2117.76
19:15:22   1756.29   2849.84
19:15:25   1233.48   2303.04
19:15:28   2049.06   1819.18
19:15:31   1024.42   1545.78
19:15:34   3683.54   4650.71
19:15:37    462.58   1368.67
19:15:40   1972.74   3002.12
19:15:43   2239.96   2404.00
19:15:46   1672.03   2811.76
19:15:49    508.23   4613.03
19:15:52   1776.37   4675.58
Connection to 192.168.1.102 closed.
time: 2
  Time         enp0s25      
HH:MM:SS   Kbps in  Kbps out
19:15:57   1610.83   4669.97
19:16:00   3506.88   4682.55
19:16:03   2440.14   4686.88
19:16:06    484.69   4659.37
19:16:09   2400.69   4677.88
19:16:13   1896.55   4675.24
19:16:16    605.37   4661.10
19:16:19   1659.86   4669.83
19:16:22   1312.25   4673.02
19:16:25   1963.38   4679.97
19:16:28   2036.76   2968.13
19:16:31   2249.35   3391.55
19:16:34   1986.64   1036.61
19:16:37    313.80   2624.91
19:16:40   2182.25   1146.11
19:16:43   2048.55   3249.50
19:16:46    220.39   2014.03
19:16:49   2409.30   2920.69
19:16:52   2179.94   3070.30
Connection to 192.168.1.102 closed.
time: 3
  Time         enp0s25      
HH:MM:SS   Kbps in  Kbps out
19:16:57   2421.26   3939.69
19:17:00   2026.20   2816.90
19:17:03    567.48   1652.30
19:17:06   2210.59    596.41
19:17:09   1721.07   3495.83
19:17:12   2156.37   1395.18
19:17:15    613.91   1053.08
19:17:18   2229.64     35.23
19:17:21    747.65   1850.65
19:17:24   1550.77   3018.30
19:17:27   1235.98   1059.75
19:17:30   1996.69     24.32
19:17:33   1651.08   2505.04
19:17:36   2070.31   1727.44
19:17:39   2123.95    542.94
19:17:42   1026.38     85.45
19:17:45   2125.56   2600.35
19:17:49   2070.03    543.34
19:17:52    882.14    528.35
Connection to 192.168.1.102 closed.
time: 4
  Time         enp0s25      
HH:MM:SS   Kbps in  Kbps out
19:17:57   1825.77   2845.41
19:18:00   1048.57    716.03
19:18:03   1885.44    721.43
19:18:06   2104.34     32.67
19:18:09   1630.60   1325.98
19:18:12    479.41   2210.07
19:18:15   2169.88    720.63
19:18:18   2043.34    731.10
19:18:21    538.73     12.26
19:18:24   1671.77   2266.73
19:18:27   2075.02    717.22
19:18:30    521.38    699.36
19:18:33   2053.11    706.30
19:18:36   2162.22   2356.53
19:18:39   1742.77   1048.05
19:18:42    516.45   1029.85
19:18:45   2086.40   1048.11
19:18:48   1150.24   1199.36
19:18:51   1617.10   2182.95
Connection to 192.168.1.102 closed.
time: 5
  Time         enp0s25      
HH:MM:SS   Kbps in  Kbps out
19:18:57   1522.48   1042.65
19:19:00   2461.97   1714.66
19:19:03   2223.22   1767.36
19:19:06   1722.07   1076.32
19:19:09  29726.77   1709.10
19:19:12  84913.59   4536.74
19:19:15  80693.48   1734.91
19:19:18  96430.27   2469.07
19:19:21  68631.46   1894.12
19:19:24  78032.44   3789.85
19:19:27  72267.14   2339.40
19:19:30  83209.99   2119.35
19:19:33  77417.83   1987.64
19:19:36  84076.49   2498.29
19:19:39  80402.99   2763.87
19:19:42  82829.83   2092.51
19:19:45  84407.79   2677.07
19:19:48  81908.43   2139.83
19:19:51  91199.66   3623.13
Connection to 192.168.1.102 closed.
time: 6
  Time         enp0s25      
HH:MM:SS   Kbps in  Kbps out
19:19:58  97770.09   2134.95
19:20:01  86753.95   2289.94
19:20:04  79526.17   3330.24
19:20:07  91700.34   2366.75
19:20:10  84450.28   1820.94
19:20:13  94829.48   2698.44
19:20:16  87340.34   3556.14
19:20:19  88984.76   2414.65
19:20:22  97958.27   2067.56
19:20:25  96456.09   2529.47
19:20:28  86764.77   2080.96
19:20:31  91679.16   3106.82
19:20:34  93005.31   1917.77
19:20:37  89203.19   2136.68
19:20:40  98580.74   2364.87
19:20:43  62143.95   1778.01
19:20:46  95786.27   2725.54
19:20:49  94812.39   2668.38
19:20:52  95529.91   2599.53
Connection to 192.168.1.102 closed.
time: 7
  Time         enp0s25      
HH:MM:SS   Kbps in  Kbps out
19:20:58  81045.57   1854.54
19:21:01  59264.02   2970.52
19:21:04  59668.40   2529.65
19:21:07  65930.33   1838.67
19:21:10  51524.63   1076.18
19:21:13  58959.22   2403.44
19:21:16  48723.56   2810.47
19:21:19  58200.98   2641.26
19:21:22  52979.28   1125.06
19:21:25  50844.00   2331.43
19:21:28  55615.69   1808.06
19:21:31  53653.52   1659.19
19:21:34  58446.94   2099.74
19:21:37  60279.44   1917.14
19:21:40  56272.25   2722.26
19:21:43  61578.82   2231.93
19:21:46  47962.64   1147.40
19:21:49  47353.13   1736.23
19:21:52  35407.39   1015.41
Connection to 192.168.1.102 closed.
time: 8
  Time         enp0s25      
HH:MM:SS   Kbps in  Kbps out
19:21:58  34978.88   1216.82
19:22:01  47734.64   2250.84
19:22:04  47894.46   2256.25
19:22:07  57825.69   2333.44
19:22:10  45940.24   1611.35
19:22:13  58530.48   1686.85
19:22:16  62879.70   2415.73
19:22:19  45144.79   2749.38
19:22:22  27320.39   1081.54
19:22:25  45588.02   1750.98
19:22:28  42461.42   1925.48
19:22:31  44430.26   2928.93
19:22:34  33915.89   1048.63
19:22:37  45699.63    998.43
19:22:40  30192.36   2650.25
19:22:43  31459.80   1501.91
19:22:46  46331.36   1333.81
19:22:49  47971.81   2191.63
19:22:52  54011.97   1474.32
Connection to 192.168.1.102 closed.
time: 9
  Time         enp0s25      
HH:MM:SS   Kbps in  Kbps out
19:22:58   2638.80   1566.08
19:23:01   2033.25    536.98
19:23:04    275.39    865.33
19:23:07   1834.40   2026.11
19:23:10   2110.65    812.53
19:23:13   2061.98    107.11
19:23:16  11860.22   1160.65
19:23:19  96823.75   2381.66
19:23:22  98023.86   2546.96
19:23:25  94716.62   3092.53
19:23:28  97747.97   2491.27
19:23:31  98008.46   2385.63
19:23:34  97165.20   2506.66
19:23:37  98078.51   2139.30
19:23:40  94431.34   3620.73
19:23:43  97324.65   2389.04
19:23:46  97894.60   2400.04
19:23:49  98682.93   2126.44
19:23:52  96644.33   2835.82
Connection to 192.168.1.102 closed.
time: 10
  Time         enp0s25      
HH:MM:SS   Kbps in  Kbps out
19:23:58  97891.36   2450.56
19:24:01  98324.74   2494.91
19:24:04  98609.53   2093.49
19:24:07  96750.24   2591.95
19:24:10  92652.14   3213.00
19:24:13  93990.95   3061.66
19:24:16  98154.85   2093.41
19:24:19  91960.31   2375.74
19:24:22  95643.21   2470.09
19:24:25  93620.90   2630.31
19:24:28  88783.05   2193.59
19:24:31  51050.75   1107.50
19:24:34     86.51    659.55
19:24:37   1915.50   2280.70
19:24:40   2556.39   1228.52
19:24:43    475.19    542.80
19:24:46   1860.85    379.58
19:24:49   1834.89    683.80
19:24:52    545.11    668.78
Connection to 192.168.1.102 closed.
time: 11
  Time         enp0s25      
HH:MM:SS   Kbps in  Kbps out
19:25:14    933.21    104.43
19:25:17   1497.73    636.10
19:25:20   2045.32    681.75
19:25:23   2134.74    687.46
19:25:26    513.08     11.37
19:25:29   1797.60   3065.54
19:25:32   2442.86    838.20
19:25:35    420.94    691.42
19:25:38   2093.33    185.03
19:25:41    832.75   2371.55
19:25:45   1475.52   1292.88
19:25:48   1694.27    669.02
19:25:51   2036.55     37.23
19:25:54   1195.30   2094.03
19:25:57   2028.65    790.78
19:26:00   2102.63    668.46
19:26:03   2989.08    580.00
19:26:06    502.10   2091.70
19:26:09   2056.54    693.97
Connection to 192.168.1.102 closed.
time: 12
  Time         enp0s25      
HH:MM:SS   Kbps in  Kbps out
19:26:15  98794.67   2108.65
19:26:18  94654.65   4354.94
19:26:21  98209.74   2368.99
19:26:24  99019.12   2234.07
19:26:27  98486.90   2117.40
19:26:30  91281.98   3246.94
19:26:33  92786.20   3622.36
19:26:36  87251.46   3808.73
19:26:39  87190.75   4363.98
19:26:42  93294.17   3491.36
19:26:45  81110.12   4183.75
19:26:48  93318.36   3952.79
19:26:51  95008.60   3621.95
19:26:54  93706.79   3773.13
19:26:57  94831.29   3266.18
19:27:00  95265.27   3693.44
19:27:03  82909.81   2388.18
19:27:06  80510.04   4628.49
19:27:09  87415.74   3970.91
Connection to 192.168.1.102 closed.
time: 13
  Time         enp0s25      
HH:MM:SS   Kbps in  Kbps out
19:27:15  72380.38   4970.60
19:27:18  70194.54   4972.30
19:27:21  88226.35   4573.41
19:27:24  76958.79   4982.60
19:27:27  94489.50   3308.39
19:27:30  97048.50   3088.23
19:27:33  15484.58   2019.48
19:27:36   2341.82   4099.09
19:27:39   2556.94   2272.55
19:27:42   2059.12   1238.33
19:27:45    432.17    949.18
19:27:48   2435.80   3167.01
19:27:51   2477.79   1345.81
19:27:54    514.91    277.65
19:27:57   1796.43    835.18
19:28:00   2014.51   1962.41
19:28:03    508.72   1999.61
19:28:06   2049.14     37.02
19:28:09   1725.92    839.40
Connection to 192.168.1.102 closed.
time: 14
  Time         enp0s25      
HH:MM:SS   Kbps in  Kbps out
19:28:15   1583.41   2930.32
19:28:18   1818.88    261.23
19:28:21   1589.22    837.87
19:28:24   1399.58    834.99
19:28:27   1754.89   3009.34
19:28:30   2149.79    173.02
19:28:33   1773.95    929.38
19:28:36   2554.38   2991.73
19:28:39    766.22    960.15
19:28:42   2064.32   2586.67
19:28:45   1613.25   2243.72
19:28:48   2240.59   2552.07
19:28:51    706.33   2266.12
19:28:54   2214.98   1958.95
19:28:57    775.39   2596.17
19:29:00   1622.06   1979.33
19:29:03   2046.28   2918.83
19:29:06   4136.82   3722.16
19:29:09    938.02   2345.83
Connection to 192.168.1.102 closed.
time: 15
  Time         enp0s25      
HH:MM:SS   Kbps in  Kbps out
19:29:16   2568.69   3595.93
19:29:19   2712.28   2323.73
19:29:22    300.35   1894.40
19:29:25   1837.48   2761.90
19:29:28   1820.08   2403.33
19:29:31   2110.03   2015.18
19:29:34   2021.09   2559.57
19:29:37   2188.46   2277.01
19:29:40   1707.66   1273.33
19:29:43   1967.55   1874.21
19:29:46   3316.61   3568.80
19:29:49   2093.38    625.92
19:29:52    127.87    906.41
19:29:55   2627.14   3358.39
19:29:58   2191.43   1111.20
19:30:01    465.46    472.17
19:30:04   1686.88   1101.10
19:30:07   2005.74   2200.90
19:30:10    709.27   2273.10
Connection to 192.168.1.102 closed.
time: 16
  Time         enp0s25      
HH:MM:SS   Kbps in  Kbps out
19:30:14   2233.10   1087.94
19:30:17    768.94    241.72
19:30:20  69682.27   4529.52
19:30:23  92489.89   3509.80
19:30:26  97515.35   2421.33
19:30:29  98195.35   2226.52
19:30:32  94360.67   2928.13
19:30:35  91849.90   3877.70
19:30:38  86650.60   3885.38
19:30:41  93774.46   3560.99
19:30:44  92707.48   3953.21
19:30:47  74789.00   4977.45
19:30:50  85502.96   4483.55
19:30:53  93098.31   3380.25
19:30:56  94840.40   3366.83
19:30:59  93080.34   3732.28
19:31:03  97531.99   2651.26
19:31:06  96792.21   3295.69
19:31:09  95304.69   3546.62
Connection to 192.168.1.102 closed.
time: 17
  Time         enp0s25      
HH:MM:SS   Kbps in  Kbps out
19:31:16  96144.51   3010.12
19:31:19  95530.86   2998.72
19:31:22  97043.07   3780.49
19:31:25  93390.79   3355.11
19:31:28  96491.95   3162.14
19:31:31  92110.71   3863.55
19:31:34  95426.26   3571.84
19:31:37  33735.03   2075.12
19:31:40   3359.36   3233.93
19:31:43   2358.20   2233.27
19:31:46   2341.24   1181.54
19:31:49    800.78   1912.50
19:31:52   2089.63   1553.10
19:31:55   1029.74   1356.50
19:31:58   2039.15   2071.53
19:32:01   1155.40   2248.44
19:32:04   2132.04   1383.65
19:32:07   1681.95   1982.43
19:32:10   2280.68   2212.16
Connection to 192.168.1.102 closed.
time: 18
  Time         enp0s25      
HH:MM:SS   Kbps in  Kbps out
19:32:15   1601.76   1745.04
19:32:18   2613.67   2197.91
19:32:21   2394.07   1060.00
19:32:24    589.53   2522.82
19:32:27   1746.40   1635.71
19:32:30   2245.44   1811.33
19:32:33    597.66    848.69
19:32:36   2020.11   2533.77
19:32:39   2007.10   1807.32
19:32:42    544.04   1372.10
19:32:45   2218.97    550.59
19:32:48   2105.97   2202.73
19:32:51   2170.85   2235.45
19:32:54    623.27   1040.46
19:32:57   2132.39    559.21
19:33:00   2087.86   1157.52
19:33:03    465.51   2731.37
19:33:06   2113.53   1048.76
19:33:09   2188.02    738.74
Connection to 192.168.1.102 closed.
time: 19
  Time         enp0s25      
HH:MM:SS   Kbps in  Kbps out
19:33:15   1469.17   2702.70
19:33:18   1633.75   1745.38
19:33:21   2093.95    281.98
19:33:24   2074.23   1612.84
19:33:27   2855.24   3196.65
19:33:30    579.22   1099.63
19:33:33   2762.82   3321.56
19:33:36   2379.13   1020.74
19:33:39   2166.44   2689.47
19:33:42    143.83   1583.51
19:33:45   2124.50   3086.68
19:33:48   1170.18   2170.82
19:33:51   1528.80   1498.55
19:33:54   1762.88   2115.04
19:33:57   4291.68   3358.98
19:34:00    562.84   1743.47
19:34:03   1979.64   2706.51
19:34:06   2272.97   1828.84
19:34:09    187.49   2302.01
Connection to 192.168.1.102 closed.
time: 20
  Time         enp0s25      
HH:MM:SS   Kbps in  Kbps out
19:34:15   2161.29   2543.91
19:34:18   1775.66   1618.36
19:34:21   1127.23   3082.50
19:34:24   2147.05   2379.76
19:34:27   2378.55   2915.77
19:34:30   2255.89    994.29
19:34:33   2260.42   4514.62
19:34:36   2617.99   2662.22
19:34:39    815.62   2418.19
19:34:42   2160.61    112.97
19:34:45   2119.52   1040.39
19:34:48   2078.23   1528.98
19:34:51    581.56   3391.10
19:34:54   2139.73     32.42
19:34:57   1725.66   1065.77
19:35:00    478.76   1038.56
19:35:03   2253.96   1063.18
19:35:06   2108.43   1007.82
19:35:09    195.38   1916.40
Connection to 192.168.1.102 closed.
time: 21
  Time         enp0s25      
HH:MM:SS   Kbps in  Kbps out
19:35:15   2290.23   1048.88
19:35:18    593.83     43.79
19:35:21   1650.63    291.79
19:35:24   2220.78   1830.50
19:35:27   1358.65    585.55
19:35:30   1243.91     18.70
19:35:33   1696.55   1226.85
19:35:36   2427.46   1702.44
19:35:39    532.85    269.67
19:35:42   1768.96    988.44
19:35:45   1672.95   1662.79
19:35:48   1194.14    231.73
19:35:51   2052.81   1783.64
19:35:54   2128.61     30.18
19:35:57   1411.97   1786.99
19:36:00   2900.40    294.64
19:36:03   2649.36   2085.35
19:36:06    606.01   2510.46
19:36:09   2111.36    396.43
Connection to 192.168.1.102 closed.
time: 22
  Time         enp0s25      
HH:MM:SS   Kbps in  Kbps out
19:36:16   2468.95   3012.71
19:36:19    600.28    396.42
19:36:22   2412.43   4566.77
19:36:25   2189.95   2068.26
19:36:28   1312.18    675.79
19:36:31   2499.45   4680.52
19:36:34   2155.30   1276.62
19:36:37    806.61   1091.72
19:36:40   1575.90   4676.89
19:36:43   2150.40    584.54
19:36:46   2089.47   3969.00
19:36:49   1840.43   1716.22
19:36:52   2662.68   2903.27
19:36:55   2447.47   3477.51
19:36:58    525.41     10.48
19:37:01   2126.96   4159.05
19:37:04   2273.02   1550.18
19:37:07    555.75    310.78
19:37:10   2103.25   4544.18
Connection to 192.168.1.102 closed.
time: 23
  Time         enp0s25      
HH:MM:SS   Kbps in  Kbps out
19:37:15    558.65    310.68
19:37:18   2293.84   3696.68
19:37:21   2200.44   1719.50
19:37:24    566.73    326.25
19:37:27   2691.79   4169.15
19:37:30   2216.48   1266.51
19:37:33    149.52    314.77
19:37:36   2358.36   4526.55
19:37:39   2077.89   1172.15
19:37:42   1495.69   2459.79
19:37:45   2129.04   2941.11
19:37:48   2593.24   1600.77
19:37:51   2515.19   4109.45
19:37:54    480.42      8.33
19:37:57   1891.93   3559.51
19:38:00   2179.23   1003.60
19:38:03    572.01    335.77
19:38:06   2137.83   3559.13
19:38:09   1839.04    702.94
Connection to 192.168.1.102 closed.
time: 24
  Time         enp0s25      
HH:MM:SS   Kbps in  Kbps out
19:38:15   2526.62   4237.25
19:38:18   2214.26     37.38
19:38:21    383.33    406.63
19:38:24   2371.56   4175.23
19:38:27   2162.46    371.41
19:38:30    870.68    456.00
19:38:33   1657.58   3811.33
19:38:36   1963.09    352.56
19:38:39   2511.29   2803.62
19:38:42   1584.45   1466.20
19:38:45   2146.05   1955.24
19:38:48   2682.94   2646.30
19:38:51    568.62    338.90
19:38:54   2277.59   3904.31
19:38:57   1783.81    359.02
19:39:00    526.61    281.34
19:39:03   2219.27   3826.62
19:39:06   2211.41     29.12
19:39:09   1704.83    879.78
Connection to 192.168.1.102 closed.
time: 25
  Time         enp0s25      
HH:MM:SS   Kbps in  Kbps out
19:39:17    112.08    322.81
19:39:20   2543.50   3836.69
19:39:23   2288.59    346.34
19:39:26    636.29    172.10
19:39:29   2195.57   3890.94
19:39:32   1273.27    355.94
19:39:35   2455.01   1648.91
19:39:38   2193.19   2257.03
19:39:41   2027.43    815.64
19:39:44   3150.04   3784.07
19:39:47    663.97    358.07
19:39:50   2229.52   3293.30
19:39:53   2140.14   1002.35
19:39:56    538.78    229.49
19:39:59   2637.11   3365.14
19:40:02   2200.84     39.81
19:40:05    480.76    222.95
19:40:08   2203.45   2581.96
19:40:11   2152.19    245.05
Connection to 192.168.1.102 closed.
