time: 0
  Time         enp0s25      
HH:MM:SS   Kbps in  Kbps out
21:34:27   1885.53    176.32
21:34:30   1858.22     16.68
21:34:33   1742.42     35.78
21:34:36   2628.99     34.72
21:34:39   2639.10     19.28
21:34:42   3525.34     33.73
21:34:45   4375.72     50.43
21:34:48   2787.67     36.50
21:34:51   2018.00     12.36
21:34:54   3078.55     23.84
21:34:57   3348.69     37.79
21:35:00   1667.36     16.61
21:35:03   2711.62     18.19
21:35:06   3512.76   2754.72
21:35:09   5154.23   2439.10
21:35:12   1421.34   4657.34
21:35:15   3188.79   4429.80
21:35:18   3709.48   2969.01
21:35:21   1741.05   2898.19
Connection to 192.168.1.102 closed.
time: 1
  Time         enp0s25      
HH:MM:SS   Kbps in  Kbps out
21:35:27   2783.63   2282.40
21:35:30   2744.45   2989.54
21:35:33   2894.02   3343.71
21:35:36   2903.91   1422.05
21:35:39   2646.38    852.03
21:35:42   3220.45    400.23
21:35:45   3187.20    485.30
21:35:48   3685.29   1525.42
21:35:51   1649.00   2305.64
21:35:54   3214.45    587.64
21:35:57   3218.98    299.58
21:36:00   1280.36    833.05
21:36:03   3162.47    845.90
21:36:06   3193.07    815.28
21:36:09   1653.98    431.36
21:36:12   3421.98   2607.07
21:36:15   2891.20    854.55
21:36:18   1587.76    836.53
21:36:21   3166.31    858.37
Connection to 192.168.1.102 closed.
time: 2
  Time         enp0s25      
HH:MM:SS   Kbps in  Kbps out
21:36:27   3176.17    778.44
21:36:30   1304.55    833.66
21:36:33   3286.44   2793.98
21:36:36   3681.67    237.18
21:36:39   1594.15    362.88
21:36:42   2875.66    703.00
21:36:45   3176.66    520.70
21:36:48   1741.76    512.51
21:36:51   3196.21    271.77
21:36:54   2949.32   2643.74
21:36:57   1768.30    513.56
21:37:00   3280.01    491.97
21:37:03   3282.15    230.19
21:37:06   2909.10    366.70
21:37:09   1637.70    533.58
21:37:12   3237.26   1643.20
21:37:15   3309.38    259.09
21:37:18   1316.98    875.71
21:37:21   3379.18    540.17
Connection to 192.168.1.102 closed.
time: 3
  Time         enp0s25      
HH:MM:SS   Kbps in  Kbps out
21:37:27   1470.64    736.34
21:37:30   3025.75   1639.47
21:37:33   2757.89    685.38
21:37:36   3496.58    528.09
21:37:39   3237.64    148.62
21:37:42   3248.63   1446.83
21:37:45   2957.90    836.53
21:37:48   2216.79    378.64
21:37:51   3332.30   1074.62
21:37:54   3306.80    624.60
21:37:57   3250.96   2026.66
21:38:00   3876.38   1960.98
21:38:03   3304.99   1146.08
21:38:06   1698.41   1103.83
21:38:09   3366.42   1714.94
21:38:12   3311.15   1919.40
21:38:15   1655.98    713.68
21:38:18   2664.00   1430.75
21:38:21   2925.37   1923.62
Connection to 192.168.1.102 closed.
time: 4
  Time         enp0s25      
HH:MM:SS   Kbps in  Kbps out
21:38:28   1679.66    807.14
21:38:31   3174.69   1343.78
21:38:34   2939.24   1769.97
21:38:37   1557.30    455.47
21:38:40   3220.73   1801.24
21:38:43   2440.38   1296.57
21:38:46   2764.39   1750.92
21:38:49   3203.65   1333.74
21:38:52   4457.00   2096.25
21:38:55   3283.85    390.30
21:38:58   1467.04   1312.46
21:39:01   3599.73   1701.82
21:39:04   3775.92   1482.33
21:39:07   1898.06    233.67
21:39:10   2275.22   1691.36
21:39:13   3108.27   1535.08
21:39:16   3267.33   1539.53
21:39:19   4533.45   1196.56
21:39:22   2932.51   1541.89
Connection to 192.168.1.102 closed.
time: 5
  Time         enp0s25      
HH:MM:SS   Kbps in  Kbps out
21:39:27   3532.44   1405.51
21:39:30   3038.19   1372.10
21:39:33   1616.80    479.07
21:39:36   2884.66   1559.97
21:39:39   3294.55    558.61
21:39:42   2209.92   1048.17
21:39:45   2924.30    179.91
21:39:48  71328.65   2723.94
21:39:51  77615.77   1692.35
21:39:54  82039.30   2914.74
21:39:57  85279.24   1910.30
21:40:00  71285.35   1675.33
21:40:03  86990.71   2885.02
21:40:06  80999.52   1710.89
21:40:09  70011.30   2164.18
21:40:12  92900.21   2341.61
21:40:15  79650.10   1733.91
21:40:18  81841.61   2826.86
21:40:21  95378.06   2312.90
Connection to 192.168.1.102 closed.
time: 6
  Time         enp0s25      
HH:MM:SS   Kbps in  Kbps out
21:40:27  83317.44   3040.47
21:40:30  98790.59   2076.09
21:40:33  75033.15   1622.64
21:40:36  82329.81   2883.70
21:40:39  85163.82   1706.08
21:40:42  78273.94   2787.28
21:40:45  93509.32   2035.49
21:40:48  86706.16   2492.12
21:40:51  95721.98   2282.24
21:40:54  55414.20   1163.69
21:40:57  72070.68   2432.81
21:41:00  72217.96   1587.89
21:41:03  75112.26   1666.38
21:41:06  77511.17   2029.65
21:41:09  52213.57   1155.71
21:41:12  37465.65    861.11
21:41:15  37949.92   1244.52
21:41:18  46218.22    986.04
21:41:21  27307.60    634.21
Connection to 192.168.1.102 closed.
time: 7
  Time         enp0s25      
HH:MM:SS   Kbps in  Kbps out
21:41:27   3011.22    118.36
21:41:30   3005.67    419.59
21:41:33   3118.48    115.10
21:41:36   4077.17    522.70
21:41:39   1887.90     96.41
21:41:42   3565.93     45.60
21:41:45   3018.92    530.61
21:41:48   1898.53     60.46
21:41:51   3476.56     79.68
21:41:54   3301.25    423.62
21:41:57   3166.65     90.05
21:42:00   1783.83     70.37
21:42:03   3588.50    868.96
21:42:06  23668.15    485.65
21:42:09  90195.06   1915.36
21:42:12  98419.81   2711.59
21:42:15  99506.67   2136.44
21:42:18  99501.20   2086.46
21:42:21  93427.39   2420.46
Connection to 192.168.1.102 closed.
time: 8
  Time         enp0s25      
HH:MM:SS   Kbps in  Kbps out
21:42:28  98682.24   2450.19
21:42:31  99362.84   2164.41
21:42:34  99152.25   2485.13
21:42:37  79538.11   1729.62
21:42:40  98585.07   2143.02
21:42:43  99292.41   2531.00
21:42:46  99578.45   2171.99
21:42:49  99301.93   2115.09
21:42:52  99303.49   2542.74
21:42:55  98560.74   4250.99
21:42:58  99255.75   2396.61
21:43:01  86898.92   2722.21
21:43:04  98142.10   2088.10
21:43:07  98583.40   2636.29
21:43:10  83363.44   2426.68
21:43:13  98821.23   2108.97
21:43:16  98099.35   2799.17
21:43:19  64681.69   1869.07
21:43:22  49374.67    921.23
Connection to 192.168.1.102 closed.
time: 9
  Time         enp0s25      
HH:MM:SS   Kbps in  Kbps out
21:43:29  71137.83   1412.79
21:43:32  51760.12   2191.09
21:43:35  84136.08   1771.82
21:43:38  65876.08   1618.02
21:43:41  34056.32   1066.85
21:43:44  75537.87   1483.84
21:43:47   3225.62    452.26
21:43:50   1769.91    404.13
21:43:53   3319.71     58.99
21:43:56   3373.37    482.06
21:43:59   1711.55    401.75
21:44:02   3582.99     74.28
21:44:05   3603.00    811.06
21:44:08   2215.44     63.14
21:44:11   2494.06     37.35
21:44:14   3075.12    827.45
21:44:17   3246.40     37.38
21:44:20   3402.53    426.83
21:44:23   2229.53    409.26
Connection to 192.168.1.102 closed.
time: 10
  Time         enp0s25      
HH:MM:SS   Kbps in  Kbps out
21:44:27   4028.80    589.54
21:44:30   3457.48    429.69
21:44:33   1868.59     13.58
21:44:36   3799.36    822.72
21:44:39   3365.68     24.73
21:44:42   1388.99     23.63
21:44:45   3806.62    813.36
21:44:48   3500.00     44.74
21:44:51   3428.26    423.77
21:44:54   1406.28    412.50
21:44:57   3413.47     39.77
21:45:00   3664.61    432.16
21:45:03   1802.36    400.70
21:45:06   2991.45     47.82
21:45:09   2658.81    425.03
21:45:12   2845.37    419.28
21:45:15   3082.48     25.89
21:45:18   3023.43    825.00
21:45:21   3391.31    433.00
Connection to 192.168.1.102 closed.
time: 11
  Time         enp0s25      
HH:MM:SS   Kbps in  Kbps out
21:46:09   2441.33    855.23
21:46:12   3346.53     65.45
21:46:15   3824.13   2421.33
21:46:18   3397.00     40.82
21:46:21   2798.95   1881.38
21:46:24   4167.51    647.45
21:46:27   3993.94   1473.00
21:46:30   1875.74   1387.12
21:46:33   3047.51     80.87
21:46:36   3432.50   1777.17
21:46:39   2179.91   1080.18
21:46:42   3248.79     52.61
21:46:45   3066.55   1168.99
21:46:48   3594.02    565.64
21:46:51   1941.26     64.21
21:46:54   3646.01   1597.52
21:46:57  78684.50   1795.92
21:47:00  99458.85   2144.00
21:47:03  98080.23   3673.97
Connection to 192.168.1.102 closed.
time: 12
  Time         enp0s25      
HH:MM:SS   Kbps in  Kbps out
21:47:09  98413.99   2937.52
21:47:12  98173.96   2895.09
21:47:15  72239.86   2012.26
21:47:18  85196.04   2801.42
21:47:21  72260.74   1565.74
21:47:24  92155.45   2656.27
21:47:27  97832.81   2883.52
21:47:30  98854.63   2059.35
21:47:33  97602.94   2832.78
21:47:36  98710.35   2801.82
21:47:39  91191.34   1933.16
21:47:42  95015.14   2650.60
21:47:45  95747.78   2646.49
21:47:48  92780.69   2535.57
21:47:51  91617.22   4341.14
21:47:54  85985.74   2623.93
21:47:57  86614.27   2886.92
21:48:00  95112.07   2710.72
21:48:03  93961.47   3879.20
Connection to 192.168.1.102 closed.
time: 13
  Time         enp0s25      
HH:MM:SS   Kbps in  Kbps out
21:48:09   3169.43    352.14
21:48:12   3000.99   2104.14
21:48:15   2944.58    418.46
21:48:18   4322.53   1621.83
21:48:21   3437.87   1274.04
21:48:24   2327.26    442.10
21:48:27   3357.05   2011.96
21:48:30   3356.74    413.49
21:48:33   3583.11   2006.55
21:48:36   1832.05    436.49
21:48:39   3919.32    435.22
21:48:42   3383.50   2404.79
21:48:45   1318.19     47.57
21:48:48   3744.22    455.97
21:48:51   3572.19   1989.76
21:48:54   1701.29     47.79
21:48:57   3069.11    811.59
21:49:00   3313.39   1278.08
21:49:03   3039.11     22.61
Connection to 192.168.1.102 closed.
time: 14
  Time         enp0s25      
HH:MM:SS   Kbps in  Kbps out
21:49:08   3967.47    116.55
21:49:11   2374.08   1800.52
21:49:14   3666.03    279.64
21:49:17   2921.88    143.16
21:49:20   2255.35   2071.79
21:49:23   3374.89    536.15
21:49:26   3728.82   1758.06
21:49:29   3337.90   1148.16
21:49:32   1815.44   1861.88
21:49:35   3134.35   1312.49
21:49:38   3133.01    810.33
21:49:41   2388.41   2075.27
21:49:44   5569.36    558.83
21:49:47   3480.53   1254.27
21:49:50   1982.29   1180.96
21:49:53   3141.28    766.59
21:49:56   3839.51   1254.80
21:49:59   2392.87   1536.07
21:50:02   3027.95    414.56
Connection to 192.168.1.102 closed.
time: 15
  Time         enp0s25      
HH:MM:SS   Kbps in  Kbps out
21:50:08   4546.93   1011.93
21:50:11   3633.81    598.53
21:50:14   3253.31   1196.16
21:50:17   3558.84   1021.40
21:50:20   1827.96    629.73
21:50:23   3519.65   1334.15
21:50:26   3508.51    785.32
21:50:29   1502.68    563.37
21:50:32   3619.97   1283.54
21:50:35   3654.77    159.91
21:50:38   2778.23   1206.32
21:50:41   3102.62    611.26
21:50:44   4186.09    913.20
21:50:47   1902.44   1318.04
21:50:50   3535.01     35.09
21:50:53   3412.97   1339.78
21:50:56   3330.24   1377.72
21:50:59   1765.18    193.44
21:51:02   3432.37   1196.53
Connection to 192.168.1.102 closed.
time: 16
  Time         enp0s25      
HH:MM:SS   Kbps in  Kbps out
21:51:09   1706.93    197.80
21:51:12   3812.23   1390.65
21:51:15   3454.61     35.27
21:51:18   1985.87    161.58
21:51:21   2997.19   1312.96
21:51:24   3448.21    168.16
21:51:27   2618.76     24.03
21:51:30   2248.67   1304.35
21:51:33   3628.67    137.50
21:51:36   3617.68   1375.20
21:51:39   3384.31     27.93
21:51:42   3059.29    855.00
21:51:45   3617.74    694.36
21:51:48   1744.53    164.88
21:51:51   3607.14   1200.97
21:51:54   3063.16    173.36
21:51:57   1812.23    465.06
21:52:00   3535.07   1467.02
21:52:03   3537.17     32.75
Connection to 192.168.1.102 closed.
time: 17
  Time         enp0s25      
HH:MM:SS   Kbps in  Kbps out
21:52:10   3497.00   1205.29
21:52:13   1375.70    160.94
21:52:16   3861.42    183.93
21:52:19   3480.27   1303.54
21:52:22   1862.50     19.31
21:52:25   3298.19   1303.14
21:52:28   3621.31    138.57
21:52:31   3189.30    152.78
21:52:34   3413.71   1195.06
21:52:37   3493.70    150.24
21:52:40   3326.89   1287.75
21:52:43   2833.58    125.00
21:52:46   3290.66    462.70
21:52:49   3097.68    880.51
21:52:52   1801.41    135.67
21:52:55   3361.15    540.42
21:52:58  83173.15   1816.51
21:53:01  98979.83   2158.21
21:53:04  98051.41   2555.15
Connection to 192.168.1.102 closed.
time: 18
  Time         enp0s25      
HH:MM:SS   Kbps in  Kbps out
21:53:10  98209.85   2186.27
21:53:13  98081.66   2592.07
21:53:16  98474.96   2189.56
21:53:19  99159.95   2151.30
21:53:22  98493.52   2623.30
21:53:25  98658.13   2218.44
21:53:28  98724.89   2225.71
21:53:31  36425.65   1167.81
21:53:34   1900.54     77.50
21:53:37   3445.28    490.74
21:53:40   3977.86    122.92
21:53:43   3521.73     36.84
21:53:46   1716.68     80.77
21:53:49   3320.73    118.37
21:53:52   3320.33    100.55
21:53:55   3457.52     49.72
21:53:58   1322.46     86.56
21:54:01   3734.28    106.59
21:54:04   3712.97    117.34
Connection to 192.168.1.102 closed.
time: 19
  Time         enp0s25      
HH:MM:SS   Kbps in  Kbps out
21:54:09   3194.79    137.68
21:54:12   3285.20    111.61
21:54:15   1820.00     90.68
21:54:18   2909.20     80.00
21:54:21   3173.09     72.73
21:54:24   2937.57    130.47
21:54:27   3646.89    271.65
21:54:30   3070.69     98.19
21:54:33   3469.71     31.10
21:54:36   3157.12   1270.59
21:54:39   3592.23    115.19
21:54:42   3565.87   1265.90
21:54:45   1762.17      8.93
21:54:48   3027.99    611.05
21:54:51   3680.81    767.34
21:54:54   1784.29     81.27
21:54:57   3625.86   1209.34
21:55:00   3032.98    108.18
21:55:03   1789.89     79.50
Connection to 192.168.1.102 closed.
time: 20
  Time         enp0s25      
HH:MM:SS   Kbps in  Kbps out
21:55:10   3458.22    113.73
21:55:13   1998.93     94.49
21:55:16   3160.09   1261.12
21:55:19   2440.48     98.36
21:55:22   3302.00     31.72
21:55:25   3475.67   1273.73
21:55:28   3800.33    110.60
21:55:31   4614.50   1281.09
21:55:34   1722.55      8.26
21:55:37   3131.84   1274.83
21:55:40   3457.93     97.06
21:55:43   1784.09     81.39
21:55:46   3438.94   1195.05
21:55:49   3005.07    105.06
21:55:52   2798.11     76.95
21:55:55   2383.42   1234.31
21:55:58   3276.80     87.24
21:56:01   3333.60     22.27
21:56:04   1994.21   1232.95
Connection to 192.168.1.102 closed.
time: 21
  Time         enp0s25      
HH:MM:SS   Kbps in  Kbps out
21:58:42   3675.90     88.79
21:58:45   1832.45    848.73
21:58:48   3480.60     77.01
21:58:51   2850.01    188.39
21:58:54   2100.88    982.11
21:58:57   3518.76     67.15
21:59:00   2495.93    185.34
21:59:03   3099.67   1385.17
21:59:06   2683.99    211.02
21:59:09   3633.66   1201.56
21:59:12  60360.83   1443.38
21:59:15  97080.98   1966.14
21:59:18  98073.21   3330.75
21:59:21  99397.91   2077.63
21:59:24  97856.99   3329.78
21:59:27  99798.91   2355.27
21:59:30  98539.91   2158.64
21:59:33  95804.96   3321.78
21:59:36  99428.74   2144.30
Connection to 192.168.1.102 closed.
time: 22
  Time         enp0s25      
HH:MM:SS   Kbps in  Kbps out
21:59:45  98429.23   2070.52
21:59:48  93489.53   2695.89
21:59:51  93282.29   3121.94
21:59:54  99094.69   2131.76
21:59:57  95164.62   3030.17
22:00:00  97233.32   2997.66
22:00:03  99065.54   2140.03
22:00:06  97135.77   2658.28
22:00:09  92944.83   1703.65
22:00:12  86647.36   2273.81
22:00:15  93708.48   2983.06
22:00:18  41924.12   2071.49
22:00:21   1998.04    793.81
22:00:24   3158.37   2571.20
22:00:27   3408.95    294.26
22:00:30   4011.73   1485.82
22:00:33   1768.92   1324.34
22:00:36   3457.69   1615.10
22:00:39   3877.60   2007.32
Connection to 192.168.1.102 closed.
time: 23
  Time         enp0s25      
HH:MM:SS   Kbps in  Kbps out
22:00:42   1977.92   3565.98
22:00:45   3553.16   1982.04
22:00:48   3365.52     91.47
22:00:51   2188.43   2826.76
22:00:54   3477.08   1920.75
22:00:57   3272.98   3535.87
22:01:00   2711.86   3039.48
22:01:03   4620.69   2131.93
22:01:06   3588.99   3392.80
22:01:09   2172.74   1790.12
22:01:12   2905.96   2626.47
22:01:15   3733.95   1768.55
22:01:18   2204.92   1612.86
22:01:21   2816.87   1583.08
22:01:24   3112.32   2002.55
22:01:27   5231.62   2417.43
22:01:30   1877.96   1225.72
22:01:33   3233.10   2763.59
22:01:36   3123.43   3574.27
Connection to 192.168.1.102 closed.
time: 24
  Time         enp0s25      
HH:MM:SS   Kbps in  Kbps out
22:01:42   3735.69   4676.94
22:01:45   2815.54   3618.72
22:01:48   2939.47   3010.34
22:01:51   3138.99   3470.24
22:01:54   4530.41   3102.35
22:01:57   2620.55   2203.35
22:02:00   3394.40   3391.81
22:02:03   3313.70   3128.33
22:02:06   4080.51   2568.27
22:02:09   2198.57   3953.01
22:02:12   3657.31   2544.41
22:02:15   2572.45   3130.65
22:02:18   3518.21   2772.75
22:02:21   3711.63   3067.21
22:02:24   5482.34   3677.38
22:02:27   1981.64   2717.06
22:02:30   3933.87   3694.68
22:02:33   4257.52   3119.64
22:02:36   1855.06   2058.50
Connection to 192.168.1.102 closed.
time: 25
  Time         enp0s25      
HH:MM:SS   Kbps in  Kbps out
22:02:42   2839.58   3511.57
22:02:45   4099.32   3371.70
22:02:48   3660.70   2444.93
22:02:51   4668.41   4123.00
22:02:54   4113.49   2784.54
22:02:57   2476.55   4685.79
22:03:00   3722.53   3970.46
22:03:03   3687.14   3568.95
22:03:06   2383.26   4376.35
22:03:09   3782.40   3719.93
22:03:12   2989.15   3495.90
22:03:15   3257.44   4326.92
22:03:18   4531.08   2882.57
22:03:21   3911.58   3507.30
22:03:24   3867.98   4055.25
22:03:27   1933.22   1789.39
22:03:30   3972.56   3810.19
22:03:33   3066.72   2900.23
22:03:36   3180.22   4129.43
Connection to 192.168.1.102 closed.
