time: 0
  Time         enp0s25      
HH:MM:SS   Kbps in  Kbps out
00:46:58   6861.24     62.21
00:47:01   5412.99     11.64
00:47:04   7079.12     30.13
00:47:07   7024.56     30.19
00:47:10   5855.56     18.65
00:47:13   7372.56     32.58
00:47:16   6956.09    200.79
00:47:19   6045.44    189.58
00:47:22   6989.22    213.32
00:47:25   7533.53    993.36
00:47:28   8269.29    646.91
00:47:31   6329.12   2040.79
00:47:34   7412.64   1336.43
00:47:37   7197.71   1108.66
00:47:40   5733.36   1216.33
00:47:43   7107.42   2098.04
00:47:46   6470.00   1827.59
00:47:49   6501.11   1046.56
00:47:52   6987.84   1961.45
Connection to 192.168.1.102 closed.
time: 1
  Time         enp0s25      
HH:MM:SS   Kbps in  Kbps out
00:47:58   5807.92   1040.14
00:48:01   7448.94   2316.61
00:48:04   7333.98   1967.31
00:48:07   5582.99    389.21
00:48:10   6968.87   2281.45
00:48:13   6641.90   2294.45
00:48:16   6064.63     12.25
00:48:19   6582.25   2224.32
00:48:22   9091.31   3916.61
00:48:25   7138.47   1808.02
00:48:28   5641.96   1380.96
00:48:31   7067.76   2647.53
00:48:34   7309.52   2264.85
00:48:37   5602.07   1083.11
00:48:40   6946.63   1967.41
00:48:43   7136.39   2647.31
00:48:46   6522.73   2644.08
00:48:49   8321.12   2669.25
00:48:52   7224.02   2181.30
Connection to 192.168.1.102 closed.
time: 2
  Time         enp0s25      
HH:MM:SS   Kbps in  Kbps out
00:48:58   5222.16   2410.05
00:49:01   7354.71   2525.24
00:49:04   6609.93   1170.11
00:49:07   6876.82   1686.04
00:49:10   6885.06   2669.95
00:49:13   8955.66   2765.69
00:49:16   5885.62   4660.87
00:49:19   7328.18   4674.30
00:49:22   7175.91   4362.89
00:49:25   5591.55   2944.80
00:49:28   7439.57   3237.59
00:49:31   6233.00   1951.70
00:49:34   7100.46   1496.94
00:49:37   7166.94   3389.27
00:49:40   8202.22   3054.78
00:49:43   7271.74   1361.13
00:49:46   5049.47   2760.13
00:49:49   7193.61   3135.84
00:49:52   7381.99   1317.39
Connection to 192.168.1.102 closed.
time: 3
  Time         enp0s25      
HH:MM:SS   Kbps in  Kbps out
00:49:59   6913.05   4664.84
00:50:02   6503.52   4694.75
00:50:05   9132.31   4697.37
00:50:08   5643.59   4661.65
00:50:11   6819.19   4536.04
00:50:14   6654.81   4675.87
00:50:17   5673.93   4657.45
00:50:20   6940.45   2363.46
00:50:23   6908.86   1762.42
00:50:26   5058.68   2275.16
00:50:29   7161.86   4162.86
00:50:32   7472.47    982.96
00:50:35   5682.04   1267.84
00:50:38   6948.91   1926.76
00:50:41   7240.83   2453.66
00:50:44   7093.71   2318.94
00:50:47   7381.69     33.91
00:50:50   5784.99    971.79
00:50:53   7434.42   4094.75
Connection to 192.168.1.102 closed.
time: 4
  Time         enp0s25      
HH:MM:SS   Kbps in  Kbps out
00:50:58   7260.36    979.53
00:51:01   7170.88   1814.71
00:51:04   8907.54   2642.39
00:51:07   7433.99    301.29
00:51:10   7070.13   1264.75
00:51:13   6263.80   3765.25
00:51:16   7462.90    916.49
00:51:19   7627.87    121.87
00:51:22   5283.40    547.70
00:51:25   7810.35   3234.28
00:51:28   7912.47   1567.68
00:51:31   5737.95     10.11
00:51:34   6940.68    859.95
00:51:37   7578.67    846.77
00:51:40   5962.75    775.28
00:51:43   7588.22   2314.11
00:51:46   7064.52    845.53
00:51:49   7363.08    849.84
00:51:52   6303.08    817.68
Connection to 192.168.1.102 closed.
time: 5
  Time         enp0s25      
HH:MM:SS   Kbps in  Kbps out
00:51:58   7035.88   1523.12
00:52:01   5921.12   2442.96
00:52:04   7545.73    867.14
00:52:07   7494.87    620.47
00:52:10  65840.76   1593.34
00:52:13  88030.08   2163.35
00:52:16  94696.12   3502.41
00:52:19  90026.07   3358.93
00:52:22  83483.11   2195.22
00:52:25  79445.58   2058.81
00:52:28  69304.11   1747.57
00:52:31  73117.72   3927.84
00:52:34  88188.15   1941.40
00:52:37  63735.02   1848.51
00:52:40  78013.90   2370.88
00:52:43  73032.32   2208.42
00:52:46  88642.10   2509.39
00:52:49  72046.28   1782.97
00:52:52  94106.31   2344.85
Connection to 192.168.1.102 closed.
time: 6
  Time         enp0s25      
HH:MM:SS   Kbps in  Kbps out
00:52:58  79697.96   2171.10
00:53:01  57459.95   2236.90
00:53:04  76288.26   1680.63
00:53:07  82585.53   1950.81
00:53:10  80244.54   2009.63
00:53:13  68007.04   1691.04
00:53:16  53927.16   1875.99
00:53:19  47831.72   1785.88
00:53:22  57313.79   1920.84
00:53:25  46426.68   1362.11
00:53:28  66837.22   1724.59
00:53:31  87693.90   2362.94
00:53:34  94194.75   3211.53
00:53:37  80125.67   1718.67
00:53:40  96491.59   2275.89
00:53:43  97488.25   2185.02
00:53:46  82866.44   2665.97
00:53:49  61930.68   1604.55
00:53:52  65030.49   1602.39
Connection to 192.168.1.102 closed.
time: 7
  Time         enp0s25      
HH:MM:SS   Kbps in  Kbps out
00:53:59  76427.32   1931.67
00:54:02  80502.66   2539.18
00:54:05  88623.98   2039.23
00:54:08  75749.02   1540.92
00:54:11  75698.90   2138.40
00:54:14  61017.42   1699.41
00:54:17  54498.99   1680.25
00:54:20  29589.44    580.61
00:54:23  30396.59   1534.94
00:54:26  32676.24   1242.14
00:54:29  38762.30   1516.45
00:54:32  40028.75    846.86
00:54:35  41440.38   1923.05
00:54:38  30242.34   1091.31
00:54:41  28665.24   1051.26
00:54:44  34841.28    740.36
00:54:47  36659.29   1364.51
00:54:50  30923.93    864.48
00:54:53  36146.20   1138.07
Connection to 192.168.1.102 closed.
time: 8
  Time         enp0s25      
HH:MM:SS   Kbps in  Kbps out
00:54:58  42252.17   1471.74
00:55:01  30294.04    646.71
00:55:04  27881.28   1092.28
00:55:07  30081.87   1203.08
00:55:10  32747.64   1290.28
00:55:13  26394.83    445.26
00:55:16  29454.12   1195.32
00:55:19  40502.54   1109.31
00:55:22  37708.63   1315.49
00:55:25  45659.86    860.32
00:55:28  30039.14   1220.37
00:55:31  42058.10   1204.27
00:55:34  28456.05   1187.62
00:55:37  41833.18    778.37
00:55:40  29468.64    953.41
00:55:43  40081.93   1280.58
00:55:46  45105.94   1379.83
00:55:49  43091.52    823.30
00:55:52  37212.76   1204.10
Connection to 192.168.1.102 closed.
time: 9
  Time         enp0s25      
HH:MM:SS   Kbps in  Kbps out
00:56:02  42418.87   1155.03
00:56:05  40288.15    777.43
00:56:08  32098.93   1088.41
00:56:11  39204.76   1058.65
00:56:14  40294.07   1307.46
00:56:17  52463.78   1334.90
00:56:20  41883.05    824.72
00:56:23  29676.02    896.29
00:56:26  41727.74   1011.62
00:56:29  29368.50   1051.33
00:56:32  41791.93    814.85
00:56:35  52896.00   1382.38
00:56:38  42427.17    929.81
00:56:41  40524.00    778.20
00:56:44  48618.82   1096.31
00:56:47  31481.37    905.91
00:56:50  45158.69   1206.12
00:56:53  30245.54    546.28
00:56:56  51066.62   1197.83
Connection to 192.168.1.102 closed.
time: 10
  Time         enp0s25      
HH:MM:SS   Kbps in  Kbps out
00:57:02  41504.81   1143.87
00:57:05  38221.22    726.18
00:57:08  42936.50   1186.95
00:57:11  41494.44   1093.14
00:57:14  47862.05   1288.97
00:57:17  45072.63    891.79
00:57:20  46858.65   1282.04
00:57:23  42345.79   1179.15
00:57:26  12561.26    516.36
00:57:29   7045.57     38.80
00:57:32   6723.06    383.59
00:57:35   5557.51    233.27
00:57:38   7562.98    388.38
00:57:41   7410.13     52.13
00:57:44   5439.53    395.47
00:57:47   7709.17    397.18
00:57:50  33533.34   1201.59
00:57:53  97691.18   2038.42
00:57:56  93650.25   2304.08
Connection to 192.168.1.102 closed.
time: 11
  Time         enp0s25      
HH:MM:SS   Kbps in  Kbps out
00:58:02  96208.48   2171.02
00:58:05  86107.21   2262.18
00:58:08  82710.09   1708.67
00:58:11  90300.05   1898.19
00:58:14  85771.74   2028.37
00:58:17  96323.95   2236.90
00:58:20  95111.14   1943.00
00:58:23  91259.46   2064.26
00:58:26  97504.76   2213.90
00:58:29  100698.5   2343.12
00:58:32  84316.30   1925.92
00:58:35  74154.17   1506.66
00:58:38  98085.97   1996.96
00:58:41  101348.6   2070.40
00:58:44  98765.41   1962.86
00:58:47  95873.58   1947.38
00:58:50  94183.94   1884.86
00:58:53  91626.66   1873.16
00:58:56  100308.5   2079.94
Connection to 192.168.1.102 closed.
time: 12
  Time         enp0s25      
HH:MM:SS   Kbps in  Kbps out
00:59:02  84852.35   1734.57
00:59:05  68565.83   1771.10
00:59:08  54406.29   1100.11
00:59:11  45829.90    907.15
00:59:14  61794.25   1273.28
00:59:17  36859.42    691.45
00:59:20   5282.19     35.27
00:59:23   6961.92    288.94
00:59:26   6938.37    205.36
00:59:29   7115.93     53.36
00:59:32   5670.82     22.70
00:59:35   6261.84     25.53
00:59:38   6059.87     51.24
00:59:41   6467.61     28.66
00:59:44   6825.25     48.98
00:59:47   7001.97     42.00
00:59:50   6265.94     46.47
00:59:53   6820.07     39.71
00:59:56   7542.51     77.36
Connection to 192.168.1.102 closed.
time: 13
  Time         enp0s25      
HH:MM:SS   Kbps in  Kbps out
01:00:02   6650.02     62.48
01:00:05   7157.12   1355.36
01:00:08   5160.35     37.64
01:00:11   6713.93   1409.77
01:00:14   6662.53     60.49
01:00:17   5163.12     37.61
01:00:20   6981.44     49.67
01:00:23   6310.82   1401.93
01:00:26   6755.47    198.41
01:00:29   5507.93    188.21
01:00:32   7219.81    910.31
01:00:35   6745.27   1472.96
01:00:38   5017.37    184.42
01:00:41   6656.16   1189.36
01:00:44   6904.54    126.60
01:00:47   5133.30     96.20
01:00:50   6087.82   1085.07
01:00:53   6063.90    195.78
01:00:56   6882.44   1278.67
Connection to 192.168.1.102 closed.
time: 14
  Time         enp0s25      
HH:MM:SS   Kbps in  Kbps out
01:01:02   7118.20    718.99
01:01:05   7260.93   1281.51
01:01:08   5393.01    282.05
01:01:11   6858.70   1395.39
01:01:14   6671.37    380.15
01:01:17   5698.06    317.10
01:01:20   7127.54   1547.83
01:01:23   7060.70     32.83
01:01:26   5254.52    363.82
01:01:29   7082.79   1539.63
01:01:32   7065.35    382.48
01:01:35   5287.00     14.21
01:01:38   6980.99    842.37
01:01:41   7136.34    369.85
01:01:44   5962.23    360.74
01:01:47   6459.60    411.78
01:01:50   6322.89    174.15
01:01:53   6344.85    753.25
01:01:56   7331.67    375.36
Connection to 192.168.1.102 closed.
time: 15
  Time         enp0s25      
HH:MM:SS   Kbps in  Kbps out
01:02:02   7399.38    778.72
01:02:05   5373.89    385.63
01:02:08   6962.24    809.98
01:02:11   7232.63    376.14
01:02:14   5659.19     11.07
01:02:17   7018.32    766.60
01:02:20   7149.87    378.33
01:02:23   7069.97    370.36
01:02:26   5642.18    352.33
01:02:29   7184.76    426.77
01:02:32   7129.50    369.72
01:02:35   4775.57    347.90
01:02:38   7194.58    539.73
01:02:41   6900.01     31.65
01:02:44   5503.27    629.58
01:02:47   6477.87    530.49
01:02:50   7007.06    547.63
01:02:53   5083.46    356.65
01:02:56   6249.31    574.07
Connection to 192.168.1.102 closed.
time: 16
  Time         enp0s25      
HH:MM:SS   Kbps in  Kbps out
01:03:02   7013.29    560.63
01:03:05  86102.13   1893.70
01:03:08  100611.1   2678.86
01:03:11  101287.8   2339.83
01:03:14  100707.8   2276.59
01:03:17  99772.53   2960.17
01:03:20  100630.8   2176.69
01:03:23  101367.2   2026.20
01:03:26  100581.6   2315.61
01:03:29  100845.9   2341.86
01:03:32  101079.9   2861.50
01:03:35  101794.4   2159.90
01:03:38  100947.1   2266.20
01:03:41  100489.0   2461.35
01:03:44  100944.9   2288.27
01:03:47  100998.8   2387.01
01:03:50  101440.5   2317.79
01:03:53  101028.0   2239.00
01:03:56  100469.1   2315.88
Connection to 192.168.1.102 closed.
time: 17
  Time         enp0s25      
HH:MM:SS   Kbps in  Kbps out
01:04:03  100378.5   2242.90
01:04:06  100308.8   2621.86
01:04:09  101765.2   2265.49
01:04:12  101061.9   2088.71
01:04:15  100476.3   2452.45
01:04:18  83777.92   1990.12
01:04:21   7845.73    545.01
01:04:24   5748.65    400.35
01:04:27   7179.33    705.39
01:04:30   7447.28    542.60
01:04:33   5534.52    523.32
01:04:36   7187.07     34.08
01:04:39   6336.21    544.28
01:04:42   6015.73    919.48
01:04:45   6598.69    543.84
01:04:48   6949.27     39.45
01:04:51   6550.13    450.27
01:04:54   6854.31   1283.03
01:04:57   6406.77    891.14
Connection to 192.168.1.102 closed.
time: 18
  Time         enp0s25      
HH:MM:SS   Kbps in  Kbps out
01:05:02   6205.84    821.80
01:05:05   6520.89   1425.36
01:05:08   8981.72   1816.56
01:05:11   5707.64    193.84
01:05:14   6943.69   1273.25
01:05:17   6839.08   1089.98
01:05:20   5361.05    971.42
01:05:23   6925.76    873.08
01:05:26   7354.11    565.94
01:05:29   5160.61    666.55
01:05:32   7160.75    607.21
01:05:35   7119.35    265.10
01:05:38   5712.32     17.65
01:05:41   7112.09   1230.44
01:05:44   7623.97    267.64
01:05:47   7352.23    206.20
01:05:50   5943.84     82.45
01:05:53   6963.97    265.24
01:05:56   7324.66    638.54
Connection to 192.168.1.102 closed.
time: 19
  Time         enp0s25      
HH:MM:SS   Kbps in  Kbps out
01:06:02   7102.43    270.28
01:06:05   6821.71    269.95
01:06:08   6103.44    253.24
01:06:11   7364.19    184.15
01:06:14   7195.81   1126.88
01:06:17   5302.19    944.91
01:06:20   7118.90    279.18
01:06:23   7408.56     94.20
01:06:26   5461.37     90.00
01:06:29   6650.01    262.68
01:06:32   6831.86   1482.08
01:06:35   7118.40    611.62
01:06:38   7317.08     85.10
01:06:41   6636.66    294.51
01:06:44   6643.32    420.02
01:06:47   6986.12   1389.11
01:06:50   7042.91    442.76
01:06:53   6821.21    795.31
01:06:56   6915.71    778.50
Connection to 192.168.1.102 closed.
time: 20
  Time         enp0s25      
HH:MM:SS   Kbps in  Kbps out
01:07:03   7240.62    133.81
01:07:06   6598.03    782.35
01:07:09   5471.14    530.40
01:07:12   7350.97   1775.61
01:07:15   7266.30   1075.72
01:07:18   5563.97   1877.33
01:07:21   7551.89    717.46
01:07:24   7415.66   1726.10
01:07:27   5941.10   1579.57
01:07:30   7007.29    585.80
01:07:33   7229.80    696.49
01:07:36   6830.90    631.09
01:07:39   6366.81   2229.81
01:07:42   7136.87    402.27
01:07:45   7098.37    400.13
01:07:48   5699.33    727.40
01:07:51   7628.30    747.85
01:07:54   7110.25    951.11
01:07:57   5082.06   1612.61
Connection to 192.168.1.102 closed.
time: 21
  Time         enp0s25      
HH:MM:SS   Kbps in  Kbps out
01:08:02   6872.23    408.39
01:08:05   5395.33    344.44
01:08:08   6780.75    744.80
01:08:11   6119.17   1534.54
01:08:14   6697.13   1343.58
01:08:17  10336.94    168.72
01:08:20  101029.1   2494.28
01:08:23  101891.2   2213.61
01:08:26  100617.1   2639.46
01:08:29  100531.9   3563.27
01:08:32  101813.6   2198.28
01:08:35  101227.0   2186.26
01:08:38  98525.83   3181.86
01:08:41  101504.5   1978.72
01:08:44  101550.1   2173.31
01:08:47  102393.7   3016.63
01:08:50  95553.50   2024.99
01:08:53  101732.6   2075.46
01:08:56  101963.5   2217.86
Connection to 192.168.1.102 closed.
time: 22
  Time         enp0s25      
HH:MM:SS   Kbps in  Kbps out
01:09:03  101616.6   2478.67
01:09:06  101529.8   2065.74
01:09:09  95394.38   1956.86
01:09:12  101464.3   2645.16
01:09:15  100578.7   2437.99
01:09:18  79236.38   1758.45
01:09:21  101602.9   2052.88
01:09:24  100460.4   2176.07
01:09:27  98592.24   3070.08
01:09:30  101076.6   2162.53
01:09:33  100389.5   2068.34
01:09:36   7108.04    131.54
01:09:39   6411.62    461.50
01:09:42   7175.17     80.56
01:09:45   7451.93     38.23
01:09:48   6820.43    579.52
01:09:51   6201.02    909.21
01:09:54   7597.42    420.09
01:09:57   7553.52    424.70
Connection to 192.168.1.102 closed.
time: 23
  Time         enp0s25      
HH:MM:SS   Kbps in  Kbps out
01:10:03   5128.37    400.33
01:10:06   7400.95    420.92
01:10:09   7859.60   1211.29
01:10:12   5731.78    307.24
01:10:15   6766.87    400.27
01:10:18   7463.13    410.62
01:10:21   5600.29    380.84
01:10:24   7462.97    396.57
01:10:27   7093.90   1190.41
01:10:30   6811.36    574.86
01:10:33   5903.73    320.22
01:10:36   7269.03    167.90
01:10:39   7281.37     34.40
01:10:42   5318.87    202.19
01:10:45   7226.93    604.17
01:10:48   7398.37    226.99
01:10:51   5880.01     13.00
01:10:54   7099.23    226.20
01:10:57   7459.43    216.83
Connection to 192.168.1.102 closed.
time: 24
  Time         enp0s25      
HH:MM:SS   Kbps in  Kbps out
01:11:02   7428.62    426.66
01:11:05   6979.80    249.45
01:11:08   5795.54    139.35
01:11:11   7591.15    465.45
01:11:14   7239.11    182.43
01:11:17   5436.98    492.22
01:11:20   7201.87    994.15
01:11:23   7603.09    548.32
01:11:26   7429.12     89.93
01:11:29   6719.21    994.79
01:11:32   7394.41   1173.83
01:11:35   7465.20    456.31
01:11:38   7397.72    746.39
01:11:41   8179.71    712.01
01:11:44   7551.63    777.95
01:11:47   5653.42    514.20
01:11:50   7358.09   1058.19
01:11:53   7368.10    798.02
01:11:56   5287.58    941.98
Connection to 192.168.1.102 closed.
time: 25
  Time         enp0s25      
HH:MM:SS   Kbps in  Kbps out
01:12:03   7394.38   1139.32
01:12:06   7316.58    910.07
01:12:09   5359.47    683.81
01:12:12   7068.96   1614.48
01:12:15   7070.48   1232.02
01:12:18   5815.81   1179.30
01:12:21   6648.74    686.60
01:12:24   7147.45   1179.02
01:12:27   5906.46    921.35
01:12:30   7217.18    147.91
01:12:33   7184.22   1521.67
01:12:36   5777.37    756.15
01:12:39   7193.17     81.98
01:12:42   7010.53   1069.62
01:12:45   7386.56   1060.23
01:12:48   5959.34    833.95
01:12:51   7000.57   1164.59
01:12:54   6420.57   1062.50
01:12:57   7262.00   1167.46
Connection to 192.168.1.102 closed.
