
========== Time: 0 ==========
yolo11-0, 78603909, train
yolo11-0, 58652309, car
yolo3-0, 58652309, car
yolo10-0, 58652309, car
yolo10-0, 77467353, car
yolo3-0, 77467353, car
yolo11-0, 77467353, car
yolo11-0, 43111502, car
yolo10-0, 43111502, car
yolo3-0, 43111502, car

========== Time: 1 ==========
yolo3-0, 17546442, car
yolo10-0, 17546442, car
yolo11-0, 17546442, car
yolo3-0, 10595322, car
yolo10-0, 10595322, car
yolo11-0, 10595322, car
yolo10-0, 61501405, car
yolo11-0, 61501405, car
yolo3-0, 61501405, car
yolo10-0, 06964889, car
yolo3-0, 06964889, car
yolo11-0, 06964889, car
yolo10-0, 57579191, car
yolo11-0, 57579191, car
yolo3-0, 57579191, car
yolo10-0, 82981100, car
yolo3-0, 82981100, car
yolo11-0, 82981100, car
yolo11-0, 34280666, car
yolo3-0, 34280666, car
yolo10-0, 34280666, car
yolo4-0, 06964889, car
yolo8-0, 06964889, car
yolo8-0, 57579191, car
yolo4-0, 57579191, car
yolo10-0, 54272786, car
yolo11-0, 54272786, car
yolo3-0, 54272786, car
yolo8-0, 82981100, car
yolo4-0, 82981100, car
yolo8-0, 34280666, car
yolo4-0, 34280666, car
yolo10-0, 15820838, car
yolo3-0, 15820838, car
yolo11-0, 15820838, car
yolo4-0, 54272786, car
yolo8-0, 54272786, car
yolo8-0, 15820838, car
yolo4-0, 15820838, car
yolo11-0, 94663744, car
yolo10-0, 94663744, car
yolo3-0, 94663744, car
yolo4-0, 94663744, car
yolo8-0, 94663744, car
yolo10-0, 45922660, car
yolo4-0, 45922660, car
yolo8-0, 45922660, car
yolo3-0, 45922660, car
yolo11-0, 45922660, car
yolo8-0, 09972034, car
yolo3-0, 09972034, car
yolo11-0, 09972034, car
yolo4-0, 09972034, car
yolo10-0, 09972034, car
yolo3-0, 76171473, car
yolo10-0, 76171473, car
yolo4-0, 76171473, car
yolo8-0, 76171473, car
yolo11-0, 76171473, car
yolo4-0, 25618494, car
yolo8-0, 25618494, car
yolo10-0, 25618494, car
yolo10-0, 77977533, car
yolo8-0, 77977533, car
yolo4-0, 77977533, car
yolo10-0, 64560897, car
yolo8-0, 64560897, car
yolo4-0, 64560897, car
yolo10-0, 60481637, car
yolo4-0, 60481637, car
yolo8-0, 60481637, car

========== Time: 2 ==========
yolo10-0, 24456974, car
yolo4-0, 24456974, car
yolo8-0, 24456974, car
yolo8-0, 88548614, car
yolo4-0, 88548614, car
yolo10-0, 88548614, car
yolo10-0, 69629002, bottle
yolo4-0, 69629002, bottle
yolo8-0, 69629002, bottle
yolo4-0, 39014632, car
yolo8-0, 39014632, car
yolo4-0, 81409687, car
yolo8-0, 81409687, car
yolo10-0, 39014632, car
yolo11-0, 25618494, car
yolo3-0, 25618494, car
yolo4-0, 37225439, car
yolo8-0, 37225439, car
yolo10-0, 81409687, car
yolo10-0, 37225439, car
yolo8-0, 58988538, car
yolo4-0, 58988538, car
yolo10-0, 58988538, car
yolo10-0, 67652356, car
yolo3-0, 77977533, car
yolo11-0, 77977533, car
yolo11-0, 64560897, car
yolo11-0, 60481637, car
yolo11-0, 24456974, car
yolo11-0, 88548614, car
yolo11-0, 69629002, bottle
yolo11-0, 39014632, car
yolo11-0, 81409687, car
yolo4-0, 67652356, car
yolo8-0, 67652356, car
yolo11-0, 37225439, car
yolo11-0, 58988538, car
yolo11-0, 67652356, car
yolo11-0, 98905154, car
yolo2-1, 33710060, car
yolo6-1, 33710060, car
yolo11-0, 60799333, car
yolo2-1, 40530960, train
yolo6-1, 40530960, train
yolo11-0, 28144400, car

========== Time: 3 ==========
yolo6-1, 76761635, car
yolo2-1, 76761635, car
yolo11-0, 57097551, car
yolo6-1, 96643752, car
yolo2-1, 96643752, car
yolo11-0, 33710060, car
yolo6-1, 79345564, car
yolo2-1, 79345564, car
yolo11-0, 40530960, train
yolo6-1, 15419791, car
yolo2-1, 15419791, car
yolo11-0, 76761635, car
yolo11-0, 96643752, car
yolo6-1, 09961804, car
yolo2-1, 09961804, car
yolo11-0, 79345564, car
yolo2-1, 26711376, car
yolo2-2, 26711376, car
yolo11-0, 15419791, car
yolo6-1, 26711376, car
yolo11-0, 09961804, car
yolo8-0, 98905154, car
yolo4-0, 98905154, car
yolo6-1, 96998676, car
yolo2-1, 96998676, car
yolo2-2, 96998676, car
yolo11-0, 26711376, car
yolo8-0, 60799333, car
yolo4-0, 60799333, car
yolo11-0, 96998676, car
yolo8-0, 28144400, car
yolo4-0, 28144400, car
yolo6-1, 76179635, car
yolo2-2, 76179635, car
yolo2-1, 76179635, car
yolo11-0, 76179635, car
yolo4-0, 57097551, car
yolo8-0, 57097551, car
yolo8-0, 33710060, car
yolo4-0, 33710060, car
yolo6-1, 95972940, car
yolo2-1, 95972940, car
yolo2-2, 95972940, car
yolo11-0, 95972940, car
yolo8-0, 40530960, train
yolo4-0, 40530960, train
yolo8-0, 76761635, car
yolo4-0, 76761635, car
yolo6-1, 77403524, car
yolo2-1, 77403524, car
yolo2-2, 77403524, car
yolo11-0, 77403524, car
yolo8-0, 96643752, car
yolo4-0, 96643752, car
yolo8-0, 79345564, car
yolo4-0, 79345564, car
yolo4-0, 15419791, car
yolo8-0, 15419791, car
yolo12-1, 95972940, car
yolo2-1, 80777722, car
yolo6-1, 80777722, car
yolo2-2, 80777722, car
yolo8-0, 09961804, car
yolo4-0, 09961804, car
yolo12-1, 77403524, car
yolo4-0, 26711376, car
yolo8-0, 26711376, car
yolo12-1, 80777722, car
yolo4-0, 96998676, aeroplane
yolo12-1, 56244480, car
yolo8-0, 96998676, car
yolo11-0, 80777722, car
yolo4-0, 76179635, aeroplane
yolo8-0, 76179635, car
yolo12-1, 95441986, car
yolo4-0, 95972940, aeroplane
yolo11-0, 56244480, car
yolo12-1, 37591060, car
yolo8-0, 95972940, car
yolo4-0, 77403524, aeroplane
yolo12-1, 67819944, car
yolo8-0, 77403524, car
yolo4-0, 80777722, aeroplane
yolo11-0, 95441986, car
yolo8-0, 80777722, car
yolo4-0, 56244480, aeroplane
yolo12-1, 53166253, car
yolo8-0, 56244480, car
yolo4-0, 95441986, aeroplane
yolo12-1, 53627240, car
yolo4-0, 37591060, aeroplane
yolo8-0, 95441986, car

========== Time: 4 ==========
yolo12-1, 60641499, car
yolo11-0, 37591060, car
yolo4-0, 67819944, aeroplane
yolo8-0, 37591060, car
yolo12-1, 45512507, car
yolo4-0, 53166253, aeroplane
yolo8-0, 67819944, car
yolo11-0, 67819944, car
yolo12-1, 35464576, car
yolo11-0, 53166253, car
yolo8-0, 53166253, car
yolo4-0, 53627240, aeroplane
yolo12-1, 01771801, car
yolo8-0, 53627240, car
yolo11-0, 53627240, car
yolo4-0, 60641499, aeroplane
yolo12-1, 93775007, car
yolo8-0, 60641499, car
yolo11-0, 60641499, car
yolo4-0, 45512507, aeroplane
yolo4-0, 35464576, aeroplane
yolo8-0, 45512507, car
yolo11-0, 45512507, car
yolo12-1, 95888057, car
yolo8-0, 35464576, car
yolo11-0, 35464576, car
yolo4-0, 01771801, aeroplane
yolo11-0, 01771801, car
yolo8-0, 01771801, car
yolo12-1, 27852695, car
yolo4-0, 93775007, aeroplane
yolo11-0, 93775007, car
yolo8-0, 93775007, car
yolo4-0, 95888057, aeroplane
yolo11-0, 95888057, car
yolo8-0, 95888057, car
yolo12-1, 73387070, car
yolo4-0, 27852695, aeroplane
yolo11-0, 27852695, car
yolo8-0, 27852695, car
yolo4-0, 73387070, aeroplane
yolo8-0, 73387070, car
yolo11-0, 73387070, car
yolo12-1, 55236973, car
yolo4-0, 55236973, car
yolo8-0, 55236973, car
yolo11-0, 55236973, car
yolo4-0, 81254801, car
yolo8-0, 81254801, car
yolo11-0, 81254801, car
yolo12-1, 81254801, car
yolo4-0, 53693952, car
yolo12-1, 53693952, car
yolo8-0, 53693952, car
yolo12-1, 41238921, car
yolo8-0, 41238921, car
yolo4-0, 41238921, car
yolo4-0, 85917611, car
yolo8-0, 85917611, car
yolo12-1, 85917611, car
yolo12-1, 28240340, car
yolo8-0, 28240340, car
yolo4-0, 28240340, car
yolo4-0, 54093705, car
yolo8-0, 54093705, car
yolo12-1, 54093705, car
yolo2-1, 56244480, car
yolo2-2, 56244480, car
yolo6-1, 56244480, car

========== Time: 5 ==========
yolo4-0, 65651087, car
yolo8-0, 65651087, car
yolo12-1, 65651087, car
yolo4-0, 93623578, car
yolo8-0, 93623578, car
yolo12-1, 93623578, car
yolo4-0, 12535438, car
yolo8-0, 12535438, car
yolo12-1, 12535438, car
yolo4-0, 53259448, aeroplane
yolo12-1, 53259448, car
yolo8-0, 53259448, car
yolo12-1, 72063202, aeroplane
yolo4-0, 72063202, aeroplane
yolo8-0, 72063202, aeroplane
yolo12-1, 66953525, aeroplane
yolo4-0, 66953525, aeroplane
yolo8-0, 66953525, aeroplane
yolo4-0, 57000385, aeroplane
yolo8-0, 57000385, car
yolo12-1, 57000385, aeroplane
yolo4-0, 51667402, aeroplane
yolo12-1, 51667402, aeroplane
yolo8-0, 51667402, aeroplane
yolo4-0, 69113817, aeroplane
yolo2-1, 95441986, car
yolo6-1, 95441986, car
yolo2-2, 95441986, car
yolo12-1, 69113817, aeroplane
yolo8-0, 69113817, aeroplane
yolo6-1, 37591060, car
yolo2-1, 37591060, car
yolo2-2, 37591060, car
yolo12-1, 53673345, sofa
yolo4-0, 53673345, aeroplane
yolo8-0, 53673345, sofa
yolo2-1, 67819944, car
yolo6-1, 67819944, car
yolo2-2, 67819944, car
yolo6-1, 53166253, car
yolo2-1, 53166253, car
yolo2-2, 53166253, car
yolo12-1, 68866544, aeroplane
yolo8-0, 68866544, aeroplane
yolo4-0, 68866544, aeroplane
yolo6-1, 53627240, car
yolo2-1, 53627240, car
yolo2-2, 53627240, car
yolo6-1, 60641499, car
yolo2-1, 60641499, car
yolo4-0, 05564387, aeroplane
yolo8-0, 05564387, car
yolo12-1, 05564387, car
yolo2-2, 60641499, car
yolo6-1, 45512507, aeroplane
yolo2-1, 45512507, bottle
yolo2-2, 45512507, bottle
yolo2-1, 35464576, car
yolo6-1, 35464576, car
yolo4-0, 43180857, aeroplane
yolo2-2, 35464576, car
yolo12-1, 43180857, car
yolo8-0, 43180857, car
yolo6-1, 01771801, car
yolo2-2, 01771801, aeroplane
yolo2-1, 21152234, aeroplane
yolo12-1, 21152234, aeroplane
yolo4-0, 21152234, aeroplane
yolo8-0, 21152234, boat
yolo8-0, 07763294, aeroplane
yolo4-0, 07763294, aeroplane
yolo12-1, 07763294, aeroplane
yolo2-1, 07763294, aeroplane
yolo6-1, 07763294, aeroplane
yolo2-2, 07763294, aeroplane

========== Time: 6 ==========
yolo2-2, 70601594, aeroplane
yolo4-0, 70601594, aeroplane
yolo8-0, 70601594, sofa
yolo12-1, 70601594, sofa
yolo2-1, 70601594, aeroplane
yolo6-1, 70601594, aeroplane
yolo8-0, 48630387, sofa
yolo12-1, 48630387, sofa
yolo4-0, 48630387, aeroplane
yolo8-0, 23239298, car
yolo12-1, 23239298, car
yolo4-0, 23239298, aeroplane
yolo6-1, 48630387, aeroplane
yolo2-1, 48630387, aeroplane
yolo2-2, 48630387, aeroplane
yolo12-1, 77368737, car
yolo4-0, 77368737, aeroplane
yolo8-0, 77368737, car
yolo2-1, 23239298, car
yolo6-1, 23239298, aeroplane
yolo2-2, 23239298, car
yolo6-1, 77368737, aeroplane
yolo2-1, 77368737, car
yolo2-2, 77368737, car
yolo4-0, 09364299, aeroplane
yolo8-0, 09364299, car
yolo12-1, 09364299, car
yolo6-1, 09364299, aeroplane
yolo2-1, 09364299, car
yolo2-2, 09364299, car

========== Time: 7 ==========
yolo6-1, 48325715, aeroplane
yolo2-1, 48325715, aeroplane
yolo2-2, 48325715, aeroplane
yolo12-1, 48325715, sofa
yolo8-0, 48325715, sofa
yolo4-0, 48325715, aeroplane
yolo6-1, 20398569, aeroplane
yolo2-1, 20398569, car
yolo6-3, 31945406, aeroplane
yolo2-2, 20398569, car
yolo4-0, 20398569, aeroplane
yolo8-0, 20398569, car
yolo12-1, 20398569, car
yolo2-2, 74850991, sofa
yolo2-1, 74850991, sofa
yolo6-1, 74850991, bottle
yolo6-3, 83373589, aeroplane
yolo4-0, 74850991, bottle
yolo12-1, 74850991, sofa
yolo8-0, 74850991, sofa
yolo2-1, 73121189, aeroplane
yolo6-3, 64188869, aeroplane
yolo2-2, 73121189, aeroplane
yolo6-1, 73121189, aeroplane
yolo12-1, 73121189, aeroplane
yolo4-0, 73121189, aeroplane
yolo8-0, 73121189, aeroplane
yolo2-1, 63630080, aeroplane
yolo6-3, 34811847, aeroplane
yolo6-1, 63630080, aeroplane
yolo2-2, 63630080, aeroplane
yolo12-1, 63630080, aeroplane
yolo4-0, 63630080, aeroplane
yolo8-0, 63630080, aeroplane
yolo2-1, 85909736, car
yolo6-3, 14662867, aeroplane
yolo6-1, 85909736, aeroplane
yolo2-2, 85909736, car
yolo12-1, 85909736, car
yolo4-0, 85909736, aeroplane
yolo8-0, 85909736, car
yolo2-1, 95180194, car
yolo6-3, 96366543, aeroplane
yolo6-1, 95180194, aeroplane
yolo2-2, 95180194, car
yolo12-1, 95180194, car
yolo4-0, 95180194, aeroplane
yolo8-0, 95180194, car
yolo2-1, 05542760, bottle
yolo2-2, 05542760, bottle
yolo6-1, 05542760, bottle
yolo4-0, 05542760, bottle
yolo8-0, 05542760, bottle
yolo12-1, 05542760, car
yolo2-1, 20242304, aeroplane
yolo6-1, 20242304, aeroplane
yolo2-2, 20242304, aeroplane
yolo8-0, 20242304, sofa
yolo12-1, 20242304, sofa
yolo4-0, 20242304, aeroplane
yolo2-1, 31945406, car
yolo2-2, 31945406, car
yolo6-1, 31945406, aeroplane
yolo4-0, 31945406, aeroplane
yolo8-0, 31945406, car
yolo6-1, 83373589, aeroplane
yolo2-2, 83373589, car
yolo2-1, 83373589, car
yolo6-1, 64188869, aeroplane
yolo2-2, 64188869, car
yolo8-0, 83373589, car
yolo2-1, 64188869, car
yolo4-0, 83373589, aeroplane
yolo12-1, 58852412, aeroplane
yolo2-1, 34811847, car
yolo8-0, 64188869, car
yolo4-0, 64188869, aeroplane
yolo6-1, 34811847, aeroplane
yolo2-2, 34811847, car
yolo6-1, 14662867, aeroplane
yolo2-1, 14662867, car
yolo4-0, 34811847, aeroplane
yolo2-2, 14662867, car
yolo12-1, 94847604, aeroplane
yolo8-0, 34811847, car
yolo8-0, 14662867, car
yolo4-0, 14662867, aeroplane
yolo2-1, 96366543, aeroplane
yolo2-2, 96366543, aeroplane
yolo6-1, 96366543, aeroplane
yolo12-1, 19664979, aeroplane
yolo4-0, 96366543, aeroplane
yolo8-0, 96366543, car
yolo2-2, 03345140, aeroplane
yolo6-1, 03345140, aeroplane
yolo2-1, 03345140, aeroplane
yolo4-0, 03345140, aeroplane
yolo8-0, 03345140, car
yolo6-1, 87615818, aeroplane
yolo2-1, 87615818, aeroplane
yolo12-1, 01665048, aeroplane
yolo2-2, 87615818, aeroplane
yolo4-0, 87615818, aeroplane
yolo8-0, 87615818, car
yolo6-1, 54595603, aeroplane
yolo2-2, 54595603, aeroplane
yolo2-1, 54595603, aeroplane
yolo4-0, 54595603, aeroplane
yolo12-1, 15685461, aeroplane
yolo2-2, 80811487, aeroplane
yolo8-0, 54595603, car
yolo6-1, 80811487, aeroplane
yolo2-1, 80811487, aeroplane
yolo4-0, 80811487, aeroplane

========== Time: 8 ==========
yolo2-2, 78894642, aeroplane
yolo12-1, 94890349, aeroplane
yolo6-1, 78894642, aeroplane
yolo2-1, 78894642, aeroplane
yolo8-0, 80811487, car
yolo4-0, 78894642, aeroplane
yolo2-2, 70757035, aeroplane
yolo6-1, 70757035, aeroplane
yolo2-1, 70757035, aeroplane
yolo8-0, 78894642, aeroplane
yolo4-0, 70757035, aeroplane
yolo12-1, 63240101, person
yolo2-2, 58852412, aeroplane
yolo6-1, 58852412, aeroplane
yolo8-0, 70757035, aeroplane
yolo2-1, 58852412, aeroplane
yolo4-0, 58852412, aeroplane
yolo2-2, 94847604, aeroplane
yolo6-1, 94847604, aeroplane
yolo8-0, 58852412, aeroplane
yolo2-1, 94847604, aeroplane
yolo12-1, 30634734, aeroplane
yolo4-0, 94847604, aeroplane
yolo2-2, 19664979, aeroplane
yolo6-1, 19664979, aeroplane
yolo2-1, 19664979, aeroplane
yolo8-0, 94847604, aeroplane
yolo4-0, 19664979, aeroplane
yolo2-2, 01665048, aeroplane
yolo12-1, 44478949, sofa
yolo6-1, 01665048, aeroplane
yolo2-1, 01665048, aeroplane
yolo8-0, 19664979, aeroplane
yolo4-0, 01665048, aeroplane
yolo2-2, 15685461, aeroplane
yolo2-1, 15685461, aeroplane
yolo6-1, 15685461, aeroplane
yolo8-0, 01665048, aeroplane
yolo4-0, 15685461, aeroplane
yolo2-2, 94890349, aeroplane
yolo2-1, 94890349, aeroplane
yolo12-1, 94155610, aeroplane
yolo6-1, 94890349, aeroplane
yolo8-0, 15685461, aeroplane
yolo4-0, 94890349, aeroplane
yolo2-2, 63240101, aeroplane
yolo2-1, 63240101, aeroplane
yolo6-1, 63240101, aeroplane
yolo8-0, 94890349, aeroplane
yolo4-0, 63240101, aeroplane
yolo2-2, 30634734, aeroplane
yolo12-1, 63347445, bird
yolo6-1, 30634734, aeroplane
yolo2-1, 30634734, aeroplane
yolo8-0, 63240101, person
yolo4-0, 30634734, aeroplane
yolo2-2, 44478949, person
yolo6-1, 44478949, person
yolo2-1, 44478949, person
yolo8-0, 30634734, aeroplane
yolo4-0, 44478949, person
yolo2-2, 94155610, aeroplane
yolo6-1, 94155610, aeroplane
yolo2-1, 94155610, aeroplane
yolo12-1, 12754907, aeroplane
yolo8-0, 44478949, sofa
yolo4-0, 94155610, aeroplane
yolo2-2, 63347445, aeroplane
yolo6-1, 63347445, aeroplane
yolo2-1, 63347445, aeroplane
yolo4-0, 63347445, aeroplane
yolo8-0, 94155610, aeroplane
yolo2-2, 12754907, aeroplane
yolo6-1, 12754907, aeroplane
yolo12-1, 92090114, aeroplane
yolo2-1, 12754907, aeroplane
yolo4-0, 12754907, aeroplane
yolo8-0, 63347445, bird
yolo2-2, 92090114, aeroplane
yolo6-1, 92090114, aeroplane
yolo2-1, 92090114, aeroplane
yolo12-1, 49491857, bottle
yolo4-0, 92090114, aeroplane
yolo2-2, 49491857, bottle
yolo8-0, 12754907, aeroplane
yolo6-1, 49491857, bottle
yolo2-1, 49491857, bottle
yolo4-0, 49491857, bottle
yolo8-0, 92090114, aeroplane
yolo2-2, 99028376, aeroplane
yolo4-0, 99028376, aeroplane
yolo6-1, 99028376, aeroplane
yolo8-0, 49491857, bottle
yolo8-0, 99028376, aeroplane
yolo2-2, 59451938, aeroplane
yolo4-0, 59451938, aeroplane
yolo6-1, 59451938, aeroplane
yolo8-0, 59451938, aeroplane
yolo2-2, 27669525, aeroplane
yolo8-0, 27669525, aeroplane
yolo6-1, 27669525, aeroplane
yolo4-0, 27669525, aeroplane
yolo8-0, 59287116, car
yolo4-0, 59287116, aeroplane
yolo6-1, 59287116, aeroplane
yolo2-2, 59287116, aeroplane
yolo2-2, 72383315, aeroplane
yolo6-1, 72383315, aeroplane
yolo4-0, 72383315, aeroplane
yolo8-0, 72383315, bottle

========== Time: 9 ==========
yolo8-0, 35381449, car
yolo2-2, 35381449, aeroplane
yolo4-0, 35381449, aeroplane
yolo6-1, 35381449, aeroplane
yolo2-2, 51019224, bottle
yolo8-0, 51019224, bottle
yolo4-0, 51019224, bottle
yolo6-1, 51019224, bottle
yolo6-1, 17506462, aeroplane
yolo8-0, 17506462, aeroplane
yolo2-2, 17506462, aeroplane
yolo2-2, 94713466, aeroplane
yolo8-0, 94713466, aeroplane
yolo6-1, 94713466, aeroplane
yolo2-2, 75554592, aeroplane
yolo8-0, 75554592, car
yolo6-1, 75554592, aeroplane
yolo6-1, 81260242, aeroplane
yolo2-2, 81260242, aeroplane
yolo8-0, 81260242, car
yolo2-2, 67376216, aeroplane
yolo6-1, 67376216, aeroplane
yolo8-0, 67376216, car
yolo6-1, 10734107, aeroplane
yolo2-2, 10734107, aeroplane
yolo8-0, 10734107, car
yolo8-0, 30689856, car
yolo6-1, 30689856, aeroplane
yolo2-2, 30689856, aeroplane
yolo6-1, 43093347, aeroplane
yolo6-1, 39838411, aeroplane
yolo6-1, 46218441, aeroplane
yolo6-1, 28374108, aeroplane
yolo6-1, 45102065, aeroplane
yolo6-1, 14983908, aeroplane
yolo6-1, 32627353, aeroplane
yolo6-1, 42594049, aeroplane
yolo6-1, 70031241, aeroplane
yolo6-1, 07019225, aeroplane
yolo6-1, 56121292, aeroplane
yolo6-1, 66268558, aeroplane
yolo6-1, 81854581, aeroplane
yolo6-1, 09454716, aeroplane
yolo6-1, 64722086, aeroplane

========== Time: 10 ==========
yolo6-1, 28791252, aeroplane
yolo6-1, 30078308, aeroplane
yolo6-1, 13785373, aeroplane
yolo6-1, 90434913, aeroplane
yolo6-1, 53682853, aeroplane
yolo6-1, 48463024, aeroplane
yolo6-1, 18049083, aeroplane
yolo6-1, 80569200, aeroplane
yolo7-4, 09454716, aeroplane
yolo6-1, 47535418, aeroplane
yolo7-4, 64722086, aeroplane
yolo7-4, 28791252, aeroplane
yolo7-4, 30078308, aeroplane
yolo7-4, 13785373, aeroplane
yolo7-4, 90434913, aeroplane
yolo7-4, 53682853, aeroplane
yolo7-4, 48463024, aeroplane
yolo7-4, 18049083, aeroplane
yolo7-4, 80569200, aeroplane
yolo7-4, 47535418, aeroplane
yolo6-8, 68630916, aeroplane
yolo2-6, 68630916, aeroplane
yolo7-4, 51831070, aeroplane
yolo2-6, 64048682, aeroplane
yolo6-8, 64048682, aeroplane
yolo7-4, 39108510, aeroplane
yolo7-4, 93136289, aeroplane
yolo2-6, 70879316, aeroplane
yolo6-8, 70879316, aeroplane
yolo7-4, 68630916, aeroplane
yolo7-4, 64048682, aeroplane
yolo2-6, 37037498, aeroplane
yolo7-4, 70879316, aeroplane
yolo6-8, 37037498, aeroplane
yolo7-4, 37037498, aeroplane

========== Time: 11 ==========
yolo7-4, 04204547, aeroplane
yolo3-10, 04204547, aeroplane
yolo7-10, 04204547, aeroplane
yolo3-10, 93283515, aeroplane
yolo7-10, 93283515, aeroplane
yolo7-4, 93283515, aeroplane
yolo7-4, 55252970, aeroplane
yolo7-10, 55252970, aeroplane
yolo3-10, 55252970, aeroplane
yolo3-10, 80962157, aeroplane
yolo7-4, 80962157, aeroplane
yolo7-10, 80962157, aeroplane
yolo6-8, 04204547, aeroplane
yolo2-6, 04204547, aeroplane
yolo3-10, 99923219, car
yolo7-10, 99923219, aeroplane
yolo7-4, 99923219, aeroplane
yolo7-10, 55978576, aeroplane
yolo3-10, 55978576, car
yolo7-4, 55978576, aeroplane
yolo7-4, 08275951, aeroplane
yolo3-10, 08275951, car
yolo7-10, 08275951, aeroplane
yolo7-10, 63769339, aeroplane
yolo3-10, 63769339, car
yolo7-4, 63769339, aeroplane
yolo7-4, 93224434, aeroplane
yolo7-10, 93224434, aeroplane
yolo3-10, 93224434, car
yolo7-10, 45951141, aeroplane
yolo3-10, 45951141, car
yolo7-4, 45951141, aeroplane
yolo7-4, 42029659, aeroplane
yolo7-10, 42029659, aeroplane
yolo3-10, 42029659, car
yolo7-10, 91191767, aeroplane
yolo3-10, 91191767, car
yolo7-4, 91191767, aeroplane
yolo7-4, 72106488, aeroplane
yolo3-10, 72106488, car
yolo7-10, 72106488, aeroplane
yolo7-4, 75918424, aeroplane
yolo7-10, 75918424, aeroplane
yolo3-10, 75918424, aeroplane
yolo7-4, 80202091, aeroplane
yolo3-10, 80202091, aeroplane
yolo7-10, 80202091, aeroplane
yolo7-4, 03409514, aeroplane
yolo7-10, 03409514, aeroplane
yolo3-10, 03409514, aeroplane
yolo3-10, 07787346, aeroplane
yolo7-4, 07787346, aeroplane
yolo7-10, 07787346, aeroplane

========== Time: 12 ==========
yolo7-4, 63983943, aeroplane
yolo3-10, 63983943, car
yolo7-10, 63983943, aeroplane
yolo7-4, 87817708, aeroplane
yolo3-10, 87817708, aeroplane
yolo7-10, 87817708, aeroplane
yolo2-6, 93283515, aeroplane
yolo6-8, 93283515, aeroplane
yolo7-10, 32409392, aeroplane
yolo7-4, 32409392, aeroplane
yolo3-10, 32409392, car
yolo2-6, 55252970, aeroplane
yolo6-8, 55252970, aeroplane
yolo6-8, 80962157, aeroplane
yolo2-6, 80962157, aeroplane
yolo7-10, 23996443, aeroplane
yolo3-10, 23996443, aeroplane
yolo7-4, 23996443, aeroplane
yolo2-6, 99923219, car
yolo6-8, 99923219, aeroplane
yolo2-6, 55978576, car
yolo6-8, 55978576, aeroplane
yolo7-10, 92260923, bottle
yolo7-4, 92260923, bottle
yolo3-10, 92260923, bottle
yolo2-6, 08275951, car
yolo6-8, 08275951, aeroplane
yolo2-6, 63769339, car
yolo6-8, 63769339, aeroplane
yolo6-8, 93224434, aeroplane
yolo2-6, 93224434, car
yolo3-10, 11499414, bottle
yolo7-4, 11499414, bottle
yolo7-10, 11499414, bottle
yolo2-6, 45951141, car
yolo6-8, 45951141, aeroplane
yolo7-10, 81557211, aeroplane
yolo7-4, 81557211, aeroplane
yolo3-10, 81557211, bottle
yolo2-6, 42029659, car
yolo6-8, 42029659, aeroplane
yolo6-8, 91191767, aeroplane
yolo2-6, 91191767, car
yolo3-10, 52604854, bottle
yolo7-4, 52604854, bottle
yolo7-10, 52604854, bottle
yolo6-8, 72106488, aeroplane
yolo2-6, 72106488, car
yolo6-8, 75918424, aeroplane
yolo2-6, 75918424, aeroplane
yolo7-10, 75258039, aeroplane
yolo3-10, 75258039, aeroplane
yolo2-6, 80202091, aeroplane
yolo2-6, 03409514, aeroplane
yolo3-10, 61962801, car
yolo7-10, 61962801, aeroplane
yolo2-6, 07787346, aeroplane
yolo2-6, 63983943, car
yolo3-10, 23315380, bottle
yolo7-10, 23315380, person
yolo2-6, 35103010, aeroplane
yolo3-10, 35103010, aeroplane
yolo7-10, 35103010, aeroplane
yolo2-6, 83775947, aeroplane
yolo7-10, 83775947, aeroplane
yolo3-10, 83775947, aeroplane
yolo2-6, 34758845, car
yolo7-10, 34758845, aeroplane
yolo3-10, 34758845, car

========== Time: 13 ==========
yolo3-10, 09793078, car
yolo7-10, 09793078, aeroplane
yolo2-6, 09793078, car
yolo2-6, 99385013, car
yolo3-10, 99385013, car
yolo7-10, 99385013, aeroplane
yolo3-10, 35222177, car
yolo2-6, 35222177, car
yolo7-10, 35222177, aeroplane
yolo3-10, 65268570, car
yolo7-10, 65268570, aeroplane
yolo2-6, 65268570, car
yolo3-10, 57340168, car
yolo2-6, 57340168, car
yolo7-10, 57340168, aeroplane
yolo2-6, 72982115, car
yolo3-10, 72982115, car
yolo7-10, 72982115, aeroplane
yolo7-10, 44871214, aeroplane
yolo2-6, 44871214, car
yolo3-10, 44871214, car
yolo3-10, 80394426, car
yolo2-6, 80394426, car
yolo7-10, 80394426, aeroplane
yolo2-6, 88990142, car
yolo7-10, 88990142, aeroplane
yolo3-10, 88990142, car
yolo2-6, 72144283, car
yolo3-10, 72144283, car
yolo7-10, 72144283, aeroplane
yolo7-10, 01767405, aeroplane
yolo2-6, 01767405, car
yolo3-10, 01767405, car
yolo2-6, 79198627, car
yolo3-10, 79198627, car
yolo7-10, 79198627, aeroplane
yolo3-10, 87652536, car
yolo7-10, 87652536, aeroplane
yolo2-6, 87652536, car
yolo2-6, 98093761, car
yolo3-10, 98093761, car
yolo7-10, 98093761, aeroplane
yolo7-10, 10142274, aeroplane
yolo2-6, 10142274, car
yolo3-10, 10142274, car
yolo11-13, 10142274, car

========== Time: 14 ==========
yolo11-13, 52892594, car
yolo2-6, 52892594, car
yolo3-10, 52892594, car
yolo7-10, 52892594, aeroplane
yolo7-10, 56982209, aeroplane
yolo3-10, 56982209, car
yolo11-13, 56982209, car
yolo2-6, 56982209, car
yolo7-10, 08105616, aeroplane
yolo3-10, 08105616, car
yolo2-6, 08105616, car
yolo11-13, 08105616, car
yolo2-6, 44460912, car
yolo11-13, 44460912, car
yolo3-10, 44460912, car
yolo7-10, 44460912, aeroplane
yolo3-10, 90967150, car
yolo7-10, 90967150, aeroplane
yolo2-6, 90967150, car
yolo11-13, 90967150, car
yolo11-13, 57408969, car
yolo3-10, 57408969, car
yolo2-6, 57408969, car
yolo7-10, 57408969, aeroplane
yolo2-6, 26533515, car
yolo7-10, 26533515, aeroplane
yolo3-10, 26533515, car
yolo11-13, 26533515, car
yolo11-13, 70316898, car
yolo2-6, 70316898, car
yolo7-10, 70316898, aeroplane
yolo3-10, 70316898, car
yolo3-10, 38915540, car
yolo11-13, 38915540, car
yolo7-10, 38915540, aeroplane
yolo2-6, 38915540, car
yolo3-10, 54840542, car
yolo11-13, 54840542, car
yolo2-6, 54840542, car
yolo7-10, 54840542, aeroplane
yolo3-10, 35526589, car
yolo2-6, 35526589, car
yolo11-13, 35526589, car
yolo7-10, 35526589, aeroplane
yolo2-6, 94328977, car
yolo11-13, 94328977, car
yolo7-10, 94328977, aeroplane
yolo11-12, 94328977, car
yolo3-10, 94328977, car
yolo2-6, 43098573, car
yolo3-10, 43098573, car
yolo7-10, 43098573, aeroplane
yolo11-13, 43098573, car
yolo11-12, 43098573, car
yolo2-6, 82562229, car
yolo3-10, 82562229, car
yolo7-10, 82562229, aeroplane
yolo11-13, 82562229, car
yolo11-12, 82562229, car
yolo3-10, 31196206, car
yolo11-13, 31196206, car
yolo7-10, 31196206, aeroplane
yolo2-6, 31196206, car
yolo11-12, 31196206, car
yolo3-10, 37416035, car
yolo11-13, 37416035, car

========== Time: 15 ==========
yolo7-10, 37416035, aeroplane
yolo11-12, 37416035, car
yolo2-6, 37416035, car
yolo11-12, 98068981, car
yolo11-13, 98068981, car
yolo3-10, 98068981, car
yolo7-10, 98068981, aeroplane
yolo2-6, 98068981, car
yolo2-6, 36777477, car
yolo7-10, 36777477, aeroplane
yolo11-12, 36777477, car
yolo3-10, 36777477, car
yolo11-13, 36777477, car
yolo7-10, 71578981, aeroplane
yolo11-12, 71578981, car
yolo3-10, 71578981, car
yolo11-13, 71578981, car
yolo2-6, 71578981, car
yolo11-13, 11722380, car
yolo2-6, 11722380, car
yolo7-10, 11722380, aeroplane
yolo11-12, 11722380, car
yolo3-10, 11722380, car
yolo7-10, 37123169, aeroplane
yolo3-10, 37123169, car
yolo11-12, 37123169, car
yolo11-13, 37123169, car
yolo11-12, 41701950, car
yolo3-10, 41701950, car
yolo7-10, 41701950, aeroplane
yolo11-13, 41701950, car
yolo11-12, 08468913, car
yolo7-10, 08468913, aeroplane
yolo3-10, 08468913, car
yolo11-13, 08468913, car
yolo7-10, 95640762, aeroplane
yolo3-10, 95640762, car
yolo11-12, 95640762, car
yolo11-13, 95640762, car
yolo3-10, 98136594, car
yolo7-10, 98136594, aeroplane
yolo11-13, 98136594, car
yolo11-12, 98136594, car
yolo11-13, 74395465, car
yolo3-10, 74395465, car
yolo7-10, 74395465, aeroplane
yolo11-12, 74395465, car
yolo3-10, 21963299, car
yolo7-10, 21963299, aeroplane
yolo11-12, 21963299, car
yolo11-13, 21963299, car
yolo3-10, 64739159, car
yolo7-10, 64739159, aeroplane
yolo11-12, 64739159, car
yolo11-13, 64739159, car
yolo11-13, 45380486, car
yolo3-10, 45380486, car
yolo7-10, 45380486, aeroplane
yolo11-12, 45380486, car
yolo7-10, 07371248, aeroplane
yolo11-12, 07371248, car
yolo11-13, 07371248, car
yolo3-10, 07371248, car
yolo11-13, 04832952, car
yolo7-10, 04832952, aeroplane
yolo3-10, 04832952, car
yolo11-12, 04832952, car

========== Time: 16 ==========
yolo11-13, 24941312, car
yolo3-10, 24941312, car
yolo7-10, 24941312, aeroplane
yolo11-12, 24941312, car
yolo2-13, 41701950, car
yolo11-13, 20359569, car
yolo11-12, 20359569, car
yolo3-10, 20359569, car
yolo7-10, 20359569, aeroplane
yolo7-10, 97366536, aeroplane
yolo3-10, 97366536, bird
yolo11-13, 97366536, car
yolo11-12, 97366536, car
yolo3-10, 85013371, car
yolo11-13, 85013371, car
yolo7-10, 85013371, aeroplane
yolo11-12, 85013371, car
yolo3-10, 53155904, bottle
yolo7-10, 53155904, bottle
yolo11-12, 53155904, train
yolo11-13, 53155904, train
yolo3-10, 42172787, car
yolo7-10, 42172787, aeroplane
yolo11-12, 42172787, car
yolo11-13, 42172787, car
yolo11-12, 03323651, car
yolo3-10, 03323651, car
yolo11-13, 03323651, car
yolo7-10, 03323651, aeroplane
yolo7-10, 62041022, aeroplane
yolo3-10, 62041022, car
yolo11-12, 62041022, car
yolo11-13, 62041022, car
yolo11-12, 69341868, car
yolo7-10, 69341868, aeroplane
yolo3-10, 69341868, car
yolo11-13, 69341868, car
yolo11-13, 53084061, car
yolo11-12, 53084061, car
yolo3-10, 53084061, car
yolo7-10, 53084061, aeroplane
yolo8-9, 54840542, car
yolo12-14, 53155904, train
yolo8-10, 54840542, car
yolo4-9, 54840542, aeroplane
yolo8-13, 21963299, car
yolo11-12, 79398892, car
yolo3-10, 79398892, car
yolo7-10, 79398892, aeroplane
yolo11-13, 79398892, car
yolo8-10, 35526589, car
yolo8-13, 64739159, car
yolo8-9, 35526589, car
yolo12-14, 42172787, car
yolo4-9, 35526589, aeroplane
yolo3-10, 92660553, car
yolo11-13, 92660553, car
yolo11-12, 92660553, car
yolo7-10, 92660553, aeroplane
yolo3-10, 99642354, car
yolo11-12, 99642354, car
yolo7-10, 99642354, aeroplane
yolo11-13, 99642354, car
yolo11-12, 40585945, car
yolo7-10, 40585945, aeroplane
yolo11-13, 40585945, car
yolo3-10, 40585945, car

========== Time: 17 ==========
yolo11-13, 65992282, car
yolo3-10, 65992282, car
yolo11-12, 65992282, car
yolo7-10, 65992282, aeroplane
yolo11-13, 66629297, car
yolo3-10, 66629297, car
yolo11-12, 66629297, car
yolo7-10, 66629297, aeroplane
yolo11-12, 39220242, car
yolo3-10, 39220242, car
yolo7-10, 39220242, aeroplane
yolo11-13, 39220242, car
yolo3-10, 58448614, car
yolo11-12, 58448614, car
yolo7-10, 58448614, aeroplane
yolo3-10, 59255215, car
yolo11-13, 58448614, car
yolo11-12, 59255215, car
yolo7-10, 59255215, aeroplane
yolo3-10, 05115572, car
yolo11-13, 59255215, car
yolo11-12, 05115572, car
yolo7-10, 05115572, aeroplane
yolo11-13, 05115572, car
yolo11-12, 39870837, car
yolo3-10, 39870837, car
yolo7-10, 39870837, aeroplane
yolo11-13, 39870837, car
yolo3-10, 26503607, car
yolo11-13, 26503607, car
yolo7-10, 26503607, aeroplane
yolo11-12, 26503607, car
yolo7-10, 89214957, aeroplane
yolo11-13, 89214957, car
yolo3-10, 89214957, car
yolo11-12, 89214957, car
yolo11-12, 23005227, car
yolo11-13, 23005227, car
yolo7-10, 23005227, aeroplane
yolo3-10, 23005227, car
yolo11-12, 87916057, car
yolo3-10, 87916057, car
yolo7-10, 87916057, aeroplane
yolo11-13, 87916057, car
yolo7-10, 11624908, aeroplane
yolo11-12, 11624908, car
yolo3-10, 11624908, car
yolo11-13, 11624908, car
yolo11-13, 05582957, aeroplane
yolo11-12, 05582957, aeroplane
yolo3-10, 05582957, bottle
yolo7-10, 05582957, bottle
yolo8-10, 94328977, car
yolo12-14, 03323651, car
yolo8-13, 45380486, car
yolo8-9, 94328977, car
yolo11-12, 39243850, bird
yolo7-10, 39243850, bottle
yolo11-13, 39243850, bird
yolo3-10, 39243850, bird
yolo2-13, 08468913, car
yolo11-13, 77984153, aeroplane
yolo11-12, 77984153, aeroplane
yolo7-10, 77984153, bottle
yolo3-10, 77984153, bottle
yolo11-12, 22134057, aeroplane
yolo11-13, 22134057, aeroplane
yolo7-10, 22134057, aeroplane
yolo3-10, 22134057, aeroplane
yolo7-10, 05054587, aeroplane
yolo3-10, 05054587, aeroplane
yolo11-13, 05054587, aeroplane

========== Time: 18 ==========
yolo11-13, 51954275, car
yolo3-10, 51954275, bottle
yolo7-10, 51954275, bottle
yolo7-10, 42760514, aeroplane
yolo3-10, 42760514, aeroplane
yolo11-13, 42760514, aeroplane
yolo11-13, 03813203, bottle
yolo3-10, 03813203, bottle
yolo7-10, 03813203, aeroplane
yolo11-13, 60227241, aeroplane
yolo7-10, 60227241, aeroplane
yolo3-10, 60227241, aeroplane
yolo11-13, 83062894, aeroplane
yolo3-10, 83062894, aeroplane
yolo7-10, 83062894, aeroplane
yolo12-14, 62041022, car
yolo8-9, 77984153, aeroplane
yolo8-10, 77984153, aeroplane
yolo8-13, 77984153, aeroplane
yolo3-10, 99039335, aeroplane
yolo7-10, 99039335, aeroplane
yolo11-13, 99039335, aeroplane
yolo12-14, 69341868, car
yolo8-10, 22134057, aeroplane
yolo8-13, 22134057, aeroplane
yolo8-9, 22134057, aeroplane
yolo2-13, 95640762, car
yolo11-13, 49417535, aeroplane
yolo7-10, 49417535, aeroplane
yolo3-10, 49417535, aeroplane
yolo2-13, 98136594, car
yolo2-13, 74395465, car
yolo8-13, 05054587, sofa
yolo8-9, 05054587, sofa
yolo12-14, 53084061, car
yolo7-10, 19997463, aeroplane
yolo11-13, 19997463, aeroplane
yolo8-10, 05054587, sofa
yolo3-10, 19997463, aeroplane
yolo2-13, 21963299, car
yolo8-13, 51954275, aeroplane
yolo12-14, 79398892, car
yolo8-10, 51954275, aeroplane
yolo8-9, 51954275, aeroplane
yolo11-13, 81240254, aeroplane
yolo7-10, 81240254, aeroplane
yolo3-10, 81240254, aeroplane
yolo2-13, 64739159, car
yolo8-13, 42760514, aeroplane
yolo12-14, 92660553, car
yolo8-9, 42760514, aeroplane
yolo8-10, 42760514, aeroplane
yolo2-13, 45380486, car
yolo8-13, 03813203, bottle
yolo11-13, 40569442, aeroplane
yolo3-10, 40569442, aeroplane
yolo7-10, 40569442, aeroplane
yolo8-10, 03813203, bottle
yolo8-9, 03813203, bottle
yolo2-13, 07371248, car
yolo8-13, 60227241, car
yolo8-9, 60227241, car
yolo8-10, 60227241, car
yolo2-13, 04832952, car
yolo12-14, 99642354, aeroplane
yolo11-13, 62184126, aeroplane
yolo8-13, 83062894, car
yolo7-10, 62184126, aeroplane
yolo3-10, 62184126, aeroplane
yolo2-13, 24941312, car
yolo8-10, 83062894, car
yolo8-9, 83062894, car
yolo8-13, 99039335, car
yolo2-13, 20359569, car
yolo8-10, 99039335, car
yolo3-10, 88963716, aeroplane
yolo8-9, 99039335, car
yolo7-10, 88963716, aeroplane
yolo11-13, 88963716, aeroplane
yolo8-13, 49417535, car
yolo12-14, 88963716, aeroplane
yolo2-13, 97366536, bird
yolo8-10, 49417535, car
yolo8-13, 19997463, car
yolo8-9, 49417535, car
yolo2-13, 85013371, car
yolo12-14, 34812044, aeroplane
yolo3-10, 34812044, aeroplane
yolo7-10, 34812044, aeroplane
yolo8-10, 19997463, car
yolo11-13, 34812044, aeroplane
yolo8-9, 19997463, car
yolo8-13, 81240254, car
yolo8-13, 40569442, car
yolo8-9, 81240254, car
yolo8-10, 81240254, car
yolo2-13, 06114661, aeroplane
yolo11-13, 06114661, aeroplane
yolo7-10, 06114661, aeroplane
yolo3-10, 06114661, aeroplane
yolo12-14, 06114661, aeroplane
yolo8-13, 62184126, car
yolo8-10, 40569442, car

========== Time: 19 ==========
yolo8-9, 40569442, car
yolo3-10, 07932772, aeroplane
yolo2-13, 07932772, aeroplane
yolo7-10, 07932772, aeroplane
yolo12-14, 07932772, aeroplane
yolo11-13, 07932772, aeroplane
yolo8-13, 88963716, car
yolo8-10, 62184126, car
yolo8-9, 62184126, car
yolo11-13, 70530949, aeroplane
yolo8-13, 34812044, car
yolo2-13, 70530949, aeroplane
yolo8-10, 88963716, car
yolo8-9, 88963716, car
yolo3-10, 70530949, aeroplane
yolo12-14, 70530949, aeroplane
yolo7-10, 70530949, aeroplane
yolo8-9, 34812044, car
yolo8-13, 06114661, car
yolo8-10, 34812044, car
yolo3-10, 26645206, aeroplane
yolo11-13, 26645206, aeroplane
yolo2-13, 26645206, aeroplane
yolo7-10, 26645206, aeroplane
yolo12-14, 26645206, aeroplane
yolo8-9, 06114661, car
yolo8-10, 06114661, car
yolo8-13, 07932772, car
yolo2-13, 23216492, aeroplane
yolo3-10, 23216492, aeroplane
yolo12-14, 23216492, aeroplane
yolo11-13, 23216492, aeroplane
yolo7-10, 23216492, aeroplane
yolo8-9, 07932772, car
yolo8-13, 70530949, car
yolo8-10, 07932772, car
yolo8-9, 70530949, car
yolo8-10, 70530949, car
yolo2-13, 93175129, aeroplane
yolo12-14, 93175129, aeroplane
yolo11-13, 93175129, aeroplane
yolo8-13, 26645206, car
yolo3-10, 93175129, aeroplane
yolo7-10, 93175129, aeroplane
yolo8-9, 26645206, car
yolo8-13, 23216492, car
yolo8-10, 26645206, car
yolo12-14, 96114849, aeroplane
yolo11-13, 96114849, aeroplane
yolo3-10, 96114849, aeroplane
yolo7-10, 96114849, aeroplane
yolo8-9, 23216492, car
yolo2-13, 96114849, aeroplane
yolo8-10, 23216492, car
yolo8-13, 93175129, car
yolo8-9, 93175129, car
yolo8-13, 96114849, car
yolo3-10, 55977845, aeroplane
yolo2-13, 55977845, aeroplane
yolo7-10, 55977845, aeroplane
yolo8-10, 93175129, car
yolo12-14, 55977845, aeroplane
yolo11-13, 55977845, aeroplane
yolo8-9, 96114849, car
yolo8-13, 55977845, car
yolo8-10, 96114849, car
yolo8-9, 55977845, car
yolo12-14, 49088402, aeroplane
yolo11-13, 49088402, aeroplane
yolo7-10, 49088402, aeroplane
yolo2-13, 49088402, aeroplane
yolo3-10, 49088402, aeroplane
yolo8-13, 49088402, car
yolo8-10, 55977845, car
yolo8-9, 49088402, car
yolo8-10, 49088402, car
yolo3-10, 70375234, aeroplane
yolo2-13, 70375234, aeroplane
yolo11-13, 70375234, aeroplane
yolo7-10, 70375234, aeroplane
yolo8-13, 70375234, car
yolo8-9, 70375234, car
yolo12-14, 70375234, aeroplane
yolo8-10, 70375234, car
yolo7-10, 33875257, aeroplane
yolo8-9, 33875257, car
yolo2-13, 33875257, aeroplane
yolo8-13, 33875257, car
yolo12-14, 33875257, aeroplane
yolo3-10, 33875257, aeroplane
yolo11-13, 33875257, aeroplane
yolo8-10, 33875257, car
yolo7-10, 31294010, aeroplane
yolo3-10, 31294010, aeroplane
yolo12-14, 31294010, aeroplane
yolo8-13, 31294010, car
yolo8-10, 31294010, car
yolo8-9, 31294010, car
yolo2-13, 31294010, aeroplane
yolo11-13, 31294010, aeroplane
yolo8-9, 93260502, car
yolo3-10, 93260502, aeroplane
yolo2-13, 93260502, aeroplane
yolo12-14, 93260502, aeroplane
yolo11-13, 93260502, aeroplane
yolo7-10, 93260502, aeroplane
yolo8-10, 93260502, car
yolo8-13, 93260502, car
yolo12-14, 76689273, aeroplane
yolo8-13, 76689273, car
yolo7-10, 76689273, aeroplane
yolo2-13, 76689273, aeroplane
yolo11-13, 76689273, aeroplane
yolo3-10, 76689273, aeroplane
yolo8-10, 76689273, car
yolo8-9, 76689273, car
yolo11-13, 28619981, aeroplane
yolo12-14, 28619981, aeroplane
yolo2-13, 28619981, aeroplane
yolo3-10, 28619981, aeroplane
yolo8-9, 28619981, car
yolo7-10, 28619981, aeroplane
yolo8-10, 28619981, car
yolo8-13, 28619981, car
yolo11-13, 32111972, aeroplane
yolo2-13, 32111972, aeroplane
yolo3-10, 32111972, aeroplane
yolo12-14, 32111972, aeroplane
yolo8-10, 32111972, car
yolo8-13, 32111972, car
yolo7-10, 32111972, aeroplane
yolo8-9, 32111972, car
yolo11-13, 02522491, aeroplane
yolo7-10, 02522491, aeroplane
yolo3-10, 02522491, aeroplane
yolo8-13, 02522491, car
yolo8-10, 02522491, car
yolo8-9, 02522491, car
yolo12-14, 02522491, aeroplane
yolo2-13, 02522491, aeroplane
yolo3-10, 97827032, aeroplane
yolo2-13, 97827032, aeroplane
yolo12-14, 97827032, aeroplane
yolo7-10, 97827032, aeroplane
yolo11-13, 97827032, aeroplane
yolo8-9, 97827032, car
yolo8-10, 97827032, car
yolo8-13, 97827032, car
yolo12-14, 02858739, aeroplane
yolo2-13, 02858739, aeroplane
yolo11-13, 02858739, aeroplane
yolo3-10, 02858739, aeroplane
yolo7-10, 02858739, aeroplane
yolo8-10, 02858739, car
yolo8-9, 02858739, car
yolo8-13, 02858739, car
yolo8-9, 48881246, car
yolo12-14, 48881246, aeroplane
yolo7-10, 48881246, aeroplane
yolo3-10, 48881246, aeroplane
yolo8-10, 48881246, car
yolo2-13, 48881246, aeroplane
yolo11-13, 48881246, aeroplane
yolo8-13, 48881246, car
yolo7-10, 12528149, aeroplane
yolo11-13, 12528149, aeroplane
yolo3-10, 12528149, aeroplane
yolo8-9, 12528149, car
yolo8-13, 12528149, car
yolo12-14, 12528149, aeroplane
yolo8-10, 12528149, car
yolo2-13, 12528149, aeroplane
yolo11-13, 58015076, aeroplane
yolo7-10, 58015076, aeroplane
yolo3-10, 58015076, aeroplane
yolo2-13, 58015076, aeroplane
yolo11-13, 89604411, aeroplane
yolo7-10, 89604411, aeroplane
yolo3-10, 89604411, aeroplane
yolo11-13, 41131242, aeroplane
yolo3-10, 41131242, aeroplane
yolo7-10, 41131242, aeroplane
yolo2-13, 89604411, aeroplane
yolo7-10, 33047180, aeroplane
yolo11-13, 33047180, aeroplane
yolo3-10, 33047180, aeroplane
yolo11-13, 70146680, aeroplane
yolo7-10, 70146680, aeroplane
yolo7-10, 96450622, aeroplane
yolo11-13, 96450622, aeroplane
yolo2-13, 41131242, aeroplane
yolo11-13, 03207257, aeroplane
yolo7-10, 03207257, aeroplane
yolo2-13, 33047180, aeroplane
yolo8-9, 58015076, car
yolo8-13, 58015076, car
yolo12-14, 58015076, aeroplane
yolo11-13, 76332952, aeroplane
yolo2-13, 70146680, aeroplane
yolo7-10, 76332952, aeroplane
yolo11-13, 13061565, aeroplane
yolo7-10, 13061565, aeroplane
yolo2-13, 96450622, aeroplane
yolo11-13, 03012058, aeroplane
yolo2-13, 03207257, aeroplane

========== Time: 20 ==========
yolo2-13, 76332952, aeroplane
yolo11-13, 79660719, aeroplane
yolo2-13, 13061565, aeroplane
yolo2-13, 03012058, aeroplane
yolo11-13, 39603644, aeroplane
yolo2-13, 79660719, aeroplane
yolo2-13, 39603644, aeroplane
yolo11-13, 63935116, aeroplane
yolo2-13, 63935116, aeroplane
yolo11-13, 15238559, aeroplane
yolo2-13, 15238559, aeroplane
yolo2-13, 18111358, aeroplane
yolo11-13, 18111358, aeroplane
yolo2-13, 65040396, aeroplane
yolo11-13, 65040396, aeroplane
yolo11-13, 29899043, aeroplane
yolo2-13, 29899043, aeroplane
yolo2-13, 40142691, aeroplane
yolo11-13, 40142691, aeroplane
yolo2-13, 25369917, aeroplane
yolo11-13, 25369917, aeroplane
yolo11-13, 38728189, aeroplane
yolo2-13, 38728189, aeroplane
yolo11-13, 62156104, aeroplane
yolo2-13, 62156104, aeroplane
yolo12-14, 89604411, aeroplane
yolo8-13, 89604411, car
yolo12-14, 41131242, aeroplane
yolo8-13, 41131242, car
yolo11-13, 81512001, aeroplane
yolo2-13, 81512001, aeroplane
yolo8-13, 33047180, car
yolo12-14, 33047180, aeroplane
yolo8-13, 70146680, car
yolo2-13, 57060531, aeroplane
yolo11-13, 57060531, aeroplane
yolo12-14, 70146680, aeroplane
yolo8-13, 96450622, car
yolo11-13, 47648341, aeroplane
yolo8-13, 03207257, car
yolo12-14, 47648341, aeroplane
yolo2-13, 47648341, aeroplane
yolo8-13, 76332952, car
yolo2-13, 33514683, aeroplane
yolo12-14, 33514683, aeroplane
yolo11-13, 33514683, aeroplane
yolo8-13, 13061565, car
yolo8-13, 03012058, car
yolo12-14, 50170131, aeroplane
yolo11-13, 50170131, aeroplane
yolo2-13, 50170131, aeroplane
yolo8-13, 79660719, car
yolo8-13, 39603644, car
yolo2-13, 73484666, aeroplane
yolo12-14, 73484666, aeroplane
yolo11-13, 73484666, aeroplane
yolo8-13, 63935116, car
yolo8-13, 15238559, car
yolo11-13, 96874400, aeroplane
yolo12-14, 96874400, aeroplane
yolo2-13, 96874400, aeroplane
yolo8-13, 18111358, car
yolo8-13, 65040396, car
yolo2-13, 88687589, aeroplane
yolo11-13, 88687589, aeroplane
yolo12-14, 88687589, aeroplane
yolo2-13, 41785046, aeroplane
yolo12-14, 41785046, aeroplane
yolo11-13, 41785046, aeroplane
yolo8-13, 41785046, car
yolo11-13, 15876629, aeroplane
yolo12-14, 15876629, aeroplane
yolo2-13, 15876629, aeroplane
yolo8-13, 15876629, car
yolo11-13, 40207923, aeroplane
yolo8-13, 40207923, car
yolo2-13, 40207923, aeroplane
yolo12-14, 40207923, aeroplane
yolo2-13, 50881538, aeroplane
yolo11-13, 50881538, aeroplane
yolo8-13, 50881538, car
yolo12-14, 50881538, aeroplane
yolo2-13, 34160869, aeroplane
yolo12-14, 34160869, aeroplane
yolo11-13, 34160869, aeroplane
yolo8-13, 34160869, car
yolo12-14, 38774086, aeroplane
yolo2-13, 38774086, aeroplane
yolo8-13, 38774086, car
yolo11-13, 38774086, aeroplane
yolo11-13, 34243260, aeroplane
yolo12-14, 34243260, aeroplane
yolo2-13, 34243260, aeroplane
yolo8-13, 34243260, car
yolo11-13, 76425150, aeroplane
yolo2-13, 76425150, aeroplane
yolo12-14, 76425150, aeroplane
yolo8-13, 76425150, car
yolo11-13, 33936872, aeroplane
yolo2-13, 33936872, aeroplane
yolo12-14, 33936872, aeroplane
yolo8-13, 33936872, car
yolo11-13, 24753366, aeroplane
yolo2-13, 24753366, aeroplane
yolo12-14, 24753366, aeroplane
yolo8-13, 24753366, car
yolo12-14, 83724889, aeroplane
yolo8-13, 83724889, car
yolo2-13, 83724889, aeroplane
yolo11-13, 83724889, aeroplane
yolo11-13, 75288885, aeroplane
yolo12-14, 75288885, aeroplane
yolo2-13, 75288885, aeroplane
yolo8-13, 75288885, car
yolo2-13, 26661639, aeroplane
yolo11-13, 26661639, aeroplane
yolo8-13, 26661639, car
yolo12-14, 26661639, aeroplane
yolo11-13, 78480788, aeroplane
yolo8-13, 78480788, car
yolo2-13, 78480788, aeroplane
yolo12-14, 78480788, aeroplane
yolo2-13, 60896168, aeroplane
yolo12-14, 60896168, aeroplane
yolo11-13, 60896168, aeroplane
yolo8-13, 60896168, car
yolo11-13, 69846897, aeroplane
yolo12-14, 69846897, aeroplane
yolo2-13, 69846897, aeroplane
yolo8-13, 69846897, car
yolo2-13, 25828849, aeroplane
yolo8-13, 25828849, car
yolo11-13, 25828849, aeroplane
yolo12-14, 25828849, aeroplane
yolo11-13, 81180033, aeroplane
yolo8-13, 81180033, car
yolo2-13, 81180033, aeroplane
yolo12-14, 81180033, aeroplane

========== Time: 21 ==========
yolo2-13, 00715096, aeroplane
yolo11-13, 00715096, aeroplane
yolo12-14, 00715096, aeroplane
yolo8-13, 00715096, car
yolo2-13, 69018917, aeroplane
yolo12-14, 69018917, aeroplane
yolo11-13, 69018917, aeroplane
yolo8-13, 69018917, car
yolo8-13, 15586711, car
yolo2-13, 15586711, car
yolo11-13, 15586711, car
yolo12-14, 15586711, car
yolo11-13, 08693711, car
yolo2-13, 08693711, car
yolo12-14, 08693711, car
yolo8-13, 08693711, car
yolo11-13, 69158276, car
yolo12-14, 69158276, car
yolo8-13, 69158276, car
yolo2-13, 69158276, car
yolo2-13, 17028175, car
yolo8-13, 17028175, car
yolo12-14, 17028175, car
yolo11-13, 17028175, car
yolo2-13, 78993790, car
yolo11-13, 78993790, car
yolo12-14, 78993790, car
yolo8-13, 78993790, car
yolo11-13, 38244766, car
yolo12-14, 38244766, car
yolo8-13, 38244766, car
yolo2-13, 38244766, car
yolo2-13, 97767378, aeroplane
yolo12-14, 97767378, sofa
yolo11-13, 97767378, sofa
yolo8-13, 97767378, sofa
yolo8-13, 63591913, sofa
yolo11-13, 63591913, sofa
yolo2-13, 63591913, aeroplane
yolo12-14, 63591913, sofa
yolo11-13, 50511612, sofa
yolo2-13, 50511612, sofa
yolo12-14, 50511612, sofa
yolo8-13, 50511612, sofa
yolo12-14, 74692649, aeroplane
yolo2-13, 74692649, aeroplane
yolo8-13, 74692649, aeroplane
yolo11-13, 74692649, aeroplane
yolo12-14, 35667803, aeroplane
yolo11-13, 35667803, aeroplane
yolo8-13, 35667803, sofa
yolo2-13, 35667803, aeroplane
yolo12-14, 23096161, sofa
yolo11-13, 23096161, sofa
yolo2-13, 23096161, sofa
yolo8-13, 23096161, sofa
yolo11-13, 62797188, tvmonitor
yolo8-13, 62797188, tvmonitor
yolo12-14, 62797188, tvmonitor
yolo2-13, 62797188, aeroplane

========== Time: 22 ==========
yolo11-13, 19605320, sofa
yolo8-13, 19605320, sofa
yolo2-13, 19605320, person
yolo12-14, 19605320, sofa
yolo11-13, 45354914, sofa
yolo2-13, 45354914, bottle
yolo8-13, 45354914, sofa
yolo12-14, 45354914, sofa
yolo8-13, 25312838, sofa
yolo12-14, 25312838, sofa
yolo11-13, 25312838, sofa
yolo2-13, 25312838, aeroplane
yolo12-14, 09602854, aeroplane
yolo8-13, 09602854, aeroplane
yolo2-13, 09602854, aeroplane
yolo11-13, 09602854, aeroplane
yolo11-13, 43270382, train
yolo2-13, 43270382, bottle
yolo8-13, 43270382, train
yolo12-14, 43270382, train
yolo2-13, 47702072, aeroplane
yolo8-13, 47702072, aeroplane
yolo11-13, 47702072, aeroplane
yolo12-14, 47702072, aeroplane
yolo11-13, 58401486, aeroplane
yolo2-13, 58401486, aeroplane
yolo12-14, 58401486, aeroplane
yolo8-13, 58401486, aeroplane
yolo11-13, 95455343, car
yolo2-13, 95455343, car
yolo8-13, 95455343, car
yolo12-14, 95455343, car
yolo2-13, 18138797, aeroplane
yolo11-13, 18138797, aeroplane
yolo11-13, 04124358, aeroplane
yolo2-13, 04124358, aeroplane
yolo11-13, 29885046, car
yolo2-13, 29885046, car
yolo11-13, 18886307, car
yolo2-13, 18886307, car
yolo11-13, 37086484, car
yolo2-13, 37086484, car
yolo11-13, 59797444, car
yolo2-13, 59797444, car
yolo11-13, 24026069, car
yolo2-13, 24026069, car

========== Time: 23 ==========
yolo11-13, 41912970, car
yolo2-13, 41912970, car
yolo11-13, 61531961, car
yolo2-13, 61531961, car
yolo2-13, 33762088, car
yolo11-13, 33762088, car
yolo11-13, 04126485, car
yolo2-13, 04126485, car
yolo2-13, 38598011, car
yolo11-13, 38598011, car
yolo11-13, 16821276, car
yolo2-13, 16821276, car
yolo2-13, 52693635, car
yolo11-13, 52693635, car
yolo11-13, 67017065, car
yolo2-13, 67017065, car
yolo2-13, 88719788, car
yolo2-13, 00405318, car
yolo2-13, 95906196, car
yolo2-13, 18340383, car
yolo2-13, 04461154, car
yolo2-13, 83109060, car
yolo2-13, 77127315, car

========== Time: 24 ==========
yolo2-13, 97544892, car
yolo2-13, 11685863, car
yolo2-13, 31945882, car
yolo1-edge-15, 31945882, car
yolo1-edge-17, 31945882, car
yolo2-13, 68407506, car
yolo2-13, 47574091, car
yolo1-edge-17, 68407506, car
yolo1-edge-15, 68407506, car
yolo2-13, 97807069, car
yolo1-edge-17, 47574091, car
yolo1-edge-15, 47574091, car
yolo2-13, 55461898, car
yolo1-edge-17, 97807069, car
yolo1-edge-15, 97807069, car
yolo2-13, 23803335, car
yolo1-edge-17, 55461898, car
yolo1-edge-15, 55461898, car
yolo1-edge-15, 23803335, car
yolo1-edge-17, 23803335, car
yolo1-edge-17, 88581777, car
yolo1-edge-15, 88581777, car
yolo1-edge-15, 53674626, car
yolo1-edge-17, 53674626, car
yolo1-edge-15, 65428172, car
yolo1-edge-17, 65428172, car
yolo1-edge-17, 48140634, car
yolo1-edge-15, 48140634, car
yolo1-edge-17, 71287849, car
yolo1-edge-15, 71287849, car

========== Time: 25 ==========
yolo1-edge-17, 51985033, car
yolo1-edge-15, 51985033, car
yolo1-edge-15, 35383795, aeroplane
yolo1-edge-17, 35383795, aeroplane
yolo12-24, 08356975, car
yolo4-24, 08356975, aeroplane
yolo4-16, 08356975, aeroplane
yolo8-23, 08356975, car
yolo1-edge-17, 22548417, car
yolo1-edge-15, 22548417, car
yolo4-16, 47162987, aeroplane
yolo4-24, 47162987, aeroplane
yolo12-24, 47162987, car
yolo8-23, 47162987, car
yolo1-edge-17, 32322605, car
yolo4-16, 69762758, aeroplane
yolo4-24, 69762758, aeroplane
yolo12-24, 69762758, car
yolo1-edge-15, 32322605, car
yolo8-23, 69762758, car
yolo2-22, 69762758, car
yolo6-24, 69762758, aeroplane
yolo10-20, 69762758, car
yolo10-23, 69762758, car
yolo1-edge-17, 08356975, car
yolo1-edge-15, 08356975, car
yolo1-edge-17, 47162987, car
yolo1-edge-15, 47162987, car
yolo10-20, 93155517, car
yolo10-23, 93155517, car
yolo6-24, 93155517, aeroplane
yolo2-22, 93155517, car
yolo1-edge-17, 69762758, car
yolo1-edge-17, 93155517, car
yolo4-24, 93155517, aeroplane
yolo8-23, 93155517, car
yolo12-24, 93155517, car
yolo4-16, 93155517, aeroplane
yolo1-edge-17, 39293484, car
yolo10-20, 39293484, car
yolo6-24, 39293484, aeroplane
yolo10-23, 39293484, car
yolo2-22, 39293484, car
yolo10-20, 20287471, car
yolo6-24, 20287471, aeroplane
yolo2-22, 20287471, car
yolo10-23, 20287471, car
yolo1-edge-17, 20287471, car
yolo10-23, 60608964, car
yolo6-24, 60608964, aeroplane
yolo10-20, 60608964, car
yolo2-22, 60608964, car
yolo10-23, 61374614, car
yolo6-24, 61374614, aeroplane
yolo10-20, 61374614, car
yolo2-22, 61374614, car
yolo1-edge-17, 60608964, car
yolo10-23, 53821034, car
yolo2-22, 53821034, car
yolo10-20, 53821034, car
yolo6-24, 53821034, aeroplane
yolo8-23, 39293484, car
yolo12-24, 39293484, car
yolo10-23, 68603202, car
yolo4-24, 39293484, aeroplane
yolo4-16, 39293484, aeroplane
yolo10-20, 68603202, car
yolo2-22, 68603202, car
yolo1-edge-17, 61374614, car
yolo6-24, 68603202, aeroplane
yolo8-23, 20287471, car
yolo12-24, 20287471, car
yolo10-23, 53782348, car
yolo4-16, 20287471, aeroplane
yolo4-24, 20287471, aeroplane
yolo10-20, 53782348, car
yolo6-24, 53782348, aeroplane
yolo2-22, 53782348, car
yolo8-23, 60608964, car
yolo12-24, 60608964, car
yolo4-24, 60608964, aeroplane
yolo1-edge-17, 53821034, car
yolo10-23, 83515498, car
yolo4-16, 60608964, aeroplane
yolo2-22, 83515498, car
yolo10-20, 83515498, car
yolo6-24, 83515498, aeroplane
yolo12-24, 61374614, car
yolo8-23, 61374614, car
yolo10-23, 55732795, car
yolo4-24, 61374614, aeroplane
yolo4-16, 61374614, aeroplane
yolo10-20, 55732795, car
yolo6-24, 55732795, aeroplane
yolo2-22, 55732795, car
yolo12-24, 53821034, car
yolo8-23, 53821034, car
yolo4-16, 53821034, aeroplane
yolo10-23, 02163454, car
yolo4-24, 53821034, aeroplane
yolo10-20, 02163454, car
yolo1-edge-17, 68603202, car
yolo6-24, 02163454, aeroplane
yolo2-22, 02163454, car
yolo12-24, 68603202, car
yolo8-23, 68603202, car
yolo4-16, 68603202, aeroplane
yolo10-20, 68678552, car
yolo4-24, 68603202, aeroplane
yolo6-24, 68678552, aeroplane
yolo10-23, 68678552, car
yolo2-22, 68678552, car
yolo12-24, 53782348, car
yolo8-23, 53782348, car
yolo4-16, 53782348, aeroplane
yolo10-20, 81191356, car
yolo6-24, 81191356, aeroplane
yolo2-22, 81191356, car
yolo1-edge-17, 53782348, car
yolo8-23, 83515498, car
yolo12-24, 83515498, car
yolo10-23, 81191356, car
yolo4-24, 53782348, aeroplane
yolo10-20, 57140314, car
yolo6-24, 57140314, aeroplane
yolo2-22, 57140314, car
yolo4-16, 83515498, aeroplane
yolo10-23, 57140314, car
yolo8-23, 55732795, car
yolo12-24, 55732795, car
yolo4-24, 83515498, aeroplane
yolo1-edge-17, 83515498, car
yolo4-16, 55732795, aeroplane
yolo12-24, 02163454, car
yolo8-23, 02163454, car
yolo4-24, 55732795, aeroplane
yolo6-24, 27117151, aeroplane
yolo2-22, 27117151, car
yolo10-20, 27117151, car
yolo10-23, 27117151, car
yolo4-16, 02163454, aeroplane
yolo1-edge-17, 55732795, car
yolo12-24, 68678552, car
yolo8-23, 68678552, car
yolo4-24, 02163454, aeroplane
yolo4-16, 68678552, aeroplane
yolo2-22, 81144299, car
yolo10-23, 81144299, car
yolo10-20, 81144299, car
yolo6-24, 81144299, aeroplane
yolo8-23, 81191356, car
yolo4-24, 68678552, aeroplane
yolo12-24, 81191356, car
yolo4-16, 81191356, aeroplane
yolo3-22, 93155517, car
yolo7-17, 93155517, aeroplane
yolo3-24, 93155517, car
yolo7-24, 93155517, aeroplane
yolo1-edge-17, 02163454, car
yolo8-23, 57140314, car
yolo12-24, 57140314, car
yolo4-24, 81191356, aeroplane
yolo2-22, 38793369, car
yolo6-24, 38793369, aeroplane
yolo10-20, 38793369, car
yolo10-23, 38793369, car
yolo4-16, 57140314, aeroplane
yolo7-24, 39293484, aeroplane
yolo3-24, 39293484, car
yolo3-22, 39293484, car
yolo7-17, 39293484, aeroplane
yolo1-edge-17, 68678552, car
yolo8-23, 27117151, car
yolo4-24, 57140314, aeroplane
yolo12-24, 27117151, car
yolo4-16, 27117151, aeroplane
yolo7-24, 20287471, aeroplane
yolo3-22, 20287471, car
yolo3-24, 20287471, car
yolo7-17, 20287471, aeroplane
yolo6-24, 27809494, aeroplane
yolo1-edge-17, 81191356, car
yolo10-23, 27809494, car
yolo2-22, 27809494, car
yolo10-20, 27809494, car
yolo8-23, 81144299, car
yolo12-24, 81144299, car
yolo4-24, 27117151, aeroplane
yolo7-24, 60608964, aeroplane
yolo3-22, 60608964, car
yolo7-17, 60608964, aeroplane
yolo4-16, 81144299, aeroplane
yolo3-24, 60608964, car
yolo8-23, 38793369, car
yolo2-22, 25949514, car
yolo12-24, 38793369, car
yolo1-edge-17, 57140314, car
yolo4-24, 81144299, aeroplane
yolo6-24, 25949514, aeroplane
yolo10-20, 25949514, car
yolo10-23, 25949514, car
yolo7-24, 61374614, aeroplane
yolo3-22, 61374614, car
yolo7-17, 61374614, aeroplane
yolo3-24, 61374614, car
yolo4-16, 38793369, aeroplane
yolo8-23, 27809494, car
yolo4-24, 38793369, aeroplane
yolo12-24, 27809494, car
yolo3-22, 53821034, car
yolo7-24, 53821034, aeroplane
yolo7-17, 53821034, aeroplane
yolo2-22, 61447830, car
yolo4-16, 27809494, aeroplane
yolo3-24, 53821034, car
yolo6-24, 61447830, aeroplane
yolo1-edge-17, 27117151, car
yolo10-23, 61447830, car
yolo8-23, 25949514, car
yolo10-20, 61447830, car
yolo4-24, 27809494, aeroplane
yolo12-24, 25949514, car
yolo3-22, 68603202, car
yolo7-24, 68603202, aeroplane
yolo7-17, 68603202, aeroplane
yolo4-16, 25949514, aeroplane
yolo8-23, 61447830, car
yolo3-24, 68603202, car
yolo2-22, 27946826, car
yolo10-20, 27946826, car
yolo10-23, 27946826, car
yolo6-24, 27946826, aeroplane
yolo4-24, 25949514, aeroplane
yolo12-24, 61447830, car
yolo7-24, 53782348, aeroplane
yolo3-22, 53782348, car
yolo7-17, 53782348, aeroplane
yolo4-16, 61447830, aeroplane
yolo1-edge-17, 81144299, car
yolo8-23, 27946826, car
yolo3-24, 53782348, car
yolo12-24, 27946826, car
yolo4-24, 61447830, aeroplane
yolo2-22, 84742419, car
yolo3-22, 83515498, car
yolo7-17, 83515498, aeroplane
yolo6-24, 84742419, aeroplane
yolo7-24, 83515498, aeroplane
yolo4-16, 27946826, aeroplane
yolo10-23, 84742419, car
yolo8-23, 84742419, car
yolo1-edge-17, 38793369, car
yolo10-20, 84742419, car
yolo3-24, 83515498, car
yolo12-24, 84742419, car
yolo4-24, 27946826, aeroplane
yolo3-22, 55732795, car
yolo7-17, 55732795, aeroplane
yolo4-16, 84742419, aeroplane
yolo7-24, 55732795, aeroplane
yolo8-23, 50822730, car
yolo10-23, 50822730, car
yolo10-20, 50822730, car
yolo1-edge-17, 27809494, car
yolo6-24, 50822730, aeroplane
yolo2-22, 50822730, car
yolo3-24, 55732795, car
yolo12-24, 50822730, car
yolo4-24, 84742419, aeroplane
yolo7-24, 02163454, aeroplane
yolo3-22, 02163454, car
yolo4-16, 50822730, aeroplane
yolo7-17, 02163454, aeroplane
yolo3-24, 02163454, car
yolo10-20, 89456174, car
yolo12-24, 89456174, car
yolo6-24, 89456174, aeroplane
yolo10-23, 89456174, car
yolo2-22, 89456174, car
yolo4-24, 50822730, aeroplane
yolo3-22, 68678552, car
yolo8-23, 89456174, car
yolo7-24, 68678552, aeroplane
yolo1-edge-17, 25949514, car
yolo7-17, 68678552, aeroplane
yolo4-16, 89456174, aeroplane
yolo3-24, 68678552, car
yolo4-24, 89456174, aeroplane
yolo7-24, 81191356, aeroplane
yolo3-22, 81191356, car
yolo12-24, 71369873, car
yolo8-23, 71369873, car
yolo6-24, 71369873, aeroplane
yolo2-22, 71369873, car
yolo10-20, 71369873, car
yolo4-16, 71369873, aeroplane
yolo10-23, 71369873, car
yolo7-17, 81191356, aeroplane
yolo1-edge-17, 61447830, car
yolo3-24, 81191356, car
yolo4-24, 71369873, aeroplane
yolo7-24, 57140314, aeroplane
yolo3-22, 57140314, car
yolo7-17, 57140314, aeroplane
yolo3-24, 57140314, car
yolo7-24, 27117151, aeroplane
yolo3-22, 27117151, car
yolo7-17, 27117151, aeroplane
yolo1-edge-17, 27946826, car
yolo3-24, 27117151, car
yolo7-24, 81144299, aeroplane
yolo3-22, 81144299, car
yolo7-17, 81144299, aeroplane
yolo3-24, 81144299, car
yolo7-24, 38793369, aeroplane
yolo3-22, 38793369, car
yolo1-edge-17, 84742419, car
yolo7-17, 38793369, aeroplane
yolo3-24, 38793369, car
yolo7-24, 27809494, aeroplane
yolo3-22, 27809494, car
yolo7-17, 27809494, aeroplane
yolo3-24, 27809494, car
yolo7-24, 25949514, aeroplane
yolo1-edge-17, 50822730, car
yolo3-22, 25949514, car
yolo7-17, 25949514, aeroplane
yolo3-24, 25949514, car
yolo7-24, 61447830, aeroplane
yolo3-22, 61447830, car
yolo7-17, 61447830, aeroplane
yolo3-24, 61447830, car
yolo7-24, 27946826, aeroplane
yolo1-edge-17, 89456174, car
yolo3-22, 27946826, car
yolo7-17, 27946826, aeroplane
yolo3-24, 27946826, car
yolo7-24, 84742419, aeroplane
yolo3-22, 84742419, car
yolo7-17, 84742419, aeroplane
yolo3-24, 84742419, car
yolo7-24, 50822730, aeroplane
yolo1-edge-17, 71369873, car
yolo3-22, 50822730, car
yolo7-17, 50822730, aeroplane
yolo3-24, 50822730, car
yolo7-24, 89456174, aeroplane
yolo3-22, 89456174, car
yolo7-17, 89456174, aeroplane
yolo3-24, 89456174, car
yolo7-24, 71369873, aeroplane
yolo3-22, 71369873, car
yolo7-17, 71369873, aeroplane
yolo3-24, 71369873, car
