num: 50 running time:25 bandwidth:5000
**time: 0
Allocate Bandwidth: 5000.0
========Allocate Done=============
audio1-0 1.8164470622454916 1250.0 0.9
audio4-0 1.8164470622454916 1250.0 0.9
yolo1-0 3.3151180941809177 1250.0 0.99
yolo10-0 3.3151180941809177 1250.0 0.99
Sum of bandwidth: 5000.0
Average accuracy: 0.903116883116883
time: 0.03543543815612793
**time: 1
Allocate Bandwidth: 5000.0
========Allocate Done=============
audio1-0 0.6045021330230754 416.6666666666667 0.32
audio12-1 0.6045021330230754 416.6666666666667 0.32
audio4-0 0.6045021330230754 416.6666666666667 0.32
audio7-1 0.6045021330230754 416.6666666666667 0.32
audio8-1 0.6045021330230754 416.6666666666667 0.32
yolo1-0 3.316881888652508 416.6666666666667 0.99
yolo10-0 3.316881888652508 416.6666666666667 0.99
yolo4-1 3.316881888652508 416.6666666666667 0.99
yolo5-1 3.316881888652508 416.6666666666667 0.99
yolo6-1 3.316881888652508 416.6666666666667 0.99
yolo7-1 3.316881888652508 416.6666666666667 0.99
yolo8-1 3.316881888652508 416.6666666666667 0.99
Sum of bandwidth: 5000.0
Average accuracy: 0.7098218599033815
time: 0.4420032501220703
**time: 2
Allocate Bandwidth: 5000.0
========Allocate Done=============
audio1-0 0.5179346380786172 357.14285714285717 0.3
audio10-2 0.5179346380786172 357.14285714285717 0.3
audio12-1 0.5179346380786172 357.14285714285717 0.3
audio4-0 0.5179346380786172 357.14285714285717 0.3
audio7-1 0.5179346380786172 357.14285714285717 0.3
audio8-1 0.5179346380786172 357.14285714285717 0.3
yolo1-0 3.3203457047798035 357.14285714285717 0.99
yolo1-2 3.3203457047798035 357.14285714285717 0.99
yolo10-0 3.3203457047798035 357.14285714285717 0.99
yolo4-1 3.3203457047798035 357.14285714285717 0.99
yolo5-1 3.3203457047798035 357.14285714285717 0.99
yolo6-1 3.3203457047798035 357.14285714285717 0.99
yolo7-1 3.3203457047798035 357.14285714285717 0.99
yolo8-1 3.3203457047798035 357.14285714285717 0.99
Sum of bandwidth: 5000.000000000001
Average accuracy: 0.679382118451025
time: 0.16761016845703125
**time: 3
Allocate Bandwidth: 5000.0
========Allocate Done=============
audio10-2 0.3812491197452619 263.1578947368421 0.25
audio12-1 0.3812491197452619 263.1578947368421 0.25
audio4-0 0.3812491197452619 263.1578947368421 0.25
audio7-1 0.3812491197452619 263.1578947368421 0.25
audio7-3 0.3812491197452619 263.1578947368421 0.25
audio8-1 0.3812491197452619 263.1578947368421 0.25
yolo1-2 3.3087950997465536 263.1578947368421 0.99
yolo10-0 3.3087950997465536 263.1578947368421 0.99
yolo10-3 3.3087950997465536 263.1578947368421 0.99
yolo11-3 3.3087950997465536 263.1578947368421 0.99
yolo12-3 3.3087950997465536 263.1578947368421 0.99
yolo4-1 3.3087950997465536 263.1578947368421 0.99
yolo4-3 3.3087950997465536 263.1578947368421 0.99
yolo5-1 3.3087950997465536 263.1578947368421 0.99
yolo6-1 3.3087950997465536 263.1578947368421 0.99
yolo6-3 3.3087950997465536 263.1578947368421 0.99
yolo7-1 3.3087950997465536 263.1578947368421 0.99
yolo8-1 3.3087950997465536 263.1578947368421 0.99
yolo8-3 3.3087950997465536 263.1578947368421 0.99
Sum of bandwidth: 4999.999999999998
Average accuracy: 0.6873340627279357
time: 0.0072896480560302734
**time: 4
Allocate Bandwidth: 5000.0
========Allocate Done=============
audio10-2 0.3015159007174714 208.33333333333334 0.2
audio12-1 0.3015159007174714 208.33333333333334 0.2
audio3-4 0.3015159007174714 208.33333333333334 0.2
audio4-0 0.3015159007174714 208.33333333333334 0.2
audio4-4 0.3015159007174714 208.33333333333334 0.2
audio6-4 0.3015159007174714 208.33333333333334 0.2
audio7-1 0.3015159007174714 208.33333333333334 0.2
audio7-3 0.3015159007174714 208.33333333333334 0.2
audio8-1 0.3015159007174714 208.33333333333334 0.2
yolo1-2 3.3175828684084188 208.33333333333334 0.99
yolo10-0 3.3175828684084188 208.33333333333334 0.99
yolo10-3 3.3175828684084188 208.33333333333334 0.99
yolo11-3 3.3175828684084188 208.33333333333334 0.99
yolo12-3 3.3175828684084188 208.33333333333334 0.99
yolo4-1 3.3175828684084188 208.33333333333334 0.99
yolo4-3 3.3175828684084188 208.33333333333334 0.99
yolo4-4 3.3175828684084188 208.33333333333334 0.99
yolo6-1 3.3175828684084188 208.33333333333334 0.99
yolo6-3 3.3175828684084188 208.33333333333334 0.99
yolo6-4 3.3175828684084188 208.33333333333334 0.99
yolo7-1 3.3175828684084188 208.33333333333334 0.99
yolo7-4 3.3175828684084188 208.33333333333334 0.99
yolo8-1 3.3175828684084188 208.33333333333334 0.99
yolo8-3 3.3175828684084188 208.33333333333334 0.99
Sum of bandwidth: 5000.0
Average accuracy: 0.6119117837278489
time: 0.20328307151794434
**time: 5
Allocate Bandwidth: 5000.0
========Allocate Done=============
audio10-2 0.23309965471298014 161.29032258064515 0.2
audio11-5 0.23309965471298014 161.29032258064515 0.2
audio12-1 0.23309965471298014 161.29032258064515 0.2
audio3-4 0.23309965471298014 161.29032258064515 0.2
audio4-0 0.23309965471298014 161.29032258064515 0.2
audio4-4 0.23309965471298014 161.29032258064515 0.2
audio4-5 0.23309965471298014 161.29032258064515 0.2
audio6-4 0.23309965471298014 161.29032258064515 0.2
audio7-1 0.23309965471298014 161.29032258064515 0.2
audio7-3 0.23309965471298014 161.29032258064515 0.2
audio8-1 0.23309965471298014 161.29032258064515 0.2
audio8-5 0.23309965471298014 161.29032258064515 0.2
yolo1-2 3.318050318065319 161.29032258064515 0.99
yolo10-0 3.318050318065319 161.29032258064515 0.99
yolo10-3 3.318050318065319 161.29032258064515 0.99
yolo11-3 3.318050318065319 161.29032258064515 0.99
yolo11-5 3.318050318065319 161.29032258064515 0.99
yolo12-3 3.318050318065319 161.29032258064515 0.99
yolo4-1 3.318050318065319 161.29032258064515 0.99
yolo4-3 3.318050318065319 161.29032258064515 0.99
yolo4-4 3.318050318065319 161.29032258064515 0.99
yolo5-5 3.318050318065319 161.29032258064515 0.99
yolo6-1 3.318050318065319 161.29032258064515 0.99
yolo6-3 3.318050318065319 161.29032258064515 0.99
yolo6-4 3.318050318065319 161.29032258064515 0.99
yolo6-5 3.318050318065319 161.29032258064515 0.99
yolo7-1 3.318050318065319 161.29032258064515 0.99
yolo7-4 3.318050318065319 161.29032258064515 0.99
yolo8-1 3.318050318065319 161.29032258064515 0.99
yolo8-3 3.318050318065319 161.29032258064515 0.99
yolo9-5 3.318050318065319 161.29032258064515 0.99
Sum of bandwidth: 5000.000000000001
Average accuracy: 0.6345088189327976
time: 0.004202365875244141
**time: 6
Allocate Bandwidth: 5000.0
========Allocate Done=============
audio10-2 0.21240230298052903 147.05882352941177 0.2
audio11-5 0.21240230298052903 147.05882352941177 0.2
audio12-1 0.21240230298052903 147.05882352941177 0.2
audio12-6 0.21240230298052903 147.05882352941177 0.2
audio3-4 0.21240230298052903 147.05882352941177 0.2
audio4-0 0.21240230298052903 147.05882352941177 0.2
audio4-4 0.21240230298052903 147.05882352941177 0.2
audio4-5 0.21240230298052903 147.05882352941177 0.2
audio6-4 0.21240230298052903 147.05882352941177 0.2
audio7-1 0.21240230298052903 147.05882352941177 0.2
audio7-3 0.21240230298052903 147.05882352941177 0.2
audio8-1 0.21240230298052903 147.05882352941177 0.2
audio8-5 0.21240230298052903 147.05882352941177 0.2
audio9-6 0.21240230298052903 147.05882352941177 0.2
yolo1-2 3.3187416831175587 147.05882352941177 0.99
yolo10-0 3.3187416831175587 147.05882352941177 0.99
yolo10-3 3.3187416831175587 147.05882352941177 0.99
yolo11-3 3.3187416831175587 147.05882352941177 0.99
yolo11-5 3.3187416831175587 147.05882352941177 0.99
yolo12-3 3.3187416831175587 147.05882352941177 0.99
yolo2-6 3.3187416831175587 147.05882352941177 0.99
yolo4-1 3.3187416831175587 147.05882352941177 0.99
yolo4-3 3.3187416831175587 147.05882352941177 0.99
yolo4-4 3.3187416831175587 147.05882352941177 0.99
yolo5-5 3.3187416831175587 147.05882352941177 0.99
yolo6-1 3.3187416831175587 147.05882352941177 0.99
yolo6-3 3.3187416831175587 147.05882352941177 0.99
yolo6-4 3.3187416831175587 147.05882352941177 0.99
yolo6-5 3.3187416831175587 147.05882352941177 0.99
yolo7-1 3.3187416831175587 147.05882352941177 0.99
yolo7-4 3.3187416831175587 147.05882352941177 0.99
yolo8-1 3.3187416831175587 147.05882352941177 0.99
yolo8-3 3.3187416831175587 147.05882352941177 0.99
yolo9-5 3.3187416831175587 147.05882352941177 0.99
Sum of bandwidth: 4999.999999999999
Average accuracy: 0.6539459139360444
time: 0.004030466079711914
**time: 7
Allocate Bandwidth: 5000.0
========Allocate Done=============
audio10-2 0.2062916562785673 142.85714285714286 0.2
audio11-5 0.2062916562785673 142.85714285714286 0.2
audio12-6 0.2062916562785673 142.85714285714286 0.2
audio2-7 0.2062916562785673 142.85714285714286 0.2
audio3-4 0.2062916562785673 142.85714285714286 0.2
audio4-0 0.2062916562785673 142.85714285714286 0.2
audio4-4 0.2062916562785673 142.85714285714286 0.2
audio4-5 0.2062916562785673 142.85714285714286 0.2
audio6-4 0.2062916562785673 142.85714285714286 0.2
audio7-3 0.2062916562785673 142.85714285714286 0.2
audio8-5 0.2062916562785673 142.85714285714286 0.2
audio9-6 0.2062916562785673 142.85714285714286 0.2
yolo1-2 3.314852127411415 142.85714285714286 0.99
yolo10-0 3.314852127411415 142.85714285714286 0.99
yolo10-3 3.314852127411415 142.85714285714286 0.99
yolo10-7 3.314852127411415 142.85714285714286 0.99
yolo11-5 3.314852127411415 142.85714285714286 0.99
yolo11-7 3.314852127411415 142.85714285714286 0.99
yolo12-3 3.314852127411415 142.85714285714286 0.99
yolo2-6 3.314852127411415 142.85714285714286 0.99
yolo2-7 3.314852127411415 142.85714285714286 0.99
yolo4-1 3.314852127411415 142.85714285714286 0.99
yolo4-3 3.314852127411415 142.85714285714286 0.99
yolo4-4 3.314852127411415 142.85714285714286 0.99
yolo5-5 3.314852127411415 142.85714285714286 0.99
yolo5-7 3.314852127411415 142.85714285714286 0.99
yolo6-1 3.314852127411415 142.85714285714286 0.99
yolo6-3 3.314852127411415 142.85714285714286 0.99
yolo6-4 3.314852127411415 142.85714285714286 0.99
yolo6-5 3.314852127411415 142.85714285714286 0.99
yolo7-1 3.314852127411415 142.85714285714286 0.99
yolo7-4 3.314852127411415 142.85714285714286 0.99
yolo8-1 3.314852127411415 142.85714285714286 0.99
yolo8-3 3.314852127411415 142.85714285714286 0.99
yolo9-5 3.314852127411415 142.85714285714286 0.99
Sum of bandwidth: 4999.999999999999
Average accuracy: 0.6927722772277232
time: 0.006473541259765625
**time: 8
Allocate Bandwidth: 5000.0
========Allocate Done=============
audio10-2 0.21240230298052903 147.05882352941177 0.2
audio11-5 0.21240230298052903 147.05882352941177 0.2
audio12-6 0.21240230298052903 147.05882352941177 0.2
audio2-7 0.21240230298052903 147.05882352941177 0.2
audio3-4 0.21240230298052903 147.05882352941177 0.2
audio4-4 0.21240230298052903 147.05882352941177 0.2
audio4-5 0.21240230298052903 147.05882352941177 0.2
audio6-4 0.21240230298052903 147.05882352941177 0.2
audio7-3 0.21240230298052903 147.05882352941177 0.2
audio8-5 0.21240230298052903 147.05882352941177 0.2
audio9-6 0.21240230298052903 147.05882352941177 0.2
yolo1-2 3.3187416831175587 147.05882352941177 0.99
yolo10-0 3.3187416831175587 147.05882352941177 0.99
yolo10-3 3.3187416831175587 147.05882352941177 0.99
yolo10-7 3.3187416831175587 147.05882352941177 0.99
yolo11-5 3.3187416831175587 147.05882352941177 0.99
yolo11-7 3.3187416831175587 147.05882352941177 0.99
yolo12-3 3.3187416831175587 147.05882352941177 0.99
yolo2-6 3.3187416831175587 147.05882352941177 0.99
yolo2-7 3.3187416831175587 147.05882352941177 0.99
yolo3-8 3.3187416831175587 147.05882352941177 0.99
yolo4-1 3.3187416831175587 147.05882352941177 0.99
yolo4-3 3.3187416831175587 147.05882352941177 0.99
yolo4-4 3.3187416831175587 147.05882352941177 0.99
yolo5-5 3.3187416831175587 147.05882352941177 0.99
yolo5-7 3.3187416831175587 147.05882352941177 0.99
yolo6-1 3.3187416831175587 147.05882352941177 0.99
yolo6-5 3.3187416831175587 147.05882352941177 0.99
yolo6-8 3.3187416831175587 147.05882352941177 0.99
yolo7-1 3.3187416831175587 147.05882352941177 0.99
yolo7-4 3.3187416831175587 147.05882352941177 0.99
yolo8-1 3.3187416831175587 147.05882352941177 0.99
yolo8-3 3.3187416831175587 147.05882352941177 0.99
yolo9-5 3.3187416831175587 147.05882352941177 0.99
Sum of bandwidth: 4999.999999999999
Average accuracy: 0.7101225234619398
time: 0.00942850112915039
**time: 9
Allocate Bandwidth: 5000.0
========Allocate Done=============
audio1-9 0.21240230298052903 147.05882352941177 0.2
audio10-2 0.21240230298052903 147.05882352941177 0.2
audio11-5 0.21240230298052903 147.05882352941177 0.2
audio12-6 0.21240230298052903 147.05882352941177 0.2
audio2-7 0.21240230298052903 147.05882352941177 0.2
audio3-4 0.21240230298052903 147.05882352941177 0.2
audio4-5 0.21240230298052903 147.05882352941177 0.2
audio6-4 0.21240230298052903 147.05882352941177 0.2
audio7-3 0.21240230298052903 147.05882352941177 0.2
audio9-6 0.21240230298052903 147.05882352941177 0.2
yolo10-0 3.3187416831175587 147.05882352941177 0.99
yolo10-3 3.3187416831175587 147.05882352941177 0.99
yolo10-7 3.3187416831175587 147.05882352941177 0.99
yolo11-5 3.3187416831175587 147.05882352941177 0.99
yolo11-7 3.3187416831175587 147.05882352941177 0.99
yolo12-3 3.3187416831175587 147.05882352941177 0.99
yolo2-6 3.3187416831175587 147.05882352941177 0.99
yolo2-7 3.3187416831175587 147.05882352941177 0.99
yolo3-8 3.3187416831175587 147.05882352941177 0.99
yolo4-1 3.3187416831175587 147.05882352941177 0.99
yolo4-3 3.3187416831175587 147.05882352941177 0.99
yolo4-4 3.3187416831175587 147.05882352941177 0.99
yolo5-7 3.3187416831175587 147.05882352941177 0.99
yolo6-5 3.3187416831175587 147.05882352941177 0.99
yolo6-8 3.3187416831175587 147.05882352941177 0.99
yolo7-1 3.3187416831175587 147.05882352941177 0.99
yolo7-4 3.3187416831175587 147.05882352941177 0.99
yolo7-9 3.3187416831175587 147.05882352941177 0.99
yolo8-1 3.3187416831175587 147.05882352941177 0.99
yolo8-3 3.3187416831175587 147.05882352941177 0.99
yolo9-5 3.3187416831175587 147.05882352941177 0.99
yolo9-9 3.3187416831175587 147.05882352941177 0.99
audio7-edge-1 1.0 147.05882352941177 0.9
audio7-edge-3 1.0 147.05882352941177 0.9
Sum of bandwidth: 4999.999999999999
Average accuracy: 0.7468392641522837
time: 0.7344701290130615
**time: 10
Allocate Bandwidth: 5000.0
========Allocate Done=============
audio1-9 0.22576934264107038 156.25 0.2
audio10-2 0.22576934264107038 156.25 0.2
audio11-5 0.22576934264107038 156.25 0.2
audio2-7 0.22576934264107038 156.25 0.2
audio3-4 0.22576934264107038 156.25 0.2
audio4-5 0.22576934264107038 156.25 0.2
audio6-4 0.22576934264107038 156.25 0.2
audio9-6 0.22576934264107038 156.25 0.2
yolo10-0 3.3176663356697125 156.25 0.99
yolo10-3 3.3176663356697125 156.25 0.99
yolo10-7 3.3176663356697125 156.25 0.99
yolo11-5 3.3176663356697125 156.25 0.99
yolo11-7 3.3176663356697125 156.25 0.99
yolo12-3 3.3176663356697125 156.25 0.99
yolo2-6 3.3176663356697125 156.25 0.99
yolo2-7 3.3176663356697125 156.25 0.99
yolo3-10 3.3176663356697125 156.25 0.99
yolo3-8 3.3176663356697125 156.25 0.99
yolo4-1 3.3176663356697125 156.25 0.99
yolo4-4 3.3176663356697125 156.25 0.99
yolo5-10 3.3176663356697125 156.25 0.99
yolo5-7 3.3176663356697125 156.25 0.99
yolo6-5 3.3176663356697125 156.25 0.99
yolo6-8 3.3176663356697125 156.25 0.99
yolo7-1 3.3176663356697125 156.25 0.99
yolo7-4 3.3176663356697125 156.25 0.99
yolo7-9 3.3176663356697125 156.25 0.99
yolo8-10 3.3176663356697125 156.25 0.99
yolo8-3 3.3176663356697125 156.25 0.99
yolo9-9 3.3176663356697125 156.25 0.99
audio7-edge-1 1.0 156.25 0.9
audio7-edge-3 1.0 156.25 0.9
Sum of bandwidth: 5000.0
Average accuracy: 0.7949096385542169
time: 0.22571182250976562
**time: 11
Allocate Bandwidth: 5000.0
========Allocate Done=============
audio1-9 0.2005204899489367 138.88888888888889 0.2
audio10-2 0.2005204899489367 138.88888888888889 0.2
audio11-5 0.2005204899489367 138.88888888888889 0.2
audio12-11 0.2005204899489367 138.88888888888889 0.2
audio2-7 0.2005204899489367 138.88888888888889 0.2
audio3-4 0.2005204899489367 138.88888888888889 0.2
audio4-11 0.2005204899489367 138.88888888888889 0.2
audio4-5 0.2005204899489367 138.88888888888889 0.2
audio5-11 0.2005204899489367 138.88888888888889 0.2
audio6-4 0.2005204899489367 138.88888888888889 0.2
audio9-6 0.2005204899489367 138.88888888888889 0.2
yolo10-0 3.3173781153271142 138.88888888888889 0.99
yolo10-3 3.3173781153271142 138.88888888888889 0.99
yolo10-7 3.3173781153271142 138.88888888888889 0.99
yolo11-5 3.3173781153271142 138.88888888888889 0.99
yolo11-7 3.3173781153271142 138.88888888888889 0.99
yolo12-3 3.3173781153271142 138.88888888888889 0.99
yolo2-6 3.3173781153271142 138.88888888888889 0.99
yolo2-7 3.3173781153271142 138.88888888888889 0.99
yolo3-10 3.3173781153271142 138.88888888888889 0.99
yolo3-8 3.3173781153271142 138.88888888888889 0.99
yolo4-1 3.3173781153271142 138.88888888888889 0.99
yolo4-11 3.3173781153271142 138.88888888888889 0.99
yolo4-4 3.3173781153271142 138.88888888888889 0.99
yolo5-10 3.3173781153271142 138.88888888888889 0.99
yolo5-7 3.3173781153271142 138.88888888888889 0.99
yolo6-5 3.3173781153271142 138.88888888888889 0.99
yolo6-8 3.3173781153271142 138.88888888888889 0.99
yolo7-1 3.3173781153271142 138.88888888888889 0.99
yolo7-4 3.3173781153271142 138.88888888888889 0.99
yolo7-9 3.3173781153271142 138.88888888888889 0.99
yolo8-10 3.3173781153271142 138.88888888888889 0.99
yolo8-3 3.3173781153271142 138.88888888888889 0.99
yolo9-9 3.3173781153271142 138.88888888888889 0.99
audio7-edge-1 1.0 138.88888888888889 0.9
audio7-edge-3 1.0 138.88888888888889 0.9
Sum of bandwidth: 4999.999999999996
Average accuracy: 0.7865383767903047
time: 0.005129337310791016
**time: 12
Allocate Bandwidth: 5000.0
========Allocate Done=============
audio1-9 0.18988939407856464 131.57894736842104 0.2
audio10-12 0.18988939407856464 131.57894736842104 0.2
audio10-2 0.18988939407856464 131.57894736842104 0.2
audio11-5 0.18988939407856464 131.57894736842104 0.2
audio12-11 0.18988939407856464 131.57894736842104 0.2
audio3-4 0.18988939407856464 131.57894736842104 0.2
audio4-11 0.18988939407856464 131.57894736842104 0.2
audio4-5 0.18988939407856464 131.57894736842104 0.2
audio5-11 0.18988939407856464 131.57894736842104 0.2
audio6-4 0.18988939407856464 131.57894736842104 0.2
audio9-6 0.18988939407856464 131.57894736842104 0.2
yolo10-0 3.317593539550397 131.57894736842104 0.99
yolo10-3 3.317593539550397 131.57894736842104 0.99
yolo10-7 3.317593539550397 131.57894736842104 0.99
yolo11-12 3.317593539550397 131.57894736842104 0.99
yolo11-5 3.317593539550397 131.57894736842104 0.99
yolo11-7 3.317593539550397 131.57894736842104 0.99
yolo12-12 3.317593539550397 131.57894736842104 0.99
yolo12-3 3.317593539550397 131.57894736842104 0.99
yolo2-12 3.317593539550397 131.57894736842104 0.99
yolo2-6 3.317593539550397 131.57894736842104 0.99
yolo2-7 3.317593539550397 131.57894736842104 0.99
yolo3-10 3.317593539550397 131.57894736842104 0.99
yolo4-1 3.317593539550397 131.57894736842104 0.99
yolo4-11 3.317593539550397 131.57894736842104 0.99
yolo4-4 3.317593539550397 131.57894736842104 0.99
yolo5-10 3.317593539550397 131.57894736842104 0.99
yolo5-7 3.317593539550397 131.57894736842104 0.99
yolo6-5 3.317593539550397 131.57894736842104 0.99
yolo6-8 3.317593539550397 131.57894736842104 0.99
yolo7-1 3.317593539550397 131.57894736842104 0.99
yolo7-12 3.317593539550397 131.57894736842104 0.99
yolo7-4 3.317593539550397 131.57894736842104 0.99
yolo7-9 3.317593539550397 131.57894736842104 0.99
yolo8-10 3.317593539550397 131.57894736842104 0.99
yolo8-3 3.317593539550397 131.57894736842104 0.99
yolo9-9 3.317593539550397 131.57894736842104 0.99
audio7-edge-3 1.0 131.57894736842104 0.9
Sum of bandwidth: 4999.9999999999945
Average accuracy: 0.8236108460559798
time: 0.009750604629516602
**time: 13
Allocate Bandwidth: 5000.0
========Allocate Done=============
audio1-9 0.2005204899489367 138.88888888888889 0.2
audio10-12 0.2005204899489367 138.88888888888889 0.2
audio10-2 0.2005204899489367 138.88888888888889 0.2
audio11-13 0.2005204899489367 138.88888888888889 0.2
audio11-5 0.2005204899489367 138.88888888888889 0.2
audio12-11 0.2005204899489367 138.88888888888889 0.2
audio3-13 0.2005204899489367 138.88888888888889 0.2
audio3-4 0.2005204899489367 138.88888888888889 0.2
audio4-11 0.2005204899489367 138.88888888888889 0.2
audio4-5 0.2005204899489367 138.88888888888889 0.2
audio5-11 0.2005204899489367 138.88888888888889 0.2
audio6-13 0.2005204899489367 138.88888888888889 0.2
audio6-4 0.2005204899489367 138.88888888888889 0.2
audio7-13 0.2005204899489367 138.88888888888889 0.2
yolo10-7 3.3173781153271142 138.88888888888889 0.99
yolo11-12 3.3173781153271142 138.88888888888889 0.99
yolo11-5 3.3173781153271142 138.88888888888889 0.99
yolo11-7 3.3173781153271142 138.88888888888889 0.99
yolo12-12 3.3173781153271142 138.88888888888889 0.99
yolo12-3 3.3173781153271142 138.88888888888889 0.99
yolo2-12 3.3173781153271142 138.88888888888889 0.99
yolo2-6 3.3173781153271142 138.88888888888889 0.99
yolo2-7 3.3173781153271142 138.88888888888889 0.99
yolo3-10 3.3173781153271142 138.88888888888889 0.99
yolo4-11 3.3173781153271142 138.88888888888889 0.99
yolo4-4 3.3173781153271142 138.88888888888889 0.99
yolo5-10 3.3173781153271142 138.88888888888889 0.99
yolo5-7 3.3173781153271142 138.88888888888889 0.99
yolo6-8 3.3173781153271142 138.88888888888889 0.99
yolo7-12 3.3173781153271142 138.88888888888889 0.99
yolo7-4 3.3173781153271142 138.88888888888889 0.99
yolo7-9 3.3173781153271142 138.88888888888889 0.99
yolo8-10 3.3173781153271142 138.88888888888889 0.99
yolo8-3 3.3173781153271142 138.88888888888889 0.99
yolo9-9 3.3173781153271142 138.88888888888889 0.99
audio7-edge-3 1.0 138.88888888888889 0.9
Sum of bandwidth: 4999.999999999996
Average accuracy: 0.7069906356413167
time: 0.6393632888793945
**time: 14
Allocate Bandwidth: 5000.0
========Allocate Done=============
audio10-12 0.2005204899489367 138.88888888888889 0.2
audio10-2 0.2005204899489367 138.88888888888889 0.2
audio11-13 0.2005204899489367 138.88888888888889 0.2
audio11-5 0.2005204899489367 138.88888888888889 0.2
audio12-11 0.2005204899489367 138.88888888888889 0.2
audio2-14 0.2005204899489367 138.88888888888889 0.2
audio3-13 0.2005204899489367 138.88888888888889 0.2
audio4-11 0.2005204899489367 138.88888888888889 0.2
audio4-5 0.2005204899489367 138.88888888888889 0.2
audio5-11 0.2005204899489367 138.88888888888889 0.2
audio6-13 0.2005204899489367 138.88888888888889 0.2
audio6-4 0.2005204899489367 138.88888888888889 0.2
audio7-13 0.2005204899489367 138.88888888888889 0.2
audio8-14 0.2005204899489367 138.88888888888889 0.2
audio9-14 0.2005204899489367 138.88888888888889 0.2
yolo1-14 3.3173781153271142 138.88888888888889 0.99
yolo10-7 3.3173781153271142 138.88888888888889 0.99
yolo11-12 3.3173781153271142 138.88888888888889 0.99
yolo11-5 3.3173781153271142 138.88888888888889 0.99
yolo11-7 3.3173781153271142 138.88888888888889 0.99
yolo12-12 3.3173781153271142 138.88888888888889 0.99
yolo2-12 3.3173781153271142 138.88888888888889 0.99
yolo2-6 3.3173781153271142 138.88888888888889 0.99
yolo2-7 3.3173781153271142 138.88888888888889 0.99
yolo3-10 3.3173781153271142 138.88888888888889 0.99
yolo4-11 3.3173781153271142 138.88888888888889 0.99
yolo5-7 3.3173781153271142 138.88888888888889 0.99
yolo6-14 3.3173781153271142 138.88888888888889 0.99
yolo6-8 3.3173781153271142 138.88888888888889 0.99
yolo7-12 3.3173781153271142 138.88888888888889 0.99
yolo8-10 3.3173781153271142 138.88888888888889 0.99
yolo8-3 3.3173781153271142 138.88888888888889 0.99
yolo9-14 3.3173781153271142 138.88888888888889 0.99
yolo9-9 3.3173781153271142 138.88888888888889 0.99
audio1-edge-9 1.0 138.88888888888889 0.9
audio11-edge-5 1.0 138.88888888888889 0.9
Sum of bandwidth: 4999.999999999996
Average accuracy: 0.6754957340394234
time: 0.4226248264312744
**time: 15
Allocate Bandwidth: 5000.0
========Allocate Done=============
audio10-12 0.1803214077952298 125.0 0.2
audio10-15 0.1803214077952298 125.0 0.2
audio11-13 0.1803214077952298 125.0 0.2
audio11-5 0.1803214077952298 125.0 0.2
audio12-11 0.1803214077952298 125.0 0.2
audio12-15 0.1803214077952298 125.0 0.2
audio2-14 0.1803214077952298 125.0 0.2
audio3-13 0.1803214077952298 125.0 0.2
audio4-11 0.1803214077952298 125.0 0.2
audio4-15 0.1803214077952298 125.0 0.2
audio5-11 0.1803214077952298 125.0 0.2
audio5-15 0.1803214077952298 125.0 0.2
audio6-13 0.1803214077952298 125.0 0.2
audio6-4 0.1803214077952298 125.0 0.2
audio7-13 0.1803214077952298 125.0 0.2
audio8-14 0.1803214077952298 125.0 0.2
audio9-14 0.1803214077952298 125.0 0.2
yolo1-14 3.3159990803922157 125.0 0.99
yolo10-7 3.3159990803922157 125.0 0.99
yolo11-12 3.3159990803922157 125.0 0.99
yolo11-5 3.3159990803922157 125.0 0.99
yolo11-7 3.3159990803922157 125.0 0.99
yolo12-12 3.3159990803922157 125.0 0.99
yolo2-12 3.3159990803922157 125.0 0.99
yolo2-6 3.3159990803922157 125.0 0.99
yolo2-7 3.3159990803922157 125.0 0.99
yolo3-10 3.3159990803922157 125.0 0.99
yolo4-11 3.3159990803922157 125.0 0.99
yolo4-15 3.3159990803922157 125.0 0.99
yolo5-15 3.3159990803922157 125.0 0.99
yolo5-7 3.3159990803922157 125.0 0.99
yolo6-14 3.3159990803922157 125.0 0.99
yolo6-8 3.3159990803922157 125.0 0.99
yolo7-12 3.3159990803922157 125.0 0.99
yolo7-15 3.3159990803922157 125.0 0.99
yolo8-10 3.3159990803922157 125.0 0.99
yolo8-3 3.3159990803922157 125.0 0.99
yolo9-14 3.3159990803922157 125.0 0.99
yolo9-9 3.3159990803922157 125.0 0.99
audio11-edge-5 1.0 125.0 0.9
Sum of bandwidth: 5000.0
Average accuracy: 0.6817026178010472
time: 0.10089397430419922
**time: 16
Allocate Bandwidth: 5000.0
========Allocate Done=============
audio10-12 0.17588746293222093 121.95121951219512 0.2
audio10-15 0.17588746293222093 121.95121951219512 0.2
audio11-13 0.17588746293222093 121.95121951219512 0.2
audio11-16 0.17588746293222093 121.95121951219512 0.2
audio12-11 0.17588746293222093 121.95121951219512 0.2
audio12-15 0.17588746293222093 121.95121951219512 0.2
audio2-14 0.17588746293222093 121.95121951219512 0.2
audio3-13 0.17588746293222093 121.95121951219512 0.2
audio4-11 0.17588746293222093 121.95121951219512 0.2
audio4-15 0.17588746293222093 121.95121951219512 0.2
audio5-15 0.17588746293222093 121.95121951219512 0.2
audio6-13 0.17588746293222093 121.95121951219512 0.2
audio7-13 0.17588746293222093 121.95121951219512 0.2
audio8-14 0.17588746293222093 121.95121951219512 0.2
audio8-16 0.17588746293222093 121.95121951219512 0.2
audio9-14 0.17588746293222093 121.95121951219512 0.2
yolo1-14 3.317532478553837 121.95121951219512 0.99
yolo10-7 3.317532478553837 121.95121951219512 0.99
yolo11-12 3.317532478553837 121.95121951219512 0.99
yolo11-16 3.317532478553837 121.95121951219512 0.99
yolo11-5 3.317532478553837 121.95121951219512 0.99
yolo12-12 3.317532478553837 121.95121951219512 0.99
yolo12-16 3.317532478553837 121.95121951219512 0.99
yolo2-12 3.317532478553837 121.95121951219512 0.99
yolo2-16 3.317532478553837 121.95121951219512 0.99
yolo2-6 3.317532478553837 121.95121951219512 0.99
yolo2-7 3.317532478553837 121.95121951219512 0.99
yolo3-10 3.317532478553837 121.95121951219512 0.99
yolo3-16 3.317532478553837 121.95121951219512 0.99
yolo4-15 3.317532478553837 121.95121951219512 0.99
yolo5-15 3.317532478553837 121.95121951219512 0.99
yolo5-7 3.317532478553837 121.95121951219512 0.99
yolo6-14 3.317532478553837 121.95121951219512 0.99
yolo6-8 3.317532478553837 121.95121951219512 0.99
yolo7-12 3.317532478553837 121.95121951219512 0.99
yolo7-15 3.317532478553837 121.95121951219512 0.99
yolo8-10 3.317532478553837 121.95121951219512 0.99
yolo9-14 3.317532478553837 121.95121951219512 0.99
yolo9-16 3.317532478553837 121.95121951219512 0.99
yolo9-9 3.317532478553837 121.95121951219512 0.99
audio11-edge-5 1.0 121.95121951219512 0.9
Sum of bandwidth: 5000.000000000001
Average accuracy: 0.7337849709420193
time: 0.009886503219604492
**time: 17
Allocate Bandwidth: 5000.0
========Allocate Done=============
audio10-12 0.19506127855604294 135.13513513513513 0.2
audio10-15 0.19506127855604294 135.13513513513513 0.2
audio11-16 0.19506127855604294 135.13513513513513 0.2
audio12-15 0.19506127855604294 135.13513513513513 0.2
audio2-14 0.19506127855604294 135.13513513513513 0.2
audio3-13 0.19506127855604294 135.13513513513513 0.2
audio4-11 0.19506127855604294 135.13513513513513 0.2
audio4-15 0.19506127855604294 135.13513513513513 0.2
audio5-15 0.19506127855604294 135.13513513513513 0.2
audio6-13 0.19506127855604294 135.13513513513513 0.2
audio7-13 0.19506127855604294 135.13513513513513 0.2
audio8-14 0.19506127855604294 135.13513513513513 0.2
audio8-16 0.19506127855604294 135.13513513513513 0.2
audio9-14 0.19506127855604294 135.13513513513513 0.2
yolo10-7 3.317413516794471 135.13513513513513 0.99
yolo11-12 3.317413516794471 135.13513513513513 0.99
yolo11-16 3.317413516794471 135.13513513513513 0.99
yolo12-12 3.317413516794471 135.13513513513513 0.99
yolo12-16 3.317413516794471 135.13513513513513 0.99
yolo2-12 3.317413516794471 135.13513513513513 0.99
yolo2-16 3.317413516794471 135.13513513513513 0.99
yolo2-7 3.317413516794471 135.13513513513513 0.99
yolo3-10 3.317413516794471 135.13513513513513 0.99
yolo3-16 3.317413516794471 135.13513513513513 0.99
yolo4-15 3.317413516794471 135.13513513513513 0.99
yolo5-15 3.317413516794471 135.13513513513513 0.99
yolo5-7 3.317413516794471 135.13513513513513 0.99
yolo6-14 3.317413516794471 135.13513513513513 0.99
yolo6-8 3.317413516794471 135.13513513513513 0.99
yolo7-12 3.317413516794471 135.13513513513513 0.99
yolo7-15 3.317413516794471 135.13513513513513 0.99
yolo8-10 3.317413516794471 135.13513513513513 0.99
yolo9-14 3.317413516794471 135.13513513513513 0.99
yolo9-16 3.317413516794471 135.13513513513513 0.99
yolo9-9 3.317413516794471 135.13513513513513 0.99
audio11-edge-16 1.0 135.13513513513513 0.9
audio3-edge-13 1.0 135.13513513513513 0.9
Sum of bandwidth: 4999.999999999997
Average accuracy: 0.7385439521299333
time: 0.3856186866760254
**time: 18
Allocate Bandwidth: 5000.0
========Allocate Done=============
audio1-18 0.22576934264107038 156.25 0.2
audio10-12 0.22576934264107038 156.25 0.2
audio10-15 0.22576934264107038 156.25 0.2
audio12-15 0.22576934264107038 156.25 0.2
audio2-14 0.22576934264107038 156.25 0.2
audio4-11 0.22576934264107038 156.25 0.2
audio4-15 0.22576934264107038 156.25 0.2
audio6-13 0.22576934264107038 156.25 0.2
audio7-13 0.22576934264107038 156.25 0.2
audio8-16 0.22576934264107038 156.25 0.2
audio9-14 0.22576934264107038 156.25 0.2
yolo1-18 3.3176663356697125 156.25 0.99
yolo10-18 3.3176663356697125 156.25 0.99
yolo11-12 3.3176663356697125 156.25 0.99
yolo11-16 3.3176663356697125 156.25 0.99
yolo12-12 3.3176663356697125 156.25 0.99
yolo12-16 3.3176663356697125 156.25 0.99
yolo2-12 3.3176663356697125 156.25 0.99
yolo2-16 3.3176663356697125 156.25 0.99
yolo3-10 3.3176663356697125 156.25 0.99
yolo3-16 3.3176663356697125 156.25 0.99
yolo4-15 3.3176663356697125 156.25 0.99
yolo5-15 3.3176663356697125 156.25 0.99
yolo6-14 3.3176663356697125 156.25 0.99
yolo6-8 3.3176663356697125 156.25 0.99
yolo7-12 3.3176663356697125 156.25 0.99
yolo7-15 3.3176663356697125 156.25 0.99
yolo8-10 3.3176663356697125 156.25 0.99
yolo9-14 3.3176663356697125 156.25 0.99
yolo9-16 3.3176663356697125 156.25 0.99
audio11-edge-16 1.0 156.25 0.9
audio3-edge-13 1.0 156.25 0.9
Sum of bandwidth: 5000.0
Average accuracy: 0.7350114029901175
time: 0.03995561599731445
**time: 19
Allocate Bandwidth: 5000.0
========Allocate Done=============
audio1-18 0.2409186542563506 166.66666666666666 0.2
audio10-12 0.2409186542563506 166.66666666666666 0.2
audio10-15 0.2409186542563506 166.66666666666666 0.2
audio4-11 0.2409186542563506 166.66666666666666 0.2
audio4-15 0.2409186542563506 166.66666666666666 0.2
audio5-19 0.2409186542563506 166.66666666666666 0.2
audio6-13 0.2409186542563506 166.66666666666666 0.2
audio8-16 0.2409186542563506 166.66666666666666 0.2
audio8-19 0.2409186542563506 166.66666666666666 0.2
audio9-14 0.2409186542563506 166.66666666666666 0.2
yolo1-18 3.3166501931820687 166.66666666666666 0.99
yolo10-18 3.3166501931820687 166.66666666666666 0.99
yolo11-12 3.3166501931820687 166.66666666666666 0.99
yolo11-16 3.3166501931820687 166.66666666666666 0.99
yolo12-12 3.3166501931820687 166.66666666666666 0.99
yolo12-16 3.3166501931820687 166.66666666666666 0.99
yolo12-19 3.3166501931820687 166.66666666666666 0.99
yolo2-16 3.3166501931820687 166.66666666666666 0.99
yolo3-10 3.3166501931820687 166.66666666666666 0.99
yolo3-16 3.3166501931820687 166.66666666666666 0.99
yolo4-15 3.3166501931820687 166.66666666666666 0.99
yolo5-15 3.3166501931820687 166.66666666666666 0.99
yolo6-14 3.3166501931820687 166.66666666666666 0.99
yolo6-8 3.3166501931820687 166.66666666666666 0.99
yolo7-15 3.3166501931820687 166.66666666666666 0.99
yolo8-10 3.3166501931820687 166.66666666666666 0.99
yolo9-14 3.3166501931820687 166.66666666666666 0.99
yolo9-16 3.3166501931820687 166.66666666666666 0.99
audio11-edge-16 1.0 166.66666666666666 0.9
audio3-edge-13 1.0 166.66666666666666 0.9
Sum of bandwidth: 5000.0
Average accuracy: 0.81158407703147
time: 0.08823275566101074
**time: 20
Allocate Bandwidth: 5000.0
========Allocate Done=============
audio1-18 0.2678507637946265 185.1851851851852 0.2
audio10-12 0.2678507637946265 185.1851851851852 0.2
audio10-15 0.2678507637946265 185.1851851851852 0.2
audio4-11 0.2678507637946265 185.1851851851852 0.2
audio4-20 0.2678507637946265 185.1851851851852 0.2
audio5-19 0.2678507637946265 185.1851851851852 0.2
audio8-16 0.2678507637946265 185.1851851851852 0.2
audio8-19 0.2678507637946265 185.1851851851852 0.2
audio9-14 0.2678507637946265 185.1851851851852 0.2
yolo1-18 3.3168384768114505 185.1851851851852 0.99
yolo10-18 3.3168384768114505 185.1851851851852 0.99
yolo10-20 3.3168384768114505 185.1851851851852 0.99
yolo11-12 3.3168384768114505 185.1851851851852 0.99
yolo11-16 3.3168384768114505 185.1851851851852 0.99
yolo12-12 3.3168384768114505 185.1851851851852 0.99
yolo12-16 3.3168384768114505 185.1851851851852 0.99
yolo12-19 3.3168384768114505 185.1851851851852 0.99
yolo2-16 3.3168384768114505 185.1851851851852 0.99
yolo3-16 3.3168384768114505 185.1851851851852 0.99
yolo4-20 3.3168384768114505 185.1851851851852 0.99
yolo5-15 3.3168384768114505 185.1851851851852 0.99
yolo6-20 3.3168384768114505 185.1851851851852 0.99
yolo7-15 3.3168384768114505 185.1851851851852 0.99
yolo9-14 3.3168384768114505 185.1851851851852 0.99
yolo9-16 3.3168384768114505 185.1851851851852 0.99
audio11-edge-16 1.0 185.1851851851852 0.9
audio3-edge-13 1.0 185.1851851851852 0.9
Sum of bandwidth: 5000.0
Average accuracy: 0.8442364973981695
time: 0.007246971130371094
**time: 21
Allocate Bandwidth: 5000.0
========Allocate Done=============
audio1-18 0.2409186542563506 166.66666666666666 0.2
audio10-12 0.2409186542563506 166.66666666666666 0.2
audio10-15 0.2409186542563506 166.66666666666666 0.2
audio12-21 0.2409186542563506 166.66666666666666 0.2
audio2-21 0.2409186542563506 166.66666666666666 0.2
audio4-11 0.2409186542563506 166.66666666666666 0.2
audio4-20 0.2409186542563506 166.66666666666666 0.2
audio5-19 0.2409186542563506 166.66666666666666 0.2
audio6-21 0.2409186542563506 166.66666666666666 0.2
audio8-16 0.2409186542563506 166.66666666666666 0.2
audio8-19 0.2409186542563506 166.66666666666666 0.2
audio9-14 0.2409186542563506 166.66666666666666 0.2
yolo1-18 3.3166501931820687 166.66666666666666 0.99
yolo1-21 3.3166501931820687 166.66666666666666 0.99
yolo10-18 3.3166501931820687 166.66666666666666 0.99
yolo10-20 3.3166501931820687 166.66666666666666 0.99
yolo11-12 3.3166501931820687 166.66666666666666 0.99
yolo11-16 3.3166501931820687 166.66666666666666 0.99
yolo12-12 3.3166501931820687 166.66666666666666 0.99
yolo12-16 3.3166501931820687 166.66666666666666 0.99
yolo12-19 3.3166501931820687 166.66666666666666 0.99
yolo2-16 3.3166501931820687 166.66666666666666 0.99
yolo3-16 3.3166501931820687 166.66666666666666 0.99
yolo4-20 3.3166501931820687 166.66666666666666 0.99
yolo6-20 3.3166501931820687 166.66666666666666 0.99
yolo8-21 3.3166501931820687 166.66666666666666 0.99
yolo9-14 3.3166501931820687 166.66666666666666 0.99
yolo9-16 3.3166501931820687 166.66666666666666 0.99
audio11-edge-16 1.0 166.66666666666666 0.9
audio3-edge-13 1.0 166.66666666666666 0.9
Sum of bandwidth: 5000.0
Average accuracy: 0.6851731493099121
time: 0.16591739654541016
**time: 22
Allocate Bandwidth: 5000.0
========Allocate Done=============
audio1-18 0.2188832919068521 151.5151515151515 0.2
audio10-12 0.2188832919068521 151.5151515151515 0.2
audio10-15 0.2188832919068521 151.5151515151515 0.2
audio11-22 0.2188832919068521 151.5151515151515 0.2
audio12-21 0.2188832919068521 151.5151515151515 0.2
audio2-21 0.2188832919068521 151.5151515151515 0.2
audio3-22 0.2188832919068521 151.5151515151515 0.2
audio4-20 0.2188832919068521 151.5151515151515 0.2
audio5-19 0.2188832919068521 151.5151515151515 0.2
audio6-21 0.2188832919068521 151.5151515151515 0.2
audio8-16 0.2188832919068521 151.5151515151515 0.2
audio8-19 0.2188832919068521 151.5151515151515 0.2
yolo1-18 3.316596809874422 151.5151515151515 0.99
yolo1-21 3.316596809874422 151.5151515151515 0.99
yolo10-18 3.316596809874422 151.5151515151515 0.99
yolo10-20 3.316596809874422 151.5151515151515 0.99
yolo11-12 3.316596809874422 151.5151515151515 0.99
yolo11-16 3.316596809874422 151.5151515151515 0.99
yolo12-12 3.316596809874422 151.5151515151515 0.99
yolo12-16 3.316596809874422 151.5151515151515 0.99
yolo12-19 3.316596809874422 151.5151515151515 0.99
yolo2-16 3.316596809874422 151.5151515151515 0.99
yolo2-22 3.316596809874422 151.5151515151515 0.99
yolo3-16 3.316596809874422 151.5151515151515 0.99
yolo4-20 3.316596809874422 151.5151515151515 0.99
yolo5-22 3.316596809874422 151.5151515151515 0.99
yolo6-20 3.316596809874422 151.5151515151515 0.99
yolo7-22 3.316596809874422 151.5151515151515 0.99
yolo8-21 3.316596809874422 151.5151515151515 0.99
yolo9-14 3.316596809874422 151.5151515151515 0.99
yolo9-16 3.316596809874422 151.5151515151515 0.99
audio11-edge-16 1.0 151.5151515151515 0.9
audio3-edge-13 1.0 151.5151515151515 0.9
Sum of bandwidth: 5000.000000000002
Average accuracy: 0.7009709987132535
time: 0.017732858657836914
**time: 23
Allocate Bandwidth: 5000.0
========Allocate Done=============
audio10-12 0.2188832919068521 151.5151515151515 0.2
audio10-15 0.2188832919068521 151.5151515151515 0.2
audio11-22 0.2188832919068521 151.5151515151515 0.2
audio12-21 0.2188832919068521 151.5151515151515 0.2
audio2-21 0.2188832919068521 151.5151515151515 0.2
audio3-22 0.2188832919068521 151.5151515151515 0.2
audio4-20 0.2188832919068521 151.5151515151515 0.2
audio5-19 0.2188832919068521 151.5151515151515 0.2
audio6-21 0.2188832919068521 151.5151515151515 0.2
audio7-23 0.2188832919068521 151.5151515151515 0.2
audio8-16 0.2188832919068521 151.5151515151515 0.2
audio8-19 0.2188832919068521 151.5151515151515 0.2
yolo1-18 3.316596809874422 151.5151515151515 0.99
yolo1-21 3.316596809874422 151.5151515151515 0.99
yolo10-18 3.316596809874422 151.5151515151515 0.99
yolo10-20 3.316596809874422 151.5151515151515 0.99
yolo11-16 3.316596809874422 151.5151515151515 0.99
yolo11-23 3.316596809874422 151.5151515151515 0.99
yolo12-12 3.316596809874422 151.5151515151515 0.99
yolo12-16 3.316596809874422 151.5151515151515 0.99
yolo12-19 3.316596809874422 151.5151515151515 0.99
yolo2-16 3.316596809874422 151.5151515151515 0.99
yolo2-22 3.316596809874422 151.5151515151515 0.99
yolo3-16 3.316596809874422 151.5151515151515 0.99
yolo3-23 3.316596809874422 151.5151515151515 0.99
yolo5-22 3.316596809874422 151.5151515151515 0.99
yolo6-20 3.316596809874422 151.5151515151515 0.99
yolo7-22 3.316596809874422 151.5151515151515 0.99
yolo8-21 3.316596809874422 151.5151515151515 0.99
yolo9-14 3.316596809874422 151.5151515151515 0.99
yolo9-16 3.316596809874422 151.5151515151515 0.99
audio11-edge-16 1.0 151.5151515151515 0.9
audio3-edge-13 1.0 151.5151515151515 0.9
Sum of bandwidth: 5000.000000000002
Average accuracy: 0.6909952236213638
time: 0.0711512565612793
**time: 24
Allocate Bandwidth: 5000.0
========Allocate Done=============
audio11-22 0.25823215324524224 178.57142857142858 0.2
audio12-21 0.25823215324524224 178.57142857142858 0.2
audio2-21 0.25823215324524224 178.57142857142858 0.2
audio3-22 0.25823215324524224 178.57142857142858 0.2
audio4-20 0.25823215324524224 178.57142857142858 0.2
audio5-19 0.25823215324524224 178.57142857142858 0.2
audio6-21 0.25823215324524224 178.57142857142858 0.2
audio7-23 0.25823215324524224 178.57142857142858 0.2
audio8-16 0.25823215324524224 178.57142857142858 0.2
audio8-19 0.25823215324524224 178.57142857142858 0.2
yolo1-18 3.319085391182361 178.57142857142858 0.99
yolo1-21 3.319085391182361 178.57142857142858 0.99
yolo10-18 3.319085391182361 178.57142857142858 0.99
yolo10-20 3.319085391182361 178.57142857142858 0.99
yolo11-16 3.319085391182361 178.57142857142858 0.99
yolo11-23 3.319085391182361 178.57142857142858 0.99
yolo12-16 3.319085391182361 178.57142857142858 0.99
yolo12-19 3.319085391182361 178.57142857142858 0.99
yolo2-22 3.319085391182361 178.57142857142858 0.99
yolo3-16 3.319085391182361 178.57142857142858 0.99
yolo3-23 3.319085391182361 178.57142857142858 0.99
yolo5-22 3.319085391182361 178.57142857142858 0.99
yolo6-20 3.319085391182361 178.57142857142858 0.99
yolo7-22 3.319085391182361 178.57142857142858 0.99
yolo8-21 3.319085391182361 178.57142857142858 0.99
yolo9-16 3.319085391182361 178.57142857142858 0.99
audio1-edge-18 1.0 178.57142857142858 0.9
audio11-edge-16 1.0 178.57142857142858 0.9
Sum of bandwidth: 4999.999999999999
Average accuracy: 0.65661115289567
time: 0.005177736282348633
**time: 25
Allocate Bandwidth: 5000.0
========Allocate Done=============
audio11-22 0.25823215324524224 178.57142857142858 0.2
audio12-21 0.25823215324524224 178.57142857142858 0.2
audio2-21 0.25823215324524224 178.57142857142858 0.2
audio3-22 0.25823215324524224 178.57142857142858 0.2
audio4-20 0.25823215324524224 178.57142857142858 0.2
audio5-19 0.25823215324524224 178.57142857142858 0.2
audio6-21 0.25823215324524224 178.57142857142858 0.2
audio7-23 0.25823215324524224 178.57142857142858 0.2
audio8-19 0.25823215324524224 178.57142857142858 0.2
yolo1-18 3.319085391182361 178.57142857142858 0.99
yolo1-21 3.319085391182361 178.57142857142858 0.99
yolo10-18 3.319085391182361 178.57142857142858 0.99
yolo10-20 3.319085391182361 178.57142857142858 0.99
yolo11-16 3.319085391182361 178.57142857142858 0.99
yolo11-23 3.319085391182361 178.57142857142858 0.99
yolo11-24 3.319085391182361 178.57142857142858 0.99
yolo12-16 3.319085391182361 178.57142857142858 0.99
yolo12-19 3.319085391182361 178.57142857142858 0.99
yolo12-24 3.319085391182361 178.57142857142858 0.99
yolo2-22 3.319085391182361 178.57142857142858 0.99
yolo2-24 3.319085391182361 178.57142857142858 0.99
yolo3-23 3.319085391182361 178.57142857142858 0.99
yolo5-22 3.319085391182361 178.57142857142858 0.99
yolo6-20 3.319085391182361 178.57142857142858 0.99
yolo7-22 3.319085391182361 178.57142857142858 0.99
yolo8-21 3.319085391182361 178.57142857142858 0.99
yolo8-24 3.319085391182361 178.57142857142858 0.99
audio1-edge-18 1.0 178.57142857142858 0.9
Sum of bandwidth: 4999.999999999999
Average accuracy: 0.6719792218806319
time: 0.005324840545654297
