time: 0
  Time         enp0s25      
HH:MM:SS   Kbps in  Kbps out
18:25:22   5762.20     19.31
18:25:25   5099.97     22.85
18:25:28   5384.27     26.30
18:25:31   5416.52     12.07
18:25:34   5429.51     21.80
18:25:37   6551.54     23.85
18:25:40   6155.27     32.63
18:25:43   6354.51     21.93
18:25:46   6728.80     26.21
18:25:49   8610.61     69.92
18:25:52   5504.56     11.06
18:25:55   7004.42     26.54
18:25:58   7275.62     39.62
18:26:01   5185.88     10.45
18:26:04   7538.69     28.25
18:26:07   6542.83     14.91
18:26:10   7704.43     32.64
18:26:13   6813.23     26.09
18:26:16   8078.05     34.40
Connection to 192.168.1.102 closed.
time: 1
  Time         enp0s25      
HH:MM:SS   Kbps in  Kbps out
18:26:22   6893.93     65.90
18:26:25   6615.18     32.70
18:26:28   7438.19     33.72
18:26:31   5716.21     14.28
18:26:34   6681.01     19.85
18:26:37   6451.86     29.80
18:26:40   6999.57     33.04
18:26:43   8520.32     45.24
18:26:46   7072.19    809.04
18:26:49   5298.46     18.89
18:26:52   7491.45    813.89
18:26:55   7367.49    813.16
18:26:58   6160.70     31.86
18:27:01   6281.67    790.46
18:27:04   6831.27   1590.57
18:27:07   9549.52   1271.34
18:27:10   5472.25   1925.98
18:27:13   6776.53   1589.20
18:27:16   7223.89   1098.62
Connection to 192.168.1.102 closed.
time: 2
  Time         enp0s25      
HH:MM:SS   Kbps in  Kbps out
18:27:21   6828.89   1626.39
18:27:24   6462.22    945.68
18:27:27   5915.58    654.43
18:27:30   7204.74   1441.45
18:27:33   8579.04   2651.44
18:27:36   5134.36    288.00
18:27:39   6980.28   1506.16
18:27:42   6944.14   1442.87
18:27:45   4836.81     75.33
18:27:48   7051.49   1503.33
18:27:51   6310.46   1501.85
18:27:54   7006.00    310.89
18:27:57   5792.92   1199.10
18:28:00   8603.44   2923.10
18:28:03   7147.93    521.99
18:28:06   5171.68    992.88
18:28:09   6852.10   1509.04
18:28:12   6729.77   1464.95
18:28:15   5142.23    246.18
Connection to 192.168.1.102 closed.
time: 3
  Time         enp0s25      
HH:MM:SS   Kbps in  Kbps out
18:28:22   6749.93   1556.04
18:28:25   7615.97    954.43
18:28:28   4885.40    660.71
18:28:31   6871.61   1513.37
18:28:34   6565.68    669.19
18:28:37   5246.43   1177.29
18:28:40   7093.46     36.06
18:28:43   6995.06    295.26
18:28:46   4732.84    212.96
18:28:49   6148.80    212.12
18:28:52   6919.68    575.81
18:28:55   6853.57    121.41
18:28:58   7896.17    253.74
18:29:01   6605.89    227.76
18:29:04   7253.73    236.81
18:29:07   5338.49     12.91
18:29:10   6422.99    240.43
18:29:13   5861.86    222.97
18:29:16   5634.27    216.92
Connection to 192.168.1.102 closed.
time: 4
  Time         enp0s25      
HH:MM:SS   Kbps in  Kbps out
18:29:22   8735.02    275.94
18:29:25   5423.03    227.54
18:29:28   6982.43    243.47
18:29:31   7102.66    239.50
18:29:34   5154.51    210.79
18:29:37   7090.33     50.61
18:29:40   6274.46    235.65
18:29:43   6238.02    220.86
18:29:46   6524.65    228.63
18:29:49   9041.49     77.10
18:29:52   5144.17    216.04
18:29:55   6683.07    224.42
18:29:58   6901.72    232.18
18:30:01   7071.12     35.61
18:30:04   5169.05    207.83
18:30:07   6528.29    216.63
18:30:10   6664.18    231.18
18:30:13   6044.08     17.65
18:30:16   7049.88    235.62
Connection to 192.168.1.102 closed.
time: 5
  Time         enp0s25      
HH:MM:SS   Kbps in  Kbps out
18:30:22   5586.70    213.77
18:30:25   7107.24     41.95
18:30:28   6967.29    275.07
18:30:31   5419.87    308.19
18:30:34   6878.07    309.35
18:30:37   6699.89     57.58
18:30:40  86037.42   2084.57
18:30:43  72373.35   1736.91
18:30:46  88715.93   2094.52
18:30:49  76856.02   1809.05
18:30:52  95828.06   2025.28
18:30:55  84873.19   1938.83
18:30:58  74188.91   1670.37
18:31:01  99566.40   2171.05
18:31:04  99988.45   2116.79
18:31:07  101762.6   2211.18
18:31:10  100139.1   2296.13
18:31:13  99975.34   2269.01
18:31:16  101380.1   2090.02
Connection to 192.168.1.102 closed.
time: 6
  Time         enp0s25      
HH:MM:SS   Kbps in  Kbps out
18:31:22  99858.97   2262.00
18:31:25  100003.4   2261.12
18:31:28  101182.5   2137.85
18:31:31  99581.96   2251.83
18:31:34  100441.5   2268.34
18:31:37  100263.2   2313.70
18:31:40  101163.9   2119.87
18:31:43  100517.9   2350.51
18:31:46  98996.84   2322.25
18:31:49  99862.37   2307.03
18:31:52  101306.3   2133.29
18:31:55  100220.6   2406.43
18:31:58  100223.7   2400.55
18:32:01  99965.51   2281.82
18:32:04  100862.4   2041.25
18:32:07  100608.4   2337.68
18:32:10  99631.84   2294.87
18:32:13  92805.08   1994.03
18:32:16  98373.45   1899.25
Connection to 192.168.1.102 closed.
time: 7
  Time         enp0s25      
HH:MM:SS   Kbps in  Kbps out
18:32:22  96041.26   2047.13
18:32:25  97693.23   2121.67
18:32:28  87517.93   1770.03
18:32:31  90737.19   2077.50
18:32:34  84712.56   1855.32
18:32:37  81989.81   1806.97
18:32:40  71375.09   1387.04
18:32:43  82354.74   1808.34
18:32:46  62564.83   1507.43
18:32:49  83117.70   2444.99
18:32:52  69893.45   1634.30
18:32:55  81535.81   1921.56
18:32:58  60993.38   1418.92
18:33:01  70119.10   1592.83
18:33:04  68544.46   1653.57
18:33:07  70130.98   1707.14
18:33:10  76477.53   1915.26
18:33:13  93233.84   2310.79
18:33:16  86477.37   2002.81
Connection to 192.168.1.102 closed.
time: 8
  Time         enp0s25      
HH:MM:SS   Kbps in  Kbps out
18:33:22  76483.00   1982.41
18:33:25  80694.24   1996.17
18:33:28  60832.43   1605.25
18:33:31  68666.51   1391.34
18:33:34  77314.78   1886.82
18:33:37  95379.20   2289.55
18:33:40  28159.45    828.60
18:33:43   6057.92    235.09
18:33:46   6493.40    420.00
18:33:49   6954.86    432.97
18:33:52   8955.00    318.67
18:33:55   5373.41      9.21
18:33:58   7257.90    304.80
18:34:01   7251.16    315.97
18:34:04   7236.18    309.87
18:34:07  27781.65    798.52
18:34:10  100805.7   2088.19
18:34:13  85585.50   2031.58
18:34:16  91451.56   2224.64
Connection to 192.168.1.102 closed.
time: 9
  Time         enp0s25      
HH:MM:SS   Kbps in  Kbps out
18:34:23  91178.58   2088.23
18:34:26  94421.25   1861.53
18:34:29  83264.66   1918.18
18:34:32  99313.02   2205.56
18:34:35  98411.19   2279.06
18:34:38  100894.9   2070.25
18:34:41  100970.7   2337.52
18:34:44  98560.19   2319.57
18:34:47  98575.13   2287.21
18:34:50  101181.8   2467.17
18:34:53  98375.02   2910.06
18:34:56  98166.11   2165.24
18:34:59  99679.89   3165.78
18:35:02  97087.47   1882.71
18:35:05  97996.72   2227.41
18:35:08  98473.48   3113.52
18:35:11  99389.46   2171.44
18:35:14  100669.0   2056.75
18:35:17  98326.48   3180.39
Connection to 192.168.1.102 closed.
time: 10
  Time         enp0s25      
HH:MM:SS   Kbps in  Kbps out
18:35:22  99963.20   2061.62
18:35:25  72292.83   2622.87
18:35:28  21854.22    570.42
18:35:31   6074.23    223.51
18:35:34   6843.69    997.45
18:35:37   6285.80    230.02
18:35:40   7589.59   1217.58
18:35:43   7449.03    237.81
18:35:46   7498.55   1010.18
18:35:49   7292.49    234.00
18:35:52   6158.47    210.31
18:35:55   7340.92   1203.84
18:35:58   7509.16     40.67
18:36:01   5510.99    344.20
18:36:04   7140.11   1344.03
18:36:07   7662.59    349.92
18:36:10   7070.49     43.31
18:36:13   5256.58   1243.28
18:36:16   7477.38    285.35
Connection to 192.168.1.102 closed.
time: 11
  Time         enp0s25      
HH:MM:SS   Kbps in  Kbps out
18:36:22   5683.84    985.74
18:36:25   6720.08    223.95
18:36:28   6168.26   1034.35
18:36:31   7571.96    607.07
18:36:34   6381.76     20.50
18:36:37   6061.14   1277.44
18:36:40   7241.34    307.76
18:36:43   7303.15   1278.16
18:36:46   7654.24     34.80
18:36:49   6825.95    304.43
18:36:52   5364.82   1243.50
18:36:55   7702.50    304.49
18:36:58   7101.62     40.33
18:37:01   5753.02   1261.16
18:37:04   7710.70    308.12
18:37:07   7948.05    321.89
18:37:10   5999.70    999.32
18:37:13  99978.87   2290.04
18:37:16  101156.0   2741.14
Connection to 192.168.1.102 closed.
time: 12
  Time         enp0s25      
HH:MM:SS   Kbps in  Kbps out
18:37:22  100868.7   2097.73
18:37:25  100073.1   2634.77
18:37:28  99961.78   2858.68
18:37:31  99109.91   2160.24
18:37:34  97075.61   2812.32
18:37:37  91053.60   1954.94
18:37:40  100769.7   2619.99
18:37:43  99912.51   2886.38
18:37:46  101331.4   2154.49
18:37:49  101273.7   2307.61
18:37:52  99602.15   3098.49
18:37:55  99050.55   3198.42
18:37:58  100900.3   2003.39
18:38:01  99636.23   3148.29
18:38:04  100635.4   2227.26
18:38:07  100462.7   2267.34
18:38:10  100824.4   3021.98
18:38:13  99851.94   2209.35
18:38:16  99693.45   2230.94
Connection to 192.168.1.102 closed.
time: 13
  Time         enp0s25      
HH:MM:SS   Kbps in  Kbps out
18:38:22  100216.3   2069.45
18:38:25  98092.13   2186.10
18:38:28  36047.96   1712.99
18:38:31   6423.15    151.13
18:38:34   7076.24   1009.94
18:38:37   6757.82    169.24
18:38:40   7972.03   1147.70
18:38:43   7704.00    168.24
18:38:46   5784.72     20.09
18:38:49   6941.31   1131.21
18:38:52   7313.73    171.45
18:38:55   7248.71    167.01
18:38:58   5665.63    984.94
18:39:01   7179.76    171.31
18:39:04   7456.63    183.60
18:39:07   5671.68   1119.15
18:39:10   7526.69     37.42
18:39:13   7188.33    391.90
18:39:16   6171.76   1063.58
Connection to 192.168.1.102 closed.
time: 14
  Time         enp0s25      
HH:MM:SS   Kbps in  Kbps out
18:39:22   6684.69    712.55
18:39:25   6955.97    684.90
18:39:28   7166.60    362.68
18:39:31   6651.60   1316.70
18:39:34   7496.18     33.44
18:39:37   6934.61   1748.25
18:39:40   7700.94    684.85
18:39:43   7581.58    168.22
18:39:46   6155.25   1951.54
18:39:49   7244.56    165.34
18:39:52   7445.81    159.89
18:39:55   5788.41   2082.66
18:39:58   7744.34     37.39
18:40:01   7284.19    841.07
18:40:04   5978.28   1404.54
18:40:07   7241.84    165.81
18:40:10   7662.08   2030.73
18:40:13   7271.57   1539.80
18:40:16   5836.45    490.06
Connection to 192.168.1.102 closed.
time: 15
  Time         enp0s25      
HH:MM:SS   Kbps in  Kbps out
18:40:22   7015.83   1042.98
18:40:25   7258.82    379.38
18:40:28   7168.71   2259.34
18:40:31   6707.79    275.91
18:40:34   6891.52   2122.24
18:40:37   7512.59     47.12
18:40:40   7143.80   1005.40
18:40:43   5648.61   1434.06
18:40:46   7033.37    365.52
18:40:49   7384.00   1299.50
18:40:52   7275.38   1501.61
18:40:55   5591.42    378.53
18:40:58   7421.16   2150.19
18:41:01   7167.91    281.33
18:41:04   5893.52      9.53
18:41:07   7349.13   2171.82
18:41:10   7557.40    300.20
18:41:13   5994.87    274.65
18:41:16   6608.76   1964.81
Connection to 192.168.1.102 closed.
time: 16
  Time         enp0s25      
HH:MM:SS   Kbps in  Kbps out
18:41:22   7317.51    303.77
18:41:25   6463.76   2228.07
18:41:28   6941.58     71.77
18:41:31  12132.94   2290.48
18:41:34  100946.2   2446.80
18:41:37  99600.71   2525.90
18:41:40  99485.25   3824.93
18:41:43  99264.80   2347.06
18:41:46  99741.83   2763.37
18:41:49  97964.23   3750.58
18:41:52  101383.5   2277.37
18:41:55  99028.49   2651.36
18:41:58  93131.57   2344.69
18:42:01  100582.4   2335.61
18:42:04  97530.21   3271.86
18:42:07  101528.3   2446.81
18:42:10  101964.5   2128.83
18:42:13  99750.21   3221.40
18:42:16  100510.3   2382.74
Connection to 192.168.1.102 closed.
time: 17
  Time         enp0s25      
HH:MM:SS   Kbps in  Kbps out
18:42:23  99678.08   2989.06
18:42:26  101020.5   2081.78
18:42:29  98353.52   3201.24
18:42:32  98827.41   2267.64
18:42:35  98186.94   3238.47
18:42:38  100827.3   2070.46
18:42:41  98916.02   2282.00
18:42:44  98154.28   3308.26
18:42:47  83435.10   2035.03
18:42:50   7623.16    242.67
18:42:53   5616.46   1104.18
18:42:56   7200.91    371.15
18:42:59   7355.69   1082.75
18:43:02   6046.83    530.05
18:43:05   7191.08     87.65
18:43:08   6283.83   1117.85
18:43:11   7401.10    793.27
18:43:14   7986.03    365.72
18:43:17   7147.29   1136.93
Connection to 192.168.1.102 closed.
time: 18
  Time         enp0s25      
HH:MM:SS   Kbps in  Kbps out
18:43:22   7834.00   1340.84
18:43:25   7477.96    364.13
18:43:28   5688.50    417.45
18:43:31   7398.57   1081.44
18:43:34   7025.59    486.10
18:43:37   6033.77    391.13
18:43:40   6702.24   1393.88
18:43:43   7488.75     52.15
18:43:46   7152.54    377.12
18:43:49   5109.94   2282.85
18:43:52   7323.41    366.45
18:43:55   7108.85    432.22
18:43:58   5602.02   1999.63
18:44:01   7212.71    244.93
18:44:04   6170.28    970.95
18:44:07   6768.79   1679.93
18:44:10   6242.62    352.01
18:44:13   7194.09   1970.09
18:44:16   6993.88    595.39
Connection to 192.168.1.102 closed.
time: 19
  Time         enp0s25      
HH:MM:SS   Kbps in  Kbps out
18:44:22   7487.40    971.69
18:44:25   7191.21     38.23
18:44:28   5739.19   2356.76
18:44:31   7443.79    434.27
18:44:34   7352.43    366.13
18:44:37   5904.73   1953.98
18:44:40   7258.68    366.56
18:44:43   7373.18    363.20
18:44:46   5579.19   3248.88
18:44:49   7312.81     56.94
18:44:52   6999.39   1079.28
18:44:55   7421.53   2607.14
18:44:58   5698.78    283.29
18:45:01   6545.37   1349.78
18:45:04   6663.83   1875.35
18:45:07   7050.44    696.97
18:45:10   6921.64   2919.85
18:45:13   7476.94    486.48
18:45:16   7338.00   1749.59
Connection to 192.168.1.102 closed.
time: 20
  Time         enp0s25      
HH:MM:SS   Kbps in  Kbps out
18:45:22   7395.82    608.07
18:45:25   5404.77   2941.67
18:45:28   6952.23    557.93
18:45:31   7170.54    579.74
18:45:34   6005.38   2873.98
18:45:37   7085.25    576.88
18:45:40   6827.02    563.89
18:45:43   7672.23   3461.44
18:45:46   5740.29    476.68
18:45:49   7152.18   1269.22
18:45:52   6953.24   2340.96
18:45:55   5563.69    535.09
18:45:58   6973.22   1761.08
18:46:01   6987.81   1743.81
18:46:04   6316.01    548.26
18:46:07   6979.80   2864.15
18:46:10   7202.17    895.37
18:46:13   7019.91     31.41
18:46:16   7981.13   3279.23
Connection to 192.168.1.102 closed.
time: 21
  Time         enp0s25      
HH:MM:SS   Kbps in  Kbps out
18:46:30   6352.20   3409.83
18:46:33   7409.87    505.69
18:46:36   6830.05    378.13
18:46:39   5831.93   3489.42
18:46:42   7335.88    611.24
18:46:45   7421.05   1065.93
18:46:48   5911.46   1771.38
18:46:51   7005.91    350.89
18:46:54   6965.13   1186.41
18:46:57   6641.38   1289.67
18:47:00   7370.92    546.13
18:47:03   7063.53   2189.01
18:47:06   8145.67    408.14
18:47:09   5985.53   2148.74
18:47:12   7739.45     31.99
18:47:15   7246.24    235.72
18:47:18   5972.52   2145.89
18:47:21   7421.71    230.37
18:47:24   7473.33    243.27
Connection to 192.168.1.102 closed.
time: 22
  Time         enp0s25      
HH:MM:SS   Kbps in  Kbps out
18:47:30   7898.49     39.02
18:47:33   6952.82    705.90
18:47:36   6312.15   1678.66
18:47:39   7360.53    240.07
18:47:42   7440.47    764.30
18:47:45   7095.49   1467.49
18:47:48   5796.97    214.05
18:47:51   6846.73   1253.63
18:47:54   6466.28    938.86
18:47:57   6650.15    234.66
18:48:00   7236.22   3141.00
18:48:03   7955.90    242.82
18:48:06   6159.37   2916.58
18:48:09   7442.82    238.83
18:48:12   8145.92    395.90
18:48:15   5975.12   1987.58
18:48:18   7398.18     37.66
18:48:21   6871.80    915.02
18:48:24   7414.36   1482.59
Connection to 192.168.1.102 closed.
time: 23
  Time         enp0s25      
HH:MM:SS   Kbps in  Kbps out
18:48:30   7152.57   1041.38
18:48:33   6553.68   1176.83
18:48:36   5596.12    207.16
18:48:39   6821.56   1409.98
18:48:42   7312.85   1005.30
18:48:45   5918.84     25.86
18:48:48   6940.82   1778.51
18:48:51   6274.85    648.67
18:48:54   7375.71    408.63
18:48:57   6928.26   1797.15
18:49:00   7390.78    177.39
18:49:03   5439.07   2075.15
18:49:06   7474.41    169.24
18:49:09   7307.02    663.95
18:49:12   5221.67   1453.38
18:49:15   7104.03    165.41
18:49:18   7235.24   1050.22
18:49:21   7419.21   1255.06
18:49:24   5011.58    142.71
Connection to 192.168.1.102 closed.
time: 24
  Time         enp0s25      
HH:MM:SS   Kbps in  Kbps out
18:49:30   7132.56    209.02
18:49:33   5515.12     10.94
18:49:36   6871.00   1811.88
18:49:39   6682.81    468.08
18:49:42   5390.11    151.18
18:49:45   6821.62   2097.79
18:49:48   6779.46     37.11
18:49:51   6153.90   1035.80
18:49:54   6881.61   1231.76
18:49:57   7334.41    163.89
18:50:00   7475.70   2003.63
18:50:03   4859.93    142.54
18:50:06   6811.65   1624.61
18:50:09   6892.94    647.88
18:50:12   5232.45     14.40
18:50:15   6739.58   2033.86
18:50:18   7365.77    105.29
18:50:21   6100.86     84.74
18:50:24   6905.31   1971.49
Connection to 192.168.1.102 closed.
time: 25
  Time         enp0s25      
HH:MM:SS   Kbps in  Kbps out
18:50:30   5611.89     94.18
18:50:33   6995.78   2049.21
18:50:36   6962.78     28.51
18:50:39   5296.24     90.82
18:50:42   6430.07   2027.01
18:50:45   7136.52    114.68
18:50:48   6824.48    143.98
18:50:51   7017.26   1983.22
18:50:54   7334.29    106.54
18:50:57   7534.01   2032.48
18:51:00   5355.14     14.79
18:51:03   7091.73   1958.63
18:51:06   6599.53     51.36
18:51:09   5148.55     11.87
18:51:12   7103.68   1976.53
18:51:15   6701.47     25.35
18:51:18   5017.36    218.22
18:51:21   6798.66   2167.21
18:51:24   7045.43    235.62
Connection to 192.168.1.102 closed.
