time: 0
  Time         enp0s25      
HH:MM:SS   Kbps in  Kbps out
21:44:06   4561.81     26.31
21:44:09   4426.94     10.51
21:44:12   4394.53     15.19
21:44:15   4076.08     15.86
21:44:18   4409.22     20.01
21:44:21   4638.17     17.03
21:44:24   5401.15     30.25
21:44:27   5850.04     30.23
21:44:30   6375.13     30.96
21:44:33   4322.34      4.10
21:44:36   6298.18     27.85
21:44:39   6320.10     23.55
21:44:42   4483.83     13.97
21:44:45   5493.44     29.29
21:44:48   6100.73     30.61
21:44:51   5395.37     35.02
21:44:54   7263.72     39.00
21:44:57   5302.79     28.45
21:45:00   5995.04     30.15
Connection to 192.168.1.102 closed.
time: 1
  Time         enp0s25      
HH:MM:SS   Kbps in  Kbps out
21:45:05   5890.25     43.81
21:45:08   4009.47     25.97
21:45:11   5504.12     40.01
21:45:14   5795.32     38.54
21:45:17   5751.31     26.56
21:45:20   6830.99     55.14
21:45:23   5859.66     32.87
21:45:26   5965.86     29.08
21:45:29   4390.50      7.87
21:45:32   5546.20     35.56
21:45:35   4902.58     20.96
21:45:38   5878.14     31.86
21:45:41   4859.73     13.59
21:45:44   7718.63     47.78
21:45:47   4343.41      8.65
21:45:50   5931.84     31.06
21:45:53   5973.51     38.22
21:45:56   3958.48      9.74
21:45:59   6024.39     21.50
Connection to 192.168.1.102 closed.
time: 2
  Time         enp0s25      
HH:MM:SS   Kbps in  Kbps out
21:46:05   5989.72     43.63
21:46:08   5935.86     59.98
21:46:11   6743.27     42.16
21:46:14   6019.30     31.12
21:46:17   4326.04     10.52
21:46:20   6119.50     35.33
21:46:23   5491.84     36.88
21:46:26   4317.37      7.49
21:46:29   5239.51     22.81
21:46:32   5464.44     32.37
21:46:35   5698.72     28.20
21:46:38   7350.23     42.74
21:46:41   6117.72     32.04
21:46:44   4733.69     20.27
21:46:47   5585.02     28.16
21:46:50   5874.49     31.19
21:46:53   5259.52     31.72
21:46:56   5105.69     14.19
21:46:59   5524.35     30.51
Connection to 192.168.1.102 closed.
time: 3
  Time         enp0s25      
HH:MM:SS   Kbps in  Kbps out
21:47:05   4471.31     22.23
21:47:08   5907.98     48.97
21:47:11   5804.34     46.45
21:47:14   4362.33     16.13
21:47:17   6002.65     35.78
21:47:20   5505.18     26.29
21:47:23   5471.37     26.26
21:47:26   5029.98     18.65
21:47:29   7909.68     57.25
21:47:32   4627.75     11.36
21:47:35   5574.02    235.97
21:47:38   5772.84    226.21
21:47:41   6354.46    222.40
21:47:44   4225.97     91.52
21:47:47   5252.38    147.68
21:47:50   5624.25    179.94
21:47:53   5097.22     15.59
21:47:56   7671.29     53.84
21:47:59   5661.38     27.64
Connection to 192.168.1.102 closed.
time: 4
  Time         enp0s25      
HH:MM:SS   Kbps in  Kbps out
21:48:05   6194.35     39.80
21:48:08   6333.85     47.42
21:48:11   4360.95     15.70
21:48:14   5551.43    190.67
21:48:17   6219.35     40.37
21:48:20   8062.49     64.28
21:48:23   4585.52     16.35
21:48:26   5876.53     33.24
21:48:29   6405.84     27.04
21:48:32   4521.64      6.90
21:48:35   5961.71    816.84
21:48:38   4906.45    607.86
21:48:41   5281.42    260.79
21:48:44   5651.47    356.02
21:48:47   7896.99    253.68
21:48:50   4037.02    271.43
21:48:53   5635.98    224.24
21:48:56   6193.25    346.75
21:48:59   6137.89    275.10
Connection to 192.168.1.102 closed.
time: 5
  Time         enp0s25      
HH:MM:SS   Kbps in  Kbps out
21:49:06   4676.62    355.68
21:49:09   5778.48     99.29
21:49:12   7527.03    321.55
21:49:15   4228.41    229.57
21:49:18   5862.69    259.88
21:49:21  40318.62    837.86
21:49:24  92323.62   2123.17
21:49:27  86704.73   1975.60
21:49:30  82605.58   1904.58
21:49:33  89241.45   1829.30
21:49:36  89328.12   1996.43
21:49:39  85577.86   1943.43
21:49:42  100036.2   2205.03
21:49:45  99787.23   2354.04
21:49:48  101094.6   2082.86
21:49:51  100052.1   2380.41
21:49:54  93227.50   2205.66
21:49:57  100155.2   2373.69
21:50:00  100515.9   2097.91
Connection to 192.168.1.102 closed.
time: 6
  Time         enp0s25      
HH:MM:SS   Kbps in  Kbps out
21:50:06  99000.87   2452.70
21:50:09  100506.2   2075.65
21:50:12  99797.56   2429.95
21:50:15  98906.25   2456.92
21:50:18  98722.04   2422.48
21:50:21  100568.5   2133.69
21:50:24  97764.44   2390.71
21:50:27  101236.2   2296.47
21:50:30  100160.9   2291.91
21:50:33  100929.0   2100.13
21:50:36  99556.53   2284.74
21:50:39  99800.42   2275.13
21:50:42  100150.9   2260.09
21:50:45  99878.34   2083.25
21:50:48  97589.36   2628.46
21:50:51  96768.15   3021.13
21:50:54  94413.01   2291.79
21:50:57  100310.3   2228.06
21:51:00  98609.69   2378.02
Connection to 192.168.1.102 closed.
time: 7
  Time         enp0s25      
HH:MM:SS   Kbps in  Kbps out
21:51:06  97529.90   2279.86
21:51:09  97215.99   2261.46
21:51:12  95033.07   1979.65
21:51:15  98006.36   2377.22
21:51:18  96752.45   2253.42
21:51:21  97318.60   2119.70
21:51:24  93440.62   1884.76
21:51:27  93448.27   2299.70
21:51:30  96943.08   2419.89
21:51:33  96501.83   2201.90
21:51:36  89018.99   2012.12
21:51:39  94301.91   2426.54
21:51:42  38260.90   1194.86
21:51:45  33845.25   1092.26
21:51:48  37996.92    817.62
21:51:51  30390.48   1085.14
21:51:54  29330.29   1065.79
21:51:57  29654.32    984.63
21:52:00  27466.89    592.93
Connection to 192.168.1.102 closed.
time: 8
  Time         enp0s25      
HH:MM:SS   Kbps in  Kbps out
21:52:07  28973.81    556.01
21:52:10  28924.32   1067.24
21:52:13  27899.07   1124.42
21:52:16  35758.00   1278.77
21:52:19  32679.56   1081.54
21:52:22  28542.48    673.97
21:52:25  29812.55   1148.72
21:52:28  29438.11   1114.70
21:52:31  27138.58   1037.90
21:52:34  41003.45    800.25
21:52:37  37157.16   1254.93
21:52:40  42023.38   1366.78
21:52:43  39482.34   1287.17
21:52:46  40106.64    807.36
21:52:49  42275.47   1348.69
21:52:52  38301.31   1284.05
21:52:55  28607.69   1049.48
21:52:58  37709.19   1176.34
21:53:01  18840.80    402.75
Connection to 192.168.1.102 closed.
time: 9
  Time         enp0s25      
HH:MM:SS   Kbps in  Kbps out
21:53:17  30276.39    676.80
21:53:20  51399.37   1583.58
21:53:23  27510.95   1386.09
21:53:26  28928.86   1076.93
21:53:29  28951.61    546.04
21:53:32  38630.07   1369.94
21:53:35  16489.85    867.19
21:53:38  28733.86    931.47
21:53:41  29568.28    610.79
21:53:44  26748.29    962.11
21:53:47  29028.60    998.76
21:53:50  28635.93    996.03
21:53:53  27280.66    589.85
21:53:56  33147.94   1048.92
21:53:59  35959.60   1073.58
21:54:02  50221.60   1443.77
21:54:06  28389.30    630.18
21:54:09  39813.90   1179.35
21:54:12  40327.01   1295.08
Connection to 192.168.1.102 closed.
time: 10
  Time         enp0s25      
HH:MM:SS   Kbps in  Kbps out
21:54:17  32186.39    660.80
21:54:20  37284.71   1147.58
21:54:23   5608.50    481.06
21:54:26   6362.79    419.82
21:54:29   4993.97    110.65
21:54:32   4265.59    405.69
21:54:35   5805.58    433.15
21:54:38   8156.76    361.51
21:54:41   4135.26    237.43
21:54:44   5996.92    427.40
21:54:47   6075.34    454.40
21:54:50   4635.56    535.10
21:54:53   6143.68    124.00
21:54:56   4981.01    426.24
21:54:59  40247.48   1213.07
21:55:02  64282.05   1694.72
21:55:05  68812.02   1405.61
21:55:08  88665.17   2264.98
21:55:11  70436.82   1836.04
Connection to 192.168.1.102 closed.
time: 11
  Time         enp0s25      
HH:MM:SS   Kbps in  Kbps out
21:55:18  64676.86   1347.30
21:55:21  42554.58   1201.85
21:55:24  99378.06   2378.95
21:55:27  97821.85   2339.69
21:55:30  99655.70   2080.42
21:55:33  99679.05   2482.49
21:55:36  98657.09   2426.75
21:55:39  98079.90   2413.38
21:55:42  100943.2   2135.89
21:55:45  98042.53   2419.15
21:55:48  97327.39   2445.31
21:55:51  98139.01   2434.79
21:55:54  100778.9   2125.97
21:55:57  97602.95   2436.81
21:56:00  98934.34   2482.00
21:56:03  98447.66   2460.40
21:56:06  100579.2   2082.70
21:56:09  97255.21   2355.13
21:56:12  99458.72   2397.44
Connection to 192.168.1.102 closed.
time: 12
  Time         enp0s25      
HH:MM:SS   Kbps in  Kbps out
21:56:18  99369.06   1913.29
21:56:21  80963.72   1986.60
21:56:24   5663.97    434.16
21:56:27   7915.22    468.35
21:56:30   4218.41     88.35
21:56:33   5650.23    376.05
21:56:36   5593.19    431.96
21:56:39   4103.73    408.86
21:56:42   5845.06     32.32
21:56:45   5405.96    291.35
21:56:48   4338.03    285.19
21:56:51   5578.78    297.90
21:56:54   7866.73    132.98
21:56:57   3992.02    216.56
21:57:00   5966.18    305.58
21:57:03   6329.68    302.44
21:57:06   6236.95    192.74
21:57:09   4373.85    145.97
21:57:12   5759.82    293.29
Connection to 192.168.1.102 closed.
time: 13
  Time         enp0s25      
HH:MM:SS   Kbps in  Kbps out
21:57:18   5525.85     37.63
21:57:21   5858.65    266.20
21:57:24   6160.74    240.21
21:57:27   4657.65    221.15
21:57:30   5768.68     53.37
21:57:33   6185.02    243.89
21:57:36   4241.01    208.91
21:57:39   6177.45    739.93
21:57:42   6068.97   2419.65
21:57:45   4265.57    221.81
21:57:48   6145.02   2867.99
21:57:51   6143.60    488.96
21:57:54   4614.61     17.06
21:57:57   5397.45   3123.38
21:58:00   5804.52    220.83
21:58:03   6284.43    155.80
21:58:06   5821.35   2947.13
21:58:09   5447.00    160.10
21:58:12   6916.55   3079.05
Connection to 192.168.1.102 closed.
time: 14
  Time         enp0s25      
HH:MM:SS   Kbps in  Kbps out
21:58:17   5779.23   1334.57
21:58:20   5899.16   1783.80
21:58:23   4277.95    151.05
21:58:26   5662.79   1191.77
21:58:29   6233.08   1932.69
21:58:32   3832.79    277.84
21:58:35   5804.66   2501.36
21:58:38   5907.04    996.41
21:58:41   4943.86     25.58
21:58:44   4881.20   3189.91
21:58:47   5796.13    288.93
21:58:50   4776.82    292.82
21:58:53   5431.35   2929.66
21:58:56   4694.83    288.45
21:58:59   5709.80   2337.65
21:59:02   5841.54   1167.59
21:59:05   5775.88   1261.06
21:59:08   5725.66   1976.22
21:59:11   3942.23    273.49
Connection to 192.168.1.102 closed.
time: 15
  Time         enp0s25      
HH:MM:SS   Kbps in  Kbps out
21:59:18   5875.74    488.44
21:59:21   4499.75    297.68
21:59:24   4715.65   2940.63
21:59:27   5599.57    536.65
21:59:30   5355.78     33.70
21:59:33   4117.25   3192.50
21:59:36   5581.40    297.34
21:59:39   5768.14    297.95
21:59:42   4058.70   2916.14
21:59:45   5622.42    301.26
21:59:48   4708.65    623.07
21:59:51   5769.83   2870.34
21:59:54   5279.90     35.00
21:59:57   4915.42    290.56
22:00:00   5546.95   1937.33
22:00:03   5611.87   1485.33
22:00:06   5958.82   1475.02
22:00:09   5344.91   1703.61
22:00:12   4299.45   2015.50
Connection to 192.168.1.102 closed.
time: 16
  Time         enp0s25      
HH:MM:SS   Kbps in  Kbps out
22:02:06   4306.06   3447.95
22:02:09   5870.34    173.93
22:02:12   5033.69    814.10
22:02:15   6078.70   3324.81
22:02:18   4260.38    340.74
22:02:21   5546.60   1467.50
22:02:24   5672.95   1849.66
22:02:27   4024.62    359.55
22:02:30   6187.20   1000.30
22:02:33   5810.40   2371.63
22:02:36   3909.47    376.78
22:02:39   5730.72   2381.50
22:02:42   5689.36   1364.24
22:02:45   5897.38     66.75
22:02:48   5825.66   3547.33
22:02:51   5100.52   2055.82
22:02:54   8245.69   2140.21
22:02:57   4244.55   2040.46
22:03:00   5615.33   2142.64
Connection to 192.168.1.102 closed.
time: 17
  Time         enp0s25      
HH:MM:SS   Kbps in  Kbps out
22:03:05   5802.82    312.11
22:03:08   5563.39   1199.02
22:03:11   5683.47   2870.57
22:03:14   4265.87    558.99
22:03:17   5878.87   1936.94
22:03:20   6027.97   1698.77
22:03:23   3684.25    374.69
22:03:26   5987.32   2169.87
22:03:29   6242.77   1372.98
22:03:32   4178.85    288.70
22:03:35   5251.49   2957.18
22:03:38   5794.18    802.64
22:03:41   6132.64   1269.30
22:03:44   5752.31   2130.06
22:03:47   6313.74    469.46
22:03:50   6843.24   3363.46
22:03:53   4792.44    108.07
22:03:56   5947.46   1185.28
22:03:59   5921.59   2519.32
Connection to 192.168.1.102 closed.
time: 18
  Time         enp0s25      
HH:MM:SS   Kbps in  Kbps out
22:04:05   5912.32    255.61
22:04:08   5975.00   3112.42
22:04:11   4287.80   2229.75
22:04:14   6230.14   4690.69
22:04:17   5797.07   4276.74
22:04:20   4281.65   3183.19
22:04:23   5629.09   4677.88
22:04:26   6322.46   4683.95
22:04:29   4421.41   3058.84
22:04:32   5360.86   2156.79
22:04:35   5733.43   4682.40
22:04:38   5851.96   3792.29
22:04:41   5673.94   2934.92
22:04:44   5970.57   4402.63
22:04:47   6842.01   4684.70
22:04:50   4676.86   1906.53
22:04:53   6100.07   4685.98
22:04:56   6063.84   4614.26
22:04:59   4491.45   3842.14
Connection to 192.168.1.102 closed.
time: 19
  Time         enp0s25      
HH:MM:SS   Kbps in  Kbps out
22:05:06   6567.73   4680.37
22:05:09   6260.06   3635.72
22:05:12   4295.91   3172.06
22:05:15   6596.76   4682.07
22:05:18   6454.70   2998.89
22:05:21   4559.22   3862.44
22:05:24   6125.50   4685.65
22:05:27   5593.01   1562.42
22:05:30   5596.89   4459.31
22:05:33   5427.35   4671.17
22:05:36   6397.19   2892.36
22:05:39   5950.55   4679.76
22:05:42   5735.09   2873.77
22:05:45   6245.26   3131.65
22:05:48   5774.89    559.15
22:05:51   4771.99   3229.94
22:05:54   6045.41   1217.70
22:05:57   5304.83    563.15
22:06:00   4799.36   3571.58
Connection to 192.168.1.102 closed.
time: 20
  Time         enp0s25      
HH:MM:SS   Kbps in  Kbps out
22:06:05   5733.07    631.36
22:06:08   4344.60   3328.78
22:06:11   6176.12   1785.85
22:06:14   6181.79     42.61
22:06:17   3847.86   4486.49
22:06:20   6138.63    634.50
22:06:23   4700.21    625.81
22:06:26   5315.12   3937.27
22:06:29   5402.46    583.90
22:06:32   5570.41   1773.33
22:06:35   6040.47   3371.68
22:06:38   5886.73     28.40
22:06:41   7081.14   4511.49
22:06:44   5622.42    638.62
22:06:47   4690.64   2410.21
22:06:50   6230.04   2248.99
22:06:53   5916.31    336.55
22:06:56   4292.98   3907.45
22:06:59   6458.46   1079.23
Connection to 192.168.1.102 closed.
time: 21
  Time         enp0s25      
HH:MM:SS   Kbps in  Kbps out
22:07:16   5818.56   2651.72
22:07:19   4981.90    567.78
22:07:22   5731.22   2813.54
22:07:25   4924.12   2189.22
22:07:28   6292.17     97.06
22:07:31   5388.94   2676.92
22:07:34   6449.86   2381.22
22:07:37   7113.35    862.13
22:07:40   4337.46   4572.99
22:07:43   5455.28   1191.11
22:07:46   6691.46   4108.99
22:07:49   4313.74   1494.84
22:07:52   5850.68   1686.61
22:07:55   5993.56   3616.59
22:07:58   5885.25    419.84
22:08:01   5084.13   2325.18
22:08:04   6142.72   2959.49
22:08:07   5570.11    426.34
22:08:10   4922.85   3119.30
Connection to 192.168.1.102 closed.
time: 22
  Time         enp0s25      
HH:MM:SS   Kbps in  Kbps out
22:08:15   5047.46    191.38
22:08:18   5665.18   3425.67
22:08:21   5389.75   2294.67
22:08:24   6524.59    918.58
22:08:27   6009.84   4401.05
22:08:30   5647.46    430.75
22:08:33   6607.93   2277.69
22:08:36   4784.72   4666.21
22:08:39   6023.03   3240.16
22:08:42   5782.61   1470.70
22:08:45   4919.60   4663.10
22:08:48   5847.45   3261.01
22:08:51   6239.05   3041.32
22:08:54   5806.05   1186.12
22:08:57   4845.76   3458.98
22:09:00   6057.44   1953.54
22:09:04   5901.95     35.21
22:09:07   4518.02   3392.89
22:09:10   6308.17   2024.88
Connection to 192.168.1.102 closed.
time: 23
  Time         enp0s25      
HH:MM:SS   Kbps in  Kbps out
22:09:16   5915.30   2700.33
22:09:19   5575.24   2505.31
22:09:22   5067.35    290.54
22:09:25   6414.15   4260.80
22:09:28   5931.24    914.04
22:09:31   6724.28   2183.01
22:09:34   6186.66   3274.10
22:09:37   4838.67   1244.79
22:09:40   6210.17   3913.86
22:09:43   5445.16    368.49
22:09:46   4965.76   3788.33
22:09:49   6539.90   1764.75
22:09:52   5943.56     48.49
22:09:55   4638.14   4436.04
22:09:58   5870.58   1380.34
22:10:01   6527.87    887.63
22:10:04   6127.12   4630.81
22:10:07   3957.36    601.18
22:10:10   5713.95   1516.94
Connection to 192.168.1.102 closed.
time: 24
  Time         enp0s25      
HH:MM:SS   Kbps in  Kbps out
22:10:16   6151.82     79.42
22:10:19   5157.21   3068.68
22:10:22   6139.12   3057.39
22:10:25   6439.02   1533.70
22:10:28   6640.28   3984.81
22:10:31   5731.21    856.19
22:10:34   4643.22   4661.54
22:10:37   6557.41   1793.09
22:10:40   5998.83     38.98
22:10:43   6289.49   4666.38
22:10:46   4533.04   1804.67
22:10:49   6270.94   1094.55
22:10:52   6424.13   2492.76
22:10:55   4179.99    615.12
22:10:58   6637.51   2040.86
22:11:01   6165.28   2252.41
22:11:04   4463.21     13.29
22:11:07   5211.40   2857.03
22:11:10   5863.23   1704.05
Connection to 192.168.1.102 closed.
time: 25
  Time         enp0s25      
HH:MM:SS   Kbps in  Kbps out
22:11:16   6240.20   2998.09
22:11:19   4498.45    839.13
22:11:22   6366.09   2449.67
22:11:25   6531.24   2536.79
22:11:28   6015.13    142.91
22:11:31   6037.79   3955.53
22:11:34   4525.81   1028.67
22:11:37   6133.01    891.01
22:11:40   6100.90   3057.74
22:11:43   4130.64    802.53
22:11:46   6379.48   2551.45
22:11:49   6478.45   1629.63
22:11:52   4387.83    607.17
22:11:55   6090.30   2507.40
22:11:58   5691.09   1417.08
22:12:01   4266.30    900.53
22:12:04   5914.30   2764.56
22:12:07   5831.12    801.77
22:12:10   5656.65    334.94
Connection to 192.168.1.102 closed.
