time: 0
  Time         enp0s25      
HH:MM:SS   Kbps in  Kbps out
23:02:40   5967.45     26.02
23:02:43   5764.61     28.24
23:02:46   5123.61     15.61
23:02:49   5503.25     10.55
23:02:52   5782.73     13.84
23:02:55   5609.31     20.45
23:02:58   5136.17     13.14
23:03:01   8687.03     42.01
23:03:04   5529.83     12.79
23:03:07   7483.55     31.07
23:03:10   6889.18     36.81
23:03:13   6027.63    169.86
23:03:16   7136.93     24.34
23:03:19   7068.22     31.99
23:03:22   6446.62     28.23
23:03:25   8229.00     47.71
23:03:28   6959.67     25.26
23:03:31   6632.37     26.96
23:03:34   5701.02     20.34
Connection to 192.168.1.102 closed.
time: 1
  Time         enp0s25      
HH:MM:SS   Kbps in  Kbps out
23:03:40   5822.32     22.44
23:03:43   6737.10     51.95
23:03:46   6801.84     42.59
23:03:49   8952.12     54.88
23:03:52   5566.86     16.02
23:03:55   7301.44     36.30
23:03:58   7009.56     32.92
23:04:01   5497.54     13.16
23:04:04   6801.44     38.80
23:04:07   6109.62     18.93
23:04:10   6328.80     21.92
23:04:13   6839.97     35.31
23:04:16   7152.10     42.48
23:04:19   5724.02      7.05
23:04:22   7595.45     37.42
23:04:25   7686.99     37.99
23:04:28   7936.60     31.19
23:04:31   5768.54      8.62
23:04:34   7412.03     37.01
Connection to 192.168.1.102 closed.
time: 2
  Time         enp0s25      
HH:MM:SS   Kbps in  Kbps out
23:04:40   6938.99     23.78
23:04:43   7412.85     35.81
23:04:46  10379.65     60.11
23:04:49   6068.44     10.79
23:04:52   7495.25     54.70
23:04:55   7391.11     56.79
23:04:58   6450.03     18.34
23:05:01   6736.94     22.65
23:05:04   5995.22     26.03
23:05:07   7226.47     24.69
23:05:10   7626.24     29.82
23:05:13   8461.51     44.29
23:05:16   7488.68     26.16
23:05:19   5634.58      9.78
23:05:22   7639.06     35.68
23:05:25   7509.10     36.64
23:05:28   5259.83      9.57
23:05:31   7255.98     28.85
23:05:34   6590.35     27.85
Connection to 192.168.1.102 closed.
time: 3
  Time         enp0s25      
HH:MM:SS   Kbps in  Kbps out
23:05:40   7849.58     53.78
23:05:43   7327.43     63.84
23:05:46   7341.70     32.71
23:05:49   5299.77      9.22
23:05:52   6863.92     42.02
23:05:55   6251.21     24.24
23:05:58   6514.85     23.42
23:06:01   6324.48     26.70
23:06:04   7691.27     33.10
23:06:07   5351.67      5.42
23:06:10   7082.07     31.34
23:06:13   7232.01     36.51
23:06:16   5529.97      8.22
23:06:19   7170.75     32.94
23:06:22   7174.29     39.66
23:06:25   5795.54     14.70
23:06:28   7100.74     24.26
23:06:31   6452.49     22.38
23:06:34   9303.76     76.85
Connection to 192.168.1.102 closed.
time: 4
  Time         enp0s25      
HH:MM:SS   Kbps in  Kbps out
23:06:40   7512.79     33.66
23:06:43   7858.55     34.55
23:06:46   5512.03     12.27
23:06:49   7153.08     40.84
23:06:52   6513.38     45.08
23:06:55   7379.63     37.93
23:06:58   5736.38     16.46
23:07:01   9177.84     54.12
23:07:04   6059.01     16.51
23:07:07   7168.37     27.76
23:07:10   7337.97     30.46
23:07:13   5950.84      9.55
23:07:16   7688.61     32.87
23:07:19   6938.95     22.31
23:07:22   7140.40     29.19
23:07:25   6420.79     25.77
23:07:28   8406.50     55.74
23:07:31   6973.62     33.12
23:07:34   5849.52     17.27
Connection to 192.168.1.102 closed.
time: 5
  Time         enp0s25      
HH:MM:SS   Kbps in  Kbps out
23:07:40   7023.86     31.53
23:07:43   6133.28     59.04
23:07:46   6513.91     34.45
23:07:49   6667.24     77.28
23:07:52  90807.67   1903.53
23:07:55  101549.5   2103.01
23:07:58  102303.0   2129.84
23:08:01  101932.5   2131.28
23:08:04  100898.3   2014.07
23:08:07  101679.6   1995.34
23:08:10  101403.2   2002.61
23:08:13  101813.2   2165.08
23:08:16  100626.5   2014.90
23:08:19  102250.0   2106.58
23:08:22  99093.29   1916.18
23:08:25  101693.7   2076.17
23:08:28  102216.9   2135.73
23:08:31  101079.5   2015.03
23:08:34  102097.6   2033.90
Connection to 192.168.1.102 closed.
time: 6
  Time         enp0s25      
HH:MM:SS   Kbps in  Kbps out
23:08:41  101398.6   1899.24
23:08:44  101839.8   2102.38
23:08:47  101205.7   2106.58
23:08:50  99978.37   1933.11
23:08:53  101133.7   2078.53
23:08:56  101462.9   2051.66
23:08:59  100574.9   2047.91
23:09:02  100869.2   2076.42
23:09:05  76297.91   1533.23
23:09:08   6556.42     27.73
23:09:11   7535.09     37.17
23:09:14   6976.70     34.53
23:09:17   8501.69     50.06
23:09:20   7312.36     34.12
23:09:23   5859.30     13.73
23:09:26   7702.92     34.16
23:09:29   6959.32     33.43
23:09:32   5769.04     15.11
23:09:35   7147.52     35.63
Connection to 192.168.1.102 closed.
time: 7
  Time         enp0s25      
HH:MM:SS   Kbps in  Kbps out
23:09:41   6533.73     44.07
23:09:44   8137.79     91.77
23:09:47   7995.32     49.61
23:09:50  53510.60   1102.09
23:09:53  97583.58   1996.68
23:09:56  88245.62   1684.00
23:09:59  91953.88   1879.32
23:10:02  85161.37   1759.36
23:10:05  72209.22   1439.81
23:10:08  76649.23   1457.94
23:10:11  75493.71   1522.58
23:10:14  92152.80   1901.48
23:10:17  94556.41   1951.67
23:10:20  65698.09   1296.97
23:10:23  91033.47   1860.84
23:10:26  80263.41   1649.59
23:10:29  92891.84   1934.73
23:10:32  94836.89   1966.28
23:10:35  89841.37   1868.43
Connection to 192.168.1.102 closed.
time: 8
  Time         enp0s25      
HH:MM:SS   Kbps in  Kbps out
23:10:41  92988.84   1923.07
23:10:44  92377.56   1901.58
23:10:47  60440.79   1212.79
23:10:50  89870.74   1851.36
23:10:53  87491.52   1813.54
23:10:56  80079.09   1615.57
23:10:59  93331.13   1882.14
23:11:02  82474.00   1670.95
23:11:05  57271.12   1130.25
23:11:08  78358.77   2559.33
23:11:11  65949.68   1335.87
23:11:14  60664.37   2097.16
23:11:17  56614.39   1235.50
23:11:20  28168.62    506.88
23:11:23  30693.77   1529.92
23:11:26  58308.27   1078.00
23:11:29  23503.99    456.70
23:11:32  51321.58   1994.01
23:11:35  41392.69    760.34
Connection to 192.168.1.102 closed.
time: 9
  Time         enp0s25      
HH:MM:SS   Kbps in  Kbps out
23:11:41  35667.21   1475.06
23:11:44  52703.34    971.78
23:11:47  39342.88    693.34
23:11:50  39568.45   1718.80
23:11:53  46118.24    888.97
23:11:56  40517.31   1741.59
23:11:59  44675.49    868.66
23:12:02  49545.10   1819.20
23:12:05  24262.17    510.22
23:12:08   4883.68     10.63
23:12:11   6858.08    996.94
23:12:14   6948.79     44.80
23:12:17   5716.58    370.14
23:12:20   6781.77   1126.84
23:12:23   7394.62    134.96
23:12:26   5510.18    140.18
23:12:29   6972.68   1072.49
23:12:32   6845.99    163.51
23:12:35   5414.19     74.73
Connection to 192.168.1.102 closed.
time: 10
  Time         enp0s25      
HH:MM:SS   Kbps in  Kbps out
23:12:40   6694.65     77.60
23:12:43   6637.96    109.61
23:12:46   7087.28   1058.32
23:12:49   6654.46     92.67
23:12:52   8565.52   1021.69
23:12:55   5307.03     84.28
23:12:58   6898.09   1066.60
23:13:01   6935.37    101.35
23:13:04   5427.87     11.00
23:13:07   6308.99   1070.75
23:13:10   6820.59     94.26
23:13:13   5358.85    240.13
23:13:16   6700.29   1009.95
23:13:19   6763.32    100.30
23:13:22   5643.48     82.76
23:13:25   6681.10   1070.05
23:13:28   7115.50     32.52
23:13:31   5480.03     88.85
23:13:34   6246.16   1052.25
Connection to 192.168.1.102 closed.
time: 11
  Time         enp0s25      
HH:MM:SS   Kbps in  Kbps out
23:14:31   5803.15   2148.75
23:14:34   7157.60    203.75
23:14:37   7229.91   2095.36
23:14:40   6979.33     79.41
23:14:43   7084.80    988.44
23:14:46   7347.14   1194.62
23:14:49   5880.95    120.24
23:14:52   7170.48   1245.76
23:14:55   7297.33    877.18
23:14:58   5874.66     77.43
23:15:01   7532.95   1266.51
23:15:04   7171.40   2793.55
23:15:07   7467.12    104.46
23:15:10   5461.51   2921.96
23:15:13   7081.87     53.00
23:15:16  70848.78   1442.54
23:15:19  93107.89   3717.91
23:15:22  98603.63   3041.59
23:15:25  100355.5   2051.83
Connection to 192.168.1.102 closed.
time: 12
  Time         enp0s25      
HH:MM:SS   Kbps in  Kbps out
23:15:31  100553.2   2430.44
23:15:34  98590.47   3041.02
23:15:37  96652.85   3898.52
23:15:40  100485.8   2777.14
23:15:43  95840.14   4557.55
23:15:46  100096.6   2526.79
23:15:49  96207.83   3375.06
23:15:52  92746.14   3680.07
23:15:55  97582.08   2162.11
23:15:58  94256.55   4111.39
23:16:01  97012.30   3136.45
23:16:04  99504.99   2112.53
23:16:07  95401.11   3449.61
23:16:10  86096.14   4982.85
23:16:13  95383.73   3342.54
23:16:16  91140.63   4817.65
23:16:19  86032.42   4688.58
23:16:22  94929.86   1762.11
23:16:25  35523.85   3331.14
Connection to 192.168.1.102 closed.
time: 13
  Time         enp0s25      
HH:MM:SS   Kbps in  Kbps out
23:16:33   7917.89    848.54
23:16:36   8220.20   4438.84
23:16:39   8538.14   1086.01
23:16:42   5865.55     77.57
23:16:45   8977.88   3246.20
23:16:48   8490.38   2789.98
23:16:51   6683.57   2062.95
23:16:54   7870.69   4053.56
23:16:57   8573.13   1955.02
23:17:00   8445.35   2862.22
23:17:03   6243.23   3079.16
23:17:06   8021.62   2635.26
23:17:09   8385.23    468.09
23:17:12   6645.04   2049.75
23:17:15   8136.70     42.20
23:17:18   7062.00    131.22
23:17:21   2247.34   1986.01
23:17:24   7492.24    102.34
23:17:27   8087.98   1997.99
Connection to 192.168.1.102 closed.
time: 14
  Time         enp0s25      
HH:MM:SS   Kbps in  Kbps out
23:17:31   8246.38     29.89
23:17:34   7313.95   2039.88
23:17:37   8462.67    119.22
23:17:40   8366.35    104.48
23:17:43   6233.62   1986.53
23:17:46   7772.14    105.20
23:17:49   7549.60    633.74
23:17:52   7987.69   1505.39
23:17:55   6300.93     15.21
23:17:58   7140.94   1436.93
23:18:01   7804.35    700.70
23:18:04   6134.86     78.89
23:18:07   7986.99   1586.26
23:18:10   7961.34    615.61
23:18:13   6497.46    371.82
23:18:16   7294.54   2091.14
23:18:19   7899.00     92.68
23:18:22   7419.70    170.87
23:18:25   7454.23   2076.78
Connection to 192.168.1.102 closed.
time: 15
  Time         enp0s25      
HH:MM:SS   Kbps in  Kbps out
23:18:31   7515.24   1982.40
23:18:34   7850.83    108.44
23:18:37   8336.69    486.85
23:18:40   6279.81   1639.45
23:18:43   7989.96     39.18
23:18:46   7501.48   1080.59
23:18:49   7891.81   1059.01
23:18:52   6559.64     86.52
23:18:55   7622.73   1859.52
23:18:58   7266.61    211.60
23:19:01   6386.94     72.72
23:19:04   7844.55   1081.35
23:19:07   8115.24     36.82
23:19:10   5509.24     78.16
23:19:13   7511.69   1068.46
23:19:16   7453.24     96.21
23:19:19   7699.29    996.15
23:19:22   7197.06     97.19
23:19:25   8167.03    872.72
Connection to 192.168.1.102 closed.
time: 16
  Time         enp0s25      
HH:MM:SS   Kbps in  Kbps out
23:20:43   7679.18     39.06
23:20:46   5927.69    295.76
23:20:49   7540.36   1277.94
23:20:52   7762.03    287.62
23:20:55   5566.15     14.17
23:20:58   6828.47   1206.02
23:21:01   7524.77    235.33
23:21:04   5902.64    218.38
23:21:07   6674.14    994.71
23:21:10   7017.76    229.91
23:21:13   7423.74   1194.24
23:21:16   7604.98    226.71
23:21:19   7270.81    916.49
23:21:22   7118.72    322.42
23:21:25   5874.85    207.66
23:21:28   7408.46   1196.53
23:21:31   7344.46     35.01
23:21:34   5115.50    210.11
23:21:37   7124.74   1191.25
Connection to 192.168.1.102 closed.
time: 17
  Time         enp0s25      
HH:MM:SS   Kbps in  Kbps out
23:21:42   5592.03    215.69
23:21:45   7169.72   1212.91
23:21:48   7915.63    226.37
23:21:51   7078.10     32.91
23:21:54   5194.06   1201.52
23:21:57   7327.66    220.74
23:22:00   5767.38    216.28
23:22:03   6659.93   1014.28
23:22:06   6681.60    298.04
23:22:09   7037.18   1262.27
23:22:12   7220.30    292.84
23:22:15   7034.01    584.05
23:22:18   7241.12    730.15
23:22:21   5759.44    272.64
23:22:24   7110.91   1274.88
23:22:27   7188.88     28.25
23:22:30   5703.06    271.56
23:22:33   6714.14   1198.56
23:22:36   7543.77    232.26
Connection to 192.168.1.102 closed.
time: 18
  Time         enp0s25      
HH:MM:SS   Kbps in  Kbps out
23:22:42   6294.41   1177.13
23:22:45   8058.23    238.73
23:22:48   7268.49    233.91
23:22:51   5575.18    979.99
23:22:54   7090.92    232.37
23:22:57   6097.36    320.16
23:23:00   6952.17   1080.09
23:23:03   7143.33     31.29
23:23:06   6839.63   1198.89
23:23:09   7502.19    235.65
23:23:12   7304.17    230.95
23:23:15   7806.16    223.96
23:23:18   5438.45    212.78
23:23:21   7175.18    249.02
23:23:24   7087.96    240.61
23:23:27   6920.66    132.21
23:23:30   5533.91    114.53
23:23:33   7313.15    252.28
23:23:36   6770.30    230.09
Connection to 192.168.1.102 closed.
time: 19
  Time         enp0s25      
HH:MM:SS   Kbps in  Kbps out
23:23:42   7329.25    233.54
23:23:45   6135.26     25.80
23:23:48   6120.45    221.18
23:23:51   7178.39    228.12
23:23:54   7474.71    230.60
23:23:57   5742.05    212.81
23:24:00   7241.53     32.82
23:24:03   6769.53    231.82
23:24:06  47217.79   1120.24
23:24:09  99838.34   2164.87
23:24:12  100071.2   2125.70
23:24:15  95756.34   2176.33
23:24:18  91648.32   2082.93
23:24:21  82217.64   1864.20
23:24:24  101309.1   2116.51
23:24:27  99107.17   2261.25
23:24:30  99349.92   2270.77
23:24:33  100534.9   2109.53
23:24:36  100564.2   2103.20
Connection to 192.168.1.102 closed.
time: 20
  Time         enp0s25      
HH:MM:SS   Kbps in  Kbps out
23:24:43  10552.57    305.82
23:24:46   7803.02    264.55
23:24:49   5855.73   1109.67
23:24:52   7495.17    158.33
23:24:55   6433.51    220.56
23:24:58   6624.92   1166.59
23:25:01   7830.92    256.79
23:25:04   7475.17   1011.53
23:25:07   7320.38    169.57
23:25:10   7693.69   1138.61
23:25:13   7730.99    165.63
23:25:16   5785.22     20.29
23:25:19   7389.77   1971.71
23:25:22   7974.39    294.67
23:25:25   6216.14    147.30
23:25:28   7517.30   1961.77
23:25:31   7241.82    162.34
23:25:34   7322.68    166.42
23:25:37   5941.78   2082.76
Connection to 192.168.1.102 closed.
time: 21
  Time         enp0s25      
HH:MM:SS   Kbps in  Kbps out
23:27:32   7353.93    266.03
23:27:35   6779.64    464.88
23:27:38   5666.72   2323.24
23:27:41   7742.73    193.51
23:27:44   6091.64     47.78
23:27:47   6662.67   2133.29
23:27:50   6790.75    191.17
23:27:53   6988.80    875.15
23:27:56  13264.09   1418.04
23:27:59  99538.40   2121.04
23:28:02  97768.00   3586.94
23:28:05  101618.8   2668.88
23:28:08  101040.3   3543.89
23:28:11  100550.2   2692.50
23:28:14  101170.3   2380.08
23:28:17  97970.28   3856.05
23:28:20  100330.0   2295.17
23:28:23  99868.21   2192.43
23:28:26  97584.16   4101.22
Connection to 192.168.1.102 closed.
time: 22
  Time         enp0s25      
HH:MM:SS   Kbps in  Kbps out
23:28:32  100784.6   2021.17
23:28:35  94859.40   4514.65
23:28:38  94817.20   3231.89
23:28:41  101022.2   2516.58
23:28:44  96388.00   4276.09
23:28:47  98741.99   2439.37
23:28:50  94124.22   3496.66
23:28:53  87275.99   4981.49
23:28:56  90717.11   4202.42
23:28:59  91573.80   3927.35
23:29:02  85079.44   4974.48
23:29:05  77679.95   3808.15
23:29:08   7215.48   2037.27
23:29:11   6787.79   1787.43
23:29:14   6324.60   3188.33
23:29:17   7437.17   2716.68
23:29:20   7388.69    345.21
23:29:23   5625.63   3565.58
23:29:26   7306.88   2189.28
Connection to 192.168.1.102 closed.
time: 23
  Time         enp0s25      
HH:MM:SS   Kbps in  Kbps out
23:29:36   5939.23   1472.76
23:29:39   6688.02   1366.53
23:29:42   7296.67   4342.45
23:29:45   6976.80    365.52
23:29:48   7197.03   2610.81
23:29:51   7976.03   2840.22
23:29:54   5647.25   1712.68
23:29:57   7323.37   4011.36
23:30:00   7761.69    632.53
23:30:03   7483.74   2541.42
23:30:06   5178.78   2563.33
23:30:09   7370.49   1633.40
23:30:12   7351.27   2641.97
23:30:15   5706.93     26.88
23:30:18   7579.32   2303.35
23:30:21   7377.34    364.98
23:30:24   5865.67    351.10
23:30:27   7378.19   1969.56
23:30:30   7261.53    383.37
Connection to 192.168.1.102 closed.
time: 24
  Time         enp0s25      
HH:MM:SS   Kbps in  Kbps out
23:30:32   5659.57    346.13
23:30:35   7089.04   1746.26
23:30:38   7333.83    586.04
23:30:41   7166.10    364.85
23:30:44   6523.07   2320.23
23:30:47   6645.48    371.50
23:30:50   7230.54   1974.08
23:30:53   7183.08    568.91
23:30:56   6923.86    962.88
23:30:59   5709.55   2087.60
23:31:02   7179.21    231.02
23:31:05   6893.62    490.93
23:31:08   7472.93   2369.54
23:31:11   5648.91    377.02
23:31:14   7209.47   1217.26
23:31:17   6717.84   1256.53
23:31:20   5504.58    276.34
23:31:23   7144.35   2060.57
23:31:26   7297.97    407.74
Connection to 192.168.1.102 closed.
time: 25
  Time         enp0s25      
HH:MM:SS   Kbps in  Kbps out
23:31:33   6495.47   2337.52
23:31:36   6848.63    295.49
23:31:39   6469.44   1132.05
23:31:42   6966.49   1331.09
23:31:45   6944.56    411.83
23:31:48   7745.08   2343.14
23:31:51   5356.46    278.64
23:31:54   6823.41   2077.98
23:31:57   7089.33    400.31
23:32:00   5271.38    377.95
23:32:03   7284.41   2328.55
23:32:06   7571.42    296.46
23:32:09   7478.26    130.70
23:32:12   5441.84   2246.00
23:32:15   7445.43    377.14
23:32:18   7758.77    314.19
23:32:21   5619.15   2049.01
23:32:24   6984.98    404.62
23:32:27   6805.02    287.27
Connection to 192.168.1.102 closed.
