time: 0
  Time         enp0s25      
HH:MM:SS   Kbps in  Kbps out
17:45:18   5756.33     30.49
17:45:21   5283.97     14.52
17:45:24   5398.81     14.78
17:45:27   5122.89     10.88
17:45:30   5343.11     20.98
17:45:33   5159.34     14.42
17:45:36   5153.50      9.41
17:45:39   6087.16     18.43
17:45:42   8212.03     33.96
17:45:45   5867.24     14.71
17:45:48   5997.87     24.05
17:45:51   7191.17     29.50
17:45:54   9215.12     47.73
17:45:57   5734.50      9.96
17:46:00   6869.18     28.20
17:46:03   7592.46     26.71
17:46:06   5988.66     13.89
17:46:09   7210.71     34.91
17:46:12   5844.88     21.21
Connection to 192.168.1.102 closed.
time: 1
  Time         enp0s25      
HH:MM:SS   Kbps in  Kbps out
17:46:18   7330.57     33.49
17:46:21   8017.38     78.10
17:46:24   5581.16     12.01
17:46:27   6881.88     28.09
17:46:30   7364.12     37.20
17:46:33   7093.51     31.43
17:46:36   5302.57      9.55
17:46:39   6481.16     25.27
17:46:42   7238.57     29.37
17:46:45   7022.09     24.30
17:46:48   8047.09     53.90
17:46:51   7061.37     23.01
17:46:54   5600.51     11.06
17:46:57   7715.65     28.71
17:47:00   7232.75     39.92
17:47:03   5887.57      7.95
17:47:06   6267.10     22.63
17:47:09   7130.55     31.30
17:47:12   8804.67     42.99
Connection to 192.168.1.102 closed.
time: 2
  Time         enp0s25      
HH:MM:SS   Kbps in  Kbps out
17:47:18   7111.38    103.12
17:47:21   7633.33    134.78
17:47:24   5705.75      9.97
17:47:27   7152.79    102.31
17:47:30   6148.93     79.93
17:47:33   6724.43     23.57
17:47:36   6728.99     27.65
17:47:39   9172.54     63.95
17:47:42   5237.45    220.19
17:47:45   7195.31     92.66
17:47:48   7439.10    103.93
17:47:51   6148.83     16.03
17:47:54   7001.14     26.52
17:47:57   6508.86     22.94
17:48:00   6826.16     36.01
17:48:03   6693.56     18.87
17:48:06   8706.38     49.78
17:48:09   7404.62     37.61
17:48:12   5750.49      6.65
Connection to 192.168.1.102 closed.
time: 3
  Time         enp0s25      
HH:MM:SS   Kbps in  Kbps out
17:48:18   7227.08     69.35
17:48:21   5789.86     13.29
17:48:24   6891.50     24.33
17:48:27   6592.70     28.98
17:48:30   7000.25     22.28
17:48:33   7162.56     99.43
17:48:36   7379.05     30.74
17:48:39   5596.22     87.68
17:48:42   7550.99     94.74
17:48:45   7576.86     93.83
17:48:48   7819.44     21.20
17:48:51   5327.69     73.70
17:48:54   7012.50     74.66
17:48:57   7484.39    115.86
17:49:00   7225.24     32.13
17:49:03   8455.58    104.89
17:49:06   7060.09     92.05
17:49:09   5774.37     83.24
17:49:12   7581.33     95.47
Connection to 192.168.1.102 closed.
time: 4
  Time         enp0s25      
HH:MM:SS   Kbps in  Kbps out
17:49:17   6205.89    261.48
17:49:20   6933.19    162.02
17:49:23   7131.88     29.31
17:49:26   8777.10    191.50
17:49:30   5615.50    146.15
17:49:33   6883.04    160.82
17:49:36   7573.87     34.43
17:49:39   5031.98    146.58
17:49:42   7063.55    164.37
17:49:45   6754.89    153.87
17:49:48   6216.71     24.66
17:49:51   6660.70    637.68
17:49:54   9295.36    441.29
17:49:57   5455.08    142.23
17:50:00   7432.79   1181.62
17:50:03   6989.21    630.37
17:50:06   7400.16    755.06
17:50:09   5960.04    276.28
17:50:12   6830.47    495.39
Connection to 192.168.1.102 closed.
time: 5
  Time         enp0s25      
HH:MM:SS   Kbps in  Kbps out
17:50:19   8952.64    986.31
17:50:22   5503.77    249.03
17:50:25   6722.89    633.91
17:50:28   7231.00    857.61
17:50:31   5802.96    217.15
17:50:34   6964.27    671.17
17:50:37   6056.19    760.35
17:50:40   6908.59    795.97
17:50:43  34112.42   1084.46
17:50:46  100582.8   2879.81
17:50:49  100878.2   2765.08
17:50:52  99911.87   2420.25
17:50:55  95317.60   2925.32
17:50:58  98067.07   1999.25
17:51:01  84867.26   2166.16
17:51:04  92377.89   2301.47
17:51:07  79414.23   2054.80
17:51:10  88436.62   1804.31
17:51:13  86815.09   2202.82
Connection to 192.168.1.102 closed.
time: 6
  Time         enp0s25      
HH:MM:SS   Kbps in  Kbps out
17:51:18  88797.88   1831.29
17:51:21  92479.43   2406.34
17:51:24  89195.70   2278.55
17:51:27  73686.99   1950.23
17:51:30  84335.65   1696.23
17:51:33  61663.59   1673.09
17:51:36  73574.62   1823.81
17:51:39  60674.57   1540.76
17:51:42  74322.39   1524.20
17:51:45  77219.46   1998.07
17:51:48  86713.35   2184.19
17:51:51  88951.35   2314.69
17:51:54  99247.76   2055.11
17:51:57  87075.73   2205.76
17:52:00  95907.48   2364.61
17:52:03  85915.56   2153.62
17:52:06  81527.81   1647.73
17:52:09  93485.20   2323.86
17:52:12  100255.7   2335.88
Connection to 192.168.1.102 closed.
time: 7
  Time         enp0s25      
HH:MM:SS   Kbps in  Kbps out
17:52:18  87503.08   1915.74
17:52:21  64115.16   1481.25
17:52:24  74112.90   1954.01
17:52:27  66524.46   1638.78
17:52:30  81005.41   1819.47
17:52:33  34221.15    961.10
17:52:36  48360.11   1211.13
17:52:39  57294.06   1474.90
17:52:42  49492.67    923.94
17:52:45  51199.77   1385.47
17:52:48  43738.87   1209.38
17:52:51  69451.76   1678.04
17:52:54  49302.35    934.81
17:52:57  65741.84   1610.22
17:53:00  71795.29   1767.52
17:53:03  51209.16   1326.63
17:53:06  53646.47   1077.60
17:53:09  29797.72    861.77
17:53:12  41448.24   1105.47
Connection to 192.168.1.102 closed.
time: 8
  Time         enp0s25      
HH:MM:SS   Kbps in  Kbps out
17:53:18   6964.47     39.33
17:53:21   9354.42    402.11
17:53:24   5252.13    344.36
17:53:27   7358.25    392.43
17:53:30   7811.65    383.90
17:53:33   5807.35     19.77
17:53:36   7218.59    366.52
17:53:39   7444.04    367.94
17:53:42   5582.88   1310.89
17:53:45   7449.99     33.67
17:53:48   6305.74   1181.71
17:53:51   6074.17    485.64
17:53:54   7227.49    232.04
17:53:57   7296.51   1006.38
17:54:00   6892.53    231.82
17:54:03   7638.19    740.74
17:54:06   7984.20    694.54
17:54:09   7605.21    234.87
17:54:12   5655.02    977.44
Connection to 192.168.1.102 closed.
time: 9
  Time         enp0s25      
HH:MM:SS   Kbps in  Kbps out
17:54:24   7078.75     32.97
17:54:27   6960.21    533.67
17:54:30   5638.45    882.13
17:54:33   7345.86    228.15
17:54:36   7311.55    725.99
17:54:39   5195.70    492.21
17:54:42   7310.11    236.85
17:54:45   6271.55   1113.36
17:54:48   6574.58    126.32
17:54:51   6698.18    226.19
17:54:54   7295.35   1193.53
17:54:57   7213.66    228.01
17:55:00   6944.40   1001.60
17:55:03   7386.07    242.98
17:55:06   7363.95    225.46
17:55:09   5590.10   1178.07
17:55:12   7313.06     29.87
17:55:15   6904.33    454.21
17:55:18   5714.29    958.88
Connection to 192.168.1.102 closed.
time: 10
  Time         enp0s25      
HH:MM:SS   Kbps in  Kbps out
17:55:24   7798.62   1005.47
17:55:27   6974.29    497.64
17:55:30   5478.05    472.18
17:55:33   7060.71   1464.35
17:55:36   7187.56     41.64
17:55:39   5351.45    425.46
17:55:42   6820.34   1191.35
17:55:45   6696.81    224.66
17:55:48   7330.70     34.11
17:55:51   6762.28   1200.72
17:55:54   8130.96    250.36
17:55:57   5657.54   1209.61
17:56:00   7753.45    262.41
17:56:03   7616.53     71.31
17:56:06   5378.10   1161.57
17:56:09   7642.74    225.92
17:56:12   7410.72   1197.84
17:56:15   7560.25    243.24
17:56:18   5856.19     30.79
Connection to 192.168.1.102 closed.
time: 11
  Time         enp0s25      
HH:MM:SS   Kbps in  Kbps out
17:56:25   7899.10    254.17
17:56:28   5881.89    220.95
17:56:31  17441.78   1255.72
17:56:34  78475.08   1822.08
17:56:37  70652.51   1607.67
17:56:40  81662.41   2784.17
17:56:43  74458.27   1529.89
17:56:46  78571.73   2784.26
17:56:49  87464.58   1989.57
17:56:52  77668.52   1735.12
17:56:55  61214.12   2712.89
17:56:58  90559.46   4444.20
17:57:01  95520.00   3107.64
17:57:04  87843.88   4889.13
17:57:07  94372.35   1949.67
17:57:10  88965.76   3012.62
17:57:13  81963.13   4705.88
17:57:16  76944.17   1764.82
17:57:19  84918.55   3420.43
Connection to 192.168.1.102 closed.
time: 12
  Time         enp0s25      
HH:MM:SS   Kbps in  Kbps out
17:57:25  29856.20    697.70
17:57:28  39853.13   3841.10
17:57:31  35576.35   1830.58
17:57:34  35369.87    590.73
17:57:37  29858.94   3630.63
17:57:40  37967.59   1823.30
17:57:43  45454.74   2274.10
17:57:46  30249.07   3199.12
17:57:49  52703.98   1541.30
17:57:52  40311.69   4499.39
17:57:55  40510.89    952.40
17:57:58  48044.54   3453.77
17:58:01   8171.04   1634.24
17:58:04   7220.63    232.75
17:58:07   5782.17   2152.14
17:58:10   7260.93     47.48
17:58:13   6743.92    232.84
17:58:16   5619.90   2146.28
17:58:19   7338.05    241.70
Connection to 192.168.1.102 closed.
time: 13
  Time         enp0s25      
HH:MM:SS   Kbps in  Kbps out
17:58:25   5605.58   2145.19
17:58:28   7490.23    234.79
17:58:31   6297.86     35.19
17:58:34   5739.22   2166.90
17:58:37   6713.99    244.55
17:58:40   6887.65   2125.13
17:58:43  21204.21    444.15
17:58:46  89310.23   2359.95
17:58:49  94741.63   3773.03
17:58:52  99588.53   2404.47
17:58:55  72695.19   3426.73
17:58:58  80970.92   1998.20
17:59:01  84838.73   2082.49
17:59:04  88047.04   4076.92
17:59:07  99768.70   2075.57
17:59:10  87158.98   2119.52
17:59:13  66366.33   3599.86
17:59:16  70852.39   1754.77
17:59:19  81172.98   2006.42
Connection to 192.168.1.102 closed.
time: 14
  Time         enp0s25      
HH:MM:SS   Kbps in  Kbps out
17:59:25  87395.82   2132.92
17:59:28  89483.19   2411.72
17:59:31  90696.71   3517.89
17:59:34  68898.20   1733.83
17:59:37  66734.60   3146.98
17:59:40  84299.55   2126.15
17:59:43  66362.27   2233.46
17:59:46  87108.29   3428.96
17:59:49  63749.95   1582.00
17:59:52  92000.89   4136.57
17:59:55  46061.18    882.23
17:59:58  64268.88   1508.24
18:00:01  40868.05   2992.07
18:00:04  52837.38    972.47
18:00:07  52190.96   1562.62
18:00:10  29840.41   3333.83
18:00:13  52154.32   1279.73
18:00:16   6904.31    968.02
18:00:19   7086.78   2270.51
Connection to 192.168.1.102 closed.
time: 15
  Time         enp0s25      
HH:MM:SS   Kbps in  Kbps out
18:00:24   6824.08    330.51
18:00:27   5801.15   3155.30
18:00:30   6595.78     39.60
18:00:33   6377.12   1710.68
18:00:36   7212.25   1799.81
18:00:39   7026.85    874.71
18:00:42   7770.13   2372.47
18:00:45   6833.85    301.47
18:00:48   5705.96   3188.52
18:00:51   7141.45    314.41
18:00:54   7024.59    215.96
18:00:57   6950.41   3016.24
18:01:00   5373.66    148.72
18:01:03   6844.84   1365.84
18:01:06   7047.66    780.08
18:01:09   5080.64    210.67
18:01:12   7135.92   1801.89
18:01:15   7138.85    597.20
18:01:18   5538.66     14.09
Connection to 192.168.1.102 closed.
time: 16
  Time         enp0s25      
HH:MM:SS   Kbps in  Kbps out
18:02:03   7114.59   2128.50
18:02:06   5327.16    443.14
18:02:09   6946.75   1394.37
18:02:12   7070.99   1099.32
18:02:15   5543.49    193.26
18:02:18   7187.84   1311.55
18:02:21   5903.20   1306.06
18:02:24   7834.47    512.90
18:02:27   7434.16   2167.70
18:02:30   7999.76    449.95
18:02:33   5278.58   2304.69
18:02:36   7621.34    472.71
18:02:39   7297.44    963.27
18:02:42   6958.96    486.92
18:02:45   5035.10    319.92
18:02:48   7207.08   1227.99
18:02:51   7264.23    193.37
18:02:54   5279.38    299.42
18:02:57   6691.56   1305.73
Connection to 192.168.1.102 closed.
time: 17
  Time         enp0s25      
HH:MM:SS   Kbps in  Kbps out
18:03:03   5366.85    316.65
18:03:06   7081.37   1107.69
18:03:09   7066.16    346.35
18:03:12   5296.79    233.50
18:03:15   6486.42   1303.81
18:03:18   6789.51    333.97
18:03:21   5999.31    231.40
18:03:24   7401.75    884.52
18:03:27   8352.46    644.99
18:03:30   8883.84   3846.30
18:03:33   6500.19   4374.68
18:03:36   8341.57   1238.53
18:03:39   8507.37   4619.02
18:03:42   6930.99   2701.90
18:03:45   7885.43   2295.92
18:03:48   8655.09   4675.46
18:03:51   7196.58   2751.84
18:03:54   7548.02   3056.05
18:03:57   8262.62   3249.12
Connection to 192.168.1.102 closed.
time: 18
  Time         enp0s25      
HH:MM:SS   Kbps in  Kbps out
18:04:04   6923.97   2058.10
18:04:07   8259.70   4461.64
18:04:10   7202.59    127.13
18:04:13   5697.14   3434.88
18:04:16   6259.05   3197.96
18:04:19   8371.29    492.29
18:04:22   8363.46   3663.39
18:04:25   7957.52   2737.53
18:04:28   8690.55   1506.52
18:04:31   8627.55   4330.77
18:04:34   6447.96   2257.18
18:04:37   7820.77   1768.12
18:04:40   7759.61   3834.34
18:04:43   6140.34   2240.02
18:04:46   8327.35   2373.54
18:04:49   7777.47   2051.24
18:04:52   6144.46   3673.19
18:04:55   8348.60   3247.34
18:04:58   8207.30    231.11
Connection to 192.168.1.102 closed.
time: 19
  Time         enp0s25      
HH:MM:SS   Kbps in  Kbps out
18:05:02   8779.89   3522.24
18:05:05   6664.19   3148.76
18:05:08   6900.90    674.75
18:05:11   8444.82   3689.57
18:05:14   8446.26   4097.77
18:05:17   7824.94    951.25
18:05:20   7916.74   4690.97
18:05:23   7912.93   2872.64
18:05:26   6593.75   2404.97
18:05:29   8202.97   4168.77
18:05:32   7759.35   3195.94
18:05:35   6413.83   1428.49
18:05:38   8310.05   1934.41
18:05:41   7971.10   1470.07
18:05:44   6013.26    443.93
18:05:47   7900.95   2400.90
18:05:50   7913.29   1435.73
18:05:53   7766.78     31.16
18:05:56   6189.66   3352.26
Connection to 192.168.1.102 closed.
time: 20
  Time         enp0s25      
HH:MM:SS   Kbps in  Kbps out
18:06:03   7154.22   1279.99
18:06:06   7934.53   2452.68
18:06:09   7898.54    144.23
18:06:12   7441.23   3407.02
18:06:15   7581.44    501.73
18:06:18   7506.53   2389.28
18:06:21   8227.31   1049.26
18:06:24   7856.55    489.34
18:06:27   6458.63   3364.03
18:06:30   7763.07    483.55
18:06:33   7734.64     36.43
18:06:36   7909.49   3383.92
18:06:39   5938.91    456.31
18:06:42   7528.81   1920.64
18:06:45   7544.28    876.56
18:06:48   6396.16    196.39
18:06:51   7432.29    842.76
18:06:54   7479.35   1883.14
18:06:57   6094.69    453.22
Connection to 192.168.1.102 closed.
time: 21
  Time         enp0s25      
HH:MM:SS   Kbps in  Kbps out
18:07:04   7484.04   2297.71
18:07:07   7477.69    476.44
18:07:10   8033.71   2411.21
18:07:13   8730.89    341.01
18:07:16   8392.78   2162.27
18:07:19   6024.27    449.51
18:07:22   8346.93    787.73
18:07:25   8066.44   2109.62
18:07:28   5838.27    585.55
18:07:31   7184.14    492.84
18:07:34   8118.60    605.69
18:07:37   6621.15   2188.90
18:07:40   7425.88   3977.21
18:07:43   7703.61   4377.50
18:07:46   6062.84   1927.07
18:07:49   7632.56   2329.13
18:07:52   7351.28   4684.24
18:07:55   6154.79   1576.76
18:07:58   7156.04   1860.77
Connection to 192.168.1.102 closed.
time: 22
  Time         enp0s25      
HH:MM:SS   Kbps in  Kbps out
18:08:02   7451.33   3640.03
18:08:05   6834.22   1216.97
18:08:08   8234.64   4201.96
18:08:11   7175.37   3240.49
18:08:14   7938.64   1272.47
18:08:17   7812.99   4677.39
18:08:20   6143.73   3478.64
18:08:23   7248.98   1505.64
18:08:26   7345.91   4123.36
18:08:29   8045.19   3205.78
18:08:32   5771.48   2794.25
18:08:35   7355.66   1952.55
18:08:38   7312.59   2889.69
18:08:41   6130.88   1454.29
18:08:44   7154.65   2273.88
18:08:47   7802.19   1297.79
18:08:50   5397.27    486.53
18:08:53   6735.66   1243.16
18:08:56   6958.01   1470.77
Connection to 192.168.1.102 closed.
time: 23
  Time         enp0s25      
HH:MM:SS   Kbps in  Kbps out
18:09:02   6325.87    826.39
18:09:05   7272.30   1693.38
18:09:08   6969.50    810.86
18:09:11   7596.04   1705.83
18:09:14   7513.04   1659.36
18:09:17   5815.39   2751.36
18:09:20   7205.47    215.51
18:09:23   6951.45   1058.01
18:09:26   7856.14   2956.50
18:09:29   6058.23    750.81
18:09:32   7074.15   2315.06
18:09:35   8301.47   1015.93
18:09:38   6242.23    412.09
18:09:41   7303.00   1802.96
18:09:44   7244.67    423.83
18:09:47   5311.94    503.01
18:09:50   7065.00   1803.71
18:09:53   7509.90    826.49
18:09:56   7174.68    332.18
Connection to 192.168.1.102 closed.
time: 24
  Time         enp0s25      
HH:MM:SS   Kbps in  Kbps out
18:10:02   7824.00    839.25
18:10:05   8391.50   1757.50
18:10:08   7064.61    584.96
18:10:11   7334.38    768.21
18:10:14   7461.86   1654.78
18:10:17   5578.85    879.90
18:10:20   7270.12   1059.94
18:10:23   7391.61   1012.98
18:10:26   5206.88    772.88
18:10:29   7401.20   1865.50
18:10:32   7217.73    689.78
18:10:35   6114.34    608.84
18:10:38   7069.47   1120.33
18:10:41   6877.74    533.68
18:10:44   6051.07    511.59
18:10:47   7030.22   1492.65
18:10:50   7260.35    141.14
18:10:53   6780.56   1403.67
18:10:56   7177.12    590.92
Connection to 192.168.1.102 closed.
time: 25
  Time         enp0s25      
HH:MM:SS   Kbps in  Kbps out
18:11:03   7799.67    426.60
18:11:06   5854.71    409.50
18:11:09   7337.01   1485.78
18:11:12   7708.21    593.42
18:11:15   6219.00    585.59
18:11:18   7156.88   1542.81
18:11:21   7424.37    418.72
18:11:24   7652.70    338.37
18:11:27   6132.01   1545.96
18:11:30   7230.29    593.25
18:11:33   7614.91    363.31
18:11:36   5916.95   1408.00
18:11:39   7727.32    129.98
18:11:42   6395.51    891.10
18:11:45   7278.40    982.93
18:11:48   7175.96    434.93
18:11:51   7134.39   1257.77
18:11:54   7156.81    596.25
18:11:57   7900.20   1572.42
Connection to 192.168.1.102 closed.
