num: 30 running time:30 bandwidth:5000
**time: 0
========Allocate Done=============
audio5-0 1 688.5713999999999 0.9
yolo10-0 1 57.969 0.99
Sum of bandwidth: 746.5404
Sum of weights: 0.582
Average accuracy: 0.9893814432989692
time: 0.021947145462036133
**time: 1
========Allocate Done=============
audio5-0 1 688.5713999999999 0.9
audio7-1 1 688.5713999999999 0.9
yolo1-1 1 57.969 0.99
yolo10-0 1 57.969 0.99
yolo11-1 1 57.969 0.99
yolo12-1 1 57.969 0.99
yolo3-1 1 57.969 0.99
yolo5-1 1 57.969 0.99
yolo8-1 1 57.969 0.99
yolo9-1 1 57.969 0.99
Sum of bandwidth: 1840.8948000000003
Sum of weights: 5.414999999999999
Average accuracy: 0.975673130193906
time: 0.0016138553619384766
**time: 2
========Allocate Done=============
audio1-2 1 688.5713999999999 0.9
audio11-2 1 688.5713999999999 0.9
audio5-0 1 688.5713999999999 0.9
audio7-1 1 688.5713999999999 0.9
audio9-2 1 688.5713999999999 0.9
yolo1-1 1 57.969 0.99
yolo10-0 1 57.969 0.99
yolo11-1 1 57.969 0.99
yolo11-2 1 57.969 0.99
yolo12-1 1 57.969 0.99
yolo3-1 1 57.969 0.99
yolo4-2 1 57.969 0.99
yolo5-1 1 57.969 0.99
yolo5-2 1 57.969 0.99
yolo8-1 1 57.969 0.99
yolo8-2 1 57.969 0.99
yolo9-1 1 57.969 0.99
yolo9-2 1 57.969 0.99
Sum of bandwidth: 4196.454
Sum of weights: 8.899
Average accuracy: 0.9764782559838184
time: 0.14612150192260742
**time: 3
========Allocate Done=============
audio1-2 1 688.5713999999999 0.9
audio11-2 1 688.5713999999999 0.9
audio5-0 1 688.5713999999999 0.9
audio6-3 1 688.5713999999999 0.9
audio7-1 1 688.5713999999999 0.9
audio9-2 1 688.5713999999999 0.9
yolo1-1 1 57.969 0.99
yolo1-3 1 57.969 0.99
yolo10-0 1 57.969 0.99
yolo11-1 1 57.969 0.99
yolo11-2 1 57.969 0.99
yolo12-1 1 57.969 0.99
yolo12-3 1 57.969 0.99
yolo3-1 1 57.969 0.99
yolo4-2 1 57.969 0.99
yolo5-1 1 57.969 0.99
yolo5-2 1 57.969 0.99
yolo8-1 1 57.969 0.99
yolo8-2 1 57.969 0.99
yolo9-1 1 57.969 0.99
yolo9-2 1 57.969 0.99
Sum of bandwidth: 5000.963400000001
Sum of weights: 10.95
Average accuracy: 0.9716547945205479
time: 0.48435306549072266
**time: 4
========Allocate Done=============
audio1-2 1 688.5713999999999 0.9
audio11-2 1 688.5713999999999 0.9
audio5-0 1 688.5713999999999 0.9
audio6-3 1 688.5713999999999 0.9
audio7-1 1 688.5713999999999 0.9
audio9-2 1 688.5713999999999 0.9
yolo1-1 1 57.969 0.99
yolo1-3 1 57.969 0.99
yolo10-0 1 57.969 0.99
yolo11-1 1 57.969 0.99
yolo11-2 1 57.969 0.99
yolo12-1 1 57.969 0.99
yolo12-3 1 57.969 0.99
yolo3-1 1 57.969 0.99
yolo4-2 1 57.969 0.99
yolo5-1 1 57.969 0.99
yolo5-2 1 57.969 0.99
yolo8-1 1 57.969 0.99
yolo8-2 1 57.969 0.99
yolo9-1 1 57.969 0.99
yolo9-2 1 57.969 0.99
Sum of bandwidth: 5000.963400000001
Sum of weights: 10.95
Average accuracy: 0.9716547945205479
time: 0.008956432342529297
**time: 5
========Allocate Done=============
audio1-2 0.7245222965138761 499.16383999999925 0.42
audio10-5 0.6 413.54724 0.32
audio11-2 0.6 413.54724 0.32
audio3-5 1 688.5713999999999 0.9
audio4-5 0.4 276.03516 0.25
audio5-0 0.4 276.03516 0.25
audio6-3 1 688.5713999999999 0.9
audio7-1 1 688.5713999999999 0.9
audio9-2 0.4 276.03516 0.25
yolo1-1 1 57.969 0.99
yolo1-3 1 57.969 0.99
yolo10-0 1 57.969 0.99
yolo11-1 1 57.969 0.99
yolo11-2 1 57.969 0.99
yolo12-1 1 57.969 0.99
yolo12-3 1 57.969 0.99
yolo3-1 1 57.969 0.99
yolo3-5 1 57.969 0.99
yolo4-2 1 57.969 0.99
yolo5-1 1 57.969 0.99
yolo5-2 1 57.969 0.99
yolo8-1 1 57.969 0.99
yolo8-2 1 57.969 0.99
yolo9-2 1 57.969 0.99
Sum of bandwidth: 5089.612999999999
Sum of weights: 11.504000000000001
Average accuracy: 0.9322253129346311
time: 0.909027099609375
**time: 6
========Allocate Done=============
audio10-5 1 688.5713999999999 0.9
audio11-2 1 688.5713999999999 0.9
audio3-5 1 688.5713999999999 0.9
audio4-5 0.4 276.03516 0.25
audio5-0 0.4 276.03516 0.25
audio6-3 1 688.5713999999999 0.9
audio7-1 1 688.5713999999999 0.9
audio9-2 0.5528591815351792 381.1350800000004 0.31
yolo1-1 1 57.969 0.99
yolo1-3 1 57.969 0.99
yolo10-0 1 57.969 0.99
yolo12-1 1 57.969 0.99
yolo12-3 1 57.969 0.99
yolo3-1 1 57.969 0.99
yolo3-5 1 57.969 0.99
yolo5-1 1 57.969 0.99
yolo5-2 1 57.969 0.99
yolo8-1 1 57.969 0.99
yolo8-2 1 57.969 0.99
yolo8-6 1 57.969 0.99
Sum of bandwidth: 5071.6904
Sum of weights: 8.666
Average accuracy: 0.9530071543964919
time: 0.004292726516723633
**time: 7
========Allocate Done=============
audio1-7 0.8757666090135514 603.153440000001 0.74
audio10-5 0.6 413.54724 0.32
audio11-2 0.6 413.54724 0.32
audio3-5 1 688.5713999999999 0.9
audio4-5 0.4 276.03516 0.25
audio6-3 1 688.5713999999999 0.9
audio7-1 1 688.5713999999999 0.9
audio8-7 0.4 276.03516 0.25
audio9-2 0.4 276.03516 0.25
yolo1-1 1 57.969 0.99
yolo1-3 1 57.969 0.99
yolo10-0 1 57.969 0.99
yolo12-1 1 57.969 0.99
yolo12-3 1 57.969 0.99
yolo3-1 1 57.969 0.99
yolo3-5 1 57.969 0.99
yolo5-1 1 57.969 0.99
yolo5-2 1 57.969 0.99
yolo7-7 1 57.969 0.99
yolo8-1 1 57.969 0.99
yolo8-2 1 57.969 0.99
yolo8-6 1 57.969 0.99
Sum of bandwidth: 5077.664600000001
Sum of weights: 9.364000000000003
Average accuracy: 0.9175010679196921
time: 0.14168643951416016
**time: 8
========Allocate Done=============
audio1-7 1 688.5713999999999 0.9
audio10-5 1 688.5713999999999 0.9
audio11-2 1 688.5713999999999 0.9
audio3-5 1 688.5713999999999 0.9
audio4-5 0.42987510624521164 296.5761000000002 0.25
audio6-3 1 688.5713999999999 0.9
audio8-7 1 688.5713999999999 0.9
yolo1-1 1 57.969 0.99
yolo10-0 1 57.969 0.99
yolo12-1 1 57.969 0.99
yolo12-3 1 57.969 0.99
yolo3-1 1 57.969 0.99
yolo3-5 1 57.969 0.99
yolo5-1 1 57.969 0.99
yolo5-2 1 57.969 0.99
yolo7-7 1 57.969 0.99
yolo8-2 1 57.969 0.99
yolo8-6 1 57.969 0.99
audio5-edge-0 0.4 0.0527 0.25
Sum of bandwidth: 5065.716200000001
Sum of weights: 7.474999999999998
Average accuracy: 0.9613337792642144
time: 0.23918819427490234
**time: 9
========Allocate Done=============
audio1-7 1 688.5713999999999 0.9
audio10-5 0.8269342737016282 569.5782600000009 0.67
audio10-9 0.6 413.54724 0.32
audio11-2 0.6 413.54724 0.32
audio11-9 0.6 413.54724 0.32
audio2-9 1 688.5713999999999 0.9
audio3-5 1 688.5713999999999 0.9
audio4-5 0.4 276.03516 0.25
audio8-7 0.4 276.03516 0.25
yolo1-1 1 57.969 0.99
yolo10-0 1 57.969 0.99
yolo12-1 1 57.969 0.99
yolo12-3 1 57.969 0.99
yolo3-1 1 57.969 0.99
yolo3-5 1 57.969 0.99
yolo5-1 1 57.969 0.99
yolo5-2 1 57.969 0.99
yolo7-7 1 57.969 0.99
yolo8-6 1 57.969 0.99
yolo8-9 1 57.969 0.99
audio5-edge-0 0.4 0.0527 0.25
Sum of bandwidth: 5065.716200000002
Sum of weights: 7.927999999999998
Average accuracy: 0.9002711907164482
time: 0.15484309196472168
**time: 10
========Allocate Done=============
audio1-7 1 688.5713999999999 0.9
audio10-5 0.8268576258900308 569.5255599999998 0.67
audio10-9 0.6 413.54724 0.32
audio11-2 0.6 413.54724 0.32
audio11-9 0.6 413.54724 0.32
audio2-9 1 688.5713999999999 0.9
audio3-10 1 688.5713999999999 0.9
audio4-5 0.4 276.03516 0.25
audio8-7 0.4 276.03516 0.25
yolo1-1 1 57.969 0.99
yolo10-10 1 57.969 0.99
yolo12-1 1 57.969 0.99
yolo12-3 1 57.969 0.99
yolo3-1 1 57.969 0.99
yolo3-10 1 57.969 0.99
yolo3-5 1 57.969 0.99
yolo5-2 1 57.969 0.99
yolo7-7 1 57.969 0.99
yolo8-9 1 57.969 0.99
yolo9-10 1 57.969 0.99
audio5-edge-0 0.4 0.0527 0.25
audio6-edge-3 1 0.0527 0.9
Sum of bandwidth: 5065.716200000001
Sum of weights: 9.921999999999997
Average accuracy: 0.9101854464825642
time: 0.171875
**time: 11
========Allocate Done=============
audio10-5 0.5 344.7912 0.3
audio10-9 0.5 344.7912 0.3
audio11-2 0.5 344.7912 0.3
audio11-9 0.47516110584611854 327.7129599999996 0.27
audio12-11 0.4 276.03516 0.25
audio2-9 1 688.5713999999999 0.9
audio3-10 1 688.5713999999999 0.9
audio4-5 0.4 276.03516 0.25
audio5-11 0.4 276.03516 0.25
audio7-11 1 688.5713999999999 0.9
audio8-7 0.4 276.03516 0.25
yolo10-10 1 57.969 0.99
yolo12-1 1 57.969 0.99
yolo12-3 1 57.969 0.99
yolo3-1 1 57.969 0.99
yolo3-10 1 57.969 0.99
yolo5-11 1 57.969 0.99
yolo7-7 1 57.969 0.99
yolo8-9 1 57.969 0.99
yolo9-10 1 57.969 0.99
audio5-edge-0 0.4 0.0527 0.25
audio6-edge-3 1 0.0527 0.9
Sum of bandwidth: 5053.7678000000005
Sum of weights: 9.472999999999999
Average accuracy: 0.874972025757416
time: 0.29083967208862305
**time: 12
========Allocate Done=============
audio10-5 0.4 276.03516 0.25
audio10-9 0.4 276.03516 0.25
audio11-2 0.4 276.03516 0.25
audio11-9 0.4 276.03516 0.25
audio12-11 0.4 276.03516 0.25
audio2-9 1 688.5713999999999 0.9
audio3-10 0.9737673373859226 670.5348599999999 0.9
audio4-5 0.4 276.03516 0.25
audio5-11 0.4 276.03516 0.25
audio7-11 1 688.5713999999999 0.9
audio8-12 0.4 276.03516 0.25
audio8-7 0.4 276.03516 0.25
yolo10-10 1 57.969 0.99
yolo12-1 1 57.969 0.99
yolo12-3 1 57.969 0.99
yolo3-1 1 57.969 0.99
yolo3-10 1 57.969 0.99
yolo5-11 1 57.969 0.99
yolo7-7 1 57.969 0.99
yolo8-9 1 57.969 0.99
yolo9-10 1 57.969 0.99
audio6-edge-3 1 0.0527 0.9
Sum of bandwidth: 5053.7678000000005
Sum of weights: 9.577
Average accuracy: 0.8647060666179388
time: 0.008563518524169922
**time: 13
========Allocate Done=============
audio10-5 0.4 276.03516 0.25
audio10-9 0.4 276.03516 0.25
audio11-2 0.4 276.03516 0.25
audio11-9 0.4 276.03516 0.25
audio12-11 0.4 276.03516 0.25
audio12-13 0.4 276.03516 0.25
audio2-9 1 688.5713999999999 0.9
audio3-10 0.4 276.03516 0.25
audio4-5 0.4 276.03516 0.25
audio5-11 0.4 276.03516 0.25
audio7-11 0.6464486610921761 445.4835000000011 0.34
audio7-13 0.6 413.54724 0.32
audio8-12 0.4 276.03516 0.25
audio8-7 0.4 276.03516 0.25
yolo10-10 1 57.969 0.99
yolo10-13 1 57.969 0.99
yolo12-3 1 57.969 0.99
yolo3-1 1 57.969 0.99
yolo3-10 1 57.969 0.99
yolo5-11 1 57.969 0.99
yolo7-7 1 57.969 0.99
yolo9-10 1 57.969 0.99
audio6-edge-3 1 0.0527 0.9
Sum of bandwidth: 5047.793600000002
Sum of weights: 10.256999999999998
Average accuracy: 0.7220785804816224
time: 0.16025161743164062
**time: 14
========Allocate Done=============
audio10-5 0.4 276.03516 0.25
audio10-9 0.4 276.03516 0.25
audio11-2 0.4 276.03516 0.25
audio11-9 0.4 276.03516 0.25
audio12-11 0.4 276.03516 0.25
audio12-13 0.4 276.03516 0.25
audio2-9 1 688.5713999999999 0.9
audio3-10 0.4 276.03516 0.25
audio4-5 0.4 276.03516 0.25
audio5-11 0.4 276.03516 0.25
audio5-14 0.3220708173420124 222.454140000001 0.2
audio7-11 0.5 344.7912 0.3
audio7-13 0.5 344.7912 0.3
audio8-12 0.4 276.03516 0.25
audio8-7 0.4 276.03516 0.25
yolo1-14 1 57.969 0.99
yolo10-10 1 57.969 0.99
yolo10-13 1 57.969 0.99
yolo12-3 1 57.969 0.99
yolo3-10 1 57.969 0.99
yolo5-11 1 57.969 0.99
yolo9-10 1 57.969 0.99
audio6-edge-3 1 0.0527 0.9
Sum of bandwidth: 5042.830400000002
Sum of weights: 9.708
Average accuracy: 0.7012989287185825
time: 0.3627593517303467
**time: 15
========Allocate Done=============
audio10-15 0.549466141447355 378.80215999999996 0.31
audio10-5 0.5 344.7912 0.3
audio10-9 0.5 344.7912 0.3
audio11-9 0.5 344.7912 0.3
audio12-11 0.5 344.7912 0.3
audio12-13 0.5 344.7912 0.3
audio3-10 1 688.5713999999999 0.9
audio4-5 0.4 276.03516 0.25
audio5-11 0.4 276.03516 0.25
audio5-14 0.4 276.03516 0.25
audio7-13 1 688.5713999999999 0.9
audio8-12 0.4 276.03516 0.25
yolo1-14 1 57.969 0.99
yolo10-10 1 57.969 0.99
yolo10-13 1 57.969 0.99
yolo3-10 1 57.969 0.99
yolo5-11 1 57.969 0.99
yolo5-15 1 57.969 0.99
yolo8-15 1 57.969 0.99
yolo9-10 1 57.969 0.99
Sum of bandwidth: 5047.793600000001
Sum of weights: 6.8839999999999995
Average accuracy: 0.838827716443928
time: 0.10249519348144531
**time: 16
========Allocate Done=============
audio10-15 1 688.5713999999999 0.9
audio12-11 1 688.5713999999999 0.9
audio12-13 1 688.5713999999999 0.9
audio12-16 1 688.5713999999999 0.9
audio3-10 1 688.5713999999999 0.9
audio5-14 0.4 276.03516 0.25
audio8-12 0.6 413.54724 0.32
audio8-16 0.5797256502846856 399.60739999999856 0.31
yolo1-14 1 57.969 0.99
yolo10-10 1 57.969 0.99
yolo10-13 1 57.969 0.99
yolo2-16 1 57.969 0.99
yolo5-11 1 57.969 0.99
yolo5-15 1 57.969 0.99
yolo7-16 1 57.969 0.99
yolo8-15 1 57.969 0.99
yolo9-10 1 57.969 0.99
Sum of bandwidth: 5053.767799999999
Sum of weights: 6.295
Average accuracy: 0.9475107227958697
time: 0.004080772399902344
**time: 17
========Allocate Done=============
audio10-15 1 688.5713999999999 0.9
audio12-11 1 688.5713999999999 0.9
audio12-13 1 688.5713999999999 0.9
audio12-16 1 688.5713999999999 0.9
audio3-10 1 688.5713999999999 0.9
audio5-14 0.4 276.03516 0.25
audio8-12 0.5284813377850129 364.3738399999986 0.3
audio8-16 0.5 344.7912 0.3
yolo1-14 1 57.969 0.99
yolo10-10 1 57.969 0.99
yolo10-13 1 57.969 0.99
yolo12-17 1 57.969 0.99
yolo2-16 1 57.969 0.99
yolo5-11 1 57.969 0.99
yolo5-15 1 57.969 0.99
yolo5-17 1 57.969 0.99
yolo7-16 1 57.969 0.99
yolo8-15 1 57.969 0.99
yolo9-10 1 57.969 0.99
Sum of bandwidth: 5065.716199999998
Sum of weights: 7.069999999999999
Average accuracy: 0.9517100424328148
time: 0.006127834320068359
**time: 18
========Allocate Done=============
audio10-15 1 688.5713999999999 0.9
audio12-13 1 688.5713999999999 0.9
audio12-16 1 688.5713999999999 0.9
audio2-18 1 688.5713999999999 0.9
audio3-10 1 688.5713999999999 0.9
audio8-16 1 688.5713999999999 0.9
audio9-18 0.5055739103066408 348.6235999999981 0.3
yolo1-14 1 57.969 0.99
yolo10-13 1 57.969 0.99
yolo12-17 1 57.969 0.99
yolo2-16 1 57.969 0.99
yolo5-11 1 57.969 0.99
yolo5-15 1 57.969 0.99
yolo5-17 1 57.969 0.99
yolo7-16 1 57.969 0.99
yolo8-15 1 57.969 0.99
yolo9-10 1 57.969 0.99
Sum of bandwidth: 5059.741999999998
Sum of weights: 7.223
Average accuracy: 0.9548207116156721
time: 0.0029685497283935547
**time: 19
========Allocate Done=============
audio1-19 1 688.5713999999999 0.9
audio10-19 1 688.5713999999999 0.9
audio12-16 1 688.5713999999999 0.9
audio2-18 1 688.5713999999999 0.9
audio7-19 1 688.5713999999999 0.9
audio8-16 1 688.5713999999999 0.9
audio9-18 0.4299517540568038 296.6287999999976 0.25
yolo1-14 1 57.969 0.99
yolo10-19 1 57.969 0.99
yolo12-17 1 57.969 0.99
yolo2-16 1 57.969 0.99
yolo5-11 1 57.969 0.99
yolo5-15 1 57.969 0.99
yolo5-17 1 57.969 0.99
yolo7-16 1 57.969 0.99
yolo8-19 1 57.969 0.99
yolo9-10 1 57.969 0.99
yolo9-19 1 57.969 0.99
Sum of bandwidth: 5065.716199999998
Sum of weights: 8.483
Average accuracy: 0.9561299068725685
time: 0.00435638427734375
**time: 20
========Allocate Done=============
audio1-19 1 688.5713999999999 0.9
audio10-19 0.9528591815351753 656.1592399999977 0.9
audio12-16 0.6 413.54724 0.32
audio2-18 1 688.5713999999999 0.9
audio3-20 1 688.5713999999999 0.9
audio7-19 1 688.5713999999999 0.9
audio8-16 0.4 276.03516 0.25
audio9-18 0.4 276.03516 0.25
yolo1-14 1 57.969 0.99
yolo10-19 1 57.969 0.99
yolo12-17 1 57.969 0.99
yolo2-16 1 57.969 0.99
yolo3-20 1 57.969 0.99
yolo4-20 1 57.969 0.99
yolo5-11 1 57.969 0.99
yolo5-15 1 57.969 0.99
yolo5-17 1 57.969 0.99
yolo7-16 1 57.969 0.99
yolo8-19 1 57.969 0.99
yolo9-19 1 57.969 0.99
Sum of bandwidth: 5071.690399999998
Sum of weights: 9.737
Average accuracy: 0.9366622162883846
time: 0.15308904647827148
**time: 21
========Allocate Done=============
audio1-19 0.4 276.03516 0.25
audio10-19 0.4 276.03516 0.25
audio11-21 0.4 276.03516 0.25
audio12-16 0.4 276.03516 0.25
audio2-18 1 688.5713999999999 0.9
audio3-20 0.47274912865837043 326.05458000000067 0.27
audio4-21 0.4 276.03516 0.25
audio6-21 1 688.5713999999999 0.9
audio7-19 1 688.5713999999999 0.9
audio8-16 0.4 276.03516 0.25
audio9-18 0.4 276.03516 0.25
yolo1-14 1 57.969 0.99
yolo10-19 1 57.969 0.99
yolo11-21 1 57.969 0.99
yolo12-17 1 57.969 0.99
yolo2-16 1 57.969 0.99
yolo3-20 1 57.969 0.99
yolo4-20 1 57.969 0.99
yolo5-11 1 57.969 0.99
yolo5-15 1 57.969 0.99
yolo6-21 1 57.969 0.99
yolo7-16 1 57.969 0.99
yolo8-19 1 57.969 0.99
yolo9-19 1 57.969 0.99
audio7-edge-19 1 0.0527 0.9
Sum of bandwidth: 5077.664600000001
Sum of weights: 12.469999999999999
Average accuracy: 0.8739045709703288
time: 0.005320549011230469
**time: 22
========Allocate Done=============
audio1-19 0.5 344.7912 0.3
audio10-19 0.5 344.7912 0.3
audio11-21 0.5 344.7912 0.3
audio12-16 0.48779833742606277 336.4018199999987 0.27
audio2-18 1 688.5713999999999 0.9
audio3-20 1 688.5713999999999 0.9
audio4-21 0.4 276.03516 0.25
audio6-21 1 688.5713999999999 0.9
audio8-16 0.4 276.03516 0.25
audio9-18 0.4 276.03516 0.25
yolo1-14 1 57.969 0.99
yolo10-19 1 57.969 0.99
yolo11-21 1 57.969 0.99
yolo12-17 1 57.969 0.99
yolo2-16 1 57.969 0.99
yolo2-22 1 57.969 0.99
yolo3-20 1 57.969 0.99
yolo4-20 1 57.969 0.99
yolo5-15 1 57.969 0.99
yolo6-21 1 57.969 0.99
yolo7-16 1 57.969 0.99
yolo8-19 1 57.969 0.99
yolo9-19 1 57.969 0.99
audio7-edge-19 1 0.0527 0.9
yolo5-edge-11 1 34.18 0.99
yolo5-edge-15 1 34.18 0.99
Sum of bandwidth: 5086.604799999999
Sum of weights: 12.728
Average accuracy: 0.9114236329352606
time: 0.1357872486114502
**time: 23
========Allocate Done=============
audio1-19 1 688.5713999999999 0.9
audio11-21 1 688.5713999999999 0.9
audio2-18 1 688.5713999999999 0.9
audio3-20 1 688.5713999999999 0.9
audio4-21 0.4 276.03516 0.25
audio6-21 1 688.5713999999999 0.9
audio8-16 0.6608162424712041 455.36207999999806 0.34
audio9-18 0.4 276.03516 0.25
yolo1-14 1 57.969 0.99
yolo11-21 1 57.969 0.99
yolo2-16 1 57.969 0.99
yolo2-22 1 57.969 0.99
yolo3-20 1 57.969 0.99
yolo4-20 1 57.969 0.99
yolo6-21 1 57.969 0.99
yolo6-23 1 57.969 0.99
yolo8-19 1 57.969 0.99
yolo9-19 1 57.969 0.99
audio7-edge-19 1 0.0527 0.9
yolo5-edge-15 1 34.18 0.99
Sum of bandwidth: 5064.212099999999
Sum of weights: 10.764
Average accuracy: 0.9455146785581569
time: 0.13419079780578613
**time: 24
========Allocate Done=============
audio1-19 0.8578754099276191 590.8521599999978 0.67
audio11-21 0.6 413.54724 0.32
audio2-18 1 688.5713999999999 0.9
audio3-24 1 688.5713999999999 0.9
audio4-21 0.4 276.03516 0.25
audio4-24 0.4 276.03516 0.25
audio5-24 0.4 276.03516 0.25
audio6-21 1 688.5713999999999 0.9
audio8-16 0.4 276.03516 0.25
audio9-18 0.4 276.03516 0.25
yolo1-14 1 57.969 0.99
yolo11-21 1 57.969 0.99
yolo11-24 1 57.969 0.99
yolo2-16 1 57.969 0.99
yolo2-22 1 57.969 0.99
yolo3-20 1 57.969 0.99
yolo6-21 1 57.969 0.99
yolo6-23 1 57.969 0.99
yolo8-19 1 57.969 0.99
yolo9-19 1 57.969 0.99
audio7-edge-19 1 0.0527 0.9
yolo5-edge-15 1 34.18 0.99
Sum of bandwidth: 5064.212099999999
Sum of weights: 10.45
Average accuracy: 0.9258602870813396
time: 0.2634732723236084
**time: 25
========Allocate Done=============
audio1-19 0.9767081699295049 672.5568599999983 0.9
audio11-21 0.6 413.54724 0.32
audio2-18 1 688.5713999999999 0.9
audio3-24 1 688.5713999999999 0.9
audio4-21 0.4 276.03516 0.25
audio4-24 0.4 276.03516 0.25
audio5-24 0.4 276.03516 0.25
audio6-21 1 688.5713999999999 0.9
audio8-16 0.4 276.03516 0.25
audio9-18 0.4 276.03516 0.25
yolo1-25 1 57.969 0.99
yolo10-25 1 57.969 0.99
yolo11-21 1 57.969 0.99
yolo11-24 1 57.969 0.99
yolo2-22 1 57.969 0.99
yolo6-21 1 57.969 0.99
yolo6-23 1 57.969 0.99
yolo8-19 1 57.969 0.99
yolo9-19 1 57.969 0.99
audio7-edge-19 1 0.0527 0.9
Sum of bandwidth: 5053.767799999999
Sum of weights: 9.179000000000002
Average accuracy: 0.9218901841159164
time: 0.004117488861083984
**time: 26
========Allocate Done=============
audio11-21 1 688.5713999999999 0.9
audio2-18 1 688.5713999999999 0.9
audio4-21 1 688.5713999999999 0.9
audio4-24 1 688.5713999999999 0.9
audio5-24 0.5811194187448789 400.56569999999647 0.31
audio6-21 1 688.5713999999999 0.9
audio9-26 1 688.5713999999999 0.9
yolo1-25 1 57.969 0.99
yolo10-25 1 57.969 0.99
yolo10-26 1 57.969 0.99
yolo11-24 1 57.969 0.99
yolo2-22 1 57.969 0.99
yolo6-21 1 57.969 0.99
yolo6-23 1 57.969 0.99
yolo8-19 1 57.969 0.99
yolo9-19 1 57.969 0.99
audio7-edge-19 1 0.0527 0.9
Sum of bandwidth: 5053.767799999997
Sum of weights: 8.34
Average accuracy: 0.9568465227817744
time: 0.004492282867431641
**time: 27
========Allocate Done=============
audio11-21 1 688.5713999999999 0.9
audio4-21 1 688.5713999999999 0.9
audio4-24 1 688.5713999999999 0.9
audio5-24 0.5811194187448809 400.56569999999783 0.31
audio6-21 1 688.5713999999999 0.9
audio8-27 1 688.5713999999999 0.9
audio9-26 1 688.5713999999999 0.9
yolo1-25 1 57.969 0.99
yolo10-25 1 57.969 0.99
yolo10-26 1 57.969 0.99
yolo10-27 1 57.969 0.99
yolo11-24 1 57.969 0.99
yolo2-22 1 57.969 0.99
yolo6-21 1 57.969 0.99
yolo6-23 1 57.969 0.99
yolo9-19 1 57.969 0.99
audio7-edge-19 1 0.0527 0.9
Sum of bandwidth: 5053.767799999998
Sum of weights: 7.696
Average accuracy: 0.963989085239085
time: 0.157850980758667
**time: 28
========Allocate Done=============
audio4-21 1 688.5713999999999 0.9
audio4-24 1 688.5713999999999 0.9
audio4-28 1 688.5713999999999 0.9
audio6-21 1 688.5713999999999 0.9
audio8-27 1 688.5713999999999 0.9
audio9-26 1 688.5713999999999 0.9
yolo1-25 1 57.969 0.99
yolo10-25 1 57.969 0.99
yolo10-26 1 57.969 0.99
yolo10-27 1 57.969 0.99
yolo11-24 1 57.969 0.99
yolo2-22 1 57.969 0.99
yolo6-21 1 57.969 0.99
yolo6-23 1 57.969 0.99
yolo7-28 1 57.969 0.99
audio5-edge-24 1 0.0527 0.9
Sum of bandwidth: 4653.2021
Sum of weights: 6.129999999999999
Average accuracy: 0.9728075040783034
time: 0.0033826828002929688
**time: 29
========Allocate Done=============
audio4-21 1 688.5713999999999 0.9
audio4-24 0.9811194187448763 675.5898599999946 0.9
audio4-28 0.6 413.54724 0.32
audio6-29 1 688.5713999999999 0.9
audio8-27 1 688.5713999999999 0.9
audio9-26 1 688.5713999999999 0.9
audio9-29 1 688.5713999999999 0.9
yolo1-25 1 57.969 0.99
yolo10-25 1 57.969 0.99
yolo10-26 1 57.969 0.99
yolo10-27 1 57.969 0.99
yolo11-24 1 57.969 0.99
yolo2-22 1 57.969 0.99
yolo6-21 1 57.969 0.99
yolo6-23 1 57.969 0.99
yolo7-28 1 57.969 0.99
audio5-edge-24 0.4 0.0527 0.25
Sum of bandwidth: 5053.767799999994
Sum of weights: 6.212999999999999
Average accuracy: 0.968895863511991
time: 0.0038995742797851562
**time: 30
========Allocate Done=============
audio4-24 1 688.5713999999999 0.9
audio4-28 1 688.5713999999999 0.9
audio6-29 1 688.5713999999999 0.9
audio8-27 1 688.5713999999999 0.9
audio9-26 1 688.5713999999999 0.9
audio9-29 1 688.5713999999999 0.9
yolo1-25 1 57.969 0.99
yolo10-25 1 57.969 0.99
yolo10-26 1 57.969 0.99
yolo10-27 1 57.969 0.99
yolo11-24 1 57.969 0.99
yolo2-22 1 57.969 0.99
yolo6-21 1 57.969 0.99
yolo6-23 1 57.969 0.99
yolo7-28 1 57.969 0.99
audio5-edge-24 1 0.0527 0.9
audio6-edge-21 1 0.0527 0.9
Sum of bandwidth: 4653.254800000001
Sum of weights: 7.0809999999999995
Average accuracy: 0.9630292331591582
time: 0.005632877349853516
