num: 30 running time:30 bandwidth:5000
**time: 0
========Allocate Done=============
audio2-0 1 688.5713999999999 0.9
audio7-0 1 688.5713999999999 0.9
yolo9-0 1 57.969 0.99
Sum of bandwidth: 1435.1118
Sum of weights: 1.337
Average accuracy: 0.9497456993268513
time: 0.03333234786987305
**time: 1
========Allocate Done=============
audio2-0 1 688.5713999999999 0.9
audio7-0 1 688.5713999999999 0.9
yolo6-1 1 57.969 0.99
yolo9-0 1 57.969 0.99
Sum of bandwidth: 1493.0808
Sum of weights: 2.0949999999999998
Average accuracy: 0.964310262529833
time: 0.0012555122375488281
**time: 2
========Allocate Done=============
audio11-2 1 688.5713999999999 0.9
audio2-0 1 688.5713999999999 0.9
audio7-0 1 688.5713999999999 0.9
audio7-2 1 688.5713999999999 0.9
yolo3-2 1 57.969 0.99
yolo4-2 1 57.969 0.99
yolo6-1 1 57.969 0.99
yolo8-2 1 57.969 0.99
yolo9-0 1 57.969 0.99
Sum of bandwidth: 3044.1306
Sum of weights: 4.528
Average accuracy: 0.9572636925795053
time: 0.0015187263488769531
**time: 3
========Allocate Done=============
audio11-2 1 688.5713999999999 0.9
audio2-0 1 688.5713999999999 0.9
audio3-3 1 688.5713999999999 0.9
audio7-0 1 688.5713999999999 0.9
audio7-2 1 688.5713999999999 0.9
audio7-3 1 688.5713999999999 0.9
yolo2-3 1 57.969 0.99
yolo3-2 1 57.969 0.99
yolo4-2 1 57.969 0.99
yolo6-1 1 57.969 0.99
yolo8-2 1 57.969 0.99
yolo8-3 1 57.969 0.99
yolo9-0 1 57.969 0.99
Sum of bandwidth: 4537.2114
Sum of weights: 6.692999999999999
Average accuracy: 0.9567996414164054
time: 0.11704444885253906
**time: 4
========Allocate Done=============
audio11-2 1 688.5713999999999 0.9
audio11-4 1 688.5713999999999 0.9
audio2-0 1 688.5713999999999 0.9
audio3-3 1 688.5713999999999 0.9
audio5-4 1 688.5713999999999 0.9
audio7-0 0.6 413.54724 0.32
audio7-2 0.6 413.54724 0.32
audio7-3 0.5309699627843608 366.08492000000024 0.3
yolo2-3 1 57.969 0.99
yolo3-2 1 57.969 0.99
yolo4-2 1 57.969 0.99
yolo6-1 1 57.969 0.99
yolo8-2 1 57.969 0.99
yolo8-3 1 57.969 0.99
yolo9-0 1 57.969 0.99
Sum of bandwidth: 5041.8194
Sum of weights: 8.001
Average accuracy: 0.931456067991501
time: 0.31726765632629395
**time: 5
========Allocate Done=============
audio11-2 1 688.5713999999999 0.9
audio11-4 1 688.5713999999999 0.9
audio2-0 1 688.5713999999999 0.9
audio3-3 1 688.5713999999999 0.9
audio5-4 1 688.5713999999999 0.9
audio7-0 0.6 413.54724 0.32
audio7-2 0.6 413.54724 0.32
audio7-3 0.5309699627843608 366.08492000000024 0.3
yolo2-3 1 57.969 0.99
yolo3-2 1 57.969 0.99
yolo4-2 1 57.969 0.99
yolo6-1 1 57.969 0.99
yolo8-2 1 57.969 0.99
yolo8-3 1 57.969 0.99
yolo9-0 1 57.969 0.99
Sum of bandwidth: 5041.8194
Sum of weights: 8.001
Average accuracy: 0.931456067991501
time: 0.006589174270629883
**time: 6
========Allocate Done=============
audio11-4 1 688.5713999999999 0.9
audio12-6 1 688.5713999999999 0.9
audio2-0 0.9767848177411038 672.6095600000003 0.9
audio2-6 0.6 413.54724 0.32
audio3-3 1 688.5713999999999 0.9
audio5-4 0.4 276.03516 0.25
audio7-0 0.4 276.03516 0.25
audio7-2 0.4 276.03516 0.25
audio7-3 0.4 276.03516 0.25
audio8-5 0.4 276.03516 0.25
yolo1-5 1 57.969 0.99
yolo10-5 1 57.969 0.99
yolo2-3 1 57.969 0.99
yolo3-2 1 57.969 0.99
yolo4-2 1 57.969 0.99
yolo6-1 1 57.969 0.99
yolo8-2 1 57.969 0.99
yolo8-3 1 57.969 0.99
yolo9-0 1 57.969 0.99
Sum of bandwidth: 5053.7678000000005
Sum of weights: 10.484000000000002
Average accuracy: 0.8616301030141166
time: 0.4378178119659424
**time: 7
========Allocate Done=============
audio11-4 1 688.5713999999999 0.9
audio12-6 1 688.5713999999999 0.9
audio2-0 0.8255405052414312 568.6199600000004 0.67
audio2-6 0.6 413.54724 0.32
audio3-3 1 688.5713999999999 0.9
audio5-4 0.4 276.03516 0.25
audio7-0 0.4 276.03516 0.25
audio7-2 0.4 276.03516 0.25
audio7-3 0.4 276.03516 0.25
audio8-5 0.4 276.03516 0.25
yolo1-5 1 57.969 0.99
yolo1-7 1 57.969 0.99
yolo10-5 1 57.969 0.99
yolo10-7 1 57.969 0.99
yolo2-3 1 57.969 0.99
yolo3-2 1 57.969 0.99
yolo4-2 1 57.969 0.99
yolo6-1 1 57.969 0.99
yolo8-2 1 57.969 0.99
yolo8-3 1 57.969 0.99
yolo9-0 1 57.969 0.99
Sum of bandwidth: 5065.716200000001
Sum of weights: 12.042000000000002
Average accuracy: 0.8682112605879423
time: 0.3425266742706299
**time: 8
========Allocate Done=============
audio11-4 0.9952809964041004 685.3268000000018 0.9
audio12-6 0.6 413.54724 0.32
audio2-0 0.4 276.03516 0.25
audio2-6 0.4 276.03516 0.25
audio3-8 0.4 276.03516 0.25
audio4-8 0.4 276.03516 0.25
audio5-4 0.4 276.03516 0.25
audio5-8 0.4 276.03516 0.25
audio7-0 0.4 276.03516 0.25
audio7-2 0.4 276.03516 0.25
audio7-3 0.4 276.03516 0.25
audio7-8 0.4 276.03516 0.25
audio8-5 0.4 276.03516 0.25
audio9-8 0.5 344.7912 0.3
yolo1-5 1 57.969 0.99
yolo1-7 1 57.969 0.99
yolo10-5 1 57.969 0.99
yolo10-7 1 57.969 0.99
yolo2-3 1 57.969 0.99
yolo3-2 1 57.969 0.99
yolo4-2 1 57.969 0.99
yolo6-1 1 57.969 0.99
yolo8-3 1 57.969 0.99
yolo9-0 1 57.969 0.99
Sum of bandwidth: 5059.742000000001
Sum of weights: 13.345000000000002
Average accuracy: 0.6719640314724614
time: 0.24895048141479492
**time: 9
========Allocate Done=============
audio11-4 0.5647182123926867 389.28888000000063 0.31
audio12-6 0.5 344.7912 0.3
audio2-6 0.4 276.03516 0.25
audio2-9 0.4 276.03516 0.25
audio3-8 0.4 276.03516 0.25
audio4-8 0.4 276.03516 0.25
audio5-4 0.4 276.03516 0.25
audio5-8 0.4 276.03516 0.25
audio6-9 0.4 276.03516 0.25
audio7-0 0.4 276.03516 0.25
audio7-2 0.4 276.03516 0.25
audio7-3 0.4 276.03516 0.25
audio7-8 0.4 276.03516 0.25
audio8-5 0.4 276.03516 0.25
audio9-8 0.5 344.7912 0.3
yolo1-5 1 57.969 0.99
yolo1-7 1 57.969 0.99
yolo10-5 1 57.969 0.99
yolo10-7 1 57.969 0.99
yolo11-9 1 57.969 0.99
yolo2-3 1 57.969 0.99
yolo3-2 1 57.969 0.99
yolo4-9 1 57.969 0.99
yolo6-1 1 57.969 0.99
yolo7-9 0.71 42.7382 0.955
yolo8-3 1 57.969 0.99
yolo9-0 1 57.969 0.99
Sum of bandwidth: 5071.6904
Sum of weights: 14.603000000000003
Average accuracy: 0.6358155858385262
time: 0.004678964614868164
**time: 10
========Allocate Done=============
audio11-4 0.7904131767914508 544.4678000000006 0.57
audio12-6 0.6 413.54724 0.32
audio2-6 0.4 276.03516 0.25
audio2-9 0.4 276.03516 0.25
audio3-8 0.4 276.03516 0.25
audio4-8 0.4 276.03516 0.25
audio5-4 0.4 276.03516 0.25
audio5-8 0.4 276.03516 0.25
audio6-9 0.4 276.03516 0.25
audio7-0 0.4 276.03516 0.25
audio7-3 0.4 276.03516 0.25
audio7-8 0.4 276.03516 0.25
audio8-5 0.4 276.03516 0.25
audio9-8 0.5 344.7912 0.3
yolo1-7 1 57.969 0.99
yolo10-5 1 57.969 0.99
yolo10-7 1 57.969 0.99
yolo11-9 1 57.969 0.99
yolo12-10 1 57.969 0.99
yolo2-3 1 57.969 0.99
yolo3-2 1 57.969 0.99
yolo4-10 1 57.969 0.99
yolo4-9 1 57.969 0.99
yolo6-1 1 57.969 0.99
yolo7-9 0.71 42.7382 0.955
yolo8-3 1 57.969 0.99
yolo9-0 1 57.969 0.99
audio11-edge-2 0.6 0.0527 0.32
audio11-edge-4 0.6 0.0527 0.32
Sum of bandwidth: 5077.6646
Sum of weights: 16.832
Average accuracy: 0.6244644130228135
time: 0.302687406539917
**time: 11
========Allocate Done=============
audio1-11 1 688.5713999999999 0.9
audio12-6 0.9197682705403055 633.4072400000006 0.84
audio2-9 0.4 276.03516 0.25
audio3-11 0.4 276.03516 0.25
audio3-8 0.4 276.03516 0.25
audio4-8 0.4 276.03516 0.25
audio5-4 0.4 276.03516 0.25
audio5-8 0.4 276.03516 0.25
audio6-9 0.4 276.03516 0.25
audio7-11 0.4 276.03516 0.25
audio7-3 0.4 276.03516 0.25
audio7-8 0.4 276.03516 0.25
audio8-5 0.4 276.03516 0.25
audio9-8 0.5 344.7912 0.3
yolo11-9 1 57.969 0.99
yolo12-10 1 57.969 0.99
yolo3-2 1 57.969 0.99
yolo4-10 1 57.969 0.99
yolo4-9 1 57.969 0.99
yolo7-9 0.71 42.7382 0.955
audio11-edge-2 0.6 0.0527 0.32
audio11-edge-4 0.6 0.0527 0.32
Sum of bandwidth: 5035.8452
Sum of weights: 11.879000000000001
Average accuracy: 0.5279362740971462
time: 0.2869441509246826
**time: 12
========Allocate Done=============
audio1-11 0.5 344.7912 0.3
audio11-12 0.5 344.7912 0.3
audio12-6 0.5 344.7912 0.3
audio2-12 0.4 276.03516 0.25
audio2-9 0.4 276.03516 0.25
audio3-11 0.4 276.03516 0.25
audio3-8 0.4 276.03516 0.25
audio4-8 0.4 276.03516 0.25
audio5-4 0.4 276.03516 0.25
audio5-8 0.4 276.03516 0.25
audio6-9 0.4 276.03516 0.25
audio7-11 0.4 276.03516 0.25
audio7-3 0.4 276.03516 0.25
audio7-8 0.4 276.03516 0.25
audio8-5 0.4 276.03516 0.25
audio9-8 0.40301227353989644 278.1062800000006 0.25
yolo11-9 1 57.969 0.99
yolo12-10 1 57.969 0.99
yolo3-2 1 57.969 0.99
yolo4-10 1 57.969 0.99
yolo4-9 1 57.969 0.99
yolo5-12 1 57.969 0.99
yolo7-12 0.61 37.4862 0.93
yolo7-9 0.61 37.4862 0.93
audio11-edge-2 0.5 0.0527 0.3
audio11-edge-4 0.5 0.0527 0.3
Sum of bandwidth: 5047.793600000001
Sum of weights: 14.015999999999998
Average accuracy: 0.43688498858447494
time: 0.05728507041931152
**time: 13
========Allocate Done=============
audio1-11 0.6 413.54724 0.32
audio11-12 0.5892821343404889 406.1780600000003 0.31
audio12-6 0.5 344.7912 0.3
audio2-12 0.4 276.03516 0.25
audio2-9 0.4 276.03516 0.25
audio3-11 0.4 276.03516 0.25
audio4-8 0.4 276.03516 0.25
audio5-8 0.4 276.03516 0.25
audio6-9 0.4 276.03516 0.25
audio7-11 0.4 276.03516 0.25
audio7-3 0.4 276.03516 0.25
audio7-8 0.4 276.03516 0.25
audio8-5 0.4 276.03516 0.25
audio9-13 0.5 344.7912 0.3
audio9-8 0.5 344.7912 0.3
yolo11-13 1 57.969 0.99
yolo11-9 1 57.969 0.99
yolo3-2 1 57.969 0.99
yolo4-10 1 57.969 0.99
yolo4-9 1 57.969 0.99
yolo5-12 1 57.969 0.99
yolo7-12 0.71 42.7382 0.955
yolo7-9 0.71 42.7382 0.955
audio11-edge-4 0.5 0.0527 0.3
Sum of bandwidth: 5047.793599999999
Sum of weights: 12.906000000000002
Average accuracy: 0.45890361072369434
time: 0.2919352054595947
**time: 14
========Allocate Done=============
audio1-11 0.5 344.7912 0.3
audio11-12 0.5 344.7912 0.3
audio12-14 0.5 344.7912 0.3
audio12-6 0.40293562572830044 278.0535800000005 0.25
audio2-12 0.4 276.03516 0.25
audio2-9 0.4 276.03516 0.25
audio3-11 0.4 276.03516 0.25
audio4-8 0.4 276.03516 0.25
audio6-9 0.4 276.03516 0.25
audio7-11 0.4 276.03516 0.25
audio7-3 0.4 276.03516 0.25
audio7-8 0.4 276.03516 0.25
audio8-14 0.4 276.03516 0.25
audio8-5 0.4 276.03516 0.25
audio9-13 0.4 276.03516 0.25
audio9-8 0.4 276.03516 0.25
yolo11-13 1 57.969 0.99
yolo11-9 1 57.969 0.99
yolo4-10 1 57.969 0.99
yolo4-9 1 57.969 0.99
yolo5-12 1 57.969 0.99
yolo7-12 0.61 37.4862 0.93
yolo7-9 0.61 37.4862 0.93
yolo9-14 1 57.969 0.99
audio11-edge-8 0.4 0.0527 0.25
audio7-edge-3 0.4 0.0527 0.25
audio7-edge-8 0.4 0.0527 0.25
Sum of bandwidth: 5047.793600000002
Sum of weights: 14.545000000000005
Average accuracy: 0.44622138191818483
time: 0.3612959384918213
**time: 15
========Allocate Done=============
audio1-11 0.5891288387172976 406.0726600000006 0.31
audio11-12 0.5 344.7912 0.3
audio12-14 0.5 344.7912 0.3
audio12-6 0.5 344.7912 0.3
audio2-12 0.4 276.03516 0.25
audio2-9 0.4 276.03516 0.25
audio3-11 0.4 276.03516 0.25
audio4-8 0.4 276.03516 0.25
audio6-9 0.4 276.03516 0.25
audio7-11 0.4 276.03516 0.25
audio7-8 0.4 276.03516 0.25
audio8-14 0.4 276.03516 0.25
audio8-5 0.4 276.03516 0.25
audio9-13 0.5 344.7912 0.3
audio9-8 0.5 344.7912 0.3
yolo11-13 1 57.969 0.99
yolo3-15 1 57.969 0.99
yolo4-10 1 57.969 0.99
yolo4-9 1 57.969 0.99
yolo5-12 1 57.969 0.99
yolo7-12 0.71 42.7382 0.955
yolo7-9 0.71 42.7382 0.955
yolo9-14 1 57.969 0.99
audio11-edge-8 0.5 0.0527 0.3
audio7-edge-3 0.4 0.0527 0.25
audio7-edge-8 0.4 0.0527 0.25
Sum of bandwidth: 5047.7936
Sum of weights: 13.983000000000004
Average accuracy: 0.4427905313595079
time: 0.0034973621368408203
**time: 16
========Allocate Done=============
audio1-11 1 688.5713999999999 0.9
audio1-16 1 688.5713999999999 0.9
audio12-14 1 688.5713999999999 0.9
audio2-12 0.6 413.54724 0.32
audio2-9 0.5278758346175845 363.9575200000002 0.3
audio6-9 0.4 276.03516 0.25
audio7-11 0.4 276.03516 0.25
audio8-14 0.4 276.03516 0.25
audio8-5 0.4 276.03516 0.25
audio9-13 1 688.5713999999999 0.9
yolo11-13 1 57.969 0.99
yolo3-15 1 57.969 0.99
yolo4-10 1 57.969 0.99
yolo5-16 1 57.969 0.99
yolo7-12 1 57.969 0.99
yolo7-9 1 57.969 0.99
yolo9-14 1 57.969 0.99
audio11-edge-8 1 0.0527 0.9
audio7-edge-8 0.4 0.0527 0.25
Sum of bandwidth: 5041.8194
Sum of weights: 10.120000000000005
Average accuracy: 0.7743725296442684
time: 0.0455629825592041
**time: 17
========Allocate Done=============
audio1-11 1 688.5713999999999 0.9
audio1-16 1 688.5713999999999 0.9
audio12-14 1 688.5713999999999 0.9
audio2-12 0.6034213430558248 415.89962000000014 0.32
audio2-9 0.6 413.54724 0.32
audio6-17 0.4 276.03516 0.25
audio6-9 0.4 276.03516 0.25
audio7-11 0.4 276.03516 0.25
audio8-17 0.4 276.03516 0.25
audio9-13 1 688.5713999999999 0.9
yolo11-13 1 57.969 0.99
yolo4-10 1 57.969 0.99
yolo5-16 1 57.969 0.99
yolo7-12 1 57.969 0.99
yolo8-17 1 57.969 0.99
yolo9-14 1 57.969 0.99
audio11-edge-8 1 0.0527 0.9
audio7-edge-11 0.4 0.0527 0.25
audio7-edge-8 0.4 0.0527 0.25
Sum of bandwidth: 5035.845200000001
Sum of weights: 10.664000000000001
Average accuracy: 0.7779604276069016
time: 0.0031304359436035156
**time: 18
========Allocate Done=============
audio1-16 1 688.5713999999999 0.9
audio10-18 1 688.5713999999999 0.9
audio12-14 1 688.5713999999999 0.9
audio2-12 0.4 276.03516 0.25
audio2-9 0.4 276.03516 0.25
audio6-17 0.4 276.03516 0.25
audio6-9 0.4 276.03516 0.25
audio8-17 0.4 276.03516 0.25
audio9-13 1 688.5713999999999 0.9
audio9-18 0.7499511315660408 516.6476999999995 0.42
yolo1-18 1 57.969 0.99
yolo3-18 1 57.969 0.99
yolo4-10 1 57.969 0.99
yolo5-16 1 57.969 0.99
yolo7-12 0.71 42.7382 0.955
yolo8-17 1 57.969 0.99
yolo9-14 1 57.969 0.99
audio11-edge-8 1 0.0527 0.9
audio7-edge-11 0.4 0.0527 0.25
audio7-edge-8 0.4 0.0527 0.25
Sum of bandwidth: 5041.819399999999
Sum of weights: 11.828000000000003
Average accuracy: 0.7514520629015892
time: 0.03905630111694336
**time: 19
========Allocate Done=============
audio1-16 1 688.5713999999999 0.9
audio10-18 0.7155059540950884 492.96456000000063 0.36
audio12-14 0.6 413.54724 0.32
audio12-19 0.6 413.54724 0.32
audio2-12 0.4 276.03516 0.25
audio2-9 0.4 276.03516 0.25
audio5-19 0.4 276.03516 0.25
audio6-17 0.4 276.03516 0.25
audio6-9 0.4 276.03516 0.25
audio8-17 0.4 276.03516 0.25
audio9-13 0.5 344.7912 0.3
audio9-18 0.5 344.7912 0.3
yolo1-18 1 57.969 0.99
yolo10-19 1 57.969 0.99
yolo12-19 1 57.969 0.99
yolo3-18 1 57.969 0.99
yolo4-10 1 57.969 0.99
yolo4-19 1 57.969 0.99
yolo5-16 1 57.969 0.99
yolo6-19 1 57.969 0.99
yolo7-12 0.71 42.7382 0.955
yolo7-19 0.71 42.7382 0.955
yolo8-17 1 57.969 0.99
yolo9-14 1 57.969 0.99
yolo9-19 1 57.969 0.99
audio11-edge-8 0.6 0.0527 0.32
audio7-edge-11 0.4 0.0527 0.25
Sum of bandwidth: 5077.6646
Sum of weights: 16.499000000000002
Average accuracy: 0.6257809564216011
time: 0.010267972946166992
**time: 20
========Allocate Done=============
audio10-18 1 688.5713999999999 0.9
audio12-14 1 688.5713999999999 0.9
audio12-19 1 688.5713999999999 0.9
audio5-19 0.4 276.03516 0.25
audio5-20 0.4 276.03516 0.25
audio6-17 0.4 276.03516 0.25
audio8-17 0.4 276.03516 0.25
audio9-13 1 688.5713999999999 0.9
audio9-18 0.6442950466606283 444.00276000000025 0.34
yolo1-18 1 57.969 0.99
yolo10-19 1 57.969 0.99
yolo10-20 1 57.969 0.99
yolo12-19 1 57.969 0.99
yolo3-18 1 57.969 0.99
yolo4-10 1 57.969 0.99
yolo4-19 1 57.969 0.99
yolo5-16 1 57.969 0.99
yolo6-19 1 57.969 0.99
yolo7-12 0.71 42.7382 0.955
yolo7-19 0.71 42.7382 0.955
yolo8-17 1 57.969 0.99
yolo9-14 1 57.969 0.99
yolo9-19 1 57.969 0.99
audio11-edge-8 1 0.0527 0.9
audio7-edge-11 0.4 0.0527 0.25
Sum of bandwidth: 5083.6388
Sum of weights: 15.136000000000003
Average accuracy: 0.8428534619450316
time: 0.6485185623168945
**time: 21
========Allocate Done=============
audio1-21 0.8398837978452522 578.4818400000007 0.67
audio10-18 0.6 413.54724 0.32
audio10-21 0.6 413.54724 0.32
audio12-14 0.6 413.54724 0.32
audio12-19 0.6 413.54724 0.32
audio5-19 0.4 276.03516 0.25
audio5-20 0.4 276.03516 0.25
audio6-17 0.4 276.03516 0.25
audio8-17 0.4 276.03516 0.25
audio8-21 0.4 276.03516 0.25
audio9-13 0.5 344.7912 0.3
audio9-18 0.5 344.7912 0.3
yolo1-18 1 57.969 0.99
yolo10-19 1 57.969 0.99
yolo10-20 1 57.969 0.99
yolo12-19 1 57.969 0.99
yolo3-18 1 57.969 0.99
yolo4-10 1 57.969 0.99
yolo4-19 1 57.969 0.99
yolo5-16 1 57.969 0.99
yolo6-19 1 57.969 0.99
yolo7-12 0.71 42.7382 0.955
yolo7-19 0.71 42.7382 0.955
yolo8-17 1 57.969 0.99
yolo9-14 1 57.969 0.99
yolo9-19 1 57.969 0.99
audio11-edge-8 0.6 0.0527 0.32
audio7-edge-11 0.4 0.0527 0.25
Sum of bandwidth: 5083.638800000001
Sum of weights: 17.488
Average accuracy: 0.626330626715462
time: 0.01009988784790039
**time: 22
========Allocate Done=============
audio1-21 0.613017329095744 422.4974400000014 0.32
audio10-18 0.6 413.54724 0.32
audio10-21 0.6 413.54724 0.32
audio12-14 0.6 413.54724 0.32
audio12-19 0.6 413.54724 0.32
audio2-22 0.4 276.03516 0.25
audio5-19 0.4 276.03516 0.25
audio5-20 0.4 276.03516 0.25
audio6-17 0.4 276.03516 0.25
audio8-21 0.4 276.03516 0.25
audio9-13 0.5 344.7912 0.3
audio9-18 0.5 344.7912 0.3
yolo1-18 1 57.969 0.99
yolo1-22 1 57.969 0.99
yolo10-19 1 57.969 0.99
yolo10-20 1 57.969 0.99
yolo12-19 1 57.969 0.99
yolo2-22 1 57.969 0.99
yolo3-18 1 57.969 0.99
yolo3-22 1 57.969 0.99
yolo4-19 1 57.969 0.99
yolo5-16 1 57.969 0.99
yolo6-19 1 57.969 0.99
yolo6-22 1 57.969 0.99
yolo7-12 0.71 42.7382 0.955
yolo7-19 0.71 42.7382 0.955
yolo8-17 1 57.969 0.99
yolo9-14 1 57.969 0.99
yolo9-19 1 57.969 0.99
audio11-edge-8 0.6 0.0527 0.32
audio7-edge-11 0.4 0.0527 0.25
Sum of bandwidth: 5101.561400000001
Sum of weights: 19.688999999999997
Average accuracy: 0.6449367667225355
time: 0.3397338390350342
**time: 23
========Allocate Done=============
audio1-21 1 688.5713999999999 0.9
audio10-18 0.6647138491396536 458.0419199999999 0.34
audio10-21 0.6 413.54724 0.32
audio12-14 0.6 413.54724 0.32
audio12-19 0.6 413.54724 0.32
audio12-23 0.6 413.54724 0.32
audio2-22 0.4 276.03516 0.25
audio8-21 0.4 276.03516 0.25
audio9-18 0.5 344.7912 0.3
audio9-23 0.5 344.7912 0.3
yolo1-18 1 57.969 0.99
yolo1-22 1 57.969 0.99
yolo10-19 1 57.969 0.99
yolo10-20 1 57.969 0.99
yolo11-23 1 57.969 0.99
yolo12-23 1 57.969 0.99
yolo2-22 1 57.969 0.99
yolo3-18 1 57.969 0.99
yolo3-22 1 57.969 0.99
yolo4-19 1 57.969 0.99
yolo4-23 1 57.969 0.99
yolo5-16 1 57.969 0.99
yolo6-19 1 57.969 0.99
yolo6-22 1 57.969 0.99
yolo7-12 0.71 42.7382 0.955
yolo7-19 0.71 42.7382 0.955
yolo8-17 1 57.969 0.99
yolo9-14 1 57.969 0.99
yolo9-19 1 57.969 0.99
audio11-edge-8 0.6 0.0527 0.32
audio5-edge-19 0.4 0.0527 0.25
Sum of bandwidth: 5113.5098
Sum of weights: 20.940999999999995
Average accuracy: 0.6924473520844281
time: 0.07365179061889648
**time: 24
========Allocate Done=============
audio1-21 0.6 413.54724 0.32
audio10-18 0.5396210718360178 372.0330800000011 0.3
audio10-21 0.5 344.7912 0.3
audio11-24 0.5 344.7912 0.3
audio12-14 0.5 344.7912 0.3
audio12-19 0.5 344.7912 0.3
audio12-23 0.5 344.7912 0.3
audio2-22 0.4 276.03516 0.25
audio3-24 0.4 276.03516 0.25
audio8-21 0.4 276.03516 0.25
audio9-18 0.5 344.7912 0.3
audio9-23 0.5 344.7912 0.3
yolo1-18 1 57.969 0.99
yolo1-22 1 57.969 0.99
yolo10-19 1 57.969 0.99
yolo10-20 1 57.969 0.99
yolo11-23 1 57.969 0.99
yolo12-23 1 57.969 0.99
yolo2-22 1 57.969 0.99
yolo3-18 1 57.969 0.99
yolo3-22 1 57.969 0.99
yolo4-19 1 57.969 0.99
yolo4-23 1 57.969 0.99
yolo4-24 1 57.969 0.99
yolo5-16 1 57.969 0.99
yolo6-19 1 57.969 0.99
yolo6-22 1 57.969 0.99
yolo7-19 0.71 42.7382 0.955
yolo8-17 1 57.969 0.99
yolo9-14 1 57.969 0.99
yolo9-19 1 57.969 0.99
audio11-edge-8 0.5 0.0527 0.3
audio5-edge-19 0.4 0.0527 0.25
Sum of bandwidth: 5113.5098000000025
Sum of weights: 22.985
Average accuracy: 0.6349691102893193
time: 0.436722993850708
**time: 25
========Allocate Done=============
audio1-21 0.5 344.7912 0.3
audio10-21 0.5 344.7912 0.3
audio11-24 0.5 344.7912 0.3
audio12-14 0.5 344.7912 0.3
audio12-19 0.5 344.7912 0.3
audio12-23 0.5 344.7912 0.3
audio2-22 0.4 276.03516 0.25
audio3-24 0.4 276.03516 0.25
audio3-25 0.4 276.03516 0.25
audio7-25 0.4 276.03516 0.25
audio8-21 0.4 276.03516 0.25
audio9-18 0.47565645141866986 328.0535400000012 0.27
audio9-23 0.4 276.03516 0.25
yolo1-18 1 57.969 0.99
yolo1-22 1 57.969 0.99
yolo10-20 1 57.969 0.99
yolo11-23 1 57.969 0.99
yolo12-23 1 57.969 0.99
yolo2-22 1 57.969 0.99
yolo3-18 1 57.969 0.99
yolo3-22 1 57.969 0.99
yolo4-19 1 57.969 0.99
yolo4-23 1 57.969 0.99
yolo4-24 1 57.969 0.99
yolo5-16 1 57.969 0.99
yolo6-19 1 57.969 0.99
yolo6-22 1 57.969 0.99
yolo7-19 0.61 37.4862 0.93
yolo7-25 0.61 37.4862 0.93
yolo8-25 1 57.969 0.99
yolo9-14 1 57.969 0.99
yolo9-19 1 57.969 0.99
audio11-edge-8 0.5 0.0527 0.3
Sum of bandwidth: 5113.5098000000025
Sum of weights: 21.750999999999994
Average accuracy: 0.6246163394786448
time: 0.007930994033813477
**time: 26
========Allocate Done=============
audio1-21 0.6 413.54724 0.32
audio10-21 0.587245716885384 404.77790000000135 0.31
audio11-24 0.5 344.7912 0.3
audio11-26 0.5 344.7912 0.3
audio12-23 0.5 344.7912 0.3
audio2-22 0.4 276.03516 0.25
audio2-26 0.4 276.03516 0.25
audio3-24 0.4 276.03516 0.25
audio3-25 0.4 276.03516 0.25
audio7-25 0.4 276.03516 0.25
audio8-21 0.4 276.03516 0.25
audio9-18 0.5 344.7912 0.3
audio9-23 0.5 344.7912 0.3
yolo1-22 1 57.969 0.99
yolo10-20 1 57.969 0.99
yolo10-26 1 57.969 0.99
yolo11-23 1 57.969 0.99
yolo12-23 1 57.969 0.99
yolo2-22 1 57.969 0.99
yolo3-22 1 57.969 0.99
yolo4-19 1 57.969 0.99
yolo4-23 1 57.969 0.99
yolo4-24 1 57.969 0.99
yolo5-16 1 57.969 0.99
yolo6-22 1 57.969 0.99
yolo7-19 0.71 42.7382 0.955
yolo7-25 0.71 42.7382 0.955
yolo8-25 1 57.969 0.99
yolo9-27 1 57.969 0.99
audio11-edge-8 0.5 0.0527 0.3
Sum of bandwidth: 5095.587200000002
Sum of weights: 19.512999999999995
Average accuracy: 0.6027745605493775
time: 0.6798698902130127
**time: 27
========Allocate Done=============
audio1-21 0.6 413.54724 0.32
audio10-21 0.587245716885384 404.77790000000135 0.31
audio11-24 0.5 344.7912 0.3
audio11-26 0.5 344.7912 0.3
audio12-23 0.5 344.7912 0.3
audio2-22 0.4 276.03516 0.25
audio2-26 0.4 276.03516 0.25
audio3-24 0.4 276.03516 0.25
audio3-25 0.4 276.03516 0.25
audio7-25 0.4 276.03516 0.25
audio8-21 0.4 276.03516 0.25
audio9-18 0.5 344.7912 0.3
audio9-23 0.5 344.7912 0.3
yolo1-22 1 57.969 0.99
yolo10-20 1 57.969 0.99
yolo10-26 1 57.969 0.99
yolo11-23 1 57.969 0.99
yolo12-23 1 57.969 0.99
yolo2-22 1 57.969 0.99
yolo3-22 1 57.969 0.99
yolo4-19 1 57.969 0.99
yolo4-23 1 57.969 0.99
yolo4-24 1 57.969 0.99
yolo5-16 1 57.969 0.99
yolo6-22 1 57.969 0.99
yolo7-19 0.71 42.7382 0.955
yolo7-25 0.71 42.7382 0.955
yolo8-25 1 57.969 0.99
yolo9-27 1 57.969 0.99
audio11-edge-8 0.5 0.0527 0.3
Sum of bandwidth: 5095.587200000002
Sum of weights: 19.512999999999995
Average accuracy: 0.6027745605493775
time: 0.012645959854125977
**time: 28
========Allocate Done=============
audio1-21 0.5 344.7912 0.3
audio10-21 0.5 344.7912 0.3
audio11-24 0.4741860351468768 327.04254000000066 0.27
audio11-26 0.4 276.03516 0.25
audio12-23 0.4 276.03516 0.25
audio2-22 0.4 276.03516 0.25
audio2-26 0.4 276.03516 0.25
audio3-24 0.4 276.03516 0.25
audio3-25 0.4 276.03516 0.25
audio7-25 0.4 276.03516 0.25
audio8-21 0.4 276.03516 0.25
audio9-18 0.4 276.03516 0.25
audio9-23 0.4 276.03516 0.25
audio9-28 0.4 276.03516 0.25
yolo1-22 1 57.969 0.99
yolo10-26 1 57.969 0.99
yolo11-23 1 57.969 0.99
yolo11-28 1 57.969 0.99
yolo12-23 1 57.969 0.99
yolo2-22 1 57.969 0.99
yolo3-22 1 57.969 0.99
yolo3-28 1 57.969 0.99
yolo4-19 1 57.969 0.99
yolo4-23 1 57.969 0.99
yolo4-24 1 57.969 0.99
yolo4-28 1 57.969 0.99
yolo5-16 1 57.969 0.99
yolo5-28 1 57.969 0.99
yolo6-22 1 57.969 0.99
yolo7-19 0.61 37.4862 0.93
yolo7-25 0.61 37.4862 0.93
yolo8-25 1 57.969 0.99
yolo9-27 1 57.969 0.99
audio11-edge-8 0.4 0.0527 0.25
Sum of bandwidth: 5113.509800000001
Sum of weights: 21.705
Average accuracy: 0.5957166551485833
time: 0.12552690505981445
**time: 29
========Allocate Done=============
audio1-21 0.5 344.7912 0.3
audio10-21 0.5 344.7912 0.3
audio11-24 0.47418603514687746 327.0425400000011 0.27
audio11-26 0.4 276.03516 0.25
audio12-23 0.4 276.03516 0.25
audio2-22 0.4 276.03516 0.25
audio3-24 0.4 276.03516 0.25
audio3-25 0.4 276.03516 0.25
audio5-29 0.4 276.03516 0.25
audio7-25 0.4 276.03516 0.25
audio8-21 0.4 276.03516 0.25
audio9-18 0.4 276.03516 0.25
audio9-23 0.4 276.03516 0.25
audio9-28 0.4 276.03516 0.25
yolo10-26 1 57.969 0.99
yolo11-23 1 57.969 0.99
yolo11-28 1 57.969 0.99
yolo12-23 1 57.969 0.99
yolo2-22 1 57.969 0.99
yolo3-22 1 57.969 0.99
yolo3-28 1 57.969 0.99
yolo3-29 1 57.969 0.99
yolo4-19 1 57.969 0.99
yolo4-23 1 57.969 0.99
yolo4-24 1 57.969 0.99
yolo4-28 1 57.969 0.99
yolo5-16 1 57.969 0.99
yolo5-28 1 57.969 0.99
yolo6-22 1 57.969 0.99
yolo7-19 0.61 37.4862 0.93
yolo7-25 0.61 37.4862 0.93
yolo8-25 1 57.969 0.99
yolo9-27 1 57.969 0.99
audio11-edge-8 0.4 0.0527 0.25
Sum of bandwidth: 5113.509800000002
Sum of weights: 21.022999999999993
Average accuracy: 0.5897193549921516
time: 0.2734215259552002
**time: 30
========Allocate Done=============
audio1-21 0.6 413.54724 0.32
audio10-21 0.6 413.54724 0.32
audio11-24 0.6 413.54724 0.32
audio11-26 0.561849664407667 387.3165800000013 0.31
audio2-22 0.4 276.03516 0.25
audio3-24 0.4 276.03516 0.25
audio5-29 0.4 276.03516 0.25
audio7-25 0.4 276.03516 0.25
audio8-21 0.4 276.03516 0.25
audio9-18 0.5 344.7912 0.3
audio9-23 0.5 344.7912 0.3
audio9-28 0.5 344.7912 0.3
yolo10-26 1 57.969 0.99
yolo11-23 1 57.969 0.99
yolo11-28 1 57.969 0.99
yolo12-23 1 57.969 0.99
yolo2-22 1 57.969 0.99
yolo3-22 1 57.969 0.99
yolo3-28 1 57.969 0.99
yolo3-29 1 57.969 0.99
yolo4-19 1 57.969 0.99
yolo4-23 1 57.969 0.99
yolo4-24 1 57.969 0.99
yolo4-28 1 57.969 0.99
yolo5-16 1 57.969 0.99
yolo5-28 1 57.969 0.99
yolo6-22 1 57.969 0.99
yolo7-19 0.71 42.7382 0.955
yolo7-25 0.71 42.7382 0.955
yolo8-25 1 57.969 0.99
yolo9-27 1 57.969 0.99
audio11-edge-8 0.5 0.0527 0.3
Sum of bandwidth: 5113.509800000002
Sum of weights: 19.29799999999999
Average accuracy: 0.6376422427194531
time: 2.159464120864868
