num: 30 running time:30 bandwidth:5000
**time: 0
========Allocate Done=============
audio1-0 1 688.5713999999999 0.9
audio2-0 1 688.5713999999999 0.9
audio3-0 1 688.5713999999999 0.9
audio6-0 1 688.5713999999999 0.9
audio9-0 1 688.5713999999999 0.9
yolo10-0 1 57.969 0.99
yolo2-0 1 57.969 0.99
yolo7-0 1 57.969 0.99
Sum of bandwidth: 3616.7639999999997
Sum of weights: 3.249
Average accuracy: 0.9539058171745152
time: 0.26555728912353516
**time: 1
========Allocate Done=============
audio1-0 1 688.5713999999999 0.9
audio2-0 1 688.5713999999999 0.9
audio3-0 1 688.5713999999999 0.9
audio3-1 1 688.5713999999999 0.9
audio6-0 1 688.5713999999999 0.9
audio9-0 1 688.5713999999999 0.9
yolo10-0 1 57.969 0.99
yolo2-0 1 57.969 0.99
yolo7-0 1 57.969 0.99
Sum of bandwidth: 4305.3354
Sum of weights: 3.7720000000000002
Average accuracy: 0.9464316012725342
time: 0.5658054351806641
**time: 2
========Allocate Done=============
audio1-0 1 688.5713999999999 0.9
audio2-0 1 688.5713999999999 0.9
audio3-0 1 688.5713999999999 0.9
audio3-1 1 688.5713999999999 0.9
audio5-2 1 688.5713999999999 0.9
audio6-0 0.5 344.7912 0.3
audio6-2 0.45783643153386844 315.8011999999992 0.27
audio9-0 1 688.5713999999999 0.9
yolo10-0 1 57.969 0.99
yolo2-0 1 57.969 0.99
yolo7-0 1 57.969 0.99
yolo8-2 1 57.969 0.99
Sum of bandwidth: 5023.896799999999
Sum of weights: 4.996
Average accuracy: 0.9364611689351479
time: 0.0019006729125976562
**time: 3
========Allocate Done=============
audio1-0 1 688.5713999999999 0.9
audio3-0 1 688.5713999999999 0.9
audio3-1 1 688.5713999999999 0.9
audio5-2 1 688.5713999999999 0.9
audio6-0 1 688.5713999999999 0.9
audio6-2 0.6568182228063127 452.6131999999975 0.34
audio9-0 1 688.5713999999999 0.9
yolo10-0 1 57.969 0.99
yolo11-3 1 57.969 0.99
yolo12-3 1 57.969 0.99
yolo2-0 1 57.969 0.99
yolo2-3 1 57.969 0.99
yolo4-3 1 57.969 0.99
yolo7-0 1 57.969 0.99
yolo8-2 1 57.969 0.99
Sum of bandwidth: 5047.793599999997
Sum of weights: 7.627
Average accuracy: 0.9662462304969188
time: 0.10277056694030762
**time: 4
========Allocate Done=============
audio1-0 0.6538773902627293 450.59119999999825 0.34
audio10-4 0.6 413.54724 0.32
audio12-4 0.6 413.54724 0.32
audio3-0 1 688.5713999999999 0.9
audio3-1 1 688.5713999999999 0.9
audio5-2 1 688.5713999999999 0.9
audio6-0 0.4 276.03516 0.25
audio6-2 0.4 276.03516 0.25
audio9-0 1 688.5713999999999 0.9
yolo11-3 1 57.969 0.99
yolo12-3 1 57.969 0.99
yolo2-0 1 57.969 0.99
yolo2-3 1 57.969 0.99
yolo4-3 1 57.969 0.99
yolo5-4 1 57.969 0.99
yolo7-0 1 57.969 0.99
yolo8-2 1 57.969 0.99
Sum of bandwidth: 5047.793599999998
Sum of weights: 7.067
Average accuracy: 0.9389472194707797
time: 0.47550082206726074
**time: 5
========Allocate Done=============
audio1-0 1 688.5713999999999 0.9
audio1-5 0.6538773902627271 450.5911999999967 0.34
audio10-4 0.6 413.54724 0.32
audio12-4 0.6 413.54724 0.32
audio3-1 1 688.5713999999999 0.9
audio5-2 1 688.5713999999999 0.9
audio6-0 0.4 276.03516 0.25
audio6-2 0.4 276.03516 0.25
audio9-0 1 688.5713999999999 0.9
yolo11-3 1 57.969 0.99
yolo12-3 1 57.969 0.99
yolo2-0 1 57.969 0.99
yolo2-3 1 57.969 0.99
yolo4-3 1 57.969 0.99
yolo5-4 1 57.969 0.99
yolo7-0 1 57.969 0.99
yolo8-2 1 57.969 0.99
Sum of bandwidth: 5047.793599999996
Sum of weights: 6.614000000000001
Average accuracy: 0.9416147565769579
time: 0.6879615783691406
**time: 6
========Allocate Done=============
audio1-0 0.4 276.03516 0.25
audio1-5 0.4 276.03516 0.25
audio1-6 0.4 276.03516 0.25
audio10-4 0.4 276.03516 0.25
audio12-4 0.4 276.03516 0.25
audio3-1 1 688.5713999999999 0.9
audio3-6 1 688.5713999999999 0.9
audio5-2 0.5250882976971899 362.04091999999895 0.3
audio6-0 0.4 276.03516 0.25
audio6-2 0.4 276.03516 0.25
audio7-6 1 688.5713999999999 0.9
audio9-0 0.4 276.03516 0.25
yolo11-3 1 57.969 0.99
yolo12-3 1 57.969 0.99
yolo2-0 1 57.969 0.99
yolo2-3 1 57.969 0.99
yolo4-3 1 57.969 0.99
yolo5-4 0.01 5.9742 0.525
yolo7-0 1 57.969 0.99
yolo8-2 1 57.969 0.99
Sum of bandwidth: 5047.793599999999
Sum of weights: 8.206999999999999
Average accuracy: 0.8916528573169247
time: 0.05460000038146973
**time: 7
========Allocate Done=============
audio1-5 0.5 344.7912 0.3
audio1-6 0.5 344.7912 0.3
audio1-7 0.5 344.7912 0.3
audio10-4 0.434903871718031 300.0336799999981 0.25
audio12-4 0.4 276.03516 0.25
audio3-6 1 688.5713999999999 0.9
audio5-2 1 688.5713999999999 0.9
audio6-0 0.4 276.03516 0.25
audio7-6 1 688.5713999999999 0.9
audio9-0 1 688.5713999999999 0.9
yolo11-3 1 57.969 0.99
yolo12-3 1 57.969 0.99
yolo2-0 1 57.969 0.99
yolo2-3 1 57.969 0.99
yolo4-3 1 57.969 0.99
yolo5-4 0.9099999999999999 53.2422 0.99
yolo8-2 1 57.969 0.99
Sum of bandwidth: 5041.819399999998
Sum of weights: 7.369999999999999
Average accuracy: 0.9267299864314791
time: 0.0026662349700927734
**time: 8
========Allocate Done=============
audio1-5 0.4 276.03516 0.25
audio1-6 0.4 276.03516 0.25
audio1-7 0.4 276.03516 0.25
audio10-4 0.4 276.03516 0.25
audio12-4 0.4 276.03516 0.25
audio3-6 1 688.5713999999999 0.9
audio4-8 1 688.5713999999999 0.9
audio5-2 0.6761793145736709 465.92511999999897 0.34
audio6-0 0.4 276.03516 0.25
audio6-8 0.4 276.03516 0.25
audio7-6 1 688.5713999999999 0.9
audio9-8 0.4 276.03516 0.25
yolo11-3 1 57.969 0.99
yolo2-0 1 57.969 0.99
yolo2-3 1 57.969 0.99
yolo4-3 1 57.969 0.99
yolo5-4 0.01 5.9742 0.525
yolo6-8 0.01 5.9742 0.525
yolo8-2 1 57.969 0.99
audio1-edge-0 0.4 0.0527 0.25
audio1-edge-5 0.4 0.0527 0.25
Sum of bandwidth: 5041.8193999999985
Sum of weights: 7.109000000000001
Average accuracy: 0.866681671121114
time: 0.003529071807861328
**time: 9
========Allocate Done=============
audio1-6 0.4 276.03516 0.25
audio1-7 0.4 276.03516 0.25
audio10-4 0.4 276.03516 0.25
audio12-4 0.4 276.03516 0.25
audio3-6 1 688.5713999999999 0.9
audio4-8 1 688.5713999999999 0.9
audio5-2 0.5005571583238345 345.174279999999 0.3
audio5-9 0.5 344.7912 0.3
audio6-0 0.4 276.03516 0.25
audio6-8 0.4 276.03516 0.25
audio7-6 1 688.5713999999999 0.9
audio9-8 0.4 276.03516 0.25
yolo11-3 1 57.969 0.99
yolo2-0 1 57.969 0.99
yolo2-3 1 57.969 0.99
yolo4-3 1 57.969 0.99
yolo5-4 0.01 5.9742 0.525
yolo6-8 0.01 5.9742 0.525
yolo8-2 1 57.969 0.99
yolo9-9 1 57.969 0.99
audio1-edge-0 0.4 0.0527 0.25
audio1-edge-5 0.4 0.0527 0.25
Sum of bandwidth: 5047.793599999999
Sum of weights: 7.971
Average accuracy: 0.8661849203362187
time: 0.041510820388793945
**time: 10
========Allocate Done=============
audio1-6 0.4 276.03516 0.25
audio1-7 0.4 276.03516 0.25
audio2-10 1 688.5713999999999 0.9
audio3-6 1 688.5713999999999 0.9
audio4-8 1 688.5713999999999 0.9
audio5-9 0.8791201471172554 605.4591999999989 0.74
audio6-10 0.4 276.03516 0.25
audio6-8 0.4 276.03516 0.25
audio7-6 1 688.5713999999999 0.9
audio9-8 0.4 276.03516 0.25
yolo11-3 1 57.969 0.99
yolo2-3 1 57.969 0.99
yolo4-3 1 57.969 0.99
yolo5-10 0.01 5.9742 0.525
yolo5-4 0.01 5.9742 0.525
yolo6-8 0.01 5.9742 0.525
yolo8-2 1 57.969 0.99
yolo9-9 1 57.969 0.99
audio1-edge-5 0.4 0.0527 0.25
audio5-edge-2 0.6 0.0527 0.32
Sum of bandwidth: 5047.793599999998
Sum of weights: 7.2620000000000005
Average accuracy: 0.8832931699256402
time: 0.26196885108947754
**time: 11
========Allocate Done=============
audio1-7 0.4 276.03516 0.25
audio2-10 1 688.5713999999999 0.9
audio3-6 1 688.5713999999999 0.9
audio4-11 1 688.5713999999999 0.9
audio4-8 0.6277225389943901 432.60815999999846 0.32
audio5-9 0.5 344.7912 0.3
audio6-10 0.4 276.03516 0.25
audio6-8 0.4 276.03516 0.25
audio7-6 1 688.5713999999999 0.9
audio9-8 0.4 276.03516 0.25
yolo11-3 1 57.969 0.99
yolo2-11 1 57.969 0.99
yolo2-3 1 57.969 0.99
yolo4-11 1 57.969 0.99
yolo4-3 1 57.969 0.99
yolo5-10 0.01 5.9742 0.525
yolo5-4 0.01 5.9742 0.525
yolo6-8 0.01 5.9742 0.525
yolo8-2 1 57.969 0.99
yolo9-9 1 57.969 0.99
audio1-edge-7 0.4 0.0527 0.25
audio5-edge-2 0.5 0.0527 0.3
audio6-edge-10 0.4 0.0527 0.25
audio6-edge-8 0.4 0.0527 0.25
Sum of bandwidth: 5059.741999999998
Sum of weights: 9.271000000000003
Average accuracy: 0.8737315284219607
time: 0.24401402473449707
**time: 12
========Allocate Done=============
audio1-7 0.4 276.03516 0.25
audio2-10 1 688.5713999999999 0.9
audio3-6 1 688.5713999999999 0.9
audio4-11 0.5749311624113287 396.3108999999981 0.31
audio4-8 0.5 344.7912 0.3
audio5-9 0.5 344.7912 0.3
audio6-10 0.4 276.03516 0.25
audio6-8 0.4 276.03516 0.25
audio7-6 1 688.5713999999999 0.9
audio9-12 0.4 276.03516 0.25
audio9-8 0.4 276.03516 0.25
yolo10-12 1 57.969 0.99
yolo11-3 1 57.969 0.99
yolo2-11 1 57.969 0.99
yolo2-3 1 57.969 0.99
yolo4-11 1 57.969 0.99
yolo4-3 1 57.969 0.99
yolo5-10 0.01 5.9742 0.525
yolo5-4 0.01 5.9742 0.525
yolo6-8 0.01 5.9742 0.525
yolo8-12 1 57.969 0.99
yolo8-2 1 57.969 0.99
yolo9-9 1 57.969 0.99
audio1-edge-7 0.4 0.0527 0.25
audio5-edge-2 0.5 0.0527 0.3
audio5-edge-9 0.5 0.0527 0.3
audio6-edge-10 0.4 0.0527 0.25
audio6-edge-8 0.4 0.0527 0.25
Sum of bandwidth: 5071.690399999999
Sum of weights: 11.292000000000002
Average accuracy: 0.8578298795607506
time: 0.4348890781402588
**time: 13
========Allocate Done=============
audio1-13 0.4 276.03516 0.25
audio1-7 0.4 276.03516 0.25
audio2-10 0.4 276.03516 0.25
audio3-13 0.5 344.7912 0.3
audio3-6 0.4719903298677479 325.5328600000007 0.27
audio4-11 0.4 276.03516 0.25
audio4-8 0.4 276.03516 0.25
audio5-9 0.4 276.03516 0.25
audio6-8 0.4 276.03516 0.25
audio7-13 1 688.5713999999999 0.9
audio7-6 1 688.5713999999999 0.9
audio9-12 0.4 276.03516 0.25
audio9-8 0.4 276.03516 0.25
yolo10-12 1 57.969 0.99
yolo11-3 1 57.969 0.99
yolo2-11 1 57.969 0.99
yolo2-3 1 57.969 0.99
yolo4-11 1 57.969 0.99
yolo4-3 1 57.969 0.99
yolo5-10 0.01 5.9742 0.525
yolo5-4 0.01 5.9742 0.525
yolo6-13 0.01 5.9742 0.525
yolo8-12 1 57.969 0.99
yolo8-2 1 57.969 0.99
yolo9-9 1 57.969 0.99
audio1-edge-7 0.4 0.0527 0.25
audio5-edge-2 0.4 0.0527 0.25
audio5-edge-9 0.4 0.0527 0.25
audio6-edge-10 0.4 0.0527 0.25
audio6-edge-8 0.4 0.0527 0.25
Sum of bandwidth: 5071.690400000001
Sum of weights: 12.822000000000003
Average accuracy: 0.7828571985649664
time: 0.20024466514587402
**time: 14
========Allocate Done=============
audio1-13 0.4 276.03516 0.25
audio2-10 1 688.5713999999999 0.9
audio3-13 1 688.5713999999999 0.9
audio4-11 0.7779486427665117 535.8976799999998 0.57
audio4-14 0.6 413.54724 0.32
audio7-13 1 688.5713999999999 0.9
audio7-6 1 688.5713999999999 0.9
audio9-12 0.4 276.03516 0.25
audio9-8 0.4 276.03516 0.25
yolo10-12 1 57.969 0.99
yolo2-11 1 57.969 0.99
yolo2-3 1 57.969 0.99
yolo3-14 1 57.969 0.99
yolo4-11 1 57.969 0.99
yolo4-3 1 57.969 0.99
yolo5-10 0.01 5.9742 0.525
yolo6-13 0.01 5.9742 0.525
yolo8-12 1 57.969 0.99
yolo8-2 1 57.969 0.99
yolo9-9 1 57.969 0.99
audio1-edge-7 0.4 0.0527 0.25
audio5-edge-9 0.5 0.0527 0.3
audio6-edge-10 0.4 0.0527 0.25
audio6-edge-8 0.4 0.0527 0.25
Sum of bandwidth: 5065.716200000001
Sum of weights: 11.605000000000002
Average accuracy: 0.8939353726841877
time: 0.005419731140136719
**time: 15
========Allocate Done=============
audio1-13 0.4 276.03516 0.25
audio11-15 0.4 276.03516 0.25
audio2-10 1 688.5713999999999 0.9
audio3-13 1 688.5713999999999 0.9
audio4-11 0.5522536783677484 380.71876000000043 0.31
audio4-14 0.5 344.7912 0.3
audio7-13 1 688.5713999999999 0.9
audio7-6 1 688.5713999999999 0.9
audio9-12 0.4 276.03516 0.25
audio9-8 0.4 276.03516 0.25
yolo10-12 1 57.969 0.99
yolo11-15 1 57.969 0.99
yolo2-11 1 57.969 0.99
yolo3-14 1 57.969 0.99
yolo4-11 1 57.969 0.99
yolo4-3 1 57.969 0.99
yolo5-10 0.01 5.9742 0.525
yolo6-13 0.01 5.9742 0.525
yolo8-12 1 57.969 0.99
yolo9-9 1 57.969 0.99
audio1-edge-7 0.4 0.0527 0.25
audio6-edge-10 0.4 0.0527 0.25
Sum of bandwidth: 5059.742
Sum of weights: 10.162
Average accuracy: 0.8883005313914583
time: 0.23514652252197266
**time: 16
========Allocate Done=============
audio1-13 0.4 276.03516 0.25
audio11-15 0.4 276.03516 0.25
audio11-16 0.4 276.03516 0.25
audio2-10 1 688.5713999999999 0.9
audio3-13 1 688.5713999999999 0.9
audio4-11 0.5 344.7912 0.3
audio4-14 0.47678481774110304 328.8293599999999 0.27
audio7-13 1 688.5713999999999 0.9
audio7-6 1 688.5713999999999 0.9
audio9-12 0.4 276.03516 0.25
yolo10-12 1 57.969 0.99
yolo11-15 1 57.969 0.99
yolo2-11 1 57.969 0.99
yolo2-16 1 57.969 0.99
yolo3-14 1 57.969 0.99
yolo3-16 1 57.969 0.99
yolo5-10 0.01 5.9742 0.525
yolo6-13 0.01 5.9742 0.525
yolo8-12 1 57.969 0.99
yolo8-16 1 57.969 0.99
yolo9-9 1 57.969 0.99
Sum of bandwidth: 5065.7162
Sum of weights: 11.016000000000002
Average accuracy: 0.9100989469862015
time: 0.0038280487060546875
**time: 17
========Allocate Done=============
audio11-15 0.4 276.03516 0.25
audio11-16 0.4 276.03516 0.25
audio2-10 1 688.5713999999999 0.9
audio3-13 1 688.5713999999999 0.9
audio3-17 1 688.5713999999999 0.9
audio4-14 1 688.5713999999999 0.9
audio7-6 1 688.5713999999999 0.9
audio9-12 0.7338940404363022 505.6074800000001 0.42
yolo10-12 1 57.969 0.99
yolo11-15 1 57.969 0.99
yolo2-16 1 57.969 0.99
yolo2-17 1 57.969 0.99
yolo3-14 1 57.969 0.99
yolo3-16 1 57.969 0.99
yolo5-10 0.31000000000000005 21.730200000000004 0.685
yolo5-17 0.31000000000000005 21.730200000000004 0.685
yolo8-12 1 57.969 0.99
yolo8-16 1 57.969 0.99
yolo9-9 1 57.969 0.99
Sum of bandwidth: 5065.7162
Sum of weights: 10.233
Average accuracy: 0.9465542851558683
time: 0.10765409469604492
**time: 18
========Allocate Done=============
audio11-15 0.4 276.03516 0.25
audio11-16 0.4 276.03516 0.25
audio11-18 0.4 276.03516 0.25
audio2-10 0.5 344.7912 0.3
audio3-13 0.9240700889696383 636.365 0.84
audio3-17 0.6 413.54724 0.32
audio4-14 0.4 276.03516 0.25
audio4-18 0.4 276.03516 0.25
audio7-6 1 688.5713999999999 0.9
audio8-18 1 688.5713999999999 0.9
audio9-12 0.4 276.03516 0.25
yolo10-12 1 57.969 0.99
yolo11-15 1 57.969 0.99
yolo11-18 1 57.969 0.99
yolo12-18 1 57.969 0.99
yolo2-16 1 57.969 0.99
yolo2-17 1 57.969 0.99
yolo3-14 1 57.969 0.99
yolo3-16 1 57.969 0.99
yolo5-10 0.01 5.9742 0.525
yolo5-17 0.01 5.9742 0.525
yolo8-12 1 57.969 0.99
yolo8-16 1 57.969 0.99
yolo9-9 1 57.969 0.99
Sum of bandwidth: 5077.6646
Sum of weights: 12.847000000000005
Average accuracy: 0.868215147505254
time: 0.08018112182617188
**time: 19
========Allocate Done=============
audio1-19 0.4 276.03516 0.25
audio11-15 0.4 276.03516 0.25
audio11-16 0.4 276.03516 0.25
audio11-18 0.4 276.03516 0.25
audio12-19 0.4 276.03516 0.25
audio2-10 0.4 276.03516 0.25
audio3-13 0.4 276.03516 0.25
audio3-17 0.4 276.03516 0.25
audio4-14 0.4 276.03516 0.25
audio4-18 0.4 276.03516 0.25
audio7-6 1 688.5713999999999 0.9
audio8-18 0.544036683904425 375.06908 0.31
audio9-12 0.4 276.03516 0.25
audio9-19 0.4 276.03516 0.25
yolo10-12 1 57.969 0.99
yolo10-19 1 57.969 0.99
yolo11-15 1 57.969 0.99
yolo11-18 1 57.969 0.99
yolo12-18 1 57.969 0.99
yolo2-17 1 57.969 0.99
yolo3-14 1 57.969 0.99
yolo3-16 1 57.969 0.99
yolo5-10 0.01 5.9742 0.525
yolo5-17 0.01 5.9742 0.525
yolo6-19 0.01 5.9742 0.525
yolo7-19 1 57.969 0.99
yolo8-12 1 57.969 0.99
yolo8-16 1 57.969 0.99
yolo9-9 1 57.969 0.99
Sum of bandwidth: 5089.612999999999
Sum of weights: 13.107000000000003
Average accuracy: 0.7851098649576559
time: 0.1369621753692627
**time: 20
========Allocate Done=============
audio1-19 0.4 276.03516 0.25
audio1-20 0.4 276.03516 0.25
audio11-15 0.4 276.03516 0.25
audio11-16 0.4 276.03516 0.25
audio11-18 0.4 276.03516 0.25
audio12-19 0.4 276.03516 0.25
audio2-10 0.5 344.7912 0.3
audio3-13 0.5709031526539344 393.54140000000024 0.31
audio3-17 0.5 344.7912 0.3
audio4-14 0.4 276.03516 0.25
audio4-18 0.4 276.03516 0.25
audio8-18 1 688.5713999999999 0.9
audio9-12 0.4 276.03516 0.25
audio9-19 0.4 276.03516 0.25
yolo10-12 1 57.969 0.99
yolo10-19 1 57.969 0.99
yolo11-18 1 57.969 0.99
yolo12-18 1 57.969 0.99
yolo3-14 1 57.969 0.99
yolo3-16 1 57.969 0.99
yolo5-10 0.01 5.9742 0.525
yolo5-17 0.01 5.9742 0.525
yolo6-19 0.01 5.9742 0.525
yolo7-19 1 57.969 0.99
yolo8-12 1 57.969 0.99
yolo8-16 1 57.969 0.99
Sum of bandwidth: 5071.6903999999995
Sum of weights: 9.772000000000002
Average accuracy: 0.7818271592304542
time: 0.23720264434814453
**time: 21
========Allocate Done=============
audio1-19 0.4 276.03516 0.25
audio10-21 0.4 276.03516 0.25
audio11-15 0.4 276.03516 0.25
audio11-18 0.4 276.03516 0.25
audio12-19 0.4 276.03516 0.25
audio2-10 0.5 344.7912 0.3
audio3-13 1 688.5713999999999 0.9
audio3-21 0.7980685333244907 549.7313200000001 0.57
audio4-14 0.4 276.03516 0.25
audio8-18 1 688.5713999999999 0.9
audio9-12 0.4 276.03516 0.25
audio9-19 0.4 276.03516 0.25
yolo10-12 1 57.969 0.99
yolo10-19 1 57.969 0.99
yolo11-18 1 57.969 0.99
yolo12-18 1 57.969 0.99
yolo3-14 1 57.969 0.99
yolo3-16 1 57.969 0.99
yolo5-17 0.01 5.9742 0.525
yolo6-19 0.01 5.9742 0.525
yolo7-19 1 57.969 0.99
yolo8-12 1 57.969 0.99
yolo8-16 1 57.969 0.99
yolo8-21 1 57.969 0.99
audio1-edge-19 0.4 0.0527 0.25
audio1-edge-20 0.4 0.0527 0.25
Sum of bandwidth: 5071.6904
Sum of weights: 10.540000000000003
Average accuracy: 0.8515967741935482
time: 0.08011770248413086
**time: 22
========Allocate Done=============
audio1-22 0.5 344.7912 0.3
audio10-21 0.5 344.7912 0.3
audio11-18 0.4352027836390765 300.2391999999969 0.25
audio3-21 1 688.5713999999999 0.9
audio4-14 1 688.5713999999999 0.9
audio8-18 1 688.5713999999999 0.9
audio9-12 1 688.5713999999999 0.9
audio9-19 1 688.5713999999999 0.9
yolo10-12 1 57.969 0.99
yolo10-19 1 57.969 0.99
yolo11-18 1 57.969 0.99
yolo11-22 1 57.969 0.99
yolo12-18 1 57.969 0.99
yolo3-16 1 57.969 0.99
yolo5-17 0.9099999999999999 53.2422 0.99
yolo7-19 1 57.969 0.99
yolo8-12 1 57.969 0.99
yolo8-21 1 57.969 0.99
yolo9-22 1 57.969 0.99
audio1-edge-19 0.4 0.0527 0.25
audio1-edge-20 0.4 0.0527 0.25
Sum of bandwidth: 5065.716199999997
Sum of weights: 9.271
Average accuracy: 0.943645777154568
time: 0.004480600357055664
**time: 23
========Allocate Done=============
audio1-22 0.6283280421618186 433.02447999999686 0.32
audio10-21 0.6 413.54724 0.32
audio11-18 0.6 413.54724 0.32
audio11-23 0.6 413.54724 0.32
audio2-23 1 688.5713999999999 0.9
audio3-21 1 688.5713999999999 0.9
audio7-23 1 688.5713999999999 0.9
audio9-12 1 688.5713999999999 0.9
yolo10-12 1 57.969 0.99
yolo10-19 1 57.969 0.99
yolo10-23 1 57.969 0.99
yolo11-22 1 57.969 0.99
yolo12-18 1 57.969 0.99
yolo12-23 1 57.969 0.99
yolo7-19 1 57.969 0.99
yolo7-23 1 57.969 0.99
yolo8-12 1 57.969 0.99
yolo8-21 1 57.969 0.99
yolo9-22 1 57.969 0.99
audio1-edge-19 0.6 0.0527 0.32
audio1-edge-20 0.6 0.0527 0.32
Sum of bandwidth: 5065.716199999997
Sum of weights: 9.898000000000003
Average accuracy: 0.9418387553041014
time: 0.08340334892272949
**time: 24
========Allocate Done=============
audio1-22 0.4 276.03516 0.25
audio10-21 0.4 276.03516 0.25
audio10-24 0.4 276.03516 0.25
audio11-18 0.4 276.03516 0.25
audio11-23 0.4 276.03516 0.25
audio12-24 0.4 276.03516 0.25
audio2-23 0.6995389495962835 481.98628000000053 0.36
audio3-21 1 688.5713999999999 0.9
audio7-23 1 688.5713999999999 0.9
audio7-24 1 688.5713999999999 0.9
audio9-12 0.4 276.03516 0.25
yolo10-12 1 57.969 0.99
yolo10-19 1 57.969 0.99
yolo10-23 1 57.969 0.99
yolo11-22 1 57.969 0.99
yolo12-18 1 57.969 0.99
yolo12-23 1 57.969 0.99
yolo7-19 1 57.969 0.99
yolo7-23 1 57.969 0.99
yolo8-21 1 57.969 0.99
yolo9-22 1 57.969 0.99
audio1-edge-19 0.4 0.0527 0.25
audio1-edge-20 0.4 0.0527 0.25
Sum of bandwidth: 5059.742000000001
Sum of weights: 10.099
Average accuracy: 0.8844103376571937
time: 0.23473381996154785
**time: 25
========Allocate Done=============
audio1-22 0.4 276.03516 0.25
audio1-25 0.4 276.03516 0.25
audio10-21 0.4 276.03516 0.25
audio10-24 0.4 276.03516 0.25
audio11-23 0.4 276.03516 0.25
audio12-24 0.4 276.03516 0.25
audio2-23 0.6995389495962835 481.98628000000053 0.36
audio3-21 1 688.5713999999999 0.9
audio7-23 1 688.5713999999999 0.9
audio7-24 1 688.5713999999999 0.9
audio9-25 0.4 276.03516 0.25
yolo1-25 1 57.969 0.99
yolo10-19 1 57.969 0.99
yolo10-23 1 57.969 0.99
yolo11-22 1 57.969 0.99
yolo12-18 1 57.969 0.99
yolo12-23 1 57.969 0.99
yolo7-19 1 57.969 0.99
yolo7-23 1 57.969 0.99
yolo8-21 1 57.969 0.99
yolo9-22 1 57.969 0.99
audio1-edge-19 0.4 0.0527 0.25
audio1-edge-20 0.4 0.0527 0.25
Sum of bandwidth: 5059.742000000001
Sum of weights: 10.099
Average accuracy: 0.8844103376571937
time: 0.34870409965515137
**time: 26
========Allocate Done=============
audio1-22 0.4 276.03516 0.25
audio10-21 0.4 276.03516 0.25
audio10-24 0.4 276.03516 0.25
audio11-23 0.4 276.03516 0.25
audio12-24 0.4 276.03516 0.25
audio2-23 0.6238401455348518 429.9387800000009 0.32
audio3-21 1 688.5713999999999 0.9
audio4-26 0.4 276.03516 0.25
audio7-23 1 688.5713999999999 0.9
audio7-24 1 688.5713999999999 0.9
audio9-25 0.4 276.03516 0.25
yolo1-25 1 57.969 0.99
yolo10-19 1 57.969 0.99
yolo10-23 1 57.969 0.99
yolo10-26 1 57.969 0.99
yolo11-22 1 57.969 0.99
yolo12-18 1 57.969 0.99
yolo12-23 1 57.969 0.99
yolo7-19 1 57.969 0.99
yolo7-23 1 57.969 0.99
yolo8-21 1 57.969 0.99
yolo9-22 1 57.969 0.99
audio1-edge-20 0.4 0.0527 0.25
audio1-edge-22 0.4 0.0527 0.25
audio1-edge-25 0.4 0.0527 0.25
Sum of bandwidth: 5065.716200000002
Sum of weights: 11.040000000000003
Average accuracy: 0.875682065217391
time: 0.009454011917114258
**time: 27
========Allocate Done=============
audio10-21 0.5 344.7912 0.3
audio10-24 0.5 344.7912 0.3
audio11-23 0.5 344.7912 0.3
audio11-27 0.5 344.7912 0.3
audio12-24 0.4268576258900277 294.5013999999978 0.25
audio2-23 1 688.5713999999999 0.9
audio4-26 1 688.5713999999999 0.9
audio7-24 1 688.5713999999999 0.9
audio9-25 1 688.5713999999999 0.9
yolo1-25 1 57.969 0.99
yolo10-19 1 57.969 0.99
yolo10-23 1 57.969 0.99
yolo10-26 1 57.969 0.99
yolo11-22 1 57.969 0.99
yolo12-18 1 57.969 0.99
yolo12-23 1 57.969 0.99
yolo6-27 0.01 5.9742 0.525
yolo7-23 1 57.969 0.99
yolo8-21 1 57.969 0.99
yolo9-22 1 57.969 0.99
yolo9-27 1 57.969 0.99
audio1-edge-22 0.4 0.0527 0.25
audio1-edge-25 0.4 0.0527 0.25
Sum of bandwidth: 5071.690399999998
Sum of weights: 9.907000000000004
Average accuracy: 0.9376415665690923
time: 0.025726318359375
**time: 28
========Allocate Done=============
audio10-24 1 688.5713999999999 0.9
audio11-27 1 688.5713999999999 0.9
audio12-24 0.6567415749947173 452.56049999999783 0.34
audio2-23 1 688.5713999999999 0.9
audio4-26 1 688.5713999999999 0.9
audio7-24 1 688.5713999999999 0.9
audio9-25 1 688.5713999999999 0.9
yolo1-25 1 57.969 0.99
yolo10-23 1 57.969 0.99
yolo10-26 1 57.969 0.99
yolo11-22 1 57.969 0.99
yolo12-23 1 57.969 0.99
yolo2-28 1 57.969 0.99
yolo3-28 1 57.969 0.99
yolo6-27 0.01 5.9742 0.525
yolo9-27 1 57.969 0.99
audio1-edge-22 0.6 0.0527 0.32
Sum of bandwidth: 5053.767799999998
Sum of weights: 7.972000000000001
Average accuracy: 0.9554898394380329
time: 0.003007650375366211
**time: 29
========Allocate Done=============
audio10-24 1 688.5713999999999 0.9
audio11-27 1 688.5713999999999 0.9
audio12-24 0.6567415749947173 452.56049999999783 0.34
audio2-23 1 688.5713999999999 0.9
audio4-26 1 688.5713999999999 0.9
audio7-24 1 688.5713999999999 0.9
audio9-25 1 688.5713999999999 0.9
yolo1-25 1 57.969 0.99
yolo10-23 1 57.969 0.99
yolo10-26 1 57.969 0.99
yolo11-22 1 57.969 0.99
yolo12-23 1 57.969 0.99
yolo2-28 1 57.969 0.99
yolo3-28 1 57.969 0.99
yolo6-27 0.01 5.9742 0.525
yolo9-27 1 57.969 0.99
audio1-edge-22 0.6 0.0527 0.32
Sum of bandwidth: 5053.767799999998
Sum of weights: 7.972000000000001
Average accuracy: 0.9554898394380329
time: 0.00427556037902832
**time: 30
========Allocate Done=============
audio1-29 1 688.5713999999999 0.9
audio12-24 1 688.5713999999999 0.9
audio4-26 1 688.5713999999999 0.9
audio7-24 1 688.5713999999999 0.9
audio9-25 1 688.5713999999999 0.9
yolo1-25 1 57.969 0.99
yolo10-23 1 57.969 0.99
yolo10-26 1 57.969 0.99
yolo12-23 1 57.969 0.99
yolo2-28 1 57.969 0.99
yolo3-28 1 57.969 0.99
yolo6-27 1 57.969 0.99
yolo9-27 1 57.969 0.99
audio1-edge-22 1 0.0527 0.9
Sum of bandwidth: 3906.6617
Sum of weights: 6.709
Average accuracy: 0.9684692204501416
time: 0.002123117446899414
