num: 30 running time:30 bandwidth:5000
**time: 0
========Allocate Done=============
audio5-0 1 688.5713999999999 0.9
yolo10-0 1 57.969 0.99
Sum of bandwidth: 746.5404
Sum of weights: 0.582
Average accuracy: 0.9893814432989692
time: 0.026386260986328125
**time: 1
========Allocate Done=============
audio5-0 1 688.5713999999999 0.9
audio7-1 1 688.5713999999999 0.9
yolo1-1 1 57.969 0.99
yolo10-0 1 57.969 0.99
yolo11-1 1 57.969 0.99
yolo12-1 1 57.969 0.99
yolo3-1 1 57.969 0.99
yolo5-1 1 57.969 0.99
yolo8-1 1 57.969 0.99
yolo9-1 1 57.969 0.99
Sum of bandwidth: 1840.8948000000003
Sum of weights: 5.414999999999999
Average accuracy: 0.975673130193906
time: 0.0018181800842285156
**time: 2
========Allocate Done=============
audio1-2 1 688.5713999999999 0.9
audio11-2 1 688.5713999999999 0.9
audio5-0 1 688.5713999999999 0.9
audio7-1 1 688.5713999999999 0.9
audio9-2 1 688.5713999999999 0.9
yolo1-1 1 57.969 0.99
yolo10-0 1 57.969 0.99
yolo11-1 1 57.969 0.99
yolo11-2 1 57.969 0.99
yolo12-1 1 57.969 0.99
yolo3-1 1 57.969 0.99
yolo4-2 1 57.969 0.99
yolo5-1 1 57.969 0.99
yolo5-2 1 57.969 0.99
yolo8-1 1 57.969 0.99
yolo8-2 1 57.969 0.99
yolo9-1 1 57.969 0.99
yolo9-2 1 57.969 0.99
Sum of bandwidth: 4196.454
Sum of weights: 8.899
Average accuracy: 0.9764782559838184
time: 0.0037450790405273438
**time: 3
========Allocate Done=============
audio1-2 1 688.5713999999999 0.9
audio11-2 1 688.5713999999999 0.9
audio5-0 1 688.5713999999999 0.9
audio6-3 1 688.5713999999999 0.9
audio7-1 1 688.5713999999999 0.9
audio9-2 1 688.5713999999999 0.9
yolo1-1 1 57.969 0.99
yolo1-3 1 57.969 0.99
yolo10-0 1 57.969 0.99
yolo11-1 1 57.969 0.99
yolo11-2 1 57.969 0.99
yolo12-1 1 57.969 0.99
yolo12-3 1 57.969 0.99
yolo3-1 1 57.969 0.99
yolo4-2 1 57.969 0.99
yolo5-1 1 57.969 0.99
yolo5-2 1 57.969 0.99
yolo8-1 1 57.969 0.99
yolo8-2 1 57.969 0.99
yolo9-1 1 57.969 0.99
yolo9-2 1 57.969 0.99
Sum of bandwidth: 5000.963400000001
Sum of weights: 10.95
Average accuracy: 0.9716547945205479
time: 0.9350283145904541
**time: 4
========Allocate Done=============
audio11-2 1 688.5713999999999 0.9
audio5-0 1 688.5713999999999 0.9
audio6-3 1 688.5713999999999 0.9
audio7-1 1 688.5713999999999 0.9
audio9-2 1 688.5713999999999 0.9
yolo1-1 1 57.969 0.99
yolo1-3 1 57.969 0.99
yolo10-0 1 57.969 0.99
yolo11-1 1 57.969 0.99
yolo12-1 1 57.969 0.99
yolo12-3 1 57.969 0.99
yolo3-1 1 57.969 0.99
yolo4-2 1 57.969 0.99
yolo5-1 1 57.969 0.99
yolo5-2 1 57.969 0.99
yolo8-1 1 57.969 0.99
yolo8-2 1 57.969 0.99
yolo9-1 1 57.969 0.99
yolo9-2 1 57.969 0.99
Sum of bandwidth: 4254.423
Sum of weights: 10.175999999999998
Average accuracy: 0.971992924528302
time: 0.21005773544311523
**time: 5
========Allocate Done=============
audio10-5 1 688.5713999999999 0.9
audio11-2 1 688.5713999999999 0.9
audio3-5 1 688.5713999999999 0.9
audio4-5 0.4 276.03516 0.25
audio5-0 0.4 276.03516 0.25
audio6-3 1 688.5713999999999 0.9
audio7-1 1 688.5713999999999 0.9
audio9-2 0.6284813377850156 433.1298800000004 0.32
yolo1-1 1 57.969 0.99
yolo1-3 1 57.969 0.99
yolo10-0 1 57.969 0.99
yolo12-1 1 57.969 0.99
yolo12-3 1 57.969 0.99
yolo3-1 1 57.969 0.99
yolo3-5 1 57.969 0.99
yolo5-1 1 57.969 0.99
yolo5-2 1 57.969 0.99
yolo8-1 1 57.969 0.99
yolo8-2 1 57.969 0.99
Sum of bandwidth: 5065.7162
Sum of weights: 8.292
Average accuracy: 0.9514387361312108
time: 0.6991407871246338
**time: 6
========Allocate Done=============
audio10-5 1 688.5713999999999 0.9
audio11-2 1 688.5713999999999 0.9
audio3-5 1 688.5713999999999 0.9
audio4-5 0.4 276.03516 0.25
audio5-0 0.4 276.03516 0.25
audio6-3 1 688.5713999999999 0.9
audio7-1 1 688.5713999999999 0.9
audio9-2 0.5528591815351792 381.1350800000004 0.31
yolo1-1 1 57.969 0.99
yolo1-3 1 57.969 0.99
yolo10-0 1 57.969 0.99
yolo12-1 1 57.969 0.99
yolo12-3 1 57.969 0.99
yolo3-1 1 57.969 0.99
yolo3-5 1 57.969 0.99
yolo5-1 1 57.969 0.99
yolo5-2 1 57.969 0.99
yolo8-1 1 57.969 0.99
yolo8-2 1 57.969 0.99
yolo8-6 1 57.969 0.99
Sum of bandwidth: 5071.6904
Sum of weights: 8.666
Average accuracy: 0.9530071543964919
time: 0.004073619842529297
**time: 7
========Allocate Done=============
audio10-5 1 688.5713999999999 0.9
audio11-2 1 688.5713999999999 0.9
audio3-5 1 688.5713999999999 0.9
audio4-5 1 688.5713999999999 0.9
audio6-3 1 688.5713999999999 0.9
yolo1-1 1 57.969 0.99
yolo1-3 1 57.969 0.99
yolo10-0 1 57.969 0.99
yolo12-1 1 57.969 0.99
yolo12-3 1 57.969 0.99
yolo3-1 1 57.969 0.99
yolo3-5 1 57.969 0.99
yolo5-1 1 57.969 0.99
yolo5-2 1 57.969 0.99
yolo8-2 1 57.969 0.99
yolo8-6 1 57.969 0.99
Sum of bandwidth: 4080.516
Sum of weights: 7.346999999999999
Average accuracy: 0.9673499387505105
time: 0.0031130313873291016
**time: 8
========Allocate Done=============
audio1-7 1 688.5713999999999 0.9
audio10-5 1 688.5713999999999 0.9
audio11-2 1 688.5713999999999 0.9
audio4-5 1 688.5713999999999 0.9
audio6-3 1 688.5713999999999 0.9
audio8-7 1 688.5713999999999 0.9
yolo1-1 1 57.969 0.99
yolo10-0 1 57.969 0.99
yolo12-1 1 57.969 0.99
yolo12-3 1 57.969 0.99
yolo3-1 1 57.969 0.99
yolo3-5 1 57.969 0.99
yolo5-1 1 57.969 0.99
yolo5-2 1 57.969 0.99
yolo7-7 1 57.969 0.99
yolo8-6 1 57.969 0.99
audio5-edge-0 1 0.0527 0.9
Sum of bandwidth: 4711.1711000000005
Sum of weights: 6.565999999999998
Average accuracy: 0.9677672860188853
time: 0.4725019931793213
**time: 9
========Allocate Done=============
audio1-7 1 688.5713999999999 0.9
audio10-5 1 688.5713999999999 0.9
audio11-2 1 688.5713999999999 0.9
audio4-5 1 688.5713999999999 0.9
audio8-7 1 688.5713999999999 0.9
yolo1-1 1 57.969 0.99
yolo10-0 1 57.969 0.99
yolo12-1 1 57.969 0.99
yolo12-3 1 57.969 0.99
yolo3-1 1 57.969 0.99
yolo3-5 1 57.969 0.99
yolo5-2 1 57.969 0.99
yolo7-7 1 57.969 0.99
audio5-edge-0 1 0.0527 0.9
Sum of bandwidth: 3906.6617
Sum of weights: 5.099999999999999
Average accuracy: 0.9771705882352942
time: 0.003499746322631836
**time: 10
========Allocate Done=============
audio1-7 1 688.5713999999999 0.9
audio10-5 0.9781019383897024 673.515159999999 0.9
audio10-9 0.6 413.54724 0.32
audio11-2 0.6 413.54724 0.32
audio11-9 0.6 413.54724 0.32
audio2-9 1 688.5713999999999 0.9
audio3-10 1 688.5713999999999 0.9
audio4-5 0.4 276.03516 0.25
audio8-7 0.4 276.03516 0.25
yolo1-1 1 57.969 0.99
yolo10-10 1 57.969 0.99
yolo12-1 1 57.969 0.99
yolo12-3 1 57.969 0.99
yolo3-1 1 57.969 0.99
yolo3-10 1 57.969 0.99
yolo7-7 1 57.969 0.99
yolo8-9 1 57.969 0.99
yolo9-10 1 57.969 0.99
audio5-edge-0 0.4 0.0527 0.25
audio6-edge-3 1 0.0527 0.9
Sum of bandwidth: 5053.7678
Sum of weights: 8.991999999999997
Average accuracy: 0.9069439501779362
time: 0.18145322799682617
**time: 11
========Allocate Done=============
audio10-5 0.5 344.7912 0.3
audio10-9 0.5 344.7912 0.3
audio11-2 0.5 344.7912 0.3
audio11-9 0.47516110584611854 327.7129599999996 0.27
audio12-11 0.4 276.03516 0.25
audio2-9 1 688.5713999999999 0.9
audio3-10 1 688.5713999999999 0.9
audio4-5 0.4 276.03516 0.25
audio5-11 0.4 276.03516 0.25
audio7-11 1 688.5713999999999 0.9
audio8-7 0.4 276.03516 0.25
yolo10-10 1 57.969 0.99
yolo12-1 1 57.969 0.99
yolo12-3 1 57.969 0.99
yolo3-1 1 57.969 0.99
yolo3-10 1 57.969 0.99
yolo5-11 1 57.969 0.99
yolo7-7 1 57.969 0.99
yolo8-9 1 57.969 0.99
yolo9-10 1 57.969 0.99
audio5-edge-0 0.4 0.0527 0.25
audio6-edge-3 1 0.0527 0.9
Sum of bandwidth: 5053.7678000000005
Sum of weights: 9.472999999999999
Average accuracy: 0.874972025757416
time: 0.07780909538269043
**time: 12
========Allocate Done=============
audio10-5 0.4 276.03516 0.25
audio10-9 0.4 276.03516 0.25
audio11-2 0.4 276.03516 0.25
audio11-9 0.4 276.03516 0.25
audio12-11 0.4 276.03516 0.25
audio2-9 1 688.5713999999999 0.9
audio3-10 0.9737673373859226 670.5348599999999 0.9
audio4-5 0.4 276.03516 0.25
audio5-11 0.4 276.03516 0.25
audio7-11 1 688.5713999999999 0.9
audio8-12 0.4 276.03516 0.25
audio8-7 0.4 276.03516 0.25
yolo10-10 1 57.969 0.99
yolo12-1 1 57.969 0.99
yolo12-3 1 57.969 0.99
yolo3-1 1 57.969 0.99
yolo3-10 1 57.969 0.99
yolo5-11 1 57.969 0.99
yolo7-7 1 57.969 0.99
yolo8-9 1 57.969 0.99
yolo9-10 1 57.969 0.99
audio6-edge-3 1 0.0527 0.9
Sum of bandwidth: 5053.7678000000005
Sum of weights: 9.577
Average accuracy: 0.8647060666179388
time: 0.20570707321166992
**time: 13
========Allocate Done=============
audio10-5 0.4 276.03516 0.25
audio10-9 0.4 276.03516 0.25
audio11-9 0.4 276.03516 0.25
audio12-11 0.4 276.03516 0.25
audio12-13 0.4 276.03516 0.25
audio2-9 1 688.5713999999999 0.9
audio3-10 0.4 276.03516 0.25
audio4-5 0.4 276.03516 0.25
audio5-11 0.4 276.03516 0.25
audio7-11 0.9722969211141321 669.523860000001 0.9
audio7-13 0.6 413.54724 0.32
audio8-12 0.4 276.03516 0.25
audio8-7 0.4 276.03516 0.25
yolo10-10 1 57.969 0.99
yolo10-13 1 57.969 0.99
yolo12-1 1 57.969 0.99
yolo12-3 1 57.969 0.99
yolo3-10 1 57.969 0.99
yolo5-11 1 57.969 0.99
yolo7-7 1 57.969 0.99
yolo8-9 1 57.969 0.99
yolo9-10 1 57.969 0.99
audio6-edge-3 1 0.0527 0.9
Sum of bandwidth: 5053.767800000001
Sum of weights: 10.28
Average accuracy: 0.7835262645914396
time: 0.06772971153259277
**time: 14
========Allocate Done=============
audio10-5 0.4 276.03516 0.25
audio10-9 0.4 276.03516 0.25
audio11-9 0.4 276.03516 0.25
audio12-11 0.4 276.03516 0.25
audio12-13 0.4 276.03516 0.25
audio2-9 1 688.5713999999999 0.9
audio3-10 0.4 276.03516 0.25
audio4-5 0.4 276.03516 0.25
audio5-11 0.4 276.03516 0.25
audio5-14 0.4 276.03516 0.25
audio7-11 0.6 413.54724 0.32
audio7-13 0.5708265048423397 393.488700000001 0.31
audio8-12 0.4 276.03516 0.25
audio8-7 0.4 276.03516 0.25
yolo1-14 1 57.969 0.99
yolo10-10 1 57.969 0.99
yolo10-13 1 57.969 0.99
yolo12-3 1 57.969 0.99
yolo3-10 1 57.969 0.99
yolo5-11 1 57.969 0.99
yolo7-7 1 57.969 0.99
yolo8-9 1 57.969 0.99
yolo9-10 1 57.969 0.99
audio6-edge-3 1 0.0527 0.9
Sum of bandwidth: 5053.767800000001
Sum of weights: 10.284
Average accuracy: 0.7340947102294826
time: 0.004626750946044922
**time: 15
========Allocate Done=============
audio10-15 0.9280291302407752 639.0870799999994 0.84
audio10-5 0.6 413.54724 0.32
audio10-9 0.6 413.54724 0.32
audio11-9 0.6 413.54724 0.32
audio12-11 0.6 413.54724 0.32
audio12-13 0.6 413.54724 0.32
audio2-9 1 688.5713999999999 0.9
audio3-10 1 688.5713999999999 0.9
audio5-14 0.4 276.03516 0.25
audio8-12 0.4 276.03516 0.25
yolo1-14 1 57.969 0.99
yolo10-10 1 57.969 0.99
yolo10-13 1 57.969 0.99
yolo5-11 1 57.969 0.99
yolo5-15 1 57.969 0.99
yolo8-15 1 57.969 0.99
yolo9-10 1 57.969 0.99
Sum of bandwidth: 5041.819399999999
Sum of weights: 6.218
Average accuracy: 0.8447651978128013
time: 0.15135502815246582
**time: 16
========Allocate Done=============
audio10-15 1 688.5713999999999 0.9
audio10-9 1 688.5713999999999 0.9
audio12-11 1 688.5713999999999 0.9
audio12-13 1 688.5713999999999 0.9
audio12-16 0.7796490024730894 537.0667799999983 0.57
audio3-10 1 688.5713999999999 0.9
audio8-12 0.4 276.03516 0.25
audio8-16 0.4 276.03516 0.25
yolo1-14 1 57.969 0.99
yolo10-10 1 57.969 0.99
yolo10-13 1 57.969 0.99
yolo2-16 1 57.969 0.99
yolo5-11 1 57.969 0.99
yolo5-15 1 57.969 0.99
yolo7-16 1 57.969 0.99
yolo8-15 1 57.969 0.99
yolo9-10 1 57.969 0.99
audio5-edge-14 0.4 0.0527 0.25
Sum of bandwidth: 5053.767799999999
Sum of weights: 6.491
Average accuracy: 0.9339485441380374
time: 0.08385920524597168
**time: 17
========Allocate Done=============
audio10-15 1 688.5713999999999 0.9
audio12-11 1 688.5713999999999 0.9
audio12-13 1 688.5713999999999 0.9
audio12-16 1 688.5713999999999 0.9
audio3-10 1 688.5713999999999 0.9
audio8-12 0.829875106245209 571.6002599999983 0.67
audio8-16 0.6 413.54724 0.32
yolo1-14 1 57.969 0.99
yolo10-10 1 57.969 0.99
yolo10-13 1 57.969 0.99
yolo12-17 1 57.969 0.99
yolo2-16 1 57.969 0.99
yolo5-11 1 57.969 0.99
yolo5-15 1 57.969 0.99
yolo5-17 1 57.969 0.99
yolo7-16 1 57.969 0.99
yolo8-15 1 57.969 0.99
yolo9-10 1 57.969 0.99
audio5-edge-14 0.4 0.0527 0.25
Sum of bandwidth: 5065.716199999999
Sum of weights: 7.069999999999999
Average accuracy: 0.9576676096181048
time: 0.006023883819580078
**time: 18
========Allocate Done=============
audio10-15 1 688.5713999999999 0.9
audio12-11 1 688.5713999999999 0.9
audio12-13 1 688.5713999999999 0.9
audio12-16 1 688.5713999999999 0.9
audio3-10 1 688.5713999999999 0.9
audio8-12 0.829875106245209 571.6002599999983 0.67
audio8-16 0.6 413.54724 0.32
yolo1-14 1 57.969 0.99
yolo10-10 1 57.969 0.99
yolo10-13 1 57.969 0.99
yolo12-17 1 57.969 0.99
yolo2-16 1 57.969 0.99
yolo5-11 1 57.969 0.99
yolo5-15 1 57.969 0.99
yolo5-17 1 57.969 0.99
yolo7-16 1 57.969 0.99
yolo8-15 1 57.969 0.99
yolo9-10 1 57.969 0.99
audio5-edge-14 0.4 0.0527 0.25
Sum of bandwidth: 5065.716199999999
Sum of weights: 7.069999999999999
Average accuracy: 0.9576676096181048
time: 0.004479646682739258
**time: 19
========Allocate Done=============
audio1-19 1 688.5713999999999 0.9
audio10-19 1 688.5713999999999 0.9
audio12-16 1 688.5713999999999 0.9
audio2-18 1 688.5713999999999 0.9
audio7-19 1 688.5713999999999 0.9
audio8-16 1 688.5713999999999 0.9
audio9-18 0.4299517540568038 296.6287999999976 0.25
yolo1-14 1 57.969 0.99
yolo10-19 1 57.969 0.99
yolo12-17 1 57.969 0.99
yolo2-16 1 57.969 0.99
yolo5-11 1 57.969 0.99
yolo5-15 1 57.969 0.99
yolo5-17 1 57.969 0.99
yolo7-16 1 57.969 0.99
yolo8-19 1 57.969 0.99
yolo9-10 1 57.969 0.99
yolo9-19 1 57.969 0.99
Sum of bandwidth: 5065.716199999998
Sum of weights: 8.483
Average accuracy: 0.9561299068725685
time: 0.0040280818939208984
**time: 20
========Allocate Done=============
audio1-19 1 688.5713999999999 0.9
audio10-19 0.8772370252853398 604.1644399999982 0.74
audio12-16 0.6 413.54724 0.32
audio2-18 1 688.5713999999999 0.9
audio3-20 1 688.5713999999999 0.9
audio7-19 1 688.5713999999999 0.9
audio8-16 0.4 276.03516 0.25
audio9-18 0.4 276.03516 0.25
yolo1-14 1 57.969 0.99
yolo10-19 1 57.969 0.99
yolo12-17 1 57.969 0.99
yolo2-16 1 57.969 0.99
yolo3-20 1 57.969 0.99
yolo4-20 1 57.969 0.99
yolo5-11 1 57.969 0.99
yolo5-15 1 57.969 0.99
yolo5-17 1 57.969 0.99
yolo7-16 1 57.969 0.99
yolo8-19 1 57.969 0.99
yolo9-10 1 57.969 0.99
yolo9-19 1 57.969 0.99
Sum of bandwidth: 5077.664599999998
Sum of weights: 10.674
Average accuracy: 0.9384064080944353
time: 0.32611823081970215
**time: 21
========Allocate Done=============
audio1-19 0.574219544930159 395.8216199999981 0.31
audio10-19 0.5 344.7912 0.3
audio11-21 0.5 344.7912 0.3
audio12-16 0.5 344.7912 0.3
audio2-18 1 688.5713999999999 0.9
audio3-20 1 688.5713999999999 0.9
audio4-21 0.4 276.03516 0.25
audio6-21 1 688.5713999999999 0.9
audio8-16 0.4 276.03516 0.25
audio9-18 0.4 276.03516 0.25
yolo1-14 1 57.969 0.99
yolo10-19 1 57.969 0.99
yolo11-21 1 57.969 0.99
yolo12-17 1 57.969 0.99
yolo2-16 1 57.969 0.99
yolo3-20 1 57.969 0.99
yolo4-20 1 57.969 0.99
yolo5-11 1 57.969 0.99
yolo5-15 1 57.969 0.99
yolo6-21 1 57.969 0.99
yolo7-16 1 57.969 0.99
yolo8-19 1 57.969 0.99
yolo9-19 1 57.969 0.99
audio7-edge-19 1 0.0527 0.9
Sum of bandwidth: 5077.664599999998
Sum of weights: 11.612
Average accuracy: 0.904547020323803
time: 0.1091001033782959
**time: 22
========Allocate Done=============
audio1-19 0.5 344.7912 0.3
audio10-19 0.5 344.7912 0.3
audio11-21 0.5 344.7912 0.3
audio12-16 0.48779833742606277 336.4018199999987 0.27
audio2-18 1 688.5713999999999 0.9
audio3-20 1 688.5713999999999 0.9
audio4-21 0.4 276.03516 0.25
audio6-21 1 688.5713999999999 0.9
audio8-16 0.4 276.03516 0.25
audio9-18 0.4 276.03516 0.25
yolo1-14 1 57.969 0.99
yolo10-19 1 57.969 0.99
yolo11-21 1 57.969 0.99
yolo12-17 1 57.969 0.99
yolo2-16 1 57.969 0.99
yolo2-22 1 57.969 0.99
yolo3-20 1 57.969 0.99
yolo4-20 1 57.969 0.99
yolo5-15 1 57.969 0.99
yolo6-21 1 57.969 0.99
yolo7-16 1 57.969 0.99
yolo8-19 1 57.969 0.99
yolo9-19 1 57.969 0.99
audio7-edge-19 1 0.0527 0.9
yolo5-edge-11 1 34.18 0.99
yolo5-edge-15 1 34.18 0.99
Sum of bandwidth: 5086.604799999999
Sum of weights: 12.728
Average accuracy: 0.9114236329352606
time: 0.2259378433227539
**time: 23
========Allocate Done=============
audio1-19 1 688.5713999999999 0.9
audio11-21 1 688.5713999999999 0.9
audio2-18 1 688.5713999999999 0.9
audio3-20 1 688.5713999999999 0.9
audio4-21 0.4 276.03516 0.25
audio6-21 1 688.5713999999999 0.9
audio8-16 0.6608162424712041 455.36207999999806 0.34
audio9-18 0.4 276.03516 0.25
yolo1-14 1 57.969 0.99
yolo11-21 1 57.969 0.99
yolo2-16 1 57.969 0.99
yolo2-22 1 57.969 0.99
yolo3-20 1 57.969 0.99
yolo4-20 1 57.969 0.99
yolo6-21 1 57.969 0.99
yolo6-23 1 57.969 0.99
yolo8-19 1 57.969 0.99
yolo9-19 1 57.969 0.99
audio7-edge-19 1 0.0527 0.9
yolo5-edge-15 1 34.18 0.99
Sum of bandwidth: 5064.212099999999
Sum of weights: 10.764
Average accuracy: 0.9455146785581569
time: 0.004528045654296875
**time: 24
========Allocate Done=============
audio1-19 0.9010860136796673 620.5620599999975 0.84
audio11-21 0.6 413.54724 0.32
audio2-18 1 688.5713999999999 0.9
audio3-24 1 688.5713999999999 0.9
audio4-21 0.4 276.03516 0.25
audio4-24 0.4 276.03516 0.25
audio5-24 0.4 276.03516 0.25
audio6-21 1 688.5713999999999 0.9
audio8-16 0.4 276.03516 0.25
audio9-18 0.4 276.03516 0.25
yolo1-14 1 57.969 0.99
yolo11-21 1 57.969 0.99
yolo11-24 1 57.969 0.99
yolo2-16 1 57.969 0.99
yolo2-22 1 57.969 0.99
yolo3-20 1 57.969 0.99
yolo6-21 1 57.969 0.99
yolo6-23 1 57.969 0.99
yolo8-19 1 57.969 0.99
yolo9-19 1 57.969 0.99
audio7-edge-19 1 0.0527 0.9
Sum of bandwidth: 5059.7419999999975
Sum of weights: 10.253
Average accuracy: 0.9278776943333658
time: 0.09903812408447266
**time: 25
========Allocate Done=============
audio1-19 0.8254638574298324 568.5672599999984 0.67
audio11-21 0.6 413.54724 0.32
audio2-18 1 688.5713999999999 0.9
audio3-24 1 688.5713999999999 0.9
audio4-21 0.4 276.03516 0.25
audio4-24 0.4 276.03516 0.25
audio5-24 0.4 276.03516 0.25
audio6-21 1 688.5713999999999 0.9
audio8-16 0.4 276.03516 0.25
audio9-18 0.4 276.03516 0.25
yolo1-14 1 57.969 0.99
yolo1-25 1 57.969 0.99
yolo10-25 1 57.969 0.99
yolo11-21 1 57.969 0.99
yolo11-24 1 57.969 0.99
yolo2-22 1 57.969 0.99
yolo3-20 1 57.969 0.99
yolo6-21 1 57.969 0.99
yolo6-23 1 57.969 0.99
yolo8-19 1 57.969 0.99
yolo9-19 1 57.969 0.99
audio7-edge-19 1 0.0527 0.9
Sum of bandwidth: 5065.716199999999
Sum of weights: 10.49
Average accuracy: 0.9261048617731171
time: 0.12249875068664551
**time: 26
========Allocate Done=============
audio11-21 1 688.5713999999999 0.9
audio2-18 1 688.5713999999999 0.9
audio3-24 1 688.5713999999999 0.9
audio4-21 0.6 413.54724 0.32
audio4-24 0.5796490024730894 399.5546999999983 0.31
audio5-24 0.4 276.03516 0.25
audio6-21 1 688.5713999999999 0.9
audio9-26 1 688.5713999999999 0.9
yolo1-25 1 57.969 0.99
yolo10-25 1 57.969 0.99
yolo10-26 1 57.969 0.99
yolo11-24 1 57.969 0.99
yolo2-22 1 57.969 0.99
yolo6-21 1 57.969 0.99
yolo6-23 1 57.969 0.99
yolo8-19 1 57.969 0.99
yolo9-19 1 57.969 0.99
audio7-edge-19 1 0.0527 0.9
Sum of bandwidth: 5053.767799999999
Sum of weights: 8.875000000000002
Average accuracy: 0.9498332394366192
time: 0.12118387222290039
**time: 27
========Allocate Done=============
audio11-21 1 688.5713999999999 0.9
audio2-18 1 688.5713999999999 0.9
audio4-21 1 688.5713999999999 0.9
audio4-24 1 688.5713999999999 0.9
audio5-24 0.656741574994716 452.5604999999969 0.34
audio6-21 1 688.5713999999999 0.9
audio9-26 1 688.5713999999999 0.9
yolo1-25 1 57.969 0.99
yolo10-25 1 57.969 0.99
yolo10-26 1 57.969 0.99
yolo11-24 1 57.969 0.99
yolo2-22 1 57.969 0.99
yolo6-21 1 57.969 0.99
yolo6-23 1 57.969 0.99
yolo9-19 1 57.969 0.99
audio7-edge-19 1 0.0527 0.9
Sum of bandwidth: 5047.793599999997
Sum of weights: 7.965999999999999
Average accuracy: 0.9553050464474013
time: 0.0034601688385009766
**time: 28
========Allocate Done=============
audio4-21 1 688.5713999999999 0.9
audio4-24 1 688.5713999999999 0.9
audio4-28 1 688.5713999999999 0.9
audio8-27 1 688.5713999999999 0.9
audio9-26 1 688.5713999999999 0.9
yolo1-25 1 57.969 0.99
yolo10-25 1 57.969 0.99
yolo10-26 1 57.969 0.99
yolo10-27 1 57.969 0.99
yolo11-24 1 57.969 0.99
yolo2-22 1 57.969 0.99
yolo6-21 1 57.969 0.99
yolo6-23 1 57.969 0.99
yolo7-28 1 57.969 0.99
audio5-edge-24 1 0.0527 0.9
Sum of bandwidth: 3964.6307
Sum of weights: 5.234999999999999
Average accuracy: 0.9852550143266474
time: 0.0026607513427734375
**time: 29
========Allocate Done=============
audio4-21 1 688.5713999999999 0.9
audio4-24 0.9811194187448763 675.5898599999946 0.9
audio4-28 0.6 413.54724 0.32
audio6-29 1 688.5713999999999 0.9
audio8-27 1 688.5713999999999 0.9
audio9-26 1 688.5713999999999 0.9
audio9-29 1 688.5713999999999 0.9
yolo1-25 1 57.969 0.99
yolo10-25 1 57.969 0.99
yolo10-26 1 57.969 0.99
yolo10-27 1 57.969 0.99
yolo11-24 1 57.969 0.99
yolo2-22 1 57.969 0.99
yolo6-21 1 57.969 0.99
yolo6-23 1 57.969 0.99
yolo7-28 1 57.969 0.99
audio5-edge-24 0.4 0.0527 0.25
Sum of bandwidth: 5053.767799999994
Sum of weights: 6.212999999999999
Average accuracy: 0.968895863511991
time: 0.0052030086517333984
**time: 30
========Allocate Done=============
audio4-24 1 688.5713999999999 0.9
audio4-28 1 688.5713999999999 0.9
audio6-29 1 688.5713999999999 0.9
audio8-27 1 688.5713999999999 0.9
audio9-26 1 688.5713999999999 0.9
audio9-29 1 688.5713999999999 0.9
yolo1-25 1 57.969 0.99
yolo10-25 1 57.969 0.99
yolo10-26 1 57.969 0.99
yolo10-27 1 57.969 0.99
yolo11-24 1 57.969 0.99
yolo6-21 1 57.969 0.99
yolo6-23 1 57.969 0.99
yolo7-28 1 57.969 0.99
audio5-edge-24 1 0.0527 0.9
audio6-edge-21 1 0.0527 0.9
Sum of bandwidth: 4595.285800000001
Sum of weights: 6.161999999999999
Average accuracy: 0.9590068159688413
time: 0.0032854080200195312
