num: 30 running time:30 bandwidth:5000
**time: 0
========Allocate Done=============
audio5-0 1 688.5713999999999 0.9
yolo10-0 1 57.969 0.99
Sum of bandwidth: 746.5404
Sum of weights: 0.582
Average accuracy: 0.9893814432989692
time: 0.15636229515075684
**time: 1
========Allocate Done=============
audio5-0 1 688.5713999999999 0.9
audio7-1 1 688.5713999999999 0.9
yolo1-1 1 57.969 0.99
yolo10-0 1 57.969 0.99
yolo11-1 1 57.969 0.99
yolo12-1 1 57.969 0.99
yolo3-1 1 57.969 0.99
yolo5-1 1 57.969 0.99
yolo8-1 1 57.969 0.99
yolo9-1 1 57.969 0.99
Sum of bandwidth: 1840.8948000000003
Sum of weights: 5.414999999999999
Average accuracy: 0.975673130193906
time: 0.001634359359741211
**time: 2
========Allocate Done=============
audio1-2 1 688.5713999999999 0.9
audio11-2 1 688.5713999999999 0.9
audio5-0 1 688.5713999999999 0.9
audio7-1 1 688.5713999999999 0.9
audio9-2 1 688.5713999999999 0.9
yolo1-1 1 57.969 0.99
yolo10-0 1 57.969 0.99
yolo11-1 1 57.969 0.99
yolo11-2 1 57.969 0.99
yolo12-1 1 57.969 0.99
yolo3-1 1 57.969 0.99
yolo4-2 1 57.969 0.99
yolo5-1 1 57.969 0.99
yolo5-2 1 57.969 0.99
yolo8-1 1 57.969 0.99
yolo8-2 1 57.969 0.99
yolo9-1 1 57.969 0.99
yolo9-2 1 57.969 0.99
Sum of bandwidth: 4196.454
Sum of weights: 8.899
Average accuracy: 0.9764782559838184
time: 0.3554553985595703
**time: 3
========Allocate Done=============
audio1-2 1 688.5713999999999 0.9
audio11-2 1 688.5713999999999 0.9
audio5-0 1 688.5713999999999 0.9
audio6-3 1 688.5713999999999 0.9
audio7-1 1 688.5713999999999 0.9
audio9-2 1 688.5713999999999 0.9
yolo1-1 1 57.969 0.99
yolo1-3 1 57.969 0.99
yolo10-0 1 57.969 0.99
yolo11-1 1 57.969 0.99
yolo11-2 1 57.969 0.99
yolo12-1 1 57.969 0.99
yolo12-3 1 57.969 0.99
yolo3-1 1 57.969 0.99
yolo4-2 1 57.969 0.99
yolo5-1 1 57.969 0.99
yolo5-2 1 57.969 0.99
yolo8-1 1 57.969 0.99
yolo8-2 1 57.969 0.99
yolo9-1 1 57.969 0.99
yolo9-2 1 57.969 0.99
Sum of bandwidth: 5000.963400000001
Sum of weights: 10.95
Average accuracy: 0.9716547945205479
time: 0.7636134624481201
**time: 4
========Allocate Done=============
audio1-2 1 688.5713999999999 0.9
audio11-2 1 688.5713999999999 0.9
audio5-0 1 688.5713999999999 0.9
audio6-3 1 688.5713999999999 0.9
audio7-1 1 688.5713999999999 0.9
audio9-2 1 688.5713999999999 0.9
yolo1-1 1 57.969 0.99
yolo1-3 1 57.969 0.99
yolo10-0 1 57.969 0.99
yolo11-1 1 57.969 0.99
yolo11-2 1 57.969 0.99
yolo12-1 1 57.969 0.99
yolo12-3 1 57.969 0.99
yolo3-1 1 57.969 0.99
yolo4-2 1 57.969 0.99
yolo5-1 1 57.969 0.99
yolo5-2 1 57.969 0.99
yolo8-1 1 57.969 0.99
yolo8-2 1 57.969 0.99
yolo9-1 1 57.969 0.99
Sum of bandwidth: 4942.9944000000005
Sum of weights: 10.013
Average accuracy: 0.9699380804953559
time: 0.0052106380462646484
**time: 5
========Allocate Done=============
audio1-2 0.8001444527637132 551.1586399999997 0.57
audio10-5 0.6 413.54724 0.32
audio11-2 0.6 413.54724 0.32
audio3-5 1 688.5713999999999 0.9
audio4-5 0.4 276.03516 0.25
audio5-0 0.4 276.03516 0.25
audio6-3 1 688.5713999999999 0.9
audio7-1 1 688.5713999999999 0.9
audio9-2 0.4 276.03516 0.25
yolo1-1 1 57.969 0.99
yolo1-3 1 57.969 0.99
yolo10-0 1 57.969 0.99
yolo11-1 1 57.969 0.99
yolo11-2 1 57.969 0.99
yolo12-1 1 57.969 0.99
yolo12-3 1 57.969 0.99
yolo3-1 1 57.969 0.99
yolo3-5 1 57.969 0.99
yolo5-1 1 57.969 0.99
yolo5-2 1 57.969 0.99
yolo8-1 1 57.969 0.99
yolo8-2 1 57.969 0.99
yolo9-1 1 57.969 0.99
Sum of bandwidth: 5083.6388
Sum of weights: 10.581000000000001
Average accuracy: 0.9299640865702672
time: 0.6004617214202881
**time: 6
========Allocate Done=============
audio10-5 1 688.5713999999999 0.9
audio11-2 1 688.5713999999999 0.9
audio3-5 1 688.5713999999999 0.9
audio4-5 0.4 276.03516 0.25
audio5-0 0.4 276.03516 0.25
audio6-3 1 688.5713999999999 0.9
audio7-1 1 688.5713999999999 0.9
audio9-2 0.4772370252853417 329.1402799999996 0.27
yolo1-1 1 57.969 0.99
yolo1-3 1 57.969 0.99
yolo10-0 1 57.969 0.99
yolo12-1 1 57.969 0.99
yolo12-3 1 57.969 0.99
yolo3-1 1 57.969 0.99
yolo3-5 1 57.969 0.99
yolo5-1 1 57.969 0.99
yolo5-2 1 57.969 0.99
yolo8-1 1 57.969 0.99
yolo8-2 1 57.969 0.99
yolo8-6 1 57.969 0.99
yolo9-1 1 57.969 0.99
Sum of bandwidth: 5077.664599999999
Sum of weights: 9.603
Average accuracy: 0.9562709569926064
time: 0.15422868728637695
**time: 7
========Allocate Done=============
audio1-7 0.8757666090135514 603.153440000001 0.74
audio10-5 0.6 413.54724 0.32
audio11-2 0.6 413.54724 0.32
audio3-5 1 688.5713999999999 0.9
audio4-5 0.4 276.03516 0.25
audio6-3 1 688.5713999999999 0.9
audio7-1 1 688.5713999999999 0.9
audio8-7 0.4 276.03516 0.25
audio9-2 0.4 276.03516 0.25
yolo1-1 1 57.969 0.99
yolo1-3 1 57.969 0.99
yolo10-0 1 57.969 0.99
yolo12-1 1 57.969 0.99
yolo12-3 1 57.969 0.99
yolo3-1 1 57.969 0.99
yolo3-5 1 57.969 0.99
yolo5-1 1 57.969 0.99
yolo5-2 1 57.969 0.99
yolo7-7 1 57.969 0.99
yolo8-1 1 57.969 0.99
yolo8-2 1 57.969 0.99
yolo8-6 1 57.969 0.99
Sum of bandwidth: 5077.664600000001
Sum of weights: 9.364000000000003
Average accuracy: 0.9175010679196921
time: 0.008142709732055664
**time: 8
========Allocate Done=============
audio1-7 1 688.5713999999999 0.9
audio10-5 1 688.5713999999999 0.9
audio11-2 1 688.5713999999999 0.9
audio3-5 1 688.5713999999999 0.9
audio4-5 0.4 276.03516 0.25
audio6-3 1 688.5713999999999 0.9
audio8-7 0.9542529499953752 657.1175400000001 0.9
yolo1-1 1 57.969 0.99
yolo1-3 1 57.969 0.99
yolo10-0 1 57.969 0.99
yolo12-1 1 57.969 0.99
yolo12-3 1 57.969 0.99
yolo3-1 1 57.969 0.99
yolo3-5 1 57.969 0.99
yolo5-1 1 57.969 0.99
yolo5-2 1 57.969 0.99
yolo7-7 1 57.969 0.99
yolo8-2 1 57.969 0.99
yolo8-6 1 57.969 0.99
audio5-edge-0 0.4 0.0527 0.25
Sum of bandwidth: 5071.6904
Sum of weights: 8.052999999999999
Average accuracy: 0.9633912827517697
time: 0.7834646701812744
**time: 9
========Allocate Done=============
audio1-7 0.6 413.54724 0.32
audio10-5 0.5254638574298353 362.2991400000005 0.3
audio10-9 0.5 344.7912 0.3
audio11-2 0.5 344.7912 0.3
audio11-9 0.5 344.7912 0.3
audio2-9 1 688.5713999999999 0.9
audio3-5 1 688.5713999999999 0.9
audio4-5 0.4 276.03516 0.25
audio6-3 1 688.5713999999999 0.9
audio8-7 0.4 276.03516 0.25
yolo1-1 1 57.969 0.99
yolo10-0 1 57.969 0.99
yolo12-1 1 57.969 0.99
yolo12-3 1 57.969 0.99
yolo3-1 1 57.969 0.99
yolo3-5 1 57.969 0.99
yolo5-1 1 57.969 0.99
yolo5-2 1 57.969 0.99
yolo7-7 1 57.969 0.99
yolo8-6 1 57.969 0.99
yolo8-9 1 57.969 0.99
audio5-edge-0 0.4 0.0527 0.25
Sum of bandwidth: 5065.716200000002
Sum of weights: 8.823000000000002
Average accuracy: 0.8778068684121045
time: 0.09310412406921387
**time: 10
========Allocate Done=============
audio1-7 1 688.5713999999999 0.9
audio10-5 0.9024797821398661 621.5203599999992 0.84
audio10-9 0.6 413.54724 0.32
audio11-2 0.6 413.54724 0.32
audio11-9 0.6 413.54724 0.32
audio2-9 1 688.5713999999999 0.9
audio3-10 1 688.5713999999999 0.9
audio4-5 0.4 276.03516 0.25
audio8-7 0.4 276.03516 0.25
yolo1-1 1 57.969 0.99
yolo10-10 1 57.969 0.99
yolo12-1 1 57.969 0.99
yolo12-3 1 57.969 0.99
yolo3-1 1 57.969 0.99
yolo3-10 1 57.969 0.99
yolo3-5 1 57.969 0.99
yolo7-7 1 57.969 0.99
yolo8-9 1 57.969 0.99
yolo9-10 1 57.969 0.99
audio5-edge-0 0.4 0.0527 0.25
audio6-edge-3 1 0.0527 0.9
Sum of bandwidth: 5059.742
Sum of weights: 9.724999999999998
Average accuracy: 0.9119948586118254
time: 0.3832690715789795
**time: 11
========Allocate Done=============
audio10-5 0.5 344.7912 0.3
audio10-9 0.5 344.7912 0.3
audio11-2 0.5 344.7912 0.3
audio11-9 0.47516110584611854 327.7129599999996 0.27
audio12-11 0.4 276.03516 0.25
audio2-9 1 688.5713999999999 0.9
audio3-10 1 688.5713999999999 0.9
audio4-5 0.4 276.03516 0.25
audio5-11 0.4 276.03516 0.25
audio7-11 1 688.5713999999999 0.9
audio8-7 0.4 276.03516 0.25
yolo10-10 1 57.969 0.99
yolo12-1 1 57.969 0.99
yolo12-3 1 57.969 0.99
yolo3-1 1 57.969 0.99
yolo3-10 1 57.969 0.99
yolo5-11 1 57.969 0.99
yolo7-7 1 57.969 0.99
yolo8-9 1 57.969 0.99
yolo9-10 1 57.969 0.99
audio5-edge-0 0.4 0.0527 0.25
audio6-edge-3 1 0.0527 0.9
Sum of bandwidth: 5053.7678000000005
Sum of weights: 9.472999999999999
Average accuracy: 0.874972025757416
time: 0.16413187980651855
**time: 12
========Allocate Done=============
audio10-5 0.4 276.03516 0.25
audio10-9 0.4 276.03516 0.25
audio11-2 0.4 276.03516 0.25
audio11-9 0.4 276.03516 0.25
audio12-11 0.4 276.03516 0.25
audio2-9 1 688.5713999999999 0.9
audio3-10 0.9737673373859226 670.5348599999999 0.9
audio4-5 0.4 276.03516 0.25
audio5-11 0.4 276.03516 0.25
audio7-11 1 688.5713999999999 0.9
audio8-12 0.4 276.03516 0.25
audio8-7 0.4 276.03516 0.25
yolo10-10 1 57.969 0.99
yolo12-1 1 57.969 0.99
yolo12-3 1 57.969 0.99
yolo3-1 1 57.969 0.99
yolo3-10 1 57.969 0.99
yolo5-11 1 57.969 0.99
yolo7-7 1 57.969 0.99
yolo8-9 1 57.969 0.99
yolo9-10 1 57.969 0.99
audio6-edge-3 1 0.0527 0.9
Sum of bandwidth: 5053.7678000000005
Sum of weights: 9.577
Average accuracy: 0.8647060666179388
time: 0.6468544006347656
**time: 13
========Allocate Done=============
audio10-5 0.4 276.03516 0.25
audio10-9 0.4 276.03516 0.25
audio11-2 0.4 276.03516 0.25
audio11-9 0.4 276.03516 0.25
audio12-11 0.4 276.03516 0.25
audio12-13 0.4 276.03516 0.25
audio2-9 1 688.5713999999999 0.9
audio3-10 0.4 276.03516 0.25
audio4-5 0.4 276.03516 0.25
audio5-11 0.4 276.03516 0.25
audio7-11 0.5952043485925038 410.24994000000135 0.32
audio7-13 0.5 344.7912 0.3
audio8-12 0.4 276.03516 0.25
audio8-7 0.4 276.03516 0.25
yolo10-10 1 57.969 0.99
yolo10-13 1 57.969 0.99
yolo12-1 1 57.969 0.99
yolo12-3 1 57.969 0.99
yolo3-1 1 57.969 0.99
yolo3-10 1 57.969 0.99
yolo5-11 1 57.969 0.99
yolo7-7 1 57.969 0.99
yolo8-9 1 57.969 0.99
yolo9-10 1 57.969 0.99
audio6-edge-3 1 0.0527 0.9
Sum of bandwidth: 5059.742000000002
Sum of weights: 11.208999999999998
Average accuracy: 0.7417717905254706
time: 0.14176321029663086
**time: 14
========Allocate Done=============
audio10-5 0.4 276.03516 0.25
audio10-9 0.4 276.03516 0.25
audio11-9 0.4 276.03516 0.25
audio12-11 0.4 276.03516 0.25
audio12-13 0.4 276.03516 0.25
audio2-9 1 688.5713999999999 0.9
audio3-10 0.4 276.03516 0.25
audio4-5 0.4 276.03516 0.25
audio5-11 0.4 276.03516 0.25
audio5-14 0.4 276.03516 0.25
audio7-11 0.6465253089037721 445.53620000000114 0.34
audio7-13 0.6 413.54724 0.32
audio8-12 0.4 276.03516 0.25
audio8-7 0.4 276.03516 0.25
yolo1-14 1 57.969 0.99
yolo10-10 1 57.969 0.99
yolo10-13 1 57.969 0.99
yolo12-3 1 57.969 0.99
yolo3-10 1 57.969 0.99
yolo5-11 1 57.969 0.99
yolo7-7 1 57.969 0.99
yolo9-10 1 57.969 0.99
Sum of bandwidth: 5047.793600000002
Sum of weights: 9.015
Average accuracy: 0.7098624514697724
time: 0.0682981014251709
**time: 15
========Allocate Done=============
audio10-15 0.4 276.03516 0.25
audio10-5 0.4 276.03516 0.25
audio10-9 0.4 276.03516 0.25
audio11-9 0.4 276.03516 0.25
audio12-11 0.4 276.03516 0.25
audio12-13 0.4 276.03516 0.25
audio2-9 1 688.5713999999999 0.9
audio3-10 0.6479957251755616 446.5471999999992 0.34
audio4-5 0.4 276.03516 0.25
audio5-11 0.4 276.03516 0.25
audio5-14 0.4 276.03516 0.25
audio7-13 1 688.5713999999999 0.9
audio8-12 0.4 276.03516 0.25
yolo1-14 1 57.969 0.99
yolo10-10 1 57.969 0.99
yolo10-13 1 57.969 0.99
yolo3-10 1 57.969 0.99
yolo5-11 1 57.969 0.99
yolo5-15 1 57.969 0.99
yolo8-15 1 57.969 0.99
yolo9-10 1 57.969 0.99
Sum of bandwidth: 5047.793599999999
Sum of weights: 7.840000000000001
Average accuracy: 0.8003227040816324
time: 0.22908949851989746
**time: 16
========Allocate Done=============
audio10-15 1 688.5713999999999 0.9
audio12-11 1 688.5713999999999 0.9
audio12-13 1 688.5713999999999 0.9
audio12-16 1 688.5713999999999 0.9
audio3-10 1 688.5713999999999 0.9
audio5-14 0.4 276.03516 0.25
audio8-12 0.6553478065345218 451.60219999999845 0.34
audio8-16 0.6 413.54724 0.32
yolo1-14 1 57.969 0.99
yolo10-10 1 57.969 0.99
yolo10-13 1 57.969 0.99
yolo2-16 1 57.969 0.99
yolo5-15 1 57.969 0.99
yolo7-16 1 57.969 0.99
yolo8-15 1 57.969 0.99
yolo9-10 1 57.969 0.99
Sum of bandwidth: 5047.793599999998
Sum of weights: 6.098
Average accuracy: 0.9466693998032142
time: 0.003199338912963867
**time: 17
========Allocate Done=============
audio10-15 1 688.5713999999999 0.9
audio12-11 1 688.5713999999999 0.9
audio12-13 1 688.5713999999999 0.9
audio12-16 1 688.5713999999999 0.9
audio3-10 1 688.5713999999999 0.9
audio5-14 0.4 276.03516 0.25
audio8-12 0.5176822865307527 356.94883999999894 0.3
audio8-16 0.5 344.7912 0.3
yolo1-14 1 57.969 0.99
yolo10-10 1 57.969 0.99
yolo10-13 1 57.969 0.99
yolo12-17 1 57.969 0.99
yolo2-16 1 57.969 0.99
yolo5-15 1 57.969 0.99
yolo5-17 1 57.969 0.99
yolo7-16 1 57.969 0.99
yolo8-15 1 57.969 0.99
yolo9-10 1 57.969 0.99
yolo5-edge-11 1 34.18 0.99
yolo5-edge-15 1 34.18 0.99
Sum of bandwidth: 5068.682199999999
Sum of weights: 7.2669999999999995
Average accuracy: 0.9527480390807761
time: 0.007713794708251953
**time: 18
========Allocate Done=============
audio12-11 1 688.5713999999999 0.9
audio12-13 1 688.5713999999999 0.9
audio12-16 1 688.5713999999999 0.9
audio2-18 1 688.5713999999999 0.9
audio3-10 1 688.5713999999999 0.9
audio5-14 0.4 276.03516 0.25
audio8-16 0.6933044427805889 477.6996799999988 0.36
audio9-18 0.4 276.03516 0.25
yolo1-14 1 57.969 0.99
yolo10-10 1 57.969 0.99
yolo10-13 1 57.969 0.99
yolo12-17 1 57.969 0.99
yolo2-16 1 57.969 0.99
yolo5-17 1 57.969 0.99
yolo7-16 1 57.969 0.99
yolo8-15 1 57.969 0.99
yolo9-10 1 57.969 0.99
yolo5-edge-11 1 34.18 0.99
yolo5-edge-15 1 34.18 0.99
Sum of bandwidth: 5062.708
Sum of weights: 7.805000000000001
Average accuracy: 0.9490608584240869
time: 0.00505518913269043
**time: 19
========Allocate Done=============
audio1-19 1 688.5713999999999 0.9
audio10-19 1 688.5713999999999 0.9
audio12-13 1 688.5713999999999 0.9
audio12-16 0.6176822865307506 425.7048799999975 0.32
audio2-18 1 688.5713999999999 0.9
audio7-19 1 688.5713999999999 0.9
audio8-16 0.4 276.03516 0.25
audio9-18 0.4 276.03516 0.25
yolo1-14 1 57.969 0.99
yolo10-13 1 57.969 0.99
yolo10-19 1 57.969 0.99
yolo12-17 1 57.969 0.99
yolo2-16 1 57.969 0.99
yolo5-17 1 57.969 0.99
yolo7-16 1 57.969 0.99
yolo8-19 1 57.969 0.99
yolo9-10 1 57.969 0.99
yolo9-19 1 57.969 0.99
yolo5-edge-11 1 34.18 0.99
yolo5-edge-15 1 34.18 0.99
Sum of bandwidth: 5068.682199999998
Sum of weights: 9.256999999999998
Average accuracy: 0.9371923949443665
time: 0.047571659088134766
**time: 20
========Allocate Done=============
audio1-19 0.6649675577592871 458.21635999999853 0.34
audio10-19 0.6 413.54724 0.32
audio12-13 0.6 413.54724 0.32
audio12-16 0.6 413.54724 0.32
audio2-18 1 688.5713999999999 0.9
audio3-20 1 688.5713999999999 0.9
audio7-19 1 688.5713999999999 0.9
audio8-16 0.4 276.03516 0.25
audio9-18 0.4 276.03516 0.25
yolo1-14 1 57.969 0.99
yolo10-13 1 57.969 0.99
yolo10-19 1 57.969 0.99
yolo12-17 1 57.969 0.99
yolo2-16 1 57.969 0.99
yolo3-20 1 57.969 0.99
yolo4-20 1 57.969 0.99
yolo5-17 1 57.969 0.99
yolo7-16 1 57.969 0.99
yolo8-19 1 57.969 0.99
yolo9-10 1 57.969 0.99
yolo9-19 1 57.969 0.99
yolo5-edge-11 1 34.18 0.99
yolo5-edge-15 1 34.18 0.99
Sum of bandwidth: 5080.6305999999995
Sum of weights: 11.447999999999999
Average accuracy: 0.9136451781970651
time: 0.016525983810424805
**time: 21
========Allocate Done=============
audio1-19 0.4 276.03516 0.25
audio10-19 0.4 276.03516 0.25
audio11-21 0.4 276.03516 0.25
audio12-16 0.4 276.03516 0.25
audio2-18 1 688.5713999999999 0.9
audio3-20 0.537648881465542 370.6770800000007 0.3
audio4-21 0.4 276.03516 0.25
audio6-21 1 688.5713999999999 0.9
audio7-19 1 688.5713999999999 0.9
audio8-16 0.4 276.03516 0.25
audio9-18 0.4 276.03516 0.25
yolo1-14 1 57.969 0.99
yolo10-19 1 57.969 0.99
yolo11-21 1 57.969 0.99
yolo12-17 1 57.969 0.99
yolo2-16 1 57.969 0.99
yolo3-20 1 57.969 0.99
yolo4-20 1 57.969 0.99
yolo6-21 1 57.969 0.99
yolo7-16 1 57.969 0.99
yolo8-19 1 57.969 0.99
yolo9-19 1 57.969 0.99
yolo5-edge-11 1 34.18 0.99
yolo5-edge-15 1 34.18 0.99
Sum of bandwidth: 5074.656400000002
Sum of weights: 11.611999999999998
Average accuracy: 0.8733585945573545
time: 0.005499601364135742
**time: 22
========Allocate Done=============
audio1-19 0.4 276.03516 0.25
audio10-19 0.4 276.03516 0.25
audio11-21 0.4 276.03516 0.25
audio12-16 0.4 276.03516 0.25
audio2-18 1 688.5713999999999 0.9
audio3-20 0.4620267252157057 318.68228000000073 0.27
audio4-21 0.4 276.03516 0.25
audio6-21 1 688.5713999999999 0.9
audio7-19 1 688.5713999999999 0.9
audio8-16 0.4 276.03516 0.25
audio9-18 0.4 276.03516 0.25
yolo1-14 1 57.969 0.99
yolo10-19 1 57.969 0.99
yolo11-21 1 57.969 0.99
yolo12-17 1 57.969 0.99
yolo2-16 1 57.969 0.99
yolo2-22 1 57.969 0.99
yolo3-20 1 57.969 0.99
yolo4-20 1 57.969 0.99
yolo6-21 1 57.969 0.99
yolo7-16 1 57.969 0.99
yolo8-19 1 57.969 0.99
yolo9-19 1 57.969 0.99
yolo5-edge-11 1 34.18 0.99
yolo5-edge-15 1 34.18 0.99
Sum of bandwidth: 5080.630600000001
Sum of weights: 12.530999999999999
Average accuracy: 0.8806320325592529
time: 0.3735342025756836
**time: 23
========Allocate Done=============
audio1-19 0.6 413.54724 0.32
audio11-21 0.5405897140091257 372.6990800000001 0.31
audio2-18 1 688.5713999999999 0.9
audio3-20 1 688.5713999999999 0.9
audio4-21 0.4 276.03516 0.25
audio6-21 1 688.5713999999999 0.9
audio7-19 1 688.5713999999999 0.9
audio8-16 0.4 276.03516 0.25
audio9-18 0.4 276.03516 0.25
yolo1-14 1 57.969 0.99
yolo11-21 1 57.969 0.99
yolo12-17 1 57.969 0.99
yolo2-16 1 57.969 0.99
yolo2-22 1 57.969 0.99
yolo3-20 1 57.969 0.99
yolo4-20 1 57.969 0.99
yolo6-21 1 57.969 0.99
yolo6-23 1 57.969 0.99
yolo8-19 1 57.969 0.99
yolo9-19 1 57.969 0.99
yolo5-edge-11 1 34.18 0.99
yolo5-edge-15 1 34.18 0.99
Sum of bandwidth: 5074.656400000001
Sum of weights: 11.539
Average accuracy: 0.9277866366236242
time: 0.03172111511230469
**time: 24
========Allocate Done=============
audio11-21 0.4 276.03516 0.25
audio2-18 1 688.5713999999999 0.9
audio3-20 0.5240700889696384 361.3408400000001 0.3
audio3-24 0.5 344.7912 0.3
audio4-21 0.4 276.03516 0.25
audio4-24 0.4 276.03516 0.25
audio5-24 0.4 276.03516 0.25
audio6-21 1 688.5713999999999 0.9
audio7-19 1 688.5713999999999 0.9
audio8-16 0.4 276.03516 0.25
audio9-18 0.4 276.03516 0.25
yolo1-14 1 57.969 0.99
yolo11-21 1 57.969 0.99
yolo11-24 1 57.969 0.99
yolo2-16 1 57.969 0.99
yolo2-22 1 57.969 0.99
yolo3-20 1 57.969 0.99
yolo4-20 1 57.969 0.99
yolo6-21 1 57.969 0.99
yolo6-23 1 57.969 0.99
yolo8-19 1 57.969 0.99
yolo9-19 1 57.969 0.99
Sum of bandwidth: 5065.716200000001
Sum of weights: 11.515
Average accuracy: 0.8761128962223187
time: 0.0041768550872802734
**time: 25
========Allocate Done=============
audio11-21 0.4 276.03516 0.25
audio2-18 1 688.5713999999999 0.9
audio3-24 0.8741428971185657 602.0370399999998 0.74
audio4-21 0.4 276.03516 0.25
audio4-24 0.4 276.03516 0.25
audio5-24 0.4 276.03516 0.25
audio6-21 1 688.5713999999999 0.9
audio7-19 1 688.5713999999999 0.9
audio8-16 0.4 276.03516 0.25
audio9-18 0.4 276.03516 0.25
yolo1-14 1 57.969 0.99
yolo1-25 1 57.969 0.99
yolo10-25 1 57.969 0.99
yolo11-21 1 57.969 0.99
yolo11-24 1 57.969 0.99
yolo2-16 1 57.969 0.99
yolo2-22 1 57.969 0.99
yolo3-20 1 57.969 0.99
yolo4-20 1 57.969 0.99
yolo6-21 1 57.969 0.99
yolo6-23 1 57.969 0.99
yolo8-19 1 57.969 0.99
yolo9-19 1 57.969 0.99
audio1-edge-19 0.4 0.0527 0.25
audio7-edge-19 1 0.0527 0.9
Sum of bandwidth: 5077.6646
Sum of weights: 13.190000000000001
Average accuracy: 0.9195587566338133
time: 0.005519866943359375
**time: 26
========Allocate Done=============
audio11-21 1 688.5713999999999 0.9
audio2-18 1 688.5713999999999 0.9
audio3-24 1 688.5713999999999 0.9
audio4-21 0.6 413.54724 0.32
audio4-24 0.5795723546614931 399.5019999999981 0.31
audio5-24 0.4 276.03516 0.25
audio6-21 1 688.5713999999999 0.9
audio9-26 1 688.5713999999999 0.9
yolo1-25 1 57.969 0.99
yolo10-25 1 57.969 0.99
yolo10-26 1 57.969 0.99
yolo11-24 1 57.969 0.99
yolo2-22 1 57.969 0.99
yolo6-21 1 57.969 0.99
yolo6-23 1 57.969 0.99
yolo8-19 1 57.969 0.99
yolo9-19 1 57.969 0.99
audio1-edge-19 1 0.0527 0.9
audio7-edge-19 1 0.0527 0.9
Sum of bandwidth: 5053.767799999999
Sum of weights: 9.071000000000002
Average accuracy: 0.9487564766839375
time: 0.24001359939575195
**time: 27
========Allocate Done=============
audio11-21 1 688.5713999999999 0.9
audio4-21 1 688.5713999999999 0.9
audio4-24 1 688.5713999999999 0.9
audio5-24 0.5810427709332848 400.5129999999977 0.31
audio6-21 1 688.5713999999999 0.9
audio8-27 1 688.5713999999999 0.9
audio9-26 1 688.5713999999999 0.9
yolo1-25 1 57.969 0.99
yolo10-25 1 57.969 0.99
yolo10-26 1 57.969 0.99
yolo10-27 1 57.969 0.99
yolo11-24 1 57.969 0.99
yolo2-22 1 57.969 0.99
yolo6-21 1 57.969 0.99
yolo6-23 1 57.969 0.99
yolo9-19 1 57.969 0.99
audio1-edge-19 1 0.0527 0.9
audio7-edge-19 1 0.0527 0.9
Sum of bandwidth: 5053.767799999998
Sum of weights: 7.8919999999999995
Average accuracy: 0.9623998986315254
time: 0.0031926631927490234
**time: 28
========Allocate Done=============
audio4-21 1 688.5713999999999 0.9
audio4-24 1 688.5713999999999 0.9
audio4-28 1 688.5713999999999 0.9
audio5-24 0.5055739103066359 348.6235999999947 0.3
audio6-21 1 688.5713999999999 0.9
audio8-27 1 688.5713999999999 0.9
audio9-26 1 688.5713999999999 0.9
yolo1-25 1 57.969 0.99
yolo10-25 1 57.969 0.99
yolo10-26 1 57.969 0.99
yolo10-27 1 57.969 0.99
yolo11-24 1 57.969 0.99
yolo2-22 1 57.969 0.99
yolo6-21 1 57.969 0.99
yolo6-23 1 57.969 0.99
yolo7-28 1 57.969 0.99
yolo9-19 1 57.969 0.99
Sum of bandwidth: 5059.741999999995
Sum of weights: 7.067000000000001
Average accuracy: 0.9747474175746424
time: 0.003182649612426758
**time: 29
========Allocate Done=============
audio4-21 0.4 276.03516 0.25
audio4-24 0.4 276.03516 0.25
audio4-28 0.4 276.03516 0.25
audio5-24 0.4 276.03516 0.25
audio6-21 1 688.5713999999999 0.9
audio6-29 1 688.5713999999999 0.9
audio8-27 1 688.5713999999999 0.9
audio9-26 1 688.5713999999999 0.9
audio9-29 0.9782552340128933 673.6205599999985 0.9
yolo1-25 1 57.969 0.99
yolo10-25 1 57.969 0.99
yolo10-26 1 57.969 0.99
yolo10-27 1 57.969 0.99
yolo11-24 1 57.969 0.99
yolo2-22 1 57.969 0.99
yolo6-21 1 57.969 0.99
yolo6-23 1 57.969 0.99
yolo7-28 1 57.969 0.99
Sum of bandwidth: 5053.767799999999
Sum of weights: 7.1080000000000005
Average accuracy: 0.9550168823860437
time: 0.003277301788330078
**time: 30
========Allocate Done=============
audio4-24 0.6 413.54724 0.32
audio4-28 0.5797256502846849 399.6073999999981 0.31
audio5-24 0.4 276.03516 0.25
audio6-21 1 688.5713999999999 0.9
audio6-29 1 688.5713999999999 0.9
audio8-27 1 688.5713999999999 0.9
audio9-26 1 688.5713999999999 0.9
audio9-29 1 688.5713999999999 0.9
yolo1-25 1 57.969 0.99
yolo10-25 1 57.969 0.99
yolo10-26 1 57.969 0.99
yolo10-27 1 57.969 0.99
yolo11-24 1 57.969 0.99
yolo2-22 1 57.969 0.99
yolo6-21 1 57.969 0.99
yolo6-23 1 57.969 0.99
yolo7-28 1 57.969 0.99
Sum of bandwidth: 5053.767799999998
Sum of weights: 7.081000000000001
Average accuracy: 0.958200819093348
time: 0.006606101989746094
