num: 30 running time:30 bandwidth:5000
**time: 0
========Allocate Done=============
audio4-0 1 688.5713999999999 0.9
audio7-0 1 688.5713999999999 0.9
yolo9-0 1 57.969 0.99
Sum of bandwidth: 1435.1118
Sum of weights: 1.4260000000000002
Average accuracy: 0.9017671809256661
time: 0.021000146865844727
**time: 1
========Allocate Done=============
audio4-0 1 688.5713999999999 0.9
audio5-1 1 688.5713999999999 0.9
audio7-0 1 688.5713999999999 0.9
yolo12-1 1 57.969 0.99
yolo8-1 1 57.969 0.99
yolo9-0 1 57.969 0.99
Sum of bandwidth: 2239.6212
Sum of weights: 2.532
Average accuracy: 0.9190876777251185
time: 0.002172708511352539
**time: 2
========Allocate Done=============
audio10-2 1 688.5713999999999 0.9
audio4-0 1 688.5713999999999 0.9
audio5-1 1 688.5713999999999 0.9
yolo12-1 1 57.969 0.99
yolo12-2 1 57.969 0.99
yolo2-2 1 57.969 0.99
yolo8-1 1 57.969 0.99
yolo9-0 1 57.969 0.99
yolo9-2 1 57.969 0.99
Sum of bandwidth: 2413.5282
Sum of weights: 3.213
Average accuracy: 0.9461904761904761
time: 0.0013287067413330078
**time: 3
========Allocate Done=============
audio10-2 1 688.5713999999999 0.9
audio3-3 1 688.5713999999999 0.9
audio4-0 1 688.5713999999999 0.9
audio5-1 1 688.5713999999999 0.9
audio7-3 1 688.5713999999999 0.9
audio9-3 1 688.5713999999999 0.9
yolo12-1 1 57.969 0.99
yolo12-2 1 57.969 0.99
yolo2-2 1 57.969 0.99
yolo8-1 1 57.969 0.99
yolo9-0 1 57.969 0.99
yolo9-2 1 57.969 0.99
Sum of bandwidth: 4479.2424
Sum of weights: 4.711999999999999
Average accuracy: 0.9314961799660446
time: 0.002168416976928711
**time: 4
========Allocate Done=============
audio10-2 0.4 276.03516 0.25
audio3-3 0.4 276.03516 0.25
audio4-0 1 688.5713999999999 0.9
audio4-4 1 688.5713999999999 0.9
audio5-1 1 688.5713999999999 0.9
audio7-3 0.8553478065345248 589.1142800000005 0.67
audio8-4 1 688.5713999999999 0.9
audio9-3 1 688.5713999999999 0.9
yolo10-4 1 57.969 0.99
yolo12-1 1 57.969 0.99
yolo12-2 1 57.969 0.99
yolo2-2 1 57.969 0.99
yolo5-4 1 57.969 0.99
yolo8-1 1 57.969 0.99
yolo9-0 1 57.969 0.99
yolo9-2 1 57.969 0.99
Sum of bandwidth: 5047.7936
Sum of weights: 7.323999999999999
Average accuracy: 0.8762520480611691
time: 0.0026755332946777344
**time: 5
========Allocate Done=============
audio10-2 0.4 276.03516 0.25
audio10-5 0.4 276.03516 0.25
audio3-3 0.4 276.03516 0.25
audio4-0 1 688.5713999999999 0.9
audio4-4 1 688.5713999999999 0.9
audio5-1 1 688.5713999999999 0.9
audio7-3 0.4538773902627326 313.07912000000056 0.27
audio8-4 1 688.5713999999999 0.9
audio9-3 1 688.5713999999999 0.9
yolo10-4 1 57.969 0.99
yolo12-1 1 57.969 0.99
yolo12-2 1 57.969 0.99
yolo2-2 1 57.969 0.99
yolo5-4 1 57.969 0.99
yolo5-5 1 57.969 0.99
yolo8-1 1 57.969 0.99
yolo9-2 1 57.969 0.99
Sum of bandwidth: 5047.7936
Sum of weights: 7.887999999999999
Average accuracy: 0.854869421906694
time: 0.8725361824035645
**time: 6
========Allocate Done=============
audio10-2 0.4 276.03516 0.25
audio10-5 0.4 276.03516 0.25
audio3-3 0.4 276.03516 0.25
audio3-6 0.4 276.03516 0.25
audio4-0 1 688.5713999999999 0.9
audio4-4 1 688.5713999999999 0.9
audio5-1 0.4 276.03516 0.25
audio7-3 0.4 276.03516 0.25
audio8-4 1 688.5713999999999 0.9
audio8-6 0.7218441899795278 497.32248000000016 0.42
audio9-3 0.4 276.03516 0.25
yolo10-4 1 57.969 0.99
yolo12-1 1 57.969 0.99
yolo12-2 1 57.969 0.99
yolo12-6 1 57.969 0.99
yolo2-2 1 57.969 0.99
yolo2-6 1 57.969 0.99
yolo5-4 1 57.969 0.99
yolo5-5 1 57.969 0.99
yolo7-6 1 57.969 0.99
yolo9-2 0.71 42.7382 0.955
Sum of bandwidth: 5059.742
Sum of weights: 10.602
Average accuracy: 0.7379418977551405
time: 0.18797516822814941
**time: 7
========Allocate Done=============
audio10-5 0.4 276.03516 0.25
audio3-3 0.4 276.03516 0.25
audio3-6 0.4 276.03516 0.25
audio4-4 1 688.5713999999999 0.9
audio7-3 0.6 413.54724 0.32
audio7-7 0.5513887652633886 380.1240800000016 0.31
audio8-4 1 688.5713999999999 0.9
audio8-6 1 688.5713999999999 0.9
audio9-3 1 688.5713999999999 0.9
yolo10-4 1 57.969 0.99
yolo12-1 1 57.969 0.99
yolo12-2 1 57.969 0.99
yolo12-6 1 57.969 0.99
yolo2-2 1 57.969 0.99
yolo2-6 1 57.969 0.99
yolo4-7 1 57.969 0.99
yolo5-4 1 57.969 0.99
yolo5-5 1 57.969 0.99
yolo7-6 1 57.969 0.99
yolo8-7 1 57.969 0.99
yolo9-2 1 57.969 0.99
Sum of bandwidth: 5071.690400000001
Sum of weights: 10.036
Average accuracy: 0.8346203666799523
time: 0.12737083435058594
**time: 8
========Allocate Done=============
audio10-5 0.4 276.03516 0.25
audio12-8 0.4 276.03516 0.25
audio3-3 0.4 276.03516 0.25
audio3-6 0.4 276.03516 0.25
audio4-4 1 688.5713999999999 0.9
audio7-7 0.675766609013553 465.6413600000021 0.34
audio8-4 1 688.5713999999999 0.9
audio8-6 1 688.5713999999999 0.9
audio9-3 1 688.5713999999999 0.9
yolo10-4 1 57.969 0.99
yolo11-8 1 57.969 0.99
yolo12-1 1 57.969 0.99
yolo12-2 1 57.969 0.99
yolo12-6 1 57.969 0.99
yolo2-2 1 57.969 0.99
yolo2-6 1 57.969 0.99
yolo4-7 1 57.969 0.99
yolo5-4 1 57.969 0.99
yolo5-5 1 57.969 0.99
yolo7-6 1 57.969 0.99
yolo8-7 1 57.969 0.99
yolo9-2 1 57.969 0.99
Sum of bandwidth: 5077.664600000002
Sum of weights: 9.863
Average accuracy: 0.8622690864848426
time: 0.3989841938018799
**time: 9
========Allocate Done=============
audio10-5 0.4 276.03516 0.25
audio10-9 0.4 276.03516 0.25
audio12-8 0.4 276.03516 0.25
audio3-3 0.4 276.03516 0.25
audio3-6 0.4 276.03516 0.25
audio4-4 1 688.5713999999999 0.9
audio7-7 0.4 276.03516 0.25
audio8-4 1 688.5713999999999 0.9
audio8-6 1 688.5713999999999 0.9
audio8-9 0.6462220337296911 445.32767999999993 0.34
audio9-3 0.4 276.03516 0.25
yolo11-8 1 57.969 0.99
yolo12-1 1 57.969 0.99
yolo12-2 1 57.969 0.99
yolo12-6 1 57.969 0.99
yolo2-2 1 57.969 0.99
yolo2-6 1 57.969 0.99
yolo4-7 1 57.969 0.99
yolo5-4 1 57.969 0.99
yolo7-6 1 57.969 0.99
yolo8-7 1 57.969 0.99
yolo9-2 0.71 42.7382 0.955
Sum of bandwidth: 5065.7162
Sum of weights: 10.02
Average accuracy: 0.7564001996007984
time: 0.003837108612060547
**time: 10
========Allocate Done=============
audio10-5 0.4 276.03516 0.25
audio10-9 0.4 276.03516 0.25
audio12-8 0.4 276.03516 0.25
audio3-6 0.4 276.03516 0.25
audio4-4 1 688.5713999999999 0.9
audio7-7 0.8268576258900314 569.5255600000003 0.67
audio8-4 1 688.5713999999999 0.9
audio8-6 1 688.5713999999999 0.9
audio8-9 1 688.5713999999999 0.9
yolo10-10 1 57.969 0.99
yolo11-8 1 57.969 0.99
yolo12-2 1 57.969 0.99
yolo12-6 1 57.969 0.99
yolo2-2 1 57.969 0.99
yolo4-7 1 57.969 0.99
yolo5-4 1 57.969 0.99
yolo6-10 1 57.969 0.99
yolo7-6 1 57.969 0.99
yolo8-7 1 57.969 0.99
yolo9-2 1 57.969 0.99
audio4-edge-0 1 0.0527 0.9
audio4-edge-4 1 0.0527 0.9
Sum of bandwidth: 5065.716200000001
Sum of weights: 10.519999999999998
Average accuracy: 0.8906397338403045
time: 0.3401970863342285
**time: 11
========Allocate Done=============
audio10-5 0.4 276.03516 0.25
audio10-9 0.4 276.03516 0.25
audio12-11 0.4 276.03516 0.25
audio12-8 0.4 276.03516 0.25
audio3-6 0.4 276.03516 0.25
audio4-11 1 688.5713999999999 0.9
audio7-7 0.42538720961823856 293.49039999999997 0.25
audio8-4 1 688.5713999999999 0.9
audio8-6 1 688.5713999999999 0.9
audio8-9 1 688.5713999999999 0.9
yolo1-11 1 57.969 0.99
yolo10-10 1 57.969 0.99
yolo12-2 1 57.969 0.99
yolo12-6 1 57.969 0.99
yolo2-11 1 57.969 0.99
yolo4-7 1 57.969 0.99
yolo6-10 1 57.969 0.99
yolo7-6 1 57.969 0.99
yolo8-11 1 57.969 0.99
yolo8-7 1 57.969 0.99
yolo9-2 1 57.969 0.99
audio4-edge-0 1 0.0527 0.9
audio4-edge-4 1 0.0527 0.9
Sum of bandwidth: 5065.716200000001
Sum of weights: 10.284999999999998
Average accuracy: 0.8647914438502675
time: 0.5189368724822998
**time: 12
========Allocate Done=============
audio1-12 0.4 276.03516 0.25
audio10-5 0.4 276.03516 0.25
audio10-9 0.4 276.03516 0.25
audio12-11 0.4 276.03516 0.25
audio3-12 0.4 276.03516 0.25
audio3-6 0.4 276.03516 0.25
audio4-11 1 688.5713999999999 0.9
audio7-7 0.9499183489915944 654.1372400000002 0.84
audio8-6 1 688.5713999999999 0.9
audio8-9 1 688.5713999999999 0.9
yolo1-11 1 57.969 0.99
yolo10-10 1 57.969 0.99
yolo12-12 1 57.969 0.99
yolo12-2 1 57.969 0.99
yolo12-6 1 57.969 0.99
yolo2-11 1 57.969 0.99
yolo4-7 1 57.969 0.99
yolo6-10 1 57.969 0.99
yolo7-12 1 57.969 0.99
yolo7-6 1 57.969 0.99
yolo8-11 1 57.969 0.99
yolo8-7 1 57.969 0.99
Sum of bandwidth: 5071.6904
Sum of weights: 8.765999999999998
Average accuracy: 0.8714419347478898
time: 0.17607855796813965
**time: 13
========Allocate Done=============
audio1-12 0.4 276.03516 0.25
audio10-5 0.4 276.03516 0.25
audio10-9 0.4 276.03516 0.25
audio12-11 0.4 276.03516 0.25
audio3-12 0.4 276.03516 0.25
audio3-6 0.4 276.03516 0.25
audio4-11 1 688.5713999999999 0.9
audio6-13 0.4 276.03516 0.25
audio7-13 0.4 276.03516 0.25
audio7-7 0.4 276.03516 0.25
audio8-6 1 688.5713999999999 0.9
audio8-9 0.6178851487083912 425.8443600000009 0.32
yolo1-11 1 57.969 0.99
yolo10-10 1 57.969 0.99
yolo12-12 1 57.969 0.99
yolo12-2 1 57.969 0.99
yolo12-6 1 57.969 0.99
yolo2-11 1 57.969 0.99
yolo4-7 1 57.969 0.99
yolo5-13 1 57.969 0.99
yolo6-10 1 57.969 0.99
yolo7-12 1 57.969 0.99
yolo7-6 1 57.969 0.99
yolo8-11 1 57.969 0.99
yolo8-7 1 57.969 0.99
yolo9-13 0.71 42.7382 0.955
Sum of bandwidth: 5083.638800000001
Sum of weights: 10.331
Average accuracy: 0.7395963604684931
time: 0.006672382354736328
**time: 14
========Allocate Done=============
audio1-12 0.4 276.03516 0.25
audio10-5 0.4 276.03516 0.25
audio10-9 0.4 276.03516 0.25
audio12-11 0.4 276.03516 0.25
audio3-12 0.4 276.03516 0.25
audio3-6 0.4 276.03516 0.25
audio4-11 1 688.5713999999999 0.9
audio6-13 0.4 276.03516 0.25
audio7-13 0.4 276.03516 0.25
audio7-7 0.4 276.03516 0.25
audio8-6 0.7375484684690986 508.12012000000084 0.42
audio8-9 0.6 413.54724 0.32
yolo1-11 1 57.969 0.99
yolo10-10 1 57.969 0.99
yolo12-12 1 57.969 0.99
yolo12-14 1 57.969 0.99
yolo12-2 1 57.969 0.99
yolo12-6 1 57.969 0.99
yolo2-11 1 57.969 0.99
yolo2-14 1 57.969 0.99
yolo4-14 1 57.969 0.99
yolo5-13 1 57.969 0.99
yolo6-10 1 57.969 0.99
yolo6-14 1 57.969 0.99
yolo7-12 1 57.969 0.99
yolo8-11 1 57.969 0.99
yolo8-14 1 57.969 0.99
yolo8-7 1 57.969 0.99
yolo9-13 0.71 42.7382 0.955
yolo9-14 0.71 42.7382 0.955
Sum of bandwidth: 5107.5356
Sum of weights: 11.608999999999998
Average accuracy: 0.7298242742699631
time: 0.6003108024597168
**time: 15
========Allocate Done=============
audio1-12 0.4 276.03516 0.25
audio10-5 0.4 276.03516 0.25
audio10-9 0.4 276.03516 0.25
audio12-11 0.4 276.03516 0.25
audio3-12 0.4 276.03516 0.25
audio3-6 0.4 276.03516 0.25
audio4-11 1 688.5713999999999 0.9
audio6-13 0.4 276.03516 0.25
audio7-13 0.4 276.03516 0.25
audio7-7 0.4 276.03516 0.25
audio8-6 0.6 413.54724 0.32
audio8-9 0.5861508603462345 404.02512000000115 0.31
yolo1-11 1 57.969 0.99
yolo10-10 1 57.969 0.99
yolo12-12 1 57.969 0.99
yolo12-14 1 57.969 0.99
yolo12-2 1 57.969 0.99
yolo12-6 1 57.969 0.99
yolo2-11 1 57.969 0.99
yolo2-14 1 57.969 0.99
yolo4-14 1 57.969 0.99
yolo5-13 1 57.969 0.99
yolo5-15 1 57.969 0.99
yolo6-10 1 57.969 0.99
yolo6-14 1 57.969 0.99
yolo7-12 1 57.969 0.99
yolo7-15 1 57.969 0.99
yolo8-11 1 57.969 0.99
yolo8-14 1 57.969 0.99
yolo8-7 1 57.969 0.99
yolo9-13 0.71 42.7382 0.955
yolo9-14 0.71 42.7382 0.955
audio4-edge-11 1 0.0527 0.9
audio8-edge-6 0.5 0.0527 0.3
Sum of bandwidth: 5119.484000000001
Sum of weights: 14.560999999999998
Average accuracy: 0.7274191333012845
time: 0.01390981674194336
**time: 16
========Allocate Done=============
audio10-9 1 688.5713999999999 0.9
audio3-12 1 688.5713999999999 0.9
audio3-6 1 688.5713999999999 0.9
audio6-13 1 688.5713999999999 0.9
audio7-13 1 688.5713999999999 0.9
audio8-9 1 688.5713999999999 0.9
yolo10-10 1 57.969 0.99
yolo12-12 1 57.969 0.99
yolo2-11 1 57.969 0.99
yolo2-14 1 57.969 0.99
yolo4-14 1 57.969 0.99
yolo5-13 1 57.969 0.99
yolo5-15 1 57.969 0.99
yolo6-10 1 57.969 0.99
yolo7-12 1 57.969 0.99
yolo7-15 1 57.969 0.99
yolo8-11 1 57.969 0.99
yolo8-14 1 57.969 0.99
yolo9-13 1 57.969 0.99
yolo9-14 1 57.969 0.99
audio4-edge-11 1 0.0527 0.9
audio8-edge-6 1 0.0527 0.9
Sum of bandwidth: 4943.099800000001
Sum of weights: 10.306999999999999
Average accuracy: 0.9504356262734067
time: 0.004391670227050781
**time: 17
========Allocate Done=============
audio10-9 1 688.5713999999999 0.9
audio3-12 1 688.5713999999999 0.9
audio3-6 1 688.5713999999999 0.9
audio6-17 1 688.5713999999999 0.9
audio7-13 1 688.5713999999999 0.9
audio8-17 1 688.5713999999999 0.9
yolo10-10 1 57.969 0.99
yolo12-12 1 57.969 0.99
yolo12-16 1 57.969 0.99
yolo2-14 1 57.969 0.99
yolo4-14 1 57.969 0.99
yolo5-13 1 57.969 0.99
yolo5-15 1 57.969 0.99
yolo6-10 1 57.969 0.99
yolo7-12 1 57.969 0.99
yolo7-15 1 57.969 0.99
yolo7-17 1 57.969 0.99
yolo8-11 1 57.969 0.99
yolo8-14 1 57.969 0.99
yolo8-16 1 57.969 0.99
yolo9-13 1 57.969 0.99
yolo9-14 1 57.969 0.99
audio4-edge-11 1 0.0527 0.9
audio8-edge-6 1 0.0527 0.9
Sum of bandwidth: 5059.037800000001
Sum of weights: 10.587999999999997
Average accuracy: 0.9514856441254254
time: 0.009398460388183594
**time: 18
========Allocate Done=============
audio10-9 1 688.5713999999999 0.9
audio12-18 0.9776125850179853 673.1786999999999 0.9
audio3-12 1 688.5713999999999 0.9
audio6-17 1 688.5713999999999 0.9
audio7-13 1 688.5713999999999 0.9
audio8-17 1 688.5713999999999 0.9
yolo10-10 1 57.969 0.99
yolo12-12 1 57.969 0.99
yolo12-16 1 57.969 0.99
yolo2-14 1 57.969 0.99
yolo2-18 1 57.969 0.99
yolo4-14 1 57.969 0.99
yolo5-13 1 57.969 0.99
yolo5-15 1 57.969 0.99
yolo6-10 1 57.969 0.99
yolo7-12 1 57.969 0.99
yolo7-15 1 57.969 0.99
yolo7-17 1 57.969 0.99
yolo8-11 1 57.969 0.99
yolo8-14 1 57.969 0.99
yolo8-16 1 57.969 0.99
yolo9-13 1 57.969 0.99
yolo9-14 1 57.969 0.99
audio4-edge-11 1 0.0527 0.9
Sum of bandwidth: 5101.5614000000005
Sum of weights: 10.183999999999997
Average accuracy: 0.9608277690494897
time: 0.09453344345092773
**time: 19
========Allocate Done=============
audio10-9 1 688.5713999999999 0.9
audio12-18 1 688.5713999999999 0.9
audio5-19 1 688.5713999999999 0.9
audio6-17 1 688.5713999999999 0.9
audio7-13 1 688.5713999999999 0.9
audio8-17 1 688.5713999999999 0.9
yolo12-12 1 57.969 0.99
yolo12-16 1 57.969 0.99
yolo12-19 1 57.969 0.99
yolo2-14 1 57.969 0.99
yolo2-18 1 57.969 0.99
yolo4-14 1 57.969 0.99
yolo5-13 1 57.969 0.99
yolo5-15 1 57.969 0.99
yolo6-10 1 57.969 0.99
yolo7-15 1 57.969 0.99
yolo7-17 1 57.969 0.99
yolo8-11 1 57.969 0.99
yolo8-14 1 57.969 0.99
yolo8-16 1 57.969 0.99
yolo9-13 1 57.969 0.99
yolo9-14 1 57.969 0.99
audio4-edge-11 1 0.0527 0.9
Sum of bandwidth: 5058.985100000001
Sum of weights: 9.800999999999998
Average accuracy: 0.9577134986225898
time: 0.11946535110473633
**time: 20
========Allocate Done=============
audio10-9 0.9273864812458668 638.6452200000006 0.84
audio11-20 0.6 413.54724 0.32
audio12-18 0.6 413.54724 0.32
audio5-19 1 688.5713999999999 0.9
audio6-17 1 688.5713999999999 0.9
audio7-13 1 688.5713999999999 0.9
audio8-17 1 688.5713999999999 0.9
yolo12-12 1 57.969 0.99
yolo12-19 1 57.969 0.99
yolo2-14 1 57.969 0.99
yolo2-18 1 57.969 0.99
yolo4-14 1 57.969 0.99
yolo5-13 1 57.969 0.99
yolo5-15 1 57.969 0.99
yolo6-10 1 57.969 0.99
yolo7-15 1 57.969 0.99
yolo7-17 1 57.969 0.99
yolo8-11 1 57.969 0.99
yolo8-14 1 57.969 0.99
yolo8-16 1 57.969 0.99
yolo9-13 1 57.969 0.99
yolo9-14 1 57.969 0.99
audio4-edge-11 1 0.0527 0.9
Sum of bandwidth: 5089.613000000001
Sum of weights: 9.595999999999998
Average accuracy: 0.9497884535223012
time: 0.005621671676635742
**time: 21
========Allocate Done=============
audio10-9 0.4 276.03516 0.25
audio11-20 0.4 276.03516 0.25
audio12-18 0.4 276.03516 0.25
audio12-21 0.4 276.03516 0.25
audio2-21 0.4 276.03516 0.25
audio5-19 1 688.5713999999999 0.9
audio6-17 1 688.5713999999999 0.9
audio6-21 0.6230518802420859 429.39680000000067 0.32
audio7-13 0.5 344.7912 0.3
audio8-17 1 688.5713999999999 0.9
yolo12-12 1 57.969 0.99
yolo12-19 1 57.969 0.99
yolo2-14 1 57.969 0.99
yolo2-18 1 57.969 0.99
yolo4-14 1 57.969 0.99
yolo5-13 1 57.969 0.99
yolo5-15 1 57.969 0.99
yolo6-10 1 57.969 0.99
yolo7-15 1 57.969 0.99
yolo7-17 1 57.969 0.99
yolo8-11 1 57.969 0.99
yolo8-14 1 57.969 0.99
yolo8-16 1 57.969 0.99
yolo9-13 1 57.969 0.99
yolo9-14 1 57.969 0.99
Sum of bandwidth: 5089.613000000001
Sum of weights: 9.341999999999997
Average accuracy: 0.8738450010704352
time: 0.29966092109680176
**time: 22
========Allocate Done=============
audio11-20 0.5 344.7912 0.3
audio12-18 0.5 344.7912 0.3
audio12-21 0.42848133778501624 295.6178000000009 0.25
audio2-21 1 688.5713999999999 0.9
audio5-19 1 688.5713999999999 0.9
audio6-17 1 688.5713999999999 0.9
audio6-21 1 688.5713999999999 0.9
audio8-17 1 688.5713999999999 0.9
yolo12-12 1 57.969 0.99
yolo12-19 1 57.969 0.99
yolo2-14 1 57.969 0.99
yolo2-18 1 57.969 0.99
yolo4-14 1 57.969 0.99
yolo5-13 1 57.969 0.99
yolo7-15 1 57.969 0.99
yolo8-11 1 57.969 0.99
yolo8-14 1 57.969 0.99
yolo9-13 1 57.969 0.99
yolo9-14 1 57.969 0.99
Sum of bandwidth: 5065.716200000001
Sum of weights: 6.903999999999999
Average accuracy: 0.9395842989571267
time: 0.5234506130218506
**time: 23
========Allocate Done=============
audio11-20 0.4 276.03516 0.25
audio11-22 0.4 276.03516 0.25
audio12-18 0.4 276.03516 0.25
audio12-21 0.4 276.03516 0.25
audio2-21 0.4 276.03516 0.25
audio3-23 0.4 276.03516 0.25
audio4-23 1 688.5713999999999 0.9
audio6-21 0.4 276.03516 0.25
audio7-22 0.4 276.03516 0.25
audio8-17 1 688.5713999999999 0.9
audio8-22 1 688.5713999999999 0.9
yolo12-19 1 57.969 0.99
yolo12-22 1 57.969 0.99
yolo2-14 1 57.969 0.99
yolo2-18 1 57.969 0.99
yolo4-14 1 57.969 0.99
yolo5-13 1 57.969 0.99
yolo5-23 1 57.969 0.99
yolo6-22 1 57.969 0.99
yolo7-15 1 57.969 0.99
yolo7-22 1 57.969 0.99
yolo8-11 1 57.969 0.99
yolo8-14 1 57.969 0.99
yolo9-13 1 57.969 0.99
yolo9-14 0.9633914699162239 56.04632000000008 0.99
Sum of bandwidth: 5083.638800000001
Sum of weights: 10.177
Average accuracy: 0.8434597622089026
time: 0.17735528945922852
**time: 24
========Allocate Done=============
audio11-20 0.4 276.03516 0.25
audio11-22 0.4 276.03516 0.25
audio11-24 0.4 276.03516 0.25
audio12-18 0.4 276.03516 0.25
audio12-21 0.4 276.03516 0.25
audio2-21 0.4 276.03516 0.25
audio3-23 0.4 276.03516 0.25
audio4-23 1 688.5713999999999 0.9
audio6-21 0.4 276.03516 0.25
audio7-22 0.4 276.03516 0.25
audio8-17 1 688.5713999999999 0.9
audio8-22 0.8669035622179526 597.0595600000004 0.74
yolo12-19 1 57.969 0.99
yolo12-22 1 57.969 0.99
yolo2-14 1 57.969 0.99
yolo2-18 1 57.969 0.99
yolo4-14 1 57.969 0.99
yolo5-23 1 57.969 0.99
yolo6-22 1 57.969 0.99
yolo7-15 1 57.969 0.99
yolo7-22 1 57.969 0.99
yolo9-13 0.71 42.7382 0.955
yolo9-14 0.71 42.7382 0.955
Sum of bandwidth: 5065.7162
Sum of weights: 9.189
Average accuracy: 0.8075340080531069
time: 0.003978729248046875
**time: 25
========Allocate Done=============
audio11-20 0.4 276.03516 0.25
audio11-22 0.4 276.03516 0.25
audio11-24 0.4 276.03516 0.25
audio12-18 0.4 276.03516 0.25
audio12-21 0.4 276.03516 0.25
audio2-21 0.4 276.03516 0.25
audio3-23 0.4 276.03516 0.25
audio3-25 0.4 276.03516 0.25
audio4-23 1 688.5713999999999 0.9
audio6-21 0.4 276.03516 0.25
audio7-22 0.4 276.03516 0.25
audio8-17 0.5709031526539354 393.5414000000009 0.31
audio8-22 0.5 344.7912 0.3
audio8-25 0.5 344.7912 0.3
yolo12-19 1 57.969 0.99
yolo12-22 1 57.969 0.99
yolo2-14 1 57.969 0.99
yolo2-18 1 57.969 0.99
yolo5-23 1 57.969 0.99
yolo6-22 1 57.969 0.99
yolo7-15 1 57.969 0.99
yolo7-22 1 57.969 0.99
yolo7-25 1 57.969 0.99
Sum of bandwidth: 5053.7678000000005
Sum of weights: 10.751000000000001
Average accuracy: 0.6637866245000463
time: 0.005323886871337891
**time: 26
========Allocate Done=============
audio11-20 0.4 276.03516 0.25
audio11-22 0.4 276.03516 0.25
audio11-24 0.4 276.03516 0.25
audio12-18 0.4 276.03516 0.25
audio2-21 0.4 276.03516 0.25
audio3-23 0.4 276.03516 0.25
audio3-25 0.4 276.03516 0.25
audio4-23 1 688.5713999999999 0.9
audio6-21 0.4 276.03516 0.25
audio6-26 0.4 276.03516 0.25
audio7-22 0.4 276.03516 0.25
audio7-26 0.4 276.03516 0.25
audio8-22 0.8733917776532801 601.5206000000003 0.74
audio8-25 0.6 413.54724 0.32
yolo12-19 1 57.969 0.99
yolo5-23 1 57.969 0.99
yolo6-22 1 57.969 0.99
yolo7-22 1 57.969 0.99
yolo7-25 1 57.969 0.99
Sum of bandwidth: 5029.871
Sum of weights: 8.286999999999999
Average accuracy: 0.6063533244841318
time: 0.0030736923217773438
**time: 27
========Allocate Done=============
audio11-20 0.4 276.03516 0.25
audio11-22 0.4 276.03516 0.25
audio11-24 0.4 276.03516 0.25
audio12-18 0.038426122272311944 27.431279999999706 0.2
audio2-21 0.4 276.03516 0.25
audio2-27 0.4 276.03516 0.25
audio3-23 0.4 276.03516 0.25
audio3-25 0.4 276.03516 0.25
audio4-23 0.4 276.03516 0.25
audio4-27 0.4 276.03516 0.25
audio5-27 0.4 276.03516 0.25
audio6-21 0.4 276.03516 0.25
audio6-26 0.4 276.03516 0.25
audio7-22 0.4 276.03516 0.25
audio7-26 0.4 276.03516 0.25
audio8-22 0.4 276.03516 0.25
audio8-25 0.4 276.03516 0.25
audio9-27 0.4 276.03516 0.25
yolo12-19 0.41000000000000003 26.982200000000006 0.82
yolo5-23 1 57.969 0.99
yolo5-27 1 57.969 0.99
yolo6-22 1 57.969 0.99
yolo7-22 1 57.969 0.99
yolo7-25 1 57.969 0.99
Sum of bandwidth: 5036.8562
Sum of weights: 11.063
Average accuracy: 0.4494748259965651
time: 0.045212507247924805
**time: 28
========Allocate Done=============
audio11-24 0.4 276.03516 0.25
audio12-28 0.4 276.03516 0.25
audio2-27 0.4 276.03516 0.25
audio3-23 0.4 276.03516 0.25
audio3-25 0.4 276.03516 0.25
audio4-23 0.5479789702839211 377.7796400000009 0.31
audio4-27 0.5 344.7912 0.3
audio5-27 0.4 276.03516 0.25
audio6-21 0.4 276.03516 0.25
audio6-26 0.4 276.03516 0.25
audio7-22 0.4 276.03516 0.25
audio7-26 0.4 276.03516 0.25
audio8-22 0.5 344.7912 0.3
audio8-25 0.5 344.7912 0.3
audio9-27 0.4 276.03516 0.25
yolo10-28 1 57.969 0.99
yolo12-19 1 57.969 0.99
yolo2-28 1 57.969 0.99
yolo3-28 1 57.969 0.99
yolo4-28 1 57.969 0.99
yolo5-23 1 57.969 0.99
yolo5-27 1 57.969 0.99
yolo6-22 1 57.969 0.99
yolo7-22 1 57.969 0.99
yolo7-25 1 57.969 0.99
yolo9-28 0.61 37.4862 0.93
Sum of bandwidth: 5065.716200000002
Sum of weights: 12.586000000000002
Average accuracy: 0.545291593834419
time: 0.2382192611694336
**time: 29
========Allocate Done=============
audio11-24 0.4 276.03516 0.25
audio12-28 0.4 276.03516 0.25
audio2-27 0.4 276.03516 0.25
audio3-23 0.4 276.03516 0.25
audio4-23 0.6523734642076554 449.5571600000012 0.34
audio4-27 0.6 413.54724 0.32
audio5-27 0.4 276.03516 0.25
audio6-21 0.4 276.03516 0.25
audio6-26 0.4 276.03516 0.25
audio7-22 0.4 276.03516 0.25
audio7-26 0.4 276.03516 0.25
audio8-22 0.5 344.7912 0.3
audio8-25 0.5 344.7912 0.3
audio9-27 0.4 276.03516 0.25
yolo10-28 1 57.969 0.99
yolo12-19 1 57.969 0.99
yolo2-28 1 57.969 0.99
yolo3-28 1 57.969 0.99
yolo4-28 1 57.969 0.99
yolo5-23 1 57.969 0.99
yolo5-27 1 57.969 0.99
yolo5-29 1 57.969 0.99
yolo6-22 1 57.969 0.99
yolo7-22 1 57.969 0.99
yolo7-25 1 57.969 0.99
yolo7-29 1 57.969 0.99
yolo9-28 0.61 37.4862 0.93
yolo9-29 0.61 37.4862 0.93
Sum of bandwidth: 5083.638800000002
Sum of weights: 13.369000000000002
Average accuracy: 0.5957745530705362
time: 0.16625213623046875
**time: 30
========Allocate Done=============
audio11-24 0.4 276.03516 0.25
audio12-28 0.4 276.03516 0.25
audio2-27 0.4 276.03516 0.25
audio3-23 0.4 276.03516 0.25
audio4-23 0.6522968163960595 449.50446000000125 0.34
audio4-27 0.6 413.54724 0.32
audio5-27 0.4 276.03516 0.25
audio6-21 0.4 276.03516 0.25
audio6-26 0.4 276.03516 0.25
audio7-22 0.4 276.03516 0.25
audio7-26 0.4 276.03516 0.25
audio8-22 0.5 344.7912 0.3
audio8-25 0.5 344.7912 0.3
audio9-27 0.4 276.03516 0.25
yolo10-28 1 57.969 0.99
yolo12-19 1 57.969 0.99
yolo2-28 1 57.969 0.99
yolo3-28 1 57.969 0.99
yolo4-28 1 57.969 0.99
yolo5-23 1 57.969 0.99
yolo5-27 1 57.969 0.99
yolo5-29 1 57.969 0.99
yolo6-22 1 57.969 0.99
yolo7-22 1 57.969 0.99
yolo7-25 1 57.969 0.99
yolo7-29 1 57.969 0.99
yolo9-28 0.61 37.4862 0.93
yolo9-29 0.61 37.4862 0.93
audio2-edge-21 0.4 0.0527 0.25
Sum of bandwidth: 5083.638800000002
Sum of weights: 13.462000000000002
Average accuracy: 0.5933858267716534
time: 0.05805182456970215
