num: 30 running time:30 bandwidth:5000
**time: 0
========Allocate Done=============
audio1-0 1 688.5713999999999 0.9
audio2-0 1 688.5713999999999 0.9
audio3-0 1 688.5713999999999 0.9
audio6-0 1 688.5713999999999 0.9
audio9-0 1 688.5713999999999 0.9
yolo10-0 1 57.969 0.99
yolo2-0 1 57.969 0.99
yolo7-0 1 57.969 0.99
Sum of bandwidth: 3616.7639999999997
Sum of weights: 3.249
Average accuracy: 0.9539058171745152
time: 0.03017425537109375
**time: 1
========Allocate Done=============
audio1-0 1 688.5713999999999 0.9
audio2-0 1 688.5713999999999 0.9
audio3-0 1 688.5713999999999 0.9
audio3-1 1 688.5713999999999 0.9
audio6-0 1 688.5713999999999 0.9
audio9-0 1 688.5713999999999 0.9
yolo10-0 1 57.969 0.99
yolo2-0 1 57.969 0.99
yolo7-0 1 57.969 0.99
Sum of bandwidth: 4305.3354
Sum of weights: 3.7720000000000002
Average accuracy: 0.9464316012725342
time: 0.16522550582885742
**time: 2
========Allocate Done=============
audio1-0 1 688.5713999999999 0.9
audio2-0 1 688.5713999999999 0.9
audio3-0 1 688.5713999999999 0.9
audio3-1 1 688.5713999999999 0.9
audio5-2 1 688.5713999999999 0.9
audio6-0 0.5 344.7912 0.3
audio6-2 0.45783643153386844 315.8011999999992 0.27
audio9-0 1 688.5713999999999 0.9
yolo10-0 1 57.969 0.99
yolo2-0 1 57.969 0.99
yolo7-0 1 57.969 0.99
yolo8-2 1 57.969 0.99
Sum of bandwidth: 5023.896799999999
Sum of weights: 4.996
Average accuracy: 0.9364611689351479
time: 0.0917203426361084
**time: 3
========Allocate Done=============
audio1-0 1 688.5713999999999 0.9
audio3-0 1 688.5713999999999 0.9
audio3-1 1 688.5713999999999 0.9
audio5-2 1 688.5713999999999 0.9
audio6-0 1 688.5713999999999 0.9
audio6-2 0.6568182228063127 452.6131999999975 0.34
audio9-0 1 688.5713999999999 0.9
yolo10-0 1 57.969 0.99
yolo11-3 1 57.969 0.99
yolo12-3 1 57.969 0.99
yolo2-0 1 57.969 0.99
yolo2-3 1 57.969 0.99
yolo4-3 1 57.969 0.99
yolo7-0 1 57.969 0.99
yolo8-2 1 57.969 0.99
Sum of bandwidth: 5047.793599999997
Sum of weights: 7.627
Average accuracy: 0.9662462304969188
time: 0.2044363021850586
**time: 4
========Allocate Done=============
audio1-0 0.6538773902627293 450.59119999999825 0.34
audio10-4 0.6 413.54724 0.32
audio12-4 0.6 413.54724 0.32
audio3-0 1 688.5713999999999 0.9
audio3-1 1 688.5713999999999 0.9
audio5-2 1 688.5713999999999 0.9
audio6-0 0.4 276.03516 0.25
audio6-2 0.4 276.03516 0.25
audio9-0 1 688.5713999999999 0.9
yolo11-3 1 57.969 0.99
yolo12-3 1 57.969 0.99
yolo2-0 1 57.969 0.99
yolo2-3 1 57.969 0.99
yolo4-3 1 57.969 0.99
yolo5-4 1 57.969 0.99
yolo7-0 1 57.969 0.99
yolo8-2 1 57.969 0.99
Sum of bandwidth: 5047.793599999998
Sum of weights: 7.067
Average accuracy: 0.9389472194707797
time: 0.23572492599487305
**time: 5
========Allocate Done=============
audio1-0 1 688.5713999999999 0.9
audio1-5 1 688.5713999999999 0.9
audio10-4 1 688.5713999999999 0.9
audio12-4 0.8553478065345212 589.114279999998 0.67
audio5-2 1 688.5713999999999 0.9
audio6-0 0.4 276.03516 0.25
audio6-2 0.4 276.03516 0.25
audio9-0 1 688.5713999999999 0.9
yolo11-3 1 57.969 0.99
yolo12-3 1 57.969 0.99
yolo2-0 1 57.969 0.99
yolo2-3 1 57.969 0.99
yolo4-3 1 57.969 0.99
yolo5-4 1 57.969 0.99
yolo7-0 1 57.969 0.99
yolo8-2 1 57.969 0.99
Sum of bandwidth: 5047.793599999998
Sum of weights: 6.091
Average accuracy: 0.9623116072894435
time: 0.30056142807006836
**time: 6
========Allocate Done=============
audio1-0 0.4 276.03516 0.25
audio1-5 0.4 276.03516 0.25
audio1-6 0.4 276.03516 0.25
audio10-4 0.4 276.03516 0.25
audio12-4 0.4 276.03516 0.25
audio3-6 1 688.5713999999999 0.9
audio5-2 1 688.5713999999999 0.9
audio6-0 0.4 276.03516 0.25
audio6-2 0.4 276.03516 0.25
audio7-6 1 688.5713999999999 0.9
audio9-0 0.9036429090447878 622.3200799999979 0.84
yolo11-3 1 57.969 0.99
yolo12-3 1 57.969 0.99
yolo2-0 1 57.969 0.99
yolo2-3 1 57.969 0.99
yolo4-3 1 57.969 0.99
yolo5-4 0.31000000000000005 21.730200000000004 0.685
yolo7-0 1 57.969 0.99
yolo8-2 1 57.969 0.99
Sum of bandwidth: 5047.793599999997
Sum of weights: 7.684
Average accuracy: 0.9205368297761584
time: 0.025982141494750977
**time: 7
========Allocate Done=============
audio1-5 0.5 344.7912 0.3
audio1-6 0.5 344.7912 0.3
audio1-7 0.5 344.7912 0.3
audio10-4 0.434903871718031 300.0336799999981 0.25
audio12-4 0.4 276.03516 0.25
audio3-6 1 688.5713999999999 0.9
audio5-2 1 688.5713999999999 0.9
audio6-0 0.4 276.03516 0.25
audio7-6 1 688.5713999999999 0.9
audio9-0 1 688.5713999999999 0.9
yolo11-3 1 57.969 0.99
yolo12-3 1 57.969 0.99
yolo2-0 1 57.969 0.99
yolo2-3 1 57.969 0.99
yolo4-3 1 57.969 0.99
yolo5-4 0.9099999999999999 53.2422 0.99
yolo8-2 1 57.969 0.99
Sum of bandwidth: 5041.819399999998
Sum of weights: 7.369999999999999
Average accuracy: 0.9267299864314791
time: 0.25066423416137695
**time: 8
========Allocate Done=============
audio1-5 0.9293462508893728 639.9926799999974 0.84
audio1-6 0.6 413.54724 0.32
audio1-7 0.6 413.54724 0.32
audio10-4 0.6 413.54724 0.32
audio12-4 0.6 413.54724 0.32
audio3-6 1 688.5713999999999 0.9
audio5-2 1 688.5713999999999 0.9
audio6-0 0.4 276.03516 0.25
audio7-6 1 688.5713999999999 0.9
yolo11-3 1 57.969 0.99
yolo12-3 1 57.969 0.99
yolo2-0 1 57.969 0.99
yolo2-3 1 57.969 0.99
yolo4-3 1 57.969 0.99
yolo5-4 1 57.969 0.99
yolo8-2 1 57.969 0.99
audio1-edge-0 0.6 0.0527 0.32
audio1-edge-5 0.6 0.0527 0.32
Sum of bandwidth: 5041.819399999998
Sum of weights: 7.353
Average accuracy: 0.9226030191758468
time: 0.3283975124359131
**time: 9
========Allocate Done=============
audio1-6 0.4 276.03516 0.25
audio1-7 0.4 276.03516 0.25
audio10-4 0.4 276.03516 0.25
audio12-4 0.4 276.03516 0.25
audio3-6 1 688.5713999999999 0.9
audio4-8 1 688.5713999999999 0.9
audio5-9 1 688.5713999999999 0.9
audio6-0 0.4 276.03516 0.25
audio6-8 0.4 276.03516 0.25
audio7-6 1 688.5713999999999 0.9
audio9-8 0.4 276.03516 0.25
yolo11-3 1 57.969 0.99
yolo2-0 1 57.969 0.99
yolo2-3 1 57.969 0.99
yolo4-3 1 57.969 0.99
yolo5-4 0.03554036557498794 7.315579999998366 0.525
yolo6-8 0.01 5.9742 0.525
yolo8-2 1 57.969 0.99
yolo9-9 1 57.969 0.99
audio1-edge-0 0.4 0.0527 0.25
audio1-edge-5 0.4 0.0527 0.25
audio5-edge-2 1 0.0527 0.9
Sum of bandwidth: 5047.793599999999
Sum of weights: 7.971000000000001
Average accuracy: 0.8996060720110398
time: 0.60939621925354
**time: 10
========Allocate Done=============
audio1-7 0.4 276.03516 0.25
audio2-10 1 688.5713999999999 0.9
audio3-6 1 688.5713999999999 0.9
audio4-8 1 688.5713999999999 0.9
audio5-9 1 688.5713999999999 0.9
audio6-10 0.4 276.03516 0.25
audio6-8 0.4 276.03516 0.25
audio7-6 1 688.5713999999999 0.9
audio9-8 0.634835601352258 437.49881999999906 0.34
yolo11-3 1 57.969 0.99
yolo2-3 1 57.969 0.99
yolo4-3 1 57.969 0.99
yolo5-10 0.31000000000000005 21.730200000000004 0.685
yolo5-4 0.31000000000000005 21.730200000000004 0.685
yolo6-8 0.01 5.9742 0.525
yolo8-2 1 57.969 0.99
yolo9-9 1 57.969 0.99
audio5-edge-2 1 0.0527 0.9
Sum of bandwidth: 5047.793599999998
Sum of weights: 7.122000000000001
Average accuracy: 0.9209274080314517
time: 0.9086368083953857
**time: 11
========Allocate Done=============
audio1-7 0.4 276.03516 0.25
audio2-10 1 688.5713999999999 0.9
audio4-11 1 688.5713999999999 0.9
audio4-8 1 688.5713999999999 0.9
audio5-9 1 688.5713999999999 0.9
audio6-10 0.4 276.03516 0.25
audio6-8 0.4 276.03516 0.25
audio7-6 1 688.5713999999999 0.9
audio9-8 0.4835146410409883 333.4565199999983 0.27
yolo11-3 1 57.969 0.99
yolo2-11 1 57.969 0.99
yolo2-3 1 57.969 0.99
yolo4-11 1 57.969 0.99
yolo4-3 1 57.969 0.99
yolo5-10 0.31000000000000005 21.730200000000004 0.685
yolo5-4 0.31000000000000005 21.730200000000004 0.685
yolo6-8 0.01 5.9742 0.525
yolo8-2 1 57.969 0.99
yolo9-9 1 57.969 0.99
audio5-edge-2 1 0.0527 0.9
audio6-edge-10 0.4 0.0527 0.25
Sum of bandwidth: 5059.7419999999975
Sum of weights: 8.615
Average accuracy: 0.929188044109112
time: 0.8443961143493652
**time: 12
========Allocate Done=============
audio1-7 0.4 276.03516 0.25
audio2-10 1 688.5713999999999 0.9
audio4-11 1 688.5713999999999 0.9
audio4-8 1 688.5713999999999 0.9
audio5-9 0.5764015786831209 397.3218999999981 0.31
audio6-10 0.4 276.03516 0.25
audio6-8 0.4 276.03516 0.25
audio7-6 1 688.5713999999999 0.9
audio9-12 0.4 276.03516 0.25
audio9-8 0.4 276.03516 0.25
yolo10-12 1 57.969 0.99
yolo11-3 1 57.969 0.99
yolo2-11 1 57.969 0.99
yolo2-3 1 57.969 0.99
yolo4-11 1 57.969 0.99
yolo4-3 1 57.969 0.99
yolo5-10 0.01 5.9742 0.525
yolo5-4 0.01 5.9742 0.525
yolo6-8 0.01 5.9742 0.525
yolo8-12 1 57.969 0.99
yolo8-2 1 57.969 0.99
yolo9-9 1 57.969 0.99
audio1-edge-7 0.4 0.0527 0.25
audio5-edge-2 0.5 0.0527 0.3
audio5-edge-9 0.5 0.0527 0.3
audio6-edge-10 0.4 0.0527 0.25
audio6-edge-8 0.4 0.0527 0.25
Sum of bandwidth: 5071.690399999999
Sum of weights: 10.769000000000002
Average accuracy: 0.8822875847339583
time: 0.21569585800170898
**time: 13
========Allocate Done=============
audio1-13 0.4 276.03516 0.25
audio2-10 1 688.5713999999999 0.9
audio3-13 1 688.5713999999999 0.9
audio4-11 0.8534941512047513 587.8397799999992 0.67
audio4-8 0.6 413.54724 0.32
audio7-13 1 688.5713999999999 0.9
audio7-6 1 688.5713999999999 0.9
audio9-12 0.4 276.03516 0.25
audio9-8 0.4 276.03516 0.25
yolo10-12 1 57.969 0.99
yolo2-11 1 57.969 0.99
yolo2-3 1 57.969 0.99
yolo4-11 1 57.969 0.99
yolo4-3 1 57.969 0.99
yolo6-13 0.01 5.9742 0.525
yolo6-8 0.01 5.9742 0.525
yolo8-12 1 57.969 0.99
yolo8-2 1 57.969 0.99
yolo9-9 1 57.969 0.99
audio1-edge-7 0.4 0.0527 0.25
audio5-edge-2 0.5 0.0527 0.3
audio5-edge-9 0.5 0.0527 0.3
audio6-edge-10 0.4 0.0527 0.25
audio6-edge-8 0.4 0.0527 0.25
yolo5-edge-10 0.01 4.4701 0.525
Sum of bandwidth: 5064.2121
Sum of weights: 11.239
Average accuracy: 0.8792539371830234
time: 0.10100007057189941
**time: 14
========Allocate Done=============
audio1-13 0.4 276.03516 0.25
audio2-10 1 688.5713999999999 0.9
audio3-13 1 688.5713999999999 0.9
audio4-11 0.7779486427665117 535.8976799999998 0.57
audio4-14 0.6 413.54724 0.32
audio7-13 1 688.5713999999999 0.9
audio7-6 1 688.5713999999999 0.9
audio9-12 0.4 276.03516 0.25
audio9-8 0.4 276.03516 0.25
yolo10-12 1 57.969 0.99
yolo2-11 1 57.969 0.99
yolo2-3 1 57.969 0.99
yolo3-14 1 57.969 0.99
yolo4-11 1 57.969 0.99
yolo4-3 1 57.969 0.99
yolo6-13 0.01 5.9742 0.525
yolo8-12 1 57.969 0.99
yolo8-2 1 57.969 0.99
yolo9-9 1 57.969 0.99
audio1-edge-7 0.4 0.0527 0.25
audio5-edge-2 0.5 0.0527 0.3
audio5-edge-9 0.5 0.0527 0.3
audio6-edge-10 0.4 0.0527 0.25
yolo5-edge-10 0.01 4.4701 0.525
Sum of bandwidth: 5064.212100000001
Sum of weights: 11.764000000000001
Average accuracy: 0.8861756205372322
time: 0.06762099266052246
**time: 15
========Allocate Done=============
audio1-13 0.4 276.03516 0.25
audio11-15 0.4 276.03516 0.25
audio2-10 1 688.5713999999999 0.9
audio3-13 1 688.5713999999999 0.9
audio4-11 0.5 344.7912 0.3
audio4-14 0.4766315221179121 328.7239600000005 0.27
audio7-13 1 688.5713999999999 0.9
audio7-6 1 688.5713999999999 0.9
audio9-12 0.4 276.03516 0.25
audio9-8 0.4 276.03516 0.25
yolo10-12 1 57.969 0.99
yolo11-15 1 57.969 0.99
yolo2-11 1 57.969 0.99
yolo3-14 1 57.969 0.99
yolo4-11 1 57.969 0.99
yolo4-3 1 57.969 0.99
yolo6-13 0.01 5.9742 0.525
yolo8-12 1 57.969 0.99
yolo8-2 1 57.969 0.99
yolo9-9 1 57.969 0.99
audio1-edge-7 0.4 0.0527 0.25
audio6-edge-10 0.4 0.0527 0.25
yolo5-edge-10 0.01 4.4701 0.525
Sum of bandwidth: 5064.212100000001
Sum of weights: 11.101
Average accuracy: 0.8960454013151968
time: 0.0061337947845458984
**time: 16
========Allocate Done=============
audio1-13 0.4 276.03516 0.25
audio11-15 0.4 276.03516 0.25
audio11-16 0.4 276.03516 0.25
audio2-10 1 688.5713999999999 0.9
audio3-13 1 688.5713999999999 0.9
audio4-11 0.5 344.7912 0.3
audio4-14 0.47663152211791143 328.72396000000003 0.27
audio7-13 1 688.5713999999999 0.9
audio7-6 1 688.5713999999999 0.9
audio9-12 0.4 276.03516 0.25
yolo10-12 1 57.969 0.99
yolo11-15 1 57.969 0.99
yolo2-11 1 57.969 0.99
yolo2-16 1 57.969 0.99
yolo3-14 1 57.969 0.99
yolo3-16 1 57.969 0.99
yolo6-13 0.01 5.9742 0.525
yolo8-12 1 57.969 0.99
yolo8-16 1 57.969 0.99
yolo9-9 1 57.969 0.99
audio1-edge-7 0.4 0.0527 0.25
audio6-edge-10 0.4 0.0527 0.25
yolo5-edge-10 0.01 4.4701 0.525
Sum of bandwidth: 5064.2121
Sum of weights: 11.149000000000003
Average accuracy: 0.9022244147457168
time: 0.2789592742919922
**time: 17
========Allocate Done=============
audio11-15 0.8623633065545918 593.9378599999977 0.74
audio11-16 0.6 413.54724 0.32
audio2-10 1 688.5713999999999 0.9
audio3-13 1 688.5713999999999 0.9
audio3-17 1 688.5713999999999 0.9
audio4-14 1 688.5713999999999 0.9
audio9-12 1 688.5713999999999 0.9
yolo10-12 1 57.969 0.99
yolo11-15 1 57.969 0.99
yolo2-16 1 57.969 0.99
yolo2-17 1 57.969 0.99
yolo3-14 1 57.969 0.99
yolo3-16 1 57.969 0.99
yolo5-17 1 57.969 0.99
yolo8-12 1 57.969 0.99
yolo8-16 1 57.969 0.99
yolo9-9 1 57.969 0.99
yolo5-edge-10 1 34.18 0.99
Sum of bandwidth: 5064.212099999998
Sum of weights: 9.233
Average accuracy: 0.9642023177732046
time: 0.05971074104309082
**time: 18
========Allocate Done=============
audio11-15 0.8623633065545918 593.9378599999977 0.74
audio11-16 0.6 413.54724 0.32
audio2-10 1 688.5713999999999 0.9
audio3-13 1 688.5713999999999 0.9
audio3-17 1 688.5713999999999 0.9
audio4-14 1 688.5713999999999 0.9
audio9-12 1 688.5713999999999 0.9
yolo10-12 1 57.969 0.99
yolo11-15 1 57.969 0.99
yolo2-16 1 57.969 0.99
yolo2-17 1 57.969 0.99
yolo3-14 1 57.969 0.99
yolo3-16 1 57.969 0.99
yolo5-17 1 57.969 0.99
yolo8-12 1 57.969 0.99
yolo8-16 1 57.969 0.99
yolo9-9 1 57.969 0.99
yolo5-edge-10 1 34.18 0.99
Sum of bandwidth: 5064.212099999998
Sum of weights: 9.233
Average accuracy: 0.9642023177732046
time: 0.0039000511169433594
**time: 19
========Allocate Done=============
audio1-19 0.4 276.03516 0.25
audio11-15 0.4 276.03516 0.25
audio11-16 0.4 276.03516 0.25
audio11-18 0.4 276.03516 0.25
audio12-19 0.4 276.03516 0.25
audio2-10 0.5 344.7912 0.3
audio3-13 0.8723735689257265 600.82052 0.74
audio3-17 0.6 413.54724 0.32
audio4-14 0.4 276.03516 0.25
audio4-18 0.4 276.03516 0.25
audio8-18 1 688.5713999999999 0.9
audio9-12 0.4 276.03516 0.25
audio9-19 0.4 276.03516 0.25
yolo10-12 1 57.969 0.99
yolo10-19 1 57.969 0.99
yolo11-18 1 57.969 0.99
yolo12-18 1 57.969 0.99
yolo3-14 1 57.969 0.99
yolo3-16 1 57.969 0.99
yolo5-17 0.01 5.9742 0.525
yolo6-19 0.01 5.9742 0.525
yolo7-19 1 57.969 0.99
yolo8-12 1 57.969 0.99
yolo8-16 1 57.969 0.99
yolo5-edge-10 0.01 4.4701 0.525
Sum of bandwidth: 5070.186299999999
Sum of weights: 9.702000000000002
Average accuracy: 0.8099221809936095
time: 0.11893749237060547
**time: 20
========Allocate Done=============
audio1-19 0.4 276.03516 0.25
audio1-20 0.4 276.03516 0.25
audio11-15 0.4 276.03516 0.25
audio11-16 0.4 276.03516 0.25
audio11-18 0.4 276.03516 0.25
audio12-19 0.4 276.03516 0.25
audio2-10 0.5 344.7912 0.3
audio3-13 0.5709031526539344 393.54140000000024 0.31
audio3-17 0.5 344.7912 0.3
audio4-14 0.4 276.03516 0.25
audio4-18 0.4 276.03516 0.25
audio8-18 1 688.5713999999999 0.9
audio9-12 0.4 276.03516 0.25
audio9-19 0.4 276.03516 0.25
yolo10-12 1 57.969 0.99
yolo10-19 1 57.969 0.99
yolo11-18 1 57.969 0.99
yolo12-18 1 57.969 0.99
yolo3-14 1 57.969 0.99
yolo3-16 1 57.969 0.99
yolo5-17 0.01 5.9742 0.525
yolo6-19 0.01 5.9742 0.525
yolo7-19 1 57.969 0.99
yolo8-12 1 57.969 0.99
yolo8-16 1 57.969 0.99
Sum of bandwidth: 5065.7162
Sum of weights: 9.769000000000002
Average accuracy: 0.7819060292762819
time: 0.004856586456298828
**time: 21
========Allocate Done=============
audio1-19 0.4 276.03516 0.25
audio1-20 0.4 276.03516 0.25
audio10-21 0.4 276.03516 0.25
audio11-15 0.4 276.03516 0.25
audio11-18 0.4 276.03516 0.25
audio12-19 0.4 276.03516 0.25
audio2-10 0.9738439851975174 670.587559999999 0.9
audio3-21 1 688.5713999999999 0.9
audio4-14 0.4 276.03516 0.25
audio8-18 1 688.5713999999999 0.9
audio9-12 0.4 276.03516 0.25
audio9-19 0.4 276.03516 0.25
yolo10-12 1 57.969 0.99
yolo10-19 1 57.969 0.99
yolo11-18 1 57.969 0.99
yolo12-18 1 57.969 0.99
yolo3-16 1 57.969 0.99
yolo5-17 0.01 5.9742 0.525
yolo6-19 0.01 5.9742 0.525
yolo7-19 1 57.969 0.99
yolo8-12 1 57.969 0.99
yolo8-16 1 57.969 0.99
yolo8-21 1 57.969 0.99
Sum of bandwidth: 5065.716199999999
Sum of weights: 9.358000000000002
Average accuracy: 0.8945405001068601
time: 0.10368466377258301
**time: 22
========Allocate Done=============
audio1-19 0.4 276.03516 0.25
audio1-20 0.4 276.03516 0.25
audio1-22 0.4 276.03516 0.25
audio10-21 0.4 276.03516 0.25
audio11-15 0.4 276.03516 0.25
audio11-18 0.4 276.03516 0.25
audio12-19 0.4 276.03516 0.25
audio3-21 1 688.5713999999999 0.9
audio8-18 1 688.5713999999999 0.9
audio9-12 1 688.5713999999999 0.9
audio9-19 0.6767764402952771 466.3356799999968 0.34
yolo10-12 1 57.969 0.99
yolo10-19 1 57.969 0.99
yolo11-18 1 57.969 0.99
yolo11-22 1 57.969 0.99
yolo12-18 1 57.969 0.99
yolo3-16 1 57.969 0.99
yolo5-17 0.31000000000000005 21.730200000000004 0.685
yolo6-19 0.01 5.9742 0.525
yolo7-19 1 57.969 0.99
yolo8-12 1 57.969 0.99
yolo8-21 1 57.969 0.99
yolo9-22 1 57.969 0.99
Sum of bandwidth: 5071.690399999996
Sum of weights: 9.174000000000003
Average accuracy: 0.9237006758229778
time: 0.19932770729064941
**time: 23
========Allocate Done=============
audio1-19 0.4 276.03516 0.25
audio1-20 0.4 276.03516 0.25
audio1-22 0.4 276.03516 0.25
audio10-21 0.4 276.03516 0.25
audio11-18 0.4 276.03516 0.25
audio11-23 0.4 276.03516 0.25
audio12-19 0.4 276.03516 0.25
audio2-23 0.4 276.03516 0.25
audio3-21 0.4 276.03516 0.25
audio7-23 1 688.5713999999999 0.9
audio8-18 0.9455071001762182 651.1042400000006 0.84
audio9-12 0.4 276.03516 0.25
audio9-19 0.4 276.03516 0.25
yolo10-12 1 57.969 0.99
yolo10-19 1 57.969 0.99
yolo10-23 1 57.969 0.99
yolo11-18 1 57.969 0.99
yolo11-22 1 57.969 0.99
yolo12-18 1 57.969 0.99
yolo12-23 1 57.969 0.99
yolo5-17 0.01 5.9742 0.525
yolo7-19 1 57.969 0.99
yolo7-23 1 57.969 0.99
yolo8-12 1 57.969 0.99
yolo8-21 1 57.969 0.99
yolo9-22 1 57.969 0.99
Sum of bandwidth: 5077.664600000001
Sum of weights: 11.731000000000002
Average accuracy: 0.8560834540959849
time: 0.010615825653076172
**time: 24
========Allocate Done=============
audio1-19 0.4 276.03516 0.25
audio1-20 0.4 276.03516 0.25
audio1-22 0.4 276.03516 0.25
audio10-21 0.4 276.03516 0.25
audio10-24 0.4 276.03516 0.25
audio11-18 0.4 276.03516 0.25
audio11-23 0.4 276.03516 0.25
audio12-24 0.4 276.03516 0.25
audio2-23 0.4 276.03516 0.25
audio3-21 0.4 276.03516 0.25
audio7-23 1 688.5713999999999 0.9
audio7-24 0.6952809964040984 479.05868000000044 0.36
audio9-12 0.4 276.03516 0.25
audio9-19 0.4 276.03516 0.25
yolo10-12 1 57.969 0.99
yolo10-19 1 57.969 0.99
yolo10-23 1 57.969 0.99
yolo11-22 1 57.969 0.99
yolo12-18 1 57.969 0.99
yolo12-23 1 57.969 0.99
yolo7-19 1 57.969 0.99
yolo7-23 1 57.969 0.99
yolo8-21 1 57.969 0.99
yolo9-22 1 57.969 0.99
Sum of bandwidth: 5059.742000000001
Sum of weights: 10.256
Average accuracy: 0.7836446957878316
time: 0.09361815452575684
**time: 25
========Allocate Done=============
audio1-20 0.4 276.03516 0.25
audio1-22 0.4 276.03516 0.25
audio1-25 0.4 276.03516 0.25
audio10-21 0.4 276.03516 0.25
audio10-24 0.4 276.03516 0.25
audio11-18 0.4 276.03516 0.25
audio11-23 0.4 276.03516 0.25
audio12-24 0.4 276.03516 0.25
audio2-23 0.4 276.03516 0.25
audio3-21 0.49659811705269913 342.45220000000063 0.27
audio7-23 1 688.5713999999999 0.9
audio7-24 1 688.5713999999999 0.9
audio9-25 0.4 276.03516 0.25
yolo1-25 1 57.969 0.99
yolo10-19 1 57.969 0.99
yolo10-23 1 57.969 0.99
yolo11-22 1 57.969 0.99
yolo12-18 1 57.969 0.99
yolo12-23 1 57.969 0.99
yolo7-19 1 57.969 0.99
yolo7-23 1 57.969 0.99
yolo8-21 1 57.969 0.99
yolo9-22 1 57.969 0.99
audio1-edge-19 0.4 0.0527 0.25
audio1-edge-20 0.4 0.0527 0.25
Sum of bandwidth: 5059.742000000001
Sum of weights: 10.239
Average accuracy: 0.8382918253735716
time: 0.46277832984924316
**time: 26
========Allocate Done=============
audio1-22 0.4 276.03516 0.25
audio1-25 0.4 276.03516 0.25
audio10-21 0.4 276.03516 0.25
audio10-24 0.4 276.03516 0.25
audio11-23 0.4 276.03516 0.25
audio12-24 0.4 276.03516 0.25
audio2-23 1 688.5713999999999 0.9
audio3-21 1 688.5713999999999 0.9
audio4-26 0.6239167933464466 429.99148000000014 0.32
audio7-24 1 688.5713999999999 0.9
audio9-25 0.4 276.03516 0.25
yolo1-25 1 57.969 0.99
yolo10-19 1 57.969 0.99
yolo10-23 1 57.969 0.99
yolo10-26 1 57.969 0.99
yolo11-22 1 57.969 0.99
yolo12-18 1 57.969 0.99
yolo12-23 1 57.969 0.99
yolo7-19 1 57.969 0.99
yolo7-23 1 57.969 0.99
yolo8-21 1 57.969 0.99
yolo9-22 1 57.969 0.99
audio1-edge-19 0.4 0.0527 0.25
audio1-edge-20 0.4 0.0527 0.25
yolo6-edge-17 0.01 4.4701 0.525
Sum of bandwidth: 5070.1863
Sum of weights: 10.041000000000002
Average accuracy: 0.9031884274474653
time: 0.3609912395477295
**time: 27
========Allocate Done=============
audio1-22 0.4 276.03516 0.25
audio1-25 0.4 276.03516 0.25
audio10-21 0.4 276.03516 0.25
audio10-24 0.4 276.03516 0.25
audio11-23 0.4 276.03516 0.25
audio11-27 0.4 276.03516 0.25
audio12-24 0.4 276.03516 0.25
audio2-23 1 688.5713999999999 0.9
audio4-26 1 688.5713999999999 0.9
audio7-24 1 688.5713999999999 0.9
audio9-25 0.5483712849082032 378.04937999999817 0.31
yolo1-25 1 57.969 0.99
yolo10-19 1 57.969 0.99
yolo10-23 1 57.969 0.99
yolo10-26 1 57.969 0.99
yolo11-22 1 57.969 0.99
yolo12-18 1 57.969 0.99
yolo12-23 1 57.969 0.99
yolo6-27 0.01 5.9742 0.525
yolo7-19 1 57.969 0.99
yolo7-23 1 57.969 0.99
yolo8-21 1 57.969 0.99
yolo9-22 1 57.969 0.99
yolo9-27 1 57.969 0.99
audio1-edge-22 0.4 0.0527 0.25
yolo6-edge-17 0.01 4.4701 0.525
Sum of bandwidth: 5082.134699999998
Sum of weights: 10.229000000000001
Average accuracy: 0.9237559878776027
time: 0.07552814483642578
**time: 28
========Allocate Done=============
audio10-21 0.5 344.7912 0.3
audio10-24 0.5 344.7912 0.3
audio11-23 0.5 344.7912 0.3
audio11-27 0.4513121174517869 311.3153399999976 0.27
audio12-24 0.4 276.03516 0.25
audio2-23 1 688.5713999999999 0.9
audio4-26 1 688.5713999999999 0.9
audio7-24 1 688.5713999999999 0.9
audio9-25 1 688.5713999999999 0.9
yolo1-25 1 57.969 0.99
yolo10-19 1 57.969 0.99
yolo10-23 1 57.969 0.99
yolo10-26 1 57.969 0.99
yolo11-22 1 57.969 0.99
yolo12-18 1 57.969 0.99
yolo12-23 1 57.969 0.99
yolo2-28 1 57.969 0.99
yolo3-28 1 57.969 0.99
yolo6-27 0.01 5.9742 0.525
yolo8-21 1 57.969 0.99
yolo9-22 1 57.969 0.99
yolo9-27 1 57.969 0.99
audio1-edge-22 0.4 0.0527 0.25
yolo6-edge-17 0.01 4.4701 0.525
Sum of bandwidth: 5082.134699999997
Sum of weights: 11.168000000000001
Average accuracy: 0.947962034383954
time: 0.008610248565673828
**time: 29
========Allocate Done=============
audio1-29 1 688.5713999999999 0.9
audio10-21 0.7796490024730861 537.066779999996 0.57
audio10-24 0.6 413.54724 0.32
audio11-27 0.6 413.54724 0.32
audio12-24 0.6 413.54724 0.32
audio4-26 1 688.5713999999999 0.9
audio7-24 1 688.5713999999999 0.9
audio9-25 1 688.5713999999999 0.9
yolo1-25 1 57.969 0.99
yolo10-23 1 57.969 0.99
yolo10-26 1 57.969 0.99
yolo11-22 1 57.969 0.99
yolo12-23 1 57.969 0.99
yolo2-28 1 57.969 0.99
yolo3-28 1 57.969 0.99
yolo6-27 0.01 5.9742 0.525
yolo8-21 1 57.969 0.99
yolo9-27 1 57.969 0.99
audio1-edge-22 0.6 0.0527 0.32
yolo6-edge-17 0.01 4.4701 0.525
Sum of bandwidth: 5064.212099999995
Sum of weights: 8.562
Average accuracy: 0.9491473954683484
time: 0.005319118499755859
**time: 30
========Allocate Done=============
audio1-29 1 688.5713999999999 0.9
audio12-24 1 688.5713999999999 0.9
audio4-26 1 688.5713999999999 0.9
audio7-24 1 688.5713999999999 0.9
audio9-25 1 688.5713999999999 0.9
yolo1-25 1 57.969 0.99
yolo10-23 1 57.969 0.99
yolo10-26 1 57.969 0.99
yolo11-22 1 57.969 0.99
yolo12-23 1 57.969 0.99
yolo2-28 1 57.969 0.99
yolo3-28 1 57.969 0.99
yolo6-27 1 57.969 0.99
yolo9-27 1 57.969 0.99
audio1-edge-22 1 0.0527 0.9
yolo6-edge-17 1 34.18 0.99
Sum of bandwidth: 3998.8107
Sum of weights: 7.413000000000001
Average accuracy: 0.9705139619587208
time: 0.002732992172241211
