num: 30 running time:30 bandwidth:5000
**time: 0
========Allocate Done=============
audio4-0 1 688.5713999999999 0.9
audio7-0 1 688.5713999999999 0.9
yolo9-0 1 57.969 0.99
Sum of bandwidth: 1435.1118
Sum of weights: 1.4260000000000002
Average accuracy: 0.9017671809256661
time: 0.022342920303344727
**time: 1
========Allocate Done=============
audio4-0 1 688.5713999999999 0.9
audio5-1 1 688.5713999999999 0.9
audio7-0 1 688.5713999999999 0.9
yolo12-1 1 57.969 0.99
yolo8-1 1 57.969 0.99
yolo9-0 1 57.969 0.99
Sum of bandwidth: 2239.6212
Sum of weights: 2.532
Average accuracy: 0.9190876777251185
time: 0.0007619857788085938
**time: 2
========Allocate Done=============
audio10-2 1 688.5713999999999 0.9
audio4-0 1 688.5713999999999 0.9
audio5-1 1 688.5713999999999 0.9
yolo12-1 1 57.969 0.99
yolo12-2 1 57.969 0.99
yolo2-2 1 57.969 0.99
yolo8-1 1 57.969 0.99
yolo9-0 1 57.969 0.99
yolo9-2 1 57.969 0.99
Sum of bandwidth: 2413.5282
Sum of weights: 3.213
Average accuracy: 0.9461904761904761
time: 0.07818484306335449
**time: 3
========Allocate Done=============
audio10-2 1 688.5713999999999 0.9
audio3-3 1 688.5713999999999 0.9
audio4-0 1 688.5713999999999 0.9
audio5-1 1 688.5713999999999 0.9
audio7-3 1 688.5713999999999 0.9
audio9-3 1 688.5713999999999 0.9
yolo12-1 1 57.969 0.99
yolo12-2 1 57.969 0.99
yolo2-2 1 57.969 0.99
yolo8-1 1 57.969 0.99
yolo9-0 1 57.969 0.99
yolo9-2 1 57.969 0.99
Sum of bandwidth: 4479.2424
Sum of weights: 4.711999999999999
Average accuracy: 0.9314961799660446
time: 0.24074745178222656
**time: 4
========Allocate Done=============
audio10-2 0.4 276.03516 0.25
audio3-3 0.4 276.03516 0.25
audio4-0 1 688.5713999999999 0.9
audio4-4 1 688.5713999999999 0.9
audio5-1 1 688.5713999999999 0.9
audio7-3 0.8553478065345248 589.1142800000005 0.67
audio8-4 1 688.5713999999999 0.9
audio9-3 1 688.5713999999999 0.9
yolo10-4 1 57.969 0.99
yolo12-1 1 57.969 0.99
yolo12-2 1 57.969 0.99
yolo2-2 1 57.969 0.99
yolo5-4 1 57.969 0.99
yolo8-1 1 57.969 0.99
yolo9-0 1 57.969 0.99
yolo9-2 1 57.969 0.99
Sum of bandwidth: 5047.7936
Sum of weights: 7.323999999999999
Average accuracy: 0.8762520480611691
time: 1.761476755142212
**time: 5
========Allocate Done=============
audio10-2 0.4 276.03516 0.25
audio10-5 0.4 276.03516 0.25
audio3-3 0.4 276.03516 0.25
audio4-0 1 688.5713999999999 0.9
audio4-4 1 688.5713999999999 0.9
audio5-1 0.9782552340128966 673.6205600000008 0.9
audio7-3 0.4 276.03516 0.25
audio8-4 1 688.5713999999999 0.9
audio9-3 1 688.5713999999999 0.9
yolo10-4 1 57.969 0.99
yolo12-1 1 57.969 0.99
yolo12-2 1 57.969 0.99
yolo2-2 1 57.969 0.99
yolo5-4 1 57.969 0.99
yolo5-5 1 57.969 0.99
yolo8-1 1 57.969 0.99
yolo9-0 1 57.969 0.99
yolo9-2 1 57.969 0.99
Sum of bandwidth: 5053.7678000000005
Sum of weights: 7.915999999999999
Average accuracy: 0.8541245578575041
time: 0.0041925907135009766
**time: 6
========Allocate Done=============
audio10-5 0.4 276.03516 0.25
audio3-3 0.4 276.03516 0.25
audio4-0 1 688.5713999999999 0.9
audio4-4 1 688.5713999999999 0.9
audio5-1 1 688.5713999999999 0.9
audio7-3 0.8553478065345248 589.1142800000005 0.67
audio8-4 1 688.5713999999999 0.9
audio9-3 1 688.5713999999999 0.9
yolo10-4 1 57.969 0.99
yolo12-1 1 57.969 0.99
yolo12-2 1 57.969 0.99
yolo2-2 1 57.969 0.99
yolo5-4 1 57.969 0.99
yolo5-5 1 57.969 0.99
yolo8-1 1 57.969 0.99
yolo9-2 1 57.969 0.99
Sum of bandwidth: 5047.7936
Sum of weights: 7.834999999999999
Average accuracy: 0.8836707083599237
time: 0.21258163452148438
**time: 7
========Allocate Done=============
audio10-5 0.4 276.03516 0.25
audio3-3 0.4 276.03516 0.25
audio3-6 0.4 276.03516 0.25
audio4-4 1 688.5713999999999 0.9
audio5-1 0.5 344.7912 0.3
audio7-3 0.4 276.03516 0.25
audio7-7 0.4 276.03516 0.25
audio8-4 1 688.5713999999999 0.9
audio8-6 1 688.5713999999999 0.9
audio9-3 0.7742961927417585 533.3864000000005 0.57
yolo10-4 1 57.969 0.99
yolo12-1 1 57.969 0.99
yolo12-2 1 57.969 0.99
yolo12-6 1 57.969 0.99
yolo2-2 1 57.969 0.99
yolo2-6 1 57.969 0.99
yolo4-7 1 57.969 0.99
yolo5-4 1 57.969 0.99
yolo5-5 1 57.969 0.99
yolo7-6 1 57.969 0.99
yolo8-1 1 57.969 0.99
yolo8-7 1 57.969 0.99
yolo9-2 1 57.969 0.99
Sum of bandwidth: 5077.664600000001
Sum of weights: 10.883999999999999
Average accuracy: 0.7839057331863288
time: 0.031215906143188477
**time: 8
========Allocate Done=============
audio10-5 0.4 276.03516 0.25
audio12-8 0.4 276.03516 0.25
audio3-3 0.4 276.03516 0.25
audio3-6 0.4 276.03516 0.25
audio4-4 1 688.5713999999999 0.9
audio7-3 0.4 276.03516 0.25
audio7-7 0.4 276.03516 0.25
audio8-4 1 688.5713999999999 0.9
audio8-6 1 688.5713999999999 0.9
audio9-3 0.8742961927417586 602.1424400000005 0.74
yolo10-4 1 57.969 0.99
yolo11-8 1 57.969 0.99
yolo12-1 1 57.969 0.99
yolo12-2 1 57.969 0.99
yolo12-6 1 57.969 0.99
yolo2-2 1 57.969 0.99
yolo2-6 1 57.969 0.99
yolo4-7 1 57.969 0.99
yolo5-4 1 57.969 0.99
yolo5-5 1 57.969 0.99
yolo7-6 1 57.969 0.99
yolo8-7 1 57.969 0.99
yolo9-2 1 57.969 0.99
Sum of bandwidth: 5077.664600000001
Sum of weights: 10.347
Average accuracy: 0.8196308108630522
time: 0.494950532913208
**time: 9
========Allocate Done=============
audio10-5 0.4 276.03516 0.25
audio10-9 0.4 276.03516 0.25
audio12-8 0.4 276.03516 0.25
audio3-3 0.4 276.03516 0.25
audio3-6 0.4 276.03516 0.25
audio4-4 1 688.5713999999999 0.9
audio7-7 0.4 276.03516 0.25
audio8-4 1 688.5713999999999 0.9
audio8-6 1 688.5713999999999 0.9
audio8-9 0.6460687381064988 445.22227999999956 0.34
audio9-3 0.4 276.03516 0.25
yolo11-8 1 57.969 0.99
yolo12-1 1 57.969 0.99
yolo12-2 1 57.969 0.99
yolo12-6 1 57.969 0.99
yolo2-2 1 57.969 0.99
yolo2-6 1 57.969 0.99
yolo4-7 1 57.969 0.99
yolo5-4 1 57.969 0.99
yolo7-6 1 57.969 0.99
yolo8-7 1 57.969 0.99
yolo9-2 0.71 42.7382 0.955
audio4-edge-0 1 0.0527 0.9
audio4-edge-4 1 0.0527 0.9
Sum of bandwidth: 5065.7162
Sum of weights: 11.847999999999999
Average accuracy: 0.7785558744091831
time: 0.0053899288177490234
**time: 10
========Allocate Done=============
audio10-5 0.5 344.7912 0.3
audio10-9 0.5 344.7912 0.3
audio12-8 0.42832804216182263 295.5123999999996 0.25
audio3-6 1 688.5713999999999 0.9
audio7-7 1 688.5713999999999 0.9
audio8-4 1 688.5713999999999 0.9
audio8-6 1 688.5713999999999 0.9
audio8-9 1 688.5713999999999 0.9
yolo10-10 1 57.969 0.99
yolo12-1 1 57.969 0.99
yolo12-2 1 57.969 0.99
yolo12-6 1 57.969 0.99
yolo2-2 1 57.969 0.99
yolo4-7 1 57.969 0.99
yolo5-4 1 57.969 0.99
yolo6-10 1 57.969 0.99
yolo7-6 1 57.969 0.99
yolo8-7 1 57.969 0.99
yolo9-2 1 57.969 0.99
audio4-edge-0 1 0.0527 0.9
audio4-edge-4 1 0.0527 0.9
Sum of bandwidth: 5065.7162
Sum of weights: 9.605999999999998
Average accuracy: 0.9277378721632314
time: 0.007237672805786133
**time: 11
========Allocate Done=============
audio10-5 0.4 276.03516 0.25
audio10-9 0.4 276.03516 0.25
audio12-11 0.4 276.03516 0.25
audio3-6 0.4 276.03516 0.25
audio4-11 1 688.5713999999999 0.9
audio7-7 0.8269342737016275 569.5782600000005 0.67
audio8-4 1 688.5713999999999 0.9
audio8-6 1 688.5713999999999 0.9
audio8-9 1 688.5713999999999 0.9
yolo1-11 1 57.969 0.99
yolo10-10 1 57.969 0.99
yolo12-2 1 57.969 0.99
yolo12-6 1 57.969 0.99
yolo2-11 1 57.969 0.99
yolo4-7 1 57.969 0.99
yolo6-10 1 57.969 0.99
yolo7-6 1 57.969 0.99
yolo8-11 1 57.969 0.99
yolo8-7 1 57.969 0.99
yolo9-2 1 57.969 0.99
audio4-edge-4 1 0.0527 0.9
Sum of bandwidth: 5065.716200000001
Sum of weights: 9.317999999999998
Average accuracy: 0.8866505687915864
time: 0.05289864540100098
**time: 12
========Allocate Done=============
audio1-12 0.4 276.03516 0.25
audio10-5 0.4 276.03516 0.25
audio10-9 0.4 276.03516 0.25
audio12-11 0.4 276.03516 0.25
audio3-12 0.4 276.03516 0.25
audio3-6 0.4 276.03516 0.25
audio4-11 1 688.5713999999999 0.9
audio7-7 0.8742961927417586 602.1424400000005 0.74
audio8-6 1 688.5713999999999 0.9
audio8-9 1 688.5713999999999 0.9
yolo1-11 1 57.969 0.99
yolo10-10 1 57.969 0.99
yolo12-12 1 57.969 0.99
yolo12-2 1 57.969 0.99
yolo12-6 1 57.969 0.99
yolo2-11 1 57.969 0.99
yolo4-7 1 57.969 0.99
yolo6-10 1 57.969 0.99
yolo7-12 1 57.969 0.99
yolo7-6 1 57.969 0.99
yolo8-11 1 57.969 0.99
yolo8-7 1 57.969 0.99
yolo9-2 1 57.969 0.99
Sum of bandwidth: 5077.664600000001
Sum of weights: 8.793999999999999
Average accuracy: 0.8663156697748466
time: 0.005332231521606445
**time: 13
========Allocate Done=============
audio1-12 0.4 276.03516 0.25
audio10-5 0.4 276.03516 0.25
audio10-9 0.4 276.03516 0.25
audio12-11 0.4 276.03516 0.25
audio3-12 0.4 276.03516 0.25
audio3-6 0.4 276.03516 0.25
audio4-11 1 688.5713999999999 0.9
audio6-13 0.4 276.03516 0.25
audio7-13 0.4 276.03516 0.25
audio7-7 0.4 276.03516 0.25
audio8-6 1 688.5713999999999 0.9
audio8-9 0.6178851487083912 425.8443600000009 0.32
yolo1-11 1 57.969 0.99
yolo10-10 1 57.969 0.99
yolo12-12 1 57.969 0.99
yolo12-2 1 57.969 0.99
yolo12-6 1 57.969 0.99
yolo2-11 1 57.969 0.99
yolo4-7 1 57.969 0.99
yolo5-13 1 57.969 0.99
yolo6-10 1 57.969 0.99
yolo7-12 1 57.969 0.99
yolo7-6 1 57.969 0.99
yolo8-11 1 57.969 0.99
yolo8-7 1 57.969 0.99
yolo9-13 0.71 42.7382 0.955
Sum of bandwidth: 5083.638800000001
Sum of weights: 10.331
Average accuracy: 0.7395963604684931
time: 0.006302595138549805
**time: 14
========Allocate Done=============
audio1-12 0.4 276.03516 0.25
audio10-5 0.4 276.03516 0.25
audio10-9 0.4 276.03516 0.25
audio12-11 0.4 276.03516 0.25
audio3-12 0.4 276.03516 0.25
audio3-6 0.4 276.03516 0.25
audio4-11 1 688.5713999999999 0.9
audio6-13 0.4 276.03516 0.25
audio7-13 0.4 276.03516 0.25
audio7-7 0.4 276.03516 0.25
audio8-6 0.7375484684690986 508.12012000000084 0.42
audio8-9 0.6 413.54724 0.32
yolo1-11 1 57.969 0.99
yolo10-10 1 57.969 0.99
yolo12-12 1 57.969 0.99
yolo12-14 1 57.969 0.99
yolo12-2 1 57.969 0.99
yolo12-6 1 57.969 0.99
yolo2-11 1 57.969 0.99
yolo2-14 1 57.969 0.99
yolo4-14 1 57.969 0.99
yolo5-13 1 57.969 0.99
yolo6-10 1 57.969 0.99
yolo6-14 1 57.969 0.99
yolo7-12 1 57.969 0.99
yolo8-11 1 57.969 0.99
yolo8-14 1 57.969 0.99
yolo8-7 1 57.969 0.99
yolo9-13 0.71 42.7382 0.955
yolo9-14 0.71 42.7382 0.955
Sum of bandwidth: 5107.5356
Sum of weights: 11.608999999999998
Average accuracy: 0.7298242742699631
time: 0.5408799648284912
**time: 15
========Allocate Done=============
audio1-12 0.4 276.03516 0.25
audio10-5 0.4 276.03516 0.25
audio10-9 0.4 276.03516 0.25
audio12-11 0.4 276.03516 0.25
audio3-12 0.4 276.03516 0.25
audio3-6 0.4 276.03516 0.25
audio4-11 1 688.5713999999999 0.9
audio6-13 0.4 276.03516 0.25
audio7-13 0.4 276.03516 0.25
audio7-7 0.4 276.03516 0.25
audio8-6 0.6 413.54724 0.32
audio8-9 0.5862275081578308 404.0778200000014 0.31
yolo1-11 1 57.969 0.99
yolo10-10 1 57.969 0.99
yolo12-12 1 57.969 0.99
yolo12-14 1 57.969 0.99
yolo12-2 1 57.969 0.99
yolo12-6 1 57.969 0.99
yolo2-11 1 57.969 0.99
yolo2-14 1 57.969 0.99
yolo4-14 1 57.969 0.99
yolo5-13 1 57.969 0.99
yolo5-15 1 57.969 0.99
yolo6-10 1 57.969 0.99
yolo6-14 1 57.969 0.99
yolo7-12 1 57.969 0.99
yolo7-15 1 57.969 0.99
yolo8-11 1 57.969 0.99
yolo8-14 1 57.969 0.99
yolo8-7 1 57.969 0.99
yolo9-13 0.71 42.7382 0.955
yolo9-14 0.71 42.7382 0.955
audio8-edge-6 0.5 0.0527 0.3
Sum of bandwidth: 5119.484000000001
Sum of weights: 13.646999999999998
Average accuracy: 0.7158606287096068
time: 0.24610233306884766
**time: 16
========Allocate Done=============
audio10-9 1 688.5713999999999 0.9
audio3-12 1 688.5713999999999 0.9
audio3-6 1 688.5713999999999 0.9
audio4-11 1 688.5713999999999 0.9
audio6-13 1 688.5713999999999 0.9
audio7-13 1 688.5713999999999 0.9
yolo10-10 1 57.969 0.99
yolo12-12 1 57.969 0.99
yolo2-11 1 57.969 0.99
yolo2-14 1 57.969 0.99
yolo4-14 1 57.969 0.99
yolo5-13 1 57.969 0.99
yolo5-15 1 57.969 0.99
yolo6-10 1 57.969 0.99
yolo7-12 1 57.969 0.99
yolo7-15 1 57.969 0.99
yolo8-11 1 57.969 0.99
yolo8-14 1 57.969 0.99
yolo9-13 1 57.969 0.99
yolo9-14 1 57.969 0.99
audio8-edge-6 1 0.0527 0.9
Sum of bandwidth: 4943.047100000001
Sum of weights: 9.405999999999999
Average accuracy: 0.9552668509462048
time: 0.008430957794189453
**time: 17
========Allocate Done=============
audio10-9 0.4 276.03516 0.25
audio3-12 1 688.5713999999999 0.9
audio3-6 0.6517643249960304 449.13834000000065 0.34
audio4-11 1 688.5713999999999 0.9
audio6-17 1 688.5713999999999 0.9
audio7-13 1 688.5713999999999 0.9
audio8-17 1 688.5713999999999 0.9
yolo10-10 1 57.969 0.99
yolo12-12 1 57.969 0.99
yolo12-16 1 57.969 0.99
yolo2-14 1 57.969 0.99
yolo4-14 1 57.969 0.99
yolo5-13 1 57.969 0.99
yolo5-15 1 57.969 0.99
yolo6-10 1 57.969 0.99
yolo7-12 1 57.969 0.99
yolo7-15 1 57.969 0.99
yolo7-17 1 57.969 0.99
yolo8-11 1 57.969 0.99
yolo8-14 1 57.969 0.99
yolo8-16 1 57.969 0.99
yolo9-13 1 57.969 0.99
yolo9-14 1 57.969 0.99
audio8-edge-6 1 0.0527 0.9
Sum of bandwidth: 5095.587200000001
Sum of weights: 10.588
Average accuracy: 0.9280279561768042
time: 0.15572810173034668
**time: 18
========Allocate Done=============
audio10-9 0.5 344.7912 0.3
audio12-18 0.4762188165577903 328.4402000000009 0.27
audio3-12 1 688.5713999999999 0.9
audio4-11 1 688.5713999999999 0.9
audio6-17 1 688.5713999999999 0.9
audio7-13 1 688.5713999999999 0.9
audio8-17 1 688.5713999999999 0.9
yolo10-10 1 57.969 0.99
yolo12-12 1 57.969 0.99
yolo12-16 1 57.969 0.99
yolo2-14 1 57.969 0.99
yolo2-18 1 57.969 0.99
yolo4-14 1 57.969 0.99
yolo5-13 1 57.969 0.99
yolo5-15 1 57.969 0.99
yolo6-10 1 57.969 0.99
yolo7-12 1 57.969 0.99
yolo7-15 1 57.969 0.99
yolo7-17 1 57.969 0.99
yolo8-11 1 57.969 0.99
yolo8-14 1 57.969 0.99
yolo8-16 1 57.969 0.99
yolo9-13 1 57.969 0.99
yolo9-14 1 57.969 0.99
Sum of bandwidth: 5101.561400000001
Sum of weights: 10.184
Average accuracy: 0.9544265514532603
time: 0.41025829315185547
**time: 19
========Allocate Done=============
audio10-9 0.5517643249960307 380.38230000000084 0.31
audio12-18 0.5 344.7912 0.3
audio4-11 1 688.5713999999999 0.9
audio5-19 1 688.5713999999999 0.9
audio6-17 1 688.5713999999999 0.9
audio7-13 1 688.5713999999999 0.9
audio8-17 1 688.5713999999999 0.9
yolo12-12 1 57.969 0.99
yolo12-16 1 57.969 0.99
yolo12-19 1 57.969 0.99
yolo2-14 1 57.969 0.99
yolo2-18 1 57.969 0.99
yolo4-14 1 57.969 0.99
yolo5-13 1 57.969 0.99
yolo5-15 1 57.969 0.99
yolo6-10 1 57.969 0.99
yolo7-15 1 57.969 0.99
yolo7-17 1 57.969 0.99
yolo8-11 1 57.969 0.99
yolo8-14 1 57.969 0.99
yolo8-16 1 57.969 0.99
yolo9-13 1 57.969 0.99
yolo9-14 1 57.969 0.99
audio8-edge-13 1 0.0527 0.9
Sum of bandwidth: 5095.587200000001
Sum of weights: 10.701999999999998
Average accuracy: 0.9469613156419364
time: 0.08126068115234375
**time: 20
========Allocate Done=============
audio11-20 0.603008637495703 415.61586000000057 0.32
audio12-18 0.6 413.54724 0.32
audio4-11 1 688.5713999999999 0.9
audio5-19 1 688.5713999999999 0.9
audio6-17 1 688.5713999999999 0.9
audio7-13 1 688.5713999999999 0.9
audio8-17 1 688.5713999999999 0.9
yolo12-12 1 57.969 0.99
yolo12-19 1 57.969 0.99
yolo2-14 1 57.969 0.99
yolo2-18 1 57.969 0.99
yolo4-14 1 57.969 0.99
yolo5-13 1 57.969 0.99
yolo5-15 1 57.969 0.99
yolo6-10 1 57.969 0.99
yolo7-15 1 57.969 0.99
yolo7-17 1 57.969 0.99
yolo8-14 1 57.969 0.99
yolo8-16 1 57.969 0.99
yolo9-13 1 57.969 0.99
yolo9-14 1 57.969 0.99
audio8-edge-13 1 0.0527 0.9
Sum of bandwidth: 5083.638800000001
Sum of weights: 10.193
Average accuracy: 0.9449681153732955
time: 0.005722522735595703
**time: 21
========Allocate Done=============
audio11-20 0.5 344.7912 0.3
audio12-18 0.5 344.7912 0.3
audio12-21 0.49322779496899605 340.1349000000009 0.27
audio2-21 1 688.5713999999999 0.9
audio5-19 1 688.5713999999999 0.9
audio6-17 1 688.5713999999999 0.9
audio6-21 1 688.5713999999999 0.9
audio8-17 1 688.5713999999999 0.9
yolo12-19 1 57.969 0.99
yolo2-14 1 57.969 0.99
yolo2-18 1 57.969 0.99
yolo4-14 1 57.969 0.99
yolo5-13 1 57.969 0.99
yolo5-15 1 57.969 0.99
yolo7-15 1 57.969 0.99
yolo9-13 1 57.969 0.99
yolo9-14 1 57.969 0.99
audio8-edge-13 1 0.0527 0.9
yolo8-edge-11 1 34.18 0.99
yolo8-edge-14 1 34.18 0.99
Sum of bandwidth: 5062.708000000001
Sum of weights: 8.085999999999999
Average accuracy: 0.9370566411080885
time: 0.13344764709472656
**time: 22
========Allocate Done=============
audio11-20 0.4 276.03516 0.25
audio11-22 0.4 276.03516 0.25
audio12-18 0.4 276.03516 0.25
audio12-21 0.4 276.03516 0.25
audio2-21 0.4 276.03516 0.25
audio5-19 1 688.5713999999999 0.9
audio6-21 0.8390426499257377 577.9035000000001 0.67
audio7-22 0.5 344.7912 0.3
audio8-17 1 688.5713999999999 0.9
audio8-22 1 688.5713999999999 0.9
yolo12-19 1 57.969 0.99
yolo12-22 1 57.969 0.99
yolo2-14 1 57.969 0.99
yolo2-18 1 57.969 0.99
yolo4-14 1 57.969 0.99
yolo5-13 1 57.969 0.99
yolo6-22 1 57.969 0.99
yolo7-15 1 57.969 0.99
yolo7-22 1 57.969 0.99
yolo9-13 1 57.969 0.99
yolo9-14 1 57.969 0.99
audio8-edge-13 1 0.0527 0.9
yolo8-edge-11 1 34.18 0.99
yolo8-edge-14 1 34.18 0.99
Sum of bandwidth: 5074.656400000002
Sum of weights: 9.839999999999998
Average accuracy: 0.8862256097560979
time: 0.004998445510864258
**time: 23
========Allocate Done=============
audio11-20 0.4 276.03516 0.25
audio11-22 0.4 276.03516 0.25
audio12-18 0.4 276.03516 0.25
audio12-21 0.4 276.03516 0.25
audio2-21 0.4 276.03516 0.25
audio3-23 0.4 276.03516 0.25
audio4-23 1 688.5713999999999 0.9
audio6-21 0.5 344.7912 0.3
audio7-22 0.40516068115615733 279.58344 0.25
audio8-17 1 688.5713999999999 0.9
audio8-22 1 688.5713999999999 0.9
yolo12-19 1 57.969 0.99
yolo12-22 1 57.969 0.99
yolo2-14 1 57.969 0.99
yolo2-18 1 57.969 0.99
yolo4-14 1 57.969 0.99
yolo5-13 1 57.969 0.99
yolo5-23 1 57.969 0.99
yolo6-22 1 57.969 0.99
yolo7-15 1 57.969 0.99
yolo7-22 1 57.969 0.99
yolo9-13 1 57.969 0.99
yolo9-14 1 57.969 0.99
audio8-edge-13 1 0.0527 0.9
yolo8-edge-11 1 34.18 0.99
Sum of bandwidth: 5076.160500000001
Sum of weights: 10.827
Average accuracy: 0.8471414057448973
time: 0.006228208541870117
**time: 24
========Allocate Done=============
audio11-20 0.4 276.03516 0.25
audio11-22 0.4 276.03516 0.25
audio11-24 0.4 276.03516 0.25
audio12-18 0.4 276.03516 0.25
audio12-21 0.4 276.03516 0.25
audio2-21 0.4 276.03516 0.25
audio3-23 0.4 276.03516 0.25
audio4-23 1 688.5713999999999 0.9
audio6-21 0.44938949363575886 309.99341999999984 0.25
audio7-22 0.4 276.03516 0.25
audio8-17 1 688.5713999999999 0.9
audio8-22 1 688.5713999999999 0.9
yolo12-19 1 57.969 0.99
yolo12-22 1 57.969 0.99
yolo2-14 1 57.969 0.99
yolo2-18 1 57.969 0.99
yolo5-23 1 57.969 0.99
yolo6-22 1 57.969 0.99
yolo7-15 1 57.969 0.99
yolo7-22 1 57.969 0.99
audio8-edge-13 1 0.0527 0.9
Sum of bandwidth: 5047.7936
Sum of weights: 9.770999999999999
Average accuracy: 0.825057824173575
time: 0.004118442535400391
**time: 25
========Allocate Done=============
audio11-20 0.4 276.03516 0.25
audio11-22 0.4 276.03516 0.25
audio11-24 0.4 276.03516 0.25
audio12-18 0.4 276.03516 0.25
audio12-21 0.4 276.03516 0.25
audio2-21 0.4 276.03516 0.25
audio3-23 0.4 276.03516 0.25
audio3-25 0.4 276.03516 0.25
audio4-23 1 688.5713999999999 0.9
audio6-21 0.4 276.03516 0.25
audio7-22 0.4 276.03516 0.25
audio8-17 0.5708265048423392 393.4887000000007 0.31
audio8-22 0.5 344.7912 0.3
audio8-25 0.5 344.7912 0.3
yolo12-19 1 57.969 0.99
yolo12-22 1 57.969 0.99
yolo2-14 1 57.969 0.99
yolo2-18 1 57.969 0.99
yolo5-23 1 57.969 0.99
yolo6-22 1 57.969 0.99
yolo7-15 1 57.969 0.99
yolo7-22 1 57.969 0.99
yolo7-25 1 57.969 0.99
audio8-edge-13 0.5 0.0527 0.3
Sum of bandwidth: 5053.7678000000005
Sum of weights: 11.652000000000001
Average accuracy: 0.6356565396498454
time: 0.02013421058654785
**time: 26
========Allocate Done=============
audio11-20 0.4 276.03516 0.25
audio11-24 0.4 276.03516 0.25
audio12-18 0.4 276.03516 0.25
audio2-21 0.4 276.03516 0.25
audio3-23 0.4 276.03516 0.25
audio3-25 0.4 276.03516 0.25
audio4-23 1 688.5713999999999 0.9
audio6-26 0.5 344.7912 0.3
audio7-22 0.5 344.7912 0.3
audio7-26 0.4005571583238352 276.41823999999946 0.25
audio8-22 1 688.5713999999999 0.9
audio8-25 1 688.5713999999999 0.9
yolo12-19 1 57.969 0.99
yolo5-23 1 57.969 0.99
yolo6-22 1 57.969 0.99
yolo7-15 1 57.969 0.99
yolo7-22 1 57.969 0.99
yolo7-25 1 57.969 0.99
audio6-edge-21 0.5 0.0527 0.3
audio8-edge-13 1 0.0527 0.9
Sum of bandwidth: 5035.8452
Sum of weights: 9.732999999999999
Average accuracy: 0.7353190177745814
time: 0.2813534736633301
**time: 27
========Allocate Done=============
audio11-20 0.4 276.03516 0.25
audio11-24 0.4 276.03516 0.25
audio12-18 0.4 276.03516 0.25
audio2-21 0.4 276.03516 0.25
audio2-27 0.4 276.03516 0.25
audio3-23 0.4 276.03516 0.25
audio4-23 1 688.5713999999999 0.9
audio4-27 1 688.5713999999999 0.9
audio5-27 0.6004038627006436 413.8249199999996 0.32
audio6-26 0.4 276.03516 0.25
audio7-26 0.4 276.03516 0.25
audio9-27 1 688.5713999999999 0.9
yolo12-19 1 57.969 0.99
yolo5-23 1 57.969 0.99
yolo5-27 1 57.969 0.99
yolo6-22 1 57.969 0.99
yolo7-22 1 57.969 0.99
yolo7-25 1 57.969 0.99
audio6-edge-21 0.4 0.0527 0.25
audio8-edge-13 1 0.0527 0.9
audio8-edge-22 1 0.0527 0.9
audio8-edge-25 1 0.0527 0.9
Sum of bandwidth: 5035.8452
Sum of weights: 11.044999999999998
Average accuracy: 0.7616966953372567
time: 0.003573179244995117
**time: 28
========Allocate Done=============
audio11-20 0.4 276.03516 0.25
audio11-24 0.4 276.03516 0.25
audio12-18 0.4 276.03516 0.25
audio2-21 0.4 276.03516 0.25
audio2-27 0.4 276.03516 0.25
audio3-23 0.4 276.03516 0.25
audio4-23 1 688.5713999999999 0.9
audio4-27 1 688.5713999999999 0.9
audio5-27 0.6004038627006436 413.8249199999996 0.32
audio6-26 0.4 276.03516 0.25
audio7-26 0.4 276.03516 0.25
audio9-27 1 688.5713999999999 0.9
yolo12-19 1 57.969 0.99
yolo5-23 1 57.969 0.99
yolo5-27 1 57.969 0.99
yolo6-22 1 57.969 0.99
yolo7-22 1 57.969 0.99
yolo7-25 1 57.969 0.99
audio6-edge-21 0.4 0.0527 0.25
audio8-edge-13 1 0.0527 0.9
audio8-edge-22 1 0.0527 0.9
audio8-edge-25 1 0.0527 0.9
Sum of bandwidth: 5035.8452
Sum of weights: 11.044999999999998
Average accuracy: 0.7616966953372567
time: 0.005826473236083984
**time: 29
========Allocate Done=============
audio11-24 0.4 276.03516 0.25
audio12-28 0.4 276.03516 0.25
audio2-21 0.4 276.03516 0.25
audio2-27 0.4 276.03516 0.25
audio3-23 0.4 276.03516 0.25
audio4-23 1 688.5713999999999 0.9
audio4-27 1 688.5713999999999 0.9
audio5-27 0.5481413414734186 377.89128000000034 0.31
audio6-26 0.4 276.03516 0.25
audio7-26 0.4 276.03516 0.25
audio9-27 1 688.5713999999999 0.9
yolo10-28 1 57.969 0.99
yolo2-28 1 57.969 0.99
yolo3-28 1 57.969 0.99
yolo4-28 1 57.969 0.99
yolo5-27 1 57.969 0.99
yolo5-29 1 57.969 0.99
yolo6-22 1 57.969 0.99
yolo7-22 1 57.969 0.99
yolo7-25 1 57.969 0.99
yolo7-29 1 57.969 0.99
yolo9-28 1 57.969 0.99
yolo9-29 1 57.969 0.99
audio6-edge-21 0.4 0.0527 0.25
audio7-edge-22 0.4 0.0527 0.25
audio8-edge-13 1 0.0527 0.9
audio8-edge-25 1 0.0527 0.9
Sum of bandwidth: 5071.690400000001
Sum of weights: 12.665000000000001
Average accuracy: 0.7716478484011056
time: 0.1883847713470459
**time: 30
========Allocate Done=============
audio11-24 0.4 276.03516 0.25
audio12-28 0.4 276.03516 0.25
audio2-21 0.4 276.03516 0.25
audio3-23 0.4 276.03516 0.25
audio4-27 1 688.5713999999999 0.9
audio5-27 1 688.5713999999999 0.9
audio6-26 1 688.5713999999999 0.9
audio7-26 0.9779486427665119 673.40976 0.9
audio9-27 1 688.5713999999999 0.9
yolo10-28 1 57.969 0.99
yolo2-28 1 57.969 0.99
yolo3-28 1 57.969 0.99
yolo4-28 1 57.969 0.99
yolo5-27 1 57.969 0.99
yolo5-29 1 57.969 0.99
yolo7-29 1 57.969 0.99
yolo9-28 1 57.969 0.99
yolo9-29 1 57.969 0.99
audio6-edge-21 1 0.0527 0.9
audio7-edge-22 0.6 0.0527 0.32
audio8-edge-13 1 0.0527 0.9
audio8-edge-25 1 0.0527 0.9
Sum of bandwidth: 5053.7678000000005
Sum of weights: 9.948999999999998
Average accuracy: 0.8648175696049858
time: 0.006903171539306641
