num: 30 running time:30 bandwidth:5000
**time: 0
========Allocate Done=============
audio2-0 1 688.5713999999999 0.9
audio7-0 1 688.5713999999999 0.9
yolo9-0 1 57.969 0.99
Sum of bandwidth: 1435.1118
Sum of weights: 1.337
Average accuracy: 0.9497456993268513
time: 0.12939834594726562
**time: 1
========Allocate Done=============
audio2-0 1 688.5713999999999 0.9
audio7-0 1 688.5713999999999 0.9
yolo6-1 1 57.969 0.99
yolo9-0 1 57.969 0.99
Sum of bandwidth: 1493.0808
Sum of weights: 2.0949999999999998
Average accuracy: 0.964310262529833
time: 0.16668176651000977
**time: 2
========Allocate Done=============
audio11-2 1 688.5713999999999 0.9
audio2-0 1 688.5713999999999 0.9
audio7-0 1 688.5713999999999 0.9
audio7-2 1 688.5713999999999 0.9
yolo3-2 1 57.969 0.99
yolo4-2 1 57.969 0.99
yolo6-1 1 57.969 0.99
yolo8-2 1 57.969 0.99
yolo9-0 1 57.969 0.99
Sum of bandwidth: 3044.1306
Sum of weights: 4.528
Average accuracy: 0.9572636925795053
time: 0.6662154197692871
**time: 3
========Allocate Done=============
audio11-2 1 688.5713999999999 0.9
audio2-0 1 688.5713999999999 0.9
audio3-3 1 688.5713999999999 0.9
audio7-0 1 688.5713999999999 0.9
audio7-2 1 688.5713999999999 0.9
audio7-3 1 688.5713999999999 0.9
yolo2-3 1 57.969 0.99
yolo3-2 1 57.969 0.99
yolo4-2 1 57.969 0.99
yolo6-1 1 57.969 0.99
yolo8-2 1 57.969 0.99
yolo8-3 1 57.969 0.99
yolo9-0 1 57.969 0.99
Sum of bandwidth: 4537.2114
Sum of weights: 6.692999999999999
Average accuracy: 0.9567996414164054
time: 0.14849591255187988
**time: 4
========Allocate Done=============
audio11-2 1 688.5713999999999 0.9
audio11-4 1 688.5713999999999 0.9
audio2-0 1 688.5713999999999 0.9
audio3-3 1 688.5713999999999 0.9
audio5-4 1 688.5713999999999 0.9
audio7-0 0.6 413.54724 0.32
audio7-2 0.6 413.54724 0.32
audio7-3 0.5309699627843608 366.08492000000024 0.3
yolo2-3 1 57.969 0.99
yolo3-2 1 57.969 0.99
yolo4-2 1 57.969 0.99
yolo6-1 1 57.969 0.99
yolo8-2 1 57.969 0.99
yolo8-3 1 57.969 0.99
yolo9-0 1 57.969 0.99
Sum of bandwidth: 5041.8194
Sum of weights: 8.001
Average accuracy: 0.931456067991501
time: 0.30821919441223145
**time: 5
========Allocate Done=============
audio11-2 1 688.5713999999999 0.9
audio11-4 1 688.5713999999999 0.9
audio2-0 1 688.5713999999999 0.9
audio3-3 1 688.5713999999999 0.9
audio5-4 0.4 276.03516 0.25
audio7-0 0.4 276.03516 0.25
audio7-2 0.4 276.03516 0.25
audio7-3 0.4 276.03516 0.25
audio8-5 0.9782552340128959 673.6205600000003 0.9
yolo1-5 1 57.969 0.99
yolo10-5 1 57.969 0.99
yolo2-3 1 57.969 0.99
yolo3-2 1 57.969 0.99
yolo4-2 1 57.969 0.99
yolo6-1 1 57.969 0.99
yolo8-2 1 57.969 0.99
yolo8-3 1 57.969 0.99
yolo9-0 1 57.969 0.99
Sum of bandwidth: 5053.7678000000005
Sum of weights: 9.959
Average accuracy: 0.9162897881313385
time: 1.1966421604156494
**time: 6
========Allocate Done=============
audio11-2 1 688.5713999999999 0.9
audio11-4 1 688.5713999999999 0.9
audio12-6 1 688.5713999999999 0.9
audio2-0 0.9767848177411038 672.6095600000003 0.9
audio2-6 0.6 413.54724 0.32
audio5-4 0.4 276.03516 0.25
audio7-0 0.4 276.03516 0.25
audio7-2 0.4 276.03516 0.25
audio7-3 0.4 276.03516 0.25
audio8-5 0.4 276.03516 0.25
yolo1-5 1 57.969 0.99
yolo10-5 1 57.969 0.99
yolo2-3 1 57.969 0.99
yolo3-2 1 57.969 0.99
yolo4-2 1 57.969 0.99
yolo6-1 1 57.969 0.99
yolo8-2 1 57.969 0.99
yolo8-3 1 57.969 0.99
yolo9-0 1 57.969 0.99
Sum of bandwidth: 5053.7678000000005
Sum of weights: 10.711000000000002
Average accuracy: 0.8624432826066658
time: 0.74369215965271
**time: 7
========Allocate Done=============
audio11-4 1 688.5713999999999 0.9
audio12-6 1 688.5713999999999 0.9
audio2-0 1 688.5713999999999 0.9
audio2-6 1 688.5713999999999 0.9
audio5-4 0.4 276.03516 0.25
audio7-0 0.4 276.03516 0.25
audio7-2 0.4 276.03516 0.25
audio7-3 0.4 276.03516 0.25
audio8-5 0.8270109215132236 569.6309600000006 0.67
yolo1-5 1 57.969 0.99
yolo1-7 1 57.969 0.99
yolo10-5 1 57.969 0.99
yolo10-7 1 57.969 0.99
yolo2-3 1 57.969 0.99
yolo3-2 1 57.969 0.99
yolo4-2 1 57.969 0.99
yolo6-1 1 57.969 0.99
yolo8-2 1 57.969 0.99
yolo8-3 1 57.969 0.99
yolo9-0 1 57.969 0.99
Sum of bandwidth: 5065.716200000001
Sum of weights: 11.293
Average accuracy: 0.9186354378818739
time: 0.1176297664642334
**time: 8
========Allocate Done=============
audio11-4 0.9952809964041004 685.3268000000018 0.9
audio12-6 0.6 413.54724 0.32
audio2-0 0.4 276.03516 0.25
audio2-6 0.4 276.03516 0.25
audio3-8 0.4 276.03516 0.25
audio4-8 0.4 276.03516 0.25
audio5-4 0.4 276.03516 0.25
audio5-8 0.4 276.03516 0.25
audio7-0 0.4 276.03516 0.25
audio7-2 0.4 276.03516 0.25
audio7-3 0.4 276.03516 0.25
audio7-8 0.4 276.03516 0.25
audio8-5 0.4 276.03516 0.25
audio9-8 0.5 344.7912 0.3
yolo1-5 1 57.969 0.99
yolo1-7 1 57.969 0.99
yolo10-5 1 57.969 0.99
yolo10-7 1 57.969 0.99
yolo2-3 1 57.969 0.99
yolo3-2 1 57.969 0.99
yolo4-2 1 57.969 0.99
yolo6-1 1 57.969 0.99
yolo8-3 1 57.969 0.99
yolo9-0 1 57.969 0.99
Sum of bandwidth: 5059.742000000001
Sum of weights: 13.345000000000002
Average accuracy: 0.6719640314724614
time: 1.2809534072875977
**time: 9
========Allocate Done=============
audio11-4 0.5647182123926867 389.28888000000063 0.31
audio12-6 0.5 344.7912 0.3
audio2-6 0.4 276.03516 0.25
audio2-9 0.4 276.03516 0.25
audio3-8 0.4 276.03516 0.25
audio4-8 0.4 276.03516 0.25
audio5-4 0.4 276.03516 0.25
audio5-8 0.4 276.03516 0.25
audio6-9 0.4 276.03516 0.25
audio7-0 0.4 276.03516 0.25
audio7-2 0.4 276.03516 0.25
audio7-3 0.4 276.03516 0.25
audio7-8 0.4 276.03516 0.25
audio8-5 0.4 276.03516 0.25
audio9-8 0.5 344.7912 0.3
yolo1-5 1 57.969 0.99
yolo1-7 1 57.969 0.99
yolo10-5 1 57.969 0.99
yolo10-7 1 57.969 0.99
yolo11-9 1 57.969 0.99
yolo2-3 1 57.969 0.99
yolo3-2 1 57.969 0.99
yolo4-9 1 57.969 0.99
yolo6-1 1 57.969 0.99
yolo7-9 0.71 42.7382 0.955
yolo8-3 1 57.969 0.99
yolo9-0 1 57.969 0.99
Sum of bandwidth: 5071.6904
Sum of weights: 14.603000000000003
Average accuracy: 0.6358155858385262
time: 0.02356553077697754
**time: 10
========Allocate Done=============
audio11-4 0.5645649167694947 389.1834800000005 0.31
audio12-6 0.5 344.7912 0.3
audio2-6 0.4 276.03516 0.25
audio2-9 0.4 276.03516 0.25
audio3-8 0.4 276.03516 0.25
audio4-8 0.4 276.03516 0.25
audio5-4 0.4 276.03516 0.25
audio5-8 0.4 276.03516 0.25
audio6-9 0.4 276.03516 0.25
audio7-0 0.4 276.03516 0.25
audio7-2 0.4 276.03516 0.25
audio7-3 0.4 276.03516 0.25
audio7-8 0.4 276.03516 0.25
audio8-5 0.4 276.03516 0.25
audio9-8 0.5 344.7912 0.3
yolo1-5 1 57.969 0.99
yolo1-7 1 57.969 0.99
yolo10-5 1 57.969 0.99
yolo10-7 1 57.969 0.99
yolo11-9 1 57.969 0.99
yolo12-10 1 57.969 0.99
yolo2-3 1 57.969 0.99
yolo3-2 1 57.969 0.99
yolo4-10 1 57.969 0.99
yolo4-9 1 57.969 0.99
yolo6-1 1 57.969 0.99
yolo7-9 0.71 42.7382 0.955
audio11-edge-2 0.5 0.0527 0.3
audio11-edge-4 0.5 0.0527 0.3
Sum of bandwidth: 5071.6904
Sum of weights: 16.201
Average accuracy: 0.5876152706623048
time: 0.4483814239501953
**time: 11
========Allocate Done=============
audio1-11 1 688.5713999999999 0.9
audio12-6 0.9197682705403055 633.4072400000006 0.84
audio2-9 0.4 276.03516 0.25
audio3-11 0.4 276.03516 0.25
audio3-8 0.4 276.03516 0.25
audio4-8 0.4 276.03516 0.25
audio5-4 0.4 276.03516 0.25
audio5-8 0.4 276.03516 0.25
audio6-9 0.4 276.03516 0.25
audio7-11 0.4 276.03516 0.25
audio7-3 0.4 276.03516 0.25
audio7-8 0.4 276.03516 0.25
audio8-5 0.4 276.03516 0.25
audio9-8 0.5 344.7912 0.3
yolo11-9 1 57.969 0.99
yolo12-10 1 57.969 0.99
yolo3-2 1 57.969 0.99
yolo4-10 1 57.969 0.99
yolo4-9 1 57.969 0.99
yolo7-9 0.71 42.7382 0.955
audio11-edge-2 0.6 0.0527 0.32
audio11-edge-4 0.6 0.0527 0.32
Sum of bandwidth: 5035.8452
Sum of weights: 11.879000000000001
Average accuracy: 0.5279362740971462
time: 0.12062215805053711
**time: 12
========Allocate Done=============
audio1-11 0.6 413.54724 0.32
audio11-12 0.6 413.54724 0.32
audio12-6 0.5892821343404889 406.1780600000003 0.31
audio2-12 0.4 276.03516 0.25
audio2-9 0.4 276.03516 0.25
audio3-11 0.4 276.03516 0.25
audio4-8 0.4 276.03516 0.25
audio5-4 0.4 276.03516 0.25
audio5-8 0.4 276.03516 0.25
audio6-9 0.4 276.03516 0.25
audio7-11 0.4 276.03516 0.25
audio7-3 0.4 276.03516 0.25
audio7-8 0.4 276.03516 0.25
audio8-5 0.4 276.03516 0.25
audio9-8 0.5 344.7912 0.3
yolo11-9 1 57.969 0.99
yolo12-10 1 57.969 0.99
yolo3-2 1 57.969 0.99
yolo4-10 1 57.969 0.99
yolo4-9 1 57.969 0.99
yolo5-12 1 57.969 0.99
yolo7-12 0.71 42.7382 0.955
yolo7-9 0.71 42.7382 0.955
audio11-edge-4 0.5 0.0527 0.3
Sum of bandwidth: 5047.793599999999
Sum of weights: 12.291
Average accuracy: 0.4670921812708486
time: 0.003468751907348633
**time: 13
========Allocate Done=============
audio1-11 0.8907525506122818 613.4571800000007 0.74
audio11-12 0.6 413.54724 0.32
audio12-6 0.6 413.54724 0.32
audio2-12 0.4 276.03516 0.25
audio2-9 0.4 276.03516 0.25
audio3-11 0.4 276.03516 0.25
audio4-8 0.4 276.03516 0.25
audio6-9 0.4 276.03516 0.25
audio7-11 0.4 276.03516 0.25
audio7-3 0.4 276.03516 0.25
audio7-8 0.4 276.03516 0.25
audio8-5 0.4 276.03516 0.25
audio9-13 0.5 344.7912 0.3
audio9-8 0.5 344.7912 0.3
yolo11-13 1 57.969 0.99
yolo11-9 1 57.969 0.99
yolo3-2 1 57.969 0.99
yolo4-10 1 57.969 0.99
yolo4-9 1 57.969 0.99
yolo5-12 1 57.969 0.99
yolo7-12 0.71 42.7382 0.955
yolo7-9 0.71 42.7382 0.955
audio11-edge-4 0.6 0.0527 0.32
Sum of bandwidth: 5047.793599999999
Sum of weights: 12.574000000000002
Average accuracy: 0.5009010656911086
time: 0.05061817169189453
**time: 14
========Allocate Done=============
audio1-11 0.6906759028006856 475.8924000000005 0.36
audio11-12 0.6 413.54724 0.32
audio12-14 0.6 413.54724 0.32
audio12-6 0.6 413.54724 0.32
audio2-12 0.4 276.03516 0.25
audio2-9 0.4 276.03516 0.25
audio4-8 0.4 276.03516 0.25
audio6-9 0.4 276.03516 0.25
audio7-3 0.4 276.03516 0.25
audio7-8 0.4 276.03516 0.25
audio8-14 0.4 276.03516 0.25
audio8-5 0.4 276.03516 0.25
audio9-13 0.5 344.7912 0.3
audio9-8 0.5 344.7912 0.3
yolo11-13 1 57.969 0.99
yolo11-9 1 57.969 0.99
yolo4-10 1 57.969 0.99
yolo4-9 1 57.969 0.99
yolo5-12 1 57.969 0.99
yolo7-12 0.71 42.7382 0.955
yolo7-9 0.71 42.7382 0.955
yolo9-14 1 57.969 0.99
audio11-edge-3 0.6 0.0527 0.32
audio7-edge-11 0.4 0.0527 0.25
Sum of bandwidth: 5047.793599999999
Sum of weights: 13.650000000000006
Average accuracy: 0.4832989010989009
time: 0.14211249351501465
**time: 15
========Allocate Done=============
audio1-11 1 688.5713999999999 0.9
audio11-12 1 688.5713999999999 0.9
audio12-14 1 688.5713999999999 0.9
audio2-12 0.6 413.54724 0.32
audio2-9 0.5278758346175851 363.95752000000067 0.3
audio6-9 0.4 276.03516 0.25
audio7-8 0.4 276.03516 0.25
audio8-14 0.4 276.03516 0.25
audio8-5 0.4 276.03516 0.25
audio9-13 1 688.5713999999999 0.9
yolo11-13 1 57.969 0.99
yolo3-15 1 57.969 0.99
yolo4-10 1 57.969 0.99
yolo4-9 1 57.969 0.99
yolo7-12 1 57.969 0.99
yolo7-9 1 57.969 0.99
yolo9-14 1 57.969 0.99
audio11-edge-3 1 0.0527 0.9
audio7-edge-11 0.4 0.0527 0.25
Sum of bandwidth: 5041.819400000001
Sum of weights: 9.865000000000002
Average accuracy: 0.7687987835783069
time: 0.0031092166900634766
**time: 16
========Allocate Done=============
audio1-11 1 688.5713999999999 0.9
audio1-16 1 688.5713999999999 0.9
audio11-12 1 688.5713999999999 0.9
audio12-14 0.7950871516160615 547.6814399999998 0.57
audio2-12 0.4 276.03516 0.25
audio2-9 0.4 276.03516 0.25
audio6-9 0.4 276.03516 0.25
audio7-8 0.4 276.03516 0.25
audio8-14 0.4 276.03516 0.25
audio8-5 0.4 276.03516 0.25
audio9-13 0.5 344.7912 0.3
yolo11-13 1 57.969 0.99
yolo3-15 1 57.969 0.99
yolo4-10 1 57.969 0.99
yolo4-9 1 57.969 0.99
yolo5-16 1 57.969 0.99
yolo7-12 0.71 42.7382 0.955
yolo7-9 0.71 42.7382 0.955
yolo9-14 1 57.969 0.99
audio11-edge-3 0.6 0.0527 0.32
audio7-edge-11 0.4 0.0527 0.25
Sum of bandwidth: 5047.793599999999
Sum of weights: 11.446000000000005
Average accuracy: 0.658747160580115
time: 0.13818740844726562
**time: 17
========Allocate Done=============
audio1-16 1 688.5713999999999 0.9
audio12-14 1 688.5713999999999 0.9
audio2-12 0.6507832620959555 448.4638 0.34
audio2-9 0.6 413.54724 0.32
audio6-17 0.4 276.03516 0.25
audio6-9 0.4 276.03516 0.25
audio7-8 0.4 276.03516 0.25
audio8-14 0.4 276.03516 0.25
audio8-17 0.4 276.03516 0.25
audio8-5 0.4 276.03516 0.25
audio9-13 1 688.5713999999999 0.9
yolo11-13 1 57.969 0.99
yolo4-10 1 57.969 0.99
yolo4-9 1 57.969 0.99
yolo5-16 1 57.969 0.99
yolo7-12 1 57.969 0.99
yolo7-9 1 57.969 0.99
yolo8-17 1 57.969 0.99
yolo9-14 1 57.969 0.99
audio11-edge-3 1 0.0527 0.9
audio7-edge-11 0.4 0.0527 0.25
Sum of bandwidth: 5047.7936
Sum of weights: 10.796000000000003
Average accuracy: 0.7398304927751017
time: 0.005217790603637695
**time: 18
========Allocate Done=============
audio1-16 1 688.5713999999999 0.9
audio10-18 1 688.5713999999999 0.9
audio12-14 0.9470869468340517 652.1904799999993 0.84
audio2-12 0.4 276.03516 0.25
audio2-9 0.4 276.03516 0.25
audio6-17 0.4 276.03516 0.25
audio6-9 0.4 276.03516 0.25
audio7-8 0.4 276.03516 0.25
audio8-14 0.4 276.03516 0.25
audio8-17 0.4 276.03516 0.25
audio9-13 0.5 344.7912 0.3
audio9-18 0.5 344.7912 0.3
yolo1-18 1 57.969 0.99
yolo3-18 1 57.969 0.99
yolo4-10 1 57.969 0.99
yolo5-16 1 57.969 0.99
yolo7-12 0.71 42.7382 0.955
yolo8-17 1 57.969 0.99
yolo9-14 1 57.969 0.99
audio11-edge-3 0.6 0.0527 0.32
audio7-edge-11 0.4 0.0527 0.25
Sum of bandwidth: 5041.8193999999985
Sum of weights: 12.228000000000002
Average accuracy: 0.6282053483807654
time: 0.004270315170288086
**time: 19
========Allocate Done=============
audio10-18 1 688.5713999999999 0.9
audio12-14 0.9155059540950881 630.4766400000003 0.84
audio12-19 0.6 413.54724 0.32
audio2-12 0.4 276.03516 0.25
audio2-9 0.4 276.03516 0.25
audio5-19 0.4 276.03516 0.25
audio6-17 0.4 276.03516 0.25
audio6-9 0.4 276.03516 0.25
audio7-8 0.4 276.03516 0.25
audio8-17 0.4 276.03516 0.25
audio9-13 0.5 344.7912 0.3
audio9-18 0.5 344.7912 0.3
yolo1-18 1 57.969 0.99
yolo10-19 1 57.969 0.99
yolo12-19 1 57.969 0.99
yolo3-18 1 57.969 0.99
yolo4-10 1 57.969 0.99
yolo4-19 1 57.969 0.99
yolo5-16 1 57.969 0.99
yolo6-19 1 57.969 0.99
yolo7-12 0.71 42.7382 0.955
yolo7-19 0.71 42.7382 0.955
yolo8-17 1 57.969 0.99
yolo9-14 1 57.969 0.99
yolo9-19 1 57.969 0.99
audio11-edge-3 0.6 0.0527 0.32
audio7-edge-11 0.4 0.0527 0.25
Sum of bandwidth: 5077.6646
Sum of weights: 15.596000000000004
Average accuracy: 0.6731963323929212
time: 0.11307024955749512
**time: 20
========Allocate Done=============
audio10-18 1 688.5713999999999 0.9
audio12-14 1 688.5713999999999 0.9
audio12-19 0.8413542141170433 579.4928399999999 0.67
audio2-9 0.4 276.03516 0.25
audio5-19 0.4 276.03516 0.25
audio5-20 0.4 276.03516 0.25
audio6-17 0.4 276.03516 0.25
audio6-9 0.4 276.03516 0.25
audio8-17 0.4 276.03516 0.25
audio9-13 0.5 344.7912 0.3
audio9-18 0.5 344.7912 0.3
yolo1-18 1 57.969 0.99
yolo10-19 1 57.969 0.99
yolo10-20 1 57.969 0.99
yolo12-19 1 57.969 0.99
yolo3-18 1 57.969 0.99
yolo4-10 1 57.969 0.99
yolo4-19 1 57.969 0.99
yolo5-16 1 57.969 0.99
yolo6-19 1 57.969 0.99
yolo7-12 0.71 42.7382 0.955
yolo7-19 0.71 42.7382 0.955
yolo8-17 1 57.969 0.99
yolo9-14 1 57.969 0.99
yolo9-19 1 57.969 0.99
audio11-edge-3 0.6 0.0527 0.32
audio7-edge-11 0.4 0.0527 0.25
Sum of bandwidth: 5083.6388
Sum of weights: 16.109
Average accuracy: 0.7203451486746539
time: 0.006567239761352539
**time: 21
========Allocate Done=============
audio1-21 0.9155059540950886 630.4766400000007 0.84
audio10-18 0.6 413.54724 0.32
audio10-21 0.6 413.54724 0.32
audio12-14 0.6 413.54724 0.32
audio12-19 0.6 413.54724 0.32
audio5-19 0.4 276.03516 0.25
audio5-20 0.4 276.03516 0.25
audio6-17 0.4 276.03516 0.25
audio8-17 0.4 276.03516 0.25
audio8-21 0.4 276.03516 0.25
audio9-13 0.5 344.7912 0.3
audio9-18 0.5 344.7912 0.3
yolo1-18 1 57.969 0.99
yolo10-19 1 57.969 0.99
yolo10-20 1 57.969 0.99
yolo12-19 1 57.969 0.99
yolo3-18 1 57.969 0.99
yolo4-19 1 57.969 0.99
yolo5-16 1 57.969 0.99
yolo6-19 1 57.969 0.99
yolo7-12 0.71 42.7382 0.955
yolo7-19 0.71 42.7382 0.955
yolo8-17 1 57.969 0.99
yolo9-14 1 57.969 0.99
yolo9-19 1 57.969 0.99
audio11-edge-3 0.6 0.0527 0.32
audio7-edge-11 0.4 0.0527 0.25
Sum of bandwidth: 5077.6646
Sum of weights: 17.138
Average accuracy: 0.6285850157544638
time: 0.24357390403747559
**time: 22
========Allocate Done=============
audio1-21 1 688.5713999999999 0.9
audio10-18 0.6680346046689142 460.3251400000005 0.34
audio10-21 0.6 413.54724 0.32
audio12-14 0.6 413.54724 0.32
audio12-19 0.6 413.54724 0.32
audio2-22 0.4 276.03516 0.25
audio5-19 0.4 276.03516 0.25
audio5-20 0.4 276.03516 0.25
audio8-21 0.4 276.03516 0.25
audio9-13 0.5 344.7912 0.3
audio9-18 0.5 344.7912 0.3
yolo1-18 1 57.969 0.99
yolo1-22 1 57.969 0.99
yolo10-19 1 57.969 0.99
yolo10-20 1 57.969 0.99
yolo12-19 1 57.969 0.99
yolo2-22 1 57.969 0.99
yolo3-18 1 57.969 0.99
yolo3-22 1 57.969 0.99
yolo4-19 1 57.969 0.99
yolo5-16 1 57.969 0.99
yolo6-19 1 57.969 0.99
yolo6-22 1 57.969 0.99
yolo7-19 0.71 42.7382 0.955
yolo8-17 1 57.969 0.99
yolo9-14 1 57.969 0.99
yolo9-19 1 57.969 0.99
audio11-edge-3 0.6 0.0527 0.32
Sum of bandwidth: 5095.587200000001
Sum of weights: 19.137
Average accuracy: 0.6857869572033234
time: 0.13798189163208008
**time: 23
========Allocate Done=============
audio1-21 0.7167136443576457 493.7949200000006 0.36
audio10-18 0.6 413.54724 0.32
audio10-21 0.6 413.54724 0.32
audio12-14 0.6 413.54724 0.32
audio12-19 0.6 413.54724 0.32
audio12-23 0.6 413.54724 0.32
audio2-22 0.4 276.03516 0.25
audio5-20 0.4 276.03516 0.25
audio8-21 0.4 276.03516 0.25
audio9-18 0.5 344.7912 0.3
audio9-23 0.5 344.7912 0.3
yolo1-18 1 57.969 0.99
yolo1-22 1 57.969 0.99
yolo10-19 1 57.969 0.99
yolo10-20 1 57.969 0.99
yolo11-23 1 57.969 0.99
yolo12-23 1 57.969 0.99
yolo2-22 1 57.969 0.99
yolo3-18 1 57.969 0.99
yolo3-22 1 57.969 0.99
yolo4-19 1 57.969 0.99
yolo4-23 1 57.969 0.99
yolo5-16 1 57.969 0.99
yolo6-19 1 57.969 0.99
yolo6-22 1 57.969 0.99
yolo7-19 0.71 42.7382 0.955
yolo8-17 1 57.969 0.99
yolo9-14 1 57.969 0.99
yolo9-19 1 57.969 0.99
audio11-edge-3 0.6 0.0527 0.32
audio5-edge-19 0.4 0.0527 0.25
Sum of bandwidth: 5107.535600000001
Sum of weights: 21.241999999999994
Average accuracy: 0.6594188400338955
time: 0.032572031021118164
**time: 24
========Allocate Done=============
audio1-21 0.6 413.54724 0.32
audio10-18 0.6 413.54724 0.32
audio10-21 0.5153198758974504 355.3245400000014 0.3
audio11-24 0.5 344.7912 0.3
audio12-14 0.5 344.7912 0.3
audio12-19 0.5 344.7912 0.3
audio12-23 0.5 344.7912 0.3
audio2-22 0.4 276.03516 0.25
audio3-24 0.4 276.03516 0.25
audio8-21 0.4 276.03516 0.25
audio9-18 0.5 344.7912 0.3
audio9-23 0.5 344.7912 0.3
yolo1-18 1 57.969 0.99
yolo1-22 1 57.969 0.99
yolo10-19 1 57.969 0.99
yolo10-20 1 57.969 0.99
yolo11-23 1 57.969 0.99
yolo12-23 1 57.969 0.99
yolo2-22 1 57.969 0.99
yolo3-18 1 57.969 0.99
yolo3-22 1 57.969 0.99
yolo4-19 1 57.969 0.99
yolo4-23 1 57.969 0.99
yolo4-24 1 57.969 0.99
yolo5-16 1 57.969 0.99
yolo6-19 1 57.969 0.99
yolo6-22 1 57.969 0.99
yolo7-19 0.71 42.7382 0.955
yolo9-14 1 57.969 0.99
yolo9-19 1 57.969 0.99
audio11-edge-3 0.5 0.0527 0.3
Sum of bandwidth: 5107.535600000002
Sum of weights: 21.909
Average accuracy: 0.6296373636405133
time: 0.007376909255981445
**time: 25
========Allocate Done=============
audio1-21 0.7643382894070115 526.5397400000005 0.42
audio10-21 0.6 413.54724 0.32
audio11-24 0.6 413.54724 0.32
audio12-19 0.6 413.54724 0.32
audio12-23 0.6 413.54724 0.32
audio2-22 0.4 276.03516 0.25
audio3-24 0.4 276.03516 0.25
audio3-25 0.4 276.03516 0.25
audio7-25 0.4 276.03516 0.25
audio8-21 0.4 276.03516 0.25
audio9-18 0.5 344.7912 0.3
audio9-23 0.5 344.7912 0.3
yolo1-18 1 57.969 0.99
yolo10-20 1 57.969 0.99
yolo11-23 1 57.969 0.99
yolo12-23 1 57.969 0.99
yolo2-22 1 57.969 0.99
yolo3-22 1 57.969 0.99
yolo4-19 1 57.969 0.99
yolo4-23 1 57.969 0.99
yolo4-24 1 57.969 0.99
yolo5-16 1 57.969 0.99
yolo6-19 1 57.969 0.99
yolo6-22 1 57.969 0.99
yolo7-19 0.71 42.7382 0.955
yolo7-25 0.71 42.7382 0.955
yolo8-25 1 57.969 0.99
audio11-edge-3 0.6 0.0527 0.32
Sum of bandwidth: 5089.613
Sum of weights: 18.227999999999994
Average accuracy: 0.6069634628044768
time: 0.005624294281005859
**time: 26
========Allocate Done=============
audio1-21 0.5 344.7912 0.3
audio10-21 0.5 344.7912 0.3
audio11-24 0.5 344.7912 0.3
audio11-26 0.5 344.7912 0.3
audio12-19 0.5 344.7912 0.3
audio12-23 0.4010525038963866 276.75882000000115 0.25
audio2-22 0.4 276.03516 0.25
audio2-26 0.4 276.03516 0.25
audio3-24 0.4 276.03516 0.25
audio3-25 0.4 276.03516 0.25
audio7-25 0.4 276.03516 0.25
audio8-21 0.4 276.03516 0.25
audio9-18 0.4 276.03516 0.25
audio9-23 0.4 276.03516 0.25
yolo1-18 1 57.969 0.99
yolo10-20 1 57.969 0.99
yolo10-26 1 57.969 0.99
yolo11-23 1 57.969 0.99
yolo12-23 1 57.969 0.99
yolo2-22 1 57.969 0.99
yolo3-22 1 57.969 0.99
yolo4-19 1 57.969 0.99
yolo4-23 1 57.969 0.99
yolo4-24 1 57.969 0.99
yolo5-16 1 57.969 0.99
yolo6-19 1 57.969 0.99
yolo6-22 1 57.969 0.99
yolo7-19 0.61 37.4862 0.93
yolo7-25 0.61 37.4862 0.93
yolo8-25 1 57.969 0.99
audio11-edge-3 0.4 0.0527 0.25
Sum of bandwidth: 5095.587200000003
Sum of weights: 20.507999999999996
Average accuracy: 0.5778437682855472
time: 0.013529539108276367
**time: 27
========Allocate Done=============
audio1-21 0.5 344.7912 0.3
audio10-21 0.5 344.7912 0.3
audio11-24 0.5 344.7912 0.3
audio11-26 0.5 344.7912 0.3
audio12-19 0.5 344.7912 0.3
audio12-23 0.47667466014622295 328.7536200000011 0.27
audio2-22 0.4 276.03516 0.25
audio2-26 0.4 276.03516 0.25
audio3-24 0.4 276.03516 0.25
audio3-25 0.4 276.03516 0.25
audio7-25 0.4 276.03516 0.25
audio8-21 0.4 276.03516 0.25
audio9-18 0.4 276.03516 0.25
audio9-23 0.4 276.03516 0.25
yolo10-20 1 57.969 0.99
yolo10-26 1 57.969 0.99
yolo11-23 1 57.969 0.99
yolo12-23 1 57.969 0.99
yolo2-22 1 57.969 0.99
yolo3-22 1 57.969 0.99
yolo4-19 1 57.969 0.99
yolo4-23 1 57.969 0.99
yolo4-24 1 57.969 0.99
yolo5-16 1 57.969 0.99
yolo6-22 1 57.969 0.99
yolo7-19 0.61 37.4862 0.93
yolo7-25 0.61 37.4862 0.93
yolo8-25 1 57.969 0.99
yolo9-27 1 57.969 0.99
audio11-edge-3 0.4 0.0527 0.25
Sum of bandwidth: 5089.613000000002
Sum of weights: 19.709999999999994
Average accuracy: 0.5621471334348047
time: 0.28898048400878906
**time: 28
========Allocate Done=============
audio1-21 0.42395993137475846 292.50906000000145 0.25
audio10-21 0.4 276.03516 0.25
audio11-24 0.4 276.03516 0.25
audio11-26 0.4 276.03516 0.25
audio12-19 0.4 276.03516 0.25
audio12-23 0.4 276.03516 0.25
audio2-22 0.4 276.03516 0.25
audio2-26 0.4 276.03516 0.25
audio3-24 0.4 276.03516 0.25
audio3-25 0.4 276.03516 0.25
audio7-25 0.4 276.03516 0.25
audio8-21 0.4 276.03516 0.25
audio9-18 0.4 276.03516 0.25
audio9-23 0.4 276.03516 0.25
audio9-28 0.4 276.03516 0.25
yolo10-20 1 57.969 0.99
yolo10-26 1 57.969 0.99
yolo11-23 1 57.969 0.99
yolo11-28 1 57.969 0.99
yolo12-23 1 57.969 0.99
yolo2-22 1 57.969 0.99
yolo3-22 1 57.969 0.99
yolo3-28 1 57.969 0.99
yolo4-19 1 57.969 0.99
yolo4-23 1 57.969 0.99
yolo4-28 1 57.969 0.99
yolo5-28 1 57.969 0.99
yolo6-22 1 57.969 0.99
yolo7-19 0.61 37.4862 0.93
yolo7-25 0.61 37.4862 0.93
yolo8-25 1 57.969 0.99
yolo9-27 1 57.969 0.99
audio11-edge-3 0.4 0.0527 0.25
Sum of bandwidth: 5101.561400000002
Sum of weights: 21.725999999999996
Average accuracy: 0.5574638681763786
time: 0.1555166244506836
**time: 29
========Allocate Done=============
audio10-21 0.6 413.54724 0.32
audio11-24 0.5872457168853843 404.7779000000016 0.31
audio11-26 0.5 344.7912 0.3
audio12-23 0.5 344.7912 0.3
audio2-22 0.4 276.03516 0.25
audio2-26 0.4 276.03516 0.25
audio3-24 0.4 276.03516 0.25
audio5-29 0.4 276.03516 0.25
audio7-25 0.4 276.03516 0.25
audio8-21 0.4 276.03516 0.25
audio9-18 0.5 344.7912 0.3
audio9-23 0.5 344.7912 0.3
audio9-28 0.5 344.7912 0.3
yolo10-26 1 57.969 0.99
yolo11-23 1 57.969 0.99
yolo11-28 1 57.969 0.99
yolo12-23 1 57.969 0.99
yolo3-22 1 57.969 0.99
yolo3-28 1 57.969 0.99
yolo3-29 1 57.969 0.99
yolo4-19 1 57.969 0.99
yolo4-23 1 57.969 0.99
yolo4-28 1 57.969 0.99
yolo5-28 1 57.969 0.99
yolo6-22 1 57.969 0.99
yolo7-19 0.71 42.7382 0.955
yolo7-25 0.71 42.7382 0.955
yolo8-25 1 57.969 0.99
yolo9-27 1 57.969 0.99
audio11-edge-3 0.5 0.0527 0.3
Sum of bandwidth: 5095.587200000002
Sum of weights: 18.269
Average accuracy: 0.5943932344408561
time: 0.005995988845825195
**time: 30
========Allocate Done=============
audio10-21 1 688.5713999999999 0.9
audio11-24 1 688.5713999999999 0.9
audio11-26 0.7414308619286407 510.789500000001 0.42
audio12-23 0.6 413.54724 0.32
audio2-22 0.4 276.03516 0.25
audio2-26 0.4 276.03516 0.25
audio3-24 0.4 276.03516 0.25
audio5-29 0.4 276.03516 0.25
audio7-25 0.4 276.03516 0.25
audio8-21 0.4 276.03516 0.25
audio9-28 0.5 344.7912 0.3
yolo10-26 1 57.969 0.99
yolo11-28 1 57.969 0.99
yolo12-23 1 57.969 0.99
yolo3-22 1 57.969 0.99
yolo3-28 1 57.969 0.99
yolo3-29 1 57.969 0.99
yolo4-23 1 57.969 0.99
yolo4-28 1 57.969 0.99
yolo5-28 1 57.969 0.99
yolo6-22 1 57.969 0.99
yolo7-19 0.71 42.7382 0.955
yolo7-25 0.71 42.7382 0.955
yolo8-25 1 57.969 0.99
yolo9-27 1 57.969 0.99
audio11-edge-3 0.6 0.0527 0.32
Sum of bandwidth: 5083.638800000001
Sum of weights: 15.245999999999999
Average accuracy: 0.6868122786304606
time: 0.12254810333251953
