num: 30 running time:30 bandwidth:5000
**time: 0
========Allocate Done=============
audio5-0 1 688.5713999999999 0.9
audio9-0 1 688.5713999999999 0.9
yolo1-0 1 57.969 0.99
yolo10-0 1 57.969 0.99
Sum of bandwidth: 1493.0808
Sum of weights: 1.789
Average accuracy: 0.9426607043040804
time: 0.02952408790588379
**time: 1
========Allocate Done=============
audio3-1 1 688.5713999999999 0.9
audio5-0 1 688.5713999999999 0.9
audio5-1 1 688.5713999999999 0.9
audio6-1 1 688.5713999999999 0.9
audio9-0 1 688.5713999999999 0.9
yolo1-0 1 57.969 0.99
yolo10-0 1 57.969 0.99
Sum of bandwidth: 3558.7949999999996
Sum of weights: 3.04
Average accuracy: 0.9251052631578948
time: 0.49794721603393555
**time: 2
========Allocate Done=============
audio12-2 1 688.5713999999999 0.9
audio3-1 1 688.5713999999999 0.9
audio5-0 1 688.5713999999999 0.9
audio5-1 1 688.5713999999999 0.9
audio6-1 1 688.5713999999999 0.9
audio7-2 1 688.5713999999999 0.9
audio9-0 1 688.5713999999999 0.9
yolo2-2 1 57.969 0.99
Sum of bandwidth: 4877.9688
Sum of weights: 3.2720000000000002
Average accuracy: 0.9083343520782395
time: 0.2398831844329834
**time: 3
========Allocate Done=============
audio12-2 1 688.5713999999999 0.9
audio3-1 0.533458587783706 367.79600000000005 0.3
audio3-3 0.5 344.7912 0.3
audio5-0 1 688.5713999999999 0.9
audio5-1 1 688.5713999999999 0.9
audio6-1 1 688.5713999999999 0.9
audio7-2 1 688.5713999999999 0.9
audio9-0 1 688.5713999999999 0.9
yolo2-2 1 57.969 0.99
yolo3-3 1 57.969 0.99
yolo7-3 1 57.969 0.99
Sum of bandwidth: 5017.9226
Sum of weights: 4.2490000000000006
Average accuracy: 0.8815721346199105
time: 0.20710325241088867
**time: 4
========Allocate Done=============
audio10-4 1 688.5713999999999 0.9
audio12-2 1 688.5713999999999 0.9
audio3-3 0.4 276.03516 0.25
audio5-0 1 688.5713999999999 0.9
audio5-1 1 688.5713999999999 0.9
audio5-4 1 688.5713999999999 0.9
audio6-1 0.7563660152620776 521.0583200000001 0.42
audio7-2 0.4 276.03516 0.25
audio9-0 0.4 276.03516 0.25
yolo12-4 1 57.969 0.99
yolo2-2 1 57.969 0.99
yolo3-3 1 57.969 0.99
yolo7-3 1 57.969 0.99
Sum of bandwidth: 5023.8968
Sum of weights: 5.707000000000001
Average accuracy: 0.8156509549675837
time: 0.2279505729675293
**time: 5
========Allocate Done=============
audio10-4 1 688.5713999999999 0.9
audio12-2 1 688.5713999999999 0.9
audio3-3 0.4 276.03516 0.25
audio5-0 1 688.5713999999999 0.9
audio5-1 1 688.5713999999999 0.9
audio5-4 1 688.5713999999999 0.9
audio6-1 0.5807438590122412 400.30748000000017 0.31
audio6-5 0.5 344.7912 0.3
audio7-2 0.4 276.03516 0.25
yolo10-5 1 57.969 0.99
yolo12-4 1 57.969 0.99
yolo2-2 1 57.969 0.99
yolo3-3 1 57.969 0.99
yolo7-3 1 57.969 0.99
Sum of bandwidth: 5029.871
Sum of weights: 6.291
Average accuracy: 0.8095056429820376
time: 0.7702846527099609
**time: 6
========Allocate Done=============
audio10-4 0.5007104539470295 345.2796800000012 0.3
audio12-2 0.5 344.7912 0.3
audio2-6 0.4 276.03516 0.25
audio3-3 0.4 276.03516 0.25
audio5-0 1 688.5713999999999 0.9
audio5-1 1 688.5713999999999 0.9
audio5-4 1 688.5713999999999 0.9
audio6-1 0.4 276.03516 0.25
audio6-5 0.4 276.03516 0.25
audio7-2 0.4 276.03516 0.25
audio7-6 0.4 276.03516 0.25
audio8-6 0.4 276.03516 0.25
yolo10-5 1 57.969 0.99
yolo12-4 1 57.969 0.99
yolo2-2 1 57.969 0.99
yolo3-3 1 57.969 0.99
yolo5-6 1 57.969 0.99
yolo7-3 1 57.969 0.99
Sum of bandwidth: 5035.845200000002
Sum of weights: 7.636
Average accuracy: 0.7206403876375066
time: 0.0627443790435791
**time: 7
========Allocate Done=============
audio10-4 1 688.5713999999999 0.9
audio12-2 1 688.5713999999999 0.9
audio2-6 0.4 276.03516 0.25
audio3-3 0.4 276.03516 0.25
audio5-1 1 688.5713999999999 0.9
audio5-4 1 688.5713999999999 0.9
audio6-1 0.4021808702188218 277.5346400000012 0.25
audio6-5 0.4 276.03516 0.25
audio7-2 0.4 276.03516 0.25
audio7-6 0.4 276.03516 0.25
audio8-6 0.4 276.03516 0.25
yolo10-5 1 57.969 0.99
yolo12-4 1 57.969 0.99
yolo2-2 1 57.969 0.99
yolo3-3 1 57.969 0.99
yolo5-6 1 57.969 0.99
yolo7-3 1 57.969 0.99
Sum of bandwidth: 5035.845200000002
Sum of weights: 6.9030000000000005
Average accuracy: 0.7799956540634507
time: 0.7552165985107422
**time: 8
========Allocate Done=============
audio10-4 0.5235412336138042 360.97722000000067 0.3
audio11-8 0.5 344.7912 0.3
audio12-2 0.5 344.7912 0.3
audio2-6 0.4 276.03516 0.25
audio3-3 0.4 276.03516 0.25
audio5-1 1 688.5713999999999 0.9
audio5-4 1 688.5713999999999 0.9
audio6-1 0.4 276.03516 0.25
audio6-8 0.4 276.03516 0.25
audio7-2 0.4 276.03516 0.25
audio7-6 0.4 276.03516 0.25
audio7-8 0.4 276.03516 0.25
audio8-6 0.4 276.03516 0.25
yolo10-5 1 57.969 0.99
yolo12-4 1 57.969 0.99
yolo2-2 1 57.969 0.99
yolo3-3 1 57.969 0.99
yolo5-6 1 57.969 0.99
yolo5-8 1 57.969 0.99
yolo7-3 1 57.969 0.99
audio5-edge-1 1 0.0527 0.9
Sum of bandwidth: 5041.819400000001
Sum of weights: 9.299000000000001
Average accuracy: 0.7094042370147328
time: 0.28139448165893555
**time: 9
========Allocate Done=============
audio10-4 0.4 276.03516 0.25
audio11-8 0.4 276.03516 0.25
audio12-2 0.4 276.03516 0.25
audio2-6 0.4 276.03516 0.25
audio3-3 0.4 276.03516 0.25
audio5-1 0.8449782448203822 581.9845799999998 0.67
audio5-4 0.6 413.54724 0.32
audio6-1 0.4 276.03516 0.25
audio6-8 0.4 276.03516 0.25
audio7-2 0.4 276.03516 0.25
audio7-6 0.4 276.03516 0.25
audio7-8 0.4 276.03516 0.25
audio7-9 0.4 276.03516 0.25
audio8-6 0.4 276.03516 0.25
audio8-9 0.4 276.03516 0.25
yolo10-5 1 57.969 0.99
yolo12-4 1 57.969 0.99
yolo2-2 1 57.969 0.99
yolo3-3 1 57.969 0.99
yolo5-6 1 57.969 0.99
yolo5-8 1 57.969 0.99
yolo5-9 1 57.969 0.99
yolo7-3 1 57.969 0.99
audio5-edge-1 0.6 0.0527 0.32
Sum of bandwidth: 5047.7936
Sum of weights: 10.565
Average accuracy: 0.6135702792238523
time: 0.03930044174194336
**time: 10
========Allocate Done=============
audio10-4 1 688.5713999999999 0.9
audio11-8 0.7264820661573886 500.5113000000006 0.42
audio12-2 0.6 413.54724 0.32
audio2-6 0.4 276.03516 0.25
audio5-10 1 688.5713999999999 0.9
audio5-4 1 688.5713999999999 0.9
audio6-10 0.4 276.03516 0.25
audio6-8 0.4 276.03516 0.25
audio7-8 0.4 276.03516 0.25
audio7-9 0.4 276.03516 0.25
audio8-9 0.4 276.03516 0.25
yolo10-5 1 57.969 0.99
yolo3-10 1 57.969 0.99
yolo3-3 1 57.969 0.99
yolo5-6 1 57.969 0.99
yolo5-8 1 57.969 0.99
yolo5-9 1 57.969 0.99
yolo7-3 1 57.969 0.99
audio5-edge-1 1 0.0527 0.9
Sum of bandwidth: 5041.8194
Sum of weights: 9.336000000000002
Average accuracy: 0.7839931448157668
time: 0.26200389862060547
**time: 11
========Allocate Done=============
audio10-4 0.64938949363576 447.5055000000006 0.34
audio11-8 0.6 413.54724 0.32
audio12-2 0.6 413.54724 0.32
audio2-11 0.4 276.03516 0.25
audio2-6 0.4 276.03516 0.25
audio5-10 1 688.5713999999999 0.9
audio5-4 1 688.5713999999999 0.9
audio6-10 0.4 276.03516 0.25
audio6-8 0.4 276.03516 0.25
audio7-8 0.4 276.03516 0.25
audio7-9 0.4 276.03516 0.25
audio8-9 0.4 276.03516 0.25
yolo1-11 1 57.969 0.99
yolo3-10 1 57.969 0.99
yolo3-3 1 57.969 0.99
yolo4-11 1 57.969 0.99
yolo5-6 1 57.969 0.99
yolo5-8 1 57.969 0.99
yolo5-9 1 57.969 0.99
yolo7-3 1 57.969 0.99
audio5-edge-10 1 0.0527 0.9
Sum of bandwidth: 5047.793600000001
Sum of weights: 9.625000000000002
Average accuracy: 0.7531792207792207
time: 0.045686960220336914
**time: 12
========Allocate Done=============
audio11-8 1 688.5713999999999 0.9
audio12-2 1 688.5713999999999 0.9
audio2-11 0.4 276.03516 0.25
audio2-6 0.4 276.03516 0.25
audio4-12 1 688.5713999999999 0.9
audio5-10 1 688.5713999999999 0.9
audio7-8 1 688.5713999999999 0.9
audio7-9 0.7039501984116595 485.01928 0.36
yolo1-11 1 57.969 0.99
yolo11-12 1 57.969 0.99
yolo12-12 1 57.969 0.99
yolo3-10 1 57.969 0.99
yolo3-3 1 57.969 0.99
yolo4-11 1 57.969 0.99
yolo5-6 1 57.969 0.99
yolo5-8 1 57.969 0.99
yolo5-9 1 57.969 0.99
yolo7-3 1 57.969 0.99
audio5-edge-10 1 0.0527 0.9
audio7-edge-8 0.6 0.0527 0.32
Sum of bandwidth: 5059.742
Sum of weights: 9.649000000000003
Average accuracy: 0.9011472691470616
time: 0.04735279083251953
**time: 13
========Allocate Done=============
audio11-8 1 688.5713999999999 0.9
audio12-2 1 688.5713999999999 0.9
audio2-11 1 688.5713999999999 0.9
audio2-6 1 688.5713999999999 0.9
audio4-12 1 688.5713999999999 0.9
yolo1-11 1 57.969 0.99
yolo11-12 1 57.969 0.99
yolo12-12 1 57.969 0.99
yolo3-10 1 57.969 0.99
yolo4-11 1 57.969 0.99
yolo5-9 1 57.969 0.99
audio5-edge-10 1 0.0527 0.9
audio7-edge-8 1 0.0527 0.9
yolo5-edge-8 1 34.18 0.99
Sum of bandwidth: 3824.9564
Sum of weights: 6.550999999999999
Average accuracy: 0.9495680048847506
time: 0.0020308494567871094
**time: 14
========Allocate Done=============
audio11-8 1 688.5713999999999 0.9
audio2-11 1 688.5713999999999 0.9
audio2-6 1 688.5713999999999 0.9
audio4-12 1 688.5713999999999 0.9
audio4-13 1 688.5713999999999 0.9
audio6-13 1 688.5713999999999 0.9
yolo1-11 1 57.969 0.99
yolo10-13 1 57.969 0.99
yolo11-12 1 57.969 0.99
yolo12-12 1 57.969 0.99
yolo4-11 1 57.969 0.99
yolo5-9 1 57.969 0.99
audio5-edge-10 1 0.0527 0.9
audio7-edge-8 1 0.0527 0.9
yolo5-edge-8 1 34.18 0.99
Sum of bandwidth: 4513.527800000001
Sum of weights: 7.361999999999999
Average accuracy: 0.9449633251833742
time: 0.002249002456665039
**time: 15
========Allocate Done=============
audio11-8 1 688.5713999999999 0.9
audio2-11 1 688.5713999999999 0.9
audio2-6 1 688.5713999999999 0.9
audio4-13 1 688.5713999999999 0.9
audio6-13 1 688.5713999999999 0.9
yolo1-11 1 57.969 0.99
yolo10-13 1 57.969 0.99
yolo11-12 1 57.969 0.99
yolo12-12 1 57.969 0.99
yolo4-11 1 57.969 0.99
yolo5-9 1 57.969 0.99
audio7-edge-8 1 0.0527 0.9
yolo5-edge-8 1 34.18 0.99
Sum of bandwidth: 3824.9037
Sum of weights: 5.804999999999999
Average accuracy: 0.9570232558139538
time: 0.0019161701202392578
**time: 16
========Allocate Done=============
audio11-16 1 688.5713999999999 0.9
audio11-8 1 688.5713999999999 0.9
audio12-15 1 688.5713999999999 0.9
audio2-11 0.5364383987210437 369.8448000000003 0.3
audio2-16 0.5 344.7912 0.3
audio2-6 0.5 344.7912 0.3
audio3-15 1 688.5713999999999 0.9
audio6-13 1 688.5713999999999 0.9
yolo1-11 1 57.969 0.99
yolo1-15 1 57.969 0.99
yolo10-13 1 57.969 0.99
yolo3-15 1 57.969 0.99
yolo4-15 1 57.969 0.99
yolo5-15 1 57.969 0.99
yolo5-9 1 57.969 0.99
yolo7-15 1 57.969 0.99
yolo8-15 1 57.969 0.99
audio7-edge-8 1 0.0527 0.9
yolo5-edge-8 1 34.18 0.99
Sum of bandwidth: 5058.237900000001
Sum of weights: 7.7029999999999985
Average accuracy: 0.943101389069194
time: 0.08624577522277832
**time: 17
========Allocate Done=============
audio11-16 1 688.5713999999999 0.9
audio11-8 1 688.5713999999999 0.9
audio12-15 1 688.5713999999999 0.9
audio2-11 0.8623633065545957 593.9378600000003 0.74
audio2-16 0.6 413.54724 0.32
audio3-15 1 688.5713999999999 0.9
audio6-13 1 688.5713999999999 0.9
yolo1-11 1 57.969 0.99
yolo1-15 1 57.969 0.99
yolo10-13 1 57.969 0.99
yolo11-17 1 57.969 0.99
yolo3-15 1 57.969 0.99
yolo4-15 1 57.969 0.99
yolo5-15 1 57.969 0.99
yolo5-9 1 57.969 0.99
yolo7-15 1 57.969 0.99
yolo8-15 1 57.969 0.99
yolo5-edge-8 1 34.18 0.99
Sum of bandwidth: 5064.212100000001
Sum of weights: 7.7219999999999995
Average accuracy: 0.958781403781404
time: 0.15446877479553223
**time: 18
========Allocate Done=============
audio1-18 1 688.5713999999999 0.9
audio11-16 1 688.5713999999999 0.9
audio12-15 1 688.5713999999999 0.9
audio2-11 1 688.5713999999999 0.9
audio2-16 1 688.5713999999999 0.9
audio3-15 1 688.5713999999999 0.9
yolo1-15 1 57.969 0.99
yolo10-13 1 57.969 0.99
yolo11-17 1 57.969 0.99
yolo11-18 1 57.969 0.99
yolo3-15 1 57.969 0.99
yolo4-15 1 57.969 0.99
yolo5-15 1 57.969 0.99
yolo5-9 1 57.969 0.99
yolo7-15 1 57.969 0.99
yolo8-15 1 57.969 0.99
yolo9-18 1 57.969 0.99
yolo5-edge-8 1 34.18 0.99
Sum of bandwidth: 4803.267400000001
Sum of weights: 7.590999999999999
Average accuracy: 0.9703069424318274
time: 0.07865667343139648
**time: 19
========Allocate Done=============
audio1-18 1 688.5713999999999 0.9
audio11-16 1 688.5713999999999 0.9
audio12-15 1 688.5713999999999 0.9
audio12-19 1 688.5713999999999 0.9
audio2-11 0.4 276.03516 0.25
audio2-16 0.4 276.03516 0.25
audio3-15 0.4 276.03516 0.25
audio6-19 0.5568572012000707 383.8839600000011 0.31
audio7-19 0.4 276.03516 0.25
yolo1-15 1 57.969 0.99
yolo10-13 1 57.969 0.99
yolo10-19 1 57.969 0.99
yolo11-17 1 57.969 0.99
yolo11-18 1 57.969 0.99
yolo12-19 1 57.969 0.99
yolo3-15 1 57.969 0.99
yolo4-15 1 57.969 0.99
yolo4-19 1 57.969 0.99
yolo5-9 1 57.969 0.99
yolo7-15 1 57.969 0.99
yolo8-15 1 57.969 0.99
yolo8-19 1 57.969 0.99
yolo9-18 1 57.969 0.99
audio6-edge-13 0.5 0.0527 0.3
yolo5-edge-8 1 34.18 0.99
Sum of bandwidth: 5088.108900000002
Sum of weights: 9.578000000000001
Average accuracy: 0.8714282731259135
time: 0.011610746383666992
**time: 20
========Allocate Done=============
audio1-18 1 688.5713999999999 0.9
audio11-16 1 688.5713999999999 0.9
audio12-15 1 688.5713999999999 0.9
audio12-19 0.8742195449301644 602.0897400000017 0.74
audio2-11 0.4 276.03516 0.25
audio2-16 0.4 276.03516 0.25
audio2-20 0.4 276.03516 0.25
audio3-15 0.4 276.03516 0.25
audio6-19 0.4 276.03516 0.25
audio7-19 0.4 276.03516 0.25
yolo1-15 1 57.969 0.99
yolo10-13 1 57.969 0.99
yolo10-19 1 57.969 0.99
yolo11-17 1 57.969 0.99
yolo11-18 1 57.969 0.99
yolo12-19 1 57.969 0.99
yolo3-15 1 57.969 0.99
yolo4-15 1 57.969 0.99
yolo4-19 1 57.969 0.99
yolo7-15 1 57.969 0.99
yolo8-15 1 57.969 0.99
yolo8-19 1 57.969 0.99
yolo9-18 1 57.969 0.99
audio6-edge-13 0.4 0.0527 0.25
Sum of bandwidth: 5077.664600000002
Sum of weights: 7.885000000000001
Average accuracy: 0.8242701331642359
time: 0.09052848815917969
**time: 21
========Allocate Done=============
audio11-16 1 688.5713999999999 0.9
audio12-19 1 688.5713999999999 0.9
audio2-11 0.4 276.03516 0.25
audio2-20 0.4 276.03516 0.25
audio2-21 0.4 276.03516 0.25
audio3-15 0.4 276.03516 0.25
audio6-19 1 688.5713999999999 0.9
audio6-21 1 688.5713999999999 0.9
audio7-19 0.8269342737016275 569.5782600000005 0.67
yolo10-13 1 57.969 0.99
yolo10-19 1 57.969 0.99
yolo11-17 1 57.969 0.99
yolo11-18 1 57.969 0.99
yolo12-19 1 57.969 0.99
yolo3-15 1 57.969 0.99
yolo4-15 1 57.969 0.99
yolo4-19 1 57.969 0.99
yolo8-15 1 57.969 0.99
yolo8-19 1 57.969 0.99
yolo9-18 1 57.969 0.99
audio6-edge-13 1 0.0527 0.9
Sum of bandwidth: 5065.716200000001
Sum of weights: 6.454
Average accuracy: 0.9014905484970565
time: 0.006540775299072266
**time: 22
========Allocate Done=============
audio1-22 0.5 344.7912 0.3
audio10-22 0.5 344.7912 0.3
audio11-16 0.5 344.7912 0.3
audio11-22 0.4941861398649489 340.7938200000002 0.27
audio12-19 0.4 276.03516 0.25
audio12-22 0.4 276.03516 0.25
audio2-20 0.4 276.03516 0.25
audio2-21 0.4 276.03516 0.25
audio3-15 0.4 276.03516 0.25
audio4-22 1 688.5713999999999 0.9
audio6-19 0.4 276.03516 0.25
audio6-21 0.4 276.03516 0.25
audio7-19 0.4 276.03516 0.25
yolo10-13 1 57.969 0.99
yolo10-19 1 57.969 0.99
yolo11-17 1 57.969 0.99
yolo11-18 1 57.969 0.99
yolo12-19 1 57.969 0.99
yolo2-22 1 57.969 0.99
yolo3-15 1 57.969 0.99
yolo3-22 1 57.969 0.99
yolo4-15 1 57.969 0.99
yolo4-19 1 57.969 0.99
yolo8-15 1 57.969 0.99
yolo8-19 1 57.969 0.99
yolo9-18 1 57.969 0.99
yolo9-22 1 57.969 0.99
audio6-edge-13 0.4 0.0527 0.25
Sum of bandwidth: 5083.638800000001
Sum of weights: 9.897000000000004
Average accuracy: 0.6579751439830251
time: 0.007099628448486328
**time: 23
========Allocate Done=============
audio1-22 0.5 344.7912 0.3
audio10-22 0.5 344.7912 0.3
audio11-16 0.5 344.7912 0.3
audio11-22 0.4941094920533527 340.74112 0.27
audio12-19 0.4 276.03516 0.25
audio12-22 0.4 276.03516 0.25
audio2-20 0.4 276.03516 0.25
audio2-21 0.4 276.03516 0.25
audio3-15 0.4 276.03516 0.25
audio4-22 1 688.5713999999999 0.9
audio6-19 0.4 276.03516 0.25
audio6-21 0.4 276.03516 0.25
audio7-19 0.4 276.03516 0.25
yolo10-13 1 57.969 0.99
yolo10-19 1 57.969 0.99
yolo11-17 1 57.969 0.99
yolo11-18 1 57.969 0.99
yolo12-19 1 57.969 0.99
yolo2-22 1 57.969 0.99
yolo3-15 1 57.969 0.99
yolo3-22 1 57.969 0.99
yolo4-15 1 57.969 0.99
yolo4-19 1 57.969 0.99
yolo8-15 1 57.969 0.99
yolo8-19 1 57.969 0.99
yolo9-18 1 57.969 0.99
yolo9-22 1 57.969 0.99
audio6-edge-13 0.4 0.0527 0.25
audio6-edge-19 0.4 0.0527 0.25
Sum of bandwidth: 5083.638800000001
Sum of weights: 10.265000000000004
Average accuracy: 0.6433492450073063
time: 0.007218122482299805
**time: 24
========Allocate Done=============
audio1-22 0.4 276.03516 0.25
audio10-22 0.4 276.03516 0.25
audio11-16 0.4 276.03516 0.25
audio11-22 0.4 276.03516 0.25
audio12-22 0.4 276.03516 0.25
audio2-20 0.4 276.03516 0.25
audio2-21 0.4 276.03516 0.25
audio3-15 0.4 276.03516 0.25
audio3-24 0.4 276.03516 0.25
audio4-22 0.917016919531726 631.5155200000013 0.84
audio6-19 0.4 276.03516 0.25
audio6-21 0.4 276.03516 0.25
audio8-23 0.4 276.03516 0.25
audio9-23 0.4 276.03516 0.25
yolo1-23 1 57.969 0.99
yolo10-19 1 57.969 0.99
yolo10-23 1 57.969 0.99
yolo11-17 1 57.969 0.99
yolo11-18 1 57.969 0.99
yolo12-19 1 57.969 0.99
yolo2-22 1 57.969 0.99
yolo3-22 1 57.969 0.99
yolo4-15 1 57.969 0.99
yolo4-19 1 57.969 0.99
yolo5-24 1 57.969 0.99
yolo6-23 1 57.969 0.99
yolo8-19 1 57.969 0.99
yolo8-23 1 57.969 0.99
yolo9-22 1 57.969 0.99
audio6-edge-13 0.4 0.0527 0.25
audio6-edge-19 0.4 0.0527 0.25
Sum of bandwidth: 5089.613000000002
Sum of weights: 11.532000000000002
Average accuracy: 0.693921262573708
time: 0.008120059967041016
**time: 25
========Allocate Done=============
audio1-22 0.6 413.54724 0.32
audio10-22 0.6 413.54724 0.32
audio11-16 0.519957752075311 358.5133600000017 0.3
audio11-22 0.5 344.7912 0.3
audio12-22 0.5 344.7912 0.3
audio2-20 0.4 276.03516 0.25
audio2-21 0.4 276.03516 0.25
audio3-24 0.4 276.03516 0.25
audio4-22 1 688.5713999999999 0.9
audio6-21 0.4 276.03516 0.25
audio8-23 0.4 276.03516 0.25
audio9-23 0.4 276.03516 0.25
yolo1-23 1 57.969 0.99
yolo10-19 1 57.969 0.99
yolo10-23 1 57.969 0.99
yolo10-25 1 57.969 0.99
yolo11-18 1 57.969 0.99
yolo12-19 1 57.969 0.99
yolo2-22 1 57.969 0.99
yolo3-22 1 57.969 0.99
yolo4-15 1 57.969 0.99
yolo4-19 1 57.969 0.99
yolo5-24 1 57.969 0.99
yolo6-23 1 57.969 0.99
yolo8-19 1 57.969 0.99
yolo8-23 1 57.969 0.99
yolo9-22 1 57.969 0.99
audio6-edge-19 0.4 0.0527 0.25
audio7-edge-19 0.4 0.0527 0.25
Sum of bandwidth: 5089.613000000002
Sum of weights: 10.972000000000001
Average accuracy: 0.7330049216186657
time: 0.006392478942871094
**time: 26
========Allocate Done=============
audio1-22 0.9214281683471034 634.5485200000016 0.84
audio10-22 0.6 413.54724 0.32
audio11-16 0.6 413.54724 0.32
audio11-22 0.6 413.54724 0.32
audio2-20 0.4 276.03516 0.25
audio2-21 0.4 276.03516 0.25
audio3-24 0.4 276.03516 0.25
audio4-22 1 688.5713999999999 0.9
audio6-21 0.4 276.03516 0.25
audio8-23 0.4 276.03516 0.25
audio9-23 0.4 276.03516 0.25
yolo1-23 1 57.969 0.99
yolo10-19 1 57.969 0.99
yolo10-23 1 57.969 0.99
yolo10-25 1 57.969 0.99
yolo11-18 1 57.969 0.99
yolo12-19 1 57.969 0.99
yolo2-22 1 57.969 0.99
yolo3-22 1 57.969 0.99
yolo4-15 1 57.969 0.99
yolo4-19 1 57.969 0.99
yolo5-24 1 57.969 0.99
yolo6-23 1 57.969 0.99
yolo8-19 1 57.969 0.99
yolo8-23 1 57.969 0.99
yolo9-22 1 57.969 0.99
audio6-edge-19 0.4 0.0527 0.25
audio7-edge-19 0.4 0.0527 0.25
Sum of bandwidth: 5089.613000000002
Sum of weights: 10.521
Average accuracy: 0.7755717137154265
time: 0.3000762462615967
**time: 27
========Allocate Done=============
audio1-22 0.4 276.03516 0.25
audio1-27 0.4 276.03516 0.25
audio10-22 0.4 276.03516 0.25
audio11-22 0.4 276.03516 0.25
audio2-20 0.4 276.03516 0.25
audio2-21 0.4 276.03516 0.25
audio3-24 0.4 276.03516 0.25
audio5-27 1 688.5713999999999 0.9
audio5-28 0.7419236186377269 511.128300000003 0.42
audio6-21 0.4 276.03516 0.25
audio8-23 0.4 276.03516 0.25
audio9-23 0.4 276.03516 0.25
yolo1-23 1 57.969 0.99
yolo1-26 1 57.969 0.99
yolo1-28 1 57.969 0.99
yolo10-19 1 57.969 0.99
yolo10-23 1 57.969 0.99
yolo10-25 1 57.969 0.99
yolo10-26 1 57.969 0.99
yolo11-18 1 57.969 0.99
yolo12-19 1 57.969 0.99
yolo12-28 1 57.969 0.99
yolo2-22 1 57.969 0.99
yolo2-28 1 57.969 0.99
yolo3-22 1 57.969 0.99
yolo3-28 1 57.969 0.99
yolo4-19 1 57.969 0.99
yolo5-24 1 57.969 0.99
yolo6-23 1 57.969 0.99
yolo8-23 1 57.969 0.99
yolo8-26 1 57.969 0.99
yolo9-22 1 57.969 0.99
audio7-edge-19 0.4 0.0527 0.25
Sum of bandwidth: 5119.484000000003
Sum of weights: 12.938000000000002
Average accuracy: 0.7771309321378884
time: 0.6024556159973145
**time: 28
========Allocate Done=============
audio1-22 0.4 276.03516 0.25
audio1-27 0.4 276.03516 0.25
audio10-22 0.4 276.03516 0.25
audio11-22 0.4 276.03516 0.25
audio2-20 0.4 276.03516 0.25
audio2-21 0.4 276.03516 0.25
audio3-24 0.4 276.03516 0.25
audio5-27 1 688.5713999999999 0.9
audio5-28 0.7419236186377269 511.128300000003 0.42
audio6-21 0.4 276.03516 0.25
audio8-23 0.4 276.03516 0.25
audio9-23 0.4 276.03516 0.25
yolo1-23 1 57.969 0.99
yolo1-26 1 57.969 0.99
yolo1-28 1 57.969 0.99
yolo10-19 1 57.969 0.99
yolo10-23 1 57.969 0.99
yolo10-25 1 57.969 0.99
yolo10-26 1 57.969 0.99
yolo11-18 1 57.969 0.99
yolo12-19 1 57.969 0.99
yolo12-28 1 57.969 0.99
yolo2-22 1 57.969 0.99
yolo2-28 1 57.969 0.99
yolo3-22 1 57.969 0.99
yolo3-28 1 57.969 0.99
yolo4-19 1 57.969 0.99
yolo5-24 1 57.969 0.99
yolo6-23 1 57.969 0.99
yolo8-23 1 57.969 0.99
yolo8-26 1 57.969 0.99
yolo9-22 1 57.969 0.99
audio7-edge-19 0.4 0.0527 0.25
Sum of bandwidth: 5119.484000000003
Sum of weights: 12.938000000000002
Average accuracy: 0.7771309321378884
time: 0.6041841506958008
**time: 29
========Allocate Done=============
audio1-22 0.4 276.03516 0.25
audio1-27 0.4 276.03516 0.25
audio10-22 0.4 276.03516 0.25
audio11-22 0.4 276.03516 0.25
audio11-29 0.4 276.03516 0.25
audio2-20 0.4 276.03516 0.25
audio2-21 0.4 276.03516 0.25
audio3-24 0.4 276.03516 0.25
audio4-29 0.463360629844305 319.5994200000023 0.27
audio5-27 0.4 276.03516 0.25
audio5-28 0.4 276.03516 0.25
audio6-21 0.4 276.03516 0.25
audio8-23 0.4 276.03516 0.25
audio9-23 0.4 276.03516 0.25
yolo1-23 1 57.969 0.99
yolo1-26 1 57.969 0.99
yolo1-28 1 57.969 0.99
yolo10-19 1 57.969 0.99
yolo10-23 1 57.969 0.99
yolo10-25 1 57.969 0.99
yolo10-26 1 57.969 0.99
yolo11-18 1 57.969 0.99
yolo12-19 1 57.969 0.99
yolo12-28 1 57.969 0.99
yolo2-22 1 57.969 0.99
yolo2-28 1 57.969 0.99
yolo3-22 1 57.969 0.99
yolo3-28 1 57.969 0.99
yolo4-19 1 57.969 0.99
yolo4-29 1 57.969 0.99
yolo5-24 1 57.969 0.99
yolo6-23 1 57.969 0.99
yolo8-23 1 57.969 0.99
yolo8-26 1 57.969 0.99
yolo9-22 1 57.969 0.99
audio7-edge-19 0.4 0.0527 0.25
Sum of bandwidth: 5125.458200000003
Sum of weights: 14.423000000000002
Average accuracy: 0.6931006032032171
time: 0.015624761581420898
**time: 30
========Allocate Done=============
audio1-27 0.4 276.03516 0.25
audio10-22 0.4 276.03516 0.25
audio11-22 0.4 276.03516 0.25
audio11-29 0.4 276.03516 0.25
audio2-20 0.4 276.03516 0.25
audio2-21 0.4 276.03516 0.25
audio3-24 0.4 276.03516 0.25
audio4-29 1 688.5713999999999 0.9
audio5-27 0.6 413.54724 0.32
audio5-28 0.5419236186377265 373.6162200000027 0.31
audio8-23 0.4 276.03516 0.25
audio9-23 0.4 276.03516 0.25
yolo1-23 1 57.969 0.99
yolo1-26 1 57.969 0.99
yolo1-28 1 57.969 0.99
yolo10-19 1 57.969 0.99
yolo10-23 1 57.969 0.99
yolo10-25 1 57.969 0.99
yolo10-26 1 57.969 0.99
yolo12-19 1 57.969 0.99
yolo12-28 1 57.969 0.99
yolo2-22 1 57.969 0.99
yolo2-28 1 57.969 0.99
yolo3-22 1 57.969 0.99
yolo3-28 1 57.969 0.99
yolo4-19 1 57.969 0.99
yolo4-29 1 57.969 0.99
yolo5-24 1 57.969 0.99
yolo6-23 1 57.969 0.99
yolo8-23 1 57.969 0.99
yolo8-26 1 57.969 0.99
yolo9-22 1 57.969 0.99
audio7-edge-19 0.4 0.0527 0.25
Sum of bandwidth: 5119.484000000003
Sum of weights: 13.180000000000003
Average accuracy: 0.7577003034901365
time: 0.008769512176513672
