num: 30 running time:30 bandwidth:5000
**time: 0
========Allocate Done=============
audio2-0 1 688.5713999999999 0.9
audio7-0 1 688.5713999999999 0.9
yolo9-0 1 57.969 0.99
Sum of bandwidth: 1435.1118
Sum of weights: 1.337
Average accuracy: 0.9497456993268513
time: 0.046018123626708984
**time: 1
========Allocate Done=============
audio2-0 1 688.5713999999999 0.9
audio7-0 1 688.5713999999999 0.9
yolo6-1 1 57.969 0.99
yolo9-0 1 57.969 0.99
Sum of bandwidth: 1493.0808
Sum of weights: 2.0949999999999998
Average accuracy: 0.964310262529833
time: 0.17768526077270508
**time: 2
========Allocate Done=============
audio11-2 1 688.5713999999999 0.9
audio2-0 1 688.5713999999999 0.9
audio7-0 1 688.5713999999999 0.9
audio7-2 1 688.5713999999999 0.9
yolo3-2 1 57.969 0.99
yolo4-2 1 57.969 0.99
yolo6-1 1 57.969 0.99
yolo8-2 1 57.969 0.99
yolo9-0 1 57.969 0.99
Sum of bandwidth: 3044.1306
Sum of weights: 4.528
Average accuracy: 0.9572636925795053
time: 0.04672384262084961
**time: 3
========Allocate Done=============
audio11-2 1 688.5713999999999 0.9
audio2-0 1 688.5713999999999 0.9
audio3-3 1 688.5713999999999 0.9
audio7-0 1 688.5713999999999 0.9
audio7-2 1 688.5713999999999 0.9
audio7-3 1 688.5713999999999 0.9
yolo2-3 1 57.969 0.99
yolo3-2 1 57.969 0.99
yolo4-2 1 57.969 0.99
yolo6-1 1 57.969 0.99
yolo8-2 1 57.969 0.99
yolo8-3 1 57.969 0.99
yolo9-0 1 57.969 0.99
Sum of bandwidth: 4537.2114
Sum of weights: 6.692999999999999
Average accuracy: 0.9567996414164054
time: 0.003515958786010742
**time: 4
========Allocate Done=============
audio11-2 1 688.5713999999999 0.9
audio11-4 1 688.5713999999999 0.9
audio2-0 1 688.5713999999999 0.9
audio3-3 1 688.5713999999999 0.9
audio5-4 1 688.5713999999999 0.9
audio7-0 0.6 413.54724 0.32
audio7-2 0.6 413.54724 0.32
audio7-3 0.5309699627843608 366.08492000000024 0.3
yolo2-3 1 57.969 0.99
yolo3-2 1 57.969 0.99
yolo4-2 1 57.969 0.99
yolo6-1 1 57.969 0.99
yolo8-2 1 57.969 0.99
yolo8-3 1 57.969 0.99
yolo9-0 1 57.969 0.99
Sum of bandwidth: 5041.8194
Sum of weights: 8.001
Average accuracy: 0.931456067991501
time: 0.3097841739654541
**time: 5
========Allocate Done=============
audio11-2 1 688.5713999999999 0.9
audio11-4 1 688.5713999999999 0.9
audio2-0 1 688.5713999999999 0.9
audio3-3 1 688.5713999999999 0.9
audio5-4 0.4 276.03516 0.25
audio7-0 0.4 276.03516 0.25
audio7-2 0.4 276.03516 0.25
audio7-3 0.4 276.03516 0.25
audio8-5 0.9782552340128959 673.6205600000003 0.9
yolo1-5 1 57.969 0.99
yolo10-5 1 57.969 0.99
yolo2-3 1 57.969 0.99
yolo3-2 1 57.969 0.99
yolo4-2 1 57.969 0.99
yolo6-1 1 57.969 0.99
yolo8-2 1 57.969 0.99
yolo8-3 1 57.969 0.99
yolo9-0 1 57.969 0.99
Sum of bandwidth: 5053.7678000000005
Sum of weights: 9.959
Average accuracy: 0.9162897881313385
time: 0.0031118392944335938
**time: 6
========Allocate Done=============
audio11-2 1 688.5713999999999 0.9
audio11-4 1 688.5713999999999 0.9
audio12-6 1 688.5713999999999 0.9
audio2-0 0.4 276.03516 0.25
audio2-6 0.4 276.03516 0.25
audio3-3 0.7753144014693116 534.0864800000004 0.57
audio5-4 0.4 276.03516 0.25
audio7-0 0.4 276.03516 0.25
audio7-2 0.4 276.03516 0.25
audio7-3 0.4 276.03516 0.25
audio8-5 0.4 276.03516 0.25
yolo1-5 1 57.969 0.99
yolo10-5 1 57.969 0.99
yolo2-3 1 57.969 0.99
yolo3-2 1 57.969 0.99
yolo4-2 1 57.969 0.99
yolo6-1 1 57.969 0.99
yolo8-2 1 57.969 0.99
yolo8-3 1 57.969 0.99
yolo9-0 1 57.969 0.99
Sum of bandwidth: 5053.7678000000005
Sum of weights: 11.46
Average accuracy: 0.8103455497382198
time: 0.003448009490966797
**time: 7
========Allocate Done=============
audio11-4 1 688.5713999999999 0.9
audio12-6 1 688.5713999999999 0.9
audio2-0 0.8255405052414312 568.6199600000004 0.67
audio2-6 0.6 413.54724 0.32
audio3-3 1 688.5713999999999 0.9
audio5-4 0.4 276.03516 0.25
audio7-0 0.4 276.03516 0.25
audio7-2 0.4 276.03516 0.25
audio7-3 0.4 276.03516 0.25
audio8-5 0.4 276.03516 0.25
yolo1-5 1 57.969 0.99
yolo1-7 1 57.969 0.99
yolo10-5 1 57.969 0.99
yolo10-7 1 57.969 0.99
yolo2-3 1 57.969 0.99
yolo3-2 1 57.969 0.99
yolo4-2 1 57.969 0.99
yolo6-1 1 57.969 0.99
yolo8-2 1 57.969 0.99
yolo8-3 1 57.969 0.99
yolo9-0 1 57.969 0.99
Sum of bandwidth: 5065.716200000001
Sum of weights: 12.042000000000002
Average accuracy: 0.8682112605879423
time: 0.034798622131347656
**time: 8
========Allocate Done=============
audio11-4 0.9952809964041004 685.3268000000018 0.9
audio12-6 0.6 413.54724 0.32
audio2-0 0.4 276.03516 0.25
audio2-6 0.4 276.03516 0.25
audio3-8 0.4 276.03516 0.25
audio4-8 0.4 276.03516 0.25
audio5-4 0.4 276.03516 0.25
audio5-8 0.4 276.03516 0.25
audio7-0 0.4 276.03516 0.25
audio7-2 0.4 276.03516 0.25
audio7-3 0.4 276.03516 0.25
audio7-8 0.4 276.03516 0.25
audio8-5 0.4 276.03516 0.25
audio9-8 0.5 344.7912 0.3
yolo1-5 1 57.969 0.99
yolo1-7 1 57.969 0.99
yolo10-5 1 57.969 0.99
yolo10-7 1 57.969 0.99
yolo2-3 1 57.969 0.99
yolo3-2 1 57.969 0.99
yolo4-2 1 57.969 0.99
yolo6-1 1 57.969 0.99
yolo8-3 1 57.969 0.99
yolo9-0 1 57.969 0.99
Sum of bandwidth: 5059.742000000001
Sum of weights: 13.345000000000002
Average accuracy: 0.6719640314724614
time: 0.003998756408691406
**time: 9
========Allocate Done=============
audio11-4 0.4 276.03516 0.25
audio12-6 0.4 276.03516 0.25
audio2-0 0.4 276.03516 0.25
audio2-6 0.4 276.03516 0.25
audio2-9 0.4 276.03516 0.25
audio3-8 0.4 276.03516 0.25
audio4-8 0.4 276.03516 0.25
audio5-4 0.4 276.03516 0.25
audio5-8 0.4 276.03516 0.25
audio6-9 0.4 276.03516 0.25
audio7-0 0.4 276.03516 0.25
audio7-2 0.4 276.03516 0.25
audio7-3 0.4 276.03516 0.25
audio7-8 0.4 276.03516 0.25
audio8-5 0.4 276.03516 0.25
audio9-8 0.4 276.03516 0.25
yolo1-5 1 57.969 0.99
yolo1-7 1 57.969 0.99
yolo10-5 1 57.969 0.99
yolo10-7 1 57.969 0.99
yolo11-9 1 57.969 0.99
yolo2-3 1 57.969 0.99
yolo3-2 1 57.969 0.99
yolo4-9 1 57.969 0.99
yolo6-1 1 57.969 0.99
yolo7-9 0.22886214775324978 17.46884000000068 0.64
yolo8-3 1 57.969 0.99
yolo9-0 1 57.969 0.99
Sum of bandwidth: 5071.6904
Sum of weights: 15.128000000000002
Average accuracy: 0.6115540719196192
time: 0.008739233016967773
**time: 10
========Allocate Done=============
audio11-4 0.8660353330412868 596.4626000000003 0.74
audio12-6 0.6 413.54724 0.32
audio2-6 0.4 276.03516 0.25
audio2-9 0.4 276.03516 0.25
audio3-8 0.4 276.03516 0.25
audio4-8 0.4 276.03516 0.25
audio5-4 0.4 276.03516 0.25
audio5-8 0.4 276.03516 0.25
audio6-9 0.4 276.03516 0.25
audio7-0 0.4 276.03516 0.25
audio7-3 0.4 276.03516 0.25
audio7-8 0.4 276.03516 0.25
audio8-5 0.4 276.03516 0.25
audio9-8 0.5 344.7912 0.3
yolo1-5 1 57.969 0.99
yolo1-7 1 57.969 0.99
yolo10-5 1 57.969 0.99
yolo11-9 1 57.969 0.99
yolo12-10 1 57.969 0.99
yolo2-3 1 57.969 0.99
yolo3-2 1 57.969 0.99
yolo4-10 1 57.969 0.99
yolo4-9 1 57.969 0.99
yolo6-1 1 57.969 0.99
yolo7-9 0.71 42.7382 0.955
yolo8-3 1 57.969 0.99
audio11-edge-2 0.6 0.0527 0.32
audio11-edge-4 0.6 0.0527 0.32
Sum of bandwidth: 5071.6904
Sum of weights: 16.093
Average accuracy: 0.6179888771515566
time: 1.0070254802703857
**time: 11
========Allocate Done=============
audio1-11 1 688.5713999999999 0.9
audio12-6 0.9197682705403055 633.4072400000006 0.84
audio2-9 0.4 276.03516 0.25
audio3-11 0.4 276.03516 0.25
audio3-8 0.4 276.03516 0.25
audio4-8 0.4 276.03516 0.25
audio5-4 0.4 276.03516 0.25
audio5-8 0.4 276.03516 0.25
audio6-9 0.4 276.03516 0.25
audio7-11 0.4 276.03516 0.25
audio7-3 0.4 276.03516 0.25
audio7-8 0.4 276.03516 0.25
audio8-5 0.4 276.03516 0.25
audio9-8 0.5 344.7912 0.3
yolo11-9 1 57.969 0.99
yolo12-10 1 57.969 0.99
yolo3-2 1 57.969 0.99
yolo4-10 1 57.969 0.99
yolo4-9 1 57.969 0.99
yolo7-9 0.71 42.7382 0.955
audio11-edge-2 0.6 0.0527 0.32
audio11-edge-4 0.6 0.0527 0.32
Sum of bandwidth: 5035.8452
Sum of weights: 11.879000000000001
Average accuracy: 0.5279362740971462
time: 0.3933706283569336
**time: 12
========Allocate Done=============
audio1-11 0.5 344.7912 0.3
audio11-12 0.5 344.7912 0.3
audio12-6 0.5 344.7912 0.3
audio2-12 0.4 276.03516 0.25
audio2-9 0.4 276.03516 0.25
audio3-11 0.4 276.03516 0.25
audio3-8 0.4 276.03516 0.25
audio4-8 0.4 276.03516 0.25
audio5-4 0.4 276.03516 0.25
audio5-8 0.4 276.03516 0.25
audio6-9 0.4 276.03516 0.25
audio7-11 0.4 276.03516 0.25
audio7-3 0.4 276.03516 0.25
audio7-8 0.4 276.03516 0.25
audio8-5 0.4 276.03516 0.25
audio9-8 0.4030889213514926 278.1589800000008 0.25
yolo11-9 1 57.969 0.99
yolo12-10 1 57.969 0.99
yolo3-2 1 57.969 0.99
yolo4-10 1 57.969 0.99
yolo4-9 1 57.969 0.99
yolo5-12 1 57.969 0.99
yolo7-12 0.61 37.4862 0.93
yolo7-9 0.61 37.4862 0.93
audio11-edge-4 0.5 0.0527 0.3
Sum of bandwidth: 5047.793600000001
Sum of weights: 13.04
Average accuracy: 0.44713036809815954
time: 0.004656553268432617
**time: 13
========Allocate Done=============
audio1-11 0.6 413.54724 0.32
audio11-12 0.5892821343404889 406.1780600000003 0.31
audio12-6 0.5 344.7912 0.3
audio2-12 0.4 276.03516 0.25
audio2-9 0.4 276.03516 0.25
audio3-11 0.4 276.03516 0.25
audio4-8 0.4 276.03516 0.25
audio5-8 0.4 276.03516 0.25
audio6-9 0.4 276.03516 0.25
audio7-11 0.4 276.03516 0.25
audio7-3 0.4 276.03516 0.25
audio7-8 0.4 276.03516 0.25
audio8-5 0.4 276.03516 0.25
audio9-13 0.5 344.7912 0.3
audio9-8 0.5 344.7912 0.3
yolo11-13 1 57.969 0.99
yolo11-9 1 57.969 0.99
yolo3-2 1 57.969 0.99
yolo4-10 1 57.969 0.99
yolo4-9 1 57.969 0.99
yolo5-12 1 57.969 0.99
yolo7-12 0.71 42.7382 0.955
yolo7-9 0.71 42.7382 0.955
audio11-edge-4 0.5 0.0527 0.3
Sum of bandwidth: 5047.793599999999
Sum of weights: 12.906000000000002
Average accuracy: 0.45890361072369434
time: 0.009278297424316406
**time: 14
========Allocate Done=============
audio1-11 0.5891288387172976 406.0726600000006 0.31
audio11-12 0.5 344.7912 0.3
audio12-14 0.5 344.7912 0.3
audio12-6 0.5 344.7912 0.3
audio2-12 0.4 276.03516 0.25
audio2-9 0.4 276.03516 0.25
audio3-11 0.4 276.03516 0.25
audio4-8 0.4 276.03516 0.25
audio6-9 0.4 276.03516 0.25
audio7-3 0.4 276.03516 0.25
audio7-8 0.4 276.03516 0.25
audio8-14 0.4 276.03516 0.25
audio8-5 0.4 276.03516 0.25
audio9-13 0.5 344.7912 0.3
audio9-8 0.5 344.7912 0.3
yolo11-13 1 57.969 0.99
yolo11-9 1 57.969 0.99
yolo4-10 1 57.969 0.99
yolo4-9 1 57.969 0.99
yolo5-12 1 57.969 0.99
yolo7-12 0.71 42.7382 0.955
yolo7-9 0.71 42.7382 0.955
yolo9-14 1 57.969 0.99
audio11-edge-3 0.5 0.0527 0.3
audio7-edge-11 0.4 0.0527 0.25
audio7-edge-3 0.4 0.0527 0.25
Sum of bandwidth: 5047.7936
Sum of weights: 14.472000000000005
Average accuracy: 0.46128040353786615
time: 0.06040596961975098
**time: 15
========Allocate Done=============
audio1-11 1 688.5713999999999 0.9
audio11-12 1 688.5713999999999 0.9
audio12-14 1 688.5713999999999 0.9
audio2-12 0.6 413.54724 0.32
audio2-9 0.5277991868059889 363.9048200000005 0.3
audio6-9 0.4 276.03516 0.25
audio7-8 0.4 276.03516 0.25
audio8-14 0.4 276.03516 0.25
audio8-5 0.4 276.03516 0.25
audio9-13 1 688.5713999999999 0.9
yolo11-13 1 57.969 0.99
yolo3-15 1 57.969 0.99
yolo4-10 1 57.969 0.99
yolo4-9 1 57.969 0.99
yolo7-12 1 57.969 0.99
yolo7-9 1 57.969 0.99
yolo9-14 1 57.969 0.99
audio11-edge-3 1 0.0527 0.9
audio7-edge-11 0.4 0.0527 0.25
audio7-edge-3 0.4 0.0527 0.25
Sum of bandwidth: 5041.819400000001
Sum of weights: 9.938000000000002
Average accuracy: 0.764987925135842
time: 0.0031609535217285156
**time: 16
========Allocate Done=============
audio1-11 1 688.5713999999999 0.9
audio1-16 1 688.5713999999999 0.9
audio11-12 1 688.5713999999999 0.9
audio12-14 0.795010503804466 547.6287400000001 0.57
audio2-12 0.4 276.03516 0.25
audio2-9 0.4 276.03516 0.25
audio6-9 0.4 276.03516 0.25
audio7-8 0.4 276.03516 0.25
audio8-14 0.4 276.03516 0.25
audio8-5 0.4 276.03516 0.25
audio9-13 0.5 344.7912 0.3
yolo11-13 1 57.969 0.99
yolo3-15 1 57.969 0.99
yolo4-10 1 57.969 0.99
yolo4-9 1 57.969 0.99
yolo5-16 1 57.969 0.99
yolo7-12 0.71 42.7382 0.955
yolo7-9 0.71 42.7382 0.955
yolo9-14 1 57.969 0.99
audio11-edge-3 0.6 0.0527 0.32
audio7-edge-11 0.4 0.0527 0.25
audio7-edge-3 0.4 0.0527 0.25
Sum of bandwidth: 5047.7936
Sum of weights: 11.519000000000005
Average accuracy: 0.6561567844430937
time: 0.0061838626861572266
**time: 17
========Allocate Done=============
audio1-11 1 688.5713999999999 0.9
audio1-16 1 688.5713999999999 0.9
audio12-14 1 688.5713999999999 0.9
audio2-12 0.402027574595628 277.4292399999998 0.25
audio2-9 0.4 276.03516 0.25
audio6-17 0.4 276.03516 0.25
audio6-9 0.4 276.03516 0.25
audio7-8 0.4 276.03516 0.25
audio8-14 0.4 276.03516 0.25
audio8-17 0.4 276.03516 0.25
audio9-13 1 688.5713999999999 0.9
yolo4-10 1 57.969 0.99
yolo5-16 1 57.969 0.99
yolo7-12 1 57.969 0.99
yolo7-9 1 57.969 0.99
yolo8-17 1 57.969 0.99
yolo9-14 1 57.969 0.99
audio11-edge-3 1 0.0527 0.9
audio7-edge-11 0.4 0.0527 0.25
Sum of bandwidth: 5035.8452
Sum of weights: 10.243000000000002
Average accuracy: 0.7384457678414525
time: 0.0036437511444091797
**time: 18
========Allocate Done=============
audio10-18 1 688.5713999999999 0.9
audio12-14 1 688.5713999999999 0.9
audio2-12 0.5522536783677473 380.7187599999997 0.31
audio2-9 0.5 344.7912 0.3
audio6-17 0.4 276.03516 0.25
audio6-9 0.4 276.03516 0.25
audio7-8 0.4 276.03516 0.25
audio8-17 0.4 276.03516 0.25
audio9-13 1 688.5713999999999 0.9
audio9-18 1 688.5713999999999 0.9
yolo1-18 1 57.969 0.99
yolo3-18 1 57.969 0.99
yolo4-10 1 57.969 0.99
yolo5-16 1 57.969 0.99
yolo7-12 1 57.969 0.99
yolo7-9 1 57.969 0.99
yolo8-17 1 57.969 0.99
yolo9-14 1 57.969 0.99
audio11-edge-3 1 0.0527 0.9
audio7-edge-11 0.4 0.0527 0.25
Sum of bandwidth: 5047.7936
Sum of weights: 10.883000000000003
Average accuracy: 0.785983644215749
time: 0.09239506721496582
**time: 19
========Allocate Done=============
audio10-18 1 688.5713999999999 0.9
audio12-14 1 688.5713999999999 0.9
audio12-19 1 688.5713999999999 0.9
audio2-9 0.4 276.03516 0.25
audio5-19 0.4 276.03516 0.25
audio6-17 0.4 276.03516 0.25
audio6-9 0.4 276.03516 0.25
audio8-17 0.4 276.03516 0.25
audio9-13 0.7184467866386745 494.98656000000165 0.36
audio9-18 0.6 413.54724 0.32
yolo1-18 1 57.969 0.99
yolo10-19 1 57.969 0.99
yolo12-19 1 57.969 0.99
yolo3-18 1 57.969 0.99
yolo4-10 1 57.969 0.99
yolo4-19 1 57.969 0.99
yolo5-16 1 57.969 0.99
yolo6-19 1 57.969 0.99
yolo7-12 0.71 42.7382 0.955
yolo7-19 0.71 42.7382 0.955
yolo8-17 1 57.969 0.99
yolo9-14 1 57.969 0.99
yolo9-19 1 57.969 0.99
audio11-edge-3 1 0.0527 0.9
audio7-edge-11 0.4 0.0527 0.25
Sum of bandwidth: 5077.664600000002
Sum of weights: 14.998000000000001
Average accuracy: 0.7745132684357914
time: 0.08129286766052246
**time: 20
========Allocate Done=============
audio10-18 1 688.5713999999999 0.9
audio12-14 1 688.5713999999999 0.9
audio12-19 0.8413542141170433 579.4928399999999 0.67
audio2-9 0.4 276.03516 0.25
audio5-19 0.4 276.03516 0.25
audio5-20 0.4 276.03516 0.25
audio6-17 0.4 276.03516 0.25
audio6-9 0.4 276.03516 0.25
audio8-17 0.4 276.03516 0.25
audio9-13 0.5 344.7912 0.3
audio9-18 0.5 344.7912 0.3
yolo1-18 1 57.969 0.99
yolo10-19 1 57.969 0.99
yolo10-20 1 57.969 0.99
yolo12-19 1 57.969 0.99
yolo3-18 1 57.969 0.99
yolo4-10 1 57.969 0.99
yolo4-19 1 57.969 0.99
yolo5-16 1 57.969 0.99
yolo6-19 1 57.969 0.99
yolo7-12 0.71 42.7382 0.955
yolo7-19 0.71 42.7382 0.955
yolo8-17 1 57.969 0.99
yolo9-14 1 57.969 0.99
yolo9-19 1 57.969 0.99
audio11-edge-3 0.6 0.0527 0.32
audio7-edge-11 0.4 0.0527 0.25
Sum of bandwidth: 5083.6388
Sum of weights: 16.109
Average accuracy: 0.7203451486746539
time: 1.2677435874938965
**time: 21
========Allocate Done=============
audio1-21 1 688.5713999999999 0.9
audio10-18 1 688.5713999999999 0.9
audio10-21 0.9940689428885101 684.4934400000011 0.9
audio12-14 0.6 413.54724 0.32
audio12-19 0.6 413.54724 0.32
audio5-19 0.4 276.03516 0.25
audio5-20 0.4 276.03516 0.25
audio8-21 0.4 276.03516 0.25
audio9-13 0.5 344.7912 0.3
audio9-18 0.5 344.7912 0.3
yolo1-18 1 57.969 0.99
yolo10-19 1 57.969 0.99
yolo10-20 1 57.969 0.99
yolo3-18 1 57.969 0.99
yolo4-19 1 57.969 0.99
yolo5-16 1 57.969 0.99
yolo6-19 1 57.969 0.99
yolo7-12 0.71 42.7382 0.955
yolo7-19 0.71 42.7382 0.955
yolo8-17 1 57.969 0.99
yolo9-14 1 57.969 0.99
yolo9-19 1 57.969 0.99
audio11-edge-3 0.6 0.0527 0.32
audio7-edge-11 0.4 0.0527 0.25
Sum of bandwidth: 5071.6904
Sum of weights: 15.511000000000003
Average accuracy: 0.7078976210431306
time: 0.00845479965209961
**time: 22
========Allocate Done=============
audio1-21 1 688.5713999999999 0.9
audio10-18 1 688.5713999999999 0.9
audio10-21 1 688.5713999999999 0.9
audio12-14 0.8465209456507375 583.0452799999993 0.67
audio12-19 0.6 413.54724 0.32
audio2-22 0.4 276.03516 0.25
audio5-20 0.4 276.03516 0.25
audio8-21 0.4 276.03516 0.25
audio9-18 0.5 344.7912 0.3
yolo1-18 1 57.969 0.99
yolo1-22 1 57.969 0.99
yolo10-19 1 57.969 0.99
yolo10-20 1 57.969 0.99
yolo2-22 1 57.969 0.99
yolo3-18 1 57.969 0.99
yolo3-22 1 57.969 0.99
yolo4-19 1 57.969 0.99
yolo5-16 1 57.969 0.99
yolo6-19 1 57.969 0.99
yolo6-22 1 57.969 0.99
yolo7-19 0.71 42.7382 0.955
yolo8-17 1 57.969 0.99
yolo9-14 1 57.969 0.99
yolo9-19 1 57.969 0.99
audio11-edge-3 0.6 0.0527 0.32
audio7-edge-11 0.4 0.0527 0.25
Sum of bandwidth: 5089.612999999999
Sum of weights: 17.151999999999997
Average accuracy: 0.784636485541045
time: 0.03394770622253418
**time: 23
========Allocate Done=============
audio1-21 1 688.5713999999999 0.9
audio10-21 0.9182607084410329 632.3706999999999 0.84
audio12-14 0.6 413.54724 0.32
audio12-19 0.6 413.54724 0.32
audio12-23 0.6 413.54724 0.32
audio2-22 0.4 276.03516 0.25
audio5-20 0.4 276.03516 0.25
audio8-21 0.4 276.03516 0.25
audio9-18 0.5 344.7912 0.3
audio9-23 0.5 344.7912 0.3
yolo1-18 1 57.969 0.99
yolo1-22 1 57.969 0.99
yolo10-19 1 57.969 0.99
yolo10-20 1 57.969 0.99
yolo11-23 1 57.969 0.99
yolo12-23 1 57.969 0.99
yolo2-22 1 57.969 0.99
yolo3-18 1 57.969 0.99
yolo3-22 1 57.969 0.99
yolo4-19 1 57.969 0.99
yolo4-23 1 57.969 0.99
yolo5-16 1 57.969 0.99
yolo6-19 1 57.969 0.99
yolo6-22 1 57.969 0.99
yolo7-19 0.71 42.7382 0.955
yolo8-17 1 57.969 0.99
yolo9-14 1 57.969 0.99
yolo9-19 1 57.969 0.99
audio11-edge-3 0.6 0.0527 0.32
Sum of bandwidth: 5107.5356
Sum of weights: 19.933999999999997
Average accuracy: 0.7347554429617742
time: 0.012561321258544922
**time: 24
========Allocate Done=============
audio1-21 0.6411681359194058 441.85282000000103 0.34
audio10-21 0.6 413.54724 0.32
audio11-24 0.6 413.54724 0.32
audio12-14 0.6 413.54724 0.32
audio12-19 0.6 413.54724 0.32
audio12-23 0.6 413.54724 0.32
audio2-22 0.4 276.03516 0.25
audio3-24 0.4 276.03516 0.25
audio8-21 0.4 276.03516 0.25
audio9-18 0.5 344.7912 0.3
audio9-23 0.5 344.7912 0.3
yolo1-18 1 57.969 0.99
yolo1-22 1 57.969 0.99
yolo10-19 1 57.969 0.99
yolo10-20 1 57.969 0.99
yolo11-23 1 57.969 0.99
yolo12-23 1 57.969 0.99
yolo2-22 1 57.969 0.99
yolo3-18 1 57.969 0.99
yolo3-22 1 57.969 0.99
yolo4-19 1 57.969 0.99
yolo4-23 1 57.969 0.99
yolo4-24 1 57.969 0.99
yolo5-16 1 57.969 0.99
yolo6-19 1 57.969 0.99
yolo6-22 1 57.969 0.99
yolo7-19 0.71 42.7382 0.955
yolo8-17 1 57.969 0.99
yolo9-14 1 57.969 0.99
yolo9-19 1 57.969 0.99
audio11-edge-3 0.6 0.0527 0.32
Sum of bandwidth: 5113.509800000002
Sum of weights: 21.676999999999996
Average accuracy: 0.6622505420491769
time: 0.009301900863647461
**time: 25
========Allocate Done=============
audio1-21 0.6 413.54724 0.32
audio10-21 0.5628678731352204 388.01666000000137 0.31
audio11-24 0.5 344.7912 0.3
audio12-14 0.5 344.7912 0.3
audio12-19 0.5 344.7912 0.3
audio12-23 0.5 344.7912 0.3
audio2-22 0.4 276.03516 0.25
audio3-24 0.4 276.03516 0.25
audio3-25 0.4 276.03516 0.25
audio7-25 0.4 276.03516 0.25
audio8-21 0.4 276.03516 0.25
audio9-18 0.5 344.7912 0.3
audio9-23 0.5 344.7912 0.3
yolo1-18 1 57.969 0.99
yolo1-22 1 57.969 0.99
yolo10-20 1 57.969 0.99
yolo11-23 1 57.969 0.99
yolo12-23 1 57.969 0.99
yolo2-22 1 57.969 0.99
yolo3-22 1 57.969 0.99
yolo4-19 1 57.969 0.99
yolo4-23 1 57.969 0.99
yolo4-24 1 57.969 0.99
yolo5-16 1 57.969 0.99
yolo6-22 1 57.969 0.99
yolo7-19 0.71 42.7382 0.955
yolo7-25 0.71 42.7382 0.955
yolo8-25 1 57.969 0.99
audio11-edge-3 0.5 0.0527 0.3
Sum of bandwidth: 5089.613000000001
Sum of weights: 19.224999999999994
Average accuracy: 0.5821524057217169
time: 0.9750783443450928
**time: 26
========Allocate Done=============
audio1-21 0.5 344.7912 0.3
audio10-21 0.5 344.7912 0.3
audio11-24 0.5 344.7912 0.3
audio11-26 0.5 344.7912 0.3
audio12-19 0.5 344.7912 0.3
audio12-23 0.4766746601462226 328.75362000000086 0.27
audio2-22 0.4 276.03516 0.25
audio2-26 0.4 276.03516 0.25
audio3-24 0.4 276.03516 0.25
audio3-25 0.4 276.03516 0.25
audio7-25 0.4 276.03516 0.25
audio8-21 0.4 276.03516 0.25
audio9-18 0.4 276.03516 0.25
audio9-23 0.4 276.03516 0.25
yolo1-22 1 57.969 0.99
yolo10-20 1 57.969 0.99
yolo10-26 1 57.969 0.99
yolo11-23 1 57.969 0.99
yolo12-23 1 57.969 0.99
yolo2-22 1 57.969 0.99
yolo3-22 1 57.969 0.99
yolo4-19 1 57.969 0.99
yolo4-23 1 57.969 0.99
yolo4-24 1 57.969 0.99
yolo5-16 1 57.969 0.99
yolo6-22 1 57.969 0.99
yolo7-19 0.61 37.4862 0.93
yolo7-25 0.61 37.4862 0.93
yolo8-25 1 57.969 0.99
audio11-edge-3 0.4 0.0527 0.25
Sum of bandwidth: 5089.613000000002
Sum of weights: 19.749999999999996
Average accuracy: 0.563013670886076
time: 0.3295097351074219
**time: 27
========Allocate Done=============
audio1-21 0.6 413.54724 0.32
audio10-21 0.587245716885384 404.77790000000135 0.31
audio11-24 0.5 344.7912 0.3
audio11-26 0.5 344.7912 0.3
audio12-23 0.5 344.7912 0.3
audio2-22 0.4 276.03516 0.25
audio2-26 0.4 276.03516 0.25
audio3-24 0.4 276.03516 0.25
audio3-25 0.4 276.03516 0.25
audio7-25 0.4 276.03516 0.25
audio8-21 0.4 276.03516 0.25
audio9-18 0.5 344.7912 0.3
audio9-23 0.5 344.7912 0.3
yolo1-22 1 57.969 0.99
yolo10-20 1 57.969 0.99
yolo10-26 1 57.969 0.99
yolo11-23 1 57.969 0.99
yolo12-23 1 57.969 0.99
yolo2-22 1 57.969 0.99
yolo3-22 1 57.969 0.99
yolo4-19 1 57.969 0.99
yolo4-23 1 57.969 0.99
yolo4-24 1 57.969 0.99
yolo5-16 1 57.969 0.99
yolo6-22 1 57.969 0.99
yolo7-19 0.71 42.7382 0.955
yolo7-25 0.71 42.7382 0.955
yolo8-25 1 57.969 0.99
yolo9-27 1 57.969 0.99
audio11-edge-3 0.5 0.0527 0.3
Sum of bandwidth: 5095.587200000002
Sum of weights: 19.512999999999995
Average accuracy: 0.6027745605493775
time: 0.007340908050537109
**time: 28
========Allocate Done=============
audio1-21 0.5 344.7912 0.3
audio10-21 0.5 344.7912 0.3
audio11-24 0.5 344.7912 0.3
audio11-26 0.5 344.7912 0.3
audio12-23 0.5 344.7912 0.3
audio2-22 0.4 276.03516 0.25
audio3-24 0.4 276.03516 0.25
audio3-25 0.4 276.03516 0.25
audio7-25 0.4 276.03516 0.25
audio8-21 0.4 276.03516 0.25
audio9-18 0.5 344.7912 0.3
audio9-23 0.4756564514186705 328.0535400000017 0.27
audio9-28 0.4 276.03516 0.25
yolo1-22 1 57.969 0.99
yolo10-20 1 57.969 0.99
yolo10-26 1 57.969 0.99
yolo11-28 1 57.969 0.99
yolo12-23 1 57.969 0.99
yolo2-22 1 57.969 0.99
yolo3-22 1 57.969 0.99
yolo3-28 1 57.969 0.99
yolo4-19 1 57.969 0.99
yolo4-23 1 57.969 0.99
yolo4-24 1 57.969 0.99
yolo4-28 1 57.969 0.99
yolo5-16 1 57.969 0.99
yolo5-28 1 57.969 0.99
yolo6-22 1 57.969 0.99
yolo7-19 0.61 37.4862 0.93
yolo7-25 0.61 37.4862 0.93
yolo8-25 1 57.969 0.99
yolo9-27 1 57.969 0.99
audio11-edge-3 0.5 0.0527 0.3
Sum of bandwidth: 5113.5098000000025
Sum of weights: 21.179999999999996
Average accuracy: 0.6157105760151087
time: 0.07202839851379395
**time: 29
========Allocate Done=============
audio10-21 1 688.5713999999999 0.9
audio11-24 0.9901865494289681 681.824060000001 0.9
audio11-26 0.6 413.54724 0.32
audio12-23 0.6 413.54724 0.32
audio2-22 0.4 276.03516 0.25
audio3-24 0.4 276.03516 0.25
audio3-25 0.4 276.03516 0.25
audio5-29 0.4 276.03516 0.25
audio7-25 0.4 276.03516 0.25
audio8-21 0.4 276.03516 0.25
audio9-28 0.5 344.7912 0.3
yolo10-26 1 57.969 0.99
yolo11-28 1 57.969 0.99
yolo12-23 1 57.969 0.99
yolo2-22 1 57.969 0.99
yolo3-22 1 57.969 0.99
yolo3-28 1 57.969 0.99
yolo3-29 1 57.969 0.99
yolo4-19 1 57.969 0.99
yolo4-23 1 57.969 0.99
yolo4-28 1 57.969 0.99
yolo5-28 1 57.969 0.99
yolo6-22 1 57.969 0.99
yolo7-19 0.71 42.7382 0.955
yolo7-25 0.71 42.7382 0.955
yolo8-25 1 57.969 0.99
yolo9-27 1 57.969 0.99
audio11-edge-3 0.6 0.0527 0.32
Sum of bandwidth: 5095.587200000001
Sum of weights: 16.418999999999997
Average accuracy: 0.692432547658201
time: 0.012059211730957031
**time: 30
========Allocate Done=============
audio10-21 1 688.5713999999999 0.9
audio11-24 1 688.5713999999999 0.9
audio11-26 1 688.5713999999999 0.9
audio12-23 0.667279121950595 459.8056999999999 0.34
audio2-22 0.4 276.03516 0.25
audio3-24 0.4 276.03516 0.25
audio5-29 0.4 276.03516 0.25
audio7-25 0.4 276.03516 0.25
audio8-21 0.4 276.03516 0.25
audio9-28 0.5 344.7912 0.3
yolo10-26 1 57.969 0.99
yolo11-28 1 57.969 0.99
yolo12-23 1 57.969 0.99
yolo3-22 1 57.969 0.99
yolo3-28 1 57.969 0.99
yolo3-29 1 57.969 0.99
yolo4-19 1 57.969 0.99
yolo4-23 1 57.969 0.99
yolo4-28 1 57.969 0.99
yolo5-28 1 57.969 0.99
yolo6-22 1 57.969 0.99
yolo7-19 0.71 42.7382 0.955
yolo7-25 0.71 42.7382 0.955
yolo8-25 1 57.969 0.99
yolo9-27 1 57.969 0.99
audio11-edge-3 0.6 0.0527 0.32
Sum of bandwidth: 5089.612999999999
Sum of weights: 15.070999999999998
Average accuracy: 0.7414498042598368
time: 0.00509953498840332
