num: 30 running time:30 bandwidth:5000
**time: 0
========Allocate Done=============
audio5-0 1 688.5713999999999 0.9
yolo10-0 1 57.969 0.99
Sum of bandwidth: 746.5404
Sum of weights: 0.582
Average accuracy: 0.9893814432989692
time: 0.07918858528137207
**time: 1
========Allocate Done=============
audio5-0 1 688.5713999999999 0.9
audio7-1 1 688.5713999999999 0.9
yolo1-1 1 57.969 0.99
yolo10-0 1 57.969 0.99
yolo11-1 1 57.969 0.99
yolo12-1 1 57.969 0.99
yolo3-1 1 57.969 0.99
yolo5-1 1 57.969 0.99
yolo8-1 1 57.969 0.99
yolo9-1 1 57.969 0.99
Sum of bandwidth: 1840.8948000000003
Sum of weights: 5.414999999999999
Average accuracy: 0.975673130193906
time: 0.001741647720336914
**time: 2
========Allocate Done=============
audio1-2 1 688.5713999999999 0.9
audio11-2 1 688.5713999999999 0.9
audio5-0 1 688.5713999999999 0.9
audio7-1 1 688.5713999999999 0.9
audio9-2 1 688.5713999999999 0.9
yolo1-1 1 57.969 0.99
yolo10-0 1 57.969 0.99
yolo11-1 1 57.969 0.99
yolo11-2 1 57.969 0.99
yolo12-1 1 57.969 0.99
yolo3-1 1 57.969 0.99
yolo4-2 1 57.969 0.99
yolo5-1 1 57.969 0.99
yolo5-2 1 57.969 0.99
yolo8-1 1 57.969 0.99
yolo8-2 1 57.969 0.99
yolo9-1 1 57.969 0.99
yolo9-2 1 57.969 0.99
Sum of bandwidth: 4196.454
Sum of weights: 8.899
Average accuracy: 0.9764782559838184
time: 0.29604482650756836
**time: 3
========Allocate Done=============
audio1-2 1 688.5713999999999 0.9
audio11-2 1 688.5713999999999 0.9
audio5-0 1 688.5713999999999 0.9
audio6-3 1 688.5713999999999 0.9
audio7-1 1 688.5713999999999 0.9
audio9-2 1 688.5713999999999 0.9
yolo1-1 1 57.969 0.99
yolo1-3 1 57.969 0.99
yolo10-0 1 57.969 0.99
yolo11-1 1 57.969 0.99
yolo11-2 1 57.969 0.99
yolo12-1 1 57.969 0.99
yolo12-3 1 57.969 0.99
yolo3-1 1 57.969 0.99
yolo4-2 1 57.969 0.99
yolo5-1 1 57.969 0.99
yolo5-2 1 57.969 0.99
yolo8-1 1 57.969 0.99
yolo8-2 1 57.969 0.99
yolo9-1 1 57.969 0.99
yolo9-2 1 57.969 0.99
Sum of bandwidth: 5000.963400000001
Sum of weights: 10.95
Average accuracy: 0.9716547945205479
time: 2.1259896755218506
**time: 4
========Allocate Done=============
audio1-2 1 688.5713999999999 0.9
audio11-2 1 688.5713999999999 0.9
audio5-0 1 688.5713999999999 0.9
audio6-3 1 688.5713999999999 0.9
audio7-1 1 688.5713999999999 0.9
audio9-2 1 688.5713999999999 0.9
yolo1-1 1 57.969 0.99
yolo1-3 1 57.969 0.99
yolo10-0 1 57.969 0.99
yolo11-1 1 57.969 0.99
yolo11-2 1 57.969 0.99
yolo12-1 1 57.969 0.99
yolo12-3 1 57.969 0.99
yolo3-1 1 57.969 0.99
yolo4-2 1 57.969 0.99
yolo5-1 1 57.969 0.99
yolo5-2 1 57.969 0.99
yolo8-1 1 57.969 0.99
yolo8-2 1 57.969 0.99
yolo9-1 1 57.969 0.99
yolo9-2 1 57.969 0.99
Sum of bandwidth: 5000.963400000001
Sum of weights: 10.95
Average accuracy: 0.9716547945205479
time: 0.16824865341186523
**time: 5
========Allocate Done=============
audio1-2 0.7245222965138761 499.16383999999925 0.42
audio10-5 0.6 413.54724 0.32
audio11-2 0.6 413.54724 0.32
audio3-5 1 688.5713999999999 0.9
audio4-5 0.4 276.03516 0.25
audio5-0 0.4 276.03516 0.25
audio6-3 1 688.5713999999999 0.9
audio7-1 1 688.5713999999999 0.9
audio9-2 0.4 276.03516 0.25
yolo1-1 1 57.969 0.99
yolo1-3 1 57.969 0.99
yolo10-0 1 57.969 0.99
yolo11-1 1 57.969 0.99
yolo11-2 1 57.969 0.99
yolo12-1 1 57.969 0.99
yolo12-3 1 57.969 0.99
yolo3-1 1 57.969 0.99
yolo3-5 1 57.969 0.99
yolo4-2 1 57.969 0.99
yolo5-1 1 57.969 0.99
yolo5-2 1 57.969 0.99
yolo8-1 1 57.969 0.99
yolo8-2 1 57.969 0.99
yolo9-2 1 57.969 0.99
Sum of bandwidth: 5089.612999999999
Sum of weights: 11.504000000000001
Average accuracy: 0.9322253129346311
time: 0.45978260040283203
**time: 6
========Allocate Done=============
audio1-2 0.951388765263387 655.1482400000004 0.9
audio10-5 0.6 413.54724 0.32
audio11-2 0.6 413.54724 0.32
audio3-5 1 688.5713999999999 0.9
audio4-5 0.4 276.03516 0.25
audio5-0 0.4 276.03516 0.25
audio6-3 1 688.5713999999999 0.9
audio7-1 1 688.5713999999999 0.9
audio9-2 0.4 276.03516 0.25
yolo1-1 1 57.969 0.99
yolo1-3 1 57.969 0.99
yolo10-0 1 57.969 0.99
yolo12-1 1 57.969 0.99
yolo12-3 1 57.969 0.99
yolo3-1 1 57.969 0.99
yolo3-5 1 57.969 0.99
yolo5-1 1 57.969 0.99
yolo5-2 1 57.969 0.99
yolo8-1 1 57.969 0.99
yolo8-2 1 57.969 0.99
yolo8-6 1 57.969 0.99
Sum of bandwidth: 5071.6904
Sum of weights: 8.862000000000002
Average accuracy: 0.9256172421575263
time: 0.004416465759277344
**time: 7
========Allocate Done=============
audio1-7 0.9513887652633877 655.1482400000009 0.9
audio10-5 0.6 413.54724 0.32
audio11-2 0.6 413.54724 0.32
audio3-5 1 688.5713999999999 0.9
audio4-5 0.4 276.03516 0.25
audio6-3 1 688.5713999999999 0.9
audio7-1 1 688.5713999999999 0.9
audio8-7 0.4 276.03516 0.25
audio9-2 0.4 276.03516 0.25
yolo1-1 1 57.969 0.99
yolo1-3 1 57.969 0.99
yolo10-0 1 57.969 0.99
yolo12-1 1 57.969 0.99
yolo12-3 1 57.969 0.99
yolo3-1 1 57.969 0.99
yolo3-5 1 57.969 0.99
yolo5-1 1 57.969 0.99
yolo5-2 1 57.969 0.99
yolo7-7 1 57.969 0.99
yolo8-2 1 57.969 0.99
yolo8-6 1 57.969 0.99
Sum of bandwidth: 5071.690400000001
Sum of weights: 8.990000000000002
Average accuracy: 0.917973303670745
time: 0.12882471084594727
**time: 8
========Allocate Done=============
audio1-7 1 688.5713999999999 0.9
audio10-5 1 688.5713999999999 0.9
audio11-2 1 688.5713999999999 0.9
audio3-5 1 688.5713999999999 0.9
audio4-5 0.4 276.03516 0.25
audio6-3 1 688.5713999999999 0.9
audio8-7 0.9542529499953752 657.1175400000001 0.9
yolo1-1 1 57.969 0.99
yolo1-3 1 57.969 0.99
yolo10-0 1 57.969 0.99
yolo12-1 1 57.969 0.99
yolo12-3 1 57.969 0.99
yolo3-1 1 57.969 0.99
yolo3-5 1 57.969 0.99
yolo5-1 1 57.969 0.99
yolo5-2 1 57.969 0.99
yolo7-7 1 57.969 0.99
yolo8-2 1 57.969 0.99
yolo8-6 1 57.969 0.99
audio5-edge-0 0.4 0.0527 0.25
Sum of bandwidth: 5071.6904
Sum of weights: 8.052999999999999
Average accuracy: 0.9633912827517697
time: 0.004122018814086914
**time: 9
========Allocate Done=============
audio1-7 1 688.5713999999999 0.9
audio10-5 1 688.5713999999999 0.9
audio10-9 1 688.5713999999999 0.9
audio11-2 1 688.5713999999999 0.9
audio11-9 0.7040268462232564 485.0719800000007 0.36
audio2-9 1 688.5713999999999 0.9
audio4-5 0.4 276.03516 0.25
audio8-7 0.4 276.03516 0.25
yolo1-1 1 57.969 0.99
yolo10-0 1 57.969 0.99
yolo12-1 1 57.969 0.99
yolo12-3 1 57.969 0.99
yolo3-1 1 57.969 0.99
yolo3-5 1 57.969 0.99
yolo5-2 1 57.969 0.99
yolo7-7 1 57.969 0.99
yolo8-6 1 57.969 0.99
yolo8-9 1 57.969 0.99
audio5-edge-0 0.4 0.0527 0.25
Sum of bandwidth: 5059.742000000001
Sum of weights: 7.195999999999997
Average accuracy: 0.9367843246247919
time: 0.20677733421325684
**time: 10
========Allocate Done=============
audio10-5 1 688.5713999999999 0.9
audio10-9 1 688.5713999999999 0.9
audio11-2 1 688.5713999999999 0.9
audio11-9 0.7039501984116585 485.0192799999993 0.36
audio2-9 1 688.5713999999999 0.9
audio3-10 1 688.5713999999999 0.9
audio4-5 0.4 276.03516 0.25
audio8-7 0.4 276.03516 0.25
yolo1-1 1 57.969 0.99
yolo10-10 1 57.969 0.99
yolo12-1 1 57.969 0.99
yolo12-3 1 57.969 0.99
yolo3-1 1 57.969 0.99
yolo3-10 1 57.969 0.99
yolo5-2 1 57.969 0.99
yolo7-7 1 57.969 0.99
yolo8-9 1 57.969 0.99
yolo9-10 1 57.969 0.99
audio5-edge-0 0.4 0.0527 0.25
audio6-edge-3 1 0.0527 0.9
Sum of bandwidth: 5059.742
Sum of weights: 8.992999999999999
Average accuracy: 0.9350683865228513
time: 0.31977128982543945
**time: 11
========Allocate Done=============
audio10-5 0.5 344.7912 0.3
audio10-9 0.5 344.7912 0.3
audio11-2 0.5 344.7912 0.3
audio11-9 0.47516110584611854 327.7129599999996 0.27
audio12-11 0.4 276.03516 0.25
audio2-9 1 688.5713999999999 0.9
audio3-10 1 688.5713999999999 0.9
audio4-5 0.4 276.03516 0.25
audio5-11 0.4 276.03516 0.25
audio7-11 1 688.5713999999999 0.9
audio8-7 0.4 276.03516 0.25
yolo10-10 1 57.969 0.99
yolo12-1 1 57.969 0.99
yolo12-3 1 57.969 0.99
yolo3-1 1 57.969 0.99
yolo3-10 1 57.969 0.99
yolo5-11 1 57.969 0.99
yolo7-7 1 57.969 0.99
yolo8-9 1 57.969 0.99
yolo9-10 1 57.969 0.99
audio5-edge-0 0.4 0.0527 0.25
audio6-edge-3 1 0.0527 0.9
Sum of bandwidth: 5053.7678000000005
Sum of weights: 9.472999999999999
Average accuracy: 0.874972025757416
time: 0.13027119636535645
**time: 12
========Allocate Done=============
audio10-5 0.44938949363575853 309.9934199999996 0.25
audio10-9 0.4 276.03516 0.25
audio11-2 0.4 276.03516 0.25
audio11-9 0.4 276.03516 0.25
audio12-11 0.4 276.03516 0.25
audio2-9 1 688.5713999999999 0.9
audio3-10 1 688.5713999999999 0.9
audio4-5 0.4 276.03516 0.25
audio5-11 0.4 276.03516 0.25
audio7-11 1 688.5713999999999 0.9
audio8-12 0.4 276.03516 0.25
audio8-7 0.4 276.03516 0.25
yolo10-10 1 57.969 0.99
yolo12-1 1 57.969 0.99
yolo12-3 1 57.969 0.99
yolo3-1 1 57.969 0.99
yolo3-10 1 57.969 0.99
yolo5-11 1 57.969 0.99
yolo8-9 1 57.969 0.99
yolo9-10 1 57.969 0.99
audio6-edge-3 1 0.0527 0.9
Sum of bandwidth: 5047.7936
Sum of weights: 9.179
Average accuracy: 0.8592733413225841
time: 0.0033884048461914062
**time: 13
========Allocate Done=============
audio10-5 0.4 276.03516 0.25
audio10-9 0.4 276.03516 0.25
audio11-2 0.4 276.03516 0.25
audio11-9 0.4 276.03516 0.25
audio12-11 0.4 276.03516 0.25
audio12-13 0.4 276.03516 0.25
audio2-9 1 688.5713999999999 0.9
audio3-10 0.4 276.03516 0.25
audio4-5 0.4 276.03516 0.25
audio5-11 0.4 276.03516 0.25
audio7-11 1 688.5713999999999 0.9
audio7-13 0.7235412336138046 498.4893000000009 0.42
audio8-12 0.4 276.03516 0.25
yolo10-10 1 57.969 0.99
yolo10-13 1 57.969 0.99
yolo12-3 1 57.969 0.99
yolo3-10 1 57.969 0.99
yolo5-11 1 57.969 0.99
yolo8-9 1 57.969 0.99
yolo9-10 1 57.969 0.99
audio6-edge-3 1 0.0527 0.9
Sum of bandwidth: 5041.819400000001
Sum of weights: 9.392
Average accuracy: 0.7662063458262351
time: 0.007047891616821289
**time: 14
========Allocate Done=============
audio10-5 0.4 276.03516 0.25
audio10-9 0.4 276.03516 0.25
audio11-2 0.4 276.03516 0.25
audio11-9 0.4 276.03516 0.25
audio12-11 0.4 276.03516 0.25
audio12-13 0.4 276.03516 0.25
audio2-9 1 688.5713999999999 0.9
audio3-10 0.4 276.03516 0.25
audio4-5 0.4 276.03516 0.25
audio5-11 0.4 276.03516 0.25
audio7-11 1 688.5713999999999 0.9
audio7-13 0.7235412336138046 498.4893000000009 0.42
audio8-12 0.4 276.03516 0.25
yolo10-10 1 57.969 0.99
yolo10-13 1 57.969 0.99
yolo12-3 1 57.969 0.99
yolo3-10 1 57.969 0.99
yolo5-11 1 57.969 0.99
yolo8-9 1 57.969 0.99
yolo9-10 1 57.969 0.99
audio6-edge-3 1 0.0527 0.9
Sum of bandwidth: 5041.819400000001
Sum of weights: 9.392
Average accuracy: 0.7662063458262351
time: 0.003167390823364258
**time: 15
========Allocate Done=============
audio10-15 0.44946614144735464 310.04611999999975 0.25
audio10-5 0.4 276.03516 0.25
audio10-9 0.4 276.03516 0.25
audio11-9 0.4 276.03516 0.25
audio12-11 0.4 276.03516 0.25
audio12-13 0.4 276.03516 0.25
audio2-9 1 688.5713999999999 0.9
audio3-10 1 688.5713999999999 0.9
audio5-11 0.4 276.03516 0.25
audio5-14 0.4 276.03516 0.25
audio7-13 1 688.5713999999999 0.9
audio8-12 0.4 276.03516 0.25
yolo1-14 1 57.969 0.99
yolo10-10 1 57.969 0.99
yolo10-13 1 57.969 0.99
yolo3-10 1 57.969 0.99
yolo5-11 1 57.969 0.99
yolo5-15 1 57.969 0.99
yolo8-15 1 57.969 0.99
yolo9-10 1 57.969 0.99
Sum of bandwidth: 5047.7936
Sum of weights: 7.813000000000001
Average accuracy: 0.840570843466018
time: 0.004159450531005859
**time: 16
========Allocate Done=============
audio10-15 1 688.5713999999999 0.9
audio12-11 1 688.5713999999999 0.9
audio12-13 1 688.5713999999999 0.9
audio12-16 1 688.5713999999999 0.9
audio3-10 1 688.5713999999999 0.9
audio5-14 0.4 276.03516 0.25
audio8-12 0.6 413.54724 0.32
audio8-16 0.5797256502846856 399.60739999999856 0.31
yolo1-14 1 57.969 0.99
yolo10-10 1 57.969 0.99
yolo10-13 1 57.969 0.99
yolo2-16 1 57.969 0.99
yolo5-11 1 57.969 0.99
yolo5-15 1 57.969 0.99
yolo7-16 1 57.969 0.99
yolo8-15 1 57.969 0.99
yolo9-10 1 57.969 0.99
Sum of bandwidth: 5053.767799999999
Sum of weights: 6.295
Average accuracy: 0.9475107227958697
time: 0.0824737548828125
**time: 17
========Allocate Done=============
audio10-15 1 688.5713999999999 0.9
audio12-11 1 688.5713999999999 0.9
audio12-13 1 688.5713999999999 0.9
audio12-16 1 688.5713999999999 0.9
audio3-10 1 688.5713999999999 0.9
audio5-14 0.42995175405680514 296.6287999999986 0.25
audio8-16 1 688.5713999999999 0.9
yolo1-14 1 57.969 0.99
yolo10-10 1 57.969 0.99
yolo10-13 1 57.969 0.99
yolo12-17 1 57.969 0.99
yolo2-16 1 57.969 0.99
yolo5-11 1 57.969 0.99
yolo5-15 1 57.969 0.99
yolo5-17 1 57.969 0.99
yolo7-16 1 57.969 0.99
yolo8-15 1 57.969 0.99
yolo9-10 1 57.969 0.99
Sum of bandwidth: 5065.716199999999
Sum of weights: 6.961999999999999
Average accuracy: 0.9711275495547258
time: 0.003401041030883789
**time: 18
========Allocate Done=============
audio10-15 1 688.5713999999999 0.9
audio12-11 1 688.5713999999999 0.9
audio12-13 1 688.5713999999999 0.9
audio12-16 1 688.5713999999999 0.9
audio3-10 1 688.5713999999999 0.9
audio5-14 0.42995175405680514 296.6287999999986 0.25
audio8-16 1 688.5713999999999 0.9
yolo1-14 1 57.969 0.99
yolo10-10 1 57.969 0.99
yolo10-13 1 57.969 0.99
yolo12-17 1 57.969 0.99
yolo2-16 1 57.969 0.99
yolo5-11 1 57.969 0.99
yolo5-15 1 57.969 0.99
yolo5-17 1 57.969 0.99
yolo7-16 1 57.969 0.99
yolo8-15 1 57.969 0.99
yolo9-10 1 57.969 0.99
Sum of bandwidth: 5065.716199999999
Sum of weights: 6.961999999999999
Average accuracy: 0.9711275495547258
time: 0.1490793228149414
**time: 19
========Allocate Done=============
audio1-19 1 688.5713999999999 0.9
audio10-19 1 688.5713999999999 0.9
audio12-13 0.9528591815351743 656.159239999997 0.9
audio12-16 0.6 413.54724 0.32
audio2-18 1 688.5713999999999 0.9
audio7-19 1 688.5713999999999 0.9
audio8-16 0.4 276.03516 0.25
audio9-18 0.4 276.03516 0.25
yolo1-14 1 57.969 0.99
yolo10-13 1 57.969 0.99
yolo10-19 1 57.969 0.99
yolo12-17 1 57.969 0.99
yolo2-16 1 57.969 0.99
yolo5-11 1 57.969 0.99
yolo5-15 1 57.969 0.99
yolo5-17 1 57.969 0.99
yolo7-16 1 57.969 0.99
yolo8-19 1 57.969 0.99
yolo9-10 1 57.969 0.99
yolo9-19 1 57.969 0.99
Sum of bandwidth: 5071.690399999998
Sum of weights: 9.256999999999998
Average accuracy: 0.9371923949443666
time: 0.28962087631225586
**time: 20
========Allocate Done=============
audio1-19 0.6001444527637119 413.64655999999883 0.32
audio10-19 0.6 413.54724 0.32
audio12-13 0.6 413.54724 0.32
audio12-16 0.6 413.54724 0.32
audio2-18 1 688.5713999999999 0.9
audio3-20 1 688.5713999999999 0.9
audio7-19 1 688.5713999999999 0.9
audio8-16 0.4 276.03516 0.25
audio9-18 0.4 276.03516 0.25
yolo1-14 1 57.969 0.99
yolo10-13 1 57.969 0.99
yolo10-19 1 57.969 0.99
yolo12-17 1 57.969 0.99
yolo2-16 1 57.969 0.99
yolo3-20 1 57.969 0.99
yolo4-20 1 57.969 0.99
yolo5-11 1 57.969 0.99
yolo5-15 1 57.969 0.99
yolo5-17 1 57.969 0.99
yolo7-16 1 57.969 0.99
yolo8-19 1 57.969 0.99
yolo9-10 1 57.969 0.99
yolo9-19 1 57.969 0.99
Sum of bandwidth: 5083.638799999999
Sum of weights: 11.447999999999999
Average accuracy: 0.9133027603074775
time: 0.045722246170043945
**time: 21
========Allocate Done=============
audio1-19 0.4 276.03516 0.25
audio10-19 0.4 276.03516 0.25
audio11-21 0.4 276.03516 0.25
audio12-16 0.4 276.03516 0.25
audio2-18 1 688.5713999999999 0.9
audio3-20 0.47282577646996665 326.10728000000086 0.27
audio4-21 0.4 276.03516 0.25
audio6-21 1 688.5713999999999 0.9
audio7-19 1 688.5713999999999 0.9
audio8-16 0.4 276.03516 0.25
audio9-18 0.4 276.03516 0.25
yolo1-14 1 57.969 0.99
yolo10-19 1 57.969 0.99
yolo11-21 1 57.969 0.99
yolo12-17 1 57.969 0.99
yolo2-16 1 57.969 0.99
yolo3-20 1 57.969 0.99
yolo4-20 1 57.969 0.99
yolo5-11 1 57.969 0.99
yolo5-15 1 57.969 0.99
yolo6-21 1 57.969 0.99
yolo7-16 1 57.969 0.99
yolo8-19 1 57.969 0.99
yolo9-19 1 57.969 0.99
Sum of bandwidth: 5077.664600000001
Sum of weights: 11.611999999999998
Average accuracy: 0.8719764037202894
time: 0.4027597904205322
**time: 22
========Allocate Done=============
audio1-19 0.4 276.03516 0.25
audio10-19 0.4 276.03516 0.25
audio11-21 0.4 276.03516 0.25
audio12-16 0.4 276.03516 0.25
audio2-18 1 688.5713999999999 0.9
audio3-20 0.4 276.03516 0.25
audio4-21 0.4 276.03516 0.25
audio6-21 1 688.5713999999999 0.9
audio7-19 0.9972036202201304 686.6487200000009 0.9
audio8-16 0.4 276.03516 0.25
audio9-18 0.4 276.03516 0.25
yolo1-14 1 57.969 0.99
yolo10-19 1 57.969 0.99
yolo11-21 1 57.969 0.99
yolo12-17 1 57.969 0.99
yolo2-16 1 57.969 0.99
yolo2-22 1 57.969 0.99
yolo3-20 1 57.969 0.99
yolo4-20 1 57.969 0.99
yolo5-11 1 57.969 0.99
yolo5-15 1 57.969 0.99
yolo6-21 1 57.969 0.99
yolo7-16 1 57.969 0.99
yolo8-19 1 57.969 0.99
yolo9-19 1 57.969 0.99
Sum of bandwidth: 5083.6388000000015
Sum of weights: 12.530999999999999
Average accuracy: 0.8797781501875348
time: 0.009189844131469727
**time: 23
========Allocate Done=============
audio1-19 0.6 413.54724 0.32
audio11-21 0.5513887652633874 380.1240800000008 0.31
audio2-18 1 688.5713999999999 0.9
audio3-20 1 688.5713999999999 0.9
audio4-21 0.4 276.03516 0.25
audio6-21 1 688.5713999999999 0.9
audio7-19 1 688.5713999999999 0.9
audio8-16 0.4 276.03516 0.25
audio9-18 0.4 276.03516 0.25
yolo1-14 1 57.969 0.99
yolo11-21 1 57.969 0.99
yolo2-16 1 57.969 0.99
yolo2-22 1 57.969 0.99
yolo3-20 1 57.969 0.99
yolo4-20 1 57.969 0.99
yolo5-11 1 57.969 0.99
yolo5-15 1 57.969 0.99
yolo6-21 1 57.969 0.99
yolo6-23 1 57.969 0.99
yolo8-19 1 57.969 0.99
yolo9-19 1 57.969 0.99
Sum of bandwidth: 5071.690400000001
Sum of weights: 10.960999999999999
Average accuracy: 0.9245059757321414
time: 0.24901509284973145
**time: 24
========Allocate Done=============
audio1-19 0.4 276.03516 0.25
audio11-21 0.4 276.03516 0.25
audio2-18 1 688.5713999999999 0.9
audio3-24 0.6240700889696383 430.0968800000001 0.32
audio4-21 0.4 276.03516 0.25
audio4-24 0.4 276.03516 0.25
audio5-24 0.4 276.03516 0.25
audio6-21 1 688.5713999999999 0.9
audio7-19 1 688.5713999999999 0.9
audio8-16 0.4 276.03516 0.25
audio9-18 0.4 276.03516 0.25
yolo1-14 1 57.969 0.99
yolo11-21 1 57.969 0.99
yolo11-24 1 57.969 0.99
yolo2-16 1 57.969 0.99
yolo2-22 1 57.969 0.99
yolo3-20 1 57.969 0.99
yolo4-20 1 57.969 0.99
yolo6-21 1 57.969 0.99
yolo6-23 1 57.969 0.99
yolo8-19 1 57.969 0.99
yolo9-19 1 57.969 0.99
Sum of bandwidth: 5065.716200000001
Sum of weights: 11.176
Average accuracy: 0.8936685755189693
time: 0.004564046859741211
**time: 25
========Allocate Done=============
audio1-19 0.4 276.03516 0.25
audio11-21 0.4 276.03516 0.25
audio2-18 1 688.5713999999999 0.9
audio3-24 0.6240700889696383 430.0968800000001 0.32
audio4-21 0.4 276.03516 0.25
audio4-24 0.4 276.03516 0.25
audio5-24 0.4 276.03516 0.25
audio6-21 1 688.5713999999999 0.9
audio7-19 1 688.5713999999999 0.9
audio8-16 0.4 276.03516 0.25
audio9-18 0.4 276.03516 0.25
yolo1-14 1 57.969 0.99
yolo1-25 1 57.969 0.99
yolo10-25 1 57.969 0.99
yolo11-21 1 57.969 0.99
yolo11-24 1 57.969 0.99
yolo2-22 1 57.969 0.99
yolo3-20 1 57.969 0.99
yolo6-21 1 57.969 0.99
yolo6-23 1 57.969 0.99
yolo8-19 1 57.969 0.99
yolo9-19 1 57.969 0.99
Sum of bandwidth: 5065.716200000001
Sum of weights: 10.49
Average accuracy: 0.8873689227836035
time: 0.004103899002075195
**time: 26
========Allocate Done=============
audio11-21 0.9782552340128959 673.6205600000003 0.9
audio2-18 1 688.5713999999999 0.9
audio3-24 1 688.5713999999999 0.9
audio4-21 0.4 276.03516 0.25
audio4-24 0.4 276.03516 0.25
audio5-24 0.4 276.03516 0.25
audio6-21 1 688.5713999999999 0.9
audio7-19 1 688.5713999999999 0.9
audio9-26 0.4 276.03516 0.25
yolo1-25 1 57.969 0.99
yolo10-25 1 57.969 0.99
yolo10-26 1 57.969 0.99
yolo11-24 1 57.969 0.99
yolo2-22 1 57.969 0.99
yolo6-21 1 57.969 0.99
yolo6-23 1 57.969 0.99
yolo8-19 1 57.969 0.99
yolo9-19 1 57.969 0.99
Sum of bandwidth: 5053.7678000000005
Sum of weights: 8.875000000000002
Average accuracy: 0.9433588732394363
time: 0.2964019775390625
**time: 27
========Allocate Done=============
audio11-21 1 688.5713999999999 0.9
audio4-21 0.6 413.54724 0.32
audio4-24 0.5797256502846843 399.6073999999976 0.31
audio5-24 0.4 276.03516 0.25
audio6-21 1 688.5713999999999 0.9
audio7-19 1 688.5713999999999 0.9
audio8-27 1 688.5713999999999 0.9
audio9-26 1 688.5713999999999 0.9
yolo1-25 1 57.969 0.99
yolo10-25 1 57.969 0.99
yolo10-26 1 57.969 0.99
yolo10-27 1 57.969 0.99
yolo11-24 1 57.969 0.99
yolo2-22 1 57.969 0.99
yolo6-21 1 57.969 0.99
yolo6-23 1 57.969 0.99
yolo9-19 1 57.969 0.99
Sum of bandwidth: 5053.767799999998
Sum of weights: 7.696000000000001
Average accuracy: 0.9598531704781702
time: 0.040582895278930664
**time: 28
========Allocate Done=============
audio4-21 1 688.5713999999999 0.9
audio4-24 1 688.5713999999999 0.9
audio5-24 1 688.5713999999999 0.9
audio6-21 1 688.5713999999999 0.9
audio8-27 1 688.5713999999999 0.9
audio9-26 1 688.5713999999999 0.9
yolo1-25 1 57.969 0.99
yolo10-25 1 57.969 0.99
yolo10-26 1 57.969 0.99
yolo10-27 1 57.969 0.99
yolo11-24 1 57.969 0.99
yolo2-22 1 57.969 0.99
yolo6-21 1 57.969 0.99
yolo6-23 1 57.969 0.99
Sum of bandwidth: 4595.1804
Sum of weights: 5.705
Average accuracy: 0.9719526730937771
time: 0.0027344226837158203
**time: 29
========Allocate Done=============
audio4-21 1 688.5713999999999 0.9
audio4-24 1 688.5713999999999 0.9
audio4-28 1 688.5713999999999 0.9
audio5-24 0.5811960665564728 400.61839999999506 0.31
audio6-21 1 688.5713999999999 0.9
audio8-27 1 688.5713999999999 0.9
audio9-26 1 688.5713999999999 0.9
yolo1-25 1 57.969 0.99
yolo10-25 1 57.969 0.99
yolo10-26 1 57.969 0.99
yolo10-27 1 57.969 0.99
yolo11-24 1 57.969 0.99
yolo2-22 1 57.969 0.99
yolo6-21 1 57.969 0.99
yolo6-23 1 57.969 0.99
yolo7-28 1 57.969 0.99
Sum of bandwidth: 5053.767799999995
Sum of weights: 6.130000000000001
Average accuracy: 0.9724225122349099
time: 0.0028634071350097656
**time: 30
========Allocate Done=============
audio4-24 0.6 413.54724 0.32
audio4-28 0.5797256502846849 399.6073999999981 0.31
audio5-24 0.4 276.03516 0.25
audio6-21 1 688.5713999999999 0.9
audio6-29 1 688.5713999999999 0.9
audio8-27 1 688.5713999999999 0.9
audio9-26 1 688.5713999999999 0.9
audio9-29 1 688.5713999999999 0.9
yolo1-25 1 57.969 0.99
yolo10-25 1 57.969 0.99
yolo10-26 1 57.969 0.99
yolo10-27 1 57.969 0.99
yolo11-24 1 57.969 0.99
yolo2-22 1 57.969 0.99
yolo6-21 1 57.969 0.99
yolo6-23 1 57.969 0.99
yolo7-28 1 57.969 0.99
Sum of bandwidth: 5053.767799999998
Sum of weights: 7.081000000000001
Average accuracy: 0.958200819093348
time: 0.002977132797241211
