time: 0
  Time         enp0s25      
HH:MM:SS   Kbps in  Kbps out
18:16:29  11144.80     30.28
18:16:32  11552.09      6.79
18:16:35  13493.40     17.69
18:16:38  13169.32     14.54
18:16:41  11505.33     11.11
18:16:44  11294.69      4.84
18:16:47  13462.83     25.51
18:16:50  11643.01      8.95
18:16:53  12993.71     20.26
18:16:56  12827.39     21.67
18:16:59  13116.58     28.25
18:17:02  14699.53     43.27
18:17:05  13017.57     37.96
18:17:08  13234.23     38.00
18:17:11  11683.73      9.15
18:17:14  13077.06     29.03
18:17:17  12077.52     14.92
18:17:20  12175.85     23.04
18:17:23  11993.60    998.05
Connection to 192.168.1.102 closed.
time: 1
  Time         enp0s25      
HH:MM:SS   Kbps in  Kbps out
18:17:26  13328.32    288.46
18:17:29  11332.55     31.03
18:17:32  12910.60     29.03
18:17:35  13049.49     28.05
18:17:38  11490.40     14.74
18:17:41  12755.82   1054.06
18:17:44  13476.38   1544.42
18:17:47  11909.20    989.96
18:17:50  12725.21    984.90
18:17:53  12849.59   2081.25
18:17:56  14991.74   1713.04
18:17:59  11951.55    279.51
18:18:02  12870.95    995.04
18:18:05  13407.72    993.81
18:18:08  12577.20      8.66
18:18:11  13792.84   1001.53
18:18:14  13130.23    984.04
18:18:17  13304.37    996.31
18:18:20  13847.20    503.76
Connection to 192.168.1.102 closed.
time: 2
  Time         enp0s25      
HH:MM:SS   Kbps in  Kbps out
18:18:26  12230.56      9.97
18:18:29  13526.51   1002.04
18:18:32  14141.93   1009.29
18:18:35  13568.23    798.27
18:18:38  12154.35    231.49
18:18:41  13032.62    993.59
18:18:44  13202.32    991.25
18:18:47  13696.70    685.94
18:18:50  15237.15   1323.29
18:18:53  13854.05    991.60
18:18:56  12292.68      4.18
18:18:59  13446.65    997.95
18:19:02  13374.08    998.72
18:19:05  12726.59    208.12
18:19:08  12498.97    947.06
18:19:11  13652.11    998.82
18:19:14  16390.47   1278.71
18:19:17  12324.91    715.60
18:19:20  14443.11    988.14
Connection to 192.168.1.102 closed.
time: 3
  Time         enp0s25      
HH:MM:SS   Kbps in  Kbps out
18:19:27  13374.00    357.34
18:19:30  11949.87    650.26
18:19:33  12687.67    988.59
18:19:36  13346.77    992.47
18:19:39  13175.76    997.10
18:19:42  14175.21     60.84
18:19:45  13668.01   1049.87
18:19:48  11483.46    928.02
18:19:51  14029.35     65.92
18:19:54  12999.15    981.12
18:19:57  12211.96    958.58
18:20:00  13299.35     32.34
18:20:03  13188.63    983.17
18:20:06  12994.77    700.61
18:20:09  14738.19    394.29
18:20:12  13226.95    983.82
18:20:15  13866.42    983.90
18:20:18  11760.06    234.36
18:20:21  13380.52    756.47
Connection to 192.168.1.102 closed.
time: 4
  Time         enp0s25      
HH:MM:SS   Kbps in  Kbps out
18:20:26  12821.74     27.38
18:20:29  13095.91   1052.26
18:20:32  14145.12     58.42
18:20:35  13126.48    950.90
18:20:38  13333.49    986.60
18:20:41  14180.55    128.11
18:20:44  11845.40    891.33
18:20:47  14026.80    996.91
18:20:50  12447.83     91.58
18:20:53  12751.73    923.99
18:20:56  13677.72    980.25
18:20:59  14719.46   1076.47
18:21:02  11555.04    845.19
18:21:05  13398.44    155.53
18:21:08  13293.99    978.87
18:21:11  11798.36    968.59
18:21:14  13565.52    986.47
18:21:17  12898.42     19.50
18:21:20  12599.20    980.05
Connection to 192.168.1.102 closed.
time: 5
  Time         enp0s25      
HH:MM:SS   Kbps in  Kbps out
18:21:26  13815.25   1004.15
18:21:29  12894.19     33.16
18:21:32  11850.90   1059.08
18:21:35  12976.21   1010.51
18:21:38  12864.95    259.28
18:21:41  11536.26    793.40
18:21:44  86958.32   2654.44
18:21:47  101155.8   2914.88
18:21:50  99974.81   2920.37
18:21:53  104142.8   2277.96
18:21:56  103810.0   2771.37
18:21:59  104061.0   1972.69
18:22:02  104261.0   2371.85
18:22:05  104202.0   2028.56
18:22:08  104443.1   2050.31
18:22:11  104801.9   2072.16
18:22:14  103511.3   2016.56
18:22:17  103954.1   1991.01
18:22:20  101937.4   1938.10
Connection to 192.168.1.102 closed.
time: 6
  Time         enp0s25      
HH:MM:SS   Kbps in  Kbps out
18:22:27  104524.2   1999.31
18:22:30  104102.7   2075.51
18:22:33  105029.7   2081.61
18:22:36  105330.2   2089.69
18:22:39  102357.8   1996.80
18:22:42  102578.6   1947.86
18:22:45  102875.2   1966.65
18:22:48  103300.2   1980.48
18:22:51  95058.01   1777.64
18:22:54  43767.39    706.41
18:22:57  13672.43     29.73
18:23:00  11717.66     12.52
18:23:03  13059.08     25.23
18:23:06  13803.92     36.21
18:23:09  11801.52     14.33
18:23:12  12776.93     24.75
18:23:15  13562.51     30.28
18:23:18  13287.28     28.96
18:23:21  11939.12     13.59
Connection to 192.168.1.102 closed.
time: 7
  Time         enp0s25      
HH:MM:SS   Kbps in  Kbps out
18:23:27  13774.22     32.54
18:23:30  12160.90     35.32
18:23:33  12978.31     40.78
18:23:36  13095.22     45.15
18:23:39  11095.69     16.83
18:23:42  34349.62    531.30
18:23:45  104632.4   2047.81
18:23:48  104684.0   2062.90
18:23:51  104695.8   2075.34
18:23:54  104699.8   2031.11
18:23:57  104586.8   1995.86
18:24:00  104271.3   2072.08
18:24:03  104938.9   2099.89
18:24:06  103894.9   2206.41
18:24:09  104991.3   2081.22
18:24:12  105145.4   2071.11
18:24:15  104356.7   1982.54
18:24:18  104396.1   2025.24
18:24:21  104766.5   1970.61
Connection to 192.168.1.102 closed.
time: 8
  Time         enp0s25      
HH:MM:SS   Kbps in  Kbps out
18:24:27  104696.8   2037.68
18:24:30  104755.6   2073.55
18:24:33  104833.5   2043.93
18:24:36  104980.2   2034.81
18:24:39  105039.7   2079.62
18:24:42  104041.1   3041.33
18:24:45  101312.7   3932.48
18:24:48  104231.3   2237.71
18:24:51  101537.9   2968.26
18:24:54  56904.49   1841.98
18:24:57  11278.27    127.95
18:25:00  13749.85    998.67
18:25:03  12101.36    655.94
18:25:06  12845.31    355.82
18:25:09  12246.45   1882.85
18:25:12  13291.82    386.44
18:25:15  11702.53   4650.87
18:25:18  12644.51   3617.24
18:25:21  12642.72    997.77
Connection to 192.168.1.102 closed.
time: 9
  Time         enp0s25      
HH:MM:SS   Kbps in  Kbps out
18:25:27  12787.18   1816.52
18:25:30  13035.10   1175.52
18:25:33  11343.05   1281.41
18:25:36  11815.29    825.25
18:25:39  12188.51    889.75
18:25:42  12682.72   1018.19
18:25:45  84398.10   2588.92
18:25:48  83801.80   2593.24
18:25:51  92050.09   2162.61
18:25:54  82317.78   1552.95
18:25:57  83912.19   2925.67
18:26:00  79391.02   1485.53
18:26:03  82815.25   1573.46
18:26:06  101652.4   2013.50
18:26:09  85258.88   2890.46
18:26:12  93502.99   1908.76
18:26:15  50929.55    830.61
18:26:18  83381.42   1568.16
18:26:21  95736.04   2052.79
Connection to 192.168.1.102 closed.
time: 10
  Time         enp0s25      
HH:MM:SS   Kbps in  Kbps out
18:26:27  92664.51   1758.61
18:26:30  89229.45   1706.36
18:26:33  85047.83   1598.98
18:26:36  58111.83   2350.00
18:26:39  60176.29   1055.01
18:26:42  48251.87    803.68
18:26:45  60385.78   1029.58
18:26:48  58893.80   2606.28
18:26:51  46636.81   1466.97
18:26:54  59327.62   1053.82
18:26:57  47926.63    775.99
18:27:00  51776.39   1020.75
18:27:03  52945.40   4037.26
18:27:06  38281.54    583.89
18:27:09  48189.68    791.35
18:27:12  37118.90   1771.34
18:27:15  53928.77   2910.34
18:27:18  47102.61    790.04
18:27:21  44135.26    698.91
Connection to 192.168.1.102 closed.
time: 11
  Time         enp0s25      
HH:MM:SS   Kbps in  Kbps out
18:33:53  11821.97    375.48
18:33:56  13223.34   4670.34
18:33:59  13893.50   1757.87
18:34:02  13323.02     32.89
18:34:05  11672.20    171.54
18:34:08  12560.64     30.70
18:34:11  12647.77   1141.23
18:34:14  11429.01   4666.96
18:34:17  12876.45    960.04
18:34:20  12814.49     23.28
18:34:23  11438.11      8.41
18:34:26  12934.71     37.14
18:34:29  11747.17   1993.90
18:34:32  12599.84   4015.11
18:34:35  11877.21     22.69
18:34:38  12695.53     19.84
18:34:41  12444.90     35.25
18:34:44  11822.39   2254.81
18:34:47  51368.41   4297.11
Connection to 192.168.1.102 closed.
time: 12
  Time         enp0s25      
HH:MM:SS   Kbps in  Kbps out
18:34:53  103356.4   2047.86
18:34:56  93561.13   1818.46
18:34:59  64270.39   4539.36
18:35:02  92448.36   4027.33
18:35:05  103784.9   2026.85
18:35:08  103831.7   2058.46
18:35:11  101886.6   1990.61
18:35:14  77170.52   4441.36
18:35:17  91960.87   4375.15
18:35:20  100685.4   1969.65
18:35:23  91086.38   1768.78
18:35:26  102245.8   2007.22
18:35:29  90401.62   1729.21
18:35:32  74186.52   4900.54
18:35:35  92535.47   3101.63
18:35:38  102544.3   2015.25
18:35:41  61516.90   1098.16
18:35:44  63252.80   1121.64
18:35:47  57042.62   2076.86
Connection to 192.168.1.102 closed.
time: 13
  Time         enp0s25      
HH:MM:SS   Kbps in  Kbps out
18:35:53  59412.53   1044.84
18:35:56  50795.13    860.49
18:35:59  66459.40   1217.82
18:36:02  73098.46   1349.56
18:36:05  57174.58   3469.08
18:36:08  53320.43   4098.30
18:36:11  46625.44    793.91
18:36:14  54313.58    947.06
18:36:17  63114.05   1120.89
18:36:20  61272.66   1112.28
18:36:23  53013.81   4139.35
18:36:26  46176.81   3058.16
18:36:29  58588.61   1046.69
18:36:32  45895.35   2037.21
18:36:35  38478.03   3556.66
18:36:38  61212.12   1098.00
18:36:41  63420.81   1127.11
18:36:44  61376.49   4797.78
18:36:47  62279.02   1625.53
Connection to 192.168.1.102 closed.
time: 14
  Time         enp0s25      
HH:MM:SS   Kbps in  Kbps out
18:36:53  61959.90   2970.13
18:36:56  64885.78   3521.29
18:36:59  70118.07   1281.65
18:37:02  64403.31   1151.39
18:37:05  60462.35   1358.75
18:37:08  46799.40   4852.73
18:37:11  58625.71   1319.35
18:37:14  53378.57    946.18
18:37:17  67416.77   1204.64
18:37:20  53649.58   4234.04
18:37:23  56542.57   2297.41
18:37:26  73138.75   1326.33
18:37:29  53022.34    897.64
18:37:32  68958.73   1256.90
18:37:35  60708.58   1061.80
18:37:38  68119.68   1206.01
18:37:41  61002.40   3221.91
18:37:44  60386.25   3752.85
18:37:47  33425.08    493.34
Connection to 192.168.1.102 closed.
time: 15
  Time         enp0s25      
HH:MM:SS   Kbps in  Kbps out
18:37:53  13233.98     44.89
18:37:56  10775.32     15.44
18:37:59  12412.70     36.40
18:38:02  11892.11   1797.14
18:38:05  12426.82   3103.06
18:38:08  12689.43     32.75
18:38:11  11188.08     17.10
18:38:14  12207.02     34.96
18:38:17  12036.79   4019.24
18:38:20  12089.57    329.09
18:38:23  11975.93     38.17
18:38:26  11968.01     24.79
18:38:29  12808.61   1831.40
18:38:32  13144.96    758.64
18:38:35  10730.65     13.27
18:38:38  12433.52     34.72
18:38:41  13111.76     40.62
18:38:44  11364.07     13.83
18:38:47  13203.64   3030.28
Connection to 192.168.1.102 closed.
time: 16
  Time         enp0s25      
HH:MM:SS   Kbps in  Kbps out
18:42:31  11470.53     55.42
18:42:34  13181.40   3015.49
18:42:37  13128.79     41.39
18:42:40  13099.31     29.49
18:42:43  11926.28     13.76
18:42:46  13382.95     28.25
18:42:49  12852.69    849.70
18:42:52  12202.93   4655.89
18:42:55  13706.49   1891.32
18:42:58  13271.28     29.72
18:43:01  11644.48      8.65
18:43:04  13271.62     20.26
18:43:07  13703.57   2196.02
18:43:10  11659.70   4660.32
18:43:13  12773.99    544.83
18:43:16  13362.08     30.79
18:43:19  12844.58     31.89
18:43:22  11301.06      4.60
18:43:25  12934.15   3096.64
Connection to 192.168.1.102 closed.
time: 17
  Time         enp0s25      
HH:MM:SS   Kbps in  Kbps out
18:43:32  11545.18     35.14
18:43:35  12621.88     20.11
18:43:38  12307.14     37.68
18:43:41  11498.84     11.03
18:43:44  12759.84   4575.78
18:43:47  13298.23   2811.39
18:43:50  12291.64     23.58
18:43:53  12561.49     29.03
18:43:56  13232.01   1463.83
18:43:59  13420.44   4681.52
18:44:02  13329.50    188.99
18:44:05  12627.99     15.35
18:44:08  13661.05    231.29
18:44:11  13775.92   3882.73
18:44:14  96170.21   2433.35
18:44:17  104089.2   1997.08
18:44:20  104730.9   2075.75
18:44:23  104598.5   2026.61
18:44:26  97814.89   3341.42
Connection to 192.168.1.102 closed.
time: 18
  Time         enp0s25      
HH:MM:SS   Kbps in  Kbps out
18:44:32  104611.7   2016.41
18:44:35  104760.5   2056.91
18:44:38  103882.0   2021.34
18:44:41  104608.6   2049.41
18:44:44  93043.27   4049.97
18:44:47  88789.38   4903.29
18:44:50  92662.48   4682.91
18:44:53  86956.43   4982.89
18:44:56  87017.45   4318.79
18:44:59  84091.12   4974.54
18:45:02  91902.14   4658.82
18:45:05  93341.01   4995.40
18:45:08  94740.04   4333.27
18:45:11  91267.96   4634.78
18:45:14  88504.68   3799.57
18:45:17  81094.44   4774.24
18:45:20  80161.18   4975.03
18:45:23  55935.77   4357.67
18:45:26  13423.89   3366.74
Connection to 192.168.1.102 closed.
time: 19
  Time         enp0s25      
HH:MM:SS   Kbps in  Kbps out
18:45:32  14694.26   4689.82
18:45:35  13032.67   4671.54
18:45:38  13185.03   3902.54
18:45:41  11936.68     11.46
18:45:44  12896.02     33.78
18:45:47  12841.19     34.09
18:45:50  10582.90   1579.49
18:45:53  12537.94   3525.45
18:45:56  13340.39   2852.76
18:45:59  10786.16   1425.78
18:46:02  12075.19    469.89
18:46:05  12564.33    910.65
18:46:08  82920.46   1936.14
18:46:11  89694.90   4394.11
18:46:14  99495.86   2938.17
18:46:17  99228.05   2763.43
18:46:20  99980.99   2141.01
18:46:23  101653.4   1983.87
18:46:26  98792.05   2404.71
Connection to 192.168.1.102 closed.
time: 20
  Time         enp0s25      
HH:MM:SS   Kbps in  Kbps out
18:46:34  100729.7   2071.34
18:46:37  83775.62   1736.38
18:46:40  11886.18     24.08
18:46:43  12681.80   3321.70
18:46:46  12918.33    363.84
18:46:49  12743.52    151.10
18:46:52  13089.44    235.45
18:46:55  12639.16   2437.85
18:46:58  13557.32   2399.22
18:47:01  13252.82    374.93
18:47:04  11179.40   1552.51
18:47:07  12375.64   1561.45
18:47:10  13499.39   1583.21
18:47:13  10838.57   3138.95
18:47:16  12438.26    989.04
18:47:19  12314.89   1719.22
18:47:22  10536.00   1183.33
18:47:25  12599.45    703.60
18:47:28  11684.01   2498.30
Connection to 192.168.1.102 closed.
time: 21
  Time         enp0s25      
HH:MM:SS   Kbps in  Kbps out
18:49:11  10654.88   1407.87
18:49:14  12363.93    614.72
18:49:17  12839.93    597.27
18:49:20  10794.45   1015.12
18:49:23  12971.84   4031.90
18:49:26  13709.07    822.06
18:49:29  13415.56    622.61
18:49:32  10652.15   1507.79
18:49:35  13180.09   1596.88
18:49:38  13179.11   1132.91
18:49:41  12230.68   3682.46
18:49:44  14017.35   1787.94
18:49:47  13103.95   1453.41
18:49:50  11218.57    622.36
18:49:53  12715.61   3661.88
18:49:56  38273.89   2219.89
18:49:59  97736.69   2555.30
18:50:02  100378.7   2550.20
18:50:05  91020.40   3690.86
Connection to 192.168.1.102 closed.
time: 22
  Time         enp0s25      
HH:MM:SS   Kbps in  Kbps out
18:50:11  99809.22   2849.12
18:50:14  91641.29   2720.76
18:50:17  86186.67   4846.78
18:50:20  100222.5   2807.31
18:50:23  99892.59   2637.56
18:50:26  89313.52   4169.02
18:50:29  95158.03   3699.29
18:50:32  99350.38   2011.46
18:50:35  86153.11   4228.52
18:50:38  77568.69   3462.27
18:50:41  98766.23   2651.82
18:50:44  88658.83   1729.96
18:50:47  93271.63   2921.87
18:50:50  86747.43   4775.86
18:50:53  99052.45   2315.04
18:50:56  102215.5   2013.48
18:50:59  65754.32   1702.59
18:51:02  12665.15   2622.31
18:51:05  12075.45    892.70
Connection to 192.168.1.102 closed.
time: 23
  Time         enp0s25      
HH:MM:SS   Kbps in  Kbps out
18:51:11  11685.35    900.79
18:51:14  12281.28   2368.05
18:51:17  10557.57   1110.19
18:51:20  12641.36     80.31
18:51:23  11551.07    895.05
18:51:26  11298.74    868.62
18:51:29  11732.54   2633.65
18:51:32  11832.20    581.67
18:51:35  12955.38     42.09
18:51:38  12193.59    911.26
18:51:41  12267.00   2435.68
18:51:44  12782.24   1051.71
18:51:47  12211.69     36.81
18:51:50  12547.67   2112.54
18:51:53  11066.14    778.26
18:51:56  11705.45    884.68
18:51:59  12889.16    367.37
18:52:02  12163.35   2652.68
18:52:05  11008.31   1175.84
Connection to 192.168.1.102 closed.
time: 24
  Time         enp0s25      
HH:MM:SS   Kbps in  Kbps out
18:52:12  12715.52    493.95
18:52:15  13299.03   1190.19
18:52:18  10292.31   2261.66
18:52:21  12619.01    899.07
18:52:24  12459.71    243.67
18:52:27  10497.15    684.33
18:52:30  11911.58   2888.01
18:52:33  12402.04    894.03
18:52:36  10974.78    345.14
18:52:39  72002.33   1878.01
18:52:42  81607.29   1920.27
18:52:45  85678.00   2565.88
18:52:48  78136.89   3759.27
18:52:51  87886.25   2147.54
18:52:54  88712.87   2861.21
18:52:57  86735.67   2391.68
18:53:00  82085.35   2135.16
18:53:03  63409.75   2186.51
18:53:06  64755.38   3224.36
Connection to 192.168.1.102 closed.
time: 25
  Time         enp0s25      
HH:MM:SS   Kbps in  Kbps out
18:53:11  77688.20   1674.15
18:53:14  65385.77   1857.61
18:53:17  81959.48   2703.04
18:53:20  93299.75   3812.39
18:53:23  58821.38   1244.50
18:53:26  72674.22   1935.71
18:53:29  72655.16   1886.72
18:53:32  71858.84   3800.04
18:53:35  49417.29    860.43
18:53:38  34967.47   1233.29
18:53:41  44903.04   1492.70
18:53:44  58886.70   1498.81
18:53:47  47293.90   2704.48
18:53:50  46775.86   1438.46
18:53:53  45625.05   1081.70
18:53:56  42778.13   1231.60
18:53:59  40330.68   1413.97
18:54:02  33840.65   2099.52
18:54:05  58341.84   1732.38
Connection to 192.168.1.102 closed.
time: 26
  Time         enp0s25      
HH:MM:SS   Kbps in  Kbps out
19:10:05  10996.64   4100.11
19:10:08  12885.29   1069.14
19:10:11  12443.17   1209.69
19:10:14  11347.16    771.35
19:10:17  13492.04   4479.52
19:10:20  12794.33   1305.24
19:10:23  13161.42    963.14
19:10:26  12161.17   1277.71
19:10:29  12977.17   3014.89
19:10:32  12374.42   4567.27
19:10:35  11132.68   1495.17
19:10:38  12657.10   1497.26
19:10:41  12907.81   4022.96
19:10:44  12592.16   2560.56
19:10:47  11994.93   1210.92
19:10:50  23460.95   2696.23
19:10:53  76293.96   4967.48
19:10:56  88611.98   3787.37
19:10:59  98471.98   2461.58
Connection to 192.168.1.102 closed.
time: 27
  Time         enp0s25      
HH:MM:SS   Kbps in  Kbps out
19:11:05  77335.28   4970.10
19:11:08  77822.16   3407.36
19:11:11  93005.63   3265.85
19:11:14  91467.48   2758.40
19:11:17  78147.37   4220.73
19:11:20  82856.15   4774.85
19:11:23  96053.41   2914.69
19:11:26  97139.72   2923.88
19:11:29  98312.93   2769.93
19:11:32  98502.50   2041.04
19:11:35  69786.06   4947.50
19:11:38  70483.34   3651.94
19:11:41  82994.58   2478.39
19:11:44  64762.26   1410.29
19:11:47  75061.02   2504.69
19:11:50  78100.91   3779.18
19:11:54  70702.73   4967.49
19:11:57  71645.04   2141.24
19:12:00  12371.78   1043.99
Connection to 192.168.1.102 closed.
time: 28
  Time         enp0s25      
HH:MM:SS   Kbps in  Kbps out
19:12:06  12466.28   1527.73
19:12:09  11890.53   1989.71
19:12:12  11901.29   4242.41
19:12:15  12113.26    455.09
19:12:18  12358.50   1481.74
19:12:21  12514.46   1415.02
19:12:24  12462.95   2323.88
19:12:27  12780.56   4693.48
19:12:30  12040.07   1047.91
19:12:33  12164.81   1445.72
19:12:36  11891.10    270.73
19:12:39  13991.23   4691.70
19:12:42  10355.04   2524.52
19:12:45  12273.09   1341.40
19:12:48  11949.74    462.20
19:12:51  11299.06    793.79
19:12:54  12546.34   4339.06
19:12:57  12607.12   3803.71
19:13:00  10400.77    837.50
Connection to 192.168.1.102 closed.
time: 29
  Time         enp0s25      
HH:MM:SS   Kbps in  Kbps out
19:13:05  13283.34   1544.67
19:13:08  10822.11   1412.68
19:13:11  12051.27   4393.85
19:13:14  12825.17   2561.64
19:13:17  12504.13   1498.21
19:13:20  10641.20    121.35
19:13:23  12286.87   4486.53
19:13:26  12153.92   2997.10
19:13:29  11097.20   1387.69
19:13:32  12129.92    150.98
19:13:35  11898.60   2809.38
19:13:38  11474.48   4004.61
19:13:41  12704.31   1246.48
19:13:44  13136.86   1047.24
19:13:47  11526.04    104.65
19:13:50  11891.05   4518.18
19:13:53  12829.42   3022.39
19:13:56  12584.56   1220.66
19:13:59  12579.06   2798.20
Connection to 192.168.1.102 closed.
time: 30
  Time         enp0s25      
HH:MM:SS   Kbps in  Kbps out
19:14:05  12460.96   1438.74
19:14:08  12409.95   1451.44
19:14:11  13966.72   4683.77
19:14:14  12287.87   2721.17
19:14:17  11214.97   1314.60
19:14:20  12400.21   1229.82
19:14:23  12543.86   1649.88
19:14:26  11168.21   4663.68
19:14:29  12757.47   2738.11
19:14:32  12401.29   1235.56
19:14:35  11167.94    122.36
19:14:38  11826.95   1350.50
19:14:41  12027.12   3092.87
19:14:44  12336.97   3333.63
19:14:47  10219.64    119.17
19:14:50  11879.70    682.31
19:14:53  12248.24   1331.29
19:14:56  10823.39    574.42
19:14:59  12539.66   3929.96
Connection to 192.168.1.102 closed.
