time: 0
  Time         enp0s25      
HH:MM:SS   Kbps in  Kbps out
12:18:34   8335.04     14.75
12:18:37   7608.49     28.61
12:18:40   8237.47     10.95
12:18:43   8149.77     13.56
12:18:46   8105.17     20.88
12:18:49   8017.76     13.92
12:18:52   9601.41     28.20
12:18:55   8849.23     25.60
12:18:58   9540.76     30.07
12:19:01  13151.19     54.36
12:19:04   9281.61     13.75
12:19:07   9484.68    193.77
12:19:10   9794.80     43.43
12:19:13   8510.85     10.51
12:19:16   9356.45     17.32
12:19:19   8956.71     14.35
12:19:22  10050.76     33.09
12:19:25   8869.89     16.20
12:19:28  11379.28     53.59
Connection to 192.168.1.102 closed.
time: 1
  Time         enp0s25      
HH:MM:SS   Kbps in  Kbps out
12:19:33   9739.20     38.24
12:19:36  10200.24     56.55
12:19:39   7621.98     14.38
12:19:42   9798.89     28.87
12:19:45   8674.12     29.44
12:19:48   8649.75     28.21
12:19:51   9395.69     29.34
12:19:55  11382.71     59.17
12:19:58   8883.81     29.52
12:20:01   8250.56      8.71
12:20:04   9747.52     28.31
12:20:07   9527.16     33.82
12:20:10   8333.48     12.95
12:20:13   8484.23     16.36
12:20:16   9540.55     32.18
12:20:19   9145.26     16.31
12:20:22   9898.37     31.22
12:20:25   9139.12     40.40
12:20:28   8517.49      7.09
Connection to 192.168.1.102 closed.
time: 2
  Time         enp0s25      
HH:MM:SS   Kbps in  Kbps out
12:20:34  10641.16     46.30
12:20:37  10251.15     48.73
12:20:40   8039.78     25.87
12:20:43   9940.46     24.95
12:20:46   9172.87     23.90
12:20:49   9601.18     26.39
12:20:52  12224.13     43.68
12:20:55  10122.26     32.34
12:20:58   8980.92      8.30
12:21:01   9718.00     30.44
12:21:04   9801.79     27.57
12:21:07   8804.00     14.94
12:21:10   9712.59     29.03
12:21:13   9971.96     30.66
12:21:16   9550.78     25.91
12:21:19  11224.64     45.85
12:21:22  10530.14     27.46
12:21:25  10100.10    205.55
12:21:28   8383.76     10.99
Connection to 192.168.1.102 closed.
time: 3
  Time         enp0s25      
HH:MM:SS   Kbps in  Kbps out
12:21:33   8685.15    190.94
12:21:36   9780.96     28.44
12:21:39  10397.40    226.78
12:21:42  12116.53    112.88
12:21:45   9066.09     10.94
12:21:48  10362.43     40.57
12:21:51   9971.93     34.66
12:21:54   8251.83      8.57
12:21:57   9857.48     34.44
12:22:00   9121.56     22.59
12:22:03   9394.47     16.56
12:22:06   9026.40     26.55
12:22:09  10319.39     39.07
12:22:12  10260.47    544.57
12:22:15   8088.23    580.31
12:22:18   9681.79    338.66
12:22:21  10079.78    238.89
12:22:24   8366.31    262.52
12:22:27  10261.45   1133.19
Connection to 192.168.1.102 closed.
time: 4
  Time         enp0s25      
HH:MM:SS   Kbps in  Kbps out
12:22:34   9085.83    186.08
12:22:37   9531.72    204.92
12:22:40  11692.79     57.53
12:22:43   9719.83    216.62
12:22:46   8310.98    191.74
12:22:49  10142.71    204.53
12:22:52   9933.50     28.97
12:22:55   7931.58    192.87
12:22:58   9750.24    186.63
12:23:01   9750.93    204.25
12:23:04   9430.70    192.18
12:23:07  10278.99     29.75
12:23:10   9697.19    198.74
12:23:13  10033.36    200.43
12:23:16   9807.75    190.41
12:23:19  11372.75   1201.32
12:23:22   9159.62   3127.60
12:23:25   9026.78   1313.81
12:23:28   9804.37   2822.14
Connection to 192.168.1.102 closed.
time: 5
  Time         enp0s25      
HH:MM:SS   Kbps in  Kbps out
12:23:34   9403.13    223.39
12:23:37   9912.56   1134.70
12:23:40  10141.23    468.18
12:23:43   8198.08    927.80
12:23:46  10040.88     43.57
12:23:49   9852.92    239.10
12:23:52  19167.92    447.74
12:23:55  79050.17   2689.53
12:23:58  92143.10   1854.50
12:24:01  85208.31   1847.48
12:24:04  92232.90   1896.74
12:24:07  81115.65   2929.67
12:24:10  87445.03   2937.42
12:24:13  83531.78   2051.43
12:24:16  91537.31   2021.49
12:24:19  86167.44   2243.68
12:24:22  86714.61   2594.34
12:24:25  95248.72   2089.63
12:24:28  89050.89   1748.53
Connection to 192.168.1.102 closed.
time: 6
  Time         enp0s25      
HH:MM:SS   Kbps in  Kbps out
12:24:35  76847.99   1675.69
12:24:38  83212.68   1772.63
12:24:41  73162.94   2441.91
12:24:44  69190.71   1585.47
12:24:47  70839.70   1514.37
12:24:50  80883.02   1756.30
12:24:53  77442.11   1691.46
12:24:56  77349.11   2496.20
12:24:59  82389.82   1804.30
12:25:02  85764.30   1903.03
12:25:05  76514.00   1692.13
12:25:08  92971.73   2819.42
12:25:11  82010.80   1742.12
12:25:14  95507.32   2094.61
12:25:17  86823.81   2014.64
12:25:20  67261.15   1890.35
12:25:23  74860.76   1460.06
12:25:26  64013.31   1570.70
12:25:29  52674.82   1182.60
Connection to 192.168.1.102 closed.
time: 7
  Time         enp0s25      
HH:MM:SS   Kbps in  Kbps out
12:25:34  40031.55   1077.75
12:25:37  37618.97    985.91
12:25:40  38210.17    989.79
12:25:43  33194.41    749.22
12:25:46  32966.24   1064.26
12:25:49  30831.33    801.44
12:25:52  39328.88   1028.76
12:25:55  49015.58   1207.09
12:25:58  44536.67   1186.84
12:26:01  32198.65    786.17
12:26:04  44323.36   1072.45
12:26:07  43343.35    990.03
12:26:10  43958.15    795.67
12:26:13  34360.64   1546.24
12:26:16  31499.87    864.96
12:26:19  44450.91   1126.51
12:26:22  32904.27    860.58
12:26:25  37133.78    639.05
12:26:28  49687.08   1254.85
Connection to 192.168.1.102 closed.
time: 8
  Time         enp0s25      
HH:MM:SS   Kbps in  Kbps out
12:26:34  32769.55    888.00
12:26:37  31662.89    522.00
12:26:40  43945.06   1117.12
12:26:43  44494.36   1135.33
12:26:46  31809.43    688.40
12:26:49  32965.99    544.17
12:26:52  42681.09   1109.86
12:26:55  33367.34    902.25
12:26:58  44614.31   1126.94
12:27:01  45401.32    810.85
12:27:04  38747.99    989.52
12:27:07  44786.00   1300.01
12:27:10  47341.25   1034.21
12:27:13  44273.78    773.70
12:27:16  21086.33    567.72
12:27:19  42414.17    829.17
12:27:22  43207.84    918.47
12:27:25  44280.15    960.98
12:27:28  32850.66    536.26
Connection to 192.168.1.102 closed.
time: 9
  Time         enp0s25      
HH:MM:SS   Kbps in  Kbps out
12:27:34  28541.11    569.55
12:27:37  35310.73    686.96
12:27:40  32081.20    689.54
12:27:43  32615.94    542.06
12:27:46  32177.16    660.22
12:27:49  32858.44    712.00
12:27:52  42698.82    929.94
12:27:55  32554.78    568.83
12:27:58  32801.52    705.94
12:28:01  32302.74    718.95
12:28:04  44558.40    943.37
12:28:07  41297.46    938.53
12:28:10  23362.91   1050.83
12:28:13  42151.71   1405.64
12:28:16  55097.77   1273.64
12:28:19  44996.35   1259.24
12:28:22  27344.51    625.44
12:28:25   9263.38    158.50
12:28:28   9206.30    273.42
Connection to 192.168.1.102 closed.
time: 10
  Time         enp0s25      
HH:MM:SS   Kbps in  Kbps out
12:28:34  10137.29    396.27
12:28:37  10058.62    374.91
12:28:40   7956.32    360.74
12:28:43   9413.56    389.75
12:28:46  10658.17    585.81
12:28:49  10121.39    109.93
12:28:52   8335.09    521.22
12:28:55   9714.12    412.67
12:28:58  10108.32    417.76
12:29:01  10109.51     31.85
12:29:04  10680.53    392.49
12:29:07   9982.00    532.49
12:29:10   9083.12    361.59
12:29:13   9734.04     27.20
12:29:16  10093.54    366.15
12:29:19   9559.01    366.80
12:29:22   8894.90    359.16
12:29:25  10397.99     33.35
12:29:28  11438.12    374.88
Connection to 192.168.1.102 closed.
time: 11
  Time         enp0s25      
HH:MM:SS   Kbps in  Kbps out
12:35:01   9476.66     49.44
12:35:04   9373.85    274.33
12:35:07  12208.67    654.51
12:35:10  64236.32   4918.40
12:35:13  54606.66   1667.92
12:35:16  93059.67   2097.88
12:35:19  66563.72   1610.61
12:35:22  101129.3   2231.19
12:35:25  95412.70   2559.40
12:35:28  75768.60   4967.21
12:35:31  100470.1   2588.35
12:35:34  102578.5   2103.18
12:35:37  82024.13   1906.77
12:35:40  101658.2   2335.24
12:35:43  101613.6   2354.69
12:35:46  96883.30   2122.21
12:35:49  60498.11   4322.10
12:35:52  96968.72   2185.12
12:35:55  101985.7   2302.63
Connection to 192.168.1.102 closed.
time: 12
  Time         enp0s25      
HH:MM:SS   Kbps in  Kbps out
12:36:02  92254.45   2010.99
12:36:05  100952.0   2024.50
12:36:08  88272.94   4433.39
12:36:11  99169.41   2862.79
12:36:14  102218.9   2388.68
12:36:17  102114.3   2019.74
12:36:20  99374.30   2198.98
12:36:23  93284.58   3439.60
12:36:26  34847.80   3924.50
12:36:29   8316.79     13.69
12:36:32   9437.36    467.11
12:36:35   9596.85   1783.12
12:36:38   7855.53   2110.21
12:36:41   9548.76     36.22
12:36:44   9045.33    184.34
12:36:47   7982.80    281.24
12:36:50   9771.18   3510.77
12:36:53   9684.48     39.20
12:36:56   9101.93    302.53
Connection to 192.168.1.102 closed.
time: 13
  Time         enp0s25      
HH:MM:SS   Kbps in  Kbps out
12:37:01   9155.38   1831.84
12:37:04   7742.18   1689.21
12:37:07  10103.67    338.18
12:37:10   9115.01    334.59
12:37:13   8018.50    426.24
12:37:16   9145.53   3614.64
12:37:19   9044.36    332.62
12:37:22   9833.28    336.40
12:37:25   7770.40    306.33
12:37:28   9304.81     39.37
12:37:31   8303.96   1309.09
12:37:34   9096.61   2374.45
12:37:37   8500.80    304.77
12:37:40   8812.35     36.23
12:37:43   8748.49    311.98
12:37:46   9821.21   2840.70
12:37:49   9116.67    308.65
12:37:52   8469.17     27.88
12:37:55   8747.26    220.14
Connection to 192.168.1.102 closed.
time: 14
  Time         enp0s25      
HH:MM:SS   Kbps in  Kbps out
12:38:01   7497.69   2170.68
12:38:04   9683.68    123.02
12:38:07   8774.89   1444.47
12:38:10   8628.46    310.89
12:38:13   8262.22    301.39
12:38:16   9049.12   2721.73
12:38:19   8995.39    529.72
12:38:22   8573.84    290.67
12:38:25   9298.39    265.11
12:38:28   8780.08    959.11
12:38:31   7373.55   2750.99
12:38:34   9502.44   1086.22
12:38:37   9104.84    147.74
12:38:40   7448.50     11.26
12:38:43   8883.57   2963.31
12:38:46   8944.09     87.78
12:38:49   7598.99    127.17
12:38:52   9152.05     27.81
12:38:55   9078.64   2164.35
Connection to 192.168.1.102 closed.
time: 15
  Time         enp0s25      
HH:MM:SS   Kbps in  Kbps out
12:39:01   8918.00    102.10
12:39:04   9333.29     30.52
12:39:07   8399.30    798.00
12:39:10   8878.01   2439.55
12:39:13   8660.88    132.78
12:39:16   9573.04     35.49
12:39:19   8779.19   1572.12
12:39:22   9397.99   1756.12
12:39:25   9392.76    252.45
12:39:28   8440.03    225.94
12:39:31  10124.58   2862.46
12:39:34   8800.78    252.37
12:39:37   7749.01    237.96
12:39:40   9856.11    258.48
12:39:43   9391.14   1631.06
12:39:46   7632.84   1454.73
12:39:49   9677.85    266.95
12:39:52   9555.47    319.21
12:39:55   9475.66    565.05
Connection to 192.168.1.102 closed.
time: 16
  Time         enp0s25      
HH:MM:SS   Kbps in  Kbps out
12:40:01   9617.58    367.18
12:40:04   9706.39    358.49
12:40:07   8003.21     33.77
12:40:10   9119.01    392.01
12:40:13   9847.61   2184.83
12:40:16   7991.89   2302.17
12:40:19   9850.84     34.21
12:40:22   9411.27    257.71
12:40:25   8782.52    253.74
12:40:28   7833.19    149.65
12:40:31   9244.68    263.22
12:40:34   9291.82    742.90
12:40:37   7604.97   2343.58
12:40:40   9222.02    257.03
12:40:43   8864.66    263.77
12:40:46   7472.41     32.26
12:40:49  27937.25    698.03
12:40:52  89998.37   1965.32
12:40:55  99266.63   2100.85
Connection to 192.168.1.102 closed.
time: 17
  Time         enp0s25      
HH:MM:SS   Kbps in  Kbps out
12:41:02  86492.00   1881.58
12:41:05  102342.4   2092.62
12:41:08  88738.58   1850.05
12:41:11  93339.79   2154.99
12:41:14  92741.88   1929.17
12:41:17  82692.30   3516.14
12:41:20  82510.36   2730.31
12:41:23  82480.73   2017.86
12:41:26  80456.04   1992.54
12:41:29  78673.98   4342.31
12:41:32  78065.58   1955.30
12:41:35  79102.76   1636.95
12:41:38  91587.88   1969.84
12:41:41  85419.42   3669.54
12:41:44  92650.94   2765.58
12:41:47  100180.1   2052.84
12:41:50  94919.73   2048.15
12:41:53  95218.06   2697.23
12:41:56  91032.18   4306.23
Connection to 192.168.1.102 closed.
time: 18
  Time         enp0s25      
HH:MM:SS   Kbps in  Kbps out
12:42:01  96394.26   2140.63
12:42:04  101918.5   2241.31
12:42:07  86277.26   4406.58
12:42:10  100206.4   2497.92
12:42:13  99331.41   1964.20
12:42:16  39124.15    954.01
12:42:19   9669.82   1533.19
12:42:22   9808.34   2111.16
12:42:25   8556.36     15.42
12:42:28   9557.23    239.04
12:42:31   9394.13    366.80
12:42:34   7900.04    202.57
12:42:37   9095.18   2058.18
12:42:40   8811.67    579.46
12:42:43   9655.17    372.42
12:42:46   9041.49    371.07
12:42:49   9423.55    782.89
12:42:52   8994.92   1869.14
12:42:55   8845.77    294.96
Connection to 192.168.1.102 closed.
time: 19
  Time         enp0s25      
HH:MM:SS   Kbps in  Kbps out
12:43:01   9862.08     33.84
12:43:04   9094.96   2304.95
12:43:07   9702.31   1531.75
12:43:10   8035.17    195.21
12:43:13   9517.80     31.14
12:43:16   9514.24    312.07
12:43:19   8156.88    299.36
12:43:22   9347.77   2799.91
12:43:25   9913.33     34.30
12:43:28   9634.43    317.35
12:43:31   8229.22    362.16
12:43:34  10235.30    870.80
12:43:37   9540.08    778.75
12:43:40   8565.34   2649.04
12:43:43   9823.75    155.08
12:43:46   9848.48    103.29
12:43:49   8493.59    128.78
12:43:52   9764.03     25.30
12:43:55   9351.08   1804.57
Connection to 192.168.1.102 closed.
time: 20
  Time         enp0s25      
HH:MM:SS   Kbps in  Kbps out
12:44:01   9727.76    153.73
12:44:04   9875.04     37.36
12:44:07   9499.77    319.82
12:44:10   7921.93    148.62
12:44:13  10189.96   2240.58
12:44:16   9376.21    312.24
12:44:19   7756.50    128.99
12:44:22   9801.84    138.64
12:44:25   9751.56    148.49
12:44:28   8078.21     15.29
12:44:31   9614.06    318.02
12:44:34   8796.67   1940.08
12:44:37   9485.98   1713.74
12:44:40   9120.01    462.11
12:44:43   9406.15    149.77
12:44:46   9084.36    434.28
12:44:49   8941.86    429.54
12:44:52   9949.88   1660.52
12:44:55   9339.25   1580.59
Connection to 192.168.1.102 closed.
time: 21
  Time         enp0s25      
HH:MM:SS   Kbps in  Kbps out
12:45:01   9402.53    574.93
12:45:04   9607.88    487.20
12:45:07   9804.17     69.94
12:45:10  10062.11   3169.82
12:45:13  90590.19   2273.23
12:45:16  102038.1   2235.06
12:45:19  103032.1   2491.47
12:45:22  99961.52   3109.17
12:45:25  101851.3   3336.87
12:45:28  99755.37   2329.72
12:45:31  101336.3   3320.71
12:45:34  96951.33   3205.87
12:45:37  99626.01   2627.98
12:45:40  100724.8   2589.86
12:45:43  102847.3   2048.03
12:45:46  100407.1   2394.18
12:45:49  100806.3   2536.97
12:45:52  100633.2   2592.78
12:45:55  98877.97   3803.03
Connection to 192.168.1.102 closed.
time: 22
  Time         enp0s25      
HH:MM:SS   Kbps in  Kbps out
12:46:02  100997.6   2408.13
12:46:05  99764.69   2294.93
12:46:08  101735.1   2172.89
12:46:11  100194.2   2293.53
12:46:14  97296.23   2912.90
12:46:17  83163.23   3715.87
12:46:20  90458.74   1907.92
12:46:23  28445.74   1146.69
12:46:26   8055.64    799.64
12:46:29  10256.91    959.38
12:46:32  10016.58    430.55
12:46:35   8430.61    756.78
12:46:38  10165.88   2972.53
12:46:41   9807.11    655.26
12:46:44   8942.05    470.95
12:46:47   9268.18    400.18
12:46:50   9428.71    827.74
12:46:53   9798.22    827.18
12:46:56   8304.23    215.70
Connection to 192.168.1.102 closed.
time: 23
  Time         enp0s25      
HH:MM:SS   Kbps in  Kbps out
12:47:02   9050.70    761.50
12:47:05   8803.26    637.11
12:47:08   9731.71    380.32
12:47:11   9888.30    344.22
12:47:14   9657.16    659.83
12:47:17   9847.76   2655.91
12:47:20   9581.95    465.47
12:47:23   9770.91    249.38
12:47:26   9552.42    667.63
12:47:29  10133.23    649.42
12:47:32   9815.80    326.91
12:47:35   9430.59   2329.38
12:47:38   9324.75    666.64
12:47:41  10064.56    655.36
12:47:44   8848.13    351.08
12:47:47  10057.19    420.47
12:47:50   9391.90    662.32
12:47:53   8519.06    637.29
12:47:56  10014.72   1830.87
Connection to 192.168.1.102 closed.
time: 24
  Time         enp0s25      
HH:MM:SS   Kbps in  Kbps out
12:48:01   7600.85    638.60
12:48:04   9676.64    659.86
12:48:07  10071.11    661.98
12:48:10   8288.77     16.50
12:48:13   9360.23    672.38
12:48:16   9879.00   2092.85
12:48:19   9995.87    626.12
12:48:22   8592.92     10.35
12:48:25   9748.74    671.00
12:48:28   9752.25    660.49
12:48:31   8468.51    650.05
12:48:34   9790.52   1674.57
12:48:37   9484.61    309.90
12:48:40   8717.56    998.62
12:48:43  10039.34    845.64
12:48:46  10259.66     29.45
12:48:49   7972.59    816.76
12:48:52  10023.85   2477.28
12:48:55   9860.64    835.43
Connection to 192.168.1.102 closed.
time: 25
  Time         enp0s25      
HH:MM:SS   Kbps in  Kbps out
12:49:01   9806.38    846.72
12:49:04   9821.13    836.80
12:49:07   9384.64    800.85
12:49:10   8992.91   1433.77
12:49:13  10020.46    834.82
12:49:16  10049.30    831.96
12:49:19  10265.40    847.94
12:49:22   9820.16    495.97
12:49:25   8932.47   1434.39
12:49:28  10460.28    833.90
12:49:31  10242.79    845.54
12:49:34   9862.94     32.60
12:49:37   9487.20   1901.88
12:49:40  10552.97    839.17
12:49:43  10147.57    839.57
12:49:46   8355.91     12.37
12:49:49   9004.99    843.98
12:49:52   9925.45   1909.99
12:49:55   9631.89    845.12
Connection to 192.168.1.102 closed.
time: 26
  Time         enp0s25      
HH:MM:SS   Kbps in  Kbps out
12:50:43   8575.70    667.74
12:50:46   9629.34   1266.22
12:50:49   9685.84    868.08
12:50:52   9547.84    850.91
12:50:55   7872.65    607.26
12:50:58   9766.87    250.50
12:51:01   8531.66   1505.08
12:51:04   8500.53   1250.00
12:51:07   9614.96    661.68
12:51:10   9718.40    430.37
12:51:13   9375.50    275.96
12:51:16   9314.96   1630.14
12:51:19   8966.33    650.67
12:51:22   9891.83    382.23
12:51:25   9651.72    579.20
12:51:28  10238.38    878.93
12:51:31   9396.93    374.09
12:51:34   7819.27    463.58
12:51:37   9817.14    430.41
Connection to 192.168.1.102 closed.
time: 27
  Time         enp0s25      
HH:MM:SS   Kbps in  Kbps out
12:51:43   8201.47    634.51
12:51:46  10054.36    797.91
12:51:49  10334.87    222.81
12:51:52   8619.99   1052.98
12:51:55  11000.38    753.74
12:51:58  10037.71    597.11
12:52:01   8934.29     17.94
12:52:04   9536.98   1045.35
12:52:07  10506.03    646.32
12:52:10  11419.34    564.84
12:52:13   8706.58    147.60
12:52:16   9983.03    681.81
12:52:19  10294.30   1081.27
12:52:22  64945.16   1987.99
12:52:25  102591.2   2058.60
12:52:28  102937.4   2317.32
12:52:31  102470.8   2319.50
12:52:34  100310.8   2176.71
12:52:37  103103.0   2648.01
Connection to 192.168.1.102 closed.
time: 28
  Time         enp0s25      
HH:MM:SS   Kbps in  Kbps out
12:52:43  101633.9   2291.90
12:52:46  102556.2   2508.98
12:52:49  101911.6   2343.38
12:52:52  102543.0   2070.95
12:52:55  99539.99   3385.95
12:52:58  100625.1   2331.52
12:53:01  100611.0   2407.38
12:53:04  101407.5   2051.24
12:53:07  98332.94   2760.97
12:53:10  101476.8   2619.39
12:53:13  98759.44   2268.34
12:53:16  101075.2   2095.05
12:53:19  98105.47   2533.25
12:53:22  93040.30   3464.20
12:53:25  100752.0   2453.98
12:53:28  101147.9   2037.56
12:53:31  96747.66   2180.04
12:53:34  99647.49   3068.34
12:53:37  98235.21   2804.20
Connection to 192.168.1.102 closed.
time: 29
  Time         enp0s25      
HH:MM:SS   Kbps in  Kbps out
12:53:43  97736.68   2383.24
12:53:46  99292.93   2618.66
12:53:49  98565.49   2926.05
12:53:52  101390.9   2012.44
12:53:55  96827.00   2771.67
12:53:58  98783.42   2606.09
12:54:01  80138.10   2692.20
12:54:04  97741.38   1944.77
12:54:07  96842.57   2521.55
12:54:10  49671.93   1577.09
12:54:13   9687.43    712.22
12:54:16   9801.91    140.41
12:54:19   8013.57   1102.42
12:54:22   9328.03   1444.85
12:54:25   9459.35    622.56
12:54:28   9832.26     33.97
12:54:31   8794.42    710.92
12:54:34   9743.98    717.25
12:54:37   9836.56    722.17
Connection to 192.168.1.102 closed.
time: 30
  Time         enp0s25      
HH:MM:SS   Kbps in  Kbps out
12:54:48   9293.44    380.68
12:54:51   9502.76    560.22
12:54:54   9758.86    564.52
12:54:57  10123.95    995.31
12:55:00   9740.76    187.22
12:55:03   8302.19    528.06
12:55:06  10067.14    635.82
12:55:09   9690.65    743.71
12:55:12   7901.76    870.43
12:55:15   9251.80   1063.38
12:55:18   9885.63   1341.18
12:55:21   8201.89   1149.72
12:55:24   9613.73    730.60
12:55:27   9313.82    888.77
12:55:30   8411.22    825.01
12:55:33   9699.18    329.78
12:55:36   9583.69    175.81
12:55:39   8236.85    824.21
12:55:42   9515.64   1418.54
Connection to 192.168.1.102 closed.
