time: 0
  Time         enp0s25      
HH:MM:SS   Kbps in  Kbps out
14:39:30   9287.34     36.27
14:39:33   9375.18     18.60
14:39:36   8887.21     17.53
14:39:39   9539.67     14.04
14:39:42  10477.31     16.74
14:39:45  10327.03     13.91
14:39:48  10983.73     15.37
14:39:51  11416.23     46.08
14:39:54  10509.95     16.84
14:39:57  10491.06     20.59
14:40:01  11808.90     56.40
14:40:04   8624.51      7.87
14:40:07  11052.75     24.47
14:40:10  10321.74     38.74
14:40:13   9416.31     12.25
14:40:16  10110.93     32.24
14:40:19  10509.21     22.80
14:40:22  10189.61     12.83
14:40:25  10819.42     24.92
Connection to 192.168.1.102 closed.
time: 1
  Time         enp0s25      
HH:MM:SS   Kbps in  Kbps out
14:40:30  10456.13     26.58
14:40:33  12117.91     64.18
14:40:36  10355.60     49.16
14:40:39   9008.41     16.70
14:40:42  10336.55     33.08
14:40:45  11466.57     34.43
14:40:48   9356.67      9.54
14:40:51   9776.27     27.69
14:40:54  11131.18     29.43
14:40:57  13064.89     63.34
14:41:00   9304.20     11.61
14:41:03  10760.32     35.03
14:41:06  10136.45     37.06
14:41:09   9686.18     11.98
14:41:12  10329.39     34.67
14:41:15   9001.20     17.68
14:41:18  10022.83     17.21
14:41:21  10405.02     27.06
14:41:24  12411.81     59.82
Connection to 192.168.1.102 closed.
time: 2
  Time         enp0s25      
HH:MM:SS   Kbps in  Kbps out
14:41:29   9859.62     35.03
14:41:32  10745.65     66.19
14:41:35   8818.48    161.35
14:41:38  10388.24     25.50
14:41:41   8782.06    188.41
14:41:44   9831.93    114.49
14:41:47  10431.75     24.84
14:41:50  12655.25     62.98
14:41:53   8849.42     12.26
14:41:56  10649.56     28.35
14:41:59  11217.36     30.61
14:42:02  10613.42     35.73
14:42:05   8773.53     16.43
14:42:08   9726.52    679.03
14:42:11  10405.72    556.75
14:42:14  10654.01     30.68
14:42:17  10825.13    212.02
14:42:20  10708.43    187.87
14:42:23   9342.08    112.92
Connection to 192.168.1.102 closed.
time: 3
  Time         enp0s25      
HH:MM:SS   Kbps in  Kbps out
14:42:29  10188.92    200.45
14:42:32   9764.49     86.88
14:42:35   9783.92    207.10
14:42:38  10666.62     44.82
14:42:41  11347.21   1181.10
14:42:44  10139.40    447.69
14:42:47  10155.34    197.52
14:42:50  10213.12    200.19
14:42:53   8527.15      8.86
14:42:56  10171.59    187.88
14:42:59   9423.81    185.48
14:43:02  10324.59    180.67
14:43:05   9943.91     29.60
14:43:08  11902.52    218.83
14:43:11   8908.67    171.56
14:43:14  10227.54    199.01
14:43:17  10762.47     41.28
14:43:20   9061.62   2755.72
14:43:23  10625.34   1148.97
Connection to 192.168.1.102 closed.
time: 4
  Time         enp0s25      
HH:MM:SS   Kbps in  Kbps out
14:43:29  10228.02   3870.94
14:43:32   9871.02    958.22
14:43:35  12495.22   1341.37
14:43:38  10594.22   1329.52
14:43:41   9020.02     13.08
14:43:44  10041.99   1249.33
14:43:47  10965.03   1154.24
14:43:50   9223.82   1141.86
14:43:53  10511.30    402.58
14:43:56  10278.90    783.63
14:43:59   9387.59   1198.69
14:44:02  10738.16   1144.98
14:44:05   9820.38    467.52
14:44:08  10355.73    852.63
14:44:11  10743.51   1160.19
14:44:14  11053.69    196.92
14:44:17   9668.16     14.73
14:44:20  10387.63    127.15
14:44:23  11464.62   2088.68
Connection to 192.168.1.102 closed.
time: 5
  Time         enp0s25      
HH:MM:SS   Kbps in  Kbps out
14:44:29   9378.11    514.55
14:44:32  11555.14    276.90
14:44:35  10887.66   1438.90
14:44:38   9776.61    353.38
14:44:41  11316.11    376.17
14:44:44  66933.87   1281.37
14:44:47  98323.70   2328.89
14:44:50  77503.93   2550.30
14:44:53  77930.38   1784.80
14:44:56  90968.72   1740.07
14:44:59  64459.51   1479.91
14:45:02  79822.40   2842.82
14:45:05  82675.47   1906.53
14:45:08  62432.11   1190.13
14:45:11  74192.52   1750.71
14:45:14  75282.83   2673.41
14:45:17  87222.36   2031.29
14:45:20  88058.40   1718.55
14:45:23  79964.66   1773.15
Connection to 192.168.1.102 closed.
time: 6
  Time         enp0s25      
HH:MM:SS   Kbps in  Kbps out
14:45:30  76406.11   2473.04
14:45:33  93375.13   1789.34
14:45:36  75490.16   1625.37
14:45:39  80645.12   2677.03
14:45:42  83512.98   1718.00
14:45:45  69965.88   1334.42
14:45:48  85509.65   1912.70
14:45:51  65352.61   2525.25
14:45:54  85084.08   1830.23
14:45:57  95806.25   1925.02
14:46:00  82195.34   1790.73
14:46:03  87355.49   2816.51
14:46:06  85292.86   1873.89
14:46:09  85000.95   1823.29
14:46:12  76227.59   1430.89
14:46:15  70266.73   1441.10
14:46:18  80654.31   1741.80
14:46:21  39419.12   1727.54
14:46:24  35964.05    546.55
Connection to 192.168.1.102 closed.
time: 7
  Time         enp0s25      
HH:MM:SS   Kbps in  Kbps out
14:46:29  44032.48   1083.95
14:46:32  44443.46    780.08
14:46:35  36124.11    878.70
14:46:38  34694.98   1740.09
14:46:41  35441.13    892.27
14:46:44  34306.28    588.83
14:46:47  35173.74    836.31
14:46:50  47414.02   1176.76
14:46:53  35484.50    931.36
14:46:56  37835.26   1577.87
14:46:59  46470.76    770.83
14:47:02  35421.32    892.40
14:47:05  46024.37   1077.68
14:47:08  35252.86    886.41
14:47:11  32507.31   1398.29
14:47:14  35830.68   1164.68
14:47:17  23218.46    636.19
14:47:20  35336.23    899.71
14:47:23  46306.80    802.23
Connection to 192.168.1.102 closed.
time: 8
  Time         enp0s25      
HH:MM:SS   Kbps in  Kbps out
14:47:30  37456.16    588.33
14:47:33  44273.67    947.79
14:47:36  34818.26    954.21
14:47:39  47159.82   1616.59
14:47:42  24219.10    615.75
14:47:45  34227.91    873.44
14:47:48  35404.88    914.11
14:47:51  35273.11    802.40
14:47:54  33714.50    515.49
14:47:57  43875.96   1859.49
14:48:00  38835.74    828.89
14:48:03  45037.25   1108.23
14:48:06  46199.60    793.58
14:48:09  52681.75   1265.48
14:48:12  39816.58    867.18
14:48:15  34977.21    930.84
14:48:18  35766.09    531.04
14:48:21  34666.93    717.45
14:48:24  44575.99    923.94
Connection to 192.168.1.102 closed.
time: 9
  Time         enp0s25      
HH:MM:SS   Kbps in  Kbps out
14:48:29  35036.63    537.39
14:48:32  33109.04   1147.06
14:48:35  38969.47   1539.77
14:48:38  42842.95    932.87
14:48:41  33599.24    842.34
14:48:44  34894.58    965.56
14:48:47  34980.70    767.70
14:48:50  28028.38    604.82
14:48:53  36461.06    833.67
14:48:56  26914.94    733.94
14:48:59  44219.76   1071.54
14:49:02  43862.28    940.22
14:49:05  37347.67    990.92
14:49:08  37255.37   1017.91
14:49:11  42385.50    911.12
14:49:14  46344.98   1134.94
14:49:17  42392.86   1031.87
14:49:20  51226.40   1226.38
14:49:23  44996.71    757.56
Connection to 192.168.1.102 closed.
time: 10
  Time         enp0s25      
HH:MM:SS   Kbps in  Kbps out
14:49:30  29441.32    751.85
14:49:33  34522.60    825.38
14:49:36  32932.47    505.89
14:49:39  19254.91    577.95
14:49:42  11296.93    195.58
14:49:45  11774.05    367.23
14:49:48  10708.17      8.81
14:49:51  11642.56    389.93
14:49:54  11899.73    762.82
14:49:57  12212.62    381.11
14:50:00  10330.94    121.81
14:50:03  11970.14    271.83
14:50:06  11439.46    689.97
14:50:09   9864.85    354.56
14:50:12  11882.78    375.85
14:50:15  11453.44     40.75
14:50:18   9985.08    352.26
14:50:21  11825.27   1153.60
14:50:24  11673.62    377.44
Connection to 192.168.1.102 closed.
time: 11
  Time         enp0s25      
HH:MM:SS   Kbps in  Kbps out
14:56:12  11540.91    430.49
14:56:15  16351.13    186.51
14:56:18  94241.63   2148.87
14:56:21  90675.23   3128.78
14:56:24  93816.19   3884.02
14:56:27  95177.12   1902.24
14:56:30  93678.48   2386.88
14:56:33  94755.02   2148.27
14:56:36  79034.81   1726.76
14:56:39  69811.46   4712.34
14:56:42  96280.11   2543.68
14:56:45  74178.25   1623.65
14:56:48  88880.80   1993.08
14:56:51  91932.69   1770.10
14:56:54  72403.99   1499.07
14:56:57  94963.18   2468.02
14:57:00  51913.72   4115.49
14:57:03  76905.69   3013.91
14:57:06  78748.89   2071.30
Connection to 192.168.1.102 closed.
time: 12
  Time         enp0s25      
HH:MM:SS   Kbps in  Kbps out
14:57:12  83519.94   1869.43
14:57:15  79733.32   1772.84
14:57:18  70863.36   1583.91
14:57:21  72410.93   2892.87
14:57:24  69632.09   3944.80
14:57:27  71775.75   1386.13
14:57:30  74450.92   1882.98
14:57:33  61436.13   1289.29
14:57:36  82127.38   2002.99
14:57:39  67818.49   1255.51
14:57:42  58272.81   1851.28
14:57:45  45387.75   3984.86
14:57:48  57468.18   1205.59
14:57:51  32728.13    509.27
14:57:54   9275.48    285.72
14:57:57  11368.68   3725.56
14:58:00  10421.47    361.32
14:58:03  10698.98    308.53
14:58:06  11090.80   1226.59
Connection to 192.168.1.102 closed.
time: 13
  Time         enp0s25      
HH:MM:SS   Kbps in  Kbps out
14:58:12   9952.13    177.76
14:58:15  11421.60    278.35
14:58:18  13177.69   3301.08
14:58:21   9665.40    309.47
14:58:24  11615.49    322.67
14:58:27  11776.43   2647.72
14:58:30  11497.89   1179.44
14:58:33   9594.55     12.08
14:58:36  10752.71    327.25
14:58:39  11676.25    337.23
14:58:42   9480.73    307.70
14:58:45  10929.87   3345.91
14:58:48  11329.50    322.04
14:58:51   9546.61    688.05
14:58:54  11551.97    166.91
14:58:57  10980.73    184.07
14:59:00   9739.93    267.12
14:59:03  11670.74   3195.79
14:59:06  11525.74    322.99
Connection to 192.168.1.102 closed.
time: 14
  Time         enp0s25      
HH:MM:SS   Kbps in  Kbps out
14:59:12   9405.23    127.15
14:59:15  11002.52    154.60
14:59:18  11195.53   1380.81
14:59:21   9366.59    821.35
14:59:24  10339.27    153.28
14:59:27  10988.19    156.82
14:59:30   9560.25    115.71
14:59:33  11025.18     33.65
14:59:36  10250.21   2894.40
14:59:39  10800.76    470.66
14:59:42  10328.47    119.73
14:59:45  10819.20     27.53
14:59:48  11162.15   2464.77
14:59:51  11665.32   1306.73
14:59:54  11227.24    136.28
14:59:57  13060.42   1494.23
15:00:00   9661.78   1020.83
15:00:03  11070.08    119.76
15:00:06  11835.37   1303.01
Connection to 192.168.1.102 closed.
time: 15
  Time         enp0s25      
HH:MM:SS   Kbps in  Kbps out
15:00:12  10890.23    137.50
15:00:15  11575.20    129.41
15:00:18   8851.18    115.49
15:00:21  10736.43   2469.83
15:00:24  11533.13     51.66
15:00:27  10387.12    138.24
15:00:30   8972.15    129.53
15:00:33  11090.96   1309.03
15:00:36  10932.42   1200.09
15:00:39   9476.58    106.99
15:00:42  11008.60    145.83
15:00:45  11342.55   1106.49
15:00:48   9507.64   1471.31
15:00:51  10395.46    157.19
15:00:54  10854.34    145.89
15:00:57   9258.46    124.70
15:01:00  10454.14   2071.58
15:01:03  10536.79    149.64
15:01:06  10558.21    141.95
Connection to 192.168.1.102 closed.
time: 16
  Time         enp0s25      
HH:MM:SS   Kbps in  Kbps out
15:02:23  11075.85   2848.41
15:02:26  10482.35    612.10
15:02:29  11400.64    610.94
15:02:32  12249.76   1366.90
15:02:35  10734.20   2189.67
15:02:38  10324.32    715.22
15:02:41  11300.88    733.02
15:02:44  11497.05    720.57
15:02:47  12697.64   1240.08
15:02:50  10084.12   3144.61
15:02:53  11098.14    580.99
15:02:56  12301.93    377.68
15:02:59  60182.06   1439.56
15:03:02  78598.36   1525.80
15:03:05  77253.20   3496.07
15:03:08  82112.85   4327.71
15:03:11  87531.95   1948.27
15:03:14  101703.8   2034.51
15:03:17  93706.84   2117.48
Connection to 192.168.1.102 closed.
time: 17
  Time         enp0s25      
HH:MM:SS   Kbps in  Kbps out
15:03:23  85000.94   4116.68
15:03:26  96811.12   3193.64
15:03:29  80896.82   1808.97
15:03:32  59132.52   1270.18
15:03:35  86862.14   1822.58
15:03:38  99098.98   2073.61
15:03:41  84407.32   4986.20
15:03:44  84171.71   2593.55
15:03:47  95246.51   2078.53
15:03:50  77881.97   1482.81
15:03:53  81483.33   1764.95
15:03:56  93133.02   2710.28
15:03:59  85020.91   4974.72
15:04:02  86492.42   2144.12
15:04:05  88551.82   1913.56
15:04:08  90586.34   1982.23
15:04:11  96038.49   2111.12
15:04:14  87022.98   3021.25
15:04:17  72574.64   4451.17
Connection to 192.168.1.102 closed.
time: 18
  Time         enp0s25      
HH:MM:SS   Kbps in  Kbps out
15:04:23  71144.95   1676.74
15:04:26  66654.48   1380.94
15:04:29  31652.94   3693.77
15:04:32  47637.16   2075.01
15:04:35  44883.76   1053.80
15:04:38  63345.88   1273.51
15:04:41  11826.22   1382.61
15:04:44  11143.32   3161.58
15:04:47   9399.32    282.82
15:04:50  11301.11    319.41
15:04:53  10886.63   1040.19
15:04:56   9197.86   3096.75
15:04:59  11352.29    312.87
15:05:02  11150.59    317.91
15:05:05   9520.35     18.61
15:05:08  10594.61   2505.13
15:05:11  10888.44    317.31
15:05:14   9667.09    297.78
15:05:17  10079.14     37.85
Connection to 192.168.1.102 closed.
time: 19
  Time         enp0s25      
HH:MM:SS   Kbps in  Kbps out
15:05:23  10520.49    315.90
15:05:26   9028.19    292.39
15:05:29  10872.42    322.49
15:05:32  10101.42   1016.25
15:05:35   9165.61   1658.00
15:05:38  10714.08    311.45
15:05:41  10819.62    305.11
15:05:44   9135.81    293.31
15:05:47  11281.27     42.28
15:05:50  10356.43    320.34
15:05:53   9630.53    681.82
15:05:56  10255.25   1477.49
15:05:59  10698.24     35.28
15:06:02  10903.80    312.89
15:06:05  10597.34    142.48
15:06:08   9943.10    146.23
15:06:11  10802.87    616.55
15:06:14  10660.60   1123.37
15:06:17  10621.42    138.71
Connection to 192.168.1.102 closed.
time: 20
  Time         enp0s25      
HH:MM:SS   Kbps in  Kbps out
15:06:23  10495.84     28.74
15:06:26  10929.53    142.63
15:06:29  12968.81   1515.96
15:06:32   9442.84    519.12
15:06:35  11323.56     76.00
15:06:38  10719.08    354.57
15:06:41   9143.09    213.29
15:06:44  11075.37    146.39
15:06:47  10637.77   1065.95
15:06:50   9284.33    648.33
15:06:53  11227.12    135.62
15:06:56  13352.69     28.13
15:06:59  10891.07    322.57
15:07:02  10513.15   2260.73
15:07:05  11225.90    153.22
15:07:08  11422.95    146.91
15:07:11   9295.63      9.70
15:07:14  10822.64   2466.48
15:07:17  10701.00    143.64
Connection to 192.168.1.102 closed.
time: 21
  Time         enp0s25      
HH:MM:SS   Kbps in  Kbps out
15:07:23  10884.16   1038.44
15:07:26  10367.05   1755.98
15:07:29   9213.77   1887.89
15:07:32  11133.81    256.62
15:07:35  54315.09   1626.57
15:07:38  99626.57   2867.00
15:07:41  94902.45   4793.35
15:07:44  101959.3   2295.65
15:07:47  103432.5   2079.00
15:07:50  102756.1   2424.80
15:07:53  103006.9   2285.25
15:07:56  101362.4   3042.90
15:07:59  100440.6   3079.65
15:08:02  101557.4   2450.56
15:08:05  102406.2   2383.59
15:08:08  101910.9   2235.92
15:08:11  98254.98   3399.47
15:08:14  101880.8   2233.15
15:08:17  103684.7   2398.46
Connection to 192.168.1.102 closed.
time: 22
  Time         enp0s25      
HH:MM:SS   Kbps in  Kbps out
15:08:23  104555.0   2138.58
15:08:26  99599.16   3573.52
15:08:29  93879.18   4150.48
15:08:32  103584.4   2423.61
15:08:35  102840.7   2206.31
15:08:38  92973.12   2208.09
15:08:41  99631.92   3295.57
15:08:44  65693.62   3343.45
15:08:47  11457.28   1433.78
15:08:50  10074.74    201.18
15:08:53  11484.67    656.08
15:08:56  11199.67    674.11
15:08:59   9632.55    809.34
15:09:02  10515.42   2532.29
15:09:05  10296.39    939.82
15:09:08   9724.69    573.73
15:09:11  11327.84    890.62
15:09:14  11311.09    271.55
15:09:17   8736.87    848.73
Connection to 192.168.1.102 closed.
time: 23
  Time         enp0s25      
HH:MM:SS   Kbps in  Kbps out
15:09:24  11268.65    869.47
15:09:27   9985.12     21.62
15:09:30  10324.19    869.98
15:09:33  11335.65    866.35
15:09:36  10325.77   1502.91
15:09:39  11274.67   1838.43
15:09:42  10714.15   1044.74
15:09:45  10413.58   1035.57
15:09:48  11156.84   1037.66
15:09:51  10557.65     31.38
15:09:54  10188.27   1818.73
15:09:57  11047.55   1917.06
15:10:00   9712.65   1029.09
15:10:03  10914.47     29.10
15:10:06  11037.82    881.67
15:10:09  10293.51    484.54
15:10:12  11488.06   2479.18
15:10:15  10178.71    451.40
15:10:18   9403.76    859.75
Connection to 192.168.1.102 closed.
time: 24
  Time         enp0s25      
HH:MM:SS   Kbps in  Kbps out
15:10:23   9525.56    853.57
15:10:26   9692.24    141.27
15:10:29  10414.17    986.89
15:10:32  10443.02   1694.62
15:10:35   9304.68   2846.46
15:10:38  10650.96    126.64
15:10:41  10264.59   1037.53
15:10:44   9293.02   1023.91
15:10:47  10204.39   1013.03
15:10:50  10333.26    485.53
15:10:53   8757.16   1120.62
15:10:56  10485.89   3748.50
15:10:59  10830.46    927.51
15:11:02  10130.65    252.96
15:11:05   8382.51   1070.69
15:11:08  10487.92    963.65
15:11:11  10160.08   1200.37
15:11:14   8597.93   1078.78
15:11:17  10073.76    810.22
Connection to 192.168.1.102 closed.
time: 25
  Time         enp0s25      
HH:MM:SS   Kbps in  Kbps out
15:11:23   8683.40    783.19
15:11:26  10482.84     35.20
15:11:29   9858.31   1796.56
15:11:32   9062.96   1247.18
15:11:35  10799.80    863.49
15:11:38  10767.89     52.06
15:11:41   8057.00    894.53
15:11:44  10094.88    977.08
15:11:47   9634.74   2442.28
15:11:50  10387.47    768.66
15:11:53   9062.52    199.86
15:11:56   9478.38    924.42
15:11:59  10244.40   2401.25
15:12:02  10077.73    790.36
15:12:05  10100.33    787.57
15:12:08  12487.35   1503.20
15:12:11   8942.53    774.63
15:12:14  10153.92    787.62
15:12:17  10582.60   2083.99
Connection to 192.168.1.102 closed.
time: 26
  Time         enp0s25      
HH:MM:SS   Kbps in  Kbps out
15:12:23  10745.90     31.11
15:12:26  10442.54    956.86
15:12:29   9418.17    866.43
15:12:32  10272.17   2033.06
15:12:35  10461.74    230.40
15:12:38  10387.79    788.97
15:12:41   8999.91    770.61
15:12:44  10841.07   2220.99
15:12:47  10443.90     36.02
15:12:50   8714.61    543.21
15:12:53  11085.29    791.41
15:12:56  10762.82   1326.09
15:12:59   9049.79    907.37
15:13:02  10669.55    796.95
15:13:05  10728.01    788.58
15:13:08   8832.98    568.68
15:13:11  10353.67   1658.71
15:13:14  10444.45    791.08
15:13:17  10453.24    669.07
Connection to 192.168.1.102 closed.
time: 27
  Time         enp0s25      
HH:MM:SS   Kbps in  Kbps out
15:13:56  68853.85   2082.53
15:13:59  76081.21   2099.50
15:14:02  70064.56   1664.43
15:14:05  55805.30   2126.17
15:14:08  67973.69   2792.59
15:14:11  74945.79   1645.17
15:14:14  62056.59   1616.77
15:14:17  70609.87   1538.74
15:14:20  64840.02   2953.42
15:14:23  62054.56   1429.75
15:14:26  65182.09   1664.66
15:14:29  85238.37   2089.18
15:14:32  65467.74   2022.16
15:14:35  55850.42   1170.66
15:14:38  37090.89   2419.54
15:14:41  38191.02   1547.47
15:14:44  41140.92   1057.83
15:14:47  43974.32    805.24
15:14:50  46805.11   1558.82
Connection to 192.168.1.102 closed.
time: 28
  Time         enp0s25      
HH:MM:SS   Kbps in  Kbps out
15:14:56  44344.24   1493.16
15:14:59  41000.84    671.49
15:15:02  38337.78   1147.38
15:15:05  54695.93   2205.58
15:15:08  35560.61   1328.05
15:15:11  33620.70    595.01
15:15:14  32008.88   1181.06
15:15:17  33404.08   1238.57
15:15:20  45833.48   1261.61
15:15:23  44347.17   1378.16
15:15:26  48525.25   1431.15
15:15:29  54550.78   1465.21
15:15:32  37893.61   1008.01
15:15:35  52776.85   1390.88
15:15:38  45120.67   1044.30
15:15:41  22603.33    996.01
15:15:44  32787.32    863.93
15:15:47  34243.70   1099.33
15:15:50  44962.96   1041.77
Connection to 192.168.1.102 closed.
time: 29
  Time         enp0s25      
HH:MM:SS   Kbps in  Kbps out
15:15:56  33633.98    813.53
15:15:59  33537.42   1264.66
15:16:02  25010.40    747.34
15:16:05  40667.76   1406.28
15:16:08  33346.89   1250.92
15:16:11  32452.83    880.01
15:16:14  33614.15   1022.18
15:16:17  33131.56   1161.27
15:16:20  44684.82   1493.85
15:16:23  35546.69   1042.07
15:16:26  48240.63   1496.55
15:16:29  52005.64   1040.26
15:16:32  37643.55   1323.93
15:16:35  59218.61   1752.30
15:16:38  46856.73   1112.73
15:16:41  26081.29    814.81
15:16:44  46363.41   1274.69
15:16:47  37681.76   1326.64
15:16:50  39924.81   1768.32
Connection to 192.168.1.102 closed.
time: 30
  Time         enp0s25      
HH:MM:SS   Kbps in  Kbps out
15:16:56  46138.30   1296.61
15:16:59  32108.23    794.72
15:17:02  43040.84   1996.56
15:17:05  44304.61   1107.83
15:17:08  27400.15    843.14
15:17:11  32323.62   1239.11
15:17:14  42679.41   1647.87
15:17:17  44452.49    967.92
15:17:20  49277.91   1055.91
15:17:23  33212.39   1096.40
15:17:26  22385.33    842.47
15:17:29  44108.53   1062.89
15:17:32  56988.18   1787.58
15:17:35  53437.69   1257.35
15:17:38  58954.30   1358.45
15:17:41  57774.08   1207.54
15:17:44  50816.50    901.15
15:17:47  62187.22   1470.53
15:17:50  30304.19   1440.20
Connection to 192.168.1.102 closed.
