time: 0
  Time         enp0s25      
HH:MM:SS   Kbps in  Kbps out
21:45:57  11375.99     17.38
21:46:00  11953.92     30.60
21:46:03  12418.11     11.74
21:46:06  11874.81     17.49
21:46:09  12047.59     20.82
21:46:12  12972.37     20.76
21:46:15  13492.46     27.66
21:46:18  13938.11     35.43
21:46:21  13314.24     35.67
21:46:24  12328.57      5.10
21:46:27  14338.59     29.78
21:46:30  13651.16     38.88
21:46:33  11785.96      7.48
21:46:36  13314.57     31.94
21:46:39  13763.36     23.61
21:46:42  13962.95     34.34
21:46:45  13531.85     29.18
21:46:48  12820.92     30.29
21:46:51  13864.33     33.16
Connection to 192.168.1.102 closed.
time: 1
  Time         enp0s25      
HH:MM:SS   Kbps in  Kbps out
21:46:56  13901.77     25.16
21:46:59  12394.02      9.57
21:47:02  14222.12     30.93
21:47:05  13828.11     53.52
21:47:08  13495.60     30.51
21:47:11  14690.48     47.27
21:47:14  13749.28     29.66
21:47:17  13926.55     20.76
21:47:20  12538.89     30.00
21:47:23  13797.23     31.99
21:47:26  12757.96     14.45
21:47:29  12830.35     15.50
21:47:32  13948.44     25.50
21:47:35  13771.49     29.98
21:47:38  12280.82     11.38
21:47:41  13585.19     36.31
21:47:44  13906.59     33.18
21:47:47  12083.29     11.22
21:47:50  14456.32     37.42
Connection to 192.168.1.102 closed.
time: 2
  Time         enp0s25      
HH:MM:SS   Kbps in  Kbps out
21:47:55  11867.58     13.76
21:47:58  13042.86     48.54
21:48:01  12977.46     49.56
21:48:04  12553.00     29.08
21:48:07  14953.42     48.76
21:48:10  13369.24     34.03
21:48:13  13885.89     31.19
21:48:16  11652.01     14.39
21:48:19  13514.70     39.08
21:48:22  12596.57     14.66
21:48:25  13056.18     27.39
21:48:28  14141.89     26.67
21:48:31  15711.48     49.22
21:48:34  12116.13      9.70
21:48:37  14036.19     33.36
21:48:40  13228.76     37.52
21:48:43  12120.73      6.55
21:48:46  14609.75     39.53
21:48:49  13039.38     22.19
Connection to 192.168.1.102 closed.
time: 3
  Time         enp0s25      
HH:MM:SS   Kbps in  Kbps out
21:48:56  12800.10     27.94
21:48:59  14054.74     75.44
21:49:02  14008.49     37.66
21:49:05  11675.99      8.92
21:49:08  12925.27    200.77
21:49:11  13612.25     37.95
21:49:14  11828.37      9.69
21:49:17  14107.28     35.86
21:49:20  13020.55     41.29
21:49:23  12013.29      5.54
21:49:26  13847.97     23.66
21:49:29  13124.64     29.02
21:49:32  12782.33     34.79
21:49:35  11981.46      8.44
21:49:38  13316.09     35.91
21:49:41  13735.33     39.56
21:49:44  11407.76      6.73
21:49:47  12626.54     36.37
21:49:50  13332.91     31.54
Connection to 192.168.1.102 closed.
time: 4
  Time         enp0s25      
HH:MM:SS   Kbps in  Kbps out
21:49:55  12454.26     27.88
21:49:58  12631.16     44.68
21:50:01  11784.90     20.33
21:50:04  12977.31     27.11
21:50:07  12994.23     35.63
21:50:10  13077.75     53.44
21:50:13  14078.75     36.29
21:50:16  13707.53     42.33
21:50:19  12137.19     10.29
21:50:22  14856.99     37.60
21:50:25  13668.59     33.63
21:50:28  13350.82     31.19
21:50:31  12548.40     12.01
21:50:34  13155.46     22.43
21:50:37  14464.75     39.12
21:50:40  12272.76     12.75
21:50:43  14090.75     32.57
21:50:46  14497.23     28.67
21:50:49  12483.17     13.16
Connection to 192.168.1.102 closed.
time: 5
  Time         enp0s25      
HH:MM:SS   Kbps in  Kbps out
21:50:55  14573.06     26.23
21:50:58  12511.39     12.15
21:51:01  14526.10     44.79
21:51:04  13160.17     36.17
21:51:07  14224.04     75.38
21:51:10  13047.81     35.49
21:51:13  13857.53     74.39
21:51:16  70251.03   1332.38
21:51:19  85755.99   1641.41
21:51:22  87847.19   1665.20
21:51:25  90727.57   1727.71
21:51:28  99065.53   1846.17
21:51:31  88140.93   1638.94
21:51:34  83275.33   1509.45
21:51:37  83726.87   1585.67
21:51:40  93995.35   1820.80
21:51:43  100071.7   1913.86
21:51:46  95915.66   1831.96
21:51:49  80217.27   1526.02
Connection to 192.168.1.102 closed.
time: 6
  Time         enp0s25      
HH:MM:SS   Kbps in  Kbps out
21:51:56  70231.42   1288.93
21:51:59  74450.77   1402.90
21:52:02  101771.5   1913.04
21:52:05  91106.69   1609.09
21:52:08  104160.9   1979.21
21:52:11  100290.6   1963.54
21:52:14  104938.4   2069.98
21:52:17  103484.8   2032.30
21:52:20  93865.60   1799.42
21:52:23  97478.30   1814.99
21:52:26  103077.8   2024.40
21:52:29  48811.35    794.96
21:52:32  39509.16    605.96
21:52:35  57289.65    987.01
21:52:38  43793.42    718.48
21:52:41  50746.04    857.03
21:52:44  50771.86    849.21
21:52:47  19459.97    171.27
21:52:50  13047.71     37.79
Connection to 192.168.1.102 closed.
time: 7
  Time         enp0s25      
HH:MM:SS   Kbps in  Kbps out
21:52:56  12414.47     14.67
21:52:59  12795.14     22.81
21:53:02  13030.39     35.52
21:53:05  12874.45     42.70
21:53:08  11403.90     19.69
21:53:11  13275.30     36.97
21:53:14  12224.65     25.92
21:53:17  11650.12     31.34
21:53:20  13454.36     36.43
21:53:23  13274.88    204.61
21:53:26  13111.88     32.06
21:53:29  12450.48    131.36
21:53:32  13772.77    178.57
21:53:35  13656.87     39.58
21:53:38  13555.81     35.37
21:53:41  29205.04    413.46
21:53:44  103719.0   2005.47
21:53:47  105291.0   2085.90
21:53:50  104563.4   2076.30
Connection to 192.168.1.102 closed.
time: 8
  Time         enp0s25      
HH:MM:SS   Kbps in  Kbps out
21:53:56  97741.90   1872.15
21:53:59  98984.35   1893.31
21:54:02  102825.5   2000.33
21:54:05  100183.2   2111.41
21:54:08  80253.61   1477.02
21:54:11  76691.61   1404.36
21:54:14  62813.54   1106.02
21:54:17  81066.29   1534.04
21:54:20  90757.68   1798.11
21:54:23  102511.7   2865.91
21:54:26  101206.3   2209.37
21:54:29  99326.32   2117.63
21:54:32  98472.06   1924.00
21:54:35  87535.67   1700.60
21:54:38  82718.34   1667.24
21:54:41  100882.3   2819.48
21:54:44  98450.26   1912.49
21:54:47  103352.5   2113.75
21:54:50  97175.17   1958.52
Connection to 192.168.1.102 closed.
time: 9
  Time         enp0s25      
HH:MM:SS   Kbps in  Kbps out
21:54:56  96463.57   2859.92
21:54:59  58645.89   1062.87
21:55:02  60275.79   1061.33
21:55:05  16678.00    121.47
21:55:08  13532.67    686.32
21:55:11  13002.22    356.89
21:55:14  13763.81     38.10
21:55:17  13927.78     43.40
21:55:20  13877.81    622.85
21:55:23  11578.95     10.41
21:55:26  13007.97     35.76
21:55:29  14120.24     31.88
21:55:32  12661.27    987.06
21:55:35  15863.28    399.59
21:55:38  14280.95    231.55
21:55:41  12246.83    375.28
21:55:44  14824.43   1025.70
21:55:47  104952.9   2237.55
21:55:50  104482.3   2335.41
Connection to 192.168.1.102 closed.
time: 10
  Time         enp0s25      
HH:MM:SS   Kbps in  Kbps out
21:55:56  103769.6   2623.10
21:55:59  104915.7   2063.99
21:56:02  104326.0   2132.84
21:56:05  103138.3   2098.24
21:56:08  104834.2   2192.20
21:56:11  105192.8   2684.08
21:56:14  104279.2   2144.78
21:56:17  104697.4   2142.04
21:56:20  104708.3   2159.10
21:56:23  103656.8   2576.74
21:56:26  104194.8   2094.97
21:56:29  104286.3   2046.90
21:56:32  103924.6   2096.45
21:56:35  104238.6   2687.63
21:56:38  104532.1   2169.81
21:56:41  104703.9   2151.65
21:56:44  104104.0   2124.79
21:56:47  103291.3   2970.06
21:56:50  104153.3   2129.38
Connection to 192.168.1.102 closed.
time: 11
  Time         enp0s25      
HH:MM:SS   Kbps in  Kbps out
22:00:33  15243.17   4143.40
22:00:36  11677.35   2497.02
22:00:39  13108.92     61.03
22:00:42  13713.09     69.77
22:00:45  11777.52     41.46
22:00:48  13454.45   3779.22
22:00:51  14068.49   2832.89
22:00:54  76686.77   1398.32
22:00:57  101477.0   1946.88
22:01:00  101327.5   1920.01
22:01:03  96591.81   1854.30
22:01:06  90915.42   3950.21
22:01:09  99638.62   2798.83
22:01:12  102336.6   1944.25
22:01:15  101849.3   1948.25
22:01:18  101749.5   1959.85
22:01:21  99123.08   2758.71
22:01:24  53408.27   2529.26
22:01:27  13839.07     32.52
Connection to 192.168.1.102 closed.
time: 12
  Time         enp0s25      
HH:MM:SS   Kbps in  Kbps out
22:01:34  11963.49     32.32
22:01:37  13837.72     42.34
22:01:40  14648.89   2449.71
22:01:43  12544.60    543.78
22:01:46  13302.61     25.48
22:01:49  14013.82     48.00
22:01:52  13875.10     27.76
22:01:55  12931.34      8.48
22:01:58  13096.12   3198.32
22:02:01  14050.91   1117.27
22:02:04  14091.04     28.94
22:02:07  14254.07     33.08
22:02:10  13562.66     75.21
22:02:13  14075.83   4234.47
22:02:16  13509.28     27.09
22:02:19  14058.39     29.58
22:02:22  13628.94     35.30
22:02:25  13815.86   2567.39
22:02:28  14415.54   1748.95
Connection to 192.168.1.102 closed.
time: 13
  Time         enp0s25      
HH:MM:SS   Kbps in  Kbps out
22:02:33  13499.05     37.12
22:02:36  13172.70     62.41
22:02:39  11896.45    179.63
22:02:42  13086.65   4127.00
22:02:45  13580.31   2632.38
22:02:48  13585.82   4136.42
22:02:51  12499.68   2961.86
22:02:54  13588.90   4509.29
22:02:57  12704.48   2640.66
22:03:00  13853.41   4533.14
22:03:03  13778.81   3050.23
22:03:06  14901.74   3681.00
22:03:09  12885.83   1277.10
22:03:12  14203.35   4167.73
22:03:15  14592.97   2598.03
22:03:18  14138.92   3243.37
22:03:21  12459.71   2663.54
22:03:24  14833.29   4005.67
22:03:27  12753.24   1473.25
Connection to 192.168.1.102 closed.
time: 14
  Time         enp0s25      
HH:MM:SS   Kbps in  Kbps out
22:03:34  13992.95   2970.94
22:03:37  16131.08   4355.92
22:03:40  12337.87   3741.39
22:03:43  13730.58   4581.95
22:03:46  13965.38   2230.95
22:03:49  12603.54   2661.78
22:03:52  13730.12   3760.98
22:03:55  13028.75   3638.06
22:03:58  14702.48   2566.62
22:04:01  14408.44   4683.54
22:04:04  16038.73   4673.90
22:04:07  14580.12   2965.44
22:04:10  13161.05   3238.24
22:04:13  15263.91   3697.04
22:04:16  14146.34   3640.69
22:04:19  12934.25   4661.34
22:04:22  14413.05   4671.19
22:04:25  13500.01   4035.91
22:04:28  13364.26   4673.06
Connection to 192.168.1.102 closed.
time: 15
  Time         enp0s25      
HH:MM:SS   Kbps in  Kbps out
22:04:34  13984.96   4692.58
22:04:37  13809.71   4690.80
22:04:40  12363.37   4662.72
22:04:43  13772.70   4625.25
22:04:46  12943.98   3722.59
22:04:49  13665.13   4004.59
22:04:52  14134.51   3777.30
22:04:55  14061.74   4298.26
22:04:58  12414.80   3620.43
22:05:01  14309.83   3758.65
22:05:04  13816.18   3243.73
22:05:07  12545.17   3347.38
22:05:10  14501.13   3903.62
22:05:13  14353.37   3343.10
22:05:16  12939.45   2679.64
22:05:19  14370.92   3713.50
22:05:22  13556.57   3568.91
22:05:25  17425.84   3235.47
22:05:28  12812.97   4666.50
Connection to 192.168.1.102 closed.
time: 16
  Time         enp0s25      
HH:MM:SS   Kbps in  Kbps out
22:05:34  15340.11   3726.34
22:05:37  12966.75   3366.58
22:05:40  14940.28   4036.19
22:05:43  14658.93   1028.16
22:05:46  12823.81    711.68
22:05:49  14829.64    300.25
22:05:52  13676.01   2924.62
22:05:55  14095.96   1994.24
22:05:58  14170.60    997.59
22:06:01  13898.88    578.25
22:06:04  14032.03   3284.08
22:06:07  14193.28   2270.76
22:06:10  14236.29    642.75
22:06:13  15507.95   1690.42
22:06:16  12345.43   4548.53
22:06:19  14501.72     42.03
22:06:22  14820.66     53.60
22:06:25  63080.03   1161.07
22:06:28  81538.07   4511.96
Connection to 192.168.1.102 closed.
time: 17
  Time         enp0s25      
HH:MM:SS   Kbps in  Kbps out
22:06:35  105070.1   2057.63
22:06:38  104457.2   1974.28
22:06:41  88047.83   4090.97
22:06:44  82294.36   4916.07
22:06:47  105122.7   2079.11
22:06:50  105180.0   2070.44
22:06:53  94358.91   3366.69
22:06:56  80500.01   4973.49
22:06:59  103170.2   2374.07
22:07:02  105310.1   1988.47
22:07:05  102411.3   2267.31
22:07:08  84444.48   4975.19
22:07:11  104327.9   2555.88
22:07:14  104136.0   1998.69
22:07:17  104726.6   2042.54
22:07:20  69444.10   4016.78
22:07:23  96400.06   3372.33
22:07:26  104730.8   2054.21
22:07:29  105625.6   2081.70
Connection to 192.168.1.102 closed.
time: 18
  Time         enp0s25      
HH:MM:SS   Kbps in  Kbps out
22:07:34  93503.50   3659.45
22:07:37  103897.2   2005.35
22:07:40  96563.98   3058.69
22:07:43  77663.02   4473.24
22:07:46  13774.04   4146.58
22:07:49  14206.87   2661.76
22:07:52  12405.39   3187.40
22:07:55  13723.35   4621.80
22:07:58  14242.11   2742.10
22:08:01  13124.63   2688.43
22:08:04  13527.12   4419.90
22:08:07  14065.24   4680.84
22:08:10  16199.17   4262.76
22:08:13  12859.36   4657.88
22:08:16  14093.01   4214.68
22:08:19  14507.43   3200.87
22:08:22  13770.36   4225.45
22:08:25  14739.80   4105.65
22:08:28  13563.83   2023.04
Connection to 192.168.1.102 closed.
time: 19
  Time         enp0s25      
HH:MM:SS   Kbps in  Kbps out
22:08:35  14398.18   3527.31
22:08:38  15339.11   4681.87
22:08:41  14485.38   3855.71
22:08:44  12795.13      7.46
22:08:47  14570.58     31.70
22:08:50  14338.44     32.09
22:08:53  12731.27     15.03
22:08:56  14593.51   3816.40
22:08:59  14047.87    798.23
22:09:02  13396.39     18.43
22:09:05  14743.51    205.56
22:09:08  14692.76     38.49
22:09:11  12811.29      8.89
22:09:14  14350.80   4655.14
22:09:17  14675.95    926.23
22:09:20  15090.75     28.69
22:09:23  12962.64     10.72
22:09:26  14258.54     27.25
22:09:29  14978.30   1413.01
Connection to 192.168.1.102 closed.
time: 20
  Time         enp0s25      
HH:MM:SS   Kbps in  Kbps out
22:09:34  15471.63    316.99
22:09:37  14492.65     70.09
22:09:40  13370.01     11.03
22:09:43  14830.54     30.71
22:09:46  14528.78   1550.15
22:09:49  12813.14   4406.09
22:09:52  14852.01     28.37
22:09:55  14423.35     32.87
22:09:58  13130.66      5.79
22:10:01  14228.57   4519.49
22:10:04  13699.20    832.71
22:10:07  14870.84     31.61
22:10:10  14368.45    532.28
22:10:13  13558.58   3654.62
22:10:16  14715.01     33.35
22:10:19  14605.78     31.10
22:10:22  15368.01   3602.45
22:10:25  41153.73   1240.83
22:10:28  104460.1   2037.74
Connection to 192.168.1.102 closed.
time: 21
  Time         enp0s25      
HH:MM:SS   Kbps in  Kbps out
22:10:34  99836.40   2725.11
22:10:37  80462.63   4718.52
22:10:40  71878.03   1270.75
22:10:43  14520.42     39.44
22:10:46  13223.58     12.30
22:10:49  15092.96   4111.76
22:10:52  15059.49    101.04
22:10:55  14406.03     33.95
22:10:58  13220.55      7.34
22:11:01  15049.96   2881.15
22:11:04  15667.12   4092.32
22:11:07  13277.58     11.12
22:11:10  14879.55     34.02
22:11:13  15261.48   1195.16
22:11:16  13545.32   4656.24
22:11:19  15572.94   1011.78
22:11:22  14696.52     31.64
22:11:25  13317.98     11.13
22:11:28  14923.22   4156.44
Connection to 192.168.1.102 closed.
time: 22
  Time         enp0s25      
HH:MM:SS   Kbps in  Kbps out
22:11:34  14322.73     64.38
22:11:37  13883.28     36.42
22:11:40  14497.93   4556.87
22:11:43  14804.64   2346.94
22:11:46  93078.12   1799.32
22:11:49  105846.1   2075.93
22:11:52  90384.86   3387.53
22:11:55  88263.03   3584.27
22:11:58  104971.8   2067.98
22:12:01  105228.9   2068.04
22:12:04  105029.0   2020.05
22:12:07  83332.04   4256.61
22:12:10  104675.6   2545.88
22:12:13  104925.1   2071.25
22:12:16  104909.5   2005.59
22:12:19  105753.9   2059.50
22:12:22  104511.4   2009.07
22:12:25  92345.18   4110.23
22:12:28  104462.4   1957.18
Connection to 192.168.1.102 closed.
time: 23
  Time         enp0s25      
HH:MM:SS   Kbps in  Kbps out
22:12:34  105363.8   2042.15
22:12:37  95228.34   1819.15
22:12:40  100111.2   2730.88
22:12:43  96799.73   3466.87
22:12:46  105359.5   2065.89
22:12:49  104998.3   2075.55
22:12:52  105018.1   2031.36
22:12:55  105151.4   2041.69
22:12:58  93298.67   3236.48
22:13:01  48698.02   2117.35
22:13:04  14105.24     32.02
22:13:07  13945.41     40.02
22:13:10  14377.86     35.72
22:13:13  13056.61      6.43
22:13:16  13495.78   2446.81
22:13:19  13080.80     18.00
22:13:22  13621.31     33.42
22:13:25  13935.72     31.33
22:13:28  14161.37     31.34
Connection to 192.168.1.102 closed.
time: 24
  Time         enp0s25      
HH:MM:SS   Kbps in  Kbps out
22:13:36  14807.19     33.60
22:13:39  14072.48     15.16
22:13:42  15327.11     42.07
22:13:45  16095.46   2479.84
22:13:48  15598.73     44.28
22:13:51  14721.72     35.94
22:13:54  15132.99     33.30
22:13:57  13757.33     19.03
22:14:00  15884.99   2474.95
22:14:03  16884.28     35.83
22:14:06  13781.41    178.93
22:14:09  14842.36   2359.06
22:14:12  15062.04     35.29
22:14:15  12960.55     11.51
22:14:18  14821.22   1966.73
22:14:21  14279.40     47.48
22:14:24  13140.59    105.71
22:14:27  15135.40   1869.45
22:14:30  15144.84     50.51
Connection to 192.168.1.102 closed.
time: 25
  Time         enp0s25      
HH:MM:SS   Kbps in  Kbps out
22:14:34  14584.82   1936.83
22:14:37  13650.90     38.43
22:14:40  14117.98     29.31
22:14:43  15011.88   1973.50
22:14:46  14536.52     56.59
22:14:49  14510.86   2000.44
22:14:52  14724.51     68.55
22:14:55  14348.54     31.51
22:14:58  12346.03      5.24
22:15:01  14231.39     37.79
22:15:04  14004.44     25.11
22:15:07  11998.94     11.48
22:15:10  14240.19   2089.34
22:15:13  14432.01    428.08
22:15:16  12487.00      6.35
22:15:19  13721.11     28.82
22:15:22  14421.81     35.04
22:15:25  12462.22     11.15
22:15:28  13893.68     22.46
Connection to 192.168.1.102 closed.
time: 26
  Time         enp0s25      
HH:MM:SS   Kbps in  Kbps out
22:15:34  14232.73     29.05
22:15:37  13321.82     21.85
22:15:40  14256.98     56.16
22:15:43  14414.73     61.35
22:15:46  13196.23     34.20
22:15:49  75352.23   1368.83
22:15:52  84395.08   3566.05
22:15:55  75070.72   2352.61
22:15:58  60322.90   1046.88
22:16:01  85424.98   1612.11
22:16:04  73682.04   1340.15
22:16:07  66636.80   1201.17
22:16:10  74064.68   3500.13
22:16:13  84305.07   1593.78
22:16:16  88204.97   1673.09
22:16:19  79716.34   1516.26
22:16:22  84766.07   1597.56
22:16:25  77804.96   1406.43
22:16:28  81739.73   3657.81
Connection to 192.168.1.102 closed.
time: 27
  Time         enp0s25      
HH:MM:SS   Kbps in  Kbps out
22:16:34  67363.57   1197.01
22:16:37  90888.21   1708.64
22:16:40  82257.73   2304.52
22:16:43  90059.20   3061.17
22:16:46  96932.74   1832.31
22:16:49  86998.59   1641.13
22:16:52  89641.12   1703.25
22:16:55  78997.14   3585.29
22:16:58  73647.05   1336.26
22:17:01  60956.29   1061.94
22:17:04  67122.53   1195.47
22:17:07  36939.83    545.59
22:17:10  49237.98   2115.05
22:17:13  47709.28   1576.04
22:17:16  49076.19    773.18
22:17:19  48496.53    795.58
22:17:22  36582.49    524.33
22:17:25  45866.07    719.91
22:17:28  39830.99   2731.16
Connection to 192.168.1.102 closed.
time: 28
  Time         enp0s25      
HH:MM:SS   Kbps in  Kbps out
22:17:39  36352.23    513.67
22:17:42  57746.38    985.98
22:17:45  38656.25   1967.09
22:17:48  38855.56   1264.89
22:17:51  38333.99    563.23
22:17:54  48231.94    784.68
22:17:57  50698.97    825.82
22:18:00  45072.86    682.05
22:18:03  49051.84   2917.53
22:18:06  53198.33    891.00
22:18:09  43030.70    649.63
22:18:12  38187.66    539.61
22:18:15  46329.09   1262.04
22:18:18  37991.56   1962.64
22:18:21  37806.05    552.23
22:18:24  49276.65    773.01
22:18:27  41225.51    984.80
22:18:30  55158.73   2448.44
22:18:33  40526.74    595.21
Connection to 192.168.1.102 closed.
time: 29
  Time         enp0s25      
HH:MM:SS   Kbps in  Kbps out
22:18:39  38001.62   2462.02
22:18:42  38001.32    542.58
22:18:45  48100.78    745.08
22:18:48  37849.95    535.80
22:18:51  38457.47   2504.50
22:18:54  37586.80    535.85
22:18:57  36362.94    510.31
22:19:00  49034.44    800.25
22:19:03  49536.10   1433.92
22:19:06  46394.62   1824.72
22:19:09  48430.10    764.49
22:19:12  48325.85   2468.40
22:19:15  49907.12   1449.35
22:19:18  39956.92    573.22
22:19:21  36201.87   2395.04
22:19:24  37763.72    548.76
22:19:27  49463.71    776.70
22:19:30  61499.67   2958.85
22:19:33  57553.25    936.21
Connection to 192.168.1.102 closed.
time: 30
  Time         enp0s25      
HH:MM:SS   Kbps in  Kbps out
22:19:39  49600.04   1187.88
22:19:42  47967.05   1372.49
22:19:45  48260.05   2114.38
22:19:48  40133.87    596.89
22:19:51  57519.05   2483.86
22:19:54  46613.18   1186.53
22:19:57  49225.93    792.98
22:20:00  32899.37    460.69
22:20:03  13056.16     11.98
22:20:06  15735.78     34.01
22:20:09  13506.16   1976.38
22:20:12  14366.13     32.33
22:20:15  12148.72      9.72
22:20:18  13718.71     31.79
22:20:21  13783.75     34.40
22:20:24  12195.61      9.08
22:20:27  14437.06   1192.88
22:20:30  14042.98     36.42
22:20:33  12345.56      6.16
Connection to 192.168.1.102 closed.
