time: 0
  Time         enp0s25      
HH:MM:SS   Kbps in  Kbps out
23:56:29    609.12     22.45
23:56:32    456.39      5.63
23:56:35    117.41     25.68
23:56:38    656.76     34.34
23:56:41   1921.52     21.44
23:56:44   2044.55     23.74
23:56:47   1985.78     38.73
23:56:50   1975.75     24.03
23:56:53    466.97      5.12
23:56:56   2150.72     28.26
23:56:59   1663.30     26.58
23:57:02    476.25      7.04
23:57:05   1792.49     17.82
23:57:08   1552.20     33.60
23:57:11   1433.25     25.31
23:57:14   3219.52     33.49
23:57:17   1974.11     31.67
23:57:20   2232.44     31.09
23:57:23    498.42     16.70
Connection to 192.168.1.102 closed.
time: 1
  Time         enp0s25      
HH:MM:SS   Kbps in  Kbps out
23:57:27   2052.54     31.75
23:57:30    747.12     20.09
23:57:33   1537.95     13.74
23:57:36   1706.66     43.59
23:57:39   2467.79     30.32
23:57:42   1652.76     28.51
23:57:45    510.89     11.32
23:57:48   2317.10     36.62
23:57:51   2209.72     23.67
23:57:54     93.79      5.06
23:57:57   2085.70     20.82
23:58:00   1050.33     16.45
23:58:03   1493.21     13.58
23:58:06   1399.26     26.58
23:58:09   3989.13     40.87
23:58:12    492.62      9.40
23:58:15   1930.33     30.98
23:58:18   2217.97     34.03
23:58:21   1750.71     33.88
Connection to 192.168.1.102 closed.
time: 2
  Time         enp0s25      
HH:MM:SS   Kbps in  Kbps out
23:58:26   1282.00     20.34
23:58:29   2021.71     26.12
23:58:32   2019.28     48.51
23:58:35   3034.85     46.33
23:58:38   1946.79     31.74
23:58:41    459.76     11.02
23:58:44   2171.39     30.43
23:58:47   1986.84     32.83
23:58:50     83.55      4.99
23:58:53   2131.85     22.38
23:58:56   2087.69     30.32
23:58:59   1887.70     19.42
23:59:02    453.86     14.19
23:59:05   2084.40    181.46
23:59:08   2084.66     26.01
23:59:11    526.55     14.57
23:59:14   2096.05     29.09
23:59:17    760.41     19.13
23:59:20   2025.90     21.85
Connection to 192.168.1.102 closed.
time: 3
  Time         enp0s25      
HH:MM:SS   Kbps in  Kbps out
23:59:27   2048.87     33.17
23:59:30   1086.87     21.12
23:59:33   2201.45     52.28
23:59:36   1681.18     36.42
23:59:39   4090.72     55.71
23:59:42    481.77      7.00
23:59:45   1689.70     32.73
23:59:48   2082.13     31.15
23:59:51    528.48     13.56
23:59:54   2001.53     21.92
23:59:57   1879.59     22.97
00:00:00    321.36      2.75
00:00:03   2123.13     22.18
00:00:06   2152.50     27.25
00:00:09   1634.04     24.34
00:00:12    497.53      7.85
00:00:15   2102.34     15.73
00:00:18   1051.10     17.73
00:00:21   1538.55     16.78
Connection to 192.168.1.102 closed.
time: 4
  Time         enp0s25      
HH:MM:SS   Kbps in  Kbps out
00:00:27   2150.95     27.83
00:00:30   2132.80     35.55
00:00:33   2150.83     29.05
00:00:36   2564.72     29.61
00:00:39    533.97     12.85
00:00:42   2135.51     31.03
00:00:45   1726.62     44.31
00:00:48    460.14      7.09
00:00:51   1956.15     28.70
00:00:54   2218.75     28.11
00:00:57     77.29     19.05
00:01:00   2071.60     23.67
00:01:03   2088.31     29.22
00:01:06   1919.40     36.27
00:01:09    665.98     11.30
00:01:12   1713.22     28.17
00:01:15   2154.27     23.57
00:01:18    507.58      9.29
00:01:21   2075.40     25.57
Connection to 192.168.1.102 closed.
time: 5
  Time         enp0s25      
HH:MM:SS   Kbps in  Kbps out
00:01:27   1516.43     20.30
00:01:30   2116.71     31.87
00:01:33   2010.24     30.76
00:01:36   1707.93     79.13
00:01:39   1525.75     21.90
00:01:42   2131.92     42.57
00:01:45   1725.02     53.47
00:01:48  94743.10   2050.53
00:01:51  94570.46   2051.47
00:01:54  97202.88   2105.34
00:01:57  88815.78   1932.25
00:02:00  84768.80   1750.74
00:02:03  62724.97   1295.79
00:02:06  62161.02   1346.03
00:02:09  70402.03   1466.23
00:02:12  86252.39   1843.43
00:02:15  82149.72   1755.93
00:02:18  62918.47   1357.31
00:02:21  64581.46   1370.76
Connection to 192.168.1.102 closed.
time: 6
  Time         enp0s25      
HH:MM:SS   Kbps in  Kbps out
00:02:27  69792.48   1536.02
00:02:30  78128.67   1616.01
00:02:33  80671.25   1729.15
00:02:36  71590.93   1531.49
00:02:39  79631.74   1594.85
00:02:42  69813.39   1457.18
00:02:45  69897.09   1415.37
00:02:48  46063.17    965.59
00:02:51  81839.77   1647.97
00:02:54  72371.68   1585.49
00:02:57  82609.92   1739.99
00:03:00  83240.50   1775.89
00:03:03  53327.26   1115.65
00:03:06  77401.79   1670.84
00:03:09  68373.60   1458.85
00:03:12  49825.04   1045.80
00:03:15  71112.28   1521.37
00:03:18  50292.90   1064.24
00:03:21  39227.71    844.20
Connection to 192.168.1.102 closed.
time: 7
  Time         enp0s25      
HH:MM:SS   Kbps in  Kbps out
00:03:27  31455.88    676.93
00:03:30   2096.27     36.10
00:03:33    553.53      6.80
00:03:36   2049.64     45.69
00:03:39   2019.39     51.52
00:03:42    572.37     16.12
00:03:45   1957.77     27.90
00:03:48   2199.04     36.81
00:03:51   1984.95     25.91
00:03:54    477.11      5.53
00:03:57   2111.42     32.19
00:04:00   1866.51     42.23
00:04:03    434.75      6.14
00:04:06   2121.48    189.96
00:04:09    693.75     30.72
00:04:12   1271.13     35.46
00:04:15  67142.68   1427.80
00:04:18  98870.78   2044.83
00:04:21  98799.53   2200.12
Connection to 192.168.1.102 closed.
time: 8
  Time         enp0s25      
HH:MM:SS   Kbps in  Kbps out
00:04:27  98310.42   1993.43
00:04:30  98130.29   2093.95
00:04:33  98219.20   2140.12
00:04:36  98874.82   2252.03
00:04:39  98828.31   2312.00
00:04:42  98647.07   2117.00
00:04:45  98602.83   2215.40
00:04:48  93792.32   2175.37
00:04:51  97986.26   2133.79
00:04:54  98108.05   1992.16
00:04:57  97323.22   2894.84
00:05:00  98776.36   2164.94
00:05:03  98584.28   2881.08
00:05:06  98300.13   2086.05
00:05:09  97858.16   2071.10
00:05:12  96183.83   2793.23
00:05:15  97975.75   2087.36
00:05:18  87313.62   1881.86
00:05:21   6966.43    903.55
Connection to 192.168.1.102 closed.
time: 9
  Time         enp0s25      
HH:MM:SS   Kbps in  Kbps out
00:05:27   1275.96     18.73
00:05:30   1491.02     21.70
00:05:33   1850.73    802.26
00:05:36   1854.61     48.04
00:05:39   1619.85    799.66
00:05:42   2973.97    257.64
00:05:45   2649.66   1029.47
00:05:48     96.14    639.45
00:05:51   2574.57    897.77
00:05:54   2196.27    161.63
00:05:57    737.76    225.45
00:06:00   1859.27   1095.03
00:06:03   2671.40    703.35
00:06:06   2531.77    617.84
00:06:09    508.94   1270.74
00:06:12   1735.96    365.42
00:06:15   2029.67    461.59
00:06:18  48804.24   1630.94
00:06:21  74326.28   2104.85
Connection to 192.168.1.102 closed.
time: 10
  Time         enp0s25      
HH:MM:SS   Kbps in  Kbps out
00:06:27  75644.07   1846.08
00:06:30  78881.56   2074.05
00:06:33  78841.08   1881.68
00:06:36  86207.16   2091.87
00:06:39  62666.83   1567.06
00:06:42  47644.42   1262.05
00:06:45  83010.29   2124.31
00:06:48  66427.52   1730.98
00:06:51  74583.56   1761.58
00:06:54  81993.01   1787.92
00:06:57  96857.87   2149.72
00:07:00  97423.96   2245.31
00:07:03  97735.12   2151.67
00:07:06  98459.52   2155.53
00:07:09  98422.56   2306.81
00:07:12  98576.92   2257.87
00:07:15  98433.27   2193.87
00:07:18  98307.98   2155.61
00:07:21  98398.09   2308.05
Connection to 192.168.1.102 closed.
time: 11
  Time         enp0s25      
HH:MM:SS   Kbps in  Kbps out
00:11:16   2252.57   1171.73
00:11:19   2196.09    998.15
00:11:22    268.09   2905.37
00:11:25   2291.30    741.35
00:11:28   2483.42    203.42
00:11:31    612.48    595.56
00:11:34   1776.73    603.78
00:11:37   1089.43   1752.50
00:11:40  81843.67   2925.45
00:11:43  90390.81   2359.00
00:11:46  96999.69   2381.31
00:11:49  97556.59   2290.75
00:11:52  97252.90   2956.08
00:11:55  93831.02   3148.11
00:11:58  97329.19   3503.55
00:12:01  98046.24   2339.14
00:12:04  97373.14   2307.13
00:12:07  41171.98   2030.84
00:12:10   1060.24   1534.69
Connection to 192.168.1.102 closed.
time: 12
  Time         enp0s25      
HH:MM:SS   Kbps in  Kbps out
00:12:18   2053.60     35.48
00:12:21   1651.17   1445.34
00:12:24    889.48    756.76
00:12:27   2234.84   2051.55
00:12:30   2097.59     26.15
00:12:33    511.83    520.10
00:12:36   2141.19    539.62
00:12:39   2185.36   1500.74
00:12:42   2078.00   1673.57
00:12:45    244.68    509.50
00:12:48   2119.73    524.21
00:12:51   2078.07    525.69
00:12:54    523.22     14.24
00:12:57   2106.16   2540.78
00:13:00   2131.48   1126.03
00:13:03    493.79    496.05
00:13:06   2062.60     31.77
00:13:09   1699.85    528.44
00:13:12    457.03    499.24
Connection to 192.168.1.102 closed.
time: 13
  Time         enp0s25      
HH:MM:SS   Kbps in  Kbps out
00:13:17   2310.46   1903.04
00:13:20    289.42    525.42
00:13:23   2058.87    532.76
00:13:26   2162.85    589.06
00:13:29    539.66    156.48
00:13:32   1633.70   4101.53
00:13:35   1805.85   2109.70
00:13:38   3480.58   4250.75
00:13:41    489.95   3982.14
00:13:44   1666.04   2625.18
00:13:47   2395.84   4010.19
00:13:50    574.99   1208.91
00:13:53   2199.18   3768.20
00:13:56   1703.71   1799.83
00:13:59    737.33   2959.98
00:14:02   1683.58   3004.44
00:14:05   1830.67   2482.80
00:14:08   1447.68   3199.88
00:14:11   3444.01   3413.65
Connection to 192.168.1.102 closed.
time: 14
  Time         enp0s25      
HH:MM:SS   Kbps in  Kbps out
00:14:17    470.15   4666.04
00:14:20   2658.05   3584.91
00:14:23   2182.32   4676.97
00:14:26    558.57   4670.79
00:14:29   1903.54   4682.15
00:14:32   2188.79   4677.73
00:14:35    748.03   4669.63
00:14:38   2057.69   4673.38
00:14:41   1279.03   4666.28
00:14:44   1957.71   3499.49
00:14:47   1984.90   3548.43
00:14:50   1877.36   1534.61
00:14:53   1467.73    232.60
00:14:56   1922.10   3548.69
00:14:59   2100.69    858.36
00:15:02   2136.49    350.69
00:15:05   1972.67    418.67
00:15:08   2195.34   2119.47
00:15:11   2439.72   2391.70
Connection to 192.168.1.102 closed.
time: 15
  Time         enp0s25      
HH:MM:SS   Kbps in  Kbps out
00:15:16   2131.51    414.58
00:15:19   2053.18    106.34
00:15:22    500.97    427.04
00:15:25   2082.81   4396.45
00:15:28   2084.82    435.82
00:15:31    721.20    432.87
00:15:34   1918.08    121.30
00:15:37   1568.39   2951.01
00:15:40   2197.29   2505.39
00:15:43    502.18    437.17
00:15:46   2125.86    337.42
00:15:49   2078.79   1599.36
00:15:52    509.55   3538.83
00:15:55   2201.85    284.46
00:15:58   2060.16    200.06
00:16:01    520.59     96.80
00:16:04   2100.71   4419.74
00:16:07   2514.95    877.56
00:16:10   1957.91    452.27
Connection to 192.168.1.102 closed.
time: 16
  Time         enp0s25      
HH:MM:SS   Kbps in  Kbps out
00:16:16   1355.72   3102.48
00:16:19  71691.15   3295.48
00:16:22  95951.34   2404.46
00:16:25  98375.18   2277.81
00:16:28  90145.83   4319.25
00:16:31  87375.39   4031.67
00:16:34  97211.00   2328.42
00:16:37  93630.30   3260.06
00:16:40  78230.82   4991.28
00:16:43  92455.22   3346.36
00:16:46  86350.64   2100.06
00:16:49    485.47     56.75
00:16:52   2162.47   4615.22
00:16:55   2153.39   1232.89
00:16:58   2193.07    634.92
00:17:01    484.70    112.78
00:17:04   1665.97   3487.52
00:17:07   2308.86   2813.52
00:17:10    545.66   1242.46
Connection to 192.168.1.102 closed.
time: 17
  Time         enp0s25      
HH:MM:SS   Kbps in  Kbps out
00:17:16   2061.49   1738.19
00:17:19    972.16   4661.92
00:17:22   2433.94    311.07
00:17:25   1742.38    930.65
00:17:28    532.25    914.37
00:17:31   2473.72   3889.74
00:17:34   2172.13   1938.36
00:17:37    146.84    881.79
00:17:40   2100.35    922.37
00:17:43   1074.35   2458.90
00:17:46   1691.23   4183.19
00:17:49   1806.57    271.44
00:17:52   1599.92   1006.31
00:17:55   2589.51   2852.21
00:17:58   1802.20   3794.81
00:18:01   2229.06    241.41
00:18:04   2738.28   2222.39
00:18:07   1109.27   4383.21
00:18:10   2293.15    921.21
Connection to 192.168.1.102 closed.
time: 18
  Time         enp0s25      
HH:MM:SS   Kbps in  Kbps out
00:18:16    492.43    817.69
00:18:19   1816.48   4118.62
00:18:22   2234.01   1186.42
00:18:25    639.62    728.15
00:18:28   2182.57    148.13
00:18:31   1720.91   3050.24
00:18:34   2314.01   2209.27
00:18:37    506.24    784.79
00:18:40   2191.11    751.34
00:18:43   2252.54    592.40
00:18:46    524.41    279.29
00:18:49   1730.60    805.65
00:18:52   2174.10   2066.72
00:18:55    635.92   1567.70
00:18:58   2259.80    136.30
00:19:01   1674.63    624.37
00:19:04    555.96    580.53
00:19:07   2191.63    745.14
00:19:10   2158.40    616.41
Connection to 192.168.1.102 closed.
time: 19
  Time         enp0s25      
HH:MM:SS   Kbps in  Kbps out
00:19:16    594.17   2387.77
00:19:19   2220.69    612.69
00:19:22   2146.50    559.47
00:19:25    854.30    600.04
00:19:28   2084.53    126.88
00:19:31   1697.32    615.18
00:19:34    638.46    593.18
00:19:37   1961.74   3268.18
00:19:40   1536.96    108.94
00:19:43   1580.15    604.99
00:19:46   2114.78    561.81
00:19:49   2206.16    615.64
00:19:52   2092.99    523.28
00:19:55   1134.17   2115.13
00:19:58   2134.33    732.96
00:20:01   2190.99    728.43
00:20:04   2207.22     26.08
00:20:07   1751.15    737.26
00:20:10   4358.72   2473.23
Connection to 192.168.1.102 closed.
time: 20
  Time         enp0s25      
HH:MM:SS   Kbps in  Kbps out
00:20:16   2165.34     29.30
00:20:19   1685.31    718.61
00:20:22    688.72    537.96
00:20:25   2195.73    605.57
00:20:28   2164.67   1952.19
00:20:31    203.23    531.79
00:20:34   2099.30    547.81
00:20:37   2198.04    561.53
00:20:40   2167.92    545.60
00:20:43    535.28      9.10
00:20:46   1602.47   2360.74
00:20:49   2304.23    718.81
00:20:52    616.13    857.80
00:20:55   2149.30    193.76
00:20:58   1650.85    883.28
00:21:01    553.54    697.24
00:21:04   2218.98   1808.31
00:21:07   2108.19    413.23
00:21:10    334.51    879.64
Connection to 192.168.1.102 closed.
time: 21
  Time         enp0s25      
HH:MM:SS   Kbps in  Kbps out
00:21:17   2196.68    914.34
00:21:20   2211.30    841.64
00:21:23    118.80    863.93
00:21:26   2125.94    904.76
00:21:29   2246.82    918.30
00:21:32    543.19      7.26
00:21:35   1913.61    907.20
00:21:38   1408.09   1834.87
00:21:41   1093.27   1043.09
00:21:44   1938.41     25.84
00:21:47   1638.66   1066.57
00:21:50   2037.11   1049.25
00:21:53   2054.80   1232.03
00:21:56   1538.01     16.45
00:21:59   1720.13    542.80
00:22:02   2463.95    416.05
00:22:05   2478.92    764.75
00:22:08   2605.44     41.60
00:22:11    131.23    351.57
Connection to 192.168.1.102 closed.
time: 22
  Time         enp0s25      
HH:MM:SS   Kbps in  Kbps out
00:22:16   2075.32    372.81
00:22:19    500.63     10.75
00:22:22   1716.87    754.50
00:22:25   2142.34    366.80
00:22:28    873.26    379.49
00:22:31   2139.06     42.24
00:22:34   1707.95    428.52
00:22:37    514.61    606.29
00:22:40   1988.94    933.22
00:22:43   2184.32    684.67
00:22:46   2035.33    406.07
00:22:49     86.94    558.59
00:22:52   2048.44   1254.04
00:22:55   2131.38    590.82
00:22:58  17052.44    581.63
00:23:01  98272.94   2302.51
00:23:04  98784.54   2451.06
00:23:07  98902.69   2152.51
00:23:10  98893.74   2128.41
Connection to 192.168.1.102 closed.
time: 23
  Time         enp0s25      
HH:MM:SS   Kbps in  Kbps out
00:23:17  97148.14   2641.01
00:23:20  98733.06   2212.37
00:23:23  98429.68   2224.54
00:23:26  98272.63   2092.10
00:23:29  97930.39   2225.45
00:23:32  98210.67   2606.62
00:23:35  98761.16   2222.42
00:23:38  97976.90   2082.83
00:23:41  97650.19   2286.95
00:23:44  98124.73   2543.87
00:23:47  98388.14   2018.85
00:23:50  98687.20   2252.16
00:23:53  97422.27   2328.31
00:23:56  94225.87   2171.36
00:23:59  97495.47   2136.17
00:24:02  98198.58   2538.65
00:24:05  97062.92   2561.46
00:24:08  97353.76   2332.28
00:24:11  78395.86   1817.19
Connection to 192.168.1.102 closed.
time: 24
  Time         enp0s25      
HH:MM:SS   Kbps in  Kbps out
00:24:17    791.79    710.26
00:24:20   1985.30   1103.51
00:24:23   2221.45     29.74
00:24:26    108.04    683.58
00:24:29   2399.40    708.51
00:24:32   2332.90    733.72
00:24:35    521.53     17.78
00:24:38   1956.54   1113.25
00:24:41   2032.35    944.45
00:24:44   2200.42    895.90
00:24:47    581.20    101.23
00:24:50   1810.26   1169.91
00:24:53   2079.75   1881.12
00:24:56  28666.64   1536.98
00:24:59  94765.89   2206.74
00:25:02  95906.65   2977.73
00:25:05  95197.01   2531.70
00:25:08  96347.51   2463.17
00:25:11  98185.34   2143.66
Connection to 192.168.1.102 closed.
time: 25
  Time         enp0s25      
HH:MM:SS   Kbps in  Kbps out
00:25:17  96360.15   2473.50
00:25:20  96501.87   2555.91
00:25:23  91118.79   2364.56
00:25:26   2887.81    491.73
00:25:29   2192.91   1053.41
00:25:32   1022.81   1100.55
00:25:35   2016.32    865.63
00:25:38   2050.11    940.16
00:25:41   1840.03   1069.11
00:25:44    562.77   1046.40
00:25:47   2159.56   1841.38
00:25:50   2249.10    805.38
00:25:53    129.24   1044.97
00:25:56   2154.51   1055.75
00:25:59   2460.57   1870.23
00:26:02    568.34    755.34
00:26:05   1720.22   1062.26
00:26:08   2067.92   1062.09
00:26:11   1493.23   1144.74
Connection to 192.168.1.102 closed.
time: 26
  Time         enp0s25      
HH:MM:SS   Kbps in  Kbps out
00:29:04    469.66   1403.31
00:29:07   2233.44   2271.89
00:29:10   2119.24    919.32
00:29:13    470.43   1491.55
00:29:16   2193.56   1424.40
00:29:19   1747.58   1366.50
00:29:22   1270.80   1546.48
00:29:25   1321.66   1420.36
00:29:28  83861.40   2379.35
00:29:31  91688.28   3416.41
00:29:34  96887.46   2495.86
00:29:37  98248.76   2578.67
00:29:40  94684.52   2923.34
00:29:43  72469.02   1886.69
00:29:46  98114.47   2025.87
00:29:49  96980.46   2463.26
00:29:52  96401.35   2493.09
00:29:55  96858.44   2876.22
00:29:58  97189.82   2646.20
Connection to 192.168.1.102 closed.
time: 27
  Time         enp0s25      
HH:MM:SS   Kbps in  Kbps out
00:30:04  97562.48   2391.59
00:30:07  97279.85   3181.05
00:30:10  98424.02   2515.21
00:30:13  91933.98   2462.53
00:30:16  98496.71   2351.56
00:30:19  96326.53   2796.84
00:30:22  97462.08   2972.32
00:30:25  97784.12   2601.20
00:30:28  97179.77   2369.40
00:30:31  97732.55   2490.26
00:30:34  95547.19   3460.36
00:30:37  95837.70   2362.34
00:30:40  95393.50   2166.85
00:30:43  95691.53   2196.42
00:30:46  92830.91   2465.85
00:30:49  96301.06   2638.93
00:30:52  97796.25   2244.74
00:30:55  51190.14   1365.95
00:30:58   2007.64   1383.15
Connection to 192.168.1.102 closed.
time: 28
  Time         enp0s25      
HH:MM:SS   Kbps in  Kbps out
00:31:04   1513.38    704.59
00:31:07   4756.41    968.15
00:31:10    504.36    572.70
00:31:13   1719.23    726.25
00:31:16   2383.24   1123.73
00:31:19    854.05    855.84
00:31:22   2052.32    258.97
00:31:25   1674.36    728.42
00:31:28    570.39    700.51
00:31:31   2131.32   1431.48
00:31:34   2174.62     94.22
00:31:37   1806.69    726.61
00:31:40    877.03    692.97
00:31:43   2095.45   1338.05
00:31:46   2264.25    686.66
00:31:49    480.53     40.10
00:31:52   1779.23    707.62
00:31:55   2160.17    711.43
00:31:58    544.38   1079.99
Connection to 192.168.1.102 closed.
time: 29
  Time         enp0s25      
HH:MM:SS   Kbps in  Kbps out
00:32:04   2148.76    709.33
00:32:07    550.06    534.47
00:32:10   1815.20    413.72
00:32:13   1610.24    545.73
00:32:16   1891.85    553.90
00:32:19   2108.14    540.45
00:32:22   2053.62    928.86
00:32:25   2187.99     23.87
00:32:28   1263.30    530.60
00:32:31   1716.15    531.22
00:32:34   3032.30    942.36
00:32:37   1796.44    540.94
00:32:40   2065.66     26.44
00:32:43   2027.21    367.25
00:32:46     62.47    342.30
00:32:49   2208.69    768.14
00:32:52   2015.85     26.92
00:32:55    422.11    342.97
00:32:58   2049.62    372.05
Connection to 192.168.1.102 closed.
time: 30
  Time         enp0s25      
HH:MM:SS   Kbps in  Kbps out
00:33:04    509.50    352.41
00:33:07   1946.62    421.63
00:33:10   1864.15    419.48
00:33:13   2132.49    399.76
00:33:16    623.85    345.56
00:33:19   2055.78     35.09
00:33:22   1754.58    758.86
00:33:25    566.67    735.64
00:33:28   2166.15   1839.09
00:33:31   1015.34    140.87
00:33:34   1140.90   1199.04
00:33:37   1905.48   2039.39
00:33:40   4513.28    221.33
00:33:43    559.74    974.27
00:33:46   1649.46   1161.84
00:33:49   2249.63    198.10
00:33:52   2226.80   1172.02
00:33:55    600.52    974.78
00:33:58   1191.71    190.02
Connection to 192.168.1.102 closed.
