time: 0
  Time         enp0s25      
HH:MM:SS   Kbps in  Kbps out
01:04:11   1365.64     13.53
01:04:14   1795.20     14.39
01:04:17   1651.62     15.34
01:04:20   1317.68     27.26
01:04:23   1578.12     10.71
01:04:26   1611.58     19.84
01:04:29   1615.96     12.89
01:04:32   1608.89     14.80
01:04:35   1521.03     12.05
01:04:38   2882.78     23.19
01:04:41   5212.79     45.14
01:04:44   1478.45     12.05
01:04:47   2981.69     29.00
01:04:50   3391.63     27.72
01:04:53   1743.73     12.60
01:04:56   3254.52     29.15
01:04:59   2087.59     24.46
01:05:02   2617.98     18.41
01:05:05   2857.11     29.02
Connection to 192.168.1.102 closed.
time: 1
  Time         enp0s25      
HH:MM:SS   Kbps in  Kbps out
01:05:10   4331.43     45.18
01:05:13   3229.43     49.79
01:05:16   3519.38     46.99
01:05:19   1656.25     11.43
01:05:22   2970.14     30.52
01:05:25   2106.94     16.87
01:05:28   2619.07     23.67
01:05:31   2958.56     27.33
01:05:34   4838.13     57.77
01:05:37   1580.99     13.01
01:05:40   3163.58     19.03
01:05:43   3336.01     33.69
01:05:46   1747.30     11.77
01:05:49   2878.89     29.14
01:05:52   2399.72     15.87
01:05:55   3241.49     33.74
01:05:58   3273.61     32.69
01:06:01   3811.03     41.74
01:06:04   3184.24     26.49
Connection to 192.168.1.102 closed.
time: 2
  Time         enp0s25      
HH:MM:SS   Kbps in  Kbps out
01:06:10   3371.38     31.61
01:06:13   3270.74     33.32
01:06:16   1366.87     33.35
01:06:19   3015.08     26.93
01:06:22   2715.02     30.59
01:06:25   3158.76     33.58
01:06:28   4339.05     45.71
01:06:31   2890.63     30.64
01:06:34   1604.68      5.62
01:06:37   3488.80     41.25
01:06:40   3345.01     27.58
01:06:43   3016.22     28.54
01:06:46   1675.54      5.66
01:06:49   3253.13     34.96
01:06:52   3440.26     29.76
01:06:55   1355.13      8.53
01:06:58   3314.36     22.56
01:07:01   3363.86     31.80
01:07:04   1807.95      8.50
Connection to 192.168.1.102 closed.
time: 3
  Time         enp0s25      
HH:MM:SS   Kbps in  Kbps out
01:07:10   2962.48     30.00
01:07:13   1936.42     11.54
01:07:16   3321.73     26.63
01:07:19   3408.06     32.21
01:07:22   3053.94     45.22
01:07:25   1857.13      9.23
01:07:28   2675.91     25.06
01:07:31   2985.98     28.89
01:07:34   2396.03     20.79
01:07:37   2615.12     35.62
01:07:40   3314.86     33.48
01:07:43   3480.42     34.35
01:07:46   3372.44     29.97
01:07:49   3364.84     29.90
01:07:52   1771.85      5.56
01:07:55   3519.06     22.56
01:07:58   3259.77     34.33
01:08:01   1823.42      9.00
01:08:04   2943.00     23.94
Connection to 192.168.1.102 closed.
time: 4
  Time         enp0s25      
HH:MM:SS   Kbps in  Kbps out
01:08:10   3296.95     37.52
01:08:13   1712.09      7.78
01:08:16   2982.73     29.56
01:08:19   3166.62     32.43
01:08:22   1652.48     11.88
01:08:25   3283.47     46.80
01:08:28   2181.40     37.02
01:08:31   3188.13     24.87
01:08:34   2245.82     10.45
01:08:37   3109.69     35.74
01:08:40   2769.36     30.05
01:08:43   3144.33     26.20
01:08:46   3404.51     30.70
01:08:49   2963.09     34.36
01:08:52   3464.73     24.48
01:08:55   3643.07     30.51
01:08:58   4114.77     36.76
01:09:01   2065.52     13.37
01:09:04   3626.29     30.17
Connection to 192.168.1.102 closed.
time: 5
  Time         enp0s25      
HH:MM:SS   Kbps in  Kbps out
01:09:10   1825.61     16.13
01:09:13   3480.42     25.54
01:09:16   3560.00     26.37
01:09:19   3612.66     33.19
01:09:22   1528.25     18.62
01:09:25   3893.74     66.88
01:09:28   3620.19     42.40
01:09:31   1961.88     39.66
01:09:34  42074.38    902.87
01:09:37  94754.94   2028.99
01:09:41  73243.57   1544.60
01:09:44  84697.29   1808.13
01:09:47  66490.86   1449.27
01:09:50  60143.23   1266.42
01:09:53  68996.77   1436.80
01:09:56  83249.46   1712.48
01:09:59  77242.45   1627.73
01:10:02  93783.99   1968.59
01:10:05  86982.42   1873.60
Connection to 192.168.1.102 closed.
time: 6
  Time         enp0s25      
HH:MM:SS   Kbps in  Kbps out
01:10:10  99299.87   2115.00
01:10:13  78653.31   1673.00
01:10:16  92538.05   1904.34
01:10:19  85039.05   1729.51
01:10:22  91669.08   1848.81
01:10:25  64195.51   1322.41
01:10:28  98669.83   2148.29
01:10:31  89370.07   1861.39
01:10:34  77810.92   1659.49
01:10:37  86584.17   1826.94
01:10:40  91270.33   1925.09
01:10:43  93772.56   2005.55
01:10:46  73350.28   1560.31
01:10:49  66708.98   1407.64
01:10:52  44485.67    956.34
01:10:55  38143.04    788.26
01:10:58  48004.09   1009.03
01:11:01  26542.18    531.18
01:11:04  26207.33    527.23
Connection to 192.168.1.102 closed.
time: 7
  Time         enp0s25      
HH:MM:SS   Kbps in  Kbps out
01:11:10  29019.79    573.04
01:11:13  46896.90    979.58
01:11:16  31298.62    653.08
01:11:19   3187.42     36.18
01:11:22   3516.22     42.57
01:11:25   2224.03     30.02
01:11:28   3240.31     36.71
01:11:31   2913.04     32.22
01:11:34   2890.09     23.91
01:11:37   3501.55     46.70
01:11:40   3463.25     33.16
01:11:43   3111.73     38.00
01:11:46   2502.52     16.43
01:11:49   3595.69     42.91
01:11:52   3471.72     29.24
01:11:55   3150.12     31.16
01:11:58   3818.69     65.69
01:12:01   4843.36    104.13
01:12:04  99265.48   2080.64
Connection to 192.168.1.102 closed.
time: 8
  Time         enp0s25      
HH:MM:SS   Kbps in  Kbps out
01:12:10  99676.98   2161.34
01:12:13  99409.79   2088.66
01:12:16  98790.34   2054.00
01:12:19  98961.96   2014.52
01:12:22  99623.84   2117.47
01:12:25  99700.59   2133.17
01:12:28  99722.47   2138.47
01:12:31  99694.16   2120.05
01:12:34  99470.96   2103.17
01:12:37  99653.49   2088.78
01:12:40  97510.13   1976.94
01:12:43  97267.53   2683.86
01:12:46  99393.61   2266.66
01:12:49  99982.98   2183.03
01:12:52  99383.96   2215.35
01:12:55  97909.67   2870.62
01:12:58  98959.94   2109.96
01:13:01  98869.46   2094.64
01:13:04  73914.12   1571.32
Connection to 192.168.1.102 closed.
time: 9
  Time         enp0s25      
HH:MM:SS   Kbps in  Kbps out
01:13:11   3184.26     36.09
01:13:14   3283.30     30.98
01:13:17   2391.49     26.58
01:13:20   3016.20    972.79
01:13:23   3558.50    175.51
01:13:26   3425.07     88.72
01:13:29   3774.81    683.33
01:13:32   3345.87    259.46
01:13:35   2050.78     16.27
01:13:38   3363.72     34.24
01:13:41   2945.65     27.77
01:13:44   1978.93    787.94
01:13:47   3317.71     41.60
01:13:50   3617.68     30.41
01:13:53   1740.72    448.09
01:13:56   2913.25     84.93
01:13:59   3459.21    163.40
01:14:02  11103.72    352.78
01:14:05  77493.99   1839.36
Connection to 192.168.1.102 closed.
time: 10
  Time         enp0s25      
HH:MM:SS   Kbps in  Kbps out
01:14:10  83497.28   2260.16
01:14:13  87592.97   2049.91
01:14:16  95666.33   2194.38
01:14:19  95808.14   2417.44
01:14:22  89747.59   2088.86
01:14:25  93968.86   2294.67
01:14:28  88813.32   2131.57
01:14:31  84930.26   2950.95
01:14:34  71696.83   2035.85
01:14:37  78227.43   1981.65
01:14:40  80474.54   1965.67
01:14:43  84469.37   2218.11
01:14:46  76986.23   2159.84
01:14:49  91286.78   2430.93
01:14:52  76895.85   1997.05
01:14:55  87242.60   1884.58
01:14:58  80164.02   2063.86
01:15:01  92132.13   2093.74
01:15:04  73085.70   1751.55
Connection to 192.168.1.102 closed.
time: 11
  Time         enp0s25      
HH:MM:SS   Kbps in  Kbps out
01:18:55   3427.73     57.12
01:18:58   3311.87    760.94
01:19:01   3411.61    749.20
01:19:04   4140.37   2694.81
01:19:07   3705.22    788.93
01:19:10   1671.32    724.98
01:19:13   3705.08    756.16
01:19:16   3718.86    760.09
01:19:19   1890.78     28.39
01:19:22   3076.49   2540.95
01:19:25   3379.28    732.74
01:19:28  15814.51    990.28
01:19:31  35357.62    733.05
01:19:34  25948.32   1045.19
01:19:37  49194.77   1878.93
01:19:40  36769.51   1807.25
01:19:43  31112.92   1042.39
01:19:46  32928.18   1040.99
01:19:49  36169.91   1269.16
Connection to 192.168.1.102 closed.
time: 12
  Time         enp0s25      
HH:MM:SS   Kbps in  Kbps out
01:19:56  26495.05   1949.57
01:19:59  35530.03   1067.47
01:20:02  27459.98   1091.77
01:20:05  36869.13   1114.52
01:20:08  26190.39   1037.25
01:20:11  24685.23    511.54
01:20:14  37659.40   2557.02
01:20:17  44020.74   1409.54
01:20:20  48845.93   1539.57
01:20:23  53558.64   1161.32
01:20:26  46624.23   1233.20
01:20:29  50264.79   2056.13
01:20:32  29641.63   2335.23
01:20:35  45773.35   1830.37
01:20:38  60255.02   1773.04
01:20:41  38768.13   1330.30
01:20:44   3183.34   1992.00
01:20:47   3428.59   2175.26
01:20:50   2948.42    550.05
Connection to 192.168.1.102 closed.
time: 13
  Time         enp0s25      
HH:MM:SS   Kbps in  Kbps out
01:20:56   3547.29    556.34
01:20:59   3350.40   2615.78
01:21:02   3817.24   1555.27
01:21:05   3558.61    565.22
01:21:08   1868.98    536.79
01:21:11   3442.66    554.60
01:21:14   3464.89    998.35
01:21:17   2907.12   2680.36
01:21:20   2377.53    505.11
01:21:23   3552.79    599.63
01:21:26   3330.79    457.92
01:21:29   1803.67    256.76
01:21:32   3325.89   1766.20
01:21:35   3146.96    641.96
01:21:38   1847.48    244.15
01:21:41   3429.32    201.10
01:21:44   3332.06     92.92
01:21:47   1411.67    244.48
01:21:50   3672.20   2928.28
Connection to 192.168.1.102 closed.
time: 14
  Time         enp0s25      
HH:MM:SS   Kbps in  Kbps out
01:21:56   1750.68    244.14
01:21:59   2962.63    262.30
01:22:02   3327.88    262.87
01:22:05   2089.55    311.85
01:22:08   3157.13   2669.55
01:22:11   3239.26    253.31
01:22:14   3009.87    255.10
01:22:17   1820.56    185.14
01:22:20   3478.49     83.33
01:22:23   1895.91   1110.47
01:22:26   2935.75   2006.36
01:22:29   3112.67    204.25
01:22:32   2815.39     84.47
01:22:35   3193.59    264.67
01:22:38   3197.91   1474.74
01:22:41   3491.00   1543.95
01:22:44   2986.38     85.48
01:22:47   2420.01     88.55
01:22:50   3361.68    261.34
Connection to 192.168.1.102 closed.
time: 15
  Time         enp0s25      
HH:MM:SS   Kbps in  Kbps out
01:22:56   1856.91    146.13
01:22:59   3626.19     95.69
01:23:02   2891.27    119.20
01:23:05   1793.51     63.83
01:23:08   3623.42   2318.98
01:23:11   3308.36     91.58
01:23:14   1629.27     72.06
01:23:17   3035.55     89.20
01:23:20   3389.82   1776.11
01:23:23   1952.33     10.48
01:23:26   3229.59   3773.26
01:23:29   3102.12    102.48
01:23:32   3396.94     86.03
01:23:35   1722.65     10.41
01:23:38   3290.46     92.32
01:23:41   3044.52   1376.23
01:23:44   1998.72   3826.21
01:23:47   3426.92    223.88
01:23:50   3337.37    415.63
Connection to 192.168.1.102 closed.
time: 16
  Time         enp0s25      
HH:MM:SS   Kbps in  Kbps out
01:23:56   3373.56    442.45
01:23:59  79011.47   3129.03
01:24:02  93468.79   3842.46
01:24:05  97779.78   2403.19
01:24:08  98122.80   2201.48
01:24:11  98628.85   2247.94
01:24:14  98576.15   2181.03
01:24:17  91011.12   3955.08
01:24:20  96271.16   3215.15
01:24:23  98825.19   2312.99
01:24:26  51330.96   1477.58
01:24:29   2433.55   3586.34
01:24:32   3406.80     32.79
01:24:35   3402.24    132.14
01:24:38   5314.96   3411.66
01:24:41   1406.59    502.73
01:24:44   3535.16    300.14
01:24:47   3836.54   2169.32
01:24:50   1933.27   1782.14
Connection to 192.168.1.102 closed.
time: 17
  Time         enp0s25      
HH:MM:SS   Kbps in  Kbps out
01:24:56   3485.32    374.49
01:24:59   1982.78    368.79
01:25:02   3231.84   4682.72
01:25:05   3169.25   1135.30
01:25:08   3433.45    318.83
01:25:11   1816.93    274.32
01:25:14   3478.88   3885.61
01:25:17   3486.12   2412.00
01:25:20   1853.24    723.87
01:25:23   3415.70    466.19
01:25:26   3453.70   2279.73
01:25:29   1923.66   3590.23
01:25:32   3566.73    711.97
01:25:35   3514.58    241.76
01:25:38   2012.80    797.42
01:25:41   2888.58   4669.47
01:25:44   2992.00   3034.23
01:25:47   3340.16    335.41
01:25:50   3421.72   1590.65
Connection to 192.168.1.102 closed.
time: 18
  Time         enp0s25      
HH:MM:SS   Kbps in  Kbps out
01:25:56   3483.02   1154.59
01:25:59   3078.04   1073.21
01:26:02   3335.93   4674.34
01:26:05   3053.97   1241.67
01:26:08   3406.25   1156.87
01:26:11   1856.49   1046.65
01:26:14   3412.77   2988.37
01:26:17   3471.62   2909.89
01:26:20   1757.28   1077.11
01:26:23   3378.38   1041.48
01:26:26   3341.07     94.52
01:26:29   1427.03   1078.03
01:26:32   3532.88   3780.11
01:26:35   3458.41   1149.86
01:26:38   2009.99     75.79
01:26:41   3114.22    583.13
01:26:44   2979.08    587.65
01:26:47   3227.17   1024.93
01:26:50   1804.43   2875.37
Connection to 192.168.1.102 closed.
time: 19
  Time         enp0s25      
HH:MM:SS   Kbps in  Kbps out
01:26:56   1911.75    568.54
01:26:59   3409.66    541.90
01:27:02   3461.40    241.32
01:27:05   1544.57    444.95
01:27:08   3498.96   3397.82
01:27:11   3463.67    526.14
01:27:14   3337.38     92.09
01:27:17   1450.21    586.84
01:27:20   3237.90    591.21
01:27:23   2115.65   1245.65
01:27:26   2930.21   2070.29
01:27:29   3009.46    591.81
01:27:32   2908.68    583.86
01:27:35   2897.07    592.92
01:27:38   3290.74    545.21
01:27:41   3330.89   1382.77
01:27:44   3446.94   1328.42
01:27:47   2992.50    587.40
01:27:50   2352.24    581.51
Connection to 192.168.1.102 closed.
time: 20
  Time         enp0s25      
HH:MM:SS   Kbps in  Kbps out
01:27:56   2897.70    527.63
01:27:59   3752.38   2137.37
01:28:02   2844.47    588.72
01:28:05   1843.03    599.67
01:28:08   3320.77    597.84
01:28:11   3283.10     89.66
01:28:14   1335.11    573.41
01:28:17   3245.31    588.79
01:28:20   3494.88   2394.39
01:28:23   2307.77    737.05
01:28:26   2845.17     88.30
01:28:29   2947.43    599.31
01:28:32   3304.82    535.20
01:28:35   1696.61    582.91
01:28:38   3358.03    865.94
01:28:41   3127.98    596.48
01:28:44   1745.77    571.07
01:28:47   3474.72    540.40
01:28:50   3367.05     87.08
Connection to 192.168.1.102 closed.
time: 21
  Time         enp0s25      
HH:MM:SS   Kbps in  Kbps out
01:28:56   3260.90   1257.61
01:28:59   3518.31    418.54
01:29:02   1771.74    419.36
01:29:05   2908.06    949.31
01:29:08   3327.73    792.71
01:29:11   2079.50    344.11
01:29:14   3185.87   1211.27
01:29:17   2981.12    941.59
01:29:20   3608.36    874.65
01:29:23   1757.57    360.63
01:29:26   3367.51    639.20
01:29:29   2430.91   1318.43
01:29:32   2485.39    586.98
01:29:35   2879.83    524.09
01:29:38   3429.16    598.30
01:29:41   3638.73     93.08
01:29:44   3193.80    972.86
01:29:47   2852.17    699.21
01:29:50   3492.31    554.61
Connection to 192.168.1.102 closed.
time: 22
  Time         enp0s25      
HH:MM:SS   Kbps in  Kbps out
01:29:56   3890.07    676.77
01:29:59   3215.13    710.51
01:30:02   1806.43    685.76
01:30:05   3373.39    553.45
01:30:08   3355.24    224.26
01:30:11   1340.96    625.96
01:30:14   3433.06   1313.96
01:30:17   3272.33    541.52
01:30:20   1706.68      8.61
01:30:23   2979.38    541.14
01:30:26   3280.12   1248.65
01:30:29   1738.24    522.74
01:30:32   3471.32    537.56
01:30:35   3423.09     43.96
01:30:38   3070.11    219.52
01:30:41  17405.58    541.17
01:30:44  99489.11   2190.21
01:30:47  99466.93   2576.87
01:30:50  98923.21   2173.18
Connection to 192.168.1.102 closed.
time: 23
  Time         enp0s25      
HH:MM:SS   Kbps in  Kbps out
01:30:56  99394.50   2184.80
01:30:59  98917.81   2052.39
01:31:02  98495.14   2095.30
01:31:05  98080.34   2984.22
01:31:08  99752.03   2579.47
01:31:11  99881.20   2177.42
01:31:14  99199.56   2209.41
01:31:17  98662.86   2304.50
01:31:20  99578.87   2246.72
01:31:23  98520.08   3576.65
01:31:26  99359.46   2114.98
01:31:29  99008.50   2257.19
01:31:32  97918.36   2427.23
01:31:35  96739.56   2999.75
01:31:38  98452.06   2808.59
01:31:41  90035.59   2335.97
01:31:44  97734.49   2395.39
01:31:47  98312.99   2362.15
01:31:50  98750.59   2105.91
Connection to 192.168.1.102 closed.
time: 24
  Time         enp0s25      
HH:MM:SS   Kbps in  Kbps out
01:31:56  19669.25   1238.24
01:31:59   3552.50    814.18
01:32:02   3368.69     28.52
01:32:05   1673.58    852.71
01:32:08   3243.44    865.79
01:32:11   3390.08   2610.93
01:32:14   3596.41     34.36
01:32:17   1491.80    852.65
01:32:20   3452.45    863.50
01:32:23   3796.37   1637.15
01:32:26   1873.80    991.53
01:32:29   3049.82   1350.45
01:32:32   3366.54   1531.68
01:32:35   2205.20   1079.49
01:32:38   3305.85   2790.09
01:32:41   3335.09   1201.69
01:32:44   3369.89   1275.11
01:32:47   1791.25   1408.21
01:32:50   2600.96   1891.63
Connection to 192.168.1.102 closed.
time: 25
  Time         enp0s25      
HH:MM:SS   Kbps in  Kbps out
01:32:56   2282.41   1212.89
01:32:59   3217.91    663.51
01:33:02   3237.12   2455.44
01:33:05   3324.94   1169.93
01:33:08   2879.48   1204.57
01:33:11   5480.12   2320.48
01:33:14   1709.23   1206.35
01:33:17   3354.56    776.04
01:33:20   3041.48   2489.49
01:33:23   1683.04   1624.99
01:33:26   3336.64    449.10
01:33:29   3292.40    778.47
01:33:32   1607.43   1167.28
01:33:35   2788.79   2935.22
01:33:38   3545.87   1189.08
01:33:41   3213.23    470.66
01:33:44   1732.30    712.52
01:33:47   2938.17   3320.58
01:33:50   3288.58   1960.87
Connection to 192.168.1.102 closed.
time: 26
  Time         enp0s25      
HH:MM:SS   Kbps in  Kbps out
01:36:06   3321.07   1206.53
01:36:09   3522.14   1273.81
01:36:12   1858.19   2877.18
01:36:15   3395.37   1214.58
01:36:18   3548.88   1207.77
01:36:21   1640.17      7.60
01:36:24   2939.72   4484.67
01:36:27   3321.86   1190.27
01:36:30   3255.69   1185.55
01:36:33   1754.52   1168.35
01:36:36   3254.25   2891.48
01:36:39   2914.14   1603.43
01:36:42   1625.96    838.24
01:36:45   3211.72    857.63
01:36:48   3221.74   1166.65
01:36:51   1986.17   2228.30
01:36:54   2900.84    854.41
01:36:57   3331.54    858.71
01:37:00   1640.30    835.05
Connection to 192.168.1.102 closed.
time: 27
  Time         enp0s25      
HH:MM:SS   Kbps in  Kbps out
01:37:06   2664.96    860.94
01:37:09   3288.87    858.72
01:37:12   3343.54   1264.38
01:37:15   3467.78   1583.89
01:37:18   1916.21   1015.98
01:37:21   3338.39   1024.15
01:37:24   3780.76   2589.44
01:37:27   3356.39     32.73
01:37:30   1432.08    865.24
01:37:33   3304.32    852.22
01:37:36   3601.04   1361.03
01:37:39   1718.18   1071.91
01:37:42   3762.65   1606.35
01:37:45   2975.87    694.52
01:37:48   1630.19    671.25
01:37:52   3186.63   2252.07
01:37:55   3427.63     22.30
01:37:58   2876.11    703.90
01:38:01   1703.75    676.61
Connection to 192.168.1.102 closed.
time: 28
  Time         enp0s25      
HH:MM:SS   Kbps in  Kbps out
01:38:07   3383.69   1183.28
01:38:10   1933.66    340.25
01:38:13   3047.76    838.64
01:38:16   3434.21   2082.75
01:38:19   1948.58   1380.25
01:38:22   3367.41    124.73
01:38:25   3375.56    881.05
01:38:28   1457.97    858.18
01:38:31   3176.59   4425.43
01:38:34   2897.89    532.99
01:38:37   3270.32    891.00
01:38:40   3286.42   3427.24
01:38:43   3291.37   1695.92
01:38:46   2800.34    226.51
01:38:49   2971.88   2247.57
01:38:52   4104.43   1471.33
01:38:55   3371.83    711.31
01:38:58   2099.05    675.96
01:39:01   3353.39   2346.33
Connection to 192.168.1.102 closed.
time: 29
  Time         enp0s25      
HH:MM:SS   Kbps in  Kbps out
01:39:07   1746.37    705.85
01:39:10   2961.90    705.00
01:39:13   3664.58   2060.08
01:39:16   3453.30   2080.48
01:39:19   1875.60   4523.38
01:39:22   2991.84   4595.33
01:39:25   2468.03   2708.96
01:39:28   2879.50   3450.63
01:39:31   2927.82   3329.07
01:39:34   5287.06   4539.75
01:39:37   2040.62   4319.95
01:39:40   3480.16   3290.48
01:39:43   3418.08   2173.02
01:39:46   1436.20   1883.60
01:39:49   3915.53   4239.34
01:39:52   2897.07   2403.54
01:39:55   3393.67   3103.31
01:39:58   2036.47   3046.87
01:40:01   5434.05   4276.91
Connection to 192.168.1.102 closed.
time: 30
  Time         enp0s25      
HH:MM:SS   Kbps in  Kbps out
01:40:07   2827.24   3320.99
01:40:10   3637.82   3966.29
01:40:13   3726.62   4031.41
01:40:16   1861.26   4537.61
01:40:19  53725.99   3875.40
01:40:22  88820.31   4296.85
01:40:25  88592.77   4930.44
01:40:28  87290.04   4985.12
01:40:31  85792.65   4977.43
01:40:34  80203.18   4988.84
01:40:37  79556.73   4994.51
01:40:40  88625.59   4998.50
01:40:43  85033.90   4984.72
01:40:46  85359.41   4995.93
01:40:49  84576.93   4972.89
01:40:52   4005.88   4683.82
01:40:55   3486.89   4015.19
01:40:58   2860.74   4154.60
01:41:01   3635.31   3201.40
Connection to 192.168.1.102 closed.
