time: 0
  Time         enp0s25      
HH:MM:SS   Kbps in  Kbps out
09:57:22   5487.82     20.56
09:57:25   5255.28     28.56
09:57:28   5485.75      9.61
09:57:31   5269.32     24.00
09:57:34   5663.74     14.91
09:57:37   5022.27     14.09
09:57:40   5611.46     13.50
09:57:43   6169.22     20.05
09:57:46   6936.10     26.06
09:57:49   5825.08     27.84
09:57:52   7240.84     34.61
09:57:55   6970.43     31.84
09:57:58   5346.37     13.21
09:58:01   6840.31     30.51
09:58:04   6824.17     30.54
09:58:07   6868.63     17.69
09:58:10   5317.14     16.96
09:58:13   6938.97     27.09
09:58:16   6640.57     33.08
Connection to 192.168.1.102 closed.
time: 1
  Time         enp0s25      
HH:MM:SS   Kbps in  Kbps out
09:58:21   8232.16     56.89
09:58:24   6584.33     39.29
09:58:27   5565.42      7.32
09:58:30   7492.21     35.57
09:58:33   7066.34     44.86
09:58:36   5777.38     15.23
09:58:39   6432.59     21.73
09:58:42   6333.27     25.18
09:58:45   7120.82     24.73
09:58:48   7896.54     34.48
09:58:51   6822.80     37.62
09:58:54   6820.27     30.67
09:58:57   5473.44      9.30
09:59:00   6938.96     36.68
09:59:03   5823.54     13.93
09:59:06   5842.49    184.00
09:59:09   6823.38    196.94
09:59:12   9106.28    199.84
09:59:15   5407.18     25.44
Connection to 192.168.1.102 closed.
time: 2
  Time         enp0s25      
HH:MM:SS   Kbps in  Kbps out
09:59:21   7209.26    218.45
09:59:24   5307.98     87.90
09:59:27   7202.50     25.61
09:59:30   6209.48     30.21
09:59:33   7036.20     40.56
09:59:36   5889.15    525.60
09:59:39   8972.61   1198.32
09:59:42   5569.90     12.81
09:59:45   6434.91    457.99
09:59:48   7052.10    201.33
09:59:51   7016.26    197.26
09:59:54   5433.61     12.03
09:59:57   6201.07    190.91
10:00:00   6936.05    199.48
10:00:03   6919.64    191.22
10:00:06   8547.79     42.57
10:00:09   6712.50    200.88
10:00:12   5479.00    306.94
10:00:15   7340.71   2761.42
Connection to 192.168.1.102 closed.
time: 3
  Time         enp0s25      
HH:MM:SS   Kbps in  Kbps out
10:00:21   5947.61    764.20
10:00:24   6500.93   4292.08
10:00:27   7756.33   1147.61
10:00:30   9203.58   1168.47
10:00:33   5628.71     10.83
10:00:36   6861.07   1181.09
10:00:39   7371.50    756.85
10:00:42   5569.99   1559.10
10:00:45   7228.10   1660.05
10:00:48   7099.63    935.58
10:00:51   5322.75    148.93
10:00:54   6222.71   1207.47
10:00:57   6752.60   1156.63
10:01:00   6712.43    941.39
10:01:03   8458.49    263.19
10:01:06   6531.03   1150.67
10:01:09   7439.63   1161.21
10:01:12   5362.90    856.40
10:01:15   7197.97    405.77
Connection to 192.168.1.102 closed.
time: 4
  Time         enp0s25      
HH:MM:SS   Kbps in  Kbps out
10:01:21   6311.15   1220.29
10:01:24   6773.18   1175.37
10:01:27   9347.02     92.12
10:01:30   5255.71   1040.82
10:01:33   6961.34   1146.65
10:01:36   7691.80   2451.72
10:01:39   5279.64   3158.33
10:01:42   7176.99   1498.25
10:01:45   5891.92   3920.57
10:01:48   6860.90   3139.57
10:01:51   6253.82    912.96
10:01:54   8861.04   1487.35
10:01:57   6367.37   1656.56
10:02:00   5677.76   2889.19
10:02:03   7182.78   2635.27
10:02:06   6874.47   2574.07
10:02:09   5245.46   1535.59
10:02:12   6723.59   3027.48
10:02:15   7393.21   2088.28
Connection to 192.168.1.102 closed.
time: 5
  Time         enp0s25      
HH:MM:SS   Kbps in  Kbps out
10:02:21   8910.09   3098.56
10:02:24   7724.11   3078.22
10:02:27   5631.02   1408.66
10:02:30   7392.62   2159.37
10:02:33   6870.61   3178.38
10:02:36   5973.11   2020.35
10:02:39  78534.85   3180.32
10:02:42  98456.13   3531.11
10:02:45  75638.31   3712.14
10:02:48  82259.60   4010.44
10:02:51  66806.06   2768.25
10:02:54  64442.62   2505.20
10:02:57  67412.68   3458.79
10:03:00  63810.42   3144.15
10:03:03  94212.28   2131.08
10:03:06  81358.42   2877.39
10:03:09  69510.03   4030.21
10:03:12  86140.45   2519.81
10:03:15  97785.24   2384.58
Connection to 192.168.1.102 closed.
time: 6
  Time         enp0s25      
HH:MM:SS   Kbps in  Kbps out
10:03:21  83379.32   3664.76
10:03:24  67287.23   1694.12
10:03:27  80523.51   1786.44
10:03:30  81211.18   1586.78
10:03:33  66186.01   2130.20
10:03:36  86374.08   3080.22
10:03:39  83943.33   1919.86
10:03:42  81248.48   1680.16
10:03:45  72855.58   1727.43
10:03:48  81046.65   3556.01
10:03:51  69998.34   1535.44
10:03:54  81760.31   1665.79
10:03:57  65261.73   1476.47
10:04:00  70334.01   2782.15
10:04:03  76320.65   1729.78
10:04:06  77570.64   1749.40
10:04:09  74185.89   1643.72
10:04:12  44767.73   2065.66
10:04:15  29693.61    916.19
Connection to 192.168.1.102 closed.
time: 7
  Time         enp0s25      
HH:MM:SS   Kbps in  Kbps out
10:04:21  36907.56    962.00
10:04:24  41534.14   2272.07
10:04:27  41423.02   1099.16
10:04:30  29587.69    753.85
10:04:33  31148.50    545.52
10:04:36  39303.03   2266.50
10:04:39  34969.01    980.48
10:04:42  40127.83   1076.70
10:04:45  43087.04   1073.75
10:04:48  34099.87    775.62
10:04:51  52675.21   1726.00
10:04:54  35827.12   1953.12
10:04:57  34057.47    938.07
10:05:00  36774.69    820.19
10:05:03  33268.58    615.00
10:05:06  29428.92    852.81
10:05:09  49583.77   1924.99
10:05:12  31868.98    929.03
10:05:15  26354.10    450.23
Connection to 192.168.1.102 closed.
time: 8
  Time         enp0s25      
HH:MM:SS   Kbps in  Kbps out
10:05:21  39816.52    991.35
10:05:24  31853.44    744.90
10:05:27  39048.41   1662.57
10:05:30  29511.72    873.00
10:05:33  31694.49    915.15
10:05:36  27212.05    608.70
10:05:39  40764.45    826.73
10:05:42  33926.07    952.22
10:05:45  35752.34   1656.95
10:05:48  44534.51   1187.83
10:05:51  46797.08    946.28
10:05:54  33906.80    753.17
10:05:57  27881.83    825.79
10:06:00  41667.35   1118.38
10:06:03  39308.48   1978.69
10:06:06  36704.16    786.98
10:06:09  42347.70    957.12
10:06:12  33575.06    791.58
10:06:15  29526.70   1327.53
Connection to 192.168.1.102 closed.
time: 9
  Time         enp0s25      
HH:MM:SS   Kbps in  Kbps out
10:06:21  39333.49   1004.17
10:06:24  18683.79    448.37
10:06:27  29357.61    691.98
10:06:30  39801.95   1533.05
10:06:33  31580.14    695.31
10:06:36  41335.07    939.59
10:06:39  28490.67    676.31
10:06:42  41515.42    785.66
10:06:45  29787.51   1471.52
10:06:48  28530.53    674.44
10:06:51  29715.74    691.24
10:06:54  42605.32    969.14
10:06:57  29192.34    986.61
10:07:00  39899.00   1256.12
10:07:03  33239.35    594.99
10:07:06  50188.44   1136.98
10:07:09  39746.59    843.93
10:07:12  37604.98   1638.86
10:07:15   6806.01     30.99
Connection to 192.168.1.102 closed.
time: 10
  Time         enp0s25      
HH:MM:SS   Kbps in  Kbps out
10:07:22   7081.36    341.46
10:07:25   6825.39   1139.27
10:07:28   6714.74    621.41
10:07:31   4692.69    972.42
10:07:34   6728.88    407.35
10:07:37   5780.65   1030.43
10:07:40   6067.58    508.14
10:07:43   6342.75    240.75
10:07:46   6052.53    307.87
10:07:49   6824.06   1347.25
10:07:52   6808.59    272.95
10:07:55   7105.59    255.16
10:07:58   5778.76    279.28
10:08:01   7959.78   1232.77
10:08:04   6926.55    434.04
10:08:07   5589.41    219.82
10:08:10   7034.07    502.70
10:08:13   7212.88   1064.38
10:08:16   7107.77    352.84
Connection to 192.168.1.102 closed.
time: 11
  Time         enp0s25      
HH:MM:SS   Kbps in  Kbps out
10:13:41   5862.86   4050.11
10:13:44   6760.79    439.95
10:13:47  20365.61    997.45
10:13:50  97033.87   2243.67
10:13:53  97895.52   2070.47
10:13:56  87404.49   3563.07
10:13:59  70374.90   4965.52
10:14:02  93540.94   2609.77
10:14:05  96499.38   2154.06
10:14:08  82767.61   2778.29
10:14:11  61537.61   4948.84
10:14:14  88110.06   4238.57
10:14:17  96160.32   2249.81
10:14:20  100026.2   2307.21
10:14:23  78001.16   4374.70
10:14:26  80919.86   4983.61
10:14:29  93608.34   2026.72
10:14:32  99122.40   2264.24
10:14:35  91492.00   3341.75
Connection to 192.168.1.102 closed.
time: 12
  Time         enp0s25      
HH:MM:SS   Kbps in  Kbps out
10:14:42  95458.69   3087.76
10:14:45  100573.7   2118.89
10:14:48  83069.69   4003.53
10:14:51  75898.09   4979.10
10:14:54  97379.80   2914.48
10:14:57  98991.12   2085.54
10:15:00  69279.53   4956.52
10:15:03  80506.17   4419.72
10:15:06  60498.39   1414.75
10:15:09   5871.88     10.54
10:15:12   6978.70    496.94
10:15:15   7560.99    323.00
10:15:18   5963.15    359.93
10:15:21   7137.20   4018.88
10:15:24   6811.88    326.32
10:15:27   7672.13    328.53
10:15:30   5919.60    306.25
10:15:33   7534.62     30.99
10:15:36   7063.28    327.41
Connection to 192.168.1.102 closed.
time: 13
  Time         enp0s25      
HH:MM:SS   Kbps in  Kbps out
10:15:41   7661.27   2890.61
10:15:44   7492.69   1391.35
10:15:47   5752.65    338.98
10:15:50   7462.60    223.75
10:15:53   7525.79    297.98
10:15:56   5853.00     67.19
10:15:59   7044.88    190.12
10:16:02   8221.61   2160.07
10:16:05   6238.83   2483.13
10:16:08   7377.35    104.87
10:16:11   7014.66    330.53
10:16:14   7681.06    670.47
10:16:17   5942.68    497.71
10:16:20   7582.32   2710.37
10:16:23   6833.06    664.94
10:16:26   5761.75    638.37
10:16:29   7557.44    470.11
10:16:32   7161.08    236.87
10:16:35   5149.25    650.65
Connection to 192.168.1.102 closed.
time: 14
  Time         enp0s25      
HH:MM:SS   Kbps in  Kbps out
10:16:41   7125.80     43.11
10:16:44   6629.93    324.33
10:16:47   7092.61    331.50
10:16:50   7062.24   1351.87
10:16:53   7478.47   1157.81
10:16:56   5977.52    302.15
10:16:59   6674.92    320.35
10:17:02   8007.07   2367.77
10:17:05   7105.60   1582.26
10:17:08   7162.50     30.31
10:17:11   7000.82    993.38
10:17:14   5582.20   3157.32
10:17:17   7539.63     58.73
10:17:20   7282.60    234.74
10:17:23   5456.33    244.83
10:17:26   7822.71   3070.20
10:17:29   7352.56    104.79
10:17:32   5716.08     45.64
10:17:35   6963.12    272.27
Connection to 192.168.1.102 closed.
time: 15
  Time         enp0s25      
HH:MM:SS   Kbps in  Kbps out
10:17:42   7195.92   1496.43
10:17:45   5500.14     14.92
10:17:48   6841.64    272.83
10:17:51   7204.06   1557.44
10:17:54   5635.31   1837.26
10:17:57   7138.19     41.76
10:18:00   6930.90    273.40
10:18:03   5585.33    242.03
10:18:06   7222.79    272.72
10:18:09   7000.82    621.45
10:18:12   5509.91    594.46
10:18:15   6426.13   2935.01
10:18:18   6325.70    615.45
10:18:21   6823.45    616.26
10:18:24   6941.91    606.58
10:18:27   7125.92     29.89
10:18:30   6042.68    601.63
10:18:33   7789.66   3133.78
10:18:36   7648.61    622.44
Connection to 192.168.1.102 closed.
time: 16
  Time         enp0s25      
HH:MM:SS   Kbps in  Kbps out
10:18:41   7750.96    601.93
10:18:44   7335.20    318.69
10:18:47   8325.50    804.17
10:18:50   6292.59   2363.29
10:18:53   7816.51    600.73
10:18:56   8430.50    636.17
10:18:59   6292.16     16.77
10:19:02   7159.87    634.82
10:19:05   7529.44    828.34
10:19:08  67093.05   2047.78
10:19:11  89521.63   4426.34
10:19:14  91590.04   2304.30
10:19:17  68465.48   1888.50
10:19:20  92070.73   2586.34
10:19:23  94092.98   1890.53
10:19:26  89997.87   2449.31
10:19:29  78092.14   4956.64
10:19:32  94064.27   2426.08
10:19:35  79459.07   1613.97
Connection to 192.168.1.102 closed.
time: 17
  Time         enp0s25      
HH:MM:SS   Kbps in  Kbps out
10:19:41  92910.96   2098.65
10:19:44  71352.37   3176.47
10:19:47  75035.91   4961.28
10:19:50  85693.75   1823.02
10:19:53  81862.49   1908.73
10:19:56  94683.88   2146.72
10:19:59  95084.15   2143.68
10:20:02  81489.81   4050.92
10:20:05  83218.38   4046.72
10:20:08  87835.12   2111.85
10:20:11  74278.07   1712.74
10:20:14  71780.64   2789.11
10:20:17  70802.22   3261.54
10:20:20  74157.12   1684.38
10:20:23  86679.81   1900.88
10:20:26  45794.55   3386.79
10:20:29  74235.86   1722.03
10:20:32  68697.14   1515.41
10:20:35  78708.32   3566.19
Connection to 192.168.1.102 closed.
time: 18
  Time         enp0s25      
HH:MM:SS   Kbps in  Kbps out
10:20:43  39672.65    748.63
10:20:46   6861.04   1501.30
10:20:49   8049.30   1541.39
10:20:52   6054.94    297.95
10:20:55   7540.22     41.85
10:20:58   5406.28    299.06
10:21:01   6581.28   2683.62
10:21:04   7951.98   1208.30
10:21:07   7062.78     32.90
10:21:10   5196.48    471.56
10:21:13   7605.66    486.25
10:21:16   7307.20    241.00
10:21:19   6694.69    338.68
10:21:22   6549.49   3192.72
10:21:25   7451.04    493.16
10:21:28   7848.18    495.43
10:21:31   5620.43    477.93
10:21:34   7129.07    494.03
10:21:37   7268.00     39.21
Connection to 192.168.1.102 closed.
time: 19
  Time         enp0s25      
HH:MM:SS   Kbps in  Kbps out
10:21:42   7003.81   2178.69
10:21:45   5863.15   1791.23
10:21:48   7397.69     62.01
10:21:51   6832.03    498.83
10:21:54   7271.26    445.58
10:21:57   5552.15    475.85
10:22:00   7010.24     31.52
10:22:03   5806.23   1267.25
10:22:06   6820.66   2709.37
10:22:09   6228.84    492.49
10:22:12   7286.63    490.81
10:22:15   6997.30     27.44
10:22:18   6923.00   3579.70
10:22:21   6950.89    723.80
10:22:24   6768.15    313.59
10:22:27   7101.24    319.73
10:22:30   7726.74   1100.62
10:22:33   5925.99   1953.59
10:22:36   7005.39    315.90
Connection to 192.168.1.102 closed.
time: 20
  Time         enp0s25      
HH:MM:SS   Kbps in  Kbps out
10:22:41   5835.94    213.38
10:22:44   7315.70    323.17
10:22:47   7408.14   2272.03
10:22:50   5883.50    805.73
10:22:53   6444.02    371.90
10:22:56   7401.00    509.21
10:22:59   7100.62    694.06
10:23:02   5787.03     15.51
10:23:05   6939.64   3486.04
10:23:08   7080.08    677.12
10:23:11   5714.10    387.14
10:23:14   7398.51    631.08
10:23:17   7425.07     30.13
10:23:20   6103.87    611.10
10:23:23   6772.68    480.39
10:23:26   7704.30   2571.88
10:23:29   7660.02    841.38
10:23:32   5733.57    152.96
10:23:35   7275.96    328.36
Connection to 192.168.1.102 closed.
time: 21
  Time         enp0s25      
HH:MM:SS   Kbps in  Kbps out
10:23:41   5692.28    308.73
10:23:44   7662.51    334.27
10:23:47   7290.71   1952.36
10:23:50   5419.60   2361.00
10:23:53   7238.08    452.03
10:23:56  96097.02   2144.67
10:23:59  100493.7   2484.29
10:24:02  100716.0   2422.40
10:24:05  100346.3   2530.15
10:24:08  97581.38   2976.60
10:24:11  90954.57   4998.97
10:24:15  98116.08   3030.50
10:24:18  99731.87   2705.08
10:24:21  99806.22   2557.77
10:24:24  98273.80   3212.32
10:24:27  97983.18   3450.42
10:24:30  60013.60   1747.25
10:24:33  100161.6   2517.03
10:24:36  100268.6   2558.75
Connection to 192.168.1.102 closed.
time: 22
  Time         enp0s25      
HH:MM:SS   Kbps in  Kbps out
10:24:42  99830.38   2632.43
10:24:45  100674.9   2737.97
10:24:48  100061.9   2404.63
10:24:51  99949.74   2429.95
10:24:54  96004.40   3939.59
10:24:57  99610.22   2475.01
10:25:00  98608.17   2403.31
10:25:03  99321.87   2498.11
10:25:06  22656.95    948.72
10:25:09   5346.07    210.64
10:25:12   6509.92   2580.82
10:25:15   7047.96    589.03
10:25:18   7001.25    605.14
10:25:21   5703.31    124.38
10:25:24   6851.28    489.47
10:25:27   6991.06   1285.79
10:25:30   6061.58   1114.39
10:25:33   7093.59     32.57
10:25:36   6671.38    478.70
Connection to 192.168.1.102 closed.
time: 23
  Time         enp0s25      
HH:MM:SS   Kbps in  Kbps out
10:25:42   6935.87    479.54
10:25:45   7154.34   1001.24
10:25:48   5140.91    940.33
10:25:51   6848.04    482.69
10:25:54   6910.75    286.70
10:25:57   5291.80     37.44
10:26:00   6521.34    479.87
10:26:03   6603.17   1922.69
10:26:06   5813.38    312.76
10:26:09   6400.64     30.93
10:26:12   6389.96    475.76
10:26:15   6690.11    474.91
10:26:18   6755.82   1924.69
10:26:21   6097.05     23.78
10:26:24   6496.01    480.31
10:26:27   7139.20    306.33
10:26:30   7365.14    863.33
10:26:33   7811.50    528.69
10:26:36   5193.99    452.29
Connection to 192.168.1.102 closed.
time: 24
  Time         enp0s25      
HH:MM:SS   Kbps in  Kbps out
10:26:41   7056.06    216.93
10:26:44   5259.89      9.52
10:26:47   6607.69   1763.88
10:26:50   7032.72    306.59
10:26:53   5207.49    253.27
10:26:56   7084.01     68.97
10:26:59   6838.61    335.61
10:27:02   6376.96    666.27
10:27:05   6317.89   2386.81
10:27:08   7178.53    160.95
10:27:11   6425.52    455.29
10:27:14   5559.56    213.07
10:27:17   6899.22   1515.51
10:27:20   6727.02    244.02
10:27:23   4760.49    431.90
10:27:26   6673.49    612.05
10:27:29   6717.87   1431.89
10:27:32   5292.83    459.14
10:27:35   6400.98    614.47
Connection to 192.168.1.102 closed.
time: 25
  Time         enp0s25      
HH:MM:SS   Kbps in  Kbps out
10:27:41   5311.54    289.52
10:27:44   6676.52   1599.04
10:27:47   5660.36    604.49
10:27:50   6643.35    784.75
10:27:53   7098.98   1030.45
10:27:56   7226.70   1051.91
10:27:59   6042.01    707.12
10:28:02   6654.44    669.31
10:28:05   7360.23   1585.73
10:28:08   6931.78    342.44
10:28:11   5201.87    757.81
10:28:14   7027.82    774.19
10:28:17   6947.59    867.28
10:28:20   5288.85   1094.28
10:28:23   6608.63    782.10
10:28:26   6990.52    786.36
10:28:29   5260.35    375.52
10:28:32   6810.69   1036.37
10:28:35   6871.47    627.42
Connection to 192.168.1.102 closed.
time: 26
  Time         enp0s25      
HH:MM:SS   Kbps in  Kbps out
10:28:41   5516.41    605.50
10:28:44   7033.45    941.85
10:28:47   7060.90    493.30
10:28:50   5019.97    608.28
10:28:53   7190.53    632.47
10:28:56   6981.57    917.74
10:28:59   5842.23    674.55
10:29:02   7190.52    460.90
10:29:05   6727.82    793.78
10:29:08   6084.44    631.82
10:29:11   6904.49    982.44
10:29:14   7031.60    430.26
10:29:17   6521.58    436.83
10:29:20   6784.29    852.74
10:29:23   7058.82    848.98
10:29:26   6904.17    141.01
10:29:29   5544.16    311.62
10:29:32   8896.65   1417.42
10:29:35   7442.51    181.36
Connection to 192.168.1.102 closed.
time: 27
  Time         enp0s25      
HH:MM:SS   Kbps in  Kbps out
10:30:07  11049.53    929.05
10:30:10  92964.93   3422.59
10:30:13  73695.46   2379.42
10:30:16  71997.74   3047.06
10:30:19  72798.68   2288.63
10:30:22  75870.95   2821.05
10:30:25  72376.35   2834.28
10:30:28  55272.61   2207.41
10:30:31  80691.59   2233.27
10:30:34  71761.46   2858.06
10:30:37  66229.29   2331.69
10:30:40  75336.34   1856.58
10:30:43  64488.73   1765.30
10:30:46  77949.45   2106.37
10:30:49  64135.36   1639.04
10:30:52  67570.08   2787.44
10:30:55  72542.71   2472.87
10:30:58  87854.90   2427.79
10:31:01  65721.67   1672.32
Connection to 192.168.1.102 closed.
time: 28
  Time         enp0s25      
HH:MM:SS   Kbps in  Kbps out
10:31:07  38050.24   1446.32
10:31:10  46578.94   1676.92
10:31:13  41562.54   1222.62
10:31:16  40335.95   1843.94
10:31:19  35038.21   1347.45
10:31:22  40911.26   1535.73
10:31:25  42715.31   1684.90
10:31:28  42352.36   1989.79
10:31:31  44699.46   2122.39
10:31:34  53787.59   2589.20
10:31:37  54438.85   1735.56
10:31:40  44700.53   1657.18
10:31:43  51572.88   2135.72
10:31:46  40858.56   1436.31
10:31:49  35221.29   1583.35
10:31:52  42065.61   1231.85
10:31:55  41571.46   1216.48
10:31:58  42659.81   1681.03
10:32:01  29128.61   1455.50
Connection to 192.168.1.102 closed.
time: 29
  Time         enp0s25      
HH:MM:SS   Kbps in  Kbps out
10:32:07  41790.50   1555.41
10:32:10  30099.61   1338.40
10:32:13  30184.74   1301.27
10:32:16  32926.68    775.04
10:32:19  40584.18   1527.67
10:32:22  31233.52   1393.48
10:32:25  34798.16   1197.24
10:32:28  37058.41   1507.58
10:32:31  30659.98   1334.57
10:32:34  39203.21   1459.43
10:32:37  36602.41   1285.41
10:32:40  49062.94   1684.33
10:32:43  49153.32   1724.32
10:32:46  35630.11   1248.59
10:32:49  41972.81   1763.75
10:32:52  43158.14   1593.28
10:32:55  30702.97    969.13
10:32:58  45447.90   2113.37
10:33:01  37645.78   1798.77
Connection to 192.168.1.102 closed.
time: 30
  Time         enp0s25      
HH:MM:SS   Kbps in  Kbps out
10:33:07  37146.89   1614.27
10:33:10  45673.47   1277.35
10:33:13  30848.20   1327.14
10:33:16  51867.36   1532.18
10:33:19  42247.93   1513.92
10:33:22  53824.18   2017.95
10:33:25  62716.21   1673.13
10:33:28  56653.46   1192.50
10:33:31  52485.12   1651.34
10:33:34  52802.88   1911.07
10:33:37  52771.79   1486.79
10:33:40  63941.19   2361.94
10:33:43  53465.23   1027.05
10:33:46  53389.70   1525.54
10:33:49  53734.32   1259.65
10:33:52  48090.23   1056.22
10:33:55  31233.47   1138.07
10:33:58   7395.00    492.19
10:34:01   7436.45    646.41
Connection to 192.168.1.102 closed.
