time: 0
  Time         enp0s25      
HH:MM:SS   Kbps in  Kbps out
00:07:27  13774.17     17.35
00:07:30  13642.58     30.69
00:07:33  13392.11     13.29
00:07:36  13962.79     15.54
00:07:39  14337.26     21.19
00:07:42  13856.12     13.10
00:07:45  13453.31     15.92
00:07:48  15038.65     31.25
00:07:51  16042.70     47.71
00:07:54  14940.16      8.29
00:07:57  17120.41     36.91
00:08:00  15223.94     15.67
00:08:03  17645.39     24.08
00:08:06  18454.72     49.16
00:08:09  17988.58     30.61
00:08:12  16445.95     13.23
00:08:15  17976.28     23.63
00:08:18  19098.25     32.00
00:08:21  17741.53     24.97
Connection to 192.168.1.102 closed.
time: 1
  Time         enp0s25      
HH:MM:SS   Kbps in  Kbps out
00:08:26  18054.95     38.21
00:08:29  15994.32     27.48
00:08:32  17830.36     40.68
00:08:35  18521.69     31.17
00:08:38  16731.86     12.76
00:08:41  17939.47     32.94
00:08:44  18601.60     54.17
00:08:47   8398.75     25.93
00:08:50  19416.01     46.52
00:08:53  18415.99     39.84
00:08:56  19072.11     38.10
00:08:59  16053.03     13.36
00:09:02  17835.21     34.72
00:09:05  17439.69    178.90
00:09:08  17008.38     31.23
00:09:11  16837.55     32.47
00:09:14  19227.98     58.91
00:09:17  16211.65      8.15
00:09:20  17388.87     37.38
Connection to 192.168.1.102 closed.
time: 2
  Time         enp0s25      
HH:MM:SS   Kbps in  Kbps out
00:09:26  15032.57     24.47
00:09:29  17548.16     25.51
00:09:32  17096.81     28.82
00:09:35  18356.59     35.86
00:09:38  17616.46     47.74
00:09:41  18786.55     50.84
00:09:44  17786.69     32.54
00:09:47  16864.88     12.11
00:09:50  17417.20     39.88
00:09:53  17807.94     27.93
00:09:56  15767.94      9.65
00:09:59  17200.94     23.82
00:10:02  17349.83     30.47
00:10:05  17070.57     26.77
00:10:08  19035.49     39.89
00:10:11  18206.94     34.18
00:10:14  17429.99     34.23
00:10:17  16116.45      5.52
00:10:20  17289.68     33.36
Connection to 192.168.1.102 closed.
time: 3
  Time         enp0s25      
HH:MM:SS   Kbps in  Kbps out
00:10:26  16893.85     24.80
00:10:29  16499.75     39.14
00:10:32  19535.88     76.46
00:10:35  16471.44     14.24
00:10:38  17036.10     37.89
00:10:41  17287.90     40.83
00:10:44  15365.09     14.23
00:10:47  17359.96     30.48
00:10:50  16826.44     34.92
00:10:53  15926.37      9.80
00:10:56  17363.64     32.66
00:10:59  17651.98     32.35
00:11:02  17202.88     35.10
00:11:05  16045.01     15.91
00:11:08  16362.11     21.93
00:11:11  15556.01     18.55
00:11:14  16771.47     24.75
00:11:17  16588.59     26.00
00:11:20  16474.47     37.89
Connection to 192.168.1.102 closed.
time: 4
  Time         enp0s25      
HH:MM:SS   Kbps in  Kbps out
00:11:26  16136.28     28.90
00:11:29  18288.23     37.60
00:11:32  14747.77     32.31
00:11:35  16929.51     47.13
00:11:38  17508.25     32.53
00:11:41  15955.19     13.62
00:11:44  17054.27     31.79
00:11:47  18123.07     38.41
00:11:50  17198.28     33.26
00:11:53  15563.34      8.61
00:11:56  17311.39     33.75
00:11:59  17130.44     27.31
00:12:02  15758.03     13.22
00:12:05  15829.03     31.18
00:12:08  16983.95     26.59
00:12:11  15573.17     13.68
00:12:14  16857.14     28.17
00:12:17  16655.42     33.33
00:12:20  15254.99     12.90
Connection to 192.168.1.102 closed.
time: 5
  Time         enp0s25      
HH:MM:SS   Kbps in  Kbps out
00:12:26  16873.05     31.84
00:12:29  16020.52     27.10
00:12:32  14586.10     31.79
00:12:35  16083.90     70.88
00:12:38  15431.58     39.06
00:12:41  27673.83    300.67
00:12:44  106490.3   2089.00
00:12:47  106304.2   2060.69
00:12:50  107092.3   2091.94
00:12:53  106100.5   2042.73
00:12:56  105887.2   2000.67
00:12:59  105152.5   2003.00
00:13:02  107449.6   2084.76
00:13:05  106277.1   2068.87
00:13:08  107092.9   2047.48
00:13:11  106490.6   2060.10
00:13:14  106483.6   2069.68
00:13:17  94213.92   1746.64
00:13:20  106337.4   2043.63
Connection to 192.168.1.102 closed.
time: 6
  Time         enp0s25      
HH:MM:SS   Kbps in  Kbps out
00:13:27  105774.8   2071.34
00:13:30  106766.4   2052.57
00:13:33  106300.6   2057.36
00:13:36  106497.0   2099.79
00:13:39  105578.5   1996.01
00:13:42  104837.6   2005.14
00:13:45  104826.3   1965.86
00:13:48  105076.2   1985.53
00:13:51  98975.49   1890.89
00:13:54  36352.18    607.70
00:13:57  17200.90    176.07
00:14:00  14906.43    122.31
00:14:03  16272.64     29.21
00:14:06  15482.43    205.30
00:14:09  17034.76      8.46
00:14:12  17783.70     31.73
00:14:15  16333.45     31.99
00:14:18  15341.43     30.72
00:14:21  15634.56     26.56
Connection to 192.168.1.102 closed.
time: 7
  Time         enp0s25      
HH:MM:SS   Kbps in  Kbps out
00:14:27  17083.15     40.38
00:14:30  16133.08     40.76
00:14:33  15654.58     47.07
00:14:36  17019.82     39.86
00:14:39  15229.95     40.24
00:14:42  16180.37     41.20
00:14:45  16508.28     31.65
00:14:48  83581.74   1707.71
00:14:51  100905.6   2970.65
00:14:54  104919.7   2059.37
00:14:57  106106.2   2460.08
00:15:00  102412.0   2243.61
00:15:03  92798.73   2050.79
00:15:06  96280.28   1921.15
00:15:09  92429.91   1908.41
00:15:12  73338.22   1447.83
00:15:15  86047.85   1631.99
00:15:18  56422.75    938.63
00:15:21  91296.12   1857.28
Connection to 192.168.1.102 closed.
time: 8
  Time         enp0s25      
HH:MM:SS   Kbps in  Kbps out
00:15:27  81444.95   1664.47
00:15:30  99492.50   2238.97
00:15:33  79381.62   1491.41
00:15:36  103698.0   2127.59
00:15:39  87853.22   1947.19
00:15:42  101392.1   2439.48
00:15:45  105553.2   2000.17
00:15:48  93373.90   1893.93
00:15:51  101646.0   2025.82
00:15:54  85191.11   1674.89
00:15:57  70939.00   1249.66
00:16:00  81012.99   1460.39
00:16:03  87557.44   2596.39
00:16:06  77878.22   1409.30
00:16:09  54018.65    844.54
00:16:12  40364.30    535.73
00:16:15  38479.58   1478.17
00:16:18  41044.10    573.41
00:16:21  44562.67   1110.51
Connection to 192.168.1.102 closed.
time: 9
  Time         enp0s25      
HH:MM:SS   Kbps in  Kbps out
00:16:27  18014.66    710.98
00:16:30  17892.59   1178.89
00:16:33  14743.79    266.45
00:16:36  16908.15    185.93
00:16:39  16560.77    176.19
00:16:42  16863.62    222.87
00:16:45  15615.86   1175.98
00:16:48  17237.46    205.05
00:16:51  17438.48    161.82
00:16:54  16389.37      9.65
00:16:57  16966.28    205.43
00:17:00  16543.99    209.40
00:17:03  15381.59   1150.91
00:17:06  16673.86     36.43
00:17:09  16619.10    215.86
00:17:12  14738.14    208.47
00:17:15  55994.90   1123.74
00:17:18  90887.63   2113.68
00:17:21  103919.3   2617.38
Connection to 192.168.1.102 closed.
time: 10
  Time         enp0s25      
HH:MM:SS   Kbps in  Kbps out
00:17:27  100390.6   1920.12
00:17:30  103816.9   2011.83
00:17:33  95696.79   1860.31
00:17:36  84211.19   2625.13
00:17:39  94449.05   1934.57
00:17:42  97941.68   1937.94
00:17:45  88309.92   1641.62
00:17:48  95272.93   1918.52
00:17:51  97621.27   1912.84
00:17:54  95404.72   2823.26
00:17:57  96772.91   1769.88
00:18:00  76082.71   1449.52
00:18:03  91798.56   1779.61
00:18:06  94512.66   1795.33
00:18:09  93764.77   2794.08
00:18:12  96611.25   1914.22
00:18:15  92805.10   1835.33
00:18:18  97420.15   1839.45
00:18:21  86036.72   1986.77
Connection to 192.168.1.102 closed.
time: 11
  Time         enp0s25      
HH:MM:SS   Kbps in  Kbps out
00:22:17  15176.50     58.93
00:22:20  15571.90    563.88
00:22:23  16141.91   2750.77
00:22:26  14543.29   4666.31
00:22:29  16071.32   2643.12
00:22:32  16438.30    562.76
00:22:35  16177.98   1089.02
00:22:38  26105.92   1305.51
00:22:41  53326.29   3698.59
00:22:44  61104.30   4899.82
00:22:47  91020.81   3386.50
00:22:50  99674.24   2206.29
00:22:53  102738.4   1951.62
00:22:56  99812.82   2273.38
00:22:59  91822.67   4490.51
00:23:02  98590.84   2693.47
00:23:05  100019.1   2518.45
00:23:08  100025.5   2552.16
00:23:11  103793.9   1948.90
Connection to 192.168.1.102 closed.
time: 12
  Time         enp0s25      
HH:MM:SS   Kbps in  Kbps out
00:23:17  14288.39   2310.17
00:23:20  15645.92    895.53
00:23:23  16254.57     52.17
00:23:26  14046.99    868.30
00:23:29  17463.73    600.90
00:23:32  15795.99   1955.65
00:23:35  16403.89   1510.80
00:23:38  16815.73    886.46
00:23:41  15514.07    872.55
00:23:44  16543.11    889.06
00:23:47  15693.50   1383.64
00:23:50  16660.42   1910.40
00:23:53  17215.12    544.68
00:23:56  16072.89    529.65
00:23:59  16729.67     22.46
00:24:02  18543.68   3227.89
00:24:05  15313.85    332.09
00:24:08  17620.18    373.51
00:24:11  16293.42     92.40
Connection to 192.168.1.102 closed.
time: 13
  Time         enp0s25      
HH:MM:SS   Kbps in  Kbps out
00:24:16  17647.48   3086.22
00:24:19  16419.92    391.42
00:24:22  15078.54     39.96
00:24:25  16870.32    487.79
00:24:28  16442.79    484.99
00:24:31  14944.60    362.57
00:24:34  16607.45   3242.18
00:24:37  16636.84    493.12
00:24:40  15885.49    624.32
00:24:43  16964.55   4671.71
00:24:46  16727.30   1188.03
00:24:49  16706.08    832.80
00:24:52  15360.96   4308.07
00:24:55  16476.71    196.83
00:24:58  16365.71   1035.49
00:25:01  16486.26   3955.97
00:25:04  16365.55    293.20
00:25:07  16919.59   4648.72
00:25:10  16525.70    244.79
Connection to 192.168.1.102 closed.
time: 14
  Time         enp0s25      
HH:MM:SS   Kbps in  Kbps out
00:25:17  16121.32    917.52
00:25:20  14994.56    670.74
00:25:23  15891.85   4401.18
00:25:26  15722.41   3091.66
00:25:29  16122.83   3472.10
00:25:32  14254.72   2399.51
00:25:35  16066.72   3644.10
00:25:38  15378.44   3266.01
00:25:41  14838.67   3766.82
00:25:44  15234.88   3270.39
00:25:47  18518.16   3653.67
00:25:50  14613.63   4653.62
00:25:53  15714.92   4675.65
00:25:56  15522.31   3085.44
00:25:59  15781.94   2594.30
00:26:02  14650.12   3582.74
00:26:05  15093.78   3421.06
00:26:08  14926.59   2806.42
00:26:11  16137.91   4242.42
Connection to 192.168.1.102 closed.
time: 15
  Time         enp0s25      
HH:MM:SS   Kbps in  Kbps out
00:26:16  15814.03   2457.96
00:26:19  13849.95   3133.38
00:26:22  15161.95   4051.24
00:26:25  16116.88   2512.96
00:26:28  13984.48   3616.61
00:26:31  15935.22   3881.99
00:26:34  15267.35   2757.78
00:26:37  15374.99   3314.16
00:26:40  16057.16   3711.45
00:26:43  18064.72   4275.98
00:26:46  14861.85   4665.65
00:26:49  15873.00   3507.76
00:26:52  16082.15   3654.33
00:26:55  15949.13   1964.12
00:26:58  14786.80   3930.18
00:27:01  14929.00   3100.25
00:27:04  15567.65   3771.70
00:27:07  15948.61   3035.16
00:27:10  16324.62   4675.70
Connection to 192.168.1.102 closed.
time: 16
  Time         enp0s25      
HH:MM:SS   Kbps in  Kbps out
00:27:17  14996.62   3182.57
00:27:20  16124.66   3968.31
00:27:23  15836.18   2690.08
00:27:26  13598.17   2609.69
00:27:29  14894.45    804.75
00:27:32  16541.67   1440.06
00:27:35  16003.25   1085.71
00:27:38  14393.17   1033.78
00:27:41  15333.65   3553.50
00:27:44  15079.76   1846.77
00:27:47  15888.49    481.20
00:27:50  14939.61   1594.81
00:27:53  16229.29   1578.51
00:27:56  16199.43   2326.43
00:27:59  15740.22   1110.57
00:28:02  15215.11   1960.63
00:28:05  15626.63    990.23
00:28:08  15855.37   1439.82
00:28:11  16655.49   1451.43
Connection to 192.168.1.102 closed.
time: 17
  Time         enp0s25      
HH:MM:SS   Kbps in  Kbps out
00:28:16  15755.76    949.27
00:28:19  16458.66    585.32
00:28:22  15258.99    317.52
00:28:25  15904.22   2609.03
00:28:28  16632.36    987.03
00:28:31  15783.21    835.45
00:28:34  14457.45    176.24
00:28:37  15702.12   1003.34
00:28:40  77323.97   2942.54
00:28:43  100133.8   3502.48
00:28:46  102939.3   2438.46
00:28:49  103197.4   2424.81
00:28:52  102171.3   2346.75
00:28:55  101660.5   2407.38
00:28:58  99186.58   3612.51
00:29:01  100581.0   2830.73
00:29:04  102411.1   2635.14
00:29:07  103845.7   2845.80
00:29:10  102399.0   2679.94
Connection to 192.168.1.102 closed.
time: 18
  Time         enp0s25      
HH:MM:SS   Kbps in  Kbps out
00:29:17  99620.91   1906.29
00:29:20  101630.3   2237.24
00:29:23  103971.1   2621.10
00:29:26  101585.1   3184.62
00:29:29  103471.9   2388.54
00:29:32  104632.0   2326.41
00:29:35  95657.11   3743.39
00:29:38  101822.4   3179.88
00:29:41  106593.6   2171.85
00:29:44  99896.60   2926.74
00:29:47  99796.02   3560.57
00:29:50  103840.6   2498.58
00:29:53  103288.7   2005.78
00:29:56  44050.18   2811.17
00:29:59  15576.88    885.81
00:30:02  14698.28    853.00
00:30:05  15592.69    147.45
00:30:08  15083.72   2544.73
00:30:11  15958.64    782.25
Connection to 192.168.1.102 closed.
time: 19
  Time         enp0s25      
HH:MM:SS   Kbps in  Kbps out
00:30:18  14671.17    796.92
00:30:21  15606.52   1894.08
00:30:24  15287.75    838.26
00:30:27  14560.61    858.55
00:30:30  15849.48    837.50
00:30:33  16191.41   1391.08
00:30:36  15181.14   1492.08
00:30:39  16883.18   1915.61
00:30:42  16945.94    955.12
00:30:45  15427.78    276.40
00:30:48  15301.63   2866.03
00:30:51  15960.17    915.57
00:30:54  15203.67   1049.11
00:30:57  15605.85    425.92
00:31:00  15196.12   2456.91
00:31:03  16185.41    860.60
00:31:06  16191.00    859.92
00:31:09  16466.35   1782.05
00:31:12  15566.05    705.79
Connection to 192.168.1.102 closed.
time: 20
  Time         enp0s25      
HH:MM:SS   Kbps in  Kbps out
00:31:17  15952.63    562.28
00:31:20  14714.66   1531.49
00:31:23  16557.13   2773.83
00:31:26  16561.08    130.46
00:31:29  14323.91    887.32
00:31:32  17219.38   1041.30
00:31:35  16715.58   1244.42
00:31:38  14884.35   2518.60
00:31:41  15238.36   1050.24
00:31:44  15799.21    863.26
00:31:47  14078.05    733.36
00:31:50  15958.26   2763.45
00:31:53  15347.30   1088.88
00:31:56  16439.16    694.70
00:31:59  14174.94    637.65
00:32:02  15787.10   2020.08
00:32:05  15663.12    873.70
00:32:08  13544.78    845.78
00:32:11  15419.65    878.02
Connection to 192.168.1.102 closed.
time: 21
  Time         enp0s25      
HH:MM:SS   Kbps in  Kbps out
00:32:18  105052.9   2177.05
00:32:21  101279.6   2251.68
00:32:24  99280.53   2190.38
00:32:27  55937.40   3618.84
00:32:30  16259.52     46.29
00:32:33  15553.11    872.87
00:32:36  15936.95   3353.57
00:32:39  13336.34   1930.95
00:32:42  15260.64    213.53
00:32:45  15607.46    930.12
00:32:48  14434.27   1685.97
00:32:51  13675.20   4075.31
00:32:54  15472.36    307.70
00:32:57  14727.91    912.58
00:33:00  13786.50    952.55
00:33:03  14693.10   2014.67
00:33:06  14821.13    628.34
00:33:09  14007.84   1907.11
00:33:12  15179.03     35.19
Connection to 192.168.1.102 closed.
time: 22
  Time         enp0s25      
HH:MM:SS   Kbps in  Kbps out
00:33:16  15561.69   3548.90
00:33:19  15005.35     58.93
00:33:22  14491.58    861.07
00:33:25  13962.68    838.67
00:33:28  16775.19   2955.93
00:33:31  15082.55    448.17
00:33:34  12753.84    542.31
00:33:37  14815.05   1017.95
00:33:40  52204.93   1752.01
00:33:43  89826.01   4345.20
00:33:46  102050.0   2464.85
00:33:49  91220.81   3511.23
00:33:53  91972.07   2765.30
00:33:56  97721.16   3188.59
00:33:59  97458.14   3662.99
00:34:02  103175.7   2302.60
00:34:05  100124.3   3458.44
00:34:08  103706.8   2938.52
00:34:11  101386.5   2652.89
Connection to 192.168.1.102 closed.
time: 23
  Time         enp0s25      
HH:MM:SS   Kbps in  Kbps out
00:34:18  103107.0   2566.11
00:34:21  101219.2   3674.92
00:34:24  103130.1   2669.61
00:34:27  102065.9   2496.47
00:34:30  90811.56   4105.84
00:34:33  105913.9   2175.91
00:34:36  89731.75   2232.70
00:34:39  83421.42   3661.67
00:34:42  101421.8   3376.27
00:34:45  101660.4   2421.23
00:34:48  100618.4   3647.68
00:34:51  97008.15   3458.44
00:34:54  96687.30   3422.60
00:34:57  96694.02   2783.12
00:35:00  53149.24   3248.82
00:35:03  15279.28   2281.13
00:35:06  14161.31   1494.35
00:35:09  16394.17   3576.99
00:35:12  14854.65   2454.50
Connection to 192.168.1.102 closed.
time: 24
  Time         enp0s25      
HH:MM:SS   Kbps in  Kbps out
00:35:18  15907.19   2874.97
00:35:21  17956.24   2914.70
00:35:24  13784.81    877.70
00:35:27  16715.74   2590.67
00:35:30  15442.99   2182.38
00:35:33  14668.89    643.55
00:35:36  15277.90   2231.36
00:35:39  14757.78   2437.82
00:35:42  15376.10    714.91
00:35:45  14359.15   1733.15
00:35:48  16682.29   3151.46
00:35:51  14571.65   1303.72
00:35:54  13296.06   1240.49
00:35:57  14776.20   1586.41
00:36:00  15289.60   2057.40
00:36:03  13145.19    368.62
00:36:06  15918.94   2069.25
00:36:09  15202.09   1745.53
00:36:12  14477.83   1244.69
Connection to 192.168.1.102 closed.
time: 25
  Time         enp0s25      
HH:MM:SS   Kbps in  Kbps out
00:36:17  15648.67    584.66
00:36:20  14373.90   1462.28
00:36:23  16846.79   2054.29
00:36:26  15955.50   1674.04
00:36:29  14047.49    403.53
00:36:32  15540.30   2092.55
00:36:35  15453.88   1985.86
00:36:38  16743.97   1141.59
00:36:41  15711.13   1288.05
00:36:44  16099.14   1790.66
00:36:47  14207.55   1512.84
00:36:50  15192.96   2815.86
00:36:53  15699.85    419.32
00:36:56  15505.75   1528.13
00:36:59  13900.48   2304.07
00:37:02  16270.25    853.05
00:37:05  15395.66   1384.25
00:37:08  14083.32   1440.83
00:37:11  15858.04   1259.95
Connection to 192.168.1.102 closed.
time: 26
  Time         enp0s25      
HH:MM:SS   Kbps in  Kbps out
00:37:17  16855.27   1401.20
00:37:20  15168.53     18.78
00:37:23  15281.79   2633.07
00:37:26  16752.97    646.06
00:37:29  16306.19   1066.62
00:37:32  16213.50   1852.92
00:37:35  86841.26   2479.29
00:37:38  102813.7   2555.93
00:37:41  92691.96   4169.60
00:37:44  106351.0   2064.46
00:37:47  96689.71   2256.74
00:37:50  104846.8   2367.27
00:37:53  95964.78   3280.30
00:37:56  104232.1   2394.29
00:37:59  103193.5   2337.38
00:38:02  101978.5   2529.02
00:38:05  104583.3   2495.21
00:38:08  101892.1   3020.02
00:38:11  102322.0   2191.30
Connection to 192.168.1.102 closed.
time: 27
  Time         enp0s25      
HH:MM:SS   Kbps in  Kbps out
00:38:17  57705.42   1215.17
00:38:20  85133.74   3088.28
00:38:23  54984.98   1565.79
00:38:26  37453.41    878.20
00:38:29  38723.25    824.19
00:38:32  38875.10   1700.50
00:38:35  26495.41    987.35
00:38:38  39231.01   1212.10
00:38:41  39993.53   1175.15
00:38:44  39872.68    883.73
00:38:47  37269.03   1644.36
00:38:50  48601.63   1610.97
00:38:53  41240.93   1419.05
00:38:56  39979.58    961.14
00:38:59  50126.08   2220.57
00:39:02  38333.48   1179.07
00:39:05  42755.76   1267.22
00:39:08  48135.22   1558.75
00:39:11  41249.51   1637.05
Connection to 192.168.1.102 closed.
time: 28
  Time         enp0s25      
HH:MM:SS   Kbps in  Kbps out
00:40:27  29165.73   1491.06
00:40:30  38150.60    857.07
00:40:33  28275.55    715.35
00:40:36  38667.11   1597.77
00:40:39  27569.98    651.05
00:40:42  28859.68    810.85
00:40:45  37348.03    511.87
00:40:48  27896.54   1781.49
00:40:51  38723.44    942.80
00:40:54  25756.04    522.82
00:40:57  39064.66   1008.63
00:41:00  38337.78    626.09
00:41:03  36427.76    624.77
00:41:06  27921.38   1809.49
00:41:09  49516.57   1906.62
00:41:12  38129.60    706.66
00:41:15  26762.56    603.16
00:41:18  36428.45   1718.70
00:41:21  31672.07    957.69
Connection to 192.168.1.102 closed.
time: 29
  Time         enp0s25      
HH:MM:SS   Kbps in  Kbps out
00:41:25  37641.43    952.92
00:41:28  46057.31   1114.92
00:41:31  43530.74   1698.40
00:41:34  27713.51    757.56
00:41:37  37494.40   1017.51
00:41:40  36173.50    732.92
00:41:43  31657.84   1102.51
00:41:46  28049.43   1207.77
00:41:49  38517.25    875.62
00:41:52  44503.51   2080.34
00:41:55  46052.45    885.41
00:41:58  50723.56   2044.03
00:42:01  39533.13   1030.18
00:42:04  37776.83   1233.63
00:42:07  39197.98   1379.92
00:42:10  29399.11    530.10
00:42:13  35141.24    803.80
00:42:16  39983.86   1810.24
00:42:19  39594.75    542.52
Connection to 192.168.1.102 closed.
time: 30
  Time         enp0s25      
HH:MM:SS   Kbps in  Kbps out
00:42:25  40688.49   1650.26
00:42:28  36686.74    996.31
00:42:31  51286.74   1827.47
00:42:34  38725.40    950.41
00:42:37  39195.80    996.69
00:42:40  39014.47   1654.56
00:42:43  47268.86   1078.51
00:42:46  30646.49    546.90
00:42:49  39753.00   1708.24
00:42:52  39721.89    883.07
00:42:55  40381.88   1834.10
00:42:58  51252.40    765.84
00:43:01  39452.82   1289.50
00:43:04  48979.72   1273.85
00:43:07  40666.79   1100.79
00:43:10  40026.08    937.75
00:43:13  35468.79    962.52
00:43:16  23944.25    538.41
00:43:19  15998.46    940.75
Connection to 192.168.1.102 closed.
