time: 0
  Time         enp0s25      
HH:MM:SS   Kbps in  Kbps out
04:16:16   2719.18     24.47
04:16:19   2988.92     29.27
04:16:22   3120.59     10.23
04:16:25   3069.78     12.32
04:16:29   2646.58     20.81
04:16:32   3649.94     23.22
04:16:35   4281.13     28.73
04:16:38   5814.07     57.01
04:16:41   4261.41     29.99
04:16:44   3030.17      6.22
04:16:47   4839.07     22.33
04:16:50   4585.06     31.45
04:16:53   2715.14     10.14
04:16:56   4269.14     17.70
04:16:59   4354.75     31.58
04:17:02   4270.39     18.90
04:17:05   5795.46     49.53
04:17:08   4719.27     37.49
04:17:11   4875.84     28.41
Connection to 192.168.1.102 closed.
time: 1
  Time         enp0s25      
HH:MM:SS   Kbps in  Kbps out
04:17:16   4716.86     43.45
04:17:19   2924.68     27.78
04:17:22   4676.72     23.22
04:17:25   5181.48     52.42
04:17:28   5028.35     40.38
04:17:31   2639.78     10.90
04:17:34   4508.06     29.10
04:17:37   4887.42     34.91
04:17:40   3008.60      6.44
04:17:43   4694.82     33.75
04:17:46   3516.90     22.33
04:17:49   3590.68     21.47
04:17:52   4726.54     26.23
04:17:55   6852.73     60.16
04:17:58   3182.73     15.59
04:18:01   4285.88     26.74
04:18:04   4775.60     30.88
04:18:07   4702.99     42.74
04:18:10   3241.06      7.40
Connection to 192.168.1.102 closed.
time: 2
  Time         enp0s25      
HH:MM:SS   Kbps in  Kbps out
04:18:16   3359.41    205.07
04:18:19   4155.45    201.69
04:18:22   5221.55    120.72
04:18:25   4853.92     30.63
04:18:28   2796.80     17.99
04:18:31   4679.94     37.80
04:18:34   4835.76     32.51
04:18:37   3159.98     16.26
04:18:40   4447.22     35.35
04:18:43   4098.34     19.45
04:18:46   3941.73     12.06
04:18:49   4619.38   1003.20
04:18:52   6240.63    423.32
04:18:55   4595.13   1312.91
04:18:58   3136.23    206.39
04:19:01   4849.48    257.77
04:19:04   4640.55     31.47
04:19:07   3128.26    350.06
04:19:10   3875.90    375.74
Connection to 192.168.1.102 closed.
time: 3
  Time         enp0s25      
HH:MM:SS   Kbps in  Kbps out
04:19:17   4435.18    377.90
04:19:20   5520.77   2541.44
04:19:23   4015.42   1348.95
04:19:26   4770.24    375.68
04:19:29   3199.48   4024.00
04:19:32   4769.03   2390.75
04:19:35   3780.96   1329.36
04:19:38   3657.56   1319.64
04:19:41   4617.07    604.70
04:19:44   6828.59    871.45
04:19:47   3049.67   1250.74
04:19:50   4235.94   1339.97
04:19:53   4905.94   1340.52
04:19:56   3203.70    361.36
04:19:59   4559.24   1223.26
04:20:02   4132.68   1125.38
04:20:05   3348.77   1362.91
04:20:08   3965.48    997.36
04:20:11   6601.52    730.07
Connection to 192.168.1.102 closed.
time: 4
  Time         enp0s25      
HH:MM:SS   Kbps in  Kbps out
04:20:16   4037.44   1343.51
04:20:19   4773.72   1334.90
04:20:22   4956.86    498.94
04:20:25   2976.85    883.54
04:20:28   4194.42   1331.53
04:20:31   3615.08   1331.47
04:20:34   4581.00    371.07
04:20:37   4569.29   1410.93
04:20:40   4698.97    957.80
04:20:43   3579.97    362.90
04:20:46   3948.47    209.13
04:20:49   7033.95   1219.39
04:20:52   2969.11      7.37
04:20:55   4202.04    202.85
04:20:58   4883.68   1176.69
04:21:01   3495.09    184.90
04:21:04   4737.22     27.83
04:21:07   4585.16    202.96
04:21:10   4604.01    696.73
Connection to 192.168.1.102 closed.
time: 5
  Time         enp0s25      
HH:MM:SS   Kbps in  Kbps out
04:21:16   4936.45     32.86
04:21:19   4895.50    207.44
04:21:22   3330.93    182.19
04:21:25   4895.39   1392.13
04:21:28   4930.32    406.99
04:21:31   3165.65     31.93
04:21:34  32147.61    924.81
04:21:37  79088.30   2735.26
04:21:40  67683.84   1514.11
04:21:43  73344.61   1531.20
04:21:46  75317.42   1784.68
04:21:49  74133.83   1931.37
04:21:52  87497.05   2505.12
04:21:55  55658.16   1093.14
04:21:58  73592.02   1573.13
04:22:01  68267.74   2466.33
04:22:04  58400.17   1299.62
04:22:07  68935.55   1489.51
04:22:10  73893.81   1532.61
Connection to 192.168.1.102 closed.
time: 6
  Time         enp0s25      
HH:MM:SS   Kbps in  Kbps out
04:22:16  67289.77   1503.95
04:22:19  44143.67    965.43
04:22:22  62994.81   1311.96
04:22:25  72646.46   1603.16
04:22:28  56001.80   1336.89
04:22:31  69305.87   1634.64
04:22:34  49326.95   1092.60
04:22:37  73218.42   1576.02
04:22:40  62952.58   2740.19
04:22:43  58916.33   1523.15
04:22:46  90809.71   2226.42
04:22:49  82758.75   1823.55
04:22:52  73877.40   1707.79
04:22:55  81699.58   2066.18
04:22:58  77187.33   1739.80
04:23:01  70212.44   1552.31
04:23:04  71661.54   1469.81
04:23:07  79007.44   1757.87
04:23:10  68442.76   1420.03
Connection to 192.168.1.102 closed.
time: 7
  Time         enp0s25      
HH:MM:SS   Kbps in  Kbps out
04:23:17  58087.35   1315.84
04:23:20  53858.45   1122.12
04:23:23  77002.04   1642.70
04:23:26  57774.13   1319.51
04:23:29  63741.47   1372.47
04:23:32  64063.87   1344.68
04:23:35  57356.20   1331.43
04:23:38  79833.57   1829.53
04:23:41  78951.97   1777.47
04:23:44  79855.77   1705.18
04:23:47  88143.83   2075.03
04:23:50  73376.73   1659.11
04:23:53  64359.11   1378.08
04:23:56  78917.36   1549.81
04:23:59  69506.15   1496.25
04:24:02  68490.79   1551.52
04:24:05  54172.50   1424.79
04:24:08  49002.41    993.77
04:24:11  50823.90   1187.40
Connection to 192.168.1.102 closed.
time: 8
  Time         enp0s25      
HH:MM:SS   Kbps in  Kbps out
04:24:17  60612.25   1194.17
04:24:20  50796.20   1398.32
04:24:23  48734.38   1313.14
04:24:26  53201.27   1265.87
04:24:29  50067.53   1044.66
04:24:32  57819.77   1357.79
04:24:35  63815.87   1517.16
04:24:38  73228.76   1704.62
04:24:41  63218.65   1869.71
04:24:44  51660.00   1721.28
04:24:47  55601.19   2129.63
04:24:50  77338.06   2030.63
04:24:53  62735.91   1654.96
04:24:56  72298.22   2066.77
04:24:59  58040.76   1648.76
04:25:02  54705.18   1454.13
04:25:05  52825.73   1073.20
04:25:08  66239.23   1708.12
04:25:11  55197.69   1346.07
Connection to 192.168.1.102 closed.
time: 9
  Time         enp0s25      
HH:MM:SS   Kbps in  Kbps out
04:25:17  27595.46    859.49
04:25:20  27674.31    534.17
04:25:23  40595.17   1177.71
04:25:26  26102.63    901.96
04:25:29  27677.76    932.90
04:25:32  27838.73    677.12
04:25:35  29933.92   1195.13
04:25:38  34912.75    995.81
04:25:41  43413.29   1230.67
04:25:44  45163.44   1330.00
04:25:47  43144.59   1240.08
04:25:50  46625.41   1356.80
04:25:53  37677.38   1076.24
04:25:56  22572.02    430.09
04:25:59  32853.55   1132.33
04:26:02  30946.27   1074.27
04:26:05  38367.28   1002.15
04:26:08  40573.30   1019.04
04:26:11  34371.30    737.29
Connection to 192.168.1.102 closed.
time: 10
  Time         enp0s25      
HH:MM:SS   Kbps in  Kbps out
04:26:17  38293.75   1005.43
04:26:20  39175.76   1054.11
04:26:23  37549.38    772.80
04:26:26  38131.37   1251.64
04:26:29  38712.12   1267.22
04:26:32  38996.57   1250.29
04:26:35  39068.26    780.49
04:26:38  38292.52   1026.30
04:26:41  38648.27   1031.27
04:26:44  39456.62   1268.24
04:26:47  39705.69    796.34
04:26:50  39359.03   1266.23
04:26:53  37916.96   1205.49
04:26:56  32794.19   1086.28
04:26:59  29496.29    593.20
04:27:02  30402.58   1037.22
04:27:05  38937.25   1218.86
04:27:08  30970.64   1082.60
04:27:11  13116.84    277.09
Connection to 192.168.1.102 closed.
time: 11
  Time         enp0s25      
HH:MM:SS   Kbps in  Kbps out
04:31:07   4720.29    500.02
04:31:10   3097.15    402.48
04:31:13   4635.22   4628.73
04:31:16   4517.27   2530.12
04:31:19   4661.70    559.38
04:31:22   2982.75    815.81
04:31:25   4109.78   3563.27
04:31:28   4851.64   4003.39
04:31:31   3051.03    645.51
04:31:34   4709.11    717.51
04:31:37   4410.36   2779.50
04:31:40   3309.93   4076.88
04:31:43   5275.27   1659.38
04:31:46   4336.15    412.55
04:31:49   2731.68   1009.87
04:31:52   4992.10   4671.03
04:31:55   4579.36   2907.12
04:31:58   4681.25    754.24
04:32:01  17657.68    915.01
Connection to 192.168.1.102 closed.
time: 12
  Time         enp0s25      
HH:MM:SS   Kbps in  Kbps out
04:32:08  72845.44   4380.37
04:32:11  72251.34   1972.27
04:32:14  69205.41   1389.48
04:32:17  70083.53   4890.85
04:32:20  81947.09   4599.47
04:32:23  93883.20   2621.36
04:32:26  79621.50   3833.73
04:32:29  77944.13   4981.68
04:32:32  72119.51   2498.54
04:32:35  59063.11   1813.56
04:32:38  68235.47   1894.14
04:32:41  70948.33   4969.04
04:32:44  77653.23   3589.29
04:32:47  74138.07   2337.89
04:32:50  83353.98   1773.01
04:32:53  53432.97   4206.82
04:32:56  63638.06   3248.03
04:32:59  78874.37   2319.13
04:33:02  61346.51   1355.89
Connection to 192.168.1.102 closed.
time: 13
  Time         enp0s25      
HH:MM:SS   Kbps in  Kbps out
04:33:07  74654.61   4974.27
04:33:10  86923.11   2305.02
04:33:13  89759.05   2288.15
04:33:16  71814.05   1492.87
04:33:19  51891.39   4788.68
04:33:22  74870.90   3145.72
04:33:25  82565.04   2308.24
04:33:28  86412.34   1822.00
04:33:31  66555.19   3894.58
04:33:34  72720.84   4060.46
04:33:37  77437.68   2501.30
04:33:40  81775.70   1697.35
04:33:43  65659.58   4835.86
04:33:46  66301.31   1759.48
04:33:49  59850.26   1769.22
04:33:52  70593.72   3641.09
04:33:55  24463.58   1654.23
04:33:58   3662.04    567.08
04:34:01   4987.96   2461.11
Connection to 192.168.1.102 closed.
time: 14
  Time         enp0s25      
HH:MM:SS   Kbps in  Kbps out
04:34:07   5250.38    201.52
04:34:10   4601.15    567.75
04:34:13   4882.92    936.79
04:34:16   3706.40   3362.83
04:34:19   5052.42     37.97
04:34:22   4437.14    580.58
04:34:25   3422.79    565.54
04:34:28   5609.28   3768.59
04:34:31   5009.18     27.61
04:34:34   3258.52    546.93
04:34:37   4783.29    286.64
04:34:40   5115.84    570.83
04:34:43   3678.00     91.48
04:34:46   4920.97   3328.25
04:34:49   5124.32    568.73
04:34:52   5017.83    397.18
04:34:55   3633.93      8.81
04:34:58   4585.95    385.15
04:35:01   3926.68   1319.32
Connection to 192.168.1.102 closed.
time: 15
  Time         enp0s25      
HH:MM:SS   Kbps in  Kbps out
04:35:07   3848.56     28.17
04:35:10   4455.86    404.84
04:35:13   5101.02    388.47
04:35:16   5298.07    720.04
04:35:19   4522.75   2549.56
04:35:22   4240.96    383.02
04:35:25   5037.81    391.55
04:35:28   5092.86    387.90
04:35:31   4455.96   2867.71
04:35:34   5325.89    390.42
04:35:37   5002.59    385.68
04:35:40   4989.32    387.94
04:35:43   3224.85      9.45
04:35:46   5045.07    379.91
04:35:49   4554.36   1141.23
04:35:52   3279.34   2152.86
04:35:55   4846.53   1832.66
04:35:58   4873.01     33.11
04:36:01   2869.06    304.29
Connection to 192.168.1.102 closed.
time: 16
  Time         enp0s25      
HH:MM:SS   Kbps in  Kbps out
04:38:09   4899.60   2216.06
04:38:12   3140.90   2062.04
04:38:15   4494.36    144.68
04:38:18   4337.67    885.35
04:38:21   4644.52   1033.42
04:38:24   3066.23    745.11
04:38:27   4760.43    310.43
04:38:30   4080.67   1743.48
04:38:33   3129.43   2923.32
04:38:36   4882.73   3739.89
04:38:39   4808.17   3785.37
04:38:42   3131.93   2662.65
04:38:45   3843.00   3149.74
04:38:48   4792.15   3727.40
04:38:51   4309.57   2690.61
04:38:54   5585.27   3784.00
04:38:57   4352.54   3599.22
04:39:00   4899.20   2671.44
04:39:03   3396.86   3134.93
Connection to 192.168.1.102 closed.
time: 17
  Time         enp0s25      
HH:MM:SS   Kbps in  Kbps out
04:39:10   4130.22   2993.38
04:39:13   3080.56   2509.89
04:39:16   4498.93   3483.70
04:39:19   7279.24   4372.15
04:39:22   3741.24   2929.81
04:39:25   4021.81   3536.22
04:39:28   4972.80   3168.99
04:39:31   4890.26   2182.87
04:39:34   3141.48   3263.36
04:39:37   3859.58   3414.32
04:39:40   4895.12   3813.36
04:39:43   4596.56   2716.48
04:39:46   5632.84   3332.18
04:39:49   4104.71   2631.11
04:39:52   3101.98   2730.33
04:39:55   4911.32   3447.50
04:39:58   4645.20   3732.35
04:40:01   3130.81   2798.79
04:40:04   4013.19   3847.58
Connection to 192.168.1.102 closed.
time: 18
  Time         enp0s25      
HH:MM:SS   Kbps in  Kbps out
04:40:09   4073.56   3314.75
04:40:12   5697.87   4505.72
04:40:15   4545.48   2907.94
04:40:18   4792.27   2347.51
04:40:21   2703.93   3176.62
04:40:24   4895.99   2767.01
04:40:27   3787.90   2908.88
04:40:30   4105.67   2238.41
04:40:33   3344.63   3306.31
04:40:36   5767.25   3372.60
04:40:39   3138.17   3401.69
04:40:42   4735.14   2319.11
04:40:45   4209.21   1472.89
04:40:48   3139.24   2172.39
04:40:51   4905.32   2064.51
04:40:54   4964.39   1125.73
04:40:57   4388.75   2447.43
04:41:00   3364.10   1908.33
04:41:03   4746.65   2180.36
Connection to 192.168.1.102 closed.
time: 19
  Time         enp0s25      
HH:MM:SS   Kbps in  Kbps out
04:41:09   3189.58   1670.92
04:41:12   4915.31   1517.16
04:41:15   3193.79   2170.19
04:41:18   4219.70   2220.89
04:41:21   4566.79   1679.49
04:41:24   4814.30   1882.68
04:41:27   4450.49   1861.35
04:41:30   4793.80   2668.93
04:41:33   5337.36   1267.95
04:41:36   3242.17   1449.90
04:41:39   4572.79   3076.69
04:41:42   4741.46   1135.84
04:41:45   3225.67   1877.48
04:41:48   4767.86    749.03
04:41:51   4336.35   1414.34
04:41:54   4964.08   2021.45
04:41:57   3467.13    749.14
04:42:00   4856.91   1287.47
04:42:03   4559.46   2026.91
Connection to 192.168.1.102 closed.
time: 20
  Time         enp0s25      
HH:MM:SS   Kbps in  Kbps out
04:42:09   4913.47   2039.71
04:42:12   4140.50    389.26
04:42:15   3757.33   1658.38
04:42:18   4017.60   1095.85
04:42:21   4741.67   2045.00
04:42:24   4295.73   1047.00
04:42:27   5738.21   1024.12
04:42:30   4215.95   2031.91
04:42:33   4758.01   1057.84
04:42:36   3284.76   2001.04
04:42:39   5334.10   1727.00
04:42:42   4022.48     20.87
04:42:45   3458.85   1666.13
04:42:48   4650.16   1489.01
04:42:51   6728.27    931.53
04:42:54   3103.63    975.71
04:42:57   4275.19   1523.04
04:43:00   4846.31    874.98
04:43:03   3208.63   1667.47
Connection to 192.168.1.102 closed.
time: 21
  Time         enp0s25      
HH:MM:SS   Kbps in  Kbps out
04:43:09   3205.58   1680.53
04:43:12   4194.61    707.48
04:43:15   4721.29    759.72
04:43:18   6624.99    483.99
04:43:21  45996.44    965.83
04:43:24  79561.77   2356.76
04:43:27  74573.92   2003.36
04:43:30  73108.08   1902.88
04:43:33  87293.90   1790.32
04:43:36  97950.56   2443.73
04:43:39  88563.01   2139.82
04:43:42  79716.90   2247.43
04:43:45  78825.75   2120.58
04:43:48  94348.93   2340.77
04:43:51  85517.50   2848.26
04:43:54  82748.59   2468.69
04:43:57  98396.02   2343.63
04:44:00  87577.16   2402.66
04:44:03  84852.22   2940.73
Connection to 192.168.1.102 closed.
time: 22
  Time         enp0s25      
HH:MM:SS   Kbps in  Kbps out
04:44:09  87294.02   1802.60
04:44:12  95776.49   2474.06
04:44:15  84445.23   2338.86
04:44:18  91252.53   2315.02
04:44:21  87194.44   1821.31
04:44:24  75049.83   1980.37
04:44:27  76092.77   1980.50
04:44:30  93787.56   2361.81
04:44:33  53032.65   1269.53
04:44:36  45214.91   2019.69
04:44:39  50542.43   1554.36
04:44:43  20445.31   1071.37
04:44:46   4727.10     31.25
04:44:49   4366.36    841.96
04:44:52   3128.26   1648.71
04:44:55   4700.68    750.64
04:44:58   4579.21    324.59
04:45:01   2783.85    761.46
04:45:04   4541.23    784.09
Connection to 192.168.1.102 closed.
time: 23
  Time         enp0s25      
HH:MM:SS   Kbps in  Kbps out
04:45:09   3011.62    167.32
04:45:12   4211.47    896.16
04:45:15   4721.70    902.53
04:45:18   3505.57    906.90
04:45:21   4719.63     29.58
04:45:24   4509.03    903.92
04:45:27   4849.05    900.74
04:45:30   3094.85    882.82
04:45:33   4841.64     50.36
04:45:36   4254.68    859.57
04:45:40   3094.67    862.62
04:45:43   4909.40    881.65
04:45:46   3771.69     21.27
04:45:49   4317.17    716.55
04:45:52   3601.32    521.15
04:45:55   4590.26    539.27
04:45:58   4757.23     29.76
04:46:01   4270.54    542.70
04:46:04   4574.60    710.59
Connection to 192.168.1.102 closed.
time: 24
  Time         enp0s25      
HH:MM:SS   Kbps in  Kbps out
04:46:09   4831.31     33.99
04:46:12   4964.67    751.47
04:46:15   3176.40    706.52
04:46:18   4966.06    726.45
04:46:21   4526.57    862.82
04:46:24   4637.01     51.39
04:46:27   2622.37    544.42
04:46:30   4624.87    554.73
04:46:33   4773.01    883.49
04:46:36   3047.15     11.26
04:46:39   4374.44    892.16
04:46:42   4531.91    539.95
04:46:45   3184.15    524.01
04:46:48   4702.32     34.84
04:46:51   4308.50    545.05
04:46:54   3297.70    377.84
04:46:57   4569.45   1283.73
04:47:00   4729.04     22.31
04:47:03   4375.60    547.33
Connection to 192.168.1.102 closed.
time: 25
  Time         enp0s25      
HH:MM:SS   Kbps in  Kbps out
04:47:09   4847.92   1849.70
04:47:12   4752.44    108.93
04:47:15   2755.88    737.41
04:47:18   4742.27    713.31
04:47:21   3410.16   1092.76
04:47:24   4037.07    646.47
04:47:27   4011.10    714.17
04:47:30   4487.86    709.56
04:47:33   3985.10    702.80
04:47:36   4505.19   1498.24
04:47:39   4214.06    830.11
04:47:42   4755.64    538.11
04:47:45   4692.62    538.27
04:47:48   3528.50     16.23
04:47:51   6627.47   3398.04
04:47:54   2995.01    516.82
04:47:57   4634.95    711.71
04:48:00   4534.84     29.36
04:48:03   2669.55    690.80
Connection to 192.168.1.102 closed.
time: 26
  Time         enp0s25      
HH:MM:SS   Kbps in  Kbps out
04:48:09   4546.00    712.19
04:48:12   2938.09     12.05
04:48:15   4083.69    708.28
04:48:18   4573.26    716.00
04:48:21   3226.90    713.59
04:48:24  39960.24   3828.21
04:48:27  98331.11   2384.56
04:48:30  92980.36   2294.53
04:48:33  94023.47   2142.42
04:48:36  78599.32   1894.25
04:48:39  75789.71   3417.87
04:48:42  91008.88   4691.41
04:48:45  99377.37   2095.07
04:48:48  87727.34   2347.39
04:48:51  79715.31   2531.91
04:48:54  98582.42   2524.02
04:48:58  90048.15   3513.12
04:49:01  94917.36   3270.00
04:49:04  96824.10   2373.51
Connection to 192.168.1.102 closed.
time: 27
  Time         enp0s25      
HH:MM:SS   Kbps in  Kbps out
04:49:10  83096.41   1689.14
04:49:13  93507.34   2482.07
04:49:16  73294.24   4004.61
04:49:19  84451.80   2603.69
04:49:22  79276.45   1667.03
04:49:25  98407.07   2452.11
04:49:28  95447.00   2366.28
04:49:31  81945.56   4027.68
04:49:34  87555.35   4311.91
04:49:37  85825.86   4332.57
04:49:40  86181.53   3636.07
04:49:43  82712.98   4469.14
04:49:46  92229.52   4078.64
04:49:49  92825.18   3261.60
04:49:52  91618.05   4151.11
04:49:55  88541.84   3794.64
04:49:58  33506.56   2362.67
04:50:01   4686.68   2372.96
04:50:04   6366.22   3906.03
Connection to 192.168.1.102 closed.
time: 28
  Time         enp0s25      
HH:MM:SS   Kbps in  Kbps out
04:50:10   3183.31   1882.47
04:50:13   4970.61   3476.16
04:50:16   4412.91   3197.56
04:50:19   3510.27   2043.80
04:50:22   4868.08   3655.07
04:50:25   3877.19   1219.27
04:50:28   4187.99   1438.66
04:50:31   4928.80   1339.68
04:50:34   4929.41    767.78
04:50:37   4684.04   3134.09
04:50:40   3182.93   1030.63
04:50:43   4579.82   1040.87
04:50:46   4604.73    398.30
04:50:49   4385.05   2371.98
04:50:52   4847.22    729.97
04:50:55   5270.76    699.54
04:50:58   3132.53    434.28
04:51:01  32622.57    916.48
04:51:04  40909.35   3517.66
Connection to 192.168.1.102 closed.
time: 29
  Time         enp0s25      
HH:MM:SS   Kbps in  Kbps out
04:51:09  39346.65   1456.74
04:51:12  39157.69    778.85
04:51:15  37035.75   1416.88
04:51:18  48337.78   1641.59
04:51:21  41532.09   2784.43
04:51:24  39881.69   1553.20
04:51:27  36393.23   1106.51
04:51:30  38766.83   1453.56
04:51:33  39091.35   1204.38
04:51:36  37574.21    778.07
04:51:39  50432.43   3324.50
04:51:42  47511.27   1648.85
04:51:45  31533.40   1285.32
04:51:48  36443.26   1134.48
04:51:51  39336.25    781.61
04:51:54  37118.70   1175.09
04:51:57  39143.39   2653.63
04:52:00  39179.30   2048.91
04:52:03  39150.53   1284.13
Connection to 192.168.1.102 closed.
time: 30
  Time         enp0s25      
HH:MM:SS   Kbps in  Kbps out
04:52:09  38851.40   1127.26
04:52:12  38393.77   1990.11
04:52:15   4172.02   2145.20
04:52:18   4074.96     33.48
04:52:21   3536.57    543.63
04:52:24   4549.68    535.82
04:52:27   4444.52   1202.06
04:52:30   4546.93   1608.87
04:52:33   3676.22    359.46
04:52:36   3872.15    354.82
04:52:39   4441.94    367.96
04:52:42   5330.08   2504.10
04:52:45   4381.30     29.01
04:52:48   4700.37    371.83
04:52:51   4134.12    200.42
04:52:54   2890.94    182.17
04:52:57   4929.07   2173.99
04:53:00   4646.88     29.23
04:53:03   2678.21    918.50
Connection to 192.168.1.102 closed.
