time: 0
  Time         enp0s25      
HH:MM:SS   Kbps in  Kbps out
01:17:59  14489.86     14.68
01:18:02  14908.18     28.81
01:18:05  14162.64     14.46
01:18:08  13695.41     15.56
01:18:11  14516.67     21.13
01:18:14  13540.97      9.20
01:18:17  14490.55     22.80
01:18:20  14260.69     19.22
01:18:23  15458.17     28.83
01:18:26  17861.86     41.38
01:18:29  13214.86      6.90
01:18:32  14624.76     26.25
01:18:35  16233.49     25.15
01:18:38  15928.27     34.11
01:18:41  14061.35     12.11
01:18:44  15475.73     23.74
01:18:47  15344.01     18.54
01:18:50  15068.54     16.15
01:18:53  17557.85     59.96
Connection to 192.168.1.102 closed.
time: 1
  Time         enp0s25      
HH:MM:SS   Kbps in  Kbps out
01:18:58  16636.09     48.10
01:19:01  15565.58     47.99
01:19:04  14007.28      8.93
01:19:07  15556.36    194.95
01:19:10  14978.42     27.29
01:19:13  15535.77     43.00
01:19:16  15034.29     20.70
01:19:19  16800.48     48.98
01:19:22  14150.60     11.28
01:19:25  16437.15     28.15
01:19:28  15849.48     32.83
01:19:31  16475.45     38.16
01:19:34  14647.99      7.09
01:19:37  15517.12     27.45
01:19:40  15434.88     31.92
01:19:43  14869.45     22.61
01:19:46  17306.04     55.74
01:19:49  16628.13     25.48
01:19:52  16832.49     16.85
Connection to 192.168.1.102 closed.
time: 2
  Time         enp0s25      
HH:MM:SS   Kbps in  Kbps out
01:19:58  16409.80     53.56
01:20:01  15443.06     39.53
01:20:04  15733.83     16.69
01:20:07  15916.74     32.86
01:20:10  18067.02     81.30
01:20:13  14278.75      8.05
01:20:16  15065.32     31.13
01:20:19  16105.00     29.82
01:20:22  13811.11     16.96
01:20:25  16065.78     34.50
01:20:28  15022.13     22.72
01:20:31  14977.71     25.89
01:20:34  15261.84     28.28
01:20:37  18129.16     47.60
01:20:40  14000.88     11.48
01:20:43  15908.30     32.41
01:20:46  16096.90     30.68
01:20:49  15886.95     29.89
01:20:52  14824.99     16.29
Connection to 192.168.1.102 closed.
time: 3
  Time         enp0s25      
HH:MM:SS   Kbps in  Kbps out
01:20:58  15554.62     32.66
01:21:01  15536.36     22.79
01:21:04  16997.30     67.79
01:21:07  15732.03     51.98
01:21:10  13534.50     12.95
01:21:13  16045.13     34.88
01:21:16  15949.92     32.14
01:21:19  14494.35     14.08
01:21:22  14436.12     17.86
01:21:25  15987.42     31.84
01:21:28  15698.30     30.90
01:21:31  14101.79     11.35
01:21:34  15450.08     33.80
01:21:37  16210.51     38.21
01:21:40  14980.75     11.40
01:21:43  16460.31     33.67
01:21:46  15506.18     27.70
01:21:49  16411.79      9.52
01:21:52  16054.81     22.34
Connection to 192.168.1.102 closed.
time: 4
  Time         enp0s25      
HH:MM:SS   Kbps in  Kbps out
01:21:58  15967.39     40.13
01:22:01  15001.14     27.89
01:22:04  16380.02     26.03
01:22:07  15535.27     58.87
01:22:10  17037.35     58.80
01:22:13  16527.94     38.78
01:22:16  15939.59     35.95
01:22:19  13911.95     12.94
01:22:22  16373.04     30.70
01:22:25  16284.03     34.65
01:22:28  15339.19     13.17
01:22:31  15583.15     31.93
01:22:34  16224.40     24.28
01:22:37  15749.61     16.80
01:22:40  16373.86     34.63
01:22:43  15909.65     31.29
01:22:46  14175.08      5.28
01:22:49  15642.82     28.21
01:22:52  15748.53     26.39
Connection to 192.168.1.102 closed.
time: 5
  Time         enp0s25      
HH:MM:SS   Kbps in  Kbps out
01:22:58  15549.57     34.16
01:23:01  16045.52     34.57
01:23:04  15747.66     35.62
01:23:07  13796.03     51.31
01:23:10  16068.75     57.45
01:23:13  14503.87     33.00
01:23:16  15652.06     50.19
01:23:19  69209.13   1280.64
01:23:22  105916.6   2075.61
01:23:25  106452.5   2086.75
01:23:28  106604.6   2103.51
01:23:31  105459.3   2021.94
01:23:34  104666.2   1962.39
01:23:37  105587.9   1989.88
01:23:40  106415.5   2084.50
01:23:43  105435.8   2064.05
01:23:46  106128.0   2078.47
01:23:49  106639.2   2049.38
01:23:52  105540.6   2009.69
Connection to 192.168.1.102 closed.
time: 6
  Time         enp0s25      
HH:MM:SS   Kbps in  Kbps out
01:23:59  106105.6   2029.83
01:24:02  104806.3   2000.86
01:24:05  105048.4   2184.94
01:24:08  105617.8   2095.32
01:24:11  105840.5   2056.00
01:24:14  105769.5   2071.65
01:24:17  105309.2   2120.68
01:24:20  104644.6   2055.09
01:24:23  105477.4   2009.71
01:24:26  102481.4   2048.87
01:24:29  52202.82    928.07
01:24:32  15381.25     36.65
01:24:35  14227.25     14.79
01:24:38  14212.60     26.24
01:24:41  14957.96     37.63
01:24:44  13443.97      9.50
01:24:47  15170.35     32.06
01:24:50  14564.02     35.89
01:24:53  14308.17     30.72
Connection to 192.168.1.102 closed.
time: 7
  Time         enp0s25      
HH:MM:SS   Kbps in  Kbps out
01:24:59  14609.77     36.77
01:25:02  14310.72     21.77
01:25:05  13826.69    482.10
01:25:08  14752.68    213.82
01:25:11  15701.05    143.55
01:25:14  15217.63    842.15
01:25:17  14746.87    395.63
01:25:20  16054.08    177.28
01:25:23  15967.31    287.74
01:25:26  20778.31    323.81
01:25:29  105189.5   2072.75
01:25:32  105172.9   2524.40
01:25:35  105771.3   2086.19
01:25:38  105556.8   2178.37
01:25:41  103840.0   2443.73
01:25:44  104321.6   2461.22
01:25:47  105808.3   2719.10
01:25:50  105842.3   2144.24
01:25:53  105582.8   2126.26
Connection to 192.168.1.102 closed.
time: 8
  Time         enp0s25      
HH:MM:SS   Kbps in  Kbps out
01:25:59  104886.2   2178.78
01:26:02  105316.8   2026.51
01:26:05  105218.8   2075.55
01:26:08  96729.55   2272.14
01:26:11  100098.5   2875.93
01:26:14  105045.7   2170.56
01:26:17  105982.6   2181.20
01:26:20  105492.0   2542.97
01:26:23  104112.1   3114.25
01:26:26  104472.5   2207.99
01:26:29  104063.9   2221.36
01:26:32  105346.4   2109.38
01:26:35  105160.5   2047.30
01:26:38  103815.3   1962.63
01:26:41  45532.14   1262.20
01:26:44  15176.05     33.12
01:26:47  15752.11     32.12
01:26:50  14663.78     31.08
01:26:53  15186.78    616.33
Connection to 192.168.1.102 closed.
time: 9
  Time         enp0s25      
HH:MM:SS   Kbps in  Kbps out
01:26:59  14933.66     39.34
01:27:02  14409.20     41.62
01:27:05  15920.29    559.54
01:27:08  15512.14    872.49
01:27:11  14650.56    211.39
01:27:14  14736.18    230.80
01:27:17  15274.80    293.38
01:27:20  14669.34    225.06
01:27:23  15995.53   1297.38
01:27:26  16012.35     36.51
01:27:29  14476.25     84.86
01:27:32  15845.02    242.66
01:27:35  84070.27   1662.37
01:27:38  97763.56   1975.67
01:27:41  101772.4   2793.69
01:27:44  99279.54   1931.05
01:27:47  101555.6   1972.55
01:27:50  103905.1   2096.28
01:27:53  105821.9   2036.98
Connection to 192.168.1.102 closed.
time: 10
  Time         enp0s25      
HH:MM:SS   Kbps in  Kbps out
01:27:59  104515.9   3111.94
01:28:02  105408.6   2130.86
01:28:05  105551.8   2107.56
01:28:08  105807.3   2038.20
01:28:11  105325.7   2123.49
01:28:14  105414.3   2437.67
01:28:17  100180.4   2598.13
01:28:20  102230.7   2040.64
01:28:23  105352.2   1982.75
01:28:26  104393.5   2003.87
01:28:29  104743.3   2113.71
01:28:32  103378.3   2959.73
01:28:35  104315.2   2131.07
01:28:38  80716.82   1589.90
01:28:41  96486.27   1975.72
01:28:44  104284.8   1973.69
01:28:47  102715.4   2646.91
01:28:50  66300.55   2214.99
01:28:53  50891.53    957.14
Connection to 192.168.1.102 closed.
time: 11
  Time         enp0s25      
HH:MM:SS   Kbps in  Kbps out
01:32:47  16409.54   3452.91
01:32:50  16904.63   4688.44
01:32:53  16559.16    465.59
01:32:56  16461.22   1005.89
01:32:59  14744.26   1110.77
01:33:02  16599.32   3115.84
01:33:05  17330.80   4119.01
01:33:08  13942.95   1198.72
01:33:11  15998.67   1223.80
01:33:14  15812.28    327.57
01:33:17  14741.28    648.03
01:33:20  16410.93   3900.59
01:33:23  17068.99    950.96
01:33:26  14690.69    761.03
01:33:29  15675.97    883.62
01:33:32  16432.98    875.93
01:33:35  16580.29    571.17
01:33:38  15351.83   3045.38
01:33:41  15875.84    686.81
Connection to 192.168.1.102 closed.
time: 12
  Time         enp0s25      
HH:MM:SS   Kbps in  Kbps out
01:33:47  15453.41     15.23
01:33:50  15746.17    889.51
01:33:53  16304.41   1757.63
01:33:56  15957.75   2702.51
01:33:59  16827.10     28.32
01:34:02  16497.73    893.67
01:34:05  14791.29    869.64
01:34:08  16295.77    682.15
01:34:11  15716.83   1752.41
01:34:14  15373.65   1865.06
01:34:17  15883.80    885.95
01:34:20  16763.94    900.31
01:34:23  15868.49   2746.55
01:34:26  16149.25   1661.09
01:34:29  16717.99    547.93
01:34:32  16626.43   1387.28
01:34:35  15849.95   2871.69
01:34:38  15745.42    553.25
01:34:41  16480.27    559.94
Connection to 192.168.1.102 closed.
time: 13
  Time         enp0s25      
HH:MM:SS   Kbps in  Kbps out
01:34:46  16143.19   3279.97
01:34:49  16690.20    994.69
01:34:52  14944.78    560.84
01:34:55  16813.95    544.86
01:34:58  16836.69   1531.40
01:35:01  14957.73   2710.78
01:35:04  16679.56    551.33
01:35:07  16721.32    548.67
01:35:10  15269.55    542.70
01:35:13  16384.47   4203.69
01:35:16  16007.42    540.37
01:35:19  16765.52    309.91
01:35:22  15753.46    361.53
01:35:25  16599.52   3342.51
01:35:28  16509.46    548.16
01:35:31  15603.88    309.22
01:35:34  16763.25    378.39
01:35:37  15748.55   1567.94
01:35:40  16549.48   2238.95
Connection to 192.168.1.102 closed.
time: 14
  Time         enp0s25      
HH:MM:SS   Kbps in  Kbps out
01:35:47  17486.71    381.84
01:35:50  16313.57   2822.23
01:35:53  16141.88   1110.04
01:35:56  16079.45    377.30
01:35:59  17094.99   1661.09
01:36:02  14433.76   2521.22
01:36:05  16164.61   3047.96
01:36:08  15949.24   2399.02
01:36:11  15071.55   4097.42
01:36:14  16080.78   3491.00
01:36:17  15888.60   3691.31
01:36:20  14401.27   2067.70
01:36:23  15538.57   3721.29
01:36:26  15919.05   2531.98
01:36:29  17866.05   3838.68
01:36:32  15748.90   4678.22
01:36:35  16243.34   4307.05
01:36:38  16299.20   2439.19
01:36:41  14475.05   2520.23
Connection to 192.168.1.102 closed.
time: 15
  Time         enp0s25      
HH:MM:SS   Kbps in  Kbps out
01:36:47  15939.20   2073.50
01:36:50  16574.97   3528.80
01:36:53  16398.84   3038.66
01:36:56  18193.40   4259.15
01:36:59  15222.07   3642.61
01:37:02  16078.07   3802.00
01:37:05  15983.35   2822.06
01:37:08  14486.64   2270.58
01:37:11  15949.20   4014.22
01:37:14  15574.42   2951.09
01:37:17  15695.81   2518.15
01:37:20  14823.78   3463.44
01:37:23  18045.64   4702.17
01:37:26  14397.33   3301.21
01:37:29  15806.30   3675.17
01:37:32  16258.60   3624.17
01:37:35  15835.41   2147.61
01:37:38  13818.09   2591.14
01:37:41  15737.31   3874.83
Connection to 192.168.1.102 closed.
time: 16
  Time         enp0s25      
HH:MM:SS   Kbps in  Kbps out
01:37:46  14466.29   4015.40
01:37:49  16310.86   2942.89
01:37:52  15826.17   3077.48
01:37:55  15802.57   2890.06
01:37:58  16825.74   3633.07
01:38:01  17020.51   1007.05
01:38:04  17955.12   1594.79
01:38:07  15969.15    692.01
01:38:10  16369.97   1687.38
01:38:13  17758.79   1944.00
01:38:16  15328.81   2076.30
01:38:19  18143.55   1686.94
01:38:22  18301.46    284.48
01:38:25  15500.25    529.88
01:38:28  16674.79     30.44
01:38:31  16276.40   2079.25
01:38:34  14825.38    946.04
01:38:37  16525.44    554.13
01:38:40  16207.05     27.22
Connection to 192.168.1.102 closed.
time: 17
  Time         enp0s25      
HH:MM:SS   Kbps in  Kbps out
01:38:47  14684.59    434.59
01:38:50  16308.26   2479.42
01:38:53  17574.36    253.83
01:38:56  16025.83    332.16
01:38:59  15890.53    650.23
01:39:02  16622.95    709.15
01:39:05  15902.07   2387.33
01:39:08  16626.78    466.70
01:39:11  14990.71    713.95
01:39:14  15964.05    716.57
01:39:17  14636.56    279.40
01:39:20  18034.38   2818.21
01:39:23  13720.91    493.33
01:39:26  15281.44    637.76
01:39:29  15957.94    485.49
01:39:32  14835.45    436.77
01:39:35  15090.50   2256.75
01:39:38  15402.16   2739.91
01:39:41  16465.62   2731.86
Connection to 192.168.1.102 closed.
time: 18
  Time         enp0s25      
HH:MM:SS   Kbps in  Kbps out
01:39:47  15599.15   3096.71
01:39:50  15177.28   2878.98
01:39:53  15814.01   3315.40
01:39:56  15238.50   2680.49
01:39:59  18444.05   3652.98
01:40:02  14446.18   1612.01
01:40:05  16518.16    772.89
01:40:08  14719.26   1675.64
01:40:11  15284.26   1342.00
01:40:14  17700.65    710.45
01:40:17  16555.63    712.02
01:40:20  15397.32     11.21
01:40:23  16598.04   2994.85
01:40:26  16202.13    538.50
01:40:29  17098.54    542.74
01:40:32  14783.92     16.08
01:40:35  15709.14   2824.38
01:40:38  16607.35    545.45
01:40:41  14841.96    528.97
Connection to 192.168.1.102 closed.
time: 19
  Time         enp0s25      
HH:MM:SS   Kbps in  Kbps out
01:40:47  17273.11   2303.56
01:40:50  14449.67    943.07
01:40:53  17581.57    563.39
01:40:56  15899.47    147.73
01:40:59  14789.89    505.58
01:41:02  15833.26   2651.19
01:41:05  15822.57    549.49
01:41:08  15767.82    132.97
01:41:11  15299.49   1609.46
01:41:14  16451.82    719.97
01:41:17  16612.23    723.90
01:41:20  15801.04    845.59
01:41:23  16844.91   1090.85
01:41:26  15339.89    723.76
01:41:29  14606.61    526.79
01:41:32  16173.71   1459.47
01:41:35  15295.95    287.93
01:41:38  14262.64    398.08
01:41:41  16765.57    375.30
Connection to 192.168.1.102 closed.
time: 20
  Time         enp0s25      
HH:MM:SS   Kbps in  Kbps out
01:41:47  15855.27     22.06
01:41:50  14193.54    530.60
01:41:53  16049.42    541.32
01:41:56  16419.57   1325.57
01:41:59  15329.54    427.26
01:42:02  16277.63    584.50
01:42:05  17236.30    580.28
01:42:08  15802.80    440.56
01:42:11  15833.33   1493.90
01:42:14  15962.03    749.91
01:42:17  14692.40    679.01
01:42:20  15151.89    815.40
01:42:23  16092.80   1686.05
01:42:26  15926.93    339.05
01:42:29  14614.36    728.89
01:42:32  16841.21    885.56
01:42:35  16098.36   1085.51
01:42:38  16988.27    367.32
01:42:41  15956.43    582.56
Connection to 192.168.1.102 closed.
time: 21
  Time         enp0s25      
HH:MM:SS   Kbps in  Kbps out
01:42:47  15456.40    415.13
01:42:50  16809.01    232.09
01:42:53  16668.13    930.54
01:42:56  15029.94    548.50
01:42:59  16416.62    398.50
01:43:02  17149.49     37.92
01:43:05  16416.88    644.37
01:43:08  14616.82    884.39
01:43:11  16977.15   1948.60
01:43:14  16613.04   2778.42
01:43:17  14775.26    595.87
01:43:20  16591.83   1100.14
01:43:23  16495.91   1461.32
01:43:26  14882.84   1413.89
01:43:29  16188.67   3173.02
01:43:32  15527.45   1110.25
01:43:35  14677.40   1497.95
01:43:38  15777.08   1165.63
01:43:41  16344.28    529.90
Connection to 192.168.1.102 closed.
time: 22
  Time         enp0s25      
HH:MM:SS   Kbps in  Kbps out
01:43:47  16668.54   3555.78
01:43:50  18915.16   1285.15
01:43:53  16506.23    313.08
01:43:56  14364.08   1228.72
01:43:59  16692.35   1318.37
01:44:02  15170.17   1513.88
01:44:05  15063.24   3310.14
01:44:08  15567.01   1405.86
01:44:11  15536.06   1233.04
01:44:14  15879.80   1146.95
01:44:17  14643.00   1452.28
01:44:20  15173.46   1125.17
01:44:23  17294.20    700.84
01:44:26  16798.02    725.47
01:44:29  14629.11    346.14
01:44:32  17573.03   1999.37
01:44:35  13438.50    688.50
01:44:38  15947.22    700.90
01:44:41  14994.95    707.56
Connection to 192.168.1.102 closed.
time: 23
  Time         enp0s25      
HH:MM:SS   Kbps in  Kbps out
01:44:47  16663.39   2641.05
01:44:50  15859.92    714.25
01:44:53  14255.96     19.71
01:44:56  15818.74    718.22
01:44:59  15643.35    877.57
01:45:02  14112.62    845.87
01:45:05  16115.65   2688.61
01:45:08  14975.10    737.71
01:45:11  14888.12    840.78
01:45:14  15357.28    854.63
01:45:17  15241.94    358.65
01:45:20  14213.21    156.57
01:45:23  14750.16   2445.73
01:45:26  15366.82    686.38
01:45:29  15932.13    315.66
01:45:32  13843.45    390.25
01:45:35  14310.99    823.50
01:45:38  15545.97   1520.39
01:45:41  13796.79   1824.11
Connection to 192.168.1.102 closed.
time: 24
  Time         enp0s25      
HH:MM:SS   Kbps in  Kbps out
01:45:47  14464.32   1288.94
01:45:50  13712.44    812.34
01:45:53  16057.41    336.23
01:45:56  15007.68   2114.74
01:45:59  16054.23   1626.96
01:46:02  15355.90   1049.49
01:46:05  15116.87     99.55
01:46:08  15237.11    770.41
01:46:11  15274.47   3336.65
01:46:14  15672.09   1004.33
01:46:17  15423.52    141.63
01:46:20  15184.85   1067.00
01:46:23  15550.35   3306.25
01:46:26  16608.00   1720.29
01:46:29  13853.74    199.48
01:46:32  16230.32    983.61
01:46:35  15054.46    719.77
01:46:38  14112.16   1145.70
01:46:41  15590.33   3048.14
Connection to 192.168.1.102 closed.
time: 25
  Time         enp0s25      
HH:MM:SS   Kbps in  Kbps out
01:46:47  14450.46   1055.45
01:46:50  13564.46    982.52
01:46:53  14739.00    656.48
01:46:56  14991.23    776.99
01:46:59  13525.88   2978.10
01:47:02  15524.24   1007.70
01:47:05  15748.42    527.61
01:47:08  13535.16    544.39
01:47:11  14520.61    888.55
01:47:14  15540.78   2157.44
01:47:17  13824.46   2099.94
01:47:20  16135.76    495.60
01:47:23  15210.52    994.91
01:47:26  15607.09   1004.53
01:47:29  14492.87    539.53
01:47:32  15527.30   2661.97
01:47:35  15084.57    861.88
01:47:38  14522.49    982.20
01:47:41  16259.42    562.51
Connection to 192.168.1.102 closed.
time: 26
  Time         enp0s25      
HH:MM:SS   Kbps in  Kbps out
01:47:47  13254.29    698.83
01:47:50  14888.70   2700.02
01:47:53  15604.61    611.94
01:47:56  14925.15    422.62
01:47:59  15385.92   1004.30
01:48:02  15303.61    675.53
01:48:05  15645.00   2187.24
01:48:08  15511.94   1032.19
01:48:11  15631.89   1020.64
01:48:14  15411.19    729.20
01:48:17  16055.97   2428.83
01:48:20  15884.07   1205.90
01:48:23  15870.85   1183.33
01:48:26  14922.73    611.54
01:48:29  15840.71    592.91
01:48:32  16039.38   2268.18
01:48:35  15120.67   1706.33
01:48:38  16443.71    677.70
01:48:41  16720.43    458.37
Connection to 192.168.1.102 closed.
time: 27
  Time         enp0s25      
HH:MM:SS   Kbps in  Kbps out
01:48:47  15252.74   1002.10
01:48:50  16159.54   1564.84
01:48:53  15393.27   1512.72
01:48:56  13807.14    983.93
01:48:59  16247.67    999.98
01:49:02  15662.93   1002.46
01:49:05  15780.56    562.59
01:49:08  16231.83   2649.14
01:49:11  16115.66   1020.80
01:49:14  14726.47    974.25
01:49:17  15541.00    596.73
01:49:20  15254.38    429.96
01:49:23  14109.52    978.86
01:49:26  15720.77   2511.23
01:49:29  16020.77    633.85
01:49:32  13734.24    336.38
01:49:35  15027.07    996.99
01:49:38  15192.68    990.20
01:49:41  14154.27    662.52
Connection to 192.168.1.102 closed.
time: 28
  Time         enp0s25      
HH:MM:SS   Kbps in  Kbps out
01:50:25  18429.61   1395.93
01:50:28  17559.35   2589.55
01:50:31  18626.64     59.87
01:50:34  17616.02   1068.67
01:50:37  16306.56    812.50
01:50:40  18088.96    947.83
01:50:43  18223.98    911.58
01:50:46  17046.15   1546.68
01:50:49  18233.77    923.17
01:50:52  18947.19    929.47
01:50:55  16114.41    198.77
01:50:58  10297.60   2240.39
01:51:01  17322.41    929.24
01:51:04  18385.96    917.31
01:51:07  17377.67    548.71
01:51:10  18117.24     35.55
01:51:13  17352.97   1276.77
01:51:16  16768.56   1493.68
01:51:19  17977.91    439.41
Connection to 192.168.1.102 closed.
time: 29
  Time         enp0s25      
HH:MM:SS   Kbps in  Kbps out
01:51:25  15355.84    552.55
01:51:28  17691.25    572.68
01:51:31  17424.50   1398.04
01:51:34  16674.38    742.06
01:51:37  16103.65    399.06
01:51:40  17525.83    771.43
01:51:43  18284.85    577.69
01:51:46  18148.40    974.38
01:51:49  17514.02   1131.61
01:51:52  18449.73   1106.47
01:51:55  16776.55   1120.24
01:51:58  18023.77     29.23
01:52:01  17227.71   1330.28
01:52:04  16288.55    870.38
01:52:07  17308.04    563.99
01:52:10  17518.77    805.78
01:52:13  16603.19    926.72
01:52:16  17866.06    380.95
01:52:19  18273.09   1501.17
Connection to 192.168.1.102 closed.
time: 30
  Time         enp0s25      
HH:MM:SS   Kbps in  Kbps out
01:52:25  17386.03    457.09
01:52:28  18553.88   2667.39
01:52:31  16645.05    547.82
01:52:34  16092.66    269.38
01:52:37  17328.80   1763.90
01:52:40  17138.29    537.19
01:52:43  18232.56   1336.23
01:52:46  16993.74   1515.73
01:52:49  17362.23   1215.16
01:52:52  15991.60    873.00
01:52:55  20183.96    709.61
01:52:58  92370.96   3643.09
01:53:01  100817.9   2655.67
01:53:04  101146.9   2464.40
01:53:07  89165.59   1976.01
01:53:10  102606.3   2357.89
01:53:13  98156.04   2407.82
01:53:16  104374.6   2418.23
01:53:19  99781.53   2213.33
Connection to 192.168.1.102 closed.
