time: 0
  Time         enp0s25      
HH:MM:SS   Kbps in  Kbps out
22:54:41  12898.20     22.23
22:54:44  13002.46     30.17
22:54:47  12366.09     10.29
22:54:50  12750.69     21.18
22:54:53  12868.71      8.85
22:54:56  13540.32     26.97
22:54:59  14600.06     38.54
22:55:02  14816.99     33.89
22:55:05  14070.37     30.58
22:55:08  14772.79     19.57
22:55:11  14723.86     36.47
22:55:14  14569.36     21.45
22:55:17  14569.85     18.12
22:55:20  14627.86     32.65
22:55:23  16366.54     53.87
22:55:26  13468.25      9.78
22:55:29  14384.30     31.50
22:55:32  14178.49     38.36
22:55:35  12838.00     13.68
Connection to 192.168.1.102 closed.
time: 1
  Time         enp0s25      
HH:MM:SS   Kbps in  Kbps out
22:55:41  13006.58     19.52
22:55:44  13416.41     22.81
22:55:47  14272.84     45.21
22:55:50  15864.12     51.17
22:55:53  13267.14      6.48
22:55:56  14399.53     39.13
22:55:59  14685.60     40.12
22:56:02  12395.14     20.52
22:56:05  14562.80     22.47
22:56:08  13275.98     24.26
22:56:11  14165.44     32.40
22:56:14  14841.41     31.19
22:56:17  15510.07     47.52
22:56:20  14293.35     33.59
22:56:23  13686.64     10.00
22:56:26  14938.34     31.80
22:56:29  15463.25     36.91
22:56:32  12803.46     12.87
22:56:35  14644.94     32.74
Connection to 192.168.1.102 closed.
time: 2
  Time         enp0s25      
HH:MM:SS   Kbps in  Kbps out
22:56:40  14986.66     29.81
22:56:43  16238.05     71.18
22:56:46  15214.20     31.40
22:56:49  13104.32     11.84
22:56:52  14519.04     31.44
22:56:55  15627.77     25.26
22:56:58  13290.06     14.16
22:57:01  14657.55     26.70
22:57:04  14305.54     25.88
22:57:07  13993.55     27.79
22:57:10  16533.30     56.48
22:57:13  14377.25     28.92
22:57:16  14266.55     32.51
22:57:19  13317.47      9.08
22:57:22  14839.09     37.40
22:57:25  14345.68     19.73
22:57:28  14041.14     24.94
22:57:31  14452.91     21.24
22:57:34  17126.59     66.87
Connection to 192.168.1.102 closed.
time: 3
  Time         enp0s25      
HH:MM:SS   Kbps in  Kbps out
22:57:41  14575.51     49.80
22:57:44  13793.07     35.75
22:57:47  14643.49     34.25
22:57:50  12888.15     27.77
22:57:53  13665.57     18.48
22:57:56  13996.87     30.57
22:57:59  15130.77     29.45
22:58:02  14307.61     25.84
22:58:05  14371.09     28.08
22:58:08  15428.23     34.76
22:58:11  14440.36     41.02
22:58:14  17089.31     44.28
22:58:17  13391.92      8.90
22:58:20  15106.02     29.35
22:58:23  15192.52     41.72
22:58:26  13138.76      8.87
22:58:29  14956.66     26.65
22:58:32  15585.99     39.10
22:58:35  14553.43     27.62
Connection to 192.168.1.102 closed.
time: 4
  Time         enp0s25      
HH:MM:SS   Kbps in  Kbps out
22:58:40  15400.32     39.65
22:58:43  14666.04     36.73
22:58:46  12772.58      8.68
22:58:49  14392.04     52.54
22:58:52  14331.82     45.16
22:58:55  13340.59      7.97
22:58:58  13835.05     33.76
22:59:01  14008.64     32.72
22:59:04  13327.17     12.67
22:59:07  14614.14    196.65
22:59:10  15100.78     26.79
22:59:13  12741.79     11.60
22:59:16  14202.30     17.43
22:59:19  15024.42     28.46
22:59:22  14623.27     32.62
22:59:25  14135.06     26.14
22:59:28  15433.96     29.11
22:59:31  15614.96     40.76
22:59:34  15321.93     32.49
Connection to 192.168.1.102 closed.
time: 5
  Time         enp0s25      
HH:MM:SS   Kbps in  Kbps out
22:59:40  14752.24     36.14
22:59:43  13994.33      9.61
22:59:46  15005.63     36.89
22:59:49  14521.67     65.86
22:59:52  13638.05     38.07
22:59:55  14606.21     56.94
22:59:58  44559.25    734.02
23:00:01  104862.4   2035.33
23:00:04  103367.7   1997.29
23:00:07  93464.34   1768.15
23:00:10  92939.02   1656.41
23:00:13  97275.49   1813.97
23:00:16  92153.01   1734.09
23:00:19  104776.5   2032.02
23:00:22  81157.95   1528.80
23:00:25  88109.41   1670.21
23:00:28  93995.86   1795.56
23:00:31  95675.56   1820.16
23:00:34  90915.15   1707.95
Connection to 192.168.1.102 closed.
time: 6
  Time         enp0s25      
HH:MM:SS   Kbps in  Kbps out
23:00:41  94656.99   1711.40
23:00:44  91494.55   1629.86
23:00:47  86673.09   1621.56
23:00:50  84686.64   1572.72
23:00:53  88664.32   1632.65
23:00:56  84896.64   1606.92
23:00:59  84196.04   1740.74
23:01:02  85412.84   1604.55
23:01:05  72914.10   1473.06
23:01:08  74821.90   1490.74
23:01:11  61899.47   1214.10
23:01:14  67622.60   1189.44
23:01:17  63869.11   1184.26
23:01:20  54640.56   1023.23
23:01:23  43251.90    835.49
23:01:26  42717.29    652.45
23:01:29  37805.34    712.39
23:01:32  48004.01    868.39
23:01:35  25825.01    299.33
Connection to 192.168.1.102 closed.
time: 7
  Time         enp0s25      
HH:MM:SS   Kbps in  Kbps out
23:01:41  13451.13     18.85
23:01:44  15558.50     32.71
23:01:47  15443.06     26.17
23:01:50  13688.62     13.11
23:01:53  14879.38     35.93
23:01:56  15506.25     52.95
23:01:59  15476.00     38.74
23:02:02  13430.44     24.71
23:02:05  15048.28    340.01
23:02:08  15598.18    161.52
23:02:11  14094.43    202.89
23:02:14  15620.38    416.71
23:02:17  15382.89    169.25
23:02:20  13689.26      8.27
23:02:23  15028.63   1204.54
23:02:26  50602.29    851.84
23:02:29  90428.58   1713.25
23:02:32  85361.68   2462.71
23:02:35  83553.99   1727.96
Connection to 192.168.1.102 closed.
time: 8
  Time         enp0s25      
HH:MM:SS   Kbps in  Kbps out
23:02:41  95677.73   1750.04
23:02:44  91233.36   2307.85
23:02:47  92324.45   1750.01
23:02:50  82498.99   1572.92
23:02:53  83053.87   1569.15
23:02:56  82742.04   1544.37
23:02:59  82951.81   1557.11
23:03:02  92296.16   1766.15
23:03:05  84009.95   1554.85
23:03:08  92820.27   1754.64
23:03:11  100493.8   1836.54
23:03:14  99621.61   1981.78
23:03:17  92030.69   1744.96
23:03:20  93638.44   1896.74
23:03:23  96447.22   1877.49
23:03:26  101549.5   2960.57
23:03:29  88062.75   1650.30
23:03:32  102278.5   1963.92
23:03:35  85610.29   1592.43
Connection to 192.168.1.102 closed.
time: 9
  Time         enp0s25      
HH:MM:SS   Kbps in  Kbps out
23:03:41  97014.96   2800.51
23:03:44  77118.26   1371.99
23:03:47  58154.19    988.48
23:03:50  48988.52    793.89
23:03:53  49446.38    787.52
23:03:56  53591.72    920.70
23:03:59  14201.49   1000.79
23:04:02  14550.18    493.22
23:04:05  14700.15    439.57
23:04:08  13966.61    662.81
23:04:11  14453.89    250.59
23:04:14  14850.74    264.06
23:04:17  14985.38    368.22
23:04:20  15485.87    997.85
23:04:23  13138.99    142.82
23:04:26  14433.68    293.98
23:04:29  14682.25    789.60
23:04:32  14384.58     40.50
23:04:35  12904.92    190.32
Connection to 192.168.1.102 closed.
time: 10
  Time         enp0s25      
HH:MM:SS   Kbps in  Kbps out
23:04:41  15524.07    257.92
23:04:44  15541.27    734.88
23:04:47  13922.56      8.98
23:04:50  16204.99    142.25
23:04:53  16134.96    204.19
23:04:56  13581.14    764.80
23:04:59  16030.45     38.43
23:05:02  15047.51    210.41
23:05:05  15341.18    186.82
23:05:08  17023.94    812.35
23:05:11  47420.03    746.11
23:05:14  103600.3   2153.45
23:05:17  104688.7   2162.40
23:05:20  103101.4   1939.63
23:05:23  103877.1   2608.14
23:05:26  104705.7   2091.98
23:05:29  103428.0   2224.45
23:05:32  99182.81   2754.96
23:05:35  100733.9   1899.94
Connection to 192.168.1.102 closed.
time: 11
  Time         enp0s25      
HH:MM:SS   Kbps in  Kbps out
23:09:28  15659.70   1147.49
23:09:31  16082.02   3274.00
23:09:34  15076.22   4126.57
23:09:37  15218.36    161.65
23:09:40  16038.87   1054.79
23:09:43  36034.63   1584.73
23:09:46  78407.67   3963.57
23:09:49  79058.57   4767.16
23:09:52  95769.70   2681.20
23:09:55  93422.94   2423.61
23:09:58  97880.60   2220.86
23:10:01  98642.22   2064.73
23:10:04  85651.47   4767.74
23:10:07  94483.95   3576.28
23:10:10  100820.7   2399.18
23:10:13  75251.94   1735.49
23:10:16  101302.1   2406.85
23:10:19  31641.16   1868.72
23:10:22  13510.82   2976.44
Connection to 192.168.1.102 closed.
time: 12
  Time         enp0s25      
HH:MM:SS   Kbps in  Kbps out
23:10:29  15447.98    624.83
23:10:32  13664.57    917.59
23:10:35  17148.34    808.01
23:10:38  17217.01   1749.76
23:10:41  13331.90   2073.68
23:10:44  14623.94    895.31
23:10:47  15226.74    872.77
23:10:50  13121.42    517.81
23:10:53  14459.73   4045.11
23:10:56  13504.80    878.18
23:10:59  14163.76    866.29
23:11:02  14291.22   2271.30
23:11:05  14217.52    999.67
23:11:08  14305.73    366.30
23:11:11  16768.64   1062.89
23:11:14  15245.76   2107.49
23:11:17  14803.11     32.11
23:11:20  12132.85    348.81
23:11:23  14175.26   2968.18
Connection to 192.168.1.102 closed.
time: 13
  Time         enp0s25      
HH:MM:SS   Kbps in  Kbps out
23:11:28  12467.46    348.70
23:11:31  14355.27    370.02
23:11:34  14758.74   1743.13
23:11:37  12966.11   1722.02
23:11:40  15366.70    149.05
23:11:43  14023.20    464.72
23:11:46  14206.14    766.42
23:11:49  13480.73   2758.68
23:11:52  14401.04   2962.38
23:11:55  12747.35   2159.58
23:11:58  14457.34   3014.91
23:12:01  13771.53   2729.00
23:12:04  16340.30   3432.72
23:12:07  12380.45   2764.13
23:12:10  13878.73   3391.33
23:12:13  14872.53   2548.69
23:12:16  12397.30   2286.05
23:12:19  14181.89   3206.39
23:12:22  13367.06   4004.48
Connection to 192.168.1.102 closed.
time: 14
  Time         enp0s25      
HH:MM:SS   Kbps in  Kbps out
23:12:29  13726.85   3522.46
23:12:32  15084.11   4700.92
23:12:35  13852.75   4482.00
23:12:38  13094.27   2921.80
23:12:41  15165.17   4561.08
23:12:44  14497.23   2681.80
23:12:47  13337.05   3218.54
23:12:50  14055.71   4171.67
23:12:53  14744.94   4678.81
23:12:56  14655.93   3304.08
23:12:59  13776.81   4341.25
23:13:02  14596.90   2694.82
23:13:05  14096.63   3205.72
23:13:08  13046.30   3428.03
23:13:11  14334.75   3357.08
23:13:14  13378.07   2583.67
23:13:17  14416.48   3002.95
23:13:20  14099.96   3168.68
23:13:23  15889.36   3958.20
Connection to 192.168.1.102 closed.
time: 15
  Time         enp0s25      
HH:MM:SS   Kbps in  Kbps out
23:13:29  14335.96   3892.25
23:13:32  13990.61   3257.89
23:13:35  11977.17   3044.24
23:13:38  13539.60    547.36
23:13:41  13727.72   1685.88
23:13:44  14253.34   1533.92
23:13:47  12249.60   2693.63
23:13:50  14359.66   1869.39
23:13:53  14224.18   1839.36
23:13:56  12382.77    567.92
23:13:59  13462.86   3919.56
23:14:02  13392.64   1352.82
23:14:05  14156.88    618.23
23:14:08  14892.55   1626.61
23:14:11  13494.80   3993.20
23:14:14  14455.51    457.74
23:14:17  14098.47   1430.07
23:14:20  16673.95   3619.82
23:14:23  13122.35   1059.93
Connection to 192.168.1.102 closed.
time: 16
  Time         enp0s25      
HH:MM:SS   Kbps in  Kbps out
23:14:29  14740.07   2213.24
23:14:32  12414.54   2123.97
23:14:35  14245.13    145.35
23:14:38  14144.15    656.73
23:14:41  13661.44    869.23
23:14:44  13033.67   3448.42
23:14:47  14940.78    327.37
23:14:50  14216.77    801.76
23:14:53  12866.69    665.80
23:14:56  14505.62   3101.45
23:14:59  14627.51    325.51
23:15:02  12806.08    946.14
23:15:05  14548.46    848.05
23:15:08  14431.64   1832.55
23:15:11  13370.53     92.93
23:15:14  14435.89    649.72
23:15:17  14678.44    905.78
23:15:20  14550.32    502.55
23:15:23  13766.14   2034.96
Connection to 192.168.1.102 closed.
time: 17
  Time         enp0s25      
HH:MM:SS   Kbps in  Kbps out
23:15:29  14951.41    803.03
23:15:32  14006.89   1589.85
23:15:35  14833.72   1323.30
23:15:38  13105.61    223.41
23:15:41  14155.86    786.95
23:15:44  14872.57   2565.89
23:15:47  15331.06    818.94
23:15:50  12616.65    988.85
23:15:53  15894.46    745.32
23:15:56  78276.08   3373.66
23:15:59  102724.3   3041.46
23:16:02  98488.37   2769.79
23:16:05  103652.0   2446.95
23:16:08  102982.3   2362.60
23:16:11  95021.96   3710.72
23:16:14  93737.39   4108.49
23:16:17  93341.67   3701.27
23:16:20  90424.26   4524.43
23:16:23  91009.22   4391.16
Connection to 192.168.1.102 closed.
time: 18
  Time         enp0s25      
HH:MM:SS   Kbps in  Kbps out
23:16:30  95926.78   3576.45
23:16:33  92237.53   4765.47
23:16:36  95459.33   3796.85
23:16:39  99953.07   3186.51
23:16:42  94864.46   4039.17
23:16:45  94730.64   4204.06
23:16:48  99703.19   3292.57
23:16:51  96412.00   3432.05
23:16:54  96358.26   4089.30
23:16:57  102957.2   2409.82
23:17:00  99538.82   3802.46
23:17:03  94180.50   4367.73
23:17:06  98707.34   3834.08
23:17:09  99620.92   3239.55
23:17:12  90951.64   3912.80
23:17:15  44107.87   3335.61
23:17:18  15843.48   1180.25
23:17:21  15620.34   2046.39
23:17:24  16158.91   3227.80
Connection to 192.168.1.102 closed.
time: 19
  Time         enp0s25      
HH:MM:SS   Kbps in  Kbps out
23:17:30  16216.48   2532.77
23:17:33  16844.11   2610.19
23:17:36  16741.49   2323.56
23:17:39  16719.71   1950.25
23:17:42   7658.97   2530.54
23:17:45  15761.95   1283.04
23:17:48  16807.42   1023.67
23:17:51  15318.88     14.66
23:17:54  16583.76   2061.51
23:17:57  15885.08   1267.77
23:18:00  16666.48   1212.95
23:18:03  15416.61   1249.02
23:18:06  16036.52    975.85
23:18:09  16257.77    972.15
23:18:12  16104.77    860.36
23:18:15  16327.40   1696.25
23:18:18  16445.65     61.53
23:18:21  14063.87   1060.50
23:18:24  15883.83   1100.70
Connection to 192.168.1.102 closed.
time: 20
  Time         enp0s25      
HH:MM:SS   Kbps in  Kbps out
23:18:28  16468.71   1762.71
23:18:31  16705.41   1099.16
23:18:34  15428.00    292.59
23:18:37  15842.53    809.44
23:18:40  16656.04   1545.26
23:18:43  14964.77   1063.51
23:18:46  16516.51    413.82
23:18:49  16291.55    722.77
23:18:52  14335.01    644.77
23:18:55  16231.74   1851.00
23:18:58  17234.69   1092.31
23:19:01  15330.71    217.74
23:19:04  16326.92    741.98
23:19:07  16500.58   1522.95
23:19:10  15622.97   1483.56
23:19:13  15193.81    548.90
23:19:16  15908.44    360.47
23:19:19  14592.84   1521.28
23:19:22  15743.38   1292.65
Connection to 192.168.1.102 closed.
time: 21
  Time         enp0s25      
HH:MM:SS   Kbps in  Kbps out
23:20:32  14034.41    866.72
23:20:35  16693.31   1543.83
23:20:38  15636.73   1060.40
23:20:41  14729.85    844.27
23:20:44  16364.04    922.17
23:20:47  14894.10   1130.75
23:20:50  15435.52   1628.32
23:20:53  15124.38   1145.85
23:20:56  15652.35    709.93
23:20:59  15743.84   1717.20
23:21:02  14177.85   1228.38
23:21:05  15639.23   1179.44
23:21:08  16893.59    909.31
23:21:11  13928.42   1494.17
23:21:14  15210.64   1410.08
23:21:17  14704.04   1399.74
23:21:20  13251.13   1090.99
23:21:23  14984.93   1314.64
23:21:26  15015.45   1341.83
Connection to 192.168.1.102 closed.
time: 22
  Time         enp0s25      
HH:MM:SS   Kbps in  Kbps out
23:21:31  15340.67    977.23
23:21:34  14857.38   1399.22
23:21:37  38010.54   2931.69
23:21:40  102585.2   2370.04
23:21:43  103898.6   2331.38
23:21:46  96661.77   2800.04
23:21:49  95938.28   3977.55
23:21:52  101663.2   2358.04
23:21:55  106286.9   2319.05
23:21:58  100482.5   2619.02
23:22:01  95277.76   3568.75
23:22:04  99299.26   2714.40
23:22:07  105836.1   2081.19
23:22:10  96660.36   2869.18
23:22:13  98684.21   2610.82
23:22:16  100327.5   3305.57
23:22:19  104694.3   1997.59
23:22:22  100767.3   2100.63
23:22:25  101619.1   3159.28
Connection to 192.168.1.102 closed.
time: 23
  Time         enp0s25      
HH:MM:SS   Kbps in  Kbps out
23:22:33  102294.5   2836.70
23:22:36  103164.7   2438.11
23:22:39  99496.02   3282.66
23:22:42  103335.9   2559.60
23:22:45  104284.5   2024.35
23:22:48  99219.42   2982.44
23:22:51  101263.8   2407.20
23:22:54  68149.44   1956.28
23:22:57  14575.46    660.43
23:23:00  12918.12    865.11
23:23:03  16108.25   1425.72
23:23:06  17433.25    740.15
23:23:09  13523.30    678.42
23:23:12  14476.64    800.39
23:23:15  14581.20    897.39
23:23:18  14326.17    862.27
23:23:21  14429.99   1244.68
23:23:24  15411.47     79.66
23:23:27  14410.93    977.87
Connection to 192.168.1.102 closed.
time: 24
  Time         enp0s25      
HH:MM:SS   Kbps in  Kbps out
23:23:33  15521.05   1237.94
23:23:36  13161.44    430.40
23:23:39  14983.45    884.20
23:23:42  14690.09   1447.42
23:23:45  15234.18     42.63
23:23:48  12365.70    873.33
23:23:51  14683.79   1068.01
23:23:54  14786.88    671.45
23:23:57  13137.63    412.04
23:24:00  13857.45    912.17
23:24:03  14297.20   2389.55
23:24:06  14653.12   1436.68
23:24:09  15600.44    828.75
23:24:12  14733.06   1073.10
23:24:15  13268.35   1077.21
23:24:18  14599.09   1036.15
23:24:21  15284.35    793.68
23:24:24  13094.22   1246.18
23:24:27  14655.68    821.27
Connection to 192.168.1.102 closed.
time: 25
  Time         enp0s25      
HH:MM:SS   Kbps in  Kbps out
23:24:31  14219.20    675.15
23:24:34  16971.66   1465.48
23:24:37  15382.56   1746.43
23:24:40  14243.24    742.51
23:24:43  15339.04   1196.26
23:24:46  15388.65   1788.08
23:24:49  13707.31   1103.49
23:24:52  16126.66   1408.33
23:24:55  15191.21   1232.98
23:24:58  16206.21   1863.37
23:25:02  14598.78   1159.25
23:25:05  15279.20   1784.24
23:25:08  15739.76   1319.03
23:25:11  13464.98   1483.46
23:25:14  15292.42   1257.03
23:25:17  15852.47   1593.58
23:25:20  14338.99   1236.64
23:25:23  14688.38   1307.97
23:25:26  15559.12   1381.75
Connection to 192.168.1.102 closed.
time: 26
  Time         enp0s25      
HH:MM:SS   Kbps in  Kbps out
23:26:59  100816.5   3938.68
23:27:02  102534.0   3114.91
23:27:05  101060.7   2926.68
23:27:08  83378.11   3007.61
23:27:11  15234.54   1558.05
23:27:14  14577.98   1663.39
23:27:17  15214.56   1867.76
23:27:20  15407.60    598.36
23:27:23  14820.32   1671.20
23:27:26  15964.10   2435.95
23:27:29  13192.74   1150.16
23:27:32  14340.85    902.40
23:27:35  15298.01   1064.43
23:27:38  14805.22    960.49
23:27:41  17434.81   1970.69
23:27:44  13500.34    699.74
23:27:47  15271.73    491.27
23:27:50  15073.65    826.90
23:27:53  13481.80    857.87
Connection to 192.168.1.102 closed.
time: 27
  Time         enp0s25      
HH:MM:SS   Kbps in  Kbps out
23:27:58  14717.84    888.31
23:28:01  13248.17    865.39
23:28:04  14984.00    888.25
23:28:07  14426.65     60.41
23:28:10  13266.50    885.75
23:28:13  30515.33   2130.98
23:28:16  103763.4   2391.53
23:28:19  104946.6   2418.94
23:28:22  104272.6   2538.69
23:28:25  101952.0   2697.15
23:28:28  97862.72   3372.78
23:28:31  101148.5   3125.27
23:28:34  103714.2   2329.12
23:28:37  102561.7   2804.55
23:28:40  103272.8   2563.42
23:28:43  103544.5   2186.03
23:28:46  104228.0   2757.99
23:28:49  102377.7   2406.38
23:28:52  100066.6   3312.12
Connection to 192.168.1.102 closed.
time: 28
  Time         enp0s25      
HH:MM:SS   Kbps in  Kbps out
23:28:58  101652.4   2445.16
23:29:01  48862.36   1473.03
23:29:04  49813.21    872.09
23:29:07  48517.67   1511.48
23:29:10  38909.05    912.42
23:29:13  49137.97   2577.15
23:29:16  54767.62   1009.98
23:29:19  44682.14   1435.76
23:29:22  48772.55   1540.39
23:29:25  49564.30   1448.44
23:29:28  51240.78   2671.83
23:29:31  59269.78   1572.60
23:29:34  60305.96   1874.67
23:29:37  38767.17    800.83
23:29:40  49480.55   2273.85
23:29:43  39350.15    947.01
23:29:46  37967.05   1044.66
23:29:49  36696.65    867.39
23:29:52  38714.43    787.44
Connection to 192.168.1.102 closed.
time: 29
  Time         enp0s25      
HH:MM:SS   Kbps in  Kbps out
23:29:59  32895.66   1337.75
23:30:02  38088.60    866.50
23:30:05  38043.81    808.41
23:30:08  36431.94   1028.79
23:30:11  38883.25   1223.62
23:30:14  35757.99   3317.06
23:30:17  49571.08   1471.41
23:30:20  31288.47   1013.21
23:30:23  43502.97    842.32
23:30:26  48871.08   1478.74
23:30:29  36372.15   1273.89
23:30:32  49531.78   3195.05
23:30:35  49710.94   1054.85
23:30:38  36931.36   1083.30
23:30:41  39011.62   1522.22
23:30:44  49865.32   1371.97
23:30:47  37429.50    741.94
23:30:50  38146.69   2308.17
23:30:53  37380.37   1195.37
Connection to 192.168.1.102 closed.
time: 30
  Time         enp0s25      
HH:MM:SS   Kbps in  Kbps out
23:30:59  29115.10    386.38
23:31:02  45936.85   1576.37
23:31:05  36973.72   2088.74
23:31:08  37284.09   1613.92
23:31:11  37566.09    868.64
23:31:14  48987.29   2592.85
23:31:17  37951.47   1207.24
23:31:20  44407.44   2764.29
23:31:23  36501.96    606.80
23:31:26  43258.07   1155.62
23:31:29  42406.65   1453.87
23:31:32  45018.64   1267.42
23:31:35  41915.96   2055.89
23:31:38  45051.49   1569.20
23:31:41  37467.62   1212.52
23:31:44  49886.04   1284.06
23:31:47  36045.79    599.34
23:31:50  42922.32   2322.40
23:31:53  37914.14   1203.54
Connection to 192.168.1.102 closed.
