time: 0
  Time         enp0s25      
HH:MM:SS   Kbps in  Kbps out
17:04:43  11612.85     27.54
17:04:46  10420.62     19.76
17:04:49  11603.43     11.42
17:04:52  11726.96      9.50
17:04:55  11332.20     21.14
17:04:58  12014.63     32.71
17:05:01  12571.25     29.99
17:05:04  12310.25     33.02
17:05:07  14800.64     50.10
17:05:10  10307.46     13.05
17:05:13  11833.94     22.56
17:05:16  12679.78     33.57
17:05:19  10570.86     12.61
17:05:22  11985.46     20.87
17:05:25  11246.03     20.53
17:05:28  11632.80    195.03
17:05:31  12299.00     21.13
17:05:34  11944.23    203.65
17:05:37  10597.13    195.97
Connection to 192.168.1.102 closed.
time: 1
  Time         enp0s25      
HH:MM:SS   Kbps in  Kbps out
17:05:41  10900.54    205.74
17:05:44  12122.06    705.81
17:05:47  12957.29    212.18
17:05:50  12339.32     34.42
17:05:53  10185.55    120.20
17:05:56  11972.05   3571.35
17:05:59  12765.31    389.12
17:06:02  11632.86    721.01
17:06:05  14495.14   2170.95
17:06:08  12291.50   1141.63
17:06:11  11038.45    175.90
17:06:14  12268.51   1035.45
17:06:17  11745.83   1168.96
17:06:20  10585.30    187.49
17:06:23  12113.01   1128.80
17:06:26  12250.85   1031.91
17:06:29  11463.56   1171.79
17:06:32  12833.20   1177.92
17:06:35  11964.50   1165.72
Connection to 192.168.1.102 closed.
time: 2
  Time         enp0s25      
HH:MM:SS   Kbps in  Kbps out
17:06:41  12034.75   1173.06
17:06:44  12431.55   1170.98
17:06:47  10619.01    305.67
17:06:50  11777.51   1053.80
17:06:53  12146.33   1012.55
17:06:56  13474.39   1610.22
17:06:59  10621.24    741.62
17:07:02  12010.81   1058.20
17:07:05  12481.92   1015.33
17:07:08  10917.70    182.86
17:07:11  12711.06   1174.49
17:07:14  12320.24   1333.75
17:07:17  13165.74     18.48
17:07:20  12535.02   1168.87
17:07:23  12824.05   1345.05
17:07:26  11604.09    353.16
17:07:29  12940.41   1008.00
17:07:32  13393.59   1339.88
17:07:35  14079.32    928.45
Connection to 192.168.1.102 closed.
time: 3
  Time         enp0s25      
HH:MM:SS   Kbps in  Kbps out
17:07:42  13183.58   1338.99
17:07:45  11913.50    993.10
17:07:48  11420.31    210.16
17:07:51  11683.95   1154.44
17:07:54  14487.55   2178.29
17:07:57  12797.48    531.50
17:08:00  10632.08    895.23
17:08:03  13563.85   1290.19
17:08:06  13231.82    855.40
17:08:09  10895.28    715.50
17:08:12  12014.04    381.58
17:08:15  12254.04   1213.37
17:08:18  11971.18    388.85
17:08:21  13617.42    764.36
17:08:24  11661.85    766.83
17:08:27  12459.99   1469.01
17:08:30  10387.64    389.31
17:08:33  12275.88   1108.27
17:08:36  10446.36   1369.70
Connection to 192.168.1.102 closed.
time: 4
  Time         enp0s25      
HH:MM:SS   Kbps in  Kbps out
17:08:41  11870.07    989.06
17:08:44  11259.74   1328.90
17:08:47  13597.89    385.91
17:08:50  11981.21    379.13
17:08:53  12535.06   1001.66
17:08:56  10231.19   1234.87
17:08:59  11991.50    447.44
17:09:02  11158.80   1343.21
17:09:05  12269.89    456.65
17:09:08  11359.44    971.09
17:09:11  14181.87    405.48
17:09:14  10840.18    349.76
17:09:17  12410.28    520.22
17:09:20  12188.60    873.25
17:09:23  10485.54   1056.61
17:09:26  12940.19   1181.37
17:09:29  11774.82    567.63
17:09:32  12876.68   1009.13
17:09:35  12227.86   1319.26
Connection to 192.168.1.102 closed.
time: 5
  Time         enp0s25      
HH:MM:SS   Kbps in  Kbps out
17:09:41  11233.92   1313.89
17:09:44  12038.06    995.38
17:09:47  11958.01    283.26
17:09:50  12704.20   1294.22
17:09:53  11712.26   1347.58
17:09:56  11733.52    843.54
17:09:59  12454.20    603.56
17:10:02  57314.81   2394.03
17:10:05  88820.19   2985.36
17:10:08  84882.24   2608.16
17:10:11  86946.33   2032.38
17:10:14  80637.09   2523.09
17:10:17  90592.69   2318.09
17:10:20  67695.44   1737.40
17:10:23  61025.60   2438.65
17:10:26  72849.94   1535.43
17:10:29  57927.99   2322.21
17:10:32  80413.20   1617.90
17:10:35  82129.20   1634.40
Connection to 192.168.1.102 closed.
time: 6
  Time         enp0s25      
HH:MM:SS   Kbps in  Kbps out
17:10:41  90722.67   1875.87
17:10:44  88224.57   1855.23
17:10:47  95385.30   1784.00
17:10:50  79079.45   1806.20
17:10:53  63069.65   1328.29
17:10:56  66990.95   1370.84
17:10:59  77162.34   1409.47
17:11:02  89100.70   1881.44
17:11:05  78085.16   1604.21
17:11:08  92481.40   1955.02
17:11:11  92003.09   1782.12
17:11:14  89352.64   1866.87
17:11:17  56106.30   1316.92
17:11:20  69916.09   1356.44
17:11:23  74416.64   1431.85
17:11:26  75565.82   1758.27
17:11:29  59573.42   1239.78
17:11:32  27938.25    544.45
17:11:35  55062.28    967.17
Connection to 192.168.1.102 closed.
time: 7
  Time         enp0s25      
HH:MM:SS   Kbps in  Kbps out
17:11:42  34336.61    705.87
17:11:45  12370.77    390.71
17:11:48  12112.24    392.54
17:11:51  12352.42     52.77
17:11:54  12173.53    397.29
17:11:57  12480.28    392.09
17:12:00  13253.80    370.98
17:12:03  13891.72     40.07
17:12:06  12292.42    220.78
17:12:09  11345.96    359.86
17:12:12  12563.70    393.37
17:12:15  13151.21     34.20
17:12:18  10913.98    361.94
17:12:21  12157.00    387.73
17:12:24  12686.55    386.25
17:12:27  12675.58    385.96
17:12:30  10811.61     12.61
17:12:33  12370.57    389.07
17:12:36  16238.72    499.69
Connection to 192.168.1.102 closed.
time: 8
  Time         enp0s25      
HH:MM:SS   Kbps in  Kbps out
17:12:41  94211.98   1997.45
17:12:44  97758.88   2252.78
17:12:47  87306.21   1961.03
17:12:50  76450.53   1656.87
17:12:54  66512.39   1223.40
17:12:57  65641.01   1755.98
17:13:00  86925.02   2200.25
17:13:03  72151.63   1651.70
17:13:06  71728.33   1300.65
17:13:09  79210.45   1984.71
17:13:12  83951.06   1910.18
17:13:15  66323.06   1553.12
17:13:18  63148.66   1151.18
17:13:21  84109.27   1884.70
17:13:24  83772.50   1711.64
17:13:27  76857.11   1682.08
17:13:30  90988.66   1785.79
17:13:33  80500.96   1734.95
17:13:36  90935.93   1931.05
Connection to 192.168.1.102 closed.
time: 9
  Time         enp0s25      
HH:MM:SS   Kbps in  Kbps out
17:13:42  86902.01   1868.89
17:13:45  94518.05   1829.63
17:13:48  90941.58   2481.49
17:13:51  85571.52   1828.05
17:13:54  90637.75   2079.19
17:13:57  96802.11   1914.99
17:14:00  101241.6   2537.29
17:14:03  85795.91   1806.53
17:14:06  62598.67   1562.31
17:14:09  29635.15    411.29
17:14:12  11674.05    369.73
17:14:15  11157.61    342.20
17:14:18  11906.81    355.71
17:14:21  11660.22     30.12
17:14:24  11784.09    423.32
17:14:27  10121.08      6.77
17:14:30  11690.35     42.81
17:14:33  11842.91     32.66
17:14:36   9904.20     12.68
Connection to 192.168.1.102 closed.
time: 10
  Time         enp0s25      
HH:MM:SS   Kbps in  Kbps out
17:14:41  12085.05     37.28
17:14:44  10153.97    403.21
17:14:47  11325.04     34.36
17:14:50  11307.11    195.25
17:14:53  10000.62    174.69
17:14:56  11434.86    125.00
17:14:59  11427.52     34.14
17:15:02   9584.78     11.31
17:15:05  12270.81    420.93
17:15:08  12317.27     39.74
17:15:11  11004.17     10.97
17:15:14  11248.28     25.56
17:15:17  12110.35     40.06
17:15:20  12180.42     35.18
17:15:23  10154.27     15.11
17:15:26  12032.96   1467.95
17:15:29  75410.65   1454.41
17:15:32  73312.06   1415.22
17:15:35  80323.33   1537.17
Connection to 192.168.1.102 closed.
time: 11
  Time         enp0s25      
HH:MM:SS   Kbps in  Kbps out
17:20:14  13609.87   1129.36
17:20:17  13816.23   1119.95
17:20:20  12887.18   4664.78
17:20:23  14021.35   2874.83
17:20:26  13569.65   1104.27
17:20:29  12246.82     10.70
17:20:32  13407.33   1101.78
17:20:35  13227.15   3289.31
17:20:38  13493.25   4458.39
17:20:41  11507.65    200.96
17:20:44  13257.51    921.98
17:20:47  13159.39   1096.31
17:20:50  11411.41    257.99
17:20:53  13398.08   4334.89
17:20:56  13850.76   4189.28
17:20:59  13074.48   1337.83
17:21:02  13632.25    187.43
17:21:05  13117.89   1081.98
17:21:08  12373.48   1706.31
Connection to 192.168.1.102 closed.
time: 12
  Time         enp0s25      
HH:MM:SS   Kbps in  Kbps out
17:21:15  13267.06   1086.46
17:21:18  13287.20   1144.43
17:21:21  13182.71    851.58
17:21:24  13023.58   3542.99
17:21:27  13682.78   4215.27
17:21:30  13930.90    986.63
17:21:33  13925.73    836.66
17:21:36  12925.40   1138.85
17:21:39  14873.86   4687.57
17:21:42  11968.10   2324.03
17:21:45  13192.79    774.58
17:21:48  13594.67    108.21
17:21:51  11224.63   1026.59
17:21:54  13469.39   4066.51
17:21:57  13790.85   2302.78
17:22:00  11794.19    154.70
17:22:03  12971.65    731.24
17:22:06  12956.08    750.09
17:22:09  11798.77    960.54
Connection to 192.168.1.102 closed.
time: 13
  Time         enp0s25      
HH:MM:SS   Kbps in  Kbps out
17:22:14  13216.15   2792.74
17:22:17  12263.33    518.09
17:22:20  13458.01    512.25
17:22:23  12661.06   2121.88
17:22:26  11429.55   3596.15
17:22:29  13497.02    147.19
17:22:32  12723.70    342.93
17:22:35  11362.44    708.88
17:22:38  13133.59   4563.03
17:22:41  12464.41   2042.36
17:22:44  13374.96    372.34
17:22:47  11158.27    630.54
17:22:50  12319.04   1114.29
17:22:53  11823.63   1102.38
17:22:56  12161.95   3005.18
17:22:59  12795.25    345.03
17:23:02  13757.73    684.60
17:23:05  12327.64    598.03
17:23:08  13779.81   2095.38
Connection to 192.168.1.102 closed.
time: 14
  Time         enp0s25      
HH:MM:SS   Kbps in  Kbps out
17:23:14  12817.48    606.07
17:23:17  12584.09    539.83
17:23:20  12903.12    741.95
17:23:23  12890.30   3272.70
17:23:26  13636.49     34.36
17:23:29  12298.47    550.24
17:23:32  12073.44    529.16
17:23:35  12549.49    550.20
17:23:38  13059.64   2654.90
17:23:41  12684.66    835.30
17:23:44  11181.81    522.36
17:23:47  12097.71    300.61
17:23:50  12927.69     34.52
17:23:53  10429.01    341.30
17:23:56  13157.33   1141.76
17:23:59  12786.32    380.04
17:24:02  11016.46      8.34
17:24:05  12397.28    538.49
17:24:08  12954.92    373.20
Connection to 192.168.1.102 closed.
time: 15
  Time         enp0s25      
HH:MM:SS   Kbps in  Kbps out
17:24:14  12179.53    682.63
17:24:17  12300.55    322.68
17:24:20  12615.79    372.88
17:24:23  10494.31    390.84
17:24:26  12035.84    395.00
17:24:29  12754.59    828.34
17:24:32  10509.06    372.93
17:24:35  29756.54    782.00
17:24:38  53366.83   1056.33
17:24:41  44826.42    778.86
17:24:44  47613.64   2099.27
17:24:47  45250.76   1063.79
17:24:50  47068.15   1015.75
17:24:53  46743.49   1432.07
17:24:56  53433.90   1200.35
17:24:59  50585.87   1036.38
17:25:02  43077.20   1048.81
17:25:05  44449.11   1596.03
17:25:08  54569.65   1050.67
Connection to 192.168.1.102 closed.
time: 16
  Time         enp0s25      
HH:MM:SS   Kbps in  Kbps out
17:25:14  35431.76   1454.93
17:25:17  46971.31    843.31
17:25:20  63983.07   1270.14
17:25:23  59657.18   1226.11
17:25:26  50511.90   1625.43
17:25:29  52351.05   1249.20
17:25:32  58118.32   1001.11
17:25:35  64770.60   1487.03
17:25:38  61761.07   1338.78
17:25:41  52193.46   1636.18
17:25:44  16883.67    357.87
17:25:47  12219.03    155.69
17:25:50  10993.75    264.95
17:25:53  12244.22   1007.49
17:25:56  12638.92    217.67
17:25:59  10812.46    175.02
17:26:02  12137.68    390.78
17:26:05  12883.94    383.47
17:26:08  11023.27    217.16
Connection to 192.168.1.102 closed.
time: 17
  Time         enp0s25      
HH:MM:SS   Kbps in  Kbps out
17:26:14  10580.03    374.63
17:26:17  12316.13    384.22
17:26:20  12304.43    367.92
17:26:23  11956.06    862.70
17:26:26  11598.05    760.16
17:26:29  11746.85    357.49
17:26:32  12262.83    551.20
17:26:35  12020.75    295.53
17:26:38  12394.00   1554.91
17:26:41  12312.45    589.29
17:26:44  12286.94    369.13
17:26:47  11177.83    390.47
17:26:50  12201.44    251.26
17:26:53  11766.30   1385.61
17:26:56  11408.60    153.73
17:26:59  12500.47    400.09
17:27:02  13106.83    240.34
17:27:05  11135.46    404.00
17:27:08  12455.98    198.11
Connection to 192.168.1.102 closed.
time: 18
  Time         enp0s25      
HH:MM:SS   Kbps in  Kbps out
17:27:14  12881.99    255.15
17:27:17  10757.85    201.57
17:27:20  13188.76    397.31
17:27:23  13066.88    603.76
17:27:26  11868.70    233.60
17:27:29  12534.87   1570.65
17:27:32  12782.16    313.18
17:27:35  11451.71    544.20
17:27:38  12852.19    249.06
17:27:41  12220.93   1560.10
17:27:44  12086.08    349.24
17:27:47  12832.04    587.37
17:27:50  13375.97    254.72
17:27:53  11266.33    740.73
17:27:56  11511.63    689.88
17:27:59  12949.52    696.20
17:28:02  12220.50    470.70
17:28:05  12921.08    843.74
17:28:08  12642.98    681.77
Connection to 192.168.1.102 closed.
time: 19
  Time         enp0s25      
HH:MM:SS   Kbps in  Kbps out
17:28:15  13613.44    751.06
17:28:18  14279.15    264.21
17:28:21  12682.28    621.75
17:28:24  11305.67    365.15
17:28:27  12450.00    563.26
17:28:30  12525.30    242.41
17:28:33  12498.21    591.87
17:28:36  10887.65    315.09
17:28:39  12820.71    579.44
17:28:42  12494.47    563.60
17:28:45  10432.39    726.53
17:28:48  12981.78   2090.99
17:28:51  12840.09    900.64
17:28:54  11060.38    649.70
17:28:57  12511.96    844.46
17:29:00  12639.21    333.01
17:29:03  11352.79    781.87
17:29:06  12457.45    412.12
17:29:09  12290.59    587.03
Connection to 192.168.1.102 closed.
time: 20
  Time         enp0s25      
HH:MM:SS   Kbps in  Kbps out
17:29:15  10992.56    567.78
17:29:18  12011.68    422.82
17:29:21  12660.03    420.04
17:29:24  12114.40    600.45
17:29:27  12495.78    432.88
17:29:30  11464.95   1476.15
17:29:33  12620.80    323.13
17:29:36  12536.25    578.33
17:29:39  12956.63    377.53
17:29:42  12219.40    474.74
17:29:45  13042.04    940.09
17:29:48  12113.47    569.09
17:29:51  12948.88    374.00
17:29:54  10579.95    517.87
17:29:57  12247.09    229.82
17:30:00  12277.84    998.22
17:30:03  10575.57    159.04
17:30:06  12503.17    320.24
17:30:09  12947.78    181.46
Connection to 192.168.1.102 closed.
time: 21
  Time         enp0s25      
HH:MM:SS   Kbps in  Kbps out
17:30:15  13000.38    596.04
17:30:18  12585.04   1261.51
17:30:21  11727.37    558.09
17:30:24  10959.62    431.88
17:30:27  12639.65    376.98
17:30:30  12749.66    250.26
17:30:33  10108.85    567.51
17:30:36  12310.23   1567.43
17:30:39  12468.65    378.15
17:30:42  10660.67    225.86
17:30:45  12060.26    767.03
17:30:48  12652.92   1152.83
17:30:51  10575.88    531.75
17:30:54  12455.36    281.26
17:30:57  12458.91    737.39
17:31:00  10877.44    736.65
17:31:03  12182.30    932.29
17:31:06  13136.25    274.87
17:31:09  11990.64    776.16
Connection to 192.168.1.102 closed.
time: 22
  Time         enp0s25      
HH:MM:SS   Kbps in  Kbps out
17:31:15  71185.44   1862.15
17:31:18  81989.79   1784.81
17:31:21  81841.52   1984.98
17:31:24  102240.9   2581.84
17:31:27  90817.35   1948.30
17:31:30  91579.33   1763.27
17:31:33  71730.78   1701.37
17:31:36  85719.77   2018.25
17:31:39  85112.44   1507.68
17:31:42  94294.00   2274.26
17:31:45  77939.47   2410.31
17:31:48  93905.52   2532.39
17:31:51  92368.44   2274.83
17:31:54  86692.00   2203.97
17:31:57  73452.36   2264.17
17:32:00  84664.19   2043.38
17:32:03  71121.74   1352.78
17:32:06  81854.24   1691.72
17:32:09  85621.78   1880.54
Connection to 192.168.1.102 closed.
time: 23
  Time         enp0s25      
HH:MM:SS   Kbps in  Kbps out
17:32:15  99550.42   2028.98
17:32:18  84291.20   1736.09
17:32:21  91502.09   2100.38
17:32:24  68945.85   2265.26
17:32:27  59545.88   1307.22
17:32:30  80127.03   1743.97
17:32:33  84073.82   1943.51
17:32:36  72957.89   2236.17
17:32:39  76875.45   1608.59
17:32:42  62999.06   1572.06
17:32:45  59885.82   1934.36
17:32:48  69031.67   2150.63
17:32:51  37867.85   1298.30
17:32:54  47076.83   1193.53
17:32:57  50684.99   1137.19
17:33:00  36860.86   1253.62
17:33:03  12713.32    351.12
17:33:06  11382.58    449.57
17:33:09  12257.72   1641.84
Connection to 192.168.1.102 closed.
time: 24
  Time         enp0s25      
HH:MM:SS   Kbps in  Kbps out
17:33:15  11369.30    705.66
17:33:18  12519.74     34.80
17:33:21  12648.72    748.81
17:33:24  11382.35    711.88
17:33:27  12581.31   1360.16
17:33:30  12838.94     42.20
17:33:33  11469.15    716.38
17:33:36  10636.39    688.64
17:33:39  12853.32    371.30
17:33:42  12110.17   1633.54
17:33:45  10799.27   1042.72
17:33:48  11708.76    723.32
17:33:51  12370.03    722.11
17:33:54  11368.30     21.24
17:33:57  85541.11   1974.00
17:34:00  96504.63   3333.87
17:34:03  101075.2   2398.33
17:34:06  101766.5   2133.93
17:34:09  100774.0   2317.67
Connection to 192.168.1.102 closed.
time: 25
  Time         enp0s25      
HH:MM:SS   Kbps in  Kbps out
17:34:15  99829.91   2183.63
17:34:18  95920.66   3526.63
17:34:21  102549.6   2117.39
17:34:24  99700.22   2274.15
17:34:27  21046.83    743.62
17:34:30  12078.58    560.45
17:34:33  11525.26   1364.92
17:34:36  11342.54    319.72
17:34:39  11816.79    725.85
17:34:42  11390.45   1638.67
17:34:45  12662.51   1598.53
17:34:48  11798.06    540.19
17:34:51  11400.93    714.40
17:34:54  12083.80   2342.11
17:34:57  12913.63    356.69
17:35:00  12480.57    553.38
17:35:03  10845.43    515.09
17:35:06  13003.49   2367.31
17:35:09  12537.99    546.71
Connection to 192.168.1.102 closed.
time: 26
  Time         enp0s25      
HH:MM:SS   Kbps in  Kbps out
17:37:27  11816.61   1352.29
17:37:30  13008.40   3945.86
17:37:33  12380.19   3290.66
17:37:36  10226.59    271.64
17:37:39  12247.21   1385.38
17:37:42  11756.49   2612.22
17:37:45  10128.53   4300.00
17:37:48  12109.18    215.14
17:37:51  11852.59   1281.40
17:37:54  10036.87   1397.61
17:37:57  12045.21   1189.59
17:38:00  12715.21   2352.17
17:38:03  13113.81   4427.32
17:38:06  33621.44   1723.25
17:38:09  97612.12   2672.84
17:38:12  82907.85   2780.99
17:38:15  101055.3   2590.57
17:38:18  86292.40   4259.96
17:38:21  82267.77   4929.45
Connection to 192.168.1.102 closed.
time: 27
  Time         enp0s25      
HH:MM:SS   Kbps in  Kbps out
17:38:27  95417.24   2617.55
17:38:30  85610.67   1803.77
17:38:33  100394.2   2473.30
17:38:36  68009.02   4964.92
17:38:39  86386.21   4978.69
17:38:42  87769.75   2683.24
17:38:45  76546.19   4955.98
17:38:48  77584.75   4706.39
17:38:51  84928.01   4109.63
17:38:54  71165.23   4934.81
17:38:57  77369.70   4958.73
17:39:00  77641.72   4976.01
17:39:03  86627.77   3600.15
17:39:06  89229.92   4640.04
17:39:09  93068.56   3389.37
17:39:12  97380.30   2852.58
17:39:15  89667.00   4825.83
17:39:18  93598.23   3436.67
17:39:21  102239.4   2421.57
Connection to 192.168.1.102 closed.
time: 28
  Time         enp0s25      
HH:MM:SS   Kbps in  Kbps out
17:39:27  62528.50   2833.59
17:39:30  55835.70   3027.95
17:39:33  58787.11   4927.29
17:39:36  40853.27   1545.05
17:39:39  11416.82   3648.44
17:39:42  11608.12   3950.78
17:39:45  11802.66    855.44
17:39:48  12819.80   4681.78
17:39:51  12042.70   1973.81
17:39:54  12400.53   2914.99
17:39:57  12814.98   4010.74
17:40:00  11866.43   1156.21
17:40:03  11016.36   4310.58
17:40:06  12535.77   1317.29
17:40:09  14347.18   1130.58
17:40:12  12552.08   4327.96
17:40:15  12276.04   1364.94
17:40:18  12533.97   2327.28
17:40:21  11309.10   3588.36
Connection to 192.168.1.102 closed.
time: 29
  Time         enp0s25      
HH:MM:SS   Kbps in  Kbps out
17:40:29  12337.57   4700.52
17:40:32  11649.34   2159.60
17:40:35  10933.80   1888.69
17:40:38  12062.25   4669.06
17:40:41  11360.71   1553.39
17:40:44  12095.37    826.68
17:40:47  11913.18   2761.56
17:40:50  12223.91   3202.32
17:40:53  12638.94     82.68
17:40:56  10896.38   2154.84
17:40:59  12621.19   4425.80
17:41:02  11830.81   1443.26
17:41:05  10661.62     11.77
17:41:08  13022.60   1368.89
17:41:11  12127.19   3233.77
17:41:14  10561.88   3559.00
17:41:17  12628.55    120.26
17:41:20  11661.64   1288.71
17:41:23  10610.21   1763.52
Connection to 192.168.1.102 closed.
time: 30
  Time         enp0s25      
HH:MM:SS   Kbps in  Kbps out
17:41:27  11100.07   3653.98
17:41:30  11992.35   1386.96
17:41:33  12466.59     48.31
17:41:36  11159.27   1908.44
17:41:39  10849.88   4656.39
17:41:42  12367.96   1586.20
17:41:45  11953.67    225.20
17:41:48  10184.51   1168.60
17:41:51  12196.95   1556.37
17:41:54  12089.54   1612.41
17:41:57  11349.96   3626.84
17:42:00  12131.91    907.39
17:42:03  12784.01   1392.13
17:42:06  11901.14   1227.52
17:42:09  12316.77     58.84
17:42:12  11081.60   3490.12
17:42:15  12354.83   4676.21
17:42:18  11254.88   2269.25
17:42:21  12382.46     32.29
Connection to 192.168.1.102 closed.
