time: 0
  Time         enp0s25      
HH:MM:SS   Kbps in  Kbps out
05:25:32   3429.11     20.33
05:25:35   3331.91     37.96
05:25:38   3267.95     11.97
05:25:41   2838.31      9.90
05:25:44   3389.70     22.28
05:25:47   3427.54     14.51
05:25:50   3649.20     13.50
05:25:53   6107.80     50.83
05:25:56   5121.61     33.99
05:25:59   3552.59     14.40
05:26:02   4970.20     29.92
05:26:05   3898.44     33.71
05:26:08   4159.05     18.15
05:26:11   4252.96     24.99
05:26:14   6757.80     59.67
05:26:17   4995.91     39.31
05:26:20   3307.84      9.09
05:26:23   4639.90     32.40
05:26:26   5076.71     35.31
Connection to 192.168.1.102 closed.
time: 1
  Time         enp0s25      
HH:MM:SS   Kbps in  Kbps out
05:26:32   4411.08     36.30
05:26:35   4178.44     41.11
05:26:38   4793.80     36.30
05:26:41   6001.19     48.13
05:26:44   4672.46     21.99
05:26:47   2969.42     25.35
05:26:50   5146.08     36.19
05:26:53   4785.31     29.93
05:26:56   3701.28     15.23
05:26:59   4219.53     26.81
05:27:02   4284.17     24.70
05:27:05   7136.95     54.44
05:27:08   3331.39     19.49
05:27:11   4765.83     33.55
05:27:14   4611.11     34.82
05:27:17   3278.51      8.95
05:27:20   4757.85     34.07
05:27:23   3917.29     16.35
05:27:26   4133.54     22.87
Connection to 192.168.1.102 closed.
time: 2
  Time         enp0s25      
HH:MM:SS   Kbps in  Kbps out
05:27:31   6862.63     62.87
05:27:34   3111.33     18.19
05:27:37   4765.25     50.88
05:27:40   4379.85     44.20
05:27:43   3090.59      8.01
05:27:46   4913.62     35.43
05:27:49   3892.66     29.43
05:27:52   4693.51     30.31
05:27:55   4528.20     26.38
05:27:58   5967.48     53.91
05:28:01   4831.14     30.53
05:28:04   3309.38      8.66
05:28:07   4947.32     32.68
05:28:10   4875.94     37.22
05:28:13   2854.93      5.14
05:28:16   4172.18     21.18
05:28:19   4546.82     36.16
05:28:22   4408.58     28.94
05:28:25   5754.90    383.31
Connection to 192.168.1.102 closed.
time: 3
  Time         enp0s25      
HH:MM:SS   Kbps in  Kbps out
05:28:31   3245.45     15.37
05:28:34   4472.85    284.06
05:28:37   4952.03    231.76
05:28:40   3165.31    185.44
05:28:43   4562.21    198.86
05:28:46   4688.50     38.14
05:28:49   6335.84    110.65
05:28:52   3006.06     12.46
05:28:55   4584.06     30.15
05:28:58   5089.07     37.05
05:29:01   2702.22     11.03
05:29:04   4600.21     28.96
05:29:07   3860.51    189.64
05:29:10   4639.39     22.63
05:29:13   3597.94     18.62
05:29:16   6474.85     45.61
05:29:19   3041.28     13.50
05:29:22   4649.03     24.94
05:29:25   4642.34     33.11
Connection to 192.168.1.102 closed.
time: 4
  Time         enp0s25      
HH:MM:SS   Kbps in  Kbps out
05:29:31   3032.88      8.83
05:29:34   4052.69     32.81
05:29:37   4268.04    678.41
05:29:40   3821.76    353.21
05:29:43   5919.41    313.83
05:29:46   4521.34     33.38
05:29:49   3002.89    262.62
05:29:52   4604.94   1316.51
05:29:55   4282.52    752.33
05:29:58   2964.05    328.04
05:30:01   4627.15    709.72
05:30:04   4691.34    398.05
05:30:07   2835.29    349.44
05:30:10   4032.91    400.38
05:30:13   4123.59    133.34
05:30:16   4540.37    423.78
05:30:19   4224.21    152.95
05:30:22   4727.59    231.71
05:30:25   4193.76    319.03
Connection to 192.168.1.102 closed.
time: 5
  Time         enp0s25      
HH:MM:SS   Kbps in  Kbps out
05:30:31   5201.95   2784.78
05:30:34   4683.33   1299.05
05:30:37   2658.38    695.53
05:30:40   4686.15   3662.57
05:30:43   4860.57   1411.66
05:30:46   3012.57    163.81
05:30:49   4642.31    427.60
05:30:52  76351.58   1790.93
05:30:55  83890.02   2264.21
05:30:58  79678.41   2695.72
05:31:01  73904.54   1890.95
05:31:04  85268.27   1966.75
05:31:07  74575.17   1567.91
05:31:10  68626.92   2362.52
05:31:13  67415.84   1447.85
05:31:16  78132.28   1711.85
05:31:19  64588.84   1513.29
05:31:22  75239.81   1545.95
05:31:25  68644.00   1522.91
Connection to 192.168.1.102 closed.
time: 6
  Time         enp0s25      
HH:MM:SS   Kbps in  Kbps out
05:31:31  64859.76   1490.63
05:31:34  74785.38   1533.51
05:31:37  70340.30   1601.25
05:31:40  85200.81   1853.33
05:31:43  60775.16   1414.10
05:31:46  82912.20   1772.75
05:31:49  88072.87   1967.12
05:31:52  77887.22   1715.16
05:31:55  70720.79   1562.35
05:31:58  87451.12   1813.27
05:32:01  95718.07   2081.60
05:32:04  73709.65   1616.69
05:32:07  86800.56   2519.21
05:32:10  78670.64   2128.99
05:32:13  83887.71   1875.24
05:32:16  99451.85   2098.71
05:32:19  98989.64   1988.62
05:32:22  99102.83   1975.55
05:32:25  99190.85   2083.35
Connection to 192.168.1.102 closed.
time: 7
  Time         enp0s25      
HH:MM:SS   Kbps in  Kbps out
05:32:32  98966.14   2124.92
05:32:35  100142.5   2134.12
05:32:38  98933.27   2178.44
05:32:41  98305.86   2112.87
05:32:44  100000.8   2151.19
05:32:47  98977.94   2114.20
05:32:50  99831.06   2175.41
05:32:53  99491.79   2199.64
05:32:56  99521.14   2191.40
05:32:59  100147.6   2135.54
05:33:02  100072.9   2115.38
05:33:05  99490.11   2001.93
05:33:08  94480.73   1883.12
05:33:11  92976.77   1865.37
05:33:14  98257.23   2049.54
05:33:17  98961.39   2076.65
05:33:20  99265.03   2106.32
05:33:23  93769.37   1774.94
05:33:26  98628.84   2095.27
Connection to 192.168.1.102 closed.
time: 8
  Time         enp0s25      
HH:MM:SS   Kbps in  Kbps out
05:33:32  99824.46   2119.76
05:33:35  99367.42   2075.42
05:33:38  99525.40   2190.61
05:33:41  99086.03   2281.53
05:33:44  97998.15   2213.35
05:33:47  90330.87   1936.18
05:33:50  98228.91   2226.23
05:33:53  98896.52   2310.03
05:33:56  98632.88   2142.81
05:33:59  99165.82   2153.78
05:34:02  97937.48   2154.18
05:34:05  87143.42   2106.23
05:34:08  98863.59   2200.84
05:34:11  98393.98   2062.99
05:34:14   3136.44    176.95
05:34:17   4416.92    199.51
05:34:20   5218.05    201.92
05:34:23   3128.76     14.18
05:34:26   4462.13    202.67
Connection to 192.168.1.102 closed.
time: 9
  Time         enp0s25      
HH:MM:SS   Kbps in  Kbps out
05:34:32   3418.74    153.30
05:34:35   4825.37     39.79
05:34:38   4342.01    209.55
05:34:41   3249.08    148.16
05:34:44   4249.44    465.77
05:34:47   4446.98    331.02
05:34:50  16012.97    525.85
05:34:53  96070.85   2110.93
05:34:56  99296.76   2337.76
05:34:59  97561.83   2283.23
05:35:02  82487.86   2528.68
05:35:05  69618.91   2462.20
05:35:08  74008.63   1720.08
05:35:11  79824.80   1682.06
05:35:14  75250.85   1643.69
05:35:17  73095.75   2613.71
05:35:20  75027.94   1653.29
05:35:23  73716.70   1543.10
05:35:26  68715.77   1544.40
Connection to 192.168.1.102 closed.
time: 10
  Time         enp0s25      
HH:MM:SS   Kbps in  Kbps out
05:35:32  76864.78   2593.43
05:35:35  82698.36   1695.42
05:35:38  80723.43   1662.37
05:35:41  87027.32   1858.13
05:35:44  84133.53   1780.22
05:35:47  85385.27   1820.99
05:35:50  85372.56   2848.31
05:35:53  80753.16   1783.72
05:35:56  89570.18   1928.84
05:35:59  74765.16   1572.97
05:36:02  81041.48   1805.42
05:36:05  99661.25   2157.78
05:36:08  95566.95   2976.46
05:36:11  50792.07   1053.94
05:36:14   4288.47    153.70
05:36:17   3014.19    122.60
05:36:20   4557.69    151.90
05:36:23   5126.87    596.30
05:36:26   3303.39    537.30
Connection to 192.168.1.102 closed.
time: 11
  Time         enp0s25      
HH:MM:SS   Kbps in  Kbps out
05:40:33   3866.51   4684.98
05:40:36   4907.69   4381.55
05:40:39   4807.45    594.90
05:40:42   2868.42   1207.78
05:40:45   5218.19   4020.94
05:40:48   5395.38   4679.97
05:40:51   3284.57   1940.73
05:40:54   4364.32   1219.74
05:40:57   4230.55   2322.52
05:41:00   4667.98   4670.17
05:41:03   4404.25   2806.03
05:41:06   4425.59   1049.60
05:41:09   5183.91   2663.19
05:41:12   4299.83   4677.87
05:41:15   4814.27    980.79
05:41:18   5712.19   1460.99
05:41:21   3313.61   4156.18
05:41:24   4880.14   1078.19
05:41:27   4954.07    686.74
Connection to 192.168.1.102 closed.
time: 12
  Time         enp0s25      
HH:MM:SS   Kbps in  Kbps out
05:41:32  84739.10   3780.66
05:41:35  89244.73   4498.23
05:41:38  100004.4   2094.43
05:41:41  97971.59   2449.08
05:41:44  94976.19   3078.11
05:41:47  84170.29   4991.30
05:41:50  98180.21   2532.26
05:41:53  96200.07   2705.68
05:41:56  96239.53   2637.83
05:41:59  83912.95   4822.74
05:42:02  96063.97   3163.55
05:42:05  98307.10   2428.62
05:42:08  99822.94   2445.94
05:42:11  78210.98   3697.64
05:42:14  90778.71   4248.12
05:42:17  96850.10   2234.03
05:42:20  99499.66   2368.67
05:42:23  98210.47   2785.85
05:42:26  78485.92   4986.69
Connection to 192.168.1.102 closed.
time: 13
  Time         enp0s25      
HH:MM:SS   Kbps in  Kbps out
05:42:32  98166.43   2447.52
05:42:35  80340.73   4829.88
05:42:38  85934.29   3074.56
05:42:41  100114.8   2448.52
05:42:44  97300.86   2584.92
05:42:47  83413.33   4989.84
05:42:50  95226.67   3040.70
05:42:53  99808.79   2334.30
05:42:56  54464.66   1404.01
05:42:59   4649.60   3227.86
05:43:02   4218.03    700.74
05:43:05   2888.84    683.34
05:43:08   4944.62    707.27
05:43:11   4489.23   1641.63
05:43:14   3382.36   2093.20
05:43:17   4381.26    535.63
05:43:20   4932.45    541.10
05:43:23   4430.23    488.01
05:43:26   2988.22   3241.23
Connection to 192.168.1.102 closed.
time: 14
  Time         enp0s25      
HH:MM:SS   Kbps in  Kbps out
05:43:32   4661.75    534.64
05:43:35   3007.71     11.64
05:43:38   4560.60   2730.24
05:43:41   4650.05   1530.68
05:43:44   3262.92     75.19
05:43:47   4149.59    502.82
05:43:50   3747.05   2271.57
05:43:53   5014.61   1988.79
05:43:56   4564.09    195.82
05:43:59   3148.70    390.74
05:44:02   4613.12    542.05
05:44:05   4566.43   3627.26
05:44:08   4257.45     38.47
05:44:11   4492.16    539.81
05:44:14   3161.24    525.39
05:44:17   4992.23    375.06
05:44:20   6549.75   3157.26
05:44:23   2878.60    165.36
05:44:26   4151.99    365.73
Connection to 192.168.1.102 closed.
time: 15
  Time         enp0s25      
HH:MM:SS   Kbps in  Kbps out
05:44:32   2960.53     13.71
05:44:35   4357.90   2500.02
05:44:38   4662.05    372.72
05:44:41   3238.62    345.71
05:44:44   4707.78     26.89
05:44:47   4250.37    366.71
05:44:50   3041.89    360.20
05:44:53   4444.58   2494.26
05:44:56   4709.48     28.33
05:44:59   4374.83    369.21
05:45:02   3221.08    342.37
05:45:05   5368.52    376.43
05:45:08   4775.68    923.00
05:45:11   3108.83   2167.09
05:45:14   4810.44    357.76
05:45:17   4574.57    369.73
05:45:20   3001.12      6.67
05:45:23   4260.61    367.70
05:45:26   4555.40   1842.82
Connection to 192.168.1.102 closed.
time: 16
  Time         enp0s25      
HH:MM:SS   Kbps in  Kbps out
05:47:41   4289.30    281.33
05:47:44   4193.86    372.18
05:47:47   4728.91    370.97
05:47:50   4745.15    726.42
05:47:53   3732.95   1585.60
05:47:56   4372.84    194.19
05:47:59   4238.68    368.36
05:48:02   6909.93   3356.89
05:48:05  19845.30    667.86
05:48:08  99919.20   2228.32
05:48:11  87316.40   3117.07
05:48:14  92040.04   2310.28
05:48:17  83451.82   1784.82
05:48:20  72660.13   1519.82
05:48:23  68783.56   1884.96
05:48:26  73593.82   3002.50
05:48:29  74163.13   1721.44
05:48:32  81455.90   1887.08
05:48:35  98521.37   2312.44
Connection to 192.168.1.102 closed.
time: 17
  Time         enp0s25      
HH:MM:SS   Kbps in  Kbps out
05:48:42  69300.26   1699.12
05:48:45  82760.64   2540.64
05:48:48  70768.02   1708.48
05:48:51  84422.24   2863.28
05:48:54  88279.47   3336.16
05:48:57  85831.17   1719.63
05:49:00  92204.17   2279.44
05:49:03  76579.66   2180.04
05:49:06  78762.71   3374.21
05:49:09  86113.11   1828.67
05:49:12  82764.85   1849.59
05:49:15  88643.61   3276.19
05:49:18  83118.62   2836.05
05:49:21  99321.05   2411.91
05:49:24  93781.89   2308.63
05:49:27  85164.65   4157.66
05:49:30  68999.29   1434.29
05:49:33  48422.81   1264.73
05:49:36  44814.65   1221.83
Connection to 192.168.1.102 closed.
time: 18
  Time         enp0s25      
HH:MM:SS   Kbps in  Kbps out
05:49:42   4918.76    615.45
05:49:45   3015.47    551.57
05:49:48   4493.20    698.02
05:49:51   4236.32   1490.10
05:49:54   2880.33   2580.69
05:49:57   4559.79   3719.07
05:50:00   4008.63   2340.45
05:50:03   2998.62   1920.82
05:50:06   4167.65   3602.02
05:50:09   3710.74   2512.62
05:50:12   4319.75   3735.61
05:50:15   5343.36   4683.44
05:50:18   4584.43   4034.23
05:50:21   4650.65   2014.88
05:50:24   2929.47   2598.65
05:50:27   4332.79   3441.88
05:50:30   3267.24    506.23
05:50:33  34037.85   3708.08
05:50:36  57157.08   3871.75
Connection to 192.168.1.102 closed.
time: 19
  Time         enp0s25      
HH:MM:SS   Kbps in  Kbps out
05:50:42  43200.62   4860.09
05:50:45  46938.69   4453.96
05:50:48  60446.00   1313.29
05:50:51  60846.99   1769.92
05:50:54  49708.84   1584.73
05:50:57  27910.73   3069.07
05:51:00  43396.40   2701.45
05:51:03  44396.24   1327.91
05:51:06  39262.88   1538.69
05:51:09  50562.12   2059.81
05:51:12  42007.22   3569.41
05:51:15  45618.42   1449.32
05:51:18  50428.30   2110.65
05:51:21  61569.70   1580.74
05:51:24  66644.97   4289.72
05:51:27  56192.35   2479.18
05:51:30   4485.20   1348.97
05:51:33   4631.34   1264.36
05:51:36   4636.58   4482.25
Connection to 192.168.1.102 closed.
time: 20
  Time         enp0s25      
HH:MM:SS   Kbps in  Kbps out
05:51:42   4757.44   1354.52
05:51:45   6618.11   3990.92
05:51:48   4561.99   1580.83
05:51:51   2687.21   1027.42
05:51:54   4911.64   3000.39
05:51:57   4612.24   2320.84
05:52:00   2866.40    231.71
05:52:03   4325.78   1067.30
05:52:06   4206.61   1949.43
05:52:09   2848.61   2600.41
05:52:12   4419.79    796.17
05:52:15   4102.38    483.11
05:52:18   2951.46    672.69
05:52:21   4605.04   3197.01
05:52:24   4330.87    418.14
05:52:27   4110.06    866.37
05:52:30   3050.01   1107.58
05:52:33   4999.10   3093.80
05:52:36   4633.98    993.17
Connection to 192.168.1.102 closed.
time: 21
  Time         enp0s25      
HH:MM:SS   Kbps in  Kbps out
05:54:32   4980.47   3987.07
05:54:35   5085.87   4675.43
05:54:38   4796.28    600.36
05:54:41   2617.48   1459.78
05:54:44   5046.66   4216.62
05:54:47   4811.36   4678.29
05:54:50   3125.12    236.72
05:54:53   4292.43   1599.63
05:54:56   4612.89   3035.83
05:54:59   5246.62   4564.01
05:55:02   3281.01    258.78
05:55:05   4345.64   1586.05
05:55:08   4663.14   2660.27
05:55:11   3290.19   4015.14
05:55:14   4663.09    353.50
05:55:17   4287.63   1521.77
05:55:20  30627.39   2194.34
05:55:23  82377.14   4702.83
05:55:26  90252.41   3782.16
Connection to 192.168.1.102 closed.
time: 22
  Time         enp0s25      
HH:MM:SS   Kbps in  Kbps out
05:55:32  95530.39   2606.26
05:55:35  88907.48   3489.77
05:55:38  85872.14   4594.00
05:55:41  94748.08   2808.25
05:55:44  93293.70   2719.45
05:55:47  83628.22   4167.94
05:55:50  92874.90   3991.59
05:55:53  88439.53   2513.94
05:55:56  82735.24   2836.45
05:55:59  95343.08   3043.84
05:56:02  83428.50   4970.50
05:56:05  85129.99   3300.66
05:56:08  93142.80   2916.33
05:56:11  91639.77   2596.66
05:56:14  62002.16   2949.18
05:56:17  86424.23   4479.77
05:56:20  87560.44   2343.61
05:56:23  73068.17   2448.20
05:56:26  67372.95   2139.20
Connection to 192.168.1.102 closed.
time: 23
  Time         enp0s25      
HH:MM:SS   Kbps in  Kbps out
05:56:33  76129.79   4624.70
05:56:36  31214.57   2955.47
05:56:39  27750.94   1911.44
05:56:42  26158.45   1493.63
05:56:45  27647.91    734.84
05:56:48  36788.76   2447.62
05:56:51  28676.92   4268.63
05:56:54  39602.40   1862.59
05:56:57  31865.99    925.03
05:57:00  33672.02   2160.45
05:57:03  43794.91   1595.63
05:57:06  46911.52   2412.33
05:57:09  46098.98   4302.62
05:57:12  30421.17    961.69
05:57:15  27450.73   1487.02
05:57:18  49075.88   1757.12
05:57:21  30909.65    607.14
05:57:24  71248.28   3811.42
05:57:27  59384.96   1889.09
Connection to 192.168.1.102 closed.
time: 24
  Time         enp0s25      
HH:MM:SS   Kbps in  Kbps out
05:57:31  80288.95   2198.24
05:57:34  87828.58   2357.77
05:57:37  47111.90   1039.36
05:57:40  42421.11   3761.44
05:57:43  44163.87   1195.87
05:57:46  42805.48   1424.45
05:57:49  49419.10   1003.43
05:57:52  42944.69   3554.26
05:57:55  36135.57   2233.34
05:57:58  34934.84   1263.69
05:58:01  40801.93   1208.54
05:58:04  40180.71   1383.30
05:58:07  38913.11   2279.37
05:58:10  29688.81   2453.74
05:58:13  46428.17   1438.87
05:58:16  37349.12   1231.35
05:58:19  51074.89   2028.73
05:58:22  50434.73   1979.07
05:58:25  27562.40   2283.12
Connection to 192.168.1.102 closed.
time: 25
  Time         enp0s25      
HH:MM:SS   Kbps in  Kbps out
05:58:31  16569.36   1268.28
05:58:34   4822.12    996.28
05:58:37   4761.05    741.44
05:58:40   3155.27    280.94
05:58:43   4463.57   1914.34
05:58:46   4672.93    544.44
05:58:49   3716.07    499.49
05:58:52   4556.05     63.76
05:58:55   4315.10    538.29
05:58:58   3384.69    520.77
05:59:01   4750.41   1906.39
05:59:04   4823.01     27.21
05:59:07   2738.33    687.66
05:59:10   4679.85    206.40
05:59:13   4704.04   1452.95
05:59:16   3849.16     17.54
05:59:19   3609.97    200.60
05:59:22   4757.56    192.97
05:59:25   4676.47   1459.11
Connection to 192.168.1.102 closed.
time: 26
  Time         enp0s25      
HH:MM:SS   Kbps in  Kbps out
06:06:20   4709.19    931.97
06:06:23   4192.17   1136.45
06:06:26   4585.03   4689.39
06:06:29   3772.49   1649.29
06:06:32  14722.63   1145.87
06:06:35  97165.44   2444.01
06:06:38  96177.53   2536.33
06:06:41  59741.62   4933.49
06:06:44  71717.95   4978.07
06:06:47  85457.16   2651.78
06:06:50  96529.71   2088.26
06:06:53  80160.12   2813.64
06:06:56  74438.77   4964.81
06:06:59  92631.84   3217.07
06:07:02  97369.23   2127.94
06:07:05  98002.56   2535.18
06:07:08  97560.56   2482.47
06:07:11  89088.26   2768.07
06:07:14  83411.33   4976.50
Connection to 192.168.1.102 closed.
time: 27
  Time         enp0s25      
HH:MM:SS   Kbps in  Kbps out
06:07:22  86284.99   1620.87
06:07:25  87721.46   2091.87
06:07:28  96521.38   2587.45
06:07:31  77167.55   4979.74
06:07:34  86734.98   3123.75
06:07:37  92298.24   2376.61
06:07:40  94672.64   2946.79
06:07:43  75389.30   4409.94
06:07:46  82142.00   4860.41
06:07:49  83390.27   4299.80
06:07:52  50220.33   1480.34
06:07:55  25957.90   2780.69
06:07:58   3787.95   4504.91
06:08:01   4814.16   1425.89
06:08:04   4806.24    864.45
06:08:07   3505.85   1129.77
06:08:10   4620.56   3690.96
06:08:13   4826.92   3494.81
06:08:16   4071.46    866.19
Connection to 192.168.1.102 closed.
time: 28
  Time         enp0s25      
HH:MM:SS   Kbps in  Kbps out
06:08:20   4836.32   4138.28
06:08:23   5091.98   4044.08
06:08:26   5101.44    630.62
06:08:29   6511.95   2901.02
06:08:32   3044.20   4663.39
06:08:35   4649.26    987.61
06:08:38   5033.97   1882.02
06:08:41   3152.96   4026.82
06:08:44   5221.49   2409.15
06:08:47   4840.18    860.71
06:08:50   3504.43    844.11
06:08:53   4800.49   2944.77
06:08:56   5046.59   4438.78
06:08:59   5268.81    950.44
06:09:02   3884.56    804.13
06:09:05   4725.21   3504.67
06:09:08   4758.84   4683.02
06:09:11   3321.43   1197.09
06:09:14   4759.94    707.89
Connection to 192.168.1.102 closed.
time: 29
  Time         enp0s25      
HH:MM:SS   Kbps in  Kbps out
06:09:22   4673.53   4687.94
06:09:25   2911.90    743.11
06:09:28   4384.83    547.65
06:09:31   3653.34   2263.73
06:09:34   5077.51   4685.57
06:09:37   4835.68   2302.37
06:09:40   3242.13    638.68
06:09:43   4463.53    651.61
06:09:46   4890.61   4084.34
06:09:49   4570.17   4691.36
06:09:52   4200.19    882.59
06:09:55   4007.13    471.80
06:09:58   5634.28   1859.72
06:10:01   5000.72   4678.37
06:10:04   2596.53   1408.74
06:10:07   5043.33    474.07
06:10:10   4714.61    442.51
06:10:13   2944.65    153.14
06:10:16   4766.98   4200.86
Connection to 192.168.1.102 closed.
time: 30
  Time         enp0s25      
HH:MM:SS   Kbps in  Kbps out
06:10:20   4335.88   1112.43
06:10:23   4628.27    424.21
06:10:26   4592.70    489.47
06:10:29   2999.29    140.66
06:10:32   4015.74   3303.29
06:10:35   5019.01   4048.46
06:10:38   3102.35    466.32
06:10:41   4588.30    145.13
06:10:44   4225.91   2428.71
06:10:47   3305.14   4668.54
06:10:50   4548.29   1497.08
06:10:53   4412.54    140.32
06:10:56   2724.21    685.76
06:10:59   4589.76   4156.15
06:11:02   4685.90   1162.92
06:11:05   4583.09     56.48
06:11:08   2787.93    595.37
06:11:11   3669.40   2393.57
06:11:14   4581.14   2589.09
Connection to 192.168.1.102 closed.
