time: 0
  Time         enp0s25      
HH:MM:SS   Kbps in  Kbps out
08:49:35   5058.42     30.67
08:49:38   4982.89     32.32
08:49:41   4651.26      9.52
08:49:44   4378.16     16.29
08:49:47   5226.06     16.73
08:49:50   5041.58     21.39
08:49:53   5630.38     19.43
08:49:56   5710.54     25.98
08:49:59   6111.94     29.12
08:50:02   6694.37     35.25
08:50:05   6356.83     38.17
08:50:09   4374.63     11.27
08:50:12   7338.54     36.24
08:50:15   6389.62     29.15
08:50:18   4819.39     12.40
08:50:21   5522.04     29.57
08:50:24   6559.50     30.53
08:50:27   5948.81     24.92
08:50:30   7248.31     36.46
Connection to 192.168.1.102 closed.
time: 1
  Time         enp0s25      
HH:MM:SS   Kbps in  Kbps out
08:50:35   5191.58     17.91
08:50:38   6696.08     57.29
08:50:41   6024.75     34.52
08:50:44   4903.25      6.62
08:50:47   6184.59     43.15
08:50:50   6155.81     35.74
08:50:53   5792.82     23.62
08:50:56   6944.29     48.54
08:50:59   6022.05     31.70
08:51:02   6637.28     30.05
08:51:05   4755.51     12.37
08:51:08   6029.25     39.42
08:51:11   5476.65     13.74
08:51:14   5779.32     20.73
08:51:17   5900.57     28.06
08:51:20   7841.30     58.69
08:51:23   4656.71      3.91
08:51:26   6066.95     28.01
08:51:29   6491.43     35.50
Connection to 192.168.1.102 closed.
time: 2
  Time         enp0s25      
HH:MM:SS   Kbps in  Kbps out
08:51:35   6204.84     35.31
08:51:38   5324.12     23.53
08:51:41   6346.53     46.88
08:51:44   6232.09     27.98
08:51:47   6925.13     56.32
08:51:50   4872.30     16.78
08:51:53   5796.08     27.15
08:51:56   6369.82     30.04
08:51:59   5659.51     37.82
08:52:02   4456.30      7.39
08:52:05   5552.07     18.62
08:52:08   5956.32     32.61
08:52:11   5884.11     25.88
08:52:14   7585.16     33.81
08:52:17   5894.35     29.25
08:52:20   4870.53     15.45
08:52:23   6568.51     33.38
08:52:26   6288.60     29.88
08:52:29   5015.77     25.47
Connection to 192.168.1.102 closed.
time: 3
  Time         enp0s25      
HH:MM:SS   Kbps in  Kbps out
08:52:35   5469.70     38.77
08:52:38   8627.27     64.88
08:52:41   3920.10     13.50
08:52:44   5950.31     38.91
08:52:47   6500.01     28.46
08:52:50   4495.46     16.39
08:52:53   6246.49     26.95
08:52:56   4529.48     20.28
08:52:59   5929.83     25.89
08:53:02   5092.75     16.61
08:53:05   7922.46     49.20
08:53:08   3918.00     10.39
08:53:11   5973.55     29.55
08:53:14   6309.23     32.19
08:53:17   6131.39     28.65
08:53:20   3957.14     10.87
08:53:23   5288.25     18.09
08:53:26   5894.88     24.58
08:53:29   5692.69     22.48
Connection to 192.168.1.102 closed.
time: 4
  Time         enp0s25      
HH:MM:SS   Kbps in  Kbps out
08:53:35   5693.52     28.54
08:53:38   4340.34     14.11
08:53:41   6161.30     36.54
08:53:44   5480.11     36.96
08:53:47   4294.08      7.53
08:53:50   5460.66     38.35
08:53:53   5468.03     27.83
08:53:56   5885.43     29.88
08:53:59   5799.34     32.07
08:54:02   5257.85     71.72
08:54:05   7342.94   1124.97
08:54:08   4249.69     10.48
08:54:11   5834.57     20.94
08:54:14   5537.38    286.07
08:54:17   4201.32      8.79
08:54:20   6284.52     28.51
08:54:23   5990.23     22.60
08:54:26   3843.79    182.14
08:54:29   5890.47    201.08
Connection to 192.168.1.102 closed.
time: 5
  Time         enp0s25      
HH:MM:SS   Kbps in  Kbps out
08:54:35   4466.56     16.82
08:54:38   5414.74     35.53
08:54:41   6451.51     29.33
08:54:44   6723.39     46.45
08:54:47   4660.18     37.47
08:54:50   5562.35    206.29
08:54:53   5787.05    181.05
08:54:56   4448.06    852.09
08:54:59  52716.62   2928.71
08:55:02  70455.81   2396.84
08:55:05  82701.17   1774.46
08:55:08  66638.89   2346.45
08:55:11  70447.79   1444.16
08:55:14  79311.53   1635.71
08:55:17  65206.56   1250.13
08:55:20  76110.61   2507.91
08:55:23  69258.02   1312.03
08:55:26  67518.75   1403.80
08:55:29  75128.02   1543.44
Connection to 192.168.1.102 closed.
time: 6
  Time         enp0s25      
HH:MM:SS   Kbps in  Kbps out
08:55:36  56063.72   1256.82
08:55:39  89141.97   3178.99
08:55:42  84675.60   1989.66
08:55:45  56362.46   1400.49
08:55:48  78507.45   1774.07
08:55:51  79522.24   1960.88
08:55:54  78408.43   1856.90
08:55:57  81611.64   1738.24
08:56:00  89017.64   1923.38
08:56:03  72130.34   1688.03
08:56:06  79576.48   2755.18
08:56:09  89802.48   2122.42
08:56:12  91004.73   2037.42
08:56:15  75316.97   1856.60
08:56:18  63781.19   1475.11
08:56:21  72059.92   1587.13
08:56:24  80577.02   1553.07
08:56:27  93959.51   1900.80
08:56:30  82500.39   1735.99
Connection to 192.168.1.102 closed.
time: 7
  Time         enp0s25      
HH:MM:SS   Kbps in  Kbps out
08:56:36  72997.03   1389.45
08:56:39  82873.68   1844.01
08:56:42  55980.45   1205.06
08:56:45  69711.40   1403.15
08:56:48  75293.85   1628.69
08:56:51  67219.00   1534.20
08:56:54  73080.33   1607.15
08:56:57  68737.15   1491.26
08:57:00  71788.89   1492.30
08:57:03  78028.76   1703.02
08:57:06  79793.27   1716.01
08:57:09  92386.69   2109.38
08:57:12  76652.01   1524.09
08:57:15  56397.50   1249.02
08:57:18  59369.31   1400.43
08:57:21  72845.57   1473.37
08:57:24  48016.66    899.68
08:57:27  67231.55   1509.46
08:57:30  33480.35    788.48
Connection to 192.168.1.102 closed.
time: 8
  Time         enp0s25      
HH:MM:SS   Kbps in  Kbps out
08:57:36  53178.57   1232.17
08:57:39  67487.18   1382.13
08:57:42  57688.26   1197.11
08:57:45  63683.04   1402.50
08:57:48  55135.18   1152.55
08:57:51  47266.74   1080.82
08:57:54  64301.02   1369.78
08:57:57  69019.92   1522.69
08:58:00  74784.81   1564.91
08:58:03  61367.48   1284.83
08:58:06  71651.85   1554.40
08:58:09  68286.97   1562.73
08:58:12  69397.86   1972.72
08:58:15  28585.85    875.87
08:58:18  68164.03   2093.31
08:58:21  35630.91   1140.32
08:58:24  57310.83   1371.03
08:58:27  55166.64   1558.25
08:58:30  24867.83    687.18
Connection to 192.168.1.102 closed.
time: 9
  Time         enp0s25      
HH:MM:SS   Kbps in  Kbps out
08:58:35  39214.11   1276.96
08:58:38  18835.81    773.25
08:58:41  40645.43   1281.06
08:58:44  40328.62    860.16
08:58:47  27266.57    957.59
08:58:50  28986.38   1003.12
08:58:53  29004.97   1200.23
08:58:56  27918.70    586.91
08:58:59  30332.96    788.89
08:59:02  32934.89   1086.80
08:59:05  34970.12   1290.89
08:59:08  27328.23    733.52
08:59:11  28885.51    794.29
08:59:14  29230.11    554.42
08:59:17  31139.43    623.54
08:59:20  42045.13    879.91
08:59:23  23522.43    482.60
08:59:26  32342.73    615.94
08:59:29  23739.70    552.23
Connection to 192.168.1.102 closed.
time: 10
  Time         enp0s25      
HH:MM:SS   Kbps in  Kbps out
08:59:35  27690.50    639.98
08:59:38  28478.74    535.48
08:59:41  29143.18    598.66
08:59:44  28654.66    660.03
08:59:47  27493.64    614.73
08:59:50  31487.34    586.87
08:59:53  36951.09    743.47
08:59:56  39808.36    868.51
08:59:59  28802.24    617.14
09:00:02  40424.40    809.10
09:00:05  34058.48    780.39
09:00:08  34226.25    719.67
09:00:11  37531.20    834.36
09:00:14  32180.66    711.77
09:00:17  35911.59    697.20
09:00:20  35221.93    795.35
09:00:23  38967.20    867.25
09:00:26  38829.10    867.73
09:00:29  29013.70    544.98
Connection to 192.168.1.102 closed.
time: 11
  Time         enp0s25      
HH:MM:SS   Kbps in  Kbps out
09:04:40   6279.32   2662.79
09:04:43   6303.51    997.07
09:04:46   6063.67   3390.76
09:04:49   4814.33   3772.64
09:04:52   6067.61    492.58
09:04:55   5970.66    757.57
09:04:58   6091.34   1793.98
09:05:01   4911.55   4661.75
09:05:04   6055.52   1259.37
09:05:07   6209.42    715.86
09:05:10   4421.89    660.37
09:05:13   5920.50   3535.40
09:05:16   6400.32   2294.16
09:05:19   4557.49    488.74
09:05:22   6162.71   1020.95
09:05:25   6197.79   3284.26
09:05:28   5046.50   2924.57
09:05:31   5569.69   1237.25
09:05:34  26993.34    815.61
Connection to 192.168.1.102 closed.
time: 12
  Time         enp0s25      
HH:MM:SS   Kbps in  Kbps out
09:05:39  67418.30   4945.30
09:05:42  78455.94   3614.48
09:05:45  48659.45   1108.29
09:05:48  85069.14   2778.57
09:05:51  74560.35   3914.88
09:05:54  70527.64   4954.48
09:05:57  93635.12   2126.34
09:06:00  82006.66   2271.86
09:06:03  75062.94   3032.49
09:06:06  70762.87   4969.99
09:06:09  88233.88   3388.37
09:06:12  83745.29   2197.04
09:06:15  68668.13   2998.11
09:06:18  62755.79   4910.77
09:06:21  66515.06   1410.90
09:06:24  79614.69   2521.24
09:06:27  63093.33   4920.91
09:06:30  75844.34   2678.63
09:06:33  74177.25   1878.57
Connection to 192.168.1.102 closed.
time: 13
  Time         enp0s25      
HH:MM:SS   Kbps in  Kbps out
09:06:41  62511.73   4900.78
09:06:44  49879.06   1577.69
09:06:47  72342.04   1924.08
09:06:50  79119.95   2045.07
09:06:53  68845.49   4664.55
09:06:56  70757.31   2530.39
09:06:59  70458.15   1882.83
09:07:02  70417.87   1970.01
09:07:05  83880.52   3471.24
09:07:08  68050.88   3966.15
09:07:11  55691.11   1597.49
09:07:14  78043.06   2049.57
09:07:17  78648.64   2207.91
09:07:20  70410.32   4667.89
09:07:23  65324.48   1694.39
09:07:26  66789.09   1600.97
09:07:29  50262.63   2179.73
09:07:32  38535.69   2927.52
09:07:35  14358.03    897.18
Connection to 192.168.1.102 closed.
time: 14
  Time         enp0s25      
HH:MM:SS   Kbps in  Kbps out
09:07:40   6283.51   2592.19
09:07:43   5341.02   1268.67
09:07:46   4493.42    681.26
09:07:49   5934.00    708.62
09:07:52   5669.30    739.03
09:07:55   4177.18   3100.70
09:07:58   6186.31    720.77
09:08:01   6059.18    619.48
09:08:04   4237.11     94.76
09:08:07   5668.12   3809.41
09:08:10   5571.78    710.84
09:08:13   4395.24    687.59
09:08:16   5946.65    661.47
09:08:19   5626.68     83.90
09:08:22   5950.40   1119.70
09:08:25   4280.96   3050.87
09:08:28   5999.81    375.97
09:08:31   5752.66    379.16
09:08:34   4088.27     10.67
Connection to 192.168.1.102 closed.
time: 15
  Time         enp0s25      
HH:MM:SS   Kbps in  Kbps out
09:08:39   5794.23    834.76
09:08:42   4215.49   2488.91
09:08:45   5715.21    227.02
09:08:48   5820.85    366.62
09:08:51   4162.40    348.97
09:08:54   6028.87    191.60
09:08:57   4808.42   1549.98
09:09:00   6292.75   1800.15
09:09:03   5435.24    358.71
09:09:06   5370.46    216.43
09:09:09   5654.31    380.35
09:09:12   5896.51   3143.14
09:09:15   5918.29    374.33
09:09:18   5648.36     32.74
09:09:21   6318.09    374.54
09:09:24   7147.94   1778.63
09:09:27   6478.64   1729.39
09:09:30   4390.80     10.57
09:09:33   5731.24    371.47
Connection to 192.168.1.102 closed.
time: 16
  Time         enp0s25      
HH:MM:SS   Kbps in  Kbps out
09:12:07   4173.61    351.98
09:12:10   6438.13   3630.27
09:12:13   6065.82    434.11
09:12:16   4153.32      9.85
09:12:19   5298.65    370.05
09:12:22   5796.45    357.95
09:12:25   4239.55    348.34
09:12:28   5927.40   3323.80
09:12:31   5548.57    359.64
09:12:34   5737.32    359.25
09:12:37   4281.21    347.84
09:12:40   5148.67   2757.87
09:12:43   5108.68    914.50
09:12:46   6021.30    363.90
09:12:49   5136.40    574.80
09:12:52   5180.38   3263.00
09:12:55   5428.98    541.18
09:12:58   5598.86    533.16
09:13:01   7818.51   2951.42
Connection to 192.168.1.102 closed.
time: 17
  Time         enp0s25      
HH:MM:SS   Kbps in  Kbps out
09:13:07   5684.23    537.26
09:13:10   5936.55   1909.86
09:13:13   4074.37   2452.92
09:13:16   5685.22     30.60
09:13:19   5378.41    694.80
09:13:22   3988.30    670.75
09:13:25   5890.38   4509.23
09:13:28   5903.16   1433.93
09:13:31   5191.67    694.93
09:13:34   4094.95    669.11
09:13:37   5615.48   3299.64
09:13:40   5554.21    981.11
09:13:43   3771.66    351.48
09:13:46   5477.08    612.10
09:13:49   5822.78   1652.76
09:13:52   4030.18   1547.00
09:13:55   5522.03    690.35
09:13:58   5445.37    699.61
09:14:01   4213.53    664.03
Connection to 192.168.1.102 closed.
time: 18
  Time         enp0s25      
HH:MM:SS   Kbps in  Kbps out
09:14:07   5476.13    225.86
09:14:10   5459.29    695.47
09:14:13   5216.95   3111.13
09:14:16   5935.14   2592.50
09:14:19   5689.29   3073.25
09:14:22   3943.59   3465.84
09:14:25   4939.54   3204.92
09:14:28   5979.72   3224.91
09:14:31   4131.19   2983.61
09:14:34   5572.83   3316.41
09:14:37   4355.91   3715.12
09:14:40   5720.62   2251.07
09:14:43   5625.98   2530.14
09:14:46   6755.07   4534.28
09:14:49   4039.75    798.02
09:14:52   5760.57   3585.49
09:14:55   6058.76   2486.47
09:14:58   5609.06   1955.69
09:15:01   3758.29   3321.95
Connection to 192.168.1.102 closed.
time: 19
  Time         enp0s25      
HH:MM:SS   Kbps in  Kbps out
09:15:07   5753.11   2517.71
09:15:10   5707.87   3127.89
09:15:13   6634.40   4685.81
09:15:16   5643.94   4671.69
09:15:19   4451.10   1962.48
09:15:22   5815.80   2938.60
09:15:25   5306.97   3328.43
09:15:28   4963.72   2929.60
09:15:31   5046.01   4672.99
09:15:34   5244.89   3621.95
09:15:37   6858.85   4307.42
09:15:40   4108.21   2834.98
09:15:43   5938.03   3887.35
09:15:46   5648.21   3357.07
09:15:49   4395.97   4204.84
09:15:52   5575.22   4674.41
09:15:55   5942.37   4140.41
09:15:58   4294.90   3724.72
09:16:01   5454.92   3949.23
Connection to 192.168.1.102 closed.
time: 20
  Time         enp0s25      
HH:MM:SS   Kbps in  Kbps out
09:16:08   6501.75   4627.16
09:16:11   5740.64   4678.96
09:16:14   5973.66   4681.45
09:16:17   5932.99   4702.61
09:16:20   3654.09   4660.95
09:16:23   6063.75   4677.28
09:16:26   5788.02   4662.79
09:16:29   3991.50   3805.46
09:16:32   5328.06   1852.49
09:16:35   4626.68   2851.64
09:16:38   5119.27   4580.12
09:16:41   5374.04    718.33
09:16:44   5613.19   1827.92
09:16:47   4674.48   2994.38
09:16:50   5954.74   3055.17
09:16:53   5922.73   1512.14
09:16:56   7264.68   1032.05
09:16:59   4206.15   4389.74
09:17:02   5420.87    692.90
Connection to 192.168.1.102 closed.
time: 21
  Time         enp0s25      
HH:MM:SS   Kbps in  Kbps out
09:17:10   5514.44   3010.57
09:17:13   6007.25    717.41
09:17:16   4347.85    907.04
09:17:19   5669.47    473.11
09:17:22  59711.38   2900.50
09:17:25  58473.59   4383.15
09:17:28  67587.15   2062.31
09:17:31  90452.76   2464.92
09:17:34  85345.77   2866.80
09:17:37  75948.97   4653.44
09:17:40  83812.89   3574.58
09:17:43  84190.81   1987.07
09:17:46  91782.73   2983.90
09:17:49  97822.78   3112.35
09:17:52  97390.70   3153.93
09:17:55  95644.65   3908.82
09:17:58  73860.42   2108.59
09:18:01  76552.08   2915.33
09:18:04  84926.78   2500.76
Connection to 192.168.1.102 closed.
time: 22
  Time         enp0s25      
HH:MM:SS   Kbps in  Kbps out
09:18:08  86406.25   2088.03
09:18:11  89122.49   4220.94
09:18:14  85186.99   2538.38
09:18:17  86041.96   2583.90
09:18:20  96503.81   2467.77
09:18:23  96504.52   2955.70
09:18:26  86552.95   2936.72
09:18:29  66413.73   2890.08
09:18:32  76065.74   2710.17
09:18:35  40365.66   1490.86
09:18:38  28830.11   2058.58
09:18:41  51426.25   1104.74
09:18:44  66403.48   3077.71
09:18:47  48007.72   2133.70
09:18:50   5874.66   1207.90
09:18:53   4430.58   1018.24
09:18:56   5594.76    198.53
09:18:59   5733.15   1213.18
09:19:02   6400.69   1447.87
Connection to 192.168.1.102 closed.
time: 23
  Time         enp0s25      
HH:MM:SS   Kbps in  Kbps out
09:19:07   6110.53   1193.80
09:19:10   4068.49    601.65
09:19:13   6091.19   1215.05
09:19:16   6021.97   1214.71
09:19:19   5930.69     48.35
09:19:22   4655.98   1222.02
09:19:25   5436.32   2579.52
09:19:28   6111.64    988.58
09:19:31   4690.60    381.68
09:19:34   5958.99    871.03
09:19:37   5894.95   2576.07
09:19:40   4331.09    621.62
09:19:43   5988.62   1231.85
09:19:46   6020.87    164.72
09:19:49   5802.88    742.65
09:19:52   4008.90   2037.38
09:19:55   5864.06   1215.39
09:19:58   5978.48   1226.43
09:20:01   4400.15     29.51
Connection to 192.168.1.102 closed.
time: 24
  Time         enp0s25      
HH:MM:SS   Kbps in  Kbps out
09:20:07   5422.02   1218.00
09:20:10   6028.83   1050.86
09:20:13   6016.76   1351.38
09:20:16   5543.38   1085.73
09:20:19   5953.83   1065.53
09:20:22   4915.28   1060.63
09:20:25   7910.54   2239.66
09:20:28   4145.42     15.92
09:20:31   5763.96    998.71
09:20:34   5820.31   2357.04
09:20:37   5503.83    995.88
09:20:40   4343.23    989.33
09:20:43   5857.15     31.11
09:20:46   5538.32   1123.28
09:20:49   4327.90    404.41
09:20:52   6189.36    549.10
09:20:55   5939.31     30.70
09:20:58   4090.51    338.60
09:21:01   5999.35    929.70
Connection to 192.168.1.102 closed.
time: 25
  Time         enp0s25      
HH:MM:SS   Kbps in  Kbps out
09:21:08   6147.45    546.39
09:21:11   4369.77    416.26
09:21:14   6175.49    537.02
09:21:17   5612.11    239.39
09:21:20   4385.69    583.57
09:21:23   5962.14    563.70
09:21:26   4799.92    407.49
09:21:29   4933.44    537.79
09:21:32   5638.29    539.76
09:21:35   5646.42    541.08
09:21:38   5069.61    410.59
09:21:41   5581.02    542.33
09:21:44   5772.91    541.15
09:21:47   6272.28    584.00
09:21:50   4684.61     14.15
09:21:53   5476.04    203.94
09:21:56   6059.80    192.01
09:21:59   4251.51    180.41
09:22:02   5833.61    415.40
Connection to 192.168.1.102 closed.
time: 26
  Time         enp0s25      
HH:MM:SS   Kbps in  Kbps out
09:22:07   4394.95    182.97
09:22:10   6420.22     37.33
09:22:13   5722.32    521.08
09:22:16   4125.75    181.11
09:22:19   6315.09    205.74
09:22:22   6116.88     33.26
09:22:25   4119.93    184.39
09:22:28   6129.26    592.41
09:22:31   5980.22    199.18
09:22:34   4838.42     18.19
09:22:37   5408.18    264.01
09:22:40  79945.91   2225.56
09:22:43  92111.77   2012.12
09:22:46  85255.00   1878.89
09:22:49  67843.65   1507.78
09:22:52  62765.72   1480.90
09:22:55  77314.81   1611.56
09:22:58  77800.61   2663.76
09:23:01  95879.51   2165.87
Connection to 192.168.1.102 closed.
time: 27
  Time         enp0s25      
HH:MM:SS   Kbps in  Kbps out
09:23:08  64986.29   1626.17
09:23:11  77672.26   2576.48
09:23:14  69657.72   2417.84
09:23:17  76225.34   1870.00
09:23:20  71282.70   1732.07
09:23:23  64279.76   1296.46
09:23:26  79039.61   3223.93
09:23:29  87685.32   2353.46
09:23:32  95710.44   2631.65
09:23:35  78364.99   2092.86
09:23:38  89072.59   2206.72
09:23:41  81916.43   2683.57
09:23:44  73314.57   1812.45
09:23:47  68586.63   1663.25
09:23:50  78700.76   2178.32
09:23:53  80216.48   2629.78
09:23:56  81850.21   1941.64
09:23:59  67741.84   2193.14
09:24:02  71591.24   1706.92
Connection to 192.168.1.102 closed.
time: 28
  Time         enp0s25      
HH:MM:SS   Kbps in  Kbps out
09:24:08  77074.93   2778.07
09:24:11  88569.31   2032.66
09:24:14  77797.04   2230.59
09:24:17  75782.83   2575.11
09:24:20  84378.70   2143.19
09:24:23  65751.09   2096.16
09:24:26  45532.00   1507.75
09:24:29  15164.50   1591.90
09:24:32   4770.24    605.40
09:24:35   6071.70     37.49
09:24:38   5733.62   1401.56
09:24:41   6527.18    623.93
09:24:44   4377.62    458.43
09:24:47   6138.34    808.06
09:24:50   5752.65    631.19
09:24:53   4791.64    352.75
09:24:56   6157.79   1157.42
09:24:59   5985.86    381.43
09:25:02   4551.32      7.13
Connection to 192.168.1.102 closed.
time: 29
  Time         enp0s25      
HH:MM:SS   Kbps in  Kbps out
09:25:08   5894.44    339.50
09:25:11   6319.03    713.38
09:25:14   6097.63     91.59
09:25:17   5177.14    370.50
09:25:20   5462.31    778.91
09:25:23   6427.30    384.84
09:25:26   6389.30    823.68
09:25:29   4462.29     19.46
09:25:32   5488.19    373.17
09:25:35   5797.28    386.84
09:25:38   5883.82    380.70
09:25:41   4351.49      9.22
09:25:44   5307.67    765.16
09:25:47   6015.11    381.24
09:25:50   4324.29    357.38
09:25:53   5806.63    363.14
09:25:56   5961.96     22.14
09:25:59   4159.76    358.88
09:26:02   5886.86    759.08
Connection to 192.168.1.102 closed.
time: 30
  Time         enp0s25      
HH:MM:SS   Kbps in  Kbps out
09:26:08   4464.89     28.63
09:26:11   5291.50    377.42
09:26:14   6105.92    555.19
09:26:17   6041.85    940.67
09:26:20   4508.84    260.95
09:26:23   6168.17    319.03
09:26:26   5604.40    548.42
09:26:29   4454.93    538.05
09:26:32   5954.41    320.37
09:26:35   4875.33     19.89
09:26:38   5717.74    723.29
09:26:41   5347.01    720.49
09:26:44   5217.47    704.56
09:26:47   5868.87    382.80
09:26:50   5834.44    201.79
09:26:53   5428.17   1039.08
09:26:56   5741.39    548.84
09:26:59   5418.27    542.39
09:27:02   6766.28    666.71
Connection to 192.168.1.102 closed.
