time: 0
  Time         enp0s25      
HH:MM:SS   Kbps in  Kbps out
11:08:41   6841.51     19.16
11:08:44   6837.00     28.68
11:08:47   6764.51      8.37
11:08:50   6747.82     12.71
11:08:53   6878.57     23.46
11:08:56   6330.87     10.01
11:08:59   7986.43     25.54
11:09:02  10363.09     59.50
11:09:05   6584.69    172.08
11:09:08   8369.55     30.70
11:09:11   8283.26     38.30
11:09:14   6652.00      5.56
11:09:17   8274.98     29.97
11:09:20   7682.73     17.91
11:09:23   7752.59     26.88
11:09:26   7718.67     12.76
11:09:29   9677.18     53.36
11:09:32   8190.01     31.84
11:09:35   6845.70     13.15
Connection to 192.168.1.102 closed.
time: 1
  Time         enp0s25      
HH:MM:SS   Kbps in  Kbps out
11:09:40   7170.17     25.08
11:09:43   8986.35     32.97
11:09:46   8340.32     20.36
11:09:49   8076.69     24.33
11:09:52   7981.56     30.28
11:09:55  10873.79     52.42
11:09:58   7669.63     11.33
11:10:01   9740.63     28.89
11:10:04   9114.43     26.13
11:10:07   8701.28     26.12
11:10:10   7121.52     11.75
11:10:13   7703.83     19.27
11:10:16   8659.25     29.42
11:10:19   7800.18     31.69
11:10:22   9609.55     40.97
11:10:25   8911.65     30.80
11:10:28   7294.35      8.66
11:10:31   8747.36     38.07
11:10:34   8587.49    200.94
Connection to 192.168.1.102 closed.
time: 2
  Time         enp0s25      
HH:MM:SS   Kbps in  Kbps out
11:10:39   8113.78     25.63
11:10:43   7866.75    136.60
11:10:46   8252.77     34.09
11:10:49   9945.75     51.24
11:10:52   8300.61     30.78
11:10:55   8059.15    404.83
11:10:58   6537.74   1351.41
11:11:01   8509.08    462.16
11:11:04   7220.42     19.27
11:11:07   7332.53    203.69
11:11:10   7653.90    197.94
11:11:13  10424.06    226.72
11:11:16   6694.21     12.29
11:11:19   7695.70    203.07
11:11:22   8573.94    199.45
11:11:25   6912.91    180.37
11:11:28   8531.52   2561.27
11:11:31   7632.39   1161.37
11:11:34   7822.09    173.81
Connection to 192.168.1.102 closed.
time: 3
  Time         enp0s25      
HH:MM:SS   Kbps in  Kbps out
11:11:40   9436.64   1102.52
11:11:43   8688.59   1167.96
11:11:46   6733.69    214.55
11:11:49   8583.54   1136.31
11:11:52   8737.45   1009.62
11:11:55   6873.39    351.96
11:11:58   8424.57    932.00
11:12:01   8488.48   1163.46
11:12:04  10711.27   1024.03
11:12:07   6448.01    561.09
11:12:10   8726.14    793.15
11:12:13   8494.62    608.06
11:12:16   7010.73    564.73
11:12:19   8104.18   2189.33
11:12:22   7855.27   1508.23
11:12:25   7999.44    638.63
11:12:28   8639.70    983.93
11:12:31  10368.05   1183.88
11:12:34   7285.07    179.00
Connection to 192.168.1.102 closed.
time: 4
  Time         enp0s25      
HH:MM:SS   Kbps in  Kbps out
11:12:39   8224.47   1163.73
11:12:42   6823.63    182.24
11:12:45   8375.82   1337.18
11:12:49   7519.70   1035.35
11:12:52   7492.80    387.55
11:12:55   8230.69   1165.94
11:12:58  10611.85    886.37
11:13:01   6824.66    304.77
11:13:04   8206.59   1175.42
11:13:07   8058.44   1182.02
11:13:10   8325.79   1085.35
11:13:13   6847.05    444.77
11:13:16   8504.37    731.89
11:13:19   7889.16   1672.27
11:13:22   6936.98   4645.88
11:13:25   8323.09   1758.42
11:13:28   8469.71   1018.22
11:13:31   6592.76   1952.86
11:13:34   8412.41   2096.81
Connection to 192.168.1.102 closed.
time: 5
  Time         enp0s25      
HH:MM:SS   Kbps in  Kbps out
11:13:40   7213.25    592.14
11:13:43   8094.26   2024.67
11:13:46   8996.46   2320.25
11:13:49   8066.94    706.53
11:13:52   8164.75   2055.98
11:13:55   8461.17   1439.35
11:13:58  42897.01   1264.80
11:14:01  101104.1   2440.40
11:14:04  97331.12   3532.14
11:14:07  92218.15   2218.29
11:14:10  77120.87   1747.71
11:14:13  76355.44   2997.90
11:14:16  88700.40   2010.48
11:14:19  67974.30   1478.89
11:14:22  81038.74   1594.16
11:14:25  92712.87   3404.55
11:14:28  84529.65   1930.95
11:14:31  87624.68   1971.18
11:14:34  92458.18   1866.84
Connection to 192.168.1.102 closed.
time: 6
  Time         enp0s25      
HH:MM:SS   Kbps in  Kbps out
11:14:41  81260.98   1948.98
11:14:44  72392.42   1616.66
11:14:47  97792.86   2203.13
11:14:50  77316.59   2055.57
11:14:53  78224.25   2416.63
11:14:56  50889.59   1203.12
11:14:59  86407.94   1952.67
11:15:02  75633.33   1689.71
11:15:05  82765.70   3036.36
11:15:08  83579.09   1877.57
11:15:11  94964.03   2104.83
11:15:14  78012.47   1720.33
11:15:17  90815.15   3199.13
11:15:20  72712.38   1699.25
11:15:23  69209.05   1470.28
11:15:26  66622.87   2227.68
11:15:29  45856.54   1098.26
11:15:32  44554.45    826.99
11:15:35  42495.02   1098.58
Connection to 192.168.1.102 closed.
time: 7
  Time         enp0s25      
HH:MM:SS   Kbps in  Kbps out
11:15:40  34465.26   1341.70
11:15:43  40001.79   1030.24
11:15:46  29925.76    850.95
11:15:49  30959.83    678.45
11:15:52  31315.61   1336.94
11:15:55  37348.51   1003.77
11:15:58  35596.79    778.68
11:16:01  42609.30   1086.77
11:16:04  33859.91   1338.84
11:16:07  40163.11    913.08
11:16:10  31333.19    885.94
11:16:13  42464.72   1129.60
11:16:16  29327.95    543.95
11:16:19  30943.00   1073.93
11:16:22  31129.91    871.80
11:16:25  29710.50    855.09
11:16:28  33106.64    550.40
11:16:31  39974.77   1356.67
11:16:34  48228.22   1238.69
Connection to 192.168.1.102 closed.
time: 8
  Time         enp0s25      
HH:MM:SS   Kbps in  Kbps out
11:16:40  42801.51    861.90
11:16:43  43569.46   1521.49
11:16:46  42746.56   1103.08
11:16:49  29978.35    847.23
11:16:52  32257.78    937.27
11:16:55  31715.08    894.18
11:16:58  40833.32   1075.02
11:17:01  53699.29   1213.52
11:17:04  37258.26    667.18
11:17:07  46468.98   1587.20
11:17:10  46518.02   1363.75
11:17:13  38061.76    954.54
11:17:16  41138.73    757.28
11:17:19  42301.02   1091.39
11:17:22  37895.03   1288.15
11:17:25  33941.80    787.40
11:17:28  42855.60    775.02
11:17:31  33501.90    663.30
11:17:34  31637.35    711.71
Connection to 192.168.1.102 closed.
time: 9
  Time         enp0s25      
HH:MM:SS   Kbps in  Kbps out
11:17:40  42808.96   1347.48
11:17:43  29575.31    680.65
11:17:46  31118.76    650.27
11:17:49  31410.97    520.42
11:17:52  29247.25    563.69
11:17:55  43399.57    925.70
11:17:58  53604.74   1551.64
11:18:01  36203.54    632.00
11:18:04  47933.95   1048.91
11:18:07  20054.15    430.97
11:18:10  42718.14    949.38
11:18:13  34855.17    695.83
11:18:16  37686.61   1066.84
11:18:19  42588.87   1001.09
11:18:22  30839.39   1364.96
11:18:25  41766.25   1471.83
11:18:28  26168.82   1080.94
11:18:31   7511.93    516.57
11:18:34   7833.25    233.41
Connection to 192.168.1.102 closed.
time: 10
  Time         enp0s25      
HH:MM:SS   Kbps in  Kbps out
11:18:40   8010.53    500.79
11:18:43   6571.83    233.66
11:18:46   7770.10    702.21
11:18:49   7976.47    319.84
11:18:52   6596.23    362.85
11:18:55   7944.32    198.96
11:18:58   7949.07    616.17
11:19:01   6953.73    357.70
11:19:04   8638.80    456.44
11:19:07   8376.10    201.81
11:19:10   6131.08    339.22
11:19:13   8335.51    712.25
11:19:16   8827.64    392.75
11:19:19   8229.12    362.96
11:19:22   6554.85      7.97
11:19:25   7604.99    745.93
11:19:28   8202.07    359.32
11:19:31   6615.89    336.19
11:19:34   7954.82    356.45
Connection to 192.168.1.102 closed.
time: 11
  Time         enp0s25      
HH:MM:SS   Kbps in  Kbps out
11:25:17   8618.79   1056.52
11:25:20   9035.80     54.23
11:25:23  58437.62   4762.10
11:25:26  74498.27   4727.29
11:25:29  86636.05   2223.62
11:25:32  86185.62   1737.64
11:25:35  94767.76   2524.17
11:25:38  80557.20   2999.90
11:25:41  60134.76   4941.55
11:25:44  94362.94   2786.32
11:25:47  78098.15   2041.37
11:25:50  74288.12   2258.30
11:25:53  71470.99   4629.31
11:25:56  81902.50   4066.47
11:25:59  79688.73   1878.52
11:26:02  83984.52   2108.61
11:26:05  75157.14   3725.88
11:26:08  77898.79   4521.86
11:26:11  96191.74   2398.95
Connection to 192.168.1.102 closed.
time: 12
  Time         enp0s25      
HH:MM:SS   Kbps in  Kbps out
11:26:18  71464.87   3291.74
11:26:21  66805.67   4954.06
11:26:24  77116.96   2386.02
11:26:27  77664.17   1968.79
11:26:30  97538.61   2633.64
11:26:33  62227.59   4943.28
11:26:36  85061.06   4341.83
11:26:39  84338.38   2145.82
11:26:42  86912.73   2321.09
11:26:45  54437.31   3872.55
11:26:48  52441.45   4097.84
11:26:51  45210.43    849.25
11:26:54  45013.56   1164.40
11:26:57  51951.61   2599.56
11:27:00   6881.00   3484.49
11:27:03   8862.74     35.71
11:27:06   7971.15    654.03
11:27:09   8702.51    652.18
11:27:12   7125.52    630.47
Connection to 192.168.1.102 closed.
time: 13
  Time         enp0s25      
HH:MM:SS   Kbps in  Kbps out
11:27:18   8127.92   1753.01
11:27:21   7043.01    634.58
11:27:24   8722.53    590.92
11:27:27   8532.04    145.45
11:27:30   6397.48    570.12
11:27:33   8642.42   3586.60
11:27:36   8914.06   1597.22
11:27:39   6636.42    639.90
11:27:42   8448.47     30.48
11:27:45   8204.95    662.78
11:27:48   7039.66    873.33
11:27:51   8452.32   4407.34
11:27:54   8172.26     48.59
11:27:57   9295.20    663.35
11:28:00   7793.08    649.38
11:28:03   8556.59    683.56
11:28:06   8296.01   1120.75
11:28:09   7205.81   1567.78
11:28:12   8664.41    679.10
Connection to 192.168.1.102 closed.
time: 14
  Time         enp0s25      
HH:MM:SS   Kbps in  Kbps out
11:28:18   6980.76    396.44
11:28:21   8897.75    678.50
11:28:24   7912.84   1937.78
11:28:27   8767.74   1026.95
11:28:30   7364.68    524.89
11:28:33   8213.24    656.00
11:28:36   8398.82    649.95
11:28:39   8738.86   2714.63
11:28:42   8276.60    275.88
11:28:45   7747.79    408.31
11:28:48   8056.03    646.73
11:28:51   8921.38   1978.48
11:28:54   8817.96   1785.60
11:28:57   7120.16    746.83
11:29:00   8329.60    134.61
11:29:03   7921.30    485.97
11:29:06   7506.91    627.95
11:29:09   8438.69   2671.90
11:29:12   8517.91    167.97
Connection to 192.168.1.102 closed.
time: 15
  Time         enp0s25      
HH:MM:SS   Kbps in  Kbps out
11:29:18   8476.06    489.80
11:29:21   8636.69    488.29
11:29:24   6672.34      9.28
11:29:27   8260.94   2919.02
11:29:30   9164.49    518.87
11:29:33   8381.36    504.89
11:29:36   7545.48     21.57
11:29:39   9063.61    501.11
11:29:42   8842.49   1085.55
11:29:45   7612.20   2310.81
11:29:48   8840.72     36.90
11:29:51   8296.78    495.51
11:29:54   7582.40    466.18
11:29:57   8830.91    481.14
11:30:00   8653.84     29.21
11:30:03   7152.62    375.66
11:30:06   9321.57   2623.98
11:30:09   9036.74    490.94
11:30:12   7391.45      8.59
Connection to 192.168.1.102 closed.
time: 16
  Time         enp0s25      
HH:MM:SS   Kbps in  Kbps out
11:30:17   8931.06    482.07
11:30:20   7153.04    468.44
11:30:23   8729.84     40.99
11:30:26   8062.47   2480.70
11:30:29   8405.46    624.77
11:30:32   9117.04    483.86
11:30:35   8939.42     38.52
11:30:38   7855.97    599.83
11:30:41   9135.34    342.00
11:30:44  60751.04   3280.42
11:30:47  101326.0   2485.93
11:30:50  101018.7   2588.44
11:30:53  100400.5   2528.55
11:30:56  95494.16   3016.05
11:30:59  94899.06   4006.67
11:31:02  100273.3   2377.70
11:31:05  97197.97   2183.27
11:31:08  101374.3   2289.57
11:31:11  102449.4   2086.23
Connection to 192.168.1.102 closed.
time: 17
  Time         enp0s25      
HH:MM:SS   Kbps in  Kbps out
11:31:19  100270.6   2365.34
11:31:22  102279.4   2352.72
11:31:25  101307.3   2331.10
11:31:28  100885.0   1966.71
11:31:31  100232.7   2504.65
11:31:34  95267.77   4278.62
11:31:37  101314.1   2209.66
11:31:40  101245.9   1967.82
11:31:43  100951.7   2248.89
11:31:46  92716.06   4430.40
11:31:49  100030.7   2394.23
11:31:52  101747.9   2060.40
11:31:55  100989.8   2200.26
11:31:58  95790.32   3494.13
11:32:01  79111.81   2848.45
11:32:04   8798.02     31.06
11:32:07   8347.83    326.46
11:32:10   8076.17    845.48
11:32:13   8456.88   2299.99
Connection to 192.168.1.102 closed.
time: 18
  Time         enp0s25      
HH:MM:SS   Kbps in  Kbps out
11:32:19   8482.22    350.96
11:32:22   8044.38    363.63
11:32:25   8441.67   2545.45
11:32:28   8813.13    382.20
11:32:31   7633.93    375.14
11:32:34   9200.19   2188.06
11:32:37   9664.95   3034.32
11:32:40   7044.04     16.27
11:32:43   8424.27    543.14
11:32:46   8485.27   2613.72
11:32:49   7078.51   1733.76
11:32:52   8399.97     26.11
11:32:55   8259.23    542.47
11:32:58   8420.88    869.49
11:33:01   7041.91   4260.76
11:33:04   8725.72    370.70
11:33:07   8845.48     30.11
11:33:10   6562.81    361.37
11:33:13   8728.96   3890.70
Connection to 192.168.1.102 closed.
time: 19
  Time         enp0s25      
HH:MM:SS   Kbps in  Kbps out
11:33:18   6894.55    438.10
11:33:21   8185.46    566.87
11:33:24   8718.67   1523.91
11:33:27   7195.85   3523.00
11:33:30   8873.59    318.87
11:33:33   8584.67    543.25
11:33:36   6764.39    526.10
11:33:39   8809.68    239.90
11:33:42   7558.73   2169.83
11:33:45   8205.41   2574.05
11:33:48   8489.18    366.63
11:33:51   7902.78    198.83
11:33:54   7711.53     21.32
11:33:57   8994.74   2705.19
11:34:00   8862.29    376.62
11:34:03   8928.88    206.95
11:34:06   8927.05    364.85
11:34:09   8137.15   1703.73
11:34:12   9234.31   1723.90
Connection to 192.168.1.102 closed.
time: 20
  Time         enp0s25      
HH:MM:SS   Kbps in  Kbps out
11:34:18   8463.53    436.47
11:34:21   8579.18    391.78
11:34:24   6940.43    355.52
11:34:27   8983.22   2562.66
11:34:30   8416.90     84.45
11:34:33   6572.12    487.96
11:34:36   8798.20    494.95
11:34:39   8956.51    243.45
11:34:42   6964.22    353.79
11:34:45   8899.02   2461.21
11:34:48   8523.98    315.04
11:34:51   9172.77    320.40
11:34:54   6756.67    468.35
11:34:57   8403.26     36.96
11:35:00   7876.22    487.32
11:35:03   6841.36    372.39
11:35:06   8535.82   4215.84
11:35:09   8163.86   1471.81
11:35:12   6701.65    594.92
Connection to 192.168.1.102 closed.
time: 21
  Time         enp0s25      
HH:MM:SS   Kbps in  Kbps out
11:35:18   8670.19    300.32
11:35:21   6995.55    655.13
11:35:24   8104.23   1425.70
11:35:27  33814.51   2975.93
11:35:30  89379.04   4316.11
11:35:33  102900.9   2256.82
11:35:36  100458.5   2509.12
11:35:39  100205.4   2367.86
11:35:42  101053.9   2348.53
11:35:45  98654.65   2372.36
11:35:48  98721.04   2916.86
11:35:51  86032.52   4487.12
11:35:54  101121.7   2642.30
11:35:57  100381.3   2486.79
11:36:00  101992.8   2104.01
11:36:03  93783.61   3717.89
11:36:06  97593.14   3382.03
11:36:09  83041.80   1909.12
11:36:12  101199.7   2146.40
Connection to 192.168.1.102 closed.
time: 22
  Time         enp0s25      
HH:MM:SS   Kbps in  Kbps out
11:36:19  95857.01   3592.54
11:36:22  97838.83   3638.21
11:36:25  97633.10   2857.21
11:36:28  101340.7   2168.68
11:36:31  88579.63   3393.06
11:36:34  92268.05   3870.25
11:36:37  80043.94   2188.45
11:36:40   8290.29     60.77
11:36:43   6943.02    546.59
11:36:46   8157.27    985.28
11:36:49   8259.20   1001.16
11:36:52   8154.10    384.32
11:36:55   6555.31   2841.01
11:36:58   8190.27    674.00
11:37:01   8554.52    826.63
11:37:04   6655.40     46.93
11:37:07   7721.24    790.63
11:37:10   8263.72    828.36
11:37:13   6689.58    804.32
Connection to 192.168.1.102 closed.
time: 23
  Time         enp0s25      
HH:MM:SS   Kbps in  Kbps out
11:37:19   8641.50   1071.19
11:37:22   6976.09    805.92
11:37:25   9044.98    254.24
11:37:28   8739.94    655.38
11:37:31   6553.53    811.65
11:37:34   8871.32   1016.34
11:37:37   8521.50   1624.65
11:37:40   6903.94    823.99
11:37:43   8702.71    947.18
11:37:46   8941.93    825.34
11:37:49   8916.31    386.43
11:37:52   6933.04    463.10
11:37:55   8072.88   2653.03
11:37:58   8732.56    877.94
11:38:01   8668.45    282.79
11:38:04   8448.61    410.71
11:38:07   8557.24   1020.35
11:38:10   7810.34   2046.74
11:38:13   9109.22    317.27
Connection to 192.168.1.102 closed.
time: 24
  Time         enp0s25      
HH:MM:SS   Kbps in  Kbps out
11:38:18   8687.83    833.63
11:38:21  10002.73   1327.79
11:38:24   9062.96   1200.59
11:38:27   6648.22    805.98
11:38:30   9030.97    702.11
11:38:33   8828.25    302.79
11:38:36   7229.93    856.36
11:38:39   8910.45   3280.94
11:38:42   8901.79    995.35
11:38:45   7278.24   1069.53
11:38:48   8777.13    692.45
11:38:51   8688.32   1700.19
11:38:54   7105.08   1396.03
11:38:57   8839.68    778.83
11:39:00   9020.16    619.90
11:39:03   8655.63    738.51
11:39:06   6554.88   1665.46
11:39:09   8426.95    461.18
11:39:12   8442.90    387.36
Connection to 192.168.1.102 closed.
time: 25
  Time         enp0s25      
HH:MM:SS   Kbps in  Kbps out
11:39:18   8032.49   2195.38
11:39:21   8285.40    697.20
11:39:24   7237.73    497.17
11:39:27   8528.17    319.26
11:39:30   6881.51   2178.33
11:39:33   7955.76    788.73
11:39:36   8014.69    809.70
11:39:39   8067.03     73.48
11:39:42   8159.46   2179.43
11:39:45   7707.33    793.05
11:39:48   8519.72    541.13
11:39:51   9396.50   1212.28
11:39:54   6534.08    886.88
11:39:57   8579.89    818.21
11:40:00   8124.46    823.27
11:40:03   6534.05      9.36
11:40:06   8024.57   1382.81
11:40:09   8088.82    474.91
11:40:12   6444.29    456.65
Connection to 192.168.1.102 closed.
time: 26
  Time         enp0s25      
HH:MM:SS   Kbps in  Kbps out
11:40:18   8213.53     36.89
11:40:21   6456.63    455.94
11:40:24   8610.05   1539.90
11:40:27   8539.13    258.65
11:40:30   8763.85     33.92
11:40:33   6298.38    460.50
11:40:36   8425.62    484.34
11:40:39   8639.68    975.74
11:40:42   6785.58    594.64
11:40:45   7971.00    482.86
11:40:48   8579.26    483.99
11:40:51   6604.70    457.99
11:40:54   8368.45     25.01
11:40:57   7804.46   1546.27
11:41:00   6806.08    468.83
11:41:03   8158.75    322.37
11:41:06   8107.78     40.18
11:41:09   7636.84    500.52
11:41:12   6678.84    447.56
Connection to 192.168.1.102 closed.
time: 27
  Time         enp0s25      
HH:MM:SS   Kbps in  Kbps out
11:41:18   8204.76     39.52
11:41:21   7902.71    491.49
11:41:24   8318.76    884.80
11:41:27  44018.96   1643.49
11:41:30  75594.55   1509.84
11:41:33  72845.56   1767.79
11:41:36  83640.62   2680.44
11:41:39  80228.69   1767.55
11:41:42  79947.13   1583.91
11:41:45  95231.45   3002.47
11:41:48  87753.22   1918.32
11:41:51  81130.61   1927.95
11:41:54  68986.69   1359.25
11:41:57  68064.56   1783.34
11:42:00  83018.88   2512.45
11:42:03  98015.61   2307.89
11:42:06  78959.79   1566.29
11:42:09  77584.78   1895.61
11:42:12  63439.11   1883.22
Connection to 192.168.1.102 closed.
time: 28
  Time         enp0s25      
HH:MM:SS   Kbps in  Kbps out
11:42:18  53340.13   1008.04
11:42:21  43968.77    959.01
11:42:24  31556.16   1238.02
11:42:27  31217.40    819.15
11:42:30  30124.44    967.93
11:42:33  31786.03    558.90
11:42:36  31540.67    974.48
11:42:39  37079.94   1261.24
11:42:42  49018.58   1357.86
11:42:45  42900.86    778.62
11:42:48  42692.84   1608.53
11:42:51  31525.67    940.78
11:42:54  42824.61   1302.47
11:42:57  36060.76    691.07
11:43:00  38787.51   1740.02
11:43:03  31302.81   1113.26
11:43:06  29787.79   1125.96
11:43:09  31480.88    925.69
11:43:12  31020.97    957.82
Connection to 192.168.1.102 closed.
time: 29
  Time         enp0s25      
HH:MM:SS   Kbps in  Kbps out
11:43:18  29605.02    771.63
11:43:21  32402.05    946.84
11:43:24  31173.29    747.58
11:43:27  29899.70    937.04
11:43:30  31702.03    972.94
11:43:33  32537.86    667.27
11:43:36  28990.05   1814.51
11:43:39  31449.30   1087.00
11:43:42  31499.86    693.04
11:43:45  36570.24   1271.53
11:43:48  35991.31   1652.91
11:43:51  42902.55   1357.97
11:43:54  31366.57    528.21
11:43:57  40984.20   1075.25
11:44:00  42959.15   1399.83
11:44:03  30232.90    741.13
11:44:06  28882.21   1242.26
11:44:09  20816.72    599.42
11:44:12  31102.60   1706.17
Connection to 192.168.1.102 closed.
time: 30
  Time         enp0s25      
HH:MM:SS   Kbps in  Kbps out
11:44:18  31542.72   1254.76
11:44:21  30469.36    715.06
11:44:24  31682.08   1182.08
11:44:27  31971.03    933.48
11:44:30  37714.52    894.82
11:44:33  36261.47   1741.37
11:44:36  48067.82   1526.20
11:44:39  38102.71   1546.76
11:44:42  30240.76    823.43
11:44:45  45256.30   1563.46
11:44:48  46808.52   1533.71
11:44:51  36627.69    652.42
11:44:54  44644.67   2128.72
11:44:57  51348.65   1452.84
11:45:00  54573.58   1163.72
11:45:03  41275.95    754.25
11:45:06  31366.10    632.85
11:45:09  41189.74    935.87
11:45:12  42447.98   1064.15
Connection to 192.168.1.102 closed.
