time: 0
  Time         enp0s25      
HH:MM:SS   Kbps in  Kbps out
03:18:42   3400.93     28.80
03:18:45   2931.19     13.39
03:18:48   2453.92     33.16
03:18:51   2740.23      7.00
03:18:54   2750.79     14.88
03:18:57   2907.39     14.29
03:19:00   2451.76     18.54
03:19:03   2792.37     11.80
03:19:06   2893.61    170.88
03:19:09   3774.32     22.07
03:19:12   4340.81     29.53
03:19:15   4774.65     30.96
03:19:18   2971.71     12.84
03:19:21   4462.45     29.47
03:19:24   4797.87     34.52
03:19:27   2950.65     14.34
03:19:30   4318.07     30.11
03:19:33   3683.24     15.89
03:19:36   4615.74     40.64
Connection to 192.168.1.102 closed.
time: 1
  Time         enp0s25      
HH:MM:SS   Kbps in  Kbps out
03:19:42   5938.69     47.77
03:19:45   3233.17     11.93
03:19:48   4433.62     38.80
03:19:51   4544.95     49.88
03:19:54   4125.16     31.16
03:19:57   3011.92     11.52
03:20:00   3821.90     21.14
03:20:03   4442.89     35.89
03:20:06   4176.85     33.95
03:20:09   5638.91     39.79
03:20:12   4547.09     32.92
03:20:15   3031.12      9.52
03:20:18   4362.63     33.65
03:20:21   4831.61     26.58
03:20:24   3103.64      8.13
03:20:27   4240.70     27.10
03:20:30   3872.41     26.86
03:20:33   5552.15     41.10
03:20:36   4592.84     33.06
Connection to 192.168.1.102 closed.
time: 2
  Time         enp0s25      
HH:MM:SS   Kbps in  Kbps out
03:20:42   4268.81     35.10
03:20:45   2856.59      7.10
03:20:48   4880.22     61.45
03:20:51   3662.34     15.27
03:20:54   3958.75     31.10
03:20:57   3445.73     18.54
03:21:00   4420.91     29.61
03:21:03   4623.43     37.22
03:21:06   4073.17     36.00
03:21:09   4566.80     25.86
03:21:12   4802.88     31.17
03:21:15   4626.19     28.99
03:21:18   4237.68     29.81
03:21:21   4549.95     25.40
03:21:24   3149.88     13.92
03:21:27   4598.07     32.07
03:21:30   4155.80     25.89
03:21:33   3017.71     11.32
03:21:36   4640.83     36.99
Connection to 192.168.1.102 closed.
time: 3
  Time         enp0s25      
HH:MM:SS   Kbps in  Kbps out
03:21:42   2684.90     11.28
03:21:45   4700.19     25.81
03:21:48   4859.38     62.93
03:21:51   3123.21     12.84
03:21:54   4243.69     31.47
03:21:57   4738.09     37.62
03:22:00   4566.21     24.82
03:22:03   3400.92     16.24
03:22:06   4429.78     36.11
03:22:09   3522.57     16.67
03:22:12   3878.51     15.51
03:22:15   4473.13     26.07
03:22:18   4167.13     31.33
03:22:21   4604.55     27.13
03:22:24   4664.11     23.15
03:22:27   4805.65     41.78
03:22:30   2673.87      8.02
03:22:33   4604.92     28.67
03:22:36   4729.99     26.35
Connection to 192.168.1.102 closed.
time: 4
  Time         enp0s25      
HH:MM:SS   Kbps in  Kbps out
03:22:42   4120.04     26.92
03:22:45   5077.79     24.44
03:22:48   4548.08     33.31
03:22:51   3076.63     15.21
03:22:54   4038.73     40.25
03:22:57   4560.63     34.02
03:23:00   2988.45     12.28
03:23:03   4403.57     34.55
03:23:06   4045.50     35.31
03:23:09   3672.48     16.26
03:23:12   4169.06     36.08
03:23:15   4495.23     27.57
03:23:18   4680.72     31.88
03:23:21   4712.91     27.63
03:23:24   3637.69     26.63
03:23:27   4773.76     28.19
03:23:30   4737.53     25.99
03:23:33   5300.83     30.98
03:23:36   4622.03     29.04
Connection to 192.168.1.102 closed.
time: 5
  Time         enp0s25      
HH:MM:SS   Kbps in  Kbps out
03:23:43   4811.79     29.48
03:23:46   4614.64     32.62
03:23:49   3086.56     31.02
03:23:52   4569.98     52.68
03:23:55   4579.35     62.04
03:23:58   9639.59    174.96
03:24:01  79205.20   1679.65
03:24:04  84790.36   1772.72
03:24:07  86931.65   1992.63
03:24:10  89066.07   1869.62
03:24:13  78292.89   1653.38
03:24:16  84066.86   1765.09
03:24:19  70490.62   1416.73
03:24:22  72162.52   1454.61
03:24:25  80792.48   1559.75
03:24:28  88429.50   1826.53
03:24:31  95548.77   2038.78
03:24:34  91752.89   1942.74
03:24:37  85285.57   1799.11
Connection to 192.168.1.102 closed.
time: 6
  Time         enp0s25      
HH:MM:SS   Kbps in  Kbps out
03:24:42  75153.51   1442.31
03:24:45  84494.24   1671.54
03:24:48  80827.65   1585.63
03:24:51  75594.57   1504.09
03:24:54  76316.85   1518.71
03:24:57  77136.03   1623.42
03:25:00  98121.58   2095.05
03:25:03  99849.94   2104.67
03:25:06  91743.30   1949.98
03:25:09  77543.35   1596.28
03:25:12  72815.84   1535.52
03:25:15  98537.31   2095.61
03:25:18  62819.15   1316.32
03:25:21  41373.27    800.44
03:25:24  55074.49   1146.94
03:25:27  56119.32   1161.93
03:25:30  50216.39   1007.78
03:25:33  32472.92    659.16
03:25:36   4736.92     29.11
Connection to 192.168.1.102 closed.
time: 7
  Time         enp0s25      
HH:MM:SS   Kbps in  Kbps out
03:25:42   4349.27     34.47
03:25:45   3020.73     10.26
03:25:48   4867.24     45.30
03:25:51   4806.87     55.43
03:25:54   2775.80     16.01
03:25:57   4667.51     34.92
03:26:00   4710.25     33.46
03:26:03   3040.91     12.13
03:26:06   4345.17     38.87
03:26:09   4625.51     37.68
03:26:12   4569.33     34.70
03:26:15   3140.02     30.84
03:26:18   4686.33     34.62
03:26:21   4680.25     66.75
03:26:24  85569.50   1826.30
03:26:27  96279.20   2071.59
03:26:30  87421.01   1867.72
03:26:33  99819.01   2118.30
03:26:36  100004.2   2134.91
Connection to 192.168.1.102 closed.
time: 8
  Time         enp0s25      
HH:MM:SS   Kbps in  Kbps out
03:26:43  99907.88   2028.59
03:26:46  99644.19   2003.43
03:26:49  99238.96   2082.70
03:26:52  99978.33   2098.64
03:26:55  99075.19   2068.06
03:26:58  99694.16   1998.41
03:27:01  99620.35   2119.73
03:27:04  99542.16   2932.55
03:27:07  100095.6   2189.69
03:27:10  99900.68   2102.15
03:27:13  98032.51   2813.72
03:27:16  100284.9   2094.12
03:27:19  100149.5   2130.47
03:27:22  98630.05   2059.38
03:27:25  87748.18   2564.36
03:27:28  98871.65   2084.31
03:27:31  28082.31    544.47
03:27:34   3123.28      7.49
03:27:37   4508.06    736.49
Connection to 192.168.1.102 closed.
time: 9
  Time         enp0s25      
HH:MM:SS   Kbps in  Kbps out
03:27:43   3261.68     12.63
03:27:46   5156.97     34.67
03:27:49   4491.54    132.90
03:27:52   4364.31    724.54
03:27:55   3062.86    191.84
03:27:58   4640.71    216.36
03:28:01   3292.31     74.84
03:28:04   4089.49   1460.30
03:28:07   4969.86    107.13
03:28:10   4517.88    142.49
03:28:13   3958.50    141.01
03:28:16   4193.85    447.73
03:28:19   4640.63   1502.31
03:28:22   4675.85    336.64
03:28:25  39666.71   1029.83
03:28:28  46816.61   1324.13
03:28:31  70606.09   2064.72
03:28:34  91890.23   2202.29
03:28:37  92144.03   2055.29
Connection to 192.168.1.102 closed.
time: 10
  Time         enp0s25      
HH:MM:SS   Kbps in  Kbps out
03:28:43  65052.66   1482.09
03:28:46  47748.77   1275.78
03:28:49  80423.68   2132.16
03:28:52  92320.72   2101.82
03:28:55  89759.40   2231.87
03:28:58  58207.09   1341.95
03:29:01  83965.07   3030.14
03:29:04  68656.29   2317.68
03:29:07  81245.20   1902.98
03:29:10  75363.82   2005.82
03:29:13  89028.83   1995.17
03:29:16  93207.44   2308.05
03:29:19  80036.67   1699.33
03:29:22  78189.49   2204.38
03:29:25  76012.63   1723.19
03:29:28  73957.88   1716.18
03:29:31  78295.79   1856.88
03:29:34  92497.19   1994.96
03:29:37  67516.79   1734.08
Connection to 192.168.1.102 closed.
time: 11
  Time         enp0s25      
HH:MM:SS   Kbps in  Kbps out
03:33:38   4683.91    769.20
03:33:41   3736.78    280.98
03:33:44   3707.67   1345.22
03:33:47   4441.46    745.96
03:33:50   4905.35    755.47
03:33:53   4659.01     55.65
03:33:56   4389.81   1021.13
03:33:59   4507.67   1088.30
03:34:02   5313.40    768.93
03:34:05   4815.43    210.32
03:34:08   4787.27   1623.32
03:34:11   4983.23   1149.44
03:34:14   2998.70    545.18
03:34:17   4498.88    564.18
03:34:20   4770.65     27.74
03:34:23   2670.66    550.65
03:34:26   5146.70   1315.72
03:34:29   4948.90   1377.04
03:34:32   3034.44    370.30
Connection to 192.168.1.102 closed.
time: 12
  Time         enp0s25      
HH:MM:SS   Kbps in  Kbps out
03:34:38   4309.47    577.19
03:34:41   3139.42    553.13
03:34:44   5135.17   1854.91
03:34:47   4939.50   1026.14
03:34:50   2945.50    559.03
03:34:53   4622.80    554.16
03:34:56   4855.64    585.73
03:34:59   4846.41    275.10
03:35:02   3113.82   2205.96
03:35:05   4761.60    567.92
03:35:08   4891.70    577.58
03:35:11   3102.92      8.41
03:35:14   4313.86    569.14
03:35:17   4779.91    572.54
03:35:20   3197.15   2620.29
03:35:23   4750.24    104.49
03:35:26   4203.47    561.92
03:35:29   3056.58    547.61
03:35:32   4600.17    565.44
Connection to 192.168.1.102 closed.
time: 13
  Time         enp0s25      
HH:MM:SS   Kbps in  Kbps out
03:35:39   4533.79   2241.11
03:35:42   4524.83    580.37
03:35:45   4928.26    364.85
03:35:48   4361.14    531.91
03:35:51   4572.59   2850.52
03:35:54   4580.24    837.52
03:35:57   4872.36    545.23
03:36:00   4644.59    554.21
03:36:03   4429.00    988.17
03:36:06   5072.35   2491.79
03:36:09   4870.16    543.14
03:36:12   3115.49    193.32
03:36:15   4439.33    204.84
03:36:18   4419.70    994.38
03:36:21   3406.27   1742.26
03:36:24   4683.44    202.00
03:36:27   4620.82    210.90
03:36:30   2853.85      8.91
03:36:33   4061.06    203.92
Connection to 192.168.1.102 closed.
time: 14
  Time         enp0s25      
HH:MM:SS   Kbps in  Kbps out
03:36:38   2918.86   1714.27
03:36:41   4650.42     61.91
03:36:44   4701.93    206.93
03:36:47   4613.97    219.93
03:36:50   3027.77    172.19
03:36:53   4635.15   1551.08
03:36:56   4225.90   1227.87
03:36:59   3185.11    193.74
03:37:02   4860.99    202.45
03:37:05   4433.35     32.94
03:37:08   2549.60    181.35
03:37:11   4498.41    203.65
03:37:14   4538.62   1203.79
03:37:17   2902.01    765.07
03:37:20   4047.59    195.53
03:37:23   4961.60    129.37
03:37:26   3108.48    183.21
03:37:29   4283.49     36.85
03:37:32   4068.55    200.65
Connection to 192.168.1.102 closed.
time: 15
  Time         enp0s25      
HH:MM:SS   Kbps in  Kbps out
03:37:38   4008.64   2743.50
03:37:41   3564.17    198.73
03:37:44   4654.71    201.54
03:37:47   4377.45     50.47
03:37:50   3573.39     71.92
03:37:53   4215.03     42.21
03:37:56   5074.35   2061.31
03:37:59   4804.77     51.98
03:38:02   4492.95     25.03
03:38:05   3671.73     27.49
03:38:08   4986.97   1005.11
03:38:11   4856.65    822.67
03:38:14   2796.74      7.86
03:38:17   4103.59     52.15
03:38:20   4703.59     31.00
03:38:23   3000.08     17.64
03:38:26   4636.95    997.91
03:38:29   4222.56   2323.57
03:38:32   4134.69    331.82
Connection to 192.168.1.102 closed.
time: 16
  Time         enp0s25      
HH:MM:SS   Kbps in  Kbps out
03:38:38   4538.66    152.98
03:38:41   3982.23    809.84
03:38:44   3264.47   1607.98
03:38:47   4424.07    229.62
03:38:50   4360.30    347.81
03:38:53   2465.11    204.97
03:38:56   4375.28    149.40
03:38:59   4728.86   2208.58
03:39:02   3045.08    315.53
03:39:05   4493.56    453.85
03:39:08   4271.14    223.12
03:39:11   4165.01    283.55
03:39:14   2856.10    140.08
03:39:17   4726.29   2311.60
03:39:20   4509.20    328.47
03:39:23   2583.77    205.43
03:39:26   4646.84    343.81
03:39:29   4532.69    250.90
03:39:32   2971.23    187.33
Connection to 192.168.1.102 closed.
time: 17
  Time         enp0s25      
HH:MM:SS   Kbps in  Kbps out
03:39:38   4304.00    137.96
03:39:41   4469.98    198.51
03:39:44   4440.60     37.80
03:39:47   4003.03    419.74
03:39:50   3580.81   1899.30
03:39:53   4538.70    212.26
03:39:56   4498.58     29.25
03:39:59   4208.43    206.27
03:40:02   4780.00   2685.39
03:40:05   5318.69    492.40
03:40:08   4557.20    370.03
03:40:11   2944.37      8.94
03:40:14   4225.59    377.16
03:40:17   4620.61   1522.32
03:40:20   3060.97   2046.87
03:40:23   4804.33     30.88
03:40:26   4161.85    425.80
03:40:29   3140.31    399.68
03:40:32   4880.56   4027.98
Connection to 192.168.1.102 closed.
time: 18
  Time         enp0s25      
HH:MM:SS   Kbps in  Kbps out
03:40:38   4820.87    432.99
03:40:41   2589.04    400.27
03:40:44   4649.13   2731.87
03:40:47   4715.39     60.85
03:40:50   2875.21     10.25
03:40:53   4513.04    200.26
03:40:56   4430.68   1691.60
03:40:59   3053.83   1662.76
03:41:02   4927.08    286.20
03:41:05   4717.09     35.36
03:41:08   2667.06    185.95
03:41:11   4690.04    195.98
03:41:14   4551.99    197.02
03:41:17   3293.05    220.85
03:41:20   3608.72   1087.70
03:41:23   4470.94     28.95
03:41:26   4607.11     35.88
03:41:29   4416.29     30.55
03:41:32   3566.16     29.13
Connection to 192.168.1.102 closed.
time: 19
  Time         enp0s25      
HH:MM:SS   Kbps in  Kbps out
03:41:38   4576.40    558.64
03:41:41   4567.60    803.86
03:41:44   3813.21    276.28
03:41:47   3870.04    334.91
03:41:50   4489.12    233.94
03:41:53   6438.89   1483.45
03:41:56   2763.57    114.78
03:41:59   4467.30     35.14
03:42:02   5160.85   1359.85
03:42:05   3019.08    199.47
03:42:08   4867.83    218.51
03:42:11   4943.47    214.18
03:42:14   4899.60    513.06
03:42:17   3171.23    873.56
03:42:20   5162.70    207.88
03:42:23   5098.21    206.92
03:42:26   3554.79     12.30
03:42:29   4852.56   1370.63
03:42:32   5060.23    190.50
Connection to 192.168.1.102 closed.
time: 20
  Time         enp0s25      
HH:MM:SS   Kbps in  Kbps out
03:42:38   4931.91     42.02
03:42:41   4861.56   1759.26
03:42:44   3757.91    190.53
03:42:47   5416.12    274.46
03:42:50   5035.01     50.37
03:42:53   2176.85    794.51
03:42:56   4159.23   1046.44
03:42:59   4519.51    236.46
03:43:02   4945.41     72.60
03:43:05   4699.26    219.55
03:43:08   5105.52   1182.97
03:43:11   5254.96   1376.74
03:43:14   3891.27     12.41
03:43:17   4378.87    273.18
03:43:20   5017.62    386.82
03:43:23   4620.95   1542.87
03:43:26   5626.29     38.56
03:43:29   4921.76    391.75
03:43:32   4743.08    387.81
Connection to 192.168.1.102 closed.
time: 21
  Time         enp0s25      
HH:MM:SS   Kbps in  Kbps out
03:43:38   5094.58   1196.76
03:43:41   4763.35    391.51
03:43:44   3445.44    538.70
03:43:47   5110.32    560.66
03:43:50   5126.82    104.34
03:43:53   3230.48    497.96
03:43:56   5052.24   1713.24
03:43:59   5624.90    569.84
03:44:02   3315.90     12.41
03:44:05   4617.12    726.95
03:44:08   5057.61    733.66
03:44:11   4915.59    990.56
03:44:14   3567.13   1705.75
03:44:17   4796.14    649.84
03:44:20   5028.11    559.66
03:44:23   3264.66    720.04
03:44:26   5074.09     63.76
03:44:29   4462.30   1816.25
03:44:32   3374.60   1245.42
Connection to 192.168.1.102 closed.
time: 22
  Time         enp0s25      
HH:MM:SS   Kbps in  Kbps out
03:44:38   4990.25     39.92
03:44:41   3054.49    721.79
03:44:44   4994.37    755.76
03:44:47   4490.54   1947.15
03:44:50   4776.89    897.97
03:44:53   4484.93    859.30
03:44:56   3835.29    851.10
03:44:59   4852.50    869.23
03:45:02   4924.50   3159.40
03:45:05   4573.30    868.65
03:45:08   4862.95    864.87
03:45:11   4305.78    562.91
03:45:14   5620.23   1586.96
03:45:17   4686.44   1516.10
03:45:20   3316.70    872.63
03:45:23   4780.57    897.38
03:45:26   4819.09     78.22
03:45:29   2811.21    837.60
03:45:32   5223.76   3057.09
Connection to 192.168.1.102 closed.
time: 23
  Time         enp0s25      
HH:MM:SS   Kbps in  Kbps out
03:45:38   3400.47    199.21
03:45:41   4786.19    534.02
03:45:44   4599.24    737.98
03:45:47   4829.45   1033.89
03:45:50   3466.75   2748.46
03:45:53   5198.20     34.46
03:45:56   4805.20   1010.20
03:45:59   2956.67   1616.35
03:46:02   5491.30   3681.67
03:46:05   4876.82    597.79
03:46:08   3357.35    804.92
03:46:11   4221.23   1052.44
03:46:14   5189.99   2014.71
03:46:17   3507.83   1929.75
03:46:20   4823.27    840.19
03:46:23   4334.84    895.17
03:46:26   3511.22    942.11
03:46:29   4154.47   1853.92
03:46:32   4749.64    740.94
Connection to 192.168.1.102 closed.
time: 24
  Time         enp0s25      
HH:MM:SS   Kbps in  Kbps out
03:46:38   4626.78   2523.76
03:46:41   4982.26    711.01
03:46:44   4492.28    811.38
03:46:47   4343.74   1662.45
03:46:50   6075.56   2448.78
03:46:53   4749.14    145.05
03:46:56   2859.94    757.77
03:46:59   5084.31   2993.81
03:47:02   4555.82    510.76
03:47:05   3208.15     46.60
03:47:08   4582.29   1022.13
03:47:11   4170.29   2340.97
03:47:14   4889.72   1308.46
03:47:17   3043.84     58.30
03:47:20   4564.52    995.48
03:47:23   4419.20   1814.53
03:47:26   3135.39   1798.74
03:47:29   4693.51    232.45
03:47:32   4645.02    834.92
Connection to 192.168.1.102 closed.
time: 25
  Time         enp0s25      
HH:MM:SS   Kbps in  Kbps out
03:47:38   4818.95   2613.18
03:47:41   4470.88    602.10
03:47:44   3031.92    190.43
03:47:47   4683.54    884.08
03:47:50   3760.91   2316.85
03:47:53   3891.89   1362.29
03:47:56   4049.46    418.94
03:47:59   4594.57    877.51
03:48:02   4705.00   1965.15
03:48:05   4289.02   1065.38
03:48:08   4063.61   1083.61
03:48:11   5819.59   1055.11
03:48:14   3539.21   1584.28
03:48:17   4770.94   1087.53
03:48:20   4643.78   1075.20
03:48:23   3032.82    280.34
03:48:26   4731.23   1958.07
03:48:29   4268.46   1063.54
03:48:32   3154.28   1049.24
Connection to 192.168.1.102 closed.
time: 26
  Time         enp0s25      
HH:MM:SS   Kbps in  Kbps out
03:48:38   4576.56   1798.76
03:48:41   4493.38    930.52
03:48:44   3098.59    856.85
03:48:47   4652.36    532.19
03:48:50   4658.94   1183.90
03:48:53   2688.27   1253.11
03:48:56   4677.71    871.96
03:48:59   4748.17    583.36
03:49:02   2941.03    730.17
03:49:05   4634.19   2667.81
03:49:08   4676.72   1573.24
03:49:11   3153.48   1118.96
03:49:14   4711.90    712.16
03:49:17   4093.55   1464.67
03:49:20   3186.17   1509.16
03:49:23   4325.69   1092.66
03:49:26   4479.57    845.24
03:49:29   4736.10   2804.87
03:49:32   4609.36    257.52
Connection to 192.168.1.102 closed.
time: 27
  Time         enp0s25      
HH:MM:SS   Kbps in  Kbps out
03:49:38   5695.51   1834.61
03:49:41   3000.82   1231.42
03:49:44   4752.36    553.88
03:49:47   4489.71    902.54
03:49:50   3375.29    877.80
03:49:53   4773.15   2246.26
03:49:56   4831.29    785.86
03:49:59   2896.22   1045.59
03:50:02   5003.59   1061.04
03:50:05   4832.89    253.34
03:50:08   3303.58   1104.30
03:50:11   4548.74   3021.17
03:50:14   4947.44    750.37
03:50:17   4670.16    725.75
03:50:20   3270.88    454.59
03:50:23   4875.95    447.80
03:50:26   4810.62   1015.96
03:50:29   2836.58   1086.66
03:50:32   4962.33    716.83
Connection to 192.168.1.102 closed.
time: 28
  Time         enp0s25      
HH:MM:SS   Kbps in  Kbps out
03:50:38   3298.62     16.79
03:50:41   4153.53    708.87
03:50:44   5187.77   1584.72
03:50:47   4656.74    718.23
03:50:50   3497.14    447.03
03:50:53   4881.06    267.72
03:50:56   4421.91    719.85
03:50:59   3497.14    698.73
03:51:02   4262.87   1409.32
03:51:05   4589.95    205.96
03:51:08   4249.83    716.28
03:51:11   4641.81    615.82
03:51:14   3643.45    496.85
03:51:17   4736.92   1530.63
03:51:20   4335.44    731.71
03:51:23   4910.98    712.82
03:51:26   4688.10    454.72
03:51:29   4419.90   1580.15
03:51:32   5038.40    730.49
Connection to 192.168.1.102 closed.
time: 29
  Time         enp0s25      
HH:MM:SS   Kbps in  Kbps out
03:51:38   3168.28    317.97
03:51:41   4899.57   2790.92
03:51:44   4346.34    890.07
03:51:47   3271.28    869.44
03:51:50   4697.57    208.50
03:51:53   4588.70   1795.49
03:51:56   2874.63   1971.75
03:51:59   4899.48    894.70
03:52:02   4756.22    882.36
03:52:05   3199.52    254.43
03:52:08   4674.44   2831.93
03:52:11   4401.94    707.09
03:52:14   4752.34    716.69
03:52:17   3123.46    690.79
03:52:20   4936.31   2462.71
03:52:23   4793.73    164.22
03:52:26   2737.18    697.25
03:52:29   5128.41    727.73
03:52:32   3936.67   1145.13
Connection to 192.168.1.102 closed.
time: 30
  Time         enp0s25      
HH:MM:SS   Kbps in  Kbps out
03:52:38   3688.63    709.84
03:52:41   4127.51    721.92
03:52:44   4833.29   2594.35
03:52:47   4793.37   2616.80
03:52:50   4590.44   3714.28
03:52:53   3526.56   1763.68
03:52:56   5037.43   2329.20
03:52:59   4967.88   3279.94
03:53:02   4291.24   2383.64
03:53:05   3151.18   1921.70
03:53:08   4032.47   4209.39
03:53:11   4668.48   2563.74
03:53:14   4314.92   3583.21
03:53:17   5856.22   4379.95
03:53:20   4615.64   1466.22
03:53:23   3227.34   2246.52
03:53:26   4549.62   3622.72
03:53:29   4957.61   2226.57
03:53:32   3484.25   2755.86
Connection to 192.168.1.102 closed.
