time: 0
  Time         enp0s25      
HH:MM:SS   Kbps in  Kbps out
02:03:51   2048.04     17.37
02:03:54   1521.26     12.07
02:03:57   2323.65     29.78
02:04:00   2153.13     13.45
02:04:03   1793.96     20.55
02:04:06   1404.63    176.11
02:04:09   2060.51     15.62
02:04:12   3267.98     32.09
02:04:15   2692.65     18.85
02:04:18   3805.20     45.32
02:04:21   1785.21      4.37
02:04:24   3610.30     32.08
02:04:27   3263.97     24.14
02:04:30   3092.66     33.69
02:04:33   1885.09      7.47
02:04:36   3646.55     34.95
02:04:39   2590.16     21.89
02:04:42   1887.99     12.77
02:04:45   3341.50     27.53
Connection to 192.168.1.102 closed.
time: 1
  Time         enp0s25      
HH:MM:SS   Kbps in  Kbps out
02:04:50   1429.30     14.24
02:04:53   3168.74     28.32
02:04:56   3413.36     34.54
02:04:59   1784.29     30.05
02:05:02   2979.84     45.99
02:05:05   2717.30     18.79
02:05:08   2274.88     16.53
02:05:11   3307.63     25.27
02:05:14   5053.14     54.66
02:05:17   1685.42      8.27
02:05:20   3245.12     27.26
02:05:23   3464.38     25.73
02:05:26   2988.71     30.13
02:05:29   1873.17      9.88
02:05:32   2795.16     25.77
02:05:35   2995.11     27.88
02:05:38   1939.65     17.89
02:05:41   5207.51     50.14
02:05:44   3422.06     32.70
Connection to 192.168.1.102 closed.
time: 2
  Time         enp0s25      
HH:MM:SS   Kbps in  Kbps out
02:05:51   1811.65      9.10
02:05:54   3395.73     53.13
02:05:57   2459.25     17.36
02:06:00   2365.54     19.44
02:06:03   3462.47     34.27
02:06:06   5252.43     83.43
02:06:09   2001.34     11.73
02:06:12   3242.71     30.99
02:06:15   3528.56     35.13
02:06:18   1755.35     13.27
02:06:21   2963.63     30.07
02:06:24   3447.66     26.26
02:06:27   2002.20     17.20
02:06:30   3165.34     18.64
02:06:33   3269.96     24.56
02:06:36   3017.88     32.17
02:06:39   1776.96     11.26
02:06:42   3330.08     28.74
02:06:45   3842.04     31.08
Connection to 192.168.1.102 closed.
time: 3
  Time         enp0s25      
HH:MM:SS   Kbps in  Kbps out
02:06:50   2115.72     18.81
02:06:53   3292.98     34.57
02:06:56   3247.12     47.58
02:06:59   3286.71     50.23
02:07:02   2925.36     28.70
02:07:05   2358.61     19.15
02:07:08   3291.15     38.85
02:07:11   5341.49     42.97
02:07:14   1366.35      9.49
02:07:17   3436.26     28.97
02:07:20   3698.36     34.39
02:07:23   1798.79      7.48
02:07:26   2839.32     31.62
02:07:29   3536.80     26.19
02:07:32   3401.05     32.00
02:07:35   1730.71     11.51
02:07:38   3149.48     35.47
02:07:41   3614.31     32.28
02:07:44   1954.20     10.07
Connection to 192.168.1.102 closed.
time: 4
  Time         enp0s25      
HH:MM:SS   Kbps in  Kbps out
02:07:50   1935.10     24.13
02:07:53   2960.41     15.31
02:07:56   3125.67     24.91
02:07:59   3508.75     40.25
02:08:02   2483.77     46.72
02:08:05   3780.19     27.59
02:08:08   4022.37     35.29
02:08:11   1901.74     10.19
02:08:14   3046.95     45.22
02:08:17   3411.71     20.30
02:08:20   2159.68     10.40
02:08:23   3261.91     22.86
02:08:26   3221.63     37.21
02:08:29   3433.99     30.21
02:08:32   1929.90      8.92
02:08:35   3489.35     29.34
02:08:38   2986.92     30.61
02:08:41   1895.08      4.66
02:08:44   3811.06     25.46
Connection to 192.168.1.102 closed.
time: 5
  Time         enp0s25      
HH:MM:SS   Kbps in  Kbps out
02:08:50   1564.82     14.37
02:08:53   3498.45     30.64
02:08:56   3475.15     31.38
02:08:59   2253.99     29.81
02:09:02   2483.61     57.13
02:09:05   3246.36    203.86
02:09:08   3301.61     59.80
02:09:11  55838.17   1223.10
02:09:14  99334.68   2143.11
02:09:17  99465.65   2128.89
02:09:20  99499.07   2120.05
02:09:23  99656.83   2133.79
02:09:26  98748.77   2047.32
02:09:29  99141.61   2059.03
02:09:32  99075.14   1979.68
02:09:35  99644.78   2033.13
02:09:38  98957.47   2124.56
02:09:41  82235.05   1733.70
02:09:44  88107.75   1903.97
Connection to 192.168.1.102 closed.
time: 6
  Time         enp0s25      
HH:MM:SS   Kbps in  Kbps out
02:09:51  98327.02   2034.57
02:09:54  88580.23   1793.64
02:09:57  93635.99   1859.54
02:10:00  87098.26   1741.51
02:10:03  99177.34   2046.32
02:10:06  96927.53   2079.21
02:10:09  98393.29   2090.39
02:10:12  99028.44   2110.79
02:10:15  99174.76   2088.74
02:10:18  98880.23   2065.66
02:10:21  99127.07   2075.75
02:10:24  98532.89   2090.92
02:10:27  21826.13    441.16
02:10:30   1406.96      8.17
02:10:33   3357.07     27.59
02:10:36   3493.01     39.73
02:10:39   1773.15     11.06
02:10:42   3317.67     30.18
02:10:45   2278.79     19.86
Connection to 192.168.1.102 closed.
time: 7
  Time         enp0s25      
HH:MM:SS   Kbps in  Kbps out
02:10:51   3205.44     32.74
02:10:54   3299.93     43.34
02:10:57   2877.86     54.66
02:11:00   3355.58     37.56
02:11:03   2953.21     28.11
02:11:06   3421.95     50.05
02:11:09   3308.51     48.48
02:11:12  82386.39   1688.90
02:11:15  99409.74   2101.92
02:11:18  95541.78   2053.90
02:11:21  63779.04   1277.27
02:11:24  81625.11   1649.14
02:11:27  94008.48   1989.78
02:11:30  96475.45   2052.57
02:11:33  66117.64   1377.98
02:11:36  50052.35   1043.51
02:11:39  70997.88   1508.27
02:11:42  72658.75   1511.87
02:11:45  76016.09   1621.55
Connection to 192.168.1.102 closed.
time: 8
  Time         enp0s25      
HH:MM:SS   Kbps in  Kbps out
02:11:50  68986.24   1399.85
02:11:53  93567.97   2003.76
02:11:56  98501.57   1938.24
02:11:59  98372.27   2057.43
02:12:02  99373.99   2117.89
02:12:05  99157.16   2168.89
02:12:08  99792.22   2110.15
02:12:11  99255.06   2109.86
02:12:14  84224.75   1817.19
02:12:17  48720.66   1069.58
02:12:20  40686.76    930.53
02:12:23  47839.64   1855.27
02:12:26  26387.40    594.86
02:12:29  36772.82   1162.07
02:12:32  47502.89   1438.30
02:12:35  27775.54    566.87
02:12:38  25360.51    480.61
02:12:41   2267.32    792.29
02:12:44   3140.82     37.88
Connection to 192.168.1.102 closed.
time: 9
  Time         enp0s25      
HH:MM:SS   Kbps in  Kbps out
02:12:51   5584.05    834.46
02:12:54   1752.76     10.04
02:12:57   3395.53     42.39
02:13:00   3200.02    205.34
02:13:03   1801.54    878.96
02:13:06   3414.10    203.96
02:13:09   3328.57     37.08
02:13:12   1886.29     41.65
02:13:15   3278.86    810.19
02:13:18   3560.16     34.76
02:13:21   3360.76     31.96
02:13:24   1776.48     11.00
02:13:27   3281.53    807.77
02:13:30   3800.12     60.98
02:13:33  65674.56   1367.20
02:13:36  99434.92   2665.08
02:13:39  99569.73   2329.49
02:13:42  99234.09   2660.58
02:13:45  99333.19   2218.27
Connection to 192.168.1.102 closed.
time: 10
  Time         enp0s25      
HH:MM:SS   Kbps in  Kbps out
02:13:51  99290.56   2427.40
02:13:54  99405.13   2285.12
02:13:57  99027.23   2131.24
02:14:00  98461.15   2308.65
02:14:03  97833.96   3226.14
02:14:06  93961.75   2421.43
02:14:09  99102.12   2932.82
02:14:12  99489.89   2548.24
02:14:15  99451.54   3094.33
02:14:18  99682.18   2338.24
02:14:21  98992.99   2911.35
02:14:24  99057.37   3038.11
02:14:27  99539.67   3032.35
02:14:30  99263.40   3243.63
02:14:33  95151.23   2346.28
02:14:36  92699.77   2278.55
02:14:39  90410.51   2154.94
02:14:42   2903.43   1380.24
02:14:45   3207.36    542.14
Connection to 192.168.1.102 closed.
time: 11
  Time         enp0s25      
HH:MM:SS   Kbps in  Kbps out
02:18:38   1510.70   2065.01
02:18:41   3400.33    831.58
02:18:44   3520.69    477.76
02:18:47   1890.91    150.00
02:18:50   3096.16   3614.21
02:18:53   3799.69    851.17
02:18:56   3368.69    833.66
02:18:59   1959.37    779.20
02:19:02   3465.81   2112.52
02:19:05   3023.70    905.78
02:19:08   1819.37    933.39
02:19:11  40844.80   1145.99
02:19:14  34753.30   2846.78
02:19:17  46899.12   2795.93
02:19:20  53422.97   1475.71
02:19:23  57335.71   3191.62
02:19:26  36399.49   1217.75
02:19:29  37601.28   4441.96
02:19:32  48836.57   1964.74
Connection to 192.168.1.102 closed.
time: 12
  Time         enp0s25      
HH:MM:SS   Kbps in  Kbps out
02:19:37  35567.95   1933.50
02:19:40  48738.59   2796.99
02:19:43  69506.73   1933.48
02:19:46  98325.26   2396.43
02:19:49  93560.59   4160.12
02:19:52  98233.45   2404.83
02:19:55  92811.18   2159.40
02:19:58   3351.54    539.86
02:20:01   3371.95    999.86
02:20:04   1694.25   1396.96
02:20:07   3816.06   1727.53
02:20:10   3332.62    622.65
02:20:13   1774.32      8.43
02:20:16   3388.65    541.04
02:20:19   2873.78   1505.44
02:20:22   4008.55   2690.48
02:20:25   1859.48    527.47
02:20:28   3374.74    162.98
02:20:31   3306.17    422.91
Connection to 192.168.1.102 closed.
time: 13
  Time         enp0s25      
HH:MM:SS   Kbps in  Kbps out
02:20:37   3711.76   2124.08
02:20:40   3532.15   2058.17
02:20:43   2100.65     20.57
02:20:46   3452.16    553.31
02:20:49   3413.71    535.59
02:20:52   1856.84    607.72
02:20:55   3560.59   2025.84
02:20:58   3356.99   1925.31
02:21:01   1760.01    770.86
02:21:04   3430.89    790.43
02:21:07   3332.19    131.58
02:21:10   1647.18   1119.96
02:21:13   3447.81   3476.79
02:21:16   2487.56    635.56
02:21:19   3388.66    126.40
02:21:22   2816.73    287.03
02:21:25   3248.88    900.00
02:21:28   3279.48   4232.75
02:21:31   2827.89    117.78
Connection to 192.168.1.102 closed.
time: 14
  Time         enp0s25      
HH:MM:SS   Kbps in  Kbps out
02:21:37   3269.02    298.48
02:21:40   3338.83   2599.17
02:21:43   4322.53   1765.03
02:21:46   3034.18    186.60
02:21:49   3267.49    294.80
02:21:52   1979.49    330.87
02:21:55   3760.88   2153.10
02:21:58   2938.57   2795.80
02:22:01   1775.55    598.40
02:22:04   3382.59    504.23
02:22:07   3392.22    480.28
02:22:10   1694.60   2044.14
02:22:13   3174.62   2831.07
02:22:16   3027.99   1758.57
02:22:19   1769.77    347.26
02:22:22   3343.78    261.78
02:22:25   3428.32     96.85
02:22:28   3371.56    677.36
02:22:31   1665.21   2499.60
Connection to 192.168.1.102 closed.
time: 15
  Time         enp0s25      
HH:MM:SS   Kbps in  Kbps out
02:22:37   3449.31    217.70
02:22:40   2483.61    113.77
02:22:43   3404.18    293.47
02:22:46   3019.91   1673.97
02:22:49   1892.58   1506.25
02:22:52   3331.00    120.29
02:22:55   2736.80   2072.52
02:22:58   3198.97   2728.93
02:23:02   2321.49    352.57
02:23:05   3639.42   4284.28
02:23:08   3339.51    364.56
02:23:11   3270.05   3210.21
02:23:14   3877.51    503.32
02:23:17   3735.70    689.74
02:23:20   1915.77   2795.82
02:23:23   2934.11    286.44
02:23:26   3288.16   1112.14
02:23:29   2005.59   2430.25
02:23:32   3426.98    152.74
Connection to 192.168.1.102 closed.
time: 16
  Time         enp0s25      
HH:MM:SS   Kbps in  Kbps out
02:23:38   3492.22   2778.75
02:23:41   1736.35   1283.14
02:23:44   3528.55   3458.30
02:23:47   3052.91    672.18
02:23:50   1676.95    283.97
02:23:53   3393.70    202.43
02:23:56   2671.28   1747.70
02:23:59   3039.27   3309.85
02:24:02   3282.79    473.67
02:24:05   2743.54    524.57
02:24:08   2842.16   4589.92
02:24:11   3373.87    478.94
02:24:14   2877.29    473.49
02:24:17   5580.03   3009.05
02:24:20   1694.96    417.49
02:24:23   2873.51    802.88
02:24:26   3495.21   1805.67
02:24:29   1796.63   2830.46
02:24:32   3330.63    125.81
Connection to 192.168.1.102 closed.
time: 17
  Time         enp0s25      
HH:MM:SS   Kbps in  Kbps out
02:24:37   3283.32    705.75
02:24:40   3219.21   2400.75
02:24:43   3298.45   1457.22
02:24:46   1630.94   1506.27
02:24:49   3233.99    972.74
02:24:52   2979.71   1950.02
02:24:55   1670.38   2761.80
02:24:58   3248.89    345.93
02:25:01   3103.49    784.31
02:25:04   1399.62    939.87
02:25:07   3316.59   3763.31
02:25:10   3235.17    200.13
02:25:13   1357.65    880.90
02:25:16   3128.09    949.54
02:25:19   2637.65   2454.69
02:25:22   3143.20   2590.49
02:25:25   2315.71    265.72
02:25:28   3009.70    744.94
02:25:31   3150.15   3938.27
Connection to 192.168.1.102 closed.
time: 18
  Time         enp0s25      
HH:MM:SS   Kbps in  Kbps out
02:25:38   3343.85    990.56
02:25:41   5302.50   2734.53
02:25:44   1656.60   1239.49
02:25:47   2867.40    919.67
02:25:50   3159.34   1821.25
02:25:53   1696.34   1504.99
02:25:56   3231.13    281.08
02:25:59   3158.15    911.07
02:26:02   1306.47    890.08
02:26:05   3169.81   2618.09
02:26:08   3420.95    502.39
02:26:11   3337.70    166.31
02:26:14   1319.26    558.68
02:26:17   3443.69   2317.10
02:26:20   3347.72    333.09
02:26:23   1605.74    290.30
02:26:26   2973.26    584.72
02:26:29   3271.57   2063.06
02:26:32   1725.15    688.72
Connection to 192.168.1.102 closed.
time: 19
  Time         enp0s25      
HH:MM:SS   Kbps in  Kbps out
02:26:38   3008.70    602.53
02:26:41   1940.72    688.46
02:26:44   2751.37   2067.12
02:26:47   3172.54    226.59
02:26:50   3251.66    588.71
02:26:53   3221.83    753.25
02:26:56   2732.92    446.42
02:26:59   3188.13   1975.00
02:27:02   2884.22    750.08
02:27:05   3310.94    690.07
02:27:08   3377.63    742.23
02:27:11   2271.18    213.14
02:27:14   3394.52    513.47
02:27:17   5570.77   2359.94
02:27:20   1348.63    669.26
02:27:23   3489.57    682.97
02:27:26   3285.13    455.23
02:27:29   3216.99    265.62
02:27:32   1420.59    674.53
Connection to 192.168.1.102 closed.
time: 20
  Time         enp0s25      
HH:MM:SS   Kbps in  Kbps out
02:27:38   3349.16    698.11
02:27:41   1668.57     11.20
02:27:44   2917.35    716.75
02:27:47   3484.14    745.77
02:27:50   1591.61    672.68
02:27:53   3228.52    699.82
02:27:56   3149.26   1911.42
02:27:59   2964.52    852.32
02:28:02   2030.01    833.75
02:28:05   3201.97    826.53
02:28:08   3259.53     73.10
02:28:11   1379.08   1009.05
02:28:14   3439.16   1801.03
02:28:17   3410.09    812.48
02:28:20   1738.77    213.72
02:28:23   3331.28   1023.62
02:28:26   3139.17   1028.45
02:28:29   1716.85    944.64
02:28:32   3369.29   1623.91
Connection to 192.168.1.102 closed.
time: 21
  Time         enp0s25      
HH:MM:SS   Kbps in  Kbps out
02:28:38   1344.13    858.12
02:28:41   3385.05    878.41
02:28:44   3423.78    879.80
02:28:47   1769.08    366.74
02:28:50   3081.26   1341.11
02:28:53   2336.06    874.00
02:28:56   3251.34    891.84
02:28:59  42790.97   1131.91
02:29:02  79930.38   2561.78
02:29:05  80322.90   2498.14
02:29:08  84083.06   2745.55
02:29:11  82239.03   2143.51
02:29:14  78380.08   2172.06
02:29:17  80145.27   3172.97
02:29:20  93129.35   2471.68
02:29:23  85972.09   2400.23
02:29:26  80911.99   1901.23
02:29:29  53398.66   1796.24
02:29:32  93878.58   3386.21
Connection to 192.168.1.102 closed.
time: 22
  Time         enp0s25      
HH:MM:SS   Kbps in  Kbps out
02:29:38  78930.25   1814.58
02:29:41  74487.53   1988.40
02:29:44  78664.52   2027.91
02:29:47  63144.57   1595.63
02:29:50  32673.17   2135.96
02:29:53  32891.50   1554.35
02:29:56  29268.38   1488.64
02:29:59  26469.16    878.26
02:30:02  53818.55   1642.57
02:30:05  42598.87   1802.07
02:30:08  37807.68   3218.76
02:30:11  49259.96   1274.48
02:30:14  35836.41    901.36
02:30:17  26396.13   1427.01
02:30:20  38177.30   2733.37
02:30:23  25581.62   2327.17
02:30:26  36101.45    731.04
02:30:29  26808.33   1068.68
02:30:32  37017.80   1646.03
Connection to 192.168.1.102 closed.
time: 23
  Time         enp0s25      
HH:MM:SS   Kbps in  Kbps out
02:30:38  40119.01    979.12
02:30:41  38340.29   1139.83
02:30:44  37340.97   2853.32
02:30:47  37360.21   1127.51
02:30:50  23312.50    663.06
02:30:53  29476.34   1382.88
02:30:56  34707.89   1642.33
02:30:59  30330.32    986.01
02:31:02  36165.70   1099.31
02:31:05  33219.05   2181.79
02:31:08  36426.79    949.58
02:31:11  41980.83   1586.28
02:31:14  41806.19   1621.33
02:31:17  33822.08   1639.96
02:31:20  26448.15   1615.13
02:31:23  36003.14    973.44
02:31:26  37508.09   1282.57
02:31:29  37874.61   1316.03
02:31:32  37329.67   1890.03
Connection to 192.168.1.102 closed.
time: 24
  Time         enp0s25      
HH:MM:SS   Kbps in  Kbps out
02:31:38  37719.68   1093.51
02:31:41  25166.45    730.74
02:31:44  35570.51   2049.16
02:31:47  28553.18    761.88
02:31:50  26096.35    510.60
02:31:53  35848.62    947.55
02:31:56  22246.60    996.28
02:31:59  29686.84   1570.56
02:32:02  25197.05    517.85
02:32:05  49169.94   1127.43
02:32:08  26074.55   1880.21
02:32:11  26710.35    762.73
02:32:14  37506.32    910.21
02:32:17  38019.11   2145.87
02:32:20  33858.51   1410.78
02:32:23  40242.92   1333.96
02:32:26  37895.23   1442.22
02:32:29  24766.15    717.80
02:32:32  26239.49   2512.92
Connection to 192.168.1.102 closed.
time: 25
  Time         enp0s25      
HH:MM:SS   Kbps in  Kbps out
02:32:38  23120.33   1178.57
02:32:41  34591.89    927.15
02:32:44  42365.90   2526.68
02:32:47  51679.76   1936.66
02:32:50  39848.34   1350.85
02:32:53  37784.61    767.39
02:32:56  21980.61   1513.61
02:32:59   1782.76   1481.46
02:33:02   3506.48    578.17
02:33:05   3202.66    165.93
02:33:08   1399.59    692.73
02:33:11   3780.03   1865.71
02:33:14   3389.17    505.56
02:33:17   2882.20    232.29
02:33:20   1974.29    694.91
02:33:23   2712.46   1086.03
02:33:26   3162.92    563.25
02:33:29   2801.99    338.37
02:33:32   2485.49    875.31
Connection to 192.168.1.102 closed.
time: 26
  Time         enp0s25      
HH:MM:SS   Kbps in  Kbps out
02:38:18   3388.14    153.85
02:38:21   1737.43   1109.90
02:38:24   3189.15   1272.13
02:38:27   3378.19   2881.44
02:38:30   3484.80   1612.09
02:38:33   1722.75    151.54
02:38:36   3241.94   1120.16
02:38:39   3060.70   2451.67
02:38:42  48564.40   2892.10
02:38:45  94819.96   2368.71
02:38:48  92540.16   4586.97
02:38:51  84148.70   2857.06
02:38:54  89503.55   4692.52
02:38:57  98903.70   2197.61
02:39:00  95616.90   4427.34
02:39:03  94973.66   3095.31
02:39:06  91509.05   3690.48
02:39:09  94658.94   3934.26
02:39:12  95789.94   2712.54
Connection to 192.168.1.102 closed.
time: 27
  Time         enp0s25      
HH:MM:SS   Kbps in  Kbps out
02:39:18  82272.75   4711.00
02:39:21  90870.44   2482.22
02:39:24  95453.64   2482.57
02:39:27  85551.58   3942.22
02:39:30  88595.00   4130.84
02:39:33  99506.45   2123.84
02:39:36  91742.46   3417.72
02:39:39  89557.08   4565.10
02:39:42  97603.24   2451.27
02:39:45  94294.14   1994.75
02:39:48  58759.25   1640.29
02:39:51  51417.68   4673.17
02:39:54  51543.44   1934.94
02:39:57  47093.44    987.95
02:40:00  30221.08   1496.21
02:40:03   3705.90   3235.18
02:40:06   3513.03   1538.69
02:40:09   1720.22     15.54
02:40:12   2977.47    876.73
Connection to 192.168.1.102 closed.
time: 28
  Time         enp0s25      
HH:MM:SS   Kbps in  Kbps out
02:40:18   1758.26   2516.86
02:40:21   3442.62     35.64
02:40:24   3305.03    896.06
02:40:27   1483.08    886.78
02:40:30   2952.82   3880.09
02:40:33   2894.45    173.37
02:40:36   3072.73    746.95
02:40:39   2563.70   1722.25
02:40:42   3200.18   2920.72
02:40:45   2759.67    268.83
02:40:48   3407.78    658.67
02:40:51   3355.12   2172.05
02:40:54   3955.73   2302.66
02:40:57   1836.22     43.32
02:41:00   3286.65    683.01
02:41:03   3451.72   2468.39
02:41:06   1599.35    826.21
02:41:09   3496.63    720.49
02:41:12   3449.49     93.84
Connection to 192.168.1.102 closed.
time: 29
  Time         enp0s25      
HH:MM:SS   Kbps in  Kbps out
02:41:18   3420.55   2598.48
02:41:21   3616.36    451.49
02:41:24   1720.96    275.22
02:41:27   2999.20    729.62
02:41:30   3855.31   2195.34
02:41:33   2097.05   1055.29
02:41:36   3223.71     81.24
02:41:39   3116.27    727.53
02:41:42   3449.10    899.75
02:41:45   2010.91    650.28
02:41:48   3417.01   2584.63
02:41:51   3051.07    883.24
02:41:54   1875.50    696.63
02:41:57   3302.71    711.64
02:42:00   3346.50     45.53
02:42:03   1427.39    700.05
02:42:06   2848.15   3518.51
02:42:09   3350.56    724.15
02:42:12   3297.01     28.35
Connection to 192.168.1.102 closed.
time: 30
  Time         enp0s25      
HH:MM:SS   Kbps in  Kbps out
02:42:18   3306.70   1119.87
02:42:21   2423.64   2692.73
02:42:24   3353.75    246.36
02:42:27   3073.99    730.17
02:42:30   3385.06    736.72
02:42:33   3386.60   2850.89
02:42:36   3942.38   3158.50
02:42:39   2879.47   1692.05
02:42:42   1846.63   2686.94
02:42:45  44965.58   4041.12
02:42:48  89024.25   4993.31
02:42:51  95252.20   3926.55
02:42:54  94600.81   4222.31
02:42:57  96076.90   5007.32
02:43:00  93852.27   4995.62
02:43:03  89764.73   4799.50
02:43:06  89533.42   3609.43
02:43:09  91888.23   2586.22
02:43:12  89056.03   3666.26
Connection to 192.168.1.102 closed.
