========
num: 30 running time:30 bandwidth:100000
**time:5
pod "audio5-0" deleted
pod "audio5-1" deleted
pod "audio6-1" deleted
======Replacement======
Start replacing and Lock replace_time.input
high_level: 0.8 low_level 0.6 policy: LRU
python3 YC/iscc19/Implementation/Algo/Replacement/replacement_algo.py 3.0 0.8 0.6 LRU
python3 YC/iscc19/Implementation/Algo/Replacement/repllacement_algo.py 3.0 0.8 0.6 LRU
Before replaced_images: []
Before replaced_layer_nums: []
exist_images: []
After replaced_images: []
After replaced_layer_nums: []
Before replacement_sz: 1200000000.0
Storage usage: 0
Available size: 3000000000.0
After replacement_sz: -1800000000.0
total_size: 3000000000.0
high_level_sz: 2400000000.0
[] []
time: 0.037625789642333984

Replace time: 0
content 
======Replacement Done======
======Deploy Algo Result======
cloud apps:  ['audio10-4', 'audio12-2', 'audio3-3', 'audio5-0', 'audio5-1', 'audio5-4', 'audio6-1', 'audio6-5', 'audio7-2', 'yolo10-5', 'yolo12-4', 'yolo2-2', 'yolo3-3', 'yolo7-3']
edge apps:  []
common:  []
Edge: ['audio5', 'audio5', 'audio6', 'audio6', 'audio7']
Cloud: ['audio10', 'audio12', 'audio3', 'audio5', 'yolo10', 'yolo12', 'yolo2', 'yolo3', 'yolo7']
Exec Time:  0.0104329586029
terminal file content:  
is_terminal:  False
after IDA app:  audio5
app_image: audio5
delete app:audio5-0

s2-audio-5:Pullingfromiscc19
e92ed755c008:Pullingfslayer
b9fd7cb1ff8f:Pullingfslayer
ee690f2d57a1:Pullingfslayer
53e3366ec435:Pullingfslayer
3b2349088293:Pullingfslayer
c4bc355c4bb6:Pullingfslayer
a61b86390bd9:Pullingfslayer
c43a6895b426:Pullingfslayer
67a5938ecd4a:Pullingfslayer
2a121114ae73:Pullingfslayer
14a9b87e7a84:Pullingfslayer
760f09a8ee2e:Pullingfslayer
31b2471494b3:Pullingfslayer
720a66aa6dca:Pullingfslayer
9ebea6fd12e9:Pullingfslayer
0d598eea27e3:Pullingfslayer
d39e94ec8346:Pullingfslayer
9d6c01c161c8:Pullingfslayer
7eeea34e4686:Pullingfslayer
53e3366ec435:Waiting
3b2349088293:Waiting
c4bc355c4bb6:Waiting
a61b86390bd9:Waiting
c43a6895b426:Waiting
67a5938ecd4a:Waiting
2a121114ae73:Waiting
14a9b87e7a84:Waiting
760f09a8ee2e:Waiting
d39e94ec8346:Waiting
9d6c01c161c8:Waiting
31b2471494b3:Waiting
720a66aa6dca:Waiting
9ebea6fd12e9:Waiting
0d598eea27e3:Waiting
b9fd7cb1ff8f:VerifyingChecksum
53e3366ec435:VerifyingChecksum
53e3366ec435:Downloadcomplete
ee690f2d57a1:VerifyingChecksum
ee690f2d57a1:Downloadcomplete
c4bc355c4bb6:VerifyingChecksum
c4bc355c4bb6:Downloadcomplete
3b2349088293:VerifyingChecksum
3b2349088293:Downloadcomplete
a61b86390bd9:VerifyingChecksum
a61b86390bd9:Downloadcomplete
67a5938ecd4a:VerifyingChecksum
67a5938ecd4a:Downloadcomplete
2a121114ae73:VerifyingChecksum
2a121114ae73:Downloadcomplete
e92ed755c008:Downloadcomplete
760f09a8ee2e:VerifyingChecksum
760f09a8ee2e:Downloadcomplete
e92ed755c008:Pullcomplete
b9fd7cb1ff8f:Pullcomplete
ee690f2d57a1:Pullcomplete
53e3366ec435:Pullcomplete
3b2349088293:Pullcomplete
c4bc355c4bb6:Pullcomplete
a61b86390bd9:Pullcomplete
c43a6895b426:VerifyingChecksum
c43a6895b426:Downloadcomplete
720a66aa6dca:VerifyingChecksum
720a66aa6dca:Downloadcomplete
9ebea6fd12e9:VerifyingChecksum
9ebea6fd12e9:Downloadcomplete
0d598eea27e3:VerifyingChecksum
0d598eea27e3:Downloadcomplete
c43a6895b426:Pullcomplete
31b2471494b3:VerifyingChecksum
31b2471494b3:Downloadcomplete
67a5938ecd4a:Pullcomplete
2a121114ae73:Pullcomplete
d39e94ec8346:VerifyingChecksum
d39e94ec8346:Downloadcomplete
7eeea34e4686:VerifyingChecksum
7eeea34e4686:Downloadcomplete
9d6c01c161c8:VerifyingChecksum
9d6c01c161c8:Downloadcomplete
14a9b87e7a84:VerifyingChecksum
14a9b87e7a84:Downloadcomplete
14a9b87e7a84:Pullcomplete
760f09a8ee2e:Pullcomplete
31b2471494b3:Pullcomplete
720a66aa6dca:Pullcomplete
9ebea6fd12e9:Pullcomplete
0d598eea27e3:Pullcomplete
d39e94ec8346:Pullcomplete
9d6c01c161c8:Pullcomplete
7eeea34e4686:Pullcomplete
Digest:sha256:fb07e7fefa7398e482839606b3ef71146b2e768f69bd3fd70f996052b73bc002
Status:Downloadednewerimagefor192.168.1.100:5000/iscc19:s2-audio-5

real	2m19.252s
user	0m0.165s
sys	0m0.097s
is_download: True
fail to deploy audio5 with period 3 since audio5 has departured
Deploy: audio5
Fail to deploy app number:  audio5
no need to download (edge), time:  5
terminal file content:  
is_terminal:  False
after IDA app:  audio5
app_image: audio5
delete app:audio5-1

s2-audio-5:Pullingfromiscc19
Digest:sha256:fb07e7fefa7398e482839606b3ef71146b2e768f69bd3fd70f996052b73bc002
Status:Imageisuptodatefor192.168.1.100:5000/iscc19:s2-audio-5

real	0m0.031s
user	0m0.004s
sys	0m0.024s
is_download: False
k8s create analytic stdoutput:
b'pod/audio5-edge-1 created\n'
k8s create analytic erroutput:
Deploy: audio5-1
try deploy app number:  1
terminal file content:  
is_terminal:  False
after IDA app:  audio6
app_image: audio6
delete app:audio6-1

s2-audio-6:Pullingfromiscc19
e92ed755c008:Alreadyexists
b9fd7cb1ff8f:Alreadyexists
ee690f2d57a1:Alreadyexists
53e3366ec435:Alreadyexists
3b2349088293:Alreadyexists
c4bc355c4bb6:Alreadyexists
fba56d5b53b2:Pullingfslayer
c7a87d55b343:Pullingfslayer
5082ac5bec7f:Pullingfslayer
3aa40cb79e1c:Pullingfslayer
aeff70e58a21:Pullingfslayer
2779c4218ec6:Pullingfslayer
87a8b2502090:Pullingfslayer
f907520a2b5c:Pullingfslayer
5d82373585d6:Pullingfslayer
d74070ae6935:Pullingfslayer
44902de9371b:Pullingfslayer
6c6c9e7d4bc8:Pullingfslayer
c10f9164a095:Pullingfslayer
8dca52e0844f:Pullingfslayer
aeff70e58a21:Waiting
87a8b2502090:Waiting
f907520a2b5c:Waiting
5d82373585d6:Waiting
2779c4218ec6:Waiting
c10f9164a095:Waiting
d74070ae6935:Waiting
8dca52e0844f:Waiting
44902de9371b:Waiting
6c6c9e7d4bc8:Waiting
5082ac5bec7f:VerifyingChecksum
5082ac5bec7f:Downloadcomplete
3aa40cb79e1c:VerifyingChecksum
3aa40cb79e1c:Downloadcomplete
fba56d5b53b2:VerifyingChecksum
fba56d5b53b2:Downloadcomplete
2779c4218ec6:VerifyingChecksum
2779c4218ec6:Downloadcomplete
fba56d5b53b2:Pullcomplete
87a8b2502090:VerifyingChecksum
87a8b2502090:Downloadcomplete
c7a87d55b343:VerifyingChecksum
c7a87d55b343:Downloadcomplete
5d82373585d6:VerifyingChecksum
5d82373585d6:Downloadcomplete
d74070ae6935:VerifyingChecksum
d74070ae6935:Downloadcomplete
44902de9371b:VerifyingChecksum
44902de9371b:Downloadcomplete
c7a87d55b343:Pullcomplete
5082ac5bec7f:Pullcomplete
3aa40cb79e1c:Pullcomplete
6c6c9e7d4bc8:VerifyingChecksum
6c6c9e7d4bc8:Downloadcomplete
f907520a2b5c:VerifyingChecksum
f907520a2b5c:Downloadcomplete
c10f9164a095:VerifyingChecksum
c10f9164a095:Downloadcomplete
8dca52e0844f:VerifyingChecksum
8dca52e0844f:Downloadcomplete
aeff70e58a21:VerifyingChecksum
aeff70e58a21:Downloadcomplete
aeff70e58a21:Pullcomplete
2779c4218ec6:Pullcomplete
87a8b2502090:Pullcomplete
f907520a2b5c:Pullcomplete
5d82373585d6:Pullcomplete
d74070ae6935:Pullcomplete
44902de9371b:Pullcomplete
6c6c9e7d4bc8:Pullcomplete
c10f9164a095:Pullcomplete
8dca52e0844f:Pullcomplete
Digest:sha256:222f8b6e860b2a3d37f1f1ceabf2af7015ae22c01fab13d84c012aa5664f03df
Status:Downloadednewerimagefor192.168.1.100:5000/iscc19:s2-audio-6

real	2m0.650s
user	0m0.174s
sys	0m0.108s
is_download: True
k8s create analytic stdoutput:
b'pod/audio6-edge-1 created\n'
k8s create analytic erroutput:
Deploy: audio6-1
try deploy app number:  1
terminal file content:  
is_terminal:  False
after IDA app:  audio6
app_image: audio6
delete app:audio6-5

s2-audio-6:Pullingfromiscc19
Digest:sha256:222f8b6e860b2a3d37f1f1ceabf2af7015ae22c01fab13d84c012aa5664f03df
Status:Imageisuptodatefor192.168.1.100:5000/iscc19:s2-audio-6

real	0m0.027s
user	0m0.008s
sys	0m0.015s
is_download: False
fail to deploy audio6 with period 3 since audio6 has departured
Deploy: audio6
Fail to deploy app number:  audio6
no need to download (edge), time:  5
terminal file content:  
is_terminal:  False
after IDA app:  audio7
app_image: audio7
delete app:audio7-2

s2-audio-7:Pullingfromiscc19
23884877105a:Pullingfslayer
bc38caa0f5b9:Pullingfslayer
2910811b6c42:Pullingfslayer
36505266dcc6:Pullingfslayer
5de771aab367:Pullingfslayer
562ec5219c22:Pullingfslayer
fc092567eded:Pullingfslayer
3d8d78c4134f:Pullingfslayer
676e879eb7ae:Pullingfslayer
7f479b4c6d75:Pullingfslayer
5ba3858bd6e5:Pullingfslayer
cab9d5a894e3:Pullingfslayer
d4dbd18d44f6:Pullingfslayer
799d6e734dc3:Pullingfslayer
2139cd2df7ea:Pullingfslayer
04d9d675b754:Pullingfslayer
108f7f6cedfd:Pullingfslayer
709e8aebbbb8:Pullingfslayer
9ef38463d747:Pullingfslayer
5de771aab367:Waiting
562ec5219c22:Waiting
fc092567eded:Waiting
3d8d78c4134f:Waiting
676e879eb7ae:Waiting
36505266dcc6:Waiting
7f479b4c6d75:Waiting
04d9d675b754:Waiting
5ba3858bd6e5:Waiting
108f7f6cedfd:Waiting
cab9d5a894e3:Waiting
709e8aebbbb8:Waiting
9ef38463d747:Waiting
d4dbd18d44f6:Waiting
2139cd2df7ea:Waiting
799d6e734dc3:Waiting
bc38caa0f5b9:Downloadcomplete
2910811b6c42:VerifyingChecksum
2910811b6c42:Downloadcomplete
36505266dcc6:VerifyingChecksum
36505266dcc6:Downloadcomplete
562ec5219c22:VerifyingChecksum
562ec5219c22:Downloadcomplete
fc092567eded:VerifyingChecksum
fc092567eded:Downloadcomplete
5de771aab367:VerifyingChecksum
5de771aab367:Downloadcomplete
23884877105a:VerifyingChecksum
23884877105a:Downloadcomplete
7f479b4c6d75:VerifyingChecksum
7f479b4c6d75:Downloadcomplete
676e879eb7ae:Downloadcomplete
cab9d5a894e3:VerifyingChecksum
cab9d5a894e3:Downloadcomplete
23884877105a:Pullcomplete
bc38caa0f5b9:Pullcomplete
2910811b6c42:Pullcomplete
36505266dcc6:Pullcomplete
5de771aab367:Pullcomplete
562ec5219c22:Pullcomplete
fc092567eded:Pullcomplete
3d8d78c4134f:VerifyingChecksum
3d8d78c4134f:Downloadcomplete
799d6e734dc3:VerifyingChecksum
799d6e734dc3:Downloadcomplete
2139cd2df7ea:VerifyingChecksum
2139cd2df7ea:Downloadcomplete
04d9d675b754:VerifyingChecksum
04d9d675b754:Downloadcomplete
d4dbd18d44f6:VerifyingChecksum
d4dbd18d44f6:Downloadcomplete
3d8d78c4134f:Pullcomplete
676e879eb7ae:Pullcomplete
7f479b4c6d75:Pullcomplete
108f7f6cedfd:VerifyingChecksum
108f7f6cedfd:Downloadcomplete
9ef38463d747:VerifyingChecksum
9ef38463d747:Downloadcomplete
709e8aebbbb8:VerifyingChecksum
709e8aebbbb8:Downloadcomplete
5ba3858bd6e5:VerifyingChecksum
5ba3858bd6e5:Downloadcomplete
5ba3858bd6e5:Pullcomplete
cab9d5a894e3:Pullcomplete
d4dbd18d44f6:Pullcomplete
799d6e734dc3:Pullcomplete
2139cd2df7ea:Pullcomplete
04d9d675b754:Pullcomplete
108f7f6cedfd:Pullcomplete
709e8aebbbb8:Pullcomplete
9ef38463d747:Pullcomplete
Digest:sha256:41e06a54a5a8411cfc0c0c9166df39000df4f3728ce99711dcd6171a453ed52b
Status:Downloadednewerimagefor192.168.1.100:5000/iscc19:s2-audio-7

real	2m17.601s
user	0m0.189s
sys	0m0.102s
is_download: True
fail to deploy audio7 with period 3 since audio7 has departured
Deploy: audio7
Fail to deploy app number:  audio7
no need to download (edge), time:  5
**time:10
pod "audio5-10" deleted
pod "audio5-4" deleted
pod "audio6-10" deleted
pod "audio6-8" deleted
pod "audio7-8" deleted
pod "audio7-9" deleted
======Replacement======
Start replacing and Lock replace_time.input
high_level: 0.8 low_level 0.6 policy: LRU
python3 YC/iscc19/Implementation/Algo/Replacement/replacement_algo.py 3.0 0.8 0.6 LRU
python3 YC/iscc19/Implementation/Algo/Replacement/repllacement_algo.py 3.0 0.8 0.6 LRU
Before replaced_images: []
Before replaced_layer_nums: []
exist_images: ['192.168.1.100:5000/iscc19:s2-audio-7', '192.168.1.100:5000/iscc19:s2-audio-6', '192.168.1.100:5000/iscc19:s2-audio-5']
After replaced_images: []
After replaced_layer_nums: []
Before replacement_sz: 1200000000.0
Storage usage: 2383810019.0
Available size: 616189981.0
After replacement_sz: 583810019.0
total_size: 3000000000.0
high_level_sz: 2400000000.0
[] []
time: 0.08539175987243652

Replace time: 0
content '192.168.1.100:5000/iscc19:s2-audio-7', '192.168.1.100:5000/iscc19:s2-audio-6', '192.168.1.100:5000/iscc19:s2-audio-5'
======Replacement Done======
======Deploy Algo Result======
cloud apps:  ['audio10-4', 'audio11-8', 'audio12-2', 'audio2-11', 'audio2-6', 'audio5-10', 'audio5-4', 'audio6-10', 'audio6-8', 'audio7-8', 'audio7-9', 'audio8-9', 'yolo1-11', 'yolo10-5', 'yolo3-10', 'yolo3-3', 'yolo4-11', 'yolo5-6', 'yolo5-8', 'yolo5-9', 'yolo7-3']
edge apps:  ['audio5-edge-1']
common:  ['audio5-10', 'audio5-4']
Edge: ['audio5', 'audio5', 'audio6', 'audio6', 'audio7', 'audio7']
Cloud: ['audio10', 'audio11', 'audio12', 'audio2', 'audio8', 'yolo10', 'yolo3', 'yolo3', 'yolo5', 'yolo5', 'yolo5', 'yolo7']
Exec Time:  0.0237021446228
terminal file content:  
is_terminal:  False
after IDA app:  audio5
app_image: audio5
delete app:audio5-10

s2-audio-5:Pullingfromiscc19
Digest:sha256:fb07e7fefa7398e482839606b3ef71146b2e768f69bd3fd70f996052b73bc002
Status:Imageisuptodatefor192.168.1.100:5000/iscc19:s2-audio-5

real	0m0.028s
user	0m0.017s
sys	0m0.008s
is_download: False
k8s create analytic stdoutput:
b'pod/audio5-edge-10 created\n'
k8s create analytic erroutput:
Deploy: audio5-10
try deploy app number:  10
terminal file content:  
is_terminal:  False
after IDA app:  audio5
app_image: audio5
delete app:audio5-4

s2-audio-5:Pullingfromiscc19
Digest:sha256:fb07e7fefa7398e482839606b3ef71146b2e768f69bd3fd70f996052b73bc002
Status:Imageisuptodatefor192.168.1.100:5000/iscc19:s2-audio-5

real	0m0.345s
user	0m0.014s
sys	0m0.005s
is_download: False
fail to deploy audio5 with period 3 since audio5 has departured
Deploy: audio5
Fail to deploy app number:  audio5
no need to download (edge), time:  10
terminal file content:  
is_terminal:  False
after IDA app:  audio6
app_image: audio6
delete app:audio6-10

s2-audio-6:Pullingfromiscc19
Digest:sha256:222f8b6e860b2a3d37f1f1ceabf2af7015ae22c01fab13d84c012aa5664f03df
Status:Imageisuptodatefor192.168.1.100:5000/iscc19:s2-audio-6

real	0m0.151s
user	0m0.010s
sys	0m0.010s
is_download: False
fail to deploy audio6 with period 3 since audio6 has departured
Deploy: audio6
Fail to deploy app number:  audio6
no need to download (edge), time:  10
terminal file content:  
is_terminal:  False
after IDA app:  audio6
app_image: audio6
delete app:audio6-8

s2-audio-6:Pullingfromiscc19
Digest:sha256:222f8b6e860b2a3d37f1f1ceabf2af7015ae22c01fab13d84c012aa5664f03df
Status:Imageisuptodatefor192.168.1.100:5000/iscc19:s2-audio-6

real	0m0.038s
user	0m0.012s
sys	0m0.012s
is_download: False
fail to deploy audio6 with period 3 since audio6 has departured
Deploy: audio6
Fail to deploy app number:  audio6
no need to download (edge), time:  10
terminal file content:  
is_terminal:  False
after IDA app:  audio7
app_image: audio7
delete app:audio7-8

s2-audio-7:Pullingfromiscc19
Digest:sha256:41e06a54a5a8411cfc0c0c9166df39000df4f3728ce99711dcd6171a453ed52b
Status:Imageisuptodatefor192.168.1.100:5000/iscc19:s2-audio-7

real	0m0.032s
user	0m0.011s
sys	0m0.011s
is_download: False
k8s create analytic stdoutput:
b'pod/audio7-edge-8 created\n'
k8s create analytic erroutput:
Deploy: audio7-8
try deploy app number:  8
terminal file content:  
is_terminal:  False
after IDA app:  audio7
app_image: audio7
delete app:audio7-9

s2-audio-7:Pullingfromiscc19
Digest:sha256:41e06a54a5a8411cfc0c0c9166df39000df4f3728ce99711dcd6171a453ed52b
Status:Imageisuptodatefor192.168.1.100:5000/iscc19:s2-audio-7

real	0m0.034s
user	0m0.017s
sys	0m0.009s
is_download: False
fail to deploy audio7 with period 3 since audio7 has departured
Deploy: audio7
Fail to deploy app number:  audio7
no need to download (edge), time:  10
**time:15
pod "audio6-13" deleted
======Replacement======
Start replacing and Lock replace_time.input
high_level: 0.8 low_level 0.6 policy: LRU
python3 YC/iscc19/Implementation/Algo/Replacement/replacement_algo.py 3.0 0.8 0.6 LRU
python3 YC/iscc19/Implementation/Algo/Replacement/repllacement_algo.py 3.0 0.8 0.6 LRU
Before replaced_images: []
Before replaced_layer_nums: []
exist_images: ['192.168.1.100:5000/iscc19:s2-audio-7', '192.168.1.100:5000/iscc19:s2-audio-6', '192.168.1.100:5000/iscc19:s2-audio-5']
After replaced_images: []
After replaced_layer_nums: []
Before replacement_sz: 1200000000.0
Storage usage: 2383810019.0
Available size: 616189981.0
After replacement_sz: 583810019.0
total_size: 3000000000.0
high_level_sz: 2400000000.0
[] []
time: 0.10238456726074219

Replace time: 0
content '192.168.1.100:5000/iscc19:s2-audio-7', '192.168.1.100:5000/iscc19:s2-audio-6', '192.168.1.100:5000/iscc19:s2-audio-5'
======Replacement Done======
======Deploy Algo Result======
cloud apps:  ['audio11-8', 'audio12-15', 'audio2-11', 'audio2-6', 'audio3-15', 'audio4-13', 'audio6-13', 'yolo1-11', 'yolo1-15', 'yolo10-13', 'yolo11-12', 'yolo12-12', 'yolo3-15', 'yolo4-11', 'yolo4-15', 'yolo5-15', 'yolo5-8', 'yolo5-9', 'yolo7-15', 'yolo8-15']
edge apps:  ['audio7-edge-8']
common:  []
Edge: ['audio6']
Cloud: ['audio11', 'audio12', 'audio2', 'audio2', 'audio3', 'yolo1', 'yolo1', 'yolo10', 'yolo3', 'yolo4', 'yolo5', 'yolo5', 'yolo5', 'yolo7', 'yolo8']
Exec Time:  0.0252759456635
terminal file content:  
is_terminal:  False
after IDA app:  audio6
app_image: audio6
delete app:audio6-13

s2-audio-6:Pullingfromiscc19
Digest:sha256:222f8b6e860b2a3d37f1f1ceabf2af7015ae22c01fab13d84c012aa5664f03df
Status:Imageisuptodatefor192.168.1.100:5000/iscc19:s2-audio-6

real	0m0.028s
user	0m0.012s
sys	0m0.012s
is_download: False
k8s create analytic stdoutput:
b'pod/audio6-edge-13 created\n'
k8s create analytic erroutput:
Deploy: audio6-13
try deploy app number:  13
**time:20
pod "audio6-19" deleted
pod "audio7-19" deleted
======Replacement======
Start replacing and Lock replace_time.input
high_level: 0.8 low_level 0.6 policy: LRU
python3 YC/iscc19/Implementation/Algo/Replacement/replacement_algo.py 3.0 0.8 0.6 LRU
python3 YC/iscc19/Implementation/Algo/Replacement/repllacement_algo.py 3.0 0.8 0.6 LRU
Before replaced_images: []
Before replaced_layer_nums: []
exist_images: ['192.168.1.100:5000/iscc19:s2-audio-7', '192.168.1.100:5000/iscc19:s2-audio-6', '192.168.1.100:5000/iscc19:s2-audio-5']
After replaced_images: []
After replaced_layer_nums: []
Before replacement_sz: 1200000000.0
Storage usage: 2383810019.0
Available size: 616189981.0
After replacement_sz: 583810019.0
total_size: 3000000000.0
high_level_sz: 2400000000.0
[] []
time: 0.08051300048828125

Replace time: 0
content '192.168.1.100:5000/iscc19:s2-audio-7', '192.168.1.100:5000/iscc19:s2-audio-6', '192.168.1.100:5000/iscc19:s2-audio-5'
======Replacement Done======
======Deploy Algo Result======
cloud apps:  ['audio1-18', 'audio11-16', 'audio12-15', 'audio12-19', 'audio2-11', 'audio2-16', 'audio2-20', 'audio3-15', 'audio6-19', 'audio7-19', 'yolo1-15', 'yolo10-13', 'yolo10-19', 'yolo11-17', 'yolo11-18', 'yolo12-19', 'yolo3-15', 'yolo4-15', 'yolo4-19', 'yolo5-8', 'yolo5-9', 'yolo7-15', 'yolo8-15', 'yolo8-19', 'yolo9-18']
edge apps:  ['audio6-edge-13']
common:  ['audio6-19']
Edge: ['audio6', 'audio7']
Cloud: ['audio11', 'audio12', 'audio2', 'audio2', 'audio2', 'audio3', 'yolo10', 'yolo10', 'yolo11', 'yolo11', 'yolo12', 'yolo3', 'yolo4', 'yolo4', 'yolo8', 'yolo8', 'yolo9']
Exec Time:  0.0273330211639
terminal file content:  
is_terminal:  False
after IDA app:  audio6
app_image: audio6
delete app:audio6-19

s2-audio-6:Pullingfromiscc19
Digest:sha256:222f8b6e860b2a3d37f1f1ceabf2af7015ae22c01fab13d84c012aa5664f03df
Status:Imageisuptodatefor192.168.1.100:5000/iscc19:s2-audio-6

real	0m0.056s
user	0m0.010s
sys	0m0.015s
is_download: False
k8s create analytic stdoutput:
b'pod/audio6-edge-19 created\n'
k8s create analytic erroutput:
Deploy: audio6-19
try deploy app number:  19
terminal file content:  
is_terminal:  False
after IDA app:  audio7
app_image: audio7
delete app:audio7-19

s2-audio-7:Pullingfromiscc19
Digest:sha256:41e06a54a5a8411cfc0c0c9166df39000df4f3728ce99711dcd6171a453ed52b
Status:Imageisuptodatefor192.168.1.100:5000/iscc19:s2-audio-7

real	0m0.035s
user	0m0.010s
sys	0m0.014s
is_download: False
k8s create analytic stdoutput:
b'pod/audio7-edge-19 created\n'
k8s create analytic erroutput:
Deploy: audio7-19
try deploy app number:  19
**time:25
pod "audio6-21" deleted
======Replacement======
Start replacing and Lock replace_time.input
high_level: 0.8 low_level 0.6 policy: LRU
python3 YC/iscc19/Implementation/Algo/Replacement/replacement_algo.py 3.0 0.8 0.6 LRU
python3 YC/iscc19/Implementation/Algo/Replacement/repllacement_algo.py 3.0 0.8 0.6 LRU
Before replaced_images: []
Before replaced_layer_nums: []
exist_images: ['192.168.1.100:5000/iscc19:s2-audio-7', '192.168.1.100:5000/iscc19:s2-audio-6', '192.168.1.100:5000/iscc19:s2-audio-5']
After replaced_images: []
After replaced_layer_nums: []
Before replacement_sz: 1200000000.0
Storage usage: 2383810019.0
Available size: 616189981.0
After replacement_sz: 583810019.0
total_size: 3000000000.0
high_level_sz: 2400000000.0
[] []
time: 0.1199500560760498

Replace time: 0
content '192.168.1.100:5000/iscc19:s2-audio-7', '192.168.1.100:5000/iscc19:s2-audio-6', '192.168.1.100:5000/iscc19:s2-audio-5'
======Replacement Done======
======Deploy Algo Result======
cloud apps:  ['audio1-22', 'audio10-22', 'audio11-16', 'audio11-22', 'audio12-22', 'audio2-20', 'audio2-21', 'audio3-24', 'audio4-22', 'audio6-21', 'audio8-23', 'audio9-23', 'yolo1-23', 'yolo10-13', 'yolo10-19', 'yolo10-23', 'yolo10-25', 'yolo11-18', 'yolo12-19', 'yolo2-22', 'yolo3-22', 'yolo4-15', 'yolo4-19', 'yolo5-24', 'yolo6-23', 'yolo8-15', 'yolo8-19', 'yolo8-23', 'yolo9-22']
edge apps:  ['audio6-edge-19', 'audio7-edge-19']
common:  ['audio6-21']
Edge: ['audio6']
Cloud: ['audio1', 'audio10', 'audio11', 'audio11', 'audio2', 'audio2', 'audio3', 'audio4', 'audio8', 'audio9', 'yolo1', 'yolo10', 'yolo10', 'yolo10', 'yolo11', 'yolo12', 'yolo2', 'yolo3', 'yolo4', 'yolo5', 'yolo6', 'yolo8', 'yolo9']
Exec Time:  0.0243768692017
terminal file content:  
is_terminal:  False
after IDA app:  audio6
app_image: audio6
delete app:audio6-21

s2-audio-6:Pullingfromiscc19
Digest:sha256:222f8b6e860b2a3d37f1f1ceabf2af7015ae22c01fab13d84c012aa5664f03df
Status:Imageisuptodatefor192.168.1.100:5000/iscc19:s2-audio-6

real	0m0.028s
user	0m0.022s
sys	0m0.003s
is_download: False
k8s create analytic stdoutput:
b'pod/audio6-edge-21 created\n'
k8s create analytic erroutput:
Deploy: audio6-21
try deploy app number:  21
**time:30
pod "audio5-27" deleted
pod "audio5-28" deleted
======Replacement======
Start replacing and Lock replace_time.input
high_level: 0.8 low_level 0.6 policy: LRU
python3 YC/iscc19/Implementation/Algo/Replacement/replacement_algo.py 3.0 0.8 0.6 LRU
python3 YC/iscc19/Implementation/Algo/Replacement/repllacement_algo.py 3.0 0.8 0.6 LRU
Before replaced_images: []
Before replaced_layer_nums: []
exist_images: ['192.168.1.100:5000/iscc19:s2-audio-7', '192.168.1.100:5000/iscc19:s2-audio-6', '192.168.1.100:5000/iscc19:s2-audio-5']
After replaced_images: []
After replaced_layer_nums: []
Before replacement_sz: 1200000000.0
Storage usage: 2383810019.0
Available size: 616189981.0
After replacement_sz: 583810019.0
total_size: 3000000000.0
high_level_sz: 2400000000.0
[] []
time: 0.12284541130065918

Replace time: 0
content '192.168.1.100:5000/iscc19:s2-audio-7', '192.168.1.100:5000/iscc19:s2-audio-6', '192.168.1.100:5000/iscc19:s2-audio-5'
======Replacement Done======
======Deploy Algo Result======
cloud apps:  ['audio1-22', 'audio1-27', 'audio10-22', 'audio11-22', 'audio11-29', 'audio2-20', 'audio2-21', 'audio3-24', 'audio4-29', 'audio5-27', 'audio5-28', 'audio8-23', 'audio9-23', 'yolo1-23', 'yolo1-26', 'yolo1-28', 'yolo10-19', 'yolo10-23', 'yolo10-25', 'yolo10-26', 'yolo11-18', 'yolo12-19', 'yolo12-28', 'yolo2-22', 'yolo2-28', 'yolo3-22', 'yolo3-28', 'yolo4-19', 'yolo4-29', 'yolo5-24', 'yolo6-23', 'yolo8-23', 'yolo8-26', 'yolo9-22']
edge apps:  []
common:  []
Edge: ['audio5', 'audio5']
Cloud: ['audio4', 'audio8', 'yolo1', 'yolo1', 'yolo12', 'yolo2', 'yolo2', 'yolo3', 'yolo4', 'yolo5', 'yolo6', 'yolo8', 'yolo8']
Exec Time:  0.0226180553436
terminal file content:  
is_terminal:  False
after IDA app:  audio5
app_image: audio5
delete app:audio5-27

s2-audio-5:Pullingfromiscc19
Digest:sha256:fb07e7fefa7398e482839606b3ef71146b2e768f69bd3fd70f996052b73bc002
Status:Imageisuptodatefor192.168.1.100:5000/iscc19:s2-audio-5

real	0m0.027s
user	0m0.013s
sys	0m0.013s
is_download: False
k8s create analytic stdoutput:
b'pod/audio5-edge-27 created\n'
k8s create analytic erroutput:
Deploy: audio5-27
try deploy app number:  27
terminal file content:  
is_terminal:  False
after IDA app:  audio5
app_image: audio5
delete app:audio5-28

s2-audio-5:Pullingfromiscc19
Digest:sha256:fb07e7fefa7398e482839606b3ef71146b2e768f69bd3fd70f996052b73bc002
Status:Imageisuptodatefor192.168.1.100:5000/iscc19:s2-audio-5

real	0m0.029s
user	0m0.021s
sys	0m0.006s
is_download: False
k8s create analytic stdoutput:
b'pod/audio5-edge-28 created\n'
k8s create analytic erroutput:
Deploy: audio5-28
try deploy app number:  28
