========
num: 30 running time:30 bandwidth:100000
**time:5
pod "audio5-0" deleted
pod "audio6-3" deleted
======Replacement======
Start replacing and Lock replace_time.input
high_level: 0.8 low_level 0.6 policy: LRU
python3 YC/iscc19/Implementation/Algo/Replacement/replacement_algo.py 3.0 0.8 0.6 LRU
python3 YC/iscc19/Implementation/Algo/Replacement/repllacement_algo.py 3.0 0.8 0.6 LRU
Before replaced_images: []
Before replaced_layer_nums: []
exist_images: []
After replaced_images: []
After replaced_layer_nums: []
Before replacement_sz: 1200000000.0
Storage usage: 0
Available size: 3000000000.0
After replacement_sz: -1800000000.0
total_size: 3000000000.0
high_level_sz: 2400000000.0
[] []
time: 0.047008514404296875

Replace time: 0
content 
======Replacement Done======
======Deploy Algo Result======
cloud apps:  ['audio1-2', 'audio10-5', 'audio11-2', 'audio3-5', 'audio4-5', 'audio5-0', 'audio6-3', 'audio7-1', 'audio9-2', 'yolo1-1', 'yolo1-3', 'yolo10-0', 'yolo11-2', 'yolo12-1', 'yolo12-3', 'yolo3-1', 'yolo3-5', 'yolo4-2', 'yolo5-1', 'yolo5-2', 'yolo8-1', 'yolo8-2', 'yolo9-2']
edge apps:  []
common:  []
Edge: ['audio5', 'audio6', 'audio7']
Cloud: ['audio10', 'audio11', 'audio3', 'audio4', 'audio9', 'yolo1', 'yolo1', 'yolo10', 'yolo12', 'yolo12', 'yolo3', 'yolo3', 'yolo5', 'yolo5', 'yolo8', 'yolo8']
Exec Time:  0.0123209953308
terminal file content:  
is_terminal:  False
after IDA app:  audio5
app_image: audio5
delete app:audio5-0

s2-audio-5:Pullingfromiscc19
e92ed755c008:Pullingfslayer
b9fd7cb1ff8f:Pullingfslayer
ee690f2d57a1:Pullingfslayer
53e3366ec435:Pullingfslayer
3b2349088293:Pullingfslayer
c4bc355c4bb6:Pullingfslayer
a61b86390bd9:Pullingfslayer
c43a6895b426:Pullingfslayer
67a5938ecd4a:Pullingfslayer
2a121114ae73:Pullingfslayer
14a9b87e7a84:Pullingfslayer
760f09a8ee2e:Pullingfslayer
31b2471494b3:Pullingfslayer
720a66aa6dca:Pullingfslayer
9ebea6fd12e9:Pullingfslayer
0d598eea27e3:Pullingfslayer
d39e94ec8346:Pullingfslayer
9d6c01c161c8:Pullingfslayer
7eeea34e4686:Pullingfslayer
14a9b87e7a84:Waiting
c4bc355c4bb6:Waiting
a61b86390bd9:Waiting
760f09a8ee2e:Waiting
31b2471494b3:Waiting
c43a6895b426:Waiting
720a66aa6dca:Waiting
67a5938ecd4a:Waiting
53e3366ec435:Waiting
9ebea6fd12e9:Waiting
3b2349088293:Waiting
0d598eea27e3:Waiting
2a121114ae73:Waiting
d39e94ec8346:Waiting
9d6c01c161c8:Waiting
7eeea34e4686:Waiting
b9fd7cb1ff8f:Downloadcomplete
ee690f2d57a1:Downloadcomplete
53e3366ec435:Downloadcomplete
c4bc355c4bb6:VerifyingChecksum
c4bc355c4bb6:Downloadcomplete
a61b86390bd9:VerifyingChecksum
a61b86390bd9:Downloadcomplete
3b2349088293:VerifyingChecksum
3b2349088293:Downloadcomplete
67a5938ecd4a:VerifyingChecksum
67a5938ecd4a:Downloadcomplete
2a121114ae73:VerifyingChecksum
2a121114ae73:Downloadcomplete
e92ed755c008:VerifyingChecksum
e92ed755c008:Downloadcomplete
760f09a8ee2e:VerifyingChecksum
760f09a8ee2e:Downloadcomplete
e92ed755c008:Pullcomplete
b9fd7cb1ff8f:Pullcomplete
ee690f2d57a1:Pullcomplete
53e3366ec435:Pullcomplete
3b2349088293:Pullcomplete
c4bc355c4bb6:Pullcomplete
a61b86390bd9:Pullcomplete
c43a6895b426:VerifyingChecksum
c43a6895b426:Downloadcomplete
720a66aa6dca:VerifyingChecksum
720a66aa6dca:Downloadcomplete
9ebea6fd12e9:Downloadcomplete
0d598eea27e3:VerifyingChecksum
0d598eea27e3:Downloadcomplete
c43a6895b426:Pullcomplete
67a5938ecd4a:Pullcomplete
2a121114ae73:Pullcomplete
31b2471494b3:VerifyingChecksum
31b2471494b3:Downloadcomplete
d39e94ec8346:VerifyingChecksum
d39e94ec8346:Downloadcomplete
7eeea34e4686:Downloadcomplete
9d6c01c161c8:VerifyingChecksum
9d6c01c161c8:Downloadcomplete
14a9b87e7a84:VerifyingChecksum
14a9b87e7a84:Downloadcomplete
14a9b87e7a84:Pullcomplete
760f09a8ee2e:Pullcomplete
31b2471494b3:Pullcomplete
720a66aa6dca:Pullcomplete
9ebea6fd12e9:Pullcomplete
0d598eea27e3:Pullcomplete
d39e94ec8346:Pullcomplete
9d6c01c161c8:Pullcomplete
7eeea34e4686:Pullcomplete
Digest:sha256:fb07e7fefa7398e482839606b3ef71146b2e768f69bd3fd70f996052b73bc002
Status:Downloadednewerimagefor192.168.1.100:5000/iscc19:s2-audio-5

real	2m19.644s
user	0m0.173s
sys	0m0.083s
is_download: True
k8s create analytic stdoutput:
b'pod/audio5-edge-0 created\n'
k8s create analytic erroutput:
Deploy: audio5-0
try deploy app number:  0
terminal file content:  
is_terminal:  False
after IDA app:  audio6
app_image: audio6
delete app:audio6-3

s2-audio-6:Pullingfromiscc19
e92ed755c008:Alreadyexists
b9fd7cb1ff8f:Alreadyexists
ee690f2d57a1:Alreadyexists
53e3366ec435:Alreadyexists
3b2349088293:Alreadyexists
c4bc355c4bb6:Alreadyexists
fba56d5b53b2:Pullingfslayer
c7a87d55b343:Pullingfslayer
5082ac5bec7f:Pullingfslayer
3aa40cb79e1c:Pullingfslayer
aeff70e58a21:Pullingfslayer
2779c4218ec6:Pullingfslayer
87a8b2502090:Pullingfslayer
f907520a2b5c:Pullingfslayer
5d82373585d6:Pullingfslayer
d74070ae6935:Pullingfslayer
44902de9371b:Pullingfslayer
6c6c9e7d4bc8:Pullingfslayer
c10f9164a095:Pullingfslayer
8dca52e0844f:Pullingfslayer
3aa40cb79e1c:Waiting
aeff70e58a21:Waiting
44902de9371b:Waiting
2779c4218ec6:Waiting
87a8b2502090:Waiting
6c6c9e7d4bc8:Waiting
f907520a2b5c:Waiting
c10f9164a095:Waiting
5d82373585d6:Waiting
8dca52e0844f:Waiting
d74070ae6935:Waiting
5082ac5bec7f:Downloadcomplete
3aa40cb79e1c:VerifyingChecksum
3aa40cb79e1c:Downloadcomplete
fba56d5b53b2:VerifyingChecksum
fba56d5b53b2:Downloadcomplete
2779c4218ec6:VerifyingChecksum
2779c4218ec6:Downloadcomplete
fba56d5b53b2:Pullcomplete
87a8b2502090:VerifyingChecksum
87a8b2502090:Downloadcomplete
c7a87d55b343:VerifyingChecksum
c7a87d55b343:Downloadcomplete
5d82373585d6:VerifyingChecksum
5d82373585d6:Downloadcomplete
d74070ae6935:Downloadcomplete
44902de9371b:VerifyingChecksum
44902de9371b:Downloadcomplete
c7a87d55b343:Pullcomplete
5082ac5bec7f:Pullcomplete
3aa40cb79e1c:Pullcomplete
6c6c9e7d4bc8:VerifyingChecksum
6c6c9e7d4bc8:Downloadcomplete
f907520a2b5c:VerifyingChecksum
f907520a2b5c:Downloadcomplete
8dca52e0844f:VerifyingChecksum
8dca52e0844f:Downloadcomplete
c10f9164a095:VerifyingChecksum
c10f9164a095:Downloadcomplete
aeff70e58a21:VerifyingChecksum
aeff70e58a21:Downloadcomplete
aeff70e58a21:Pullcomplete
2779c4218ec6:Pullcomplete
87a8b2502090:Pullcomplete
f907520a2b5c:Pullcomplete
5d82373585d6:Pullcomplete
d74070ae6935:Pullcomplete
44902de9371b:Pullcomplete
6c6c9e7d4bc8:Pullcomplete
c10f9164a095:Pullcomplete
8dca52e0844f:Pullcomplete
Digest:sha256:222f8b6e860b2a3d37f1f1ceabf2af7015ae22c01fab13d84c012aa5664f03df
Status:Downloadednewerimagefor192.168.1.100:5000/iscc19:s2-audio-6

real	2m21.903s
user	0m0.194s
sys	0m0.063s
is_download: True
k8s create analytic stdoutput:
b'pod/audio6-edge-3 created\n'
k8s create analytic erroutput:
Deploy: audio6-3
try deploy app number:  3
terminal file content:  
is_terminal:  False
after IDA app:  audio7
app_image: audio7
delete app:audio7-1

s2-audio-7:Pullingfromiscc19
23884877105a:Pullingfslayer
bc38caa0f5b9:Pullingfslayer
2910811b6c42:Pullingfslayer
36505266dcc6:Pullingfslayer
5de771aab367:Pullingfslayer
562ec5219c22:Pullingfslayer
fc092567eded:Pullingfslayer
3d8d78c4134f:Pullingfslayer
676e879eb7ae:Pullingfslayer
7f479b4c6d75:Pullingfslayer
5ba3858bd6e5:Pullingfslayer
cab9d5a894e3:Pullingfslayer
d4dbd18d44f6:Pullingfslayer
799d6e734dc3:Pullingfslayer
2139cd2df7ea:Pullingfslayer
04d9d675b754:Pullingfslayer
108f7f6cedfd:Pullingfslayer
709e8aebbbb8:Pullingfslayer
9ef38463d747:Pullingfslayer
5de771aab367:Waiting
36505266dcc6:Waiting
562ec5219c22:Waiting
d4dbd18d44f6:Waiting
799d6e734dc3:Waiting
fc092567eded:Waiting
2139cd2df7ea:Waiting
3d8d78c4134f:Waiting
5ba3858bd6e5:Waiting
04d9d675b754:Waiting
cab9d5a894e3:Waiting
108f7f6cedfd:Waiting
676e879eb7ae:Waiting
7f479b4c6d75:Waiting
709e8aebbbb8:Waiting
bc38caa0f5b9:VerifyingChecksum
bc38caa0f5b9:Downloadcomplete
36505266dcc6:VerifyingChecksum
36505266dcc6:Downloadcomplete
2910811b6c42:VerifyingChecksum
2910811b6c42:Downloadcomplete
562ec5219c22:VerifyingChecksum
562ec5219c22:Downloadcomplete
fc092567eded:VerifyingChecksum
fc092567eded:Downloadcomplete
5de771aab367:VerifyingChecksum
5de771aab367:Downloadcomplete
676e879eb7ae:VerifyingChecksum
676e879eb7ae:Downloadcomplete
7f479b4c6d75:VerifyingChecksum
7f479b4c6d75:Downloadcomplete
23884877105a:VerifyingChecksum
23884877105a:Downloadcomplete
cab9d5a894e3:VerifyingChecksum
cab9d5a894e3:Downloadcomplete
23884877105a:Pullcomplete
bc38caa0f5b9:Pullcomplete
2910811b6c42:Pullcomplete
36505266dcc6:Pullcomplete
5de771aab367:Pullcomplete
562ec5219c22:Pullcomplete
fc092567eded:Pullcomplete
3d8d78c4134f:VerifyingChecksum
3d8d78c4134f:Downloadcomplete
799d6e734dc3:VerifyingChecksum
799d6e734dc3:Downloadcomplete
2139cd2df7ea:Downloadcomplete
04d9d675b754:VerifyingChecksum
04d9d675b754:Downloadcomplete
3d8d78c4134f:Pullcomplete
676e879eb7ae:Pullcomplete
7f479b4c6d75:Pullcomplete
108f7f6cedfd:VerifyingChecksum
108f7f6cedfd:Downloadcomplete
d4dbd18d44f6:VerifyingChecksum
d4dbd18d44f6:Downloadcomplete
9ef38463d747:Downloadcomplete
5ba3858bd6e5:Downloadcomplete
709e8aebbbb8:VerifyingChecksum
709e8aebbbb8:Downloadcomplete
5ba3858bd6e5:Pullcomplete
cab9d5a894e3:Pullcomplete
d4dbd18d44f6:Pullcomplete
799d6e734dc3:Pullcomplete
2139cd2df7ea:Pullcomplete
04d9d675b754:Pullcomplete
108f7f6cedfd:Pullcomplete
709e8aebbbb8:Pullcomplete
9ef38463d747:Pullcomplete
Digest:sha256:41e06a54a5a8411cfc0c0c9166df39000df4f3728ce99711dcd6171a453ed52b
Status:Downloadednewerimagefor192.168.1.100:5000/iscc19:s2-audio-7

real	2m10.723s
user	0m0.234s
sys	0m0.063s
is_download: True
fail to deploy audio7 with period 3 since audio7 has departured
Deploy: audio7
Fail to deploy app number:  audio7
no need to download (edge), time:  5
**time:10
======Replacement======
Start replacing and Lock replace_time.input
high_level: 0.8 low_level 0.6 policy: LRU
python3 YC/iscc19/Implementation/Algo/Replacement/replacement_algo.py 3.0 0.8 0.6 LRU
python3 YC/iscc19/Implementation/Algo/Replacement/repllacement_algo.py 3.0 0.8 0.6 LRU
Before replaced_images: []
Before replaced_layer_nums: []
exist_images: ['192.168.1.100:5000/iscc19:s2-audio-7', '192.168.1.100:5000/iscc19:s2-audio-6', '192.168.1.100:5000/iscc19:s2-audio-5']
After replaced_images: []
After replaced_layer_nums: []
Before replacement_sz: 1200000000.0
Storage usage: 2383810019.0
Available size: 616189981.0
After replacement_sz: 583810019.0
total_size: 3000000000.0
high_level_sz: 2400000000.0
[] []
time: 0.2738618850708008

Replace time: 0
content '192.168.1.100:5000/iscc19:s2-audio-7', '192.168.1.100:5000/iscc19:s2-audio-6', '192.168.1.100:5000/iscc19:s2-audio-5'
======Replacement Done======
======Deploy Algo Result======
cloud apps:  ['audio10-5', 'audio10-9', 'audio11-2', 'audio11-9', 'audio2-9', 'audio3-10', 'audio4-5', 'audio8-7', 'yolo10-10', 'yolo12-1', 'yolo12-3', 'yolo3-1', 'yolo3-10', 'yolo7-7', 'yolo8-9', 'yolo9-10']
edge apps:  ['audio5-edge-0', 'audio6-edge-3']
common:  []
Edge: ['']
Cloud: ['audio10', 'audio10', 'audio11', 'audio11', 'audio2', 'audio3', 'audio4', 'audio8', 'yolo10', 'yolo12', 'yolo12', 'yolo3', 'yolo3', 'yolo7', 'yolo8', 'yolo9']
Exec Time:  0.0474920272827
terminal file content:  
is_terminal:  False
after IDA app:  
continue app:  
**time:15
pod "audio5-11" deleted
======Replacement======
Start replacing and Lock replace_time.input
high_level: 0.8 low_level 0.6 policy: LRU
python3 YC/iscc19/Implementation/Algo/Replacement/replacement_algo.py 3.0 0.8 0.6 LRU
python3 YC/iscc19/Implementation/Algo/Replacement/repllacement_algo.py 3.0 0.8 0.6 LRU
Before replaced_images: []
Before replaced_layer_nums: []
exist_images: ['192.168.1.100:5000/iscc19:s2-audio-7', '192.168.1.100:5000/iscc19:s2-audio-6', '192.168.1.100:5000/iscc19:s2-audio-5']
After replaced_images: []
After replaced_layer_nums: []
Before replacement_sz: 1200000000.0
Storage usage: 2383810019.0
Available size: 616189981.0
After replacement_sz: 583810019.0
total_size: 3000000000.0
high_level_sz: 2400000000.0
[] []
time: 0.10439825057983398

Replace time: 0
content '192.168.1.100:5000/iscc19:s2-audio-7', '192.168.1.100:5000/iscc19:s2-audio-6', '192.168.1.100:5000/iscc19:s2-audio-5'
======Replacement Done======
======Deploy Algo Result======
cloud apps:  ['audio10-15', 'audio10-5', 'audio10-9', 'audio11-9', 'audio12-11', 'audio12-13', 'audio3-10', 'audio4-5', 'audio5-11', 'audio5-14', 'audio7-13', 'audio8-12', 'yolo1-14', 'yolo10-10', 'yolo10-13', 'yolo3-10', 'yolo5-11', 'yolo5-15', 'yolo8-15', 'yolo9-10']
edge apps:  []
common:  []
Edge: ['audio5']
Cloud: ['audio10', 'audio12', 'audio12', 'audio3', 'audio8', 'yolo1', 'yolo10', 'yolo10', 'yolo5', 'yolo5', 'yolo8', 'yolo9']
Exec Time:  0.0241389274597
terminal file content:  
is_terminal:  False
after IDA app:  audio5
app_image: audio5
delete app:audio5-11

s2-audio-5:Pullingfromiscc19
Digest:sha256:fb07e7fefa7398e482839606b3ef71146b2e768f69bd3fd70f996052b73bc002
Status:Imageisuptodatefor192.168.1.100:5000/iscc19:s2-audio-5

real	0m0.542s
user	0m0.020s
sys	0m0.001s
is_download: False
fail to deploy audio5 with period 3 since audio5 has departured
Deploy: audio5
Fail to deploy app number:  audio5
no need to download (edge), time:  15
**time:20
pod "audio7-19" deleted
pod "yolo5-11" deleted
pod "yolo5-15" deleted
======Replacement======
Start replacing and Lock replace_time.input
high_level: 0.8 low_level 0.6 policy: LRU
Before replaced_images: []
Before replaced_layer_nums: []
exist_images: ['192.168.1.100:5000/iscc19:s2-audio-7', '192.168.1.100:5000/iscc19:s2-audio-6', '192.168.1.100:5000/iscc19:s2-audio-5']
After replaced_images: []
After replaced_layer_nums: []
Before replacement_sz: 1200000000.0
Storage usage: 2383810019.0
Available size: 616189981.0
After replacement_sz: 583810019.0
total_size: 3000000000.0
high_level_sz: 2400000000.0
[] []
time: 0.12465906143188477

Replace time: 0
content '192.168.1.100:5000/iscc19:s2-audio-7', '192.168.1.100:5000/iscc19:s2-audio-6', '192.168.1.100:5000/iscc19:s2-audio-5'
======Replacement Done======
======Deploy Algo Result======
cloud apps:  ['audio1-19', 'audio10-19', 'audio12-16', 'audio2-18', 'audio3-20', 'audio7-19', 'audio8-16', 'audio9-18', 'yolo1-14', 'yolo10-19', 'yolo12-17', 'yolo2-16', 'yolo3-20', 'yolo4-20', 'yolo5-11', 'yolo5-15', 'yolo5-17', 'yolo7-16', 'yolo8-19', 'yolo9-19']
edge apps:  []
common:  []
Edge: ['audio7', 'yolo5', 'yolo5']
Cloud: ['audio1', 'audio10', 'audio12', 'audio2', 'audio3', 'audio8', 'audio9', 'yolo1', 'yolo10', 'yolo12', 'yolo2', 'yolo3', 'yolo4', 'yolo7', 'yolo8', 'yolo9']
Exec Time:  0.02410197258
terminal file content:  
is_terminal:  False
after IDA app:  audio7
app_image: audio7
delete app:audio7-19

s2-audio-7:Pullingfromiscc19
Digest:sha256:41e06a54a5a8411cfc0c0c9166df39000df4f3728ce99711dcd6171a453ed52b
Status:Imageisuptodatefor192.168.1.100:5000/iscc19:s2-audio-7

real	0m0.033s
user	0m0.023s
sys	0m0.003s
is_download: False
k8s create analytic stdoutput:
b'pod/audio7-edge-19 created\n'
k8s create analytic erroutput:
Deploy: audio7-19
try deploy app number:  19
terminal file content:  
is_terminal:  False
after IDA app:  yolo5
app_image: yolo5
delete app:yolo5-11

s2-yolo-5:Pullingfromiscc19
e92ed755c008:Alreadyexists
b9fd7cb1ff8f:Alreadyexists
ee690f2d57a1:Alreadyexists
53e3366ec435:Alreadyexists
3b2349088293:Alreadyexists
c4bc355c4bb6:Alreadyexists
a61b86390bd9:Alreadyexists
c43a6895b426:Alreadyexists
67a5938ecd4a:Alreadyexists
2a121114ae73:Alreadyexists
14a9b87e7a84:Alreadyexists
760f09a8ee2e:Alreadyexists
31b2471494b3:Alreadyexists
720a66aa6dca:Alreadyexists
a193cb1ef2f2:Pullingfslayer
eb1aacb8132b:Pullingfslayer
a193cb1ef2f2:VerifyingChecksum
a193cb1ef2f2:Downloadcomplete
a193cb1ef2f2:Pullcomplete
eb1aacb8132b:VerifyingChecksum
eb1aacb8132b:Downloadcomplete
eb1aacb8132b:Pullcomplete
Digest:sha256:17a5c0e6eef8f11816e19e4bfc05838c9f204bb65c7ae68a655ee009da979285
Status:Downloadednewerimagefor192.168.1.100:5000/iscc19:s2-yolo-5

real	0m45.789s
user	0m0.055s
sys	0m0.026s
is_download: True
k8s create analytic stdoutput:
b'pod/yolo5-edge-11 created\n'
k8s create analytic erroutput:
Deploy: yolo5-11
try deploy app number:  11
terminal file content:  
is_terminal:  False
after IDA app:  yolo5
app_image: yolo5
delete app:yolo5-15

s2-yolo-5:Pullingfromiscc19
Digest:sha256:17a5c0e6eef8f11816e19e4bfc05838c9f204bb65c7ae68a655ee009da979285
Status:Imageisuptodatefor192.168.1.100:5000/iscc19:s2-yolo-5

real	0m0.082s
user	0m0.015s
sys	0m0.006s
is_download: False
k8s create analytic stdoutput:
b'pod/yolo5-edge-15 created\n'
k8s create analytic erroutput:
Deploy: yolo5-15
try deploy app number:  15
**time:25
pod "audio5-24" deleted
pod "audio6-21" deleted
======Replacement======
Start replacing and Lock replace_time.input
high_level: 0.8 low_level 0.6 policy: LRU
python3 YC/iscc19/Implementation/Algo/Replacement/replacement_algo.py 3.0 0.8 0.6 LRU
python3 YC/iscc19/Implementation/Algo/Replacement/repllacement_algo.py 3.0 0.8 0.6 LRU
Before replaced_images: []
Before replaced_layer_nums: []
exist_images: ['192.168.1.100:5000/iscc19:s2-audio-7', '192.168.1.100:5000/iscc19:s2-audio-6', '192.168.1.100:5000/iscc19:s2-audio-5', '192.168.1.100:5000/iscc19:s2-yolo-5']
After replaced_images: []
After replaced_layer_nums: []
Before replacement_sz: 1200000000.0
Storage usage: 2702810112.0
Available size: 297189888.0
After replacement_sz: 902810112.0
total_size: 3000000000.0
high_level_sz: 2400000000.0
Before image_layers: ['192.168.1.100:5000/iscc19:s2-audio-7', '192.168.1.100:5000/iscc19:s2-audio-6', '192.168.1.100:5000/iscc19:s2-audio-5', '192.168.1.100:5000/iscc19:s2-yolo-5']
image_layers + replaced_images: ['192.168.1.100:5000/iscc19:s2-audio-7', '192.168.1.100:5000/iscc19:s2-audio-6', '192.168.1.100:5000/iscc19:s2-audio-5', '192.168.1.100:5000/iscc19:s2-yolo-5']
running_images: ['192.168.1.100:5000/iscc19:s2-audio-7']
image_layers exclude running_images: ['192.168.1.100:5000/iscc19:s2-audio-6', '192.168.1.100:5000/iscc19:s2-audio-5', '192.168.1.100:5000/iscc19:s2-yolo-5']
line in images_download.log:
192.168.1.100:5000/iscc19:s2-yolo-5,1596460139.168103,2

192.168.1.100:5000/iscc19:s2-audio-5,1596459380.5131223,1

192.168.1.100:5000/iscc19:s2-audio-6,1596459380.5131245,1

get images from download log: ['192.168.1.100:5000/iscc19:s2-yolo-5', '192.168.1.100:5000/iscc19:s2-audio-5', '192.168.1.100:5000/iscc19:s2-audio-6']
get num_access_time from download log: [2, 1, 1]
get download_time from download log: [1596460139.168103, 1596459380.5131223, 1596459380.5131245]
images: ['192.168.1.100:5000/iscc19:s2-yolo-5', '192.168.1.100:5000/iscc19:s2-audio-5', '192.168.1.100:5000/iscc19:s2-audio-6']
num_access_time: [2, 1, 1]
download_time:  [1596460139.168103, 1596459380.5131223, 1596459380.5131245]
policy: LRU
index: 1
192.168.1.100:5000/iscc19:s2-audio-5
unreplace_images_list: []
replaced_images: []
Subtract exist layer size: 25480000.0
Subtract exist layer size: 81170000.0
Subtract exist layer size: 40860000.0
Subtract exist layer size: 3882000.0
Subtract exist layer size: 96.0
images: ['192.168.1.100:5000/iscc19:s2-yolo-5', '192.168.1.100:5000/iscc19:s2-audio-6']
num_access_time: [2, 1]
download_time:  [1596460139.168103, 1596459380.5131245]
policy: LRU
index: 1
192.168.1.100:5000/iscc19:s2-audio-6
unreplace_images_list: []
replaced_images: []
Subtract exist layer size: 25370000.0
Subtract exist layer size: 89060000.0
Subtract exist layer size: 40880000.0
Subtract exist layer size: 754600.0
Subtract exist layer size: 3882000.0
Subtract exist layer size: 97.0
Subtract exist layer size: 117900000.0
Subtract exist layer size: 56960000.0
Subtract exist layer size: 300000.0
Subtract exist layer size: 287300000.0
Subtract exist layer size: 1686000.0
Subtract exist layer size: 4162000.0
Subtract exist layer size: 111700000.0
Subtract exist layer size: 40350000.0
['192.168.1.100:5000/iscc19:s2-audio-5', '192.168.1.100:5000/iscc19:s2-audio-6'] ['19', '14']
Replacing image: 192.168.1.100:5000/iscc19:s2-audio-5
Check running_images ['192.168.1.100:5000/iscc19:s2-audio-7']
"docker rm" requires at least 1 argument.
See 'docker rm --help'.

Usage:  docker rm [OPTIONS] CONTAINER [CONTAINER...] [flags]

Remove one or more containers
Stop docker engine
No screen session found.
Kill docker screen
Restart docker engine
time: 48.375357151031494
Replacing image: 192.168.1.100:5000/iscc19:s2-audio-6
Check running_images ['192.168.1.100:5000/iscc19:s2-audio-7']
"docker rm" requires at least 1 argument.
See 'docker rm --help'.

Usage:  docker rm [OPTIONS] CONTAINER [CONTAINER...] [flags]

Remove one or more containers
Stop docker engine
No screen session found.
Kill docker screen
Restart docker engine
time: 96.86618733406067
time: 98.3826789855957

Replace time: 98
content '192.168.1.100:5000/iscc19:s2-audio-7', '192.168.1.100:5000/iscc19:s2-audio-6', '192.168.1.100:5000/iscc19:s2-audio-5', '192.168.1.100:5000/iscc19:s2-yolo-5'
======Replacement Done======
======Deploy Algo Result======
cloud apps:  ['audio11-21', 'audio4-21', 'audio4-24', 'audio5-24', 'audio6-21', 'audio9-26', 'yolo1-25', 'yolo10-25', 'yolo10-26', 'yolo11-24', 'yolo2-22', 'yolo6-21', 'yolo6-23', 'yolo9-19']
edge apps:  ['audio7-edge-19']
common:  []
Edge: ['audio5', 'audio6']
Cloud: ['audio11', 'audio2', 'audio4', 'audio4', 'yolo1', 'yolo10', 'yolo11', 'yolo2', 'yolo6', 'yolo6', 'yolo8', 'yolo9']
Exec Time:  0.0203239917755
terminal file content:  
is_terminal:  False
after IDA app:  audio5
app_image: audio5
delete app:audio5-24

s2-audio-5:Pullingfromiscc19
e92ed755c008:Alreadyexists
b9fd7cb1ff8f:Alreadyexists
ee690f2d57a1:Alreadyexists
53e3366ec435:Alreadyexists
3b2349088293:Alreadyexists
c4bc355c4bb6:Alreadyexists
a61b86390bd9:Alreadyexists
c43a6895b426:Alreadyexists
67a5938ecd4a:Alreadyexists
2a121114ae73:Alreadyexists
14a9b87e7a84:Alreadyexists
760f09a8ee2e:Alreadyexists
31b2471494b3:Alreadyexists
720a66aa6dca:Alreadyexists
9ebea6fd12e9:Pullingfslayer
0d598eea27e3:Pullingfslayer
d39e94ec8346:Pullingfslayer
9d6c01c161c8:Pullingfslayer
7eeea34e4686:Pullingfslayer
9d6c01c161c8:Waiting
7eeea34e4686:Waiting
9ebea6fd12e9:VerifyingChecksum
9ebea6fd12e9:Downloadcomplete
9ebea6fd12e9:Pullcomplete
0d598eea27e3:VerifyingChecksum
0d598eea27e3:Downloadcomplete
0d598eea27e3:Pullcomplete
7eeea34e4686:VerifyingChecksum
7eeea34e4686:Downloadcomplete
d39e94ec8346:VerifyingChecksum
d39e94ec8346:Downloadcomplete
d39e94ec8346:Pullcomplete
9d6c01c161c8:VerifyingChecksum
9d6c01c161c8:Downloadcomplete
9d6c01c161c8:Pullcomplete
7eeea34e4686:Pullcomplete
Digest:sha256:fb07e7fefa7398e482839606b3ef71146b2e768f69bd3fd70f996052b73bc002
Status:Downloadednewerimagefor192.168.1.100:5000/iscc19:s2-audio-5

real	0m25.661s
user	0m0.068s
sys	0m0.006s
is_download: True
k8s create analytic stdoutput:
b'pod/audio5-edge-24 created\n'
k8s create analytic erroutput:
Deploy: audio5-24
try deploy app number:  24
terminal file content:  
is_terminal:  False
after IDA app:  audio6
app_image: audio6
delete app:audio6-21

s2-audio-6:Pullingfromiscc19
e92ed755c008:Alreadyexists
b9fd7cb1ff8f:Alreadyexists
ee690f2d57a1:Alreadyexists
53e3366ec435:Alreadyexists
3b2349088293:Alreadyexists
c4bc355c4bb6:Alreadyexists
fba56d5b53b2:Pullingfslayer
c7a87d55b343:Pullingfslayer
5082ac5bec7f:Pullingfslayer
3aa40cb79e1c:Pullingfslayer
aeff70e58a21:Pullingfslayer
2779c4218ec6:Pullingfslayer
87a8b2502090:Pullingfslayer
f907520a2b5c:Pullingfslayer
5d82373585d6:Pullingfslayer
d74070ae6935:Pullingfslayer
44902de9371b:Pullingfslayer
6c6c9e7d4bc8:Pullingfslayer
c10f9164a095:Pullingfslayer
8dca52e0844f:Pullingfslayer
3aa40cb79e1c:Waiting
d74070ae6935:Waiting
44902de9371b:Waiting
6c6c9e7d4bc8:Waiting
aeff70e58a21:Waiting
f907520a2b5c:Waiting
2779c4218ec6:Waiting
c10f9164a095:Waiting
87a8b2502090:Waiting
8dca52e0844f:Waiting
5082ac5bec7f:VerifyingChecksum
5082ac5bec7f:Downloadcomplete
3aa40cb79e1c:VerifyingChecksum
3aa40cb79e1c:Downloadcomplete
fba56d5b53b2:VerifyingChecksum
fba56d5b53b2:Downloadcomplete
2779c4218ec6:VerifyingChecksum
2779c4218ec6:Downloadcomplete
fba56d5b53b2:Pullcomplete
87a8b2502090:VerifyingChecksum
87a8b2502090:Downloadcomplete
c7a87d55b343:VerifyingChecksum
c7a87d55b343:Downloadcomplete
5d82373585d6:VerifyingChecksum
5d82373585d6:Downloadcomplete
d74070ae6935:VerifyingChecksum
d74070ae6935:Downloadcomplete
44902de9371b:VerifyingChecksum
44902de9371b:Downloadcomplete
c7a87d55b343:Pullcomplete
5082ac5bec7f:Pullcomplete
3aa40cb79e1c:Pullcomplete
6c6c9e7d4bc8:VerifyingChecksum
6c6c9e7d4bc8:Downloadcomplete
f907520a2b5c:VerifyingChecksum
f907520a2b5c:Downloadcomplete
c10f9164a095:VerifyingChecksum
c10f9164a095:Downloadcomplete
8dca52e0844f:VerifyingChecksum
8dca52e0844f:Downloadcomplete
aeff70e58a21:VerifyingChecksum
aeff70e58a21:Downloadcomplete
aeff70e58a21:Pullcomplete
2779c4218ec6:Pullcomplete
87a8b2502090:Pullcomplete
f907520a2b5c:Pullcomplete
5d82373585d6:Pullcomplete
d74070ae6935:Pullcomplete
44902de9371b:Pullcomplete
6c6c9e7d4bc8:Pullcomplete
c10f9164a095:Pullcomplete
8dca52e0844f:Pullcomplete
Digest:sha256:222f8b6e860b2a3d37f1f1ceabf2af7015ae22c01fab13d84c012aa5664f03df
Status:Downloadednewerimagefor192.168.1.100:5000/iscc19:s2-audio-6

real	2m0.997s
user	0m0.188s
sys	0m0.087s
is_download: True
k8s create analytic stdoutput:
b'pod/audio6-edge-21 created\n'
k8s create analytic erroutput:
Deploy: audio6-21
try deploy app number:  21
**time:30
pod "audio9-26" deleted
pod "audio9-29" deleted
======Replacement======
Start replacing and Lock replace_time.input
high_level: 0.8 low_level 0.6 policy: LRU
python3 YC/iscc19/Implementation/Algo/Replacement/replacement_algo.py 3.0 0.8 0.6 LRU
python3 YC/iscc19/Implementation/Algo/Replacement/repllacement_algo.py 3.0 0.8 0.6 LRU
Before replaced_images: ['192.168.1.100:5000/iscc19:s2-audio-6']
Before replaced_layer_nums: [14]
exist_images: ['192.168.1.100:5000/iscc19:s2-audio-7', '192.168.1.100:5000/iscc19:s2-audio-6', '192.168.1.100:5000/iscc19:s2-audio-5', '192.168.1.100:5000/iscc19:s2-yolo-5']
After replaced_images: []
After replaced_layer_nums: []
Before replacement_sz: 1200000000.0
Storage usage: 2702810112.0
Available size: 297189888.0
After replacement_sz: 902810112.0
total_size: 3000000000.0
high_level_sz: 2400000000.0
Before image_layers: ['192.168.1.100:5000/iscc19:s2-audio-7', '192.168.1.100:5000/iscc19:s2-audio-6', '192.168.1.100:5000/iscc19:s2-audio-5', '192.168.1.100:5000/iscc19:s2-yolo-5']
image_layers + replaced_images: ['192.168.1.100:5000/iscc19:s2-audio-7', '192.168.1.100:5000/iscc19:s2-audio-6', '192.168.1.100:5000/iscc19:s2-audio-5', '192.168.1.100:5000/iscc19:s2-yolo-5']
running_images: ['192.168.1.100:5000/iscc19:s2-audio-6', '192.168.1.100:5000/iscc19:s2-audio-5']
image_layers exclude running_images: ['192.168.1.100:5000/iscc19:s2-audio-7', '192.168.1.100:5000/iscc19:s2-yolo-5']
line in images_download.log:
192.168.1.100:5000/iscc19:s2-yolo-5,1596460139.168103,2

192.168.1.100:5000/iscc19:s2-audio-7,1596460139.1681006,2

get images from download log: ['192.168.1.100:5000/iscc19:s2-yolo-5', '192.168.1.100:5000/iscc19:s2-audio-7']
get num_access_time from download log: [2, 2]
get download_time from download log: [1596460139.168103, 1596460139.1681006]
images: ['192.168.1.100:5000/iscc19:s2-yolo-5', '192.168.1.100:5000/iscc19:s2-audio-7']
num_access_time: [2, 2]
download_time:  [1596460139.168103, 1596460139.1681006]
policy: LRU
index: 1
192.168.1.100:5000/iscc19:s2-audio-7
unreplace_images_list: ['192.168.1.100:5000/iscc19:s2-audio-6']
replaced_images: []
Subtract exist layer size: 25480000.0
Subtract exist layer size: 81160000.0
Subtract exist layer size: 40860000.0
Subtract exist layer size: 3882000.0
Subtract exist layer size: 99.0
Subtract exist layer size: 5685000.0
Subtract exist layer size: 216800000.0
Subtract exist layer size: 298100.0
Subtract exist layer size: 280400000.0
Subtract exist layer size: 1663000.0
Subtract exist layer size: 4016000.0
Subtract exist layer size: 126400000.0
Subtract exist layer size: 10540000.0
Subtract exist layer size: 1694000.0
Subtract exist layer size: 21170000.0
Subtract exist layer size: 161.0
Subtract exist layer size: 847.0
Subtract exist layer size: 35370.0
Subtract exist layer size: 26690000.0
images: ['192.168.1.100:5000/iscc19:s2-yolo-5']
num_access_time: [2]
download_time:  [1596460139.168103]
policy: LRU
index: 0
192.168.1.100:5000/iscc19:s2-yolo-5
unreplace_images_list: ['192.168.1.100:5000/iscc19:s2-audio-6']
replaced_images: []
Subtract exist layer size: 319000000.0
['192.168.1.100:5000/iscc19:s2-audio-7', '192.168.1.100:5000/iscc19:s2-yolo-5'] ['19', '1']
Replacing image: 192.168.1.100:5000/iscc19:s2-audio-7
Check running_images ['192.168.1.100:5000/iscc19:s2-audio-6', '192.168.1.100:5000/iscc19:s2-audio-5']
"docker rm" requires at least 1 argument.
See 'docker rm --help'.

Usage:  docker rm [OPTIONS] CONTAINER [CONTAINER...] [flags]

Remove one or more containers
Stop docker engine
No screen session found.
Kill docker screen
Restart docker engine
time: 48.39102482795715
Replacing image: 192.168.1.100:5000/iscc19:s2-yolo-5
Check running_images ['192.168.1.100:5000/iscc19:s2-audio-6', '192.168.1.100:5000/iscc19:s2-audio-5']
"docker rm" requires at least 1 argument.
See 'docker rm --help'.

Usage:  docker rm [OPTIONS] CONTAINER [CONTAINER...] [flags]

Remove one or more containers
Stop docker engine
No screen session found.
Kill docker screen
Restart docker engine
time: 98.37095093727112
time: 98.43141293525696

Replace time: 98
content '192.168.1.100:5000/iscc19:s2-audio-7', '192.168.1.100:5000/iscc19:s2-audio-6', '192.168.1.100:5000/iscc19:s2-audio-5', '192.168.1.100:5000/iscc19:s2-yolo-5'
======Replacement Done======
======Deploy Algo Result======
cloud apps:  ['audio4-28', 'audio9-26', 'audio9-29', 'yolo1-25', 'yolo10-25', 'yolo10-26', 'yolo10-27', 'yolo11-24', 'yolo6-21', 'yolo6-23', 'yolo7-28']
edge apps:  ['audio5-edge-24', 'audio6-edge-21']
common:  []
Edge: ['audio9', 'audio9']
Cloud: ['audio4', 'yolo1', 'yolo10', 'yolo10', 'yolo10', 'yolo11', 'yolo6', 'yolo6', 'yolo7']
Exec Time:  0.0216131210327
terminal file content:  
is_terminal:  False
after IDA app:  audio9
app_image: audio9
delete app:audio9-26

s2-audio-9:Pullingfromiscc19
e92ed755c008:Alreadyexists
b9fd7cb1ff8f:Alreadyexists
ee690f2d57a1:Alreadyexists
53e3366ec435:Alreadyexists
3b2349088293:Alreadyexists
c4bc355c4bb6:Alreadyexists
a61b86390bd9:Alreadyexists
c43a6895b426:Alreadyexists
67a5938ecd4a:Alreadyexists
2a121114ae73:Alreadyexists
bb057374f5b4:Pullingfslayer
f544a41f3e6d:Pullingfslayer
5b6312bb8974:Pullingfslayer
2dddc0d6064b:Pullingfslayer
0ce9b92c2d67:Pullingfslayer
6bb6a09f1374:Pullingfslayer
e51b652b73a4:Pullingfslayer
0c05e309b459:Pullingfslayer
0dd4f40e5c5f:Pullingfslayer
2dddc0d6064b:Waiting
0ce9b92c2d67:Waiting
e51b652b73a4:Waiting
6bb6a09f1374:Waiting
0c05e309b459:Waiting
0dd4f40e5c5f:Waiting
f544a41f3e6d:Downloadcomplete
2dddc0d6064b:VerifyingChecksum
2dddc0d6064b:Downloadcomplete
0ce9b92c2d67:VerifyingChecksum
0ce9b92c2d67:Downloadcomplete
6bb6a09f1374:VerifyingChecksum
6bb6a09f1374:Downloadcomplete
e51b652b73a4:VerifyingChecksum
e51b652b73a4:Downloadcomplete
5b6312bb8974:Downloadcomplete
0c05e309b459:VerifyingChecksum
0c05e309b459:Downloadcomplete
0dd4f40e5c5f:VerifyingChecksum
0dd4f40e5c5f:Downloadcomplete
bb057374f5b4:VerifyingChecksum
bb057374f5b4:Downloadcomplete
bb057374f5b4:Pullcomplete
f544a41f3e6d:Pullcomplete
5b6312bb8974:Pullcomplete
2dddc0d6064b:Pullcomplete
0ce9b92c2d67:Pullcomplete
6bb6a09f1374:Pullcomplete
e51b652b73a4:Pullcomplete
0c05e309b459:Pullcomplete
0dd4f40e5c5f:Pullcomplete
Digest:sha256:22e58c8930255ba2a54931c7b488329e270be6515874683436286e00a3a44b13
Status:Downloadednewerimagefor192.168.1.100:5000/iscc19:s2-audio-9

real	3m27.418s
user	0m0.198s
sys	0m0.112s
is_download: True
k8s create analytic stdoutput:
b'pod/audio9-edge-26 created\n'
k8s create analytic erroutput:
Deploy: audio9-26
try deploy app number:  26
terminal file content:  
is_terminal:  False
after IDA app:  audio9
app_image: audio9
delete app:audio9-29

s2-audio-9:Pullingfromiscc19
Digest:sha256:22e58c8930255ba2a54931c7b488329e270be6515874683436286e00a3a44b13
Status:Imageisuptodatefor192.168.1.100:5000/iscc19:s2-audio-9

real	0m0.090s
user	0m0.013s
sys	0m0.013s
is_download: False
k8s create analytic stdoutput:
b'pod/audio9-edge-29 created\n'
k8s create analytic erroutput:
Deploy: audio9-29
try deploy app number:  29
