========
num: 30 running time:30 bandwidth:100000
**time:5
pod "audio5-0" deleted
pod "audio5-1" deleted
pod "audio6-1" deleted
pod "audio7-2" deleted
======Replacement======
Start replacing and Lock replace_time.input
high_level: 0.8 low_level 0.6 policy: LRU
python3 YC/iscc19/Implementation/Algo/Replacement/replacement_algo.py 3.0 0.8 0.6 LRU
python3 YC/iscc19/Implementation/Algo/Replacement/repllacement_algo.py 3.0 0.8 0.6 LRU
Before replaced_images: []
Before replaced_layer_nums: []
exist_images: []
After replaced_images: []
After replaced_layer_nums: []
Before replacement_sz: 1200000000.0
Storage usage: 0
Available size: 3000000000.0
After replacement_sz: -1800000000.0
total_size: 3000000000.0
high_level_sz: 2400000000.0
[] []
time: 0.06317496299743652

Replace time: 0
content 
======Replacement Done======
======Deploy Algo Result======
cloud apps:  ['audio10-4', 'audio12-2', 'audio3-3', 'audio5-0', 'audio5-1', 'audio5-4', 'audio6-1', 'audio6-5', 'audio7-2', 'yolo10-5', 'yolo12-4', 'yolo2-2', 'yolo3-3', 'yolo7-3']
edge apps:  []
common:  []
Edge: ['audio5', 'audio5', 'audio6', 'audio6', 'audio7']
Cloud: ['audio10', 'audio12', 'audio3', 'audio5', 'yolo10', 'yolo12', 'yolo2', 'yolo3', 'yolo7']
Exec Time:  0.0132720470428
terminal file content:  
is_terminal:  False
after IDA app:  audio5
app_image: audio5
delete app:audio5-0

s2-audio-5:Pullingfromiscc19
e92ed755c008:Pullingfslayer
b9fd7cb1ff8f:Pullingfslayer
ee690f2d57a1:Pullingfslayer
53e3366ec435:Pullingfslayer
3b2349088293:Pullingfslayer
c4bc355c4bb6:Pullingfslayer
a61b86390bd9:Pullingfslayer
c43a6895b426:Pullingfslayer
67a5938ecd4a:Pullingfslayer
2a121114ae73:Pullingfslayer
14a9b87e7a84:Pullingfslayer
760f09a8ee2e:Pullingfslayer
31b2471494b3:Pullingfslayer
720a66aa6dca:Pullingfslayer
9ebea6fd12e9:Pullingfslayer
0d598eea27e3:Pullingfslayer
d39e94ec8346:Pullingfslayer
9d6c01c161c8:Pullingfslayer
7eeea34e4686:Pullingfslayer
14a9b87e7a84:Waiting
760f09a8ee2e:Waiting
31b2471494b3:Waiting
d39e94ec8346:Waiting
9d6c01c161c8:Waiting
7eeea34e4686:Waiting
720a66aa6dca:Waiting
9ebea6fd12e9:Waiting
0d598eea27e3:Waiting
c4bc355c4bb6:Waiting
a61b86390bd9:Waiting
c43a6895b426:Waiting
67a5938ecd4a:Waiting
2a121114ae73:Waiting
53e3366ec435:Waiting
3b2349088293:Waiting
ee690f2d57a1:Downloadcomplete
53e3366ec435:VerifyingChecksum
53e3366ec435:Downloadcomplete
b9fd7cb1ff8f:Downloadcomplete
c4bc355c4bb6:VerifyingChecksum
c4bc355c4bb6:Downloadcomplete
a61b86390bd9:VerifyingChecksum
a61b86390bd9:Downloadcomplete
3b2349088293:VerifyingChecksum
3b2349088293:Downloadcomplete
67a5938ecd4a:VerifyingChecksum
67a5938ecd4a:Downloadcomplete
2a121114ae73:VerifyingChecksum
2a121114ae73:Downloadcomplete
e92ed755c008:VerifyingChecksum
e92ed755c008:Downloadcomplete
760f09a8ee2e:VerifyingChecksum
760f09a8ee2e:Downloadcomplete
e92ed755c008:Pullcomplete
b9fd7cb1ff8f:Pullcomplete
ee690f2d57a1:Pullcomplete
53e3366ec435:Pullcomplete
3b2349088293:Pullcomplete
c4bc355c4bb6:Pullcomplete
a61b86390bd9:Pullcomplete
c43a6895b426:VerifyingChecksum
c43a6895b426:Downloadcomplete
720a66aa6dca:VerifyingChecksum
720a66aa6dca:Downloadcomplete
9ebea6fd12e9:VerifyingChecksum
9ebea6fd12e9:Downloadcomplete
0d598eea27e3:VerifyingChecksum
c43a6895b426:Pullcomplete
67a5938ecd4a:Pullcomplete
2a121114ae73:Pullcomplete
31b2471494b3:VerifyingChecksum
31b2471494b3:Downloadcomplete
d39e94ec8346:VerifyingChecksum
d39e94ec8346:Downloadcomplete
7eeea34e4686:VerifyingChecksum
7eeea34e4686:Downloadcomplete
9d6c01c161c8:VerifyingChecksum
9d6c01c161c8:Downloadcomplete
14a9b87e7a84:VerifyingChecksum
14a9b87e7a84:Downloadcomplete
14a9b87e7a84:Pullcomplete
760f09a8ee2e:Pullcomplete
31b2471494b3:Pullcomplete
720a66aa6dca:Pullcomplete
9ebea6fd12e9:Pullcomplete
0d598eea27e3:Pullcomplete
d39e94ec8346:Pullcomplete
9d6c01c161c8:Pullcomplete
7eeea34e4686:Pullcomplete
Digest:sha256:fb07e7fefa7398e482839606b3ef71146b2e768f69bd3fd70f996052b73bc002
Status:Downloadednewerimagefor192.168.1.100:5000/iscc19:s2-audio-5

real	2m13.336s
user	0m0.171s
sys	0m0.079s
is_download: True
fail to deploy audio5 with period 3 since audio5 has departured
Deploy: audio5
Fail to deploy app number:  audio5
no need to download (edge), time:  5
terminal file content:  
is_terminal:  False
after IDA app:  audio5
app_image: audio5
delete app:audio5-1

s2-audio-5:Pullingfromiscc19
Digest:sha256:fb07e7fefa7398e482839606b3ef71146b2e768f69bd3fd70f996052b73bc002
Status:Imageisuptodatefor192.168.1.100:5000/iscc19:s2-audio-5

real	0m0.030s
user	0m0.013s
sys	0m0.013s
is_download: False
k8s create analytic stdoutput:
b'pod/audio5-edge-1 created\n'
k8s create analytic erroutput:
Deploy: audio5-1
try deploy app number:  1
terminal file content:  
is_terminal:  False
after IDA app:  audio6
app_image: audio6
delete app:audio6-1

s2-audio-6:Pullingfromiscc19
e92ed755c008:Alreadyexists
b9fd7cb1ff8f:Alreadyexists
ee690f2d57a1:Alreadyexists
53e3366ec435:Alreadyexists
3b2349088293:Alreadyexists
c4bc355c4bb6:Alreadyexists
fba56d5b53b2:Pullingfslayer
c7a87d55b343:Pullingfslayer
5082ac5bec7f:Pullingfslayer
3aa40cb79e1c:Pullingfslayer
aeff70e58a21:Pullingfslayer
2779c4218ec6:Pullingfslayer
87a8b2502090:Pullingfslayer
f907520a2b5c:Pullingfslayer
5d82373585d6:Pullingfslayer
d74070ae6935:Pullingfslayer
44902de9371b:Pullingfslayer
3aa40cb79e1c:Waiting
6c6c9e7d4bc8:Pullingfslayer
c10f9164a095:Pullingfslayer
8dca52e0844f:Pullingfslayer
aeff70e58a21:Waiting
2779c4218ec6:Waiting
87a8b2502090:Waiting
f907520a2b5c:Waiting
5d82373585d6:Waiting
d74070ae6935:Waiting
44902de9371b:Waiting
6c6c9e7d4bc8:Waiting
c10f9164a095:Waiting
8dca52e0844f:Waiting
5082ac5bec7f:VerifyingChecksum
5082ac5bec7f:Downloadcomplete
3aa40cb79e1c:VerifyingChecksum
3aa40cb79e1c:Downloadcomplete
fba56d5b53b2:VerifyingChecksum
fba56d5b53b2:Downloadcomplete
2779c4218ec6:Downloadcomplete
fba56d5b53b2:Pullcomplete
c7a87d55b343:Downloadcomplete
c7a87d55b343:Pullcomplete
5082ac5bec7f:Pullcomplete
3aa40cb79e1c:Pullcomplete
87a8b2502090:VerifyingChecksum
87a8b2502090:Downloadcomplete
5d82373585d6:VerifyingChecksum
5d82373585d6:Downloadcomplete
d74070ae6935:VerifyingChecksum
d74070ae6935:Downloadcomplete
44902de9371b:VerifyingChecksum
44902de9371b:Downloadcomplete
6c6c9e7d4bc8:VerifyingChecksum
6c6c9e7d4bc8:Downloadcomplete
f907520a2b5c:VerifyingChecksum
f907520a2b5c:Downloadcomplete
aeff70e58a21:VerifyingChecksum
aeff70e58a21:Downloadcomplete
8dca52e0844f:VerifyingChecksum
8dca52e0844f:Downloadcomplete
c10f9164a095:VerifyingChecksum
c10f9164a095:Downloadcomplete
aeff70e58a21:Pullcomplete
2779c4218ec6:Pullcomplete
87a8b2502090:Pullcomplete
f907520a2b5c:Pullcomplete
5d82373585d6:Pullcomplete
d74070ae6935:Pullcomplete
44902de9371b:Pullcomplete
6c6c9e7d4bc8:Pullcomplete
c10f9164a095:Pullcomplete
8dca52e0844f:Pullcomplete
Digest:sha256:222f8b6e860b2a3d37f1f1ceabf2af7015ae22c01fab13d84c012aa5664f03df
Status:Downloadednewerimagefor192.168.1.100:5000/iscc19:s2-audio-6

real	2m0.881s
user	0m0.168s
sys	0m0.098s
is_download: True
fail to deploy audio6 with period 3 since audio6 has departured
Deploy: audio6
Fail to deploy app number:  audio6
no need to download (edge), time:  5
terminal file content:  
is_terminal:  False
after IDA app:  audio6
app_image: audio6
delete app:audio6-5

s2-audio-6:Pullingfromiscc19
Digest:sha256:222f8b6e860b2a3d37f1f1ceabf2af7015ae22c01fab13d84c012aa5664f03df
Status:Imageisuptodatefor192.168.1.100:5000/iscc19:s2-audio-6

real	0m0.031s
user	0m0.020s
sys	0m0.004s
is_download: False
fail to deploy audio6 with period 3 since audio6 has departured
Deploy: audio6
Fail to deploy app number:  audio6
no need to download (edge), time:  5
terminal file content:  
is_terminal:  False
after IDA app:  audio7
app_image: audio7
delete app:audio7-2

s2-audio-7:Pullingfromiscc19
23884877105a:Pullingfslayer
bc38caa0f5b9:Pullingfslayer
2910811b6c42:Pullingfslayer
36505266dcc6:Pullingfslayer
5de771aab367:Pullingfslayer
562ec5219c22:Pullingfslayer
fc092567eded:Pullingfslayer
3d8d78c4134f:Pullingfslayer
676e879eb7ae:Pullingfslayer
7f479b4c6d75:Pullingfslayer
5ba3858bd6e5:Pullingfslayer
cab9d5a894e3:Pullingfslayer
d4dbd18d44f6:Pullingfslayer
799d6e734dc3:Pullingfslayer
5de771aab367:Waiting
2139cd2df7ea:Pullingfslayer
04d9d675b754:Pullingfslayer
fc092567eded:Waiting
108f7f6cedfd:Pullingfslayer
562ec5219c22:Waiting
709e8aebbbb8:Pullingfslayer
9ef38463d747:Pullingfslayer
3d8d78c4134f:Waiting
676e879eb7ae:Waiting
d4dbd18d44f6:Waiting
7f479b4c6d75:Waiting
799d6e734dc3:Waiting
5ba3858bd6e5:Waiting
2139cd2df7ea:Waiting
cab9d5a894e3:Waiting
04d9d675b754:Waiting
108f7f6cedfd:Waiting
9ef38463d747:Waiting
709e8aebbbb8:Waiting
36505266dcc6:Waiting
bc38caa0f5b9:Downloadcomplete
2910811b6c42:VerifyingChecksum
2910811b6c42:Downloadcomplete
36505266dcc6:VerifyingChecksum
36505266dcc6:Downloadcomplete
562ec5219c22:VerifyingChecksum
562ec5219c22:Downloadcomplete
fc092567eded:VerifyingChecksum
fc092567eded:Downloadcomplete
5de771aab367:VerifyingChecksum
5de771aab367:Downloadcomplete
23884877105a:VerifyingChecksum
23884877105a:Downloadcomplete
676e879eb7ae:VerifyingChecksum
676e879eb7ae:Downloadcomplete
7f479b4c6d75:VerifyingChecksum
cab9d5a894e3:VerifyingChecksum
cab9d5a894e3:Downloadcomplete
23884877105a:Pullcomplete
bc38caa0f5b9:Pullcomplete
2910811b6c42:Pullcomplete
36505266dcc6:Pullcomplete
5de771aab367:Pullcomplete
562ec5219c22:Pullcomplete
fc092567eded:Pullcomplete
3d8d78c4134f:Downloadcomplete
799d6e734dc3:VerifyingChecksum
2139cd2df7ea:VerifyingChecksum
2139cd2df7ea:Downloadcomplete
04d9d675b754:VerifyingChecksum
04d9d675b754:Downloadcomplete
3d8d78c4134f:Pullcomplete
676e879eb7ae:Pullcomplete
7f479b4c6d75:Pullcomplete
108f7f6cedfd:VerifyingChecksum
108f7f6cedfd:Downloadcomplete
d4dbd18d44f6:VerifyingChecksum
d4dbd18d44f6:Downloadcomplete
709e8aebbbb8:VerifyingChecksum
709e8aebbbb8:Downloadcomplete
9ef38463d747:VerifyingChecksum
9ef38463d747:Downloadcomplete
5ba3858bd6e5:VerifyingChecksum
5ba3858bd6e5:Downloadcomplete
5ba3858bd6e5:Pullcomplete
cab9d5a894e3:Pullcomplete
d4dbd18d44f6:Pullcomplete
799d6e734dc3:Pullcomplete
2139cd2df7ea:Pullcomplete
04d9d675b754:Pullcomplete
108f7f6cedfd:Pullcomplete
709e8aebbbb8:Pullcomplete
9ef38463d747:Pullcomplete
Digest:sha256:41e06a54a5a8411cfc0c0c9166df39000df4f3728ce99711dcd6171a453ed52b
Status:Downloadednewerimagefor192.168.1.100:5000/iscc19:s2-audio-7

real	2m7.769s
user	0m0.199s
sys	0m0.117s
is_download: True
fail to deploy audio7 with period 3 since audio7 has departured
Deploy: audio7
Fail to deploy app number:  audio7
no need to download (edge), time:  5
**time:10
pod "audio5-10" deleted
pod "audio5-4" deleted
pod "audio6-10" deleted
pod "audio6-8" deleted
pod "audio7-8" deleted
pod "audio7-9" deleted
pod "yolo5-6" deleted
pod "yolo5-8" deleted
======Replacement======
Start replacing and Lock replace_time.input
high_level: 0.8 low_level 0.6 policy: LRU
python3 YC/iscc19/Implementation/Algo/Replacement/replacement_algo.py 3.0 0.8 0.6 LRU
python3 YC/iscc19/Implementation/Algo/Replacement/repllacement_algo.py 3.0 0.8 0.6 LRU
Before replaced_images: []
Before replaced_layer_nums: []
exist_images: ['192.168.1.100:5000/iscc19:s2-audio-7', '192.168.1.100:5000/iscc19:s2-audio-6', '192.168.1.100:5000/iscc19:s2-audio-5']
After replaced_images: []
After replaced_layer_nums: []
Before replacement_sz: 1200000000.0
Storage usage: 2383810019.0
Available size: 616189981.0
After replacement_sz: 583810019.0
total_size: 3000000000.0
high_level_sz: 2400000000.0
[] []
time: 0.09604549407958984

Replace time: 0
content '192.168.1.100:5000/iscc19:s2-audio-7', '192.168.1.100:5000/iscc19:s2-audio-6', '192.168.1.100:5000/iscc19:s2-audio-5'
======Replacement Done======
======Deploy Algo Result======
cloud apps:  ['audio10-4', 'audio11-8', 'audio12-2', 'audio2-11', 'audio2-6', 'audio5-10', 'audio5-4', 'audio6-10', 'audio6-8', 'audio7-8', 'audio7-9', 'audio8-9', 'yolo1-11', 'yolo3-10', 'yolo3-3', 'yolo4-11', 'yolo5-6', 'yolo5-8', 'yolo5-9', 'yolo7-3']
edge apps:  []
common:  []
Edge: ['audio5', 'audio5', 'audio6', 'audio6', 'audio7', 'audio7', 'yolo5', 'yolo5']
Cloud: ['audio10', 'audio11', 'audio12', 'audio2', 'audio8', 'yolo3', 'yolo3', 'yolo5', 'yolo7']
Exec Time:  0.0271821022034
terminal file content:  
is_terminal:  False
after IDA app:  audio5
app_image: audio5
delete app:audio5-10

s2-audio-5:Pullingfromiscc19
Digest:sha256:fb07e7fefa7398e482839606b3ef71146b2e768f69bd3fd70f996052b73bc002
Status:Imageisuptodatefor192.168.1.100:5000/iscc19:s2-audio-5

real	0m0.036s
user	0m0.019s
sys	0m0.010s
is_download: False
k8s create analytic stdoutput:
b'pod/audio5-edge-10 created\n'
k8s create analytic erroutput:
Deploy: audio5-10
try deploy app number:  10
terminal file content:  
is_terminal:  False
after IDA app:  audio5
app_image: audio5
delete app:audio5-4

s2-audio-5:Pullingfromiscc19
Digest:sha256:fb07e7fefa7398e482839606b3ef71146b2e768f69bd3fd70f996052b73bc002
Status:Imageisuptodatefor192.168.1.100:5000/iscc19:s2-audio-5

real	0m0.029s
user	0m0.021s
sys	0m0.003s
is_download: False
fail to deploy audio5 with period 3 since audio5 has departured
Deploy: audio5
Fail to deploy app number:  audio5
no need to download (edge), time:  10
terminal file content:  
is_terminal:  False
after IDA app:  audio6
app_image: audio6
delete app:audio6-10

s2-audio-6:Pullingfromiscc19
Digest:sha256:222f8b6e860b2a3d37f1f1ceabf2af7015ae22c01fab13d84c012aa5664f03df
Status:Imageisuptodatefor192.168.1.100:5000/iscc19:s2-audio-6

real	0m0.028s
user	0m0.013s
sys	0m0.005s
is_download: False
fail to deploy audio6 with period 3 since audio6 has departured
Deploy: audio6
Fail to deploy app number:  audio6
no need to download (edge), time:  10
terminal file content:  
is_terminal:  False
after IDA app:  audio6
app_image: audio6
delete app:audio6-8

s2-audio-6:Pullingfromiscc19
Digest:sha256:222f8b6e860b2a3d37f1f1ceabf2af7015ae22c01fab13d84c012aa5664f03df
Status:Imageisuptodatefor192.168.1.100:5000/iscc19:s2-audio-6

real	0m0.033s
user	0m0.012s
sys	0m0.008s
is_download: False
fail to deploy audio6 with period 3 since audio6 has departured
Deploy: audio6
Fail to deploy app number:  audio6
no need to download (edge), time:  10
terminal file content:  
is_terminal:  False
after IDA app:  audio7
app_image: audio7
delete app:audio7-8

s2-audio-7:Pullingfromiscc19
Digest:sha256:41e06a54a5a8411cfc0c0c9166df39000df4f3728ce99711dcd6171a453ed52b
Status:Imageisuptodatefor192.168.1.100:5000/iscc19:s2-audio-7

real	0m0.034s
user	0m0.016s
sys	0m0.008s
is_download: False
k8s create analytic stdoutput:
b'pod/audio7-edge-8 created\n'
k8s create analytic erroutput:
Deploy: audio7-8
try deploy app number:  8
terminal file content:  
is_terminal:  False
after IDA app:  audio7
app_image: audio7
delete app:audio7-9

s2-audio-7:Pullingfromiscc19
Digest:sha256:41e06a54a5a8411cfc0c0c9166df39000df4f3728ce99711dcd6171a453ed52b
Status:Imageisuptodatefor192.168.1.100:5000/iscc19:s2-audio-7

real	0m0.146s
user	0m0.010s
sys	0m0.009s
is_download: False
fail to deploy audio7 with period 3 since audio7 has departured
Deploy: audio7
Fail to deploy app number:  audio7
no need to download (edge), time:  10
terminal file content:  
is_terminal:  False
after IDA app:  yolo5
app_image: yolo5
delete app:yolo5-6

s2-yolo-5:Pullingfromiscc19
e92ed755c008:Alreadyexists
b9fd7cb1ff8f:Alreadyexists
ee690f2d57a1:Alreadyexists
53e3366ec435:Alreadyexists
3b2349088293:Alreadyexists
c4bc355c4bb6:Alreadyexists
a61b86390bd9:Alreadyexists
c43a6895b426:Alreadyexists
67a5938ecd4a:Alreadyexists
2a121114ae73:Alreadyexists
14a9b87e7a84:Alreadyexists
760f09a8ee2e:Alreadyexists
31b2471494b3:Alreadyexists
720a66aa6dca:Alreadyexists
a193cb1ef2f2:Pullingfslayer
eb1aacb8132b:Pullingfslayer
a193cb1ef2f2:VerifyingChecksum
a193cb1ef2f2:Downloadcomplete
a193cb1ef2f2:Pullcomplete
eb1aacb8132b:VerifyingChecksum
eb1aacb8132b:Downloadcomplete
eb1aacb8132b:Pullcomplete
Digest:sha256:17a5c0e6eef8f11816e19e4bfc05838c9f204bb65c7ae68a655ee009da979285
Status:Downloadednewerimagefor192.168.1.100:5000/iscc19:s2-yolo-5

real	0m45.977s
user	0m0.049s
sys	0m0.035s
is_download: True
fail to deploy yolo5 with period 2 since yolo5 has departured
Deploy: yolo5
Fail to deploy app number:  yolo5
no need to download (edge), time:  10
terminal file content:  
is_terminal:  False
after IDA app:  yolo5
app_image: yolo5
delete app:yolo5-8

s2-yolo-5:Pullingfromiscc19
Digest:sha256:17a5c0e6eef8f11816e19e4bfc05838c9f204bb65c7ae68a655ee009da979285
Status:Imageisuptodatefor192.168.1.100:5000/iscc19:s2-yolo-5

real	0m0.057s
user	0m0.021s
sys	0m0.007s
is_download: False
k8s create analytic stdoutput:
b'pod/yolo5-edge-8 created\n'
k8s create analytic erroutput:
Deploy: yolo5-8
try deploy app number:  8
**time:15
pod "audio6-13" deleted
======Replacement======
Start replacing and Lock replace_time.input
high_level: 0.8 low_level 0.6 policy: LRU
python3 YC/iscc19/Implementation/Algo/Replacement/replacement_algo.py 3.0 0.8 0.6 LRU
python3 YC/iscc19/Implementation/Algo/Replacement/repllacement_algo.py 3.0 0.8 0.6 LRU
Before replaced_images: []
Before replaced_layer_nums: []
exist_images: ['192.168.1.100:5000/iscc19:s2-audio-7', '192.168.1.100:5000/iscc19:s2-audio-6', '192.168.1.100:5000/iscc19:s2-audio-5', '192.168.1.100:5000/iscc19:s2-yolo-5']
After replaced_images: []
After replaced_layer_nums: []
Before replacement_sz: 1200000000.0
Storage usage: 2702810112.0
Available size: 297189888.0
After replacement_sz: 902810112.0
total_size: 3000000000.0
high_level_sz: 2400000000.0
Before image_layers: ['192.168.1.100:5000/iscc19:s2-audio-7', '192.168.1.100:5000/iscc19:s2-audio-6', '192.168.1.100:5000/iscc19:s2-audio-5', '192.168.1.100:5000/iscc19:s2-yolo-5']
image_layers + replaced_images: ['192.168.1.100:5000/iscc19:s2-audio-7', '192.168.1.100:5000/iscc19:s2-audio-6', '192.168.1.100:5000/iscc19:s2-audio-5', '192.168.1.100:5000/iscc19:s2-yolo-5']
running_images: ['192.168.1.100:5000/iscc19:s2-yolo-5', '192.168.1.100:5000/iscc19:s2-audio-7']
image_layers exclude running_images: ['192.168.1.100:5000/iscc19:s2-audio-6', '192.168.1.100:5000/iscc19:s2-audio-5']
line in images_download.log:
192.168.1.100:5000/iscc19:s2-audio-5,1596463310.9256115,3

192.168.1.100:5000/iscc19:s2-audio-6,1596463082.1671662,1

get images from download log: ['192.168.1.100:5000/iscc19:s2-audio-5', '192.168.1.100:5000/iscc19:s2-audio-6']
get num_access_time from download log: [3, 1]
get download_time from download log: [1596463310.9256115, 1596463082.1671662]
images: ['192.168.1.100:5000/iscc19:s2-audio-5', '192.168.1.100:5000/iscc19:s2-audio-6']
num_access_time: [3, 1]
download_time:  [1596463310.9256115, 1596463082.1671662]
policy: LRU
index: 1
192.168.1.100:5000/iscc19:s2-audio-6
unreplace_images_list: []
replaced_images: []
Subtract exist layer size: 25370000.0
Subtract exist layer size: 89060000.0
Subtract exist layer size: 40880000.0
Subtract exist layer size: 754600.0
Subtract exist layer size: 3882000.0
Subtract exist layer size: 97.0
Subtract exist layer size: 117900000.0
Subtract exist layer size: 56960000.0
Subtract exist layer size: 300000.0
Subtract exist layer size: 287300000.0
Subtract exist layer size: 1686000.0
Subtract exist layer size: 4162000.0
Subtract exist layer size: 111700000.0
Subtract exist layer size: 40350000.0
images: ['192.168.1.100:5000/iscc19:s2-audio-5']
num_access_time: [3]
download_time:  [1596463310.9256115]
policy: LRU
index: 0
192.168.1.100:5000/iscc19:s2-audio-5
unreplace_images_list: []
replaced_images: []
Subtract exist layer size: 25480000.0
Subtract exist layer size: 81170000.0
Subtract exist layer size: 40860000.0
['192.168.1.100:5000/iscc19:s2-audio-6', '192.168.1.100:5000/iscc19:s2-audio-5'] ['20', '3']
Replacing image: 192.168.1.100:5000/iscc19:s2-audio-6
Check running_images ['192.168.1.100:5000/iscc19:s2-yolo-5', '192.168.1.100:5000/iscc19:s2-audio-7']
ce6c5fdc6091
Stop docker engine
No screen session found.
Kill docker screen
Restart docker engine
time: 48.33183979988098
Replacing image: 192.168.1.100:5000/iscc19:s2-audio-5
Check running_images ['192.168.1.100:5000/iscc19:s2-yolo-5', '192.168.1.100:5000/iscc19:s2-audio-7']
"docker rm" requires at least 1 argument.
See 'docker rm --help'.

Usage:  docker rm [OPTIONS] CONTAINER [CONTAINER...] [flags]

Remove one or more containers
Stop docker engine
No screen session found.
Kill docker screen
Restart docker engine
time: 97.891841173172
time: 98.25753355026245

Replace time: 98
content '192.168.1.100:5000/iscc19:s2-audio-7', '192.168.1.100:5000/iscc19:s2-audio-6', '192.168.1.100:5000/iscc19:s2-audio-5', '192.168.1.100:5000/iscc19:s2-yolo-5'
======Replacement Done======
======Deploy Algo Result======
cloud apps:  ['audio11-16', 'audio11-8', 'audio12-15', 'audio2-11', 'audio2-16', 'audio3-15', 'audio6-13', 'yolo1-11', 'yolo1-15', 'yolo10-13', 'yolo3-15', 'yolo4-15', 'yolo5-15', 'yolo5-9', 'yolo7-15', 'yolo8-15']
edge apps:  ['yolo5-edge-8']
common:  ['yolo5-15', 'yolo5-9']
Edge: ['audio6']
Cloud: ['audio11', 'audio2', 'audio2', 'yolo1', 'yolo10', 'yolo5']
Exec Time:  0.0184080600739
terminal file content:  
is_terminal:  False
after IDA app:  audio6
app_image: audio6
delete app:audio6-13

s2-audio-6:Pullingfromiscc19
e92ed755c008:Alreadyexists
b9fd7cb1ff8f:Alreadyexists
ee690f2d57a1:Alreadyexists
53e3366ec435:Alreadyexists
3b2349088293:Alreadyexists
c4bc355c4bb6:Alreadyexists
fba56d5b53b2:Pullingfslayer
c7a87d55b343:Pullingfslayer
5082ac5bec7f:Pullingfslayer
3aa40cb79e1c:Pullingfslayer
aeff70e58a21:Pullingfslayer
2779c4218ec6:Pullingfslayer
87a8b2502090:Pullingfslayer
f907520a2b5c:Pullingfslayer
5d82373585d6:Pullingfslayer
d74070ae6935:Pullingfslayer
44902de9371b:Pullingfslayer
6c6c9e7d4bc8:Pullingfslayer
c10f9164a095:Pullingfslayer
8dca52e0844f:Pullingfslayer
3aa40cb79e1c:Waiting
87a8b2502090:Waiting
f907520a2b5c:Waiting
aeff70e58a21:Waiting
5d82373585d6:Waiting
2779c4218ec6:Waiting
d74070ae6935:Waiting
c10f9164a095:Waiting
44902de9371b:Waiting
8dca52e0844f:Waiting
6c6c9e7d4bc8:Waiting
5082ac5bec7f:Downloadcomplete
3aa40cb79e1c:VerifyingChecksum
3aa40cb79e1c:Downloadcomplete
fba56d5b53b2:VerifyingChecksum
fba56d5b53b2:Downloadcomplete
2779c4218ec6:VerifyingChecksum
2779c4218ec6:Downloadcomplete
fba56d5b53b2:Pullcomplete
87a8b2502090:VerifyingChecksum
87a8b2502090:Downloadcomplete
c7a87d55b343:VerifyingChecksum
c7a87d55b343:Downloadcomplete
5d82373585d6:VerifyingChecksum
5d82373585d6:Downloadcomplete
d74070ae6935:VerifyingChecksum
d74070ae6935:Downloadcomplete
44902de9371b:VerifyingChecksum
44902de9371b:Downloadcomplete
c7a87d55b343:Pullcomplete
5082ac5bec7f:Pullcomplete
3aa40cb79e1c:Pullcomplete
6c6c9e7d4bc8:VerifyingChecksum
6c6c9e7d4bc8:Downloadcomplete
f907520a2b5c:VerifyingChecksum
f907520a2b5c:Downloadcomplete
8dca52e0844f:VerifyingChecksum
8dca52e0844f:Downloadcomplete
c10f9164a095:VerifyingChecksum
c10f9164a095:Downloadcomplete
aeff70e58a21:Downloadcomplete
aeff70e58a21:Pullcomplete
2779c4218ec6:Pullcomplete
87a8b2502090:Pullcomplete
f907520a2b5c:Pullcomplete
5d82373585d6:Pullcomplete
d74070ae6935:Pullcomplete
44902de9371b:Pullcomplete
6c6c9e7d4bc8:Pullcomplete
c10f9164a095:Pullcomplete
8dca52e0844f:Pullcomplete
Digest:sha256:222f8b6e860b2a3d37f1f1ceabf2af7015ae22c01fab13d84c012aa5664f03df
Status:Downloadednewerimagefor192.168.1.100:5000/iscc19:s2-audio-6

real	2m6.981s
user	0m0.167s
sys	0m0.121s
is_download: True
k8s create analytic stdoutput:
b'pod/audio6-edge-13 created\n'
k8s create analytic erroutput:
Deploy: audio6-13
try deploy app number:  13
**time:20
pod "audio6-19" deleted
pod "audio7-19" deleted
======Replacement======
Start replacing and Lock replace_time.input
high_level: 0.8 low_level 0.6 policy: LRU
python3 YC/iscc19/Implementation/Algo/Replacement/replacement_algo.py 3.0 0.8 0.6 LRU
python3 YC/iscc19/Implementation/Algo/Replacement/repllacement_algo.py 3.0 0.8 0.6 LRU
Before replaced_images: ['192.168.1.100:5000/iscc19:s2-audio-5']
Before replaced_layer_nums: [3]
exist_images: ['192.168.1.100:5000/iscc19:s2-audio-7', '192.168.1.100:5000/iscc19:s2-audio-6', '192.168.1.100:5000/iscc19:s2-yolo-5']
After replaced_images: ['192.168.1.100:5000/iscc19:s2-audio-5']
After replaced_layer_nums: [3]
Before replacement_sz: 1200000000.0
Storage usage: 2555300112.0
Available size: 444699888.0
After replacement_sz: 755300112.0
total_size: 3000000000.0
high_level_sz: 2400000000.0
Before image_layers: ['192.168.1.100:5000/iscc19:s2-audio-7', '192.168.1.100:5000/iscc19:s2-audio-6', '192.168.1.100:5000/iscc19:s2-yolo-5']
image_layers + replaced_images: ['192.168.1.100:5000/iscc19:s2-audio-7', '192.168.1.100:5000/iscc19:s2-audio-6', '192.168.1.100:5000/iscc19:s2-yolo-5', '192.168.1.100:5000/iscc19:s2-audio-5']
running_images: ['192.168.1.100:5000/iscc19:s2-audio-6']
image_layers exclude running_images: ['192.168.1.100:5000/iscc19:s2-audio-7', '192.168.1.100:5000/iscc19:s2-yolo-5', '192.168.1.100:5000/iscc19:s2-audio-5']
line in images_download.log:
192.168.1.100:5000/iscc19:s2-yolo-5,1596463310.9256144,2

192.168.1.100:5000/iscc19:s2-audio-5,1596463310.9256115,3

192.168.1.100:5000/iscc19:s2-audio-7,1596463310.9256132,2

get images from download log: ['192.168.1.100:5000/iscc19:s2-yolo-5', '192.168.1.100:5000/iscc19:s2-audio-5', '192.168.1.100:5000/iscc19:s2-audio-7']
get num_access_time from download log: [2, 3, 2]
get download_time from download log: [1596463310.9256144, 1596463310.9256115, 1596463310.9256132]
images: ['192.168.1.100:5000/iscc19:s2-yolo-5', '192.168.1.100:5000/iscc19:s2-audio-5', '192.168.1.100:5000/iscc19:s2-audio-7']
num_access_time: [2, 3, 2]
download_time:  [1596463310.9256144, 1596463310.9256115, 1596463310.9256132]
policy: LRU
index: 1
192.168.1.100:5000/iscc19:s2-audio-5
unreplace_images_list: ['192.168.1.100:5000/iscc19:s2-audio-5']
replaced_images: ['192.168.1.100:5000/iscc19:s2-audio-5']
image in replaced_images
unreplace_layers_list: [['7eeea34e4686', '9d6c01c161c8', 'd39e94ec8346', '0d598eea27e3', '9ebea6fd12e9', '720a66aa6dca', '31b2471494b3', '760f09a8ee2e', '14a9b87e7a84', '2a121114ae73', '67a5938ecd4a', 'c43a6895b426', 'a61b86390bd9', 'c4bc355c4bb6', '3b2349088293', '53e3366ec435', 'ee690f2d57a1', 'b9fd7cb1ff8f', 'e92ed755c008']]
Subtract unreplace compressed layer size: 3882000.0
Subtract unreplace compressed layer size: 96.0
images: ['192.168.1.100:5000/iscc19:s2-yolo-5', '192.168.1.100:5000/iscc19:s2-audio-7']
num_access_time: [2, 2]
download_time:  [1596463310.9256144, 1596463310.9256132]
policy: LRU
index: 1
192.168.1.100:5000/iscc19:s2-audio-7
unreplace_images_list: ['192.168.1.100:5000/iscc19:s2-audio-5']
replaced_images: ['192.168.1.100:5000/iscc19:s2-audio-5']
Subtract exist layer size: 25480000.0
Subtract exist layer size: 81160000.0
Subtract exist layer size: 40860000.0
Subtract exist layer size: 3882000.0
Subtract exist layer size: 99.0
Subtract exist layer size: 5685000.0
Subtract exist layer size: 216800000.0
Subtract exist layer size: 298100.0
Subtract exist layer size: 280400000.0
Subtract exist layer size: 1663000.0
Subtract exist layer size: 4016000.0
Subtract exist layer size: 126400000.0
['192.168.1.100:5000/iscc19:s2-audio-5', '192.168.1.100:5000/iscc19:s2-audio-7'] ['19', '12']
Replacing image: 192.168.1.100:5000/iscc19:s2-audio-5
Check running_images ['192.168.1.100:5000/iscc19:s2-audio-6']
341e39ecb795
Stop docker engine
No screen session found.
Kill docker screen
Restart docker engine
time: 69.6144859790802
Replacing image: 192.168.1.100:5000/iscc19:s2-audio-7
Check running_images ['192.168.1.100:5000/iscc19:s2-audio-6']
"docker rm" requires at least 1 argument.
See 'docker rm --help'.

Usage:  docker rm [OPTIONS] CONTAINER [CONTAINER...] [flags]

Remove one or more containers
Stop docker engine
No screen session found.
Kill docker screen
Restart docker engine
time: 118.03141570091248
time: 119.58076405525208

Replace time: 120
content '192.168.1.100:5000/iscc19:s2-audio-7', '192.168.1.100:5000/iscc19:s2-audio-6', '192.168.1.100:5000/iscc19:s2-yolo-5'
======Replacement Done======
======Deploy Algo Result======
cloud apps:  ['audio1-22', 'audio10-22', 'audio11-16', 'audio11-22', 'audio12-19', 'audio12-22', 'audio2-20', 'audio2-21', 'audio3-15', 'audio4-22', 'audio6-19', 'audio6-21', 'audio7-19', 'yolo10-13', 'yolo10-19', 'yolo11-17', 'yolo11-18', 'yolo12-19', 'yolo2-22', 'yolo3-15', 'yolo3-22', 'yolo4-15', 'yolo4-19', 'yolo8-15', 'yolo8-19', 'yolo9-18', 'yolo9-22']
edge apps:  ['audio6-edge-13']
common:  ['audio6-19', 'audio6-21']
Edge: ['audio6', 'audio7']
Cloud: ['audio11', 'audio12', 'audio2', 'audio2', 'audio3', 'yolo10', 'yolo10', 'yolo11', 'yolo11', 'yolo12', 'yolo3', 'yolo4', 'yolo4', 'yolo8', 'yolo8', 'yolo9']
Exec Time:  0.0312209129333
terminal file content:  
is_terminal:  False
after IDA app:  audio6
app_image: audio6
delete app:audio6-19

s2-audio-6:Pullingfromiscc19
Digest:sha256:222f8b6e860b2a3d37f1f1ceabf2af7015ae22c01fab13d84c012aa5664f03df
Status:Imageisuptodatefor192.168.1.100:5000/iscc19:s2-audio-6

real	0m0.200s
user	0m0.017s
sys	0m0.012s
is_download: False
k8s create analytic stdoutput:
b'pod/audio6-edge-19 created\n'
k8s create analytic erroutput:
Deploy: audio6-19
try deploy app number:  19
terminal file content:  
is_terminal:  False
after IDA app:  audio7
app_image: audio7
delete app:audio7-19

s2-audio-7:Pullingfromiscc19
23884877105a:Alreadyexists
bc38caa0f5b9:Alreadyexists
2910811b6c42:Alreadyexists
36505266dcc6:Alreadyexists
5de771aab367:Alreadyexists
562ec5219c22:Alreadyexists
fc092567eded:Alreadyexists
3d8d78c4134f:Pullingfslayer
676e879eb7ae:Pullingfslayer
7f479b4c6d75:Pullingfslayer
5ba3858bd6e5:Pullingfslayer
cab9d5a894e3:Pullingfslayer
d4dbd18d44f6:Pullingfslayer
799d6e734dc3:Pullingfslayer
2139cd2df7ea:Pullingfslayer
04d9d675b754:Pullingfslayer
108f7f6cedfd:Pullingfslayer
709e8aebbbb8:Pullingfslayer
9ef38463d747:Pullingfslayer
2139cd2df7ea:Waiting
04d9d675b754:Waiting
108f7f6cedfd:Waiting
709e8aebbbb8:Waiting
9ef38463d747:Waiting
5ba3858bd6e5:Waiting
d4dbd18d44f6:Waiting
799d6e734dc3:Waiting
cab9d5a894e3:Waiting
7f479b4c6d75:VerifyingChecksum
7f479b4c6d75:Downloadcomplete
676e879eb7ae:VerifyingChecksum
676e879eb7ae:Downloadcomplete
cab9d5a894e3:VerifyingChecksum
cab9d5a894e3:Downloadcomplete
3d8d78c4134f:VerifyingChecksum
3d8d78c4134f:Downloadcomplete
799d6e734dc3:VerifyingChecksum
799d6e734dc3:Downloadcomplete
2139cd2df7ea:VerifyingChecksum
2139cd2df7ea:Downloadcomplete
04d9d675b754:Downloadcomplete
3d8d78c4134f:Pullcomplete
676e879eb7ae:Pullcomplete
7f479b4c6d75:Pullcomplete
108f7f6cedfd:VerifyingChecksum
108f7f6cedfd:Downloadcomplete
d4dbd18d44f6:VerifyingChecksum
d4dbd18d44f6:Downloadcomplete
709e8aebbbb8:VerifyingChecksum
709e8aebbbb8:Downloadcomplete
9ef38463d747:VerifyingChecksum
9ef38463d747:Downloadcomplete
5ba3858bd6e5:VerifyingChecksum
5ba3858bd6e5:Downloadcomplete
5ba3858bd6e5:Pullcomplete
cab9d5a894e3:Pullcomplete
d4dbd18d44f6:Pullcomplete
799d6e734dc3:Pullcomplete
2139cd2df7ea:Pullcomplete
04d9d675b754:Pullcomplete
108f7f6cedfd:Pullcomplete
709e8aebbbb8:Pullcomplete
9ef38463d747:Pullcomplete
Digest:sha256:41e06a54a5a8411cfc0c0c9166df39000df4f3728ce99711dcd6171a453ed52b
Status:Downloadednewerimagefor192.168.1.100:5000/iscc19:s2-audio-7

real	2m9.850s
user	0m0.198s
sys	0m0.103s
is_download: True
k8s create analytic stdoutput:
b'pod/audio7-edge-19 created\n'
k8s create analytic erroutput:
Deploy: audio7-19
try deploy app number:  19
**time:25
pod "audio11-16" deleted
======Replacement======
Start replacing and Lock replace_time.input
high_level: 0.8 low_level 0.6 policy: LRU
python3 YC/iscc19/Implementation/Algo/Replacement/replacement_algo.py 3.0 0.8 0.6 LRU
python3 YC/iscc19/Implementation/Algo/Replacement/repllacement_algo.py 3.0 0.8 0.6 LRU
Before replaced_images: ['192.168.1.100:5000/iscc19:s2-audio-7']
Before replaced_layer_nums: [12]
exist_images: ['192.168.1.100:5000/iscc19:s2-audio-7', '192.168.1.100:5000/iscc19:s2-audio-6', '192.168.1.100:5000/iscc19:s2-yolo-5']
After replaced_images: []
After replaced_layer_nums: []
Before replacement_sz: 1200000000.0
Storage usage: 2551418016.0
Available size: 448581984.0
After replacement_sz: 751418016.0
total_size: 3000000000.0
high_level_sz: 2400000000.0
Before image_layers: ['192.168.1.100:5000/iscc19:s2-audio-7', '192.168.1.100:5000/iscc19:s2-audio-6', '192.168.1.100:5000/iscc19:s2-yolo-5']
image_layers + replaced_images: ['192.168.1.100:5000/iscc19:s2-audio-7', '192.168.1.100:5000/iscc19:s2-audio-6', '192.168.1.100:5000/iscc19:s2-yolo-5']
running_images: ['192.168.1.100:5000/iscc19:s2-audio-7', '192.168.1.100:5000/iscc19:s2-audio-6']
image_layers exclude running_images: ['192.168.1.100:5000/iscc19:s2-yolo-5']
line in images_download.log:
192.168.1.100:5000/iscc19:s2-yolo-5,1596463310.9256144,2

get images from download log: ['192.168.1.100:5000/iscc19:s2-yolo-5']
get num_access_time from download log: [2]
get download_time from download log: [1596463310.9256144]
images: ['192.168.1.100:5000/iscc19:s2-yolo-5']
num_access_time: [2]
download_time:  [1596463310.9256144]
policy: LRU
index: 0
192.168.1.100:5000/iscc19:s2-yolo-5
unreplace_images_list: ['192.168.1.100:5000/iscc19:s2-audio-7']
replaced_images: []
Subtract exist layer size: 319000000.0
Subtract exist layer size: 93.0
Subtract exist layer size: 8694000.0
Subtract exist layer size: 130800000.00000001
Subtract exist layer size: 298100.0
Subtract exist layer size: 280600000.0
Subtract exist layer size: 1664000.0
Subtract exist layer size: 4045000.0
Subtract exist layer size: 102700000.0
['192.168.1.100:5000/iscc19:s2-yolo-5'] ['9']
Replacing image: 192.168.1.100:5000/iscc19:s2-yolo-5
Check running_images ['192.168.1.100:5000/iscc19:s2-audio-7', '192.168.1.100:5000/iscc19:s2-audio-6']
"docker rm" requires at least 1 argument.
See 'docker rm --help'.

Usage:  docker rm [OPTIONS] CONTAINER [CONTAINER...] [flags]

Remove one or more containers
Stop docker engine
No screen session found.
Kill docker screen
Restart docker engine
time: 48.360111474990845
time: 49.56967639923096

Replace time: 50
content '192.168.1.100:5000/iscc19:s2-audio-7', '192.168.1.100:5000/iscc19:s2-audio-6', '192.168.1.100:5000/iscc19:s2-yolo-5'
======Replacement Done======
======Deploy Algo Result======
cloud apps:  ['audio1-22', 'audio10-22', 'audio11-16', 'audio11-22', 'audio2-20', 'audio2-21', 'audio3-24', 'audio4-22', 'audio6-21', 'audio8-23', 'audio9-23', 'yolo1-23', 'yolo1-26', 'yolo10-19', 'yolo10-23', 'yolo10-25', 'yolo10-26', 'yolo11-18', 'yolo12-19', 'yolo2-22', 'yolo3-22', 'yolo4-15', 'yolo4-19', 'yolo5-24', 'yolo6-23', 'yolo8-19', 'yolo8-23', 'yolo8-26', 'yolo9-22']
edge apps:  ['audio6-edge-19', 'audio7-edge-19']
common:  ['audio6-21']
Edge: ['audio11', 'audio11', 'audio6']
Cloud: ['audio1', 'audio10', 'audio2', 'audio2', 'audio3', 'audio4', 'audio8', 'audio9', 'yolo1', 'yolo10', 'yolo10', 'yolo10', 'yolo11', 'yolo12', 'yolo2', 'yolo3', 'yolo4', 'yolo5', 'yolo6', 'yolo8', 'yolo8', 'yolo9']
Exec Time:  0.0282180309296
terminal file content:  
is_terminal:  False
after IDA app:  audio11
app_image: audio11
delete app:audio11-16

s2-audio-11:Pullingfromiscc19
23884877105a:Alreadyexists
bc38caa0f5b9:Alreadyexists
2910811b6c42:Alreadyexists
36505266dcc6:Alreadyexists
5de771aab367:Alreadyexists
562ec5219c22:Alreadyexists
fc092567eded:Alreadyexists
3d8d78c4134f:Alreadyexists
676e879eb7ae:Alreadyexists
7f479b4c6d75:Alreadyexists
d13b5eca03bb:Pullingfslayer
6d8c73eeea9a:Pullingfslayer
18549f9c04e1:Pullingfslayer
41f913d2bd7e:Pullingfslayer
79699e867484:Pullingfslayer
18b7e3e95907:Pullingfslayer
2de484dbef62:Pullingfslayer
a2c7d4979249:Pullingfslayer
64b71406c31e:Pullingfslayer
41f913d2bd7e:Waiting
79699e867484:Waiting
18b7e3e95907:Waiting
2de484dbef62:Waiting
a2c7d4979249:Waiting
64b71406c31e:Waiting
6d8c73eeea9a:Downloadcomplete
41f913d2bd7e:VerifyingChecksum
41f913d2bd7e:Downloadcomplete
79699e867484:Downloadcomplete
18b7e3e95907:VerifyingChecksum
18b7e3e95907:Downloadcomplete
2de484dbef62:VerifyingChecksum
2de484dbef62:Downloadcomplete
a2c7d4979249:VerifyingChecksum
a2c7d4979249:Downloadcomplete
64b71406c31e:VerifyingChecksum
64b71406c31e:Downloadcomplete
18549f9c04e1:VerifyingChecksum
18549f9c04e1:Downloadcomplete
d13b5eca03bb:VerifyingChecksum
d13b5eca03bb:Downloadcomplete
d13b5eca03bb:Pullcomplete
6d8c73eeea9a:Pullcomplete
18549f9c04e1:Pullcomplete
41f913d2bd7e:Pullcomplete
79699e867484:Pullcomplete
18b7e3e95907:Pullcomplete
2de484dbef62:Pullcomplete
a2c7d4979249:Pullcomplete
64b71406c31e:Pullcomplete
Digest:sha256:bf1ced3cfd458e8ddf5c6f0c13a51e04446afbd8f31a57056b62bed9b9def122
Status:Downloadednewerimagefor192.168.1.100:5000/iscc19:s2-audio-11

real	5m26.513s
user	0m0.248s
sys	0m0.103s
is_download: True
fail to deploy audio11 with period 3 since audio11 has departured
Deploy: audio11
Fail to deploy app number:  audio11
no need to download (edge), time:  25
terminal file content:  
is_terminal:  False
after IDA app:  audio11
app_image: audio11
delete app:audio11-22

s2-audio-11:Pullingfromiscc19
Digest:sha256:bf1ced3cfd458e8ddf5c6f0c13a51e04446afbd8f31a57056b62bed9b9def122
Status:Imageisuptodatefor192.168.1.100:5000/iscc19:s2-audio-11

real	0m0.037s
user	0m0.013s
sys	0m0.010s
is_download: False
fail to deploy audio11 with period 3 since audio11 has departured
Deploy: audio11
Fail to deploy app number:  audio11
no need to download (edge), time:  25
terminal file content:  
is_terminal:  False
after IDA app:  audio6
app_image: audio6
delete app:audio6-21

s2-audio-6:Pullingfromiscc19
Digest:sha256:222f8b6e860b2a3d37f1f1ceabf2af7015ae22c01fab13d84c012aa5664f03df
Status:Imageisuptodatefor192.168.1.100:5000/iscc19:s2-audio-6

real	0m0.057s
user	0m0.019s
sys	0m0.004s
is_download: False
fail to deploy audio6 with period 3 since audio6 has departured
Deploy: audio6
Fail to deploy app number:  audio6
no need to download (edge), time:  25
**time:30
pod "audio5-27" deleted
======Replacement======
Start replacing and Lock replace_time.input
high_level: 0.8 low_level 0.6 policy: LRU
python3 YC/iscc19/Implementation/Algo/Replacement/replacement_algo.py 3.0 0.8 0.6 LRU
python3 YC/iscc19/Implementation/Algo/Replacement/repllacement_algo.py 3.0 0.8 0.6 LRU
Before replaced_images: ['192.168.1.100:5000/iscc19:s2-yolo-5']
Before replaced_layer_nums: [9]
exist_images: ['192.168.1.100:5000/iscc19:s2-audio-11', '192.168.1.100:5000/iscc19:s2-audio-7', '192.168.1.100:5000/iscc19:s2-audio-6']
After replaced_images: ['192.168.1.100:5000/iscc19:s2-yolo-5']
After replaced_layer_nums: [9]
Before replacement_sz: 1200000000.0
Storage usage: 2965481922.0
Available size: 34518078.0
After replacement_sz: 1165481922.0
total_size: 3000000000.0
high_level_sz: 2400000000.0
Before image_layers: ['192.168.1.100:5000/iscc19:s2-audio-11', '192.168.1.100:5000/iscc19:s2-audio-7', '192.168.1.100:5000/iscc19:s2-audio-6']
image_layers + replaced_images: ['192.168.1.100:5000/iscc19:s2-audio-11', '192.168.1.100:5000/iscc19:s2-audio-7', '192.168.1.100:5000/iscc19:s2-audio-6', '192.168.1.100:5000/iscc19:s2-yolo-5']
running_images: ['192.168.1.100:5000/iscc19:s2-audio-7']
image_layers exclude running_images: ['192.168.1.100:5000/iscc19:s2-audio-11', '192.168.1.100:5000/iscc19:s2-audio-6', '192.168.1.100:5000/iscc19:s2-yolo-5']
line in images_download.log:
192.168.1.100:5000/iscc19:s2-yolo-5,1596463310.9256144,2

192.168.1.100:5000/iscc19:s2-audio-6,1596464046.3240407,3

192.168.1.100:5000/iscc19:s2-audio-11,1596464486.7685568,1

get images from download log: ['192.168.1.100:5000/iscc19:s2-yolo-5', '192.168.1.100:5000/iscc19:s2-audio-6', '192.168.1.100:5000/iscc19:s2-audio-11']
get num_access_time from download log: [2, 3, 1]
get download_time from download log: [1596463310.9256144, 1596464046.3240407, 1596464486.7685568]
images: ['192.168.1.100:5000/iscc19:s2-yolo-5', '192.168.1.100:5000/iscc19:s2-audio-6', '192.168.1.100:5000/iscc19:s2-audio-11']
num_access_time: [2, 3, 1]
download_time:  [1596463310.9256144, 1596464046.3240407, 1596464486.7685568]
policy: LRU
index: 0
192.168.1.100:5000/iscc19:s2-yolo-5
unreplace_images_list: ['192.168.1.100:5000/iscc19:s2-yolo-5']
replaced_images: ['192.168.1.100:5000/iscc19:s2-yolo-5']
image in replaced_images
unreplace_layers_list: [['eb1aacb8132b', 'a193cb1ef2f2', '720a66aa6dca', '31b2471494b3', '760f09a8ee2e', '14a9b87e7a84', '2a121114ae73', '67a5938ecd4a', 'c43a6895b426', 'a61b86390bd9', 'c4bc355c4bb6', '3b2349088293', '53e3366ec435', 'ee690f2d57a1', 'b9fd7cb1ff8f', 'e92ed755c008']]
Subtract unreplace compressed layer size: 10150000.0
images: ['192.168.1.100:5000/iscc19:s2-audio-6', '192.168.1.100:5000/iscc19:s2-audio-11']
num_access_time: [3, 1]
download_time:  [1596464046.3240407, 1596464486.7685568]
policy: LRU
index: 0
192.168.1.100:5000/iscc19:s2-audio-6
unreplace_images_list: ['192.168.1.100:5000/iscc19:s2-yolo-5']
replaced_images: ['192.168.1.100:5000/iscc19:s2-yolo-5']
Subtract exist layer size: 25370000.0
Subtract exist layer size: 89060000.0
Subtract exist layer size: 40880000.0
Subtract exist layer size: 754600.0
Subtract exist layer size: 3882000.0
Subtract exist layer size: 97.0
Subtract exist layer size: 117900000.0
Subtract exist layer size: 56960000.0
Subtract exist layer size: 300000.0
Subtract exist layer size: 287300000.0
Subtract exist layer size: 1686000.0
Subtract exist layer size: 4162000.0
Subtract exist layer size: 111700000.0
Subtract exist layer size: 40350000.0
Subtract exist layer size: 2906000.0
Subtract exist layer size: 19230000.0
Subtract exist layer size: 170.0
Subtract exist layer size: 853.0
Subtract exist layer size: 526.0
Subtract exist layer size: 44250000.0
images: ['192.168.1.100:5000/iscc19:s2-audio-11']
num_access_time: [1]
download_time:  [1596464486.7685568]
policy: LRU
index: 0
192.168.1.100:5000/iscc19:s2-audio-11
unreplace_images_list: ['192.168.1.100:5000/iscc19:s2-yolo-5']
replaced_images: ['192.168.1.100:5000/iscc19:s2-yolo-5']
Subtract exist layer size: 25480000.0
Subtract exist layer size: 81160000.0
Subtract exist layer size: 40860000.0
Subtract exist layer size: 3882000.0
Subtract exist layer size: 99.0
Subtract exist layer size: 5685000.0
Subtract exist layer size: 216800000.0
['192.168.1.100:5000/iscc19:s2-yolo-5', '192.168.1.100:5000/iscc19:s2-audio-6', '192.168.1.100:5000/iscc19:s2-audio-11'] ['16', '20', '7']
Replacing image: 192.168.1.100:5000/iscc19:s2-yolo-5
Check running_images ['192.168.1.100:5000/iscc19:s2-audio-7']
"docker rm" requires at least 1 argument.
See 'docker rm --help'.

Usage:  docker rm [OPTIONS] CONTAINER [CONTAINER...] [flags]

Remove one or more containers
Stop docker engine
No screen session found.
Kill docker screen
Restart docker engine
time: 161.9962396621704
Replacing image: 192.168.1.100:5000/iscc19:s2-audio-6
Check running_images ['192.168.1.100:5000/iscc19:s2-audio-7']
"docker rm" requires at least 1 argument.
See 'docker rm --help'.

Usage:  docker rm [OPTIONS] CONTAINER [CONTAINER...] [flags]

Remove one or more containers
Stop docker engine
No screen session found.
Kill docker screen
Restart docker engine
time: 211.68508887290955
Replacing image: 192.168.1.100:5000/iscc19:s2-audio-11
Check running_images ['192.168.1.100:5000/iscc19:s2-audio-7']
"docker rm" requires at least 1 argument.
See 'docker rm --help'.

Usage:  docker rm [OPTIONS] CONTAINER [CONTAINER...] [flags]

Remove one or more containers
Stop docker engine
No screen session found.
Kill docker screen
Restart docker engine
time: 261.55707693099976
time: 262.50346660614014

Replace time: 263
content '192.168.1.100:5000/iscc19:s2-audio-11', '192.168.1.100:5000/iscc19:s2-audio-7', '192.168.1.100:5000/iscc19:s2-audio-6'
======Replacement Done======
======Deploy Algo Result======
cloud apps:  ['audio11-29', 'audio2-21', 'audio3-24', 'audio4-29', 'audio5-27', 'audio5-28', 'audio8-23', 'yolo1-26', 'yolo1-28', 'yolo10-25', 'yolo12-28', 'yolo2-22', 'yolo2-28', 'yolo3-28', 'yolo4-29', 'yolo5-24', 'yolo6-23', 'yolo8-23', 'yolo8-26']
edge apps:  ['audio7-edge-19']
common:  []
Edge: ['audio5', 'audio5', 'audio11']
Cloud: ['audio2', 'audio3', 'audio4', 'audio8', 'yolo1', 'yolo1', 'yolo10', 'yolo12', 'yolo2', 'yolo2', 'yolo3', 'yolo4', 'yolo5', 'yolo6', 'yolo8', 'yolo8']
Exec Time:  0.017324924469
terminal file content:  
is_terminal:  False
after IDA app:  audio5
app_image: audio5
delete app:audio5-27

s2-audio-5:Pullingfromiscc19
e92ed755c008:Pullingfslayer
b9fd7cb1ff8f:Pullingfslayer
ee690f2d57a1:Pullingfslayer
53e3366ec435:Pullingfslayer
3b2349088293:Pullingfslayer
c4bc355c4bb6:Pullingfslayer
a61b86390bd9:Pullingfslayer
c43a6895b426:Pullingfslayer
67a5938ecd4a:Pullingfslayer
2a121114ae73:Pullingfslayer
14a9b87e7a84:Pullingfslayer
760f09a8ee2e:Pullingfslayer
31b2471494b3:Pullingfslayer
720a66aa6dca:Pullingfslayer
9ebea6fd12e9:Pullingfslayer
0d598eea27e3:Pullingfslayer
d39e94ec8346:Pullingfslayer
9d6c01c161c8:Pullingfslayer
7eeea34e4686:Pullingfslayer
a61b86390bd9:Waiting
67a5938ecd4a:Waiting
c43a6895b426:Waiting
2a121114ae73:Waiting
53e3366ec435:Waiting
c4bc355c4bb6:Waiting
760f09a8ee2e:Waiting
31b2471494b3:Waiting
720a66aa6dca:Waiting
9ebea6fd12e9:Waiting
d39e94ec8346:Waiting
0d598eea27e3:Waiting
9d6c01c161c8:Waiting
b9fd7cb1ff8f:VerifyingChecksum
b9fd7cb1ff8f:Downloadcomplete
ee690f2d57a1:VerifyingChecksum
ee690f2d57a1:Downloadcomplete
53e3366ec435:Downloadcomplete
c4bc355c4bb6:VerifyingChecksum
c4bc355c4bb6:Downloadcomplete
a61b86390bd9:VerifyingChecksum
a61b86390bd9:Downloadcomplete
3b2349088293:VerifyingChecksum
3b2349088293:Downloadcomplete
67a5938ecd4a:Downloadcomplete
2a121114ae73:VerifyingChecksum
2a121114ae73:Downloadcomplete
e92ed755c008:VerifyingChecksum
e92ed755c008:Downloadcomplete
760f09a8ee2e:VerifyingChecksum
760f09a8ee2e:Downloadcomplete
e92ed755c008:Pullcomplete
b9fd7cb1ff8f:Pullcomplete
ee690f2d57a1:Pullcomplete
53e3366ec435:Pullcomplete
3b2349088293:Pullcomplete
c4bc355c4bb6:Pullcomplete
a61b86390bd9:Pullcomplete
c43a6895b426:VerifyingChecksum
c43a6895b426:Downloadcomplete
720a66aa6dca:VerifyingChecksum
720a66aa6dca:Downloadcomplete
9ebea6fd12e9:Downloadcomplete
0d598eea27e3:VerifyingChecksum
0d598eea27e3:Downloadcomplete
c43a6895b426:Pullcomplete
67a5938ecd4a:Pullcomplete
2a121114ae73:Pullcomplete
d39e94ec8346:VerifyingChecksum
d39e94ec8346:Downloadcomplete
31b2471494b3:VerifyingChecksum
31b2471494b3:Downloadcomplete
7eeea34e4686:VerifyingChecksum
7eeea34e4686:Downloadcomplete
9d6c01c161c8:VerifyingChecksum
9d6c01c161c8:Downloadcomplete
14a9b87e7a84:VerifyingChecksum
14a9b87e7a84:Downloadcomplete
14a9b87e7a84:Pullcomplete
760f09a8ee2e:Pullcomplete
31b2471494b3:Pullcomplete
720a66aa6dca:Pullcomplete
9ebea6fd12e9:Pullcomplete
0d598eea27e3:Pullcomplete
d39e94ec8346:Pullcomplete
9d6c01c161c8:Pullcomplete
7eeea34e4686:Pullcomplete
Digest:sha256:fb07e7fefa7398e482839606b3ef71146b2e768f69bd3fd70f996052b73bc002
Status:Downloadednewerimagefor192.168.1.100:5000/iscc19:s2-audio-5

real	1m58.351s
user	0m0.183s
sys	0m0.095spod "audio5-28" deleted
pod "audio11-29" deleted

is_download: True
k8s create analytic stdoutput:
b'pod/audio5-edge-27 created\n'
k8s create analytic erroutput:
Deploy: audio5-27
try deploy app number:  27
terminal file content:  
is_terminal:  False
after IDA app:  audio5
app_image: audio5
delete app:audio5-28

s2-audio-5:Pullingfromiscc19
Digest:sha256:fb07e7fefa7398e482839606b3ef71146b2e768f69bd3fd70f996052b73bc002
Status:Imageisuptodatefor192.168.1.100:5000/iscc19:s2-audio-5

real	0m0.034s
user	0m0.018s
sys	0m0.007s
is_download: False
k8s create analytic stdoutput:
b'pod/audio5-edge-28 created\n'
k8s create analytic erroutput:
Deploy: audio5-28
try deploy app number:  28
terminal file content:  
is_terminal:  False
after IDA app:  audio11
app_image: audio11
delete app:audio11-29

s2-audio-11:Pullingfromiscc19
23884877105a:Alreadyexists
bc38caa0f5b9:Alreadyexists
2910811b6c42:Alreadyexists
36505266dcc6:Alreadyexists
5de771aab367:Alreadyexists
562ec5219c22:Alreadyexists
fc092567eded:Alreadyexists
3d8d78c4134f:Alreadyexists
676e879eb7ae:Alreadyexists
7f479b4c6d75:Alreadyexists
d13b5eca03bb:Alreadyexists
6d8c73eeea9a:Alreadyexists
18549f9c04e1:Pullingfslayer
41f913d2bd7e:Pullingfslayer
79699e867484:Pullingfslayer
18b7e3e95907:Pullingfslayer
2de484dbef62:Pullingfslayer
a2c7d4979249:Pullingfslayer
18b7e3e95907:Waiting
2de484dbef62:Waiting
a2c7d4979249:Waiting
64b71406c31e:Pullingfslayer
64b71406c31e:Waiting
79699e867484:Downloadcomplete
18b7e3e95907:Downloadcomplete
41f913d2bd7e:VerifyingChecksum
41f913d2bd7e:Downloadcomplete
2de484dbef62:VerifyingChecksum
2de484dbef62:Downloadcomplete
64b71406c31e:Downloadcomplete
a2c7d4979249:VerifyingChecksum
a2c7d4979249:Downloadcomplete
18549f9c04e1:VerifyingChecksum
18549f9c04e1:Downloadcomplete
18549f9c04e1:Pullcomplete
41f913d2bd7e:Pullcomplete
79699e867484:Pullcomplete
18b7e3e95907:Pullcomplete
2de484dbef62:Pullcomplete
a2c7d4979249:Pullcomplete
64b71406c31e:Pullcomplete
Digest:sha256:bf1ced3cfd458e8ddf5c6f0c13a51e04446afbd8f31a57056b62bed9b9def122
Status:Downloadednewerimagefor192.168.1.100:5000/iscc19:s2-audio-11

real	1m9.995s
user	0m0.105s
sys	0m0.029s
is_download: True
k8s create analytic stdoutput:
b'pod/audio11-edge-29 created\n'
k8s create analytic erroutput:
Deploy: audio11-29
try deploy app number:  29
