========
num: 30 running time:30 bandwidth:100000
**time:5
pod "audio5-0" deleted
pod "audio6-3" deleted
======Replacement======
Start replacing and Lock replace_time.input
high_level: 0.8 low_level 0.6 policy: LRU
python3 YC/iscc19/Implementation/Algo/Replacement/replacement_algo.py 3.0 0.8 0.6 LRU
python3 YC/iscc19/Implementation/Algo/Replacement/repllacement_algo.py 3.0 0.8 0.6 LRU
Before replaced_images: []
Before replaced_layer_nums: []
exist_images: []
After replaced_images: []
After replaced_layer_nums: []
Before replacement_sz: 1200000000.0
Storage usage: 0
Available size: 3000000000.0
After replacement_sz: -1800000000.0
total_size: 3000000000.0
high_level_sz: 2400000000.0
[] []
time: 0.0355222225189209

Replace time: 0
content 
======Replacement Done======
======Deploy Algo Result======
cloud apps:  ['audio1-2', 'audio10-5', 'audio11-2', 'audio3-5', 'audio4-5', 'audio5-0', 'audio6-3', 'audio7-1', 'audio9-2', 'yolo1-1', 'yolo1-3', 'yolo10-0', 'yolo11-1', 'yolo11-2', 'yolo12-1', 'yolo12-3', 'yolo3-1', 'yolo3-5', 'yolo5-1', 'yolo5-2', 'yolo8-1', 'yolo8-2', 'yolo9-1']
edge apps:  []
common:  []
Edge: ['audio5', 'audio6', 'audio7']
Cloud: ['audio10', 'audio11', 'audio3', 'audio4', 'yolo1', 'yolo1', 'yolo10', 'yolo12', 'yolo12', 'yolo3', 'yolo3', 'yolo5', 'yolo5', 'yolo8', 'yolo8']
Exec Time:  0.0153000354767
terminal file content:  
is_terminal:  False
after IDA app:  audio5
app_image: audio5
delete app:audio5-0

s2-audio-5:Pullingfromiscc19
e92ed755c008:Pullingfslayer
b9fd7cb1ff8f:Pullingfslayer
ee690f2d57a1:Pullingfslayer
53e3366ec435:Pullingfslayer
3b2349088293:Pullingfslayer
c4bc355c4bb6:Pullingfslayer
a61b86390bd9:Pullingfslayer
c43a6895b426:Pullingfslayer
67a5938ecd4a:Pullingfslayer
2a121114ae73:Pullingfslayer
14a9b87e7a84:Pullingfslayer
760f09a8ee2e:Pullingfslayer
31b2471494b3:Pullingfslayer
720a66aa6dca:Pullingfslayer
9ebea6fd12e9:Pullingfslayer
0d598eea27e3:Pullingfslayer
d39e94ec8346:Pullingfslayer
9d6c01c161c8:Pullingfslayer
7eeea34e4686:Pullingfslayer
53e3366ec435:Waiting
3b2349088293:Waiting
c4bc355c4bb6:Waiting
67a5938ecd4a:Waiting
a61b86390bd9:Waiting
14a9b87e7a84:Waiting
2a121114ae73:Waiting
760f09a8ee2e:Waiting
c43a6895b426:Waiting
9ebea6fd12e9:Waiting
31b2471494b3:Waiting
d39e94ec8346:Waiting
0d598eea27e3:Waiting
7eeea34e4686:Waiting
b9fd7cb1ff8f:Downloadcomplete
ee690f2d57a1:Downloadcomplete
53e3366ec435:VerifyingChecksum
53e3366ec435:Downloadcomplete
c4bc355c4bb6:VerifyingChecksum
c4bc355c4bb6:Downloadcomplete
a61b86390bd9:VerifyingChecksum
a61b86390bd9:Downloadcomplete
3b2349088293:VerifyingChecksum
3b2349088293:Downloadcomplete
67a5938ecd4a:Downloadcomplete
2a121114ae73:VerifyingChecksum
2a121114ae73:Downloadcomplete
e92ed755c008:Downloadcomplete
760f09a8ee2e:VerifyingChecksum
760f09a8ee2e:Downloadcomplete
e92ed755c008:Pullcomplete
b9fd7cb1ff8f:Pullcomplete
ee690f2d57a1:Pullcomplete
53e3366ec435:Pullcomplete
3b2349088293:Pullcomplete
c4bc355c4bb6:Pullcomplete
a61b86390bd9:Pullcomplete
c43a6895b426:VerifyingChecksum
c43a6895b426:Downloadcomplete
720a66aa6dca:VerifyingChecksum
9ebea6fd12e9:Downloadcomplete
0d598eea27e3:VerifyingChecksum
0d598eea27e3:Downloadcomplete
c43a6895b426:Pullcomplete
67a5938ecd4a:Pullcomplete
2a121114ae73:Pullcomplete
31b2471494b3:VerifyingChecksum
31b2471494b3:Downloadcomplete
d39e94ec8346:VerifyingChecksum
d39e94ec8346:Downloadcomplete
7eeea34e4686:VerifyingChecksum
7eeea34e4686:Downloadcomplete
9d6c01c161c8:VerifyingChecksum
9d6c01c161c8:Downloadcomplete
14a9b87e7a84:VerifyingChecksum
14a9b87e7a84:Downloadcomplete
14a9b87e7a84:Pullcomplete
760f09a8ee2e:Pullcomplete
31b2471494b3:Pullcomplete
720a66aa6dca:Pullcomplete
9ebea6fd12e9:Pullcomplete
0d598eea27e3:Pullcomplete
d39e94ec8346:Pullcomplete
9d6c01c161c8:Pullcomplete
7eeea34e4686:Pullcomplete
Digest:sha256:fb07e7fefa7398e482839606b3ef71146b2e768f69bd3fd70f996052b73bc002
Status:Downloadednewerimagefor192.168.1.100:5000/iscc19:s2-audio-5

real	2m21.164s
user	0m0.185s
sys	0m0.074s
is_download: True
k8s create analytic stdoutput:
b'pod/audio5-edge-0 created\n'
k8s create analytic erroutput:
Deploy: audio5-0
try deploy app number:  0
terminal file content:  
is_terminal:  False
after IDA app:  audio6
app_image: audio6
delete app:audio6-3

s2-audio-6:Pullingfromiscc19
e92ed755c008:Alreadyexists
b9fd7cb1ff8f:Alreadyexists
ee690f2d57a1:Alreadyexists
53e3366ec435:Alreadyexists
3b2349088293:Alreadyexists
c4bc355c4bb6:Alreadyexists
fba56d5b53b2:Pullingfslayer
c7a87d55b343:Pullingfslayer
5082ac5bec7f:Pullingfslayer
3aa40cb79e1c:Pullingfslayer
aeff70e58a21:Pullingfslayer
2779c4218ec6:Pullingfslayer
87a8b2502090:Pullingfslayer
f907520a2b5c:Pullingfslayer
5d82373585d6:Pullingfslayer
d74070ae6935:Pullingfslayer
3aa40cb79e1c:Waiting
44902de9371b:Pullingfslayer
6c6c9e7d4bc8:Pullingfslayer
c10f9164a095:Pullingfslayer
8dca52e0844f:Pullingfslayer
aeff70e58a21:Waiting
f907520a2b5c:Waiting
2779c4218ec6:Waiting
5d82373585d6:Waiting
87a8b2502090:Waiting
d74070ae6935:Waiting
c10f9164a095:Waiting
44902de9371b:Waiting
8dca52e0844f:Waiting
6c6c9e7d4bc8:Waiting
5082ac5bec7f:VerifyingChecksum
5082ac5bec7f:Downloadcomplete
3aa40cb79e1c:VerifyingChecksum
3aa40cb79e1c:Downloadcomplete
fba56d5b53b2:VerifyingChecksum
fba56d5b53b2:Downloadcomplete
2779c4218ec6:VerifyingChecksum
2779c4218ec6:Downloadcomplete
fba56d5b53b2:Pullcomplete
c7a87d55b343:VerifyingChecksum
c7a87d55b343:Downloadcomplete
87a8b2502090:VerifyingChecksum
87a8b2502090:Downloadcomplete
5d82373585d6:VerifyingChecksum
5d82373585d6:Downloadcomplete
d74070ae6935:VerifyingChecksum
d74070ae6935:Downloadcomplete
44902de9371b:Downloadcomplete
c7a87d55b343:Pullcomplete
5082ac5bec7f:Pullcomplete
3aa40cb79e1c:Pullcomplete
6c6c9e7d4bc8:VerifyingChecksum
f907520a2b5c:VerifyingChecksum
f907520a2b5c:Downloadcomplete
c10f9164a095:VerifyingChecksum
c10f9164a095:Downloadcomplete
8dca52e0844f:VerifyingChecksum
8dca52e0844f:Downloadcomplete
aeff70e58a21:VerifyingChecksum
aeff70e58a21:Downloadcomplete
aeff70e58a21:Pullcomplete
2779c4218ec6:Pullcomplete
87a8b2502090:Pullcomplete
f907520a2b5c:Pullcomplete
5d82373585d6:Pullcomplete
d74070ae6935:Pullcomplete
44902de9371b:Pullcomplete
6c6c9e7d4bc8:Pullcomplete
c10f9164a095:Pullcomplete
8dca52e0844f:Pullcomplete
Digest:sha256:222f8b6e860b2a3d37f1f1ceabf2af7015ae22c01fab13d84c012aa5664f03df
Status:Downloadednewerimagefor192.168.1.100:5000/iscc19:s2-audio-6

real	2m17.768s
user	0m0.199s
sys	0m0.059s
is_download: True
k8s create analytic stdoutput:
b'pod/audio6-edge-3 created\n'
k8s create analytic erroutput:
Deploy: audio6-3
try deploy app number:  3
terminal file content:  
is_terminal:  False
after IDA app:  audio7
app_image: audio7
delete app:audio7-1

s2-audio-7:Pullingfromiscc19
23884877105a:Pullingfslayer
bc38caa0f5b9:Pullingfslayer
2910811b6c42:Pullingfslayer
36505266dcc6:Pullingfslayer
5de771aab367:Pullingfslayer
562ec5219c22:Pullingfslayer
fc092567eded:Pullingfslayer
3d8d78c4134f:Pullingfslayer
676e879eb7ae:Pullingfslayer
7f479b4c6d75:Pullingfslayer
5ba3858bd6e5:Pullingfslayer
cab9d5a894e3:Pullingfslayer
d4dbd18d44f6:Pullingfslayer
799d6e734dc3:Pullingfslayer
2139cd2df7ea:Pullingfslayer
04d9d675b754:Pullingfslayer
108f7f6cedfd:Pullingfslayer
709e8aebbbb8:Pullingfslayer
9ef38463d747:Pullingfslayer
5de771aab367:Waiting
562ec5219c22:Waiting
fc092567eded:Waiting
3d8d78c4134f:Waiting
676e879eb7ae:Waiting
7f479b4c6d75:Waiting
5ba3858bd6e5:Waiting
cab9d5a894e3:Waiting
d4dbd18d44f6:Waiting
799d6e734dc3:Waiting
36505266dcc6:Waiting
2139cd2df7ea:Waiting
9ef38463d747:Waiting
04d9d675b754:Waiting
108f7f6cedfd:Waiting
709e8aebbbb8:Waiting
2910811b6c42:VerifyingChecksum
2910811b6c42:Downloadcomplete
36505266dcc6:VerifyingChecksum
36505266dcc6:Downloadcomplete
bc38caa0f5b9:VerifyingChecksum
bc38caa0f5b9:Downloadcomplete
562ec5219c22:VerifyingChecksum
562ec5219c22:Downloadcomplete
fc092567eded:VerifyingChecksum
fc092567eded:Downloadcomplete
5de771aab367:VerifyingChecksum
5de771aab367:Downloadcomplete
676e879eb7ae:VerifyingChecksum
676e879eb7ae:Downloadcomplete
23884877105a:VerifyingChecksum
23884877105a:Downloadcomplete
7f479b4c6d75:VerifyingChecksum
7f479b4c6d75:Downloadcomplete
cab9d5a894e3:VerifyingChecksum
cab9d5a894e3:Downloadcomplete
23884877105a:Pullcomplete
bc38caa0f5b9:Pullcomplete
2910811b6c42:Pullcomplete
36505266dcc6:Pullcomplete
5de771aab367:Pullcomplete
562ec5219c22:Pullcomplete
fc092567eded:Pullcomplete
3d8d78c4134f:Downloadcomplete
799d6e734dc3:VerifyingChecksum
799d6e734dc3:Downloadcomplete
2139cd2df7ea:VerifyingChecksum
2139cd2df7ea:Downloadcomplete
04d9d675b754:VerifyingChecksum
04d9d675b754:Downloadcomplete
3d8d78c4134f:Pullcomplete
676e879eb7ae:Pullcomplete
7f479b4c6d75:Pullcomplete
108f7f6cedfd:VerifyingChecksum
108f7f6cedfd:Downloadcomplete
d4dbd18d44f6:VerifyingChecksum
d4dbd18d44f6:Downloadcomplete
709e8aebbbb8:VerifyingChecksum
709e8aebbbb8:Downloadcomplete
9ef38463d747:VerifyingChecksum
9ef38463d747:Downloadcomplete
5ba3858bd6e5:VerifyingChecksum
5ba3858bd6e5:Downloadcomplete
5ba3858bd6e5:Pullcomplete
cab9d5a894e3:Pullcomplete
d4dbd18d44f6:Pullcomplete
799d6e734dc3:Pullcomplete
2139cd2df7ea:Pullcomplete
04d9d675b754:Pullcomplete
108f7f6cedfd:Pullcomplete
709e8aebbbb8:Pullcomplete
9ef38463d747:Pullcomplete
Digest:sha256:41e06a54a5a8411cfc0c0c9166df39000df4f3728ce99711dcd6171a453ed52b
Status:Downloadednewerimagefor192.168.1.100:5000/iscc19:s2-audio-7

real	2m33.476s
user	0m0.196s
sys	0m0.088s
is_download: True
fail to deploy audio7 with period 3 since audio7 has departured
Deploy: audio7
Fail to deploy app number:  audio7
no need to download (edge), time:  5
**time:10
======Replacement======
Start replacing and Lock replace_time.input
high_level: 0.8 low_level 0.6 policy: LRU

python3 YC/iscc19/Implementation/Algo/Replacement/replacement_algo.py 3.0 0.8 0.6 LRU
python3 YC/iscc19/Implementation/Algo/Replacement/repllacement_algo.py 3.0 0.8 0.6 LRU
Before replaced_images: []
Before replaced_layer_nums: []
exist_images: ['192.168.1.100:5000/iscc19:s2-audio-7', '192.168.1.100:5000/iscc19:s2-audio-6', '192.168.1.100:5000/iscc19:s2-audio-5']
After replaced_images: []
After replaced_layer_nums: []
Before replacement_sz: 1200000000.0
Storage usage: 2383810019.0
Available size: 616189981.0
After replacement_sz: 583810019.0
total_size: 3000000000.0
high_level_sz: 2400000000.0
[] []
time: 0.20547199249267578

Replace time: 0
content '192.168.1.100:5000/iscc19:s2-audio-7', '192.168.1.100:5000/iscc19:s2-audio-6', '192.168.1.100:5000/iscc19:s2-audio-5'
======Replacement Done======
======Deploy Algo Result======
cloud apps:  ['audio10-5', 'audio10-9', 'audio11-2', 'audio11-9', 'audio2-9', 'audio3-10', 'audio4-5', 'audio8-7', 'yolo10-10', 'yolo12-1', 'yolo12-3', 'yolo3-1', 'yolo3-10', 'yolo7-7', 'yolo8-9', 'yolo9-10']
edge apps:  ['audio5-edge-0', 'audio6-edge-3']
common:  []
Edge: ['']
Cloud: ['audio10', 'audio10', 'audio11', 'audio11', 'audio2', 'audio3', 'audio4', 'audio8', 'yolo10', 'yolo12', 'yolo12', 'yolo3', 'yolo3', 'yolo7', 'yolo8', 'yolo9']
Exec Time:  0.0257930755615
terminal file content:  
is_terminal:  False
after IDA app:  
continue app:  
**time:15
pod "audio5-11" deleted
pod "yolo5-11" deleted
pod "yolo5-15" deleted
======Replacement======
Start replacing and Lock replace_time.input
high_level: 0.8 low_level 0.6 policy: LRU
python3 YC/iscc19/Implementation/Algo/Replacement/replacement_algo.py 3.0 0.8 0.6 LRU
python3 YC/iscc19/Implementation/Algo/Replacement/repllacement_algo.py 3.0 0.8 0.6 LRU
Before replaced_images: []
Before replaced_layer_nums: []
exist_images: ['192.168.1.100:5000/iscc19:s2-audio-7', '192.168.1.100:5000/iscc19:s2-audio-6', '192.168.1.100:5000/iscc19:s2-audio-5']
After replaced_images: []
After replaced_layer_nums: []
Before replacement_sz: 1200000000.0
Storage usage: 2383810019.0
Available size: 616189981.0
After replacement_sz: 583810019.0
total_size: 3000000000.0
high_level_sz: 2400000000.0
[] []
time: 0.09114646911621094

Replace time: 0
content '192.168.1.100:5000/iscc19:s2-audio-7', '192.168.1.100:5000/iscc19:s2-audio-6', '192.168.1.100:5000/iscc19:s2-audio-5'
======Replacement Done======
======Deploy Algo Result======
cloud apps:  ['audio10-15', 'audio10-5', 'audio10-9', 'audio12-11', 'audio12-13', 'audio2-9', 'audio3-10', 'audio4-5', 'audio5-11', 'audio5-14', 'audio7-13', 'audio8-12', 'yolo1-14', 'yolo10-10', 'yolo10-13', 'yolo3-10', 'yolo5-11', 'yolo5-15', 'yolo8-15', 'yolo9-10']
edge apps:  []
common:  []
Edge: ['audio5', 'yolo5', 'yolo5']
Cloud: ['audio10', 'audio12', 'audio12', 'audio3', 'audio8', 'yolo1', 'yolo10', 'yolo10', 'yolo8', 'yolo9']
Exec Time:  0.023756980896
terminal file content:  
is_terminal:  False
after IDA app:  audio5
app_image: audio5
delete app:audio5-11

s2-audio-5:Pullingfromiscc19
Digest:sha256:fb07e7fefa7398e482839606b3ef71146b2e768f69bd3fd70f996052b73bc002
Status:Imageisuptodatefor192.168.1.100:5000/iscc19:s2-audio-5

real	0m0.022s
user	0m0.019s
sys	0m0.000s
is_download: False
fail to deploy audio5 with period 3 since audio5 has departured
Deploy: audio5
Fail to deploy app number:  audio5
no need to download (edge), time:  15
terminal file content:  
is_terminal:  False
after IDA app:  yolo5
app_image: yolo5
delete app:yolo5-11

s2-yolo-5:Pullingfromiscc19
e92ed755c008:Alreadyexists
b9fd7cb1ff8f:Alreadyexists
ee690f2d57a1:Alreadyexists
53e3366ec435:Alreadyexists
3b2349088293:Alreadyexists
c4bc355c4bb6:Alreadyexists
a61b86390bd9:Alreadyexists
c43a6895b426:Alreadyexists
67a5938ecd4a:Alreadyexists
2a121114ae73:Alreadyexists
14a9b87e7a84:Alreadyexists
760f09a8ee2e:Alreadyexists
31b2471494b3:Alreadyexists
720a66aa6dca:Alreadyexists
a193cb1ef2f2:Pullingfslayer
eb1aacb8132b:Pullingfslayer
a193cb1ef2f2:Downloadcomplete
a193cb1ef2f2:Pullcomplete
eb1aacb8132b:VerifyingChecksum
eb1aacb8132b:Downloadcomplete
eb1aacb8132b:Pullcomplete
Digest:sha256:17a5c0e6eef8f11816e19e4bfc05838c9f204bb65c7ae68a655ee009da979285
Status:Downloadednewerimagefor192.168.1.100:5000/iscc19:s2-yolo-5

real	1m22.865s
user	0m0.054s
sys	0m0.034s
is_download: True
k8s create analytic stdoutput:
b'pod/yolo5-edge-11 created\n'
k8s create analytic erroutput:
Deploy: yolo5-11
try deploy app number:  11
terminal file content:  
is_terminal:  False
after IDA app:  yolo5
app_image: yolo5
delete app:yolo5-15

s2-yolo-5:Pullingfromiscc19
Digest:sha256:17a5c0e6eef8f11816e19e4bfc05838c9f204bb65c7ae68a655ee009da979285
Status:Imageisuptodatefor192.168.1.100:5000/iscc19:s2-yolo-5

real	0m0.026s
user	0m0.011s
sys	0m0.014s
is_download: False
k8s create analytic stdoutput:
b'pod/yolo5-edge-15 created\n'
k8s create analytic erroutput:
Deploy: yolo5-15
try deploy app number:  15
**time:20
pod "audio1-19" deleted
======Replacement======
Start replacing and Lock replace_time.input
high_level: 0.8 low_level 0.6 policy: LRU
python3 YC/iscc19/Implementation/Algo/Replacement/replacement_algo.py 3.0 0.8 0.6 LRU
python3 YC/iscc19/Implementation/Algo/Replacement/repllacement_algo.py 3.0 0.8 0.6 LRU
Before replaced_images: []
Before replaced_layer_nums: []
exist_images: ['192.168.1.100:5000/iscc19:s2-audio-7', '192.168.1.100:5000/iscc19:s2-audio-6', '192.168.1.100:5000/iscc19:s2-audio-5', '192.168.1.100:5000/iscc19:s2-yolo-5']
After replaced_images: []
After replaced_layer_nums: []
Before replacement_sz: 1200000000.0
Storage usage: 2702810112.0
Available size: 297189888.0
After replacement_sz: 902810112.0
total_size: 3000000000.0
high_level_sz: 2400000000.0
Before image_layers: ['192.168.1.100:5000/iscc19:s2-audio-7', '192.168.1.100:5000/iscc19:s2-audio-6', '192.168.1.100:5000/iscc19:s2-audio-5', '192.168.1.100:5000/iscc19:s2-yolo-5']
image_layers + replaced_images: ['192.168.1.100:5000/iscc19:s2-audio-7', '192.168.1.100:5000/iscc19:s2-audio-6', '192.168.1.100:5000/iscc19:s2-audio-5', '192.168.1.100:5000/iscc19:s2-yolo-5']
running_images: ['192.168.1.100:5000/iscc19:s2-yolo-5']
image_layers exclude running_images: ['192.168.1.100:5000/iscc19:s2-audio-7', '192.168.1.100:5000/iscc19:s2-audio-6', '192.168.1.100:5000/iscc19:s2-audio-5']
line in images_download.log:
192.168.1.100:5000/iscc19:s2-audio-5,1596446288.7737026,1

192.168.1.100:5000/iscc19:s2-audio-6,1596446288.773705,1

192.168.1.100:5000/iscc19:s2-audio-7,1596446288.7737055,1

get images from download log: ['192.168.1.100:5000/iscc19:s2-audio-5', '192.168.1.100:5000/iscc19:s2-audio-6', '192.168.1.100:5000/iscc19:s2-audio-7']
get num_access_time from download log: [1, 1, 1]
get download_time from download log: [1596446288.7737026, 1596446288.773705, 1596446288.7737055]
images: ['192.168.1.100:5000/iscc19:s2-audio-5', '192.168.1.100:5000/iscc19:s2-audio-6', '192.168.1.100:5000/iscc19:s2-audio-7']
num_access_time: [1, 1, 1]
download_time:  [1596446288.7737026, 1596446288.773705, 1596446288.7737055]
policy: LRU
index: 0
192.168.1.100:5000/iscc19:s2-audio-5
unreplace_images_list: []
replaced_images: []
Subtract exist layer size: 25480000.0
Subtract exist layer size: 81170000.0
Subtract exist layer size: 40860000.0
Subtract exist layer size: 3882000.0
Subtract exist layer size: 96.0
images: ['192.168.1.100:5000/iscc19:s2-audio-6', '192.168.1.100:5000/iscc19:s2-audio-7']
num_access_time: [1, 1]
download_time:  [1596446288.773705, 1596446288.7737055]
policy: LRU
index: 0
192.168.1.100:5000/iscc19:s2-audio-6
unreplace_images_list: []
replaced_images: []
Subtract exist layer size: 25370000.0
Subtract exist layer size: 89060000.0
Subtract exist layer size: 40880000.0
Subtract exist layer size: 754600.0
Subtract exist layer size: 3882000.0
Subtract exist layer size: 97.0
Subtract exist layer size: 117900000.0
Subtract exist layer size: 56960000.0
Subtract exist layer size: 300000.0
Subtract exist layer size: 287300000.0
Subtract exist layer size: 1686000.0
Subtract exist layer size: 4162000.0
Subtract exist layer size: 111700000.0
Subtract exist layer size: 40350000.0
['192.168.1.100:5000/iscc19:s2-audio-5', '192.168.1.100:5000/iscc19:s2-audio-6'] ['19', '14']
Replacing image: 192.168.1.100:5000/iscc19:s2-audio-5
Check running_images ['192.168.1.100:5000/iscc19:s2-yolo-5']
"docker rm" requires at least 1 argument.
See 'docker rm --help'.

Usage:  docker rm [OPTIONS] CONTAINER [CONTAINER...] [flags]

Remove one or more containers
Stop docker engine
No screen session found.
Kill docker screen
Restart docker engine
time: 48.48732233047485
Replacing image: 192.168.1.100:5000/iscc19:s2-audio-6
Check running_images ['192.168.1.100:5000/iscc19:s2-yolo-5']
"docker rm" requires at least 1 argument.
See 'docker rm --help'.

Usage:  docker rm [OPTIONS] CONTAINER [CONTAINER...] [flags]

Remove one or more containers
Stop docker engine
No screen session found.
Kill docker screen
Restart docker engine
time: 97.0204541683197
time: 98.485924243927

Replace time: 98
content '192.168.1.100:5000/iscc19:s2-audio-7', '192.168.1.100:5000/iscc19:s2-audio-6', '192.168.1.100:5000/iscc19:s2-audio-5', '192.168.1.100:5000/iscc19:s2-yolo-5'
======Replacement Done======
======Deploy Algo Result======
cloud apps:  ['audio1-19', 'audio10-19', 'audio11-21', 'audio12-16', 'audio2-18', 'audio3-20', 'audio4-21', 'audio6-21', 'audio7-19', 'audio8-16', 'audio9-18', 'yolo1-14', 'yolo10-19', 'yolo11-21', 'yolo12-17', 'yolo2-16', 'yolo3-20', 'yolo4-20', 'yolo6-21', 'yolo7-16', 'yolo8-19', 'yolo9-19']
edge apps:  ['yolo5-edge-11', 'yolo5-edge-15']
common:  []
Edge: ['audio1', 'audio7', 'yolo7']
Cloud: ['audio10', 'audio12', 'audio2', 'audio3', 'audio8', 'audio9', 'yolo1', 'yolo10', 'yolo12', 'yolo2', 'yolo3', 'yolo4', 'yolo8', 'yolo9']
Exec Time:  0.0345048904419
terminal file content:  
is_terminal:  False
after IDA app:  audio1
app_image: audio1
delete app:audio1-19

s2-audio-1:Pullingfromiscc19
9811207f4eba:Pullingfslayer
0c8f4d0494dc:Pullingfslayer
1954412987c0:Pullingfslayer
1801b5eaa295:Pullingfslayer
8a6861842a93:Pullingfslayer
afc6a509a6e7:Pullingfslayer
d296cedf3c5e:Pullingfslayer
03c381950737:Pullingfslayer
252f14004bd1:Pullingfslayer
88ae96f02ad0:Pullingfslayer
8f2b049fbae0:Pullingfslayer
f4fe95975878:Pullingfslayer
15c1d0e8bd4e:Pullingfslayer
fd4b2c426fa1:Pullingfslayer
95e0b5462122:Pullingfslayer
239258fef3cc:Pullingfslayer
707b3ee699a9:Pullingfslayer
ae019b96296a:Pullingfslayer
043453ba691c:Pullingfslayer
e0f517086e97:Pullingfslayer
40beee1e0f10:Pullingfslayer
1801b5eaa295:Waiting
8a6861842a93:Waiting
afc6a509a6e7:Waiting
d296cedf3c5e:Waiting
03c381950737:Waiting
252f14004bd1:Waiting
88ae96f02ad0:Waiting
8f2b049fbae0:Waiting
f4fe95975878:Waiting
15c1d0e8bd4e:Waiting
fd4b2c426fa1:Waiting
95e0b5462122:Waiting
239258fef3cc:Waiting
707b3ee699a9:Waiting
ae019b96296a:Waiting
043453ba691c:Waiting
e0f517086e97:Waiting
40beee1e0f10:Waiting
0c8f4d0494dc:VerifyingChecksum
0c8f4d0494dc:Downloadcomplete
1954412987c0:VerifyingChecksum
1954412987c0:Downloadcomplete
9811207f4eba:Downloadcomplete
8a6861842a93:VerifyingChecksum
d296cedf3c5e:VerifyingChecksum
d296cedf3c5e:Downloadcomplete
03c381950737:VerifyingChecksum
03c381950737:Downloadcomplete
afc6a509a6e7:VerifyingChecksum
afc6a509a6e7:Downloadcomplete
88ae96f02ad0:VerifyingChecksum
88ae96f02ad0:Downloadcomplete
9811207f4eba:Pullcomplete
0c8f4d0494dc:Pullcomplete
252f14004bd1:VerifyingChecksum
252f14004bd1:Downloadcomplete
f4fe95975878:VerifyingChecksum
f4fe95975878:Downloadcomplete
1954412987c0:Pullcomplete
1801b5eaa295:VerifyingChecksum
1801b5eaa295:Downloadcomplete
fd4b2c426fa1:VerifyingChecksum
fd4b2c426fa1:Downloadcomplete
95e0b5462122:VerifyingChecksum
95e0b5462122:Downloadcomplete
239258fef3cc:VerifyingChecksum
239258fef3cc:Downloadcomplete
707b3ee699a9:VerifyingChecksum
707b3ee699a9:Downloadcomplete
ae019b96296a:VerifyingChecksum
ae019b96296a:Downloadcomplete
1801b5eaa295:Pullcomplete
8a6861842a93:Pullcomplete
15c1d0e8bd4e:VerifyingChecksum
15c1d0e8bd4e:Downloadcomplete
afc6a509a6e7:Pullcomplete
d296cedf3c5e:Pullcomplete
03c381950737:Pullcomplete
252f14004bd1:Pullcomplete
88ae96f02ad0:Pullcomplete
e0f517086e97:VerifyingChecksum
e0f517086e97:Downloadcomplete
40beee1e0f10:VerifyingChecksum
40beee1e0f10:Downloadcomplete
043453ba691c:VerifyingChecksum
043453ba691c:Downloadcomplete
8f2b049fbae0:VerifyingChecksum
8f2b049fbae0:Downloadcomplete
8f2b049fbae0:Pullcomplete
f4fe95975878:Pullcomplete
15c1d0e8bd4e:Pullcomplete
fd4b2c426fa1:Pullcomplete
95e0b5462122:Pullcomplete
239258fef3cc:Pullcomplete
707b3ee699a9:Pullcomplete
ae019b96296a:Pullcomplete
043453ba691c:Pullcomplete
e0f517086e97:Pullcomplete
40beee1e0f10:Pullcomplete
Digest:sha256:6783ecc0c002f2c85e1bbbb2a4ecbe6ca6a13014f346ca0dc113074b0be928ad
Status:Downloadednewerimagefor192.168.1.100:5000/iscc19:s2-audio-1

real	2m31.757s
user	0m0.200s
sys	0m0.093s
is_download: True
k8s create analytic stdoutput:
b'pod/audio1-edge-19 created\n'
k8s create analytic erroutput:pod "audio7-19" deleted

Deploy: audio1-19
try deploy app number:  19
terminal file content:  
is_terminal:  False
after IDA app:  audio7
app_image: audio7
delete app:audio7-19

s2-audio-7:Pullingfromiscc19
Digest:sha256:41e06a54a5a8411cfc0c0c9166df39000df4f3728ce99711dcd6171a453ed52b
Status:Imageisuptodatefor192.168.1.100:5000/iscc19:s2-audio-7

real	0m0.043s
user	0m0.006s
sys	0m0.013s
is_download: False
k8s create analytic stdoutput:
b'pod/audio7-edge-19 created\n'
k8s create analytic erroutput:
Deploy: audio7-19
try deploy app number:  19
terminal file content:  
is_terminal:  False
after IDA app:  yolo7
app_image: yolo7
delete app:yolo7-16

s2-yolo-7:Pullingfromiscc19
23884877105a:Alreadyexists
bc38caa0f5b9:Alreadyexists
2910811b6c42:Alreadyexists
36505266dcc6:Alreadyexists
5de771aab367:Alreadyexists
562ec5219c22:Alreadyexists
fc092567eded:Alreadyexists
3d8d78c4134f:Alreadyexists
676e879eb7ae:Alreadyexists
7f479b4c6d75:Alreadyexists
5ba3858bd6e5:Alreadyexists
cab9d5a894e3:Alreadyexists
d4dbd18d44f6:Alreadyexists
799d6e734dc3:Alreadyexists
4dc28eb79cc2:Pullingfslayer
0c52ef43d962:Pullingfslayer
4dc28eb79cc2:Downloadcomplete
4dc28eb79cc2:Pullcomplete
0c52ef43d962:VerifyingChecksum
0c52ef43d962:Downloadcomplete
0c52ef43d962:Pullcomplete
Digest:sha256:ab5f6939ca2def8ea6cebdabdc330ce3e4eabd01eeaf37fc1071cf006ce04492
Status:Downloadednewerimagefor192.168.1.100:5000/iscc19:s2-yolo-7

real	0m44.350s
user	0m0.049s
sys	0m0.032s
is_download: True
fail to deploy yolo7 with period 2 since yolo7 has departured
Deploy: yolo7
Fail to deploy app number:  yolo7
no need to download (edge), time:  20
**time:25
======Replacement======
Start replacing and Lock replace_time.input
high_level: 0.8 low_level 0.6 policy: LRU
python3 YC/iscc19/Implementation/Algo/Replacement/replacement_algo.py 3.0 0.8 0.6 LRU
python3 YC/iscc19/Implementation/Algo/Replacement/repllacement_algo.py 3.0 0.8 0.6 LRU
Before replaced_images: ['192.168.1.100:5000/iscc19:s2-audio-6']
Before replaced_layer_nums: [14]
exist_images: ['192.168.1.100:5000/iscc19:s2-audio-7', '192.168.1.100:5000/iscc19:s2-yolo-7', '192.168.1.100:5000/iscc19:s2-yolo-5', '192.168.1.100:5000/iscc19:s2-audio-1']
After replaced_images: ['192.168.1.100:5000/iscc19:s2-audio-6']
After replaced_layer_nums: [14]
Before replacement_sz: 1200000000.0
Storage usage: 2936709120.0
Available size: 63290880.0
After replacement_sz: 1136709120.0
total_size: 3000000000.0
high_level_sz: 2400000000.0
Before image_layers: ['192.168.1.100:5000/iscc19:s2-audio-7', '192.168.1.100:5000/iscc19:s2-yolo-7', '192.168.1.100:5000/iscc19:s2-yolo-5', '192.168.1.100:5000/iscc19:s2-audio-1']
image_layers + replaced_images: ['192.168.1.100:5000/iscc19:s2-audio-7', '192.168.1.100:5000/iscc19:s2-yolo-7', '192.168.1.100:5000/iscc19:s2-yolo-5', '192.168.1.100:5000/iscc19:s2-audio-1', '192.168.1.100:5000/iscc19:s2-audio-6']
running_images: ['192.168.1.100:5000/iscc19:s2-audio-7', '192.168.1.100:5000/iscc19:s2-audio-1']
image_layers exclude running_images: ['192.168.1.100:5000/iscc19:s2-yolo-7', '192.168.1.100:5000/iscc19:s2-yolo-5', '192.168.1.100:5000/iscc19:s2-audio-6']
line in images_download.log:
192.168.1.100:5000/iscc19:s2-yolo-5,1596446773.6781483,2

192.168.1.100:5000/iscc19:s2-yolo-7,1596447288.0590262,1

192.168.1.100:5000/iscc19:s2-audio-6,1596446288.773705,1

get images from download log: ['192.168.1.100:5000/iscc19:s2-yolo-5', '192.168.1.100:5000/iscc19:s2-yolo-7', '192.168.1.100:5000/iscc19:s2-audio-6']
get num_access_time from download log: [2, 1, 1]
get download_time from download log: [1596446773.6781483, 1596447288.0590262, 1596446288.773705]
images: ['192.168.1.100:5000/iscc19:s2-yolo-5', '192.168.1.100:5000/iscc19:s2-yolo-7', '192.168.1.100:5000/iscc19:s2-audio-6']
num_access_time: [2, 1, 1]
download_time:  [1596446773.6781483, 1596447288.0590262, 1596446288.773705]
policy: LRU
index: 2
192.168.1.100:5000/iscc19:s2-audio-6
unreplace_images_list: ['192.168.1.100:5000/iscc19:s2-audio-6']
replaced_images: ['192.168.1.100:5000/iscc19:s2-audio-6']
image in replaced_images
unreplace_layers_list: [['8dca52e0844f', 'c10f9164a095', '6c6c9e7d4bc8', '44902de9371b', 'd74070ae6935', '5d82373585d6', 'f907520a2b5c', '87a8b2502090', '2779c4218ec6', 'aeff70e58a21', '3aa40cb79e1c', '5082ac5bec7f', 'c7a87d55b343', 'fba56d5b53b2', 'c4bc355c4bb6', '3b2349088293', '53e3366ec435', 'ee690f2d57a1', 'b9fd7cb1ff8f', 'e92ed755c008']]
images: ['192.168.1.100:5000/iscc19:s2-yolo-5', '192.168.1.100:5000/iscc19:s2-yolo-7']
num_access_time: [2, 1]
download_time:  [1596446773.6781483, 1596447288.0590262]
policy: LRU
index: 0
192.168.1.100:5000/iscc19:s2-yolo-5
unreplace_images_list: ['192.168.1.100:5000/iscc19:s2-audio-6']
replaced_images: ['192.168.1.100:5000/iscc19:s2-audio-6']
Subtract exist layer size: 319000000.0
Subtract exist layer size: 93.0
Subtract exist layer size: 8694000.0
Subtract exist layer size: 130800000.00000001
Subtract exist layer size: 298100.0
Subtract exist layer size: 280600000.0
Subtract exist layer size: 1664000.0
Subtract exist layer size: 4045000.0
Subtract exist layer size: 102700000.0
Subtract exist layer size: 10150000.0
Subtract exist layer size: 2906000.0
Subtract exist layer size: 19230000.0
Subtract exist layer size: 170.0
Subtract exist layer size: 853.0
Subtract exist layer size: 526.0
Subtract exist layer size: 44250000.0
images: ['192.168.1.100:5000/iscc19:s2-yolo-7']
num_access_time: [1]
download_time:  [1596447288.0590262]
policy: LRU
index: 0
192.168.1.100:5000/iscc19:s2-yolo-7
unreplace_images_list: ['192.168.1.100:5000/iscc19:s2-audio-6']
replaced_images: ['192.168.1.100:5000/iscc19:s2-audio-6']
Subtract exist layer size: 319000000.0
['192.168.1.100:5000/iscc19:s2-audio-6', '192.168.1.100:5000/iscc19:s2-yolo-5', '192.168.1.100:5000/iscc19:s2-yolo-7'] ['20', '16', '1']
Replacing image: 192.168.1.100:5000/iscc19:s2-audio-6
Check running_images ['192.168.1.100:5000/iscc19:s2-audio-7', '192.168.1.100:5000/iscc19:s2-audio-1']
"docker rm" requires at least 1 argument.
See 'docker rm --help'.

Usage:  docker rm [OPTIONS] CONTAINER [CONTAINER...] [flags]

Remove one or more containers
Stop docker engine
No screen session found.
Kill docker screen
Restart docker engine
time: 188.427960395813
Replacing image: 192.168.1.100:5000/iscc19:s2-yolo-5
Check running_images []
"docker rm" requires at least 1 argument.
See 'docker rm --help'.

Usage:  docker rm [OPTIONS] CONTAINER [CONTAINER...] [flags]

Remove one or more containers
Stop docker engine
No screen session found.
Kill docker screen
Restart docker engine
time: 238.71391224861145
Replacing image: 192.168.1.100:5000/iscc19:s2-yolo-7
Check running_images []
"docker rm" requires at least 1 argument.
See 'docker rm --help'.

Usage:  docker rm [OPTIONS] CONTAINER [CONTAINER...] [flags]

Remove one or more containers
Stop docker engine
No screen session found.
Kill docker screen
Restart docker engine
time: 288.33793902397156
time: 288.39512729644775

Replace time: 288
content '192.168.1.100:5000/iscc19:s2-audio-7', '192.168.1.100:5000/iscc19:s2-yolo-7', '192.168.1.100:5000/iscc19:s2-yolo-5', '192.168.1.100:5000/iscc19:s2-audio-1'
======Replacement Done======
======Deploy Algo Result======
cloud apps:  ['audio4-24', 'audio4-28', 'audio5-24', 'audio6-21', 'audio6-29', 'audio8-27', 'audio9-26', 'audio9-29', 'yolo1-25', 'yolo10-25', 'yolo10-26', 'yolo10-27', 'yolo11-24', 'yolo2-22', 'yolo6-21', 'yolo6-23', 'yolo7-28']
edge apps:  []
common:  []
Edge: ['audio11', 'audio7']
Cloud: ['audio2', 'audio3', 'audio4', 'audio4', 'audio5', 'audio6', 'yolo1', 'yolo10', 'yolo11', 'yolo2', 'yolo6', 'yolo6', 'yolo8', 'yolo9']
Exec Time:  0.0941591262817
terminal file content:  
is_terminal:  False
after IDA app:  audio11
app_image: audio11
Deploy: audio11
Fail to deploy app number:  audio11
no need to download (edge), time:  25
terminal file content:  
is_terminal:  False
after IDA app:  audio7
app_image: audio7
Deploy: audio7
Fail to deploy app number:  audio7
no need to download (edge), time:  25
**time:30
pod "audio6-21" deleted
pod "audio6-29" deleted
======Replacement======
Start replacing and Lock replace_time.input
high_level: 0.8 low_level 0.6 policy: LRU
python3 YC/iscc19/Implementation/Algo/Replacement/replacement_algo.py 3.0 0.8 0.6 LRU
python3 YC/iscc19/Implementation/Algo/Replacement/repllacement_algo.py 3.0 0.8 0.6 LRU
Before replaced_images: ['192.168.1.100:5000/iscc19:s2-yolo-7']
Before replaced_layer_nums: [1]
exist_images: ['192.168.1.100:5000/iscc19:s2-audio-7', '192.168.1.100:5000/iscc19:s2-audio-1']
After replaced_images: ['192.168.1.100:5000/iscc19:s2-yolo-7']
After replaced_layer_nums: [1]
Before replacement_sz: 1200000000.0
Storage usage: 1693370378.0
Available size: 1306629622.0
After replacement_sz: -106629622.0
total_size: 3000000000.0
high_level_sz: 2400000000.0
[] []
time: 0.0793447494506836

Replace time: 0
content '192.168.1.100:5000/iscc19:s2-audio-7', '192.168.1.100:5000/iscc19:s2-audio-1'
======Replacement Done======
======Deploy Algo Result======
cloud apps:  ['audio4-24', 'audio4-28', 'audio5-24', 'audio6-21', 'audio6-29', 'audio8-27', 'audio9-26', 'audio9-29', 'yolo1-25', 'yolo10-25', 'yolo10-26', 'yolo10-27', 'yolo11-24', 'yolo6-21', 'yolo6-23', 'yolo7-28']
edge apps:  []
common:  []
Edge: ['audio6', 'audio6']
Cloud: ['audio4', 'audio4', 'audio5', 'audio8', 'audio9', 'audio9', 'yolo1', 'yolo10', 'yolo10', 'yolo10', 'yolo11', 'yolo6', 'yolo6', 'yolo7']
Exec Time:  0.0216279029846
terminal file content:  
is_terminal:  False
after IDA app:  audio6
app_image: audio6
delete app:audio6-21

s2-audio-6:Pullingfromiscc19
e92ed755c008:Pullingfslayer
b9fd7cb1ff8f:Pullingfslayer
ee690f2d57a1:Pullingfslayer
53e3366ec435:Pullingfslayer
3b2349088293:Pullingfslayer
c4bc355c4bb6:Pullingfslayer
fba56d5b53b2:Pullingfslayer
c7a87d55b343:Pullingfslayer
5082ac5bec7f:Pullingfslayer
3aa40cb79e1c:Pullingfslayer
aeff70e58a21:Pullingfslayer
2779c4218ec6:Pullingfslayer
87a8b2502090:Pullingfslayer
f907520a2b5c:Pullingfslayer
5d82373585d6:Pullingfslayer
d74070ae6935:Pullingfslayer
44902de9371b:Pullingfslayer
6c6c9e7d4bc8:Pullingfslayer
c10f9164a095:Pullingfslayer
8dca52e0844f:Pullingfslayer
2779c4218ec6:Waiting
53e3366ec435:Waiting
3b2349088293:Waiting
c4bc355c4bb6:Waiting
87a8b2502090:Waiting
f907520a2b5c:Waiting
fba56d5b53b2:Waiting
5d82373585d6:Waiting
c7a87d55b343:Waiting
5082ac5bec7f:Waiting
d74070ae6935:Waiting
44902de9371b:Waiting
3aa40cb79e1c:Waiting
aeff70e58a21:Waiting
6c6c9e7d4bc8:Waiting
c10f9164a095:Waiting
8dca52e0844f:Waiting
b9fd7cb1ff8f:Downloadcomplete
ee690f2d57a1:VerifyingChecksum
ee690f2d57a1:Downloadcomplete
53e3366ec435:VerifyingChecksum
53e3366ec435:Downloadcomplete
c4bc355c4bb6:VerifyingChecksum
c4bc355c4bb6:Downloadcomplete
3b2349088293:VerifyingChecksum
3b2349088293:Downloadcomplete
e92ed755c008:Downloadcomplete
fba56d5b53b2:VerifyingChecksum
fba56d5b53b2:Downloadcomplete
3aa40cb79e1c:Downloadcomplete
5082ac5bec7f:VerifyingChecksum
5082ac5bec7f:Downloadcomplete
2779c4218ec6:VerifyingChecksum
2779c4218ec6:Downloadcomplete
e92ed755c008:Pullcomplete
b9fd7cb1ff8f:Pullcomplete
ee690f2d57a1:Pullcomplete
53e3366ec435:Pullcomplete
3b2349088293:Pullcomplete
c4bc355c4bb6:Pullcomplete
fba56d5b53b2:Pullcomplete
87a8b2502090:VerifyingChecksum
87a8b2502090:Downloadcomplete
c7a87d55b343:VerifyingChecksum
c7a87d55b343:Downloadcomplete
5d82373585d6:Downloadcomplete
d74070ae6935:Downloadcomplete
44902de9371b:VerifyingChecksum
44902de9371b:Downloadcomplete
c7a87d55b343:Pullcomplete
5082ac5bec7f:Pullcomplete
3aa40cb79e1c:Pullcomplete
6c6c9e7d4bc8:VerifyingChecksum
6c6c9e7d4bc8:Downloadcomplete
f907520a2b5c:VerifyingChecksum
f907520a2b5c:Downloadcomplete
8dca52e0844f:VerifyingChecksum
8dca52e0844f:Downloadcomplete
c10f9164a095:VerifyingChecksum
c10f9164a095:Downloadcomplete
aeff70e58a21:Downloadcomplete
aeff70e58a21:Pullcomplete
2779c4218ec6:Pullcomplete
87a8b2502090:Pullcomplete
f907520a2b5c:Pullcomplete
5d82373585d6:Pullcomplete
d74070ae6935:Pullcomplete
44902de9371b:Pullcomplete
6c6c9e7d4bc8:Pullcomplete
c10f9164a095:Pullcomplete
8dca52e0844f:Pullcomplete
Digest:sha256:222f8b6e860b2a3d37f1f1ceabf2af7015ae22c01fab13d84c012aa5664f03df
Status:Downloadednewerimagefor192.168.1.100:5000/iscc19:s2-audio-6

real	2m9.653s
user	0m0.238s
sys	0m0.060s
is_download: True
k8s create analytic stdoutput:
b'pod/audio6-edge-21 created\n'
k8s create analytic erroutput:
Deploy: audio6-21
try deploy app number:  21
terminal file content:  
is_terminal:  False
after IDA app:  audio6
app_image: audio6
delete app:audio6-29

s2-audio-6:Pullingfromiscc19
Digest:sha256:222f8b6e860b2a3d37f1f1ceabf2af7015ae22c01fab13d84c012aa5664f03df
Status:Imageisuptodatefor192.168.1.100:5000/iscc19:s2-audio-6

real	0m0.254s
user	0m0.013s
sys	0m0.012s
is_download: False
k8s create analytic stdoutput:
b'pod/audio6-edge-29 created\n'
k8s create analytic erroutput:
Deploy: audio6-29
try deploy app number:  29
