========
num: 30 running time:30 bandwidth:100000
**time:5
pod "audio1-0" deleted
pod "audio1-5" deleted
pod "audio5-2" deleted
pod "audio6-0" deleted
======Replacement======
Start replacing and Lock replace_time.input
high_level: 0.8 low_level 0.6 policy: LRU
python3 YC/iscc19/Implementation/Algo/Replacement/replacement_algo.py 3.0 0.8 0.6 LRU
python3 YC/iscc19/Implementation/Algo/Replacement/repllacement_algo.py 3.0 0.8 0.6 LRU
Before replaced_images: []
Before replaced_layer_nums: []
exist_images: []
After replaced_images: []
After replaced_layer_nums: []
Before replacement_sz: 1200000000.0
Storage usage: 0
Available size: 3000000000.0
After replacement_sz: -1800000000.0
total_size: 3000000000.0
high_level_sz: 2400000000.0
[] []
time: 0.04765439033508301

Replace time: 0
content 
======Replacement Done======
======Deploy Algo Result======
cloud apps:  ['audio1-0', 'audio1-5', 'audio10-4', 'audio12-4', 'audio3-1', 'audio5-2', 'audio6-0', 'audio6-2', 'audio9-0', 'yolo11-3', 'yolo12-3', 'yolo2-0', 'yolo2-3', 'yolo4-3', 'yolo5-4', 'yolo7-0', 'yolo8-2']
edge apps:  []
common:  []
Edge: ['audio1', 'audio1', 'audio5', 'audio6']
Cloud: ['audio10', 'audio12', 'audio9', 'yolo11', 'yolo12', 'yolo2', 'yolo2', 'yolo4', 'yolo5', 'yolo8']
Exec Time:  0.0129818916321
terminal file content:  
is_terminal:  False
after IDA app:  audio1
app_image: audio1
delete app:audio1-0

s2-audio-1:Pullingfromiscc19
9811207f4eba:Pullingfslayer
0c8f4d0494dc:Pullingfslayer
1954412987c0:Pullingfslayer
1801b5eaa295:Pullingfslayer
8a6861842a93:Pullingfslayer
afc6a509a6e7:Pullingfslayer
d296cedf3c5e:Pullingfslayer
03c381950737:Pullingfslayer
252f14004bd1:Pullingfslayer
88ae96f02ad0:Pullingfslayer
8f2b049fbae0:Pullingfslayer
f4fe95975878:Pullingfslayer
15c1d0e8bd4e:Pullingfslayer
fd4b2c426fa1:Pullingfslayer
8a6861842a93:Waiting
95e0b5462122:Pullingfslayer
239258fef3cc:Pullingfslayer
707b3ee699a9:Pullingfslayer
afc6a509a6e7:Waiting
ae019b96296a:Pullingfslayer
043453ba691c:Pullingfslayer
e0f517086e97:Pullingfslayer
d296cedf3c5e:Waiting
40beee1e0f10:Pullingfslayer
1801b5eaa295:Waiting
03c381950737:Waiting
252f14004bd1:Waiting
88ae96f02ad0:Waiting
8f2b049fbae0:Waiting
f4fe95975878:Waiting
15c1d0e8bd4e:Waiting
fd4b2c426fa1:Waiting
95e0b5462122:Waiting
239258fef3cc:Waiting
707b3ee699a9:Waiting
ae019b96296a:Waiting
043453ba691c:Waiting
e0f517086e97:Waiting
40beee1e0f10:Waiting
0c8f4d0494dc:VerifyingChecksum
0c8f4d0494dc:Downloadcomplete
1954412987c0:VerifyingChecksum
1954412987c0:Downloadcomplete
8a6861842a93:VerifyingChecksum
8a6861842a93:Downloadcomplete
9811207f4eba:VerifyingChecksum
9811207f4eba:Downloadcomplete
d296cedf3c5e:VerifyingChecksum
d296cedf3c5e:Downloadcomplete
03c381950737:VerifyingChecksum
03c381950737:Downloadcomplete
afc6a509a6e7:VerifyingChecksum
afc6a509a6e7:Downloadcomplete
88ae96f02ad0:VerifyingChecksum
88ae96f02ad0:Downloadcomplete
252f14004bd1:VerifyingChecksum
252f14004bd1:Downloadcomplete
f4fe95975878:Downloadcomplete
9811207f4eba:Pullcomplete
0c8f4d0494dc:Pullcomplete
1954412987c0:Pullcomplete
1801b5eaa295:VerifyingChecksum
1801b5eaa295:Downloadcomplete
fd4b2c426fa1:VerifyingChecksum
fd4b2c426fa1:Downloadcomplete
95e0b5462122:VerifyingChecksum
95e0b5462122:Downloadcomplete
239258fef3cc:VerifyingChecksum
239258fef3cc:Downloadcomplete
707b3ee699a9:VerifyingChecksum
707b3ee699a9:Downloadcomplete
ae019b96296a:VerifyingChecksum
ae019b96296a:Downloadcomplete
1801b5eaa295:Pullcomplete
8a6861842a93:Pullcomplete
afc6a509a6e7:Pullcomplete
d296cedf3c5e:Pullcomplete
03c381950737:Pullcomplete
252f14004bd1:Pullcomplete
15c1d0e8bd4e:VerifyingChecksum
15c1d0e8bd4e:Downloadcomplete
e0f517086e97:VerifyingChecksum
e0f517086e97:Downloadcomplete
40beee1e0f10:VerifyingChecksum
40beee1e0f10:Downloadcomplete
88ae96f02ad0:Pullcomplete
043453ba691c:VerifyingChecksum
043453ba691c:Downloadcomplete
8f2b049fbae0:VerifyingChecksum
8f2b049fbae0:Downloadcomplete
8f2b049fbae0:Pullcomplete
f4fe95975878:Pullcomplete
15c1d0e8bd4e:Pullcomplete
fd4b2c426fa1:Pullcomplete
95e0b5462122:Pullcomplete
239258fef3cc:Pullcomplete
707b3ee699a9:Pullcomplete
ae019b96296a:Pullcomplete
043453ba691c:Pullcomplete
e0f517086e97:Pullcomplete
40beee1e0f10:Pullcomplete
Digest:sha256:6783ecc0c002f2c85e1bbbb2a4ecbe6ca6a13014f346ca0dc113074b0be928ad
Status:Downloadednewerimagefor192.168.1.100:5000/iscc19:s2-audio-1

real	1m49.339s
user	0m0.178s
sys	0m0.097s
is_download: True
k8s create analytic stdoutput:
b'pod/audio1-edge-0 created\n'
k8s create analytic erroutput:
Deploy: audio1-0
try deploy app number:  0
terminal file content:  
is_terminal:  False
after IDA app:  audio1
app_image: audio1
delete app:audio1-5

s2-audio-1:Pullingfromiscc19
Digest:sha256:6783ecc0c002f2c85e1bbbb2a4ecbe6ca6a13014f346ca0dc113074b0be928ad
Status:Imageisuptodatefor192.168.1.100:5000/iscc19:s2-audio-1

real	0m0.034s
user	0m0.021s
sys	0m0.006s
is_download: False
k8s create analytic stdoutput:
b'pod/audio1-edge-5 created\n'
k8s create analytic erroutput:
Deploy: audio1-5
try deploy app number:  5
terminal file content:  
is_terminal:  False
after IDA app:  audio5
app_image: audio5
delete app:audio5-2

s2-audio-5:Pullingfromiscc19
e92ed755c008:Pullingfslayer
b9fd7cb1ff8f:Pullingfslayer
ee690f2d57a1:Pullingfslayer
53e3366ec435:Pullingfslayer
3b2349088293:Pullingfslayer
c4bc355c4bb6:Pullingfslayer
a61b86390bd9:Pullingfslayer
c43a6895b426:Pullingfslayer
67a5938ecd4a:Pullingfslayer
2a121114ae73:Pullingfslayer
14a9b87e7a84:Pullingfslayer
760f09a8ee2e:Pullingfslayer
31b2471494b3:Pullingfslayer
720a66aa6dca:Pullingfslayer
9ebea6fd12e9:Pullingfslayer
0d598eea27e3:Pullingfslayer
3b2349088293:Waiting
c4bc355c4bb6:Waiting
a61b86390bd9:Waiting
c43a6895b426:Waiting
67a5938ecd4a:Waiting
2a121114ae73:Waiting
14a9b87e7a84:Waiting
760f09a8ee2e:Waiting
31b2471494b3:Waiting
720a66aa6dca:Waiting
9ebea6fd12e9:Waiting
53e3366ec435:Waiting
d39e94ec8346:Pullingfslayer
9d6c01c161c8:Pullingfslayer
7eeea34e4686:Pullingfslayer
0d598eea27e3:Waiting
9d6c01c161c8:Waiting
7eeea34e4686:Waiting
d39e94ec8346:Waiting
ee690f2d57a1:VerifyingChecksum
ee690f2d57a1:Downloadcomplete
b9fd7cb1ff8f:VerifyingChecksum
b9fd7cb1ff8f:Downloadcomplete
53e3366ec435:VerifyingChecksum
53e3366ec435:Downloadcomplete
c4bc355c4bb6:VerifyingChecksum
c4bc355c4bb6:Downloadcomplete
3b2349088293:VerifyingChecksum
3b2349088293:Downloadcomplete
a61b86390bd9:VerifyingChecksum
a61b86390bd9:Downloadcomplete
67a5938ecd4a:VerifyingChecksum
67a5938ecd4a:Downloadcomplete
e92ed755c008:VerifyingChecksum
e92ed755c008:Downloadcomplete
2a121114ae73:VerifyingChecksum
2a121114ae73:Downloadcomplete
760f09a8ee2e:VerifyingChecksum
760f09a8ee2e:Downloadcomplete
e92ed755c008:Pullcomplete
b9fd7cb1ff8f:Pullcomplete
ee690f2d57a1:Pullcomplete
53e3366ec435:Pullcomplete
3b2349088293:Pullcomplete
c4bc355c4bb6:Pullcomplete
a61b86390bd9:Pullcomplete
c43a6895b426:VerifyingChecksum
c43a6895b426:Downloadcomplete
720a66aa6dca:VerifyingChecksum
720a66aa6dca:Downloadcomplete
9ebea6fd12e9:VerifyingChecksum
9ebea6fd12e9:Downloadcomplete
0d598eea27e3:VerifyingChecksum
0d598eea27e3:Downloadcomplete
c43a6895b426:Pullcomplete
67a5938ecd4a:Pullcomplete
2a121114ae73:Pullcomplete
d39e94ec8346:Downloadcomplete
31b2471494b3:VerifyingChecksum
31b2471494b3:Downloadcomplete
7eeea34e4686:VerifyingChecksum
7eeea34e4686:Downloadcomplete
9d6c01c161c8:VerifyingChecksum
9d6c01c161c8:Downloadcomplete
14a9b87e7a84:Downloadcomplete
14a9b87e7a84:Pullcomplete
760f09a8ee2e:Pullcomplete
31b2471494b3:Pullcomplete
720a66aa6dca:Pullcomplete
9ebea6fd12e9:Pullcomplete
0d598eea27e3:Pullcomplete
d39e94ec8346:Pullcomplete
9d6c01c161c8:Pullcomplete
7eeea34e4686:Pullcomplete
Digest:sha256:fb07e7fefa7398e482839606b3ef71146b2e768f69bd3fd70f996052b73bc002
Status:Downloadednewerimagefor192.168.1.100:5000/iscc19:s2-audio-5

real	2m11.440s
user	0m0.182s
sys	0m0.058s
is_download: True
k8s create analytic stdoutput:
b'pod/audio5-edge-2 created\n'
k8s create analytic erroutput:
Deploy: audio5-2
try deploy app number:  2
terminal file content:  
is_terminal:  False
after IDA app:  audio6
app_image: audio6
delete app:audio6-0

s2-audio-6:Pullingfromiscc19
e92ed755c008:Alreadyexists
b9fd7cb1ff8f:Alreadyexists
ee690f2d57a1:Alreadyexists
53e3366ec435:Alreadyexists
3b2349088293:Alreadyexists
c4bc355c4bb6:Alreadyexists
fba56d5b53b2:Pullingfslayer
c7a87d55b343:Pullingfslayer
5082ac5bec7f:Pullingfslayer
3aa40cb79e1c:Pullingfslayer
aeff70e58a21:Pullingfslayer
2779c4218ec6:Pullingfslayer
87a8b2502090:Pullingfslayer
f907520a2b5c:Pullingfslayer
5d82373585d6:Pullingfslayer
d74070ae6935:Pullingfslayer
44902de9371b:Pullingfslayer
6c6c9e7d4bc8:Pullingfslayer
c10f9164a095:Pullingfslayer
8dca52e0844f:Pullingfslayer
aeff70e58a21:Waiting
87a8b2502090:Waiting
f907520a2b5c:Waiting
2779c4218ec6:Waiting
5d82373585d6:Waiting
d74070ae6935:Waiting
44902de9371b:Waiting
6c6c9e7d4bc8:Waiting
c10f9164a095:Waiting
8dca52e0844f:Waiting
3aa40cb79e1c:Waiting
5082ac5bec7f:Downloadcomplete
3aa40cb79e1c:VerifyingChecksum
3aa40cb79e1c:Downloadcomplete
fba56d5b53b2:VerifyingChecksum
fba56d5b53b2:Downloadcomplete
2779c4218ec6:VerifyingChecksum
2779c4218ec6:Downloadcomplete
fba56d5b53b2:Pullcomplete
87a8b2502090:VerifyingChecksum
87a8b2502090:Downloadcomplete
c7a87d55b343:VerifyingChecksum
c7a87d55b343:Downloadcomplete
5d82373585d6:Downloadcomplete
d74070ae6935:VerifyingChecksum
d74070ae6935:Downloadcomplete
44902de9371b:VerifyingChecksum
44902de9371b:Downloadcomplete
c7a87d55b343:Pullcomplete
6c6c9e7d4bc8:VerifyingChecksum
6c6c9e7d4bc8:Downloadcomplete
5082ac5bec7f:Pullcomplete
3aa40cb79e1c:Pullcomplete
f907520a2b5c:VerifyingChecksum
f907520a2b5c:Downloadcomplete
c10f9164a095:Downloadcomplete
8dca52e0844f:VerifyingChecksum
8dca52e0844f:Downloadcomplete
aeff70e58a21:VerifyingChecksum
aeff70e58a21:Downloadcomplete
aeff70e58a21:Pullcomplete
2779c4218ec6:Pullcomplete
87a8b2502090:Pullcomplete
f907520a2b5c:Pullcomplete
5d82373585d6:Pullcomplete
d74070ae6935:Pullcomplete
44902de9371b:Pullcomplete
6c6c9e7d4bc8:Pullcomplete
c10f9164a095:Pullcomplete
8dca52e0844f:Pullcomplete
Digest:sha256:222f8b6e860b2a3d37f1f1ceabf2af7015ae22c01fab13d84c012aa5664f03df
Status:Downloadednewerimagefor192.168.1.100:5000/iscc19:s2-audio-6

real	1m53.935s
user	0m0.186s
sys	0m0.086s
is_download: True
fail to deploy audio6 with period 3 since audio6 has departured
Deploy: audio6
Fail to deploy app number:  audio6
no need to download (edge), time:  5
**time:10
pod "audio6-10" deleted
pod "audio6-8" deleted
pod "audio1-7" deleted
pod "audio5-9" deleted
pod "yolo5-10" deleted
======Replacement======
Start replacing and Lock replace_time.input
high_level: 0.8 low_level 0.6 policy: LRU
python3 YC/iscc19/Implementation/Algo/Replacement/replacement_algo.py 3.0 0.8 0.6 LRU
python3 YC/iscc19/Implementation/Algo/Replacement/repllacement_algo.py 3.0 0.8 0.6 LRU
Before replaced_images: []
Before replaced_layer_nums: []
exist_images: ['192.168.1.100:5000/iscc19:s2-audio-6', '192.168.1.100:5000/iscc19:s2-audio-5', '192.168.1.100:5000/iscc19:s2-audio-1']
After replaced_images: []
After replaced_layer_nums: []
Before replacement_sz: 1200000000.0
Storage usage: 2383631150.0
Available size: 616368850.0
After replacement_sz: 583631150.0
total_size: 3000000000.0
high_level_sz: 2400000000.0
[] []
time: 0.08780360221862793

Replace time: 0
content '192.168.1.100:5000/iscc19:s2-audio-6', '192.168.1.100:5000/iscc19:s2-audio-5', '192.168.1.100:5000/iscc19:s2-audio-1'
======Replacement Done======
======Deploy Algo Result======
cloud apps:  ['audio1-7', 'audio2-10', 'audio4-11', 'audio4-8', 'audio5-9', 'audio6-10', 'audio6-8', 'audio7-6', 'audio9-8', 'yolo11-3', 'yolo2-11', 'yolo2-3', 'yolo4-11', 'yolo4-3', 'yolo5-10', 'yolo5-4', 'yolo8-2', 'yolo9-9']
edge apps:  ['audio5-edge-2']
common:  ['audio5-9']
Edge: ['audio6', 'audio6', 'audio1', 'audio5', 'yolo5', 'yolo5']
Cloud: ['audio2', 'audio4', 'audio7', 'audio9', 'yolo11', 'yolo2', 'yolo4', 'yolo8', 'yolo9']
Exec Time:  0.025680065155
terminal file content:  
is_terminal:  False
after IDA app:  audio6
app_image: audio6
delete app:audio6-10

s2-audio-6:Pullingfromiscc19
Digest:sha256:222f8b6e860b2a3d37f1f1ceabf2af7015ae22c01fab13d84c012aa5664f03df
Status:Imageisuptodatefor192.168.1.100:5000/iscc19:s2-audio-6

real	0m0.129s
user	0m0.018s
sys	0m0.005s
is_download: False
k8s create analytic stdoutput:
b'pod/audio6-edge-10 created\n'
k8s create analytic erroutput:
Deploy: audio6-10
try deploy app number:  10
terminal file content:  
is_terminal:  False
after IDA app:  audio6
app_image: audio6
delete app:audio6-8

s2-audio-6:Pullingfromiscc19
Digest:sha256:222f8b6e860b2a3d37f1f1ceabf2af7015ae22c01fab13d84c012aa5664f03df
Status:Imageisuptodatefor192.168.1.100:5000/iscc19:s2-audio-6

real	0m0.041s
user	0m0.021s
sys	0m0.005s
is_download: False
k8s create analytic stdoutput:
b'pod/audio6-edge-8 created\n'
k8s create analytic erroutput:
Deploy: audio6-8
try deploy app number:  8
terminal file content:  
is_terminal:  False
after IDA app:  audio1
app_image: audio1
delete app:audio1-7

s2-audio-1:Pullingfromiscc19
Digest:sha256:6783ecc0c002f2c85e1bbbb2a4ecbe6ca6a13014f346ca0dc113074b0be928ad
Status:Imageisuptodatefor192.168.1.100:5000/iscc19:s2-audio-1

real	0m0.230s
user	0m0.024s
sys	0m0.000s
is_download: False
k8s create analytic stdoutput:
b'pod/audio1-edge-7 created\n'
k8s create analytic erroutput:
Deploy: audio1-7
try deploy app number:  7
terminal file content:  
is_terminal:  False
after IDA app:  audio5
app_image: audio5
delete app:audio5-9

s2-audio-5:Pullingfromiscc19
Digest:sha256:fb07e7fefa7398e482839606b3ef71146b2e768f69bd3fd70f996052b73bc002
Status:Imageisuptodatefor192.168.1.100:5000/iscc19:s2-audio-5

real	0m0.035s
user	0m0.015s
sys	0m0.010s
is_download: False
k8s create analytic stdoutput:
b'pod/audio5-edge-9 created\n'
k8s create analytic erroutput:
Deploy: audio5-9
try deploy app number:  9
terminal file content:  
is_terminal:  False
after IDA app:  yolo5
app_image: yolo5
delete app:yolo5-10

s2-yolo-5:Pullingfromiscc19
e92ed755c008:Alreadyexists
b9fd7cb1ff8f:Alreadyexists
ee690f2d57a1:Alreadyexists
53e3366ec435:Alreadyexists
3b2349088293:Alreadyexists
c4bc355c4bb6:Alreadyexists
a61b86390bd9:Alreadyexists
c43a6895b426:Alreadyexists
67a5938ecd4a:Alreadyexists
2a121114ae73:Alreadyexists
14a9b87e7a84:Alreadyexists
760f09a8ee2e:Alreadyexists
31b2471494b3:Alreadyexists
720a66aa6dca:Alreadyexists
a193cb1ef2f2:Pullingfslayer
eb1aacb8132b:Pullingfslayer
a193cb1ef2f2:Downloadcomplete
a193cb1ef2f2:Pullcomplete
eb1aacb8132b:VerifyingChecksum
eb1aacb8132b:Downloadcomplete
eb1aacb8132b:Pullcomplete
Digest:sha256:17a5c0e6eef8f11816e19e4bfc05838c9f204bb65c7ae68a655ee009da979285
Status:Downloadednewerimagefor192.168.1.100:5000/iscc19:s2-yolo-5

real	1m9.417s
user	0m0.041s
sys	0m0.040s
is_download: True
k8s create analytic stdoutput:
b'pod/yolo5-edge-10 created\n'
k8s create analytic erroutput:
Deploy: yolo5-10
try deploy app number:  10
terminal file content:  
is_terminal:  False
after IDA app:  yolo5
app_image: yolo5
delete app:yolo5-4

s2-yolo-5:Pullingfromiscc19
Digest:sha256:17a5c0e6eef8f11816e19e4bfc05838c9f204bb65c7ae68a655ee009da979285
Status:Imageisuptodatefor192.168.1.100:5000/iscc19:s2-yolo-5

real	0m0.116s
user	0m0.023s
sys	0m0.006s
is_download: False
fail to deploy yolo5 with period 2 since yolo5 has departured
Deploy: yolo5
Fail to deploy app number:  yolo5
no need to download (edge), time:  10
**time:15
======Replacement======
Start replacing and Lock replace_time.input
high_level: 0.8 low_level 0.6 policy: LRU
python3 YC/iscc19/Implementation/Algo/Replacement/replacement_algo.py 3.0 0.8 0.6 LRU
python3 YC/iscc19/Implementation/Algo/Replacement/repllacement_algo.py 3.0 0.8 0.6 LRU
Before replaced_images: []
Before replaced_layer_nums: []
exist_images: ['192.168.1.100:5000/iscc19:s2-audio-6', '192.168.1.100:5000/iscc19:s2-audio-5', '192.168.1.100:5000/iscc19:s2-yolo-5', '192.168.1.100:5000/iscc19:s2-audio-1']
After replaced_images: []
After replaced_layer_nums: []
Before replacement_sz: 1200000000.0
Storage usage: 2702631243.0
Available size: 297368757.0
After replacement_sz: 902631243.0
total_size: 3000000000.0
high_level_sz: 2400000000.0
Before image_layers: ['192.168.1.100:5000/iscc19:s2-audio-6', '192.168.1.100:5000/iscc19:s2-audio-5', '192.168.1.100:5000/iscc19:s2-yolo-5', '192.168.1.100:5000/iscc19:s2-audio-1']
image_layers + replaced_images: ['192.168.1.100:5000/iscc19:s2-audio-6', '192.168.1.100:5000/iscc19:s2-audio-5', '192.168.1.100:5000/iscc19:s2-yolo-5', '192.168.1.100:5000/iscc19:s2-audio-1']
running_images: ['192.168.1.100:5000/iscc19:s2-yolo-5', '192.168.1.100:5000/iscc19:s2-audio-1', '192.168.1.100:5000/iscc19:s2-audio-6']
image_layers exclude running_images: ['192.168.1.100:5000/iscc19:s2-audio-5']
line in images_download.log:
192.168.1.100:5000/iscc19:s2-audio-5,1596392430.221166,2

get images from download log: ['192.168.1.100:5000/iscc19:s2-audio-5']
get num_access_time from download log: [2]
get download_time from download log: [1596392430.221166]
images: ['192.168.1.100:5000/iscc19:s2-audio-5']
num_access_time: [2]
download_time:  [1596392430.221166]
policy: LRU
index: 0
192.168.1.100:5000/iscc19:s2-audio-5
unreplace_images_list: []
replaced_images: []
Subtract exist layer size: 25480000.0
Subtract exist layer size: 81170000.0
Subtract exist layer size: 40860000.0
Subtract exist layer size: 3882000.0
Subtract exist layer size: 96.0
['192.168.1.100:5000/iscc19:s2-audio-5'] ['19']
Replacing image: 192.168.1.100:5000/iscc19:s2-audio-5
Check running_images ['192.168.1.100:5000/iscc19:s2-yolo-5', '192.168.1.100:5000/iscc19:s2-audio-1', '192.168.1.100:5000/iscc19:s2-audio-6']
8f1e7e32141d
40e84a2ef37c
Stop docker engine
No screen session found.
Kill docker screen
Restart docker engine
time: 48.6169753074646
time: 49.03633117675781

Replace time: 49
content '192.168.1.100:5000/iscc19:s2-audio-6', '192.168.1.100:5000/iscc19:s2-audio-5', '192.168.1.100:5000/iscc19:s2-yolo-5', '192.168.1.100:5000/iscc19:s2-audio-1'
======Replacement Done======
======Deploy Algo Result======
cloud apps:  ['audio11-15', 'audio2-10', 'audio3-13', 'audio4-14', 'audio7-6', 'audio9-12', 'yolo10-12', 'yolo11-15', 'yolo3-14', 'yolo8-12', 'yolo9-9']
edge apps:  ['audio1-edge-7', 'audio6-edge-10', 'yolo5-edge-10']
common:  []
Edge: ['']
Cloud: ['audio2', 'audio3', 'audio4', 'audio7', 'audio9', 'yolo10', 'yolo3', 'yolo8', 'yolo9']
Exec Time:  0.185763120651
terminal file content:  
is_terminal:  False
after IDA app:  
continue app:  
**time:20
pod "audio1-19" deleted
pod "audio1-20" deleted
pod "audio9-12" deleted
======Replacement======
Start replacing and Lock replace_time.input
high_level: 0.8 low_level 0.6 policy: LRU
python3 YC/iscc19/Implementation/Algo/Replacement/replacement_algo.py 3.0 0.8 0.6 LRU
python3 YC/iscc19/Implementation/Algo/Replacement/repllacement_algo.py 3.0 0.8 0.6 LRU
Before replaced_images: []
Before replaced_layer_nums: []
exist_images: ['192.168.1.100:5000/iscc19:s2-audio-6', '192.168.1.100:5000/iscc19:s2-yolo-5', '192.168.1.100:5000/iscc19:s2-audio-1']
After replaced_images: []
After replaced_layer_nums: []
Before replacement_sz: 1200000000.0
Storage usage: 2551239147.0
Available size: 448760853.0
After replacement_sz: 751239147.0
total_size: 3000000000.0
high_level_sz: 2400000000.0
Before image_layers: ['192.168.1.100:5000/iscc19:s2-audio-6', '192.168.1.100:5000/iscc19:s2-yolo-5', '192.168.1.100:5000/iscc19:s2-audio-1']
image_layers + replaced_images: ['192.168.1.100:5000/iscc19:s2-audio-6', '192.168.1.100:5000/iscc19:s2-yolo-5', '192.168.1.100:5000/iscc19:s2-audio-1']
running_images: []
image_layers exclude running_images: ['192.168.1.100:5000/iscc19:s2-audio-6', '192.168.1.100:5000/iscc19:s2-yolo-5', '192.168.1.100:5000/iscc19:s2-audio-1']
line in images_download.log:
192.168.1.100:5000/iscc19:s2-yolo-5,1596392430.2211664,1

192.168.1.100:5000/iscc19:s2-audio-1,1596392430.221165,3

192.168.1.100:5000/iscc19:s2-audio-6,1596392430.221164,3

get images from download log: ['192.168.1.100:5000/iscc19:s2-yolo-5', '192.168.1.100:5000/iscc19:s2-audio-1', '192.168.1.100:5000/iscc19:s2-audio-6']
get num_access_time from download log: [1, 3, 3]
get download_time from download log: [1596392430.2211664, 1596392430.221165, 1596392430.221164]
images: ['192.168.1.100:5000/iscc19:s2-yolo-5', '192.168.1.100:5000/iscc19:s2-audio-1', '192.168.1.100:5000/iscc19:s2-audio-6']
num_access_time: [1, 3, 3]
download_time:  [1596392430.2211664, 1596392430.221165, 1596392430.221164]
policy: LRU
index: 2
192.168.1.100:5000/iscc19:s2-audio-6
unreplace_images_list: []
replaced_images: []
Subtract exist layer size: 25370000.0
Subtract exist layer size: 89060000.0
Subtract exist layer size: 40880000.0
Subtract exist layer size: 754600.0
Subtract exist layer size: 3882000.0
Subtract exist layer size: 97.0
Subtract exist layer size: 117900000.0
Subtract exist layer size: 56960000.0
Subtract exist layer size: 300000.0
Subtract exist layer size: 287300000.0
Subtract exist layer size: 1686000.0
Subtract exist layer size: 4162000.0
Subtract exist layer size: 111700000.0
Subtract exist layer size: 40350000.0
['192.168.1.100:5000/iscc19:s2-audio-6'] ['14']
Replacing image: 192.168.1.100:5000/iscc19:s2-audio-6
Check running_images []
"docker rm" requires at least 1 argument.
See 'docker rm --help'.

Usage:  docker rm [OPTIONS] CONTAINER [CONTAINER...] [flags]

Remove one or more containers
Stop docker engine
No screen session found.
Kill docker screen
Restart docker engine
time: 48.306912422180176
time: 51.201162576675415

Replace time: 51
content '192.168.1.100:5000/iscc19:s2-audio-6', '192.168.1.100:5000/iscc19:s2-yolo-5', '192.168.1.100:5000/iscc19:s2-audio-1'
======Replacement Done======
======Deploy Algo Result======
cloud apps:  ['audio1-19', 'audio1-20', 'audio11-15', 'audio11-16', 'audio11-18', 'audio12-19', 'audio2-10', 'audio4-14', 'audio4-18', 'audio8-18', 'audio9-12', 'audio9-19', 'yolo10-12', 'yolo10-19', 'yolo11-18', 'yolo12-18', 'yolo3-16', 'yolo5-17', 'yolo6-19', 'yolo7-19', 'yolo8-12', 'yolo8-16']
edge apps:  []
common:  []
Edge: ['audio1', 'audio1', 'audio9', 'audio9']
Cloud: ['audio11', 'audio11', 'audio12', 'audio8', 'yolo10', 'yolo10', 'yolo11', 'yolo12', 'yolo3', 'yolo5', 'yolo6', 'yolo7', 'yolo8', 'yolo8']
Exec Time:  0.0269329547882
terminal file content:  
is_terminal:  False
after IDA app:  audio1
app_image: audio1
delete app:audio1-19

s2-audio-1:Pullingfromiscc19
Digest:sha256:6783ecc0c002f2c85e1bbbb2a4ecbe6ca6a13014f346ca0dc113074b0be928ad
Status:Imageisuptodatefor192.168.1.100:5000/iscc19:s2-audio-1

real	0m0.031s
user	0m0.023s
sys	0m0.003s
is_download: False
k8s create analytic stdoutput:
b'pod/audio1-edge-19 created\n'
k8s create analytic erroutput:
Deploy: audio1-19
try deploy app number:  19
terminal file content:  
is_terminal:  False
after IDA app:  audio1
app_image: audio1
delete app:audio1-20

s2-audio-1:Pullingfromiscc19
Digest:sha256:6783ecc0c002f2c85e1bbbb2a4ecbe6ca6a13014f346ca0dc113074b0be928ad
Status:Imageisuptodatefor192.168.1.100:5000/iscc19:s2-audio-1

real	0m0.029s
user	0m0.010s
sys	0m0.015s
is_download: False
k8s create analytic stdoutput:
b'pod/audio1-edge-20 created\n'
k8s create analytic erroutput:
Deploy: audio1-20
try deploy app number:  20
terminal file content:  
is_terminal:  False
after IDA app:  audio9
app_image: audio9
delete app:audio9-12

s2-audio-9:Pullingfromiscc19
e92ed755c008:Alreadyexists
b9fd7cb1ff8f:Alreadyexists
ee690f2d57a1:Alreadyexists
53e3366ec435:Alreadyexists
3b2349088293:Alreadyexists
c4bc355c4bb6:Alreadyexists
a61b86390bd9:Alreadyexists
c43a6895b426:Alreadyexists
67a5938ecd4a:Alreadyexists
2a121114ae73:Alreadyexists
bb057374f5b4:Pullingfslayer
f544a41f3e6d:Pullingfslayer
5b6312bb8974:Pullingfslayer
2dddc0d6064b:Pullingfslayer
0ce9b92c2d67:Pullingfslayer
6bb6a09f1374:Pullingfslayer
e51b652b73a4:Pullingfslayer
0c05e309b459:Pullingfslayer
0dd4f40e5c5f:Pullingfslayer
2dddc0d6064b:Waiting
0ce9b92c2d67:Waiting
6bb6a09f1374:Waiting
0c05e309b459:Waiting
e51b652b73a4:Waiting
0dd4f40e5c5f:Waiting
f544a41f3e6d:VerifyingChecksum
f544a41f3e6d:Downloadcomplete
2dddc0d6064b:VerifyingChecksum
2dddc0d6064b:Downloadcomplete
0ce9b92c2d67:VerifyingChecksum
0ce9b92c2d67:Downloadcomplete
6bb6a09f1374:VerifyingChecksum
6bb6a09f1374:Downloadcomplete
e51b652b73a4:VerifyingChecksum
e51b652b73a4:Downloadcomplete
5b6312bb8974:VerifyingChecksum
5b6312bb8974:Downloadcomplete
0dd4f40e5c5f:VerifyingChecksum
0dd4f40e5c5f:Downloadcomplete
0c05e309b459:VerifyingChecksum
0c05e309b459:Downloadcomplete
bb057374f5b4:VerifyingChecksum
bb057374f5b4:Downloadcomplete
bb057374f5b4:Pullcomplete
f544a41f3e6d:Pullcomplete
5b6312bb8974:Pullcomplete
2dddc0d6064b:Pullcomplete
0ce9b92c2d67:Pullcomplete
6bb6a09f1374:Pullcomplete
e51b652b73a4:Pullcomplete
0c05e309b459:Pullcomplete
0dd4f40e5c5f:Pullcomplete
Digest:sha256:22e58c8930255ba2a54931c7b488329e270be6515874683436286e00a3a44b13
Status:Downloadednewerimagefor192.168.1.100:5000/iscc19:s2-audio-9

real	5m8.114s
user	0m0.239s
sys	0m0.062s
is_download: True
fail to deploy audio9 with period 3 since audio9 has departured
Deploy: audio9
Fail to deploy app number:  audio9
no need to download (edge), time:  20
terminal file content:  
is_terminal:  False
after IDA app:  audio9
app_image: audio9
delete app:audio9-19

s2-audio-9:Pullingfromiscc19
Digest:sha256:22e58c8930255ba2a54931c7b488329e270be6515874683436286e00a3a44b13
Status:Imageisuptodatefor192.168.1.100:5000/iscc19:s2-audio-9

real	0m0.030s
user	0m0.017s
sys	0m0.009s
is_download: False
fail to deploy audio9 with period 3 since audio9 has departured
Deploy: audio9
Fail to deploy app number:  audio9
no need to download (edge), time:  20
**time:25
pod "audio1-22" deleted
pod "audio1-29" deleted
pod "audio1-29" deleted
======Replacement======
Start replacing and Lock replace_time.input
high_level: 0.8 low_level 0.6 policy: LRU
python3 YC/iscc19/Implementation/Algo/Replacement/replacement_algo.py 3.0 0.8 0.6 LRU
python3 YC/iscc19/Implementation/Algo/Replacement/repllacement_algo.py 3.0 0.8 0.6 LRU
Before replaced_images: ['192.168.1.100:5000/iscc19:s2-audio-6']
Before replaced_layer_nums: [14]
exist_images: ['192.168.1.100:5000/iscc19:s2-audio-9', '192.168.1.100:5000/iscc19:s2-yolo-5', '192.168.1.100:5000/iscc19:s2-audio-1']
After replaced_images: ['192.168.1.100:5000/iscc19:s2-audio-6']
After replaced_layer_nums: [14]
Before replacement_sz: 1200000000.0
Storage usage: 2949918649.0
Available size: 50081351.0
After replacement_sz: 1149918649.0
total_size: 3000000000.0
high_level_sz: 2400000000.0
Before image_layers: ['192.168.1.100:5000/iscc19:s2-audio-9', '192.168.1.100:5000/iscc19:s2-yolo-5', '192.168.1.100:5000/iscc19:s2-audio-1']
image_layers + replaced_images: ['192.168.1.100:5000/iscc19:s2-audio-9', '192.168.1.100:5000/iscc19:s2-yolo-5', '192.168.1.100:5000/iscc19:s2-audio-1', '192.168.1.100:5000/iscc19:s2-audio-6']
running_images: ['192.168.1.100:5000/iscc19:s2-audio-1']
image_layers exclude running_images: ['192.168.1.100:5000/iscc19:s2-audio-9', '192.168.1.100:5000/iscc19:s2-yolo-5', '192.168.1.100:5000/iscc19:s2-audio-6']
line in images_download.log:
192.168.1.100:5000/iscc19:s2-yolo-5,1596392430.2211664,1

192.168.1.100:5000/iscc19:s2-audio-6,1596392430.221164,3

192.168.1.100:5000/iscc19:s2-audio-9,1596393256.9853659,1

get images from download log: ['192.168.1.100:5000/iscc19:s2-yolo-5', '192.168.1.100:5000/iscc19:s2-audio-6', '192.168.1.100:5000/iscc19:s2-audio-9']
get num_access_time from download log: [1, 3, 1]
get download_time from download log: [1596392430.2211664, 1596392430.221164, 1596393256.9853659]
images: ['192.168.1.100:5000/iscc19:s2-yolo-5', '192.168.1.100:5000/iscc19:s2-audio-6', '192.168.1.100:5000/iscc19:s2-audio-9']
num_access_time: [1, 3, 1]
download_time:  [1596392430.2211664, 1596392430.221164, 1596393256.9853659]
policy: LRU
index: 1
192.168.1.100:5000/iscc19:s2-audio-6
unreplace_images_list: ['192.168.1.100:5000/iscc19:s2-audio-6']
replaced_images: ['192.168.1.100:5000/iscc19:s2-audio-6']
image in replaced_images
unreplace_layers_list: [['8dca52e0844f', 'c10f9164a095', '6c6c9e7d4bc8', '44902de9371b', 'd74070ae6935', '5d82373585d6', 'f907520a2b5c', '87a8b2502090', '2779c4218ec6', 'aeff70e58a21', '3aa40cb79e1c', '5082ac5bec7f', 'c7a87d55b343', 'fba56d5b53b2', 'c4bc355c4bb6', '3b2349088293', '53e3366ec435', 'ee690f2d57a1', 'b9fd7cb1ff8f', 'e92ed755c008']]
images: ['192.168.1.100:5000/iscc19:s2-yolo-5', '192.168.1.100:5000/iscc19:s2-audio-9']
num_access_time: [1, 1]
download_time:  [1596392430.2211664, 1596393256.9853659]
policy: LRU
index: 0
192.168.1.100:5000/iscc19:s2-yolo-5
unreplace_images_list: ['192.168.1.100:5000/iscc19:s2-audio-6']
replaced_images: ['192.168.1.100:5000/iscc19:s2-audio-6']
Subtract exist layer size: 319000000.0
Subtract exist layer size: 93.0
Subtract exist layer size: 8694000.0
Subtract exist layer size: 130800000.00000001
Subtract exist layer size: 298100.0
Subtract exist layer size: 280600000.0
images: ['192.168.1.100:5000/iscc19:s2-audio-9']
num_access_time: [1]
download_time:  [1596393256.9853659]
policy: LRU
index: 0
192.168.1.100:5000/iscc19:s2-audio-9
unreplace_images_list: ['192.168.1.100:5000/iscc19:s2-audio-6']
replaced_images: ['192.168.1.100:5000/iscc19:s2-audio-6']
Subtract exist layer size: 25480000.0
Subtract exist layer size: 81170000.0
Subtract exist layer size: 40860000.0
Subtract exist layer size: 3882000.0
Subtract exist layer size: 99.0
Subtract exist layer size: 8694000.0
Subtract exist layer size: 130800000.00000001
Subtract exist layer size: 298100.0
Subtract exist layer size: 887800000.0
['192.168.1.100:5000/iscc19:s2-audio-6', '192.168.1.100:5000/iscc19:s2-yolo-5', '192.168.1.100:5000/iscc19:s2-audio-9'] ['20', '16', '9']
Replacing image: 192.168.1.100:5000/iscc19:s2-audio-6
Check running_images ['192.168.1.100:5000/iscc19:s2-audio-1']
"docker rm" requires at least 1 argument.
See 'docker rm --help'.

Usage:  docker rm [OPTIONS] CONTAINER [CONTAINER...] [flags]

Remove one or more containers
Stop docker engine
No screen session found.
Kill docker screen
Restart docker engine
time: 176.1098461151123
Replacing image: 192.168.1.100:5000/iscc19:s2-yolo-5
Check running_images []
"docker rm" requires at least 1 argument.
See 'docker rm --help'.

Usage:  docker rm [OPTIONS] CONTAINER [CONTAINER...] [flags]

Remove one or more containers
Stop docker engine
No screen session found.
Kill docker screen
Restart docker engine
time: 225.93946623802185
Replacing image: 192.168.1.100:5000/iscc19:s2-audio-9
Check running_images []
"docker rm" requires at least 1 argument.
See 'docker rm --help'.

Usage:  docker rm [OPTIONS] CONTAINER [CONTAINER...] [flags]

Remove one or more containers
Stop docker engine
No screen session found.
Kill docker screen
Restart docker engine
time: 275.4508807659149
time: 276.4517560005188

Replace time: 276
content '192.168.1.100:5000/iscc19:s2-audio-9', '192.168.1.100:5000/iscc19:s2-yolo-5', '192.168.1.100:5000/iscc19:s2-audio-1'
======Replacement Done======
======Deploy Algo Result======
cloud apps:  ['audio1-22', 'audio1-29', 'audio12-24', 'audio4-26', 'audio7-24', 'audio9-25', 'yolo1-25', 'yolo10-23', 'yolo10-26', 'yolo12-23', 'yolo2-28', 'yolo3-28', 'yolo6-27', 'yolo9-27']
edge apps:  []
common:  []
Edge: ['audio1', 'audio1', 'audio10', 'audio10']
Cloud: ['audio11', 'audio12', 'audio2', 'audio3', 'audio7', 'audio9', 'yolo1', 'yolo10', 'yolo10', 'yolo11', 'yolo12', 'yolo12', 'yolo7', 'yolo7', 'yolo8', 'yolo9']
Exec Time:  0.0237150192261
terminal file content:  
is_terminal:  False
after IDA app:  audio1
app_image: audio1
delete app:audio1-22

s2-audio-1:Pullingfromiscc19
Digest:sha256:6783ecc0c002f2c85e1bbbb2a4ecbe6ca6a13014f346ca0dc113074b0be928ad
Status:Imageisuptodatefor192.168.1.100:5000/iscc19:s2-audio-1

real	0m0.252s
user	0m0.018s
sys	0m0.011s
is_download: False
k8s create analytic stdoutput:
b'pod/audio1-edge-22 created\n'
k8s create analytic erroutput:
Deploy: audio1-22
try deploy app number:  22
terminal file content:  
is_terminal:  False
after IDA app:  audio1
app_image: audio1
delete app:audio1-29

s2-audio-1:Pullingfromiscc19
Digest:sha256:6783ecc0c002f2c85e1bbbb2a4ecbe6ca6a13014f346ca0dc113074b0be928ad
Status:Imageisuptodatefor192.168.1.100:5000/iscc19:s2-audio-1

real	0m0.024s
user	0m0.016s
sys	0m0.004s
is_download: False
k8s create analytic stdoutput:
b'pod/audio1-edge-29 created\n'
k8s create analytic erroutput:
Deploy: audio1-29
try deploy app number:  29
terminal file content:  
is_terminal:  False
after IDA app:  audio10
app_image: audio10
delete app:audio1-29

s2-audio-10:Pullingfromiscc19
e92ed755c008:Alreadyexists
b9fd7cb1ff8f:Alreadyexists
ee690f2d57a1:Alreadyexists
53e3366ec435:Alreadyexists
3b2349088293:Alreadyexists
c4bc355c4bb6:Alreadyexists
fba56d5b53b2:Pullingfslayer
c7a87d55b343:Pullingfslayer
5082ac5bec7f:Pullingfslayer
3aa40cb79e1c:Pullingfslayer
bbb05e1efd4f:Pullingfslayer
d4cb88559856:Pullingfslayer
3d32a2185ae1:Pullingfslayer
6db09c6d5998:Pullingfslayer
bfc000e4e236:Pullingfslayer
05c29e9f9786:Pullingfslayer
2ba304bf312e:Pullingfslayer
7a3d9e540b32:Pullingfslayer
066206222173:Pullingfslayer
ccefc97aa20a:Pullingfslayer
3aa40cb79e1c:Waiting
bbb05e1efd4f:Waiting
d4cb88559856:Waiting
3d32a2185ae1:Waiting
6db09c6d5998:Waiting
bfc000e4e236:Waiting
066206222173:Waiting
05c29e9f9786:Waiting
2ba304bf312e:Waiting
ccefc97aa20a:Waiting
7a3d9e540b32:Waiting
5082ac5bec7f:VerifyingChecksum
5082ac5bec7f:Downloadcomplete
3aa40cb79e1c:VerifyingChecksum
3aa40cb79e1c:Downloadcomplete
fba56d5b53b2:VerifyingChecksum
fba56d5b53b2:Downloadcomplete
d4cb88559856:VerifyingChecksum
d4cb88559856:Downloadcomplete
fba56d5b53b2:Pullcomplete
c7a87d55b343:VerifyingChecksum
c7a87d55b343:Downloadcomplete
3d32a2185ae1:VerifyingChecksum
3d32a2185ae1:Downloadcomplete
bfc000e4e236:VerifyingChecksum
bfc000e4e236:Downloadcomplete
05c29e9f9786:VerifyingChecksum
05c29e9f9786:Downloadcomplete
2ba304bf312e:Downloadcomplete
c7a87d55b343:Pullcomplete
5082ac5bec7f:Pullcomplete
3aa40cb79e1c:Pullcomplete
7a3d9e540b32:VerifyingChecksum
7a3d9e540b32:Downloadcomplete
6db09c6d5998:VerifyingChecksum
6db09c6d5998:Downloadcomplete
ccefc97aa20a:VerifyingChecksum
ccefc97aa20a:Downloadcomplete
066206222173:VerifyingChecksum
066206222173:Downloadcomplete
bbb05e1efd4f:VerifyingChecksum
bbb05e1efd4f:Downloadcomplete
bbb05e1efd4f:Pullcomplete
d4cb88559856:Pullcomplete
3d32a2185ae1:Pullcomplete
6db09c6d5998:Pullcomplete
bfc000e4e236:Pullcomplete
05c29e9f9786:Pullcomplete
2ba304bf312e:Pullcomplete
7a3d9e540b32:Pullcomplete
066206222173:Pullcomplete
ccefc97aa20a:Pullcomplete
Digest:sha256:a613f30f453026e48b578b5999079d3449129afa4cc6f2f6878b6ec342dfd504
Status:Downloadednewerimagefor192.168.1.100:5000/iscc19:s2-audio-10

real	3m23.777s
user	0m0.255s
sys	0m0.102s
is_download: True
k8s create analytic stdoutput:
b'pod/audio10-edge-29 created\n'
k8s create analytic erroutput:
Deploy: audio1-29
try deploy app number:  29
terminal file content:  
is_terminal:  False
after IDA app:  audio10
app_image: audio10
delete app:audio1-29

s2-audio-10:Pullingfromiscc19
Digest:sha256:a613f30f453026e48b578b5999079d3449129afa4cc6f2f6878b6ec342dfd504
Status:Imageisuptodatefor192.168.1.100:5000/iscc19:s2-audio-10

real	0m0.124s
user	0m0.012s
sys	0m0.017s
is_download: False
k8s create analytic stdoutput:
b'Error from server (AlreadyExists): error when creating "yaml/edge/audio10.yaml": pods "audio10-edge-29" already exists\n'
k8s create analytic erroutput:
Deploy: audio1-29
try deploy app number:  29
**time:30
======Replacement======
Start replacing and Lock replace_time.input
high_level: 0.8 low_level 0.6 policy: LRU
python3 YC/iscc19/Implementation/Algo/Replacement/replacement_algo.py 3.0 0.8 0.6 LRU
python3 YC/iscc19/Implementation/Algo/Replacement/repllacement_algo.py 3.0 0.8 0.6 LRU
Before replaced_images: ['192.168.1.100:5000/iscc19:s2-audio-9']
Before replaced_layer_nums: [9]
exist_images: ['192.168.1.100:5000/iscc19:s2-audio-10', '192.168.1.100:5000/iscc19:s2-audio-1']
After replaced_images: ['192.168.1.100:5000/iscc19:s2-audio-9']
After replaced_layer_nums: [9]
Before replacement_sz: 1200000000.0
Storage usage: 2419046956.0
Available size: 580953044.0
After replacement_sz: 619046956.0
total_size: 3000000000.0
high_level_sz: 2400000000.0
Before image_layers: ['192.168.1.100:5000/iscc19:s2-audio-10', '192.168.1.100:5000/iscc19:s2-audio-1']
image_layers + replaced_images: ['192.168.1.100:5000/iscc19:s2-audio-10', '192.168.1.100:5000/iscc19:s2-audio-1', '192.168.1.100:5000/iscc19:s2-audio-9']
running_images: ['192.168.1.100:5000/iscc19:s2-audio-10', '192.168.1.100:5000/iscc19:s2-audio-1']
image_layers exclude running_images: ['192.168.1.100:5000/iscc19:s2-audio-9']
line in images_download.log:
192.168.1.100:5000/iscc19:s2-audio-9,1596393256.9853659,1

get images from download log: ['192.168.1.100:5000/iscc19:s2-audio-9']
get num_access_time from download log: [1]
get download_time from download log: [1596393256.9853659]
images: ['192.168.1.100:5000/iscc19:s2-audio-9']
num_access_time: [1]
download_time:  [1596393256.9853659]
policy: LRU
index: 0
192.168.1.100:5000/iscc19:s2-audio-9
unreplace_images_list: ['192.168.1.100:5000/iscc19:s2-audio-9']
replaced_images: ['192.168.1.100:5000/iscc19:s2-audio-9']
image in replaced_images
unreplace_layers_list: [['0dd4f40e5c5f', '0c05e309b459', 'e51b652b73a4', '6bb6a09f1374', '0ce9b92c2d67', '2dddc0d6064b', '5b6312bb8974', 'f544a41f3e6d', 'bb057374f5b4', '2a121114ae73', '67a5938ecd4a', 'c43a6895b426', 'a61b86390bd9', 'c4bc355c4bb6', '3b2349088293', '53e3366ec435', 'ee690f2d57a1', 'b9fd7cb1ff8f', 'e92ed755c008']]
Subtract unreplace compressed layer size: 1664000.0
Subtract unreplace compressed layer size: 4045000.0
Subtract unreplace compressed layer size: 102700000.0
Subtract unreplace compressed layer size: 10150000.0
['192.168.1.100:5000/iscc19:s2-audio-9'] ['19']
Replacing image: 192.168.1.100:5000/iscc19:s2-audio-9
Check running_images ['192.168.1.100:5000/iscc19:s2-audio-10', '192.168.1.100:5000/iscc19:s2-audio-1']
"docker rm" requires at least 1 argument.
See 'docker rm --help'.

Usage:  docker rm [OPTIONS] CONTAINER [CONTAINER...] [flags]

Remove one or more containers
Stop docker engine
No screen session found.
Kill docker screen
Restart docker engine
time: 231.43798089027405
time: 232.95979380607605

Replace time: 233
content '192.168.1.100:5000/iscc19:s2-audio-10', '192.168.1.100:5000/iscc19:s2-audio-1'
======Replacement Done======
======Deploy Algo Result======
cloud apps:  ['audio12-24', 'audio4-26', 'audio9-25', 'yolo10-23', 'yolo10-26', 'yolo12-23', 'yolo2-28', 'yolo6-27', 'yolo9-27']
edge apps:  ['audio1-edge-22', 'audio1-edge-29', 'audio10-edge-29']
common:  []
Edge: ['audio1', 'audio1']
Cloud: ['audio12', 'audio4', 'audio9', 'yolo10', 'yolo10', 'yolo12', 'yolo2', 'yolo6', 'yolo9']
Exec Time:  0.0840599536896
terminal file content:  
is_terminal:  False
after IDA app:  audio1
app_image: audio1
Deploy: audio1
Fail to deploy app number:  audio1
no need to download (edge), time:  30
terminal file content:  
is_terminal:  False
after IDA app:  audio1
app_image: audio1
Deploy: audio1
Fail to deploy app number:  audio1
no need to download (edge), time:  30
