pod/yolo9-0 created
pod/audio7-0 created
pod/audio4-0 created
No resources found.
pod "audio7-0" deleted
pod/yolo12-1 created
pod/yolo8-1 created
pod/audio5-1 created
No resources found.
pod/yolo9-2 created
pod/audio10-2 created
pod/yolo2-2 created
pod/yolo12-2 created
No resources found.
pod/audio9-3 created
pod/audio3-3 created
pod/audio7-3 created
No resources found.
pod/yolo10-4 created
pod/audio8-4 created
pod/yolo5-4 created
pod/audio4-4 created
pod "yolo9-0" deleted
pod "audio10-2" deleted
No resources found.
pod "audio10-2" deleted
pod/audio10-5 created
pod "yolo9-0" deleted
pod/yolo5-5 created
No resources found.
No resources found.
pod/audio3-6 created
pod/yolo7-6 created
pod/yolo2-6 created
pod/yolo12-6 created
pod/audio8-6 created
pod "yolo8-1" deleted
pod "audio5-1" deleted
pod "audio7-3" deleted
No resources found.
pod "audio5-1" deleted
pod "audio7-3" deleted
pod "yolo8-1" deleted
pod/audio7-7 created
pod/yolo4-7 created
pod/yolo8-7 created
pod "yolo10-4" deleted
No resources found.
pod "yolo10-4" deleted
pod "audio5-1" deleted
pod/yolo11-8 created
pod/audio12-8 created
pod "yolo5-5" deleted
pod "yolo2-6" deleted
pod "audio9-3" deleted
pod "audio3-3" deleted
No resources found.
pod/audio10-9 created
pod "audio3-3" deleted
pod "audio9-3" deleted
pod/audio8-9 created
pod "yolo2-6" deleted
pod "yolo5-5" deleted
time: 0
Init deployed Analytic: yolo9-0
Init deployed Analytic: audio7-0
Init deployed Analytic: audio4-0

minion@minion-nuc-cloud:~$ 
[Departure] yolo9-0:1/4
[Departure] audio4-0:1/8
[Departure] audio7-0:1/1
used_storage:  0 used bandwidth:  0
departure []
all_departures []
Pods in cloud:  ['NAME', 'audio4-0', 'audio7-0', 'yolo9-0']
Pods in edge:  []
The passed time:  60.049065351486206
The time of this iteration: 60.049065351486206
time: 1
[Departure] yolo9-0:2/4
[Departure] audio4-0:2/8
init delete pods audio7-0
used_storage:  0 used bandwidth:  0
departure [['audio7-0', 1, 1]]
all_departures ['audio7-0']
Init deployed Analytic: yolo8-1
Init deployed Analytic: yolo12-1
Init deployed Analytic: audio5-1
Pods in cloud:  ['NAME', 'audio4-0', 'audio5-1', 'audio7-0', 'yolo12-1', 'yolo8-1', 'yolo9-0']
Pods in edge:  []
The passed time:  120.08639621734619
The time of this iteration: 60.037330865859985
time: 2
Init deployed Analytic: yolo9-2
Init deployed Analytic: audio10-2
Init deployed Analytic: yolo2-2
Init deployed Analytic: yolo12-2
[Departure] yolo9-0:3/4
[Departure] audio4-0:3/8
[Departure] audio5-1:1/4
[Departure] yolo12-1:1/8
[Departure] yolo8-1:1/4
[Departure] yolo9-2:1/8
[Departure] yolo2-2:1/7
[Departure] audio10-2:1/2
[Departure] yolo12-2:1/10
used_storage:  0 used bandwidth:  0
departure []
all_departures ['audio7-0']
Pods in cloud:  ['NAME', 'audio10-2', 'audio4-0', 'audio5-1', 'yolo12-1', 'yolo12-2', 'yolo2-2', 'yolo8-1', 'yolo9-0', 'yolo9-2']
Pods in edge:  []
The passed time:  180.12322330474854
The time of this iteration: 60.036827087402344
time: 3
Init deployed Analytic: audio9-3
Init deployed Analytic: audio3-3
Init deployed Analytic: audio7-3
[Departure] yolo9-0:4/4
[Departure] audio4-0:4/8
[Departure] audio5-1:2/4
[Departure] yolo12-1:2/8
[Departure] yolo8-1:2/4
[Departure] yolo9-2:2/8
[Departure] yolo2-2:2/7
[Departure] audio10-2:2/2
[Departure] yolo12-2:2/10
[Departure] audio3-3:1/5
[Departure] audio9-3:1/5
[Departure] audio7-3:1/3
used_storage:  0 used bandwidth:  0
departure []
all_departures ['audio7-0']
Pods in cloud:  ['NAME', 'audio10-2', 'audio3-3', 'audio4-0', 'audio5-1', 'audio7-3', 'audio9-3', 'yolo12-1', 'yolo12-2', 'yolo2-2', 'yolo8-1', 'yolo9-0', 'yolo9-2']
Pods in edge:  []
The passed time:  240.14980006217957
The time of this iteration: 60.02657675743103
time: 4
init delete pods yolo9-0
[Departure] audio4-0:5/8
[Departure] audio5-1:3/4
[Departure] yolo12-1:3/8
[Departure] yolo8-1:3/4
[Departure] yolo9-2:3/8
[Departure] yolo2-2:3/7
init delete pods audio10-2
[Departure] yolo12-2:3/10
[Departure] audio3-3:2/5
[Departure] audio9-3:2/5
[Departure] audio7-3:2/3
Init deployed Analytic: audio8-4
Init deployed Analytic: audio4-4
Init deployed Analytic: yolo10-4
Init deployed Analytic: yolo5-4
used_storage:  0 used bandwidth:  0
departure [['yolo9-0', 4, 4], ['audio10-2', 2, 2]]
all_departures ['audio7-0', 'yolo9-0', 'audio10-2']
Pods in cloud:  ['NAME', 'audio10-2', 'audio3-3', 'audio4-0', 'audio4-4', 'audio5-1', 'audio7-3', 'audio8-4', 'audio9-3', 'yolo10-4', 'yolo12-1', 'yolo12-2', 'yolo2-2', 'yolo5-4', 'yolo8-1', 'yolo9-0', 'yolo9-2']
Pods in edge:  []
The passed time:  300.19086742401123
The time of this iteration: 60.041067361831665
time: 5
Delete stuck app: yolo9-0
Delete stuck app: audio10-2
Init deployed Analytic: audio10-5
Init deployed Analytic: yolo5-5
[Departure] audio4-0:6/8
[Departure] audio5-1:4/4
[Departure] yolo12-1:4/8
[Departure] yolo8-1:4/4
[Departure] yolo9-2:4/8
[Departure] yolo2-2:4/7
[Departure] yolo12-2:4/10
[Departure] audio3-3:3/5
[Departure] audio9-3:3/5
[Departure] audio7-3:3/3
[Departure] yolo5-4:1/5
[Departure] audio8-4:1/6
[Departure] audio4-4:1/6
[Departure] yolo10-4:1/2
used_storage:  0 used bandwidth:  0
departure []
all_departures ['audio7-0', 'yolo9-0', 'audio10-2', 'yolo9-0', 'audio10-2']
write terminal.input False
Pods in cloud:  ['NAME', 'audio10-2', 'audio10-5', 'audio3-3', 'audio4-0', 'audio4-4', 'audio5-1', 'audio7-3', 'audio8-4', 'audio9-3', 'yolo10-4', 'yolo12-1', 'yolo12-2', 'yolo2-2', 'yolo5-4', 'yolo5-5', 'yolo8-1', 'yolo9-0', 'yolo9-2']
Pods in edge:  []
The passed time:  360.22506070137024
The time of this iteration: 60.03419327735901
time: 6
Init deployed Analytic: yolo7-6
Init deployed Analytic: yolo2-6
Init deployed Analytic: yolo12-6
Init deployed Analytic: audio3-6
Init deployed Analytic: audio8-6
[Departure] audio4-0:7/8
init delete pods audio5-1
[Departure] yolo12-1:5/8
init delete pods yolo8-1
[Departure] yolo9-2:5/8
[Departure] yolo2-2:5/7
[Departure] yolo12-2:5/10
[Departure] audio3-3:4/5
[Departure] audio9-3:4/5
init delete pods audio7-3
[Departure] yolo5-4:2/5
[Departure] audio8-4:2/6
[Departure] audio4-4:2/6
[Departure] yolo10-4:2/2
[Departure] audio10-5:1/10
[Departure] yolo5-5:1/2
[Departure] yolo2-6:1/2
[Departure] audio3-6:1/10
[Departure] yolo12-6:1/7
[Departure] yolo7-6:1/5
[Departure] audio8-6:1/10
used_storage:  0 used bandwidth:  0
departure [['audio5-1', 4, 4], ['yolo8-1', 4, 4], ['audio7-3', 3, 3]]
all_departures ['audio7-0', 'yolo9-0', 'audio10-2', 'yolo9-0', 'audio10-2', 'audio5-1', 'yolo8-1', 'audio7-3']
Pods in cloud:  ['NAME', 'audio10-5', 'audio3-3', 'audio3-6', 'audio4-0', 'audio4-4', 'audio5-1', 'audio7-3', 'audio8-4', 'audio8-6', 'audio9-3', 'yolo10-4', 'yolo12-1', 'yolo12-2', 'yolo12-6', 'yolo2-2', 'yolo2-6', 'yolo5-4', 'yolo5-5', 'yolo7-6', 'yolo8-1', 'yolo9-2']
Pods in edge:  []
The passed time:  420.246160030365
The time of this iteration: 60.02109932899475
time: 7
Delete stuck app: audio5-1
Delete stuck app: yolo8-1
Delete stuck app: audio7-3
[Departure] yolo12-1:6/8
[Departure] yolo9-2:6/8
[Departure] yolo2-2:6/7
[Departure] yolo12-2:6/10
[Departure] audio3-3:5/5
[Departure] audio9-3:5/5
[Departure] yolo5-4:3/5
[Departure] audio8-4:3/6
[Departure] audio4-4:3/6
init delete pods yolo10-4
[Departure] audio10-5:2/10
[Departure] yolo5-5:2/2
[Departure] yolo2-6:2/2
[Departure] audio3-6:2/10
[Departure] yolo12-6:2/7
[Departure] yolo7-6:2/5
[Departure] audio8-6:2/10
Init deployed Analytic: audio7-7
Init deployed Analytic: yolo4-7
Init deployed Analytic: yolo8-7
used_storage:  0 used bandwidth:  0
departure [['yolo10-4', 2, 2]]
all_departures ['audio7-0', 'yolo9-0', 'audio10-2', 'yolo9-0', 'audio10-2', 'audio5-1', 'yolo8-1', 'audio7-3', 'audio5-1', 'yolo8-1', 'audio7-3', 'yolo10-4']
Pods in cloud:  ['NAME', 'audio10-5', 'audio3-3', 'audio3-6', 'audio4-4', 'audio5-1', 'audio7-3', 'audio7-7', 'audio8-4', 'audio8-6', 'audio9-3', 'yolo10-4', 'yolo12-1', 'yolo12-2', 'yolo12-6', 'yolo2-2', 'yolo2-6', 'yolo4-7', 'yolo5-4', 'yolo5-5', 'yolo7-6', 'yolo8-1', 'yolo8-7', 'yolo9-2']
Pods in edge:  []
The passed time:  480.2828538417816
The time of this iteration: 60.036693811416626
time: 8
Delete stuck app: audio5-1
Delete stuck app: yolo10-4
[Departure] yolo12-1:7/8
[Departure] yolo9-2:7/8
[Departure] yolo2-2:7/7
[Departure] yolo12-2:7/10
init delete pods audio3-3
init delete pods audio9-3
[Departure] yolo5-4:4/5
[Departure] audio8-4:4/6
[Departure] audio4-4:4/6
[Departure] audio10-5:3/10
init delete pods yolo5-5
init delete pods yolo2-6
[Departure] audio3-6:3/10
[Departure] yolo12-6:3/7
[Departure] yolo7-6:3/5
[Departure] audio8-6:3/10
[Departure] audio7-7:1/7
[Departure] yolo4-7:1/4
[Departure] yolo8-7:1/6
Init deployed Analytic: yolo11-8
Init deployed Analytic: audio12-8
used_storage:  0 used bandwidth:  0
departure [['audio3-3', 5, 5], ['audio9-3', 5, 5], ['yolo5-5', 2, 2], ['yolo2-6', 2, 2]]
all_departures ['audio7-0', 'yolo9-0', 'audio10-2', 'yolo9-0', 'audio10-2', 'audio5-1', 'yolo8-1', 'audio7-3', 'audio5-1', 'yolo8-1', 'audio7-3', 'yolo10-4', 'audio5-1', 'yolo10-4', 'audio3-3', 'audio9-3', 'yolo5-5', 'yolo2-6']
Pods in cloud:  ['NAME', 'audio10-5', 'audio12-8', 'audio3-3', 'audio3-6', 'audio4-4', 'audio7-7', 'audio8-4', 'audio8-6', 'audio9-3', 'yolo10-4', 'yolo11-8', 'yolo12-1', 'yolo12-2', 'yolo12-6', 'yolo2-2', 'yolo2-6', 'yolo4-7', 'yolo5-4', 'yolo5-5', 'yolo7-6', 'yolo8-7', 'yolo9-2']
Pods in edge:  []
The passed time:  540.325023651123
The time of this iteration: 60.04216980934143
time: 9
Delete stuck app: audio3-3
Delete stuck app: audio9-3
Delete stuck app: yolo5-5
Delete stuck app: yolo2-6
Init deployed Analytic: audio10-9
Init deployed Analytic:pod "yolo2-2" deleted
Error from server (NotFound): pods "audio5-1" not found
pod/yolo10-10 created
pod/yolo6-10 created
pod "yolo2-2" deleted
pod "yolo11-8" deleted
pod "yolo12-1" deleted
pod "yolo5-4" deleted
pod "yolo9-2" deleted
pod "audio8-4" deleted
pod "audio4-edge-0" deleted
pod "audio12-8" deleted
pod "audio4-edge-4" deleted
pod "yolo7-6" deleted
pod/yolo1-11 created
pod/audio12-11 created
pod/audio4-11 created
pod/yolo2-11 created
pod/yolo8-11 created
pod/audio3-12 created
pod/yolo7-12 created
pod/yolo12-12 created
pod/audio1-12 created
pod "yolo12-2" deleted
pod "yolo4-7" deleted
No resources found.
pod "yolo4-7" deleted
pod "yolo12-2" deleted
pod/yolo5-13 created
pod/audio6-13 created
pod/yolo9-13 created
pod/audio7-13 created
pod "yolo12-6" deleted
pod "audio12-11" deleted
pod "yolo1-11" deleted
No resources found.
pod "yolo12-6" deleted
pod "audio12-11" deleted
pod "yolo1-11" deleted
 audio8-9
[Departure] yolo12-1:8/8
[Departure] yolo9-2:8/8
init delete pods yolo2-2
[Departure] yolo12-2:8/10
[Departure] yolo5-4:5/5
[Departure] audio8-4:5/6
[Departure] audio4-4:5/6
[Departure] audio10-5:4/10
[Departure] audio3-6:4/10
[Departure] yolo12-6:4/7
[Departure] yolo7-6:4/5
[Departure] audio8-6:4/10
[Departure] audio7-7:2/7
[Departure] yolo4-7:2/4
[Departure] yolo8-7:2/6
[Departure] audio12-8:1/2
[Departure] yolo11-8:1/1
[Departure] audio8-9:1/6
[Departure] audio10-9:1/10
used_storage:  0 used bandwidth:  0
departure [['yolo2-2', 7, 7]]
all_departures ['audio7-0', 'yolo9-0', 'audio10-2', 'yolo9-0', 'audio10-2', 'audio5-1', 'yolo8-1', 'audio7-3', 'audio5-1', 'yolo8-1', 'audio7-3', 'yolo10-4', 'audio5-1', 'yolo10-4', 'audio3-3', 'audio9-3', 'yolo5-5', 'yolo2-6', 'audio3-3', 'audio9-3', 'yolo5-5', 'yolo2-6', 'yolo2-2']
Pods in cloud:  ['NAME', 'audio10-5', 'audio10-9', 'audio12-8', 'audio3-3', 'audio3-6', 'audio4-4', 'audio7-7', 'audio8-4', 'audio8-6', 'audio8-9', 'audio9-3', 'yolo11-8', 'yolo12-1', 'yolo12-2', 'yolo12-6', 'yolo2-2', 'yolo2-6', 'yolo4-7', 'yolo5-4', 'yolo5-5', 'yolo7-6', 'yolo8-7', 'yolo9-2']
Pods in edge:  ['audio4-edge-0']
The passed time:  600.3637886047363
The time of this iteration: 60.03876495361328
time: 10
Init deployed Analytic: yolo10-10
Init deployed Analytic: yolo6-10
Delete stuck app: yolo2-2
[Departure] audio4-edge-0:8/8
init delete pods yolo12-1
init delete pods yolo9-2
[Departure] yolo12-2:9/10
init delete pods yolo5-4
[Departure] audio8-4:6/6
[Departure] audio4-edge-4:6/6
[Departure] audio10-5:5/10
[Departure] audio3-6:5/10
[Departure] yolo12-6:5/7
[Departure] yolo7-6:5/5
[Departure] audio8-6:5/10
[Departure] audio7-7:3/7
[Departure] yolo4-7:3/4
[Departure] yolo8-7:3/6
[Departure] audio12-8:2/2
init delete pods yolo11-8
[Departure] audio8-9:2/6
[Departure] audio10-9:2/10
[Departure] yolo10-10:1/8
[Departure] yolo6-10:1/10
used_storage:  3.31 used bandwidth:  0
departure [['yolo12-1', 8, 8], ['yolo9-2', 8, 8], ['yolo5-4', 5, 5], ['yolo11-8', 1, 1]]
all_departures ['audio7-0', 'yolo9-0', 'audio10-2', 'yolo9-0', 'audio10-2', 'audio5-1', 'yolo8-1', 'audio7-3', 'audio5-1', 'yolo8-1', 'audio7-3', 'yolo10-4', 'audio5-1', 'yolo10-4', 'audio3-3', 'audio9-3', 'yolo5-5', 'yolo2-6', 'audio3-3', 'audio9-3', 'yolo5-5', 'yolo2-6', 'yolo2-2', 'yolo2-2', 'yolo12-1', 'yolo9-2', 'yolo5-4', 'yolo11-8']
IDA_thread is Alive
Sleep replace time: 0
images []
exist_images []
expect_analytics ['audio4', 'audio4', 'audio5']
Extract image: audio4
Extraction time: 146 s
Extract image: audio5
Extraction time: 78 s
extract_images ['audio4', 'audio5']
write terminal.input True
write terminal.input False
Pods in cloud:  ['NAME', 'audio10-5', 'audio10-9', 'audio12-8', 'audio3-6', 'audio7-7', 'audio8-4', 'audio8-6', 'audio8-9', 'yolo10-10', 'yolo12-2', 'yolo12-6', 'yolo4-7', 'yolo6-10', 'yolo7-6', 'yolo8-7']
Pods in edge:  ['audio4-edge-0', 'audio4-edge-4']
The passed time:  900.6957578659058
The time of this iteration: 300.33196926116943
time: 11
init delete pods audio4-edge-0
[Departure] yolo12-2:10/10
init delete pods audio8-4
init delete pods audio4-edge-4
[Departure] audio10-5:6/10
[Departure] audio3-6:6/10
[Departure] yolo12-6:6/7
init delete pods yolo7-6
[Departure] audio8-6:6/10
[Departure] audio7-7:4/7
[Departure] yolo4-7:4/4
[Departure] yolo8-7:4/6
init delete pods audio12-8
[Departure] audio8-9:3/6
[Departure] audio10-9:3/10
[Departure] yolo10-10:2/8
[Departure] yolo6-10:2/10
used_storage:  3.31 used bandwidth:  0
departure [['audio4-edge-0', 8, 8], ['audio8-4', 6, 6], ['audio4-edge-4', 6, 6], ['yolo7-6', 5, 5], ['audio12-8', 2, 2]]
all_departures ['audio7-0', 'yolo9-0', 'audio10-2', 'yolo9-0', 'audio10-2', 'audio5-1', 'yolo8-1', 'audio7-3', 'audio5-1', 'yolo8-1', 'audio7-3', 'yolo10-4', 'audio5-1', 'yolo10-4', 'audio3-3', 'audio9-3', 'yolo5-5', 'yolo2-6', 'audio3-3', 'audio9-3', 'yolo5-5', 'yolo2-6', 'yolo2-2', 'yolo2-2', 'yolo12-1', 'yolo9-2', 'yolo5-4', 'yolo11-8', 'audio4-edge-0', 'audio8-4', 'audio4-edge-4', 'yolo7-6', 'audio12-8']
Pods in cloud:  ['NAME', 'audio10-5', 'audio10-9', 'audio12-8', 'audio3-6', 'audio7-7', 'audio8-4', 'audio8-6', 'audio8-9', 'yolo10-10', 'yolo12-2', 'yolo12-6', 'yolo4-7', 'yolo6-10', 'yolo7-6', 'yolo8-7']
Pods in edge:  ['audio4-edge-0', 'audio4-edge-4']
Init deployed Analytic: yolo8-11
Init deployed Analytic: yolo2-11
Init deployed Analytic: audio12-11
Init deployed Analytic: audio4-11
Init deployed Analytic: yolo1-11
The passed time:  960.7490837574005
The time of this iteration: 60.05332589149475
time: 12
init delete pods yolo12-2
[Departure] audio10-5:7/10
[Departure] audio3-6:7/10
[Departure] yolo12-6:7/7
[Departure] audio8-6:7/10
[Departure] audio7-7:5/7
init delete pods yolo4-7
[Departure] yolo8-7:5/6
[Departure] audio8-9:4/6
[Departure] audio10-9:4/10
[Departure] yolo10-10:3/8
[Departure] yolo6-10:3/10
[Departure] yolo8-11:1/10
[Departure] audio12-11:1/1
[Departure] audio4-11:1/8
[Departure] yolo2-11:1/4
[Departure] yolo1-11:1/1
Init deployed Analytic: audio3-12
Init deployed Analytic: yolo12-12
Init deployed Analytic: yolo7-12
Init deployed Analytic: audio1-12
used_storage:  0 used bandwidth:  0
departure [['yolo12-2', 10, 10], ['yolo4-7', 4, 4]]
all_departures ['audio7-0', 'yolo9-0', 'audio10-2', 'yolo9-0', 'audio10-2', 'audio5-1', 'yolo8-1', 'audio7-3', 'audio5-1', 'yolo8-1', 'audio7-3', 'yolo10-4', 'audio5-1', 'yolo10-4', 'audio3-3', 'audio9-3', 'yolo5-5', 'yolo2-6', 'audio3-3', 'audio9-3', 'yolo5-5', 'yolo2-6', 'yolo2-2', 'yolo2-2', 'yolo12-1', 'yolo9-2', 'yolo5-4', 'yolo11-8', 'audio4-edge-0', 'audio8-4', 'audio4-edge-4', 'yolo7-6', 'audio12-8', 'yolo12-2', 'yolo4-7']
Pods in cloud:  ['NAME', 'audio1-12', 'audio10-5', 'audio10-9', 'audio12-11', 'audio3-12', 'audio3-6', 'audio4-11', 'audio7-7', 'audio8-6', 'audio8-9', 'yolo1-11', 'yolo10-10', 'yolo12-12', 'yolo12-2', 'yolo12-6', 'yolo2-11', 'yolo4-7', 'yolo6-10', 'yolo7-12', 'yolo8-11', 'yolo8-7']
Pods in edge:  []
The passed time:  1020.7930362224579
The time of this iteration: 60.04395246505737
time: 13
Delete stuck app: yolo12-2
Delete stuck app: yolo4-7
[Departure] audio10-5:8/10
[Departure] audio3-6:8/10
init delete pods yolo12-6
[Departure] audio8-6:8/10
[Departure] audio7-7:6/7
[Departure] yolo8-7:6/6
[Departure] audio8-9:5/6
[Departure] audio10-9:5/10
[Departure] yolo10-10:4/8
[Departure] yolo6-10:4/10
[Departure] yolo8-11:2/10
init delete pods audio12-11
[Departure] audio4-11:2/8
[Departure] yolo2-11:2/4
init delete pods yolo1-11
[Departure] audio3-12:1/5
[Departure] yolo7-12:1/5
[Departure] yolo12-12:1/7
[Departure] audio1-12:1/2
Init deployed Analytic: audio6-13
Init deployed Analytic: audio7-13
Init deployed Analytic: yolo9-13
Init deployed Analytic: yolo5-13
used_storage:  0 used bandwidth:  0
departure [['yolo12-6', 7, 7], ['audio12-11', 1, 1], ['yolo1-11', 1, 1]]
all_departures ['audio7-0', 'yolo9-0', 'audio10-2', 'yolo9-0', 'audio10-2', 'audio5-1', 'yolo8-1', 'audio7-3', 'audio5-1', 'yolo8-1', 'audio7-3', 'yolo10-4', 'audio5-1', 'yolo10-4', 'audio3-3', 'audio9-3', 'yolo5-5', 'yolo2-6', 'audio3-3', 'audio9-3', 'yolo5-5', 'yolo2-6', 'yolo2-2', 'yolo2-2', 'yolo12-1', 'yolo9-2', 'yolo5-4', 'yolo11-8', 'audio4-edge-0', 'audio8-4', 'audio4-edge-4', 'yolo7-6', 'audio12-8', 'yolo12-2', 'yolo4-7', 'yolo12-2', 'yolo4-7', 'yolo12-6', 'audio12-11', 'yolo1-11']
Pods in cloud:  ['NAME', 'audio1-12', 'audio10-5', 'audio10-9', 'audio12-11', 'audio3-12', 'audio3-6', 'audio4-11', 'audio6-13', 'audio7-13', 'audio7-7', 'audio8-6', 'audio8-9', 'yolo1-11', 'yolo10-10', 'yolo12-12', 'yolo12-2', 'yolo12-6', 'yolo2-11', 'yolo4-7', 'yolo5-13', 'yolo6-10', 'yolo7-12', 'yolo8-11', 'yolo8-7', 'yolo9-13']
Pods in edge:  []
The passed time:  1080.8363938331604
The time of this iteration: 60.043357610702515
time: 14
Delete stuck app: yolo12-6
Delete stuck app: audio12-11
Delete stuck app: yolo1-11
[Departure] audio10-5:9/10
[Departure] audio3-6:9/10
[Departure] audio8-6:9/10
[Departure] audio7-7:7/7
init delete pods yolo8-7
[Departure] audio8-9:6/6
[Departure] audio10-9:6/10
[Departure] yolo10-10:5/8
[Departure] yolo6-10:5/10
[Departure] yolo8-11:3/10
[Departure] audio4-11:3/8
[Departure] yolo2-11:3/4
[Departure] audio3-12:2/5
[Departure] yolo7-12:2/5pod "yolo8-7" deleted
pod/yolo8-14 created
pod/yolo2-14 created
pod/yolo12-14 created
pod/yolo9-14 created
pod/yolo6-14 created
pod/yolo4-14 created
No resources found.
pod/yolo7-15 created
pod/yolo5-15 created
pod "audio12-11" deleted
pod "yolo8-7" deleted
pod "yolo12-6" deleted
pod "audio7-7" deleted
pod "audio8-9" deleted
pod "audio1-12" deleted
pod "yolo2-11" deleted
pod "yolo6-14" deleted
pod "audio3-6" deleted
pod "audio8-edge-6" deleted
pod "yolo12-14" deleted
pod "audio10-5" deleted
pod/yolo12-16 created
pod/yolo8-16 created
pod "audio10-5" deleted
pod "yolo12-14" deleted
pod "yolo6-14" deleted
pod/audio6-17 created
pod/audio8-17 created
pod/yolo7-17 created
pod "audio6-13" deleted
No resources found.

[Departure] yolo12-12:2/7
[Departure] audio1-12:2/2
[Departure] audio6-13:1/3
[Departure] yolo5-13:1/9
[Departure] yolo9-13:1/9
[Departure] audio7-13:1/7
used_storage:  0 used bandwidth:  0
departure [['yolo8-7', 6, 6]]
all_departures ['audio7-0', 'yolo9-0', 'audio10-2', 'yolo9-0', 'audio10-2', 'audio5-1', 'yolo8-1', 'audio7-3', 'audio5-1', 'yolo8-1', 'audio7-3', 'yolo10-4', 'audio5-1', 'yolo10-4', 'audio3-3', 'audio9-3', 'yolo5-5', 'yolo2-6', 'audio3-3', 'audio9-3', 'yolo5-5', 'yolo2-6', 'yolo2-2', 'yolo2-2', 'yolo12-1', 'yolo9-2', 'yolo5-4', 'yolo11-8', 'audio4-edge-0', 'audio8-4', 'audio4-edge-4', 'yolo7-6', 'audio12-8', 'yolo12-2', 'yolo4-7', 'yolo12-2', 'yolo4-7', 'yolo12-6', 'audio12-11', 'yolo1-11', 'yolo12-6', 'audio12-11', 'yolo1-11', 'yolo8-7']
Init deployed Analytic: yolo8-14
Init deployed Analytic: yolo4-14
Init deployed Analytic: yolo9-14
Init deployed Analytic: yolo12-14
Init deployed Analytic: yolo2-14
Init deployed Analytic: yolo6-14
Pods in cloud:  ['NAME', 'audio1-12', 'audio10-5', 'audio10-9', 'audio12-11', 'audio3-12', 'audio3-6', 'audio4-11', 'audio6-13', 'audio7-13', 'audio7-7', 'audio8-6', 'audio8-9', 'yolo1-11', 'yolo10-10', 'yolo12-12', 'yolo12-14', 'yolo12-6', 'yolo2-11', 'yolo2-14', 'yolo4-14', 'yolo5-13', 'yolo6-10', 'yolo6-14', 'yolo7-12', 'yolo8-11', 'yolo8-14', 'yolo8-7', 'yolo9-13', 'yolo9-14']
Pods in edge:  []
The passed time:  1140.8770353794098
The time of this iteration: 60.04064154624939
time: 15
Init deployed Analytic: yolo5-15
Delete stuck app: yolo12-6
Delete stuck app: audio12-11
Init deployed Analytic: yolo7-15
Delete stuck app: yolo1-11
Delete stuck app: yolo8-7
[Departure] audio10-5:10/10
[Departure] audio3-6:10/10
[Departure] audio8-6:10/10
init delete pods audio7-7
init delete pods audio8-9
[Departure] audio10-9:7/10
[Departure] yolo10-10:6/8
[Departure] yolo6-10:6/10
[Departure] yolo8-11:4/10
[Departure] audio4-11:4/8
[Departure] yolo2-11:4/4
[Departure] audio3-12:3/5
[Departure] yolo7-12:3/5
[Departure] yolo12-12:3/7
init delete pods audio1-12
[Departure] audio6-13:2/3
[Departure] yolo5-13:2/9
[Departure] yolo9-13:2/9
[Departure] audio7-13:2/7
[Departure] yolo9-14:1/9
[Departure] yolo2-14:1/10
[Departure] yolo6-14:1/1
[Departure] yolo8-14:1/8
[Departure] yolo12-14:1/1
[Departure] yolo4-14:1/9
[Departure] yolo7-15:1/10
[Departure] yolo5-15:1/5
used_storage:  3.31 used bandwidth:  0
departure [['audio7-7', 7, 7], ['audio8-9', 6, 6], ['audio1-12', 2, 2]]
all_departures ['audio7-0', 'yolo9-0', 'audio10-2', 'yolo9-0', 'audio10-2', 'audio5-1', 'yolo8-1', 'audio7-3', 'audio5-1', 'yolo8-1', 'audio7-3', 'yolo10-4', 'audio5-1', 'yolo10-4', 'audio3-3', 'audio9-3', 'yolo5-5', 'yolo2-6', 'audio3-3', 'audio9-3', 'yolo5-5', 'yolo2-6', 'yolo2-2', 'yolo2-2', 'yolo12-1', 'yolo9-2', 'yolo5-4', 'yolo11-8', 'audio4-edge-0', 'audio8-4', 'audio4-edge-4', 'yolo7-6', 'audio12-8', 'yolo12-2', 'yolo4-7', 'yolo12-2', 'yolo4-7', 'yolo12-6', 'audio12-11', 'yolo1-11', 'yolo12-6', 'audio12-11', 'yolo1-11', 'yolo8-7', 'yolo12-6', 'audio12-11', 'yolo1-11', 'yolo8-7', 'audio7-7', 'audio8-9', 'audio1-12']
IDA_thread is Alive
Sleep replace time: 51
images ['192.168.1.100:5000/iscc19:s2-audio-5', '192.168.1.100:5000/iscc19:s2-audio-4']
exist_images ['audio5', 'audio4']
expect_analytics ['audio8', 'audio8']
Extract image: audio8
Extraction time: 83 s
extract_images ['audio8']
write terminal.input True
write terminal.input False
Pods in cloud:  ['NAME', 'audio10-5', 'audio10-9', 'audio3-12', 'audio3-6', 'audio4-11', 'audio6-13', 'audio7-13', 'yolo10-10', 'yolo12-12', 'yolo12-14', 'yolo2-11', 'yolo2-14', 'yolo4-14', 'yolo5-13', 'yolo5-15', 'yolo6-10', 'yolo6-14', 'yolo7-12', 'yolo7-15', 'yolo8-11', 'yolo8-14', 'yolo9-13', 'yolo9-14']
Pods in edge:  ['audio8-edge-6']
The passed time:  1330.3369994163513
The time of this iteration: 189.45996403694153
time: 16
init delete pods audio10-5
init delete pods audio3-6
init delete pods audio8-edge-6
[Departure] audio10-9:8/10
[Departure] yolo10-10:7/8
[Departure] yolo6-10:7/10
[Departure] yolo8-11:5/10
[Departure] audio4-11:5/8
init delete pods yolo2-11
[Departure] audio3-12:4/5
[Departure] yolo7-12:4/5
[Departure] yolo12-12:4/7
[Departure] audio6-13:3/3
[Departure] yolo5-13:3/9
[Departure] yolo9-13:3/9
[Departure] audio7-13:3/7
[Departure] yolo9-14:2/9
[Departure] yolo2-14:2/10
init delete pods yolo6-14
[Departure] yolo8-14:2/8
init delete pods yolo12-14
[Departure] yolo4-14:2/9
[Departure] yolo7-15:2/10
[Departure] yolo5-15:2/5
used_storage:  3.31 used bandwidth:  0
departure [['audio10-5', 10, 10], ['audio3-6', 10, 10], ['audio8-edge-6', 10, 10], ['yolo2-11', 4, 4], ['yolo6-14', 1, 1], ['yolo12-14', 1, 1]]
all_departures ['audio7-0', 'yolo9-0', 'audio10-2', 'yolo9-0', 'audio10-2', 'audio5-1', 'yolo8-1', 'audio7-3', 'audio5-1', 'yolo8-1', 'audio7-3', 'yolo10-4', 'audio5-1', 'yolo10-4', 'audio3-3', 'audio9-3', 'yolo5-5', 'yolo2-6', 'audio3-3', 'audio9-3', 'yolo5-5', 'yolo2-6', 'yolo2-2', 'yolo2-2', 'yolo12-1', 'yolo9-2', 'yolo5-4', 'yolo11-8', 'audio4-edge-0', 'audio8-4', 'audio4-edge-4', 'yolo7-6', 'audio12-8', 'yolo12-2', 'yolo4-7', 'yolo12-2', 'yolo4-7', 'yolo12-6', 'audio12-11', 'yolo1-11', 'yolo12-6', 'audio12-11', 'yolo1-11', 'yolo8-7', 'yolo12-6', 'audio12-11', 'yolo1-11', 'yolo8-7', 'audio7-7', 'audio8-9', 'audio1-12', 'audio10-5', 'audio3-6', 'audio8-edge-6', 'yolo2-11', 'yolo6-14', 'yolo12-14']
Init deployed Analytic: yolo12-16
Init deployed Analytic: yolo8-16
Pods in cloud:  ['NAME', 'audio10-5', 'audio10-9', 'audio3-12', 'audio3-6', 'audio4-11', 'audio6-13', 'audio7-13', 'yolo10-10', 'yolo12-12', 'yolo12-14', 'yolo12-16', 'yolo2-11', 'yolo2-14', 'yolo4-14', 'yolo5-13', 'yolo5-15', 'yolo6-10', 'yolo6-14', 'yolo7-12', 'yolo7-15', 'yolo8-11', 'yolo8-14', 'yolo8-16', 'yolo9-13', 'yolo9-14']
Pods in edge:  ['audio8-edge-6']
The passed time:  1390.3827164173126
The time of this iteration: 60.045717000961304
time: 17
Delete stuck app: audio10-5
Delete stuck app: yolo6-14
Delete stuck app: yolo12-14
Init deployed Analytic: audio6-17
[Departure] audio10-9:9/10
[Departure] yolo10-10:8/8
[Departure] yolo6-10:8/10
[Departure] yolo8-11:6/10
[Departure] audio4-11:6/8
[Departure] audio3-12:5/5
[Departure] yolo7-12:5/5
[Departure] yolo12-12:5/7
init delete pods audio6-13
[Departure] yolo5-13:4/9
[Departure] yolo9-13:4/9
[Departure] audio7-13:4/7
[Departure] yolo9-14:3/9
[Departure] yolo2-14:3/10
[Departure] yolo8-14:3/8
[Departure] yolo4-14:3/9
[Departure] yolo7-15:3/10
[Departure] yolo5-15:3/5
[Departure] yolo8-16:1/3
[Departure] yolo12-16:1/2
Init deployed Analytic: yolo7-17
Init deployed Analytic: audio8-17
used_storage:  0 used bandwidth:  0
departure [['audio6-13', 3, 3]]
all_departures ['audio7-0', 'yolo9-0', 'audio10-2', 'yolo9-0', 'audio10-2', 'audio5-1', 'yolo8-1', 'audio7-3', 'audio5-1', 'yolo8-1', 'audio7-3', 'yolo10-4', 'audio5-1', 'yolo10-4', 'audio3-3', 'audio9-3', 'yolo5-5', 'yolo2-6', 'audio3-3', 'audio9-3', 'yolo5-5', 'yolo2-6', 'yolo2-2', 'yolo2-2', 'yolo12-1', 'yolo9-2', 'yolo5-4', 'yolo11-8', 'audio4-edge-0', 'audio8-4', 'audio4-edge-4', 'yolo7-6', 'audio12-8', 'yolo12-2', 'yolo4-7', 'yolo12-2', 'yolo4-7', 'yolo12-6', 'audio12-11', 'yolo1-11', 'yolo12-6', 'audio12-11', 'yolo1-11', 'yolo8-7', 'yolo12-6', 'audio12-11', 'yolo1-11', 'yolo8-7', 'audio7-7', 'audio8-9', 'audio1-12', 'audio10-5', 'audio3-6', 'audio8-edge-6', 'yolo2-11', 'yolo6-14', 'yolo12-14', 'audio10-5', 'yolo6-14', 'yolo12-14', 'audio6-13']
Pods in cloud:  ['NAME', 'audio10-5', 'audio10-9', 'audio3-12', 'audio4-11', 'audio6-13', 'audio6-17', 'audio7-13', 'audio8-17', 'yolo10-10', 'yolo12-12', 'yolo12-16', 'yolo2-14', 'yolo4-14', 'yolo5-13', 'yolo5-15', 'yolo6-10', 'yolo6-14', 'yolo7-12', 'yolo7-15', 'yolo7-17', 'yolo8-11', 'yolo8-14', 'yolo8-16', 'yolo9-13', 'yolo9-14']
Pods in edge:  []
The passed time:  1450.4135909080505
The time of this iteration: 60.030874490737915
time: 18
[Departure] audio10-9:10/10
init delete pods yolo10-10
[Departure] yolo6-10:9/10
[Departure] yolo8-11:7/10
[Departure] audio4-11:7/8
init delete pods audio3-12
init delete pods yolo7-12
[Departure] yolo12-12:6/7
[Departure] yolo5-13:5/9
[Departure] yolo9-13:5/9
[Departure] audio7-13:5/7
[Departure] yolo9-14:4/9
[Departure] yolo2-14:4/10pod "yolo10-10" deleted
pod "yolo7-12" deleted
pod "audio3-12" deleted
pod/audio12-18 created
pod/yolo2-18 created
No resources found.
Error from server (NotFound): pods "audio6-13" not found
pod "yolo12-16" deleted
pod/yolo12-19 created
pod/audio5-19 created
pod "audio10-9" deleted
pod/audio11-20 created
pod "yolo7-17" deleted
pod "yolo8-16" deleted
pod "yolo6-10" deleted
pod "yolo5-15" deleted
pod "audio4-11" deleted
pod "yolo12-12" deleted
pod "audio6-17" deleted
pod "audio7-13" deleted
pod/audio12-21 created
pod/audio6-21 created
pod/audio2-21 created
pod/yolo6-22 created
pod/audio11-22 created

[Departure] yolo8-14:4/8
[Departure] yolo4-14:4/9
[Departure] yolo7-15:4/10
[Departure] yolo5-15:4/5
[Departure] yolo8-16:2/3
[Departure] yolo12-16:2/2
[Departure] audio8-17:1/6
[Departure] yolo7-17:1/2
[Departure] audio6-17:1/3
used_storage:  0 used bandwidth:  0
departure [['yolo10-10', 8, 8], ['audio3-12', 5, 5], ['yolo7-12', 5, 5]]
all_departures ['audio7-0', 'yolo9-0', 'audio10-2', 'yolo9-0', 'audio10-2', 'audio5-1', 'yolo8-1', 'audio7-3', 'audio5-1', 'yolo8-1', 'audio7-3', 'yolo10-4', 'audio5-1', 'yolo10-4', 'audio3-3', 'audio9-3', 'yolo5-5', 'yolo2-6', 'audio3-3', 'audio9-3', 'yolo5-5', 'yolo2-6', 'yolo2-2', 'yolo2-2', 'yolo12-1', 'yolo9-2', 'yolo5-4', 'yolo11-8', 'audio4-edge-0', 'audio8-4', 'audio4-edge-4', 'yolo7-6', 'audio12-8', 'yolo12-2', 'yolo4-7', 'yolo12-2', 'yolo4-7', 'yolo12-6', 'audio12-11', 'yolo1-11', 'yolo12-6', 'audio12-11', 'yolo1-11', 'yolo8-7', 'yolo12-6', 'audio12-11', 'yolo1-11', 'yolo8-7', 'audio7-7', 'audio8-9', 'audio1-12', 'audio10-5', 'audio3-6', 'audio8-edge-6', 'yolo2-11', 'yolo6-14', 'yolo12-14', 'audio10-5', 'yolo6-14', 'yolo12-14', 'audio6-13', 'yolo10-10', 'audio3-12', 'yolo7-12']
Init deployed Analytic: audio12-18
Init deployed Analytic: yolo2-18
Pods in cloud:  ['NAME', 'audio10-9', 'audio12-18', 'audio3-12', 'audio4-11', 'audio6-17', 'audio7-13', 'audio8-17', 'yolo10-10', 'yolo12-12', 'yolo12-16', 'yolo2-14', 'yolo2-18', 'yolo4-14', 'yolo5-13', 'yolo5-15', 'yolo6-10', 'yolo7-12', 'yolo7-15', 'yolo7-17', 'yolo8-11', 'yolo8-14', 'yolo8-16', 'yolo9-13', 'yolo9-14']
Pods in edge:  []
The passed time:  1510.4143481254578
The time of this iteration: 60.00075721740723
time: 19
init delete pods audio10-9
[Departure] yolo6-10:10/10
[Departure] yolo8-11:8/10
[Departure] audio4-11:8/8
[Departure] yolo12-12:7/7
[Departure] yolo5-13:6/9
[Departure] yolo9-13:6/9
[Departure] audio7-13:6/7
[Departure] yolo9-14:5/9
[Departure] yolo2-14:5/10
[Departure] yolo8-14:5/8
[Departure] yolo4-14:5/9
[Departure] yolo7-15:5/10
[Departure] yolo5-15:5/5
[Departure] yolo8-16:3/3
init delete pods yolo12-16
[Departure] audio8-17:2/6
[Departure] yolo7-17:2/2
[Departure] audio6-17:2/3
[Departure] yolo2-18:1/5
[Departure] audio12-18:1/8
used_storage:  3.31 used bandwidth:  0
departure [['audio10-9', 10, 10], ['yolo12-16', 2, 2]]
all_departures ['audio7-0', 'yolo9-0', 'audio10-2', 'yolo9-0', 'audio10-2', 'audio5-1', 'yolo8-1', 'audio7-3', 'audio5-1', 'yolo8-1', 'audio7-3', 'yolo10-4', 'audio5-1', 'yolo10-4', 'audio3-3', 'audio9-3', 'yolo5-5', 'yolo2-6', 'audio3-3', 'audio9-3', 'yolo5-5', 'yolo2-6', 'yolo2-2', 'yolo2-2', 'yolo12-1', 'yolo9-2', 'yolo5-4', 'yolo11-8', 'audio4-edge-0', 'audio8-4', 'audio4-edge-4', 'yolo7-6', 'audio12-8', 'yolo12-2', 'yolo4-7', 'yolo12-2', 'yolo4-7', 'yolo12-6', 'audio12-11', 'yolo1-11', 'yolo12-6', 'audio12-11', 'yolo1-11', 'yolo8-7', 'yolo12-6', 'audio12-11', 'yolo1-11', 'yolo8-7', 'audio7-7', 'audio8-9', 'audio1-12', 'audio10-5', 'audio3-6', 'audio8-edge-6', 'yolo2-11', 'yolo6-14', 'yolo12-14', 'audio10-5', 'yolo6-14', 'yolo12-14', 'audio6-13', 'yolo10-10', 'audio3-12', 'yolo7-12', 'audio10-9', 'yolo12-16']
Init deployed Analytic: yolo12-19
Init deployed Analytic: audio5-19
Pods in cloud:  ['NAME', 'audio10-9', 'audio12-18', 'audio4-11', 'audio5-19', 'audio6-17', 'audio7-13', 'audio8-17', 'yolo12-12', 'yolo12-16', 'yolo12-19', 'yolo2-14', 'yolo2-18', 'yolo4-14', 'yolo5-13', 'yolo5-15', 'yolo6-10', 'yolo7-15', 'yolo7-17', 'yolo8-11', 'yolo8-14', 'yolo8-16', 'yolo9-13', 'yolo9-14']
Pods in edge:  ['audio8-edge-13']
The passed time:  1570.4690504074097
The time of this iteration: 60.054702281951904
time: 20
Init deployed Analytic: audio11-20
init delete pods yolo6-10
init delete pods audio4-11
init delete pods yolo12-12
[Departure] yolo5-13:7/9
[Departure] yolo9-13:7/9
[Departure] audio7-13:7/7
[Departure] yolo9-14:6/9
[Departure] yolo2-14:6/10
[Departure] yolo8-14:6/8
[Departure] yolo4-14:6/9
[Departure] yolo7-15:6/10
init delete pods yolo5-15
init delete pods yolo8-16
[Departure] audio8-17:3/6
init delete pods yolo7-17
[Departure] audio6-17:3/3
[Departure] yolo2-18:2/5
[Departure] audio12-18:2/8
[Departure] yolo12-19:1/8
[Departure] audio5-19:1/3
used_storage:  3.31 used bandwidth:  0
departure [['yolo6-10', 10, 10], ['audio4-11', 8, 8], ['yolo12-12', 7, 7], ['yolo5-15', 5, 5], ['yolo8-16', 3, 3], ['yolo7-17', 2, 2]]
all_departures ['audio7-0', 'yolo9-0', 'audio10-2', 'yolo9-0', 'audio10-2', 'audio5-1', 'yolo8-1', 'audio7-3', 'audio5-1', 'yolo8-1', 'audio7-3', 'yolo10-4', 'audio5-1', 'yolo10-4', 'audio3-3', 'audio9-3', 'yolo5-5', 'yolo2-6', 'audio3-3', 'audio9-3', 'yolo5-5', 'yolo2-6', 'yolo2-2', 'yolo2-2', 'yolo12-1', 'yolo9-2', 'yolo5-4', 'yolo11-8', 'audio4-edge-0', 'audio8-4', 'audio4-edge-4', 'yolo7-6', 'audio12-8', 'yolo12-2', 'yolo4-7', 'yolo12-2', 'yolo4-7', 'yolo12-6', 'audio12-11', 'yolo1-11', 'yolo12-6', 'audio12-11', 'yolo1-11', 'yolo8-7', 'yolo12-6', 'audio12-11', 'yolo1-11', 'yolo8-7', 'audio7-7', 'audio8-9', 'audio1-12', 'audio10-5', 'audio3-6', 'audio8-edge-6', 'yolo2-11', 'yolo6-14', 'yolo12-14', 'audio10-5', 'yolo6-14', 'yolo12-14', 'audio6-13', 'yolo10-10', 'audio3-12', 'yolo7-12', 'audio10-9', 'yolo12-16', 'yolo6-10', 'audio4-11', 'yolo12-12', 'yolo5-15', 'yolo8-16', 'yolo7-17']
IDA_thread is Alive
Sleep replace time: 48
images ['192.168.1.100:5000/iscc19:s2-audio-8', '192.168.1.100:5000/iscc19:s2-audio-4']
exist_images ['audio8', 'audio4']
expect_analytics ['audio6', 'audio8', 'yolo8', 'yolo8']
Extract image: audio6
Extraction time: 82 s
Extract image: yolo8
Extraction time: 25 s
extract_images ['audio6', 'yolo8']
write terminal.input True
write terminal.input False
Pods in cloud:  ['NAME', 'audio11-20', 'audio12-18', 'audio5-19', 'audio6-17', 'audio7-13', 'audio8-17', 'yolo12-19', 'yolo2-14', 'yolo2-18', 'yolo4-14', 'yolo5-13', 'yolo7-15', 'yolo9-13', 'yolo9-14']
Pods in edge:  ['audio8-edge-13', 'yolo8-edge-11', 'yolo8-edge-14']
The passed time:  1739.7115602493286
The time of this iteration: 169.24250984191895
time: 21
[Departure] yolo8-edge-11:9/10
[Departure] yolo5-13:8/9
[Departure] yolo9-13:8/9
init delete pods audio7-13
[Departure] yolo9-14:7/9
[Departure] yolo2-14:7/10
[Departure] yolo8-edge-14:7/8
[Departure] yolo4-14:7/9
[Departure] yolo7-15:7/10
[Departure] audio8-17:4/6
init delete pods audio6-17
[Departure] yolo2-18:3/5
[Departure] audio12-18:3/8
[Departure] yolo12-19:2/8
[Departure] audio5-19:2/3
[Departure] audio11-20:1/6
used_storage:  6.890000000000001 used bandwidth:  0
departure [['audio7-13', 7, 7], ['audio6-17', 3, 3]]
all_departures ['audio7-0', 'yolo9-0', 'audio10-2', 'yolo9-0', 'audio10-2', 'audio5-1', 'yolo8-1', 'audio7-3', 'audio5-1', 'yolo8-1', 'audio7-3', 'yolo10-4', 'audio5-1', 'yolo10-4', 'audio3-3', 'audio9-3', 'yolo5-5', 'yolo2-6', 'audio3-3', 'audio9-3', 'yolo5-5', 'yolo2-6', 'yolo2-2', 'yolo2-2', 'yolo12-1', 'yolo9-2', 'yolo5-4', 'yolo11-8', 'audio4-edge-0', 'audio8-4', 'audio4-edge-4', 'yolo7-6', 'audio12-8', 'yolo12-2', 'yolo4-7', 'yolo12-2', 'yolo4-7', 'yolo12-6', 'audio12-11', 'yolo1-11', 'yolo12-6', 'audio12-11', 'yolo1-11', 'yolo8-7', 'yolo12-6', 'audio12-11', 'yolo1-11', 'yolo8-7', 'audio7-7', 'audio8-9', 'audio1-12', 'audio10-5', 'audio3-6', 'audio8-edge-6', 'yolo2-11', 'yolo6-14', 'yolo12-14', 'audio10-5', 'yolo6-14', 'yolo12-14', 'audio6-13', 'yolo10-10', 'audio3-12', 'yolo7-12', 'audio10-9', 'yolo12-16', 'yolo6-10', 'audio4-11', 'yolo12-12', 'yolo5-15', 'yolo8-16', 'yolo7-17', 'audio7-13', 'audio6-17']
Init deployed Analytic: audio12-21
Init deployed Analytic: audio6-21
Init deployed Analytic: audio2-21
Pods in cloud:  ['NAME', 'audio11-20', 'audio12-18', 'audio12-21', 'audio2-21', 'audio5-19', 'audio6-17', 'audio6-21', 'audio7-13', 'audio8-17', 'yolo12-19', 'yolo2-14', 'yolo2-18', 'yolo4-14', 'yolo5-13', 'yolo7-15', 'yolo9-13', 'yolo9-14']
Pods in edge:  ['audio8-edge-13', 'yolo8-edge-11', 'yolo8-edge-14']
The passed time:  1799.7450203895569
The time of this iteration: 60.03346014022827
time: 22
Init deployed Analytic: audio11-22
Init deployed Analytic: yolo6-22
[Departure] yolo8-edge-11:10/10
[Departure] yolo5-13:9/9
[Departure] yolo9-13:9/9
[Departure] yolo9-14:8/9
[Departure] yolo2-14:8/10
[Departure] yolo8-edge-14:8/8
[Departure] yolo4-14:8/9pod/yolo7-22 created
pod/audio8-22 created
pod/audio7-22 created
pod/yolo12-22 created
pod/audio3-23 created
pod/audio4-23 created
pod/yolo5-23 created
pod "audio5-19" deleted
pod "yolo9-13" deleted
pod "yolo8-edge-11" deleted
pod "yolo5-13" deleted
pod "yolo8-edge-14" deleted
pod/audio11-24 created
pod "audio5-19" deleted
pod "yolo4-14" deleted
pod "yolo9-14" deleted
pod "audio8-17" deleted
pod "yolo2-18" deleted
pod/audio3-25 created
pod/audio8-25 created
pod/yolo7-25 created
pod "yolo9-14" deleted
pod "audio8-17" deleted
pod "yolo4-14" deleted
pod "yolo2-18" deleted

[Departure] yolo7-15:8/10
[Departure] audio8-17:5/6
[Departure] yolo2-18:4/5
[Departure] audio12-18:4/8
[Departure] yolo12-19:3/8
[Departure] audio5-19:3/3
[Departure] audio11-20:2/6
[Departure] audio6-21:1/10
[Departure] audio12-21:1/3
[Departure] audio2-21:1/10
Init deployed Analytic: yolo7-22
Init deployed Analytic: audio7-22
used_storage:  6.890000000000001 used bandwidth:  0
Init deployed Analytic: yolo12-22
Init deployed Analytic: audio8-22
departure []
all_departures ['audio7-0', 'yolo9-0', 'audio10-2', 'yolo9-0', 'audio10-2', 'audio5-1', 'yolo8-1', 'audio7-3', 'audio5-1', 'yolo8-1', 'audio7-3', 'yolo10-4', 'audio5-1', 'yolo10-4', 'audio3-3', 'audio9-3', 'yolo5-5', 'yolo2-6', 'audio3-3', 'audio9-3', 'yolo5-5', 'yolo2-6', 'yolo2-2', 'yolo2-2', 'yolo12-1', 'yolo9-2', 'yolo5-4', 'yolo11-8', 'audio4-edge-0', 'audio8-4', 'audio4-edge-4', 'yolo7-6', 'audio12-8', 'yolo12-2', 'yolo4-7', 'yolo12-2', 'yolo4-7', 'yolo12-6', 'audio12-11', 'yolo1-11', 'yolo12-6', 'audio12-11', 'yolo1-11', 'yolo8-7', 'yolo12-6', 'audio12-11', 'yolo1-11', 'yolo8-7', 'audio7-7', 'audio8-9', 'audio1-12', 'audio10-5', 'audio3-6', 'audio8-edge-6', 'yolo2-11', 'yolo6-14', 'yolo12-14', 'audio10-5', 'yolo6-14', 'yolo12-14', 'audio6-13', 'yolo10-10', 'audio3-12', 'yolo7-12', 'audio10-9', 'yolo12-16', 'yolo6-10', 'audio4-11', 'yolo12-12', 'yolo5-15', 'yolo8-16', 'yolo7-17', 'audio7-13', 'audio6-17']
Pods in cloud:  ['NAME', 'audio11-20', 'audio11-22', 'audio12-18', 'audio12-21', 'audio2-21', 'audio5-19', 'audio6-21', 'audio7-22', 'audio8-17', 'audio8-22', 'yolo12-19', 'yolo12-22', 'yolo2-14', 'yolo2-18', 'yolo4-14', 'yolo5-13', 'yolo6-22', 'yolo7-15', 'yolo7-22', 'yolo9-13', 'yolo9-14']
Pods in edge:  ['audio8-edge-13', 'yolo8-edge-11', 'yolo8-edge-14']
The passed time:  1859.797068119049
The time of this iteration: 60.05204772949219
time: 23
Init deployed Analytic: audio3-23
Init deployed Analytic: audio4-23
Init deployed Analytic: yolo5-23
init delete pods yolo8-edge-11
init delete pods yolo5-13
init delete pods yolo9-13
[Departure] yolo9-14:9/9
[Departure] yolo2-14:9/10
init delete pods yolo8-edge-14
[Departure] yolo4-14:9/9
[Departure] yolo7-15:9/10
[Departure] audio8-17:6/6
[Departure] yolo2-18:5/5
[Departure] audio12-18:5/8
[Departure] yolo12-19:4/8
init delete pods audio5-19
[Departure] audio11-20:3/6
[Departure] audio6-21:2/10
[Departure] audio12-21:2/3
[Departure] audio2-21:2/10
[Departure] audio8-22:1/6
[Departure] yolo7-22:1/7
[Departure] yolo6-22:1/6
[Departure] audio11-22:1/3
[Departure] yolo12-22:1/2
[Departure] audio7-22:1/5
[Departure] audio3-23:1/7
[Departure] audio4-23:1/6
[Departure] yolo5-23:1/4
used_storage:  6.890000000000001 used bandwidth:  0
departure [['yolo8-edge-11', 10, 10], ['yolo5-13', 9, 9], ['yolo9-13', 9, 9], ['yolo8-edge-14', 8, 8], ['audio5-19', 3, 3]]
all_departures ['audio7-0', 'yolo9-0', 'audio10-2', 'yolo9-0', 'audio10-2', 'audio5-1', 'yolo8-1', 'audio7-3', 'audio5-1', 'yolo8-1', 'audio7-3', 'yolo10-4', 'audio5-1', 'yolo10-4', 'audio3-3', 'audio9-3', 'yolo5-5', 'yolo2-6', 'audio3-3', 'audio9-3', 'yolo5-5', 'yolo2-6', 'yolo2-2', 'yolo2-2', 'yolo12-1', 'yolo9-2', 'yolo5-4', 'yolo11-8', 'audio4-edge-0', 'audio8-4', 'audio4-edge-4', 'yolo7-6', 'audio12-8', 'yolo12-2', 'yolo4-7', 'yolo12-2', 'yolo4-7', 'yolo12-6', 'audio12-11', 'yolo1-11', 'yolo12-6', 'audio12-11', 'yolo1-11', 'yolo8-7', 'yolo12-6', 'audio12-11', 'yolo1-11', 'yolo8-7', 'audio7-7', 'audio8-9', 'audio1-12', 'audio10-5', 'audio3-6', 'audio8-edge-6', 'yolo2-11', 'yolo6-14', 'yolo12-14', 'audio10-5', 'yolo6-14', 'yolo12-14', 'audio6-13', 'yolo10-10', 'audio3-12', 'yolo7-12', 'audio10-9', 'yolo12-16', 'yolo6-10', 'audio4-11', 'yolo12-12', 'yolo5-15', 'yolo8-16', 'yolo7-17', 'audio7-13', 'audio6-17', 'yolo8-edge-11', 'yolo5-13', 'yolo9-13', 'yolo8-edge-14', 'audio5-19']
Pods in cloud:  ['NAME', 'audio11-20', 'audio11-22', 'audio12-18', 'audio12-21', 'audio2-21', 'audio3-23', 'audio4-23', 'audio5-19', 'audio6-21', 'audio7-22', 'audio8-17', 'audio8-22', 'yolo12-19', 'yolo12-22', 'yolo2-14', 'yolo2-18', 'yolo4-14', 'yolo5-13', 'yolo5-23', 'yolo6-22', 'yolo7-15', 'yolo7-22', 'yolo9-13', 'yolo9-14']
Pods in edge:  ['audio8-edge-13', 'yolo8-edge-11', 'yolo8-edge-14']
The passed time:  1919.8290560245514
The time of this iteration: 60.03198790550232
time: 24
Init deployed Analytic: audio11-24
Delete stuck app: audio5-19
init delete pods yolo9-14
[Departure] yolo2-14:10/10
init delete pods yolo4-14
[Departure] yolo7-15:10/10
init delete pods audio8-17
init delete pods yolo2-18
[Departure] audio12-18:6/8
[Departure] yolo12-19:5/8
[Departure] audio11-20:4/6
[Departure] audio6-21:3/10
[Departure] audio12-21:3/3
[Departure] audio2-21:3/10
[Departure] audio8-22:2/6
[Departure] yolo7-22:2/7
[Departure] yolo6-22:2/6
[Departure] audio11-22:2/3
[Departure] yolo12-22:2/2
[Departure] audio7-22:2/5
[Departure] audio3-23:2/7
[Departure] audio4-23:2/6
[Departure] yolo5-23:2/4
[Departure] audio11-24:1/6
used_storage:  3.31 used bandwidth:  0
departure [['yolo9-14', 9, 9], ['yolo4-14', 9, 9], ['audio8-17', 6, 6], ['yolo2-18', 5, 5]]
all_departures ['audio7-0', 'yolo9-0', 'audio10-2', 'yolo9-0', 'audio10-2', 'audio5-1', 'yolo8-1', 'audio7-3', 'audio5-1', 'yolo8-1', 'audio7-3', 'yolo10-4', 'audio5-1', 'yolo10-4', 'audio3-3', 'audio9-3', 'yolo5-5', 'yolo2-6', 'audio3-3', 'audio9-3', 'yolo5-5', 'yolo2-6', 'yolo2-2', 'yolo2-2', 'yolo12-1', 'yolo9-2', 'yolo5-4', 'yolo11-8', 'audio4-edge-0', 'audio8-4', 'audio4-edge-4', 'yolo7-6', 'audio12-8', 'yolo12-2', 'yolo4-7', 'yolo12-2', 'yolo4-7', 'yolo12-6', 'audio12-11', 'yolo1-11', 'yolo12-6', 'audio12-11', 'yolo1-11', 'yolo8-7', 'yolo12-6', 'audio12-11', 'yolo1-11', 'yolo8-7', 'audio7-7', 'audio8-9', 'audio1-12', 'audio10-5', 'audio3-6', 'audio8-edge-6', 'yolo2-11', 'yolo6-14', 'yolo12-14', 'audio10-5', 'yolo6-14', 'yolo12-14', 'audio6-13', 'yolo10-10', 'audio3-12', 'yolo7-12', 'audio10-9', 'yolo12-16', 'yolo6-10', 'audio4-11', 'yolo12-12', 'yolo5-15', 'yolo8-16', 'yolo7-17', 'audio7-13', 'audio6-17', 'yolo8-edge-11', 'yolo5-13', 'yolo9-13', 'yolo8-edge-14', 'audio5-19', 'audio5-19', 'yolo9-14', 'yolo4-14', 'audio8-17', 'yolo2-18']
Pods in cloud:  ['NAME', 'audio11-20', 'audio11-22', 'audio11-24', 'audio12-18', 'audio12-21', 'audio2-21', 'audio3-23', 'audio4-23', 'audio5-19', 'audio6-21', 'audio7-22', 'audio8-17', 'audio8-22', 'yolo12-19', 'yolo12-22', 'yolo2-14', 'yolo2-18', 'yolo4-14', 'yolo5-23', 'yolo6-22', 'yolo7-15', 'yolo7-22', 'yolo9-14']
Pods in edge:  ['audio8-edge-13']
The passed time:  1979.8410091400146
The time of this iteration: 60.01195311546326
time: 25
Init deployed Analytic: audio3-25
Init deployed Analytic: yolo7-25
Init deployed Analytic: audio8-25
Delete stuck app: yolo9-14
Delete stuck app: yolo4-14
Delete stuck app: audio8-17
Delete stuck app: yolo2-18
init delete pods yolo2-14
init delete pods yolo7-15
[Departure] audio12-18:7/8
[Departure] yolo12-19:6/8
[Departure] audio11-20:5/6
[Departure] audio6-21:4/10
init delete pods audio12-21
[Departure] audio2-21:4/10
[Departure] audio8-22:3/6
[Departure] yolo7-22:3/7
[Departure] yolo6-22:3/6
[Departure] audio11-22:3/3
init delete pods yolo12-22
[Departure] audio7-22:3/5
[Departure] audio3-23:3/7
[Departure] audio4-23:3/6
[Departure] yolo5-23:3/4
[Departure] audio11-24:2/6
[Departure] audio3-25:1/1
[Departure] audio8-25:1/9
[Departure] yolo7-25:1/3
used_storage:  3.31 used bandwidth:  0
departure [['yolo2-14', 10, 10], ['yolo7-15', 10, 10], ['audio12-21', 3, 3], ['yolo12-22', 2, 2]]
all_departures ['audio7-0', 'yolo9-0', 'audio10-2', 'yolo9-0', 'audio10-2', 'audio5-1', 'yolo8-1', 'audio7-3', 'audio5-1', 'yolo8-1', 'audio7-3', 'yolo10-4', 'audio5-1', 'yolo10-4', 'audio3-3', 'audio9-3', 'yolo5-5', 'yolo2-6', 'audio3-3', 'audio9-3', 'yolo5-5', 'yolo2-6', 'yolo2-2', 'yolo2-2', 'yolo12-1', 'yolo9-2', 'yolo5-4', 'yolo11-8', 'audio4-edge-0', 'audio8-4', 'audio4-edge-4', 'yolo7-6', 'audio12-8', 'yolo12-2', 'yolo4-7', 'yolo12-2', 'yolo4-7', 'yolo12-6', 'audio12-11', 'yolo1-11', 'yolo12-6', 'audio12-11', 'yolo1-11', 'yolo8-7', 'yolo12-6', 'audio12-11', 'yolo1-11', 'yolo8-7', 'audio7-7', 'audio8-9', 'audio1-12', 'audio10-5', 'audio3-6', 'audio8-edge-6', 'yolo2-11', 'yolo6-14', 'yolo12-14', 'audio10-5', 'yolo6-14', 'yolo12-14', 'audio6-13', 'yolo10-10', 'audio3-12', 'yolo7-12', 'audio10-9', 'yolo12-16', 'yolo6-10', 'audio4-11', 'yolo12-12', 'yolo5-15', 'yolo8-16', 'yolo7-17', 'audio7-13', 'audio6-17', 'yolo8-edge-11', 'yolo5-13', 'yolo9-13', 'yolo8-edge-14', 'audio5-19', 'audio5-19', 'yolo9-14', 'yolo4-14', 'audio8-17', 'yolo2-18', 'yolo9-14', 'yolo4-14', 'audio8-17', 'yolo2-18', 'yolo2-14', 'yolo7-15', 'audio12-21', 'yolo12-22']pod "yolo12-22" deleted
pod "yolo7-15" deleted
pod "yolo2-14" deleted
pod "audio12-21" deleted
Error from server (NotFound): pods "audio8-17" not found
Error from server (NotFound): pods "audio8-17" not found
pod "audio11-22" deleted
pod "audio3-25" deleted
pod/audio6-26 created
pod/audio7-26 created
pod "yolo5-23" deleted
pod/audio9-27 created
pod/audio5-27 created
pod/audio2-27 created
pod/audio4-27 created
pod "audio12-18" deleted
pod "audio11-20" deleted
pod/yolo5-27 created
pod/yolo2-28 created
pod/audio12-28 created
pod/yolo9-28 created
pod/yolo10-28 created
pod/yolo4-28 created
pod/yolo3-28 created
pod "yolo7-25" deleted
pod "yolo12-19" deleted
pod "yolo12-19" deleted
pod "yolo7-25" deleted

IDA_thread is Alive
Sleep replace time: 308
images ['192.168.1.100:5000/iscc19:s2-audio-8', '192.168.1.100:5000/iscc19:s2-audio-6', '192.168.1.100:5000/iscc19:s2-yolo-8']
exist_images ['audio8', 'audio6', 'yolo8']
expect_analytics ['audio5', 'audio6', 'audio8', 'yolo8']
Extract image: audio5
Extraction time: 78 s
extract_images ['audio5']
write terminal.input True
write terminal.input False
Pods in cloud:  ['NAME', 'audio11-20', 'audio11-22', 'audio11-24', 'audio12-18', 'audio2-21', 'audio3-23', 'audio3-25', 'audio4-23', 'audio7-22', 'audio8-22', 'audio8-25', 'yolo12-19', 'yolo5-23', 'yolo6-22', 'yolo7-22', 'yolo7-25']
Pods in edge:  ['audio6-edge-21', 'audio8-edge-13', 'yolo8-edge-17']
The passed time:  2448.463098526001
The time of this iteration: 468.6220893859863
time: 26
[Departure] audio12-18:8/8
[Departure] yolo12-19:7/8
[Departure] audio11-20:6/6
[Departure] audio6-edge-21:5/10
[Departure] audio2-21:5/10
[Departure] audio8-22:4/6
[Departure] yolo7-22:4/7
[Departure] yolo6-22:4/6
init delete pods audio11-22
[Departure] audio7-22:4/5
[Departure] audio3-23:4/7
[Departure] audio4-23:4/6
[Departure] yolo5-23:4/4
[Departure] audio11-24:3/6
init delete pods audio3-25
[Departure] audio8-25:2/9
[Departure] yolo7-25:2/3
used_storage:  9.25 used bandwidth:  0
departure [['audio11-22', 3, 3], ['audio3-25', 1, 1]]
all_departures ['audio7-0', 'yolo9-0', 'audio10-2', 'yolo9-0', 'audio10-2', 'audio5-1', 'yolo8-1', 'audio7-3', 'audio5-1', 'yolo8-1', 'audio7-3', 'yolo10-4', 'audio5-1', 'yolo10-4', 'audio3-3', 'audio9-3', 'yolo5-5', 'yolo2-6', 'audio3-3', 'audio9-3', 'yolo5-5', 'yolo2-6', 'yolo2-2', 'yolo2-2', 'yolo12-1', 'yolo9-2', 'yolo5-4', 'yolo11-8', 'audio4-edge-0', 'audio8-4', 'audio4-edge-4', 'yolo7-6', 'audio12-8', 'yolo12-2', 'yolo4-7', 'yolo12-2', 'yolo4-7', 'yolo12-6', 'audio12-11', 'yolo1-11', 'yolo12-6', 'audio12-11', 'yolo1-11', 'yolo8-7', 'yolo12-6', 'audio12-11', 'yolo1-11', 'yolo8-7', 'audio7-7', 'audio8-9', 'audio1-12', 'audio10-5', 'audio3-6', 'audio8-edge-6', 'yolo2-11', 'yolo6-14', 'yolo12-14', 'audio10-5', 'yolo6-14', 'yolo12-14', 'audio6-13', 'yolo10-10', 'audio3-12', 'yolo7-12', 'audio10-9', 'yolo12-16', 'yolo6-10', 'audio4-11', 'yolo12-12', 'yolo5-15', 'yolo8-16', 'yolo7-17', 'audio7-13', 'audio6-17', 'yolo8-edge-11', 'yolo5-13', 'yolo9-13', 'yolo8-edge-14', 'audio5-19', 'audio5-19', 'yolo9-14', 'yolo4-14', 'audio8-17', 'yolo2-18', 'yolo9-14', 'yolo4-14', 'audio8-17', 'yolo2-18', 'yolo2-14', 'yolo7-15', 'audio12-21', 'yolo12-22', 'audio11-22', 'audio3-25']
Pods in cloud:  ['NAME', 'audio11-20', 'audio11-22', 'audio11-24', 'audio12-18', 'audio2-21', 'audio3-23', 'audio3-25', 'audio4-23', 'audio7-22', 'audio8-22', 'audio8-25', 'yolo12-19', 'yolo5-23', 'yolo6-22', 'yolo7-22', 'yolo7-25']
Pods in edge:  ['audio6-edge-21', 'audio8-edge-13', 'yolo8-edge-17']
Init deployed Analytic: audio6-26
Init deployed Analytic: audio7-26
The passed time:  2508.5170300006866
The time of this iteration: 60.05393147468567
time: 27
init delete pods audio12-18
[Departure] yolo12-19:8/8
init delete pods audio11-20
[Departure] audio6-edge-21:6/10
[Departure] audio2-21:6/10
[Departure] audio8-edge-22:5/6
[Departure] yolo7-22:5/7
[Departure] yolo6-22:5/6
[Departure] audio3-23:5/7
[Departure] audio4-23:5/6
init delete pods yolo5-23
[Departure] audio11-24:4/6
[Departure] audio8-edge-25:3/9
[Departure] yolo7-25:3/3
[Departure] audio7-26:1/3
[Departure] audio6-26:1/6
used_storage:  9.25 used bandwidth:  0
departure [['audio12-18', 8, 8], ['audio11-20', 6, 6], ['yolo5-23', 4, 4]]
all_departures ['audio7-0', 'yolo9-0', 'audio10-2', 'yolo9-0', 'audio10-2', 'audio5-1', 'yolo8-1', 'audio7-3', 'audio5-1', 'yolo8-1', 'audio7-3', 'yolo10-4', 'audio5-1', 'yolo10-4', 'audio3-3', 'audio9-3', 'yolo5-5', 'yolo2-6', 'audio3-3', 'audio9-3', 'yolo5-5', 'yolo2-6', 'yolo2-2', 'yolo2-2', 'yolo12-1', 'yolo9-2', 'yolo5-4', 'yolo11-8', 'audio4-edge-0', 'audio8-4', 'audio4-edge-4', 'yolo7-6', 'audio12-8', 'yolo12-2', 'yolo4-7', 'yolo12-2', 'yolo4-7', 'yolo12-6', 'audio12-11', 'yolo1-11', 'yolo12-6', 'audio12-11', 'yolo1-11', 'yolo8-7', 'yolo12-6', 'audio12-11', 'yolo1-11', 'yolo8-7', 'audio7-7', 'audio8-9', 'audio1-12', 'audio10-5', 'audio3-6', 'audio8-edge-6', 'yolo2-11', 'yolo6-14', 'yolo12-14', 'audio10-5', 'yolo6-14', 'yolo12-14', 'audio6-13', 'yolo10-10', 'audio3-12', 'yolo7-12', 'audio10-9', 'yolo12-16', 'yolo6-10', 'audio4-11', 'yolo12-12', 'yolo5-15', 'yolo8-16', 'yolo7-17', 'audio7-13', 'audio6-17', 'yolo8-edge-11', 'yolo5-13', 'yolo9-13', 'yolo8-edge-14', 'audio5-19', 'audio5-19', 'yolo9-14', 'yolo4-14', 'audio8-17', 'yolo2-18', 'yolo9-14', 'yolo4-14', 'audio8-17', 'yolo2-18', 'yolo2-14', 'yolo7-15', 'audio12-21', 'yolo12-22', 'audio11-22', 'audio3-25', 'audio12-18', 'audio11-20', 'yolo5-23']
Init deployed Analytic: audio5-27
Init deployed Analytic: audio2-27
Init deployed Analytic: audio4-27
Init deployed Analytic: audio9-27
Init deployed Analytic: yolo5-27
Pods in cloud:  ['NAME', 'audio11-20', 'audio11-24', 'audio12-18', 'audio2-21', 'audio2-27', 'audio3-23', 'audio4-23', 'audio4-27', 'audio5-27', 'audio6-26', 'audio7-26', 'audio9-27', 'yolo12-19', 'yolo5-23', 'yolo5-27', 'yolo6-22', 'yolo7-22', 'yolo7-25']
Pods in edge:  ['audio6-edge-21', 'audio6-edge-25', 'audio8-edge-13', 'audio8-edge-22', 'audio8-edge-25', 'yolo8-edge-17']
The passed time:  2568.5690393447876
The time of this iteration: 60.05200934410095
time: 28
Init deployed Analytic: yolo2-28
Init deployed Analytic: yolo9-28
Init deployed Analytic: yolo10-28
Init deployed Analytic: audio12-28
Init deployed Analytic: yolo3-28
Init deployed Analytic: yolo4-28
init delete pods yolo12-19
[Departure] audio6-edge-21:7/10
[Departure] audio2-21:7/10
[Departure] audio8-edge-22:6/6
[Departure] yolo7-22:6/7
[Departure] yolo6-22:6/6
[Departure] audio3-23:6/7
[Departure] audio4-23:6/6
[Departure] audio11-24:5/6
[Departure] audio8-edge-25:4/9
init delete pods yolo7-25
[Departure] audio7-26:2/3
[Departure] audio6-26:2/6
[Departure] audio9-27:1/8
[Departure] yolo5-27:1/3
[Departure] audio2-27:1/1
[Departure] audio4-27:1/2
[Departure] audio5-27:1/9
[Departure] yolo4-28:1/5
[Departure] yolo3-28:1/1
[Departure] yolo10-28:1/8
[Departure] audio12-28:1/8
[Departure] yolo2-28:1/10
[Departure] yolo9-28:1/5
used_storage:  9.25 used bandwidth:  0
departure [['yolo12-19', 8, 8], ['yolo7-25', 3, 3]]
all_departures ['audio7-0', 'yolo9-0', 'audio10-2', 'yolo9-0', 'audio10-2', 'audio5-1', 'yolo8-1', 'audio7-3', 'audio5-1', 'yolo8-1', 'audio7-3', 'yolo10-4', 'audio5-1', 'yolo10-4', 'audio3-3', 'audio9-3', 'yolo5-5', 'yolo2-6', 'audio3-3', 'audio9-3', 'yolo5-5', 'yolo2-6', 'yolo2-2', 'yolo2-2', 'yolo12-1', 'yolo9-2', 'yolo5-4', 'yolo11-8', 'audio4-edge-0', 'audio8-4', 'audio4-edge-4', 'yolo7-6', 'audio12-8', 'yolo12-2', 'yolo4-7', 'yolo12-2', 'yolo4-7', 'yolo12-6', 'audio12-11', 'yolo1-11', 'yolo12-6', 'audio12-11', 'yolo1-11', 'yolo8-7', 'yolo12-6', 'audio12-11', 'yolo1-11', 'yolo8-7', 'audio7-7', 'audio8-9', 'audio1-12', 'audio10-5', 'audio3-6', 'audio8-edge-6', 'yolo2-11', 'yolo6-14', 'yolo12-14', 'audio10-5', 'yolo6-14', 'yolo12-14', 'audio6-13', 'yolo10-10', 'audio3-12', 'yolo7-12', 'audio10-9', 'yolo12-16', 'yolo6-10', 'audio4-11', 'yolo12-12', 'yolo5-15', 'yolo8-16', 'yolo7-17', 'audio7-13', 'audio6-17', 'yolo8-edge-11', 'yolo5-13', 'yolo9-13', 'yolo8-edge-14', 'audio5-19', 'audio5-19', 'yolo9-14', 'yolo4-14', 'audio8-17', 'yolo2-18', 'yolo9-14', 'yolo4-14', 'audio8-17', 'yolo2-18', 'yolo2-14', 'yolo7-15', 'audio12-21', 'yolo12-22', 'audio11-22', 'audio3-25', 'audio12-18', 'audio11-20', 'yolo5-23', 'yolo12-19', 'yolo7-25']
Pods in cloud:  ['NAME', 'audio11-24', 'audio12-28', 'audio2-21', 'audio2-27', 'audio3-23', 'audio4-23', 'audio4-27', 'audio5-27', 'audio6-26', 'audio7-26', 'audio9-27', 'yolo10-28', 'yolo12-19', 'yolo2-28', 'yolo3-28', 'yolo4-28', 'yolo5-27', 'yolo6-22', 'yolo7-22', 'yolo7-25', 'yolo9-28']
Pods in edge:  ['audio6-edge-21', 'audio6-edge-25', 'audio8-edge-13', 'audio8-edge-22', 'audio8-edge-25', 'yolo8-edge-17']
The passed time:  2628.5908250808716
The time of this iteration: 60.021785736083984
time: 29
Delete stuck app: yolo12-19
Delete stuck app: yolo7-25
[Departure] audio6-edge-21:8/10
[Departure] audio2-21:8/10pod/yolo9-29 created
pod "yolo3-28" deleted
pod "audio4-23" deleted
pod/yolo5-29 created
pod "yolo6-22" deleted
pod/yolo7-29 created
pod "audio8-edge-22" deleted
pod "audio2-27" deleted
pod "audio4-23" deleted
pod "yolo6-22" deleted
pod "audio2-27" deleted
pod "audio7-26" deleted
pod "audio11-24" deleted
pod "audio4-27" deleted
pod "yolo7-22" deleted
pod "audio3-23" deleted
pod "audio7-edge-22" deleted

init delete pods audio8-edge-22
[Departure] yolo7-22:7/7
init delete pods yolo6-22
[Departure] audio7-edge-22:5/5
[Departure] audio3-23:7/7
init delete pods audio4-23
[Departure] audio11-24:6/6
[Departure] audio8-edge-25:5/9
[Departure] audio7-26:3/3
[Departure] audio6-26:3/6
[Departure] audio9-27:2/8
[Departure] yolo5-27:2/3
init delete pods audio2-27
[Departure] audio4-27:2/2
[Departure] audio5-27:2/9
[Departure] yolo4-28:2/5
init delete pods yolo3-28
[Departure] yolo10-28:2/8
[Departure] audio12-28:2/8
[Departure] yolo2-28:2/10
[Departure] yolo9-28:2/5
used_storage:  12.27 used bandwidth:  0
departure [['audio8-edge-22', 6, 6], ['yolo6-22', 6, 6], ['audio4-23', 6, 6], ['audio2-27', 1, 1], ['yolo3-28', 1, 1]]
all_departures ['audio7-0', 'yolo9-0', 'audio10-2', 'yolo9-0', 'audio10-2', 'audio5-1', 'yolo8-1', 'audio7-3', 'audio5-1', 'yolo8-1', 'audio7-3', 'yolo10-4', 'audio5-1', 'yolo10-4', 'audio3-3', 'audio9-3', 'yolo5-5', 'yolo2-6', 'audio3-3', 'audio9-3', 'yolo5-5', 'yolo2-6', 'yolo2-2', 'yolo2-2', 'yolo12-1', 'yolo9-2', 'yolo5-4', 'yolo11-8', 'audio4-edge-0', 'audio8-4', 'audio4-edge-4', 'yolo7-6', 'audio12-8', 'yolo12-2', 'yolo4-7', 'yolo12-2', 'yolo4-7', 'yolo12-6', 'audio12-11', 'yolo1-11', 'yolo12-6', 'audio12-11', 'yolo1-11', 'yolo8-7', 'yolo12-6', 'audio12-11', 'yolo1-11', 'yolo8-7', 'audio7-7', 'audio8-9', 'audio1-12', 'audio10-5', 'audio3-6', 'audio8-edge-6', 'yolo2-11', 'yolo6-14', 'yolo12-14', 'audio10-5', 'yolo6-14', 'yolo12-14', 'audio6-13', 'yolo10-10', 'audio3-12', 'yolo7-12', 'audio10-9', 'yolo12-16', 'yolo6-10', 'audio4-11', 'yolo12-12', 'yolo5-15', 'yolo8-16', 'yolo7-17', 'audio7-13', 'audio6-17', 'yolo8-edge-11', 'yolo5-13', 'yolo9-13', 'yolo8-edge-14', 'audio5-19', 'audio5-19', 'yolo9-14', 'yolo4-14', 'audio8-17', 'yolo2-18', 'yolo9-14', 'yolo4-14', 'audio8-17', 'yolo2-18', 'yolo2-14', 'yolo7-15', 'audio12-21', 'yolo12-22', 'audio11-22', 'audio3-25', 'audio12-18', 'audio11-20', 'yolo5-23', 'yolo12-19', 'yolo7-25', 'yolo12-19', 'yolo7-25', 'audio8-edge-22', 'yolo6-22', 'audio4-23', 'audio2-27', 'yolo3-28']
Init deployed Analytic: yolo9-29
Init deployed Analytic: yolo5-29
Init deployed Analytic: yolo7-29
Pods in cloud:  ['NAME', 'audio11-24', 'audio12-28', 'audio2-21', 'audio2-27', 'audio3-23', 'audio4-23', 'audio4-27', 'audio5-27', 'audio6-26', 'audio7-26', 'audio9-27', 'yolo10-28', 'yolo12-19', 'yolo2-28', 'yolo3-28', 'yolo4-28', 'yolo5-27', 'yolo5-29', 'yolo6-22', 'yolo7-22', 'yolo7-25', 'yolo7-29', 'yolo9-28', 'yolo9-29']
Pods in edge:  ['audio6-edge-21', 'audio6-edge-25', 'audio7-edge-22', 'audio8-edge-13', 'audio8-edge-22', 'audio8-edge-25', 'yolo8-edge-17']
The passed time:  2688.6370351314545
The time of this iteration: 60.046210050582886
time: 30
Delete stuck app: yolo12-19
Delete stuck app: yolo6-22
Delete stuck app: audio4-23
Delete stuck app: audio2-27
[Departure] audio6-edge-21:9/10
[Departure] audio2-21:9/10
init delete pods yolo7-22
init delete pods audio7-edge-22
init delete pods audio3-23
init delete pods audio11-24
[Departure] audio8-edge-25:6/9
init delete pods audio7-26
[Departure] audio6-26:4/6
[Departure] audio9-27:3/8
[Departure] yolo5-27:3/3
init delete pods audio4-27
[Departure] audio5-27:3/9
[Departure] yolo4-28:3/5
[Departure] yolo10-28:3/8
[Departure] audio12-28:3/8
[Departure] yolo2-28:3/10
[Departure] yolo9-28:3/5
[Departure] yolo9-29:1/9
[Departure] yolo7-29:1/9
[Departure] yolo5-29:1/1
used_storage:  12.27 used bandwidth:  0
departure [['yolo7-22', 7, 7], ['audio7-edge-22', 5, 5], ['audio3-23', 7, 7], ['audio11-24', 6, 6], ['audio7-26', 3, 3], ['audio4-27', 2, 2]]
all_departures ['audio7-0', 'yolo9-0', 'audio10-2', 'yolo9-0', 'audio10-2', 'audio5-1', 'yolo8-1', 'audio7-3', 'audio5-1', 'yolo8-1', 'audio7-3', 'yolo10-4', 'audio5-1', 'yolo10-4', 'audio3-3', 'audio9-3', 'yolo5-5', 'yolo2-6', 'audio3-3', 'audio9-3', 'yolo5-5', 'yolo2-6', 'yolo2-2', 'yolo2-2', 'yolo12-1', 'yolo9-2', 'yolo5-4', 'yolo11-8', 'audio4-edge-0', 'audio8-4', 'audio4-edge-4', 'yolo7-6', 'audio12-8', 'yolo12-2', 'yolo4-7', 'yolo12-2', 'yolo4-7', 'yolo12-6', 'audio12-11', 'yolo1-11', 'yolo12-6', 'audio12-11', 'yolo1-11', 'yolo8-7', 'yolo12-6', 'audio12-11', 'yolo1-11', 'yolo8-7', 'audio7-7', 'audio8-9', 'audio1-12', 'audio10-5', 'audio3-6', 'audio8-edge-6', 'yolo2-11', 'yolo6-14', 'yolo12-14', 'audio10-5', 'yolo6-14', 'yolo12-14', 'audio6-13', 'yolo10-10', 'audio3-12', 'yolo7-12', 'audio10-9', 'yolo12-16', 'yolo6-10', 'audio4-11', 'yolo12-12', 'yolo5-15', 'yolo8-16', 'yolo7-17', 'audio7-13', 'audio6-17', 'yolo8-edge-11', 'yolo5-13', 'yolo9-13', 'yolo8-edge-14', 'audio5-19', 'audio5-19', 'yolo9-14', 'yolo4-14', 'audio8-17', 'yolo2-18', 'yolo9-14', 'yolo4-14', 'audio8-17', 'yolo2-18', 'yolo2-14', 'yolo7-15', 'audio12-21', 'yolo12-22', 'audio11-22', 'audio3-25', 'audio12-18', 'audio11-20', 'yolo5-23', 'yolo12-19', 'yolo7-25', 'yolo12-19', 'yolo7-25', 'audio8-edge-22', 'yolo6-22', 'audio4-23', 'audio2-27', 'yolo3-28', 'yolo12-19', 'yolo6-22', 'audio4-23', 'audio2-27', 'yolo7-22', 'audio7-edge-22', 'audio3-23', 'audio11-24', 'audio7-26', 'audio4-27']
write terminal.input False
Pods in cloud:  ['NAME', 'audio11-24', 'audio12-28', 'audio2-21', 'audio2-27', 'audio3-23', 'audio4-23', 'audio4-27', 'audio5-27', 'audio6-26', 'audio7-26', 'audio9-27', 'yolo10-28', 'yolo2-28', 'yolo4-28', 'yolo5-27', 'yolo5-29', 'yolo6-22', 'yolo7-22', 'yolo7-29', 'yolo9-28', 'yolo9-29']
Pods in edge:  ['audio6-edge-21', 'audio6-edge-25', 'audio7-edge-22', 'audio8-edge-13', 'audio8-edge-25', 'yolo8-edge-17']
The passed time:  2748.665513277054
The time of this iteration: 60.028478145599365
reject: 0
=============== Time Out ===============
Total used time:  2753.3133318424225
