pod/audio9-0 created
pod/yolo10-0 created
pod/audio5-0 created
pod/yolo1-0 created
No resources found.
pod "yolo1-0" deleted
pod "yolo10-0" deleted
pod/audio6-1 created
pod/audio5-1 created
pod/audio3-1 created
No resources found.
pod/audio12-2 created
pod/yolo2-2 created
pod/audio7-2 created
No resources found.
pod/yolo7-3 created
pod/yolo3-3 created
pod/audio3-3 created
No resources found.
pod/yolo12-4 created
pod/audio5-4 created
pod/audio10-4 created
pod "audio9-0" deleted
pod "audio3-1" deleted
No resources found.
pod "audio9-0" deleted
pod "audio3-1" deleted
pod/yolo10-5 created
pod/audio6-5 created
No resources found.
No resources found.
pod "audio5-0" deleted
pod/audio2-6 created
pod/yolo5-6 created
pod/audio8-6 created
pod/audio7-6 created
No resources found.
pod "audio6-5" deleted
pod "yolo12-4" deleted
pod "audio6-5" deleted
pod "yolo12-4" deleted
pod "yolo2-2" deleted
pod "audio8-6" deleted
pod "audio7-6" deleted
pod "audio3-3" deleted
pod/yolo5-8 created
pod/audio6-8 created
pod/audio11-8 created
pod/audio7-8 created
pod "yolo2-2" deleted
pod/audio7-9 created
pod/yolo5-9 created
pod/audio8-9 created
pod "audio8-6" deleted
pod "audio7-6" deleted
pod "audio3-3" deleted
pod "audio7-2" deleted
time: 0
Init deployed Analytic: audio9-0
Init deployed Analytic: audio5-0
Init deployed Analytic: yolo10-0
Init deployed Analytic: yolo1-0

minion@minion-nuc-cloud:~$ 
[Departure] audio5-0:1/6
[Departure] yolo10-0:1/1
[Departure] yolo1-0:1/1
[Departure] audio9-0:1/4
used_storage:  0 used bandwidth:  0
departure []
all_departures []
Pods in cloud:  ['NAME', 'audio5-0', 'audio9-0', 'yolo1-0', 'yolo10-0']
Pods in edge:  []
The passed time:  60.04469656944275
The time of this iteration: 60.04469656944275
time: 1
[Departure] audio5-0:2/6
init delete pods yolo10-0
init delete pods yolo1-0
[Departure] audio9-0:2/4
used_storage:  0 used bandwidth:  0
departure [['yolo10-0', 1, 1], ['yolo1-0', 1, 1]]
all_departures ['yolo10-0', 'yolo1-0']
Pods in cloud:  ['NAME', 'audio5-0', 'audio9-0', 'yolo1-0', 'yolo10-0']
Pods in edge:  []
Init deployed Analytic: audio6-1
Init deployed Analytic: audio3-1
Init deployed Analytic: audio5-1
The passed time:  120.09165287017822
The time of this iteration: 60.046956300735474
time: 2
[Departure] audio5-0:3/6
[Departure] audio9-0:3/4
[Departure] audio5-1:1/9
[Departure] audio3-1:1/2
[Departure] audio6-1:1/8
used_storage:  0 used bandwidth:  0
departure []
all_departures ['yolo10-0', 'yolo1-0']
Init deployed Analytic: audio12-2
Pods in cloud:  ['NAME', 'audio12-2', 'audio3-1', 'audio5-0', 'audio5-1', 'audio6-1', 'audio9-0', 'yolo2-2']
Init deployed Analytic: yolo2-2
Pods in edge:  []
Init deployed Analytic: audio7-2
The passed time:  180.1188304424286
The time of this iteration: 60.027177572250366
time: 3
[Departure] audio5-0:4/6
[Departure] audio9-0:4/4
[Departure] audio5-1:2/9
[Departure] audio3-1:2/2
[Departure] audio6-1:2/8
[Departure] audio12-2:1/10
[Departure] audio7-2:1/6
[Departure] yolo2-2:1/5
Init deployed Analytic: yolo7-3
Init deployed Analytic: yolo3-3
Init deployed Analytic: audio3-3
used_storage:  0 used bandwidth:  0
departure []
all_departures ['yolo10-0', 'yolo1-0']
Pods in cloud:  ['NAME', 'audio12-2', 'audio3-1', 'audio3-3', 'audio5-0', 'audio5-1', 'audio6-1', 'audio7-2', 'audio9-0', 'yolo2-2', 'yolo3-3', 'yolo7-3']
Pods in edge:  []
The passed time:  240.16810512542725
The time of this iteration: 60.04927468299866
time: 4
Init deployed Analytic: audio5-4
Init deployed Analytic: yolo12-4
Init deployed Analytic: audio10-4
[Departure] audio5-0:5/6
init delete pods audio9-0
[Departure] audio5-1:3/9
init delete pods audio3-1
[Departure] audio6-1:3/8
[Departure] audio12-2:2/10
[Departure] audio7-2:2/6
[Departure] yolo2-2:2/5
[Departure] audio3-3:1/4
[Departure] yolo3-3:1/8
[Departure] yolo7-3:1/8
[Departure] yolo12-4:1/3
[Departure] audio5-4:1/6
[Departure] audio10-4:1/6
used_storage:  0 used bandwidth:  0
departure [['audio9-0', 4, 4], ['audio3-1', 2, 2]]
all_departures ['yolo10-0', 'yolo1-0', 'audio9-0', 'audio3-1']
Pods in cloud:  ['NAME', 'audio10-4', 'audio12-2', 'audio3-1', 'audio3-3', 'audio5-0', 'audio5-1', 'audio5-4', 'audio6-1', 'audio7-2', 'audio9-0', 'yolo12-4', 'yolo2-2', 'yolo3-3', 'yolo7-3']
Pods in edge:  []
The passed time:  300.21483635902405
The time of this iteration: 60.0467312335968
time: 5
Delete stuck app: audio9-0
Delete stuck app: audio3-1
[Departure] audio5-0:6/6
[Departure] audio5-1:4/9
[Departure] audio6-1:4/8
[Departure] audio12-2:3/10
[Departure] audio7-2:3/6
[Departure] yolo2-2:3/5
[Departure] audio3-3:2/4
[Departure] yolo3-3:2/8
[Departure] yolo7-3:2/8
[Departure] yolo12-4:2/3
[Departure] audio5-4:2/6
[Departure] audio10-4:2/6
Init deployed Analytic: yolo10-5
Init deployed Analytic: audio6-5
used_storage:  0 used bandwidth:  0
departure []
all_departures ['yolo10-0', 'yolo1-0', 'audio9-0', 'audio3-1', 'audio9-0', 'audio3-1']
write terminal.input False
Pods in cloud:  ['NAME', 'audio10-4', 'audio12-2', 'audio3-1', 'audio3-3', 'audio5-0', 'audio5-1', 'audio5-4', 'audio6-1', 'audio6-5', 'audio7-2', 'audio9-0', 'yolo10-5', 'yolo12-4', 'yolo2-2', 'yolo3-3', 'yolo7-3']
Pods in edge:  []
The passed time:  360.2588109970093
The time of this iteration: 60.04397463798523
time: 6
init delete pods audio5-0
[Departure] audio5-1:5/9
[Departure] audio6-1:5/8
[Departure] audio12-2:4/10
[Departure] audio7-2:4/6
[Departure] yolo2-2:4/5
[Departure] audio3-3:3/4
[Departure] yolo3-3:3/8
[Departure] yolo7-3:3/8
[Departure] yolo12-4:3/3
[Departure] audio5-4:3/6
[Departure] audio10-4:3/6
[Departure] yolo10-5:1/5
[Departure] audio6-5:1/1
used_storage:  0 used bandwidth:  0
departure [['audio5-0', 6, 6]]
all_departures ['yolo10-0', 'yolo1-0', 'audio9-0', 'audio3-1', 'audio9-0', 'audio3-1', 'audio5-0']
Init deployed Analytic: audio2-6
Init deployed Analytic: yolo5-6
Init deployed Analytic: audio7-6
Init deployed Analytic: audio8-6
Pods in cloud:  ['NAME', 'audio10-4', 'audio12-2', 'audio2-6', 'audio3-3', 'audio5-0', 'audio5-1', 'audio5-4', 'audio6-1', 'audio6-5', 'audio7-2', 'audio7-6', 'audio8-6', 'yolo10-5', 'yolo12-4', 'yolo2-2', 'yolo3-3', 'yolo5-6', 'yolo7-3']
Pods in edge:  []
The passed time:  420.3080954551697
The time of this iteration: 60.0492844581604
time: 7
[Departure] audio5-1:6/9
[Departure] audio6-1:6/8
[Departure] audio12-2:5/10
[Departure] audio7-2:5/6
[Departure] yolo2-2:5/5
[Departure] audio3-3:4/4
[Departure] yolo3-3:4/8
[Departure] yolo7-3:4/8
init delete pods yolo12-4
[Departure] audio5-4:4/6
[Departure] audio10-4:4/6
[Departure] yolo10-5:2/5
init delete pods audio6-5
[Departure] yolo5-6:1/4
[Departure] audio8-6:1/1
[Departure] audio7-6:1/1
[Departure] audio2-6:1/9
used_storage:  0 used bandwidth:  0
departure [['yolo12-4', 3, 3], ['audio6-5', 1, 1]]
all_departures ['yolo10-0', 'yolo1-0', 'audio9-0', 'audio3-1', 'audio9-0', 'audio3-1', 'audio5-0', 'yolo12-4', 'audio6-5']
Pods in cloud:  ['NAME', 'audio10-4', 'audio12-2', 'audio2-6', 'audio3-3', 'audio5-1', 'audio5-4', 'audio6-1', 'audio6-5', 'audio7-2', 'audio7-6', 'audio8-6', 'yolo10-5', 'yolo12-4', 'yolo2-2', 'yolo3-3', 'yolo5-6', 'yolo7-3']
Pods in edge:  []
The passed time:  480.3467891216278
The time of this iteration: 60.03869366645813
time: 8
Delete stuck app: yolo12-4
Delete stuck app: audio6-5
[Departure] audio5-1:7/9
[Departure] audio6-1:7/8
[Departure] audio12-2:6/10
[Departure] audio7-2:6/6
init delete pods yolo2-2
init delete pods audio3-3
[Departure] yolo3-3:5/8
[Departure] yolo7-3:5/8
[Departure] audio5-4:5/6
[Departure] audio10-4:5/6
[Departure] yolo10-5:3/5
[Departure] yolo5-6:2/4
init delete pods audio8-6
init delete pods audio7-6
[Departure] audio2-6:2/9
used_storage:  1.94 used bandwidth:  0
departure [['yolo2-2', 5, 5], ['audio3-3', 4, 4], ['audio8-6', 1, 1], ['audio7-6', 1, 1]]
all_departures ['yolo10-0', 'yolo1-0', 'audio9-0', 'audio3-1', 'audio9-0', 'audio3-1', 'audio5-0', 'yolo12-4', 'audio6-5', 'yolo12-4', 'audio6-5', 'yolo2-2', 'audio3-3', 'audio8-6', 'audio7-6']
Init deployed Analytic: audio7-8
Init deployed Analytic: audio6-8
Init deployed Analytic: audio11-8
Init deployed Analytic: yolo5-8
Pods in cloud:  ['NAME', 'audio10-4', 'audio11-8', 'audio12-2', 'audio2-6', 'audio3-3', 'audio5-1', 'audio5-4', 'audio6-1', 'audio6-5', 'audio6-8', 'audio7-2', 'audio7-6', 'audio7-8', 'audio8-6', 'yolo10-5', 'yolo12-4', 'yolo2-2', 'yolo3-3', 'yolo5-6', 'yolo5-8', 'yolo7-3']
Pods in edge:  ['audio5-edge-1']
The passed time:  540.3908410072327
The time of this iteration: 60.04405188560486
time: 9
Delete stuck app: yolo2-2
Delete stuck app: audio3-3
Delete stuck app: audio8-6
Delete stuck app: audio7-6
Init deployed Analytic: audio7-9
Init deployed Analytic: yolo5-9
Init deployed Analytic: audio8-9
[Departure] audio5-edge-1:8/9
[Departure] audio12-2:7/10
init delete pods audio7-2
[Departure] yolo3-3:6/8
[Departure] yolo7-3:6/8
[Departure] audio5-4:6/6
[Departure] audio10-4:6/6
[Departure] yolo10-5:4/5
[Departure] yolo5-6:3/4
[Departure] audio2-6:3/9
[Departure] audio6-8:1/2
[Departure] audio11-8:1/8
[Departure] yolo5-8:1/10
[Departure] audio7-8:1/7
[Departure] yolo5-9:1/9
used_storage:  1.94 used bandwidth:  0
departure [['audio7-2', 6, 6]]
all_departures ['yolo10-0', 'yolo1-0', 'audio9-0', 'audio3-1', 'audio9-0', 'audio3-1', 'audio5-0', 'yolo12-4', 'audio6-5', 'yolo12-4', 'audio6-5', 'yolo2-2', 'audio3-3', 'audio8-6', 'audio7-6', 'yolo2-2', 'audio3-3', 'audio8-6', 'audio7-6', 'audio7-2']
Pods in cloud:  ['NAME', 'audio10-4', 'audio11-8', 'audio12-2', 'audio2-6', 'audio5-4', 'audio6-8', 'audio7-2', 'audio7-6', 'audio7-8', 'audio7-9', 'audio8-6', 'audio8-9', 'yolo10-5', 'yolo2-2', 'yolo3-3', 'yolo5-6', 'yolo5-8', 'yolo5-9', 'yolo7-3']Error from server (NotFound): pods "audio6-5" not found
pod/audio5-10 created
pod/audio6-10 created
pod/yolo3-10 created
pod "audio5-4" deleted
pod "audio10-4" deleted
pod/audio2-11 created
pod/yolo4-11 created
pod/yolo1-11 created
pod "audio6-edge-1" deleted
pod "audio5-edge-1" deleted
pod "yolo10-5" deleted
pod "audio7-9" deleted
pod "yolo5-6" deleted
pod "audio8-9" deleted
pod "audio6-10" deleted
pod "audio6-8" deleted
pod/audio4-12 created
pod/yolo12-12 created
pod/yolo11-12 created
pod "audio6-8" deleted
pod "audio8-9" deleted
pod "yolo5-6" deleted
pod "audio6-10" deleted
pod "yolo10-5" deleted
pod "audio7-9" deleted
pod "yolo3-3" deleted
pod "yolo7-3" deleted
pod "yolo7-3" deleted
pod "yolo3-3" deleted
pod/yolo10-13 created
pod/audio4-13 created
pod/audio6-13 created
pod "yolo3-10" deleted
pod "audio4-12" deleted
pod "audio12-2" deleted
pod "yolo3-10" deleted
pod "yolo11-12" deleted
pod "yolo4-11" deleted
pod "audio5-edge-10" deleted
pod "yolo12-12" deleted

Pods in edge:  ['audio5-edge-1']
The passed time:  600.4398863315582
The time of this iteration: 60.04904532432556
time: 10
Init deployed Analytic: audio5-10
Init deployed Analytic: audio6-10
Init deployed Analytic: yolo3-10
[Departure] audio5-edge-1:9/9
[Departure] audio6-edge-1:8/8
[Departure] audio12-2:8/10
[Departure] yolo3-3:7/8
[Departure] yolo7-3:7/8
init delete pods audio5-4
init delete pods audio10-4
[Departure] yolo10-5:5/5
[Departure] yolo5-6:4/4
[Departure] audio2-6:4/9
[Departure] audio6-8:2/2
[Departure] audio11-8:2/8
[Departure] yolo5-8:2/10
[Departure] audio7-8:2/7
[Departure] audio7-9:1/1
[Departure] yolo5-9:2/9
[Departure] audio8-9:1/1
[Departure] audio5-10:1/4
[Departure] audio6-10:1/1
[Departure] yolo3-10:1/3
used_storage:  4.3 used bandwidth:  0
departure [['audio5-4', 6, 6], ['audio10-4', 6, 6]]
all_departures ['yolo10-0', 'yolo1-0', 'audio9-0', 'audio3-1', 'audio9-0', 'audio3-1', 'audio5-0', 'yolo12-4', 'audio6-5', 'yolo12-4', 'audio6-5', 'yolo2-2', 'audio3-3', 'audio8-6', 'audio7-6', 'yolo2-2', 'audio3-3', 'audio8-6', 'audio7-6', 'audio7-2', 'audio5-4', 'audio10-4']
IDA_thread is Alive
Sleep replace time: 0
images []
exist_images []
expect_analytics ['audio5', 'audio5', 'audio6', 'audio6', 'audio7']
Extract image: audio5
Extraction time: 78 s
Extract image: audio6
Extraction time: 82 s
Extract image: audio7
Extraction time: 82 s
extract_images ['audio5', 'audio6', 'audio7']
write terminal.input True
write terminal.input False
Pods in cloud:  ['NAME', 'audio11-8', 'audio12-2', 'audio2-6', 'audio5-10', 'audio6-10', 'audio6-8', 'audio7-8', 'audio7-9', 'audio8-9', 'yolo10-5', 'yolo3-10', 'yolo3-3', 'yolo5-6', 'yolo5-8', 'yolo5-9', 'yolo7-3']
Pods in edge:  ['audio5-edge-1', 'audio6-edge-1']
The passed time:  888.4599716663361
The time of this iteration: 288.02008533477783
time: 11
Init deployed Analytic: audio2-11
Init deployed Analytic: yolo4-11
Init deployed Analytic: yolo1-11
init delete pods audio5-edge-1
init delete pods audio6-edge-1
[Departure] audio12-2:9/10
[Departure] yolo3-3:8/8
[Departure] yolo7-3:8/8
init delete pods yolo10-5
init delete pods yolo5-6
[Departure] audio2-6:5/9
init delete pods audio6-8
[Departure] audio11-8:3/8
[Departure] yolo5-8:3/10
[Departure] audio7-8:3/7
init delete pods audio7-9
[Departure] yolo5-9:3/9
init delete pods audio8-9
[Departure] audio5-10:2/4
init delete pods audio6-10
[Departure] yolo3-10:2/3
[Departure] audio2-11:1/9
[Departure] yolo4-11:1/3
[Departure] yolo1-11:1/5
used_storage:  4.3 used bandwidth:  0
departure [['audio5-edge-1', 9, 9], ['audio6-edge-1', 8, 8], ['yolo10-5', 5, 5], ['yolo5-6', 4, 4], ['audio6-8', 2, 2], ['audio7-9', 1, 1], ['audio8-9', 1, 1], ['audio6-10', 1, 1]]
all_departures ['yolo10-0', 'yolo1-0', 'audio9-0', 'audio3-1', 'audio9-0', 'audio3-1', 'audio5-0', 'yolo12-4', 'audio6-5', 'yolo12-4', 'audio6-5', 'yolo2-2', 'audio3-3', 'audio8-6', 'audio7-6', 'yolo2-2', 'audio3-3', 'audio8-6', 'audio7-6', 'audio7-2', 'audio5-4', 'audio10-4', 'audio5-edge-1', 'audio6-edge-1', 'yolo10-5', 'yolo5-6', 'audio6-8', 'audio7-9', 'audio8-9', 'audio6-10']
Pods in cloud:  ['NAME', 'audio11-8', 'audio12-2', 'audio2-11', 'audio2-6', 'audio5-10', 'audio6-10', 'audio6-8', 'audio7-8', 'audio7-9', 'audio8-9', 'yolo1-11', 'yolo10-5', 'yolo3-10', 'yolo3-3', 'yolo4-11', 'yolo5-6', 'yolo5-8', 'yolo5-9', 'yolo7-3']
Pods in edge:  ['audio5-edge-1', 'audio6-edge-1']
The passed time:  948.5108053684235
The time of this iteration: 60.0508337020874
time: 12
Init deployed Analytic: audio4-12
Init deployed Analytic: yolo12-12
Init deployed Analytic: yolo11-12
Delete stuck app: yolo10-5
Delete stuck app: yolo5-6
Delete stuck app: audio6-8
Delete stuck app: audio7-9
Delete stuck app: audio8-9
Delete stuck app: audio6-10
[Departure] audio12-2:10/10
init delete pods yolo3-3
init delete pods yolo7-3
[Departure] audio2-6:6/9
[Departure] audio11-8:4/8
[Departure] yolo5-8:4/10
[Departure] audio7-8:4/7
[Departure] yolo5-9:4/9
[Departure] audio5-10:3/4
[Departure] yolo3-10:3/3
[Departure] audio2-11:2/9
[Departure] yolo4-11:2/3
[Departure] yolo1-11:2/5
[Departure] yolo11-12:1/2
[Departure] yolo12-12:1/2
[Departure] audio4-12:1/1
used_storage:  4.96 used bandwidth:  0
departure [['yolo3-3', 8, 8], ['yolo7-3', 8, 8]]
all_departures ['yolo10-0', 'yolo1-0', 'audio9-0', 'audio3-1', 'audio9-0', 'audio3-1', 'audio5-0', 'yolo12-4', 'audio6-5', 'yolo12-4', 'audio6-5', 'yolo2-2', 'audio3-3', 'audio8-6', 'audio7-6', 'yolo2-2', 'audio3-3', 'audio8-6', 'audio7-6', 'audio7-2', 'audio5-4', 'audio10-4', 'audio5-edge-1', 'audio6-edge-1', 'yolo10-5', 'yolo5-6', 'audio6-8', 'audio7-9', 'audio8-9', 'audio6-10', 'yolo10-5', 'yolo5-6', 'audio6-8', 'audio7-9', 'audio8-9', 'audio6-10', 'yolo3-3', 'yolo7-3']
Pods in cloud:  ['NAME', 'audio11-8', 'audio12-2', 'audio2-11', 'audio2-6', 'audio4-12', 'audio5-10', 'audio6-10', 'audio6-8', 'audio7-8', 'audio7-9', 'audio8-9', 'yolo1-11', 'yolo10-5', 'yolo11-12', 'yolo12-12', 'yolo3-10', 'yolo3-3', 'yolo4-11', 'yolo5-6', 'yolo5-8', 'yolo5-9', 'yolo7-3']
Pods in edge:  ['audio5-edge-10', 'audio7-edge-8']
The passed time:  1008.547069311142
The time of this iteration: 60.036263942718506
time: 13
Delete stuck app: yolo3-3
Delete stuck app: yolo7-3
Init deployed Analytic: yolo10-13
init delete pods audio12-2
[Departure] audio2-6:7/9
[Departure] audio11-8:5/8
[Departure] yolo5-8:5/10
[Departure] audio7-edge-8:5/7
[Departure] yolo5-9:5/9
[Departure] audio5-edge-10:4/4
init delete pods yolo3-10
[Departure] audio2-11:3/9
[Departure] yolo4-11:3/3
[Departure] yolo1-11:3/5
[Departure] yolo11-12:2/2
[Departure] yolo12-12:2/2
init delete pods audio4-12
Init deployed Analytic: audio6-13
Init deployed Analytic: audio4-13
used_storage:  4.96 used bandwidth:  0
departure [['audio12-2', 10, 10], ['yolo3-10', 3, 3], ['audio4-12', 1, 1]]
all_departures ['yolo10-0', 'yolo1-0', 'audio9-0', 'audio3-1', 'audio9-0', 'audio3-1', 'audio5-0', 'yolo12-4', 'audio6-5', 'yolo12-4', 'audio6-5', 'yolo2-2', 'audio3-3', 'audio8-6', 'audio7-6', 'yolo2-2', 'audio3-3', 'audio8-6', 'audio7-6', 'audio7-2', 'audio5-4', 'audio10-4', 'audio5-edge-1', 'audio6-edge-1', 'yolo10-5', 'yolo5-6', 'audio6-8', 'audio7-9', 'audio8-9', 'audio6-10', 'yolo10-5', 'yolo5-6', 'audio6-8', 'audio7-9', 'audio8-9', 'audio6-10', 'yolo3-3', 'yolo7-3', 'yolo3-3', 'yolo7-3', 'audio12-2', 'yolo3-10', 'audio4-12']
Pods in cloud:  ['NAME', 'audio11-8', 'audio12-2', 'audio2-11', 'audio2-6', 'audio4-12', 'audio4-13', 'audio6-13', 'yolo1-11', 'yolo10-13', 'yolo11-12', 'yolo12-12', 'yolo3-10', 'yolo3-3', 'yolo4-11', 'yolo5-8', 'yolo5-9', 'yolo7-3']
Pods in edge:  ['audio5-edge-10', 'audio7-edge-8']
The passed time:  1068.5948503017426
The time of this iteration: 60.047780990600586
time: 14
Delete stuck app: yolo3-10
[Departure] audio2-6:8/9
[Departure] audio11-8:6/8
[Departure] yolo5-8:6/10
[Departure] audio7-edge-8:6/7
[Departure] yolo5-9:6/9
init delete pods audio5-edge-10
[Departure] audio2-11:4/9
init delete pods yolo4-11
[Departure] yolo1-11:4/5
init delete pods yolo11-12
init delete pods yolo12-12
[Departure] audio6-13:1/8
[Departure] audio4-13:1/1
[Departure] yolo10-13:1/8
used_storage:  4.96 used bandwidth:  0
departure [['audio5-edge-10', 4, 4], ['yolo4-11', 3, 3], ['yolo11-12', 2, 2], ['yolo12-12', 2, 2]]
all_departures ['yolo10-0', 'yolo1-0', 'audio9-0', 'audio3-1', 'audio9-0', 'audio3-1', 'audio5-0', 'yolo12-4', 'audio6-5', 'yolo12-4', 'audio6-5', 'yolo2-2', 'audio3-3', 'audio8-6', 'audio7-6', 'yolo2-2', 'audio3-3', 'audio8-6', 'audio7-6', 'audio7-2', 'audio5-4', 'audio10-4', 'audio5-edge-1', 'audio6-edge-1', 'yolo10-5', 'yolo5-6', 'audio6-8', 'audio7-9', 'audio8-9', 'audio6-10', 'yolo10-5', 'yolo5-6', 'audio6-8', 'audio7-9', 'audio8-9', 'audio6-10', 'yolo3-3', 'yolo7-3', 'yolo3-3', 'yolo7-3', 'audio12-2', 'yolo3-10', 'audio4-12', 'yolo3-10', 'audio5-edge-10', 'yolo4-11', 'yolo11-12', 'yolo12-12']
Pods in cloud:  ['NAME', 'audio11-8', 'audio2-11', 'audio2-6', 'audio4-13', 'audio6-13', 'yolo1-11', 'yolo10-13', 'yolo11-12', 'yolo12-12', 'yolo4-11', 'yolo5-8', 'yolo5-9']
Pods in edge:  ['audio5-edge-10', 'audio7-edge-8']
The passed time:  1128.6447093486786
The time of this iteration: 60.049859046936035
time: 15
[Departure] audio2-6:9/9
[Departure] audio11-8:7/8pod "audio4-13" deleted
pod/yolo5-15 created
pod/yolo7-15 created
pod/yolo4-15 created
pod/yolo3-15 created
pod/audio3-15 created
pod/audio12-15 created
pod/yolo1-15 created
pod/yolo8-15 created
pod/audio11-16 created
pod/audio2-16 created
pod "audio4-13" deleted
pod "audio2-6" deleted
pod "yolo1-11" deleted
pod "audio7-edge-8" deleted
pod/yolo11-17 created
pod "audio11-8" deleted
pod/audio1-18 created
pod/yolo11-18 created
pod/yolo9-18 created
pod "audio11-8" deleted
pod "yolo5-9" deleted
pod "yolo5-15" deleted
pod "yolo5-9" deleted
pod "yolo5-15" deleted
pod/yolo12-19 created
pod/audio6-19 created
pod/audio7-19 created
pod/yolo4-19 created
pod/yolo10-19 created
pod/audio12-19 created
pod/yolo8-19 created
pod "audio1-18" deleted
pod "yolo5-8" deleted

[Departure] yolo5-8:7/10
[Departure] audio7-edge-8:7/7
[Departure] yolo5-9:7/9
[Departure] audio2-11:5/9
[Departure] yolo1-11:5/5
[Departure] audio6-13:2/8
init delete pods audio4-13
[Departure] yolo10-13:2/8
used_storage:  3.02 used bandwidth:  0
departure [['audio4-13', 1, 1]]
all_departures ['yolo10-0', 'yolo1-0', 'audio9-0', 'audio3-1', 'audio9-0', 'audio3-1', 'audio5-0', 'yolo12-4', 'audio6-5', 'yolo12-4', 'audio6-5', 'yolo2-2', 'audio3-3', 'audio8-6', 'audio7-6', 'yolo2-2', 'audio3-3', 'audio8-6', 'audio7-6', 'audio7-2', 'audio5-4', 'audio10-4', 'audio5-edge-1', 'audio6-edge-1', 'yolo10-5', 'yolo5-6', 'audio6-8', 'audio7-9', 'audio8-9', 'audio6-10', 'yolo10-5', 'yolo5-6', 'audio6-8', 'audio7-9', 'audio8-9', 'audio6-10', 'yolo3-3', 'yolo7-3', 'yolo3-3', 'yolo7-3', 'audio12-2', 'yolo3-10', 'audio4-12', 'yolo3-10', 'audio5-edge-10', 'yolo4-11', 'yolo11-12', 'yolo12-12', 'audio4-13']
write terminal.input False
Init deployed Analytic: yolo5-15
Init deployed Analytic: yolo1-15
Init deployed Analytic: yolo7-15
Init deployed Analytic: yolo4-15
Init deployed Analytic: yolo8-15
Init deployed Analytic: yolo3-15
Init deployed Analytic: audio3-15
Init deployed Analytic: audio12-15
Pods in cloud:  ['NAME', 'audio11-8', 'audio12-15', 'audio2-11', 'audio2-6', 'audio3-15', 'audio4-13', 'audio6-13', 'yolo1-11', 'yolo1-15', 'yolo10-13', 'yolo3-15', 'yolo4-15', 'yolo5-15', 'yolo5-8', 'yolo5-9', 'yolo7-15', 'yolo8-15']
Pods in edge:  ['audio7-edge-8']
The passed time:  1188.6758575439453
The time of this iteration: 60.031148195266724
time: 16
Init deployed Analytic: audio2-16
Init deployed Analytic: audio11-16
Delete stuck app: audio4-13
init delete pods audio2-6
[Departure] audio11-8:8/8
[Departure] yolo5-8:8/10
init delete pods audio7-edge-8
[Departure] yolo5-9:8/9
[Departure] audio2-11:6/9
init delete pods yolo1-11
[Departure] audio6-13:3/8
[Departure] yolo10-13:3/8
[Departure] audio3-15:1/7
[Departure] yolo1-15:1/4
[Departure] yolo7-15:1/4
[Departure] yolo5-15:1/2
[Departure] yolo4-15:1/9
[Departure] yolo8-15:1/6
[Departure] audio12-15:1/4
[Departure] yolo3-15:1/6
[Departure] audio2-16:1/4
[Departure] audio11-16:1/9
used_storage:  5.38 used bandwidth:  0
departure [['audio2-6', 9, 9], ['audio7-edge-8', 7, 7], ['yolo1-11', 5, 5]]
all_departures ['yolo10-0', 'yolo1-0', 'audio9-0', 'audio3-1', 'audio9-0', 'audio3-1', 'audio5-0', 'yolo12-4', 'audio6-5', 'yolo12-4', 'audio6-5', 'yolo2-2', 'audio3-3', 'audio8-6', 'audio7-6', 'yolo2-2', 'audio3-3', 'audio8-6', 'audio7-6', 'audio7-2', 'audio5-4', 'audio10-4', 'audio5-edge-1', 'audio6-edge-1', 'yolo10-5', 'yolo5-6', 'audio6-8', 'audio7-9', 'audio8-9', 'audio6-10', 'yolo10-5', 'yolo5-6', 'audio6-8', 'audio7-9', 'audio8-9', 'audio6-10', 'yolo3-3', 'yolo7-3', 'yolo3-3', 'yolo7-3', 'audio12-2', 'yolo3-10', 'audio4-12', 'yolo3-10', 'audio5-edge-10', 'yolo4-11', 'yolo11-12', 'yolo12-12', 'audio4-13', 'audio4-13', 'audio2-6', 'audio7-edge-8', 'yolo1-11']
Pods in cloud:  ['NAME', 'audio11-16', 'audio11-8', 'audio12-15', 'audio2-11', 'audio2-16', 'audio2-6', 'audio3-15', 'audio4-13', 'audio6-13', 'yolo1-11', 'yolo1-15', 'yolo10-13', 'yolo3-15', 'yolo4-15', 'yolo5-15', 'yolo5-8', 'yolo5-9', 'yolo7-15', 'yolo8-15']
Pods in edge:  ['audio6-edge-13', 'audio7-edge-8']
The passed time:  1248.7233045101166
The time of this iteration: 60.047446966171265
time: 17
Init deployed Analytic: yolo11-17
init delete pods audio11-8
[Departure] yolo5-8:9/10
[Departure] yolo5-9:9/9
[Departure] audio2-11:7/9
[Departure] audio6-edge-13:4/8
[Departure] yolo10-13:4/8
[Departure] audio3-15:2/7
[Departure] yolo1-15:2/4
[Departure] yolo7-15:2/4
[Departure] yolo5-15:2/2
[Departure] yolo4-15:2/9
[Departure] yolo8-15:2/6
[Departure] audio12-15:2/4
[Departure] yolo3-15:2/6
[Departure] audio2-16:2/4
[Departure] audio11-16:2/9
[Departure] yolo11-17:1/5
used_storage:  2.36 used bandwidth:  0
departure [['audio11-8', 8, 8]]
all_departures ['yolo10-0', 'yolo1-0', 'audio9-0', 'audio3-1', 'audio9-0', 'audio3-1', 'audio5-0', 'yolo12-4', 'audio6-5', 'yolo12-4', 'audio6-5', 'yolo2-2', 'audio3-3', 'audio8-6', 'audio7-6', 'yolo2-2', 'audio3-3', 'audio8-6', 'audio7-6', 'audio7-2', 'audio5-4', 'audio10-4', 'audio5-edge-1', 'audio6-edge-1', 'yolo10-5', 'yolo5-6', 'audio6-8', 'audio7-9', 'audio8-9', 'audio6-10', 'yolo10-5', 'yolo5-6', 'audio6-8', 'audio7-9', 'audio8-9', 'audio6-10', 'yolo3-3', 'yolo7-3', 'yolo3-3', 'yolo7-3', 'audio12-2', 'yolo3-10', 'audio4-12', 'yolo3-10', 'audio5-edge-10', 'yolo4-11', 'yolo11-12', 'yolo12-12', 'audio4-13', 'audio4-13', 'audio2-6', 'audio7-edge-8', 'yolo1-11', 'audio11-8']
Pods in cloud:  ['NAME', 'audio11-16', 'audio11-8', 'audio12-15', 'audio2-11', 'audio2-16', 'audio3-15', 'yolo1-15', 'yolo10-13', 'yolo11-17', 'yolo3-15', 'yolo4-15', 'yolo5-15', 'yolo5-8', 'yolo5-9', 'yolo7-15', 'yolo8-15']
Pods in edge:  ['audio6-edge-13']
The passed time:  1308.73548412323
The time of this iteration: 60.0121796131134
time: 18
Init deployed Analytic: audio1-18
Init deployed Analytic: yolo11-18
Delete stuck app: audio11-8
Init deployed Analytic: yolo9-18
[Departure] yolo5-8:10/10
init delete pods yolo5-9
[Departure] audio2-11:8/9
[Departure] audio6-edge-13:5/8
[Departure] yolo10-13:5/8
[Departure] audio3-15:3/7
[Departure] yolo1-15:3/4
[Departure] yolo7-15:3/4
init delete pods yolo5-15
[Departure] yolo4-15:3/9
[Departure] yolo8-15:3/6
[Departure] audio12-15:3/4
[Departure] yolo3-15:3/6
[Departure] audio2-16:3/4
[Departure] audio11-16:3/9
[Departure] yolo11-17:2/5
[Departure] audio1-18:1/1
[Departure] yolo9-18:1/3
[Departure] yolo11-18:1/9
used_storage:  2.36 used bandwidth:  0
departure [['yolo5-9', 9, 9], ['yolo5-15', 2, 2]]
all_departures ['yolo10-0', 'yolo1-0', 'audio9-0', 'audio3-1', 'audio9-0', 'audio3-1', 'audio5-0', 'yolo12-4', 'audio6-5', 'yolo12-4', 'audio6-5', 'yolo2-2', 'audio3-3', 'audio8-6', 'audio7-6', 'yolo2-2', 'audio3-3', 'audio8-6', 'audio7-6', 'audio7-2', 'audio5-4', 'audio10-4', 'audio5-edge-1', 'audio6-edge-1', 'yolo10-5', 'yolo5-6', 'audio6-8', 'audio7-9', 'audio8-9', 'audio6-10', 'yolo10-5', 'yolo5-6', 'audio6-8', 'audio7-9', 'audio8-9', 'audio6-10', 'yolo3-3', 'yolo7-3', 'yolo3-3', 'yolo7-3', 'audio12-2', 'yolo3-10', 'audio4-12', 'yolo3-10', 'audio5-edge-10', 'yolo4-11', 'yolo11-12', 'yolo12-12', 'audio4-13', 'audio4-13', 'audio2-6', 'audio7-edge-8', 'yolo1-11', 'audio11-8', 'audio11-8', 'yolo5-9', 'yolo5-15']
Pods in cloud:  ['NAME', 'audio1-18', 'audio11-16', 'audio11-8', 'audio12-15', 'audio2-11', 'audio2-16', 'audio3-15', 'yolo1-15', 'yolo10-13', 'yolo11-17', 'yolo11-18', 'yolo3-15', 'yolo4-15', 'yolo5-15', 'yolo5-8', 'yolo5-9', 'yolo7-15', 'yolo8-15', 'yolo9-18']
Pods in edge:  ['audio6-edge-13']
The passed time:  1368.778836965561
The time of this iteration: 60.04335284233093
time: 19
Delete stuck app: yolo5-9
Delete stuck app: yolo5-15
init delete pods yolo5-8
[Departure] audio2-11:9/9
[Departure] audio6-edge-13:6/8
[Departure] yolo10-13:6/8
[Departure] audio3-15:4/7
[Departure] yolo1-15:4/4
[Departure] yolo7-15:4/4
[Departure] yolo4-15:4/9
[Departure] yolo8-15:4/6
[Departure] audio12-15:4/4
[Departure] yolo3-15:4/6
[Departure] audio2-16:4/4
[Departure] audio11-16:4/9
[Departure] yolo11-17:3/5
init delete pods audio1-18
[Departure] yolo9-18:2/3
[Departure] yolo11-18:2/9
Init deployed Analytic: audio6-19
Init deployed Analytic: yolo4-19
Init deployed Analytic: yolo10-19
Init deployed Analytic: audio12-19
Init deployed Analytic: audio7-19
Init deployed Analytic: yolo12-19
Init deployed Analytic: yolo8-19
used_storage:  2.36 used bandwidth:  0
departure [['yolo5-8', 10, 10], ['audio1-18', 1, 1]]
all_departures ['yolo10-0', 'yolo1-0', 'audio9-0', 'audio3-1', 'audio9-0', 'audio3-1', 'audio5-0', 'yolo12-4', 'audio6-5', 'yolo12-4', 'audio6-5', 'yolo2-2', 'audio3-3', 'audio8-6', 'audio7-6', 'yolo2-2', 'audio3-3', 'audio8-6', 'audio7-6', 'audio7-2', 'audio5-4', 'audio10-4', 'audio5-edge-1', 'audio6-edge-1', 'yolo10-5', 'yolo5-6', 'audio6-8', 'audio7-9', 'audio8-9', 'audio6-10', 'yolo10-5', 'yolo5-6', 'audio6-8', 'audio7-9', 'audio8-9', 'audio6-10', 'yolo3-3', 'yolo7-3', 'yolo3-3', 'yolo7-3', 'audio12-2', 'yolo3-10', 'audio4-12', 'yolo3-10', 'audio5-edge-10', 'yolo4-11', 'yolo11-12', 'yolo12-12', 'audio4-13', 'audio4-13', 'audio2-6', 'audio7-edge-8', 'yolo1-11', 'audio11-8', 'audio11-8', 'yolo5-9', 'yolo5-15', 'yolo5-9', 'yolo5-15', 'yolo5-8', 'audio1-18']pod/audio2-20 created
pod "yolo5-8" deleted
pod "audio1-18" deleted
pod "audio2-16" deleted
pod "audio2-11" deleted
pod "audio12-15" deleted
pod "yolo7-15" deleted
pod "yolo1-15" deleted
pod "audio2-11" deleted
pod "audio2-16" deleted
pod "yolo7-15" deleted
pod "audio12-15" deleted
pod "yolo1-15" deleted
pod "yolo9-18" deleted
pod/audio6-21 created
pod/audio2-21 created
pod "yolo11-17" deleted
pod "audio12-19" deleted
pod "yolo10-13" deleted
pod "yolo8-15" deleted
pod "audio6-edge-13" deleted
pod "yolo3-15" deleted
pod/audio4-22 created
pod/yolo2-22 created
pod/audio11-22 created
pod/audio1-22 created
pod/yolo3-22 created
pod/audio12-22 created
pod/audio10-22 created
pod/yolo9-22 created
pod "yolo10-13" deleted
pod "yolo8-15" deleted
pod "audio12-19" deleted
pod "yolo3-15" deleted
pod "yolo11-17" deleted
pod/audio8-23 created
pod/audio9-23 created
pod/yolo1-23 created
pod/yolo8-23 created
pod/yolo6-23 created
pod/yolo10-23 created

Pods in cloud:  ['NAME', 'audio1-18', 'audio11-16', 'audio12-15', 'audio12-19', 'audio2-11', 'audio2-16', 'audio3-15', 'audio6-19', 'audio7-19', 'yolo1-15', 'yolo10-13', 'yolo10-19', 'yolo11-17', 'yolo11-18', 'yolo12-19', 'yolo3-15', 'yolo4-15', 'yolo4-19', 'yolo5-15', 'yolo5-8', 'yolo7-15', 'yolo8-15', 'yolo8-19', 'yolo9-18']
Pods in edge:  ['audio6-edge-13']
The passed time:  1428.8233225345612
The time of this iteration: 60.044485569000244
time: 20
Init deployed Analytic: audio2-20
Delete stuck app: yolo5-8
Delete stuck app: audio1-18
init delete pods audio2-11
[Departure] audio6-edge-13:7/8
[Departure] yolo10-13:7/8
[Departure] audio3-15:5/7
init delete pods yolo1-15
init delete pods yolo7-15
[Departure] yolo4-15:5/9
[Departure] yolo8-15:5/6
init delete pods audio12-15
[Departure] yolo3-15:5/6
init delete pods audio2-16
[Departure] audio11-16:5/9
[Departure] yolo11-17:4/5
[Departure] yolo9-18:3/3
[Departure] yolo11-18:3/9
[Departure] yolo8-19:1/6
[Departure] yolo12-19:1/10
[Departure] audio7-19:1/10
[Departure] audio6-19:1/6
[Departure] yolo4-19:1/9
[Departure] audio12-19:1/2
[Departure] yolo10-19:1/8
[Departure] audio2-20:1/7
used_storage:  2.36 used bandwidth:  0
departure [['audio2-11', 9, 9], ['yolo1-15', 4, 4], ['yolo7-15', 4, 4], ['audio12-15', 4, 4], ['audio2-16', 4, 4]]
all_departures ['yolo10-0', 'yolo1-0', 'audio9-0', 'audio3-1', 'audio9-0', 'audio3-1', 'audio5-0', 'yolo12-4', 'audio6-5', 'yolo12-4', 'audio6-5', 'yolo2-2', 'audio3-3', 'audio8-6', 'audio7-6', 'yolo2-2', 'audio3-3', 'audio8-6', 'audio7-6', 'audio7-2', 'audio5-4', 'audio10-4', 'audio5-edge-1', 'audio6-edge-1', 'yolo10-5', 'yolo5-6', 'audio6-8', 'audio7-9', 'audio8-9', 'audio6-10', 'yolo10-5', 'yolo5-6', 'audio6-8', 'audio7-9', 'audio8-9', 'audio6-10', 'yolo3-3', 'yolo7-3', 'yolo3-3', 'yolo7-3', 'audio12-2', 'yolo3-10', 'audio4-12', 'yolo3-10', 'audio5-edge-10', 'yolo4-11', 'yolo11-12', 'yolo12-12', 'audio4-13', 'audio4-13', 'audio2-6', 'audio7-edge-8', 'yolo1-11', 'audio11-8', 'audio11-8', 'yolo5-9', 'yolo5-15', 'yolo5-9', 'yolo5-15', 'yolo5-8', 'audio1-18', 'yolo5-8', 'audio1-18', 'audio2-11', 'yolo1-15', 'yolo7-15', 'audio12-15', 'audio2-16']
write terminal.input False
Pods in cloud:  ['NAME', 'audio1-18', 'audio11-16', 'audio12-15', 'audio12-19', 'audio2-11', 'audio2-16', 'audio2-20', 'audio3-15', 'audio6-19', 'audio7-19', 'yolo1-15', 'yolo10-13', 'yolo10-19', 'yolo11-17', 'yolo11-18', 'yolo12-19', 'yolo3-15', 'yolo4-15', 'yolo4-19', 'yolo5-8', 'yolo7-15', 'yolo8-15', 'yolo8-19', 'yolo9-18']
Pods in edge:  ['audio6-edge-13']
The passed time:  1488.8251602649689
The time of this iteration: 60.001837730407715
time: 21
Delete stuck app: audio2-11
Delete stuck app: yolo1-15
Delete stuck app: yolo7-15
Delete stuck app: audio12-15
Delete stuck app: audio2-16
[Departure] audio6-edge-13:8/8
[Departure] yolo10-13:8/8
[Departure] audio3-15:6/7
[Departure] yolo4-15:6/9
[Departure] yolo8-15:6/6
[Departure] yolo3-15:6/6
[Departure] audio11-16:6/9
[Departure] yolo11-17:5/5
init delete pods yolo9-18
[Departure] yolo11-18:4/9
[Departure] yolo8-19:2/6
[Departure] yolo12-19:2/10
[Departure] audio7-19:2/10
[Departure] audio6-19:2/6
[Departure] yolo4-19:2/9
[Departure] audio12-19:2/2
[Departure] yolo10-19:2/8
[Departure] audio2-20:2/7
used_storage:  5.38 used bandwidth:  0
departure [['yolo9-18', 3, 3]]
all_departures ['yolo10-0', 'yolo1-0', 'audio9-0', 'audio3-1', 'audio9-0', 'audio3-1', 'audio5-0', 'yolo12-4', 'audio6-5', 'yolo12-4', 'audio6-5', 'yolo2-2', 'audio3-3', 'audio8-6', 'audio7-6', 'yolo2-2', 'audio3-3', 'audio8-6', 'audio7-6', 'audio7-2', 'audio5-4', 'audio10-4', 'audio5-edge-1', 'audio6-edge-1', 'yolo10-5', 'yolo5-6', 'audio6-8', 'audio7-9', 'audio8-9', 'audio6-10', 'yolo10-5', 'yolo5-6', 'audio6-8', 'audio7-9', 'audio8-9', 'audio6-10', 'yolo3-3', 'yolo7-3', 'yolo3-3', 'yolo7-3', 'audio12-2', 'yolo3-10', 'audio4-12', 'yolo3-10', 'audio5-edge-10', 'yolo4-11', 'yolo11-12', 'yolo12-12', 'audio4-13', 'audio4-13', 'audio2-6', 'audio7-edge-8', 'yolo1-11', 'audio11-8', 'audio11-8', 'yolo5-9', 'yolo5-15', 'yolo5-9', 'yolo5-15', 'yolo5-8', 'audio1-18', 'yolo5-8', 'audio1-18', 'audio2-11', 'yolo1-15', 'yolo7-15', 'audio12-15', 'audio2-16', 'audio2-11', 'yolo1-15', 'yolo7-15', 'audio12-15', 'audio2-16', 'yolo9-18']
Init deployed Analytic: audio6-21
Init deployed Analytic: audio2-21
Pods in cloud:  ['NAME', 'audio11-16', 'audio12-15', 'audio12-19', 'audio2-11', 'audio2-16', 'audio2-20', 'audio2-21', 'audio3-15', 'audio6-19', 'audio6-21', 'audio7-19', 'yolo1-15', 'yolo10-13', 'yolo10-19', 'yolo11-17', 'yolo11-18', 'yolo12-19', 'yolo3-15', 'yolo4-15', 'yolo4-19', 'yolo7-15', 'yolo8-15', 'yolo8-19', 'yolo9-18']
Pods in edge:  ['audio6-edge-13', 'audio6-edge-19', 'audio7-edge-19']
The passed time:  1548.8708736896515
The time of this iteration: 60.04571342468262
time: 22
init delete pods audio6-edge-13
init delete pods yolo10-13
[Departure] audio3-15:7/7
[Departure] yolo4-15:7/9
init delete pods yolo8-15
init delete pods yolo3-15
[Departure] audio11-16:7/9
init delete pods yolo11-17
[Departure] yolo11-18:5/9
[Departure] yolo8-19:3/6
[Departure] yolo12-19:3/10
[Departure] audio7-edge-19:3/10
[Departure] audio6-edge-19:3/6
[Departure] yolo4-19:3/9
init delete pods audio12-19
[Departure] yolo10-19:3/8
[Departure] audio2-20:3/7
[Departure] audio2-21:1/9
[Departure] audio6-21:1/6
used_storage:  5.38 used bandwidth:  0
departure [['audio6-edge-13', 8, 8], ['yolo10-13', 8, 8], ['yolo8-15', 6, 6], ['yolo3-15', 6, 6], ['yolo11-17', 5, 5], ['audio12-19', 2, 2]]
all_departures ['yolo10-0', 'yolo1-0', 'audio9-0', 'audio3-1', 'audio9-0', 'audio3-1', 'audio5-0', 'yolo12-4', 'audio6-5', 'yolo12-4', 'audio6-5', 'yolo2-2', 'audio3-3', 'audio8-6', 'audio7-6', 'yolo2-2', 'audio3-3', 'audio8-6', 'audio7-6', 'audio7-2', 'audio5-4', 'audio10-4', 'audio5-edge-1', 'audio6-edge-1', 'yolo10-5', 'yolo5-6', 'audio6-8', 'audio7-9', 'audio8-9', 'audio6-10', 'yolo10-5', 'yolo5-6', 'audio6-8', 'audio7-9', 'audio8-9', 'audio6-10', 'yolo3-3', 'yolo7-3', 'yolo3-3', 'yolo7-3', 'audio12-2', 'yolo3-10', 'audio4-12', 'yolo3-10', 'audio5-edge-10', 'yolo4-11', 'yolo11-12', 'yolo12-12', 'audio4-13', 'audio4-13', 'audio2-6', 'audio7-edge-8', 'yolo1-11', 'audio11-8', 'audio11-8', 'yolo5-9', 'yolo5-15', 'yolo5-9', 'yolo5-15', 'yolo5-8', 'audio1-18', 'yolo5-8', 'audio1-18', 'audio2-11', 'yolo1-15', 'yolo7-15', 'audio12-15', 'audio2-16', 'audio2-11', 'yolo1-15', 'yolo7-15', 'audio12-15', 'audio2-16', 'yolo9-18', 'audio6-edge-13', 'yolo10-13', 'yolo8-15', 'yolo3-15', 'yolo11-17', 'audio12-19']
Init deployed Analytic: audio4-22
Init deployed Analytic: yolo2-22
Init deployed Analytic: audio11-22
Init deployed Analytic: audio1-22
Init deployed Analytic: audio10-22
Init deployed Analytic: audio12-22
Init deployed Analytic: yolo9-22
Init deployed Analytic: yolo3-22
Pods in cloud:  ['NAME', 'audio1-22', 'audio10-22', 'audio11-16', 'audio11-22', 'audio12-19', 'audio12-22', 'audio2-20', 'audio2-21', 'audio3-15', 'audio4-22', 'audio6-21', 'yolo10-13', 'yolo10-19', 'yolo11-17', 'yolo11-18', 'yolo12-19', 'yolo2-22', 'yolo3-15', 'yolo3-22', 'yolo4-15', 'yolo4-19', 'yolo8-15', 'yolo8-19', 'yolo9-22']
Pods in edge:  ['audio6-edge-13', 'audio6-edge-19', 'audio7-edge-19']
The passed time:  1608.9028780460358
The time of this iteration: 60.03200435638428
time: 23
Delete stuck app: yolo10-13
Delete stuck app: yolo8-15
Delete stuck app: yolo3-15
Delete stuck app: yolo11-17
Delete stuck app: audio12-19
init delete pods audio3-15
[Departure] yolo4-15:8/9
[Departure] audio11-16:8/9
[Departure] yolo11-18:6/9
[Departure] yolo8-19:4/6
[Departure] yolo12-19:4/10
[Departure] audio7-edge-19:4/10
[Departure] audio6-edge-19:4/6
[Departure] yolo4-19:4/9
[Departure] yolo10-19:4/8
[Departure] audio2-20:4/7
[Departure] audio2-21:2/9
[Departure] audio6-21:2/6
[Departure] audio12-22:1/2
[Departure] audio10-22:1/7
[Departure] yolo3-22:1/5
[Departure] audio1-22:1/4
[Departure] yolo2-22:1/10
[Departure] yolo9-22:1/4
[Departure] audio4-22:1/3
[Departure] audio11-22:1/7
Init deployed Analytic: audio8-23
Init deployed Analytic: yolo1-23
Init deployed Analytic: yolo8-23
Init deployed Analytic: audio9-23
Init deployed Analytic: yolo6-23
Init deployed Analytic: yolo10-23pod "audio3-15" deleted
pod "yolo8-15" deleted
pod "audio3-15" deleted
pod "yolo10-13" deleted
pod "yolo3-15" deleted
pod/audio3-24 created
pod/yolo5-24 created
pod/yolo10-25 created
pod "audio3-15" deleted
pod "audio12-22" deleted
pod "yolo4-15" deleted
pod "audio11-16" deleted
pod "yolo4-15" deleted
pod "audio12-22" deleted
pod "audio11-16" deleted
pod/yolo10-26 created
pod/yolo8-26 created
pod/yolo1-26 created
pod "audio6-edge-19" deleted

used_storage:  5.38 used bandwidth:  0
departure [['audio3-15', 7, 7]]
all_departures ['yolo10-0', 'yolo1-0', 'audio9-0', 'audio3-1', 'audio9-0', 'audio3-1', 'audio5-0', 'yolo12-4', 'audio6-5', 'yolo12-4', 'audio6-5', 'yolo2-2', 'audio3-3', 'audio8-6', 'audio7-6', 'yolo2-2', 'audio3-3', 'audio8-6', 'audio7-6', 'audio7-2', 'audio5-4', 'audio10-4', 'audio5-edge-1', 'audio6-edge-1', 'yolo10-5', 'yolo5-6', 'audio6-8', 'audio7-9', 'audio8-9', 'audio6-10', 'yolo10-5', 'yolo5-6', 'audio6-8', 'audio7-9', 'audio8-9', 'audio6-10', 'yolo3-3', 'yolo7-3', 'yolo3-3', 'yolo7-3', 'audio12-2', 'yolo3-10', 'audio4-12', 'yolo3-10', 'audio5-edge-10', 'yolo4-11', 'yolo11-12', 'yolo12-12', 'audio4-13', 'audio4-13', 'audio2-6', 'audio7-edge-8', 'yolo1-11', 'audio11-8', 'audio11-8', 'yolo5-9', 'yolo5-15', 'yolo5-9', 'yolo5-15', 'yolo5-8', 'audio1-18', 'yolo5-8', 'audio1-18', 'audio2-11', 'yolo1-15', 'yolo7-15', 'audio12-15', 'audio2-16', 'audio2-11', 'yolo1-15', 'yolo7-15', 'audio12-15', 'audio2-16', 'yolo9-18', 'audio6-edge-13', 'yolo10-13', 'yolo8-15', 'yolo3-15', 'yolo11-17', 'audio12-19', 'yolo10-13', 'yolo8-15', 'yolo3-15', 'yolo11-17', 'audio12-19', 'audio3-15']
Pods in cloud:  ['NAME', 'audio1-22', 'audio10-22', 'audio11-16', 'audio11-22', 'audio12-19', 'audio12-22', 'audio2-20', 'audio2-21', 'audio3-15', 'audio4-22', 'audio6-21', 'audio8-23', 'audio9-23', 'yolo1-23', 'yolo10-13', 'yolo10-19', 'yolo10-23', 'yolo11-17', 'yolo11-18', 'yolo12-19', 'yolo2-22', 'yolo3-15', 'yolo3-22', 'yolo4-15', 'yolo4-19', 'yolo6-23', 'yolo8-15', 'yolo8-19', 'yolo8-23', 'yolo9-22']
Pods in edge:  ['audio6-edge-19', 'audio7-edge-19']
The passed time:  1668.9468076229095
The time of this iteration: 60.04392957687378
time: 24
Delete stuck app: yolo10-13
Delete stuck app: yolo8-15
Delete stuck app: yolo3-15
Delete stuck app: audio3-15
[Departure] yolo4-15:9/9
[Departure] audio11-16:9/9
[Departure] yolo11-18:7/9
[Departure] yolo8-19:5/6
[Departure] yolo12-19:5/10
[Departure] audio7-edge-19:5/10
[Departure] audio6-edge-19:5/6
[Departure] yolo4-19:5/9
[Departure] yolo10-19:5/8
[Departure] audio2-20:5/7
[Departure] audio2-21:3/9
[Departure] audio6-21:3/6
[Departure] audio12-22:2/2
[Departure] audio10-22:2/7
[Departure] yolo3-22:2/5
[Departure] audio1-22:2/4
[Departure] yolo2-22:2/10
[Departure] yolo9-22:2/4
[Departure] audio4-22:2/3
[Departure] audio11-22:2/7
[Departure] yolo10-23:1/3
[Departure] yolo1-23:1/4
[Departure] audio9-23:1/6
[Departure] audio8-23:1/8
[Departure] yolo6-23:1/7
[Departure] yolo8-23:1/10
used_storage:  5.38 used bandwidth:  0
departure []
all_departures ['yolo10-0', 'yolo1-0', 'audio9-0', 'audio3-1', 'audio9-0', 'audio3-1', 'audio5-0', 'yolo12-4', 'audio6-5', 'yolo12-4', 'audio6-5', 'yolo2-2', 'audio3-3', 'audio8-6', 'audio7-6', 'yolo2-2', 'audio3-3', 'audio8-6', 'audio7-6', 'audio7-2', 'audio5-4', 'audio10-4', 'audio5-edge-1', 'audio6-edge-1', 'yolo10-5', 'yolo5-6', 'audio6-8', 'audio7-9', 'audio8-9', 'audio6-10', 'yolo10-5', 'yolo5-6', 'audio6-8', 'audio7-9', 'audio8-9', 'audio6-10', 'yolo3-3', 'yolo7-3', 'yolo3-3', 'yolo7-3', 'audio12-2', 'yolo3-10', 'audio4-12', 'yolo3-10', 'audio5-edge-10', 'yolo4-11', 'yolo11-12', 'yolo12-12', 'audio4-13', 'audio4-13', 'audio2-6', 'audio7-edge-8', 'yolo1-11', 'audio11-8', 'audio11-8', 'yolo5-9', 'yolo5-15', 'yolo5-9', 'yolo5-15', 'yolo5-8', 'audio1-18', 'yolo5-8', 'audio1-18', 'audio2-11', 'yolo1-15', 'yolo7-15', 'audio12-15', 'audio2-16', 'audio2-11', 'yolo1-15', 'yolo7-15', 'audio12-15', 'audio2-16', 'yolo9-18', 'audio6-edge-13', 'yolo10-13', 'yolo8-15', 'yolo3-15', 'yolo11-17', 'audio12-19', 'yolo10-13', 'yolo8-15', 'yolo3-15', 'yolo11-17', 'audio12-19', 'audio3-15', 'yolo10-13', 'yolo8-15', 'yolo3-15', 'audio3-15']
Init deployed Analytic: audio3-24
Init deployed Analytic: yolo5-24
Pods in cloud:  ['NAME', 'audio1-22', 'audio10-22', 'audio11-16', 'audio11-22', 'audio12-22', 'audio2-20', 'audio2-21', 'audio3-15', 'audio3-24', 'audio4-22', 'audio6-21', 'audio8-23', 'audio9-23', 'yolo1-23', 'yolo10-13', 'yolo10-19', 'yolo10-23', 'yolo11-18', 'yolo12-19', 'yolo2-22', 'yolo3-15', 'yolo3-22', 'yolo4-15', 'yolo4-19', 'yolo5-24', 'yolo6-23', 'yolo8-15', 'yolo8-19', 'yolo8-23', 'yolo9-22']
Pods in edge:  ['audio6-edge-19', 'audio7-edge-19']
The passed time:  1728.9908895492554
The time of this iteration: 60.044081926345825
time: 25
Init deployed Analytic: yolo10-25
Delete stuck app: audio3-15
init delete pods yolo4-15
init delete pods audio11-16
[Departure] yolo11-18:8/9
[Departure] yolo8-19:6/6
[Departure] yolo12-19:6/10
[Departure] audio7-edge-19:6/10
[Departure] audio6-edge-19:6/6
[Departure] yolo4-19:6/9
[Departure] yolo10-19:6/8
[Departure] audio2-20:6/7
[Departure] audio2-21:4/9
[Departure] audio6-21:4/6
init delete pods audio12-22
[Departure] audio10-22:3/7
[Departure] yolo3-22:3/5
[Departure] audio1-22:3/4
[Departure] yolo2-22:3/10
[Departure] yolo9-22:3/4
[Departure] audio4-22:3/3
[Departure] audio11-22:3/7
[Departure] yolo10-23:2/3
[Departure] yolo1-23:2/4
[Departure] audio9-23:2/6
[Departure] audio8-23:2/8
[Departure] yolo6-23:2/7
[Departure] yolo8-23:2/10
[Departure] yolo5-24:1/7
[Departure] audio3-24:1/6
[Departure] yolo10-25:1/5
used_storage:  5.38 used bandwidth:  0
departure [['yolo4-15', 9, 9], ['audio11-16', 9, 9], ['audio12-22', 2, 2]]
all_departures ['yolo10-0', 'yolo1-0', 'audio9-0', 'audio3-1', 'audio9-0', 'audio3-1', 'audio5-0', 'yolo12-4', 'audio6-5', 'yolo12-4', 'audio6-5', 'yolo2-2', 'audio3-3', 'audio8-6', 'audio7-6', 'yolo2-2', 'audio3-3', 'audio8-6', 'audio7-6', 'audio7-2', 'audio5-4', 'audio10-4', 'audio5-edge-1', 'audio6-edge-1', 'yolo10-5', 'yolo5-6', 'audio6-8', 'audio7-9', 'audio8-9', 'audio6-10', 'yolo10-5', 'yolo5-6', 'audio6-8', 'audio7-9', 'audio8-9', 'audio6-10', 'yolo3-3', 'yolo7-3', 'yolo3-3', 'yolo7-3', 'audio12-2', 'yolo3-10', 'audio4-12', 'yolo3-10', 'audio5-edge-10', 'yolo4-11', 'yolo11-12', 'yolo12-12', 'audio4-13', 'audio4-13', 'audio2-6', 'audio7-edge-8', 'yolo1-11', 'audio11-8', 'audio11-8', 'yolo5-9', 'yolo5-15', 'yolo5-9', 'yolo5-15', 'yolo5-8', 'audio1-18', 'yolo5-8', 'audio1-18', 'audio2-11', 'yolo1-15', 'yolo7-15', 'audio12-15', 'audio2-16', 'audio2-11', 'yolo1-15', 'yolo7-15', 'audio12-15', 'audio2-16', 'yolo9-18', 'audio6-edge-13', 'yolo10-13', 'yolo8-15', 'yolo3-15', 'yolo11-17', 'audio12-19', 'yolo10-13', 'yolo8-15', 'yolo3-15', 'yolo11-17', 'audio12-19', 'audio3-15', 'yolo10-13', 'yolo8-15', 'yolo3-15', 'audio3-15', 'audio3-15', 'yolo4-15', 'audio11-16', 'audio12-22']
write terminal.input False
Pods in cloud:  ['NAME', 'audio1-22', 'audio10-22', 'audio11-16', 'audio11-22', 'audio12-22', 'audio2-20', 'audio2-21', 'audio3-15', 'audio3-24', 'audio4-22', 'audio6-21', 'audio8-23', 'audio9-23', 'yolo1-23', 'yolo10-19', 'yolo10-23', 'yolo10-25', 'yolo11-18', 'yolo12-19', 'yolo2-22', 'yolo3-22', 'yolo4-15', 'yolo4-19', 'yolo5-24', 'yolo6-23', 'yolo8-19', 'yolo8-23', 'yolo9-22']
Pods in edge:  ['audio6-edge-19', 'audio7-edge-19']
The passed time:  1789.0233480930328
The time of this iteration: 60.032458543777466
time: 26
Delete stuck app: yolo4-15
Delete stuck app: audio11-16
Delete stuck app: audio12-22
[Departure] yolo11-18:9/9
init delete pods yolo8-19
[Departure] yolo12-19:7/10
[Departure] audio7-edge-19:7/10
init delete pods audio6-edge-19
[Departure] yolo4-19:7/9
[Departure] yolo10-19:7/8
[Departure] audio2-20:7/7
[Departure] audio2-21:5/9
[Departure] audio6-21:5/6
[Departure] audio10-22:4/7
[Departure] yolo3-22:4/5
[Departure] audio1-22:4/4
[Departure] yolo2-22:4/10
[Departure] yolo9-22:4/4
init delete pods audio4-22
[Departure] audio11-22:4/7
[Departure] yolo10-23:3/3
[Departure] yolo1-23:3/4
[Departure] audio9-23:3/6
[Departure] audio8-23:3/8
[Departure] yolo6-23:3/7
[Departure] yolo8-23:3/10
[Departure] yolo5-24:2/7
[Departure] audio3-24:2/6
[Departure] yolo10-25:2/5
[Departure] yolo10-26:1/1
Init deployed Analytic: yolo10-26
Init deployed Analytic: yolo1-26
Init deployed Analytic: yolo8-26
used_storage:  5.38 used bandwidth:  0
departure [['yolo8-19', 6, 6], ['audio6-edge-19', 6, 6], ['audio4-22', 3, 3]]
all_departures ['yolo10-0', 'yolo1-0', 'audio9-0', 'audio3-1', 'audio9-0', 'audio3-1', 'audio5-0', 'yolo12-4', 'audio6-5', 'yolo12-4', 'audio6-5', 'yolo2-2', 'audio3-3', 'audio8-6', 'audio7-6', 'yolo2-2', 'audio3-3', 'audio8-6', 'audio7-6', 'audio7-2', 'audio5-4', 'audio10-4', 'audio5-edge-1', 'audio6-edge-1', 'yolo10-5', 'yolo5-6', 'audio6-8', 'audio7-9', 'audio8-9', 'audio6-10', 'yolo10-5', 'yolo5-6', 'audio6-8', 'audio7-9', 'audio8-9', 'audio6-10', 'yolo3-3', 'yolo7-3', 'yolo3-3', 'yolo7-3', 'audio12-2', 'yolo3-10', 'audio4-12', 'yolo3-10', 'audio5-edge-10', 'yolo4-11', 'yolo11-12', 'yolo12-12', 'audio4-13', 'audio4-13', 'audio2-6', 'audio7-edge-8', 'yolo1-11', 'audio11-8', 'audio11-8', 'yolo5-9', 'yolo5-15', 'yolo5-9', 'yolo5-15', 'yolo5-8', 'audio1-18', 'yolo5-8', 'audio1-18', 'audio2-11', 'yolo1-15', 'yolo7-15', 'audio12-15', 'audio2-16', 'audio2-11', 'yolo1-15', 'yolo7-15', 'audio12-15', 'audio2-16', 'yolo9-18', 'audio6-edge-13', 'yolo10-13', 'yolo8-15', 'yolo3-15', 'yolo11-17', 'audio12-19', 'yolo10-13', 'yolo8-15', 'yolo3-15', 'yolo11-17', 'audio12-19', 'audio3-15', 'yolo10-13', 'yolo8-15', 'yolo3-15', 'audio3-15', 'audio3-15', 'yolo4-15', 'audio11-16', 'audio12-22', 'yolo4-15', 'audio11-16', 'audio12-22', 'yolo8-19', 'audio6-edge-19', 'audio4-22']pod "audio4-22" deleted
pod "yolo8-19" deleted
pod/audio5-27 created
pod/audio1-27 created
pod "audio4-22" deleted
pod "audio12-22" deleted
pod "yolo8-19" deleted
pod "audio1-22" deleted
pod "yolo9-22" deleted
pod "yolo11-18" deleted
pod "yolo10-26" deleted
pod "yolo10-23" deleted
pod "audio2-20" deleted
pod/audio5-28 created
pod/yolo3-28 created
pod/yolo1-28 created
pod/yolo2-28 created
pod/yolo12-28 created
pod "audio4-22" deleted
pod "yolo11-18" deleted
pod "yolo9-22" deleted
pod "audio2-20" deleted
pod "yolo10-23" deleted
pod "audio1-22" deleted
pod "yolo10-26" deleted
pod "audio6-21" deleted
pod "yolo3-22" deleted
pod "yolo10-19" deleted
pod "yolo1-23" deleted
pod "yolo9-22" deleted
pod "yolo3-22" deleted
pod "yolo11-18" deleted
pod "audio1-22" deleted
pod "yolo10-26" deleted
pod "yolo1-23" deleted
pod "audio2-20" deleted
pod "yolo10-19" deleted
pod "yolo10-23" deleted
pod "audio6-edge-21" deleted
pod/audio11-29 created
pod/yolo4-29 created
pod "audio4-22" deleted
pod/audio4-29 created

Pods in cloud:  ['NAME', 'audio1-22', 'audio10-22', 'audio11-16', 'audio11-22', 'audio12-22', 'audio2-20', 'audio2-21', 'audio3-24', 'audio4-22', 'audio6-21', 'audio8-23', 'audio9-23', 'yolo1-23', 'yolo1-26', 'yolo10-19', 'yolo10-23', 'yolo10-25', 'yolo10-26', 'yolo11-18', 'yolo12-19', 'yolo2-22', 'yolo3-22', 'yolo4-15', 'yolo4-19', 'yolo5-24', 'yolo6-23', 'yolo8-19', 'yolo8-23', 'yolo8-26', 'yolo9-22']
Pods in edge:  ['audio6-edge-19', 'audio6-edge-21', 'audio7-edge-19']
The passed time:  1849.0543735027313
The time of this iteration: 60.031025409698486
time: 27
Init deployed Analytic: audio5-27
Init deployed Analytic: audio1-27
Delete stuck app: audio12-22
Delete stuck app: yolo8-19
Delete stuck app: audio4-22
init delete pods yolo11-18
[Departure] yolo12-19:8/10
[Departure] audio7-edge-19:8/10
[Departure] yolo4-19:8/9
[Departure] yolo10-19:8/8
init delete pods audio2-20
[Departure] audio2-21:6/9
[Departure] audio6-21:6/6
[Departure] audio10-22:5/7
[Departure] yolo3-22:5/5
init delete pods audio1-22
[Departure] yolo2-22:5/10
init delete pods yolo9-22
[Departure] audio11-22:5/7
init delete pods yolo10-23
[Departure] yolo1-23:4/4
[Departure] audio9-23:4/6
[Departure] audio8-23:4/8
[Departure] yolo6-23:4/7
[Departure] yolo8-23:4/10
[Departure] yolo5-24:3/7
[Departure] audio3-24:3/6
[Departure] yolo10-25:3/5
init delete pods yolo10-26
[Departure] yolo1-26:1/8
[Departure] yolo8-26:1/7
[Departure] audio1-27:1/2
[Departure] audio5-27:1/8
used_storage:  5.38 used bandwidth:  0
departure [['yolo11-18', 9, 9], ['audio2-20', 7, 7], ['audio1-22', 4, 4], ['yolo9-22', 4, 4], ['yolo10-23', 3, 3], ['yolo10-26', 1, 1]]
all_departures ['yolo10-0', 'yolo1-0', 'audio9-0', 'audio3-1', 'audio9-0', 'audio3-1', 'audio5-0', 'yolo12-4', 'audio6-5', 'yolo12-4', 'audio6-5', 'yolo2-2', 'audio3-3', 'audio8-6', 'audio7-6', 'yolo2-2', 'audio3-3', 'audio8-6', 'audio7-6', 'audio7-2', 'audio5-4', 'audio10-4', 'audio5-edge-1', 'audio6-edge-1', 'yolo10-5', 'yolo5-6', 'audio6-8', 'audio7-9', 'audio8-9', 'audio6-10', 'yolo10-5', 'yolo5-6', 'audio6-8', 'audio7-9', 'audio8-9', 'audio6-10', 'yolo3-3', 'yolo7-3', 'yolo3-3', 'yolo7-3', 'audio12-2', 'yolo3-10', 'audio4-12', 'yolo3-10', 'audio5-edge-10', 'yolo4-11', 'yolo11-12', 'yolo12-12', 'audio4-13', 'audio4-13', 'audio2-6', 'audio7-edge-8', 'yolo1-11', 'audio11-8', 'audio11-8', 'yolo5-9', 'yolo5-15', 'yolo5-9', 'yolo5-15', 'yolo5-8', 'audio1-18', 'yolo5-8', 'audio1-18', 'audio2-11', 'yolo1-15', 'yolo7-15', 'audio12-15', 'audio2-16', 'audio2-11', 'yolo1-15', 'yolo7-15', 'audio12-15', 'audio2-16', 'yolo9-18', 'audio6-edge-13', 'yolo10-13', 'yolo8-15', 'yolo3-15', 'yolo11-17', 'audio12-19', 'yolo10-13', 'yolo8-15', 'yolo3-15', 'yolo11-17', 'audio12-19', 'audio3-15', 'yolo10-13', 'yolo8-15', 'yolo3-15', 'audio3-15', 'audio3-15', 'yolo4-15', 'audio11-16', 'audio12-22', 'yolo4-15', 'audio11-16', 'audio12-22', 'yolo8-19', 'audio6-edge-19', 'audio4-22', 'audio12-22', 'yolo8-19', 'audio4-22', 'yolo11-18', 'audio2-20', 'audio1-22', 'yolo9-22', 'yolo10-23', 'yolo10-26']
Pods in cloud:  ['NAME', 'audio1-22', 'audio1-27', 'audio10-22', 'audio11-22', 'audio2-20', 'audio2-21', 'audio3-24', 'audio4-22', 'audio5-27', 'audio6-21', 'audio8-23', 'audio9-23', 'yolo1-23', 'yolo1-26', 'yolo10-19', 'yolo10-23', 'yolo10-25', 'yolo10-26', 'yolo11-18', 'yolo12-19', 'yolo2-22', 'yolo3-22', 'yolo4-19', 'yolo5-24', 'yolo6-23', 'yolo8-23', 'yolo8-26', 'yolo9-22']
Pods in edge:  ['audio6-edge-21', 'audio7-edge-19']
The passed time:  1946.7889957427979
The time of this iteration: 97.73462224006653
time: 28
Init deployed Analytic: audio5-28
Init deployed Analytic: yolo3-28
Init deployed Analytic: yolo12-28
Init deployed Analytic: yolo2-28
Init deployed Analytic: yolo1-28
Delete stuck app: audio4-22
Delete stuck app: yolo11-18
Delete stuck app: audio2-20
Delete stuck app: audio1-22
Delete stuck app: yolo9-22
Delete stuck app: yolo10-23
Delete stuck app: yolo10-26
[Departure] yolo12-19:9/10
[Departure] audio7-edge-19:9/10
[Departure] yolo4-19:9/9
init delete pods yolo10-19
[Departure] audio2-21:7/9
init delete pods audio6-21
[Departure] audio10-22:6/7
init delete pods yolo3-22
[Departure] yolo2-22:6/10
[Departure] audio11-22:6/7
init delete pods yolo1-23
[Departure] audio9-23:5/6
[Departure] audio8-23:5/8
[Departure] yolo6-23:5/7
[Departure] yolo8-23:5/10
[Departure] yolo5-24:4/7
[Departure] audio3-24:4/6
[Departure] yolo10-25:4/5
[Departure] yolo1-26:2/8
[Departure] yolo8-26:2/7
[Departure] audio1-27:2/2
[Departure] audio5-27:2/8
[Departure] yolo1-28:1/3
[Departure] audio5-28:1/2
[Departure] yolo2-28:1/7
[Departure] yolo12-28:1/6
[Departure] yolo3-28:1/10
used_storage:  5.38 used bandwidth:  0
departure [['yolo10-19', 8, 8], ['audio6-21', 6, 6], ['yolo3-22', 5, 5], ['yolo1-23', 4, 4]]
all_departures ['yolo10-0', 'yolo1-0', 'audio9-0', 'audio3-1', 'audio9-0', 'audio3-1', 'audio5-0', 'yolo12-4', 'audio6-5', 'yolo12-4', 'audio6-5', 'yolo2-2', 'audio3-3', 'audio8-6', 'audio7-6', 'yolo2-2', 'audio3-3', 'audio8-6', 'audio7-6', 'audio7-2', 'audio5-4', 'audio10-4', 'audio5-edge-1', 'audio6-edge-1', 'yolo10-5', 'yolo5-6', 'audio6-8', 'audio7-9', 'audio8-9', 'audio6-10', 'yolo10-5', 'yolo5-6', 'audio6-8', 'audio7-9', 'audio8-9', 'audio6-10', 'yolo3-3', 'yolo7-3', 'yolo3-3', 'yolo7-3', 'audio12-2', 'yolo3-10', 'audio4-12', 'yolo3-10', 'audio5-edge-10', 'yolo4-11', 'yolo11-12', 'yolo12-12', 'audio4-13', 'audio4-13', 'audio2-6', 'audio7-edge-8', 'yolo1-11', 'audio11-8', 'audio11-8', 'yolo5-9', 'yolo5-15', 'yolo5-9', 'yolo5-15', 'yolo5-8', 'audio1-18', 'yolo5-8', 'audio1-18', 'audio2-11', 'yolo1-15', 'yolo7-15', 'audio12-15', 'audio2-16', 'audio2-11', 'yolo1-15', 'yolo7-15', 'audio12-15', 'audio2-16', 'yolo9-18', 'audio6-edge-13', 'yolo10-13', 'yolo8-15', 'yolo3-15', 'yolo11-17', 'audio12-19', 'yolo10-13', 'yolo8-15', 'yolo3-15', 'yolo11-17', 'audio12-19', 'audio3-15', 'yolo10-13', 'yolo8-15', 'yolo3-15', 'audio3-15', 'audio3-15', 'yolo4-15', 'audio11-16', 'audio12-22', 'yolo4-15', 'audio11-16', 'audio12-22', 'yolo8-19', 'audio6-edge-19', 'audio4-22', 'audio12-22', 'yolo8-19', 'audio4-22', 'yolo11-18', 'audio2-20', 'audio1-22', 'yolo9-22', 'yolo10-23', 'yolo10-26', 'audio4-22', 'yolo11-18', 'audio2-20', 'audio1-22', 'yolo9-22', 'yolo10-23', 'yolo10-26', 'yolo10-19', 'audio6-21', 'yolo3-22', 'yolo1-23']
Pods in cloud:  ['NAME', 'audio1-22', 'audio1-27', 'audio10-22', 'audio11-22', 'audio2-20', 'audio2-21', 'audio3-24', 'audio4-22', 'audio5-27', 'audio5-28', 'audio6-21', 'audio8-23', 'audio9-23', 'yolo1-23', 'yolo1-26', 'yolo1-28', 'yolo10-19', 'yolo10-23', 'yolo10-25', 'yolo10-26', 'yolo11-18', 'yolo12-19', 'yolo12-28', 'yolo2-22', 'yolo2-28', 'yolo3-22', 'yolo3-28', 'yolo4-19', 'yolo5-24', 'yolo6-23', 'yolo8-23', 'yolo8-26', 'yolo9-22']
Pods in edge:  ['audio6-edge-21', 'audio7-edge-19']
The passed time:  2006.8014588356018
The time of this iteration: 60.012463092803955
time: 29
Delete stuck app: audio4-22
Delete stuck app: yolo11-18
Delete stuck app: audio2-20
Delete stuck app: audio1-22
Delete stuck app: yolo9-22
Delete stuck app: yolo10-23
Delete stuck app: yolo10-26
Delete stuck app: yolo10-19
Delete stuck app: audio6-edge-21
Delete stuck app: yolo3-22
Delete stuck app: yolo1-23
[Departure] yolo12-19:10/10
[Departure] audio7-edge-19:10/10
init delete pods yolo4-19
[Departure] audio2-21:8/9
[Departure] audio10-22:7/7
[Departure] yolo2-22:7/10
[Departure] audio11-22:7/7
[Departure] audio9-23:6/6
[Departure] audio8-23:6/8
[Departure] yolo6-23:6/7
[Departure] yolo8-23:6/10
[Departure] yolo5-24:5/7
[Departure] audio3-24:5/6
[Departure] yolo10-25:5/5
[Departure] yolo1-26:3/8
[Departure] yolo8-26:3/7
init delete pods audio1-27
[Departure] audio5-27:3/8
[Departure] yolo1-28:2/3
[Departure] audio5-28:2/2
[Departure] yolo2-28:2/7
[Departure] yolo12-28:2/6
[Departure] yolo3-28:2/10
Init deployed Analytic: yolo4-29
Init deployed Analytic: audio4-29
Init deployed Analytic: audio11-29
used_storage:  5.38 used bandwidth:  0
departure [['yolo4-19', 9, 9], ['audio1-27', 2, 2]]
all_departures ['yolo10-0', 'yolo1-0', 'audio9-0', 'audio3-1', 'audio9-0', 'audio3-1', 'audio5-0', 'yolo12-4', 'audio6-5', 'yolo12-4', 'audio6-5', 'yolo2-2', 'audio3-3', 'audio8-6', 'audio7-6', 'yolo2-2', 'audio3-3', 'audio8-6', 'audio7-6', 'audio7-2', 'audio5-4', 'audio10-4', 'audio5-edge-1', 'audio6-edge-1', 'yolo10-5', 'yolo5-6', 'audio6-8', 'audio7-9', 'audio8-9', 'audio6-10', 'yolo10-5', 'yolo5-6', 'audio6-8', 'audio7-9', 'audio8-9', 'audio6-10', 'yolo3-3', 'yolo7-3', 'yolo3-3', 'yolo7-3', 'audio12-2', 'yolo3-10', 'audio4-12', 'yolo3-10', 'audio5-edge-10', 'yolo4-11', 'yolo11-12', 'yolo12-12', 'audio4-13', 'audio4-13', 'audio2-6', 'audio7-edge-8', 'yolo1-11', 'audio11-8', 'audio11-8', 'yolo5-9', 'yolo5-15', 'yolo5-9', 'yolo5-15', 'yolo5-8', 'audio1-18', 'yolo5-8', 'audio1-18', 'audio2-11', 'yolo1-15', 'yolo7-15', 'audio12-15', 'audio2-16', 'audio2-11', 'yolo1-15', 'yolo7-15', 'audio12-15', 'audio2-16', 'yolo9-18', 'audio6-edge-13', 'yolo10-13', 'yolo8-15', 'yolo3-15', 'yolo11-17', 'audio12-19', 'yolo10-13', 'yolo8-15', 'yolo3-15', 'yolo11-17', 'audio12-19', 'audio3-15', 'yolo10-13', 'yolo8-15', 'yolo3-15', 'audio3-15', 'audio3-15', 'yolo4-15', 'audio11-16', 'audio12-22', 'yolo4-15', 'audio11-16', 'audio12-22', 'yolo8-19', 'audio6-edge-19', 'audio4-22', 'audio12-22', 'yolo8-19', 'audio4-22', 'yolo11-18', 'audio2-20', 'audio1-22', 'yolo9-22', 'yolo10-23', 'yolo10-26', 'audio4-22', 'yolo11-18', 'audio2-20', 'audio1-22', 'yolo9-22', 'yolo10-23', 'yolo10-26', 'yolo10-19', 'audio6-21', 'yolo3-22', 'yolo1-23', 'audio4-22', 'yolo11-18', 'audio2-20', 'audio1-22', 'yolo9-22', 'yolo10-23', 'yolo10-26', 'yolo10-19', 'audio6-edge-21', 'yolo3-22', 'yolo1-23', 'yolo4-19', 'audio1-27']pod "audio1-27" deleted
pod "yolo4-19" deleted
pod "yolo4-19" deleted
pod "yolo1-23" deleted
pod "yolo11-18" deleted
pod "yolo3-22" deleted
pod "audio2-20" deleted
pod "yolo9-22" deleted
pod "yolo10-26" deleted
pod "yolo10-19" deleted
pod "audio1-27" deleted
pod "audio5-28" deleted
pod "yolo10-25" deleted
pod "audio9-23" deleted
pod "yolo12-19" deleted
pod "audio7-edge-19" deleted
pod "audio11-22" deleted
pod "audio10-22" deleted

Pods in cloud:  ['NAME', 'audio1-22', 'audio1-27', 'audio10-22', 'audio11-22', 'audio11-29', 'audio2-20', 'audio2-21', 'audio3-24', 'audio4-29', 'audio5-27', 'audio5-28', 'audio8-23', 'audio9-23', 'yolo1-23', 'yolo1-26', 'yolo1-28', 'yolo10-19', 'yolo10-23', 'yolo10-25', 'yolo10-26', 'yolo11-18', 'yolo12-19', 'yolo12-28', 'yolo2-22', 'yolo2-28', 'yolo3-22', 'yolo3-28', 'yolo4-19', 'yolo4-29', 'yolo5-24', 'yolo6-23', 'yolo8-23', 'yolo8-26', 'yolo9-22']
Pods in edge:  ['audio6-edge-21', 'audio7-edge-19']
The passed time:  2066.842809200287
The time of this iteration: 60.04135036468506
time: 30
Delete stuck app: yolo11-18
Delete stuck app: audio2-20
Delete stuck app: yolo9-22
Delete stuck app: yolo10-26
Delete stuck app: yolo10-19
Delete stuck app: yolo3-22
Delete stuck app: yolo1-23
Delete stuck app: yolo4-19
Delete stuck app: audio1-27
init delete pods yolo12-19
init delete pods audio7-edge-19
[Departure] audio2-21:9/9
init delete pods audio10-22
[Departure] yolo2-22:8/10
init delete pods audio11-22
init delete pods audio9-23
[Departure] audio8-23:7/8
[Departure] yolo6-23:7/7
[Departure] yolo8-23:7/10
[Departure] yolo5-24:6/7
[Departure] audio3-24:6/6
init delete pods yolo10-25
[Departure] yolo1-26:4/8
[Departure] yolo8-26:4/7
[Departure] audio5-27:4/8
[Departure] yolo1-28:3/3
init delete pods audio5-28
[Departure] yolo2-28:3/7
[Departure] yolo12-28:3/6
[Departure] yolo3-28:3/10
[Departure] audio4-29:1/6
[Departure] yolo4-29:1/5
[Departure] audio11-29:1/1
used_storage:  3.02 used bandwidth:  0
departure [['yolo12-19', 10, 10], ['audio7-edge-19', 10, 10], ['audio10-22', 7, 7], ['audio11-22', 7, 7], ['audio9-23', 6, 6], ['yolo10-25', 5, 5], ['audio5-28', 2, 2]]
all_departures ['yolo10-0', 'yolo1-0', 'audio9-0', 'audio3-1', 'audio9-0', 'audio3-1', 'audio5-0', 'yolo12-4', 'audio6-5', 'yolo12-4', 'audio6-5', 'yolo2-2', 'audio3-3', 'audio8-6', 'audio7-6', 'yolo2-2', 'audio3-3', 'audio8-6', 'audio7-6', 'audio7-2', 'audio5-4', 'audio10-4', 'audio5-edge-1', 'audio6-edge-1', 'yolo10-5', 'yolo5-6', 'audio6-8', 'audio7-9', 'audio8-9', 'audio6-10', 'yolo10-5', 'yolo5-6', 'audio6-8', 'audio7-9', 'audio8-9', 'audio6-10', 'yolo3-3', 'yolo7-3', 'yolo3-3', 'yolo7-3', 'audio12-2', 'yolo3-10', 'audio4-12', 'yolo3-10', 'audio5-edge-10', 'yolo4-11', 'yolo11-12', 'yolo12-12', 'audio4-13', 'audio4-13', 'audio2-6', 'audio7-edge-8', 'yolo1-11', 'audio11-8', 'audio11-8', 'yolo5-9', 'yolo5-15', 'yolo5-9', 'yolo5-15', 'yolo5-8', 'audio1-18', 'yolo5-8', 'audio1-18', 'audio2-11', 'yolo1-15', 'yolo7-15', 'audio12-15', 'audio2-16', 'audio2-11', 'yolo1-15', 'yolo7-15', 'audio12-15', 'audio2-16', 'yolo9-18', 'audio6-edge-13', 'yolo10-13', 'yolo8-15', 'yolo3-15', 'yolo11-17', 'audio12-19', 'yolo10-13', 'yolo8-15', 'yolo3-15', 'yolo11-17', 'audio12-19', 'audio3-15', 'yolo10-13', 'yolo8-15', 'yolo3-15', 'audio3-15', 'audio3-15', 'yolo4-15', 'audio11-16', 'audio12-22', 'yolo4-15', 'audio11-16', 'audio12-22', 'yolo8-19', 'audio6-edge-19', 'audio4-22', 'audio12-22', 'yolo8-19', 'audio4-22', 'yolo11-18', 'audio2-20', 'audio1-22', 'yolo9-22', 'yolo10-23', 'yolo10-26', 'audio4-22', 'yolo11-18', 'audio2-20', 'audio1-22', 'yolo9-22', 'yolo10-23', 'yolo10-26', 'yolo10-19', 'audio6-21', 'yolo3-22', 'yolo1-23', 'audio4-22', 'yolo11-18', 'audio2-20', 'audio1-22', 'yolo9-22', 'yolo10-23', 'yolo10-26', 'yolo10-19', 'audio6-edge-21', 'yolo3-22', 'yolo1-23', 'yolo4-19', 'audio1-27', 'yolo11-18', 'audio2-20', 'yolo9-22', 'yolo10-26', 'yolo10-19', 'yolo3-22', 'yolo1-23', 'yolo4-19', 'audio1-27', 'yolo12-19', 'audio7-edge-19', 'audio10-22', 'audio11-22', 'audio9-23', 'yolo10-25', 'audio5-28']
write terminal.input False
Pods in cloud:  ['NAME', 'audio1-27', 'audio10-22', 'audio11-22', 'audio11-29', 'audio2-20', 'audio2-21', 'audio3-24', 'audio4-29', 'audio5-27', 'audio5-28', 'audio8-23', 'audio9-23', 'yolo1-23', 'yolo1-26', 'yolo1-28', 'yolo10-19', 'yolo10-25', 'yolo10-26', 'yolo11-18', 'yolo12-19', 'yolo12-28', 'yolo2-22', 'yolo2-28', 'yolo3-22', 'yolo3-28', 'yolo4-19', 'yolo4-29', 'yolo5-24', 'yolo6-23', 'yolo8-23', 'yolo8-26', 'yolo9-22']
Pods in edge:  ['audio7-edge-19']
The passed time:  2126.8787961006165
The time of this iteration: 60.03598690032959
reject: 0
=============== Time Out ===============
Total used time:  2183.275013923645
