pod/yolo9-0 created
pod/audio7-0 created
pod/audio2-0 created
No resources found.
pod/yolo6-1 created
No resources found.
pod/yolo3-2 created
pod/audio11-2 created
pod/audio7-2 created
pod/yolo4-2 created
pod/yolo8-2 created
No resources found.
pod/yolo8-3 created
pod/yolo2-3 created
pod/audio7-3 created
pod/audio3-3 created
No resources found.
pod/audio5-4 created
pod/audio11-4 created
No resources found.
pod/audio8-5 created
No resources found.
pod/yolo10-5 created
pod/yolo1-5 created
No resources found.
pod/audio2-6 created
pod/audio12-6 created
pod "yolo8-2" deleted
pod "audio3-3" deleted
No resources found.
pod "audio3-3" deleted
pod/yolo1-7 created
pod "yolo8-2" deleted
pod/yolo10-7 created
pod "yolo4-2" deleted
pod "audio2-0" deleted
No resources found.
pod "audio2-0" deleted
pod "yolo4-2" deleted
pod/audio7-8 created
pod/audio4-8 created
pod/audio9-8 created
pod/audio5-8 created
pod/audio3-8 created
pod "yolo9-0" deleted
pod "audio7-2" deleted
No resources found.
pod/audio6-9 created
pod/yolo4-9 created
pod/audio2-9 created
pod/yolo7-9 created
pod/yolo11-9 created
pod "yolo9-0" deleted
pod "audio7-2" deleted
pod "yolo1-5" deleted
time: 0
Init deployed Analytic: yolo9-0
Init deployed Analytic: audio7-0
Init deployed Analytic: audio2-0

minion@minion-nuc-cloud:~$ 
[Departure] audio2-0:1/7
[Departure] yolo9-0:1/8
[Departure] audio7-0:1/10
used_storage:  0 used bandwidth:  0
departure []
all_departures []
Pods in cloud:  ['NAME', 'audio2-0', 'audio7-0', 'yolo9-0']
Pods in edge:  []
The passed time:  60.04713416099548
The time of this iteration: 60.04713416099548
time: 1
[Departure] audio2-0:2/7
[Departure] yolo9-0:2/8
[Departure] audio7-0:2/10
Init deployed Analytic: yolo6-1
used_storage:  0 used bandwidth:  0
departure []
all_departures []
Pods in cloud:  ['NAME', 'audio2-0', 'audio7-0', 'yolo6-1', 'yolo9-0']
Pods in edge:  []
The passed time:  120.08530068397522
The time of this iteration: 60.038166522979736
time: 2
Init deployed Analytic: yolo3-2
[Departure] audio2-0:3/7
[Departure] yolo9-0:3/8
[Departure] audio7-0:3/10
[Departure] yolo6-1:1/8
Init deployed Analytic: audio7-2
Init deployed Analytic: yolo8-2
Init deployed Analytic: yolo4-2
Init deployed Analytic: audio11-2
used_storage:  0 used bandwidth:  0
departure []
all_departures []
Pods in cloud:  ['NAME', 'audio11-2', 'audio2-0', 'audio7-0', 'audio7-2', 'yolo3-2', 'yolo4-2', 'yolo6-1', 'yolo8-2', 'yolo9-0']
Pods in edge:  []
The passed time:  180.11693859100342
The time of this iteration: 60.0316379070282
time: 3
[Departure] audio2-0:4/7
[Departure] yolo9-0:4/8
[Departure] audio7-0:4/10
[Departure] yolo6-1:2/8
[Departure] audio11-2:1/5
[Departure] yolo8-2:1/3
[Departure] audio7-2:1/5
[Departure] yolo4-2:1/4
[Departure] yolo3-2:1/9
used_storage:  0 used bandwidth:  0
Init deployed Analytic: audio7-3
Init deployed Analytic: yolo8-3
Init deployed Analytic: yolo2-3
departure []
Init deployed Analytic: audio3-3
all_departures []
Pods in cloud:  ['NAME', 'audio11-2', 'audio2-0', 'audio3-3', 'audio7-0', 'audio7-2', 'audio7-3', 'yolo2-3', 'yolo3-2', 'yolo4-2', 'yolo6-1', 'yolo8-2', 'yolo8-3', 'yolo9-0']
Pods in edge:  []
The passed time:  240.14749121665955
The time of this iteration: 60.03055262565613
time: 4
[Departure] audio2-0:5/7
[Departure] yolo9-0:5/8
[Departure] audio7-0:5/10
[Departure] yolo6-1:3/8
[Departure] audio11-2:2/5
[Departure] yolo8-2:2/3
[Departure] audio7-2:2/5
[Departure] yolo4-2:2/4
[Departure] yolo3-2:2/9
[Departure] audio7-3:1/10
[Departure] yolo8-3:1/5
[Departure] yolo2-3:1/6
[Departure] audio3-3:1/2
used_storage:  0 used bandwidth:  0
departure []
all_departures []
Init deployed Analytic: audio5-4
Init deployed Analytic: audio11-4
Pods in cloud:  ['NAME', 'audio11-2', 'audio11-4', 'audio2-0', 'audio3-3', 'audio5-4', 'audio7-0', 'audio7-2', 'audio7-3', 'yolo2-3', 'yolo3-2', 'yolo4-2', 'yolo6-1', 'yolo8-2', 'yolo8-3', 'yolo9-0']
Pods in edge:  []
The passed time:  300.19546604156494
The time of this iteration: 60.047974824905396
time: 5
[Departure] audio2-0:6/7
[Departure] yolo9-0:6/8
[Departure] audio7-0:6/10
[Departure] yolo6-1:4/8
[Departure] audio11-2:3/5
[Departure] yolo8-2:3/3
[Departure] audio7-2:3/5
[Departure] yolo4-2:3/4
[Departure] yolo3-2:3/9
[Departure] audio7-3:2/10
[Departure] yolo8-3:2/5
[Departure] yolo2-3:2/6
[Departure] audio3-3:2/2
[Departure] audio5-4:1/7
[Departure] audio11-4:1/8
used_storage:  0 used bandwidth:  0
departure []
all_departures []
write terminal.input False
Pods in cloud:  ['NAME', 'audio11-2', 'audio11-4', 'audio2-0', 'audio3-3', 'audio5-4', 'audio7-0', 'audio7-2', 'audio7-3', 'yolo2-3', 'yolo3-2', 'yolo4-2', 'yolo6-1', 'yolo8-2', 'yolo8-3', 'yolo9-0']
Init deployed Analytic: audio8-5
Init deployed Analytic: yolo10-5
Init deployed Analytic: yolo1-5
Pods in edge:  []
The passed time:  360.2474720478058
The time of this iteration: 60.052006006240845
time: 6
[Departure] audio2-0:7/7
[Departure] yolo9-0:7/8
[Departure] audio7-0:7/10
[Departure] yolo6-1:5/8
[Departure] audio11-2:4/5
init delete pods yolo8-2
[Departure] audio7-2:4/5
[Departure] yolo4-2:4/4
[Departure] yolo3-2:4/9
[Departure] audio7-3:3/10
[Departure] yolo8-3:3/5
[Departure] yolo2-3:3/6
init delete pods audio3-3
[Departure] audio5-4:2/7
[Departure] audio11-4:2/8
[Departure] yolo10-5:1/4
[Departure] audio8-5:1/10
[Departure] yolo1-5:1/3
Init deployed Analytic: audio2-6
Init deployed Analytic: audio12-6
used_storage:  0 used bandwidth:  0
departure [['yolo8-2', 3, 3], ['audio3-3', 2, 2]]
all_departures ['yolo8-2', 'audio3-3']
Pods in cloud:  ['NAME', 'audio11-2', 'audio11-4', 'audio12-6', 'audio2-0', 'audio2-6', 'audio3-3', 'audio5-4', 'audio7-0', 'audio7-2', 'audio7-3', 'audio8-5', 'yolo1-5', 'yolo10-5', 'yolo2-3', 'yolo3-2', 'yolo4-2', 'yolo6-1', 'yolo8-2', 'yolo8-3', 'yolo9-0']
Pods in edge:  []
The passed time:  420.2874598503113
The time of this iteration: 60.03998780250549
time: 7
Delete stuck app: yolo8-2
Delete stuck app: audio3-3
Init deployed Analytic: yolo1-7
init delete pods audio2-0
[Departure] yolo9-0:8/8
[Departure] audio7-0:8/10
[Departure] yolo6-1:6/8
[Departure] audio7-2:5/5
init delete pods yolo4-2
[Departure] yolo3-2:5/9
[Departure] audio7-3:4/10
[Departure] yolo8-3:4/5
[Departure] yolo2-3:4/6
[Departure] audio5-4:3/7
[Departure] audio11-4:3/8
[Departure] yolo10-5:2/4
[Departure] audio8-5:2/10
[Departure] yolo1-5:2/3
[Departure] audio12-6:1/7
[Departure] audio2-6:1/3
Init deployed Analytic: yolo10-7
used_storage:  0 used bandwidth:  0
departure [['audio2-0', 7, 7], ['yolo4-2', 4, 4]]
all_departures ['yolo8-2', 'audio3-3', 'yolo8-2', 'audio3-3', 'audio2-0', 'yolo4-2']
Pods in cloud:  ['NAME', 'audio11-4', 'audio12-6', 'audio2-0', 'audio2-6', 'audio3-3', 'audio5-4', 'audio7-0', 'audio7-2', 'audio7-3', 'audio8-5', 'yolo1-5', 'yolo1-7', 'yolo10-5', 'yolo10-7', 'yolo2-3', 'yolo3-2', 'yolo4-2', 'yolo6-1', 'yolo8-2', 'yolo8-3', 'yolo9-0']
Pods in edge:  []
The passed time:  480.32746863365173
The time of this iteration: 60.040008783340454
time: 8
Delete stuck app: audio2-0
Delete stuck app: yolo4-2
init delete pods yolo9-0
[Departure] audio7-0:9/10
[Departure] yolo6-1:7/8
init delete pods audio7-2
[Departure] yolo3-2:6/9
[Departure] audio7-3:5/10
[Departure] yolo8-3:5/5
[Departure] yolo2-3:5/6
[Departure] audio5-4:4/7
[Departure] audio11-4:4/8
[Departure] yolo10-5:3/4
[Departure] audio8-5:3/10
[Departure] yolo1-5:3/3
[Departure] audio12-6:2/7
[Departure] audio2-6:2/3
[Departure] yolo1-7:1/1
[Departure] yolo10-7:1/1
Init deployed Analytic: audio7-8
Init deployed Analytic: audio3-8
Init deployed Analytic: audio5-8
Init deployed Analytic: audio4-8
Init deployed Analytic: audio9-8
used_storage:  0 used bandwidth:  0
departure [['yolo9-0', 8, 8], ['audio7-2', 5, 5]]
all_departures ['yolo8-2', 'audio3-3', 'yolo8-2', 'audio3-3', 'audio2-0', 'yolo4-2', 'audio2-0', 'yolo4-2', 'yolo9-0', 'audio7-2']
Pods in cloud:  ['NAME', 'audio11-4', 'audio12-6', 'audio2-0', 'audio2-6', 'audio3-8', 'audio4-8', 'audio5-4', 'audio5-8', 'audio7-0', 'audio7-2', 'audio7-3', 'audio7-8', 'audio8-5', 'audio9-8', 'yolo1-5', 'yolo1-7', 'yolo10-5', 'yolo10-7', 'yolo2-3', 'yolo3-2', 'yolo4-2', 'yolo6-1', 'yolo8-3', 'yolo9-0']
Pods in edge:  []
The passed time:  540.3662767410278
The time of this iteration: 60.0388081073761
time: 9
Delete stuck app: yolo9-0
Delete stuck app: audio7-2
Init deployed Analytic: yolo11-9
Init deployed Analytic: audio6-9
Init deployed Analytic: audio2-9
Init deployed Analytic: yolo7-9
Init deployed Analytic: yolo4-9
[Departure] audio7-0:10/10
[Departure] yolo6-1:8/8
[Departure] yolo3-2:7/9
[Departure] audio7-3:6/10
init delete pods yolo8-3
[Departure] yolo2-3:6/6
[Departure] audio5-4:5/7
[Departure] audio11-4:5/8
[Departure] yolo10-5:4/4
[Departure] audio8-5:4/10
init delete pods yolo1-5
[Departure] audio12-6:3/7
[Departure] audio2-6:3/3
init delete pods yolo1-7
init delete pods yolo10-7
[Departure] audio5-8:1/3
[Departure] audio3-8:1/2
[Departure] audio4-8:1/5
[Departure] audio7-8:1/9
[Departure] audio9-8:1/5
[Departure] yolo11-9:1/4
[Departure] audio6-9:1/9
[Departure] yolo7-9:1/7
[Departure] yolo4-9:1/6
[Departure] audio2-9:1/9
used_storage:  0 used bandwidth:  0
departure [['yolo8-3', 5, 5], ['yolo1-5', 3, 3], ['yolo1-7', 1, 1], ['yolo10-7', 1, 1]]
all_departures ['yolo8-2', 'audio3-3', 'yolo8-2', 'audio3-3', 'audio2-0', 'yolo4-2', 'audio2-0', 'yolo4-2', 'yolo9-0', 'audio7-2', 'yolo9-0', 'audio7-2', 'yolo8-3', 'yolo1-5', 'yolo1-7', 'yolo10-7']pod "yolo10-7" deleted
pod "yolo1-7" deleted
pod "yolo8-3" deleted
No resources found.
pod/yolo12-10 created
pod/yolo4-10 created
pod "yolo8-3" deleted
pod "yolo9-0" deleted
pod "yolo1-7" deleted
pod "yolo1-5" deleted
pod "yolo10-7" deleted
pod "yolo10-5" deleted
pod "audio2-6" deleted
pod "yolo2-3" deleted
pod "audio7-0" deleted
pod "yolo6-1" deleted
Error from server (NotFound): pods "audio7-2" not found
pod/audio3-11 created
pod/audio1-11 created
pod/audio7-11 created
pod "yolo12-10" deleted
pod "audio3-8" deleted
pod "yolo12-10" deleted
pod "audio3-8" deleted
pod "audio5-4" deleted
pod/yolo7-12 created
pod "audio5-8" deleted
pod/audio11-12 created
pod "yolo3-2" deleted
pod "audio11-edge-2" deleted
pod/yolo5-12 created
pod/audio2-12 created
pod "yolo3-2" deleted
pod "audio5-8" deleted
pod "audio11-edge-4" deleted
pod/audio9-13 created
pod/yolo11-13 created
pod "yolo11-9" deleted
pod/audio12-14 created
pod/audio8-14 created
pod "yolo11-9" deleted
pod/yolo9-14 created
pod "audio7-3" deleted

Pods in cloud:  ['NAME', 'audio11-4', 'audio12-6', 'audio2-6', 'audio2-9', 'audio3-8', 'audio4-8', 'audio5-4', 'audio5-8', 'audio6-9', 'audio7-0', 'audio7-2', 'audio7-3', 'audio7-8', 'audio8-5', 'audio9-8', 'yolo1-5', 'yolo1-7', 'yolo10-5', 'yolo10-7', 'yolo11-9', 'yolo2-3', 'yolo3-2', 'yolo4-9', 'yolo6-1', 'yolo7-9', 'yolo8-3', 'yolo9-0']
Pods in edge:  []
The passed time:  600.3886215686798
The time of this iteration: 60.02234482765198
time: 10
Init deployed Analytic: yolo12-10
Init deployed Analytic: yolo4-10
Delete stuck app: yolo9-0
Delete stuck app: yolo8-3
Delete stuck app: yolo1-5
Delete stuck app: yolo1-7
Delete stuck app: yolo10-7
init delete pods audio7-0
init delete pods yolo6-1
[Departure] yolo3-2:8/9
[Departure] audio7-3:7/10
init delete pods yolo2-3
[Departure] audio5-4:6/7
[Departure] audio11-4:6/8
init delete pods yolo10-5
[Departure] audio8-5:5/10
[Departure] audio12-6:4/7
init delete pods audio2-6
[Departure] audio5-8:2/3
[Departure] audio3-8:2/2
[Departure] audio4-8:2/5
[Departure] audio7-8:2/9
[Departure] audio9-8:2/5
[Departure] yolo11-9:2/4
[Departure] audio6-9:2/9
[Departure] yolo7-9:2/7
[Departure] yolo4-9:2/6
[Departure] audio2-9:2/9
[Departure] yolo4-10:1/9
[Departure] yolo12-10:1/1
used_storage:  0 used bandwidth:  0
departure [['audio7-0', 10, 10], ['yolo6-1', 8, 8], ['yolo2-3', 6, 6], ['yolo10-5', 4, 4], ['audio2-6', 3, 3]]
all_departures ['yolo8-2', 'audio3-3', 'yolo8-2', 'audio3-3', 'audio2-0', 'yolo4-2', 'audio2-0', 'yolo4-2', 'yolo9-0', 'audio7-2', 'yolo9-0', 'audio7-2', 'yolo8-3', 'yolo1-5', 'yolo1-7', 'yolo10-7', 'yolo9-0', 'yolo8-3', 'yolo1-5', 'yolo1-7', 'yolo10-7', 'audio7-0', 'yolo6-1', 'yolo2-3', 'yolo10-5', 'audio2-6']
IDA_thread is Alive
Sleep replace time: 0
images []
exist_images []
expect_analytics ['audio11', 'audio11', 'audio7', 'audio7']
Extract image: audio11
Extraction time: 212 s
Extract image: audio7
Extraction time: 82 s
extract_images ['audio11', 'audio7']
write terminal.input True
write terminal.input False
Pods in cloud:  ['NAME', 'audio12-6', 'audio2-9', 'audio3-8', 'audio4-8', 'audio5-4', 'audio5-8', 'audio6-9', 'audio7-3', 'audio7-8', 'audio8-5', 'audio9-8', 'yolo11-9', 'yolo12-10', 'yolo3-2', 'yolo4-10', 'yolo4-9', 'yolo7-9']
Pods in edge:  ['audio11-edge-2', 'audio11-edge-4']
The passed time:  1002.9276983737946
The time of this iteration: 402.53907680511475
time: 11
[Departure] audio11-edge-2:5/5
[Departure] yolo3-2:9/9
[Departure] audio7-3:8/10
[Departure] audio5-4:7/7
[Departure] audio11-edge-4:7/8
[Departure] audio8-5:6/10
[Departure] audio12-6:5/7
[Departure] audio5-8:3/3
init delete pods audio3-8
[Departure] audio4-8:3/5
[Departure] audio7-8:3/9
[Departure] audio9-8:3/5
[Departure] yolo11-9:3/4
[Departure] audio6-9:3/9
[Departure] yolo7-9:3/7
[Departure] yolo4-9:3/6
[Departure] audio2-9:3/9
[Departure] yolo4-10:2/9
init delete pods yolo12-10
Init deployed Analytic: audio3-11
Init deployed Analytic: audio1-11
used_storage:  3.02 used bandwidth:  0
departure [['audio3-8', 2, 2], ['yolo12-10', 1, 1]]
all_departures ['yolo8-2', 'audio3-3', 'yolo8-2', 'audio3-3', 'audio2-0', 'yolo4-2', 'audio2-0', 'yolo4-2', 'yolo9-0', 'audio7-2', 'yolo9-0', 'audio7-2', 'yolo8-3', 'yolo1-5', 'yolo1-7', 'yolo10-7', 'yolo9-0', 'yolo8-3', 'yolo1-5', 'yolo1-7', 'yolo10-7', 'audio7-0', 'yolo6-1', 'yolo2-3', 'yolo10-5', 'audio2-6', 'audio3-8', 'yolo12-10']
Init deployed Analytic: audio7-11
Pods in cloud:  ['NAME', 'audio1-11', 'audio12-6', 'audio2-9', 'audio3-11', 'audio3-8', 'audio4-8', 'audio5-4', 'audio5-8', 'audio6-9', 'audio7-11', 'audio7-3', 'audio7-8', 'audio8-5', 'audio9-8', 'yolo11-9', 'yolo12-10', 'yolo3-2', 'yolo4-10', 'yolo4-9', 'yolo7-9']
Pods in edge:  ['audio11-edge-2', 'audio11-edge-4']
The passed time:  1062.9716308116913
The time of this iteration: 60.04393243789673
time: 12
Delete stuck app: audio3-8
Delete stuck app: yolo12-10
init delete pods audio11-edge-2
init delete pods yolo3-2
[Departure] audio7-3:9/10
init delete pods audio5-4
[Departure] audio11-edge-4:8/8
[Departure] audio8-5:7/10
[Departure] audio12-6:6/7
init delete pods audio5-8
[Departure] audio4-8:4/5
[Departure] audio7-8:4/9
[Departure] audio9-8:4/5
[Departure] yolo11-9:4/4
[Departure] audio6-9:4/9
[Departure] yolo7-9:4/7
[Departure] yolo4-9:4/6
[Departure] audio2-9:4/9
[Departure] yolo4-10:3/9
[Departure] audio7-11:1/10
[Departure] audio1-11:1/5
[Departure] audio3-11:1/2
used_storage:  3.02 used bandwidth:  0
departure [['audio11-edge-2', 5, 5], ['yolo3-2', 9, 9], ['audio5-4', 7, 7], ['audio5-8', 3, 3]]
all_departures ['yolo8-2', 'audio3-3', 'yolo8-2', 'audio3-3', 'audio2-0', 'yolo4-2', 'audio2-0', 'yolo4-2', 'yolo9-0', 'audio7-2', 'yolo9-0', 'audio7-2', 'yolo8-3', 'yolo1-5', 'yolo1-7', 'yolo10-7', 'yolo9-0', 'yolo8-3', 'yolo1-5', 'yolo1-7', 'yolo10-7', 'audio7-0', 'yolo6-1', 'yolo2-3', 'yolo10-5', 'audio2-6', 'audio3-8', 'yolo12-10', 'audio3-8', 'yolo12-10', 'audio11-edge-2', 'yolo3-2', 'audio5-4', 'audio5-8']
Init deployed Analytic: yolo7-12
Init deployed Analytic: audio2-12
Init deployed Analytic: yolo5-12
Init deployed Analytic: audio11-12
Pods in cloud:  ['NAME', 'audio1-11', 'audio11-12', 'audio12-6', 'audio2-12', 'audio2-9', 'audio3-11', 'audio3-8', 'audio4-8', 'audio5-4', 'audio5-8', 'audio6-9', 'audio7-11', 'audio7-3', 'audio7-8', 'audio8-5', 'audio9-8', 'yolo11-9', 'yolo12-10', 'yolo3-2', 'yolo4-10', 'yolo4-9', 'yolo5-12', 'yolo7-12', 'yolo7-9']
Pods in edge:  ['audio11-edge-2', 'audio11-edge-4']
The passed time:  1123.0114769935608
The time of this iteration: 60.03984618186951
time: 13
Delete stuck app: yolo3-2
Delete stuck app: audio5-8
[Departure] audio7-3:10/10
init delete pods audio11-edge-4
[Departure] audio8-5:8/10
[Departure] audio12-6:7/7
[Departure] audio4-8:5/5
[Departure] audio7-8:5/9
[Departure] audio9-8:5/5
init delete pods yolo11-9
[Departure] audio6-9:5/9
[Departure] yolo7-9:5/7
[Departure] yolo4-9:5/6
[Departure] audio2-9:5/9
[Departure] yolo4-10:4/9
[Departure] audio7-11:2/10
[Departure] audio1-11:2/5
[Departure] audio3-11:2/2
[Departure] yolo5-12:1/1
[Departure] yolo7-12:1/7
[Departure] audio11-12:1/2
[Departure] audio2-12:1/5
used_storage:  3.02 used bandwidth:  0
departure [['audio11-edge-4', 8, 8], ['yolo11-9', 4, 4]]
all_departures ['yolo8-2', 'audio3-3', 'yolo8-2', 'audio3-3', 'audio2-0', 'yolo4-2', 'audio2-0', 'yolo4-2', 'yolo9-0', 'audio7-2', 'yolo9-0', 'audio7-2', 'yolo8-3', 'yolo1-5', 'yolo1-7', 'yolo10-7', 'yolo9-0', 'yolo8-3', 'yolo1-5', 'yolo1-7', 'yolo10-7', 'audio7-0', 'yolo6-1', 'yolo2-3', 'yolo10-5', 'audio2-6', 'audio3-8', 'yolo12-10', 'audio3-8', 'yolo12-10', 'audio11-edge-2', 'yolo3-2', 'audio5-4', 'audio5-8', 'yolo3-2', 'audio5-8', 'audio11-edge-4', 'yolo11-9']
Init deployed Analytic: audio9-13
Init deployed Analytic: yolo11-13
Pods in cloud:  ['NAME', 'audio1-11', 'audio11-12', 'audio12-6', 'audio2-12', 'audio2-9', 'audio3-11', 'audio4-8', 'audio5-8', 'audio6-9', 'audio7-11', 'audio7-3', 'audio7-8', 'audio8-5', 'audio9-13', 'audio9-8', 'yolo11-13', 'yolo11-9', 'yolo3-2', 'yolo4-10', 'yolo4-9', 'yolo5-12', 'yolo7-12', 'yolo7-9']
Pods in edge:  ['audio11-edge-4']
The passed time:  1183.0554871559143
The time of this iteration: 60.044010162353516
time: 14
Delete stuck app: yolo11-9
Init deployed Analytic: audio12-14
Init deployed Analytic: audio8-14
init delete pods audio7-3
Init deployed Analytic: yolo9-14
[Departure] audio8-5:9/10
init delete pods audio12-6
init delete pods audio4-8
[Departure] audio7-8:6/9
init delete pods audio9-8
[Departure] audio6-9:6/9
[Departure] yolo7-9:6/7
[Departure] yolo4-9:6/6
[Departure] audio2-9:6/9
[Departure] yolo4-10:5/9
[Departure] audio7-11:3/10
[Departure] audio1-11:3/5
init delete pods audio3-11
init delete pods yolo5-12
[Departure] yolo7-12:2/7
[Departure] audio11-12:2/2
[Departure] audio2-12:2/5
[Departure] yolo11-13:1/2
[Departure] audio9-13:1/7
[Departure] audio8-14:1/2
[Departure] audio12-14:1/8
used_storage:  6.04 used bandwidth:  0
departure [['audio7-3', 10, 10], ['audio12-6', 7, 7], ['audio4-8', 5, 5], ['audio9-8', 5, 5], ['audio3-11', 2, 2], ['yolo5-12', 1, 1]]
all_departures ['yolo8-2', 'audio3-3', 'yolo8-2', 'audio3-3', 'audio2-0', 'yolo4-2', 'audio2-0', 'yolo4-2', 'yolo9-0', 'audio7-2', 'yolo9-0', 'audio7-2', 'yolo8-3', 'yolo1-5', 'yolo1-7', 'yolo10-7', 'yolo9-0', 'yolo8-3', 'yolo1-5', 'yolo1-7', 'yolo10-7', 'audio7-0', 'yolo6-1', 'yolo2-3', 'yolo10-5', 'audio2-6', 'audio3-8', 'yolo12-10', 'audio3-8', 'yolo12-10', 'audio11-edge-2', 'yolo3-2', 'audio5-4', 'audio5-8', 'yolo3-2', 'audio5-8', 'audio11-edge-4', 'yolo11-9', 'yolo11-9', 'audio7-3', 'audio12-6', 'audio4-8', 'audio9-8', 'audio3-11', 'yolo5-12']pod "audio9-8" deleted
pod "yolo5-12" deleted
pod "audio3-11" deleted
pod "audio4-8" deleted
pod "audio12-6" deleted
pod/yolo3-15 created
pod "audio9-8" deleted
pod "audio4-8" deleted
pod "audio3-11" deleted
pod "yolo5-12" deleted
pod "audio12-6" deleted
pod "audio7-edge-3" deleted
pod "audio11-12" deleted
pod "yolo4-9" deleted
pod "yolo3-15" deleted
pod "audio8-5" deleted
pod "yolo7-9" deleted
pod "audio8-14" deleted
pod "yolo11-13" deleted
pod/yolo5-16 created
pod/audio1-16 created
pod "yolo3-15" deleted
pod "yolo11-13" deleted
pod/audio8-17 created
pod/yolo8-17 created
pod/audio6-17 created
pod "audio1-11" deleted
pod/audio9-18 created
pod/audio10-18 created
pod/yolo1-18 created
pod/yolo3-18 created
pod "audio2-12" deleted
pod "audio7-edge-8" deleted
pod "audio6-9" deleted
pod "audio1-16" deleted
pod "audio2-9" deleted

Pods in cloud:  ['NAME', 'audio1-11', 'audio11-12', 'audio12-14', 'audio12-6', 'audio2-12', 'audio2-9', 'audio3-11', 'audio4-8', 'audio6-9', 'audio7-11', 'audio7-3', 'audio7-8', 'audio8-14', 'audio8-5', 'audio9-13', 'audio9-8', 'yolo11-13', 'yolo11-9', 'yolo4-10', 'yolo4-9', 'yolo5-12', 'yolo7-12', 'yolo7-9', 'yolo9-14']
Pods in edge:  ['audio11-edge-8', 'audio7-edge-3', 'audio7-edge-8']
The passed time:  1243.095477104187
The time of this iteration: 60.039989948272705
time: 15
Init deployed Analytic: yolo3-15
Delete stuck app: audio7-edge-3
Delete stuck app: audio12-6
Delete stuck app: audio4-8
Delete stuck app: audio9-8
Delete stuck app: audio3-11
Delete stuck app: yolo5-12
[Departure] audio8-5:10/10
[Departure] audio7-8:7/9
[Departure] audio6-9:7/9
[Departure] yolo7-9:7/7
init delete pods yolo4-9
[Departure] audio2-9:7/9
[Departure] yolo4-10:6/9
[Departure] audio7-11:4/10
[Departure] audio1-11:4/5
[Departure] yolo7-12:3/7
init delete pods audio11-12
[Departure] audio2-12:3/5
[Departure] yolo11-13:2/2
[Departure] audio9-13:2/7
[Departure] audio8-14:2/2
[Departure] audio12-14:2/8
[Departure] yolo9-14:1/8
[Departure] yolo3-15:1/1
used_storage:  6.04 used bandwidth:  0
departure [['yolo4-9', 6, 6], ['audio11-12', 2, 2]]
all_departures ['yolo8-2', 'audio3-3', 'yolo8-2', 'audio3-3', 'audio2-0', 'yolo4-2', 'audio2-0', 'yolo4-2', 'yolo9-0', 'audio7-2', 'yolo9-0', 'audio7-2', 'yolo8-3', 'yolo1-5', 'yolo1-7', 'yolo10-7', 'yolo9-0', 'yolo8-3', 'yolo1-5', 'yolo1-7', 'yolo10-7', 'audio7-0', 'yolo6-1', 'yolo2-3', 'yolo10-5', 'audio2-6', 'audio3-8', 'yolo12-10', 'audio3-8', 'yolo12-10', 'audio11-edge-2', 'yolo3-2', 'audio5-4', 'audio5-8', 'yolo3-2', 'audio5-8', 'audio11-edge-4', 'yolo11-9', 'yolo11-9', 'audio7-3', 'audio12-6', 'audio4-8', 'audio9-8', 'audio3-11', 'yolo5-12', 'audio7-edge-3', 'audio12-6', 'audio4-8', 'audio9-8', 'audio3-11', 'yolo5-12', 'yolo4-9', 'audio11-12']
IDA_thread is Alive
Sleep replace time: 0
images ['192.168.1.100:5000/iscc19:s2-audio-11', '192.168.1.100:5000/iscc19:s2-audio-7']
exist_images ['audio11', 'audio7']
expect_analytics ['audio5', 'audio5', 'audio7', 'audio7', 'audio11']
Extract image: audio5
Extraction time: 78 s
extract_images ['audio5']
write terminal.input True
write terminal.input False
Pods in cloud:  ['NAME', 'audio1-11', 'audio12-14', 'audio2-12', 'audio2-9', 'audio6-9', 'audio7-11', 'audio8-14', 'audio8-5', 'audio9-13', 'yolo11-13', 'yolo3-15', 'yolo4-10', 'yolo7-12', 'yolo7-9', 'yolo9-14']
Pods in edge:  ['audio11-edge-8', 'audio7-edge-8']
The passed time:  1373.8588869571686
The time of this iteration: 130.76340985298157
time: 16
init delete pods audio8-5
[Departure] audio7-edge-8:8/9
[Departure] audio6-9:8/9
init delete pods yolo7-9
[Departure] audio2-9:8/9
[Departure] yolo4-10:7/9
[Departure] audio7-11:5/10
[Departure] audio1-11:5/5
[Departure] yolo7-12:4/7
[Departure] audio2-12:4/5
init delete pods yolo11-13
[Departure] audio9-13:3/7
init delete pods audio8-14
[Departure] audio12-14:3/8
[Departure] yolo9-14:2/8
init delete pods yolo3-15
used_storage:  6.04 used bandwidth:  0
departure [['audio8-5', 10, 10], ['yolo7-9', 7, 7], ['yolo11-13', 2, 2], ['audio8-14', 2, 2], ['yolo3-15', 1, 1]]
all_departures ['yolo8-2', 'audio3-3', 'yolo8-2', 'audio3-3', 'audio2-0', 'yolo4-2', 'audio2-0', 'yolo4-2', 'yolo9-0', 'audio7-2', 'yolo9-0', 'audio7-2', 'yolo8-3', 'yolo1-5', 'yolo1-7', 'yolo10-7', 'yolo9-0', 'yolo8-3', 'yolo1-5', 'yolo1-7', 'yolo10-7', 'audio7-0', 'yolo6-1', 'yolo2-3', 'yolo10-5', 'audio2-6', 'audio3-8', 'yolo12-10', 'audio3-8', 'yolo12-10', 'audio11-edge-2', 'yolo3-2', 'audio5-4', 'audio5-8', 'yolo3-2', 'audio5-8', 'audio11-edge-4', 'yolo11-9', 'yolo11-9', 'audio7-3', 'audio12-6', 'audio4-8', 'audio9-8', 'audio3-11', 'yolo5-12', 'audio7-edge-3', 'audio12-6', 'audio4-8', 'audio9-8', 'audio3-11', 'yolo5-12', 'yolo4-9', 'audio11-12', 'audio8-5', 'yolo7-9', 'yolo11-13', 'audio8-14', 'yolo3-15']
Init deployed Analytic: yolo5-16
Init deployed Analytic: audio1-16
Pods in cloud:  ['NAME', 'audio1-11', 'audio1-16', 'audio12-14', 'audio2-12', 'audio2-9', 'audio6-9', 'audio7-11', 'audio8-14', 'audio8-5', 'audio9-13', 'yolo11-13', 'yolo3-15', 'yolo4-10', 'yolo5-16', 'yolo7-12', 'yolo7-9', 'yolo9-14']
Pods in edge:  ['audio11-edge-8', 'audio7-edge-8']
The passed time:  1433.9108788967133
The time of this iteration: 60.05199193954468
time: 17
Delete stuck app: audio8-5
Delete stuck app: yolo11-13
Delete stuck app: yolo3-15
[Departure] audio7-edge-8:9/9
[Departure] audio6-9:9/9
[Departure] audio2-9:9/9
[Departure] yolo4-10:8/9
[Departure] audio7-11:6/10
init delete pods audio1-11
[Departure] yolo7-12:5/7
[Departure] audio2-12:5/5
[Departure] audio9-13:4/7
[Departure] audio12-14:4/8
[Departure] yolo9-14:3/8
[Departure] yolo5-16:1/9
[Departure] audio1-16:1/1
Init deployed Analytic: yolo8-17
Init deployed Analytic: audio6-17
Init deployed Analytic: audio8-17
used_storage:  6.04 used bandwidth:  0
departure [['audio1-11', 5, 5]]
all_departures ['yolo8-2', 'audio3-3', 'yolo8-2', 'audio3-3', 'audio2-0', 'yolo4-2', 'audio2-0', 'yolo4-2', 'yolo9-0', 'audio7-2', 'yolo9-0', 'audio7-2', 'yolo8-3', 'yolo1-5', 'yolo1-7', 'yolo10-7', 'yolo9-0', 'yolo8-3', 'yolo1-5', 'yolo1-7', 'yolo10-7', 'audio7-0', 'yolo6-1', 'yolo2-3', 'yolo10-5', 'audio2-6', 'audio3-8', 'yolo12-10', 'audio3-8', 'yolo12-10', 'audio11-edge-2', 'yolo3-2', 'audio5-4', 'audio5-8', 'yolo3-2', 'audio5-8', 'audio11-edge-4', 'yolo11-9', 'yolo11-9', 'audio7-3', 'audio12-6', 'audio4-8', 'audio9-8', 'audio3-11', 'yolo5-12', 'audio7-edge-3', 'audio12-6', 'audio4-8', 'audio9-8', 'audio3-11', 'yolo5-12', 'yolo4-9', 'audio11-12', 'audio8-5', 'yolo7-9', 'yolo11-13', 'audio8-14', 'yolo3-15', 'audio8-5', 'yolo11-13', 'yolo3-15', 'audio1-11']
Pods in cloud:  ['NAME', 'audio1-11', 'audio1-16', 'audio12-14', 'audio2-12', 'audio2-9', 'audio6-17', 'audio6-9', 'audio7-11', 'audio8-17', 'audio9-13', 'yolo11-13', 'yolo4-10', 'yolo5-16', 'yolo7-12', 'yolo8-17', 'yolo9-14']
Pods in edge:  ['audio11-edge-8', 'audio7-edge-11', 'audio7-edge-8']
The passed time:  1493.9212789535522
The time of this iteration: 60.01040005683899
time: 18
Init deployed Analytic: yolo3-18
Init deployed Analytic: audio9-18
init delete pods audio7-edge-8
Init deployed Analytic: audio10-18
init delete pods audio6-9
Init deployed Analytic: yolo1-18
init delete pods audio2-9
[Departure] yolo4-10:9/9
[Departure] audio7-edge-11:7/10
[Departure] yolo7-12:6/7
init delete pods audio2-12
[Departure] audio9-13:5/7
[Departure] audio12-14:5/8
[Departure] yolo9-14:4/8
[Departure] yolo5-16:2/9
init delete pods audio1-16
[Departure] audio6-17:1/2
[Departure] audio8-17:1/2
[Departure] yolo8-17:1/4
[Departure] yolo3-18:1/4
[Departure] audio10-18:1/4
[Departure] yolo1-18:1/5
[Departure] audio9-18:1/8
used_storage:  6.04 used bandwidth:  0
departure [['audio7-edge-8', 9, 9], ['audio6-9', 9, 9], ['audio2-9', 9, 9], ['audio2-12', 5, 5], ['audio1-16', 1, 1]]
all_departures ['yolo8-2', 'audio3-3', 'yolo8-2', 'audio3-3', 'audio2-0', 'yolo4-2', 'audio2-0', 'yolo4-2', 'yolo9-0', 'audio7-2', 'yolo9-0', 'audio7-2', 'yolo8-3', 'yolo1-5', 'yolo1-7', 'yolo10-7', 'yolo9-0', 'yolo8-3', 'yolo1-5', 'yolo1-7', 'yolo10-7', 'audio7-0', 'yolo6-1', 'yolo2-3', 'yolo10-5', 'audio2-6', 'audio3-8', 'yolo12-10', 'audio3-8', 'yolo12-10', 'audio11-edge-2', 'yolo3-2', 'audio5-4', 'audio5-8', 'yolo3-2', 'audio5-8', 'audio11-edge-4', 'yolo11-9', 'yolo11-9', 'audio7-3', 'audio12-6', 'audio4-8', 'audio9-8', 'audio3-11', 'yolo5-12', 'audio7-edge-3', 'audio12-6', 'audio4-8', 'audio9-8', 'audio3-11', 'yolo5-12', 'yolo4-9', 'audio11-12', 'audio8-5', 'yolo7-9', 'yolo11-13', 'audio8-14', 'yolo3-15', 'audio8-5', 'yolo11-13', 'yolo3-15', 'audio1-11', 'audio7-edge-8', 'audio6-9', 'audio2-9', 'audio2-12', 'audio1-16']
Pods in cloud:  ['NAME', 'audio1-16', 'audio10-18', 'audio12-14', 'audio2-12', 'audio2-9', 'audio6-17', 'audio6-9', 'audio8-17', 'audio9-13', 'audio9-18', 'yolo1-18', 'yolo3-18', 'yolo4-10', 'yolo5-16', 'yolo7-12', 'yolo8-17', 'yolo9-14']
Pods in edge:  ['audio11-edge-8', 'audio7-edge-11', 'audio7-edge-8']
The passed time:  1553.9232773780823
The time of this iteration: 60.00199842453003
time: 19
Delete stuck app: audio6-9
Delete stuck app: audio2-9
Delete stuck app:pod/yolo4-19 created
pod/audio12-19 created
pod "audio1-16" deleted
pod "audio2-12" deleted
pod "audio2-9" deleted
pod "audio6-9" deleted
pod/yolo10-19 created
pod/audio5-19 created
pod/yolo6-19 created
pod/yolo12-19 created
pod/yolo9-19 created
pod/yolo7-19 created
pod "yolo4-10" deleted
pod/yolo10-20 created
pod/audio5-20 created
pod "yolo4-10" deleted
pod "audio6-17" deleted
pod "audio8-17" deleted
pod "yolo7-12" deleted
pod "yolo4-10" deleted
pod "audio8-17" deleted
pod "yolo7-12" deleted
pod "audio6-17" deleted
pod/audio1-21 created
pod "yolo12-19" deleted
pod/audio8-21 created
pod "audio9-13" deleted
pod "audio5-20" deleted
pod/audio10-21 created
pod "audio9-13" deleted
pod "yolo7-12" deleted
pod "audio6-17" deleted
pod "audio5-20" deleted
pod "yolo12-19" deleted
pod/yolo1-22 created
pod/yolo3-22 created
pod/yolo6-22 created
pod/yolo2-22 created
pod/audio2-22 created
 audio2-12
Delete stuck app: audio1-16
Init deployed Analytic: audio12-19
Init deployed Analytic: yolo4-19
Init deployed Analytic: yolo10-19
Init deployed Analytic: audio5-19
Init deployed Analytic: yolo6-19
Init deployed Analytic: yolo9-19
Init deployed Analytic: yolo12-19
init delete pods yolo4-10
Init deployed Analytic: yolo7-19
[Departure] audio7-edge-11:8/10
[Departure] yolo7-12:7/7
[Departure] audio9-13:6/7
[Departure] audio12-14:6/8
[Departure] yolo9-14:5/8
[Departure] yolo5-16:3/9
[Departure] audio6-17:2/2
[Departure] audio8-17:2/2
[Departure] yolo8-17:2/4
[Departure] yolo3-18:2/4
[Departure] audio10-18:2/4
[Departure] yolo1-18:2/5
[Departure] audio9-18:2/8
[Departure] audio12-19:1/5
[Departure] yolo4-19:1/7
used_storage:  6.04 used bandwidth:  0
departure [['yolo4-10', 9, 9]]
all_departures ['yolo8-2', 'audio3-3', 'yolo8-2', 'audio3-3', 'audio2-0', 'yolo4-2', 'audio2-0', 'yolo4-2', 'yolo9-0', 'audio7-2', 'yolo9-0', 'audio7-2', 'yolo8-3', 'yolo1-5', 'yolo1-7', 'yolo10-7', 'yolo9-0', 'yolo8-3', 'yolo1-5', 'yolo1-7', 'yolo10-7', 'audio7-0', 'yolo6-1', 'yolo2-3', 'yolo10-5', 'audio2-6', 'audio3-8', 'yolo12-10', 'audio3-8', 'yolo12-10', 'audio11-edge-2', 'yolo3-2', 'audio5-4', 'audio5-8', 'yolo3-2', 'audio5-8', 'audio11-edge-4', 'yolo11-9', 'yolo11-9', 'audio7-3', 'audio12-6', 'audio4-8', 'audio9-8', 'audio3-11', 'yolo5-12', 'audio7-edge-3', 'audio12-6', 'audio4-8', 'audio9-8', 'audio3-11', 'yolo5-12', 'yolo4-9', 'audio11-12', 'audio8-5', 'yolo7-9', 'yolo11-13', 'audio8-14', 'yolo3-15', 'audio8-5', 'yolo11-13', 'yolo3-15', 'audio1-11', 'audio7-edge-8', 'audio6-9', 'audio2-9', 'audio2-12', 'audio1-16', 'audio6-9', 'audio2-9', 'audio2-12', 'audio1-16', 'yolo4-10']
Pods in cloud:  ['NAME', 'audio1-16', 'audio10-18', 'audio12-14', 'audio12-19', 'audio2-12', 'audio2-9', 'audio5-19', 'audio6-17', 'audio6-9', 'audio8-17', 'audio9-13', 'audio9-18', 'yolo1-18', 'yolo10-19', 'yolo12-19', 'yolo3-18', 'yolo4-10', 'yolo4-19', 'yolo5-16', 'yolo6-19', 'yolo7-12', 'yolo7-19', 'yolo8-17', 'yolo9-14', 'yolo9-19']
Pods in edge:  ['audio11-edge-8', 'audio7-edge-11']
The passed time:  1613.9692840576172
The time of this iteration: 60.04600667953491
time: 20
Delete stuck app: yolo4-10
Init deployed Analytic: audio5-20
Init deployed Analytic: yolo10-20
[Departure] audio7-edge-11:9/10
init delete pods yolo7-12
[Departure] audio9-13:7/7
[Departure] audio12-14:7/8
[Departure] yolo9-14:6/8
[Departure] yolo5-16:4/9
init delete pods audio6-17
init delete pods audio8-17
[Departure] yolo8-17:3/4
[Departure] yolo3-18:3/4
[Departure] audio10-18:3/4
[Departure] yolo1-18:3/5
[Departure] audio9-18:3/8
[Departure] audio12-19:2/5
[Departure] yolo6-19:1/4
[Departure] yolo9-19:1/3
[Departure] yolo4-19:2/7
[Departure] audio5-19:1/3
[Departure] yolo7-19:1/10
[Departure] yolo10-19:1/3
[Departure] yolo12-19:1/1
[Departure] yolo10-20:1/5
[Departure] audio5-20:1/1
used_storage:  6.04 used bandwidth:  0
departure [['yolo7-12', 7, 7], ['audio6-17', 2, 2], ['audio8-17', 2, 2]]
all_departures ['yolo8-2', 'audio3-3', 'yolo8-2', 'audio3-3', 'audio2-0', 'yolo4-2', 'audio2-0', 'yolo4-2', 'yolo9-0', 'audio7-2', 'yolo9-0', 'audio7-2', 'yolo8-3', 'yolo1-5', 'yolo1-7', 'yolo10-7', 'yolo9-0', 'yolo8-3', 'yolo1-5', 'yolo1-7', 'yolo10-7', 'audio7-0', 'yolo6-1', 'yolo2-3', 'yolo10-5', 'audio2-6', 'audio3-8', 'yolo12-10', 'audio3-8', 'yolo12-10', 'audio11-edge-2', 'yolo3-2', 'audio5-4', 'audio5-8', 'yolo3-2', 'audio5-8', 'audio11-edge-4', 'yolo11-9', 'yolo11-9', 'audio7-3', 'audio12-6', 'audio4-8', 'audio9-8', 'audio3-11', 'yolo5-12', 'audio7-edge-3', 'audio12-6', 'audio4-8', 'audio9-8', 'audio3-11', 'yolo5-12', 'yolo4-9', 'audio11-12', 'audio8-5', 'yolo7-9', 'yolo11-13', 'audio8-14', 'yolo3-15', 'audio8-5', 'yolo11-13', 'yolo3-15', 'audio1-11', 'audio7-edge-8', 'audio6-9', 'audio2-9', 'audio2-12', 'audio1-16', 'audio6-9', 'audio2-9', 'audio2-12', 'audio1-16', 'yolo4-10', 'yolo4-10', 'yolo7-12', 'audio6-17', 'audio8-17']
write terminal.input False
Pods in cloud:  ['NAME', 'audio10-18', 'audio12-14', 'audio12-19', 'audio5-19', 'audio5-20', 'audio6-17', 'audio8-17', 'audio9-13', 'audio9-18', 'yolo1-18', 'yolo10-19', 'yolo10-20', 'yolo12-19', 'yolo3-18', 'yolo4-10', 'yolo4-19', 'yolo5-16', 'yolo6-19', 'yolo7-12', 'yolo7-19', 'yolo8-17', 'yolo9-14', 'yolo9-19']
Pods in edge:  ['audio11-edge-8', 'audio7-edge-11']
The passed time:  1674.0088951587677
The time of this iteration: 60.03961110115051
time: 21
Delete stuck app: yolo4-10
Delete stuck app: yolo7-12
Delete stuck app: audio6-17
Delete stuck app: audio8-17
[Departure] audio7-edge-11:10/10
init delete pods audio9-13
[Departure] audio12-14:8/8
[Departure] yolo9-14:7/8
[Departure] yolo5-16:5/9
[Departure] yolo8-17:4/4
[Departure] yolo3-18:4/4
[Departure] audio10-18:4/4
[Departure] yolo1-18:4/5
[Departure] audio9-18:4/8
[Departure] audio12-19:3/5
[Departure] yolo6-19:2/4
[Departure] yolo9-19:2/3
[Departure] yolo4-19:3/7
[Departure] audio5-19:2/3
[Departure] yolo7-19:2/10
[Departure] yolo10-19:2/3
init delete pods yolo12-19
[Departure] yolo10-20:2/5
init delete pods audio5-20
used_storage:  6.04 used bandwidth:  0
Init deployed Analytic: audio1-21
departure [['audio9-13', 7, 7], ['yolo12-19', 1, 1], ['audio5-20', 1, 1]]
all_departures ['yolo8-2', 'audio3-3', 'yolo8-2', 'audio3-3', 'audio2-0', 'yolo4-2', 'audio2-0', 'yolo4-2', 'yolo9-0', 'audio7-2', 'yolo9-0', 'audio7-2', 'yolo8-3', 'yolo1-5', 'yolo1-7', 'yolo10-7', 'yolo9-0', 'yolo8-3', 'yolo1-5', 'yolo1-7', 'yolo10-7', 'audio7-0', 'yolo6-1', 'yolo2-3', 'yolo10-5', 'audio2-6', 'audio3-8', 'yolo12-10', 'audio3-8', 'yolo12-10', 'audio11-edge-2', 'yolo3-2', 'audio5-4', 'audio5-8', 'yolo3-2', 'audio5-8', 'audio11-edge-4', 'yolo11-9', 'yolo11-9', 'audio7-3', 'audio12-6', 'audio4-8', 'audio9-8', 'audio3-11', 'yolo5-12', 'audio7-edge-3', 'audio12-6', 'audio4-8', 'audio9-8', 'audio3-11', 'yolo5-12', 'yolo4-9', 'audio11-12', 'audio8-5', 'yolo7-9', 'yolo11-13', 'audio8-14', 'yolo3-15', 'audio8-5', 'yolo11-13', 'yolo3-15', 'audio1-11', 'audio7-edge-8', 'audio6-9', 'audio2-9', 'audio2-12', 'audio1-16', 'audio6-9', 'audio2-9', 'audio2-12', 'audio1-16', 'yolo4-10', 'yolo4-10', 'yolo7-12', 'audio6-17', 'audio8-17', 'yolo4-10', 'yolo7-12', 'audio6-17', 'audio8-17', 'audio9-13', 'yolo12-19', 'audio5-20']
Init deployed Analytic: audio8-21
Init deployed Analytic: audio10-21
Pods in cloud:  ['NAME', 'audio1-21', 'audio10-18', 'audio10-21', 'audio12-14', 'audio12-19', 'audio5-19', 'audio5-20', 'audio6-17', 'audio8-17', 'audio8-21', 'audio9-13', 'audio9-18', 'yolo1-18', 'yolo10-19', 'yolo10-20', 'yolo12-19', 'yolo3-18', 'yolo4-10', 'yolo4-19', 'yolo5-16', 'yolo6-19', 'yolo7-12', 'yolo7-19', 'yolo8-17', 'yolo9-14', 'yolo9-19']
Pods in edge:  ['audio11-edge-8', 'audio7-edge-11']
The passed time:  1734.051500082016
The time of this iteration: 60.04260492324829
time: 22
Delete stuck app: yolo7-12
Delete stuck app: audio6-17
Delete stuck app: audio9-13
Delete stuck app: yolo12-19
Delete stuck app: audio5-20
init delete pods audio7-edge-11
init delete pods audio12-14
[Departure] yolo9-14:8/8
[Departure] yolo5-16:6/9
init delete pods yolo8-17
init delete pods yolo3-18
init delete pods audio10-18
[Departure] yolo1-18:5/5
[Departure] audio9-18:5/8
[Departure] audio12-19:4/5
[Departure] yolo6-19:3/4
[Departure] yolo9-19:3/3
[Departure] yolo4-19:4/7
[Departure] audio5-19:3/3
[Departure] yolo7-19:3/10
[Departure] yolo10-19:3/3
[Departure] yolo10-20:3/5
[Departure] audio8-21:1/6
[Departure] audio10-21:1/6
[Departure] audio1-21:1/4
Init deployed Analytic: yolo3-22
Init deployed Analytic: yolo1-22
Init deployed Analytic: yolo2-22
Init deployed Analytic: yolo6-22
Init deployed Analytic: audio2-22
used_storage:  6.04 used bandwidth:  0
departure [['audio7-edge-11', 10, 10], ['audio12-14', 8, 8], ['yolo8-17', 4, 4], ['yolo3-18', 4, 4], ['audio10-18', 4, 4]]
all_departures ['yolo8-2', 'audio3-3', 'yolo8-2', 'audio3-3', 'audio2-0', 'yolo4-2', 'audio2-0', 'yolo4-2', 'yolo9-0', 'audio7-2', 'yolo9-0', 'audio7-2', 'yolo8-3', 'yolo1-5', 'yolo1-7', 'yolo10-7', 'yolo9-0', 'yolo8-3', 'yolo1-5', 'yolo1-7', 'yolo10-7', 'audio7-0', 'yolo6-1', 'yolo2-3', 'yolo10-5', 'audio2-6', 'audio3-8', 'yolo12-10', 'audio3-8', 'yolo12-10', 'audio11-edge-2', 'yolo3-2', 'audio5-4', 'audio5-8', 'yolo3-2', 'audio5-8', 'audio11-edge-4', 'yolo11-9', 'yolo11-9', 'audio7-3', 'audio12-6', 'audio4-8', 'audio9-8', 'audio3-11', 'yolo5-12', 'audio7-edge-3', 'audio12-6', 'audio4-8', 'audio9-8', 'audio3-11', 'yolo5-12', 'yolo4-9', 'audio11-12', 'audio8-5', 'yolo7-9', 'yolo11-13', 'audio8-14', 'yolo3-15', 'audio8-5', 'yolo11-13', 'yolo3-15', 'audio1-11', 'audio7-edge-8', 'audio6-9', 'audio2-9', 'audio2-12', 'audio1-16', 'audio6-9', 'audio2-9', 'audio2-12', 'audio1-16', 'yolo4-10', 'yolo4-10', 'yolo7-12', 'audio6-17', 'audio8-17', 'yolo4-10', 'yolo7-12', 'audio6-17', 'audio8-17', 'audio9-13', 'yolo12-19', 'audio5-20', 'yolo7-12', 'audio6-17', 'audio9-13', 'yolo12-19', 'audio5-20', 'audio7-edge-11', 'audio12-14', 'yolo8-17', 'yolo3-18', 'audio10-18']pod "yolo3-18" deleted
pod "yolo8-17" deleted
pod "audio12-14" deleted
pod "audio10-18" deleted
pod "audio7-edge-11" deleted
pod/audio9-23 created
pod/yolo4-23 created
pod/audio12-23 created
pod/yolo11-23 created
pod/yolo12-23 created
pod "yolo3-18" deleted
pod "yolo8-17" deleted
pod "audio10-18" deleted
pod "yolo7-12" deleted
pod "audio12-14" deleted
pod "yolo9-14" deleted
pod "yolo1-18" deleted
pod "yolo10-19" deleted
pod "yolo9-19" deleted
Error from server (NotFound): pods "audio5-20" not found
pod/audio11-24 created
pod/audio3-24 created
pod/yolo4-24 created
pod "audio10-18" deleted
pod "yolo9-19" deleted
pod "yolo1-18" deleted
pod "audio12-14" deleted
pod "yolo10-19" deleted
pod "yolo9-14" deleted
pod "yolo8-17" deleted
pod "yolo3-18" deleted
pod "audio5-edge-19" deleted
pod "yolo6-19" deleted
pod "audio12-19" deleted
pod "yolo3-18" deleted
pod "yolo9-14" deleted
pod "audio12-14" deleted
pod "yolo9-19" deleted
pod "yolo6-19" deleted
pod "yolo1-18" deleted
pod "audio12-19" deleted
pod/yolo8-25 created
pod/yolo7-25 created
pod/audio7-25 created
pod/audio3-25 created

Pods in cloud:  ['NAME', 'audio1-21', 'audio10-18', 'audio10-21', 'audio12-14', 'audio12-19', 'audio2-22', 'audio5-19', 'audio6-17', 'audio8-21', 'audio9-13', 'audio9-18', 'yolo1-18', 'yolo1-22', 'yolo10-19', 'yolo10-20', 'yolo12-19', 'yolo2-22', 'yolo3-18', 'yolo3-22', 'yolo4-19', 'yolo5-16', 'yolo6-19', 'yolo6-22', 'yolo7-12', 'yolo7-19', 'yolo8-17', 'yolo9-14', 'yolo9-19']
Pods in edge:  ['audio11-edge-8', 'audio7-edge-11']
The passed time:  1794.087464094162
The time of this iteration: 60.035964012145996
time: 23
Init deployed Analytic: audio9-23
Delete stuck app: yolo7-12
Delete stuck app: audio12-14
Delete stuck app: yolo8-17
Delete stuck app: yolo3-18
Delete stuck app: audio10-18
Init deployed Analytic: audio12-23
Init deployed Analytic: yolo11-23
Init deployed Analytic: yolo12-23
Init deployed Analytic: yolo4-23
init delete pods yolo9-14
[Departure] yolo5-16:7/9
init delete pods yolo1-18
[Departure] audio9-18:6/8
[Departure] audio12-19:5/5
[Departure] yolo6-19:4/4
init delete pods yolo9-19
[Departure] yolo4-19:5/7
init delete pods audio5-edge-19
[Departure] yolo7-19:4/10
init delete pods yolo10-19
[Departure] yolo10-20:4/5
[Departure] audio8-21:2/6
[Departure] audio10-21:2/6
[Departure] audio1-21:2/4
[Departure] yolo1-22:1/2
[Departure] yolo3-22:1/6
[Departure] yolo2-22:1/4
[Departure] yolo6-22:1/7
[Departure] audio2-22:1/6
[Departure] audio9-23:1/3
[Departure] audio12-23:1/4
[Departure] yolo11-23:1/3
[Departure] yolo12-23:1/6
[Departure] yolo4-23:1/7
used_storage:  3.02 used bandwidth:  0
departure [['yolo9-14', 8, 8], ['yolo1-18', 5, 5], ['yolo9-19', 3, 3], ['audio5-edge-19', 3, 3], ['yolo10-19', 3, 3]]
all_departures ['yolo8-2', 'audio3-3', 'yolo8-2', 'audio3-3', 'audio2-0', 'yolo4-2', 'audio2-0', 'yolo4-2', 'yolo9-0', 'audio7-2', 'yolo9-0', 'audio7-2', 'yolo8-3', 'yolo1-5', 'yolo1-7', 'yolo10-7', 'yolo9-0', 'yolo8-3', 'yolo1-5', 'yolo1-7', 'yolo10-7', 'audio7-0', 'yolo6-1', 'yolo2-3', 'yolo10-5', 'audio2-6', 'audio3-8', 'yolo12-10', 'audio3-8', 'yolo12-10', 'audio11-edge-2', 'yolo3-2', 'audio5-4', 'audio5-8', 'yolo3-2', 'audio5-8', 'audio11-edge-4', 'yolo11-9', 'yolo11-9', 'audio7-3', 'audio12-6', 'audio4-8', 'audio9-8', 'audio3-11', 'yolo5-12', 'audio7-edge-3', 'audio12-6', 'audio4-8', 'audio9-8', 'audio3-11', 'yolo5-12', 'yolo4-9', 'audio11-12', 'audio8-5', 'yolo7-9', 'yolo11-13', 'audio8-14', 'yolo3-15', 'audio8-5', 'yolo11-13', 'yolo3-15', 'audio1-11', 'audio7-edge-8', 'audio6-9', 'audio2-9', 'audio2-12', 'audio1-16', 'audio6-9', 'audio2-9', 'audio2-12', 'audio1-16', 'yolo4-10', 'yolo4-10', 'yolo7-12', 'audio6-17', 'audio8-17', 'yolo4-10', 'yolo7-12', 'audio6-17', 'audio8-17', 'audio9-13', 'yolo12-19', 'audio5-20', 'yolo7-12', 'audio6-17', 'audio9-13', 'yolo12-19', 'audio5-20', 'audio7-edge-11', 'audio12-14', 'yolo8-17', 'yolo3-18', 'audio10-18', 'yolo7-12', 'audio12-14', 'yolo8-17', 'yolo3-18', 'audio10-18', 'yolo9-14', 'yolo1-18', 'yolo9-19', 'audio5-edge-19', 'yolo10-19']
Pods in cloud:  ['NAME', 'audio1-21', 'audio10-18', 'audio10-21', 'audio12-14', 'audio12-19', 'audio12-23', 'audio2-22', 'audio8-21', 'audio9-18', 'audio9-23', 'yolo1-18', 'yolo1-22', 'yolo10-19', 'yolo10-20', 'yolo11-23', 'yolo12-23', 'yolo2-22', 'yolo3-18', 'yolo3-22', 'yolo4-19', 'yolo4-23', 'yolo5-16', 'yolo6-19', 'yolo6-22', 'yolo7-12', 'yolo7-19', 'yolo8-17', 'yolo9-14', 'yolo9-19']
Pods in edge:  ['audio11-edge-8', 'audio5-edge-19']
The passed time:  1854.12757396698
The time of this iteration: 60.04010987281799
time: 24
Delete stuck app: audio12-14
Delete stuck app: yolo8-17
Delete stuck app: yolo3-18
Delete stuck app: audio10-18
Delete stuck app: yolo9-14
Delete stuck app: yolo1-18
Delete stuck app: yolo9-19
Delete stuck app: audio5-edge-19
Delete stuck app: yolo10-19
Init deployed Analytic: audio11-24
Init deployed Analytic: audio3-24
Init deployed Analytic: yolo4-24
[Departure] yolo5-16:8/9
[Departure] audio9-18:7/8
init delete pods audio12-19
init delete pods yolo6-19
[Departure] yolo4-19:6/7
[Departure] yolo7-19:5/10
[Departure] yolo10-20:5/5
[Departure] audio8-21:3/6
[Departure] audio10-21:3/6
[Departure] audio1-21:3/4
[Departure] yolo1-22:2/2
[Departure] yolo3-22:2/6
[Departure] yolo2-22:2/4
[Departure] yolo6-22:2/7
[Departure] audio2-22:2/6
[Departure] audio9-23:2/3
[Departure] audio12-23:2/4
[Departure] yolo11-23:2/3
[Departure] yolo12-23:2/6
[Departure] yolo4-23:2/7
[Departure] yolo4-24:1/2
[Departure] audio3-24:1/5
[Departure] audio11-24:1/7
used_storage:  4.96 used bandwidth:  0
departure [['audio12-19', 5, 5], ['yolo6-19', 4, 4]]
all_departures ['yolo8-2', 'audio3-3', 'yolo8-2', 'audio3-3', 'audio2-0', 'yolo4-2', 'audio2-0', 'yolo4-2', 'yolo9-0', 'audio7-2', 'yolo9-0', 'audio7-2', 'yolo8-3', 'yolo1-5', 'yolo1-7', 'yolo10-7', 'yolo9-0', 'yolo8-3', 'yolo1-5', 'yolo1-7', 'yolo10-7', 'audio7-0', 'yolo6-1', 'yolo2-3', 'yolo10-5', 'audio2-6', 'audio3-8', 'yolo12-10', 'audio3-8', 'yolo12-10', 'audio11-edge-2', 'yolo3-2', 'audio5-4', 'audio5-8', 'yolo3-2', 'audio5-8', 'audio11-edge-4', 'yolo11-9', 'yolo11-9', 'audio7-3', 'audio12-6', 'audio4-8', 'audio9-8', 'audio3-11', 'yolo5-12', 'audio7-edge-3', 'audio12-6', 'audio4-8', 'audio9-8', 'audio3-11', 'yolo5-12', 'yolo4-9', 'audio11-12', 'audio8-5', 'yolo7-9', 'yolo11-13', 'audio8-14', 'yolo3-15', 'audio8-5', 'yolo11-13', 'yolo3-15', 'audio1-11', 'audio7-edge-8', 'audio6-9', 'audio2-9', 'audio2-12', 'audio1-16', 'audio6-9', 'audio2-9', 'audio2-12', 'audio1-16', 'yolo4-10', 'yolo4-10', 'yolo7-12', 'audio6-17', 'audio8-17', 'yolo4-10', 'yolo7-12', 'audio6-17', 'audio8-17', 'audio9-13', 'yolo12-19', 'audio5-20', 'yolo7-12', 'audio6-17', 'audio9-13', 'yolo12-19', 'audio5-20', 'audio7-edge-11', 'audio12-14', 'yolo8-17', 'yolo3-18', 'audio10-18', 'yolo7-12', 'audio12-14', 'yolo8-17', 'yolo3-18', 'audio10-18', 'yolo9-14', 'yolo1-18', 'yolo9-19', 'audio5-edge-19', 'yolo10-19', 'audio12-14', 'yolo8-17', 'yolo3-18', 'audio10-18', 'yolo9-14', 'yolo1-18', 'yolo9-19', 'audio5-edge-19', 'yolo10-19', 'audio12-19', 'yolo6-19']
Pods in cloud:  ['NAME', 'audio1-21', 'audio10-18', 'audio10-21', 'audio11-24', 'audio12-14', 'audio12-19', 'audio12-23', 'audio2-22', 'audio3-24', 'audio8-21', 'audio9-18', 'audio9-23', 'yolo1-18', 'yolo1-22', 'yolo10-19', 'yolo10-20', 'yolo11-23', 'yolo12-23', 'yolo2-22', 'yolo3-18', 'yolo3-22', 'yolo4-19', 'yolo4-23', 'yolo4-24', 'yolo5-16', 'yolo6-19', 'yolo6-22', 'yolo7-19', 'yolo8-17', 'yolo9-14', 'yolo9-19']
Pods in edge:  ['audio11-edge-8', 'audio5-edge-19']
The passed time:  1914.151490688324
The time of this iteration: 60.023916721343994
time: 25
Delete stuck app: audio12-14
Delete stuck app: yolo3-18
Delete stuck app: yolo9-14
Delete stuck app: yolo1-18
Delete stuck app: yolo9-19
Delete stuck app: audio12-19
Delete stuck app: yolo6-19
[Departure] yolo5-16:9/9
[Departure] audio9-18:8/8
[Departure] yolo4-19:7/7
[Departure] yolo7-19:6/10
init delete pods yolo10-20
[Departure] audio8-21:4/6
[Departure] audio10-21:4/6
[Departure] audio1-21:4/4
init delete pods yolo1-22
[Departure] yolo3-22:3/6
[Departure] yolo2-22:3/4
[Departure] yolo6-22:3/7
[Departure] audio2-22:3/6
[Departure] audio9-23:3/3
[Departure] audio12-23:3/4
[Departure] yolo11-23:3/3
[Departure] yolo12-23:3/6
[Departure] yolo4-23:3/7
[Departure] yolo4-24:2/2
[Departure] audio3-24:2/5
[Departure] audio11-24:2/7
Init deployed Analytic: audio7-25
Init deployed Analytic: yolo7-25
Init deployed Analytic: yolo8-25
Init deployed Analytic: audio3-25
used_storage:  3.02 used bandwidth:  0
departure [['yolo10-20', 5, 5], ['yolo1-22', 2, 2]]
all_departures ['yolo8-2', 'audio3-3', 'yolo8-2', 'audio3-3', 'audio2-0', 'yolo4-2', 'audio2-0', 'yolo4-2', 'yolo9-0', 'audio7-2', 'yolo9-0', 'audio7-2', 'yolo8-3', 'yolo1-5', 'yolo1-7', 'yolo10-7', 'yolo9-0', 'yolo8-3', 'yolo1-5', 'yolo1-7', 'yolo10-7', 'audio7-0', 'yolo6-1', 'yolo2-3', 'yolo10-5', 'audio2-6', 'audio3-8', 'yolo12-10', 'audio3-8', 'yolo12-10', 'audio11-edge-2', 'yolo3-2', 'audio5-4', 'audio5-8', 'yolo3-2', 'audio5-8', 'audio11-edge-4', 'yolo11-9', 'yolo11-9', 'audio7-3', 'audio12-6', 'audio4-8', 'audio9-8', 'audio3-11', 'yolo5-12', 'audio7-edge-3', 'audio12-6', 'audio4-8', 'audio9-8', 'audio3-11', 'yolo5-12', 'yolo4-9', 'audio11-12', 'audio8-5', 'yolo7-9', 'yolo11-13', 'audio8-14', 'yolo3-15', 'audio8-5', 'yolo11-13', 'yolo3-15', 'audio1-11', 'audio7-edge-8', 'audio6-9', 'audio2-9', 'audio2-12', 'audio1-16', 'audio6-9', 'audio2-9', 'audio2-12', 'audio1-16', 'yolo4-10', 'yolo4-10', 'yolo7-12', 'audio6-17', 'audio8-17', 'yolo4-10', 'yolo7-12', 'audio6-17', 'audio8-17', 'audio9-13', 'yolo12-19', 'audio5-20', 'yolo7-12', 'audio6-17', 'audio9-13', 'yolo12-19', 'audio5-20', 'audio7-edge-11', 'audio12-14', 'yolo8-17', 'yolo3-18', 'audio10-18', 'yolo7-12', 'audio12-14', 'yolo8-17', 'yolo3-18', 'audio10-18', 'yolo9-14', 'yolo1-18', 'yolo9-19', 'audio5-edge-19', 'yolo10-19', 'audio12-14', 'yolo8-17', 'yolo3-18', 'audio10-18', 'yolo9-14', 'yolo1-18', 'yolo9-19', 'audio5-edge-19', 'yolo10-19', 'audio12-19', 'yolo6-19', 'audio12-14', 'yolo3-18', 'yolo9-14', 'yolo1-18', 'yolo9-19', 'audio12-19', 'yolo6-19', 'yolo10-20', 'yolo1-22']pod "yolo10-20" deleted
pod "yolo1-22" deleted
pod/audio11-26 created
pod/audio2-26 created
pod/yolo10-26 created
pod "yolo1-18" deleted
pod "yolo1-22" deleted
pod "yolo10-20" deleted
pod "audio9-18" deleted
pod "yolo5-16" deleted
pod "audio1-21" deleted
pod "yolo4-19" deleted
pod "audio9-23" deleted
pod "yolo4-24" deleted
pod "yolo11-23" deleted
pod "yolo4-19" deleted
pod "yolo11-23" deleted
pod "yolo10-20" deleted
pod "yolo4-24" deleted
pod "yolo1-22" deleted
pod "yolo5-16" deleted
pod "audio9-23" deleted
pod "audio9-18" deleted
pod "audio1-21" deleted
pod/yolo9-27 created
pod "yolo2-22" deleted
pod "audio3-25" deleted
pod "audio12-23" deleted
pod "audio2-26" deleted
pod/yolo4-28 created
pod/yolo3-28 created
pod/yolo5-28 created
pod/yolo11-28 created
pod/audio9-28 created
pod "yolo11-23" deleted
pod "yolo4-19" deleted
pod "yolo4-24" deleted
pod "audio9-23" deleted
pod "yolo5-16" deleted
pod "audio3-25" deleted
pod "yolo2-22" deleted
pod "audio1-21" deleted
pod "audio9-18" deleted
pod "audio2-26" deleted
pod "audio12-23" deleted
pod "yolo1-22" deleted

write terminal.input False
Pods in cloud:  ['NAME', 'audio1-21', 'audio10-21', 'audio11-24', 'audio12-14', 'audio12-19', 'audio12-23', 'audio2-22', 'audio3-24', 'audio3-25', 'audio7-25', 'audio8-21', 'audio9-18', 'audio9-23', 'yolo1-18', 'yolo1-22', 'yolo10-20', 'yolo11-23', 'yolo12-23', 'yolo2-22', 'yolo3-18', 'yolo3-22', 'yolo4-19', 'yolo4-23', 'yolo4-24', 'yolo5-16', 'yolo6-19', 'yolo6-22', 'yolo7-19', 'yolo7-25', 'yolo8-25', 'yolo9-14', 'yolo9-19']
Pods in edge:  ['audio11-edge-8']
The passed time:  1974.191651582718
The time of this iteration: 60.04016089439392
time: 26
Init deployed Analytic: audio11-26
Init deployed Analytic: audio2-26
Init deployed Analytic: yolo10-26
Delete stuck app: yolo1-18
Delete stuck app: yolo10-20
Delete stuck app: yolo1-22
init delete pods yolo5-16
init delete pods audio9-18
init delete pods yolo4-19
[Departure] yolo7-19:7/10
[Departure] audio8-21:5/6
[Departure] audio10-21:5/6
init delete pods audio1-21
[Departure] yolo3-22:4/6
[Departure] yolo2-22:4/4
[Departure] yolo6-22:4/7
[Departure] audio2-22:4/6
init delete pods audio9-23
[Departure] audio12-23:4/4
init delete pods yolo11-23
[Departure] yolo12-23:4/6
[Departure] yolo4-23:4/7
init delete pods yolo4-24
[Departure] audio3-24:3/5
[Departure] audio11-24:3/7
[Departure] audio3-25:1/1
[Departure] yolo8-25:1/6
[Departure] yolo7-25:1/10
[Departure] audio7-25:1/5
[Departure] audio2-26:1/1
[Departure] yolo10-26:1/8
[Departure] audio11-26:1/5
used_storage:  3.02 used bandwidth:  0
departure [['yolo5-16', 9, 9], ['audio9-18', 8, 8], ['yolo4-19', 7, 7], ['audio1-21', 4, 4], ['audio9-23', 3, 3], ['yolo11-23', 3, 3], ['yolo4-24', 2, 2]]
all_departures ['yolo8-2', 'audio3-3', 'yolo8-2', 'audio3-3', 'audio2-0', 'yolo4-2', 'audio2-0', 'yolo4-2', 'yolo9-0', 'audio7-2', 'yolo9-0', 'audio7-2', 'yolo8-3', 'yolo1-5', 'yolo1-7', 'yolo10-7', 'yolo9-0', 'yolo8-3', 'yolo1-5', 'yolo1-7', 'yolo10-7', 'audio7-0', 'yolo6-1', 'yolo2-3', 'yolo10-5', 'audio2-6', 'audio3-8', 'yolo12-10', 'audio3-8', 'yolo12-10', 'audio11-edge-2', 'yolo3-2', 'audio5-4', 'audio5-8', 'yolo3-2', 'audio5-8', 'audio11-edge-4', 'yolo11-9', 'yolo11-9', 'audio7-3', 'audio12-6', 'audio4-8', 'audio9-8', 'audio3-11', 'yolo5-12', 'audio7-edge-3', 'audio12-6', 'audio4-8', 'audio9-8', 'audio3-11', 'yolo5-12', 'yolo4-9', 'audio11-12', 'audio8-5', 'yolo7-9', 'yolo11-13', 'audio8-14', 'yolo3-15', 'audio8-5', 'yolo11-13', 'yolo3-15', 'audio1-11', 'audio7-edge-8', 'audio6-9', 'audio2-9', 'audio2-12', 'audio1-16', 'audio6-9', 'audio2-9', 'audio2-12', 'audio1-16', 'yolo4-10', 'yolo4-10', 'yolo7-12', 'audio6-17', 'audio8-17', 'yolo4-10', 'yolo7-12', 'audio6-17', 'audio8-17', 'audio9-13', 'yolo12-19', 'audio5-20', 'yolo7-12', 'audio6-17', 'audio9-13', 'yolo12-19', 'audio5-20', 'audio7-edge-11', 'audio12-14', 'yolo8-17', 'yolo3-18', 'audio10-18', 'yolo7-12', 'audio12-14', 'yolo8-17', 'yolo3-18', 'audio10-18', 'yolo9-14', 'yolo1-18', 'yolo9-19', 'audio5-edge-19', 'yolo10-19', 'audio12-14', 'yolo8-17', 'yolo3-18', 'audio10-18', 'yolo9-14', 'yolo1-18', 'yolo9-19', 'audio5-edge-19', 'yolo10-19', 'audio12-19', 'yolo6-19', 'audio12-14', 'yolo3-18', 'yolo9-14', 'yolo1-18', 'yolo9-19', 'audio12-19', 'yolo6-19', 'yolo10-20', 'yolo1-22', 'yolo1-18', 'yolo10-20', 'yolo1-22', 'yolo5-16', 'audio9-18', 'yolo4-19', 'audio1-21', 'audio9-23', 'yolo11-23', 'yolo4-24']
Pods in cloud:  ['NAME', 'audio1-21', 'audio10-21', 'audio11-24', 'audio11-26', 'audio12-23', 'audio2-22', 'audio2-26', 'audio3-24', 'audio3-25', 'audio7-25', 'audio8-21', 'audio9-18', 'audio9-23', 'yolo1-18', 'yolo1-22', 'yolo10-20', 'yolo10-26', 'yolo11-23', 'yolo12-23', 'yolo2-22', 'yolo3-22', 'yolo4-19', 'yolo4-23', 'yolo4-24', 'yolo5-16', 'yolo6-22', 'yolo7-19', 'yolo7-25', 'yolo8-25']
Pods in edge:  ['audio11-edge-8']
The passed time:  2066.801300048828
The time of this iteration: 92.60964846611023
time: 27
Delete stuck app: yolo10-20
Delete stuck app: yolo1-22
Delete stuck app: yolo5-16
Delete stuck app: audio9-18
Delete stuck app: yolo4-19
Delete stuck app: audio1-21
Delete stuck app: audio9-23
Delete stuck app: yolo11-23
Delete stuck app: yolo4-24
Init deployed Analytic: yolo9-27
[Departure] yolo7-19:8/10
[Departure] audio8-21:6/6
[Departure] audio10-21:6/6
[Departure] yolo3-22:5/6
init delete pods yolo2-22
[Departure] yolo6-22:5/7
[Departure] audio2-22:5/6
init delete pods audio12-23
[Departure] yolo12-23:5/6
[Departure] yolo4-23:5/7
[Departure] audio3-24:4/5
[Departure] audio11-24:4/7
init delete pods audio3-25
[Departure] yolo8-25:2/6
[Departure] yolo7-25:2/10
[Departure] audio7-25:2/5
init delete pods audio2-26
[Departure] yolo10-26:2/8
[Departure] audio11-26:2/5
[Departure] yolo9-27:1/4
used_storage:  3.02 used bandwidth:  0
departure [['yolo2-22', 4, 4], ['audio12-23', 4, 4], ['audio3-25', 1, 1], ['audio2-26', 1, 1]]
all_departures ['yolo8-2', 'audio3-3', 'yolo8-2', 'audio3-3', 'audio2-0', 'yolo4-2', 'audio2-0', 'yolo4-2', 'yolo9-0', 'audio7-2', 'yolo9-0', 'audio7-2', 'yolo8-3', 'yolo1-5', 'yolo1-7', 'yolo10-7', 'yolo9-0', 'yolo8-3', 'yolo1-5', 'yolo1-7', 'yolo10-7', 'audio7-0', 'yolo6-1', 'yolo2-3', 'yolo10-5', 'audio2-6', 'audio3-8', 'yolo12-10', 'audio3-8', 'yolo12-10', 'audio11-edge-2', 'yolo3-2', 'audio5-4', 'audio5-8', 'yolo3-2', 'audio5-8', 'audio11-edge-4', 'yolo11-9', 'yolo11-9', 'audio7-3', 'audio12-6', 'audio4-8', 'audio9-8', 'audio3-11', 'yolo5-12', 'audio7-edge-3', 'audio12-6', 'audio4-8', 'audio9-8', 'audio3-11', 'yolo5-12', 'yolo4-9', 'audio11-12', 'audio8-5', 'yolo7-9', 'yolo11-13', 'audio8-14', 'yolo3-15', 'audio8-5', 'yolo11-13', 'yolo3-15', 'audio1-11', 'audio7-edge-8', 'audio6-9', 'audio2-9', 'audio2-12', 'audio1-16', 'audio6-9', 'audio2-9', 'audio2-12', 'audio1-16', 'yolo4-10', 'yolo4-10', 'yolo7-12', 'audio6-17', 'audio8-17', 'yolo4-10', 'yolo7-12', 'audio6-17', 'audio8-17', 'audio9-13', 'yolo12-19', 'audio5-20', 'yolo7-12', 'audio6-17', 'audio9-13', 'yolo12-19', 'audio5-20', 'audio7-edge-11', 'audio12-14', 'yolo8-17', 'yolo3-18', 'audio10-18', 'yolo7-12', 'audio12-14', 'yolo8-17', 'yolo3-18', 'audio10-18', 'yolo9-14', 'yolo1-18', 'yolo9-19', 'audio5-edge-19', 'yolo10-19', 'audio12-14', 'yolo8-17', 'yolo3-18', 'audio10-18', 'yolo9-14', 'yolo1-18', 'yolo9-19', 'audio5-edge-19', 'yolo10-19', 'audio12-19', 'yolo6-19', 'audio12-14', 'yolo3-18', 'yolo9-14', 'yolo1-18', 'yolo9-19', 'audio12-19', 'yolo6-19', 'yolo10-20', 'yolo1-22', 'yolo1-18', 'yolo10-20', 'yolo1-22', 'yolo5-16', 'audio9-18', 'yolo4-19', 'audio1-21', 'audio9-23', 'yolo11-23', 'yolo4-24', 'yolo10-20', 'yolo1-22', 'yolo5-16', 'audio9-18', 'yolo4-19', 'audio1-21', 'audio9-23', 'yolo11-23', 'yolo4-24', 'yolo2-22', 'audio12-23', 'audio3-25', 'audio2-26']
Pods in cloud:  ['NAME', 'audio1-21', 'audio10-21', 'audio11-24', 'audio11-26', 'audio12-23', 'audio2-22', 'audio2-26', 'audio3-24', 'audio3-25', 'audio7-25', 'audio8-21', 'audio9-18', 'audio9-23', 'yolo1-22', 'yolo10-20', 'yolo10-26', 'yolo11-23', 'yolo12-23', 'yolo2-22', 'yolo3-22', 'yolo4-19', 'yolo4-23', 'yolo4-24', 'yolo5-16', 'yolo6-22', 'yolo7-19', 'yolo7-25', 'yolo8-25', 'yolo9-27']
Pods in edge:  ['audio11-edge-8']
The passed time:  2126.803522825241
The time of this iteration: 60.002222776412964
time: 28
Delete stuck app: yolo10-20
Delete stuck app: yolo1-22
Delete stuck app: yolo5-16
Delete stuck app: audio9-18
Delete stuck app: yolo4-19
Delete stuck app: audio1-21
Delete stuck app: audio9-23
Delete stuck app: yolo11-23
Delete stuck app: yolo4-24
Delete stuck app: yolo2-22
Delete stuck app: audio12-23
Delete stuck app: audio3-25
Delete stuck app: audio2-26
Init deployed Analytic: yolo5-28
Init deployed Analytic: yolo3-28
Init deployed Analytic: audio9-28
Init deployed Analytic: yolo4-28
Init deployed Analytic: yolo11-28
[Departure] yolo7-19:9/10
init delete pods audio8-21
init delete pods audio10-21
[Departure] yolo3-22:6/6
[Departure] yolo6-22:6/7
[Departure] audio2-22:6/6
[Departure] yolo12-23:6/6
[Departure] yolo4-23:6/7
[Departure] audio3-24:5/5
[Departure] audio11-24:5/7
[Departure] yolo8-25:3/6
[Departure] yolo7-25:3/10
[Departure] audio7-25:3/5
[Departure] yolo10-26:3/8
[Departure] audio11-26:3/5
[Departure] yolo9-27:2/4
[Departure] yolo11-28:1/1
[Departure] yolo4-28:1/6
[Departure] yolo3-28:1/4
[Departure] audio9-28:1/10pod "yolo10-20" deleted
pod "audio8-21" deleted
pod "audio10-21" deleted
pod/yolo3-29 created
pod/audio5-29 created
pod "audio3-25" deleted
pod "yolo2-22" deleted
pod "audio1-21" deleted
pod "yolo11-23" deleted
pod "yolo4-19" deleted
pod "audio9-23" deleted
pod "audio9-18" deleted
pod "audio10-21" deleted
pod "yolo4-24" deleted
pod "yolo5-16" deleted
pod "audio8-21" deleted
pod "audio12-23" deleted
pod "audio2-22" deleted
pod "yolo3-22" deleted
pod "yolo11-28" deleted
pod "audio3-24" deleted
pod "yolo12-23" deleted
pod "yolo4-19" deleted
pod "audio1-21" deleted
pod "yolo5-16" deleted
pod "audio9-23" deleted
pod "yolo11-23" deleted
pod "audio2-22" deleted
pod "audio8-21" deleted
pod "audio10-21" deleted
pod "yolo3-22" deleted
pod "audio9-18" deleted
pod "yolo2-22" deleted
pod "audio3-24" deleted
pod "yolo4-24" deleted
pod "yolo11-28" deleted
pod "yolo12-23" deleted
pod "yolo6-22" deleted

[Departure] yolo5-28:1/7
used_storage:  3.02 used bandwidth:  0
departure [['audio8-21', 6, 6], ['audio10-21', 6, 6]]
all_departures ['yolo8-2', 'audio3-3', 'yolo8-2', 'audio3-3', 'audio2-0', 'yolo4-2', 'audio2-0', 'yolo4-2', 'yolo9-0', 'audio7-2', 'yolo9-0', 'audio7-2', 'yolo8-3', 'yolo1-5', 'yolo1-7', 'yolo10-7', 'yolo9-0', 'yolo8-3', 'yolo1-5', 'yolo1-7', 'yolo10-7', 'audio7-0', 'yolo6-1', 'yolo2-3', 'yolo10-5', 'audio2-6', 'audio3-8', 'yolo12-10', 'audio3-8', 'yolo12-10', 'audio11-edge-2', 'yolo3-2', 'audio5-4', 'audio5-8', 'yolo3-2', 'audio5-8', 'audio11-edge-4', 'yolo11-9', 'yolo11-9', 'audio7-3', 'audio12-6', 'audio4-8', 'audio9-8', 'audio3-11', 'yolo5-12', 'audio7-edge-3', 'audio12-6', 'audio4-8', 'audio9-8', 'audio3-11', 'yolo5-12', 'yolo4-9', 'audio11-12', 'audio8-5', 'yolo7-9', 'yolo11-13', 'audio8-14', 'yolo3-15', 'audio8-5', 'yolo11-13', 'yolo3-15', 'audio1-11', 'audio7-edge-8', 'audio6-9', 'audio2-9', 'audio2-12', 'audio1-16', 'audio6-9', 'audio2-9', 'audio2-12', 'audio1-16', 'yolo4-10', 'yolo4-10', 'yolo7-12', 'audio6-17', 'audio8-17', 'yolo4-10', 'yolo7-12', 'audio6-17', 'audio8-17', 'audio9-13', 'yolo12-19', 'audio5-20', 'yolo7-12', 'audio6-17', 'audio9-13', 'yolo12-19', 'audio5-20', 'audio7-edge-11', 'audio12-14', 'yolo8-17', 'yolo3-18', 'audio10-18', 'yolo7-12', 'audio12-14', 'yolo8-17', 'yolo3-18', 'audio10-18', 'yolo9-14', 'yolo1-18', 'yolo9-19', 'audio5-edge-19', 'yolo10-19', 'audio12-14', 'yolo8-17', 'yolo3-18', 'audio10-18', 'yolo9-14', 'yolo1-18', 'yolo9-19', 'audio5-edge-19', 'yolo10-19', 'audio12-19', 'yolo6-19', 'audio12-14', 'yolo3-18', 'yolo9-14', 'yolo1-18', 'yolo9-19', 'audio12-19', 'yolo6-19', 'yolo10-20', 'yolo1-22', 'yolo1-18', 'yolo10-20', 'yolo1-22', 'yolo5-16', 'audio9-18', 'yolo4-19', 'audio1-21', 'audio9-23', 'yolo11-23', 'yolo4-24', 'yolo10-20', 'yolo1-22', 'yolo5-16', 'audio9-18', 'yolo4-19', 'audio1-21', 'audio9-23', 'yolo11-23', 'yolo4-24', 'yolo2-22', 'audio12-23', 'audio3-25', 'audio2-26', 'yolo10-20', 'yolo1-22', 'yolo5-16', 'audio9-18', 'yolo4-19', 'audio1-21', 'audio9-23', 'yolo11-23', 'yolo4-24', 'yolo2-22', 'audio12-23', 'audio3-25', 'audio2-26', 'audio8-21', 'audio10-21']
Pods in cloud:  ['NAME', 'audio1-21', 'audio10-21', 'audio11-24', 'audio11-26', 'audio12-23', 'audio2-22', 'audio2-26', 'audio3-24', 'audio3-25', 'audio7-25', 'audio8-21', 'audio9-18', 'audio9-23', 'audio9-28', 'yolo1-22', 'yolo10-26', 'yolo11-23', 'yolo11-28', 'yolo12-23', 'yolo2-22', 'yolo3-22', 'yolo3-28', 'yolo4-19', 'yolo4-23', 'yolo4-24', 'yolo4-28', 'yolo5-16', 'yolo5-28', 'yolo6-22', 'yolo7-19', 'yolo7-25', 'yolo8-25', 'yolo9-27']
Pods in edge:  ['audio11-edge-8']
The passed time:  2186.8445358276367
The time of this iteration: 60.04101300239563
time: 29
Delete stuck app: yolo5-16
Delete stuck app: audio9-18
Delete stuck app: yolo4-19
Delete stuck app: audio1-21
Delete stuck app: audio9-23
Delete stuck app: yolo11-23
Delete stuck app: yolo4-24
Delete stuck app: yolo2-22
Delete stuck app: audio12-23
Delete stuck app: audio3-25
Delete stuck app: audio8-21
Delete stuck app: audio10-21
Init deployed Analytic: yolo3-29
Init deployed Analytic: audio5-29
[Departure] yolo7-19:10/10
init delete pods yolo3-22
[Departure] yolo6-22:7/7
init delete pods audio2-22
init delete pods yolo12-23
[Departure] yolo4-23:7/7
init delete pods audio3-24
[Departure] audio11-24:6/7
[Departure] yolo8-25:4/6
[Departure] yolo7-25:4/10
[Departure] audio7-25:4/5
[Departure] yolo10-26:4/8
[Departure] audio11-26:4/5
[Departure] yolo9-27:3/4
init delete pods yolo11-28
[Departure] yolo4-28:2/6
[Departure] yolo3-28:2/4
[Departure] audio9-28:2/10
[Departure] yolo5-28:2/7
[Departure] yolo3-29:1/5
[Departure] audio5-29:1/5
used_storage:  3.02 used bandwidth:  0
departure [['yolo3-22', 6, 6], ['audio2-22', 6, 6], ['yolo12-23', 6, 6], ['audio3-24', 5, 5], ['yolo11-28', 1, 1]]
all_departures ['yolo8-2', 'audio3-3', 'yolo8-2', 'audio3-3', 'audio2-0', 'yolo4-2', 'audio2-0', 'yolo4-2', 'yolo9-0', 'audio7-2', 'yolo9-0', 'audio7-2', 'yolo8-3', 'yolo1-5', 'yolo1-7', 'yolo10-7', 'yolo9-0', 'yolo8-3', 'yolo1-5', 'yolo1-7', 'yolo10-7', 'audio7-0', 'yolo6-1', 'yolo2-3', 'yolo10-5', 'audio2-6', 'audio3-8', 'yolo12-10', 'audio3-8', 'yolo12-10', 'audio11-edge-2', 'yolo3-2', 'audio5-4', 'audio5-8', 'yolo3-2', 'audio5-8', 'audio11-edge-4', 'yolo11-9', 'yolo11-9', 'audio7-3', 'audio12-6', 'audio4-8', 'audio9-8', 'audio3-11', 'yolo5-12', 'audio7-edge-3', 'audio12-6', 'audio4-8', 'audio9-8', 'audio3-11', 'yolo5-12', 'yolo4-9', 'audio11-12', 'audio8-5', 'yolo7-9', 'yolo11-13', 'audio8-14', 'yolo3-15', 'audio8-5', 'yolo11-13', 'yolo3-15', 'audio1-11', 'audio7-edge-8', 'audio6-9', 'audio2-9', 'audio2-12', 'audio1-16', 'audio6-9', 'audio2-9', 'audio2-12', 'audio1-16', 'yolo4-10', 'yolo4-10', 'yolo7-12', 'audio6-17', 'audio8-17', 'yolo4-10', 'yolo7-12', 'audio6-17', 'audio8-17', 'audio9-13', 'yolo12-19', 'audio5-20', 'yolo7-12', 'audio6-17', 'audio9-13', 'yolo12-19', 'audio5-20', 'audio7-edge-11', 'audio12-14', 'yolo8-17', 'yolo3-18', 'audio10-18', 'yolo7-12', 'audio12-14', 'yolo8-17', 'yolo3-18', 'audio10-18', 'yolo9-14', 'yolo1-18', 'yolo9-19', 'audio5-edge-19', 'yolo10-19', 'audio12-14', 'yolo8-17', 'yolo3-18', 'audio10-18', 'yolo9-14', 'yolo1-18', 'yolo9-19', 'audio5-edge-19', 'yolo10-19', 'audio12-19', 'yolo6-19', 'audio12-14', 'yolo3-18', 'yolo9-14', 'yolo1-18', 'yolo9-19', 'audio12-19', 'yolo6-19', 'yolo10-20', 'yolo1-22', 'yolo1-18', 'yolo10-20', 'yolo1-22', 'yolo5-16', 'audio9-18', 'yolo4-19', 'audio1-21', 'audio9-23', 'yolo11-23', 'yolo4-24', 'yolo10-20', 'yolo1-22', 'yolo5-16', 'audio9-18', 'yolo4-19', 'audio1-21', 'audio9-23', 'yolo11-23', 'yolo4-24', 'yolo2-22', 'audio12-23', 'audio3-25', 'audio2-26', 'yolo10-20', 'yolo1-22', 'yolo5-16', 'audio9-18', 'yolo4-19', 'audio1-21', 'audio9-23', 'yolo11-23', 'yolo4-24', 'yolo2-22', 'audio12-23', 'audio3-25', 'audio2-26', 'audio8-21', 'audio10-21', 'yolo5-16', 'audio9-18', 'yolo4-19', 'audio1-21', 'audio9-23', 'yolo11-23', 'yolo4-24', 'yolo2-22', 'audio12-23', 'audio3-25', 'audio8-21', 'audio10-21', 'yolo3-22', 'audio2-22', 'yolo12-23', 'audio3-24', 'yolo11-28']
Pods in cloud:  ['NAME', 'audio1-21', 'audio10-21', 'audio11-24', 'audio11-26', 'audio12-23', 'audio2-22', 'audio3-24', 'audio3-25', 'audio5-29', 'audio7-25', 'audio8-21', 'audio9-18', 'audio9-23', 'audio9-28', 'yolo10-26', 'yolo11-23', 'yolo11-28', 'yolo12-23', 'yolo2-22', 'yolo3-22', 'yolo3-28', 'yolo3-29', 'yolo4-19', 'yolo4-23', 'yolo4-24', 'yolo4-28', 'yolo5-16', 'yolo5-28', 'yolo6-22', 'yolo7-19', 'yolo7-25', 'yolo8-25', 'yolo9-27']
Pods in edge:  ['audio11-edge-8']
The passed time:  2246.871687889099
The time of this iteration: 60.0271520614624
time: 30
Delete stuck app: yolo5-16
Delete stuck app: audio9-18
Delete stuck app: yolo4-19
Delete stuck app: audio1-21
Delete stuck app: audio9-23
Delete stuck app: yolo11-23
Delete stuck app: yolo4-24
Delete stuck app: yolo2-22
Delete stuck app: audio12-23
Delete stuck app: audio8-21
Delete stuck app: audio10-21
Delete stuck app: yolo3-22
Delete stuck app: audio2-22
Delete stuck app: yolo12-23
Delete stuck app: audio3-24
Delete stuck app: yolo11-28
init delete pods yolo7-19
init delete pods yolo6-22
init delete pods yolo4-23
[Departure] audio11-24:7/7
[Departure] yolo8-25:5/6
[Departure] yolo7-25:5/10
[Departure] audio7-25:5/5
[Departure] yolo10-26:5/8
[Departure] audio11-26:5/5
[Departure] yolo9-27:4/4
[Departure] yolo4-28:3/6
[Departure] yolo3-28:3/4
[Departure] audio9-28:3/10
[Departure] yolo5-28:3/7
[Departure] yolo3-29:2/5
[Departure] audio5-29:2/5
used_storage:  3.02 used bandwidth:  0
departure [['yolo7-19', 10, 10], ['yolo6-22', 7, 7], ['yolo4-23', 7, 7]]
all_departures ['yolo8-2', 'audio3-3', 'yolo8-2', 'audio3-3', 'audio2-0', 'yolo4-2', 'audio2-0', 'yolo4-2', 'yolo9-0', 'audio7-2', 'yolo9-0', 'audio7-2', 'yolo8-3', 'yolo1-5', 'yolo1-7', 'yolo10-7', 'yolo9-0', 'yolo8-3', 'yolo1-5', 'yolo1-7', 'yolo10-7', 'audio7-0', 'yolo6-1', 'yolo2-3', 'yolo10-5', 'audio2-6', 'audio3-8', 'yolo12-10', 'audio3-8', 'yolo12-10', 'audio11-edge-2', 'yolo3-2', 'audio5-4', 'audio5-8', 'yolo3-2', 'audio5-8', 'audio11-edge-4', 'yolo11-9', 'yolo11-9', 'audio7-3', 'audio12-6', 'audio4-8', 'audio9-8', 'audio3-11', 'yolo5-12', 'audio7-edge-3', 'audio12-6', 'audio4-8', 'audio9-8', 'audio3-11', 'yolo5-12', 'yolo4-9', 'audio11-12', 'audio8-5', 'yolo7-9', 'yolo11-13', 'audio8-14', 'yolo3-15', 'audio8-5', 'yolo11-13', 'yolo3-15', 'audio1-11', 'audio7-edge-8', 'audio6-9', 'audio2-9', 'audio2-12', 'audio1-16', 'audio6-9', 'audio2-9', 'audio2-12', 'audio1-16', 'yolo4-10', 'yolo4-10', 'yolo7-12', 'audio6-17', 'audio8-17', 'yolo4-10', 'yolo7-12', 'audio6-17', 'audio8-17', 'audio9-13', 'yolo12-19', 'audio5-20', 'yolo7-12', 'audio6-17', 'audio9-13', 'yolo12-19', 'audio5-20', 'audio7-edge-11', 'audio12-14', 'yolo8-17', 'yolo3-18', 'audio10-18', 'yolo7-12', 'audio12-14', 'yolo8-17', 'yolo3-18', 'audio10-18', 'yolo9-14', 'yolo1-18', 'yolo9-19', 'audio5-edge-19', 'yolo10-19', 'audio12-14', 'yolo8-17', 'yolo3-18', 'audio10-18', 'yolo9-14', 'yolo1-18', 'yolo9-19', 'audio5-edge-19', 'yolo10-19', 'audio12-19', 'yolo6-19', 'audio12-14', 'yolo3-18', 'yolo9-14', 'yolo1-18', 'yolo9-19', 'audio12-19', 'yolo6-19', 'yolo10-20', 'yolo1-22', 'yolo1-18', 'yolo10-20', 'yolo1-22', 'yolo5-16', 'audio9-18', 'yolo4-19', 'audio1-21', 'audio9-23', 'yolo11-23', 'yolo4-24', 'yolo10-20', 'yolo1-22', 'yolo5-16', 'audio9-18', 'yolo4-19', 'audio1-21', 'audio9-23', 'yolo11-23', 'yolo4-24', 'yolo2-22', 'audio12-23', 'audio3-25', 'audio2-26', 'yolo10-20', 'yolo1-22', 'yolo5-16', 'audio9-18', 'yolo4-19', 'audio1-21', 'audio9-23', 'yolo11-23', 'yolo4-24', 'yolo2-22', 'audio12-23', 'audio3-25', 'audio2-26', 'audio8-21', 'audio10-21', 'yolo5-16', 'audio9-18', 'yolo4-19', 'audio1-21', 'audio9-23', 'yolo11-23', 'yolo4-24', 'yolo2-22', 'audio12-23', 'audio3-25', 'audio8-21', 'audio10-21', 'yolo3-22', 'audio2-22', 'yolo12-23', 'audio3-24', 'yolo11-28', 'yolo5-16', 'audio9-18', 'yolo4-19', 'audio1-21', 'audio9-23', 'yolo11-23', 'yolo4-24', 'yolo2-22', 'audio12-23', 'audio8-21', 'audio10-21', 'yolo3-22', 'audio2-22', 'yolo12-23', 'audio3-24', 'yolo11-28', 'yolo7-19', 'yolo6-22', 'yolo4-23']pod "yolo7-19" deleted
pod "yolo4-23" deleted
Error from server (NotFound): pods "audio9-23" not found

IDA_thread is Alive
Sleep replace time: 99
images ['192.168.1.100:5000/iscc19:s2-audio-11', '192.168.1.100:5000/iscc19:s2-audio-7', '192.168.1.100:5000/iscc19:s2-audio-5']
exist_images ['audio11', 'audio7', 'audio5']
expect_analytics ['audio9', 'audio9', 'audio11']
Extract image: audio9
Extraction time: 237 s
extract_images ['audio9']
write terminal.input True
write terminal.input False
Pods in cloud:  ['NAME', 'audio11-26', 'audio5-29', 'audio7-25', 'audio9-28', 'yolo10-26', 'yolo3-28', 'yolo3-29', 'yolo4-28', 'yolo5-28', 'yolo7-25', 'yolo8-25', 'yolo9-27']
Pods in edge:  ['audio11-edge-24', 'audio11-edge-8']
The passed time:  2608.3526265621185
The time of this iteration: 361.4809386730194
reject: 0
=============== Time Out ===============
Total used time:  2608.35737657547
