pod/audio5-0 created
pod/yolo10-0 created
No resources found.
pod/yolo9-1 created
pod/yolo12-1 created
pod/yolo1-1 created
pod/audio7-1 created
pod/yolo3-1 created
pod/yolo11-1 created
pod/yolo5-1 created
pod/yolo8-1 created
No resources found.
pod/yolo11-2 created
pod/yolo5-2 created
pod/audio11-2 created
pod/yolo8-2 created
pod/yolo9-2 created
pod/yolo4-2 created
pod/audio9-2 created
pod/audio1-2 created
No resources found.
pod "yolo9-1" deleted
pod/yolo12-3 created
pod/audio6-3 created
pod "yolo4-2" deleted
pod "yolo11-2" deleted
pod/yolo1-3 created
pod "yolo9-2" deleted
No resources found.
pod "yolo4-2" deleted
pod "yolo11-2" deleted
pod "yolo9-1" deleted
pod "audio1-2" deleted
pod "yolo11-1" deleted
No resources found.
pod "yolo11-1" deleted
pod "yolo11-2" deleted
pod "audio1-2" deleted
pod "yolo9-1" deleted
pod/audio10-5 created
pod/yolo3-5 created
pod/audio4-5 created
pod/audio3-5 created
pod "audio9-2" deleted
No resources found.
No resources found.
pod "yolo9-1" deleted
pod "yolo11-1" deleted
pod "audio9-2" deleted
pod/yolo8-6 created
pod "yolo8-1" deleted
pod "audio7-1" deleted
No resources found.
pod "yolo8-1" deleted
pod "audio9-2" deleted
pod "audio7-1" deleted
pod/audio8-7 created
pod "yolo8-2" deleted
pod/yolo7-7 created
pod/audio1-7 created
pod "yolo1-3" deleted
No resources found.
time: 0
Init deployed Analytic: audio5-0
Init deployed Analytic: yolo10-0
[Departure] audio5-0:1/10
[Departure] yolo10-0:1/9
used_storage:  0 used bandwidth:  0
departure []
all_departures []
Pods in cloud:  ['NAME', 'audio5-0', 'yolo10-0']
Pods in edge:  []

minion@minion-nuc-cloud:~$ 
The passed time:  60.04752492904663
The time of this iteration: 60.04752492904663
time: 1
[Departure] audio5-0:2/10
[Departure] yolo10-0:2/9
used_storage:  0 used bandwidth:  0
departure []
all_departures []
Init deployed Analytic: yolo9-1
Init deployed Analytic: yolo1-1
Init deployed Analytic: yolo12-1
Init deployed Analytic: audio7-1
Init deployed Analytic: yolo11-1
Init deployed Analytic: yolo5-1
Init deployed Analytic: yolo8-1
Init deployed Analytic: yolo3-1
Pods in cloud:  ['NAME', 'audio5-0', 'audio7-1', 'yolo1-1', 'yolo10-0', 'yolo11-1', 'yolo12-1', 'yolo3-1', 'yolo5-1', 'yolo8-1', 'yolo9-1']
Pods in edge:  []
The passed time:  120.10137987136841
The time of this iteration: 60.05385494232178
time: 2
Init deployed Analytic: yolo11-2
Init deployed Analytic: yolo5-2
Init deployed Analytic: yolo4-2
Init deployed Analytic: yolo9-2
Init deployed Analytic: yolo8-2
Init deployed Analytic: audio11-2
Init deployed Analytic: audio9-2
[Departure] audio5-0:3/10
[Departure] yolo10-0:3/9
[Departure] yolo1-1:1/8
[Departure] audio7-1:1/4
[Departure] yolo9-1:1/1
[Departure] yolo11-1:1/2
[Departure] yolo8-1:1/4
[Departure] yolo12-1:1/10
[Departure] yolo5-1:1/6
[Departure] yolo3-1:1/10
[Departure] yolo5-2:1/7
[Departure] yolo11-2:1/1
[Departure] yolo9-2:1/1
[Departure] yolo8-2:1/5
[Departure] audio11-2:1/10
[Departure] audio9-2:1/3
[Departure] yolo4-2:1/1
Init deployed Analytic: audio1-2
used_storage:  0 used bandwidth:  0
departure []
all_departures []
Pods in cloud:  ['NAME', 'audio1-2', 'audio11-2', 'audio5-0', 'audio7-1', 'audio9-2', 'yolo1-1', 'yolo10-0', 'yolo11-1', 'yolo11-2', 'yolo12-1', 'yolo3-1', 'yolo4-2', 'yolo5-1', 'yolo5-2', 'yolo8-1', 'yolo8-2', 'yolo9-1', 'yolo9-2']
Pods in edge:  []
The passed time:  180.10296297073364
The time of this iteration: 60.001583099365234
time: 3
[Departure] audio5-0:4/10
[Departure] yolo10-0:4/9
[Departure] yolo1-1:2/8
[Departure] audio7-1:2/4
init delete pods yolo9-1
[Departure] yolo11-1:2/2
[Departure] yolo8-1:2/4
[Departure] yolo12-1:2/10
[Departure] yolo5-1:2/6
[Departure] yolo3-1:2/10
[Departure] yolo5-2:2/7
[Departure] audio1-2:1/1
init delete pods yolo11-2
init delete pods yolo9-2
[Departure] yolo8-2:2/5
[Departure] audio11-2:2/10
[Departure] audio9-2:2/3
init delete pods yolo4-2
used_storage:  0 used bandwidth:  0
departure [['yolo9-1', 1, 1], ['yolo11-2', 1, 1], ['yolo9-2', 1, 1], ['yolo4-2', 1, 1]]
all_departures ['yolo9-1', 'yolo11-2', 'yolo9-2', 'yolo4-2']
Init deployed Analytic: yolo1-3
Init deployed Analytic: yolo12-3
Init deployed Analytic: audio6-3
Pods in cloud:  ['NAME', 'audio1-2', 'audio11-2', 'audio5-0', 'audio6-3', 'audio7-1', 'audio9-2', 'yolo1-1', 'yolo1-3', 'yolo10-0', 'yolo11-1', 'yolo11-2', 'yolo12-1', 'yolo12-3', 'yolo3-1', 'yolo4-2', 'yolo5-1', 'yolo5-2', 'yolo8-1', 'yolo8-2', 'yolo9-1', 'yolo9-2']
Pods in edge:  []
The passed time:  240.11914443969727
The time of this iteration: 60.01618146896362
time: 4
Delete stuck app: yolo9-1
Delete stuck app: yolo11-2
Delete stuck app: yolo4-2
[Departure] audio5-0:5/10
[Departure] yolo10-0:5/9
[Departure] yolo1-1:3/8
[Departure] audio7-1:3/4
init delete pods yolo11-1
[Departure] yolo8-1:3/4
[Departure] yolo12-1:3/10
[Departure] yolo5-1:3/6
[Departure] yolo3-1:3/10
[Departure] yolo5-2:3/7
init delete pods audio1-2
[Departure] yolo8-2:3/5
[Departure] audio11-2:3/10
[Departure] audio9-2:3/3
[Departure] yolo1-3:1/3
[Departure] audio6-3:1/9
[Departure] yolo12-3:1/9
used_storage:  0 used bandwidth:  0
departure [['yolo11-1', 2, 2], ['audio1-2', 1, 1]]
all_departures ['yolo9-1', 'yolo11-2', 'yolo9-2', 'yolo4-2', 'yolo9-1', 'yolo11-2', 'yolo4-2', 'yolo11-1', 'audio1-2']
Pods in cloud:  ['NAME', 'audio1-2', 'audio11-2', 'audio5-0', 'audio6-3', 'audio7-1', 'audio9-2', 'yolo1-1', 'yolo1-3', 'yolo10-0', 'yolo11-1', 'yolo11-2', 'yolo12-1', 'yolo12-3', 'yolo3-1', 'yolo4-2', 'yolo5-1', 'yolo5-2', 'yolo8-1', 'yolo8-2', 'yolo9-1']
Pods in edge:  []
The passed time:  300.143826007843
The time of this iteration: 60.02468156814575
time: 5
Delete stuck app: yolo9-1
Delete stuck app: yolo11-2
Delete stuck app: yolo11-1
Delete stuck app: audio1-2
[Departure] audio5-0:6/10
[Departure] yolo10-0:6/9
[Departure] yolo1-1:4/8
[Departure] audio7-1:4/4
[Departure] yolo8-1:4/4
[Departure] yolo12-1:4/10
[Departure] yolo5-1:4/6
[Departure] yolo3-1:4/10
[Departure] yolo5-2:4/7
[Departure] yolo8-2:4/5
[Departure] audio11-2:4/10
init delete pods audio9-2
[Departure] yolo1-3:2/3
[Departure] audio6-3:2/9
[Departure] yolo12-3:2/9
Init deployed Analytic: yolo3-5
Init deployed Analytic: audio10-5
used_storage:  0 used bandwidth:  0
Init deployed Analytic: audio3-5
Init deployed Analytic: audio4-5
departure [['audio9-2', 3, 3]]
all_departures ['yolo9-1', 'yolo11-2', 'yolo9-2', 'yolo4-2', 'yolo9-1', 'yolo11-2', 'yolo4-2', 'yolo11-1', 'audio1-2', 'yolo9-1', 'yolo11-2', 'yolo11-1', 'audio1-2', 'audio9-2']
write terminal.input False
Pods in cloud:  ['NAME', 'audio1-2', 'audio10-5', 'audio11-2', 'audio3-5', 'audio4-5', 'audio5-0', 'audio6-3', 'audio7-1', 'audio9-2', 'yolo1-1', 'yolo1-3', 'yolo10-0', 'yolo11-1', 'yolo11-2', 'yolo12-1', 'yolo12-3', 'yolo3-1', 'yolo3-5', 'yolo5-1', 'yolo5-2', 'yolo8-1', 'yolo8-2', 'yolo9-1']
Pods in edge:  []
The passed time:  360.164671421051
The time of this iteration: 60.02084541320801
time: 6
Delete stuck app: yolo9-1
Delete stuck app: yolo11-1
Delete stuck app: audio9-2
[Departure] audio5-0:7/10
[Departure] yolo10-0:7/9
[Departure] yolo1-1:5/8
init delete pods audio7-1
init delete pods yolo8-1
[Departure] yolo12-1:5/10
[Departure] yolo5-1:5/6
[Departure] yolo3-1:5/10
[Departure] yolo5-2:5/7
[Departure] yolo8-2:5/5
[Departure] audio11-2:5/10
[Departure] yolo1-3:3/3
[Departure] audio6-3:3/9
[Departure] yolo12-3:3/9
[Departure] audio3-5:1/2
[Departure] audio4-5:1/8
[Departure] yolo3-5:1/4
[Departure] audio10-5:1/9
used_storage:  0 used bandwidth:  0
Init deployed Analytic: yolo8-6
departure [['audio7-1', 4, 4], ['yolo8-1', 4, 4]]
all_departures ['yolo9-1', 'yolo11-2', 'yolo9-2', 'yolo4-2', 'yolo9-1', 'yolo11-2', 'yolo4-2', 'yolo11-1', 'audio1-2', 'yolo9-1', 'yolo11-2', 'yolo11-1', 'audio1-2', 'audio9-2', 'yolo9-1', 'yolo11-1', 'audio9-2', 'audio7-1', 'yolo8-1']
Pods in cloud:  ['NAME', 'audio10-5', 'audio11-2', 'audio3-5', 'audio4-5', 'audio5-0', 'audio6-3', 'audio7-1', 'audio9-2', 'yolo1-1', 'yolo1-3', 'yolo10-0', 'yolo11-1', 'yolo12-1', 'yolo12-3', 'yolo3-1', 'yolo3-5', 'yolo5-1', 'yolo5-2', 'yolo8-1', 'yolo8-2', 'yolo8-6', 'yolo9-1']
Pods in edge:  []
The passed time:  420.2054057121277
The time of this iteration: 60.04073429107666
time: 7
Delete stuck app: audio9-2
Delete stuck app: audio7-1
Delete stuck app: yolo8-1
[Departure] yolo10-0:8/9
[Departure] yolo1-1:6/8
[Departure] yolo12-1:6/10
[Departure] yolo5-1:6/6
[Departure] yolo3-1:6/10
[Departure] yolo5-2:6/7
init delete pods yolo8-2
[Departure] audio11-2:6/10
init delete pods yolo1-3
[Departure] audio6-3:4/9
[Departure] yolo12-3:4/9
[Departure] audio3-5:2/2
[Departure] audio4-5:2/8
[Departure] yolo3-5:2/4
[Departure] audio10-5:2/9
[Departure] yolo8-6:1/2
used_storage:  0 used bandwidth:  0
departure [['yolo8-2', 5, 5], ['yolo1-3', 3, 3]]
all_departures ['yolo9-1', 'yolo11-2', 'yolo9-2', 'yolo4-2', 'yolo9-1', 'yolo11-2', 'yolo4-2', 'yolo11-1', 'audio1-2', 'yolo9-1', 'yolo11-2', 'yolo11-1', 'audio1-2', 'audio9-2', 'yolo9-1', 'yolo11-1', 'audio9-2', 'audio7-1', 'yolo8-1', 'audio9-2', 'audio7-1', 'yolo8-1', 'yolo8-2', 'yolo1-3']
Init deployed Analytic: audio1-7
Init deployed Analytic: yolo7-7
Init deployed Analytic: audio8-7
Pods in cloud:  ['NAME', 'audio1-7', 'audio10-5', 'audio11-2', 'audio3-5', 'audio4-5', 'audio6-3', 'audio7-1', 'audio8-7', 'audio9-2', 'yolo1-1', 'yolo1-3', 'yolo10-0', 'yolo12-1', 'yolo12-3', 'yolo3-1', 'yolo3-5', 'yolo5-1', 'yolo5-2', 'yolo7-7', 'yolo8-1', 'yolo8-2', 'yolo8-6']
Pods in edge:  []
The passed time:  480.2336096763611
The time of this iteration: 60.0282039642334
time: 8
Delete stuck app:pod "yolo8-2" deleted
pod "yolo1-3" deleted
pod "yolo5-1" deleted
pod "audio3-5" deleted
pod/audio11-9 created
pod/audio10-9 created
pod/yolo8-9 created
pod/audio2-9 created
pod "audio3-5" deleted
pod "yolo5-1" deleted
pod "yolo10-0" deleted
pod "yolo5-2" deleted
pod "yolo8-6" deleted
pod/yolo3-10 created
pod/yolo10-10 created
pod/yolo9-10 created
pod/audio3-10 created
Error from server (NotFound): pods "audio7-1" not found
pod "audio1-7" deleted
pod "yolo1-1" deleted
pod "yolo3-5" deleted
pod "audio5-edge-0" deleted
pod/audio5-11 created
pod/audio12-11 created
pod/yolo5-11 created
pod/audio7-11 created
pod "yolo8-9" deleted
pod "yolo12-1" deleted
pod "yolo3-1" deleted
pod "audio11-2" deleted
pod/audio8-12 created
pod "yolo12-1" deleted
pod "audio11-2" deleted
pod "yolo3-1" deleted
pod "yolo8-9" deleted
 yolo8-2
Delete stuck app: yolo1-3
[Departure] audio5-edge-0:8/10
[Departure] yolo10-0:9/9
[Departure] yolo1-1:7/8
[Departure] yolo12-1:7/10
init delete pods yolo5-1
[Departure] yolo3-1:7/10
[Departure] yolo5-2:7/7
[Departure] audio11-2:7/10
[Departure] audio6-3:5/9
[Departure] yolo12-3:5/9
init delete pods audio3-5
[Departure] audio4-5:3/8
[Departure] yolo3-5:3/4
[Departure] audio10-5:3/9
[Departure] yolo8-6:2/2
[Departure] audio1-7:1/2
[Departure] yolo7-7:1/5
[Departure] audio8-7:1/5
used_storage:  1.94 used bandwidth:  0
departure [['yolo5-1', 6, 6], ['audio3-5', 2, 2]]
all_departures ['yolo9-1', 'yolo11-2', 'yolo9-2', 'yolo4-2', 'yolo9-1', 'yolo11-2', 'yolo4-2', 'yolo11-1', 'audio1-2', 'yolo9-1', 'yolo11-2', 'yolo11-1', 'audio1-2', 'audio9-2', 'yolo9-1', 'yolo11-1', 'audio9-2', 'audio7-1', 'yolo8-1', 'audio9-2', 'audio7-1', 'yolo8-1', 'yolo8-2', 'yolo1-3', 'yolo8-2', 'yolo1-3', 'yolo5-1', 'audio3-5']
Pods in cloud:  ['NAME', 'audio1-7', 'audio10-5', 'audio11-2', 'audio3-5', 'audio4-5', 'audio6-3', 'audio8-7', 'yolo1-1', 'yolo1-3', 'yolo10-0', 'yolo12-1', 'yolo12-3', 'yolo3-1', 'yolo3-5', 'yolo5-1', 'yolo5-2', 'yolo7-7', 'yolo8-2', 'yolo8-6']
Pods in edge:  ['audio5-edge-0']
The passed time:  540.2733409404755
The time of this iteration: 60.03973126411438
time: 9
Delete stuck app: yolo5-1
Delete stuck app: audio3-5
Init deployed Analytic: yolo8-9
Init deployed Analytic: audio10-9
Init deployed Analytic: audio2-9
Init deployed Analytic: audio11-9
[Departure] audio5-edge-0:9/10
init delete pods yolo10-0
[Departure] yolo1-1:8/8
[Departure] yolo12-1:8/10
[Departure] yolo3-1:8/10
init delete pods yolo5-2
[Departure] audio11-2:8/10
[Departure] audio6-3:6/9
[Departure] yolo12-3:6/9
[Departure] audio4-5:4/8
[Departure] yolo3-5:4/4
[Departure] audio10-5:4/9
init delete pods yolo8-6
[Departure] audio1-7:2/2
[Departure] yolo7-7:2/5
[Departure] audio8-7:2/5
[Departure] audio2-9:1/5
[Departure] audio10-9:1/5
[Departure] yolo8-9:1/3
[Departure] audio11-9:1/5
used_storage:  1.94 used bandwidth:  0
departure [['yolo10-0', 9, 9], ['yolo5-2', 7, 7], ['yolo8-6', 2, 2]]
all_departures ['yolo9-1', 'yolo11-2', 'yolo9-2', 'yolo4-2', 'yolo9-1', 'yolo11-2', 'yolo4-2', 'yolo11-1', 'audio1-2', 'yolo9-1', 'yolo11-2', 'yolo11-1', 'audio1-2', 'audio9-2', 'yolo9-1', 'yolo11-1', 'audio9-2', 'audio7-1', 'yolo8-1', 'audio9-2', 'audio7-1', 'yolo8-1', 'yolo8-2', 'yolo1-3', 'yolo8-2', 'yolo1-3', 'yolo5-1', 'audio3-5', 'yolo5-1', 'audio3-5', 'yolo10-0', 'yolo5-2', 'yolo8-6']
Pods in cloud:  ['NAME', 'audio1-7', 'audio10-5', 'audio10-9', 'audio11-2', 'audio11-9', 'audio2-9', 'audio3-5', 'audio4-5', 'audio6-3', 'audio8-7', 'yolo1-1', 'yolo10-0', 'yolo12-1', 'yolo12-3', 'yolo3-1', 'yolo3-5', 'yolo5-1', 'yolo5-2', 'yolo7-7', 'yolo8-6', 'yolo8-9']
Pods in edge:  ['audio5-edge-0']
The passed time:  600.3134658336639
The time of this iteration: 60.04012489318848
time: 10
Init deployed Analytic: yolo10-10
Init deployed Analytic: yolo3-10
Init deployed Analytic: yolo9-10
Init deployed Analytic: audio3-10
[Departure] audio5-edge-0:10/10
init delete pods yolo1-1
[Departure] yolo12-1:9/10
[Departure] yolo3-1:9/10
[Departure] audio11-2:9/10
[Departure] audio6-edge-3:7/9
[Departure] yolo12-3:7/9
[Departure] audio4-5:5/8
init delete pods yolo3-5
[Departure] audio10-5:5/9
init delete pods audio1-7
[Departure] yolo7-7:3/5
[Departure] audio8-7:3/5
[Departure] audio2-9:2/5
[Departure] audio10-9:2/5
[Departure] yolo8-9:2/3
[Departure] audio11-9:2/5
[Departure] yolo9-10:1/9
[Departure] yolo3-10:1/4
[Departure] yolo10-10:1/7
[Departure] audio3-10:1/8
used_storage:  4.3 used bandwidth:  0
departure [['yolo1-1', 8, 8], ['yolo3-5', 4, 4], ['audio1-7', 2, 2]]
all_departures ['yolo9-1', 'yolo11-2', 'yolo9-2', 'yolo4-2', 'yolo9-1', 'yolo11-2', 'yolo4-2', 'yolo11-1', 'audio1-2', 'yolo9-1', 'yolo11-2', 'yolo11-1', 'audio1-2', 'audio9-2', 'yolo9-1', 'yolo11-1', 'audio9-2', 'audio7-1', 'yolo8-1', 'audio9-2', 'audio7-1', 'yolo8-1', 'yolo8-2', 'yolo1-3', 'yolo8-2', 'yolo1-3', 'yolo5-1', 'audio3-5', 'yolo5-1', 'audio3-5', 'yolo10-0', 'yolo5-2', 'yolo8-6', 'yolo1-1', 'yolo3-5', 'audio1-7']
IDA_thread is Alive
Sleep replace time: 0
images []
exist_images []
expect_analytics ['audio5', 'audio6', 'audio7']
Extract image: audio5
Extraction time: 78 s
Extract image: audio6
Extraction time: 82 s
Extract image: audio7
Extraction time: 82 s
extract_images ['audio5', 'audio6', 'audio7']
write terminal.input True
write terminal.input False
Pods in cloud:  ['NAME', 'audio10-5', 'audio10-9', 'audio11-2', 'audio11-9', 'audio2-9', 'audio3-10', 'audio4-5', 'audio8-7', 'yolo10-10', 'yolo12-1', 'yolo12-3', 'yolo3-1', 'yolo3-10', 'yolo7-7', 'yolo8-9', 'yolo9-10']
Pods in edge:  ['audio5-edge-0', 'audio6-edge-3']
The passed time:  932.7971091270447
The time of this iteration: 332.48364329338074
time: 11
init delete pods audio5-edge-0
[Departure] yolo12-1:10/10
[Departure] yolo3-1:10/10
[Departure] audio11-2:10/10
[Departure] audio6-edge-3:8/9
[Departure] yolo12-3:8/9
[Departure] audio4-5:6/8
[Departure] audio10-5:6/9
[Departure] yolo7-7:4/5
[Departure] audio8-7:4/5
[Departure] audio2-9:3/5
[Departure] audio10-9:3/5
[Departure] yolo8-9:3/3
[Departure] audio11-9:3/5
[Departure] yolo9-10:2/9
[Departure] yolo3-10:2/4
[Departure] yolo10-10:2/7
[Departure] audio3-10:2/8
used_storage:  4.3 used bandwidth:  0
departure [['audio5-edge-0', 10, 10]]
all_departures ['yolo9-1', 'yolo11-2', 'yolo9-2', 'yolo4-2', 'yolo9-1', 'yolo11-2', 'yolo4-2', 'yolo11-1', 'audio1-2', 'yolo9-1', 'yolo11-2', 'yolo11-1', 'audio1-2', 'audio9-2', 'yolo9-1', 'yolo11-1', 'audio9-2', 'audio7-1', 'yolo8-1', 'audio9-2', 'audio7-1', 'yolo8-1', 'yolo8-2', 'yolo1-3', 'yolo8-2', 'yolo1-3', 'yolo5-1', 'audio3-5', 'yolo5-1', 'audio3-5', 'yolo10-0', 'yolo5-2', 'yolo8-6', 'yolo1-1', 'yolo3-5', 'audio1-7', 'audio5-edge-0']
Pods in cloud:  ['NAME', 'audio10-5', 'audio10-9', 'audio11-2', 'audio11-9', 'audio2-9', 'audio3-10', 'audio4-5', 'audio8-7', 'yolo10-10', 'yolo12-1', 'yolo12-3', 'yolo3-1', 'yolo3-10', 'yolo7-7', 'yolo8-9', 'yolo9-10']
Pods in edge:  ['audio5-edge-0', 'audio6-edge-3']
Init deployed Analytic: audio12-11
Init deployed Analytic: audio7-11
Init deployed Analytic: audio5-11
Init deployed Analytic: yolo5-11
The passed time:  992.846513748169
The time of this iteration: 60.04940462112427
time: 12
init delete pods yolo12-1
init delete pods yolo3-1
init delete pods audio11-2
[Departure] audio6-edge-3:9/9
[Departure] yolo12-3:9/9
[Departure] audio4-5:7/8
[Departure] audio10-5:7/9
[Departure] yolo7-7:5/5
[Departure] audio8-7:5/5
[Departure] audio2-9:4/5
[Departure] audio10-9:4/5
init delete pods yolo8-9
[Departure] audio11-9:4/5
[Departure] yolo9-10:3/9
[Departure] yolo3-10:3/4
[Departure] yolo10-10:3/7
[Departure] audio3-10:3/8
[Departure] audio5-11:1/2
[Departure] yolo5-11:1/10
[Departure] audio12-11:1/5
[Departure] audio7-11:1/1
used_storage:  2.36 used bandwidth:  0
departure [['yolo12-1', 10, 10], ['yolo3-1', 10, 10], ['audio11-2', 10, 10], ['yolo8-9', 3, 3]]
all_departures ['yolo9-1', 'yolo11-2', 'yolo9-2', 'yolo4-2', 'yolo9-1', 'yolo11-2', 'yolo4-2', 'yolo11-1', 'audio1-2', 'yolo9-1', 'yolo11-2', 'yolo11-1', 'audio1-2', 'audio9-2', 'yolo9-1', 'yolo11-1', 'audio9-2', 'audio7-1', 'yolo8-1', 'audio9-2', 'audio7-1', 'yolo8-1', 'yolo8-2', 'yolo1-3', 'yolo8-2', 'yolo1-3', 'yolo5-1', 'audio3-5', 'yolo5-1', 'audio3-5', 'yolo10-0', 'yolo5-2', 'yolo8-6', 'yolo1-1', 'yolo3-5', 'audio1-7', 'audio5-edge-0', 'yolo12-1', 'yolo3-1', 'audio11-2', 'yolo8-9']
Init deployed Analytic: audio8-12
Pods in cloud:  ['NAME', 'audio10-5', 'audio10-9', 'audio11-2', 'audio11-9', 'audio12-11', 'audio2-9', 'audio3-10', 'audio4-5', 'audio5-11', 'audio7-11', 'audio8-12', 'audio8-7', 'yolo10-10', 'yolo12-1', 'yolo12-3', 'yolo3-1', 'yolo3-10', 'yolo5-11', 'yolo7-7', 'yolo8-9', 'yolo9-10']
Pods in edge:  ['audio6-edge-3']
The passed time:  1052.8944699764252
The time of this iteration: 60.047956228256226
time: 13
Delete stuck app: yolo12-1
Delete stuck app: yolo3-1
Delete stuck app: audio11-2
Delete stuck app: yolo8-9
init delete pods audio6-edge-3
init delete pods yolo12-3
[Departure] audio4-5:8/8
[Departure] audio10-5:8/9
init delete pods yolo7-7
init delete pods audio8-7
[Departure] audio2-9:5/5pod "audio8-7" deleted
pod/audio12-13 created
pod/audio7-13 created
pod "audio7-11" deleted
pod "yolo7-7" deleted
pod/yolo10-13 created
pod "audio6-edge-3" deleted
pod "yolo12-3" deleted
pod "audio7-11" deleted
pod "yolo3-1" deleted
pod/audio5-14 created
pod "audio8-7" deleted
pod/yolo1-14 created
pod "yolo7-7" deleted
pod "yolo12-3" deleted
pod "audio5-11" deleted
pod "yolo3-10" deleted
pod "audio4-5" deleted
pod "audio10-9" deleted
pod "audio11-9" deleted
pod "audio2-9" deleted
No resources found.
pod/yolo5-15 created
pod/audio10-15 created
pod/yolo8-15 created
pod "yolo3-10" deleted
pod "audio4-5" deleted
pod "audio2-9" deleted
pod "audio5-11" deleted
pod "audio11-9" deleted
pod "audio10-9" deleted
pod "audio7-13" deleted
pod "audio10-5" deleted
No resources found.
No resources found.
pod/yolo2-16 created
pod/audio8-16 created
pod/audio12-16 created
pod/yolo7-16 created
No resources found.
pod/yolo5-17 created
pod/yolo12-17 created

[Departure] audio10-9:5/5
[Departure] audio11-9:5/5
[Departure] yolo9-10:4/9
[Departure] yolo3-10:4/4
[Departure] yolo10-10:4/7
[Departure] audio3-10:4/8
[Departure] audio5-11:2/2
[Departure] yolo5-11:2/10
[Departure] audio12-11:2/5
init delete pods audio7-11
[Departure] audio8-12:1/4
used_storage:  2.36 used bandwidth:  0
departure [['audio6-edge-3', 9, 9], ['yolo12-3', 9, 9], ['yolo7-7', 5, 5], ['audio8-7', 5, 5], ['audio7-11', 1, 1]]
all_departures ['yolo9-1', 'yolo11-2', 'yolo9-2', 'yolo4-2', 'yolo9-1', 'yolo11-2', 'yolo4-2', 'yolo11-1', 'audio1-2', 'yolo9-1', 'yolo11-2', 'yolo11-1', 'audio1-2', 'audio9-2', 'yolo9-1', 'yolo11-1', 'audio9-2', 'audio7-1', 'yolo8-1', 'audio9-2', 'audio7-1', 'yolo8-1', 'yolo8-2', 'yolo1-3', 'yolo8-2', 'yolo1-3', 'yolo5-1', 'audio3-5', 'yolo5-1', 'audio3-5', 'yolo10-0', 'yolo5-2', 'yolo8-6', 'yolo1-1', 'yolo3-5', 'audio1-7', 'audio5-edge-0', 'yolo12-1', 'yolo3-1', 'audio11-2', 'yolo8-9', 'yolo12-1', 'yolo3-1', 'audio11-2', 'yolo8-9', 'audio6-edge-3', 'yolo12-3', 'yolo7-7', 'audio8-7', 'audio7-11']
Init deployed Analytic: yolo10-13
Init deployed Analytic: audio12-13
Init deployed Analytic: audio7-13
Pods in cloud:  ['NAME', 'audio10-5', 'audio10-9', 'audio11-2', 'audio11-9', 'audio12-11', 'audio12-13', 'audio2-9', 'audio3-10', 'audio4-5', 'audio5-11', 'audio7-11', 'audio7-13', 'audio8-12', 'audio8-7', 'yolo10-10', 'yolo10-13', 'yolo12-1', 'yolo12-3', 'yolo3-1', 'yolo3-10', 'yolo5-11', 'yolo7-7', 'yolo8-9', 'yolo9-10']
Pods in edge:  ['audio6-edge-3']
The passed time:  1112.9333395957947
The time of this iteration: 60.03886961936951
time: 14
Delete stuck app: yolo3-1
Delete stuck app: yolo12-3
Delete stuck app: yolo7-7
Delete stuck app: audio8-7
Delete stuck app: audio7-11
Init deployed Analytic: audio5-14
Init deployed Analytic: yolo1-14
init delete pods audio4-5
[Departure] audio10-5:9/9
init delete pods audio2-9
init delete pods audio10-9
init delete pods audio11-9
[Departure] yolo9-10:5/9
init delete pods yolo3-10
[Departure] yolo10-10:5/7
[Departure] audio3-10:5/8
init delete pods audio5-11
[Departure] yolo5-11:3/10
[Departure] audio12-11:3/5
[Departure] audio8-12:2/4
[Departure] audio12-13:1/5
[Departure] audio7-13:1/1
[Departure] yolo10-13:1/5
used_storage:  0 used bandwidth:  0
departure [['audio4-5', 8, 8], ['audio2-9', 5, 5], ['audio10-9', 5, 5], ['audio11-9', 5, 5], ['yolo3-10', 4, 4], ['audio5-11', 2, 2]]
all_departures ['yolo9-1', 'yolo11-2', 'yolo9-2', 'yolo4-2', 'yolo9-1', 'yolo11-2', 'yolo4-2', 'yolo11-1', 'audio1-2', 'yolo9-1', 'yolo11-2', 'yolo11-1', 'audio1-2', 'audio9-2', 'yolo9-1', 'yolo11-1', 'audio9-2', 'audio7-1', 'yolo8-1', 'audio9-2', 'audio7-1', 'yolo8-1', 'yolo8-2', 'yolo1-3', 'yolo8-2', 'yolo1-3', 'yolo5-1', 'audio3-5', 'yolo5-1', 'audio3-5', 'yolo10-0', 'yolo5-2', 'yolo8-6', 'yolo1-1', 'yolo3-5', 'audio1-7', 'audio5-edge-0', 'yolo12-1', 'yolo3-1', 'audio11-2', 'yolo8-9', 'yolo12-1', 'yolo3-1', 'audio11-2', 'yolo8-9', 'audio6-edge-3', 'yolo12-3', 'yolo7-7', 'audio8-7', 'audio7-11', 'yolo3-1', 'yolo12-3', 'yolo7-7', 'audio8-7', 'audio7-11', 'audio4-5', 'audio2-9', 'audio10-9', 'audio11-9', 'yolo3-10', 'audio5-11']
Pods in cloud:  ['NAME', 'audio10-5', 'audio10-9', 'audio11-9', 'audio12-11', 'audio12-13', 'audio2-9', 'audio3-10', 'audio4-5', 'audio5-11', 'audio5-14', 'audio7-11', 'audio7-13', 'audio8-12', 'audio8-7', 'yolo1-14', 'yolo10-10', 'yolo10-13', 'yolo12-3', 'yolo3-10', 'yolo5-11', 'yolo7-7', 'yolo9-10']
Pods in edge:  []
The passed time:  1172.9785599708557
The time of this iteration: 60.045220375061035
time: 15
Delete stuck app: audio4-5
Delete stuck app: audio2-9
Delete stuck app: audio10-9
Delete stuck app: audio11-9
Delete stuck app: yolo3-10
Delete stuck app: audio5-11
Init deployed Analytic: yolo8-15
Init deployed Analytic: yolo5-15
Init deployed Analytic: audio10-15
init delete pods audio10-5
[Departure] yolo9-10:6/9
[Departure] yolo10-10:6/7
[Departure] audio3-10:6/8
[Departure] yolo5-11:4/10
[Departure] audio12-11:4/5
[Departure] audio8-12:3/4
[Departure] audio12-13:2/5
init delete pods audio7-13
[Departure] yolo10-13:2/5
[Departure] audio5-14:1/3
[Departure] yolo1-14:1/10
[Departure] audio10-15:1/2
[Departure] yolo8-15:1/2
[Departure] yolo5-15:1/8
used_storage:  0 used bandwidth:  0
departure [['audio10-5', 9, 9], ['audio7-13', 1, 1]]
all_departures ['yolo9-1', 'yolo11-2', 'yolo9-2', 'yolo4-2', 'yolo9-1', 'yolo11-2', 'yolo4-2', 'yolo11-1', 'audio1-2', 'yolo9-1', 'yolo11-2', 'yolo11-1', 'audio1-2', 'audio9-2', 'yolo9-1', 'yolo11-1', 'audio9-2', 'audio7-1', 'yolo8-1', 'audio9-2', 'audio7-1', 'yolo8-1', 'yolo8-2', 'yolo1-3', 'yolo8-2', 'yolo1-3', 'yolo5-1', 'audio3-5', 'yolo5-1', 'audio3-5', 'yolo10-0', 'yolo5-2', 'yolo8-6', 'yolo1-1', 'yolo3-5', 'audio1-7', 'audio5-edge-0', 'yolo12-1', 'yolo3-1', 'audio11-2', 'yolo8-9', 'yolo12-1', 'yolo3-1', 'audio11-2', 'yolo8-9', 'audio6-edge-3', 'yolo12-3', 'yolo7-7', 'audio8-7', 'audio7-11', 'yolo3-1', 'yolo12-3', 'yolo7-7', 'audio8-7', 'audio7-11', 'audio4-5', 'audio2-9', 'audio10-9', 'audio11-9', 'yolo3-10', 'audio5-11', 'audio4-5', 'audio2-9', 'audio10-9', 'audio11-9', 'yolo3-10', 'audio5-11', 'audio10-5', 'audio7-13']
write terminal.input False
Pods in cloud:  ['NAME', 'audio10-15', 'audio10-5', 'audio10-9', 'audio11-9', 'audio12-11', 'audio12-13', 'audio2-9', 'audio3-10', 'audio4-5', 'audio5-11', 'audio5-14', 'audio7-13', 'audio8-12', 'yolo1-14', 'yolo10-10', 'yolo10-13', 'yolo3-10', 'yolo5-11', 'yolo5-15', 'yolo8-15', 'yolo9-10']
Pods in edge:  []
The passed time:  1233.0251665115356
The time of this iteration: 60.04660654067993
time: 16
Init deployed Analytic: yolo2-16
Init deployed Analytic: yolo7-16
Init deployed Analytic: audio8-16
Init deployed Analytic: audio12-16
[Departure] yolo9-10:7/9
[Departure] yolo10-10:7/7
[Departure] audio3-10:7/8
[Departure] audio12-11:5/5
[Departure] audio8-12:4/4
[Departure] audio12-13:3/5
[Departure] yolo10-13:3/5
[Departure] audio5-14:2/3
[Departure] yolo1-14:2/10
[Departure] audio10-15:2/2
[Departure] yolo8-15:2/2
[Departure] yolo5-15:2/8
[Departure] audio12-16:1/5
[Departure] yolo7-16:1/5
[Departure] audio8-16:1/9
[Departure] yolo2-16:1/8
used_storage:  0 used bandwidth:  0
departure []
all_departures ['yolo9-1', 'yolo11-2', 'yolo9-2', 'yolo4-2', 'yolo9-1', 'yolo11-2', 'yolo4-2', 'yolo11-1', 'audio1-2', 'yolo9-1', 'yolo11-2', 'yolo11-1', 'audio1-2', 'audio9-2', 'yolo9-1', 'yolo11-1', 'audio9-2', 'audio7-1', 'yolo8-1', 'audio9-2', 'audio7-1', 'yolo8-1', 'yolo8-2', 'yolo1-3', 'yolo8-2', 'yolo1-3', 'yolo5-1', 'audio3-5', 'yolo5-1', 'audio3-5', 'yolo10-0', 'yolo5-2', 'yolo8-6', 'yolo1-1', 'yolo3-5', 'audio1-7', 'audio5-edge-0', 'yolo12-1', 'yolo3-1', 'audio11-2', 'yolo8-9', 'yolo12-1', 'yolo3-1', 'audio11-2', 'yolo8-9', 'audio6-edge-3', 'yolo12-3', 'yolo7-7', 'audio8-7', 'audio7-11', 'yolo3-1', 'yolo12-3', 'yolo7-7', 'audio8-7', 'audio7-11', 'audio4-5', 'audio2-9', 'audio10-9', 'audio11-9', 'yolo3-10', 'audio5-11', 'audio4-5', 'audio2-9', 'audio10-9', 'audio11-9', 'yolo3-10', 'audio5-11', 'audio10-5', 'audio7-13']
Pods in cloud:  ['NAME', 'audio10-15', 'audio12-11', 'audio12-13', 'audio12-16', 'audio3-10', 'audio5-14', 'audio8-12', 'audio8-16', 'yolo1-14', 'yolo10-10', 'yolo10-13', 'yolo2-16', 'yolo5-15', 'yolo7-16', 'yolo8-15', 'yolo9-10']
Pods in edge:  []
The passed time:  1293.0413541793823
The time of this iteration: 60.01618766784668
time: 17
[Departure] yolo9-10:8/9
init delete pods yolo10-10
[Departure] audio3-10:8/8
[Departure] yolo5-edge-11:5/10
init delete pods audio12-11
init delete pods audio8-12
[Departure] audio12-13:4/5
[Departure] yolo10-13:4/5
[Departure] audio5-14:3/3
[Departure] yolo1-14:3/10
init delete pods audio10-15
init delete pods yolo8-15
[Departure] yolo5-15:3/8
[Departure] audio12-16:2/5
[Departure] yolo7-16:2/5
[Departure] audio8-16:2/9
[Departure] yolo2-16:2/8
used_storage:  2.15 used bandwidth:  0
Init deployed Analytic: yolo5-17
Init deployed Analytic: yolo12-17
departure [['yolo10-10', 7, 7], ['audio12-11', 5, 5], ['audio8-12', 4, 4], ['audio10-15', 2, 2], ['yolo8-15', 2, 2]]
all_departures ['yolo9-1', 'yolo11-2', 'yolo9-2', 'yolo4-2', 'yolo9-1', 'yolo11-2', 'yolo4-2', 'yolo11-1', 'audio1-2', 'yolo9-1', 'yolo11-2', 'yolo11-1', 'audio1-2', 'audio9-2', 'yolo9-1', 'yolo11-1', 'audio9-2', 'audio7-1', 'yolo8-1', 'audio9-2', 'audio7-1', 'yolo8-1', 'yolo8-2', 'yolo1-3', 'yolo8-2', 'yolo1-3', 'yolo5-1', 'audio3-5', 'yolo5-1', 'audio3-5', 'yolo10-0', 'yolo5-2', 'yolo8-6', 'yolo1-1', 'yolo3-5', 'audio1-7', 'audio5-edge-0', 'yolo12-1', 'yolo3-1', 'audio11-2', 'yolo8-9', 'yolo12-1', 'yolo3-1', 'audio11-2', 'yolo8-9', 'audio6-edge-3', 'yolo12-3', 'yolo7-7', 'audio8-7', 'audio7-11', 'yolo3-1', 'yolo12-3', 'yolo7-7', 'audio8-7', 'audio7-11', 'audio4-5', 'audio2-9', 'audio10-9', 'audio11-9', 'yolo3-10', 'audio5-11', 'audio4-5', 'audio2-9', 'audio10-9', 'audio11-9', 'yolo3-10', 'audio5-11', 'audio10-5', 'audio7-13', 'yolo10-10', 'audio12-11', 'audio8-12', 'audio10-15', 'yolo8-15']pod "audio10-15" deleted
pod "yolo10-10" deleted
pod "audio8-12" deleted
pod "yolo8-15" deleted
pod "audio12-11" deleted
pod "yolo8-15" deleted
pod "yolo10-10" deleted
pod "audio12-11" deleted
pod "audio10-15" deleted
pod/audio2-18 created
pod/audio9-18 created
pod "audio5-14" deleted
pod "audio3-10" deleted
pod/audio10-19 created
pod/yolo8-19 created
pod/audio7-19 created
pod/yolo10-19 created
pod/yolo9-19 created
pod/audio1-19 created
pod "audio12-13" deleted
pod "yolo10-13" deleted
pod "yolo9-10" deleted
pod "audio12-13" deleted
pod "yolo10-13" deleted
pod "yolo9-10" deleted
pod/audio3-20 created
pod/yolo4-20 created
pod/yolo3-20 created
pod "yolo5-17" deleted
pod "yolo5-17" deleted

Pods in cloud:  ['NAME', 'audio10-15', 'audio12-11', 'audio12-13', 'audio12-16', 'audio3-10', 'audio5-14', 'audio8-12', 'audio8-16', 'yolo1-14', 'yolo10-10', 'yolo10-13', 'yolo12-17', 'yolo2-16', 'yolo5-15', 'yolo5-17', 'yolo7-16', 'yolo8-15', 'yolo9-10']
Pods in edge:  ['yolo5-edge-11', 'yolo5-edge-15']
The passed time:  1353.0924503803253
The time of this iteration: 60.05109620094299
time: 18
Delete stuck app: yolo10-10
Delete stuck app: audio12-11
Delete stuck app: audio10-15
Delete stuck app: yolo8-15
[Departure] yolo9-10:9/9
init delete pods audio3-10
[Departure] yolo5-edge-11:6/10
[Departure] audio12-13:5/5
[Departure] yolo10-13:5/5
init delete pods audio5-14
[Departure] yolo1-14:4/10
[Departure] yolo5-edge-15:4/8
[Departure] audio12-16:3/5
[Departure] yolo7-16:3/5
[Departure] audio8-16:3/9
[Departure] yolo2-16:3/8
[Departure] yolo12-17:1/4
[Departure] yolo5-17:1/2
Init deployed Analytic: audio9-18
Init deployed Analytic: audio2-18
used_storage:  2.15 used bandwidth:  0
departure [['audio3-10', 8, 8], ['audio5-14', 3, 3]]
all_departures ['yolo9-1', 'yolo11-2', 'yolo9-2', 'yolo4-2', 'yolo9-1', 'yolo11-2', 'yolo4-2', 'yolo11-1', 'audio1-2', 'yolo9-1', 'yolo11-2', 'yolo11-1', 'audio1-2', 'audio9-2', 'yolo9-1', 'yolo11-1', 'audio9-2', 'audio7-1', 'yolo8-1', 'audio9-2', 'audio7-1', 'yolo8-1', 'yolo8-2', 'yolo1-3', 'yolo8-2', 'yolo1-3', 'yolo5-1', 'audio3-5', 'yolo5-1', 'audio3-5', 'yolo10-0', 'yolo5-2', 'yolo8-6', 'yolo1-1', 'yolo3-5', 'audio1-7', 'audio5-edge-0', 'yolo12-1', 'yolo3-1', 'audio11-2', 'yolo8-9', 'yolo12-1', 'yolo3-1', 'audio11-2', 'yolo8-9', 'audio6-edge-3', 'yolo12-3', 'yolo7-7', 'audio8-7', 'audio7-11', 'yolo3-1', 'yolo12-3', 'yolo7-7', 'audio8-7', 'audio7-11', 'audio4-5', 'audio2-9', 'audio10-9', 'audio11-9', 'yolo3-10', 'audio5-11', 'audio4-5', 'audio2-9', 'audio10-9', 'audio11-9', 'yolo3-10', 'audio5-11', 'audio10-5', 'audio7-13', 'yolo10-10', 'audio12-11', 'audio8-12', 'audio10-15', 'yolo8-15', 'yolo10-10', 'audio12-11', 'audio10-15', 'yolo8-15', 'audio3-10', 'audio5-14']
Pods in cloud:  ['NAME', 'audio12-11', 'audio12-13', 'audio12-16', 'audio2-18', 'audio3-10', 'audio5-14', 'audio8-16', 'audio9-18', 'yolo1-14', 'yolo10-10', 'yolo10-13', 'yolo12-17', 'yolo2-16', 'yolo5-17', 'yolo7-16', 'yolo8-15', 'yolo9-10']
Pods in edge:  ['yolo5-edge-11', 'yolo5-edge-15']
The passed time:  1413.1404645442963
The time of this iteration: 60.04801416397095
time: 19
Init deployed Analytic: audio10-19
Init deployed Analytic: yolo8-19
init delete pods yolo9-10
Init deployed Analytic: audio7-19
Init deployed Analytic: yolo10-19
[Departure] yolo5-edge-11:7/10
init delete pods audio12-13
init delete pods yolo10-13
[Departure] yolo1-14:5/10
[Departure] yolo5-edge-15:5/8
[Departure] audio12-16:4/5
[Departure] yolo7-16:4/5
[Departure] audio8-16:4/9
[Departure] yolo2-16:4/8
[Departure] yolo12-17:2/4
[Departure] yolo5-17:2/2
[Departure] audio9-18:1/6
[Departure] audio2-18:1/7
[Departure] audio7-19:1/8
[Departure] audio10-19:1/2
[Departure] yolo10-19:1/2
[Departure] yolo8-19:1/7
Init deployed Analytic: yolo9-19
Init deployed Analytic: audio1-19
used_storage:  2.15 used bandwidth:  0
departure [['yolo9-10', 9, 9], ['audio12-13', 5, 5], ['yolo10-13', 5, 5]]
all_departures ['yolo9-1', 'yolo11-2', 'yolo9-2', 'yolo4-2', 'yolo9-1', 'yolo11-2', 'yolo4-2', 'yolo11-1', 'audio1-2', 'yolo9-1', 'yolo11-2', 'yolo11-1', 'audio1-2', 'audio9-2', 'yolo9-1', 'yolo11-1', 'audio9-2', 'audio7-1', 'yolo8-1', 'audio9-2', 'audio7-1', 'yolo8-1', 'yolo8-2', 'yolo1-3', 'yolo8-2', 'yolo1-3', 'yolo5-1', 'audio3-5', 'yolo5-1', 'audio3-5', 'yolo10-0', 'yolo5-2', 'yolo8-6', 'yolo1-1', 'yolo3-5', 'audio1-7', 'audio5-edge-0', 'yolo12-1', 'yolo3-1', 'audio11-2', 'yolo8-9', 'yolo12-1', 'yolo3-1', 'audio11-2', 'yolo8-9', 'audio6-edge-3', 'yolo12-3', 'yolo7-7', 'audio8-7', 'audio7-11', 'yolo3-1', 'yolo12-3', 'yolo7-7', 'audio8-7', 'audio7-11', 'audio4-5', 'audio2-9', 'audio10-9', 'audio11-9', 'yolo3-10', 'audio5-11', 'audio4-5', 'audio2-9', 'audio10-9', 'audio11-9', 'yolo3-10', 'audio5-11', 'audio10-5', 'audio7-13', 'yolo10-10', 'audio12-11', 'audio8-12', 'audio10-15', 'yolo8-15', 'yolo10-10', 'audio12-11', 'audio10-15', 'yolo8-15', 'audio3-10', 'audio5-14', 'yolo9-10', 'audio12-13', 'yolo10-13']
Pods in cloud:  ['NAME', 'audio1-19', 'audio10-19', 'audio12-13', 'audio12-16', 'audio2-18', 'audio7-19', 'audio8-16', 'audio9-18', 'yolo1-14', 'yolo10-13', 'yolo10-19', 'yolo12-17', 'yolo2-16', 'yolo5-17', 'yolo7-16', 'yolo8-19', 'yolo9-10', 'yolo9-19']
Pods in edge:  ['yolo5-edge-11', 'yolo5-edge-15']
The passed time:  1473.1853835582733
The time of this iteration: 60.04491901397705
time: 20
Delete stuck app: yolo9-10
Delete stuck app: audio12-13
Delete stuck app: yolo10-13
[Departure] yolo5-edge-11:8/10
[Departure] yolo1-14:6/10
[Departure] yolo5-edge-15:6/8
[Departure] audio12-16:5/5
[Departure] yolo7-16:5/5
[Departure] audio8-16:5/9
[Departure] yolo2-16:5/8
[Departure] yolo12-17:3/4
init delete pods yolo5-17
[Departure] audio9-18:2/6
[Departure] audio2-18:2/7
[Departure] audio7-19:2/8
[Departure] audio10-19:2/2
[Departure] yolo9-19:1/8
[Departure] yolo10-19:2/2
[Departure] audio1-19:1/6
[Departure] yolo8-19:2/7
used_storage:  2.15 used bandwidth:  0
Init deployed Analytic: audio3-20
departure [['yolo5-17', 2, 2]]
all_departures ['yolo9-1', 'yolo11-2', 'yolo9-2', 'yolo4-2', 'yolo9-1', 'yolo11-2', 'yolo4-2', 'yolo11-1', 'audio1-2', 'yolo9-1', 'yolo11-2', 'yolo11-1', 'audio1-2', 'audio9-2', 'yolo9-1', 'yolo11-1', 'audio9-2', 'audio7-1', 'yolo8-1', 'audio9-2', 'audio7-1', 'yolo8-1', 'yolo8-2', 'yolo1-3', 'yolo8-2', 'yolo1-3', 'yolo5-1', 'audio3-5', 'yolo5-1', 'audio3-5', 'yolo10-0', 'yolo5-2', 'yolo8-6', 'yolo1-1', 'yolo3-5', 'audio1-7', 'audio5-edge-0', 'yolo12-1', 'yolo3-1', 'audio11-2', 'yolo8-9', 'yolo12-1', 'yolo3-1', 'audio11-2', 'yolo8-9', 'audio6-edge-3', 'yolo12-3', 'yolo7-7', 'audio8-7', 'audio7-11', 'yolo3-1', 'yolo12-3', 'yolo7-7', 'audio8-7', 'audio7-11', 'audio4-5', 'audio2-9', 'audio10-9', 'audio11-9', 'yolo3-10', 'audio5-11', 'audio4-5', 'audio2-9', 'audio10-9', 'audio11-9', 'yolo3-10', 'audio5-11', 'audio10-5', 'audio7-13', 'yolo10-10', 'audio12-11', 'audio8-12', 'audio10-15', 'yolo8-15', 'yolo10-10', 'audio12-11', 'audio10-15', 'yolo8-15', 'audio3-10', 'audio5-14', 'yolo9-10', 'audio12-13', 'yolo10-13', 'yolo9-10', 'audio12-13', 'yolo10-13', 'yolo5-17']
Init deployed Analytic: yolo4-20
Init deployed Analytic: yolo3-20
write terminal.input False
Pods in cloud:  ['NAME', 'audio1-19', 'audio10-19', 'audio12-13', 'audio12-16', 'audio2-18', 'audio3-20', 'audio7-19', 'audio8-16', 'audio9-18', 'yolo1-14', 'yolo10-13', 'yolo10-19', 'yolo12-17', 'yolo2-16', 'yolo3-20', 'yolo4-20', 'yolo5-17', 'yolo7-16', 'yolo8-19', 'yolo9-10', 'yolo9-19']
Pods in edge:  ['yolo5-edge-11', 'yolo5-edge-15']
The passed time:  1533.225385427475
The time of this iteration: 60.04000186920166
time: 21
Delete stuck app: yolo5-17
[Departure] yolo5-edge-11:9/10
[Departure] yolo1-14:7/10
[Departure] yolo5-edge-15:7/8
init delete pods audio12-16
init delete pods yolo7-16
[Departure] audio8-16:6/9
[Departure] yolo2-16:6/8
[Departure] yolo12-17:4/4
[Departure] audio9-18:3/6
[Departure] audio2-18:3/7
[Departure] audio7-19:3/8
init delete pods audio10-19
[Departure] yolo9-19:2/8
init delete pods yolo10-19
[Departure] audio1-19:2/6
[Departure] yolo8-19:3/7
[Departure] yolo4-20:1/3
[Departure] yolo3-20:1/4
[Departure] audio3-20:1/3
used_storage:  2.15 used bandwidth:  0
departure [['audio12-16', 5, 5], ['yolo7-16', 5, 5], ['audio10-19', 2, 2], ['yolo10-19', 2, 2]]
all_departures ['yolo9-1', 'yolo11-2', 'yolo9-2', 'yolo4-2', 'yolo9-1', 'yolo11-2', 'yolo4-2', 'yolo11-1', 'audio1-2', 'yolo9-1', 'yolo11-2', 'yolo11-1', 'audio1-2', 'audio9-2', 'yolo9-1', 'yolo11-1', 'audio9-2', 'audio7-1', 'yolo8-1', 'audio9-2', 'audio7-1', 'yolo8-1', 'yolo8-2', 'yolo1-3', 'yolo8-2', 'yolo1-3', 'yolo5-1', 'audio3-5', 'yolo5-1', 'audio3-5', 'yolo10-0', 'yolo5-2', 'yolo8-6', 'yolo1-1', 'yolo3-5', 'audio1-7', 'audio5-edge-0', 'yolo12-1', 'yolo3-1', 'audio11-2', 'yolo8-9', 'yolo12-1', 'yolo3-1', 'audio11-2', 'yolo8-9', 'audio6-edge-3', 'yolo12-3', 'yolo7-7', 'audio8-7', 'audio7-11', 'yolo3-1', 'yolo12-3', 'yolo7-7', 'audio8-7', 'audio7-11', 'audio4-5', 'audio2-9', 'audio10-9', 'audio11-9', 'yolo3-10', 'audio5-11', 'audio4-5', 'audio2-9', 'audio10-9', 'audio11-9', 'yolo3-10', 'audio5-11', 'audio10-5', 'audio7-13', 'yolo10-10', 'audio12-11', 'audio8-12', 'audio10-15', 'yolo8-15', 'yolo10-10', 'audio12-11', 'audio10-15', 'yolo8-15', 'audio3-10', 'audio5-14', 'yolo9-10', 'audio12-13', 'yolo10-13', 'yolo9-10', 'audio12-13', 'yolo10-13', 'yolo5-17', 'yolo5-17', 'audio12-16', 'yolo7-16', 'audio10-19', 'yolo10-19']pod/audio11-21 created
pod/audio6-21 created
pod "yolo7-16" deleted
pod "audio10-19" deleted
pod "yolo10-19" deleted
pod "audio12-16" deleted
pod/yolo11-21 created
pod/yolo6-21 created
pod/audio4-21 created
pod "yolo10-19" deleted
pod "yolo7-16" deleted
pod "audio12-16" deleted
pod "audio10-19" deleted
pod/yolo2-22 created
pod "yolo12-17" deleted
pod "yolo12-17" deleted
pod/yolo6-23 created
pod "yolo5-edge-11" deleted
pod "yolo5-edge-15" deleted
pod/audio3-24 created
pod/yolo11-24 created
pod/audio4-24 created
pod/audio5-24 created
pod "yolo4-20" deleted
pod "yolo2-16" deleted
pod "audio3-20" deleted
No resources found.
Error from server (NotFound): pods "yolo7-16" not found
pod/yolo1-25 created
pod/yolo10-25 created
pod "yolo4-20" deleted
pod "yolo2-16" deleted

Init deployed Analytic: audio6-21
Init deployed Analytic: audio11-21
Init deployed Analytic: yolo11-21
Init deployed Analytic: yolo6-21
Init deployed Analytic: audio4-21
Pods in cloud:  ['NAME', 'audio1-19', 'audio10-19', 'audio11-21', 'audio12-16', 'audio2-18', 'audio3-20', 'audio4-21', 'audio6-21', 'audio7-19', 'audio8-16', 'audio9-18', 'yolo1-14', 'yolo10-19', 'yolo11-21', 'yolo12-17', 'yolo2-16', 'yolo3-20', 'yolo4-20', 'yolo6-21', 'yolo7-16', 'yolo8-19', 'yolo9-19']
Pods in edge:  ['yolo5-edge-11', 'yolo5-edge-15']
The passed time:  1593.2693865299225
The time of this iteration: 60.04400110244751
time: 22
Delete stuck app: audio12-16
Delete stuck app: yolo7-16
Delete stuck app: audio10-19
Delete stuck app: yolo10-19
[Departure] yolo5-edge-11:10/10
[Departure] yolo1-14:8/10
[Departure] yolo5-edge-15:8/8
[Departure] audio8-16:7/9
[Departure] yolo2-16:7/8
init delete pods yolo12-17
[Departure] audio9-18:4/6
[Departure] audio2-18:4/7
[Departure] audio7-19:4/8
[Departure] yolo9-19:3/8
[Departure] audio1-19:3/6
[Departure] yolo8-19:4/7
[Departure] yolo4-20:2/3
[Departure] yolo3-20:2/4
[Departure] audio3-20:2/3
[Departure] yolo11-21:1/3
[Departure] yolo6-21:1/9
[Departure] audio6-21:1/9
[Departure] audio4-21:1/7
[Departure] audio11-21:1/5
Init deployed Analytic: yolo2-22
used_storage:  2.15 used bandwidth:  0
departure [['yolo12-17', 4, 4]]
all_departures ['yolo9-1', 'yolo11-2', 'yolo9-2', 'yolo4-2', 'yolo9-1', 'yolo11-2', 'yolo4-2', 'yolo11-1', 'audio1-2', 'yolo9-1', 'yolo11-2', 'yolo11-1', 'audio1-2', 'audio9-2', 'yolo9-1', 'yolo11-1', 'audio9-2', 'audio7-1', 'yolo8-1', 'audio9-2', 'audio7-1', 'yolo8-1', 'yolo8-2', 'yolo1-3', 'yolo8-2', 'yolo1-3', 'yolo5-1', 'audio3-5', 'yolo5-1', 'audio3-5', 'yolo10-0', 'yolo5-2', 'yolo8-6', 'yolo1-1', 'yolo3-5', 'audio1-7', 'audio5-edge-0', 'yolo12-1', 'yolo3-1', 'audio11-2', 'yolo8-9', 'yolo12-1', 'yolo3-1', 'audio11-2', 'yolo8-9', 'audio6-edge-3', 'yolo12-3', 'yolo7-7', 'audio8-7', 'audio7-11', 'yolo3-1', 'yolo12-3', 'yolo7-7', 'audio8-7', 'audio7-11', 'audio4-5', 'audio2-9', 'audio10-9', 'audio11-9', 'yolo3-10', 'audio5-11', 'audio4-5', 'audio2-9', 'audio10-9', 'audio11-9', 'yolo3-10', 'audio5-11', 'audio10-5', 'audio7-13', 'yolo10-10', 'audio12-11', 'audio8-12', 'audio10-15', 'yolo8-15', 'yolo10-10', 'audio12-11', 'audio10-15', 'yolo8-15', 'audio3-10', 'audio5-14', 'yolo9-10', 'audio12-13', 'yolo10-13', 'yolo9-10', 'audio12-13', 'yolo10-13', 'yolo5-17', 'yolo5-17', 'audio12-16', 'yolo7-16', 'audio10-19', 'yolo10-19', 'audio12-16', 'yolo7-16', 'audio10-19', 'yolo10-19', 'yolo12-17']
Pods in cloud:  ['NAME', 'audio1-19', 'audio10-19', 'audio11-21', 'audio12-16', 'audio2-18', 'audio3-20', 'audio4-21', 'audio6-21', 'audio7-19', 'audio8-16', 'audio9-18', 'yolo1-14', 'yolo10-19', 'yolo11-21', 'yolo12-17', 'yolo2-16', 'yolo2-22', 'yolo3-20', 'yolo4-20', 'yolo6-21', 'yolo7-16', 'yolo8-19', 'yolo9-19']
Pods in edge:  ['yolo5-edge-11', 'yolo5-edge-15']
The passed time:  1653.3029508590698
The time of this iteration: 60.03356432914734
time: 23
Delete stuck app: yolo12-17
init delete pods yolo5-edge-11
[Departure] yolo1-14:9/10
init delete pods yolo5-edge-15
[Departure] audio8-16:8/9
[Departure] yolo2-16:8/8
[Departure] audio9-18:5/6
[Departure] audio2-18:5/7
[Departure] audio7-19:5/8
[Departure] yolo9-19:4/8
[Departure] audio1-19:4/6
[Departure] yolo8-19:5/7
[Departure] yolo4-20:3/3
[Departure] yolo3-20:3/4
[Departure] audio3-20:3/3
[Departure] yolo11-21:2/3
[Departure] yolo6-21:2/9
[Departure] audio6-21:2/9
[Departure] audio4-21:2/7
[Departure] audio11-21:2/5
[Departure] yolo2-22:1/7
Init deployed Analytic: yolo6-23
used_storage:  2.15 used bandwidth:  0
departure [['yolo5-edge-11', 10, 10], ['yolo5-edge-15', 8, 8]]
all_departures ['yolo9-1', 'yolo11-2', 'yolo9-2', 'yolo4-2', 'yolo9-1', 'yolo11-2', 'yolo4-2', 'yolo11-1', 'audio1-2', 'yolo9-1', 'yolo11-2', 'yolo11-1', 'audio1-2', 'audio9-2', 'yolo9-1', 'yolo11-1', 'audio9-2', 'audio7-1', 'yolo8-1', 'audio9-2', 'audio7-1', 'yolo8-1', 'yolo8-2', 'yolo1-3', 'yolo8-2', 'yolo1-3', 'yolo5-1', 'audio3-5', 'yolo5-1', 'audio3-5', 'yolo10-0', 'yolo5-2', 'yolo8-6', 'yolo1-1', 'yolo3-5', 'audio1-7', 'audio5-edge-0', 'yolo12-1', 'yolo3-1', 'audio11-2', 'yolo8-9', 'yolo12-1', 'yolo3-1', 'audio11-2', 'yolo8-9', 'audio6-edge-3', 'yolo12-3', 'yolo7-7', 'audio8-7', 'audio7-11', 'yolo3-1', 'yolo12-3', 'yolo7-7', 'audio8-7', 'audio7-11', 'audio4-5', 'audio2-9', 'audio10-9', 'audio11-9', 'yolo3-10', 'audio5-11', 'audio4-5', 'audio2-9', 'audio10-9', 'audio11-9', 'yolo3-10', 'audio5-11', 'audio10-5', 'audio7-13', 'yolo10-10', 'audio12-11', 'audio8-12', 'audio10-15', 'yolo8-15', 'yolo10-10', 'audio12-11', 'audio10-15', 'yolo8-15', 'audio3-10', 'audio5-14', 'yolo9-10', 'audio12-13', 'yolo10-13', 'yolo9-10', 'audio12-13', 'yolo10-13', 'yolo5-17', 'yolo5-17', 'audio12-16', 'yolo7-16', 'audio10-19', 'yolo10-19', 'audio12-16', 'yolo7-16', 'audio10-19', 'yolo10-19', 'yolo12-17', 'yolo12-17', 'yolo5-edge-11', 'yolo5-edge-15']
Pods in cloud:  ['NAME', 'audio1-19', 'audio11-21', 'audio2-18', 'audio3-20', 'audio4-21', 'audio6-21', 'audio7-19', 'audio8-16', 'audio9-18', 'yolo1-14', 'yolo11-21', 'yolo12-17', 'yolo2-16', 'yolo2-22', 'yolo3-20', 'yolo4-20', 'yolo6-21', 'yolo6-23', 'yolo8-19', 'yolo9-19']
Pods in edge:  ['yolo5-edge-11', 'yolo5-edge-15']
The passed time:  1713.3453567028046
The time of this iteration: 60.04240584373474
time: 24
[Departure] yolo1-14:10/10
[Departure] audio8-16:9/9
init delete pods yolo2-16
[Departure] audio9-18:6/6
[Departure] audio2-18:6/7
[Departure] audio7-19:6/8
[Departure] yolo9-19:5/8
[Departure] yolo8-19:6/7
init delete pods yolo4-20
[Departure] yolo3-20:4/4
init delete pods audio3-20
[Departure] yolo11-21:3/3
[Departure] yolo6-21:3/9
[Departure] audio6-21:3/9
[Departure] audio4-21:3/7
[Departure] audio11-21:3/5
[Departure] yolo2-22:2/7
[Departure] yolo6-23:1/7
Init deployed Analytic: audio3-24
Init deployed Analytic: yolo11-24
Init deployed Analytic: audio4-24
Init deployed Analytic: audio5-24
used_storage:  0 used bandwidth:  0
departure [['yolo2-16', 8, 8], ['yolo4-20', 3, 3], ['audio3-20', 3, 3]]
all_departures ['yolo9-1', 'yolo11-2', 'yolo9-2', 'yolo4-2', 'yolo9-1', 'yolo11-2', 'yolo4-2', 'yolo11-1', 'audio1-2', 'yolo9-1', 'yolo11-2', 'yolo11-1', 'audio1-2', 'audio9-2', 'yolo9-1', 'yolo11-1', 'audio9-2', 'audio7-1', 'yolo8-1', 'audio9-2', 'audio7-1', 'yolo8-1', 'yolo8-2', 'yolo1-3', 'yolo8-2', 'yolo1-3', 'yolo5-1', 'audio3-5', 'yolo5-1', 'audio3-5', 'yolo10-0', 'yolo5-2', 'yolo8-6', 'yolo1-1', 'yolo3-5', 'audio1-7', 'audio5-edge-0', 'yolo12-1', 'yolo3-1', 'audio11-2', 'yolo8-9', 'yolo12-1', 'yolo3-1', 'audio11-2', 'yolo8-9', 'audio6-edge-3', 'yolo12-3', 'yolo7-7', 'audio8-7', 'audio7-11', 'yolo3-1', 'yolo12-3', 'yolo7-7', 'audio8-7', 'audio7-11', 'audio4-5', 'audio2-9', 'audio10-9', 'audio11-9', 'yolo3-10', 'audio5-11', 'audio4-5', 'audio2-9', 'audio10-9', 'audio11-9', 'yolo3-10', 'audio5-11', 'audio10-5', 'audio7-13', 'yolo10-10', 'audio12-11', 'audio8-12', 'audio10-15', 'yolo8-15', 'yolo10-10', 'audio12-11', 'audio10-15', 'yolo8-15', 'audio3-10', 'audio5-14', 'yolo9-10', 'audio12-13', 'yolo10-13', 'yolo9-10', 'audio12-13', 'yolo10-13', 'yolo5-17', 'yolo5-17', 'audio12-16', 'yolo7-16', 'audio10-19', 'yolo10-19', 'audio12-16', 'yolo7-16', 'audio10-19', 'yolo10-19', 'yolo12-17', 'yolo12-17', 'yolo5-edge-11', 'yolo5-edge-15', 'yolo2-16', 'yolo4-20', 'audio3-20']
Pods in cloud:  ['NAME', 'audio11-21', 'audio2-18', 'audio3-20', 'audio3-24', 'audio4-21', 'audio4-24', 'audio5-24', 'audio6-21', 'audio7-19', 'audio8-16', 'audio9-18', 'yolo1-14', 'yolo11-21', 'yolo11-24', 'yolo2-16', 'yolo2-22', 'yolo3-20', 'yolo4-20', 'yolo6-21', 'yolo6-23', 'yolo8-19', 'yolo9-19']
Pods in edge:  []
The passed time:  1773.3938217163086
The time of this iteration: 60.04846501350403
time: 25
Init deployed Analytic: yolo1-25
Delete stuck app: yolo2-16
Delete stuck app: yolo4-20
Init deployed Analytic: yolo10-25
Delete stuck app: audio3-20
init delete pods yolo1-14
init delete pods audio8-16
init delete pods audio9-18
[Departure] audio2-18:7/7
[Departure] audio7-19:7/8
[Departure] yolo9-19:6/8
[Departure] audio1-edge-19:5/6
[Departure] yolo8-19:7/7
init delete pods yolo3-20
init delete pods yolo11-21pod "audio8-16" deleted
pod "audio9-18" deleted
pod "yolo3-20" deleted
pod "yolo1-14" deleted
pod "yolo11-21" deleted
pod/yolo10-26 created
pod/audio9-26 created
pod "audio2-18" deleted
pod "audio3-24" deleted
pod "yolo8-19" deleted
pod/audio8-27 created
pod/yolo10-27 created
pod "audio11-21" deleted
pod "audio1-edge-19" deleted
pod "audio7-edge-19" deleted
pod/yolo7-28 created
pod/audio4-28 created

[Departure] yolo6-21:4/9
[Departure] audio6-21:4/9
[Departure] audio4-21:4/7
[Departure] audio11-21:4/5
[Departure] yolo2-22:3/7
[Departure] yolo6-23:2/7
[Departure] audio3-24:1/1
[Departure] audio5-24:1/8
[Departure] audio4-24:1/6
[Departure] yolo11-24:1/7
[Departure] yolo1-25:1/10
[Departure] yolo10-25:1/10
used_storage:  4.96 used bandwidth:  0
departure [['yolo1-14', 10, 10], ['audio8-16', 9, 9], ['audio9-18', 6, 6], ['yolo3-20', 4, 4], ['yolo11-21', 3, 3]]
all_departures ['yolo9-1', 'yolo11-2', 'yolo9-2', 'yolo4-2', 'yolo9-1', 'yolo11-2', 'yolo4-2', 'yolo11-1', 'audio1-2', 'yolo9-1', 'yolo11-2', 'yolo11-1', 'audio1-2', 'audio9-2', 'yolo9-1', 'yolo11-1', 'audio9-2', 'audio7-1', 'yolo8-1', 'audio9-2', 'audio7-1', 'yolo8-1', 'yolo8-2', 'yolo1-3', 'yolo8-2', 'yolo1-3', 'yolo5-1', 'audio3-5', 'yolo5-1', 'audio3-5', 'yolo10-0', 'yolo5-2', 'yolo8-6', 'yolo1-1', 'yolo3-5', 'audio1-7', 'audio5-edge-0', 'yolo12-1', 'yolo3-1', 'audio11-2', 'yolo8-9', 'yolo12-1', 'yolo3-1', 'audio11-2', 'yolo8-9', 'audio6-edge-3', 'yolo12-3', 'yolo7-7', 'audio8-7', 'audio7-11', 'yolo3-1', 'yolo12-3', 'yolo7-7', 'audio8-7', 'audio7-11', 'audio4-5', 'audio2-9', 'audio10-9', 'audio11-9', 'yolo3-10', 'audio5-11', 'audio4-5', 'audio2-9', 'audio10-9', 'audio11-9', 'yolo3-10', 'audio5-11', 'audio10-5', 'audio7-13', 'yolo10-10', 'audio12-11', 'audio8-12', 'audio10-15', 'yolo8-15', 'yolo10-10', 'audio12-11', 'audio10-15', 'yolo8-15', 'audio3-10', 'audio5-14', 'yolo9-10', 'audio12-13', 'yolo10-13', 'yolo9-10', 'audio12-13', 'yolo10-13', 'yolo5-17', 'yolo5-17', 'audio12-16', 'yolo7-16', 'audio10-19', 'yolo10-19', 'audio12-16', 'yolo7-16', 'audio10-19', 'yolo10-19', 'yolo12-17', 'yolo12-17', 'yolo5-edge-11', 'yolo5-edge-15', 'yolo2-16', 'yolo4-20', 'audio3-20', 'yolo2-16', 'yolo4-20', 'audio3-20', 'yolo1-14', 'audio8-16', 'audio9-18', 'yolo3-20', 'yolo11-21']
IDA_thread is Alive
Sleep replace time: 98
images ['192.168.1.100:5000/iscc19:s2-audio-7', '192.168.1.100:5000/iscc19:s2-audio-6', '192.168.1.100:5000/iscc19:s2-audio-5', '192.168.1.100:5000/iscc19:s2-yolo-5']
exist_images ['audio7', 'audio6', 'audio5', 'yolo5']
expect_analytics ['audio1', 'audio7', 'yolo7']
Extract image: audio1
Extraction time: 50 s
Extract image: yolo7
Extraction time: 25 s
extract_images ['audio1', 'yolo7']
write terminal.input True
write terminal.input False
Pods in cloud:  ['NAME', 'audio11-21', 'audio2-18', 'audio3-24', 'audio4-21', 'audio4-24', 'audio5-24', 'audio6-21', 'yolo1-25', 'yolo10-25', 'yolo11-24', 'yolo2-22', 'yolo6-21', 'yolo6-23', 'yolo8-19', 'yolo9-19']
Pods in edge:  ['audio1-edge-19', 'audio7-edge-19']
The passed time:  1965.7119014263153
The time of this iteration: 192.3180797100067
time: 26
Init deployed Analytic: yolo10-26
Init deployed Analytic: audio9-26
init delete pods audio2-18
[Departure] audio7-edge-19:8/8
[Departure] yolo9-19:7/8
[Departure] audio1-edge-19:6/6
init delete pods yolo8-19
[Departure] yolo6-21:5/9
[Departure] audio6-21:5/9
[Departure] audio4-21:5/7
[Departure] audio11-21:5/5
[Departure] yolo2-22:4/7
[Departure] yolo6-23:3/7
init delete pods audio3-24
[Departure] audio5-24:2/8
[Departure] audio4-24:2/6
[Departure] yolo11-24:2/7
[Departure] yolo1-25:2/10
[Departure] yolo10-25:2/10
[Departure] yolo10-26:1/9
[Departure] audio9-26:1/9
used_storage:  4.96 used bandwidth:  0
departure [['audio2-18', 7, 7], ['yolo8-19', 7, 7], ['audio3-24', 1, 1]]
all_departures ['yolo9-1', 'yolo11-2', 'yolo9-2', 'yolo4-2', 'yolo9-1', 'yolo11-2', 'yolo4-2', 'yolo11-1', 'audio1-2', 'yolo9-1', 'yolo11-2', 'yolo11-1', 'audio1-2', 'audio9-2', 'yolo9-1', 'yolo11-1', 'audio9-2', 'audio7-1', 'yolo8-1', 'audio9-2', 'audio7-1', 'yolo8-1', 'yolo8-2', 'yolo1-3', 'yolo8-2', 'yolo1-3', 'yolo5-1', 'audio3-5', 'yolo5-1', 'audio3-5', 'yolo10-0', 'yolo5-2', 'yolo8-6', 'yolo1-1', 'yolo3-5', 'audio1-7', 'audio5-edge-0', 'yolo12-1', 'yolo3-1', 'audio11-2', 'yolo8-9', 'yolo12-1', 'yolo3-1', 'audio11-2', 'yolo8-9', 'audio6-edge-3', 'yolo12-3', 'yolo7-7', 'audio8-7', 'audio7-11', 'yolo3-1', 'yolo12-3', 'yolo7-7', 'audio8-7', 'audio7-11', 'audio4-5', 'audio2-9', 'audio10-9', 'audio11-9', 'yolo3-10', 'audio5-11', 'audio4-5', 'audio2-9', 'audio10-9', 'audio11-9', 'yolo3-10', 'audio5-11', 'audio10-5', 'audio7-13', 'yolo10-10', 'audio12-11', 'audio8-12', 'audio10-15', 'yolo8-15', 'yolo10-10', 'audio12-11', 'audio10-15', 'yolo8-15', 'audio3-10', 'audio5-14', 'yolo9-10', 'audio12-13', 'yolo10-13', 'yolo9-10', 'audio12-13', 'yolo10-13', 'yolo5-17', 'yolo5-17', 'audio12-16', 'yolo7-16', 'audio10-19', 'yolo10-19', 'audio12-16', 'yolo7-16', 'audio10-19', 'yolo10-19', 'yolo12-17', 'yolo12-17', 'yolo5-edge-11', 'yolo5-edge-15', 'yolo2-16', 'yolo4-20', 'audio3-20', 'yolo2-16', 'yolo4-20', 'audio3-20', 'yolo1-14', 'audio8-16', 'audio9-18', 'yolo3-20', 'yolo11-21', 'audio2-18', 'yolo8-19', 'audio3-24']
Pods in cloud:  ['NAME', 'audio11-21', 'audio2-18', 'audio3-24', 'audio4-21', 'audio4-24', 'audio5-24', 'audio6-21', 'audio9-26', 'yolo1-25', 'yolo10-25', 'yolo10-26', 'yolo11-24', 'yolo2-22', 'yolo6-21', 'yolo6-23', 'yolo8-19', 'yolo9-19']
Pods in edge:  ['audio1-edge-19', 'audio7-edge-19']
The passed time:  2025.7631831169128
The time of this iteration: 60.051281690597534
time: 27
init delete pods audio7-edge-19
[Departure] yolo9-19:8/8
init delete pods audio1-edge-19
[Departure] yolo6-21:6/9
[Departure] audio6-21:6/9
[Departure] audio4-21:6/7
init delete pods audio11-21
[Departure] yolo2-22:5/7
[Departure] yolo6-23:4/7
[Departure] audio5-24:3/8
[Departure] audio4-24:3/6
[Departure] yolo11-24:3/7
[Departure] yolo1-25:3/10
[Departure] yolo10-25:3/10
[Departure] yolo10-26:2/9
[Departure] audio9-26:2/9
Init deployed Analytic: audio8-27
Init deployed Analytic: yolo10-27
used_storage:  4.96 used bandwidth:  0
departure [['audio7-edge-19', 8, 8], ['audio1-edge-19', 6, 6], ['audio11-21', 5, 5]]
all_departures ['yolo9-1', 'yolo11-2', 'yolo9-2', 'yolo4-2', 'yolo9-1', 'yolo11-2', 'yolo4-2', 'yolo11-1', 'audio1-2', 'yolo9-1', 'yolo11-2', 'yolo11-1', 'audio1-2', 'audio9-2', 'yolo9-1', 'yolo11-1', 'audio9-2', 'audio7-1', 'yolo8-1', 'audio9-2', 'audio7-1', 'yolo8-1', 'yolo8-2', 'yolo1-3', 'yolo8-2', 'yolo1-3', 'yolo5-1', 'audio3-5', 'yolo5-1', 'audio3-5', 'yolo10-0', 'yolo5-2', 'yolo8-6', 'yolo1-1', 'yolo3-5', 'audio1-7', 'audio5-edge-0', 'yolo12-1', 'yolo3-1', 'audio11-2', 'yolo8-9', 'yolo12-1', 'yolo3-1', 'audio11-2', 'yolo8-9', 'audio6-edge-3', 'yolo12-3', 'yolo7-7', 'audio8-7', 'audio7-11', 'yolo3-1', 'yolo12-3', 'yolo7-7', 'audio8-7', 'audio7-11', 'audio4-5', 'audio2-9', 'audio10-9', 'audio11-9', 'yolo3-10', 'audio5-11', 'audio4-5', 'audio2-9', 'audio10-9', 'audio11-9', 'yolo3-10', 'audio5-11', 'audio10-5', 'audio7-13', 'yolo10-10', 'audio12-11', 'audio8-12', 'audio10-15', 'yolo8-15', 'yolo10-10', 'audio12-11', 'audio10-15', 'yolo8-15', 'audio3-10', 'audio5-14', 'yolo9-10', 'audio12-13', 'yolo10-13', 'yolo9-10', 'audio12-13', 'yolo10-13', 'yolo5-17', 'yolo5-17', 'audio12-16', 'yolo7-16', 'audio10-19', 'yolo10-19', 'audio12-16', 'yolo7-16', 'audio10-19', 'yolo10-19', 'yolo12-17', 'yolo12-17', 'yolo5-edge-11', 'yolo5-edge-15', 'yolo2-16', 'yolo4-20', 'audio3-20', 'yolo2-16', 'yolo4-20', 'audio3-20', 'yolo1-14', 'audio8-16', 'audio9-18', 'yolo3-20', 'yolo11-21', 'audio2-18', 'yolo8-19', 'audio3-24', 'audio7-edge-19', 'audio1-edge-19', 'audio11-21']
Pods in cloud:  ['NAME', 'audio11-21', 'audio4-21', 'audio4-24', 'audio5-24', 'audio6-21', 'audio8-27', 'audio9-26', 'yolo1-25', 'yolo10-25', 'yolo10-26', 'yolo10-27', 'yolo11-24', 'yolo2-22', 'yolo6-21', 'yolo6-23', 'yolo9-19']
Pods in edge:  ['audio1-edge-19', 'audio7-edge-19']
The passed time:  2085.817351579666
The time of this iteration: 60.054168462753296
time: 28
Init deployed Analytic: yolo7-28
init delete pods yolo9-19
Init deployed Analytic: audio4-28
[Departure] yolo6-21:7/9
[Departure] audio6-21:7/9
[Departure] audio4-21:7/7
[Departure] yolo2-22:6/7
[Departure] yolo6-23:5/7
[Departure] audio5-24:4/8
[Departure] audio4-24:4/6
[Departure] yolo11-24:4/7
[Departure] yolo1-25:4/10
[Departure] yolo10-25:4/10
[Departure] yolo10-26:3/9
[Departure] audio9-26:3/9
[Departure] yolo10-27:1/7
[Departure] audio8-27:1/3
[Departure] yolo7-28:1/5
[Departure] audio4-28:1/7
used_storage:  0 used bandwidth: pod "yolo9-19" deleted
No resources found.
pod "audio4-21" deleted
pod/audio9-29 created
pod/audio6-29 created
No resources found.
pod "yolo2-22" deleted
No resources found.
No resources found.
No resources found.
 0
departure [['yolo9-19', 8, 8]]
all_departures ['yolo9-1', 'yolo11-2', 'yolo9-2', 'yolo4-2', 'yolo9-1', 'yolo11-2', 'yolo4-2', 'yolo11-1', 'audio1-2', 'yolo9-1', 'yolo11-2', 'yolo11-1', 'audio1-2', 'audio9-2', 'yolo9-1', 'yolo11-1', 'audio9-2', 'audio7-1', 'yolo8-1', 'audio9-2', 'audio7-1', 'yolo8-1', 'yolo8-2', 'yolo1-3', 'yolo8-2', 'yolo1-3', 'yolo5-1', 'audio3-5', 'yolo5-1', 'audio3-5', 'yolo10-0', 'yolo5-2', 'yolo8-6', 'yolo1-1', 'yolo3-5', 'audio1-7', 'audio5-edge-0', 'yolo12-1', 'yolo3-1', 'audio11-2', 'yolo8-9', 'yolo12-1', 'yolo3-1', 'audio11-2', 'yolo8-9', 'audio6-edge-3', 'yolo12-3', 'yolo7-7', 'audio8-7', 'audio7-11', 'yolo3-1', 'yolo12-3', 'yolo7-7', 'audio8-7', 'audio7-11', 'audio4-5', 'audio2-9', 'audio10-9', 'audio11-9', 'yolo3-10', 'audio5-11', 'audio4-5', 'audio2-9', 'audio10-9', 'audio11-9', 'yolo3-10', 'audio5-11', 'audio10-5', 'audio7-13', 'yolo10-10', 'audio12-11', 'audio8-12', 'audio10-15', 'yolo8-15', 'yolo10-10', 'audio12-11', 'audio10-15', 'yolo8-15', 'audio3-10', 'audio5-14', 'yolo9-10', 'audio12-13', 'yolo10-13', 'yolo9-10', 'audio12-13', 'yolo10-13', 'yolo5-17', 'yolo5-17', 'audio12-16', 'yolo7-16', 'audio10-19', 'yolo10-19', 'audio12-16', 'yolo7-16', 'audio10-19', 'yolo10-19', 'yolo12-17', 'yolo12-17', 'yolo5-edge-11', 'yolo5-edge-15', 'yolo2-16', 'yolo4-20', 'audio3-20', 'yolo2-16', 'yolo4-20', 'audio3-20', 'yolo1-14', 'audio8-16', 'audio9-18', 'yolo3-20', 'yolo11-21', 'audio2-18', 'yolo8-19', 'audio3-24', 'audio7-edge-19', 'audio1-edge-19', 'audio11-21', 'yolo9-19']
Pods in cloud:  ['NAME', 'audio4-21', 'audio4-24', 'audio4-28', 'audio5-24', 'audio6-21', 'audio8-27', 'audio9-26', 'yolo1-25', 'yolo10-25', 'yolo10-26', 'yolo10-27', 'yolo11-24', 'yolo2-22', 'yolo6-21', 'yolo6-23', 'yolo7-28', 'yolo9-19']
Pods in edge:  []
The passed time:  2145.8654522895813
The time of this iteration: 60.04810070991516
time: 29
[Departure] yolo6-21:8/9
[Departure] audio6-21:8/9
init delete pods audio4-21
[Departure] yolo2-22:7/7
[Departure] yolo6-23:6/7
[Departure] audio5-24:5/8
[Departure] audio4-24:5/6
[Departure] yolo11-24:5/7
[Departure] yolo1-25:5/10
[Departure] yolo10-25:5/10
[Departure] yolo10-26:4/9
[Departure] audio9-26:4/9
[Departure] yolo10-27:2/7
[Departure] audio8-27:2/3
[Departure] yolo7-28:2/5
[Departure] audio4-28:2/7
used_storage:  0 used bandwidth:  0
departure [['audio4-21', 7, 7]]
all_departures ['yolo9-1', 'yolo11-2', 'yolo9-2', 'yolo4-2', 'yolo9-1', 'yolo11-2', 'yolo4-2', 'yolo11-1', 'audio1-2', 'yolo9-1', 'yolo11-2', 'yolo11-1', 'audio1-2', 'audio9-2', 'yolo9-1', 'yolo11-1', 'audio9-2', 'audio7-1', 'yolo8-1', 'audio9-2', 'audio7-1', 'yolo8-1', 'yolo8-2', 'yolo1-3', 'yolo8-2', 'yolo1-3', 'yolo5-1', 'audio3-5', 'yolo5-1', 'audio3-5', 'yolo10-0', 'yolo5-2', 'yolo8-6', 'yolo1-1', 'yolo3-5', 'audio1-7', 'audio5-edge-0', 'yolo12-1', 'yolo3-1', 'audio11-2', 'yolo8-9', 'yolo12-1', 'yolo3-1', 'audio11-2', 'yolo8-9', 'audio6-edge-3', 'yolo12-3', 'yolo7-7', 'audio8-7', 'audio7-11', 'yolo3-1', 'yolo12-3', 'yolo7-7', 'audio8-7', 'audio7-11', 'audio4-5', 'audio2-9', 'audio10-9', 'audio11-9', 'yolo3-10', 'audio5-11', 'audio4-5', 'audio2-9', 'audio10-9', 'audio11-9', 'yolo3-10', 'audio5-11', 'audio10-5', 'audio7-13', 'yolo10-10', 'audio12-11', 'audio8-12', 'audio10-15', 'yolo8-15', 'yolo10-10', 'audio12-11', 'audio10-15', 'yolo8-15', 'audio3-10', 'audio5-14', 'yolo9-10', 'audio12-13', 'yolo10-13', 'yolo9-10', 'audio12-13', 'yolo10-13', 'yolo5-17', 'yolo5-17', 'audio12-16', 'yolo7-16', 'audio10-19', 'yolo10-19', 'audio12-16', 'yolo7-16', 'audio10-19', 'yolo10-19', 'yolo12-17', 'yolo12-17', 'yolo5-edge-11', 'yolo5-edge-15', 'yolo2-16', 'yolo4-20', 'audio3-20', 'yolo2-16', 'yolo4-20', 'audio3-20', 'yolo1-14', 'audio8-16', 'audio9-18', 'yolo3-20', 'yolo11-21', 'audio2-18', 'yolo8-19', 'audio3-24', 'audio7-edge-19', 'audio1-edge-19', 'audio11-21', 'yolo9-19', 'audio4-21']
Init deployed Analytic: audio9-29
Init deployed Analytic: audio6-29
Pods in cloud:  ['NAME', 'audio4-21', 'audio4-24', 'audio4-28', 'audio5-24', 'audio6-21', 'audio6-29', 'audio8-27', 'audio9-26', 'audio9-29', 'yolo1-25', 'yolo10-25', 'yolo10-26', 'yolo10-27', 'yolo11-24', 'yolo2-22', 'yolo6-21', 'yolo6-23', 'yolo7-28']
Pods in edge:  []
The passed time:  2205.9174494743347
The time of this iteration: 60.05199718475342
time: 30
[Departure] yolo6-21:9/9
[Departure] audio6-21:9/9
init delete pods yolo2-22
[Departure] yolo6-23:7/7
[Departure] audio5-24:6/8
[Departure] audio4-24:6/6
[Departure] yolo11-24:6/7
[Departure] yolo1-25:6/10
[Departure] yolo10-25:6/10
[Departure] yolo10-26:5/9
[Departure] audio9-26:5/9
[Departure] yolo10-27:3/7
[Departure] audio8-27:3/3
[Departure] yolo7-28:3/5
[Departure] audio4-28:3/7
[Departure] audio6-29:1/1
[Departure] audio9-29:1/10
used_storage:  0 used bandwidth:  0
departure [['yolo2-22', 7, 7]]
all_departures ['yolo9-1', 'yolo11-2', 'yolo9-2', 'yolo4-2', 'yolo9-1', 'yolo11-2', 'yolo4-2', 'yolo11-1', 'audio1-2', 'yolo9-1', 'yolo11-2', 'yolo11-1', 'audio1-2', 'audio9-2', 'yolo9-1', 'yolo11-1', 'audio9-2', 'audio7-1', 'yolo8-1', 'audio9-2', 'audio7-1', 'yolo8-1', 'yolo8-2', 'yolo1-3', 'yolo8-2', 'yolo1-3', 'yolo5-1', 'audio3-5', 'yolo5-1', 'audio3-5', 'yolo10-0', 'yolo5-2', 'yolo8-6', 'yolo1-1', 'yolo3-5', 'audio1-7', 'audio5-edge-0', 'yolo12-1', 'yolo3-1', 'audio11-2', 'yolo8-9', 'yolo12-1', 'yolo3-1', 'audio11-2', 'yolo8-9', 'audio6-edge-3', 'yolo12-3', 'yolo7-7', 'audio8-7', 'audio7-11', 'yolo3-1', 'yolo12-3', 'yolo7-7', 'audio8-7', 'audio7-11', 'audio4-5', 'audio2-9', 'audio10-9', 'audio11-9', 'yolo3-10', 'audio5-11', 'audio4-5', 'audio2-9', 'audio10-9', 'audio11-9', 'yolo3-10', 'audio5-11', 'audio10-5', 'audio7-13', 'yolo10-10', 'audio12-11', 'audio8-12', 'audio10-15', 'yolo8-15', 'yolo10-10', 'audio12-11', 'audio10-15', 'yolo8-15', 'audio3-10', 'audio5-14', 'yolo9-10', 'audio12-13', 'yolo10-13', 'yolo9-10', 'audio12-13', 'yolo10-13', 'yolo5-17', 'yolo5-17', 'audio12-16', 'yolo7-16', 'audio10-19', 'yolo10-19', 'audio12-16', 'yolo7-16', 'audio10-19', 'yolo10-19', 'yolo12-17', 'yolo12-17', 'yolo5-edge-11', 'yolo5-edge-15', 'yolo2-16', 'yolo4-20', 'audio3-20', 'yolo2-16', 'yolo4-20', 'audio3-20', 'yolo1-14', 'audio8-16', 'audio9-18', 'yolo3-20', 'yolo11-21', 'audio2-18', 'yolo8-19', 'audio3-24', 'audio7-edge-19', 'audio1-edge-19', 'audio11-21', 'yolo9-19', 'audio4-21', 'yolo2-22']
IDA_thread is Alive
Sleep replace time: 288
images ['192.168.1.100:5000/iscc19:s2-audio-7', '192.168.1.100:5000/iscc19:s2-yolo-7', '192.168.1.100:5000/iscc19:s2-yolo-5', '192.168.1.100:5000/iscc19:s2-audio-1']
exist_images ['audio7', 'yolo7', 'yolo5', 'audio1']
expect_analytics ['audio11', 'audio7']
Extract image: audio11
Extraction time: 212 s
extract_images ['audio11']
write terminal.input True
write terminal.input False
Pods in cloud:  ['NAME', 'audio4-24', 'audio4-28', 'audio5-24', 'audio6-21', 'audio6-29', 'audio8-27', 'audio9-26', 'audio9-29', 'yolo1-25', 'yolo10-25', 'yolo10-26', 'yolo10-27', 'yolo11-24', 'yolo6-21', 'yolo6-23', 'yolo7-28']
Pods in edge:  []
The passed time:  2763.9570891857147
The time of this iteration: 558.03963971138
reject: 0
=============== Time Out ===============
Total used time:  2763.9654817581177
