
========== Time: 0 ==========

========== Time: 1 ==========

========== Time: 2 ==========

========== Time: 3 ==========

========== Time: 4 ==========

========== Time: 5 ==========

========== Time: 6 ==========
yolo2-2, 52948025, bottle
yolo2-2, 24554006, aeroplane
yolo2-2, 18280653, boat

========== Time: 7 ==========
yolo2-2, 66313056, car
yolo2-2, 48435985, car
yolo2-2, 76854328, car
yolo2-2, 51604302, car
yolo2-2, 67192429, car
yolo2-2, 54443553, car
yolo2-2, 19684427, car
yolo2-2, 98283435, car
yolo2-2, 12579946, car
yolo2-2, 65156167, car
yolo2-2, 20681322, car
yolo2-2, 35287583, car
yolo2-2, 83910593, car
yolo2-2, 74783957, car
yolo2-2, 63589944, car
yolo2-2, 97130977, car
yolo2-2, 98725382, car
yolo2-2, 56157071, car
yolo2-2, 10092654, train
yolo2-2, 27200424, train
yolo2-2, 23175374, car
yolo2-2, 85577966, aeroplane
yolo2-2, 09714720, boat

========== Time: 8 ==========
yolo2-2, 04826881, sofa
yolo2-2, 34230558, car
yolo2-2, 69783704, car
yolo2-2, 32365902, car
yolo2-2, 74280745, car
yolo2-2, 50099613, car
yolo2-2, 05980033, train
yolo2-2, 28638198, car

========== Time: 9 ==========
yolo3-3, 50099613, car
yolo3-3, 05980033, train
yolo3-3, 28638198, car
yolo3-3, 10860082, car
yolo3-3, 66860623, sofa
yolo3-3, 81993159, car
yolo3-3, 93062217, train
yolo3-3, 53386023, car
yolo3-3, 20892215, car
yolo3-3, 77788564, car
yolo3-3, 26015810, car
yolo3-3, 04100164, car
yolo3-3, 67346920, car
yolo3-3, 03935924, car
yolo3-3, 66764513, car
yolo3-3, 59995293, car
yolo3-3, 84601805, car
yolo3-3, 66001535, sofa
yolo3-3, 18610831, car
yolo3-3, 17717585, car
yolo3-3, 97872231, car
yolo3-3, 55917620, car
yolo3-3, 32432408, aeroplane
yolo3-3, 94491749, car
yolo3-3, 05133689, car
yolo3-3, 65417026, car
yolo3-3, 00437207, car
yolo3-3, 57047313, boat
yolo3-3, 50229377, sofa
yolo3-3, 70028370, car
yolo3-3, 57644741, sofa
yolo3-3, 11025521, car
yolo3-3, 89125738, car

========== Time: 10 ==========
yolo3-3, 79474258, car
yolo3-3, 39528281, train
yolo3-3, 44654267, car
yolo3-3, 36559105, car
yolo3-3, 97180451, train
yolo3-3, 18820927, car
yolo3-3, 56752042, car
yolo3-3, 23222063, car
yolo3-3, 46991638, car
yolo3-3, 51993099, car
yolo3-3, 72272292, car
yolo3-3, 88950804, car
yolo3-3, 26123338, car
yolo3-3, 78577606, car
yolo3-3, 75178553, car
yolo3-3, 73083621, car
yolo3-3, 80491379, car
yolo3-3, 29760885, car
yolo3-3, 74108036, car
yolo3-3, 17025515, car
yolo3-3, 68796962, car
yolo3-3, 87653934, car
yolo3-3, 79608549, car
yolo3-10, 79608549, car
yolo3-10, 43941082, car
yolo3-3, 43941082, car
yolo10-5, 73083621, car
yolo3-10, 40054496, car
yolo3-3, 40054496, car
yolo10-5, 80491379, car
yolo10-5, 29760885, car
yolo3-3, 30910203, car
yolo3-10, 30910203, car
yolo10-5, 74108036, car
yolo10-5, 17025515, car
yolo3-3, 30183822, car
yolo3-10, 30183822, car
yolo10-5, 68796962, car
yolo10-5, 87653934, car
yolo10-5, 79608549, car
yolo3-3, 40716535, car
yolo3-10, 40716535, car
yolo10-5, 43941082, car
yolo10-5, 40054496, car
yolo3-10, 18298311, car
yolo3-3, 18298311, car
yolo10-5, 30910203, car
yolo10-5, 30183822, car
yolo3-3, 98537706, car
yolo3-10, 98537706, car
yolo10-5, 40716535, car
yolo3-10, 70604529, car
yolo3-3, 70604529, car
yolo10-5, 18298311, car
yolo10-5, 98537706, car
yolo3-10, 77495652, car
yolo3-3, 77495652, car
yolo10-5, 70604529, car
yolo10-5, 77495652, car
yolo3-3, 09764983, car
yolo3-10, 09764983, car
yolo10-5, 09764983, car
yolo3-10, 75377111, car
yolo3-3, 75377111, car
yolo10-5, 75377111, car
yolo10-5, 51381721, car
yolo3-10, 51381721, car
yolo3-3, 51381721, car
yolo3-10, 86322798, car
yolo3-3, 86322798, car
yolo10-5, 86322798, car
yolo3-3, 53090608, car
yolo10-5, 53090608, car
yolo3-10, 53090608, car
yolo3-10, 81591920, car
yolo3-3, 81591920, car
yolo10-5, 81591920, car
yolo10-5, 65094033, car
yolo3-10, 65094033, car
yolo3-3, 65094033, car
yolo3-3, 15631705, car
yolo10-5, 15631705, car
yolo3-10, 15631705, car
yolo3-10, 46832692, car
yolo3-3, 46832692, car
yolo10-5, 46832692, car
yolo3-10, 39714091, car
yolo3-3, 39714091, car
yolo10-5, 39714091, car
yolo3-10, 59732361, car
yolo3-3, 59732361, car
yolo10-5, 59732361, car
yolo7-3, 46832692, car
yolo7-3, 39714091, car
yolo3-10, 63075999, car
yolo10-5, 63075999, car
yolo3-3, 63075999, car
yolo7-3, 59732361, car
yolo7-3, 63075999, car
yolo10-5, 93314722, car
yolo3-10, 93314722, car
yolo3-3, 93314722, car
yolo7-3, 93314722, car
yolo7-3, 84776026, car
yolo10-5, 84776026, car
yolo3-3, 84776026, car
yolo3-10, 84776026, car
yolo3-10, 27086226, car
yolo10-5, 27086226, car
yolo3-3, 27086226, car
yolo7-3, 27086226, car
yolo3-10, 69006641, car
yolo10-5, 69006641, car
yolo7-3, 69006641, car
yolo3-3, 69006641, car
yolo10-5, 92745172, car
yolo7-3, 92745172, car
yolo3-10, 92745172, car
yolo3-3, 92745172, car
yolo5-9, 84776026, car
yolo5-8, 84776026, car
yolo5-6, 84776026, car
yolo5-9, 27086226, car
yolo5-6, 27086226, car
yolo5-8, 27086226, car
yolo3-10, 25769885, car
yolo7-3, 25769885, car
yolo10-5, 25769885, car
yolo3-3, 25769885, car
yolo5-6, 69006641, car
yolo5-9, 69006641, car
yolo5-8, 69006641, car
yolo3-10, 15682454, car
yolo10-5, 15682454, car
yolo5-6, 92745172, car
yolo3-3, 15682454, car
yolo7-3, 15682454, car
yolo5-9, 92745172, car
yolo5-8, 92745172, car
yolo5-6, 25769885, car
yolo5-9, 25769885, car
yolo5-8, 25769885, car
yolo3-3, 69807328, train
yolo7-3, 69807328, train
yolo3-10, 69807328, train
yolo10-5, 69807328, train
yolo5-6, 15682454, car
yolo5-9, 15682454, car
yolo5-8, 15682454, car
yolo5-6, 69807328, train
yolo5-9, 69807328, train
yolo5-8, 69807328, train
yolo3-10, 56245756, car
yolo7-3, 56245756, car
yolo3-3, 56245756, car
yolo10-5, 56245756, car
yolo5-6, 56245756, car
yolo5-9, 56245756, car
yolo5-8, 56245756, car
yolo3-3, 23745948, car
yolo5-8, 23745948, car
yolo3-10, 23745948, car
yolo5-9, 23745948, car
yolo10-5, 23745948, car
yolo5-6, 23745948, car
yolo7-3, 23745948, car
yolo7-3, 44331524, car
yolo5-6, 44331524, car
yolo3-3, 44331524, car
yolo10-5, 44331524, car
yolo5-8, 44331524, car
yolo5-9, 44331524, car
yolo3-10, 44331524, car
yolo7-3, 62141189, car
yolo10-5, 62141189, car
yolo5-8, 62141189, car
yolo5-6, 62141189, car
yolo5-9, 62141189, car
yolo3-3, 62141189, car
yolo3-10, 62141189, car
yolo5-6, 38279994, car
yolo3-10, 38279994, car
yolo7-3, 38279994, car
yolo3-3, 38279994, car
yolo5-9, 38279994, car
yolo5-8, 38279994, car
yolo10-5, 38279994, car
yolo5-8, 49680506, car
yolo3-10, 49680506, car
yolo5-6, 49680506, car
yolo10-5, 49680506, car
yolo7-3, 49680506, car
yolo3-3, 49680506, car
yolo5-9, 49680506, car
yolo5-8, 56441867, car
yolo5-9, 56441867, car
yolo3-10, 56441867, car
yolo10-5, 56441867, car
yolo5-6, 56441867, car
yolo7-3, 56441867, car
yolo3-3, 56441867, car
yolo5-6, 59521264, car
yolo5-8, 59521264, car
yolo3-3, 59521264, car
yolo5-9, 59521264, car
yolo7-3, 59521264, car
yolo10-5, 59521264, car
yolo3-10, 59521264, car
yolo5-6, 29816913, car
yolo3-10, 29816913, car
yolo3-3, 29816913, car
yolo5-8, 29816913, car
yolo5-9, 29816913, car
yolo7-3, 29816913, car
yolo10-5, 29816913, car
yolo5-6, 27509229, car
yolo5-9, 27509229, car
yolo5-8, 27509229, car
yolo3-3, 27509229, car
yolo7-3, 27509229, car
yolo3-10, 27509229, car
yolo10-5, 27509229, car
yolo3-10, 37230625, car
yolo10-5, 37230625, car
yolo5-6, 37230625, car
yolo3-3, 37230625, car
yolo5-9, 37230625, car
yolo7-3, 37230625, car
yolo5-8, 37230625, car
yolo5-6, 32572124, car
yolo5-8, 32572124, car
yolo5-9, 32572124, car
yolo10-5, 32572124, car
yolo3-10, 32572124, car
yolo7-3, 32572124, car
yolo3-3, 32572124, car
yolo5-8, 07561897, car
yolo10-5, 07561897, car
yolo7-3, 07561897, car
yolo3-3, 07561897, car
yolo5-9, 07561897, car
yolo5-6, 07561897, car
yolo3-10, 07561897, car

========== Time: 11 ==========
yolo10-5, 16550250, car
yolo5-6, 16550250, car
yolo7-3, 16550250, car
yolo3-3, 16550250, car
yolo5-9, 16550250, car
yolo5-8, 16550250, car
yolo3-10, 16550250, car
yolo5-9, 76004797, car
yolo7-3, 76004797, car
yolo5-8, 76004797, car
yolo3-10, 76004797, car
yolo3-3, 76004797, car
yolo5-6, 76004797, car
yolo10-5, 76004797, car
yolo3-10, 01502807, car
yolo5-6, 01502807, car
yolo10-5, 01502807, car
yolo3-3, 01502807, car
yolo5-8, 01502807, car
yolo5-9, 01502807, car
yolo7-3, 01502807, car
yolo3-10, 44786469, car
yolo10-5, 44786469, car
yolo5-6, 44786469, car
yolo5-8, 44786469, car
yolo3-3, 44786469, car
yolo5-9, 44786469, car
yolo7-3, 44786469, car
yolo5-6, 41654480, car
yolo7-3, 41654480, car
yolo3-3, 41654480, car
yolo3-10, 41654480, car
yolo5-9, 41654480, car
yolo5-8, 41654480, car
yolo10-5, 41654480, car
yolo5-6, 97451099, car
yolo3-3, 97451099, car
yolo5-9, 97451099, car
yolo7-3, 97451099, car
yolo5-8, 97451099, car
yolo3-10, 97451099, car
yolo10-5, 97451099, car
yolo3-3, 29971127, car
yolo3-10, 29971127, car
yolo5-9, 29971127, car
yolo7-3, 29971127, car
yolo5-6, 29971127, car
yolo10-5, 29971127, car
yolo5-8, 29971127, car
yolo5-8, 91584955, car
yolo7-3, 91584955, car
yolo5-9, 91584955, car
yolo3-10, 91584955, car
yolo3-3, 91584955, car
yolo7-3, 33010210, car
yolo5-8, 33010210, car
yolo3-3, 33010210, car
yolo3-10, 33010210, car
yolo5-9, 33010210, car
yolo5-9, 23245303, car
yolo3-3, 23245303, car
yolo5-8, 23245303, car
yolo7-3, 23245303, car
yolo3-10, 23245303, car
yolo7-3, 04408392, car
yolo5-9, 04408392, car
yolo3-10, 04408392, car
yolo5-8, 04408392, car
yolo3-3, 04408392, car
yolo5-9, 15223799, car
yolo7-3, 15223799, car
yolo3-10, 15223799, car
yolo3-3, 15223799, car
yolo5-8, 15223799, car
yolo5-9, 03555581, car
yolo7-3, 03555581, car
yolo5-8, 03555581, car
yolo3-10, 03555581, car
yolo3-3, 03555581, car
yolo3-10, 96616356, car
yolo7-3, 96616356, car
yolo5-8, 96616356, car
yolo5-9, 96616356, car
yolo3-3, 96616356, car
yolo5-8, 41765015, car
yolo7-3, 41765015, car
yolo5-9, 41765015, car
yolo3-10, 41765015, car
yolo3-3, 41765015, car
yolo7-3, 57304570, car
yolo3-10, 57304570, car
yolo3-3, 57304570, car
yolo5-9, 57304570, car
yolo5-8, 57304570, car

========== Time: 12 ==========
yolo3-3, 85568813, car
yolo7-3, 85568813, car
yolo5-8, 85568813, car
yolo3-10, 85568813, car
yolo5-9, 85568813, car
yolo3-3, 61448675, car
yolo5-8, 61448675, car
yolo7-3, 61448675, car
yolo5-9, 61448675, car
yolo3-10, 61448675, car
yolo5-8, 67746265, car
yolo5-9, 67746265, car
yolo3-10, 67746265, car
yolo7-3, 67746265, car
yolo3-3, 67746265, car
yolo5-8, 13081579, car
yolo5-9, 13081579, car
yolo3-10, 13081579, car
yolo7-3, 13081579, car
yolo3-3, 13081579, car
yolo5-9, 07708759, car
yolo7-3, 07708759, car
yolo5-8, 07708759, car
yolo3-3, 07708759, car
yolo3-10, 07708759, car
yolo7-3, 80277704, car
yolo3-3, 80277704, car
yolo5-9, 80277704, car
yolo5-8, 80277704, car
yolo3-10, 80277704, car
yolo3-3, 64010943, car
yolo3-10, 64010943, car
yolo7-3, 64010943, car
yolo5-8, 64010943, car
yolo5-9, 64010943, car
yolo5-8, 77370135, car
yolo7-3, 77370135, car
yolo5-9, 77370135, car
yolo3-3, 77370135, car
yolo3-10, 77370135, car
yolo5-9, 31969371, car
yolo5-8, 31969371, car
yolo3-10, 31969371, car
yolo5-9, 77133796, car
yolo3-10, 77133796, car
yolo5-8, 77133796, car
yolo3-10, 54913631, car
yolo5-8, 54913631, car
yolo5-9, 54913631, car
yolo3-10, 19355580, car
yolo5-8, 19355580, car
yolo5-9, 19355580, car
yolo5-8, 22688244, car
yolo5-9, 22688244, car
yolo3-10, 22688244, car
yolo5-9, 27864499, car
yolo5-8, 27864499, car
yolo3-10, 27864499, car

========== Time: 13 ==========
yolo5-8, 64575160, car
yolo5-9, 64575160, car
yolo3-10, 64575160, car
yolo5-8, 79884721, car
yolo3-10, 79884721, car
yolo5-9, 79884721, car
yolo3-10, 00275600, car
yolo5-8, 00275600, car
yolo5-9, 00275600, car
yolo5-8, 82298665, car
yolo5-9, 82298665, car
yolo3-10, 82298665, car
yolo3-10, 79912021, car
yolo5-9, 79912021, car
yolo5-8, 79912021, car
yolo3-10, 51375428, car
yolo5-8, 51375428, car
yolo5-9, 51375428, car
yolo3-10, 45442665, bottle
yolo5-8, 45442665, bottle
yolo5-9, 45442665, bottle
yolo5-9, 87230211, car
yolo3-10, 87230211, car
yolo5-8, 87230211, car
yolo5-9, 41815275, train
yolo5-8, 41815275, train
yolo5-9, 55633506, car
yolo5-8, 55633506, car
yolo5-8, 96069035, car
yolo5-9, 96069035, car
yolo5-9, 22576130, car
yolo5-8, 22576130, car
yolo5-9, 60337265, car
yolo5-8, 60337265, car
yolo5-9, 59502956, car
yolo5-8, 59502956, car
yolo5-9, 82376322, car
yolo5-8, 82376322, car

========== Time: 14 ==========
yolo5-9, 80554187, car
yolo5-8, 80554187, car
yolo5-9, 54494907, car
yolo5-8, 54494907, car
yolo5-9, 92311153, car
yolo5-8, 92311153, car
yolo5-8, 93786781, car
yolo5-9, 93786781, car
yolo5-8, 39751660, car
yolo5-9, 39751660, car
yolo5-9, 55132015, car
yolo5-8, 55132015, car
yolo5-9, 61386762, car
yolo5-8, 61386762, car
yolo5-8, 50585410, car
yolo5-9, 50585410, car
yolo5-9, 77677147, sofa
yolo5-8, 77677147, sofa
yolo5-9, 78038320, car
yolo5-8, 78038320, car
yolo5-8, 95643590, car
yolo5-9, 95643590, car
yolo5-8, 96927042, car
yolo5-9, 96927042, car
yolo5-8, 86830482, car
yolo5-9, 86830482, car
yolo5-9, 14397670, car
yolo5-8, 14397670, car
yolo5-8, 03292255, train
yolo5-9, 03292255, train

========== Time: 15 ==========
yolo5-8, 77903972, car
yolo5-9, 77903972, car
yolo1-11, 95643590, car
yolo1-11, 96927042, car
yolo5-8, 55682014, car
yolo5-9, 55682014, car
yolo1-11, 86830482, car
yolo1-11, 14397670, car
yolo5-9, 82153527, car
yolo5-8, 82153527, car
yolo1-11, 03292255, train
yolo1-11, 77903972, car
yolo5-8, 79733333, car
yolo5-9, 79733333, car
yolo1-11, 55682014, car
yolo1-11, 82153527, car
yolo5-8, 61808776, car
yolo5-9, 61808776, car
yolo1-11, 79733333, car
yolo1-11, 61808776, car
yolo5-8, 39876538, car
yolo5-9, 39876538, car
yolo1-11, 39876538, car
yolo5-9, 66367080, car
yolo5-8, 66367080, car
yolo1-11, 66367080, car
yolo5-8, 85602340, car
yolo5-9, 85602340, car
yolo1-11, 85602340, car
yolo5-8, 17767169, boat
yolo5-9, 17767169, boat
yolo1-11, 17767169, boat
yolo5-9, 79869295, car
yolo1-11, 79869295, car
yolo5-8, 79869295, car
yolo5-9, 11298095, car
yolo1-11, 11298095, car
yolo5-8, 11298095, car
yolo1-11, 68556863, car
yolo5-8, 68556863, car
yolo5-9, 68556863, car
yolo5-9, 50426870, car
yolo1-11, 50426870, car
yolo5-8, 50426870, car
yolo5-8, 59785694, train
yolo5-9, 59785694, train
yolo1-11, 59785694, train
yolo5-9, 05640082, car
yolo1-11, 05640082, car
yolo5-8, 05640082, car
yolo5-9, 27990847, car
yolo5-8, 27990847, car
yolo1-11, 27990847, car

========== Time: 16 ==========
yolo5-9, 17385033, car
yolo5-8, 17385033, car
yolo1-11, 17385033, car
yolo5-8, 28838042, car
yolo5-9, 28838042, car
yolo1-11, 28838042, car
yolo1-11, 60274415, car
yolo5-8, 60274415, car
yolo5-9, 60274415, car
yolo1-15, 60274415, car
yolo1-11, 86707276, car
yolo5-8, 86707276, car
yolo1-15, 86707276, car
yolo5-9, 86707276, car
yolo1-11, 45193616, car
yolo1-15, 45193616, car
yolo5-8, 45193616, car
yolo5-9, 45193616, car
yolo5-8, 83046317, car
yolo1-11, 83046317, car
yolo5-9, 83046317, car
yolo1-15, 83046317, car
yolo5-9, 21504783, car
yolo5-8, 21504783, car
yolo1-15, 21504783, car
yolo1-11, 21504783, car
yolo1-11, 00308432, car
yolo5-8, 00308432, car
yolo1-15, 00308432, car
yolo5-9, 00308432, car
yolo5-8, 87468894, bottle
yolo1-15, 87468894, bottle
yolo5-9, 87468894, bottle
yolo5-9, 10027295, car
yolo5-8, 10027295, car
yolo1-15, 10027295, car
yolo5-8, 60448317, car
yolo5-9, 60448317, car
yolo1-15, 60448317, car
yolo5-8, 69846626, car
yolo5-9, 69846626, car
yolo1-15, 69846626, car
yolo5-8, 67613667, car
yolo5-9, 67613667, car
yolo1-15, 67613667, car
yolo5-8, 21989601, car
yolo1-15, 21989601, car
yolo5-9, 21989601, car
yolo5-9, 40812689, car
yolo1-15, 40812689, car
yolo5-8, 40812689, car
yolo5-8, 41449099, car
yolo5-9, 41449099, car
yolo1-15, 41449099, car
yolo1-15, 48047437, car
yolo5-8, 48047437, car
yolo5-9, 48047437, car
yolo5-8, 58375452, car
yolo1-15, 58375452, car
yolo5-9, 58375452, car
yolo1-15, 26194952, car
yolo5-8, 26194952, car
yolo5-9, 26194952, car
yolo5-9, 57310470, car
yolo5-8, 57310470, car
yolo1-15, 57310470, car
yolo1-15, 66403107, car
yolo5-8, 66403107, car
yolo5-9, 66403107, car
yolo1-15, 39129900, car
yolo5-8, 39129900, car
yolo5-9, 39129900, car
yolo5-9, 57425336, car
yolo1-15, 57425336, car
yolo5-8, 57425336, car
yolo1-15, 94804204, car
yolo5-9, 94804204, car
yolo5-8, 94804204, car

========== Time: 17 ==========
yolo5-9, 64813710, car
yolo5-8, 64813710, car
yolo1-15, 64813710, car
yolo5-8, 41052849, car
yolo1-15, 41052849, car
yolo5-9, 41052849, car
yolo5-9, 07159335, boat
yolo5-8, 07159335, boat
yolo1-15, 07159335, boat
yolo5-8, 27734615, car
yolo5-9, 27734615, car
yolo1-15, 27734615, car
yolo10-13, 58375452, car
yolo10-13, 26194952, car
yolo5-8, 07153906, car
yolo1-15, 07153906, car
yolo5-9, 07153906, car
yolo10-13, 57310470, car
yolo5-8, 62831609, car
yolo5-9, 62831609, car
yolo1-15, 62831609, car
yolo10-13, 66403107, car
yolo10-13, 39129900, car

========== Time: 18 ==========
yolo5-8, 82582388, car
yolo1-15, 82582388, car
yolo5-9, 82582388, car
yolo10-13, 57425336, car
yolo10-13, 94804204, car
yolo5-8, 67919107, car
yolo5-9, 67919107, car
yolo1-15, 67919107, car
yolo10-13, 64813710, car
yolo10-13, 41052849, car
yolo5-9, 91718200, car
yolo5-8, 91718200, car
yolo1-15, 91718200, car
yolo10-13, 07159335, boat
yolo10-13, 27734615, car
yolo5-8, 45276153, car
yolo1-15, 45276153, car
yolo5-9, 45276153, car
yolo10-13, 07153906, car
yolo10-13, 62831609, car
yolo5-8, 62836257, car
yolo5-9, 62836257, car
yolo1-15, 62836257, car
yolo10-13, 82582388, car
yolo10-13, 67919107, car
yolo5-9, 82838992, car
yolo5-8, 82838992, car
yolo1-15, 82838992, car
yolo10-13, 91718200, car
yolo10-13, 45276153, car
yolo1-15, 56197054, car
yolo5-8, 56197054, car
yolo5-9, 56197054, car
yolo10-13, 62836257, car
yolo10-13, 82838992, car
yolo5-8, 08768709, car
yolo5-9, 08768709, car
yolo1-15, 08768709, car
yolo10-13, 56197054, car
yolo10-13, 08768709, car
yolo1-15, 64833000, car
yolo5-8, 64833000, car
yolo10-13, 64833000, car
yolo1-15, 84470543, car
yolo5-8, 84470543, car
yolo10-13, 84470543, car
yolo5-8, 48866713, car
yolo1-15, 48866713, car
yolo10-13, 48866713, car
yolo1-15, 05863903, car
yolo5-8, 05863903, car
yolo10-13, 05863903, car
yolo5-8, 43430420, car
yolo10-13, 43430420, car
yolo1-15, 43430420, car
yolo5-8, 42203329, car
yolo1-15, 42203329, car
yolo10-13, 42203329, car
yolo5-8, 37721125, car
yolo10-13, 37721125, car
yolo1-15, 37721125, car

========== Time: 19 ==========
yolo10-13, 98269084, car
yolo5-8, 98269084, car
yolo1-15, 98269084, car
yolo1-15, 11266282, car
yolo5-8, 11266282, car
yolo10-13, 11266282, car
yolo5-8, 66594848, car
yolo1-15, 66594848, car
yolo10-13, 66594848, car
yolo10-13, 53089465, car
yolo5-8, 53089465, car
yolo1-15, 53089465, car
yolo1-15, 20032229, car
yolo5-8, 20032229, car
yolo10-13, 20032229, car
yolo1-15, 18182570, car
yolo5-8, 18182570, car
yolo10-13, 18182570, car
yolo5-8, 95086543, car
yolo1-15, 95086543, car
yolo10-13, 95086543, car
yolo1-15, 90986753, car
yolo5-8, 90986753, car
yolo10-13, 90986753, car
yolo5-8, 67596201, car
yolo1-15, 67596201, car
yolo10-13, 67596201, car
yolo10-13, 25930794, car
yolo5-8, 25930794, car
yolo1-15, 25930794, car
yolo10-13, 49160713, car
yolo1-15, 49160713, car
yolo10-13, 16247975, car
yolo1-15, 16247975, car
yolo1-15, 55564112, car
yolo10-13, 55564112, car
yolo1-15, 71738057, car
yolo10-13, 71738057, car
yolo1-15, 98929910, car
yolo10-13, 98929910, car
yolo1-15, 09535815, car
yolo10-13, 09535815, car

========== Time: 20 ==========
yolo1-15, 94076619, car
yolo10-13, 94076619, car
yolo1-15, 19347072, car
yolo10-13, 19347072, car
yolo1-15, 41359156, car
yolo10-13, 41359156, car
yolo1-15, 70236774, car
yolo10-13, 70236774, car
yolo10-13, 52826641, car
yolo1-15, 52826641, car
yolo1-15, 20763563, car
yolo10-13, 20763563, car
yolo4-15, 95086543, car
yolo4-15, 90986753, car
yolo10-13, 20634536, car
yolo1-15, 20634536, car
yolo4-15, 67596201, car
yolo1-15, 61822317, car
yolo10-13, 61822317, car
yolo4-15, 25930794, car
yolo4-15, 49160713, car
yolo1-15, 51341247, train
yolo10-13, 51341247, train
yolo4-15, 16247975, car
yolo4-15, 55564112, car
yolo1-15, 65800754, car
yolo10-13, 65800754, car
yolo4-15, 71738057, car
yolo4-15, 98929910, car
yolo10-13, 93791887, car
yolo4-15, 09535815, car
yolo4-15, 94076619, car
yolo4-15, 19347072, car
yolo10-13, 38149011, car
yolo4-15, 41359156, car
yolo4-15, 70236774, car
yolo10-13, 99643773, car
yolo4-15, 52826641, car
yolo4-15, 20763563, car
yolo10-13, 06041229, car
yolo4-15, 20634536, car

========== Time: 21 ==========
yolo10-13, 76815361, car
yolo4-15, 61822317, car
yolo4-15, 51341247, train
yolo10-13, 48818644, car
yolo4-15, 65800754, car
yolo4-15, 93791887, car
yolo4-15, 38149011, car
yolo10-13, 74533777, car
yolo4-15, 99643773, car
yolo4-15, 06041229, car
yolo10-13, 80575804, car
yolo4-15, 76815361, car
yolo4-15, 48818644, car
yolo10-13, 34357547, car
yolo8-15, 09535815, car
yolo8-19, 52826641, car
yolo4-15, 74533777, car
yolo8-19, 20763563, car
yolo8-15, 94076619, car
yolo4-15, 80575804, car
yolo10-13, 43507319, car
yolo8-15, 19347072, car
yolo8-19, 20634536, car
yolo4-15, 34357547, car
yolo8-15, 41359156, car
yolo8-19, 61822317, car
yolo3-15, 93791887, car
yolo4-15, 43507319, car
yolo8-15, 70236774, car
yolo10-13, 82153989, car
yolo8-19, 51341247, train
yolo3-15, 38149011, car
yolo4-15, 82153989, car
yolo8-19, 65800754, car
yolo8-15, 52826641, car
yolo3-15, 99643773, car
yolo8-19, 93791887, car
yolo8-15, 20763563, car
yolo4-15, 51078767, car
yolo10-13, 51078767, car
yolo3-15, 06041229, car
yolo8-19, 38149011, car
yolo8-15, 20634536, car
yolo3-15, 76815361, car
yolo8-19, 99643773, car
yolo8-15, 61822317, car
yolo4-15, 86420918, car
yolo3-15, 48818644, car
yolo10-13, 86420918, car
yolo8-15, 51341247, train
yolo8-19, 06041229, car
yolo3-15, 74533777, car
yolo8-19, 76815361, car
yolo8-15, 65800754, car
yolo4-15, 22740642, car
yolo10-13, 22740642, car
yolo3-15, 80575804, car
yolo4-19, 22740642, car
yolo8-19, 48818644, car
yolo8-15, 93791887, car
yolo3-15, 34357547, car
yolo8-19, 74533777, car
yolo8-15, 38149011, car
yolo4-19, 68825818, car
yolo3-15, 43507319, car
yolo4-15, 68825818, car
yolo10-19, 68825818, car
yolo10-13, 68825818, car
yolo8-19, 80575804, car
yolo8-15, 99643773, car
yolo3-15, 82153989, car
yolo8-19, 34357547, car
yolo8-15, 06041229, car
yolo3-15, 51078767, car
yolo10-13, 11371169, car
yolo10-19, 11371169, car
yolo4-15, 11371169, car
yolo4-19, 11371169, car
yolo8-15, 76815361, car
yolo8-19, 43507319, car
yolo3-15, 86420918, car
yolo8-15, 48818644, car
yolo8-19, 82153989, car
yolo3-15, 22740642, car
yolo10-13, 12317310, car
yolo4-15, 12317310, car
yolo10-19, 12317310, car
yolo4-19, 12317310, car
yolo8-15, 74533777, car
yolo8-19, 51078767, car
yolo3-15, 68825818, car
yolo8-15, 80575804, car
yolo8-19, 86420918, car
yolo3-15, 11371169, car
yolo10-13, 77338126, car
yolo4-15, 77338126, car
yolo10-19, 77338126, car
yolo4-19, 77338126, car
yolo8-19, 22740642, car
yolo8-15, 34357547, car
yolo3-15, 12317310, car
yolo8-19, 68825818, car
yolo8-15, 43507319, car
yolo3-15, 77338126, car

========== Time: 22 ==========
yolo4-15, 36615533, car
yolo4-19, 36615533, car
yolo10-19, 36615533, car
yolo10-13, 36615533, car
yolo3-15, 36615533, car
yolo4-15, 82956433, car
yolo4-19, 82956433, car
yolo8-15, 82153989, car
yolo8-19, 11371169, car
yolo3-15, 82956433, car
yolo10-13, 82956433, car
yolo10-19, 82956433, car
yolo4-19, 09616308, car
yolo3-15, 09616308, car
yolo10-13, 09616308, car
yolo4-15, 09616308, car
yolo10-19, 09616308, car
yolo8-19, 12317310, car
yolo8-15, 51078767, car
yolo8-19, 77338126, car
yolo10-19, 68941975, car
yolo8-15, 86420918, car
yolo10-13, 68941975, car
yolo8-19, 36615533, car
yolo3-15, 68941975, car
yolo8-15, 22740642, car
yolo4-15, 68941975, car
yolo4-19, 68941975, car
yolo10-13, 55690594, car
yolo10-19, 55690594, car
yolo8-19, 82956433, car
yolo8-15, 68825818, car
yolo4-19, 55690594, car
yolo3-15, 55690594, car
yolo4-15, 55690594, car
yolo8-19, 09616308, car
yolo8-15, 11371169, car
yolo3-15, 70086816, car
yolo4-15, 70086816, car
yolo10-13, 70086816, car
yolo4-19, 70086816, car
yolo10-19, 70086816, car
yolo8-19, 68941975, car
yolo8-15, 12317310, car
yolo8-19, 55690594, car
yolo8-15, 77338126, car
yolo4-15, 98722847, car
yolo10-19, 98722847, car
yolo4-19, 98722847, car
yolo10-13, 98722847, car
yolo3-15, 98722847, car
yolo8-19, 70086816, car
yolo8-15, 36615533, car
yolo8-15, 82956433, car
yolo8-19, 98722847, car
yolo10-13, 60857208, car
yolo4-15, 60857208, car
yolo4-19, 60857208, car
yolo10-19, 60857208, car
yolo3-15, 60857208, car
yolo8-15, 09616308, car
yolo8-19, 60857208, car
yolo8-15, 68941975, car
yolo8-19, 91478319, car
yolo4-15, 91478319, car
yolo4-19, 91478319, car
yolo10-19, 91478319, car
yolo4-19, 85169870, train
yolo4-15, 85169870, train
yolo8-19, 85169870, train
yolo10-19, 85169870, train
yolo4-19, 75806255, car
yolo8-19, 75806255, car
yolo10-19, 75806255, car
yolo4-15, 75806255, car
yolo4-19, 86494350, car
yolo10-19, 86494350, car
yolo4-15, 86494350, car
yolo8-19, 86494350, car
yolo8-19, 89172191, boat
yolo4-19, 89172191, boat
yolo10-19, 89172191, boat
yolo4-15, 89172191, boat
yolo10-19, 03821845, car
yolo4-19, 03821845, car
yolo8-19, 03821845, car
yolo4-15, 03821845, car
yolo8-19, 55109183, car
yolo4-19, 55109183, car
yolo4-15, 55109183, car
yolo10-19, 55109183, car
yolo4-15, 50222497, car
yolo4-19, 50222497, car
yolo8-19, 50222497, car
yolo10-19, 50222497, car
yolo8-19, 12994084, car
yolo4-15, 12994084, car
yolo10-19, 12994084, car
yolo4-19, 12994084, car
yolo8-19, 76044557, car
yolo4-19, 76044557, car
yolo10-19, 76044557, car
yolo4-15, 76044557, car

========== Time: 23 ==========
yolo10-19, 96330539, car
yolo8-19, 96330539, car
yolo4-15, 96330539, car
yolo4-19, 96330539, car
yolo10-19, 55560087, car
yolo4-15, 55560087, car
yolo8-19, 55560087, car
yolo4-19, 55560087, car
yolo4-15, 43309214, car
yolo4-19, 43309214, car
yolo10-19, 43309214, car
yolo8-19, 43309214, car
yolo4-19, 45021784, car
yolo10-19, 45021784, car
yolo8-19, 45021784, car
yolo4-15, 45021784, car
yolo8-19, 59963514, car
yolo4-15, 59963514, car
yolo4-19, 59963514, car
yolo10-19, 59963514, car
yolo8-19, 95579694, car
yolo10-19, 95579694, car
yolo4-19, 95579694, car
yolo4-15, 95579694, car
yolo4-19, 05708889, boat
yolo4-15, 05708889, boat
yolo8-19, 05708889, boat
yolo10-19, 05708889, boat
yolo8-19, 75266045, car
yolo10-19, 75266045, car
yolo4-15, 75266045, car
yolo4-19, 75266045, car
yolo4-19, 59404740, car
yolo4-15, 59404740, car
yolo8-19, 59404740, car
yolo10-19, 59404740, car
yolo10-19, 10481407, car
yolo4-19, 10481407, car
yolo8-19, 10481407, car
yolo4-15, 10481407, car
yolo8-19, 93518795, car
yolo4-19, 93518795, car
yolo10-19, 93518795, car
yolo4-15, 93518795, car
yolo4-15, 66151795, car
yolo10-19, 66151795, car
yolo8-19, 66151795, car
yolo4-19, 66151795, car
yolo11-18, 55560087, car
yolo10-19, 75374530, car
yolo4-15, 75374530, car
yolo8-19, 75374530, car
yolo4-19, 75374530, car
yolo11-18, 43309214, car
yolo11-18, 45021784, car
yolo10-19, 41352615, car
yolo4-15, 41352615, car
yolo11-18, 59963514, car
yolo8-19, 41352615, car
yolo4-19, 41352615, car

========== Time: 24 ==========
yolo11-18, 95579694, car
yolo4-15, 87004689, car
yolo10-19, 87004689, car
yolo4-19, 87004689, car
yolo8-19, 87004689, car
yolo11-18, 05708889, boat
yolo8-19, 76992123, car
yolo10-19, 76992123, car
yolo4-15, 76992123, car
yolo4-19, 76992123, car
yolo11-18, 75266045, car
yolo11-18, 59404740, car
yolo8-19, 37866626, car
yolo4-15, 37866626, car
yolo4-19, 37866626, car
yolo10-19, 37866626, car
yolo11-18, 10481407, car
yolo11-18, 93518795, car
yolo8-19, 24116749, car
yolo4-19, 24116749, car
yolo4-15, 24116749, car
yolo10-19, 24116749, car
yolo11-18, 66151795, car
yolo11-18, 75374530, car
yolo4-15, 37615455, car
yolo8-19, 37615455, car
yolo10-19, 37615455, car
yolo4-19, 37615455, car
yolo11-18, 41352615, car
yolo11-18, 87004689, car
yolo8-19, 21981095, car
yolo4-19, 21981095, car
yolo4-15, 21981095, car
yolo10-19, 21981095, car
yolo3-22, 21981095, car
yolo11-18, 76992123, car
yolo4-15, 31518148, car
yolo8-19, 31518148, car
yolo4-19, 31518148, car
yolo11-18, 37866626, car
yolo10-19, 31518148, car
yolo3-22, 31518148, car
yolo11-18, 24116749, car
yolo10-19, 84980654, car
yolo4-19, 84980654, car
yolo4-15, 84980654, car
yolo8-19, 84980654, car
yolo3-22, 84980654, car
yolo11-18, 37615455, car
yolo11-18, 21981095, car
yolo4-19, 22851815, car
yolo10-19, 22851815, car
yolo8-19, 22851815, car
yolo3-22, 22851815, car
yolo4-15, 22851815, car
yolo11-18, 31518148, car
yolo11-18, 84980654, car
yolo3-22, 49457546, car
yolo4-15, 49457546, car
yolo4-19, 49457546, car
yolo8-19, 49457546, car
yolo10-19, 49457546, car
yolo11-18, 22851815, car
yolo11-18, 49457546, car
yolo10-19, 93675939, car
yolo4-19, 93675939, car
yolo3-22, 93675939, car
yolo8-19, 93675939, car
yolo4-15, 93675939, car
yolo11-18, 93675939, car
yolo8-19, 31853979, train
yolo11-18, 31853979, train
yolo4-19, 31853979, train
yolo10-19, 31853979, train
yolo4-15, 31853979, train
yolo3-22, 31853979, train
yolo8-19, 34358673, car
yolo4-15, 34358673, car
yolo11-18, 34358673, car
yolo4-19, 34358673, car
yolo10-19, 34358673, car
yolo3-22, 34358673, car
yolo3-22, 20203147, aeroplane
yolo8-19, 20203147, aeroplane
yolo10-19, 20203147, aeroplane
yolo4-19, 20203147, aeroplane
yolo11-18, 20203147, aeroplane
yolo4-15, 20203147, aeroplane
yolo3-22, 48156160, car
yolo4-15, 48156160, car
yolo11-18, 48156160, car
yolo4-19, 48156160, car
yolo10-19, 48156160, car
yolo8-19, 48156160, car
yolo3-22, 88127833, car
yolo4-19, 88127833, car
yolo10-19, 88127833, car
yolo8-19, 88127833, car
yolo4-15, 88127833, car
yolo11-18, 88127833, car
yolo11-18, 17526910, car
yolo3-22, 17526910, car
yolo4-15, 17526910, car
yolo10-19, 17526910, car
yolo8-19, 17526910, car
yolo4-19, 17526910, car

========== Time: 25 ==========
yolo11-18, 86552251, car
yolo8-19, 86552251, car
yolo10-19, 86552251, car
yolo3-22, 86552251, car
yolo11-18, 44693439, car
yolo8-19, 44693439, car
yolo3-22, 44693439, car
yolo10-19, 44693439, car
yolo10-19, 52822633, car
yolo11-18, 52822633, car
yolo8-19, 52822633, car
yolo3-22, 52822633, car
yolo4-15, 86552251, car
yolo4-19, 86552251, car
yolo8-19, 76685729, car
yolo3-22, 76685729, car
yolo11-18, 76685729, car
yolo10-19, 76685729, car
yolo4-15, 44693439, car
yolo4-19, 44693439, car
yolo11-18, 60172759, car
yolo8-19, 60172759, car
yolo10-19, 60172759, car
yolo3-22, 60172759, car
yolo4-19, 52822633, car
yolo4-15, 52822633, car
yolo8-19, 87538231, car
yolo3-22, 87538231, car
yolo11-18, 87538231, car
yolo10-19, 87538231, car
yolo4-19, 76685729, car
yolo4-15, 76685729, car
yolo3-22, 16147102, car
yolo11-18, 16147102, car
yolo4-19, 60172759, car
yolo8-19, 16147102, car
yolo4-15, 60172759, car
yolo10-19, 16147102, car
yolo4-19, 87538231, car
yolo4-15, 87538231, car
yolo3-22, 04455190, car
yolo11-18, 04455190, car
yolo8-19, 04455190, car
yolo10-19, 04455190, car
yolo4-19, 16147102, car
yolo4-19, 04455190, car
yolo10-19, 83805616, car
yolo11-18, 83805616, car
yolo3-22, 83805616, car
yolo8-19, 83805616, car
yolo4-19, 83805616, car
yolo11-18, 44080156, car
yolo8-19, 44080156, car
yolo3-22, 44080156, car
yolo10-19, 44080156, car
yolo4-19, 44080156, car
yolo11-18, 60447179, car
yolo8-19, 60447179, car
yolo10-19, 60447179, car
yolo3-22, 60447179, car
yolo4-19, 60447179, car
yolo8-23, 60447179, car
yolo3-22, 75353464, car
yolo8-19, 75353464, car
yolo4-19, 75353464, car
yolo12-19, 84980654, car
yolo11-18, 75353464, car
yolo8-23, 75353464, car
yolo10-19, 75353464, car
yolo10-19, 30698796, car
yolo8-19, 30698796, car
yolo8-23, 30698796, car
yolo11-18, 30698796, car
yolo3-22, 30698796, car
yolo4-19, 30698796, car
yolo8-19, 69498217, car
yolo8-23, 69498217, car
yolo4-19, 69498217, car
yolo12-19, 22851815, car
yolo3-22, 69498217, car
yolo11-18, 69498217, car
yolo10-19, 69498217, car
yolo12-19, 49457546, car

========== Time: 26 ==========
yolo8-19, 20719716, car
yolo3-22, 20719716, car
yolo11-18, 20719716, car
yolo8-23, 20719716, car
yolo12-19, 93675939, car
yolo4-19, 20719716, car
yolo10-19, 20719716, car
yolo12-19, 31853979, train
yolo11-18, 54691098, car
yolo8-23, 54691098, car
yolo8-19, 54691098, car
yolo3-22, 54691098, car
yolo10-19, 54691098, car
yolo12-19, 34358673, car
yolo4-19, 54691098, car
yolo3-22, 95005055, car
yolo4-19, 95005055, car
yolo10-19, 95005055, car
yolo11-18, 95005055, car
yolo10-19, 29753093, car
yolo8-23, 95005055, car
yolo8-19, 95005055, car
yolo11-18, 29753093, car
yolo3-22, 29753093, car
yolo12-19, 20203147, aeroplane
yolo8-19, 29753093, car
yolo8-23, 29753093, car
yolo10-19, 19995571, car
yolo8-19, 19995571, car
yolo8-23, 19995571, car
yolo3-22, 19995571, car
yolo11-18, 19995571, car
yolo8-19, 44552603, car
yolo10-19, 44552603, car
yolo8-23, 44552603, car
yolo11-18, 44552603, car
yolo3-22, 44552603, car
yolo12-19, 48156160, car
yolo8-19, 16091161, car
yolo12-19, 16091161, car
yolo11-18, 16091161, car
yolo10-19, 16091161, car
yolo8-23, 16091161, car
yolo3-22, 16091161, car
yolo3-22, 74229155, car
yolo10-19, 74229155, car
yolo12-19, 74229155, car
yolo8-19, 74229155, car
yolo8-23, 74229155, car
yolo11-18, 74229155, car
yolo11-18, 99471539, car
yolo3-22, 99471539, car
yolo10-19, 99471539, car
yolo12-19, 99471539, car
yolo8-19, 99471539, car
yolo8-23, 99471539, car
yolo3-22, 78094978, car
yolo8-23, 78094978, car
yolo11-18, 78094978, car
yolo12-19, 78094978, car
yolo10-19, 78094978, car
yolo8-23, 00072255, car
yolo4-19, 29753093, car
yolo11-18, 00072255, car
yolo3-22, 00072255, car
yolo10-19, 00072255, car
yolo12-19, 00072255, car
yolo4-19, 19995571, car
yolo11-18, 33936922, car
yolo12-19, 33936922, car
yolo10-19, 33936922, car
yolo3-22, 33936922, car
yolo4-19, 44552603, car
yolo8-23, 33936922, car
yolo4-19, 16091161, car
yolo11-18, 12901110, car
yolo10-19, 12901110, car
yolo12-19, 12901110, car
yolo3-22, 12901110, car
yolo8-23, 12901110, car
yolo4-19, 74229155, car
yolo10-19, 06126062, car
yolo4-19, 99471539, car
yolo8-23, 06126062, car
yolo12-19, 06126062, car
yolo11-18, 06126062, car
yolo3-22, 06126062, car
yolo4-19, 78094978, car
yolo3-22, 50386311, car
yolo11-18, 50386311, car
yolo12-19, 50386311, car
yolo8-23, 50386311, car
yolo10-19, 50386311, car
yolo4-19, 00072255, car
yolo3-22, 97528679, car
yolo8-23, 97528679, car
yolo12-19, 97528679, car
yolo11-18, 97528679, car
yolo4-19, 33936922, car
yolo10-19, 97528679, car
yolo8-23, 33375547, car
yolo4-19, 12901110, car
yolo3-22, 33375547, car
yolo11-18, 33375547, car
yolo12-19, 33375547, car
yolo10-19, 33375547, car
yolo4-19, 06126062, car
yolo8-23, 17500724, car
yolo12-19, 17500724, car
yolo11-18, 17500724, car
yolo10-19, 17500724, car
yolo3-22, 17500724, car
yolo4-19, 50386311, car
yolo8-23, 12794518, car
yolo3-22, 12794518, car
yolo11-18, 12794518, car
yolo4-19, 97528679, car
yolo12-19, 12794518, car
yolo10-19, 12794518, car
yolo4-19, 33375547, car
yolo3-22, 02479165, car
yolo12-19, 02479165, car
yolo11-18, 02479165, car
yolo8-23, 02479165, car
yolo10-19, 02479165, car
yolo4-19, 17500724, car
yolo4-19, 12794518, car
yolo11-18, 12468528, car
yolo8-23, 12468528, car
yolo3-22, 12468528, car
yolo10-19, 12468528, car
yolo12-19, 12468528, car
yolo4-19, 02479165, car
yolo4-19, 12468528, car
yolo10-19, 52954106, car
yolo8-23, 52954106, car
yolo11-18, 52954106, car
yolo12-19, 52954106, car
yolo3-22, 52954106, car
yolo4-19, 52954106, car
yolo10-19, 08421223, car
yolo8-23, 08421223, car
yolo12-19, 08421223, car
yolo11-18, 08421223, car
yolo3-22, 08421223, car
yolo4-19, 08421223, car
yolo12-19, 64264336, sofa
yolo11-18, 64264336, sofa
yolo10-19, 64264336, sofa
yolo3-22, 64264336, sofa
yolo8-23, 64264336, sofa
yolo4-19, 64264336, sofa
yolo3-22, 89784877, car
yolo10-19, 89784877, car
yolo8-23, 89784877, car
yolo12-19, 89784877, car
yolo11-18, 89784877, car
yolo4-19, 89784877, car
yolo12-19, 15601666, car
yolo11-18, 15601666, car
yolo8-23, 15601666, car
yolo10-19, 15601666, car
yolo3-22, 15601666, car
yolo4-19, 15601666, car
yolo12-19, 65559779, car
yolo11-18, 65559779, car
yolo3-22, 65559779, car
yolo10-19, 65559779, car
yolo8-23, 65559779, car
yolo3-22, 24066121, car
yolo12-19, 24066121, car
yolo11-18, 24066121, car
yolo4-19, 65559779, car
yolo10-19, 24066121, car
yolo8-23, 24066121, car
yolo10-19, 55356897, car
yolo4-19, 24066121, car
yolo12-19, 55356897, car
yolo11-18, 55356897, car
yolo8-23, 55356897, car
yolo3-22, 55356897, car
yolo4-19, 55356897, car
yolo3-22, 01158806, car
yolo10-19, 01158806, car
yolo4-19, 01158806, car
yolo8-23, 01158806, car
yolo11-18, 01158806, car
yolo12-19, 01158806, car
yolo3-22, 73260602, car
yolo10-19, 73260602, car
yolo4-19, 73260602, car
yolo8-23, 73260602, car
yolo12-19, 73260602, car
yolo11-18, 73260602, car
yolo11-18, 81422054, car
yolo4-19, 81422054, car
yolo12-19, 81422054, car
yolo8-23, 81422054, car
yolo3-22, 81422054, car
yolo10-19, 81422054, car
yolo4-19, 43577762, car
yolo11-18, 43577762, car
yolo12-19, 43577762, car
yolo3-22, 43577762, car
yolo8-23, 43577762, car
yolo10-19, 43577762, car
yolo12-19, 31080245, car
yolo3-22, 31080245, car
yolo11-18, 31080245, car
yolo4-19, 31080245, car
yolo10-19, 31080245, car

========== Time: 27 ==========
yolo3-22, 56295287, car
yolo11-18, 56295287, car
yolo8-23, 31080245, car
yolo10-19, 56295287, car
yolo12-19, 56295287, car
yolo4-19, 56295287, car
yolo8-23, 56295287, car
yolo4-19, 04988480, car
yolo10-19, 04988480, car
yolo3-22, 04988480, car
yolo12-19, 04988480, car
yolo11-18, 04988480, car
yolo8-23, 04988480, car
yolo4-19, 04323727, car
yolo11-18, 04323727, car
yolo12-19, 04323727, car
yolo3-22, 04323727, car
yolo10-19, 04323727, car
yolo8-23, 04323727, car
yolo10-19, 94775361, car
yolo11-18, 94775361, car
yolo3-22, 94775361, car
yolo8-23, 94775361, car
yolo4-19, 94775361, car
yolo12-19, 94775361, car
yolo3-22, 45592187, car
yolo8-23, 45592187, car
yolo4-19, 45592187, car
yolo11-18, 45592187, car
yolo12-19, 45592187, car

========== Time: 28 ==========
yolo3-22, 73900345, car
yolo12-19, 73900345, car
yolo10-19, 45592187, car
yolo4-19, 73900345, car
yolo11-18, 73900345, car
yolo12-19, 20924053, car
yolo4-19, 20924053, car
yolo3-22, 20924053, car
yolo11-18, 20924053, car
yolo10-19, 73900345, car
yolo8-23, 73900345, car
yolo10-19, 20924053, car
yolo4-19, 30948868, car
yolo3-22, 30948868, car
yolo11-18, 30948868, car
yolo8-23, 20924053, car
yolo12-19, 30948868, car
yolo10-19, 30948868, car
yolo8-23, 30948868, car
yolo3-22, 47217342, car
yolo12-19, 47217342, car
yolo10-19, 47217342, car
yolo4-19, 47217342, car
yolo8-23, 47217342, car
yolo4-19, 87614855, car
yolo3-22, 87614855, car
yolo8-23, 87614855, car
yolo12-19, 87614855, car
yolo10-19, 87614855, car
yolo12-19, 23853784, car
yolo8-23, 23853784, car
yolo10-19, 23853784, car
yolo4-19, 23853784, car
yolo3-22, 23853784, car
yolo10-19, 46011242, car
yolo4-19, 46011242, car
yolo12-19, 46011242, car
yolo8-23, 46011242, car
yolo3-22, 46011242, car
yolo4-19, 64273485, car
yolo8-23, 64273485, car
yolo12-19, 64273485, car
yolo3-22, 64273485, car
yolo10-19, 64273485, car
yolo3-22, 59806537, car
yolo8-23, 59806537, car
yolo12-19, 59806537, car
yolo10-19, 59806537, car
yolo4-19, 59806537, car
yolo10-19, 53781217, car
yolo4-19, 53781217, car
yolo8-23, 53781217, car
yolo12-19, 53781217, car
yolo12-19, 08212750, car
yolo8-23, 08212750, car
yolo4-19, 08212750, car
yolo8-23, 25908205, car
yolo12-19, 25908205, car
yolo4-19, 25908205, car
yolo8-23, 57125639, car
yolo4-19, 57125639, car
yolo12-19, 57125639, car
yolo8-23, 58209491, car
yolo4-19, 58209491, car
yolo12-19, 58209491, car
yolo8-23, 84961458, car
yolo4-19, 84961458, car
yolo12-19, 84961458, car
yolo8-23, 95682648, car
yolo4-19, 95682648, car
yolo12-19, 95682648, car

========== Time: 29 ==========
yolo8-23, 37095564, car
yolo4-19, 37095564, car
yolo12-19, 37095564, car
yolo8-23, 22595361, car
yolo12-19, 22595361, car
yolo4-19, 22595361, car
yolo8-23, 05873899, car
yolo12-19, 05873899, car
yolo4-19, 05873899, car
yolo8-23, 12719948, car
yolo12-19, 12719948, car
yolo4-19, 12719948, car
yolo12-19, 47338336, car
yolo8-23, 47338336, car
yolo4-19, 47338336, car
yolo8-23, 31316711, car
yolo4-19, 31316711, car
yolo12-19, 31316711, car
yolo8-23, 24819844, car
yolo4-19, 24819844, car
yolo12-19, 24819844, car
yolo12-19, 01842369, car
yolo8-23, 01842369, car
yolo4-19, 01842369, car
yolo12-19, 41304783, car
yolo8-23, 41304783, car
yolo4-19, 41304783, car
yolo8-23, 58951487, car
yolo4-19, 58951487, car
yolo12-19, 58951487, car
yolo12-19, 91315497, car
yolo8-23, 91315497, car
yolo4-19, 91315497, car
yolo8-23, 63062021, car
yolo12-19, 63062021, car
yolo8-23, 87077614, car
yolo12-19, 87077614, car
yolo6-23, 25908205, car
yolo8-23, 72983957, car
yolo12-19, 72983957, car
yolo6-23, 57125639, car
yolo6-23, 58209491, car
yolo8-23, 34087412, car
yolo12-19, 34087412, car
yolo6-23, 84961458, car
yolo6-23, 95682648, car
yolo12-19, 00854898, sofa
yolo8-23, 00854898, sofa

========== Time: 30 ==========
yolo6-23, 37095564, car
yolo6-23, 22595361, car
yolo12-19, 25119576, car
yolo8-23, 25119576, car
yolo6-23, 05873899, car
yolo6-23, 12719948, car
yolo12-19, 14040129, car
yolo8-23, 14040129, car
yolo2-22, 22595361, car
yolo6-23, 47338336, car
yolo8-23, 20786801, car
yolo12-19, 20786801, car
yolo2-22, 05873899, car
yolo6-23, 31316711, car
yolo2-22, 12719948, car
yolo6-23, 24819844, car
yolo8-23, 89532082, car
yolo12-19, 89532082, car
yolo2-22, 47338336, car
yolo6-23, 01842369, car
yolo2-22, 31316711, car
yolo6-23, 41304783, car
yolo8-23, 96424047, car
yolo12-19, 96424047, car
yolo2-22, 24819844, car
yolo6-23, 58951487, car
yolo2-22, 01842369, car
yolo6-23, 91315497, car
yolo12-19, 93963591, car
yolo2-22, 41304783, car
yolo8-23, 93963591, car
yolo6-23, 63062021, car
yolo2-22, 58951487, car
yolo6-23, 87077614, car
yolo2-22, 91315497, car
yolo8-23, 76910683, car
yolo12-19, 76910683, car
yolo6-23, 72983957, car
yolo2-22, 63062021, car
yolo2-22, 87077614, car
yolo6-23, 34087412, car
yolo12-19, 81752664, train
yolo8-23, 81752664, train
yolo2-22, 72983957, car
yolo6-23, 00854898, sofa
yolo8-23, 64864318, sofa
yolo2-22, 34087412, car
yolo6-23, 25119576, car
yolo6-23, 14040129, car
yolo2-22, 00854898, sofa
yolo8-23, 80481972, aeroplane
yolo2-22, 25119576, car
yolo6-23, 20786801, car
yolo8-23, 40177003, car
yolo6-23, 89532082, car
yolo2-22, 14040129, car
yolo6-23, 96424047, car
yolo8-23, 63593966, car
yolo2-22, 20786801, car
yolo2-22, 89532082, car
yolo6-23, 93963591, car
yolo8-23, 65305886, car
yolo6-23, 76910683, car
yolo2-22, 96424047, car
yolo6-23, 81752664, train
yolo2-22, 93963591, car
yolo8-23, 10518731, car
yolo6-23, 64864318, sofa
yolo2-22, 76910683, car
yolo2-22, 81752664, train
yolo6-23, 80481972, aeroplane
yolo8-23, 14347957, car
yolo2-22, 64864318, sofa
yolo6-23, 40177003, car
yolo2-22, 80481972, aeroplane
yolo6-23, 63593966, car
yolo8-23, 30974052, car
yolo2-22, 40177003, car
yolo6-23, 65305886, car
yolo2-22, 63593966, car
yolo8-23, 89600670, car
yolo6-23, 10518731, car
yolo2-22, 65305886, car
yolo2-22, 10518731, car
yolo6-23, 14347957, car
yolo8-23, 59207866, car
yolo2-22, 14347957, car
yolo6-23, 30974052, car
yolo2-22, 30974052, car
yolo6-23, 89600670, car
yolo8-23, 45015088, car
yolo2-22, 89600670, car
yolo6-23, 59207866, car
yolo2-22, 59207866, car
yolo6-23, 45015088, car
yolo2-22, 45015088, car
yolo8-23, 65339774, car
yolo6-23, 65339774, car
yolo2-22, 65339774, car
yolo6-23, 19759154, car
yolo2-22, 19759154, car
yolo8-23, 19759154, car
yolo8-23, 87505862, car
yolo2-22, 87505862, car
yolo6-23, 87505862, car
yolo2-22, 61689404, car
yolo8-23, 61689404, car
yolo6-23, 61689404, car
yolo2-22, 78888759, car
yolo6-23, 78888759, car
yolo8-23, 78888759, car
yolo8-23, 00793708, car
yolo2-22, 00793708, car
yolo6-23, 00793708, car
yolo6-23, 29617193, car
yolo8-23, 29617193, car
yolo2-22, 29617193, car
yolo8-23, 60779369, car
yolo2-22, 60779369, car
yolo6-23, 60779369, car
yolo8-23, 96935343, car
yolo6-23, 96935343, car
yolo2-22, 96935343, car
yolo2-22, 03478588, car
yolo8-23, 03478588, car
yolo6-23, 03478588, car
yolo8-23, 56073406, car
yolo2-22, 56073406, car
yolo6-23, 56073406, car
yolo6-23, 67614925, car
yolo2-22, 67614925, car
yolo8-23, 67614925, car
yolo2-22, 24295434, car
yolo8-23, 24295434, car
yolo6-23, 24295434, car
yolo2-28, 24295434, car
