
========== Time: 0 ==========

========== Time: 1 ==========

========== Time: 2 ==========

========== Time: 3 ==========

========== Time: 4 ==========

========== Time: 5 ==========
yolo9-2, 57477294, car
yolo9-2, 84352987, car
yolo9-2, 43138545, car
yolo9-2, 73676832, car

========== Time: 6 ==========
yolo9-2, 81336948, car
yolo9-2, 34583291, car
yolo9-2, 61547515, car
yolo9-2, 34099280, car
yolo9-2, 81814608, car
yolo9-2, 69701078, car
yolo9-2, 95227608, aeroplane
yolo9-2, 80346351, car
yolo9-2, 08640120, bottle
yolo9-2, 78896724, car
yolo9-2, 66806757, car
yolo8-1, 61547515, car
yolo9-2, 50850868, car
yolo9-2, 26122529, car
yolo8-1, 34099280, car
yolo9-2, 11364155, car
yolo8-1, 81814608, car
yolo9-2, 86034324, sofa
yolo8-1, 69701078, car
yolo9-2, 32595510, sofa
yolo8-1, 95227608, aeroplane
yolo9-2, 75901716, sofa
yolo8-1, 80346351, car
yolo9-2, 23200861, sofa
yolo8-1, 08640120, bottle
yolo9-2, 34003624, car
yolo8-1, 78896724, car
yolo9-2, 83718588, aeroplane
yolo8-1, 66806757, car
yolo9-2, 41830115, car
yolo9-2, 75081203, sofa
yolo9-2, 23568856, bottle
yolo9-2, 60079474, bottle
yolo9-2, 52689981, car
yolo9-2, 88815945, car
yolo9-2, 00593404, car
yolo9-2, 81468996, bird
yolo9-2, 62407518, aeroplane
yolo9-2, 14779764, aeroplane

========== Time: 7 ==========
yolo9-2, 39827598, car
yolo9-2, 35100509, car
yolo9-2, 42042582, train
yolo9-2, 17358667, car
yolo9-2, 29586319, car
yolo9-2, 39233136, car
yolo9-2, 31303552, car
yolo9-2, 42072143, bottle
yolo9-2, 51113945, car
yolo9-2, 82279462, car
yolo9-2, 33094388, car
yolo9-2, 04805821, aeroplane
yolo9-2, 79232880, car
yolo9-2, 78052034, car
yolo9-2, 18854531, car
yolo9-2, 73917920, aeroplane

========== Time: 8 ==========
yolo9-2, 53153985, sofa
yolo9-2, 21419984, car
yolo9-2, 14118204, car
yolo9-2, 79230403, train
yolo9-2, 43741458, sofa
yolo9-2, 99830435, sofa
yolo9-2, 00909004, car
yolo2-2, 51113945, car
yolo2-6, 39945026, car
yolo9-2, 39945026, car
yolo2-2, 82279462, car
yolo2-6, 15099705, car
yolo9-2, 15099705, car
yolo2-2, 33094388, car
yolo2-2, 04805821, aeroplane
yolo9-2, 68216256, car
yolo2-6, 68216256, car
yolo2-2, 79232880, car
yolo2-2, 78052034, car
yolo9-2, 15347956, car
yolo2-6, 15347956, car
yolo2-2, 18854531, car
yolo2-6, 43524940, car
yolo9-2, 43524940, car
yolo2-2, 73917920, aeroplane
yolo2-2, 53153985, sofa
yolo2-6, 43058791, train
yolo9-2, 43058791, train
yolo2-2, 21419984, car
yolo2-2, 14118204, car
yolo2-6, 75757325, car
yolo9-2, 75757325, car
yolo2-2, 79230403, train
yolo2-6, 48502578, car
yolo2-2, 43741458, sofa
yolo9-2, 48502578, car

========== Time: 9 ==========
yolo2-2, 99830435, sofa
yolo9-2, 84984821, car
yolo2-6, 84984821, car
yolo2-2, 00909004, car
yolo2-2, 39945026, car
yolo2-6, 27221526, car
yolo9-2, 27221526, car
yolo2-2, 15099705, car
yolo2-2, 68216256, car
yolo9-2, 50038444, car
yolo2-6, 50038444, car
yolo2-2, 15347956, car
yolo2-6, 85630225, car
yolo9-2, 85630225, car
yolo2-2, 43524940, car
yolo2-2, 43058791, train
yolo9-2, 12805740, aeroplane
yolo2-6, 12805740, aeroplane
yolo2-2, 75757325, car
yolo2-2, 48502578, car
yolo9-2, 45672721, car
yolo2-6, 45672721, car
yolo2-2, 84984821, car
yolo2-2, 27221526, car
yolo2-6, 76995106, car
yolo9-2, 76995106, car
yolo2-2, 50038444, car
yolo2-2, 85630225, car
yolo9-2, 86305531, boat
yolo2-6, 86305531, boat
yolo2-2, 12805740, aeroplane
yolo9-2, 39118364, train
yolo9-2, 33221613, sofa
yolo9-2, 07319108, train
yolo9-2, 50537945, car
yolo9-2, 39318414, car
yolo9-2, 63693559, car
yolo9-2, 99846262, car
yolo9-2, 76014879, car
yolo9-2, 09132867, car
yolo9-2, 37023363, car
yolo9-2, 20803561, car
yolo9-2, 18500722, car
yolo9-2, 02698833, car
yolo9-2, 72454807, car
yolo9-2, 57462850, sofa
yolo9-2, 54831171, car
yolo9-2, 04998859, car
yolo9-2, 89608442, car
yolo9-2, 66179513, car
yolo9-2, 49310245, car
yolo9-2, 79637190, aeroplane

========== Time: 10 ==========
yolo9-2, 80967968, car
yolo9-2, 31228072, car
yolo9-2, 12160704, car
yolo9-2, 56332543, car
yolo9-2, 72032542, car
yolo9-2, 78204432, car
yolo9-2, 97410152, car
yolo4-7, 59994796, car
yolo4-7, 11880777, train
yolo4-7, 88955742, car
yolo4-7, 43657415, car
yolo4-7, 95854971, car
yolo4-7, 33523054, car
yolo4-7, 45962211, car
yolo4-7, 48749749, car
yolo4-7, 40031902, car
yolo4-7, 74779366, car
yolo4-7, 61680565, car
yolo6-10, 40031902, car
yolo4-7, 27099517, car
yolo6-10, 74779366, car
yolo6-10, 61680565, car
yolo4-7, 74276931, car
yolo6-10, 27099517, car
yolo6-10, 74276931, car
yolo4-7, 17811158, car
yolo6-10, 17811158, car
yolo4-7, 22198934, car
yolo7-6, 61680565, car
yolo6-10, 22198934, car
yolo7-6, 27099517, car
yolo7-6, 74276931, car
yolo4-7, 97111939, car
yolo6-10, 97111939, car
yolo7-6, 17811158, car
yolo7-6, 22198934, car
yolo4-7, 96912506, car
yolo6-10, 96912506, car
yolo7-6, 97111939, car
yolo7-6, 96912506, car
yolo6-10, 76610446, car
yolo7-6, 76610446, car
yolo4-7, 76610446, car
yolo7-6, 19903730, car
yolo6-10, 19903730, car
yolo12-6, 74276931, car
yolo12-2, 74276931, car
yolo4-7, 19903730, car
yolo12-6, 17811158, car
yolo12-2, 17811158, car
yolo4-7, 12714221, car
yolo7-6, 12714221, car
yolo6-10, 12714221, car
yolo12-6, 22198934, car
yolo12-2, 22198934, car
yolo12-6, 97111939, car
yolo12-2, 97111939, car
yolo7-6, 56572136, car
yolo4-7, 56572136, car
yolo6-10, 56572136, car
yolo12-6, 96912506, car
yolo12-2, 96912506, car
yolo12-6, 76610446, car
yolo12-2, 76610446, car
yolo7-6, 58567600, car
yolo4-7, 58567600, car
yolo6-10, 58567600, car
yolo12-6, 19903730, car
yolo12-2, 19903730, car
yolo8-7, 12714221, car
yolo12-6, 12714221, car
yolo12-2, 12714221, car
yolo8-7, 56572136, car
yolo4-7, 74809390, car
yolo7-6, 74809390, car
yolo6-10, 74809390, car
yolo12-6, 56572136, car
yolo12-2, 56572136, car
yolo8-7, 58567600, car
yolo12-6, 58567600, car
yolo12-2, 58567600, car
yolo8-7, 74809390, car
yolo7-6, 24503567, car
yolo4-7, 24503567, car
yolo6-10, 24503567, car
yolo12-6, 74809390, car
yolo12-2, 74809390, car
yolo8-7, 24503567, car
yolo12-6, 24503567, car
yolo12-2, 24503567, car
yolo7-6, 53276533, car
yolo6-10, 53276533, car
yolo4-7, 53276533, car
yolo8-7, 53276533, car
yolo12-6, 53276533, car
yolo12-2, 53276533, car
yolo12-2, 51949135, car
yolo12-6, 51949135, car
yolo6-10, 51949135, car
yolo7-6, 51949135, car
yolo8-7, 51949135, car
yolo4-7, 51949135, car
yolo4-7, 69018542, car
yolo8-7, 69018542, car
yolo7-6, 69018542, car
yolo6-10, 69018542, car
yolo12-2, 69018542, car
yolo12-6, 69018542, car
yolo4-7, 10563654, car
yolo7-6, 10563654, car
yolo8-7, 10563654, car
yolo6-10, 10563654, car
yolo12-2, 10563654, car
yolo12-6, 10563654, car
yolo10-10, 53276533, car
yolo10-10, 51949135, car
yolo12-6, 37265774, car
yolo12-2, 37265774, car
yolo4-7, 37265774, car
yolo8-7, 37265774, car
yolo6-10, 37265774, car
yolo7-6, 37265774, car
yolo10-10, 69018542, car
yolo10-10, 10563654, car
yolo12-2, 30030756, car
yolo4-7, 30030756, car
yolo7-6, 30030756, car
yolo12-6, 30030756, car
yolo6-10, 30030756, car
yolo8-7, 30030756, car
yolo10-10, 37265774, car
yolo10-10, 30030756, car
yolo7-6, 48830979, car
yolo12-2, 48830979, car
yolo8-7, 48830979, car
yolo12-6, 48830979, car
yolo6-10, 48830979, car
yolo4-7, 48830979, car
yolo10-10, 48830979, car

========== Time: 11 ==========
yolo8-7, 79137840, car
yolo7-6, 79137840, car
yolo4-7, 79137840, car
yolo6-10, 79137840, car
yolo10-10, 79137840, car
yolo12-2, 79137840, car
yolo12-6, 79137840, car
yolo7-6, 73350151, car
yolo8-7, 73350151, car
yolo4-7, 73350151, car
yolo10-10, 73350151, car
yolo6-10, 73350151, car
yolo12-2, 73350151, car
yolo12-6, 73350151, car
yolo12-6, 15218123, car
yolo12-2, 15218123, car
yolo10-10, 15218123, car
yolo4-7, 15218123, car
yolo7-6, 15218123, car
yolo8-7, 15218123, car
yolo6-10, 15218123, car
yolo4-7, 37747883, car
yolo12-6, 37747883, car
yolo10-10, 37747883, car
yolo12-2, 37747883, car
yolo6-10, 37747883, car
yolo7-6, 37747883, car
yolo8-7, 37747883, car
yolo10-10, 91419878, car
yolo12-6, 91419878, car
yolo8-7, 91419878, car
yolo6-10, 91419878, car
yolo12-2, 91419878, car
yolo7-6, 91419878, car
yolo4-7, 91419878, car
yolo12-2, 56424196, car
yolo7-6, 56424196, car
yolo4-7, 56424196, car
yolo10-10, 56424196, car
yolo8-7, 56424196, car
yolo12-6, 56424196, car
yolo6-10, 56424196, car
yolo6-10, 28050420, car
yolo4-7, 28050420, car
yolo10-10, 28050420, car
yolo7-6, 28050420, car
yolo8-7, 28050420, car
yolo12-2, 28050420, car
yolo12-6, 28050420, car
yolo12-2, 38106465, car
yolo12-6, 38106465, car
yolo8-7, 38106465, car
yolo7-6, 38106465, car
yolo10-10, 38106465, car
yolo4-7, 38106465, car
yolo6-10, 38106465, car
yolo10-10, 68095105, car
yolo12-6, 68095105, car
yolo4-7, 68095105, car
yolo7-6, 68095105, car
yolo12-2, 68095105, car
yolo8-7, 68095105, car
yolo6-10, 68095105, car
yolo12-2, 46805575, car
yolo6-10, 46805575, car
yolo7-6, 46805575, car
yolo12-6, 46805575, car
yolo8-7, 46805575, car
yolo10-10, 46805575, car
yolo4-7, 46805575, car
yolo4-7, 10611875, car
yolo12-6, 10611875, car
yolo10-10, 10611875, car
yolo7-6, 10611875, car
yolo12-2, 10611875, car
yolo6-10, 10611875, car
yolo8-7, 10611875, car
yolo4-7, 67415262, car
yolo8-7, 67415262, car
yolo7-6, 67415262, car
yolo12-6, 67415262, car
yolo12-2, 67415262, car
yolo6-10, 67415262, car
yolo10-10, 67415262, car
yolo7-6, 77832684, car
yolo8-7, 77832684, car
yolo4-7, 77832684, car
yolo12-2, 77832684, car
yolo12-6, 77832684, car
yolo6-10, 77832684, car
yolo10-10, 77832684, car
yolo10-10, 31916203, car
yolo12-2, 31916203, car
yolo4-7, 31916203, car
yolo12-6, 31916203, car
yolo6-10, 31916203, car
yolo7-6, 31916203, car
yolo8-7, 31916203, car
yolo7-6, 81457686, car
yolo8-7, 81457686, car
yolo12-2, 81457686, car
yolo12-6, 81457686, car
yolo6-10, 81457686, car
yolo10-10, 81457686, car
yolo4-7, 81457686, car
yolo7-6, 52775169, car
yolo6-10, 52775169, car
yolo12-6, 52775169, car
yolo10-10, 52775169, car
yolo12-2, 52775169, car
yolo4-7, 52775169, car
yolo8-7, 52775169, car

========== Time: 12 ==========
yolo6-10, 24749229, sofa
yolo7-6, 24749229, sofa
yolo12-2, 24749229, sofa
yolo12-6, 24749229, sofa
yolo4-7, 24749229, sofa
yolo10-10, 24749229, sofa
yolo8-7, 24749229, sofa
yolo10-10, 50214372, train
yolo7-6, 50214372, train
yolo8-7, 50214372, train
yolo4-7, 50214372, train
yolo12-6, 50214372, train
yolo12-2, 50214372, train
yolo6-10, 50214372, train
yolo10-10, 19310305, car
yolo7-6, 19310305, car
yolo4-7, 19310305, car
yolo8-7, 19310305, car
yolo12-6, 19310305, car
yolo12-2, 19310305, car
yolo6-10, 19310305, car
yolo7-6, 20039796, car
yolo6-10, 20039796, car
yolo8-7, 20039796, car
yolo12-6, 20039796, car
yolo10-10, 20039796, car
yolo4-7, 20039796, car
yolo12-2, 20039796, car
yolo4-7, 69144570, car
yolo8-7, 69144570, car
yolo7-6, 69144570, car
yolo6-10, 69144570, car
yolo12-6, 69144570, car
yolo12-2, 69144570, car
yolo10-10, 69144570, car
yolo4-7, 25283101, car
yolo12-2, 25283101, car
yolo12-6, 25283101, car
yolo6-10, 25283101, car
yolo7-6, 25283101, car
yolo8-7, 25283101, car
yolo10-10, 25283101, car
yolo4-7, 73690607, boat
yolo10-10, 73690607, boat
yolo8-7, 73690607, boat
yolo12-6, 73690607, boat
yolo12-2, 73690607, boat
yolo7-6, 73690607, boat
yolo6-10, 73690607, boat
yolo7-6, 74055911, car
yolo6-10, 74055911, car
yolo8-7, 74055911, car
yolo4-7, 74055911, car
yolo12-2, 74055911, car
yolo12-6, 74055911, car
yolo10-10, 74055911, car
yolo8-7, 22405695, aeroplane
yolo7-6, 22405695, aeroplane
yolo6-10, 22405695, aeroplane
yolo12-6, 22405695, aeroplane
yolo10-10, 22405695, aeroplane
yolo7-6, 68893659, car
yolo8-7, 68893659, car
yolo12-6, 68893659, car
yolo6-10, 68893659, car
yolo10-10, 68893659, car
yolo7-6, 77587228, car
yolo8-7, 77587228, car
yolo12-6, 77587228, car
yolo6-10, 77587228, car
yolo10-10, 77587228, car
yolo7-6, 02018304, car
yolo8-7, 02018304, car
yolo12-6, 02018304, car
yolo10-10, 02018304, car
yolo6-10, 02018304, car
yolo7-6, 83284432, aeroplane
yolo8-7, 83284432, aeroplane
yolo6-10, 83284432, aeroplane
yolo10-10, 83284432, aeroplane
yolo12-6, 83284432, aeroplane
yolo7-6, 09691101, car
yolo8-7, 09691101, car
yolo12-6, 09691101, car
yolo6-10, 09691101, car
yolo10-10, 09691101, car
yolo7-6, 20909740, car
yolo8-7, 20909740, car
yolo12-6, 20909740, car
yolo6-10, 20909740, car
yolo10-10, 20909740, car
yolo7-6, 93508183, car
yolo6-10, 93508183, car
yolo12-6, 93508183, car
yolo10-10, 93508183, car
yolo8-7, 93508183, car
yolo7-6, 21884609, car
yolo12-6, 21884609, car
yolo10-10, 21884609, car
yolo6-10, 21884609, car
yolo8-7, 21884609, car

========== Time: 13 ==========
yolo6-10, 83803527, car
yolo7-6, 83803527, car
yolo8-7, 83803527, car
yolo12-6, 83803527, car
yolo10-10, 83803527, car
yolo8-7, 26924647, bottle
yolo7-6, 26924647, bottle
yolo12-6, 26924647, bottle
yolo6-10, 26924647, bottle
yolo10-10, 26924647, bottle
yolo8-7, 01959646, aeroplane
yolo10-10, 01959646, aeroplane
yolo7-6, 01959646, aeroplane
yolo6-10, 01959646, aeroplane
yolo12-6, 01959646, aeroplane
yolo7-6, 61901656, car
yolo8-7, 61901656, car
yolo12-6, 61901656, car
yolo10-10, 61901656, car
yolo6-10, 61901656, car
yolo8-7, 38958261, bottle
yolo7-6, 38958261, bottle
yolo12-6, 38958261, bottle
yolo10-10, 38958261, bottle
yolo6-10, 38958261, bottle
yolo7-6, 48179855, sofa
yolo12-6, 48179855, sofa
yolo8-7, 48179855, sofa
yolo10-10, 48179855, sofa
yolo6-10, 48179855, sofa
yolo6-10, 78969745, train
yolo8-7, 78969745, train
yolo10-10, 78969745, train
yolo12-6, 78969745, train
yolo10-10, 18717553, car
yolo6-10, 18717553, car
yolo8-7, 18717553, car
yolo12-6, 18717553, car
yolo12-6, 48449659, car
yolo10-10, 48449659, car
yolo6-10, 48449659, car
yolo8-7, 48449659, car
yolo12-6, 15860310, car
yolo8-7, 15860310, car
yolo10-10, 15860310, car
yolo6-10, 15860310, car
yolo6-10, 40892829, bottle
yolo8-7, 40892829, bottle
yolo12-6, 40892829, bottle
yolo10-10, 40892829, bottle
yolo6-10, 89846009, boat
yolo8-7, 89846009, boat
yolo12-6, 89846009, boat
yolo10-10, 89846009, boat
yolo8-7, 42809518, car
yolo10-10, 42809518, car
yolo6-10, 42809518, car
yolo12-6, 42809518, car
yolo10-10, 75697098, car
yolo12-6, 75697098, car
yolo8-7, 75697098, car
yolo6-10, 75697098, car
yolo8-7, 60810827, car
yolo6-10, 60810827, car
yolo10-10, 60810827, car
yolo12-6, 60810827, car
yolo8-7, 55074074, car
yolo12-6, 55074074, car
yolo10-10, 55074074, car
yolo6-10, 55074074, car

========== Time: 14 ==========
yolo8-7, 24956114, car
yolo6-10, 24956114, car
yolo12-6, 24956114, car
yolo10-10, 24956114, car
yolo12-6, 59619188, car
yolo8-7, 59619188, car
yolo6-10, 59619188, car
yolo10-10, 59619188, car
yolo8-7, 83337056, car
yolo10-10, 83337056, car
yolo6-10, 83337056, car
yolo12-6, 83337056, car
yolo12-6, 17358053, car
yolo8-7, 17358053, car
yolo10-10, 17358053, car
yolo6-10, 17358053, car
yolo10-10, 70574464, car
yolo12-6, 70574464, car
yolo8-7, 70574464, car
yolo6-10, 70574464, car
yolo10-10, 62940649, car
yolo8-7, 62940649, car
yolo12-6, 62940649, car
yolo6-10, 62940649, car
yolo12-6, 84370684, car
yolo6-10, 84370684, car
yolo8-7, 84370684, car
yolo10-10, 84370684, car
yolo12-6, 25470239, car
yolo6-10, 25470239, car
yolo10-10, 25470239, car
yolo8-7, 25470239, car
yolo8-7, 11538678, car
yolo12-6, 11538678, car
yolo10-10, 11538678, car
yolo6-10, 11538678, car
yolo8-7, 98569512, car
yolo12-6, 98569512, car
yolo6-10, 98569512, car
yolo10-10, 98569512, car
yolo6-10, 30299280, car
yolo10-10, 30299280, car
yolo10-10, 68050186, car
yolo6-10, 68050186, car
yolo6-10, 51836667, car
yolo10-10, 51836667, car
yolo10-10, 90592390, car
yolo6-10, 90592390, car
yolo6-10, 01773697, car
yolo10-10, 01773697, car
yolo6-10, 30879727, car
yolo10-10, 30879727, car
yolo6-10, 44966860, car
yolo10-10, 44966860, car
yolo6-10, 36371266, car
yolo10-10, 36371266, car
yolo10-10, 01972607, car
yolo6-10, 01972607, car
yolo6-10, 85114841, car
yolo10-10, 85114841, car
yolo10-10, 23797572, car
yolo6-10, 23797572, car

========== Time: 15 ==========
yolo10-10, 67570114, car
yolo6-10, 67570114, car
yolo10-10, 60980799, car
yolo6-10, 60980799, car
yolo10-10, 59047175, car
yolo6-10, 59047175, car
yolo6-10, 92414399, car
yolo10-10, 92414399, car
yolo6-10, 77438273, car
yolo10-10, 77438273, car
yolo6-10, 11738156, car
yolo10-10, 11738156, car
yolo6-10, 64323518, car
yolo10-10, 64323518, car
yolo6-10, 65883897, car
yolo10-10, 65883897, car
yolo6-10, 96344944, car
yolo10-10, 96344944, car
yolo6-10, 25214237, car
yolo10-10, 25214237, car
yolo6-10, 41723115, car
yolo10-10, 41723115, car
yolo6-10, 21723992, car
yolo10-10, 21723992, car
yolo10-10, 25639544, car
yolo6-10, 25639544, car
yolo6-10, 59670605, car
yolo10-10, 59670605, car
yolo6-10, 59159274, car
yolo10-10, 59159274, car
yolo10-10, 58656214, car
yolo6-10, 58656214, car
yolo6-10, 10488362, car
yolo10-10, 10488362, car
yolo6-10, 01469874, car
yolo10-10, 01469874, car
yolo6-10, 07364589, car
yolo10-10, 07364589, car
yolo6-10, 38209837, car
yolo10-10, 38209837, car
yolo6-10, 40748764, car
yolo10-10, 40748764, car
yolo6-10, 21957870, car
yolo10-10, 21957870, car
yolo10-10, 60435520, car
yolo6-10, 60435520, car
yolo10-10, 14742868, car
yolo6-10, 14742868, car
yolo6-10, 25125482, car
yolo10-10, 25125482, car
yolo6-10, 52913663, car
yolo10-10, 52913663, car
yolo10-10, 20373083, car
yolo6-10, 20373083, car
yolo10-10, 69463793, car
yolo6-10, 69463793, car
yolo6-10, 99170202, car
yolo10-10, 99170202, car
yolo10-10, 12926008, car
yolo6-10, 12926008, car
yolo6-10, 58705487, car
yolo10-10, 58705487, car
yolo6-10, 53395877, car
yolo10-10, 53395877, car
yolo6-10, 82881307, car
yolo10-10, 82881307, car
yolo6-10, 27476576, car
yolo10-10, 27476576, car
yolo6-10, 03396602, car
yolo10-10, 03396602, car
yolo10-10, 90596044, car
yolo6-10, 90596044, car
yolo10-10, 34861445, car
yolo6-10, 34861445, car
yolo10-10, 27244237, car
yolo6-10, 27244237, car
yolo10-10, 65603895, car
yolo6-10, 65603895, car
yolo10-10, 58492855, car
yolo6-10, 58492855, car
yolo6-10, 12126817, car
yolo10-10, 12126817, car
yolo6-10, 71111021, car
yolo10-10, 71111021, car
yolo10-10, 24114364, car
yolo6-10, 24114364, car
yolo6-10, 60515775, car
yolo10-10, 60515775, car
yolo6-10, 30722409, car
yolo10-10, 30722409, car

========== Time: 16 ==========
yolo6-10, 00214363, car
yolo10-10, 00214363, car
yolo6-10, 07516847, car
yolo10-10, 07516847, car
yolo10-10, 81624533, car
yolo6-10, 81624533, car
yolo6-10, 84248558, car
yolo10-10, 84248558, car
yolo10-10, 34398341, car
yolo6-10, 34398341, car
yolo6-10, 75155646, car
yolo10-10, 75155646, car
yolo10-10, 17152652, car
yolo6-10, 17152652, car
yolo10-10, 65871993, car
yolo6-10, 65871993, car
yolo6-10, 01469401, car
yolo10-10, 01469401, car
yolo6-10, 02439913, car
yolo10-10, 02439913, car
yolo6-10, 67640494, car
yolo10-10, 67640494, car
yolo6-10, 14493327, car
yolo10-10, 14493327, car
yolo6-10, 72927691, car
yolo10-10, 72927691, car
yolo6-10, 33068913, car
yolo10-10, 33068913, car
yolo10-10, 73362649, car
yolo6-10, 73362649, car
yolo4-14, 67640494, car

========== Time: 17 ==========
yolo4-14, 14493327, car
yolo4-14, 72927691, car
yolo6-10, 29599388, car
yolo10-10, 29599388, car
yolo4-14, 33068913, car
yolo4-14, 73362649, car
yolo10-10, 56617550, car
yolo6-10, 56617550, car
yolo4-14, 29599388, car
yolo4-14, 56617550, car
yolo10-10, 26743841, car
yolo6-10, 26743841, car
yolo4-14, 26743841, car
yolo10-10, 37619674, car
yolo6-10, 37619674, car
yolo4-14, 37619674, car
yolo4-14, 41919507, car
yolo6-10, 41919507, car
yolo10-10, 41919507, car
yolo6-10, 30641740, car
yolo10-10, 30641740, car
yolo4-14, 30641740, car
yolo6-10, 09317571, car
yolo10-10, 09317571, car
yolo4-14, 09317571, car
yolo4-14, 90882856, car
yolo6-10, 90882856, car
yolo10-10, 90882856, car
yolo6-10, 32743345, car
yolo10-10, 32743345, car
yolo4-14, 32743345, car
yolo6-10, 26721994, car
yolo10-10, 26721994, car
yolo4-14, 26721994, car
yolo2-14, 26743841, car
yolo2-14, 37619674, car
yolo10-10, 50839424, car
yolo6-10, 50839424, car
yolo4-14, 50839424, car
yolo2-14, 41919507, car
yolo2-14, 30641740, car
yolo4-14, 74333609, car
yolo6-10, 74333609, car
yolo10-10, 74333609, car
yolo2-14, 09317571, car
yolo2-14, 90882856, car
yolo4-14, 87096256, car
yolo10-10, 87096256, car
yolo6-10, 87096256, car
yolo2-14, 32743345, car
yolo2-14, 26721994, car
yolo6-10, 40614304, car
yolo4-14, 40614304, car
yolo10-10, 40614304, car
yolo2-14, 50839424, car
yolo2-14, 74333609, car

========== Time: 18 ==========
yolo2-14, 87096256, car
yolo10-10, 61402199, car
yolo4-14, 61402199, car
yolo6-10, 61402199, car
yolo2-14, 40614304, car
yolo4-14, 71043190, car
yolo10-10, 71043190, car
yolo6-10, 71043190, car
yolo2-14, 61402199, car
yolo2-14, 71043190, car
yolo4-14, 35113341, car
yolo6-10, 35113341, car
yolo10-10, 35113341, car
yolo2-14, 35113341, car
yolo10-10, 31148542, car
yolo4-14, 31148542, car
yolo2-14, 31148542, car
yolo6-10, 31148542, car
yolo10-10, 15691568, car
yolo2-14, 15691568, car
yolo4-14, 15691568, car
yolo6-10, 15691568, car
yolo10-10, 12629321, car
yolo6-10, 12629321, car
yolo2-14, 12629321, car
yolo4-14, 12629321, car
yolo2-14, 02649274, car
yolo10-10, 02649274, car
yolo6-10, 02649274, car
yolo4-14, 02649274, car
yolo10-10, 32627290, car
yolo6-10, 32627290, car
yolo2-14, 32627290, car
yolo4-14, 32627290, car
yolo6-10, 56111684, car
yolo2-14, 56111684, car
yolo4-14, 56111684, car
yolo2-14, 09773907, car
yolo4-14, 09773907, car
yolo6-10, 09773907, car
yolo2-14, 87237281, car
yolo4-14, 87237281, car
yolo6-10, 87237281, car
yolo6-10, 77850065, car
yolo2-14, 77850065, car
yolo4-14, 77850065, car
yolo2-14, 11030427, car
yolo6-10, 11030427, car
yolo4-14, 11030427, car
yolo4-14, 48348582, car
yolo2-14, 48348582, car
yolo6-10, 48348582, car
yolo12-12, 56111684, car
yolo12-16, 56111684, car
yolo12-12, 09773907, car
yolo12-16, 09773907, car
yolo12-12, 87237281, car
yolo12-16, 87237281, car
yolo4-14, 01252215, car
yolo6-10, 01252215, car
yolo2-14, 01252215, car
yolo12-12, 77850065, car
yolo12-16, 77850065, car
yolo12-12, 11030427, car

========== Time: 19 ==========
yolo12-16, 11030427, car
yolo6-10, 67511534, car
yolo4-14, 67511534, car
yolo2-14, 67511534, car
yolo12-12, 48348582, car
yolo12-16, 48348582, car
yolo12-12, 01252215, car
yolo12-16, 01252215, car
yolo2-14, 06158290, car
yolo4-14, 06158290, car
yolo6-10, 06158290, car
yolo12-12, 67511534, car
yolo12-16, 67511534, car
yolo12-12, 06158290, car
yolo12-16, 06158290, car
yolo2-14, 38982720, car
yolo2-18, 38982720, car
yolo6-10, 38982720, car
yolo4-14, 38982720, car
yolo12-16, 38982720, car
yolo12-12, 38982720, car
yolo4-14, 80619473, car
yolo12-16, 80619473, car
yolo6-10, 80619473, car
yolo2-14, 80619473, car
yolo12-12, 80619473, car
yolo2-18, 80619473, car
yolo12-12, 31899446, car
yolo2-14, 31899446, car
yolo12-16, 31899446, car
yolo2-18, 31899446, car
yolo6-10, 31899446, car
yolo4-14, 31899446, car
yolo2-14, 87020597, car
yolo6-10, 87020597, car
yolo2-18, 87020597, car
yolo12-12, 87020597, car
yolo12-16, 87020597, car
yolo4-14, 87020597, car
yolo6-10, 60690358, car
yolo2-14, 60690358, car
yolo2-18, 60690358, car
yolo4-14, 60690358, car
yolo6-10, 96511325, car
yolo2-18, 96511325, car
yolo4-14, 96511325, car
yolo2-14, 96511325, car
yolo6-10, 50516155, car
yolo2-18, 50516155, car
yolo4-14, 50516155, car
yolo12-12, 60690358, car
yolo12-19, 60690358, car
yolo2-14, 50516155, car
yolo2-18, 28295361, car
yolo4-14, 28295361, car
yolo6-10, 28295361, car
yolo12-19, 96511325, car
yolo2-14, 28295361, car
yolo12-12, 96511325, car
yolo12-19, 50516155, car
yolo12-12, 50516155, car
yolo2-14, 61843934, car
yolo4-14, 61843934, car
yolo6-10, 61843934, car
yolo2-18, 61843934, car
yolo12-12, 28295361, car
yolo12-19, 28295361, car
yolo12-12, 61843934, car
yolo12-19, 61843934, car
yolo2-14, 65766565, car
yolo2-18, 65766565, car
yolo4-14, 65766565, car
yolo6-10, 65766565, car
yolo12-12, 65766565, car
yolo12-19, 65766565, car
yolo2-14, 20782485, car
yolo2-18, 20782485, car
yolo4-14, 20782485, car
yolo6-10, 20782485, car
yolo12-19, 20782485, car
yolo12-12, 20782485, car
yolo12-12, 81655438, car
yolo2-18, 81655438, car
yolo2-14, 81655438, car
yolo12-19, 81655438, car
yolo4-14, 81655438, car
yolo6-10, 81655438, car
yolo2-14, 81763163, car
yolo4-14, 81763163, car
yolo2-18, 81763163, car
yolo6-10, 81763163, car
yolo2-18, 37457500, car
yolo2-14, 37457500, car
yolo4-14, 37457500, car
yolo6-10, 37457500, car

========== Time: 20 ==========
yolo2-14, 40750005, car
yolo2-18, 40750005, car
yolo4-14, 40750005, car
yolo6-10, 40750005, car
yolo12-19, 81763163, car
yolo12-12, 81763163, car
yolo2-14, 70381368, car
yolo4-14, 70381368, car
yolo2-18, 70381368, car
yolo6-10, 70381368, car
yolo2-14, 86140401, car
yolo2-18, 86140401, car
yolo4-14, 86140401, car
yolo6-10, 86140401, car
yolo12-12, 37457500, car
yolo12-19, 37457500, car
yolo8-14, 65766565, car
yolo8-11, 65766565, car
yolo8-16, 65766565, car
yolo2-18, 33961578, car
yolo2-14, 33961578, car
yolo4-14, 33961578, car
yolo6-10, 33961578, car
yolo12-12, 40750005, car
yolo12-19, 40750005, car
yolo12-12, 70381368, car
yolo12-19, 70381368, car
yolo8-16, 20782485, car
yolo8-11, 20782485, car
yolo8-14, 20782485, car
yolo2-14, 46156726, car
yolo6-10, 46156726, car
yolo4-14, 46156726, car
yolo2-18, 46156726, car
yolo8-14, 81655438, car
yolo8-16, 81655438, car
yolo8-11, 81655438, car
yolo12-12, 86140401, car
yolo12-19, 86140401, car
yolo8-14, 81763163, car
yolo8-16, 81763163, car
yolo8-11, 81763163, car
yolo12-12, 33961578, car
yolo12-19, 33961578, car
yolo6-10, 18975101, car
yolo4-14, 18975101, car
yolo2-18, 18975101, car
yolo2-14, 18975101, car
yolo8-11, 37457500, car
yolo8-14, 37457500, car
yolo8-16, 37457500, car
yolo12-12, 46156726, car
yolo12-19, 46156726, car
yolo2-14, 31928845, car
yolo4-14, 31928845, car
yolo2-18, 31928845, car
yolo6-10, 31928845, car
yolo12-19, 18975101, car
yolo12-12, 18975101, car
yolo2-18, 58731517, car
yolo2-14, 58731517, car
yolo2-14, 40460216, car
yolo2-18, 40460216, car
yolo2-14, 30380281, car
yolo2-18, 30380281, car
yolo2-18, 03336135, train
yolo2-14, 03336135, train
yolo12-19, 31928845, car
yolo2-14, 46822985, car
yolo2-18, 46822985, car
yolo12-19, 58731517, car
yolo2-18, 53673241, car
yolo2-14, 53673241, car
yolo8-14, 40750005, car
yolo8-11, 40750005, car
yolo4-14, 58731517, car
yolo12-19, 40460216, car
yolo12-19, 30380281, car
yolo12-19, 03336135, train
yolo4-14, 40460216, car
yolo2-18, 47499423, car
yolo2-14, 47499423, car
yolo12-19, 46822985, car
yolo4-14, 30380281, car
yolo2-18, 35977704, car
yolo12-19, 53673241, car
yolo2-14, 35977704, car
yolo12-19, 47499423, car
yolo2-18, 17531889, car
yolo12-19, 35977704, car
yolo2-14, 17531889, car
yolo4-14, 03336135, train
yolo4-14, 46822985, car
yolo12-19, 17531889, car
yolo2-18, 08229718, car
yolo2-14, 08229718, car
yolo4-14, 53673241, car
yolo12-19, 08229718, car
yolo4-14, 47499423, car
yolo2-14, 16755115, car
yolo2-18, 16755115, car
yolo12-19, 16755115, car

========== Time: 21 ==========
yolo4-14, 35977704, car
yolo8-14, 70381368, car
yolo8-11, 70381368, car
yolo4-14, 17531889, car
yolo12-19, 34411455, car
yolo2-14, 34411455, car
yolo2-18, 34411455, car
yolo8-14, 86140401, car
yolo8-11, 86140401, car
yolo4-14, 08229718, car
yolo8-14, 33961578, car
yolo8-11, 33961578, car
yolo2-18, 06220280, car
yolo12-19, 06220280, car
yolo4-14, 16755115, car
yolo8-14, 46156726, car
yolo8-11, 46156726, car
yolo2-14, 06220280, car
yolo4-14, 34411455, car
yolo12-19, 66623388, car
yolo2-18, 66623388, car
yolo2-14, 66623388, car
yolo4-14, 06220280, car
yolo8-11, 18975101, car
yolo8-14, 18975101, car
yolo4-14, 66623388, car
yolo2-14, 55705192, car
yolo2-18, 55705192, car
yolo8-11, 31928845, car
yolo12-19, 55705192, car
yolo8-14, 31928845, car
yolo4-14, 55705192, car
yolo8-11, 58731517, car
yolo8-14, 58731517, car
yolo12-19, 47181451, car
yolo2-18, 47181451, car
yolo4-14, 47181451, car
yolo2-14, 47181451, car
yolo8-11, 40460216, car
yolo8-14, 40460216, car
yolo5-13, 31928845, car
yolo8-11, 30380281, car
yolo8-14, 30380281, car
yolo5-13, 58731517, car
yolo2-18, 49360475, car
yolo12-19, 49360475, car
yolo4-14, 49360475, car
yolo2-14, 49360475, car
yolo8-11, 03336135, train
yolo8-14, 03336135, train
yolo5-13, 40460216, car
yolo8-11, 46822985, car
yolo12-19, 51867272, tvmonitor
yolo2-14, 51867272, tvmonitor
yolo2-18, 51867272, tvmonitor
yolo5-13, 30380281, car
yolo4-14, 51867272, tvmonitor
yolo8-14, 46822985, car
yolo8-11, 53673241, car
yolo8-14, 53673241, car
yolo5-13, 03336135, train
yolo8-11, 47499423, car
yolo8-14, 47499423, car
yolo12-19, 68679227, boat
yolo2-18, 68679227, boat
yolo4-14, 68679227, boat
yolo8-11, 35977704, car
yolo2-14, 68679227, boat
yolo5-13, 46822985, car
yolo8-14, 35977704, car
yolo8-11, 17531889, car
yolo12-19, 57238199, boat
yolo2-18, 57238199, boat
yolo4-14, 57238199, boat
yolo5-13, 53673241, car
yolo2-14, 57238199, boat
yolo8-14, 17531889, car
yolo8-11, 08229718, car
yolo5-13, 47499423, car
yolo8-14, 08229718, car
yolo8-11, 16755115, car
yolo4-14, 94765454, boat
yolo2-14, 94765454, boat
yolo12-19, 94765454, boat
yolo2-18, 94765454, boat
yolo5-13, 35977704, car
yolo8-14, 16755115, car
yolo8-11, 34411455, car
yolo5-13, 17531889, car
yolo8-14, 34411455, car
yolo8-11, 06220280, car
yolo2-14, 64899348, aeroplane
yolo12-19, 64899348, aeroplane
yolo2-18, 64899348, aeroplane
yolo4-14, 64899348, aeroplane
yolo5-13, 08229718, car
yolo8-14, 06220280, car
yolo7-15, 03336135, train
yolo8-11, 66623388, car
yolo5-13, 16755115, car
yolo8-11, 55705192, car
yolo7-15, 46822985, car
yolo8-14, 66623388, car
yolo2-14, 18872823, aeroplane
yolo4-14, 18872823, aeroplane
yolo12-19, 18872823, aeroplane
yolo5-13, 34411455, car
yolo2-18, 18872823, aeroplane
yolo8-11, 47181451, car
yolo8-14, 55705192, car
yolo7-15, 53673241, car
yolo5-13, 06220280, car
yolo8-11, 49360475, car
yolo7-15, 47499423, car
yolo8-14, 47181451, car
yolo2-14, 05117092, car
yolo12-19, 05117092, car
yolo2-18, 05117092, car
yolo4-14, 05117092, car
yolo5-13, 66623388, car
yolo8-11, 51867272, tvmonitor
yolo7-15, 35977704, car
yolo8-14, 49360475, car

========== Time: 22 ==========
yolo5-13, 55705192, car
yolo7-15, 17531889, car
yolo8-11, 68679227, boat
yolo8-14, 51867272, tvmonitor
yolo4-14, 63758549, car
yolo2-18, 63758549, car
yolo2-14, 63758549, car
yolo5-13, 47181451, car
yolo7-15, 08229718, car
yolo12-19, 63758549, car
yolo8-11, 57238199, boat
yolo8-14, 68679227, boat
yolo5-13, 49360475, car
yolo8-11, 94765454, boat
yolo7-15, 16755115, car
yolo8-14, 57238199, boat
yolo12-19, 86974743, sofa
yolo2-18, 86974743, sofa
yolo2-14, 86974743, sofa
yolo4-14, 86974743, sofa
yolo5-13, 51867272, tvmonitor
yolo8-11, 64899348, aeroplane
yolo7-15, 34411455, car
yolo8-14, 94765454, boat
yolo7-15, 06220280, car
yolo5-13, 68679227, boat
yolo8-11, 18872823, aeroplane
yolo2-14, 63633653, boat
yolo2-18, 63633653, boat
yolo8-14, 64899348, aeroplane
yolo4-14, 63633653, boat
yolo12-19, 63633653, boat
yolo7-15, 66623388, car
yolo5-13, 57238199, boat
yolo8-11, 05117092, car
yolo8-14, 18872823, aeroplane
yolo12-19, 49392393, boat
yolo2-14, 49392393, boat
yolo4-14, 49392393, boat
yolo2-18, 49392393, boat
yolo7-15, 55705192, car
yolo5-13, 94765454, boat
yolo8-11, 63758549, car
yolo8-14, 05117092, car
yolo7-15, 47181451, car
yolo5-13, 64899348, aeroplane
yolo8-14, 63758549, car
yolo8-11, 86974743, sofa
yolo12-19, 26001123, aeroplane
yolo2-14, 26001123, aeroplane
yolo4-14, 26001123, aeroplane
yolo2-18, 26001123, aeroplane
yolo7-15, 49360475, car
yolo5-13, 18872823, aeroplane
yolo8-14, 86974743, sofa
yolo8-11, 63633653, boat
yolo7-15, 51867272, tvmonitor
yolo5-13, 05117092, car
yolo8-14, 63633653, boat
yolo8-11, 49392393, boat
yolo2-14, 77307911, car
yolo4-14, 77307911, car
yolo12-19, 77307911, car
yolo2-18, 77307911, car
yolo7-15, 68679227, boat
yolo5-13, 63758549, car
yolo8-14, 49392393, boat
yolo8-11, 26001123, aeroplane
yolo12-19, 70877750, aeroplane
yolo8-14, 26001123, aeroplane
yolo4-14, 70877750, aeroplane
yolo7-15, 57238199, boat
yolo2-14, 70877750, aeroplane
yolo5-13, 86974743, sofa
yolo2-18, 70877750, aeroplane
yolo8-11, 77307911, car
yolo8-14, 77307911, car
yolo8-11, 70877750, aeroplane
yolo5-13, 63633653, boat
yolo7-15, 94765454, boat
yolo2-14, 42924133, car
yolo12-19, 42924133, car
yolo2-18, 42924133, car
yolo4-14, 42924133, car
yolo8-14, 70877750, aeroplane
yolo7-15, 64899348, aeroplane
yolo5-13, 49392393, boat
yolo8-14, 42924133, car
yolo5-13, 26001123, aeroplane
yolo7-15, 18872823, aeroplane
yolo2-14, 39258173, sofa
yolo2-18, 39258173, sofa
yolo4-14, 39258173, sofa
yolo12-19, 39258173, sofa
yolo8-14, 39258173, sofa
yolo5-13, 77307911, car
yolo7-15, 05117092, car
yolo7-15, 63758549, car
yolo2-18, 20580573, car
yolo12-19, 20580573, car
yolo5-13, 70877750, aeroplane
yolo2-14, 20580573, car
yolo8-14, 20580573, car
yolo4-14, 20580573, car
yolo7-15, 86974743, sofa
yolo5-13, 42924133, car
yolo8-14, 08305246, car
yolo12-19, 08305246, car
yolo7-15, 63633653, boat
yolo5-13, 39258173, sofa
yolo4-14, 08305246, car
yolo2-14, 08305246, car
yolo2-18, 08305246, car
yolo5-13, 20580573, car
yolo7-15, 49392393, boat
yolo8-14, 28002863, car
yolo2-14, 28002863, car
yolo4-14, 28002863, car
yolo2-18, 28002863, car
yolo12-19, 28002863, car
yolo7-15, 26001123, aeroplane
yolo5-13, 08305246, car
yolo5-13, 28002863, car
yolo7-15, 77307911, car
yolo2-18, 46894558, car
yolo8-14, 46894558, car
yolo4-14, 46894558, car
yolo2-14, 46894558, car
yolo12-19, 46894558, car
yolo7-15, 70877750, aeroplane
yolo5-13, 46894558, car
yolo7-15, 42924133, car
yolo12-19, 07987739, car
yolo2-18, 07987739, car
yolo2-14, 07987739, car
yolo5-13, 07987739, car
yolo8-14, 07987739, car
yolo4-14, 07987739, car
yolo7-15, 39258173, sofa
yolo2-18, 02976389, car
yolo7-15, 20580573, car
yolo5-13, 02976389, car
yolo8-14, 02976389, car
yolo2-14, 02976389, car
yolo12-19, 02976389, car
yolo4-14, 02976389, car
yolo7-15, 08305246, car
yolo5-13, 40214483, boat
yolo2-18, 40214483, boat
yolo2-14, 40214483, boat
yolo4-14, 40214483, boat
yolo8-14, 40214483, boat
yolo12-19, 40214483, boat
yolo7-15, 28002863, car
yolo7-15, 46894558, car

========== Time: 23 ==========
yolo2-14, 37230032, car
yolo4-14, 37230032, car
yolo8-14, 37230032, car
yolo12-19, 37230032, car
yolo5-13, 37230032, car
yolo2-18, 37230032, car
yolo7-15, 07987739, car
yolo7-15, 02976389, car
yolo8-14, 50943640, car
yolo2-14, 50943640, car
yolo2-18, 50943640, car
yolo12-19, 50943640, car
yolo4-14, 50943640, car
yolo5-13, 50943640, car
yolo7-15, 40214483, boat
yolo8-14, 58284981, car
yolo4-14, 58284981, car
yolo2-18, 58284981, car
yolo5-13, 58284981, car
yolo2-14, 58284981, car
yolo12-19, 58284981, car
yolo7-15, 37230032, car
yolo7-15, 50943640, car
yolo2-18, 61771568, car
yolo5-13, 61771568, car
yolo4-14, 61771568, car
yolo12-19, 61771568, car
yolo2-14, 61771568, car
yolo8-14, 61771568, car
yolo7-15, 58284981, car
yolo7-15, 61771568, car
yolo2-18, 51855897, car
yolo8-14, 51855897, car
yolo12-19, 51855897, car
yolo4-14, 51855897, car
yolo2-14, 51855897, car
yolo5-13, 51855897, car
yolo7-15, 51855897, car
yolo5-13, 08280656, car
yolo2-14, 08280656, car
yolo12-19, 08280656, car
yolo2-18, 08280656, car
yolo4-14, 08280656, car
yolo8-14, 08280656, car
yolo7-15, 08280656, car
yolo12-19, 22197475, car
yolo5-13, 22197475, car
yolo2-18, 22197475, car
yolo7-15, 22197475, car
yolo8-14, 22197475, car
yolo2-14, 22197475, car
yolo4-14, 22197475, car
yolo7-15, 63962126, car
yolo12-19, 63962126, car
yolo4-14, 63962126, car
yolo2-14, 63962126, car
yolo2-18, 63962126, car
yolo5-13, 63962126, car
yolo8-14, 63962126, car
yolo7-15, 22617512, car
yolo2-18, 22617512, car
yolo2-14, 22617512, car
yolo8-14, 22617512, car
yolo4-14, 22617512, car
yolo12-19, 22617512, car
yolo5-13, 22617512, car
yolo9-13, 63633653, boat
yolo9-14, 63633653, boat
yolo12-19, 22905256, car
yolo2-14, 22905256, car
yolo7-15, 22905256, car
yolo2-18, 22905256, car
yolo4-14, 22905256, car
yolo5-13, 22905256, car
yolo9-14, 49392393, boat
yolo9-14, 26001123, aeroplane
yolo5-13, 20412223, car
yolo12-19, 20412223, car
yolo2-18, 20412223, car
yolo4-14, 20412223, car
yolo7-15, 20412223, car
yolo2-14, 20412223, car
yolo7-15, 40110406, car
yolo12-19, 40110406, car
yolo9-14, 77307911, car
yolo2-14, 40110406, car
yolo5-13, 40110406, car
yolo4-14, 40110406, car
yolo2-18, 40110406, car
yolo7-15, 68996797, car
yolo9-14, 68996797, car
yolo12-19, 68996797, car
yolo2-14, 68996797, car
yolo2-18, 68996797, car
yolo5-13, 68996797, car
yolo4-14, 68996797, car
yolo12-19, 28571527, car
yolo7-15, 28571527, car
yolo9-14, 28571527, car
yolo5-13, 28571527, car
yolo4-14, 28571527, car
yolo2-14, 28571527, car
yolo2-18, 28571527, car
yolo5-13, 98767757, car
yolo12-19, 98767757, car
yolo7-15, 98767757, car
yolo2-14, 98767757, car
yolo4-14, 98767757, car
yolo2-18, 98767757, car
yolo9-14, 98767757, car
yolo9-14, 56510096, car
yolo2-14, 56510096, car
yolo4-14, 56510096, car
yolo12-19, 56510096, car
yolo2-18, 56510096, car
yolo7-15, 56510096, car

========== Time: 24 ==========
yolo7-15, 50065021, car
yolo12-19, 50065021, car
yolo2-14, 50065021, car
yolo2-18, 50065021, car
yolo9-14, 50065021, car
yolo4-14, 50065021, car
yolo2-18, 79915689, car
yolo4-14, 79915689, car
yolo12-19, 79915689, car
yolo7-15, 79915689, car
yolo2-14, 79915689, car
yolo9-14, 79915689, car
yolo4-14, 74541199, car
yolo12-19, 74541199, car
yolo2-14, 74541199, car
yolo7-15, 74541199, car
yolo9-14, 74541199, car
yolo2-18, 74541199, car
yolo7-15, 64534647, car
yolo9-14, 64534647, car
yolo2-18, 64534647, car
yolo12-19, 64534647, car
yolo4-14, 64534647, car
yolo2-14, 64534647, car
yolo2-18, 41557573, car
yolo9-14, 41557573, car
yolo12-19, 41557573, car
yolo4-14, 41557573, car
yolo7-15, 41557573, car
yolo2-14, 41557573, car
yolo9-14, 33668253, car
yolo7-15, 33668253, car
yolo2-18, 33668253, car
yolo2-14, 33668253, car
yolo12-19, 33668253, car
yolo4-14, 33668253, car
yolo2-18, 48872935, car
yolo12-19, 48872935, car
yolo2-14, 48872935, car
yolo9-14, 48872935, car
yolo4-14, 48872935, car
yolo7-15, 48872935, car
yolo12-19, 39184952, car
yolo2-14, 39184952, car
yolo9-14, 39184952, car
yolo7-15, 39184952, car
yolo4-14, 39184952, car
yolo2-18, 39184952, car
yolo12-19, 65888923, car
yolo2-14, 65888923, car
yolo7-15, 65888923, car
yolo2-14, 45934987, car
yolo7-15, 45934987, car
yolo12-19, 45934987, car
yolo7-15, 55533684, car
yolo12-19, 55533684, car
yolo2-14, 55533684, car
yolo2-14, 55696622, car
yolo12-19, 55696622, car
yolo7-15, 55696622, car
yolo7-15, 44431226, car
yolo12-19, 44431226, car
yolo2-14, 44431226, car
yolo7-15, 58114520, car
yolo2-14, 58114520, car
yolo12-19, 58114520, car
yolo12-19, 46941200, car
yolo7-15, 46941200, car
yolo2-14, 46941200, car
yolo12-19, 04685044, car
yolo7-15, 04685044, car
yolo2-14, 04685044, car

========== Time: 25 ==========
yolo7-15, 17755834, sofa
yolo2-14, 17755834, sofa
yolo12-19, 17755834, sofa
yolo2-14, 22078072, car
yolo7-15, 22078072, car
yolo12-19, 22078072, car
yolo12-19, 20351761, car
yolo2-14, 20351761, car
yolo7-15, 20351761, car
yolo12-19, 11804870, car
yolo7-15, 11804870, car
yolo2-14, 11804870, car
yolo2-14, 91928300, car
yolo12-19, 91928300, car
yolo7-15, 91928300, car
yolo12-19, 04579020, car
yolo7-15, 04579020, car
yolo2-14, 04579020, car
yolo7-15, 79533406, car
yolo12-19, 79533406, car
yolo2-14, 79533406, car
yolo12-19, 94793865, car
yolo2-14, 94793865, car
yolo7-15, 94793865, car
yolo12-19, 58208243, car
yolo12-19, 23122482, car
yolo12-19, 61263832, car
yolo12-19, 74205610, car
yolo12-19, 67460377, car
yolo12-19, 27458660, car
yolo12-19, 81913284, car
yolo12-19, 73617329, car
yolo12-19, 94785440, car
yolo12-19, 02463497, car
yolo12-19, 36760556, car
yolo12-19, 53621154, car

========== Time: 26 ==========
yolo12-19, 76055177, car
yolo12-19, 25188566, car
yolo12-19, 57645766, aeroplane
yolo7-22, 71300721, aeroplane
yolo12-19, 71300721, aeroplane
yolo7-25, 71300721, aeroplane
yolo7-22, 76704511, aeroplane
yolo7-25, 76704511, aeroplane
yolo12-19, 76704511, aeroplane
yolo7-25, 81923753, boat
yolo7-22, 81923753, boat
yolo12-19, 81923753, boat
yolo7-22, 51871168, sofa
yolo7-25, 51871168, sofa
yolo12-19, 51871168, sofa
yolo7-25, 88485723, sofa
yolo12-19, 88485723, sofa
yolo7-22, 88485723, sofa
yolo7-25, 26452251, car
yolo7-22, 26452251, car
yolo12-19, 26452251, car

========== Time: 27 ==========
yolo7-25, 92293056, car
yolo7-22, 92293056, car
yolo12-19, 92293056, car
yolo7-25, 08535112, train
yolo7-22, 08535112, train
yolo12-19, 08535112, train
yolo7-22, 92628859, car
yolo7-25, 92628859, car
yolo12-19, 92628859, car
yolo12-19, 57000856, car
yolo7-25, 57000856, car
yolo7-22, 57000856, car
yolo5-23, 88485723, sofa
yolo12-19, 19133573, bottle
yolo7-22, 19133573, boat
yolo7-25, 19133573, boat
yolo5-23, 26452251, car
yolo5-23, 92293056, car
yolo5-23, 08535112, train
yolo12-19, 74777416, car
yolo7-25, 74777416, car
yolo7-22, 74777416, car
yolo5-23, 92628859, car
yolo12-19, 07936709, bottle
yolo5-23, 57000856, car
yolo7-22, 07936709, car
yolo7-25, 07936709, car
yolo5-23, 19133573, boat
yolo5-23, 74777416, car
yolo7-25, 74935396, sofa
yolo12-19, 74935396, sofa
yolo7-22, 74935396, sofa
yolo5-23, 07936709, car
yolo5-23, 74935396, sofa
yolo12-19, 00260975, car
yolo7-25, 00260975, car
yolo7-22, 00260975, car
yolo5-23, 00260975, car
yolo12-19, 26864737, car
yolo7-22, 26864737, car
yolo7-25, 26864737, car
yolo5-23, 26864737, car
yolo12-19, 56155653, aeroplane
yolo7-22, 56155653, sofa
yolo5-23, 56155653, sofa
yolo7-25, 56155653, sofa
yolo12-19, 46340241, aeroplane
yolo7-25, 46340241, train
yolo5-23, 46340241, train
yolo7-22, 46340241, train
yolo7-22, 39084402, sofa
yolo5-23, 39084402, sofa
yolo7-25, 39084402, sofa
yolo12-19, 39084402, sofa
yolo12-19, 29244431, train
yolo7-22, 29244431, train
yolo7-25, 29244431, train
yolo5-23, 29244431, train
yolo12-19, 82110763, car
yolo7-25, 82110763, car
yolo5-23, 82110763, car
yolo7-22, 82110763, car
yolo5-23, 58795788, aeroplane
yolo12-19, 58795788, aeroplane
yolo7-22, 58795788, aeroplane
yolo7-25, 58795788, aeroplane

========== Time: 28 ==========
yolo12-19, 46699122, car
yolo7-25, 46699122, car
yolo7-22, 46699122, car
yolo5-23, 46699122, car
yolo12-19, 21501782, car
yolo7-22, 21501782, car
yolo5-23, 21501782, car
yolo7-25, 21501782, car
yolo12-19, 69424401, car
yolo7-22, 69424401, car
yolo7-25, 69424401, car
yolo5-23, 69424401, car
yolo12-19, 75690814, car
yolo7-22, 75690814, car
yolo5-23, 75690814, car
yolo7-25, 75690814, car
yolo7-22, 06288962, car
yolo7-25, 06288962, car
yolo12-19, 06288962, car
yolo5-23, 06288962, car
yolo12-19, 94114535, car
yolo5-23, 94114535, car
yolo7-22, 94114535, car
yolo7-25, 94114535, car
yolo12-19, 00597196, car
yolo7-25, 00597196, car
yolo5-23, 00597196, car
yolo7-22, 00597196, car
yolo12-19, 50902493, car
yolo7-25, 50902493, car
yolo5-23, 50902493, car
yolo7-22, 50902493, car
yolo12-19, 92759173, car
yolo5-23, 92759173, car
yolo7-22, 92759173, car
yolo7-25, 92759173, car
yolo7-25, 70820977, car
yolo7-22, 70820977, car
yolo7-25, 38189795, car
yolo7-22, 38189795, car
yolo7-25, 50677464, car
yolo7-22, 50677464, car
yolo7-22, 70638289, car
yolo7-25, 70638289, car
yolo7-22, 40662903, car
yolo7-25, 40662903, car
yolo7-22, 62722402, car
yolo7-25, 62722402, car

========== Time: 29 ==========
yolo7-25, 30974429, car
yolo7-22, 30974429, car
yolo7-25, 02156851, car
yolo7-22, 02156851, car
yolo7-25, 44967802, car
yolo7-22, 44967802, car
yolo7-25, 48407799, car
yolo7-22, 48407799, car
yolo7-25, 44602246, car
yolo7-22, 44602246, car
yolo7-25, 89723411, car
yolo7-22, 89723411, car
yolo7-22, 25207905, car
yolo7-25, 25207905, car
yolo7-25, 30353463, car
yolo7-22, 30353463, car
yolo7-25, 26713481, car
yolo7-22, 26713481, car
yolo7-25, 73902528, car
yolo7-22, 73902528, car
yolo7-25, 90972079, car
yolo7-22, 90972079, car
yolo7-25, 28526824, car
yolo7-22, 28526824, car
yolo7-25, 80181340, car
yolo7-22, 80181340, car
yolo7-25, 45408810, car
yolo7-22, 45408810, car
yolo5-29, 23372013, car
yolo7-22, 23372013, car
yolo5-27, 25844672, car

========== Time: 30 ==========
yolo7-22, 25844672, car
yolo5-29, 25844672, car
yolo7-22, 62339720, car
yolo5-27, 62339720, car
yolo5-29, 62339720, car
yolo5-29, 18991520, car
yolo7-22, 18991520, car
yolo5-27, 18991520, car
yolo7-22, 66402837, car
yolo5-27, 66402837, car
yolo5-29, 66402837, car
yolo5-27, 80581011, car
yolo7-22, 80581011, car
yolo5-29, 80581011, car
yolo7-22, 59041947, car
yolo5-27, 59041947, car
yolo5-29, 59041947, car
yolo7-22, 01801384, car
yolo5-27, 01801384, car
yolo5-29, 01801384, car
yolo7-29, 01801384, car
yolo5-27, 31566249, car
yolo5-29, 31566249, car
yolo7-22, 31566249, car
yolo7-29, 31566249, car
yolo5-29, 40477747, car
yolo5-27, 40477747, car
yolo7-22, 40477747, car
yolo7-29, 40477747, car
yolo5-29, 27271351, car
yolo7-29, 27271351, car
yolo5-27, 27271351, car
yolo7-29, 77601488, car
yolo5-27, 77601488, car
yolo5-29, 77601488, car
yolo7-29, 54153736, car
yolo5-27, 54153736, car
yolo5-29, 54153736, car
yolo7-29, 82438942, car
yolo5-27, 82438942, car
yolo5-29, 82438942, car
yolo5-29, 11425307, car
yolo5-27, 11425307, car
yolo7-29, 11425307, car
yolo5-27, 22113613, car
yolo5-29, 22113613, car
yolo7-29, 22113613, car
yolo5-27, 83319804, car
yolo7-29, 83319804, car
yolo5-29, 83319804, car
yolo7-29, 96430808, car
yolo5-27, 96430808, car
yolo5-29, 96430808, car
yolo5-29, 86746101, car
yolo5-27, 86746101, car
yolo7-29, 86746101, car
yolo5-29, 72870589, car
yolo5-27, 72870589, car
yolo7-29, 72870589, car
yolo5-27, 27355051, car
yolo7-29, 27355051, car
yolo5-29, 27355051, car
yolo5-29, 38040388, car
yolo7-29, 38040388, car
yolo5-27, 38040388, car
yolo7-29, 57483154, car
yolo5-29, 57483154, car
yolo5-27, 57483154, car
yolo7-29, 98558656, car
yolo5-29, 98558656, car
yolo5-27, 98558656, car
yolo5-29, 39054156, car
yolo5-27, 39054156, car
yolo7-29, 39054156, car
yolo5-27, 58366000, car
yolo5-29, 58366000, car
yolo7-29, 58366000, car
yolo5-27, 27304476, car
yolo7-29, 27304476, car
yolo5-29, 27304476, car
yolo5-27, 40298379, car
yolo7-29, 40298379, car
yolo5-29, 40298379, car
yolo7-29, 13032121, car
yolo5-29, 13032121, car
yolo5-27, 13032121, car
yolo5-29, 54904431, car
yolo5-27, 54904431, car
yolo7-29, 54904431, car
yolo5-27, 29907258, car
yolo5-29, 29907258, car
yolo7-29, 29907258, car
yolo5-27, 16533113, car
yolo7-29, 16533113, car
yolo5-29, 16533113, car
yolo5-27, 52880728, car
yolo7-29, 52880728, car
yolo5-29, 52880728, car
yolo7-29, 82747009, car
yolo5-29, 82747009, car
yolo5-27, 82747009, car
yolo5-27, 15445829, car
yolo5-29, 15445829, car
yolo7-29, 15445829, car
yolo7-29, 96577517, car
yolo5-29, 96577517, car
yolo5-27, 96577517, car
yolo5-29, 30786609, car
yolo5-27, 30786609, car
yolo7-29, 30786609, car
yolo5-27, 68816394, car
yolo7-29, 68816394, car
yolo5-29, 68816394, car
yolo5-29, 27085553, car
yolo7-29, 27085553, car
yolo5-27, 27085553, car
yolo5-27, 78776929, car
yolo5-29, 78776929, car
yolo7-29, 78776929, car
yolo5-29, 54738466, car
yolo5-27, 54738466, car
yolo7-29, 54738466, car
yolo7-29, 48976863, car
yolo5-27, 48976863, car
yolo5-29, 48976863, car
yolo5-27, 17406553, car
yolo7-29, 17406553, car
yolo5-29, 17406553, car
yolo7-29, 46631696, car
yolo5-29, 46631696, car
yolo5-27, 46631696, car
yolo10-28, 27085553, car
yolo2-28, 27085553, car
yolo5-27, 82855085, car
yolo5-29, 82855085, car
yolo7-29, 82855085, car
yolo10-28, 78776929, car
yolo4-28, 27085553, car
yolo2-28, 78776929, car
yolo10-28, 54738466, car
yolo4-28, 78776929, car
yolo2-28, 54738466, car
yolo7-29, 37477982, car
yolo5-27, 37477982, car
yolo5-29, 37477982, car
yolo4-28, 54738466, car
yolo10-28, 48976863, car
yolo2-28, 48976863, car
yolo10-28, 17406553, car
yolo4-28, 48976863, car
yolo2-28, 17406553, car
yolo5-29, 33366551, car
yolo10-28, 46631696, car
yolo5-27, 33366551, car
yolo7-29, 33366551, car
yolo4-28, 17406553, car
yolo2-28, 46631696, car
yolo10-28, 82855085, car
yolo4-28, 46631696, car
yolo2-28, 82855085, car
yolo7-29, 21871504, car
yolo10-28, 37477982, car
yolo4-28, 82855085, car
yolo5-27, 21871504, car
yolo5-29, 21871504, car
yolo2-28, 37477982, car
yolo10-28, 33366551, car
yolo4-28, 37477982, car
yolo2-28, 33366551, car
yolo5-29, 48930097, car
yolo5-27, 48930097, car
yolo10-28, 21871504, car
yolo4-28, 33366551, car
yolo2-28, 21871504, car
yolo10-28, 48930097, car
yolo4-28, 21871504, car
yolo2-28, 48930097, car
yolo10-28, 68086028, car
yolo5-29, 68086028, car
yolo5-27, 68086028, car
yolo7-29, 48930097, car
yolo4-28, 48930097, car
yolo2-28, 68086028, car
yolo7-29, 68086028, car
yolo4-28, 68086028, car
yolo2-28, 65177699, car
yolo7-29, 65177699, car
yolo5-27, 65177699, car
yolo4-28, 65177699, car
yolo5-29, 65177699, car
yolo10-28, 65177699, car
yolo2-28, 43062936, car
yolo4-28, 43062936, car
yolo7-29, 43062936, car
yolo2-28, 67372862, boat
yolo10-28, 43062936, car
yolo5-27, 43062936, car
yolo5-29, 43062936, car
yolo4-28, 67372862, boat
yolo7-29, 67372862, boat
yolo9-28, 65177699, car
yolo9-29, 65177699, car
yolo2-28, 31229460, boat
yolo5-27, 67372862, boat
yolo5-29, 67372862, boat
yolo10-28, 67372862, boat
yolo7-29, 31229460, boat
yolo9-29, 43062936, car
yolo9-28, 43062936, car
yolo4-28, 31229460, boat
yolo5-27, 31229460, boat
yolo5-29, 31229460, boat
yolo10-28, 31229460, boat
yolo9-29, 67372862, bottle
yolo2-28, 54230502, car
yolo7-29, 54230502, car
yolo4-28, 54230502, car
yolo9-28, 67372862, bottle
yolo5-27, 54230502, car
yolo5-29, 54230502, car
yolo10-28, 54230502, car
yolo9-29, 31229460, boat
yolo9-28, 31229460, boat
yolo4-28, 73912196, boat
yolo7-29, 73912196, boat
yolo10-28, 73912196, boat
yolo5-27, 73912196, boat
yolo5-29, 73912196, boat
yolo2-28, 73912196, boat
yolo9-29, 54230502, car
yolo9-28, 54230502, car
yolo9-29, 73912196, bottle
yolo9-28, 73912196, bottle
yolo2-28, 80994728, boat
yolo7-29, 80994728, boat
yolo4-28, 80994728, boat
yolo9-29, 80994728, car
yolo10-28, 80994728, boat
yolo9-28, 80994728, car
yolo5-27, 80994728, boat
yolo5-29, 80994728, boat
yolo9-29, 68301627, train
yolo10-28, 68301627, train
yolo7-29, 68301627, train
yolo2-28, 68301627, train
yolo9-28, 68301627, train
yolo4-28, 68301627, train
yolo5-27, 68301627, train
yolo5-29, 68301627, train
yolo9-29, 02847330, boat
yolo9-28, 02847330, boat
yolo7-29, 02847330, boat
yolo2-28, 02847330, boat
yolo10-28, 02847330, boat
yolo4-28, 02847330, boat
yolo5-29, 02847330, boat
yolo5-27, 02847330, boat
yolo9-28, 43176629, car
yolo9-29, 43176629, car
yolo5-29, 43176629, car
yolo5-27, 43176629, car
yolo2-28, 43176629, car
yolo4-28, 43176629, car
yolo10-28, 43176629, car
yolo7-29, 43176629, car
yolo9-29, 43481041, car
yolo9-28, 43481041, car
yolo5-29, 43481041, car
yolo2-28, 43481041, car
yolo5-27, 43481041, car
yolo10-28, 43481041, car
yolo7-29, 43481041, car
yolo4-28, 43481041, car
yolo9-29, 32010446, aeroplane
yolo9-28, 32010446, aeroplane
yolo2-28, 32010446, aeroplane
yolo5-29, 32010446, aeroplane
yolo5-27, 32010446, aeroplane
yolo10-28, 32010446, aeroplane
yolo7-29, 32010446, aeroplane
yolo4-28, 32010446, aeroplane
yolo9-29, 75252067, train
yolo10-28, 75252067, train
yolo9-28, 75252067, train
yolo2-28, 75252067, train
yolo5-27, 75252067, train
yolo7-29, 75252067, train
yolo5-29, 75252067, train
yolo4-28, 75252067, train
yolo9-29, 01355228, car
yolo9-28, 01355228, car
yolo10-28, 01355228, car
yolo5-29, 01355228, car
yolo7-29, 01355228, car
yolo2-28, 01355228, car
yolo5-27, 01355228, car
yolo4-28, 01355228, car
yolo9-28, 39309069, car
yolo2-28, 39309069, car
yolo5-29, 39309069, car
yolo5-27, 39309069, car
yolo10-28, 39309069, car
yolo4-28, 39309069, car
yolo9-29, 39309069, car
yolo7-29, 39309069, car
yolo2-28, 05495569, sofa
yolo5-27, 05495569, sofa
yolo9-29, 05495569, aeroplane
yolo7-29, 05495569, sofa
yolo9-28, 05495569, aeroplane
yolo5-29, 05495569, sofa
yolo10-28, 05495569, sofa
yolo4-28, 05495569, sofa
yolo9-29, 33490469, car
yolo2-28, 33490469, car
yolo10-28, 33490469, car
yolo9-28, 33490469, car
yolo7-29, 33490469, car
yolo5-27, 33490469, car
yolo5-29, 33490469, car
yolo4-28, 33490469, car
yolo9-29, 28391218, train
yolo10-28, 28391218, train
yolo9-28, 28391218, train
yolo7-29, 28391218, train
yolo2-28, 28391218, train
yolo5-27, 28391218, train
yolo4-28, 28391218, train
yolo5-29, 28391218, train
yolo9-29, 68835578, car
yolo9-28, 68835578, car
yolo10-28, 68835578, car
yolo5-29, 68835578, car
yolo2-28, 68835578, car
yolo7-29, 68835578, car
yolo4-28, 68835578, car
yolo5-27, 68835578, car
yolo9-29, 72694970, aeroplane
yolo9-28, 72694970, aeroplane
yolo5-29, 72694970, aeroplane
yolo5-27, 72694970, aeroplane
yolo2-28, 72694970, aeroplane
yolo10-28, 72694970, aeroplane
yolo4-28, 72694970, aeroplane
yolo7-29, 72694970, aeroplane
yolo2-28, 11259979, car
yolo5-27, 11259979, car
yolo9-29, 11259979, car
yolo5-29, 11259979, car
yolo4-28, 11259979, car
yolo7-29, 11259979, car
yolo10-28, 11259979, car
yolo9-28, 11259979, car
yolo9-29, 17627102, car
yolo2-28, 17627102, car
yolo9-28, 17627102, car
yolo10-28, 17627102, car
yolo7-29, 17627102, car
yolo5-27, 17627102, car
yolo4-28, 17627102, car
yolo5-29, 17627102, car
yolo9-29, 40080381, car
yolo10-28, 40080381, car
yolo9-28, 40080381, car
yolo7-29, 40080381, car
yolo4-28, 40080381, car
yolo5-29, 40080381, car
yolo2-28, 40080381, car
yolo5-27, 40080381, car
yolo9-29, 90661971, car
yolo10-28, 90661971, car
yolo5-27, 90661971, car
yolo9-28, 90661971, car
yolo5-29, 90661971, car
yolo7-29, 90661971, car
yolo4-28, 90661971, car
yolo2-28, 90661971, car
yolo9-28, 24339739, aeroplane
yolo2-28, 24339739, aeroplane
yolo9-29, 24339739, aeroplane
yolo5-29, 24339739, aeroplane
yolo10-28, 24339739, aeroplane
yolo5-27, 24339739, aeroplane
yolo7-29, 24339739, aeroplane
yolo4-28, 24339739, aeroplane
yolo9-29, 82950383, car
yolo2-28, 82950383, car
yolo9-28, 82950383, car
yolo10-28, 82950383, car
yolo5-27, 82950383, car
yolo5-29, 82950383, car
yolo7-29, 82950383, car
yolo4-28, 82950383, car
yolo2-28, 74978010, sofa
yolo5-29, 74978010, sofa
yolo5-27, 74978010, sofa
yolo9-29, 74978010, sofa
yolo9-28, 74978010, sofa
yolo10-28, 74978010, sofa
yolo4-28, 74978010, sofa
yolo7-29, 74978010, sofa
yolo9-29, 12900269, car
yolo9-28, 12900269, car
yolo4-28, 12900269, car
yolo10-28, 12900269, car
yolo2-28, 12900269, car
yolo5-27, 12900269, car
yolo7-29, 12900269, car
yolo5-29, 12900269, car
yolo9-29, 48083622, car
yolo9-28, 48083622, car
yolo5-29, 48083622, car
yolo5-27, 48083622, car
yolo10-28, 48083622, car
yolo2-28, 48083622, car
yolo4-28, 48083622, car
yolo7-29, 48083622, car
yolo9-28, 74080201, car
yolo9-29, 74080201, car
yolo5-27, 74080201, car
yolo5-29, 74080201, car
yolo2-28, 74080201, car
yolo7-29, 74080201, car
yolo10-28, 74080201, car
yolo4-28, 74080201, car
yolo9-29, 06049488, boat
yolo9-28, 06049488, boat
yolo5-29, 06049488, boat
yolo7-29, 06049488, boat
yolo10-28, 06049488, boat
yolo2-28, 06049488, boat
yolo5-27, 06049488, boat
yolo4-28, 06049488, boat
yolo9-29, 63888044, car
yolo9-28, 63888044, car
yolo10-28, 63888044, car
yolo2-28, 63888044, car
yolo5-27, 63888044, car
yolo7-29, 63888044, car
yolo4-28, 63888044, car
yolo5-29, 63888044, car
yolo9-29, 63897488, car
yolo9-28, 63897488, car
yolo2-28, 63897488, car
yolo10-28, 63897488, car
yolo7-29, 63897488, car
yolo5-29, 63897488, car
yolo4-28, 63897488, car
yolo5-27, 63897488, car
yolo9-29, 41724296, car
yolo9-28, 41724296, car
yolo10-28, 41724296, car
yolo5-27, 41724296, car
yolo5-29, 41724296, car
yolo7-29, 41724296, car
yolo2-28, 41724296, car
yolo4-28, 41724296, car
yolo9-28, 16638625, car
yolo9-29, 16638625, car
yolo5-27, 16638625, car
yolo4-28, 16638625, car
yolo2-28, 16638625, car
yolo10-28, 16638625, car
yolo7-29, 16638625, car
yolo5-29, 16638625, car
yolo9-29, 32076191, car
yolo9-28, 32076191, car
yolo5-27, 32076191, car
yolo2-28, 32076191, car
yolo7-29, 32076191, car
yolo10-28, 32076191, car
yolo5-29, 32076191, car
yolo4-28, 32076191, car
yolo9-29, 36746548, sofa
yolo9-28, 36746548, sofa
yolo2-28, 36746548, sofa
yolo5-27, 36746548, sofa
yolo5-29, 36746548, sofa
yolo4-28, 36746548, sofa
yolo10-28, 36746548, sofa
yolo7-29, 36746548, sofa
yolo9-29, 76841150, train
yolo10-28, 76841150, train
yolo7-29, 76841150, train
yolo5-29, 76841150, train
yolo4-28, 76841150, train
yolo2-28, 76841150, train
yolo9-28, 76841150, train
yolo5-27, 76841150, train
yolo9-28, 08528443, boat
yolo10-28, 08528443, boat
yolo9-29, 08528443, boat
yolo2-28, 08528443, boat
yolo5-27, 08528443, boat
yolo5-29, 08528443, boat
yolo4-28, 08528443, boat
yolo7-29, 08528443, boat
yolo10-28, 83241558, sofa
yolo7-29, 83241558, sofa
yolo4-28, 83241558, sofa
yolo9-29, 83241558, sofa
yolo9-28, 83241558, sofa
yolo5-27, 83241558, sofa
yolo5-29, 83241558, sofa
yolo2-28, 83241558, sofa
yolo9-28, 58118637, sofa
yolo10-28, 58118637, sofa
yolo7-29, 58118637, sofa
yolo4-28, 58118637, sofa
yolo5-27, 58118637, sofa
yolo9-29, 58118637, sofa
yolo2-28, 58118637, sofa
yolo5-29, 58118637, sofa
yolo9-29, 19970046, bottle
yolo2-28, 19970046, bottle
yolo5-27, 19970046, bottle
yolo5-29, 19970046, bottle
yolo10-28, 19970046, bottle
yolo7-29, 19970046, bottle
yolo9-28, 19970046, bottle
yolo4-28, 19970046, bottle
yolo9-28, 80432445, bottle
yolo2-28, 80432445, bottle
yolo9-29, 80432445, bottle
yolo10-28, 80432445, bottle
yolo5-27, 80432445, bottle
yolo7-29, 80432445, bottle
yolo4-28, 80432445, bottle
yolo5-29, 80432445, bottle
yolo9-28, 66300907, car
yolo9-29, 66300907, car
yolo7-29, 66300907, car
yolo5-29, 66300907, car
yolo5-27, 66300907, car
yolo10-28, 66300907, car
yolo2-28, 66300907, car
yolo4-28, 66300907, car
yolo7-29, 37559018, sofa
yolo9-29, 37559018, sofa
yolo5-29, 37559018, sofa
yolo9-28, 37559018, sofa
yolo5-27, 37559018, sofa
yolo4-28, 37559018, sofa
yolo2-28, 37559018, sofa
yolo10-28, 37559018, sofa
yolo5-27, 70854273, aeroplane
yolo10-28, 70854273, aeroplane
yolo9-29, 70854273, aeroplane
yolo9-28, 70854273, aeroplane
yolo7-29, 70854273, aeroplane
yolo5-29, 70854273, aeroplane
yolo4-28, 70854273, aeroplane
yolo2-28, 70854273, aeroplane
yolo2-28, 88475384, boat
yolo4-28, 88475384, boat
yolo9-29, 88475384, bottle
yolo9-28, 88475384, bottle
yolo5-27, 88475384, boat
yolo7-29, 88475384, boat
yolo10-28, 88475384, boat
yolo5-29, 88475384, boat
yolo9-29, 14271826, aeroplane
yolo5-29, 14271826, aeroplane
yolo4-28, 14271826, aeroplane
yolo5-27, 14271826, aeroplane
yolo2-28, 14271826, aeroplane
yolo7-29, 14271826, aeroplane
yolo9-28, 14271826, aeroplane
yolo10-28, 14271826, aeroplane
yolo9-28, 64147004, car
yolo9-29, 64147004, car
yolo5-27, 64147004, car
yolo5-29, 64147004, car
yolo4-28, 64147004, car
yolo10-28, 64147004, car
yolo2-28, 64147004, car
yolo7-29, 64147004, car
yolo9-28, 52099993, train
yolo2-28, 52099993, train
yolo9-29, 52099993, train
yolo5-27, 52099993, train
yolo5-29, 52099993, train
yolo7-29, 52099993, train
yolo4-28, 52099993, train
yolo10-28, 52099993, train
yolo9-28, 13197364, bottle
yolo9-29, 13197364, bottle
yolo5-27, 13197364, bottle
yolo5-29, 13197364, bottle
yolo7-29, 13197364, bottle
yolo4-28, 13197364, bottle
yolo2-28, 13197364, bottle
yolo10-28, 13197364, bottle
yolo10-28, 91442252, sofa
yolo2-28, 91442252, sofa
yolo9-29, 91442252, sofa
yolo7-29, 91442252, sofa
yolo5-27, 91442252, sofa
yolo5-29, 91442252, sofa
yolo4-28, 91442252, sofa
yolo9-28, 91442252, sofa
yolo10-28, 30190628, bottle
yolo9-29, 30190628, bottle
yolo2-28, 30190628, bottle
yolo7-29, 30190628, bottle
yolo9-28, 30190628, bottle
yolo4-28, 30190628, bottle
yolo5-29, 30190628, bottle
yolo5-27, 30190628, bottle
yolo9-29, 90558091, car
yolo9-28, 90558091, car
yolo5-29, 90558091, car
yolo10-28, 90558091, car
yolo7-29, 90558091, car
yolo5-27, 90558091, car
yolo2-28, 90558091, car
yolo4-28, 90558091, car
yolo9-28, 27094176, car
yolo9-29, 27094176, car
yolo10-28, 27094176, car
yolo2-28, 27094176, car
yolo5-27, 27094176, car
yolo5-29, 27094176, car
yolo7-29, 27094176, car
yolo4-28, 27094176, car
yolo9-28, 65391962, car
yolo9-29, 65391962, car
yolo2-28, 65391962, car
yolo5-27, 65391962, car
yolo10-28, 65391962, car
yolo5-29, 65391962, car
yolo7-29, 65391962, car
yolo4-28, 65391962, car
yolo9-28, 01858737, sofa
yolo9-29, 01858737, sofa
yolo2-28, 01858737, sofa
yolo5-27, 01858737, sofa
yolo7-29, 01858737, sofa
yolo4-28, 01858737, sofa
yolo5-29, 01858737, sofa
yolo10-28, 01858737, sofa
yolo9-29, 46163137, car
yolo9-28, 46163137, car
yolo2-28, 46163137, car
yolo5-29, 46163137, car
yolo10-28, 46163137, car
yolo7-29, 46163137, car
yolo4-28, 46163137, car
yolo5-27, 46163137, car
yolo9-29, 33453272, car
yolo5-29, 33453272, car
yolo10-28, 33453272, car
yolo5-27, 33453272, car
yolo7-29, 33453272, car
yolo4-28, 33453272, car
yolo2-28, 33453272, car
yolo9-28, 33453272, car
yolo9-29, 78851913, car
yolo5-27, 78851913, car
yolo2-28, 78851913, car
yolo10-28, 78851913, car
yolo5-29, 78851913, car
yolo7-29, 78851913, car
yolo4-28, 78851913, car
yolo9-28, 78851913, car
yolo9-29, 62951367, car
yolo9-28, 62951367, car
yolo10-28, 62951367, car
yolo2-28, 62951367, car
yolo7-29, 62951367, car
yolo5-27, 62951367, car
yolo4-28, 62951367, car
yolo5-29, 62951367, car
yolo7-29, 18534500, car
yolo5-27, 18534500, car
yolo10-28, 18534500, car
yolo9-29, 18534500, car
yolo2-28, 18534500, car
yolo4-28, 18534500, car
yolo9-28, 18534500, car
yolo5-29, 18534500, car
yolo9-29, 07157574, car
yolo9-28, 07157574, car
yolo5-29, 07157574, car
yolo7-29, 07157574, car
yolo2-28, 07157574, car
yolo10-28, 07157574, car
yolo5-27, 07157574, car
yolo4-28, 07157574, car
yolo9-28, 87087902, car
yolo9-29, 87087902, car
yolo2-28, 87087902, car
yolo5-29, 87087902, car
yolo5-27, 87087902, car
yolo7-29, 87087902, car
yolo10-28, 87087902, car
yolo4-28, 87087902, car
yolo9-29, 19632237, car
yolo9-28, 19632237, car
yolo5-29, 19632237, car
yolo2-28, 19632237, car
yolo10-28, 19632237, car
yolo5-27, 19632237, car
yolo7-29, 19632237, car
yolo4-28, 19632237, car
yolo9-28, 57806781, car
yolo2-28, 57806781, car
yolo9-29, 57806781, car
yolo5-29, 57806781, car
yolo7-29, 57806781, car
yolo5-27, 57806781, car
yolo10-28, 57806781, car
yolo4-28, 57806781, car
yolo9-29, 94843487, car
yolo9-28, 94843487, car
yolo7-29, 94843487, car
yolo2-28, 94843487, car
yolo5-29, 94843487, car
yolo5-27, 94843487, car
yolo10-28, 94843487, car
yolo4-28, 94843487, car
yolo9-28, 95529236, car
yolo9-29, 95529236, car
yolo4-28, 95529236, car
yolo7-29, 95529236, car
yolo10-28, 95529236, car
yolo5-29, 95529236, car
yolo2-28, 95529236, car
yolo5-27, 95529236, car
yolo9-28, 43371535, car
yolo9-29, 43371535, car
yolo5-29, 43371535, car
yolo5-27, 43371535, car
yolo2-28, 43371535, car
yolo10-28, 43371535, car
yolo7-29, 43371535, car
yolo4-28, 43371535, car
yolo9-29, 43305561, car
yolo9-28, 43305561, car
yolo5-29, 43305561, car
yolo5-27, 43305561, car
yolo10-28, 43305561, car
yolo7-29, 43305561, car
yolo2-28, 43305561, car
yolo4-28, 43305561, car
yolo9-28, 98067302, car
yolo9-29, 98067302, car
yolo2-28, 98067302, car
yolo5-27, 98067302, car
yolo5-29, 98067302, car
yolo7-29, 98067302, car
yolo4-28, 98067302, car
yolo10-28, 98067302, car
yolo9-28, 73104660, car
yolo9-29, 73104660, car
yolo7-29, 73104660, car
yolo5-29, 73104660, car
yolo2-28, 73104660, car
yolo10-28, 73104660, car
yolo4-28, 73104660, car
yolo5-27, 73104660, car
yolo9-28, 14688550, car
yolo9-29, 14688550, car
yolo10-28, 14688550, car
yolo5-27, 14688550, car
yolo7-29, 14688550, car
yolo5-29, 14688550, car
yolo2-28, 14688550, car
yolo4-28, 14688550, car
yolo9-29, 69772060, car
yolo9-28, 69772060, car
yolo2-28, 69772060, car
yolo5-27, 69772060, car
yolo10-28, 69772060, car
yolo5-29, 69772060, car
yolo4-28, 69772060, car
yolo7-29, 69772060, car
yolo9-29, 92953820, car
yolo9-28, 92953820, car
yolo5-29, 92953820, car
yolo10-28, 92953820, car
yolo5-27, 92953820, car
yolo7-29, 92953820, car
yolo4-28, 92953820, car
yolo2-28, 92953820, car
yolo9-29, 85761020, car
yolo5-29, 85761020, car
yolo4-28, 85761020, car
yolo9-28, 85761020, car
yolo5-27, 85761020, car
yolo2-28, 85761020, car
yolo7-29, 85761020, car
yolo10-28, 85761020, car
yolo9-28, 07271834, car
yolo9-29, 07271834, car
yolo2-28, 07271834, car
yolo5-29, 07271834, car
yolo5-27, 07271834, car
yolo10-28, 07271834, car
yolo4-28, 07271834, car
yolo7-29, 07271834, car
yolo9-28, 68521320, car
yolo9-29, 68521320, car
yolo7-29, 68521320, car
yolo10-28, 68521320, car
yolo5-29, 68521320, car
yolo5-27, 68521320, car
yolo2-28, 68521320, car
yolo4-28, 68521320, car
yolo9-29, 65788683, car
yolo5-29, 65788683, car
yolo5-27, 65788683, car
yolo2-28, 65788683, car
yolo7-29, 65788683, car
yolo4-28, 65788683, car
yolo9-28, 65788683, car
yolo10-28, 65788683, car
