
========== Time: 0 ==========

========== Time: 1 ==========

========== Time: 2 ==========

========== Time: 3 ==========

========== Time: 4 ==========

========== Time: 5 ==========

========== Time: 6 ==========

========== Time: 7 ==========

========== Time: 8 ==========

========== Time: 9 ==========
yolo8-2, 44284217, car
yolo8-2, 18992675, boat
yolo8-2, 79640609, sofa
yolo8-2, 08627472, car
yolo8-2, 09458171, car
yolo8-2, 26075945, car
yolo8-2, 36942724, car
yolo8-2, 32796595, car
yolo8-2, 69879358, car
yolo8-2, 57246417, car
yolo8-2, 04078749, car
yolo8-2, 17245151, car
yolo8-2, 82373620, car
yolo8-2, 71796579, car
yolo8-2, 20335269, car
yolo8-2, 15019939, car
yolo8-2, 64614865, car
yolo8-2, 53134588, car
yolo8-2, 14009886, car
yolo2-3, 17245151, car
yolo8-2, 37350756, car
yolo2-3, 82373620, car
yolo8-2, 08022195, aeroplane
yolo2-3, 71796579, car
yolo8-2, 70719192, aeroplane
yolo2-3, 20335269, car
yolo8-2, 29316354, train
yolo2-3, 15019939, car
yolo8-2, 99961450, sofa
yolo2-3, 64614865, car
yolo8-2, 37140748, sofa
yolo2-3, 53134588, car
yolo8-2, 83260077, aeroplane
yolo2-3, 14009886, car
yolo8-2, 07241254, sofa
yolo2-3, 37350756, car
yolo8-2, 47595388, car
yolo2-3, 08022195, aeroplane
yolo8-2, 20458903, aeroplane
yolo2-3, 70719192, aeroplane
yolo8-2, 13408813, sofa
yolo2-3, 29316354, train
yolo8-2, 33823964, sofa
yolo2-3, 99961450, sofa
yolo8-2, 41469527, train
yolo2-3, 37140748, sofa
yolo8-2, 44433171, sofa

========== Time: 10 ==========
yolo2-3, 83260077, aeroplane
yolo8-2, 36778820, sofa
yolo2-3, 07241254, sofa
yolo8-2, 38737345, sofa
yolo2-3, 47595388, car
yolo8-2, 11204661, sofa
yolo2-3, 20458903, aeroplane
yolo8-2, 37713807, train
yolo2-3, 13408813, sofa
yolo8-2, 16422348, sofa
yolo2-3, 33823964, sofa
yolo8-2, 84800312, car
yolo2-3, 41469527, train
yolo8-2, 04711967, car
yolo2-3, 44433171, sofa
yolo8-2, 40898666, car
yolo8-2, 50674892, car
yolo2-3, 36778820, sofa
yolo8-2, 40984166, car
yolo2-3, 38737345, sofa
yolo8-2, 11448581, car
yolo2-3, 11204661, sofa
yolo8-2, 34382513, car
yolo2-3, 37713807, train
yolo8-2, 27866032, car
yolo2-3, 16422348, sofa
yolo2-3, 84800312, car
yolo8-2, 13361061, car
yolo2-3, 04711967, car
yolo2-3, 40898666, car
yolo2-3, 50674892, car
yolo8-2, 51908015, car
yolo2-3, 40984166, car
yolo8-2, 40989110, car
yolo2-3, 11448581, car
yolo2-3, 34382513, car
yolo4-3, 44433171, sofa
yolo2-3, 27866032, car
yolo4-3, 36778820, sofa
yolo8-2, 40234343, car
yolo4-3, 38737345, sofa
yolo2-3, 13361061, car
yolo4-3, 11204661, sofa
yolo2-3, 51908015, car
yolo8-2, 24927128, car
yolo4-3, 37713807, train
yolo2-3, 40989110, car
yolo8-2, 00842824, car
yolo4-3, 16422348, sofa
yolo2-3, 40234343, car
yolo4-3, 84800312, car
yolo8-2, 78522009, car
yolo2-3, 24927128, car
yolo4-3, 04711967, car
yolo2-3, 00842824, car
yolo4-3, 40898666, car
yolo8-2, 36841798, car
yolo2-3, 78522009, car
yolo4-3, 50674892, car
yolo2-3, 36841798, car
yolo4-3, 40984166, car
yolo4-3, 11448581, car
yolo2-3, 38308633, car
yolo4-3, 34382513, car
yolo8-2, 38308633, car
yolo4-3, 27866032, car
yolo2-3, 06821063, car
yolo4-3, 13361061, car
yolo8-2, 06821063, car
yolo4-3, 51908015, car
yolo8-2, 56975443, car
yolo2-3, 56975443, car
yolo4-3, 40989110, car
yolo4-3, 40234343, car
yolo8-2, 47014237, car
yolo2-3, 47014237, car
yolo4-3, 24927128, car
yolo4-3, 00842824, car
yolo8-2, 52612900, car
yolo2-3, 52612900, car
yolo4-3, 78522009, car
yolo4-3, 36841798, car
yolo8-2, 72645903, car
yolo2-3, 72645903, car
yolo4-3, 38308633, car
yolo4-3, 06821063, car
yolo2-3, 36748741, car
yolo8-2, 36748741, car
yolo4-3, 56975443, car
yolo4-3, 47014237, car
yolo8-2, 71441263, car
yolo2-3, 71441263, car
yolo4-3, 52612900, car
yolo4-3, 72645903, car
yolo8-2, 12932052, car
yolo2-3, 12932052, car
yolo4-3, 36748741, car
yolo4-3, 71441263, car
yolo8-2, 43446117, car
yolo2-3, 43446117, car
yolo4-3, 12932052, car
yolo4-3, 43446117, car
yolo8-2, 79198156, car
yolo2-3, 79198156, car
yolo4-3, 79198156, car
yolo4-3, 54434657, car
yolo2-3, 54434657, car
yolo8-2, 54434657, car
yolo8-2, 56682505, car
yolo4-3, 56682505, car
yolo2-3, 56682505, car
yolo8-2, 15226777, car
yolo2-3, 15226777, car
yolo4-3, 15226777, car
yolo8-2, 90597646, car
yolo2-3, 90597646, car
yolo4-3, 90597646, car
yolo8-2, 70271331, car
yolo2-3, 70271331, car
yolo4-3, 70271331, car
yolo4-3, 83506486, car
yolo8-2, 83506486, car
yolo2-3, 83506486, car
yolo11-3, 52612900, car
yolo11-3, 72645903, car
yolo5-4, 72645903, car
yolo8-2, 74956247, car
yolo4-3, 74956247, car
yolo2-3, 74956247, car
yolo11-3, 36748741, car
yolo5-4, 36748741, car
yolo11-3, 71441263, car
yolo8-2, 24322510, car
yolo2-3, 24322510, car
yolo4-3, 24322510, car
yolo5-4, 71441263, car
yolo11-3, 12932052, car
yolo5-4, 12932052, car
yolo11-3, 43446117, car
yolo2-3, 43747226, car
yolo4-3, 43747226, car
yolo8-2, 43747226, car
yolo5-4, 43446117, car
yolo11-3, 79198156, car
yolo5-4, 79198156, car
yolo11-3, 54434657, car
yolo2-3, 36687247, car
yolo8-2, 36687247, car
yolo4-3, 36687247, car
yolo5-4, 54434657, car
yolo11-3, 56682505, car
yolo11-3, 15226777, car
yolo5-4, 56682505, car
yolo2-3, 18174458, car
yolo4-3, 18174458, car
yolo8-2, 18174458, car
yolo5-4, 15226777, car
yolo11-3, 90597646, car
yolo11-3, 70271331, car
yolo5-4, 90597646, car
yolo8-2, 29892524, car
yolo4-3, 29892524, car
yolo2-3, 29892524, car
yolo11-3, 83506486, car
yolo5-4, 70271331, car
yolo11-3, 74956247, car
yolo5-4, 83506486, car
yolo11-3, 24322510, car
yolo5-4, 74956247, car
yolo4-3, 30755186, car
yolo8-2, 30755186, car
yolo2-3, 30755186, car
yolo5-4, 24322510, car
yolo11-3, 43747226, car
yolo11-3, 36687247, car
yolo5-4, 43747226, car
yolo8-2, 93043132, car
yolo4-3, 93043132, car
yolo2-3, 93043132, car
yolo11-3, 18174458, car
yolo5-4, 36687247, car
yolo11-3, 29892524, car
yolo8-2, 79805715, car
yolo2-3, 79805715, car
yolo4-3, 79805715, car
yolo5-4, 18174458, car
yolo11-3, 30755186, car
yolo5-4, 29892524, car
yolo11-3, 93043132, car
yolo2-3, 97460808, car
yolo5-4, 30755186, car
yolo8-2, 97460808, car
yolo4-3, 97460808, car
yolo11-3, 79805715, car
yolo5-4, 93043132, car
yolo11-3, 97460808, car
yolo2-3, 60858167, car
yolo5-4, 79805715, car
yolo4-3, 60858167, car
yolo8-2, 60858167, car
yolo11-3, 60858167, car
yolo5-4, 97460808, car
yolo8-2, 10790228, car
yolo11-3, 10790228, car
yolo2-3, 10790228, car
yolo4-3, 10790228, car
yolo5-4, 60858167, car
yolo5-4, 10790228, car
yolo8-2, 34649678, car
yolo2-3, 34649678, car
yolo5-4, 34649678, car
yolo11-3, 34649678, car
yolo4-3, 34649678, car
yolo5-4, 34100590, car
yolo11-3, 34100590, car
yolo8-2, 34100590, car
yolo4-3, 34100590, car
yolo2-3, 34100590, car
yolo5-10, 34100590, car
yolo5-4, 92314434, car
yolo5-10, 92314434, car
yolo4-3, 92314434, car
yolo8-2, 92314434, car
yolo11-3, 92314434, car
yolo2-3, 92314434, car
yolo5-10, 07797292, car
yolo5-4, 07797292, car
yolo11-3, 07797292, car
yolo8-2, 07797292, car
yolo4-3, 07797292, car
yolo2-3, 07797292, car
yolo5-10, 04464563, aeroplane
yolo5-4, 04464563, aeroplane
yolo2-3, 04464563, aeroplane
yolo8-2, 04464563, aeroplane
yolo4-3, 04464563, aeroplane
yolo11-3, 04464563, aeroplane
yolo5-10, 80886299, car
yolo5-4, 80886299, car
yolo11-3, 80886299, car
yolo4-3, 80886299, car
yolo8-2, 80886299, car
yolo2-3, 80886299, car
yolo5-4, 17972082, car
yolo5-10, 17972082, car
yolo11-3, 17972082, car
yolo4-3, 17972082, car
yolo2-3, 17972082, car
yolo8-2, 17972082, car
yolo5-4, 26879187, car
yolo5-10, 26879187, car
yolo11-3, 26879187, car
yolo8-2, 26879187, car
yolo2-3, 26879187, car
yolo4-3, 26879187, car
yolo5-10, 52756504, car
yolo5-4, 52756504, car
yolo2-3, 52756504, car
yolo8-2, 52756504, car
yolo4-3, 52756504, car
yolo11-3, 52756504, car
yolo5-4, 38186100, car
yolo5-10, 38186100, car
yolo11-3, 38186100, car
yolo2-3, 38186100, car
yolo8-2, 38186100, car
yolo4-3, 38186100, car
yolo5-4, 64928828, car
yolo5-10, 64928828, car
yolo8-2, 64928828, car
yolo11-3, 64928828, car
yolo2-3, 64928828, car
yolo4-3, 64928828, car
yolo5-10, 61916919, car
yolo5-4, 61916919, car
yolo4-3, 61916919, car
yolo11-3, 61916919, car
yolo8-2, 61916919, car
yolo2-3, 61916919, car
yolo5-4, 47022245, car
yolo5-10, 47022245, car
yolo11-3, 47022245, car
yolo4-3, 47022245, car
yolo8-2, 47022245, car
yolo2-3, 47022245, car
yolo5-10, 81468602, car
yolo5-4, 81468602, car
yolo11-3, 81468602, car
yolo8-2, 81468602, car
yolo2-3, 81468602, car
yolo4-3, 81468602, car
yolo5-4, 90811642, car
yolo5-10, 90811642, car
yolo8-2, 90811642, car
yolo11-3, 90811642, car
yolo4-3, 90811642, car
yolo2-3, 90811642, car

========== Time: 11 ==========
yolo5-10, 43799579, car
yolo5-4, 43799579, car
yolo2-3, 43799579, car
yolo8-2, 43799579, car
yolo11-3, 43799579, car
yolo4-3, 43799579, car
yolo5-10, 28028641, bottle
yolo5-4, 28028641, bottle
yolo8-2, 28028641, car
yolo11-3, 28028641, car
yolo2-3, 28028641, car
yolo4-3, 28028641, car
yolo5-4, 77246448, car
yolo5-10, 77246448, car
yolo2-3, 77246448, car
yolo4-3, 77246448, car
yolo8-2, 77246448, car
yolo11-3, 77246448, car
yolo8-2, 01276083, car
yolo11-3, 01276083, car
yolo2-3, 01276083, car
yolo5-4, 01276083, car
yolo4-3, 01276083, car
yolo5-10, 01276083, car
yolo5-4, 35948785, car
yolo5-10, 35948785, car
yolo8-2, 35948785, car
yolo11-3, 35948785, car
yolo2-3, 35948785, car
yolo4-3, 35948785, car
yolo5-4, 28095417, car
yolo5-10, 28095417, car
yolo11-3, 28095417, car
yolo8-2, 28095417, car
yolo2-3, 28095417, car
yolo4-3, 28095417, car
yolo5-4, 74260693, car
yolo5-10, 74260693, car
yolo2-3, 74260693, car
yolo11-3, 74260693, car
yolo8-2, 74260693, car
yolo4-3, 74260693, car
yolo5-4, 66837037, car
yolo5-10, 66837037, car
yolo8-2, 66837037, car
yolo11-3, 66837037, car
yolo4-3, 66837037, car
yolo2-3, 66837037, car
yolo4-3, 61821328, sofa
yolo2-3, 61821328, sofa
yolo8-2, 61821328, sofa
yolo5-10, 61821328, sofa
yolo5-10, 07920950, car
yolo8-2, 07920950, car
yolo2-3, 07920950, car
yolo4-3, 07920950, car
yolo5-10, 57512418, person
yolo8-2, 57512418, person
yolo4-3, 57512418, person
yolo2-3, 57512418, person
yolo5-10, 99645504, car
yolo2-3, 99645504, car
yolo8-2, 99645504, car
yolo4-3, 99645504, car
yolo5-10, 07184599, car
yolo4-3, 07184599, car
yolo2-3, 07184599, car
yolo8-2, 07184599, car
yolo8-2, 69075182, car
yolo5-10, 69075182, car
yolo2-3, 69075182, car
yolo4-3, 69075182, car
yolo4-3, 13935961, aeroplane
yolo8-2, 13935961, aeroplane
yolo2-3, 13935961, aeroplane
yolo2-3, 75242930, car
yolo8-2, 75242930, car
yolo4-3, 75242930, car

========== Time: 12 ==========
yolo4-3, 51611061, car
yolo8-2, 51611061, car
yolo2-3, 51611061, car
yolo8-2, 69136287, train
yolo4-3, 69136287, train
yolo2-3, 69136287, train
yolo8-2, 75410058, train
yolo4-3, 75410058, train
yolo2-3, 75410058, train
yolo8-2, 78853456, sofa
yolo4-3, 78853456, sofa
yolo2-3, 78853456, sofa
yolo8-2, 52406327, car
yolo2-3, 52406327, car
yolo4-3, 52406327, car
yolo8-2, 26430707, car
yolo2-3, 26430707, car
yolo4-3, 26430707, car
yolo8-2, 69195367, car
yolo4-3, 69195367, car
yolo2-3, 69195367, car
yolo2-3, 61110079, car
yolo8-2, 61110079, car
yolo4-3, 61110079, car
yolo8-2, 64995540, car
yolo2-3, 64995540, car
yolo4-3, 64995540, car
yolo8-2, 07764113, car
yolo2-3, 07764113, car
yolo4-3, 07764113, car
yolo8-2, 36511795, car
yolo4-3, 36511795, car
yolo2-3, 36511795, car
yolo8-2, 16125241, car
yolo4-3, 16125241, car
yolo2-3, 16125241, car
yolo8-2, 60778081, car
yolo2-3, 60778081, car
yolo4-3, 60778081, car
yolo8-2, 50932294, car
yolo2-3, 50932294, car
yolo4-3, 50932294, car
yolo8-2, 13907864, car
yolo2-3, 13907864, car
yolo4-3, 13907864, car

========== Time: 13 ==========
yolo2-3, 03105461, car
yolo8-2, 03105461, car
yolo4-3, 03105461, car
yolo8-2, 34895310, car
yolo4-3, 34895310, car
yolo2-3, 34895310, car
yolo8-2, 14201136, car
yolo4-3, 14201136, car
yolo2-3, 14201136, car
yolo5-edge-10, 14201136, car
yolo8-2, 64838583, car
yolo2-3, 64838583, car
yolo4-3, 64838583, car
yolo5-edge-10, 64838583, car
yolo8-2, 68873185, car
yolo2-3, 68873185, car
yolo4-3, 68873185, car
yolo5-edge-10, 68873185, car
yolo8-2, 52633926, car
yolo2-3, 52633926, car
yolo4-3, 52633926, car
yolo5-edge-10, 52633926, car
yolo8-2, 13201449, car
yolo2-3, 13201449, car
yolo4-3, 13201449, car
yolo5-edge-10, 13201449, car
yolo8-2, 84496492, car
yolo2-3, 84496492, car
yolo4-3, 84496492, car
yolo5-edge-10, 84496492, car
yolo4-3, 20397276, car
yolo5-edge-10, 20397276, car
yolo4-3, 32271737, car
yolo5-edge-10, 32271737, car
yolo5-edge-10, 24240929, car
yolo4-3, 24240929, car
yolo5-edge-10, 81085630, car
yolo4-3, 81085630, car
yolo5-edge-10, 39603596, car
yolo4-3, 39603596, car
yolo4-3, 38393344, car
yolo5-edge-10, 38393344, car
yolo5-edge-10, 76823561, car
yolo4-3, 76823561, car
yolo4-3, 97671152, car
yolo5-edge-10, 97671152, car

========== Time: 14 ==========
yolo4-3, 56133289, car
yolo5-edge-10, 56133289, car
yolo4-3, 52715545, car
yolo5-edge-10, 52715545, car
yolo9-9, 68873185, car
yolo9-9, 52633926, car
yolo4-3, 60910030, car
yolo5-edge-10, 60910030, car
yolo9-9, 13201449, car
yolo9-9, 84496492, car
yolo4-3, 95501654, car
yolo5-edge-10, 95501654, aeroplane
yolo9-9, 20397276, car
yolo9-9, 32271737, car
yolo4-3, 61863888, car
yolo5-edge-10, 61863888, aeroplane
yolo9-9, 24240929, car
yolo9-9, 81085630, car
yolo4-3, 89123644, car
yolo9-9, 39603596, car
yolo5-edge-10, 89123644, aeroplane
yolo9-9, 38393344, car
yolo9-9, 76823561, car
yolo4-3, 87454671, car
yolo5-edge-10, 87454671, aeroplane
yolo9-9, 97671152, car
yolo9-9, 56133289, car
yolo4-3, 11942230, car
yolo5-edge-10, 11942230, aeroplane
yolo9-9, 52715545, car
yolo4-3, 21066847, car
yolo9-9, 60910030, car
yolo5-edge-10, 21066847, aeroplane
yolo9-9, 95501654, car
yolo4-3, 23599254, car
yolo5-edge-10, 23599254, aeroplane
yolo9-9, 61863888, car
yolo9-9, 89123644, car
yolo5-edge-10, 63442802, aeroplane
yolo9-9, 87454671, car
yolo9-9, 11942230, car
yolo5-edge-10, 21466723, aeroplane
yolo9-9, 21066847, car
yolo9-9, 23599254, car
yolo9-9, 63442802, car
yolo5-edge-10, 18032447, bottle
yolo9-9, 21466723, car
yolo9-9, 18032447, person
yolo5-edge-10, 05558529, aeroplane
yolo9-9, 05558529, car

========== Time: 15 ==========
yolo9-9, 77452452, car
yolo5-edge-10, 77452452, aeroplane
yolo9-9, 27449291, car
yolo5-edge-10, 27449291, aeroplane
yolo9-9, 69594282, car
yolo5-edge-10, 69594282, car
yolo9-9, 28047022, car
yolo5-edge-10, 28047022, car
yolo9-9, 36558380, car
yolo5-edge-10, 36558380, car
yolo5-edge-10, 35350764, car
yolo9-9, 35350764, car
yolo9-9, 51518687, car
yolo5-edge-10, 51518687, car
yolo2-11, 35350764, car
yolo5-edge-10, 55669611, car
yolo9-9, 55669611, car
yolo2-11, 51518687, car
yolo9-9, 15052125, car
yolo5-edge-10, 15052125, car
yolo9-9, 84043880, car
yolo5-edge-10, 84043880, car
yolo9-9, 63097862, car
yolo5-edge-10, 63097862, car
yolo9-9, 42623378, car
yolo5-edge-10, 42623378, car
yolo9-9, 55135800, car
yolo5-edge-10, 55135800, car
yolo9-9, 78216711, car
yolo5-edge-10, 78216711, car
yolo9-9, 01870802, car
yolo5-edge-10, 01870802, car
yolo9-9, 47667396, car

========== Time: 16 ==========
yolo5-edge-10, 47667396, car
yolo5-edge-10, 94311726, car
yolo9-9, 94311726, car
yolo9-9, 48638408, car
yolo5-edge-10, 48638408, car
yolo9-9, 87307814, car
yolo5-edge-10, 87307814, car
yolo9-9, 81969506, car
yolo5-edge-10, 81969506, car
yolo5-edge-10, 82183713, car
yolo9-9, 82183713, car
yolo8-12, 82183713, car
yolo8-12, 04699559, car
yolo9-9, 04699559, car
yolo5-edge-10, 04699559, car
yolo8-12, 61703531, car
yolo9-9, 61703531, car
yolo5-edge-10, 61703531, car
yolo9-9, 37833854, car
yolo5-edge-10, 37833854, car
yolo8-12, 37833854, car
yolo8-12, 08174293, car
yolo9-9, 08174293, car
yolo5-edge-10, 08174293, car
yolo5-edge-10, 51063152, car
yolo9-9, 51063152, car
yolo8-12, 51063152, car
yolo8-12, 93363127, car
yolo9-9, 93363127, car
yolo5-edge-10, 93363127, car
yolo2-16, 93363127, car
yolo5-edge-10, 41505410, car
yolo8-12, 41505410, car
yolo9-9, 41505410, car
yolo2-16, 41505410, car
yolo8-16, 41505410, car
yolo5-edge-10, 44778240, car
yolo8-12, 44778240, car
yolo8-16, 44778240, car
yolo2-16, 44778240, car
yolo9-9, 44778240, car
yolo8-16, 89774793, car
yolo9-9, 89774793, car
yolo8-12, 89774793, car
yolo2-16, 89774793, car
yolo5-edge-10, 89774793, car
yolo2-16, 57863872, car
yolo5-edge-10, 57863872, car
yolo8-16, 57863872, car
yolo9-9, 57863872, car
yolo8-12, 57863872, car
yolo5-edge-10, 58361908, car
yolo2-16, 58361908, car
yolo8-16, 58361908, car
yolo9-9, 58361908, car
yolo8-12, 58361908, car
yolo10-12, 93363127, car
yolo10-12, 41505410, car
yolo5-edge-10, 37918925, car
yolo8-16, 37918925, car
yolo8-12, 37918925, car
yolo2-16, 37918925, car
yolo9-9, 37918925, car
yolo10-12, 44778240, car
yolo10-12, 89774793, car
yolo5-edge-10, 78808540, car
yolo8-16, 78808540, car
yolo8-12, 78808540, car
yolo2-16, 78808540, car
yolo9-9, 78808540, car
yolo10-12, 57863872, car
yolo10-12, 58361908, car
yolo8-16, 49464185, car
yolo8-12, 49464185, car
yolo5-edge-10, 49464185, car
yolo2-16, 49464185, car
yolo9-9, 49464185, car
yolo10-12, 37918925, car

========== Time: 17 ==========
yolo10-12, 78808540, car
yolo5-edge-10, 09239622, car
yolo2-16, 09239622, car
yolo8-16, 09239622, car
yolo8-12, 09239622, car
yolo9-9, 09239622, car
yolo10-12, 49464185, car
yolo10-12, 09239622, car
yolo5-edge-10, 34044116, car
yolo8-16, 34044116, car
yolo8-12, 34044116, car
yolo2-16, 34044116, car
yolo9-9, 34044116, car
yolo10-12, 34044116, car
yolo5-edge-10, 06503265, car
yolo8-16, 06503265, car
yolo2-16, 06503265, car
yolo10-12, 06503265, car
yolo8-12, 06503265, car
yolo9-9, 06503265, car
yolo5-edge-10, 76361014, car
yolo8-12, 76361014, car
yolo10-12, 76361014, car
yolo8-16, 76361014, car
yolo9-9, 76361014, car
yolo2-16, 76361014, car
yolo5-edge-10, 07740467, car
yolo8-12, 07740467, car
yolo8-16, 07740467, car
yolo2-16, 07740467, car
yolo9-9, 07740467, car
yolo10-12, 07740467, car
yolo5-edge-10, 54181355, car
yolo2-16, 54181355, car
yolo9-9, 54181355, car
yolo8-16, 54181355, car
yolo8-12, 54181355, car
yolo10-12, 54181355, car
yolo5-edge-10, 94188433, car
yolo8-12, 94188433, car
yolo10-12, 94188433, car
yolo9-9, 94188433, car
yolo8-16, 94188433, car
yolo2-16, 94188433, car
yolo5-edge-10, 21386001, car
yolo8-12, 21386001, car
yolo10-12, 21386001, car
yolo8-16, 21386001, car
yolo2-16, 21386001, car
yolo9-9, 21386001, car
yolo5-edge-10, 16181122, car
yolo2-16, 16181122, car
yolo10-12, 16181122, car
yolo8-16, 16181122, car
yolo8-12, 16181122, car
yolo11-15, 94188433, car
yolo11-15, 21386001, car
yolo5-edge-10, 97122876, car
yolo8-16, 97122876, car
yolo8-12, 97122876, car
yolo2-16, 97122876, car
yolo10-12, 97122876, car
yolo11-15, 16181122, car
yolo11-15, 97122876, car
yolo10-12, 20164364, car
yolo5-edge-10, 20164364, car

========== Time: 18 ==========
yolo2-16, 20164364, car
yolo8-12, 20164364, car
yolo8-16, 20164364, car
yolo11-15, 20164364, car
yolo8-12, 24642606, car
yolo2-16, 24642606, car
yolo11-15, 24642606, car
yolo8-16, 24642606, car
yolo10-12, 24642606, car
yolo5-edge-10, 24642606, car
yolo5-edge-10, 51089809, aeroplane
yolo8-16, 51089809, car
yolo11-15, 51089809, car
yolo8-12, 51089809, car
yolo2-16, 51089809, car
yolo10-12, 51089809, car
yolo5-edge-10, 34973888, aeroplane
yolo10-12, 34973888, car
yolo2-16, 34973888, car
yolo8-16, 34973888, car
yolo11-15, 34973888, car
yolo8-12, 34973888, car
yolo5-edge-10, 40323984, aeroplane
yolo10-12, 40323984, car
yolo2-16, 40323984, car
yolo11-15, 40323984, car
yolo8-12, 40323984, car
yolo8-16, 40323984, car
yolo5-edge-10, 86227347, aeroplane
yolo10-12, 86227347, car
yolo8-12, 86227347, car
yolo8-16, 86227347, car
yolo11-15, 86227347, car
yolo2-16, 86227347, car
yolo5-edge-10, 13003015, aeroplane
yolo10-12, 13003015, car
yolo11-15, 13003015, car
yolo8-16, 13003015, car
yolo8-12, 13003015, car
yolo2-16, 13003015, car
yolo5-edge-10, 06375376, aeroplane
yolo11-15, 06375376, car
yolo8-16, 06375376, car
yolo2-16, 06375376, car
yolo8-12, 06375376, car
yolo5-edge-10, 96147579, aeroplane
yolo2-16, 96147579, car
yolo8-16, 96147579, car
yolo8-12, 96147579, car
yolo10-12, 06375376, car
yolo8-12, 60633675, car
yolo8-16, 60633675, car
yolo5-edge-10, 60633675, aeroplane
yolo10-12, 96147579, car
yolo8-16, 42781920, car
yolo8-12, 42781920, car
yolo5-edge-10, 42781920, aeroplane
yolo10-12, 60633675, car
yolo10-12, 42781920, car
yolo5-edge-10, 14949106, aeroplane
yolo8-16, 14949106, car
yolo8-12, 14949106, car
yolo10-12, 14949106, car
yolo10-12, 15843168, car
yolo8-12, 15843168, car
yolo8-16, 15843168, car
yolo5-edge-10, 15843168, aeroplane
yolo8-16, 84536794, car
yolo8-12, 84536794, car
yolo10-12, 84536794, car
yolo5-edge-10, 84536794, aeroplane
yolo10-12, 35254019, car
yolo5-edge-10, 35254019, aeroplane
yolo8-16, 35254019, car
yolo8-12, 35254019, car
yolo10-12, 69885120, car
yolo8-16, 69885120, car
yolo8-12, 69885120, car
yolo5-edge-10, 69885120, aeroplane

========== Time: 19 ==========
yolo5-edge-10, 11901387, aeroplane
yolo8-12, 11901387, car
yolo8-16, 11901387, car
yolo10-12, 11901387, car
yolo10-12, 88178197, car
yolo8-12, 88178197, car
yolo8-16, 88178197, car
yolo5-edge-10, 88178197, aeroplane
yolo8-16, 44783225, car
yolo5-edge-10, 44783225, aeroplane
yolo8-12, 44783225, car
yolo10-12, 44783225, car
yolo10-12, 13746905, car
yolo5-edge-10, 13746905, aeroplane
yolo8-16, 13746905, car
yolo8-12, 13746905, car
yolo10-12, 60483279, car
yolo5-edge-10, 60483279, aeroplane
yolo8-16, 60483279, car
yolo8-12, 60483279, car
yolo11-18, 60483279, car
yolo5-edge-10, 40010502, aeroplane
yolo8-16, 40010502, car
yolo11-18, 40010502, car
yolo8-12, 40010502, car
yolo10-12, 40010502, car
yolo5-edge-10, 18355766, aeroplane
yolo8-12, 18355766, car
yolo8-16, 18355766, car
yolo11-18, 18355766, car
yolo10-12, 18355766, car
yolo8-16, 90828731, car
yolo5-edge-10, 90828731, aeroplane
yolo8-12, 90828731, car
yolo11-18, 90828731, car
yolo10-12, 90828731, car
yolo10-12, 98469239, car
yolo8-16, 98469239, car
yolo8-12, 98469239, car
yolo11-18, 98469239, car
yolo8-12, 80828121, car
yolo8-16, 80828121, car
yolo10-12, 80828121, car
yolo11-18, 80828121, car
yolo8-12, 17728232, car
yolo8-16, 17728232, car
yolo10-12, 17728232, car
yolo11-18, 17728232, car
yolo11-18, 07894649, car
yolo8-16, 07894649, car
yolo10-12, 07894649, car
yolo8-12, 07894649, car
yolo8-12, 64705874, car
yolo8-16, 64705874, car
yolo11-18, 64705874, car
yolo10-12, 64705874, car
yolo8-12, 82493621, car
yolo8-16, 82493621, car
yolo11-18, 82493621, car
yolo10-12, 82493621, car
yolo8-16, 44763965, car
yolo11-18, 44763965, car
yolo10-12, 44763965, car
yolo8-12, 44763965, car
yolo8-12, 59721344, car
yolo8-16, 59721344, car
yolo10-12, 59721344, car
yolo11-18, 59721344, car
yolo10-12, 40432999, car
yolo8-12, 40432999, car
yolo11-18, 40432999, car
yolo8-16, 40432999, car

========== Time: 20 ==========
yolo8-12, 94130731, car
yolo11-18, 94130731, car
yolo8-16, 94130731, car
yolo10-12, 94130731, car
yolo8-16, 41733162, car
yolo10-12, 41733162, car
yolo8-12, 41733162, car
yolo11-18, 41733162, car
yolo8-16, 90735598, car
yolo8-12, 90735598, car
yolo11-18, 90735598, car
yolo10-12, 90735598, car
yolo8-12, 14640649, car
yolo11-18, 14640649, car
yolo8-16, 14640649, car
yolo10-12, 14640649, car
yolo10-12, 18332733, car
yolo8-16, 18332733, car
yolo8-12, 18332733, car
yolo11-18, 18332733, car
yolo8-12, 63161565, car
yolo10-12, 63161565, car
yolo8-16, 63161565, car
yolo11-18, 63161565, car
yolo8-12, 67983953, car
yolo8-16, 67983953, car
yolo10-12, 67983953, car
yolo11-18, 67983953, car
yolo11-18, 49595748, car
yolo10-12, 49595748, car
yolo8-12, 49595748, car
yolo8-16, 49595748, car
yolo10-19, 49595748, car
yolo8-16, 73503259, car
yolo8-12, 73503259, car
yolo10-12, 73503259, car
yolo10-19, 73503259, car
yolo11-18, 73503259, car
yolo11-18, 04435202, car
yolo8-12, 04435202, car
yolo10-19, 04435202, car
yolo10-12, 04435202, car
yolo8-16, 04435202, car
yolo11-18, 20816918, car
yolo10-12, 20816918, car
yolo8-16, 20816918, car
yolo8-12, 20816918, car
yolo10-19, 20816918, car
yolo8-16, 40365582, car
yolo8-12, 40365582, car
yolo10-19, 40365582, car
yolo11-18, 40365582, car
yolo10-12, 40365582, car
yolo8-12, 67129861, car
yolo8-16, 67129861, car
yolo10-12, 67129861, car
yolo10-19, 67129861, car
yolo11-18, 67129861, car
yolo8-12, 15845702, car
yolo11-18, 15845702, car
yolo10-19, 15845702, car
yolo10-12, 15845702, car
yolo8-16, 15845702, car
yolo8-12, 64409052, car
yolo10-12, 64409052, car
yolo8-16, 64409052, car
yolo11-18, 64409052, car
yolo10-19, 64409052, car

========== Time: 21 ==========
yolo8-16, 52807686, car
yolo10-19, 52807686, car
yolo11-18, 52807686, car
yolo8-12, 52807686, car
yolo10-12, 52807686, car
yolo10-12, 73212264, car
yolo8-12, 73212264, car
yolo8-16, 73212264, car
yolo10-19, 73212264, car
yolo11-18, 73212264, car
yolo8-16, 64974155, car
yolo10-12, 64974155, car
yolo11-18, 64974155, car
yolo10-19, 64974155, car
yolo8-12, 64974155, car
yolo8-16, 49423340, car
yolo8-12, 49423340, car
yolo11-18, 49423340, car
yolo10-19, 49423340, car
yolo10-12, 49423340, car
yolo11-18, 47717946, car
yolo10-19, 47717946, car
yolo8-16, 47717946, car
yolo8-12, 47717946, car
yolo10-12, 47717946, car
yolo11-18, 88676337, car
yolo8-12, 88676337, car
yolo8-16, 88676337, car
yolo10-12, 88676337, car
yolo10-19, 88676337, car
yolo3-16, 63161565, car
yolo8-12, 61716937, aeroplane
yolo11-18, 61716937, aeroplane
yolo10-12, 61716937, aeroplane
yolo8-16, 61716937, aeroplane
yolo10-19, 61716937, aeroplane
yolo3-16, 67983953, car
yolo3-16, 49595748, car
yolo8-16, 79829393, bottle
yolo10-19, 79829393, bottle
yolo11-18, 79829393, bottle
yolo8-12, 79829393, bottle
yolo10-12, 79829393, bottle
yolo3-16, 73503259, car
yolo3-16, 04435202, car
yolo10-12, 12694653, train
yolo10-19, 12694653, train
yolo11-18, 12694653, train
yolo8-12, 12694653, train
yolo3-16, 20816918, car
yolo3-16, 40365582, car
yolo10-19, 95893550, car
yolo8-12, 95893550, car
yolo10-12, 95893550, car
yolo11-18, 95893550, car
yolo3-16, 67129861, car
yolo3-16, 15845702, car
yolo11-18, 17047735, boat
yolo8-12, 17047735, boat
yolo10-19, 17047735, boat
yolo10-12, 17047735, boat
yolo3-16, 64409052, car
yolo3-16, 52807686, car
yolo8-12, 87211375, sofa
yolo10-12, 87211375, sofa
yolo11-18, 87211375, sofa
yolo10-19, 87211375, sofa
yolo3-16, 73212264, car
yolo8-12, 11246901, car
yolo11-18, 11246901, car
yolo10-12, 11246901, car
yolo10-19, 11246901, car
yolo3-16, 64974155, car
yolo3-16, 49423340, car
yolo8-12, 30086120, tvmonitor
yolo11-18, 30086120, tvmonitor
yolo10-12, 30086120, tvmonitor
yolo10-19, 30086120, tvmonitor
yolo3-16, 47717946, car
yolo3-16, 88676337, car
yolo8-12, 23894301, aeroplane
yolo11-18, 23894301, aeroplane
yolo10-19, 23894301, aeroplane
yolo10-12, 23894301, aeroplane
yolo3-16, 61716937, aeroplane
yolo11-18, 99514558, boat
yolo10-19, 99514558, boat
yolo3-16, 79829393, bottle
yolo10-12, 99514558, boat
yolo8-12, 99514558, boat
yolo3-16, 12694653, train
yolo3-16, 95893550, car
yolo11-18, 25966037, sofa
yolo8-12, 25966037, sofa
yolo10-19, 25966037, sofa
yolo10-12, 25966037, sofa

========== Time: 22 ==========
yolo3-16, 17047735, boat
yolo11-18, 39416288, sofa
yolo3-16, 87211375, sofa
yolo10-19, 39416288, sofa
yolo10-12, 39416288, sofa
yolo8-12, 39416288, sofa
yolo3-16, 11246901, car
yolo11-18, 09328565, car
yolo8-12, 09328565, car
yolo10-12, 09328565, car
yolo10-19, 09328565, car
yolo3-16, 30086120, tvmonitor
yolo3-16, 23894301, aeroplane
yolo10-12, 47683721, car
yolo8-12, 47683721, car
yolo11-18, 47683721, car
yolo10-19, 47683721, car
yolo3-16, 99514558, boat
yolo3-16, 25966037, sofa
yolo11-18, 09259832, car
yolo10-12, 09259832, car
yolo8-12, 09259832, car
yolo10-19, 09259832, car
yolo3-16, 39416288, sofa
yolo3-16, 09328565, car
yolo11-18, 26690944, car
yolo8-12, 26690944, car
yolo10-19, 26690944, car
yolo10-12, 26690944, car
yolo3-16, 47683721, car
yolo3-16, 09259832, car
yolo11-18, 51719415, car
yolo10-12, 51719415, car
yolo8-12, 51719415, car
yolo10-19, 51719415, car
yolo3-16, 26690944, car
yolo5-17, 95893550, aeroplane
yolo3-16, 51719415, car
yolo10-12, 95190462, sofa
yolo11-18, 95190462, sofa
yolo10-19, 95190462, sofa
yolo8-12, 95190462, sofa
yolo5-17, 17047735, aeroplane
yolo3-16, 95190462, sofa
yolo5-17, 87211375, aeroplane
yolo11-18, 61718765, car
yolo8-12, 61718765, car
yolo10-12, 61718765, car
yolo3-16, 61718765, car
yolo5-17, 11246901, bottle
yolo10-19, 61718765, car
yolo5-17, 30086120, bottle
yolo10-19, 50089515, car
yolo10-12, 50089515, car
yolo3-16, 50089515, car
yolo3-16, 12852306, car
yolo10-12, 12852306, car
yolo10-19, 12852306, car
yolo10-12, 87109509, car
yolo3-16, 87109509, car
yolo10-19, 87109509, car
yolo10-12, 24320342, bottle
yolo10-19, 24320342, bottle
yolo3-16, 24320342, bottle
yolo10-19, 37619742, aeroplane
yolo3-16, 37619742, aeroplane
yolo10-12, 37619742, aeroplane
yolo10-19, 25999782, car
yolo10-12, 25999782, car
yolo10-12, 07962033, car
yolo10-19, 07962033, car

========== Time: 23 ==========
yolo10-12, 33539034, car
yolo10-19, 33539034, car
yolo10-12, 85227441, sofa
yolo10-19, 85227441, sofa
yolo10-19, 16694866, aeroplane
yolo10-12, 16694866, aeroplane
yolo10-12, 06099636, car
yolo10-19, 06099636, car
yolo10-12, 35778876, car
yolo10-19, 35778876, car
yolo10-12, 19522305, car
yolo10-19, 19522305, car
yolo10-19, 57191199, car
yolo10-12, 57191199, car
yolo10-19, 98899946, car
yolo10-12, 98899946, car
yolo10-12, 37726401, sofa
yolo10-19, 37726401, sofa
yolo10-12, 22711038, car
yolo10-19, 22711038, car
yolo10-19, 10014381, car
yolo10-12, 10014381, car
yolo10-19, 38292434, car
yolo10-19, 62879446, car
yolo10-19, 74142793, car
yolo10-19, 66888612, car
yolo10-19, 42832851, car

========== Time: 24 ==========
yolo10-19, 11192490, car
yolo10-19, 15738762, car
yolo10-19, 92627881, car
yolo10-19, 52034316, car
yolo10-19, 89416107, aeroplane
yolo12-18, 98899946, car
yolo10-19, 98842634, car
yolo12-18, 37726401, sofa
yolo10-19, 71628490, car
yolo12-18, 22711038, car
yolo12-18, 10014381, car
yolo10-19, 38671730, car
yolo12-18, 38292434, car
yolo12-18, 62879446, car
yolo10-19, 51872314, bottle
yolo12-18, 74142793, car
yolo8-21, 51872314, bottle
yolo12-18, 66888612, car
yolo8-21, 09067740, car
yolo10-19, 09067740, car
yolo12-18, 42832851, car
yolo12-18, 11192490, car
yolo10-19, 86250923, car
yolo8-21, 86250923, car
yolo12-18, 15738762, car
yolo12-18, 92627881, car
yolo10-19, 90578604, car
yolo8-21, 90578604, car
yolo12-23, 90578604, car
yolo12-18, 52034316, car
yolo12-23, 79125532, car
yolo12-18, 89416107, aeroplane
yolo8-21, 79125532, car
yolo10-19, 79125532, car
yolo12-18, 98842634, car
yolo8-21, 20882629, car
yolo12-23, 20882629, car
yolo10-19, 20882629, car
yolo12-18, 71628490, car
yolo12-18, 38671730, car

========== Time: 25 ==========
yolo12-23, 71697166, car
yolo8-21, 71697166, car
yolo10-19, 71697166, car
yolo12-18, 51872314, bottle
yolo12-18, 09067740, car
yolo10-19, 25320676, car
yolo12-23, 25320676, car
yolo8-21, 25320676, car
yolo12-18, 86250923, car
yolo10-19, 10765582, train
yolo12-23, 10765582, train
yolo12-18, 90578604, car
yolo8-21, 10765582, train
yolo12-18, 79125532, car
yolo8-21, 83436247, car
yolo12-23, 83436247, car
yolo10-19, 83436247, car
yolo12-18, 20882629, car
yolo12-18, 71697166, car
yolo12-23, 02224804, car
yolo8-21, 02224804, car
yolo10-19, 02224804, car
yolo12-18, 25320676, car
yolo12-18, 10765582, train
yolo8-21, 27456925, car
yolo12-23, 27456925, car
yolo10-19, 27456925, car
yolo12-18, 83436247, car
yolo12-18, 02224804, car
yolo12-18, 27456925, car
yolo12-23, 86040705, car
yolo8-21, 86040705, car
yolo10-19, 86040705, car
yolo12-18, 86040705, car
yolo8-21, 23810041, car
yolo12-18, 23810041, car
yolo12-23, 23810041, car
yolo10-19, 23810041, car
yolo8-21, 19523792, car
yolo12-23, 19523792, car
yolo10-19, 19523792, car
yolo12-18, 19523792, car
yolo12-18, 16399732, car
yolo8-21, 16399732, car
yolo12-23, 16399732, car
yolo10-19, 16399732, car
yolo8-21, 74847412, car
yolo12-23, 74847412, car
yolo12-18, 74847412, car
yolo10-19, 74847412, car
yolo8-21, 31446336, car
yolo12-18, 31446336, car
yolo10-19, 31446336, car
yolo12-23, 31446336, car
yolo12-23, 20856096, car
yolo12-18, 20856096, car
yolo10-19, 20856096, car
yolo8-21, 20856096, car
yolo12-23, 25003986, car
yolo10-19, 25003986, car
yolo12-18, 25003986, car
yolo8-21, 25003986, car
yolo12-23, 91449636, car
yolo10-19, 91449636, car
yolo12-18, 91449636, car
yolo8-21, 91449636, car
yolo12-18, 03079992, car
yolo8-21, 03079992, car
yolo10-19, 03079992, car
yolo12-23, 03079992, car
yolo11-22, 31446336, car
yolo8-21, 47710264, car
yolo12-23, 47710264, car
yolo10-19, 47710264, car
yolo12-18, 47710264, car
yolo11-22, 20856096, car
yolo11-22, 25003986, car
yolo8-21, 24373325, car
yolo12-23, 24373325, car
yolo10-19, 24373325, car
yolo12-18, 24373325, car
yolo11-22, 91449636, car
yolo11-22, 03079992, car
yolo12-23, 27278647, car
yolo12-18, 27278647, car
yolo8-21, 27278647, car
yolo11-22, 47710264, car
yolo10-19, 27278647, car
yolo11-22, 24373325, car
yolo12-23, 29155322, car
yolo12-18, 29155322, car
yolo11-22, 27278647, car
yolo10-19, 29155322, car
yolo8-21, 29155322, car
yolo11-22, 29155322, car
yolo10-19, 02398881, car
yolo12-23, 02398881, car
yolo12-18, 02398881, car
yolo10-19, 76195015, car
yolo11-22, 02398881, car
yolo12-23, 76195015, car
yolo12-18, 76195015, car
yolo8-21, 02398881, car
yolo10-19, 16395693, car
yolo12-23, 16395693, car
yolo12-18, 16395693, car
yolo11-22, 76195015, car
yolo8-21, 76195015, car
yolo11-22, 16395693, car
yolo8-21, 16395693, car
yolo12-23, 53148357, car
yolo12-18, 53148357, car
yolo10-19, 53148357, car
yolo11-22, 53148357, car
yolo8-21, 53148357, car
yolo8-21, 17178890, car
yolo11-22, 17178890, car
yolo12-18, 17178890, car
yolo12-23, 17178890, car
yolo10-19, 17178890, car
yolo12-18, 64793426, car
yolo11-22, 64793426, car
yolo10-19, 64793426, car
yolo12-23, 64793426, car
yolo8-21, 64793426, car
yolo12-23, 78243773, car
yolo12-18, 78243773, car
yolo11-22, 78243773, car
yolo10-19, 78243773, car
yolo8-21, 78243773, car
yolo12-23, 24994472, car
yolo12-18, 24994472, car
yolo11-22, 24994472, car
yolo10-19, 24994472, car
yolo8-21, 24994472, car
yolo12-18, 42728390, car
yolo10-19, 42728390, car
yolo11-22, 42728390, car
yolo12-23, 42728390, car
yolo8-21, 42728390, car
yolo11-22, 96413335, car
yolo12-23, 96413335, car
yolo10-19, 96413335, car
yolo12-18, 96413335, car
yolo8-21, 96413335, car
yolo10-19, 58530409, car
yolo8-21, 58530409, car
yolo12-23, 58530409, car
yolo12-18, 58530409, car
yolo11-22, 58530409, car
yolo8-21, 93476896, car
yolo11-22, 93476896, car
yolo12-23, 93476896, car
yolo12-18, 93476896, car
yolo10-19, 93476896, car
yolo11-22, 89816397, car
yolo10-19, 89816397, car
yolo12-18, 89816397, car
yolo12-23, 89816397, car
yolo8-21, 89816397, car
yolo11-22, 94984826, car
yolo12-18, 94984826, car
yolo12-23, 94984826, car
yolo10-19, 94984826, car
yolo8-21, 94984826, car
yolo12-23, 74350016, car
yolo11-22, 74350016, car
yolo12-18, 74350016, car
yolo10-19, 74350016, car
yolo8-21, 74350016, car
yolo12-23, 49277678, car
yolo11-22, 49277678, car
yolo12-18, 49277678, car
yolo10-19, 49277678, car
yolo8-21, 49277678, car
yolo12-18, 95160078, car
yolo11-22, 95160078, car
yolo12-23, 95160078, car
yolo10-19, 95160078, car
yolo8-21, 95160078, car
yolo11-22, 67845204, car
yolo10-19, 67845204, car
yolo12-18, 67845204, car
yolo8-21, 67845204, car
yolo12-23, 67845204, car
yolo10-19, 34091296, car
yolo11-22, 34091296, car
yolo12-18, 34091296, car
yolo12-23, 34091296, car
yolo8-21, 34091296, car
yolo12-23, 22447948, car
yolo11-22, 22447948, car
yolo12-18, 22447948, car
yolo10-19, 22447948, car
yolo8-21, 22447948, car
yolo12-23, 18153887, car
yolo10-19, 18153887, car
yolo11-22, 18153887, car
yolo12-18, 18153887, car
yolo8-21, 18153887, car
yolo11-22, 04655634, car
yolo12-18, 04655634, car
yolo12-23, 04655634, car
yolo10-19, 04655634, car
yolo8-21, 04655634, car
yolo8-21, 94032861, car
yolo12-23, 94032861, car
yolo12-18, 94032861, car
yolo11-22, 94032861, car
yolo10-19, 94032861, car
yolo11-22, 76643592, car
yolo10-19, 76643592, car
yolo12-23, 76643592, car
yolo12-18, 76643592, car
yolo8-21, 76643592, car
yolo12-18, 70282062, car
yolo12-23, 70282062, car
yolo10-19, 70282062, car
yolo11-22, 70282062, car
yolo8-21, 70282062, car
yolo12-23, 09714031, car
yolo12-18, 09714031, car
yolo10-19, 09714031, car
yolo11-22, 09714031, car
yolo12-18, 01840318, car
yolo12-23, 01840318, car
yolo10-19, 01840318, car
yolo11-22, 01840318, car
yolo8-21, 09714031, car
yolo11-22, 70310538, car
yolo12-23, 70310538, car
yolo12-18, 70310538, car
yolo10-19, 70310538, car
yolo11-22, 01202172, car
yolo10-19, 01202172, car
yolo12-23, 01202172, car
yolo12-18, 01202172, car
yolo12-18, 64846184, car
yolo12-23, 64846184, car
yolo11-22, 64846184, car
yolo10-19, 64846184, car
yolo12-18, 63810940, car
yolo10-19, 63810940, car
yolo11-22, 63810940, car
yolo12-23, 63810940, car
yolo9-22, 94032861, car
yolo12-23, 92859913, car
yolo11-22, 92859913, car
yolo10-19, 92859913, car
yolo12-18, 92859913, car
yolo11-22, 89452823, car
yolo12-18, 89452823, car
yolo10-19, 89452823, car
yolo12-23, 89452823, car
yolo9-22, 76643592, car
yolo8-21, 01840318, car
yolo9-22, 70282062, car
yolo8-21, 70310538, car
yolo11-22, 37486626, car
yolo12-23, 37486626, car
yolo12-18, 37486626, car
yolo10-19, 37486626, car
yolo9-22, 09714031, car
yolo8-21, 01202172, car
yolo9-22, 01840318, car
yolo8-21, 64846184, car
yolo11-22, 37073316, car
yolo12-23, 37073316, car
yolo12-18, 37073316, car
yolo10-19, 37073316, car
yolo9-22, 70310538, car
yolo8-21, 63810940, car
yolo9-22, 01202172, car
yolo8-21, 92859913, car
yolo11-22, 78492254, car
yolo10-19, 78492254, car
yolo12-18, 78492254, car
yolo12-23, 78492254, car
yolo9-22, 64846184, car
yolo8-21, 89452823, car
yolo9-22, 63810940, car
yolo8-21, 37486626, car
yolo12-23, 03608565, car
yolo10-19, 03608565, car
yolo11-22, 03608565, car
yolo12-18, 03608565, car
yolo9-22, 92859913, car
yolo8-21, 37073316, car
yolo9-22, 89452823, car
yolo8-21, 78492254, car
yolo12-23, 73788986, car
yolo12-18, 73788986, car
yolo11-22, 73788986, car
yolo10-19, 73788986, car
yolo9-22, 37486626, car
yolo8-21, 03608565, car
yolo9-22, 37073316, car
yolo8-21, 73788986, car
yolo10-19, 20938243, car
yolo11-22, 20938243, car
yolo12-18, 20938243, car
yolo12-23, 20938243, car
yolo9-22, 78492254, car
yolo8-21, 20938243, car
yolo9-22, 03608565, car
yolo11-22, 46815523, car
yolo12-18, 46815523, car
yolo10-19, 46815523, car
yolo12-23, 46815523, car
yolo8-21, 46815523, car
yolo9-22, 73788986, car
yolo9-22, 20938243, car
yolo11-22, 43949530, car
yolo12-18, 43949530, car
yolo8-21, 43949530, car
yolo12-23, 43949530, car
yolo10-19, 43949530, car
yolo9-22, 46815523, car
yolo9-22, 43949530, car
yolo12-18, 62570559, car
yolo11-22, 62570559, car
yolo10-19, 62570559, car
yolo12-23, 62570559, car
yolo9-22, 62570559, car
yolo8-21, 62570559, car
yolo12-23, 02917463, car
yolo12-18, 02917463, car
yolo10-19, 02917463, car
yolo11-22, 02917463, car
yolo9-22, 02917463, car
yolo8-21, 02917463, car
yolo12-23, 37657753, car
yolo9-22, 37657753, car
yolo12-18, 37657753, car
yolo10-19, 37657753, car
yolo11-22, 37657753, car
yolo8-21, 37657753, car
yolo12-18, 61752222, car
yolo11-22, 61752222, car
yolo12-23, 61752222, car
yolo9-22, 61752222, car
yolo10-19, 61752222, car
yolo8-21, 61752222, car
yolo12-18, 63694309, car
yolo12-23, 63694309, car
yolo11-22, 63694309, car
yolo10-19, 63694309, car
yolo9-22, 63694309, car
yolo8-21, 63694309, car
yolo12-18, 44712952, car
yolo11-22, 44712952, car
yolo12-23, 44712952, car
yolo9-22, 44712952, car
yolo10-19, 44712952, car
yolo8-21, 44712952, car
yolo12-18, 03487171, car
yolo12-23, 03487171, car
yolo9-22, 03487171, car
yolo10-19, 03487171, car
yolo11-22, 03487171, car
yolo8-21, 03487171, car
yolo10-19, 23281578, car
yolo8-21, 23281578, car
yolo12-18, 23281578, car
yolo9-22, 23281578, car
yolo11-22, 23281578, car
yolo12-23, 23281578, car
yolo12-23, 89640483, car
yolo10-19, 89640483, car
yolo12-18, 89640483, car
yolo9-22, 89640483, car
yolo11-22, 89640483, car
yolo1-25, 37657753, car
yolo8-21, 89640483, car
yolo9-22, 76950555, car
yolo12-23, 76950555, car
yolo10-19, 76950555, car
yolo12-18, 76950555, car
yolo8-21, 76950555, car
yolo11-22, 76950555, car
yolo1-25, 61752222, car
yolo1-25, 63694309, car
yolo12-23, 34519313, car
yolo8-21, 34519313, car
yolo10-19, 34519313, car
yolo9-22, 34519313, car
yolo11-22, 34519313, car
yolo12-18, 34519313, car
yolo1-25, 44712952, car
yolo1-25, 03487171, car
yolo8-21, 05722571, car
yolo11-22, 05722571, car
yolo9-22, 05722571, car
yolo12-18, 05722571, car
yolo12-23, 05722571, car
yolo10-19, 05722571, car
yolo1-25, 23281578, car
yolo1-25, 89640483, car
yolo11-22, 89180731, car
yolo12-18, 89180731, car
yolo8-21, 89180731, car
yolo10-19, 89180731, car
yolo9-22, 89180731, car
yolo12-23, 89180731, car
yolo1-25, 76950555, car
yolo1-25, 34519313, car
yolo12-23, 18772039, car
yolo11-22, 18772039, car
yolo12-18, 18772039, car
yolo8-21, 18772039, car
yolo10-19, 18772039, car
yolo9-22, 18772039, car
yolo1-25, 05722571, car
yolo1-25, 89180731, car
yolo1-25, 18772039, car
yolo11-22, 86808481, car
yolo8-21, 86808481, car
yolo12-23, 86808481, car
yolo10-19, 86808481, car
yolo12-18, 86808481, car
yolo9-22, 86808481, car
yolo1-25, 86808481, car
yolo8-21, 14876255, car
yolo12-18, 14876255, car
yolo10-19, 14876255, car
yolo12-23, 14876255, car
yolo9-22, 14876255, car
yolo11-22, 14876255, car
yolo1-25, 14876255, car
yolo11-22, 61603052, car
yolo12-23, 61603052, car
yolo12-18, 61603052, car
yolo9-22, 61603052, car
yolo1-25, 61603052, car
yolo10-19, 61603052, car
yolo8-21, 61603052, car
yolo1-25, 31014578, car
yolo9-22, 31014578, car
yolo11-22, 31014578, car
yolo12-23, 31014578, car
yolo10-19, 31014578, car
yolo12-18, 31014578, car
yolo8-21, 31014578, car
yolo12-23, 32782103, car
yolo12-18, 32782103, car
yolo10-19, 32782103, car
yolo11-22, 32782103, car
yolo1-25, 32782103, car
yolo9-22, 32782103, car
yolo8-21, 32782103, car
yolo12-18, 59108656, car
yolo11-22, 59108656, car
yolo1-25, 59108656, car
yolo10-19, 59108656, car
yolo12-23, 59108656, car
yolo9-22, 59108656, car
yolo8-21, 59108656, car
yolo12-23, 02155437, car
yolo8-21, 02155437, car
yolo12-18, 02155437, car
yolo10-19, 02155437, car
yolo11-22, 02155437, car
yolo1-25, 02155437, car
yolo9-22, 02155437, car
yolo1-25, 36400847, car
yolo12-23, 36400847, car
yolo9-22, 36400847, car
yolo12-18, 36400847, car
yolo11-22, 36400847, car
yolo10-19, 36400847, car
yolo8-21, 36400847, car
yolo12-18, 63372703, car
yolo1-25, 63372703, car
yolo11-22, 63372703, car
yolo8-21, 63372703, car
yolo10-19, 63372703, car
yolo9-22, 63372703, car
yolo12-23, 63372703, car

========== Time: 26 ==========
yolo11-22, 74191148, car
yolo9-22, 74191148, car
yolo12-18, 74191148, car
yolo10-19, 74191148, car
yolo1-25, 74191148, car
yolo12-23, 74191148, car
yolo10-19, 62671257, car
yolo12-23, 62671257, car
yolo12-18, 62671257, car
yolo9-22, 62671257, car
yolo1-25, 62671257, car
yolo8-21, 74191148, car
yolo11-22, 62671257, car
yolo1-25, 26128053, car
yolo10-19, 26128053, car
yolo12-23, 26128053, car
yolo12-18, 26128053, car
yolo9-22, 26128053, car
yolo11-22, 26128053, car
yolo8-21, 62671257, car
yolo8-21, 26128053, car
yolo1-25, 56469005, car
yolo10-19, 56469005, car
yolo12-18, 56469005, car
yolo11-22, 56469005, car
yolo12-23, 56469005, car
yolo9-22, 56469005, car
yolo8-21, 56469005, car
yolo10-19, 64193232, car
yolo1-25, 64193232, car
yolo12-23, 64193232, car
yolo12-18, 64193232, car
yolo11-22, 64193232, car
yolo9-22, 64193232, car
yolo8-21, 64193232, car
yolo12-18, 47676028, car
yolo10-19, 47676028, car
yolo1-25, 47676028, car
yolo12-23, 47676028, car
yolo11-22, 47676028, car
yolo9-22, 47676028, car
yolo8-21, 47676028, car
yolo12-18, 63214917, car
yolo7-19, 18772039, car
yolo11-22, 63214917, car
yolo7-23, 18772039, car
yolo12-23, 63214917, car
yolo9-22, 63214917, car
yolo10-19, 63214917, car
yolo1-25, 63214917, car
yolo8-21, 63214917, car
yolo12-18, 39734526, car
yolo1-25, 39734526, car
yolo12-23, 39734526, car
yolo7-23, 86808481, car
yolo11-22, 39734526, car
yolo7-19, 86808481, car
yolo10-19, 39734526, car
yolo9-22, 39734526, car
yolo8-21, 39734526, car
yolo7-23, 14876255, car
yolo7-19, 14876255, car
yolo12-18, 97700651, sofa
yolo9-22, 97700651, sofa
yolo12-23, 97700651, sofa
yolo11-22, 97700651, sofa
yolo10-19, 97700651, sofa
yolo1-25, 97700651, sofa
yolo8-21, 97700651, sofa
yolo8-21, 98875096, car
yolo9-22, 98875096, car
yolo11-22, 98875096, car
yolo12-18, 98875096, car
yolo10-19, 98875096, car
yolo12-23, 98875096, car
yolo1-25, 98875096, car
yolo12-18, 14891242, bottle
yolo12-23, 14891242, bottle
yolo9-22, 14891242, bottle
yolo1-25, 14891242, bottle
yolo11-22, 14891242, bottle
yolo8-21, 14891242, bottle
yolo10-19, 14891242, bottle
yolo11-22, 07689105, sofa
yolo12-18, 07689105, sofa
yolo8-21, 07689105, sofa
yolo10-19, 07689105, sofa
yolo12-23, 07689105, sofa
yolo9-22, 07689105, sofa
yolo1-25, 07689105, sofa
yolo12-23, 88761405, car
yolo8-21, 88761405, car
yolo12-18, 88761405, car
yolo10-19, 88761405, car
yolo11-22, 88761405, car
yolo1-25, 88761405, car
yolo9-22, 88761405, car
yolo8-21, 98339579, sofa
yolo1-25, 98339579, sofa
yolo10-19, 98339579, sofa
yolo12-18, 98339579, sofa
yolo9-22, 98339579, sofa
yolo11-22, 98339579, sofa
yolo12-23, 98339579, sofa
yolo1-25, 78128825, sofa
yolo8-21, 78128825, sofa
yolo10-19, 78128825, sofa
yolo12-18, 78128825, sofa
yolo9-22, 78128825, sofa
yolo12-23, 78128825, sofa
yolo11-22, 78128825, sofa
yolo12-23, 44081970, sofa
yolo10-19, 44081970, sofa
yolo9-22, 44081970, sofa
yolo12-18, 44081970, sofa
yolo8-21, 44081970, sofa
yolo11-22, 44081970, sofa
yolo1-25, 44081970, sofa

========== Time: 27 ==========
yolo8-21, 39529338, sofa
yolo11-22, 39529338, sofa
yolo10-19, 39529338, sofa
yolo12-23, 39529338, sofa
yolo1-25, 39529338, sofa
yolo9-22, 39529338, sofa
yolo12-18, 39529338, sofa
yolo12-23, 95655594, sofa
yolo12-18, 95655594, sofa
yolo1-25, 95655594, sofa
yolo9-22, 95655594, sofa
yolo11-22, 95655594, sofa
yolo10-19, 95655594, sofa
yolo8-21, 95655594, sofa
yolo12-23, 98087789, sofa
yolo8-21, 98087789, sofa
yolo12-18, 98087789, sofa
yolo9-22, 98087789, sofa
yolo10-19, 98087789, sofa
yolo11-22, 98087789, sofa
yolo1-25, 98087789, sofa
yolo8-21, 02177517, train
yolo12-18, 02177517, train
yolo11-22, 02177517, train
yolo12-23, 02177517, train
yolo9-22, 02177517, train
yolo10-19, 02177517, train
yolo1-25, 02177517, train
yolo8-21, 21498880, sofa
yolo10-19, 21498880, sofa
yolo12-18, 21498880, sofa
yolo11-22, 21498880, sofa
yolo9-22, 21498880, sofa
yolo1-25, 21498880, sofa
yolo12-23, 21498880, sofa
yolo11-22, 50494821, train
yolo9-22, 50494821, train
yolo10-19, 50494821, train
yolo12-18, 50494821, train
yolo12-23, 50494821, train
yolo8-21, 50494821, train
yolo1-25, 50494821, train
yolo12-18, 73137901, sofa
yolo11-22, 73137901, sofa
yolo12-23, 73137901, sofa
yolo9-22, 73137901, sofa
yolo1-25, 73137901, sofa
yolo8-21, 73137901, sofa
yolo10-19, 73137901, sofa
yolo1-25, 50709824, sofa
yolo11-22, 50709824, sofa
yolo12-23, 50709824, sofa
yolo12-18, 50709824, sofa
yolo8-21, 50709824, sofa
yolo10-19, 50709824, sofa
yolo9-22, 50709824, sofa
yolo8-21, 81977367, car
yolo11-22, 81977367, car
yolo12-23, 81977367, car
yolo1-25, 81977367, car
yolo1-25, 37381434, car
yolo12-23, 37381434, car
yolo11-22, 37381434, car
yolo8-21, 37381434, car
yolo8-21, 15116432, car
yolo12-23, 15116432, car
yolo11-22, 15116432, car
yolo1-25, 15116432, car
yolo1-25, 05193274, car
yolo8-21, 05193274, car
yolo12-23, 05193274, car
yolo11-22, 05193274, car
yolo1-25, 56462096, car
yolo12-23, 56462096, car
yolo8-21, 56462096, car
yolo11-22, 56462096, car
yolo8-21, 93836916, car
yolo11-22, 93836916, car
yolo1-25, 93836916, car
yolo12-23, 93836916, car
yolo10-23, 15116432, car
yolo11-22, 47437827, car
yolo8-21, 47437827, car
yolo12-23, 47437827, car
yolo1-25, 47437827, car
yolo10-23, 05193274, car
yolo8-21, 96452026, car
yolo11-22, 96452026, car
yolo12-23, 96452026, car
yolo10-23, 56462096, car
yolo1-25, 96452026, car

========== Time: 28 ==========
yolo10-23, 93836916, car
yolo11-22, 65655251, car
yolo1-25, 65655251, car
yolo8-21, 65655251, car
yolo12-23, 65655251, car
yolo10-23, 47437827, car
yolo10-23, 96452026, car
yolo11-22, 55685168, car
yolo1-25, 55685168, car
yolo8-21, 55685168, car
yolo12-23, 55685168, car
yolo10-23, 65655251, car
yolo10-23, 55685168, car
yolo1-25, 35014699, car
yolo8-21, 35014699, car
yolo11-22, 35014699, car
yolo12-23, 35014699, car
yolo10-23, 35014699, car
yolo1-25, 44391426, car
yolo12-23, 44391426, car
yolo11-22, 44391426, car
yolo10-23, 44391426, car
yolo8-21, 44391426, car
yolo10-23, 90344472, car
yolo11-22, 90344472, car
yolo8-21, 90344472, car
yolo1-25, 90344472, car
yolo12-23, 90344472, car
yolo10-23, 74670383, car
yolo11-22, 74670383, car
yolo12-23, 74670383, car
yolo8-21, 74670383, car
yolo1-25, 74670383, car
yolo11-22, 21068582, car
yolo8-21, 21068582, car
yolo1-25, 21068582, car
yolo10-23, 21068582, car
yolo12-23, 21068582, car
yolo12-23, 64395510, car
yolo8-21, 64395510, car
yolo11-22, 64395510, car
yolo1-25, 64395510, car
yolo10-23, 64395510, car
yolo12-23, 76446818, car
yolo11-22, 76446818, car
yolo10-23, 76446818, car
yolo1-25, 76446818, car
yolo11-22, 66692902, car
yolo10-23, 66692902, car
yolo1-25, 66692902, car
yolo12-23, 66692902, car
yolo10-23, 77546196, car
yolo11-22, 77546196, car
yolo12-23, 77546196, car
yolo1-25, 77546196, car
yolo10-23, 10259756, car
yolo12-23, 10259756, car
yolo1-25, 10259756, car
yolo11-22, 10259756, car
yolo11-22, 09525854, car
yolo10-23, 09525854, car
yolo1-25, 09525854, car
yolo12-23, 09525854, car
yolo11-22, 57197340, car
yolo10-23, 57197340, car
yolo12-23, 57197340, car
yolo1-25, 57197340, car
yolo12-23, 33801799, car
yolo11-22, 33801799, car
yolo10-23, 33801799, car
yolo1-25, 33801799, car

========== Time: 29 ==========
yolo10-23, 78682382, car
yolo1-25, 78682382, car
yolo12-23, 78682382, car
yolo11-22, 78682382, car
yolo1-25, 26082700, car
yolo12-23, 26082700, car
yolo11-22, 26082700, car
yolo10-23, 26082700, car
yolo11-22, 15562996, car
yolo12-23, 15562996, car
yolo1-25, 15562996, car
yolo10-23, 15562996, car
yolo11-22, 62829235, car
yolo12-23, 62829235, car
yolo1-25, 62829235, car
yolo10-23, 62829235, car
yolo1-25, 40476298, car
yolo10-23, 40476298, car
yolo11-22, 40476298, car
yolo12-23, 40476298, car
yolo11-22, 25305640, car
yolo10-23, 25305640, car
yolo1-25, 25305640, car
yolo12-23, 25305640, car
yolo10-26, 25305640, car
yolo11-22, 87403805, car
yolo12-23, 87403805, car
yolo10-26, 87403805, car
yolo1-25, 87403805, car
yolo10-23, 87403805, car
yolo1-25, 75963997, car
yolo10-26, 75963997, car
yolo11-22, 75963997, car
yolo12-23, 75963997, car
yolo10-23, 75963997, car
yolo12-23, 21221129, car
yolo10-23, 21221129, car
yolo10-26, 21221129, car
yolo1-25, 21221129, car
yolo12-23, 69903648, car
yolo1-25, 69903648, car
yolo10-23, 69903648, car
yolo10-26, 69903648, car
yolo1-25, 49177991, car
yolo12-23, 49177991, car
yolo10-23, 49177991, car
yolo10-26, 49177991, car
yolo10-23, 01265353, car
yolo10-26, 01265353, car
yolo1-25, 01265353, car
yolo12-23, 01265353, car
yolo12-23, 61094912, car
yolo10-23, 61094912, car
yolo10-26, 61094912, car
yolo1-25, 61094912, car
yolo1-25, 52474810, car
yolo10-26, 52474810, car
yolo10-23, 52474810, car
yolo12-23, 52474810, car

========== Time: 30 ==========
yolo10-23, 91858006, car
yolo1-25, 91858006, car
yolo10-26, 91858006, car
yolo12-23, 91858006, car
yolo10-23, 42715794, car
yolo12-23, 42715794, car
yolo10-26, 42715794, car
yolo1-25, 42715794, car
yolo10-23, 33419500, car
yolo10-26, 33419500, car
yolo12-23, 33419500, car
yolo1-25, 33419500, car
yolo1-25, 65570425, car
yolo12-23, 65570425, car
yolo10-23, 65570425, car
yolo10-26, 65570425, car
yolo12-23, 25505496, car
yolo10-26, 25505496, car
yolo10-23, 25505496, car
yolo1-25, 25505496, car
yolo1-25, 51379681, car
yolo10-23, 51379681, car
yolo12-23, 51379681, car
yolo10-26, 51379681, car
yolo10-26, 60554123, car
yolo10-23, 60554123, car
yolo12-23, 60554123, car
yolo1-25, 60554123, car
yolo12-23, 84626221, car
yolo10-23, 84626221, car
yolo1-25, 84626221, car
yolo10-26, 84626221, car
yolo12-23, 68387270, sofa
yolo10-23, 68387270, sofa
yolo10-26, 68387270, sofa
yolo12-23, 36324426, sofa
yolo10-26, 36324426, sofa
yolo10-23, 36324426, sofa
yolo10-26, 67887994, sofa
yolo12-23, 67887994, sofa
yolo10-23, 67887994, sofa
yolo12-23, 72855209, aeroplane
yolo10-23, 72855209, aeroplane
yolo10-26, 72855209, aeroplane
yolo10-26, 53139240, sofa
yolo12-23, 53139240, sofa
yolo10-23, 53139240, sofa
yolo10-26, 21501999, sofa
yolo10-23, 21501999, sofa
yolo12-23, 21501999, sofa
yolo10-26, 22048965, sofa
yolo10-23, 22048965, sofa
yolo12-23, 22048965, sofa
yolo12-23, 70093020, sofa
yolo10-23, 70093020, sofa
yolo10-26, 70093020, sofa
yolo12-23, 76313720, sofa
yolo10-26, 76313720, sofa
yolo10-23, 76313720, sofa
yolo12-23, 88610421, sofa
yolo10-26, 88610421, sofa
yolo10-23, 88610421, sofa
yolo9-27, 88610421, sofa
yolo12-23, 86360876, boat
yolo10-23, 86360876, boat
yolo9-27, 86360876, boat
yolo10-26, 86360876, boat
yolo12-23, 26399314, sofa
yolo10-26, 26399314, sofa
yolo9-27, 26399314, sofa
yolo10-23, 26399314, sofa
yolo6-27, 76313720, sofa
yolo12-23, 27816880, car
yolo9-27, 27816880, car
yolo10-23, 27816880, car
yolo10-26, 27816880, car
yolo6-27, 88610421, sofa
yolo6-27, 86360876, boat
yolo12-23, 25311059, train
yolo10-26, 25311059, train
yolo9-27, 25311059, train
yolo10-23, 25311059, train
yolo6-27, 26399314, sofa
yolo6-27, 27816880, car
yolo9-27, 34345253, car
yolo10-23, 34345253, car
yolo12-23, 34345253, car
yolo10-26, 34345253, car
yolo6-27, 25311059, train
yolo2-28, 25311059, train
yolo6-27, 34345253, car
yolo10-23, 32898061, aeroplane
yolo10-26, 32898061, aeroplane
yolo9-27, 32898061, aeroplane
yolo12-23, 32898061, aeroplane
yolo2-28, 34345253, car
yolo6-27, 32898061, aeroplane
yolo2-28, 32898061, aeroplane
yolo12-23, 37477053, aeroplane
yolo10-23, 37477053, aeroplane
yolo6-27, 37477053, aeroplane
yolo10-26, 37477053, aeroplane
yolo9-27, 37477053, aeroplane
yolo2-28, 37477053, aeroplane
yolo10-26, 74694112, car
yolo6-27, 74694112, car
yolo2-28, 74694112, car
yolo12-23, 74694112, car
yolo10-23, 74694112, car
yolo9-27, 74694112, car
yolo2-28, 28550758, sofa
yolo12-23, 28550758, sofa
yolo10-26, 28550758, sofa
yolo10-23, 28550758, sofa
yolo9-27, 28550758, sofa
yolo6-27, 28550758, sofa
yolo10-26, 33382728, car
yolo9-27, 33382728, car
yolo10-23, 33382728, car
yolo12-23, 33382728, car
yolo6-27, 33382728, car
yolo2-28, 33382728, car
yolo2-28, 70305533, sofa
yolo10-26, 70305533, sofa
yolo6-27, 70305533, sofa
yolo9-27, 70305533, sofa
yolo10-23, 70305533, sofa
yolo12-23, 70305533, sofa
yolo2-28, 66916982, sofa
yolo12-23, 66916982, sofa
yolo10-26, 66916982, sofa
yolo6-27, 66916982, sofa
yolo9-27, 66916982, sofa
yolo10-23, 66916982, sofa
yolo12-23, 33620947, boat
yolo6-27, 33620947, boat
yolo10-26, 33620947, boat
yolo10-23, 33620947, boat
yolo9-27, 33620947, boat
yolo2-28, 33620947, boat
yolo10-26, 20013963, aeroplane
yolo2-28, 20013963, aeroplane
yolo12-23, 20013963, aeroplane
yolo9-27, 20013963, aeroplane
yolo10-23, 20013963, aeroplane
yolo6-27, 20013963, aeroplane
yolo2-28, 84995618, sofa
yolo9-27, 84995618, sofa
yolo10-23, 84995618, sofa
yolo6-27, 84995618, sofa
yolo10-26, 84995618, sofa
yolo12-23, 84995618, sofa
yolo2-28, 10371291, sofa
yolo12-23, 10371291, sofa
yolo6-27, 10371291, sofa
yolo10-26, 10371291, sofa
yolo9-27, 10371291, sofa
yolo10-23, 10371291, sofa
yolo2-28, 38786050, aeroplane
yolo12-23, 38786050, aeroplane
yolo10-26, 38786050, aeroplane
yolo6-27, 38786050, aeroplane
yolo9-27, 38786050, aeroplane
yolo10-23, 38786050, aeroplane
yolo2-28, 19701516, person
yolo12-23, 19701516, person
yolo9-27, 19701516, person
yolo10-26, 19701516, person
yolo10-23, 19701516, person
yolo6-27, 19701516, person
yolo12-23, 42261020, sofa
yolo2-28, 42261020, sofa
yolo10-26, 42261020, sofa
yolo10-23, 42261020, sofa
yolo9-27, 42261020, sofa
yolo6-27, 42261020, sofa
yolo12-23, 61271363, sofa
yolo2-28, 61271363, sofa
yolo10-26, 61271363, sofa
yolo6-27, 61271363, sofa
yolo9-27, 61271363, sofa
yolo10-23, 61271363, sofa
yolo12-23, 68450837, sofa
yolo10-26, 68450837, sofa
yolo10-23, 68450837, sofa
yolo2-28, 68450837, sofa
yolo6-27, 68450837, sofa
yolo9-27, 68450837, sofa
yolo12-23, 55621658, sofa
yolo2-28, 55621658, sofa
yolo10-23, 55621658, sofa
yolo6-27, 55621658, sofa
yolo9-27, 55621658, sofa
yolo10-26, 55621658, sofa
yolo12-23, 74914171, sofa
yolo2-28, 74914171, sofa
yolo6-27, 74914171, sofa
yolo10-26, 74914171, sofa
yolo10-23, 74914171, sofa
yolo9-27, 74914171, sofa
yolo12-23, 26514175, car
yolo2-28, 26514175, car
yolo10-26, 26514175, car
yolo9-27, 26514175, car
yolo6-27, 26514175, car
yolo10-23, 26514175, car
yolo6-27, 88362216, car
yolo12-23, 88362216, car
yolo9-27, 88362216, car
yolo10-26, 88362216, car
yolo2-28, 88362216, car
yolo10-23, 88362216, car
yolo2-28, 64357774, car
yolo12-23, 64357774, car
yolo10-23, 64357774, car
yolo9-27, 64357774, car
yolo6-27, 64357774, car
yolo10-26, 64357774, car
yolo2-28, 52087498, car
yolo10-23, 52087498, car
yolo6-27, 52087498, car
yolo12-23, 52087498, car
yolo10-26, 52087498, car
yolo9-27, 52087498, car
yolo6-27, 32453937, car
yolo2-28, 32453937, car
yolo10-26, 32453937, car
yolo12-23, 32453937, car
yolo10-23, 32453937, car
yolo9-27, 32453937, car
yolo10-23, 79883923, car
yolo12-23, 79883923, car
yolo9-27, 79883923, car
yolo10-26, 79883923, car
yolo2-28, 79883923, car
yolo6-27, 79883923, car
yolo2-28, 04845038, car
yolo6-27, 04845038, car
yolo10-26, 04845038, car
yolo10-23, 04845038, car
yolo12-23, 04845038, car
yolo9-27, 04845038, car
yolo6-27, 47659073, car
yolo10-26, 47659073, car
yolo2-28, 47659073, car
yolo12-23, 47659073, car
yolo10-23, 47659073, car
yolo9-27, 47659073, car
yolo12-23, 88213341, car
yolo10-26, 88213341, car
yolo6-27, 88213341, car
yolo2-28, 88213341, car
yolo9-27, 88213341, car
yolo10-23, 88213341, car
yolo12-23, 29478544, car
yolo2-28, 29478544, car
yolo6-27, 29478544, car
yolo10-26, 29478544, car
yolo10-23, 29478544, car
yolo9-27, 29478544, car
yolo10-23, 74074158, car
yolo12-23, 74074158, car
yolo10-26, 74074158, car
yolo9-27, 74074158, car
yolo2-28, 74074158, car
yolo6-27, 74074158, car
yolo2-28, 46607466, car
yolo6-27, 46607466, car
yolo12-23, 46607466, car
yolo10-26, 46607466, car
yolo9-27, 46607466, car
yolo10-23, 46607466, car
yolo6-27, 82380911, car
yolo2-28, 82380911, car
yolo9-27, 82380911, car
yolo10-26, 82380911, car
yolo12-23, 82380911, car
yolo10-23, 82380911, car
yolo10-26, 65786983, car
yolo6-27, 65786983, car
yolo10-23, 65786983, car
yolo2-28, 65786983, car
yolo9-27, 65786983, car
yolo12-23, 65786983, car
yolo2-28, 65370705, car
yolo10-26, 65370705, car
yolo12-23, 65370705, car
yolo9-27, 65370705, car
yolo10-23, 65370705, car
yolo6-27, 65370705, car
yolo2-28, 93444311, car
yolo10-23, 93444311, car
yolo9-27, 93444311, car
yolo10-26, 93444311, car
yolo12-23, 93444311, car
yolo6-27, 93444311, car
yolo12-23, 48844260, car
yolo10-26, 48844260, car
yolo6-27, 48844260, car
yolo2-28, 48844260, car
yolo10-23, 48844260, car
yolo9-27, 48844260, car
yolo2-28, 01241752, car
yolo12-23, 01241752, car
yolo6-27, 01241752, car
yolo10-23, 01241752, car
yolo10-26, 01241752, car
yolo9-27, 01241752, car
yolo2-28, 99264970, car
yolo12-23, 99264970, car
yolo6-27, 99264970, car
yolo10-23, 99264970, car
yolo9-27, 99264970, car
yolo10-26, 99264970, car
yolo2-28, 47677862, car
yolo10-23, 47677862, car
yolo6-27, 47677862, car
yolo12-23, 47677862, car
yolo9-27, 47677862, car
yolo10-26, 47677862, car
yolo12-23, 50725244, car
yolo9-27, 50725244, car
yolo10-26, 50725244, car
yolo6-27, 50725244, car
yolo2-28, 50725244, car
yolo10-23, 50725244, car
yolo6-27, 01542706, car
yolo9-27, 01542706, car
yolo10-23, 01542706, car
yolo10-26, 01542706, car
yolo12-23, 01542706, car
yolo2-28, 01542706, car
yolo2-28, 99540633, car
yolo9-27, 99540633, car
yolo10-23, 99540633, car
yolo10-26, 99540633, car
yolo6-27, 99540633, car
yolo12-23, 99540633, car
yolo2-28, 60868158, car
yolo12-23, 60868158, car
yolo6-27, 60868158, car
yolo10-26, 60868158, car
yolo10-23, 60868158, car
yolo9-27, 60868158, car
yolo2-28, 59778498, car
yolo6-27, 59778498, car
yolo9-27, 59778498, car
yolo12-23, 59778498, car
yolo10-26, 59778498, car
yolo10-23, 59778498, car
yolo2-28, 34034322, car
yolo12-23, 34034322, car
yolo10-23, 34034322, car
yolo9-27, 34034322, car
yolo10-26, 34034322, car
yolo6-27, 34034322, car
yolo10-23, 52539491, car
yolo12-23, 52539491, car
yolo10-26, 52539491, car
yolo6-27, 52539491, car
yolo2-28, 52539491, car
yolo9-27, 52539491, car
yolo2-28, 55840962, car
yolo12-23, 55840962, car
yolo6-27, 55840962, car
yolo9-27, 55840962, car
yolo10-26, 55840962, car
yolo10-23, 55840962, car
yolo10-26, 28351028, car
yolo6-27, 28351028, car
yolo10-23, 28351028, car
yolo2-28, 28351028, car
yolo9-27, 28351028, car
yolo12-23, 28351028, car
yolo10-26, 68416559, car
yolo10-23, 68416559, car
yolo12-23, 68416559, car
yolo6-27, 68416559, car
yolo9-27, 68416559, car
yolo2-28, 68416559, car
yolo10-26, 98446035, car
yolo12-23, 98446035, car
yolo2-28, 98446035, car
yolo10-23, 98446035, car
yolo9-27, 98446035, car
yolo6-27, 98446035, car
yolo2-28, 16558545, car
yolo10-26, 16558545, car
yolo9-27, 16558545, car
yolo10-23, 16558545, car
yolo12-23, 16558545, car
yolo6-27, 16558545, car
yolo2-28, 78084940, car
yolo12-23, 78084940, car
yolo10-23, 78084940, car
yolo6-27, 78084940, car
yolo9-27, 78084940, car
yolo10-26, 78084940, car
yolo6-27, 58897622, car
yolo2-28, 58897622, car
yolo10-26, 58897622, car
yolo9-27, 58897622, car
yolo10-23, 58897622, car
yolo12-23, 58897622, car
yolo2-28, 49491498, car
yolo6-27, 49491498, car
yolo10-26, 49491498, car
yolo12-23, 49491498, car
yolo9-27, 49491498, car
yolo10-23, 49491498, car
yolo2-28, 00139193, car
yolo10-26, 00139193, car
yolo6-27, 00139193, car
yolo9-27, 00139193, car
yolo10-23, 00139193, car
yolo12-23, 00139193, car
yolo12-23, 95846868, car
yolo2-28, 95846868, car
yolo10-23, 95846868, car
yolo6-27, 95846868, car
yolo10-26, 95846868, car
yolo9-27, 95846868, car
yolo2-28, 19649039, car
yolo12-23, 19649039, car
yolo6-27, 19649039, car
yolo10-26, 19649039, car
yolo10-23, 19649039, car
yolo9-27, 19649039, car
yolo12-23, 05482423, car
yolo2-28, 05482423, car
yolo9-27, 05482423, car
yolo10-23, 05482423, car
yolo6-27, 05482423, car
yolo10-26, 05482423, car
yolo9-27, 30330312, car
yolo10-23, 30330312, car
yolo12-23, 30330312, car
yolo2-28, 30330312, car
yolo10-26, 30330312, car
yolo6-27, 30330312, car
yolo12-23, 43408692, car
yolo2-28, 43408692, car
yolo10-23, 43408692, car
yolo10-26, 43408692, car
yolo6-27, 43408692, car
yolo9-27, 43408692, car
yolo10-23, 89140280, car
yolo2-28, 89140280, car
yolo6-27, 89140280, car
yolo10-26, 89140280, car
yolo9-27, 89140280, car
yolo12-23, 89140280, car
yolo10-26, 23497945, car
yolo12-23, 23497945, car
yolo10-23, 23497945, car
yolo2-28, 23497945, car
yolo9-27, 23497945, car
yolo6-27, 23497945, car
yolo6-27, 24347268, car
yolo10-26, 24347268, car
yolo10-23, 24347268, car
yolo2-28, 24347268, car
yolo12-23, 24347268, car
yolo9-27, 24347268, car
yolo10-26, 24055813, car
yolo2-28, 24055813, car
yolo9-27, 24055813, car
yolo6-27, 24055813, car
yolo10-23, 24055813, car
yolo12-23, 24055813, car
yolo12-23, 32121880, car
yolo2-28, 32121880, car
yolo10-26, 32121880, car
yolo9-27, 32121880, car
yolo10-23, 32121880, car
yolo6-27, 32121880, car
yolo10-23, 84737944, car
yolo12-23, 84737944, car
yolo2-28, 84737944, car
yolo6-27, 84737944, car
yolo10-26, 84737944, car
yolo9-27, 84737944, car
yolo12-23, 38447313, car
yolo10-26, 38447313, car
yolo9-27, 38447313, car
yolo6-27, 38447313, car
yolo2-28, 38447313, car
yolo10-23, 38447313, car
yolo12-23, 11701570, car
yolo10-23, 11701570, car
yolo2-28, 11701570, car
yolo6-27, 11701570, car
yolo10-26, 11701570, car
yolo9-27, 11701570, car
yolo2-28, 79784607, car
yolo12-23, 79784607, car
yolo9-27, 79784607, car
yolo10-26, 79784607, car
yolo10-23, 79784607, car
yolo6-27, 79784607, car
yolo12-23, 31733761, car
yolo9-27, 31733761, car
yolo10-23, 31733761, car
yolo6-27, 31733761, car
yolo10-26, 31733761, car
yolo2-28, 31733761, car
yolo10-23, 76112559, car
yolo9-27, 76112559, car
yolo12-23, 76112559, car
yolo2-28, 76112559, car
yolo10-26, 76112559, car
yolo6-27, 76112559, car
yolo2-28, 55979186, car
yolo12-23, 55979186, car
yolo10-26, 55979186, car
yolo10-23, 55979186, car
yolo6-27, 55979186, car
yolo9-27, 55979186, car
yolo12-23, 35422400, car
yolo2-28, 35422400, car
yolo6-27, 35422400, car
yolo10-23, 35422400, car
yolo9-27, 35422400, car
yolo10-26, 35422400, car
yolo12-23, 78223886, car
yolo2-28, 78223886, car
yolo6-27, 78223886, car
yolo9-27, 78223886, car
yolo10-23, 78223886, car
yolo10-26, 78223886, car
yolo10-23, 44570433, car
yolo10-26, 44570433, car
yolo9-27, 44570433, car
yolo6-27, 44570433, car
yolo2-28, 44570433, car
yolo12-23, 44570433, car
yolo2-28, 67381286, car
yolo12-23, 67381286, car
yolo10-26, 67381286, car
yolo10-23, 67381286, car
yolo6-27, 67381286, car
yolo9-27, 67381286, car
yolo12-23, 57436051, car
yolo6-27, 57436051, car
yolo2-28, 57436051, car
yolo9-27, 57436051, car
yolo10-26, 57436051, car
yolo10-23, 57436051, car
yolo2-28, 01683468, car
yolo12-23, 01683468, car
yolo10-26, 01683468, car
yolo9-27, 01683468, car
yolo10-23, 01683468, car
yolo6-27, 01683468, car
yolo12-23, 04763709, car
yolo10-26, 04763709, car
yolo10-23, 04763709, car
yolo6-27, 04763709, car
yolo9-27, 04763709, car
yolo2-28, 04763709, car
yolo10-23, 84591327, car
yolo2-28, 84591327, car
yolo10-26, 84591327, car
yolo12-23, 84591327, car
yolo6-27, 84591327, car
yolo9-27, 84591327, car
yolo2-28, 99088501, car
yolo12-23, 99088501, car
yolo6-27, 99088501, car
yolo10-23, 99088501, car
yolo10-26, 99088501, car
yolo9-27, 99088501, car
yolo10-26, 67526192, car
yolo2-28, 67526192, car
yolo6-27, 67526192, car
yolo10-23, 67526192, car
yolo12-23, 67526192, car
yolo9-27, 67526192, car
yolo2-28, 98154161, car
yolo12-23, 98154161, car
yolo10-23, 98154161, car
yolo6-27, 98154161, car
yolo10-26, 98154161, car
yolo9-27, 98154161, car
yolo10-23, 94843296, car
yolo10-26, 94843296, car
yolo2-28, 94843296, car
yolo12-23, 94843296, car
yolo6-27, 94843296, car
yolo9-27, 94843296, car
yolo2-28, 49300224, car
yolo12-23, 49300224, car
yolo10-23, 49300224, car
yolo10-26, 49300224, car
yolo9-27, 49300224, car
yolo6-27, 49300224, car
yolo9-27, 11473255, car
yolo6-27, 11473255, car
yolo10-26, 11473255, car
yolo2-28, 11473255, car
yolo12-23, 11473255, car
yolo10-23, 11473255, car
yolo10-26, 46899356, car
yolo2-28, 46899356, car
yolo10-23, 46899356, car
yolo12-23, 46899356, car
yolo6-27, 46899356, car
yolo9-27, 46899356, car
yolo10-26, 73888846, car
yolo12-23, 73888846, car
yolo2-28, 73888846, car
yolo9-27, 73888846, car
yolo10-23, 73888846, car
yolo6-27, 73888846, car
yolo2-28, 13745057, car
yolo9-27, 13745057, car
yolo10-23, 13745057, car
yolo6-27, 13745057, car
yolo10-26, 13745057, car
yolo12-23, 13745057, car
yolo2-28, 13741653, car
yolo12-23, 13741653, car
yolo10-23, 13741653, car
yolo9-27, 13741653, car
yolo10-26, 13741653, car
yolo6-27, 13741653, car
yolo2-28, 91578522, car
yolo10-23, 91578522, car
yolo6-27, 91578522, car
yolo12-23, 91578522, car
yolo10-26, 91578522, car
yolo9-27, 91578522, car
yolo10-26, 47063043, car
yolo12-23, 47063043, car
yolo6-27, 47063043, car
yolo10-23, 47063043, car
yolo2-28, 47063043, car
yolo9-27, 47063043, car
yolo2-28, 63004629, car
yolo10-23, 63004629, car
yolo6-27, 63004629, car
yolo12-23, 63004629, car
yolo9-27, 63004629, car
yolo10-26, 63004629, car
yolo2-28, 28861111, car
yolo12-23, 28861111, car
yolo6-27, 28861111, car
yolo9-27, 28861111, car
yolo10-26, 28861111, car
yolo10-23, 28861111, car
yolo2-28, 40969727, car
yolo12-23, 40969727, car
yolo10-23, 40969727, car
yolo9-27, 40969727, car
yolo10-26, 40969727, car
yolo6-27, 40969727, car
yolo2-28, 72518394, car
yolo6-27, 72518394, car
yolo10-23, 72518394, car
yolo10-26, 72518394, car
yolo9-27, 72518394, car
yolo12-23, 72518394, car
yolo12-23, 59812319, car
yolo2-28, 59812319, car
yolo10-23, 59812319, car
yolo6-27, 59812319, car
yolo10-26, 59812319, car
yolo9-27, 59812319, car
yolo2-28, 60028803, car
yolo12-23, 60028803, car
yolo6-27, 60028803, car
yolo10-26, 60028803, car
yolo10-23, 60028803, car
yolo9-27, 60028803, car
yolo2-28, 84611844, car
yolo12-23, 84611844, car
yolo10-23, 84611844, car
yolo9-27, 84611844, car
yolo10-26, 84611844, car
yolo6-27, 84611844, car
yolo2-28, 88354131, car
yolo10-26, 88354131, car
yolo10-23, 88354131, car
yolo12-23, 88354131, car
yolo9-27, 88354131, car
yolo6-27, 88354131, car
yolo12-23, 74504538, car
yolo6-27, 74504538, car
yolo10-23, 74504538, car
yolo9-27, 74504538, car
yolo2-28, 74504538, car
yolo10-26, 74504538, car
yolo10-26, 16023488, car
yolo2-28, 16023488, car
yolo6-27, 16023488, car
yolo10-23, 16023488, car
yolo12-23, 16023488, car
yolo9-27, 16023488, car
yolo2-28, 36331387, car
yolo10-26, 36331387, car
yolo10-23, 36331387, car
yolo9-27, 36331387, car
yolo12-23, 36331387, car
yolo6-27, 36331387, car
yolo6-27, 10637447, car
yolo12-23, 10637447, car
yolo10-26, 10637447, car
yolo10-23, 10637447, car
yolo9-27, 10637447, car
yolo2-28, 10637447, car
yolo12-23, 57481297, car
yolo2-28, 57481297, car
yolo10-26, 57481297, car
yolo10-23, 57481297, car
yolo9-27, 57481297, car
yolo6-27, 57481297, car
yolo2-28, 04042072, car
yolo12-23, 04042072, car
yolo6-27, 04042072, car
yolo10-23, 04042072, car
yolo9-27, 04042072, car
yolo10-26, 04042072, car
yolo2-28, 22400114, car
yolo10-23, 22400114, car
yolo9-27, 22400114, car
yolo12-23, 22400114, car
yolo6-27, 22400114, car
yolo10-26, 22400114, car
yolo2-28, 89916579, car
yolo12-23, 89916579, car
yolo9-27, 89916579, car
yolo6-27, 89916579, car
yolo10-26, 89916579, car
yolo10-23, 89916579, car
yolo2-28, 00237061, car
yolo12-23, 00237061, car
yolo9-27, 00237061, car
yolo10-23, 00237061, car
yolo10-26, 00237061, car
yolo6-27, 00237061, car
yolo12-23, 27134036, car
yolo10-23, 27134036, car
yolo10-26, 27134036, car
yolo2-28, 27134036, car
yolo6-27, 27134036, car
yolo9-27, 27134036, car
yolo2-28, 18974974, car
yolo12-23, 18974974, car
yolo10-26, 18974974, car
yolo6-27, 18974974, car
yolo10-23, 18974974, car
yolo9-27, 18974974, car
yolo2-28, 72002936, car
yolo10-23, 72002936, car
yolo12-23, 72002936, car
yolo10-26, 72002936, car
yolo9-27, 72002936, car
yolo6-27, 72002936, car
yolo2-28, 46015918, car
yolo12-23, 46015918, car
yolo6-27, 46015918, car
yolo9-27, 46015918, car
yolo10-26, 46015918, car
yolo10-23, 46015918, car
yolo12-23, 05091136, car
yolo6-27, 05091136, car
yolo9-27, 05091136, car
yolo10-23, 05091136, car
yolo2-28, 05091136, car
yolo10-26, 05091136, car
yolo12-23, 48661145, car
yolo10-26, 48661145, car
yolo2-28, 48661145, car
yolo10-23, 48661145, car
yolo9-27, 48661145, car
yolo6-27, 48661145, car
yolo10-23, 68918716, car
yolo9-27, 68918716, car
yolo6-27, 68918716, car
yolo10-26, 68918716, car
yolo2-28, 68918716, car
yolo12-23, 68918716, car
yolo10-23, 76282783, car
yolo12-23, 76282783, car
yolo2-28, 76282783, car
yolo10-26, 76282783, car
yolo6-27, 76282783, car
yolo9-27, 76282783, car
yolo10-23, 96621973, car
yolo2-28, 96621973, car
yolo10-26, 96621973, car
yolo12-23, 96621973, car
yolo6-27, 96621973, car
yolo9-27, 96621973, car
yolo2-28, 77645558, car
yolo10-23, 77645558, car
yolo6-27, 77645558, car
yolo9-27, 77645558, car
yolo12-23, 77645558, car
yolo10-26, 77645558, car
yolo12-23, 64695893, car
yolo10-23, 64695893, car
yolo6-27, 64695893, car
yolo2-28, 64695893, car
yolo10-26, 64695893, car
yolo9-27, 64695893, car
yolo2-28, 34868247, car
yolo10-26, 34868247, car
yolo10-23, 34868247, car
yolo9-27, 34868247, car
yolo12-23, 34868247, car
yolo6-27, 34868247, car
yolo2-28, 80877827, car
yolo10-23, 80877827, car
yolo9-27, 80877827, car
yolo6-27, 80877827, car
yolo12-23, 80877827, car
yolo10-26, 80877827, car
yolo2-28, 68674401, aeroplane
yolo12-23, 68674401, aeroplane
yolo6-27, 68674401, aeroplane
yolo9-27, 68674401, aeroplane
yolo10-23, 68674401, aeroplane
yolo10-26, 68674401, aeroplane
yolo12-23, 75237605, sofa
yolo2-28, 75237605, sofa
yolo10-26, 75237605, sofa
yolo6-27, 75237605, sofa
yolo9-27, 75237605, sofa
yolo10-23, 75237605, sofa
yolo2-28, 44404366, train
yolo12-23, 44404366, train
yolo10-26, 44404366, train
yolo9-27, 44404366, train
yolo10-23, 44404366, train
yolo6-27, 44404366, train
yolo2-28, 22069896, sofa
yolo6-27, 22069896, sofa
yolo12-23, 22069896, sofa
yolo10-23, 22069896, sofa
yolo9-27, 22069896, sofa
yolo10-26, 22069896, sofa
yolo12-23, 02249723, sofa
yolo2-28, 02249723, sofa
yolo10-26, 02249723, sofa
yolo9-27, 02249723, sofa
yolo10-23, 02249723, sofa
yolo6-27, 02249723, sofa
yolo2-28, 63394750, train
yolo12-23, 63394750, train
yolo10-26, 63394750, train
yolo6-27, 63394750, train
yolo10-23, 63394750, train
yolo9-27, 63394750, train
yolo6-27, 24928021, sofa
yolo2-28, 24928021, sofa
yolo12-23, 24928021, sofa
yolo10-23, 24928021, sofa
yolo9-27, 24928021, sofa
yolo10-26, 24928021, sofa
yolo10-26, 87076656, train
yolo2-28, 87076656, train
yolo9-27, 87076656, train
yolo10-23, 87076656, train
yolo12-23, 87076656, train
yolo6-27, 87076656, train
yolo10-26, 71069435, sofa
yolo10-23, 71069435, sofa
yolo12-23, 71069435, sofa
yolo2-28, 71069435, sofa
yolo9-27, 71069435, sofa
yolo6-27, 71069435, sofa
yolo2-28, 95240906, sofa
yolo12-23, 95240906, sofa
yolo10-23, 95240906, sofa
yolo10-26, 95240906, sofa
yolo9-27, 95240906, sofa
yolo6-27, 95240906, sofa
yolo12-23, 58879501, sofa
yolo2-28, 58879501, sofa
yolo10-26, 58879501, sofa
yolo9-27, 58879501, sofa
yolo10-23, 58879501, sofa
yolo6-27, 58879501, sofa
yolo12-23, 35994869, aeroplane
yolo9-27, 35994869, aeroplane
yolo10-23, 35994869, aeroplane
yolo10-26, 35994869, aeroplane
yolo2-28, 35994869, aeroplane
yolo6-27, 35994869, aeroplane
yolo2-28, 07810528, aeroplane
yolo10-26, 07810528, aeroplane
yolo12-23, 07810528, aeroplane
yolo9-27, 07810528, aeroplane
yolo6-27, 07810528, aeroplane
yolo10-23, 07810528, aeroplane
yolo2-28, 61580490, boat
yolo12-23, 61580490, boat
yolo10-26, 61580490, boat
yolo10-23, 61580490, boat
yolo6-27, 61580490, boat
yolo9-27, 61580490, boat
yolo2-28, 81435203, aeroplane
yolo10-26, 81435203, aeroplane
yolo12-23, 81435203, aeroplane
yolo6-27, 81435203, aeroplane
yolo10-23, 81435203, aeroplane
yolo9-27, 81435203, aeroplane
yolo12-23, 92662565, bottle
yolo6-27, 92662565, bottle
yolo10-23, 92662565, bottle
yolo10-26, 92662565, bottle
yolo2-28, 92662565, bottle
yolo9-27, 92662565, bottle
yolo6-27, 79569119, boat
yolo12-23, 79569119, boat
yolo2-28, 79569119, boat
yolo10-26, 79569119, boat
yolo9-27, 79569119, boat
yolo10-23, 79569119, boat
yolo10-26, 20853545, sofa
yolo10-23, 20853545, sofa
yolo2-28, 20853545, sofa
yolo9-27, 20853545, sofa
yolo12-23, 20853545, sofa
yolo6-27, 20853545, sofa
yolo10-26, 91428220, sofa
yolo12-23, 91428220, sofa
yolo6-27, 91428220, sofa
yolo10-23, 91428220, sofa
yolo2-28, 91428220, sofa
yolo9-27, 91428220, sofa
yolo6-27, 34084805, sofa
yolo2-28, 34084805, sofa
yolo12-23, 34084805, sofa
yolo9-27, 34084805, sofa
yolo10-26, 34084805, sofa
yolo10-23, 34084805, sofa
yolo2-28, 03906801, aeroplane
yolo10-26, 03906801, aeroplane
yolo9-27, 03906801, aeroplane
yolo6-27, 03906801, aeroplane
yolo10-23, 03906801, aeroplane
yolo12-23, 03906801, aeroplane
yolo2-28, 98948997, aeroplane
yolo10-26, 98948997, aeroplane
yolo10-23, 98948997, aeroplane
yolo9-27, 98948997, aeroplane
yolo6-27, 98948997, aeroplane
yolo12-23, 98948997, aeroplane
yolo2-28, 49785510, aeroplane
yolo9-27, 49785510, aeroplane
yolo12-23, 49785510, aeroplane
yolo6-27, 49785510, aeroplane
yolo10-23, 49785510, aeroplane
yolo10-26, 49785510, aeroplane
yolo2-28, 77029228, aeroplane
yolo10-26, 77029228, aeroplane
yolo6-27, 77029228, aeroplane
yolo9-27, 77029228, aeroplane
yolo10-23, 77029228, aeroplane
yolo12-23, 77029228, aeroplane
yolo12-23, 56134701, car
yolo10-23, 56134701, car
yolo2-28, 56134701, car
yolo9-27, 56134701, car
yolo6-27, 56134701, car
yolo10-26, 56134701, car
yolo2-28, 96634280, aeroplane
yolo9-27, 96634280, aeroplane
yolo12-23, 96634280, aeroplane
yolo6-27, 96634280, aeroplane
yolo10-26, 96634280, aeroplane
yolo10-23, 96634280, aeroplane
yolo6-27, 80139368, aeroplane
yolo10-26, 80139368, aeroplane
yolo12-23, 80139368, aeroplane
yolo2-28, 80139368, aeroplane
yolo9-27, 80139368, aeroplane
yolo10-23, 80139368, aeroplane
yolo2-28, 71957460, aeroplane
yolo12-23, 71957460, aeroplane
yolo9-27, 71957460, aeroplane
yolo10-26, 71957460, aeroplane
yolo10-23, 71957460, aeroplane
yolo6-27, 71957460, aeroplane
yolo2-28, 27341110, aeroplane
yolo12-23, 27341110, aeroplane
yolo6-27, 27341110, aeroplane
yolo9-27, 27341110, aeroplane
yolo10-23, 27341110, aeroplane
yolo10-26, 27341110, aeroplane
yolo2-28, 22187641, car
yolo10-23, 22187641, car
yolo12-23, 22187641, car
yolo6-27, 22187641, car
yolo10-26, 22187641, car
yolo9-27, 22187641, car
yolo10-26, 11478623, car
yolo10-23, 11478623, car
yolo2-28, 11478623, car
yolo12-23, 11478623, car
yolo9-27, 11478623, car
yolo6-27, 11478623, car
yolo2-28, 55264682, car
yolo12-23, 55264682, car
yolo10-23, 55264682, car
yolo6-27, 55264682, car
yolo10-26, 55264682, car
yolo9-27, 55264682, car
yolo2-28, 89903878, car
yolo10-23, 89903878, car
yolo12-23, 89903878, car
yolo9-27, 89903878, car
yolo10-26, 89903878, car
yolo6-27, 89903878, car
yolo12-23, 33488462, car
yolo9-27, 33488462, car
yolo6-27, 33488462, car
yolo2-28, 33488462, car
yolo10-23, 33488462, car
yolo10-26, 33488462, car
yolo10-26, 02876836, car
yolo2-28, 02876836, car
yolo10-23, 02876836, car
yolo6-27, 02876836, car
yolo9-27, 02876836, car
yolo12-23, 02876836, car
yolo10-26, 43806602, car
yolo6-27, 43806602, car
yolo12-23, 43806602, car
yolo9-27, 43806602, car
yolo10-23, 43806602, car
yolo2-28, 43806602, car
yolo2-28, 93182472, car
yolo12-23, 93182472, car
yolo6-27, 93182472, car
yolo10-23, 93182472, car
yolo9-27, 93182472, car
yolo10-26, 93182472, car
yolo2-28, 25538451, car
yolo12-23, 25538451, car
yolo9-27, 25538451, car
yolo10-23, 25538451, car
yolo10-26, 25538451, car
yolo6-27, 25538451, car
yolo2-28, 17835743, car
yolo6-27, 17835743, car
yolo10-23, 17835743, car
yolo12-23, 17835743, car
yolo10-26, 17835743, car
yolo9-27, 17835743, car
yolo2-28, 66763773, car
yolo10-23, 66763773, car
yolo12-23, 66763773, car
yolo10-26, 66763773, car
yolo9-27, 66763773, car
yolo6-27, 66763773, car
yolo2-28, 66878533, car
yolo10-26, 66878533, car
yolo6-27, 66878533, car
yolo10-23, 66878533, car
yolo12-23, 66878533, car
yolo9-27, 66878533, car
yolo2-28, 42904483, car
yolo12-23, 42904483, car
yolo9-27, 42904483, car
yolo10-23, 42904483, car
yolo10-26, 42904483, car
yolo6-27, 42904483, car
yolo12-23, 74364951, car
yolo2-28, 74364951, car
yolo10-23, 74364951, car
yolo10-26, 74364951, car
yolo6-27, 74364951, car
yolo9-27, 74364951, car
yolo6-27, 43091407, car
yolo10-26, 43091407, car
yolo2-28, 43091407, car
yolo12-23, 43091407, car
yolo9-27, 43091407, car
yolo10-23, 43091407, car
yolo10-26, 07887081, car
yolo12-23, 07887081, car
yolo10-23, 07887081, car
yolo6-27, 07887081, car
yolo2-28, 07887081, car
yolo9-27, 07887081, car
yolo2-28, 27919221, car
yolo12-23, 27919221, car
yolo6-27, 27919221, car
yolo10-26, 27919221, car
yolo9-27, 27919221, car
yolo10-23, 27919221, car
yolo12-23, 07145067, car
yolo10-26, 07145067, car
yolo10-23, 07145067, car
yolo6-27, 07145067, car
yolo9-27, 07145067, car
yolo2-28, 07145067, car
yolo2-28, 04470081, car
yolo12-23, 04470081, car
yolo10-26, 04470081, car
yolo6-27, 04470081, car
yolo9-27, 04470081, car
yolo10-23, 04470081, car
yolo10-23, 87669352, car
yolo10-26, 87669352, car
yolo6-27, 87669352, car
yolo2-28, 87669352, car
yolo9-27, 87669352, car
yolo12-23, 87669352, car
yolo2-28, 21092529, car
yolo6-27, 21092529, car
yolo10-26, 21092529, car
yolo9-27, 21092529, car
yolo10-23, 21092529, car
yolo12-23, 21092529, car
