
========== Time: 0 ==========

========== Time: 1 ==========

========== Time: 2 ==========

========== Time: 3 ==========

========== Time: 4 ==========

========== Time: 5 ==========

========== Time: 6 ==========

========== Time: 7 ==========
yolo2-2, 81565210, car
yolo2-2, 79269491, car
yolo2-2, 30339382, car
yolo2-2, 18161912, car
yolo2-2, 89680996, aeroplane
yolo2-2, 58196245, car
yolo2-2, 39315475, car
yolo2-2, 32583169, car
yolo2-2, 12695018, car
yolo2-2, 11956033, car
yolo2-2, 73873248, car
yolo2-2, 50148693, car
yolo2-2, 31903509, car
yolo2-2, 95922419, car
yolo2-2, 05044733, car
yolo2-2, 14045705, car
yolo2-2, 59282448, car
yolo2-2, 63350329, bottle
yolo2-2, 73742944, car
yolo2-2, 84870557, car
yolo2-2, 25611213, train
yolo2-2, 76151246, sofa
yolo2-2, 56695679, car

========== Time: 8 ==========
yolo2-2, 29976075, train
yolo2-2, 11475959, sofa
yolo2-2, 58819326, sofa
yolo2-2, 55887752, sofa
yolo2-2, 55890397, car
yolo2-2, 62233439, car
yolo2-2, 53241243, car
yolo2-2, 96067785, car
yolo2-2, 71392891, car
yolo3-3, 11475959, sofa
yolo3-3, 58819326, sofa
yolo3-3, 55887752, sofa
yolo3-3, 55890397, car
yolo3-3, 62233439, car

========== Time: 9 ==========
yolo3-3, 53241243, car
yolo3-3, 96067785, car
yolo3-3, 71392891, car
yolo3-3, 56061098, car
yolo3-3, 75163689, aeroplane
yolo3-3, 59263994, car
yolo3-3, 66788478, car
yolo3-3, 21288017, car
yolo3-3, 52303874, car
yolo3-3, 81552648, car
yolo3-3, 35998517, car
yolo3-3, 00813988, car
yolo3-3, 40329079, car
yolo3-3, 24677431, car
yolo3-3, 37043584, car
yolo3-3, 91668380, car
yolo3-3, 16124490, car
yolo3-3, 49536978, car
yolo3-3, 69777624, car
yolo3-3, 24229317, car
yolo3-3, 98119411, car
yolo3-3, 58997751, car
yolo3-3, 44561130, car
yolo3-3, 60000493, train
yolo3-3, 46594851, aeroplane
yolo3-3, 31229661, sofa
yolo3-3, 69752717, car
yolo3-3, 54191304, car
yolo3-3, 02549710, person
yolo3-3, 89845876, car
yolo3-3, 24134652, car
yolo3-3, 08507709, boat
yolo3-3, 52923384, car

========== Time: 10 ==========
yolo3-3, 05908843, car
yolo3-3, 54822089, train
yolo3-3, 83422589, car
yolo3-3, 37880344, boat
yolo3-3, 73302919, car
yolo3-3, 66208179, car
yolo3-3, 60287093, sofa
yolo3-3, 92945953, car
yolo3-3, 38846315, car
yolo3-3, 95084726, train
yolo3-3, 06043559, car
yolo3-3, 74007862, car
yolo3-3, 89415238, car
yolo3-3, 04636686, car
yolo3-3, 81789590, car
yolo3-3, 80242464, car
yolo3-3, 36080907, car
yolo3-3, 25468966, car
yolo3-3, 39767388, car
yolo3-3, 81725413, car
yolo3-3, 24863919, car
yolo3-3, 35514679, car
yolo3-3, 72764119, car
yolo3-10, 72764119, car
yolo3-3, 37391860, car
yolo3-10, 37391860, car
yolo3-10, 65157450, car
yolo3-3, 65157450, car
yolo3-10, 65193080, car
yolo3-3, 65193080, car
yolo3-10, 54982282, car
yolo3-3, 54982282, car
yolo3-10, 01442012, car
yolo3-3, 01442012, car
yolo3-10, 02400943, car
yolo3-3, 02400943, car
yolo3-10, 82100659, car
yolo3-3, 82100659, car
yolo3-10, 46125245, car
yolo3-3, 46125245, car
yolo3-3, 82589529, car
yolo3-10, 82589529, car
yolo3-10, 30389991, car
yolo3-3, 30389991, car
yolo3-10, 70012376, car
yolo3-3, 70012376, car
yolo3-3, 15538439, car
yolo3-10, 15538439, car
yolo3-10, 03572568, car
yolo3-3, 03572568, car
yolo3-3, 57913096, car
yolo3-10, 57913096, car
yolo3-3, 96236237, car
yolo3-10, 96236237, car
yolo3-10, 90432786, car
yolo3-3, 90432786, car
yolo3-3, 71313735, car
yolo3-10, 71313735, car
yolo3-3, 47555701, car
yolo3-10, 47555701, car
yolo3-3, 46812012, car
yolo3-10, 46812012, car
yolo3-10, 62562823, car
yolo3-3, 62562823, car
yolo3-10, 93162600, car
yolo3-3, 93162600, car
yolo7-3, 90432786, car
yolo7-3, 71313735, car
yolo3-3, 31016454, car
yolo7-3, 47555701, car
yolo3-10, 31016454, car
yolo7-3, 46812012, car
yolo7-3, 62562823, car
yolo3-10, 42584676, car
yolo3-3, 42584676, car
yolo7-3, 93162600, car
yolo7-3, 31016454, car
yolo3-10, 20235471, car
yolo3-3, 20235471, car
yolo7-3, 42584676, car
yolo7-3, 20235471, car
yolo3-3, 10936373, car
yolo3-10, 10936373, car
yolo7-3, 10936373, car
yolo3-10, 99359122, boat
yolo7-3, 99359122, boat
yolo3-3, 99359122, boat
yolo7-3, 94828338, car
yolo3-3, 94828338, car
yolo3-10, 94828338, car
yolo3-10, 68553686, car
yolo7-3, 68553686, car
yolo3-3, 68553686, car
yolo5-6, 10936373, car
yolo5-8, 10936373, car
yolo5-9, 10936373, car
yolo5-6, 99359122, boat
yolo5-8, 99359122, boat
yolo5-9, 99359122, boat
yolo3-3, 49547215, car
yolo7-3, 49547215, car
yolo5-6, 94828338, car
yolo3-10, 49547215, car
yolo5-9, 94828338, car
yolo5-8, 94828338, car
yolo5-6, 68553686, car
yolo5-9, 68553686, car
yolo5-8, 68553686, car
yolo3-10, 53856733, car
yolo3-3, 53856733, car
yolo7-3, 53856733, car
yolo5-6, 49547215, car
yolo5-9, 49547215, car
yolo5-8, 49547215, car
yolo5-6, 53856733, car
yolo5-9, 53856733, car
yolo5-8, 53856733, car
yolo7-3, 58179654, car
yolo3-10, 58179654, car
yolo3-3, 58179654, car
yolo5-6, 58179654, car
yolo5-9, 58179654, car
yolo5-8, 58179654, car
yolo7-3, 76567212, car
yolo5-6, 76567212, car
yolo3-3, 76567212, car
yolo5-9, 76567212, car
yolo5-8, 76567212, car
yolo3-10, 76567212, car
yolo5-6, 12610811, car
yolo5-8, 12610811, car
yolo3-3, 12610811, car
yolo3-10, 12610811, car
yolo5-9, 12610811, car
yolo7-3, 12610811, car
yolo5-9, 31143707, car
yolo5-8, 31143707, car
yolo7-3, 31143707, car
yolo3-10, 31143707, car
yolo5-6, 31143707, car
yolo3-3, 31143707, car
yolo7-3, 60049231, car
yolo3-10, 60049231, car
yolo5-8, 60049231, car
yolo5-9, 60049231, car
yolo5-6, 60049231, car
yolo3-3, 60049231, car
yolo3-10, 10070825, car
yolo5-8, 10070825, car
yolo7-3, 10070825, car
yolo5-9, 10070825, car
yolo5-6, 10070825, car
yolo3-3, 10070825, car
yolo5-8, 26207543, car
yolo3-10, 26207543, car
yolo7-3, 26207543, car
yolo5-9, 26207543, car
yolo5-6, 26207543, car
yolo3-3, 26207543, car
yolo5-6, 47314812, car
yolo5-8, 47314812, car
yolo5-9, 47314812, car
yolo3-10, 47314812, car
yolo3-3, 47314812, car
yolo7-3, 47314812, car
yolo3-3, 40788577, car
yolo5-9, 40788577, car
yolo3-10, 40788577, car
yolo7-3, 40788577, car
yolo5-6, 40788577, car
yolo5-8, 40788577, car
yolo5-6, 54399008, car
yolo3-3, 54399008, car
yolo3-10, 54399008, car
yolo5-9, 54399008, car
yolo5-8, 54399008, car
yolo7-3, 54399008, car
yolo5-8, 63110133, car
yolo5-6, 63110133, car
yolo5-9, 63110133, car
yolo7-3, 63110133, car
yolo3-10, 63110133, car
yolo3-3, 63110133, car

========== Time: 11 ==========
yolo3-3, 38959720, car
yolo5-6, 38959720, car
yolo5-9, 38959720, car
yolo7-3, 38959720, car
yolo3-10, 38959720, car
yolo5-8, 38959720, car
yolo5-8, 95913075, car
yolo5-6, 95913075, car
yolo3-3, 95913075, car
yolo5-9, 95913075, car
yolo7-3, 95913075, car
yolo3-10, 95913075, car
yolo3-10, 27765467, car
yolo7-3, 27765467, car
yolo3-3, 27765467, car
yolo5-6, 27765467, car
yolo5-9, 27765467, car
yolo5-8, 27765467, car
yolo5-9, 93614090, car
yolo3-3, 93614090, car
yolo3-10, 93614090, car
yolo5-8, 93614090, car
yolo7-3, 93614090, car
yolo5-6, 93614090, car
yolo3-10, 43405088, car
yolo5-6, 43405088, car
yolo5-8, 43405088, car
yolo7-3, 43405088, car
yolo5-9, 43405088, car
yolo3-3, 43405088, car
yolo3-10, 09826425, car
yolo5-8, 09826425, car
yolo5-6, 09826425, car
yolo3-3, 09826425, car
yolo5-9, 09826425, car
yolo7-3, 09826425, car
yolo5-6, 27924259, car
yolo5-8, 27924259, car
yolo5-9, 27924259, car
yolo3-3, 27924259, car
yolo3-10, 27924259, car
yolo7-3, 27924259, car
yolo7-3, 70210102, car
yolo3-10, 70210102, car
yolo5-9, 70210102, car
yolo3-3, 70210102, car
yolo5-8, 70210102, car
yolo7-3, 71539151, car
yolo3-10, 71539151, car
yolo3-3, 71539151, car
yolo5-8, 71539151, car
yolo5-9, 71539151, car
yolo7-3, 97592405, sofa
yolo5-8, 97592405, sofa
yolo3-10, 97592405, sofa
yolo5-9, 97592405, sofa
yolo3-3, 97592405, sofa
yolo7-3, 94766831, sofa
yolo5-9, 94766831, sofa
yolo3-3, 94766831, sofa
yolo5-8, 94766831, sofa
yolo3-10, 94766831, sofa
yolo3-3, 98264157, car
yolo3-10, 98264157, car
yolo5-8, 98264157, car
yolo7-3, 98264157, car
yolo5-9, 98264157, car
yolo5-9, 75770756, car
yolo5-8, 75770756, car
yolo7-3, 75770756, car
yolo3-10, 75770756, car
yolo3-3, 75770756, car
yolo7-3, 58614241, car
yolo5-8, 58614241, car
yolo3-3, 58614241, car
yolo3-10, 58614241, car
yolo5-9, 58614241, car
yolo5-9, 08993974, car
yolo3-10, 08993974, car
yolo5-8, 08993974, car
yolo7-3, 08993974, car
yolo3-3, 08993974, car

========== Time: 12 ==========
yolo5-8, 96394483, car
yolo5-9, 96394483, car
yolo7-3, 96394483, car
yolo3-10, 96394483, car
yolo3-3, 96394483, car
yolo3-3, 39048628, car
yolo7-3, 39048628, car
yolo5-9, 39048628, car
yolo5-8, 39048628, car
yolo3-10, 39048628, car
yolo5-8, 54009054, car
yolo3-10, 54009054, car
yolo5-9, 54009054, car
yolo3-3, 54009054, car
yolo7-3, 54009054, car
yolo5-8, 97513529, car
yolo5-9, 97513529, car
yolo3-10, 97513529, car
yolo7-3, 97513529, car
yolo3-3, 97513529, car
yolo3-3, 70131785, car
yolo3-10, 70131785, car
yolo7-3, 70131785, car
yolo5-8, 70131785, car
yolo5-9, 70131785, car
yolo3-3, 11692214, car
yolo7-3, 11692214, car
yolo5-8, 11692214, car
yolo3-10, 11692214, car
yolo5-9, 11692214, car
yolo5-9, 54195906, car
yolo5-8, 54195906, car
yolo3-10, 54195906, car
yolo3-3, 54195906, car
yolo7-3, 54195906, car
yolo3-3, 88706151, car
yolo5-9, 88706151, car
yolo5-8, 88706151, car
yolo7-3, 88706151, car
yolo3-10, 88706151, car
yolo3-10, 49923576, car
yolo5-8, 49923576, car
yolo5-9, 49923576, car
yolo5-8, 74336452, car
yolo5-9, 74336452, car
yolo3-10, 74336452, car
yolo5-9, 76582504, car
yolo3-10, 76582504, car
yolo5-8, 76582504, car
yolo3-10, 06239722, car
yolo5-8, 06239722, car
yolo5-9, 06239722, car
yolo5-9, 99774597, bottle
yolo3-10, 99774597, bottle
yolo5-9, 35786082, car
yolo3-10, 35786082, car
yolo5-9, 21029729, car
yolo3-10, 21029729, car

========== Time: 13 ==========
yolo3-10, 38194833, car
yolo5-9, 38194833, car
yolo5-9, 30104200, car
yolo3-10, 30104200, car
yolo5-9, 70149693, car
yolo3-10, 70149693, car
yolo5-edge-8, 70149693, car
yolo5-9, 00849358, car
yolo3-10, 00849358, car
yolo5-edge-8, 00849358, car
yolo5-9, 97392635, car
yolo3-10, 97392635, car
yolo5-edge-8, 97392635, car
yolo3-10, 20712951, car
yolo5-edge-8, 20712951, car
yolo5-9, 20712951, car
yolo5-9, 84448894, car
yolo3-10, 84448894, car
yolo5-edge-8, 84448894, car
yolo5-edge-8, 90516715, car
yolo3-10, 90516715, car
yolo5-9, 90516715, car
yolo5-9, 49487348, car
yolo5-edge-8, 49487348, car
yolo5-9, 63755811, car
yolo5-edge-8, 63755811, car
yolo5-edge-8, 16922544, car
yolo5-9, 16922544, car
yolo5-9, 12958632, car
yolo5-edge-8, 12958632, car
yolo5-9, 98383392, car
yolo5-edge-8, 98383392, car
yolo5-9, 79599686, car
yolo5-edge-8, 79599686, car
yolo5-9, 03117737, car
yolo5-edge-8, 03117737, car

========== Time: 14 ==========
yolo5-9, 97117806, car
yolo5-edge-8, 97117806, car
yolo5-9, 21103011, car
yolo5-edge-8, 21103011, car
yolo5-9, 35062044, car
yolo5-edge-8, 35062044, car
yolo5-9, 67098601, car
yolo5-edge-8, 67098601, car
yolo5-9, 92086327, car
yolo5-edge-8, 92086327, car
yolo5-9, 37060749, car
yolo5-edge-8, 37060749, car
yolo5-9, 22866495, car
yolo5-edge-8, 22866495, car
yolo5-9, 78967253, car
yolo5-edge-8, 78967253, car
yolo1-11, 21103011, car
yolo1-11, 35062044, car
yolo5-edge-8, 01967598, car
yolo5-9, 01967598, car
yolo1-11, 67098601, car
yolo1-11, 92086327, car
yolo5-edge-8, 18086698, car
yolo5-9, 18086698, car
yolo1-11, 37060749, car
yolo1-11, 22866495, car
yolo5-9, 23013211, car
yolo5-edge-8, 23013211, car
yolo1-11, 78967253, car
yolo5-9, 16223261, car
yolo1-11, 01967598, car
yolo5-edge-8, 16223261, car
yolo1-11, 18086698, car
yolo1-11, 23013211, car
yolo4-11, 92086327, car
yolo5-9, 01927764, car
yolo5-edge-8, 01927764, car
yolo1-11, 16223261, car
yolo4-11, 37060749, car
yolo1-11, 01927764, car
yolo4-11, 22866495, car
yolo5-edge-8, 49730189, car
yolo5-9, 49730189, car
yolo1-11, 49730189, car
yolo4-11, 78967253, car
yolo12-12, 78967253, car
yolo4-11, 01967598, car
yolo12-12, 01967598, car
yolo5-edge-8, 76423917, car
yolo5-9, 76423917, car
yolo1-11, 76423917, car
yolo4-11, 18086698, car
yolo12-12, 18086698, car
yolo4-11, 23013211, car

========== Time: 15 ==========
yolo12-12, 23013211, car
yolo5-edge-8, 44292951, car
yolo5-9, 44292951, car
yolo1-11, 44292951, car
yolo4-11, 16223261, car
yolo12-12, 16223261, car
yolo4-11, 01927764, car
yolo12-12, 01927764, car
yolo4-11, 49730189, car
yolo1-11, 62911219, car
yolo5-9, 62911219, car
yolo5-edge-8, 62911219, car
yolo12-12, 49730189, car
yolo12-12, 76423917, car
yolo4-11, 76423917, car
yolo5-edge-8, 71570573, car
yolo1-11, 71570573, car
yolo5-9, 71570573, car
yolo12-12, 44292951, car
yolo4-11, 44292951, car
yolo12-12, 62911219, car
yolo4-11, 62911219, car
yolo5-edge-8, 77206196, car
yolo5-9, 77206196, car
yolo1-11, 77206196, car
yolo12-12, 71570573, car
yolo4-11, 71570573, car
yolo12-12, 77206196, car
yolo5-edge-8, 08408175, car
yolo4-11, 77206196, car
yolo1-11, 08408175, car
yolo5-9, 08408175, car
yolo12-12, 08408175, car
yolo4-11, 08408175, car
yolo5-edge-8, 78960003, car
yolo12-12, 78960003, car
yolo4-11, 78960003, car
yolo5-9, 78960003, car
yolo1-11, 78960003, car
yolo5-edge-8, 09759141, car
yolo1-11, 09759141, car
yolo12-12, 09759141, car
yolo5-9, 09759141, car
yolo4-11, 09759141, car
yolo5-edge-8, 30160161, car
yolo5-9, 30160161, car
yolo12-12, 30160161, car
yolo1-11, 30160161, car
yolo10-13, 62911219, car
yolo5-edge-8, 36247132, car
yolo5-9, 36247132, car
yolo1-11, 36247132, car
yolo10-13, 71570573, car
yolo10-13, 77206196, car
yolo5-edge-8, 91178154, car
yolo1-11, 91178154, car
yolo5-9, 91178154, car
yolo10-13, 08408175, car
yolo10-13, 78960003, car
yolo1-11, 90731610, car
yolo5-9, 90731610, car
yolo10-13, 09759141, car
yolo5-edge-8, 90731610, car
yolo10-13, 30160161, car
yolo5-9, 61744643, car
yolo1-11, 61744643, car
yolo10-13, 36247132, car
yolo5-edge-8, 61744643, car
yolo10-13, 91178154, car
yolo5-edge-8, 48673050, car
yolo10-13, 90731610, car
yolo1-11, 48673050, car
yolo5-9, 48673050, car
yolo10-13, 61744643, car
yolo5-9, 37320162, car
yolo1-11, 37320162, car
yolo5-edge-8, 37320162, car
yolo10-13, 48673050, car
yolo10-13, 37320162, car
yolo10-13, 83019801, car
yolo5-9, 83019801, car
yolo5-edge-8, 83019801, car
yolo1-11, 83019801, car
yolo5-edge-8, 37673767, car
yolo5-9, 37673767, car
yolo1-11, 37673767, car
yolo10-13, 37673767, car

========== Time: 16 ==========
yolo5-edge-8, 57287904, car
yolo5-9, 57287904, car
yolo10-13, 57287904, car
yolo1-11, 57287904, car
yolo5-edge-8, 28232003, car
yolo5-9, 28232003, car
yolo1-11, 28232003, car
yolo10-13, 28232003, car
yolo4-15, 28232003, car
yolo5-edge-8, 10445428, car
yolo4-15, 10445428, car
yolo1-11, 10445428, car
yolo5-9, 10445428, car
yolo10-13, 10445428, car
yolo1-11, 31090049, car
yolo10-13, 31090049, car
yolo4-15, 31090049, car
yolo5-edge-8, 31090049, car
yolo5-9, 31090049, car
yolo5-edge-8, 49452589, car
yolo5-9, 49452589, car
yolo1-11, 49452589, car
yolo4-15, 49452589, car
yolo10-13, 49452589, car
yolo5-edge-8, 07619018, car
yolo5-9, 07619018, car
yolo4-15, 07619018, car
yolo10-13, 07619018, car
yolo1-11, 07619018, car
yolo1-15, 07619018, car
yolo5-edge-8, 61114279, car
yolo10-13, 61114279, car
yolo1-11, 61114279, car
yolo5-9, 61114279, car
yolo4-15, 61114279, car
yolo1-15, 61114279, car
yolo5-edge-8, 58323702, car
yolo1-15, 58323702, car
yolo4-15, 58323702, car
yolo5-9, 58323702, car
yolo10-13, 58323702, car
yolo1-11, 58323702, car
yolo5-edge-8, 35793673, car
yolo1-11, 35793673, car
yolo1-15, 35793673, car
yolo10-13, 35793673, car
yolo5-9, 35793673, car
yolo4-15, 35793673, car
yolo5-edge-8, 39400996, car
yolo1-11, 39400996, car
yolo4-15, 39400996, car
yolo5-9, 39400996, car
yolo1-15, 39400996, car
yolo10-13, 39400996, car
yolo5-edge-8, 66491179, car
yolo5-9, 66491179, car
yolo1-11, 66491179, car
yolo1-15, 66491179, car
yolo4-15, 66491179, car
yolo10-13, 66491179, car
yolo5-edge-8, 64407838, car
yolo1-11, 64407838, car
yolo5-9, 64407838, car
yolo1-15, 64407838, car
yolo10-13, 64407838, car
yolo4-15, 64407838, car
yolo5-edge-8, 17903426, car
yolo1-11, 17903426, car
yolo5-9, 17903426, car
yolo1-15, 17903426, car
yolo4-15, 17903426, car
yolo10-13, 17903426, car
yolo5-edge-8, 91649439, car
yolo10-13, 91649439, car
yolo4-15, 91649439, car
yolo1-11, 91649439, car
yolo1-15, 91649439, car
yolo5-9, 91649439, car
yolo5-edge-8, 54715653, car
yolo1-11, 54715653, car
yolo5-9, 54715653, car
yolo1-15, 54715653, car
yolo4-15, 54715653, car
yolo10-13, 54715653, car
yolo5-edge-8, 48220953, car
yolo10-13, 48220953, car
yolo1-15, 48220953, car
yolo1-11, 48220953, car
yolo4-15, 48220953, car
yolo5-9, 48220953, car
yolo5-edge-8, 04018288, car
yolo5-9, 04018288, car
yolo1-15, 04018288, car
yolo1-11, 04018288, car
yolo10-13, 04018288, car
yolo4-15, 04018288, car
yolo5-edge-8, 20121680, car
yolo4-15, 20121680, car
yolo5-9, 20121680, car
yolo1-15, 20121680, car
yolo1-11, 20121680, car
yolo10-13, 20121680, car
yolo5-edge-8, 53917048, car
yolo1-15, 53917048, car
yolo5-9, 53917048, car
yolo10-13, 53917048, car
yolo1-11, 53917048, car
yolo4-15, 53917048, car
yolo5-edge-8, 03278893, car
yolo5-9, 03278893, car
yolo4-15, 03278893, car
yolo1-15, 03278893, car
yolo1-11, 03278893, car
yolo10-13, 03278893, car
yolo5-edge-8, 43062583, car
yolo10-13, 43062583, car
yolo5-9, 43062583, car
yolo1-15, 43062583, car
yolo4-15, 43062583, car
yolo1-11, 43062583, car
yolo5-edge-8, 44111761, train
yolo10-13, 44111761, train
yolo1-15, 44111761, train
yolo1-11, 44111761, train
yolo4-15, 44111761, train
yolo5-9, 44111761, train

========== Time: 17 ==========
yolo5-edge-8, 85178833, car
yolo5-9, 85178833, car
yolo4-15, 85178833, car
yolo10-13, 85178833, car
yolo1-15, 85178833, car
yolo1-11, 85178833, car
yolo4-15, 84603663, car
yolo1-15, 84603663, car
yolo5-9, 84603663, car
yolo10-13, 84603663, car
yolo1-11, 84603663, car
yolo5-edge-8, 84603663, car
yolo5-edge-8, 84084218, car
yolo1-11, 84084218, car
yolo10-13, 84084218, car
yolo5-9, 84084218, car
yolo4-15, 84084218, car
yolo1-15, 84084218, car
yolo5-edge-8, 79677335, car
yolo10-13, 79677335, car
yolo1-11, 79677335, car
yolo1-15, 79677335, car
yolo4-15, 79677335, car
yolo5-9, 79677335, car
yolo5-edge-8, 06723635, car
yolo5-9, 06723635, car
yolo10-13, 06723635, car
yolo4-15, 06723635, car
yolo1-15, 06723635, car
yolo1-11, 06723635, car
yolo5-edge-8, 03199059, person
yolo1-11, 03199059, person
yolo5-9, 03199059, person
yolo4-15, 03199059, person
yolo10-13, 03199059, person
yolo1-15, 03199059, person
yolo5-edge-8, 27042066, car
yolo10-13, 27042066, car
yolo1-11, 27042066, car
yolo1-15, 27042066, car
yolo4-15, 27042066, car
yolo5-9, 27042066, car
yolo5-edge-8, 39723263, aeroplane
yolo1-15, 39723263, aeroplane
yolo4-15, 39723263, aeroplane
yolo5-9, 39723263, aeroplane
yolo1-11, 39723263, aeroplane
yolo10-13, 39723263, aeroplane

========== Time: 18 ==========
yolo1-15, 53259439, train
yolo5-edge-8, 53259439, train
yolo10-13, 53259439, train
yolo4-15, 53259439, train
yolo5-9, 53259439, train
yolo5-edge-8, 21767443, car
yolo5-9, 21767443, car
yolo4-15, 21767443, car
yolo1-15, 21767443, car
yolo10-13, 21767443, car
yolo10-13, 27855440, boat
yolo5-9, 27855440, boat
yolo4-15, 27855440, boat
yolo5-edge-8, 27855440, boat
yolo1-15, 27855440, boat
yolo4-15, 92296924, sofa
yolo10-13, 92296924, sofa
yolo1-15, 92296924, sofa
yolo5-9, 92296924, sofa
yolo5-edge-8, 92296924, sofa
yolo5-9, 07469543, train
yolo4-15, 07469543, train
yolo1-15, 07469543, train
yolo10-13, 07469543, train
yolo5-edge-8, 07469543, train
yolo4-15, 06965680, train
yolo1-15, 06965680, train
yolo10-13, 06965680, train
yolo5-edge-8, 06965680, train
yolo5-9, 06965680, train
yolo5-edge-8, 28106026, aeroplane
yolo10-13, 28106026, aeroplane
yolo5-9, 28106026, aeroplane
yolo4-15, 28106026, aeroplane
yolo1-15, 28106026, aeroplane
yolo5-edge-8, 40756154, car
yolo1-15, 40756154, car
yolo5-9, 40756154, car
yolo4-15, 40756154, car
yolo10-13, 40756154, car
yolo10-13, 73626889, car
yolo5-edge-8, 73626889, car
yolo1-15, 73626889, car
yolo5-9, 73626889, car
yolo4-15, 73626889, car
yolo5-edge-8, 39733122, aeroplane
yolo10-13, 39733122, aeroplane
yolo1-15, 39733122, aeroplane
yolo4-15, 39733122, aeroplane
yolo5-9, 39733122, aeroplane
yolo1-15, 88820755, car
yolo5-9, 88820755, car
yolo4-15, 88820755, car
yolo5-edge-8, 88820755, car
yolo10-13, 88820755, car
yolo1-15, 32504361, car
yolo5-9, 32504361, car
yolo10-13, 32504361, car
yolo5-edge-8, 32504361, car
yolo4-15, 32504361, car
yolo5-9, 73324109, car
yolo10-13, 73324109, car
yolo4-15, 73324109, car
yolo1-15, 73324109, car
yolo5-edge-8, 73324109, car
yolo5-edge-8, 26435835, car
yolo1-15, 26435835, car
yolo10-13, 26435835, car
yolo4-15, 26435835, car
yolo5-9, 26435835, car
yolo5-9, 34742450, car
yolo10-13, 34742450, car
yolo4-15, 34742450, car
yolo1-15, 34742450, car
yolo5-edge-8, 34742450, car

========== Time: 19 ==========
yolo4-15, 24901291, car
yolo5-edge-8, 24901291, car
yolo10-13, 24901291, car
yolo1-15, 24901291, car
yolo5-9, 24901291, car
yolo5-9, 21446927, car
yolo5-edge-8, 21446927, car
yolo4-15, 21446927, car
yolo1-15, 21446927, car
yolo10-13, 21446927, car
yolo10-13, 34435898, car
yolo1-15, 34435898, car
yolo5-9, 34435898, car
yolo5-edge-8, 34435898, car
yolo4-15, 34435898, car
yolo1-15, 29895752, car
yolo5-9, 29895752, car
yolo10-13, 29895752, car
yolo4-15, 29895752, car
yolo5-edge-8, 29895752, car
yolo8-15, 39733122, aeroplane
yolo4-15, 01251457, car
yolo1-15, 01251457, car
yolo5-9, 01251457, car
yolo5-edge-8, 01251457, car
yolo10-13, 01251457, car
yolo8-15, 88820755, car
yolo8-15, 32504361, car
yolo5-edge-8, 78938195, car
yolo4-15, 78938195, car
yolo10-13, 78938195, car
yolo5-9, 78938195, car
yolo1-15, 78938195, car
yolo8-15, 73324109, car
yolo3-15, 34435898, car
yolo8-15, 26435835, car
yolo3-15, 29895752, car
yolo5-edge-8, 44109955, car
yolo5-9, 44109955, car
yolo1-15, 44109955, car
yolo4-15, 44109955, car
yolo10-13, 44109955, car
yolo8-15, 34742450, car
yolo3-15, 01251457, car
yolo8-15, 24901291, car
yolo3-15, 78938195, car
yolo5-edge-8, 75472757, car
yolo1-15, 75472757, car
yolo4-15, 75472757, car
yolo10-13, 75472757, car
yolo5-9, 75472757, car
yolo8-15, 21446927, car
yolo3-15, 44109955, car
yolo8-15, 34435898, car
yolo3-15, 75472757, car
yolo1-15, 14559200, car
yolo5-9, 14559200, car
yolo4-15, 14559200, car
yolo10-13, 14559200, car
yolo8-15, 29895752, car
yolo3-15, 14559200, car
yolo8-15, 01251457, car
yolo1-15, 93948171, car
yolo4-15, 93948171, car
yolo10-13, 93948171, car
yolo3-15, 93948171, car
yolo8-15, 78938195, car
yolo8-15, 44109955, car
yolo3-15, 01136304, car
yolo4-15, 01136304, car
yolo10-13, 01136304, car
yolo1-15, 01136304, car
yolo8-15, 75472757, car
yolo8-15, 14559200, car
yolo1-15, 57093971, car
yolo3-15, 57093971, car
yolo10-13, 57093971, car
yolo4-15, 57093971, car
yolo8-15, 93948171, car
yolo8-15, 01136304, car
yolo4-15, 82960376, car
yolo1-15, 82960376, car
yolo10-13, 82960376, car
yolo3-15, 82960376, car
yolo8-15, 57093971, car
yolo8-15, 82960376, car
yolo3-15, 57435332, car
yolo4-15, 57435332, car
yolo1-15, 57435332, car
yolo10-13, 57435332, car
yolo8-15, 57435332, car
yolo7-15, 14559200, car
yolo8-15, 42286227, bottle
yolo4-15, 42286227, bottle
yolo1-15, 42286227, bottle
yolo10-13, 42286227, bottle
yolo3-15, 42286227, bottle
yolo7-15, 93948171, car

========== Time: 20 ==========
yolo7-15, 01136304, car
yolo1-15, 32785254, car
yolo4-15, 32785254, car
yolo10-13, 32785254, car
yolo8-15, 32785254, car
yolo3-15, 32785254, car
yolo7-15, 57093971, car
yolo7-15, 82960376, car
yolo3-15, 98258304, car
yolo8-15, 98258304, car
yolo10-13, 98258304, car
yolo4-15, 98258304, car
yolo7-15, 57435332, car
yolo7-15, 42286227, bottle
yolo8-15, 87295404, car
yolo3-15, 87295404, car
yolo10-13, 87295404, car
yolo7-15, 32785254, car
yolo7-15, 98258304, car
yolo8-15, 94210169, car
yolo3-15, 94210169, car
yolo7-15, 87295404, car
yolo7-15, 94210169, car
yolo3-15, 08582343, car
yolo8-15, 08582343, car
yolo7-15, 08582343, car
yolo10-13, 94210169, car
yolo7-15, 55198431, car
yolo8-15, 55198431, car
yolo3-15, 55198431, car
yolo7-15, 61338909, car
yolo8-15, 61338909, car
yolo10-13, 08582343, car
yolo1-15, 98258304, car
yolo7-15, 98467205, car
yolo8-15, 98467205, car
yolo3-15, 61338909, car
yolo10-13, 55198431, car
yolo10-13, 61338909, car
yolo3-15, 98467205, car
yolo7-15, 95569672, car
yolo8-15, 95569672, car
yolo10-13, 98467205, car
yolo3-15, 95569672, car
yolo4-15, 87295404, car
yolo10-13, 95569672, car
yolo8-15, 05081578, car
yolo10-13, 05081578, car
yolo3-15, 05081578, car
yolo4-15, 94210169, car
yolo10-13, 99494074, car
yolo8-15, 99494074, car
yolo3-15, 99494074, car
yolo4-15, 08582343, car
yolo4-15, 55198431, car
yolo10-13, 08644057, car
yolo8-15, 08644057, car
yolo3-15, 08644057, car
yolo4-15, 61338909, car
yolo3-15, 09007930, car
yolo10-13, 09007930, car
yolo8-15, 09007930, car
yolo4-15, 98467205, car
yolo4-15, 95569672, car
yolo8-15, 66176040, car
yolo3-15, 66176040, car
yolo10-13, 66176040, car
yolo4-15, 05081578, car
yolo4-15, 99494074, car
yolo3-15, 61522883, person
yolo10-13, 61522883, person
yolo8-15, 61522883, person
yolo4-15, 08644057, car
yolo4-15, 09007930, car

========== Time: 21 ==========
yolo3-15, 79046409, car
yolo8-15, 79046409, car
yolo10-13, 79046409, car
yolo4-15, 66176040, car
yolo12-19, 08644057, car
yolo4-15, 61522883, person
yolo10-13, 48693296, sofa
yolo3-15, 48693296, sofa
yolo8-15, 48693296, sofa
yolo12-19, 09007930, car
yolo4-15, 79046409, car
yolo12-19, 66176040, car
yolo4-15, 48693296, sofa
yolo3-15, 56743711, car
yolo8-15, 56743711, car
yolo10-13, 56743711, car
yolo12-19, 61522883, person
yolo4-15, 56743711, car
yolo12-19, 79046409, car
yolo4-15, 08096353, car
yolo8-15, 08096353, car
yolo3-15, 08096353, car
yolo10-13, 08096353, car
yolo12-19, 48693296, sofa
yolo12-19, 56743711, car
yolo10-13, 08103165, car
yolo4-15, 08103165, car
yolo3-15, 08103165, car
yolo8-15, 08103165, car
yolo12-19, 08096353, car
yolo12-19, 08103165, car
yolo10-13, 37580434, car
yolo3-15, 37580434, car
yolo8-15, 37580434, car
yolo4-15, 37580434, car
yolo12-19, 37580434, car
yolo8-15, 57858337, car
yolo3-15, 57858337, car
yolo4-15, 57858337, car
yolo10-13, 57858337, car
yolo12-19, 57858337, car
yolo3-15, 68924122, car
yolo12-19, 68924122, car
yolo10-13, 68924122, car
yolo8-15, 68924122, car
yolo4-15, 68924122, car
yolo3-15, 29819157, car
yolo12-19, 29819157, car
yolo8-15, 29819157, car
yolo4-15, 29819157, car
yolo10-13, 29819157, car
yolo10-13, 28949178, car
yolo8-15, 28949178, car
yolo12-19, 28949178, car
yolo3-15, 28949178, car
yolo4-15, 28949178, car
yolo3-15, 98190263, car
yolo10-13, 98190263, car
yolo8-15, 98190263, car
yolo4-15, 98190263, car
yolo12-19, 98190263, car
yolo3-15, 72863990, car
yolo4-15, 72863990, car
yolo10-13, 72863990, car
yolo8-15, 72863990, car
yolo12-19, 72863990, car
yolo8-15, 37349067, car
yolo12-19, 37349067, car
yolo3-15, 37349067, car
yolo4-15, 37349067, car
yolo10-13, 37349067, car
yolo3-15, 77555652, car
yolo10-13, 77555652, car
yolo12-19, 77555652, car
yolo4-15, 77555652, car
yolo8-15, 77555652, car

========== Time: 22 ==========
yolo4-15, 88685646, car
yolo8-15, 88685646, car
yolo3-15, 88685646, car
yolo12-19, 88685646, car
yolo10-13, 88685646, car
yolo4-15, 30493093, car
yolo3-15, 30493093, car
yolo10-13, 30493093, car
yolo3-15, 72664063, car
yolo4-15, 72664063, car
yolo10-13, 72664063, car
yolo12-19, 30493093, car
yolo8-15, 30493093, car
yolo10-13, 02177601, car
yolo4-15, 02177601, car
yolo3-15, 02177601, car
yolo8-15, 72664063, car
yolo12-19, 72664063, car
yolo12-19, 02177601, car
yolo8-15, 02177601, car
yolo3-15, 58171472, car
yolo4-15, 58171472, car
yolo10-13, 58171472, car
yolo12-19, 58171472, car
yolo8-15, 58171472, car
yolo3-15, 74267102, car
yolo4-15, 74267102, car
yolo10-13, 74267102, car
yolo4-19, 74267102, car
yolo12-19, 74267102, car
yolo8-15, 74267102, car
yolo10-13, 11023403, car
yolo3-15, 11023403, car
yolo10-19, 11023403, car
yolo4-19, 11023403, car
yolo4-15, 11023403, car
yolo12-19, 11023403, car
yolo8-15, 11023403, car
yolo10-19, 61704349, sofa
yolo3-15, 61704349, sofa
yolo10-13, 61704349, sofa
yolo4-15, 61704349, sofa
yolo4-19, 61704349, sofa
yolo11-18, 08103165, car
yolo11-17, 08103165, car
yolo8-15, 61704349, sofa
yolo12-19, 61704349, sofa
yolo4-19, 41989593, car
yolo8-15, 41989593, car
yolo10-13, 41989593, car
yolo10-19, 41989593, car
yolo4-15, 41989593, car
yolo3-15, 41989593, car
yolo10-13, 95021898, sofa
yolo3-15, 95021898, sofa
yolo8-15, 95021898, sofa
yolo10-19, 95021898, sofa
yolo4-15, 95021898, sofa
yolo4-19, 95021898, sofa
yolo10-19, 05646363, car
yolo4-15, 05646363, car
yolo4-19, 05646363, car
yolo10-19, 64768250, sofa
yolo12-19, 41989593, car
yolo8-19, 64768250, sofa
yolo4-19, 64768250, sofa
yolo4-15, 64768250, sofa
yolo12-19, 95021898, sofa
yolo11-18, 37580434, car
yolo8-19, 60441397, car
yolo4-19, 60441397, car
yolo10-19, 60441397, car
yolo4-15, 60441397, car
yolo12-19, 05646363, car
yolo11-18, 57858337, car
yolo12-19, 64768250, sofa
yolo8-19, 02306107, train
yolo11-18, 68924122, car
yolo4-19, 02306107, train
yolo4-15, 02306107, train
yolo10-19, 02306107, train
yolo12-19, 60441397, car
yolo11-18, 29819157, car
yolo10-19, 79617063, train
yolo8-19, 79617063, train
yolo4-15, 79617063, train
yolo4-19, 79617063, train
yolo12-19, 02306107, train
yolo11-18, 28949178, car
yolo12-19, 79617063, train
yolo11-18, 98190263, car
yolo8-19, 04127017, train
yolo10-19, 04127017, train
yolo4-15, 04127017, train
yolo4-19, 04127017, train
yolo12-19, 04127017, train
yolo11-18, 72863990, car
yolo10-19, 02089725, train

========== Time: 23 ==========
yolo8-19, 02089725, train
yolo12-19, 02089725, train
yolo4-19, 02089725, train
yolo4-15, 02089725, train
yolo11-18, 37349067, car
yolo8-19, 80480838, train
yolo11-18, 77555652, car
yolo10-19, 80480838, train
yolo12-19, 80480838, train
yolo4-19, 80480838, train
yolo4-15, 80480838, train
yolo11-18, 88685646, car
yolo12-19, 22752698, car
yolo4-15, 22752698, car
yolo11-18, 30493093, car
yolo4-19, 22752698, car
yolo8-19, 22752698, car
yolo10-19, 22752698, car
yolo11-18, 72664063, car
yolo10-19, 84443898, aeroplane
yolo12-19, 84443898, aeroplane
yolo4-19, 84443898, aeroplane
yolo8-19, 84443898, aeroplane
yolo4-15, 84443898, aeroplane
yolo11-18, 02177601, car
yolo11-18, 58171472, car
yolo10-19, 04636280, car
yolo12-19, 04636280, car
yolo4-15, 04636280, car
yolo4-19, 04636280, car
yolo8-19, 04636280, car
yolo11-18, 74267102, car
yolo10-19, 32205952, car
yolo4-15, 32205952, car
yolo8-19, 32205952, car
yolo4-19, 32205952, car
yolo11-18, 11023403, car
yolo12-19, 32205952, car
yolo8-19, 96996226, aeroplane
yolo10-19, 96996226, aeroplane
yolo4-19, 96996226, aeroplane
yolo12-19, 96996226, aeroplane
yolo11-18, 61704349, sofa
yolo4-15, 96996226, aeroplane
yolo4-15, 76354552, boat
yolo12-19, 76354552, boat
yolo10-19, 76354552, boat
yolo4-19, 76354552, boat
yolo8-19, 76354552, boat
yolo11-18, 65455013, car
yolo4-19, 65455013, car
yolo8-19, 65455013, car
yolo4-15, 65455013, car
yolo12-19, 65455013, car
yolo10-19, 65455013, car
yolo4-15, 56733206, car
yolo10-19, 56733206, car
yolo12-19, 56733206, car
yolo4-19, 56733206, car
yolo8-19, 56733206, car
yolo11-18, 56733206, car
yolo4-19, 68518382, car
yolo4-15, 68518382, car
yolo8-19, 68518382, car
yolo12-19, 68518382, car
yolo11-18, 68518382, car
yolo10-19, 68518382, car
yolo10-19, 34788151, car
yolo11-18, 34788151, car
yolo8-19, 34788151, car
yolo12-19, 34788151, car
yolo4-19, 34788151, car
yolo4-15, 34788151, car
yolo4-15, 66302064, car
yolo12-19, 66302064, car
yolo4-19, 66302064, car
yolo11-18, 66302064, car
yolo8-19, 66302064, car
yolo10-19, 66302064, car
yolo11-18, 23242308, car
yolo4-15, 23242308, car
yolo12-19, 23242308, car
yolo4-19, 23242308, car
yolo10-19, 23242308, car
yolo8-19, 23242308, car
yolo4-15, 02051436, car
yolo11-18, 02051436, car
yolo12-19, 02051436, car
yolo4-19, 02051436, car
yolo10-19, 02051436, car
yolo8-19, 02051436, car

========== Time: 24 ==========
yolo4-19, 22878594, car
yolo4-15, 22878594, car
yolo8-19, 22878594, car
yolo12-19, 22878594, car
yolo11-18, 22878594, car
yolo10-19, 22878594, car
yolo11-18, 06763213, car
yolo12-19, 06763213, car
yolo4-19, 06763213, car
yolo8-19, 06763213, car
yolo10-19, 06763213, car
yolo4-15, 06763213, car
yolo8-19, 04374673, sofa
yolo4-19, 04374673, sofa
yolo4-15, 04374673, sofa
yolo12-19, 04374673, sofa
yolo11-18, 04374673, sofa
yolo10-19, 04374673, sofa
yolo4-15, 72068743, aeroplane
yolo4-19, 72068743, aeroplane
yolo8-19, 72068743, car
yolo11-18, 72068743, car
yolo10-19, 72068743, car
yolo12-19, 72068743, car
yolo4-15, 64753754, aeroplane
yolo11-18, 64753754, car
yolo4-19, 64753754, aeroplane
yolo8-19, 64753754, car
yolo12-19, 64753754, car
yolo10-19, 64753754, car
yolo11-18, 22317376, car
yolo8-19, 22317376, car
yolo4-15, 22317376, person
yolo4-19, 22317376, aeroplane
yolo12-19, 22317376, car
yolo10-19, 22317376, car
yolo4-19, 52099698, aeroplane
yolo8-19, 52099698, car
yolo12-19, 52099698, car
yolo4-15, 52099698, aeroplane
yolo11-18, 52099698, car
yolo10-19, 52099698, car
yolo4-19, 49969251, aeroplane
yolo4-15, 49969251, aeroplane
yolo8-19, 49969251, car
yolo12-19, 49969251, car
yolo11-18, 49969251, car
yolo10-19, 49969251, car
yolo8-19, 71962739, car
yolo4-19, 71962739, aeroplane
yolo11-18, 71962739, car
yolo4-15, 71962739, aeroplane
yolo12-19, 71962739, car
yolo10-19, 71962739, car
yolo4-15, 36420878, person
yolo12-19, 36420878, car
yolo11-18, 36420878, car
yolo4-19, 36420878, aeroplane
yolo8-19, 36420878, car
yolo10-19, 36420878, car
yolo11-18, 43651664, car
yolo4-15, 43651664, person
yolo12-19, 43651664, car
yolo10-19, 43651664, car
yolo4-19, 43651664, aeroplane
yolo8-19, 43651664, car
yolo4-19, 58169257, aeroplane
yolo4-15, 58169257, aeroplane
yolo8-19, 58169257, car
yolo12-19, 58169257, car
yolo11-18, 58169257, car
yolo10-19, 58169257, car
yolo11-18, 18893315, sofa
yolo4-15, 18893315, aeroplane
yolo8-19, 18893315, sofa
yolo10-19, 18893315, sofa
yolo12-19, 18893315, sofa
yolo4-19, 18893315, aeroplane
yolo4-19, 73126173, bottle
yolo4-15, 73126173, bottle
yolo10-19, 73126173, car
yolo11-18, 73126173, car
yolo8-19, 73126173, car
yolo12-19, 73126173, car
yolo4-15, 30242358, aeroplane
yolo8-19, 30242358, car
yolo11-18, 30242358, car
yolo12-19, 30242358, car
yolo10-19, 30242358, car
yolo4-19, 30242358, aeroplane
yolo8-19, 54014683, car
yolo4-19, 54014683, aeroplane
yolo4-15, 54014683, aeroplane
yolo11-18, 54014683, car
yolo10-19, 54014683, car
yolo12-19, 54014683, car

========== Time: 25 ==========
yolo4-19, 19298463, aeroplane
yolo8-19, 19298463, car
yolo11-18, 19298463, car
yolo10-19, 19298463, car
yolo4-15, 19298463, aeroplane
yolo12-19, 19298463, car
yolo12-19, 82149659, car
yolo4-19, 82149659, aeroplane
yolo8-19, 82149659, car
yolo11-18, 82149659, car
yolo4-15, 82149659, person
yolo10-19, 82149659, car
yolo4-15, 88318395, aeroplane
yolo4-19, 88318395, aeroplane
yolo12-19, 88318395, car
yolo8-19, 88318395, car
yolo11-18, 88318395, car
yolo10-19, 88318395, car
yolo12-19, 31441212, car
yolo11-18, 31441212, car
yolo10-19, 31441212, car
yolo8-19, 31441212, car
yolo4-15, 31441212, car
yolo4-19, 31441212, car
yolo12-19, 41815029, car
yolo4-15, 41815029, car
yolo11-18, 41815029, car
yolo8-19, 41815029, car
yolo10-19, 41815029, car
yolo4-19, 41815029, car
yolo8-19, 51683509, car
yolo11-18, 51683509, car
yolo12-19, 51683509, car
yolo4-15, 51683509, car
yolo4-19, 51683509, car
yolo10-19, 51683509, car
yolo10-19, 95465722, car
yolo8-19, 95465722, car
yolo11-18, 95465722, car
yolo12-19, 95465722, car
yolo4-19, 95465722, car
yolo4-15, 95465722, car
yolo12-19, 98707065, car
yolo10-19, 98707065, car
yolo11-18, 98707065, car
yolo8-19, 98707065, car
yolo4-19, 98707065, car
yolo12-19, 68463840, car
yolo11-18, 68463840, car
yolo8-19, 68463840, car
yolo10-19, 68463840, car
yolo4-19, 68463840, car
yolo10-19, 83320465, boat
yolo11-18, 83320465, boat
yolo12-19, 83320465, boat
yolo8-19, 83320465, boat
yolo4-19, 83320465, boat
yolo8-19, 54231281, car
yolo4-19, 54231281, car
yolo10-19, 54231281, car
yolo11-18, 54231281, car
yolo12-19, 54231281, car
yolo4-19, 82132043, car
yolo10-19, 82132043, car
yolo11-18, 82132043, car
yolo12-19, 82132043, car
yolo8-19, 82132043, car
yolo11-18, 35116784, car
yolo4-19, 35116784, car
yolo10-19, 35116784, car
yolo8-19, 35116784, car
yolo12-19, 35116784, car
yolo11-18, 35714768, car
yolo10-19, 35714768, car
yolo8-19, 35714768, car
yolo12-19, 35714768, car
yolo4-19, 35714768, car

========== Time: 26 ==========
yolo12-19, 49897541, person
yolo8-19, 49897541, person
yolo4-19, 49897541, person
yolo11-18, 49897541, person
yolo10-19, 49897541, person
yolo4-19, 21091970, car
yolo8-19, 21091970, car
yolo10-19, 21091970, car
yolo12-19, 21091970, car
yolo11-18, 21091970, car
yolo8-19, 98848772, car
yolo12-19, 98848772, car
yolo11-18, 98848772, car
yolo4-19, 98848772, car
yolo10-19, 98848772, car
yolo11-18, 33734149, car
yolo8-19, 33734149, car
yolo12-19, 33734149, car
yolo10-19, 33734149, car
yolo4-19, 33734149, car
yolo11-18, 96625882, sofa
yolo10-19, 96625882, sofa
yolo4-19, 96625882, sofa
yolo8-19, 96625882, sofa
yolo12-19, 96625882, sofa
yolo11-18, 70536365, car
yolo8-19, 70536365, car
yolo12-19, 70536365, car
yolo10-19, 70536365, car
yolo4-19, 70536365, car
yolo11-18, 26363192, boat
yolo4-19, 26363192, boat
yolo8-19, 26363192, boat
yolo10-19, 26363192, boat
yolo10-19, 47473703, aeroplane
yolo8-19, 47473703, aeroplane
yolo12-19, 26363192, boat
yolo4-19, 47473703, aeroplane
yolo11-18, 47473703, aeroplane
yolo10-19, 15520104, sofa
yolo4-19, 15520104, sofa
yolo11-18, 15520104, sofa
yolo10-19, 74065784, train
yolo4-19, 74065784, train
yolo11-18, 74065784, train
yolo11-18, 12210549, car
yolo4-19, 12210549, car
yolo10-19, 12210549, car
yolo4-19, 22568247, car
yolo11-18, 22568247, car
yolo10-19, 22568247, car
yolo12-19, 47473703, aeroplane
yolo12-19, 15520104, sofa
yolo11-18, 17191850, sofa
yolo10-19, 17191850, sofa
yolo4-19, 17191850, sofa
yolo12-19, 74065784, train
yolo12-19, 12210549, car
yolo10-19, 05559199, car
yolo11-18, 05559199, car
yolo12-19, 22568247, car
yolo4-19, 05559199, car
yolo12-19, 17191850, sofa
yolo11-18, 29929449, car
yolo10-19, 29929449, car
yolo4-19, 29929449, car
yolo12-19, 05559199, car
yolo12-19, 29929449, car
yolo11-18, 30447416, car
yolo4-19, 30447416, car
yolo10-19, 30447416, car
yolo12-19, 30447416, car
yolo11-18, 68496297, car
yolo4-19, 68496297, car
yolo10-19, 68496297, car
yolo12-19, 68496297, car
yolo12-19, 94489757, car
yolo4-19, 94489757, car
yolo11-18, 94489757, car
yolo10-19, 94489757, car
yolo11-18, 86931295, bottle
yolo4-19, 86931295, bottle
yolo10-19, 86931295, bottle
yolo12-19, 86931295, bottle
yolo11-18, 36590356, car
yolo12-19, 36590356, car
yolo10-19, 36590356, car
yolo4-19, 36590356, car
yolo11-18, 58866534, car
yolo12-19, 58866534, car
yolo10-19, 58866534, car
yolo4-19, 58866534, car
yolo10-19, 62199666, bottle
yolo12-19, 62199666, bottle
yolo11-18, 62199666, bottle
yolo4-19, 62199666, bottle
yolo12-19, 78240625, car
yolo10-19, 78240625, car
yolo11-18, 78240625, car
yolo4-19, 78240625, car
yolo8-23, 78240625, car
yolo10-19, 89979186, car
yolo11-18, 89979186, car
yolo4-19, 89979186, car
yolo8-23, 89979186, car
yolo12-19, 89979186, car
yolo11-18, 83591584, car
yolo12-19, 83591584, car
yolo8-23, 83591584, car
yolo4-19, 83591584, car
yolo10-19, 83591584, car
yolo8-23, 56042321, car
yolo11-18, 56042321, car
yolo12-19, 56042321, car
yolo4-19, 56042321, car
yolo10-19, 56042321, car
yolo8-23, 92722068, boat
yolo4-19, 92722068, boat
yolo11-18, 92722068, boat
yolo12-19, 92722068, boat
yolo10-19, 92722068, boat
yolo8-26, 92722068, boat
yolo12-19, 91735689, car
yolo8-26, 91735689, car
yolo11-18, 91735689, car
yolo8-23, 91735689, car
yolo4-19, 91735689, car
yolo10-19, 91735689, car
yolo8-26, 73124632, car
yolo12-19, 73124632, car
yolo8-23, 73124632, car
yolo8-26, 62484148, car
yolo8-23, 62484148, car
yolo4-19, 73124632, car
yolo10-19, 73124632, car
yolo12-19, 62484148, car
yolo11-18, 73124632, car
yolo8-23, 65774250, car
yolo8-26, 65774250, car
yolo12-19, 65774250, car
yolo10-19, 62484148, car
yolo8-26, 51430032, car
yolo8-23, 51430032, car
yolo4-19, 62484148, car
yolo12-19, 51430032, car
yolo10-19, 65774250, car
yolo8-23, 52774070, car
yolo8-26, 52774070, car
yolo12-19, 52774070, car
yolo10-19, 51430032, car
yolo4-19, 65774250, car
yolo11-18, 62484148, car
yolo12-19, 84113209, car
yolo8-26, 84113209, car
yolo8-23, 84113209, car
yolo10-19, 52774070, car
yolo11-18, 65774250, car
yolo4-19, 51430032, car
yolo12-19, 61996523, car
yolo8-26, 61996523, car
yolo8-23, 61996523, car
yolo11-18, 51430032, car
yolo4-19, 52774070, car
yolo10-19, 84113209, car
yolo12-19, 62385845, sofa
yolo11-18, 52774070, car
yolo8-23, 62385845, sofa
yolo8-26, 62385845, sofa
yolo10-19, 61996523, car
yolo4-19, 84113209, car
yolo10-19, 62385845, sofa
yolo8-26, 46363731, car
yolo12-19, 46363731, car
yolo11-18, 84113209, car
yolo8-23, 46363731, car
yolo10-19, 46363731, car
yolo4-19, 61996523, car
yolo11-18, 61996523, car
yolo8-26, 69517465, car
yolo12-19, 69517465, car
yolo11-18, 62385845, sofa
yolo8-23, 69517465, car
yolo4-19, 62385845, sofa
yolo10-19, 69517465, car
yolo11-18, 46363731, car
yolo11-18, 69517465, car
yolo4-19, 46363731, car
yolo11-18, 57617111, car
yolo11-18, 03728428, car
yolo8-26, 57617111, car
yolo8-23, 57617111, car
yolo4-19, 69517465, car
yolo11-18, 49750240, car
yolo4-19, 57617111, car
yolo11-18, 42333335, car
yolo4-19, 03728428, car
yolo11-18, 70290543, car
yolo4-19, 49750240, car
yolo12-19, 57617111, car

========== Time: 27 ==========
yolo11-18, 19482526, car
yolo4-19, 42333335, car
yolo8-23, 03728428, car
yolo8-26, 03728428, car
yolo4-19, 70290543, car
yolo11-18, 69295959, bottle
yolo8-26, 49750240, car
yolo8-23, 49750240, car
yolo8-23, 42333335, car
yolo8-26, 42333335, car
yolo11-18, 92436108, car
yolo8-23, 70290543, car

========== Time: 28 ==========
yolo8-26, 70290543, car
yolo8-23, 19482526, car
yolo8-26, 19482526, car
yolo8-23, 69295959, bottle
yolo8-26, 69295959, bottle
yolo8-23, 92436108, car
yolo8-23, 62503967, car
yolo8-26, 92436108, car
yolo3-22, 69517465, car
yolo8-26, 62503967, car
yolo8-23, 10575365, car
yolo8-23, 82992384, car
yolo8-26, 10575365, car
yolo10-19, 57617111, car
yolo8-23, 64046648, car
yolo8-26, 82992384, car
yolo8-23, 94759695, car
yolo4-19, 19482526, car
yolo8-26, 64046648, car
yolo8-23, 50230242, car
yolo8-23, 53636824, car
yolo8-26, 94759695, car
yolo8-23, 31957844, car
yolo8-26, 50230242, car
yolo10-19, 03728428, car
yolo8-26, 53636824, car
yolo8-23, 92586488, car
yolo3-22, 57617111, car
yolo8-23, 98870294, car
yolo8-26, 31957844, car
yolo8-23, 54833096, boat
yolo8-26, 92586488, car
yolo4-19, 69295959, bottle
yolo8-26, 98870294, car
yolo8-23, 53633870, car
yolo4-19, 92436108, car
yolo8-23, 35992522, car
yolo8-26, 54833096, boat
yolo4-19, 62503967, car
yolo8-23, 67533830, car
yolo4-19, 10575365, car
yolo8-26, 53633870, car
yolo8-23, 49343866, car
yolo8-26, 35992522, car
yolo4-19, 82992384, car
yolo8-26, 67533830, car
yolo8-23, 72154770, car
yolo4-19, 64046648, car
yolo8-26, 49343866, car
yolo4-19, 94759695, car
yolo8-23, 92737425, car
yolo8-26, 72154770, car
yolo4-19, 50230242, car
yolo8-23, 90890610, car
yolo4-19, 53636824, car
yolo8-26, 92737425, car
yolo4-19, 31957844, car
yolo8-26, 90890610, car
yolo8-23, 53420702, boat
yolo8-26, 53420702, boat
yolo4-19, 92586488, car

========== Time: 29 ==========
yolo8-26, 67872031, car
yolo8-23, 67872031, car
yolo4-19, 98870294, car
yolo4-19, 54833096, boat
yolo8-23, 79372815, car
yolo8-26, 79372815, car
yolo4-19, 53633870, car
yolo4-19, 35992522, car
yolo8-26, 08408845, car
yolo8-23, 08408845, car
yolo12-19, 03728428, car
yolo4-19, 67533830, car
yolo8-26, 52144079, car
yolo8-23, 52144079, car
yolo4-19, 49343866, car
yolo4-19, 72154770, car
yolo8-23, 23566362, car
yolo8-26, 23566362, car
yolo4-19, 92737425, car
yolo12-19, 49750240, car
yolo4-19, 90890610, car
yolo8-23, 26069799, car
yolo8-26, 26069799, car
yolo12-19, 42333335, car
yolo4-19, 53420702, boat
yolo4-19, 67872031, car
yolo8-23, 95233227, car
yolo8-26, 95233227, car
yolo4-19, 79372815, car
yolo12-19, 70290543, car
yolo4-19, 08408845, car
yolo12-19, 19482526, car
yolo8-23, 20344357, car
yolo8-26, 20344357, car
yolo4-19, 52144079, car
yolo12-19, 69295959, bottle
yolo8-23, 55189312, car
yolo8-26, 55189312, car
yolo12-19, 92436108, car
yolo12-19, 62503967, car
yolo8-23, 61040631, car
yolo8-26, 61040631, car
yolo8-23, 10627467, car
yolo12-19, 10575365, car
yolo8-26, 10627467, car
yolo12-19, 86552830, car
yolo8-23, 86552830, car
yolo8-26, 86552830, car
yolo8-26, 74375153, car
yolo12-19, 74375153, car
yolo8-23, 74375153, car

========== Time: 30 ==========
yolo12-19, 50367963, car
yolo8-23, 50367963, car
yolo8-26, 50367963, car
yolo8-26, 33438896, car
yolo8-23, 33438896, car
yolo12-19, 33438896, car
yolo8-26, 38191724, car
yolo8-23, 38191724, car
yolo12-19, 38191724, car
yolo12-19, 13136365, car
yolo8-23, 13136365, car
yolo8-26, 13136365, car
yolo8-26, 72353279, sofa
yolo12-19, 72353279, sofa
yolo8-23, 72353279, sofa
yolo8-23, 73721318, car
yolo8-26, 73721318, car
yolo12-19, 73721318, car
yolo12-19, 35320366, car
yolo8-23, 35320366, car
yolo8-26, 35320366, car
yolo12-19, 73082230, car
yolo8-23, 73082230, car
yolo8-26, 73082230, car
yolo12-19, 71036831, train
yolo8-26, 71036831, train
yolo8-23, 71036831, train
yolo8-26, 52814636, car
yolo12-19, 52814636, car
yolo8-23, 52814636, car
yolo8-23, 52138497, car
yolo12-19, 52138497, car
yolo8-26, 52138497, car
yolo8-23, 98487813, car
yolo12-19, 98487813, car
yolo8-26, 98487813, car
yolo8-23, 90619321, car
yolo8-26, 90619321, car
yolo12-19, 90619321, car
yolo8-26, 11026698, car
yolo8-23, 11026698, car
yolo12-19, 11026698, car
yolo12-19, 61628645, car
yolo8-26, 61628645, car
yolo8-23, 61628645, car
yolo12-19, 31852773, car
yolo8-26, 31852773, car
yolo8-23, 31852773, car
yolo12-19, 83846761, car
yolo8-23, 83846761, car
yolo8-26, 83846761, car
yolo2-22, 86552830, car
yolo8-26, 22016350, car
yolo8-23, 22016350, car
yolo12-19, 22016350, car
yolo2-22, 74375153, car
yolo2-22, 50367963, car
yolo8-23, 15757080, car
yolo8-26, 15757080, car
yolo12-19, 15757080, car
yolo2-22, 33438896, car
yolo2-22, 38191724, car
yolo8-26, 58951114, car
yolo8-23, 58951114, car
yolo12-19, 58951114, car
yolo2-22, 13136365, car
yolo12-19, 45667008, boat
yolo8-26, 45667008, boat
yolo8-23, 45667008, boat
yolo2-22, 72353279, sofa
yolo2-22, 73721318, car
yolo2-22, 35320366, car
yolo8-23, 31259406, car
yolo8-26, 31259406, car
yolo2-22, 73082230, car
yolo8-23, 93740925, car
yolo2-22, 71036831, train
yolo8-26, 93740925, car
yolo2-22, 52814636, car
yolo8-23, 44320799, car
yolo2-22, 52138497, car
yolo8-26, 44320799, car
yolo2-22, 98487813, car
yolo2-22, 90619321, car
yolo8-26, 82765455, car
yolo8-23, 82765455, car
yolo2-22, 11026698, car
yolo8-23, 74219882, car
yolo8-26, 74219882, car
yolo2-22, 61628645, car
yolo2-22, 31852773, car
yolo8-23, 68771011, car
yolo8-26, 68771011, car
yolo2-22, 83846761, car
yolo2-22, 22016350, car
yolo8-23, 55698976, car
yolo8-26, 55698976, car
yolo2-22, 15757080, car
yolo2-22, 58951114, car
yolo8-23, 45436600, car
yolo8-26, 45436600, car
yolo2-22, 45667008, boat
yolo2-22, 31259406, car
yolo8-26, 74954504, car
yolo8-23, 74954504, car
yolo2-22, 93740925, car
yolo2-22, 44320799, car
yolo8-23, 46599487, car
yolo8-26, 46599487, car
yolo2-22, 82765455, car
yolo2-22, 74219882, car
yolo8-26, 36818835, car
yolo8-23, 36818835, car
yolo2-22, 68771011, car
yolo2-22, 55698976, car
yolo8-23, 33577331, car
yolo8-26, 33577331, car
yolo2-22, 45436600, car
yolo2-22, 74954504, car
yolo8-26, 58367504, car
yolo8-23, 58367504, car
yolo2-22, 46599487, car
yolo2-22, 36818835, car
yolo8-26, 20082975, car
yolo8-23, 20082975, car
yolo2-22, 33577331, car
yolo2-22, 58367504, car
yolo2-22, 20082975, car
yolo8-26, 87290844, car
yolo8-23, 87290844, car
yolo2-22, 87290844, car
yolo8-26, 74971604, car
yolo2-22, 74971604, car
yolo8-23, 74971604, car
yolo8-26, 07350970, car
yolo2-22, 07350970, car
yolo8-23, 07350970, car
yolo8-26, 69665751, car
yolo8-23, 69665751, car
yolo2-22, 69665751, car
yolo2-22, 35396408, car
yolo8-26, 35396408, car
yolo8-23, 35396408, car
yolo6-23, 74219882, car
yolo8-23, 29581161, car
yolo8-26, 29581161, car
yolo2-22, 29581161, car
yolo6-23, 68771011, car
yolo5-24, 45436600, car
yolo6-23, 55698976, car
yolo5-24, 74954504, car
yolo8-23, 01125152, car
yolo2-22, 01125152, car
yolo8-26, 01125152, car
yolo6-23, 45436600, car
yolo5-24, 46599487, car
yolo6-23, 74954504, car
yolo5-24, 36818835, car
yolo8-26, 52877535, car
yolo6-23, 46599487, car
yolo2-22, 52877535, car
yolo8-23, 52877535, car
yolo5-24, 33577331, car
yolo6-23, 36818835, car
yolo5-24, 58367504, car
yolo8-23, 90269975, car
yolo8-26, 90269975, car
yolo2-22, 90269975, car
yolo6-23, 33577331, car
yolo5-24, 20082975, car
yolo1-28, 45436600, car
yolo1-26, 93740925, car
yolo6-23, 58367504, car
yolo5-24, 87290844, car
yolo1-26, 44320799, car
yolo1-28, 74954504, car
yolo2-22, 43334161, car
yolo8-26, 43334161, car
yolo8-23, 43334161, car
yolo6-23, 20082975, car
yolo5-24, 74971604, car
yolo1-28, 46599487, car
yolo1-26, 82765455, car
yolo5-24, 07350970, car
yolo6-23, 87290844, car
yolo1-28, 36818835, car
yolo1-26, 74219882, car
yolo2-22, 66574684, car
yolo8-26, 66574684, car
yolo8-23, 66574684, car
yolo5-24, 69665751, car
yolo2-28, 66574684, car
yolo6-23, 74971604, car
yolo1-26, 68771011, car
yolo1-28, 33577331, car
yolo5-24, 35396408, car
yolo6-23, 07350970, car
yolo1-26, 55698976, car
yolo1-28, 58367504, car
yolo2-22, 00561878, car
yolo8-26, 00561878, car
yolo2-28, 00561878, car
yolo8-23, 00561878, car
yolo6-23, 69665751, car
yolo5-24, 29581161, car
yolo1-26, 45436600, car
yolo1-28, 20082975, car
yolo6-23, 35396408, car
yolo5-24, 01125152, car
yolo1-28, 87290844, car
yolo1-26, 74954504, car
yolo8-26, 99556582, car
yolo8-23, 99556582, car
yolo2-28, 99556582, car
yolo2-22, 99556582, car
yolo6-23, 29581161, car
yolo5-24, 52877535, car
yolo1-28, 74971604, car
yolo1-26, 46599487, car
yolo5-24, 90269975, car
yolo6-23, 01125152, car
yolo1-26, 36818835, car
yolo1-28, 07350970, car
yolo2-28, 45987451, car
yolo8-26, 45987451, car
yolo8-23, 45987451, car
yolo5-24, 43334161, car
yolo2-22, 45987451, car
yolo6-23, 52877535, car
yolo1-28, 69665751, car
yolo1-26, 33577331, car
yolo5-24, 66574684, car
yolo6-23, 90269975, car
yolo1-28, 35396408, car
yolo1-26, 58367504, car
yolo2-22, 87526411, car
yolo8-26, 87526411, car
yolo2-28, 87526411, car
yolo8-23, 87526411, car
yolo6-23, 43334161, car
yolo5-24, 00561878, car
yolo1-26, 20082975, car
yolo1-28, 29581161, car
yolo5-24, 99556582, car
yolo6-23, 66574684, car
yolo1-28, 01125152, car
yolo1-26, 87290844, car
yolo2-28, 60938482, car
yolo2-22, 60938482, car
yolo8-26, 60938482, car
yolo8-23, 60938482, car
yolo6-23, 00561878, car
yolo5-24, 45987451, car
yolo1-26, 74971604, car
yolo1-28, 52877535, car
yolo5-24, 87526411, car
yolo6-23, 99556582, car
yolo1-28, 90269975, car
yolo1-26, 07350970, car
yolo8-23, 07593055, aeroplane
yolo2-22, 07593055, aeroplane
yolo8-26, 07593055, aeroplane
yolo2-28, 07593055, aeroplane
yolo5-24, 60938482, car
yolo6-23, 45987451, car
yolo1-28, 43334161, car
yolo1-26, 69665751, car
yolo5-24, 07593055, aeroplane
yolo6-23, 87526411, car
yolo1-28, 66574684, car
yolo1-26, 35396408, car
yolo2-28, 64253248, car
yolo8-23, 64253248, car
yolo2-22, 64253248, car
yolo8-26, 64253248, car
yolo5-24, 64253248, car
yolo6-23, 60938482, car
yolo1-28, 00561878, car
yolo1-26, 29581161, car
yolo6-23, 07593055, aeroplane
yolo1-28, 99556582, car
yolo1-26, 01125152, car
yolo8-26, 36818021, car
yolo8-23, 36818021, car
yolo2-22, 36818021, car
yolo2-28, 36818021, car
yolo5-24, 36818021, car
yolo6-23, 64253248, car
yolo1-28, 45987451, car
yolo1-26, 52877535, car
yolo6-23, 36818021, car
yolo1-28, 87526411, car
yolo1-26, 90269975, car
yolo5-24, 41848578, car
yolo2-22, 41848578, car
yolo2-28, 41848578, car
yolo8-26, 41848578, car
yolo8-23, 41848578, car
yolo6-23, 41848578, car
yolo1-28, 60938482, car
yolo1-26, 43334161, car
yolo1-28, 07593055, aeroplane
yolo2-22, 25273685, car
yolo1-26, 66574684, car
yolo2-28, 25273685, car
yolo5-24, 25273685, car
yolo8-23, 25273685, car
yolo8-26, 25273685, car
yolo6-23, 25273685, car
yolo3-28, 36818021, car
yolo1-28, 64253248, car
yolo1-26, 00561878, car
yolo3-28, 41848578, car
yolo1-28, 36818021, car
yolo5-24, 23855007, car
yolo2-28, 23855007, car
yolo8-26, 23855007, car
yolo2-22, 23855007, car
yolo8-23, 23855007, car
yolo6-23, 23855007, car
yolo1-26, 99556582, car
yolo3-28, 25273685, car
yolo1-28, 41848578, car
yolo1-26, 45987451, car
yolo3-28, 23855007, car
yolo1-28, 25273685, car
yolo2-28, 50169778, car
yolo2-22, 50169778, car
yolo8-23, 50169778, car
yolo6-23, 50169778, car
yolo5-24, 50169778, car
yolo8-26, 50169778, car
yolo1-26, 87526411, car
yolo3-28, 50169778, car
yolo1-28, 23855007, car
yolo1-26, 60938482, car
yolo1-28, 50169778, car
yolo2-28, 26076147, car
yolo3-28, 26076147, car
yolo5-24, 26076147, car
yolo8-26, 26076147, car
yolo6-23, 26076147, car
yolo2-22, 26076147, car
yolo8-23, 26076147, car
yolo1-26, 07593055, aeroplane
yolo1-28, 26076147, car
yolo1-26, 64253248, car
yolo2-22, 79084453, car
yolo2-28, 79084453, car
yolo1-28, 79084453, car
yolo1-26, 36818021, car
yolo8-26, 79084453, car
yolo8-23, 79084453, car
yolo2-22, 77607670, car
yolo2-28, 77607670, car
yolo4-29, 26076147, car
yolo1-28, 77607670, car
yolo8-23, 77607670, car
yolo8-26, 77607670, car
yolo1-26, 41848578, car
yolo5-24, 79084453, car
yolo4-29, 79084453, car
yolo6-23, 79084453, car
yolo1-26, 25273685, car
yolo1-28, 21310625, car
yolo8-26, 21310625, car
yolo2-22, 21310625, car
yolo2-28, 21310625, car
yolo8-23, 21310625, car
yolo4-29, 77607670, car
yolo1-26, 23855007, car
yolo5-24, 77607670, car
yolo3-28, 79084453, car
yolo6-23, 77607670, car
yolo4-29, 21310625, car
yolo1-28, 28642101, car
yolo1-26, 50169778, car
yolo2-22, 28642101, car
yolo8-23, 28642101, car
yolo5-24, 21310625, car
yolo2-28, 28642101, car
yolo8-26, 28642101, car
yolo3-28, 77607670, car
yolo4-29, 28642101, car
yolo6-23, 21310625, car
yolo1-26, 26076147, car
yolo5-24, 28642101, car
yolo12-28, 79084453, car
yolo3-28, 21310625, car
yolo6-23, 28642101, car
yolo2-22, 18186288, car
yolo2-28, 18186288, car
yolo1-28, 18186288, car
yolo8-26, 18186288, car
yolo4-29, 18186288, car
yolo8-23, 18186288, car
yolo1-26, 79084453, car
yolo12-28, 77607670, car
yolo5-24, 18186288, car
yolo3-28, 28642101, car
yolo6-23, 18186288, car
yolo1-26, 77607670, car
yolo12-28, 21310625, car
yolo5-24, 84416559, car
yolo3-28, 18186288, car
yolo4-29, 84416559, car
yolo2-22, 84416559, car
yolo2-28, 84416559, car
yolo8-26, 84416559, car
yolo8-23, 84416559, car
yolo1-28, 84416559, car
yolo6-23, 84416559, car
yolo1-26, 21310625, car
yolo12-28, 28642101, car
yolo3-28, 84416559, car
yolo2-22, 74630428, car
yolo4-29, 74630428, car
yolo5-24, 74630428, car
yolo1-26, 28642101, car
yolo8-26, 74630428, car
yolo8-23, 74630428, car
yolo6-23, 74630428, car
yolo2-28, 74630428, car
yolo1-28, 74630428, car
yolo12-28, 18186288, car
yolo3-28, 74630428, car
yolo1-26, 18186288, car
yolo12-28, 84416559, car
yolo2-28, 49331068, car
yolo2-22, 49331068, car
yolo6-23, 49331068, car
yolo4-29, 49331068, car
yolo5-24, 49331068, car
yolo8-26, 49331068, car
yolo8-23, 49331068, car
yolo3-28, 49331068, car
yolo1-28, 49331068, car
yolo1-26, 84416559, car
yolo12-28, 74630428, car
yolo5-24, 29181157, car
yolo2-28, 29181157, car
yolo4-29, 29181157, car
yolo2-22, 29181157, car
yolo3-28, 29181157, car
yolo8-23, 29181157, car
yolo6-23, 29181157, car
yolo8-26, 29181157, car
yolo1-28, 29181157, car
yolo1-26, 74630428, car
yolo12-28, 49331068, car
yolo1-26, 49331068, car
yolo2-22, 30396116, boat
yolo3-28, 30396116, boat
yolo2-28, 30396116, boat
yolo12-28, 29181157, car
yolo5-24, 30396116, boat
yolo6-23, 30396116, boat
yolo1-28, 30396116, boat
yolo8-26, 30396116, boat
yolo4-29, 30396116, boat
yolo8-23, 30396116, boat
yolo1-26, 29181157, car
yolo12-28, 30396116, boat
yolo5-24, 86863152, car
yolo2-28, 86863152, car
yolo3-28, 86863152, car
yolo4-29, 86863152, car
yolo8-26, 86863152, car
yolo1-28, 86863152, car
yolo8-23, 86863152, car
yolo2-22, 86863152, car
yolo6-23, 86863152, car
yolo12-28, 86863152, car
yolo1-26, 30396116, boat
yolo1-26, 86863152, car
yolo12-28, 00137952, car
yolo6-23, 00137952, car
yolo5-24, 00137952, car
yolo2-22, 00137952, car
yolo4-29, 00137952, car
yolo8-23, 00137952, car
yolo3-28, 00137952, car
yolo2-28, 00137952, car
yolo1-28, 00137952, car
yolo8-26, 00137952, car
yolo1-26, 00137952, car
yolo2-22, 32520210, car
yolo4-29, 32520210, car
yolo6-23, 32520210, car
yolo5-24, 32520210, car
yolo12-28, 32520210, car
yolo8-23, 32520210, car
yolo8-26, 32520210, car
yolo3-28, 32520210, car
yolo1-28, 32520210, car
yolo2-28, 32520210, car
yolo1-26, 32520210, car
yolo1-26, 35246661, car
yolo3-28, 35246661, car
yolo6-23, 35246661, car
yolo2-22, 35246661, car
yolo5-24, 35246661, car
yolo2-28, 35246661, car
yolo8-23, 35246661, car
yolo12-28, 35246661, car
yolo4-29, 35246661, car
yolo8-26, 35246661, car
yolo1-28, 35246661, car
yolo2-28, 77873392, car
yolo6-23, 77873392, car
yolo5-24, 77873392, car
yolo1-26, 77873392, car
yolo8-23, 77873392, car
yolo3-28, 77873392, car
yolo2-22, 77873392, car
yolo4-29, 77873392, car
yolo12-28, 77873392, car
yolo1-28, 77873392, car
yolo8-26, 77873392, car
yolo12-28, 91339569, car
yolo2-22, 91339569, car
yolo1-28, 91339569, car
yolo2-28, 91339569, car
yolo1-26, 91339569, car
yolo6-23, 91339569, car
yolo4-29, 91339569, car
yolo8-23, 91339569, car
yolo5-24, 91339569, car
yolo8-26, 91339569, car
yolo3-28, 91339569, car
yolo2-22, 38573615, car
yolo4-29, 38573615, car
yolo1-26, 38573615, car
yolo1-28, 38573615, car
yolo12-28, 38573615, car
yolo8-23, 38573615, car
yolo2-28, 38573615, car
yolo6-23, 38573615, car
yolo5-24, 38573615, car
yolo8-26, 38573615, car
yolo3-28, 38573615, car
yolo1-26, 04330570, car
yolo1-28, 04330570, car
yolo5-24, 04330570, car
yolo2-22, 04330570, car
yolo12-28, 04330570, car
yolo2-28, 04330570, car
yolo8-23, 04330570, car
yolo3-28, 04330570, car
yolo6-23, 04330570, car
yolo8-26, 04330570, car
yolo4-29, 04330570, car
yolo1-26, 49002312, car
yolo1-28, 49002312, car
yolo2-22, 49002312, car
yolo12-28, 49002312, car
yolo5-24, 49002312, car
yolo8-26, 49002312, car
yolo8-23, 49002312, car
yolo2-28, 49002312, car
yolo3-28, 49002312, car
yolo6-23, 49002312, car
yolo4-29, 49002312, car
yolo2-28, 72057022, car
yolo1-26, 72057022, car
yolo1-28, 72057022, car
yolo4-29, 72057022, car
yolo3-28, 72057022, car
yolo6-23, 72057022, car
yolo8-23, 72057022, car
yolo2-22, 72057022, car
yolo5-24, 72057022, car
yolo12-28, 72057022, car
yolo8-26, 72057022, car
yolo6-23, 46928293, car
yolo4-29, 46928293, car
yolo1-26, 46928293, car
yolo8-23, 46928293, car
yolo2-22, 46928293, car
yolo1-28, 46928293, car
yolo5-24, 46928293, car
yolo3-28, 46928293, car
yolo2-28, 46928293, car
yolo8-26, 46928293, car
yolo12-28, 46928293, car
yolo5-24, 97045197, car
yolo1-26, 97045197, car
yolo2-28, 97045197, car
yolo4-29, 97045197, car
yolo8-26, 97045197, car
yolo8-23, 97045197, car
yolo12-28, 97045197, car
yolo1-28, 97045197, car
yolo3-28, 97045197, car
yolo2-22, 97045197, car
yolo6-23, 97045197, car
yolo8-23, 34447037, car
yolo8-26, 34447037, car
yolo12-28, 34447037, car
yolo4-29, 34447037, car
yolo5-24, 34447037, car
yolo2-28, 34447037, car
yolo1-26, 34447037, car
yolo6-23, 34447037, car
yolo1-28, 34447037, car
yolo3-28, 34447037, car
yolo2-22, 34447037, car
yolo6-23, 49698193, car
yolo1-26, 49698193, car
yolo12-28, 49698193, car
yolo2-28, 49698193, car
yolo8-23, 49698193, car
yolo1-28, 49698193, car
yolo5-24, 49698193, car
yolo4-29, 49698193, car
yolo3-28, 49698193, car
yolo8-26, 49698193, car
yolo2-22, 49698193, car
yolo1-26, 06688556, aeroplane
yolo12-28, 06688556, aeroplane
yolo2-28, 06688556, aeroplane
yolo6-23, 06688556, aeroplane
yolo8-23, 06688556, aeroplane
yolo1-28, 06688556, aeroplane
yolo5-24, 06688556, aeroplane
yolo3-28, 06688556, aeroplane
yolo4-29, 06688556, aeroplane
yolo2-22, 06688556, aeroplane
yolo8-26, 06688556, aeroplane
yolo2-28, 57366165, car
yolo1-28, 57366165, car
yolo3-28, 57366165, car
yolo1-26, 57366165, car
yolo4-29, 57366165, car
yolo6-23, 57366165, car
yolo8-26, 57366165, car
yolo5-24, 57366165, car
yolo12-28, 57366165, car
yolo2-22, 57366165, car
yolo8-23, 57366165, car
yolo1-26, 41291048, car
yolo3-28, 41291048, car
yolo2-28, 41291048, car
yolo12-28, 41291048, car
yolo8-26, 41291048, car
yolo1-28, 41291048, car
yolo4-29, 41291048, car
yolo6-23, 41291048, car
yolo5-24, 41291048, car
yolo8-23, 41291048, car
yolo2-22, 41291048, car
yolo1-28, 52988453, car
yolo2-28, 52988453, car
yolo4-29, 52988453, car
yolo5-24, 52988453, car
yolo3-28, 52988453, car
yolo2-22, 52988453, car
yolo1-26, 52988453, car
yolo8-23, 52988453, car
yolo12-28, 52988453, car
yolo6-23, 52988453, car
yolo8-26, 52988453, car
yolo1-28, 36827717, train
yolo5-24, 36827717, train
yolo12-28, 36827717, train
yolo8-23, 36827717, train
yolo3-28, 36827717, train
yolo2-22, 36827717, train
yolo2-28, 36827717, train
yolo1-26, 36827717, train
yolo4-29, 36827717, train
yolo8-26, 36827717, train
yolo6-23, 36827717, train
yolo3-28, 63472220, car
yolo1-26, 63472220, car
yolo2-22, 63472220, car
yolo5-24, 63472220, car
yolo1-28, 63472220, car
yolo8-23, 63472220, car
yolo12-28, 63472220, car
yolo4-29, 63472220, car
yolo2-28, 63472220, car
yolo6-23, 63472220, car
yolo8-26, 63472220, car
yolo1-28, 08715023, aeroplane
yolo1-26, 08715023, aeroplane
yolo4-29, 08715023, aeroplane
yolo3-28, 08715023, aeroplane
yolo6-23, 08715023, aeroplane
yolo8-23, 08715023, aeroplane
yolo8-26, 08715023, aeroplane
yolo12-28, 08715023, aeroplane
yolo5-24, 08715023, aeroplane
yolo2-22, 08715023, aeroplane
yolo2-28, 08715023, aeroplane
yolo1-26, 55021070, car
yolo2-22, 55021070, car
yolo5-24, 55021070, car
yolo2-28, 55021070, car
yolo8-23, 55021070, car
yolo3-28, 55021070, car
yolo6-23, 55021070, car
yolo4-29, 55021070, car
yolo1-28, 55021070, car
yolo12-28, 55021070, car
yolo8-26, 55021070, car
yolo1-28, 01763748, train
yolo3-28, 01763748, train
yolo2-22, 01763748, train
yolo12-28, 01763748, train
yolo4-29, 01763748, train
yolo1-26, 01763748, train
yolo5-24, 01763748, train
yolo8-26, 01763748, train
yolo2-28, 01763748, train
yolo8-23, 01763748, train
yolo6-23, 01763748, train
yolo5-24, 65664428, sofa
yolo1-28, 65664428, sofa
yolo2-28, 65664428, sofa
yolo1-26, 65664428, sofa
yolo6-23, 65664428, sofa
yolo2-22, 65664428, sofa
yolo4-29, 65664428, sofa
yolo8-23, 65664428, sofa
yolo12-28, 65664428, sofa
yolo3-28, 65664428, sofa
yolo8-26, 65664428, sofa
yolo2-28, 57687803, boat
yolo2-22, 57687803, boat
yolo4-29, 57687803, boat
yolo1-26, 57687803, boat
yolo1-28, 57687803, boat
yolo5-24, 57687803, boat
yolo8-26, 57687803, boat
yolo3-28, 57687803, boat
yolo8-23, 57687803, boat
yolo12-28, 57687803, boat
yolo6-23, 57687803, boat
yolo1-28, 53620339, sofa
yolo2-22, 53620339, sofa
yolo4-29, 53620339, sofa
yolo3-28, 53620339, sofa
yolo5-24, 53620339, sofa
yolo12-28, 53620339, sofa
yolo1-26, 53620339, sofa
yolo8-26, 53620339, sofa
yolo6-23, 53620339, sofa
yolo2-28, 53620339, sofa
yolo8-23, 53620339, sofa
yolo3-28, 95954592, boat
yolo12-28, 95954592, boat
yolo2-22, 95954592, boat
yolo1-26, 95954592, boat
yolo1-28, 95954592, boat
yolo8-26, 95954592, boat
yolo4-29, 95954592, boat
yolo5-24, 95954592, boat
yolo2-28, 95954592, boat
yolo8-23, 95954592, boat
yolo6-23, 95954592, boat
yolo1-26, 62701344, car
yolo1-28, 62701344, car
yolo5-24, 62701344, car
yolo2-28, 62701344, car
yolo4-29, 62701344, car
yolo8-23, 62701344, car
yolo3-28, 62701344, car
yolo8-26, 62701344, car
yolo12-28, 62701344, car
yolo2-22, 62701344, car
yolo6-23, 62701344, car
yolo3-28, 33533776, sofa
yolo5-24, 33533776, sofa
yolo1-26, 33533776, sofa
yolo4-29, 33533776, sofa
yolo8-23, 33533776, sofa
yolo1-28, 33533776, sofa
yolo2-28, 33533776, sofa
yolo8-26, 33533776, sofa
yolo12-28, 33533776, sofa
yolo2-22, 33533776, sofa
yolo6-23, 33533776, sofa
yolo5-24, 82346132, boat
yolo2-28, 82346132, boat
yolo2-22, 82346132, boat
yolo1-28, 82346132, boat
yolo6-23, 82346132, boat
yolo3-28, 82346132, boat
yolo4-29, 82346132, boat
yolo1-26, 82346132, boat
yolo8-26, 82346132, boat
yolo12-28, 82346132, boat
yolo8-23, 82346132, boat
yolo2-22, 24130636, train
yolo3-28, 24130636, train
yolo2-28, 24130636, train
yolo1-26, 24130636, train
yolo1-28, 24130636, train
yolo4-29, 24130636, train
yolo6-23, 24130636, train
yolo5-24, 24130636, train
yolo8-26, 24130636, train
yolo12-28, 24130636, train
yolo8-23, 24130636, train
yolo1-28, 98091319, train
yolo8-23, 98091319, train
yolo4-29, 98091319, train
yolo6-23, 98091319, train
yolo5-24, 98091319, train
yolo2-22, 98091319, train
yolo3-28, 98091319, train
yolo1-26, 98091319, train
yolo2-28, 98091319, train
yolo8-26, 98091319, train
yolo12-28, 98091319, train
yolo2-22, 43270239, car
yolo2-28, 43270239, car
yolo3-28, 43270239, car
yolo1-28, 43270239, car
yolo4-29, 43270239, car
yolo6-23, 43270239, car
yolo5-24, 43270239, car
yolo8-23, 43270239, car
yolo1-26, 43270239, car
yolo8-26, 43270239, car
yolo12-28, 43270239, car
yolo1-26, 15095963, car
yolo1-28, 15095963, car
yolo5-24, 15095963, car
yolo4-29, 15095963, car
yolo2-22, 15095963, car
yolo12-28, 15095963, car
yolo8-26, 15095963, car
yolo2-28, 15095963, car
yolo3-28, 15095963, car
yolo6-23, 15095963, car
yolo8-23, 15095963, car
yolo3-28, 62032434, car
yolo12-28, 62032434, car
yolo1-26, 62032434, car
yolo2-28, 62032434, car
yolo4-29, 62032434, car
yolo2-22, 62032434, car
yolo8-26, 62032434, car
yolo6-23, 62032434, car
yolo1-28, 62032434, car
yolo8-23, 62032434, car
yolo5-24, 62032434, car
yolo3-28, 58559525, car
yolo6-23, 58559525, car
yolo1-26, 58559525, car
yolo2-28, 58559525, car
yolo2-22, 58559525, car
yolo8-23, 58559525, car
yolo8-26, 58559525, car
yolo1-28, 58559525, car
yolo4-29, 58559525, car
yolo12-28, 58559525, car
yolo5-24, 58559525, car
yolo12-28, 98806571, car
yolo8-23, 98806571, car
yolo2-22, 98806571, car
yolo8-26, 98806571, car
yolo4-29, 98806571, car
yolo3-28, 98806571, car
yolo1-26, 98806571, car
yolo5-24, 98806571, car
yolo2-28, 98806571, car
yolo1-28, 98806571, car
yolo6-23, 98806571, car
yolo1-26, 45929126, car
yolo12-28, 45929126, car
yolo3-28, 45929126, car
yolo1-28, 45929126, car
yolo5-24, 45929126, car
yolo8-23, 45929126, car
yolo4-29, 45929126, car
yolo6-23, 45929126, car
yolo8-26, 45929126, car
yolo2-28, 45929126, car
yolo2-22, 45929126, car
yolo3-28, 97286665, car
yolo2-28, 97286665, car
yolo5-24, 97286665, car
yolo1-26, 97286665, car
yolo1-28, 97286665, car
yolo12-28, 97286665, car
yolo2-22, 97286665, car
yolo4-29, 97286665, car
yolo6-23, 97286665, car
yolo8-26, 97286665, car
yolo8-23, 97286665, car
yolo1-26, 00362832, car
yolo4-29, 00362832, car
yolo3-28, 00362832, car
yolo2-22, 00362832, car
yolo5-24, 00362832, car
yolo8-23, 00362832, car
yolo8-26, 00362832, car
yolo2-28, 00362832, car
yolo1-28, 00362832, car
yolo12-28, 00362832, car
yolo6-23, 00362832, car
yolo4-29, 63745975, car
yolo1-26, 63745975, car
yolo3-28, 63745975, car
yolo2-22, 63745975, car
yolo8-26, 63745975, car
yolo8-23, 63745975, car
yolo5-24, 63745975, car
yolo2-28, 63745975, car
yolo12-28, 63745975, car
yolo6-23, 63745975, car
yolo1-28, 63745975, car
yolo4-29, 89809383, car
yolo3-28, 89809383, car
yolo2-22, 89809383, car
yolo2-28, 89809383, car
yolo1-28, 89809383, car
yolo5-24, 89809383, car
yolo8-26, 89809383, car
yolo12-28, 89809383, car
yolo6-23, 89809383, car
yolo1-26, 89809383, car
yolo8-23, 89809383, car
yolo2-28, 37960555, car
yolo1-26, 37960555, car
yolo5-24, 37960555, car
yolo3-28, 37960555, car
yolo2-22, 37960555, car
yolo8-23, 37960555, car
yolo1-28, 37960555, car
yolo4-29, 37960555, car
yolo8-26, 37960555, car
yolo6-23, 37960555, car
yolo12-28, 37960555, car
yolo1-28, 06082338, car
yolo3-28, 06082338, car
yolo4-29, 06082338, car
yolo1-26, 06082338, car
yolo2-22, 06082338, car
yolo2-28, 06082338, car
yolo5-24, 06082338, car
yolo8-23, 06082338, car
yolo8-26, 06082338, car
yolo6-23, 06082338, car
yolo12-28, 06082338, car
yolo12-28, 13369715, car
yolo8-23, 13369715, car
yolo5-24, 13369715, car
yolo2-28, 13369715, car
yolo4-29, 13369715, car
yolo2-22, 13369715, car
yolo1-26, 13369715, car
yolo1-28, 13369715, car
yolo6-23, 13369715, car
yolo3-28, 13369715, car
yolo8-26, 13369715, car
yolo3-28, 80281042, car
yolo2-22, 80281042, car
yolo4-29, 80281042, car
yolo12-28, 80281042, car
yolo2-28, 80281042, car
yolo1-26, 80281042, car
yolo1-28, 80281042, car
yolo6-23, 80281042, car
yolo8-23, 80281042, car
yolo8-26, 80281042, car
yolo5-24, 80281042, car
yolo1-26, 94553782, car
yolo1-28, 94553782, car
yolo4-29, 94553782, car
yolo5-24, 94553782, car
yolo2-28, 94553782, car
yolo2-22, 94553782, car
yolo3-28, 94553782, car
yolo8-26, 94553782, car
yolo8-23, 94553782, car
yolo12-28, 94553782, car
yolo6-23, 94553782, car
yolo1-28, 70001187, car
yolo5-24, 70001187, car
yolo2-22, 70001187, car
yolo1-26, 70001187, car
yolo8-23, 70001187, car
yolo2-28, 70001187, car
yolo3-28, 70001187, car
yolo4-29, 70001187, car
yolo8-26, 70001187, car
yolo6-23, 70001187, car
yolo12-28, 70001187, car
yolo1-26, 62608355, car
yolo12-28, 62608355, car
yolo4-29, 62608355, car
yolo2-28, 62608355, car
yolo5-24, 62608355, car
yolo6-23, 62608355, car
yolo8-23, 62608355, car
yolo1-28, 62608355, car
yolo8-26, 62608355, car
yolo3-28, 62608355, car
yolo2-22, 62608355, car
yolo2-28, 99412167, car
yolo6-23, 99412167, car
yolo5-24, 99412167, car
yolo1-26, 99412167, car
yolo8-23, 99412167, car
yolo12-28, 99412167, car
yolo4-29, 99412167, car
yolo1-28, 99412167, car
yolo3-28, 99412167, car
yolo2-22, 99412167, car
yolo8-26, 99412167, car
yolo2-28, 61620816, car
yolo3-28, 61620816, car
yolo8-26, 61620816, car
yolo1-28, 61620816, car
yolo5-24, 61620816, car
yolo12-28, 61620816, car
yolo4-29, 61620816, car
yolo8-23, 61620816, car
yolo2-22, 61620816, car
yolo1-26, 61620816, car
yolo6-23, 61620816, car
yolo1-28, 77673706, car
yolo8-26, 77673706, car
yolo3-28, 77673706, car
yolo5-24, 77673706, car
yolo2-28, 77673706, car
yolo8-23, 77673706, car
yolo4-29, 77673706, car
yolo12-28, 77673706, car
yolo2-22, 77673706, car
yolo1-26, 77673706, car
yolo6-23, 77673706, car
yolo12-28, 22023452, car
yolo2-22, 22023452, car
yolo2-28, 22023452, car
yolo5-24, 22023452, car
yolo4-29, 22023452, car
yolo3-28, 22023452, car
yolo1-26, 22023452, car
yolo1-28, 22023452, car
yolo6-23, 22023452, car
yolo8-26, 22023452, car
yolo8-23, 22023452, car
yolo3-28, 15771418, car
yolo1-28, 15771418, car
yolo5-24, 15771418, car
yolo4-29, 15771418, car
yolo2-28, 15771418, car
yolo6-23, 15771418, car
yolo1-26, 15771418, car
yolo8-23, 15771418, car
yolo12-28, 15771418, car
yolo2-22, 15771418, car
yolo8-26, 15771418, car
yolo5-24, 99698721, car
yolo3-28, 99698721, car
yolo1-28, 99698721, car
yolo2-28, 99698721, car
yolo1-26, 99698721, car
yolo4-29, 99698721, car
yolo12-28, 99698721, car
yolo6-23, 99698721, car
yolo8-23, 99698721, car
yolo2-22, 99698721, car
yolo8-26, 99698721, car
yolo2-22, 51943668, car
yolo5-24, 51943668, car
yolo4-29, 51943668, car
yolo1-28, 51943668, car
yolo8-26, 51943668, car
yolo2-28, 51943668, car
yolo8-23, 51943668, car
yolo12-28, 51943668, car
yolo3-28, 51943668, car
yolo1-26, 51943668, car
yolo6-23, 51943668, car
yolo2-28, 99569227, sofa
yolo2-22, 99569227, sofa
yolo5-24, 99569227, sofa
yolo3-28, 99569227, sofa
yolo1-26, 99569227, sofa
yolo8-26, 99569227, sofa
yolo8-23, 99569227, sofa
yolo4-29, 99569227, sofa
yolo6-23, 99569227, sofa
yolo1-28, 99569227, sofa
yolo12-28, 99569227, sofa
yolo3-28, 08818132, car
yolo1-28, 08818132, car
yolo2-28, 08818132, car
yolo2-22, 08818132, car
yolo5-24, 08818132, car
yolo1-26, 08818132, car
yolo6-23, 08818132, car
yolo4-29, 08818132, car
yolo12-28, 08818132, car
yolo8-23, 08818132, car
yolo8-26, 08818132, car
yolo5-24, 94871071, train
yolo4-29, 94871071, train
yolo2-22, 94871071, train
yolo3-28, 94871071, train
yolo8-26, 94871071, train
yolo1-26, 94871071, train
yolo12-28, 94871071, train
yolo1-28, 94871071, train
yolo2-28, 94871071, train
yolo8-23, 94871071, train
yolo6-23, 94871071, train
yolo2-22, 65804770, car
yolo5-24, 65804770, car
yolo2-28, 65804770, car
yolo3-28, 65804770, car
yolo4-29, 65804770, car
yolo6-23, 65804770, car
yolo1-28, 65804770, car
yolo12-28, 65804770, car
yolo8-26, 65804770, car
yolo1-26, 65804770, car
yolo8-23, 65804770, car
yolo2-28, 24841949, car
yolo2-22, 24841949, car
yolo8-26, 24841949, car
yolo4-29, 24841949, car
yolo3-28, 24841949, car
yolo12-28, 24841949, car
yolo5-24, 24841949, car
yolo1-26, 24841949, car
yolo8-23, 24841949, car
yolo6-23, 24841949, car
yolo1-28, 24841949, car
yolo8-26, 50722088, car
yolo2-22, 50722088, car
yolo2-28, 50722088, car
yolo3-28, 50722088, car
yolo4-29, 50722088, car
yolo5-24, 50722088, car
yolo12-28, 50722088, car
yolo1-26, 50722088, car
yolo8-23, 50722088, car
yolo1-28, 50722088, car
yolo6-23, 50722088, car
yolo12-28, 04163132, car
yolo3-28, 04163132, car
yolo2-22, 04163132, car
yolo2-28, 04163132, car
yolo1-26, 04163132, car
yolo8-26, 04163132, car
yolo5-24, 04163132, car
yolo8-23, 04163132, car
yolo4-29, 04163132, car
yolo6-23, 04163132, car
yolo1-28, 04163132, car
yolo1-26, 21357992, car
yolo2-22, 21357992, car
yolo8-26, 21357992, car
yolo12-28, 21357992, car
yolo3-28, 21357992, car
yolo5-24, 21357992, car
yolo8-23, 21357992, car
yolo2-28, 21357992, car
yolo6-23, 21357992, car
yolo4-29, 21357992, car
yolo1-28, 21357992, car
yolo2-28, 70398928, car
yolo3-28, 70398928, car
yolo2-22, 70398928, car
yolo4-29, 70398928, car
yolo1-28, 70398928, car
yolo1-26, 70398928, car
yolo8-23, 70398928, car
yolo12-28, 70398928, car
yolo6-23, 70398928, car
yolo8-26, 70398928, car
yolo5-24, 70398928, car
yolo1-26, 91277938, car
yolo6-23, 91277938, car
yolo8-26, 91277938, car
yolo2-28, 91277938, car
yolo3-28, 91277938, car
yolo8-23, 91277938, car
yolo4-29, 91277938, car
yolo12-28, 91277938, car
yolo2-22, 91277938, car
yolo1-28, 91277938, car
yolo5-24, 91277938, car
yolo1-28, 03046097, car
yolo4-29, 03046097, car
yolo12-28, 03046097, car
yolo3-28, 03046097, car
yolo8-26, 03046097, car
yolo1-26, 03046097, car
yolo2-28, 03046097, car
yolo5-24, 03046097, car
yolo8-23, 03046097, car
yolo2-22, 03046097, car
yolo6-23, 03046097, car
yolo4-29, 44338645, car
yolo12-28, 44338645, car
yolo1-28, 44338645, car
yolo8-26, 44338645, car
yolo3-28, 44338645, car
yolo5-24, 44338645, car
yolo2-28, 44338645, car
yolo1-26, 44338645, car
yolo8-23, 44338645, car
yolo6-23, 44338645, car
yolo2-22, 44338645, car
yolo8-26, 60041521, car
yolo3-28, 60041521, car
yolo1-26, 60041521, car
yolo4-29, 60041521, car
yolo1-28, 60041521, car
yolo8-23, 60041521, car
yolo5-24, 60041521, car
yolo2-28, 60041521, car
yolo2-22, 60041521, car
yolo6-23, 60041521, car
yolo12-28, 60041521, car
yolo5-24, 39342800, car
yolo1-28, 39342800, car
yolo8-23, 39342800, car
yolo3-28, 39342800, car
yolo1-26, 39342800, car
yolo2-22, 39342800, car
yolo8-26, 39342800, car
yolo4-29, 39342800, car
yolo6-23, 39342800, car
yolo2-28, 39342800, car
yolo12-28, 39342800, car
yolo3-28, 10360358, car
yolo2-22, 10360358, car
yolo1-28, 10360358, car
yolo12-28, 10360358, car
yolo4-29, 10360358, car
yolo2-28, 10360358, car
yolo8-23, 10360358, car
yolo8-26, 10360358, car
yolo6-23, 10360358, car
yolo5-24, 10360358, car
yolo1-26, 10360358, car
yolo1-28, 67747552, car
yolo2-22, 67747552, car
yolo12-28, 67747552, car
yolo2-28, 67747552, car
yolo8-26, 67747552, car
yolo3-28, 67747552, car
yolo8-23, 67747552, car
yolo4-29, 67747552, car
yolo5-24, 67747552, car
yolo1-26, 67747552, car
yolo6-23, 67747552, car
yolo3-28, 44003970, train
yolo1-28, 44003970, train
yolo2-28, 44003970, train
yolo6-23, 44003970, train
yolo12-28, 44003970, train
yolo1-26, 44003970, train
yolo8-26, 44003970, train
yolo8-23, 44003970, train
yolo4-29, 44003970, train
yolo5-24, 44003970, train
yolo2-22, 44003970, train
yolo2-28, 34350652, car
yolo1-28, 34350652, car
yolo8-26, 34350652, car
yolo8-23, 34350652, car
yolo3-28, 34350652, car
yolo1-26, 34350652, car
yolo6-23, 34350652, car
yolo12-28, 34350652, car
yolo5-24, 34350652, car
yolo4-29, 34350652, car
yolo2-22, 34350652, car
yolo12-28, 16992205, car
yolo1-28, 16992205, car
yolo3-28, 16992205, car
yolo5-24, 16992205, car
yolo1-26, 16992205, car
yolo8-23, 16992205, car
yolo4-29, 16992205, car
yolo8-26, 16992205, car
yolo2-22, 16992205, car
yolo6-23, 16992205, car
yolo2-28, 16992205, car
yolo1-28, 57050402, car
yolo12-28, 57050402, car
yolo8-23, 57050402, car
yolo1-26, 57050402, car
yolo5-24, 57050402, car
yolo2-22, 57050402, car
yolo3-28, 57050402, car
yolo4-29, 57050402, car
yolo8-26, 57050402, car
yolo2-28, 57050402, car
yolo6-23, 57050402, car
yolo1-26, 24084637, car
yolo2-28, 24084637, car
yolo3-28, 24084637, car
yolo1-28, 24084637, car
yolo12-28, 24084637, car
yolo8-26, 24084637, car
yolo8-23, 24084637, car
yolo5-24, 24084637, car
yolo4-29, 24084637, car
yolo2-22, 24084637, car
yolo6-23, 24084637, car
yolo1-28, 92606424, sofa
yolo8-23, 92606424, sofa
yolo3-28, 92606424, sofa
yolo8-26, 92606424, sofa
yolo2-28, 92606424, sofa
yolo5-24, 92606424, sofa
yolo1-26, 92606424, sofa
yolo12-28, 92606424, sofa
yolo4-29, 92606424, sofa
yolo6-23, 92606424, sofa
yolo2-22, 92606424, sofa
yolo5-24, 25027073, train
yolo1-26, 25027073, train
yolo3-28, 25027073, train
yolo1-28, 25027073, train
yolo2-28, 25027073, train
yolo2-22, 25027073, train
yolo12-28, 25027073, train
yolo4-29, 25027073, train
yolo8-23, 25027073, train
yolo6-23, 25027073, train
yolo8-26, 25027073, train
yolo2-28, 86817604, car
yolo1-26, 86817604, car
yolo3-28, 86817604, car
yolo5-24, 86817604, car
yolo8-23, 86817604, car
yolo2-22, 86817604, car
yolo1-28, 86817604, car
yolo12-28, 86817604, car
yolo8-26, 86817604, car
yolo6-23, 86817604, car
yolo4-29, 86817604, car
yolo1-26, 85317735, car
yolo2-22, 85317735, car
yolo4-29, 85317735, car
yolo12-28, 85317735, car
yolo3-28, 85317735, car
yolo5-24, 85317735, car
yolo8-26, 85317735, car
yolo6-23, 85317735, car
yolo8-23, 85317735, car
yolo1-28, 85317735, car
yolo2-28, 85317735, car
yolo3-28, 82985035, car
yolo2-22, 82985035, car
yolo1-26, 82985035, car
yolo12-28, 82985035, car
yolo5-24, 82985035, car
yolo4-29, 82985035, car
yolo8-23, 82985035, car
yolo6-23, 82985035, car
yolo2-28, 82985035, car
yolo8-26, 82985035, car
yolo1-28, 82985035, car
yolo2-22, 72343453, sofa
yolo3-28, 72343453, sofa
yolo5-24, 72343453, sofa
yolo1-26, 72343453, sofa
yolo8-23, 72343453, sofa
yolo4-29, 72343453, sofa
yolo2-28, 72343453, sofa
yolo12-28, 72343453, sofa
yolo1-28, 72343453, sofa
yolo8-26, 72343453, sofa
yolo6-23, 72343453, sofa
yolo1-26, 30171573, boat
yolo5-24, 30171573, boat
yolo3-28, 30171573, boat
yolo8-23, 30171573, boat
yolo2-22, 30171573, boat
yolo4-29, 30171573, boat
yolo1-28, 30171573, boat
yolo2-28, 30171573, boat
yolo12-28, 30171573, boat
yolo8-26, 30171573, boat
yolo6-23, 30171573, boat
yolo1-26, 29057218, car
yolo3-28, 29057218, car
yolo8-23, 29057218, car
yolo4-29, 29057218, car
yolo2-22, 29057218, car
yolo1-28, 29057218, car
yolo6-23, 29057218, car
yolo5-24, 29057218, car
yolo8-26, 29057218, car
yolo12-28, 29057218, car
yolo2-28, 29057218, car
yolo2-22, 89320623, car
yolo6-23, 89320623, car
yolo8-26, 89320623, car
yolo3-28, 89320623, car
yolo5-24, 89320623, car
yolo2-28, 89320623, car
yolo1-28, 89320623, car
yolo8-23, 89320623, car
yolo1-26, 89320623, car
yolo4-29, 89320623, car
yolo12-28, 89320623, car
yolo5-24, 38752543, bottle
yolo2-28, 38752543, bottle
yolo2-22, 38752543, bottle
yolo8-23, 38752543, bottle
yolo3-28, 38752543, bottle
yolo8-26, 38752543, bottle
yolo1-26, 38752543, bottle
yolo12-28, 38752543, bottle
yolo4-29, 38752543, bottle
yolo6-23, 38752543, bottle
yolo1-28, 38752543, bottle
yolo8-23, 12346303, car
yolo6-23, 12346303, car
yolo4-29, 12346303, car
yolo12-28, 12346303, car
yolo2-22, 12346303, car
yolo5-24, 12346303, car
yolo2-28, 12346303, car
yolo3-28, 12346303, car
yolo8-26, 12346303, car
yolo1-28, 12346303, car
yolo1-26, 12346303, car
yolo8-23, 97820766, aeroplane
yolo6-23, 97820766, aeroplane
yolo4-29, 97820766, aeroplane
yolo3-28, 97820766, aeroplane
yolo12-28, 97820766, aeroplane
yolo5-24, 97820766, aeroplane
yolo2-28, 97820766, aeroplane
yolo2-22, 97820766, aeroplane
yolo1-28, 97820766, aeroplane
yolo8-26, 97820766, aeroplane
yolo1-26, 97820766, aeroplane
yolo1-26, 81876431, car
yolo2-28, 81876431, car
yolo5-24, 81876431, car
yolo1-28, 81876431, car
yolo2-22, 81876431, car
yolo4-29, 81876431, car
yolo3-28, 81876431, car
yolo8-23, 81876431, car
yolo6-23, 81876431, car
yolo8-26, 81876431, car
yolo12-28, 81876431, car
yolo2-28, 69486036, car
yolo1-28, 69486036, car
yolo2-22, 69486036, car
yolo5-24, 69486036, car
yolo6-23, 69486036, car
yolo1-26, 69486036, car
yolo4-29, 69486036, car
yolo3-28, 69486036, car
yolo8-26, 69486036, car
yolo8-23, 69486036, car
yolo12-28, 69486036, car
yolo1-28, 63372676, car
yolo2-28, 63372676, car
yolo4-29, 63372676, car
yolo2-22, 63372676, car
yolo3-28, 63372676, car
yolo8-26, 63372676, car
yolo5-24, 63372676, car
yolo12-28, 63372676, car
yolo8-23, 63372676, car
yolo1-26, 63372676, car
yolo6-23, 63372676, car
yolo12-28, 39577305, car
yolo3-28, 39577305, car
yolo2-28, 39577305, car
yolo2-22, 39577305, car
yolo8-26, 39577305, car
yolo8-23, 39577305, car
yolo1-28, 39577305, car
yolo4-29, 39577305, car
yolo5-24, 39577305, car
yolo1-26, 39577305, car
yolo6-23, 39577305, car
yolo4-29, 02160445, car
yolo12-28, 02160445, car
yolo6-23, 02160445, car
yolo8-26, 02160445, car
yolo1-28, 02160445, car
yolo5-24, 02160445, car
yolo2-22, 02160445, car
yolo3-28, 02160445, car
yolo1-26, 02160445, car
yolo8-23, 02160445, car
yolo2-28, 02160445, car
yolo4-29, 38522543, car
yolo6-23, 38522543, car
yolo8-26, 38522543, car
yolo12-28, 38522543, car
yolo1-28, 38522543, car
yolo5-24, 38522543, car
yolo2-28, 38522543, car
yolo2-22, 38522543, car
yolo8-23, 38522543, car
yolo3-28, 38522543, car
yolo1-26, 38522543, car
yolo2-22, 20260180, car
yolo5-24, 20260180, car
yolo2-28, 20260180, car
yolo4-29, 20260180, car
yolo3-28, 20260180, car
yolo1-26, 20260180, car
yolo12-28, 20260180, car
yolo1-28, 20260180, car
yolo8-26, 20260180, car
yolo8-23, 20260180, car
yolo6-23, 20260180, car
yolo1-28, 31941776, car
yolo1-26, 31941776, car
yolo2-28, 31941776, car
yolo12-28, 31941776, car
yolo3-28, 31941776, car
yolo4-29, 31941776, car
yolo2-22, 31941776, car
yolo6-23, 31941776, car
yolo5-24, 31941776, car
yolo8-26, 31941776, car
yolo8-23, 31941776, car
yolo1-26, 27447595, car
yolo2-28, 27447595, car
yolo3-28, 27447595, car
yolo4-29, 27447595, car
yolo2-22, 27447595, car
yolo8-26, 27447595, car
yolo8-23, 27447595, car
yolo12-28, 27447595, car
yolo5-24, 27447595, car
yolo6-23, 27447595, car
yolo1-28, 27447595, car
yolo2-22, 90897798, car
yolo1-28, 90897798, car
yolo2-28, 90897798, car
yolo5-24, 90897798, car
yolo4-29, 90897798, car
yolo12-28, 90897798, car
yolo1-26, 90897798, car
yolo8-23, 90897798, car
yolo3-28, 90897798, car
yolo6-23, 90897798, car
yolo8-26, 90897798, car
yolo5-24, 66393785, car
yolo12-28, 66393785, car
yolo2-28, 66393785, car
yolo1-26, 66393785, car
yolo1-28, 66393785, car
yolo8-23, 66393785, car
yolo2-22, 66393785, car
yolo3-28, 66393785, car
yolo4-29, 66393785, car
yolo6-23, 66393785, car
yolo8-26, 66393785, car
yolo1-28, 26326066, car
yolo8-26, 26326066, car
yolo2-28, 26326066, car
yolo1-26, 26326066, car
yolo2-22, 26326066, car
yolo6-23, 26326066, car
yolo3-28, 26326066, car
yolo8-23, 26326066, car
yolo5-24, 26326066, car
yolo4-29, 26326066, car
yolo12-28, 26326066, car
yolo8-26, 78909160, aeroplane
yolo2-22, 78909160, aeroplane
yolo3-28, 78909160, aeroplane
yolo5-24, 78909160, aeroplane
yolo8-23, 78909160, aeroplane
yolo1-28, 78909160, aeroplane
yolo1-26, 78909160, aeroplane
yolo2-28, 78909160, aeroplane
yolo6-23, 78909160, aeroplane
yolo4-29, 78909160, aeroplane
yolo12-28, 78909160, aeroplane
yolo1-26, 89809050, car
yolo2-28, 89809050, car
yolo2-22, 89809050, car
yolo4-29, 89809050, car
yolo5-24, 89809050, car
yolo1-28, 89809050, car
yolo3-28, 89809050, car
yolo12-28, 89809050, car
yolo6-23, 89809050, car
yolo8-23, 89809050, car
yolo8-26, 89809050, car
yolo12-28, 11555613, car
yolo5-24, 11555613, car
yolo3-28, 11555613, car
yolo2-22, 11555613, car
yolo6-23, 11555613, car
yolo1-28, 11555613, car
yolo1-26, 11555613, car
yolo8-23, 11555613, car
yolo8-26, 11555613, car
yolo2-28, 11555613, car
yolo4-29, 11555613, car
yolo12-28, 41544163, car
yolo3-28, 41544163, car
yolo2-22, 41544163, car
yolo8-23, 41544163, car
yolo1-26, 41544163, car
yolo2-28, 41544163, car
yolo6-23, 41544163, car
yolo1-28, 41544163, car
yolo5-24, 41544163, car
yolo8-26, 41544163, car
yolo4-29, 41544163, car
yolo5-24, 76858147, train
yolo2-22, 76858147, train
yolo12-28, 76858147, train
yolo1-28, 76858147, train
yolo6-23, 76858147, train
yolo4-29, 76858147, train
yolo1-26, 76858147, train
yolo8-26, 76858147, train
yolo2-28, 76858147, train
yolo3-28, 76858147, train
yolo8-23, 76858147, train
yolo1-26, 43052442, car
yolo1-28, 43052442, car
yolo5-24, 43052442, car
yolo4-29, 43052442, car
yolo3-28, 43052442, car
yolo2-28, 43052442, car
yolo8-26, 43052442, car
yolo12-28, 43052442, car
yolo8-23, 43052442, car
yolo2-22, 43052442, car
yolo6-23, 43052442, car
yolo1-28, 19272394, car
yolo3-28, 19272394, car
yolo5-24, 19272394, car
yolo8-26, 19272394, car
yolo2-22, 19272394, car
yolo4-29, 19272394, car
yolo1-26, 19272394, car
yolo2-28, 19272394, car
yolo8-23, 19272394, car
yolo12-28, 19272394, car
yolo6-23, 19272394, car
yolo1-28, 45855694, car
yolo3-28, 45855694, car
yolo8-26, 45855694, car
yolo5-24, 45855694, car
yolo4-29, 45855694, car
yolo1-26, 45855694, car
yolo2-28, 45855694, car
yolo2-22, 45855694, car
yolo8-23, 45855694, car
yolo6-23, 45855694, car
yolo12-28, 45855694, car
yolo1-26, 03426741, train
yolo8-26, 03426741, train
yolo8-23, 03426741, train
yolo3-28, 03426741, train
yolo4-29, 03426741, train
yolo5-24, 03426741, train
yolo2-22, 03426741, train
yolo6-23, 03426741, train
yolo2-28, 03426741, train
yolo12-28, 03426741, train
yolo1-28, 03426741, train
yolo1-26, 70129179, car
yolo1-28, 70129179, car
yolo2-22, 70129179, car
yolo3-28, 70129179, car
yolo6-23, 70129179, car
yolo5-24, 70129179, car
yolo4-29, 70129179, car
yolo2-28, 70129179, car
yolo8-23, 70129179, car
yolo8-26, 70129179, car
yolo12-28, 70129179, car
yolo8-23, 41208111, car
yolo5-24, 41208111, car
yolo6-23, 41208111, car
yolo1-26, 41208111, car
yolo1-28, 41208111, car
yolo3-28, 41208111, car
yolo4-29, 41208111, car
yolo8-26, 41208111, car
yolo12-28, 41208111, car
yolo2-22, 41208111, car
yolo2-28, 41208111, car
yolo1-26, 78768201, car
yolo1-28, 78768201, car
yolo8-26, 78768201, car
yolo3-28, 78768201, car
yolo6-23, 78768201, car
yolo4-29, 78768201, car
yolo2-22, 78768201, car
yolo2-28, 78768201, car
yolo5-24, 78768201, car
yolo8-23, 78768201, car
yolo12-28, 78768201, car
yolo1-26, 64785209, car
yolo2-22, 64785209, car
yolo1-28, 64785209, car
yolo5-24, 64785209, car
yolo3-28, 64785209, car
yolo4-29, 64785209, car
yolo2-28, 64785209, car
yolo8-23, 64785209, car
yolo8-26, 64785209, car
yolo12-28, 64785209, car
yolo6-23, 64785209, car
yolo1-26, 14904389, car
yolo5-24, 14904389, car
yolo4-29, 14904389, car
yolo3-28, 14904389, car
yolo2-28, 14904389, car
yolo2-22, 14904389, car
yolo6-23, 14904389, car
yolo1-28, 14904389, car
yolo8-26, 14904389, car
yolo8-23, 14904389, car
yolo12-28, 14904389, car
yolo2-22, 35800778, car
yolo12-28, 35800778, car
yolo5-24, 35800778, car
yolo1-26, 35800778, car
yolo4-29, 35800778, car
yolo1-28, 35800778, car
yolo8-26, 35800778, car
yolo2-28, 35800778, car
yolo3-28, 35800778, car
yolo8-23, 35800778, car
yolo6-23, 35800778, car
yolo2-22, 08235618, car
yolo12-28, 08235618, car
yolo5-24, 08235618, car
yolo1-26, 08235618, car
yolo1-28, 08235618, car
yolo8-26, 08235618, car
yolo4-29, 08235618, car
yolo2-28, 08235618, car
yolo3-28, 08235618, car
yolo8-23, 08235618, car
yolo6-23, 08235618, car
yolo12-28, 57449550, car
yolo2-22, 57449550, car
yolo5-24, 57449550, car
yolo1-28, 57449550, car
yolo1-26, 57449550, car
yolo8-26, 57449550, car
yolo2-28, 57449550, car
yolo4-29, 57449550, car
yolo6-23, 57449550, car
yolo3-28, 57449550, car
yolo8-23, 57449550, car
