
========== Time: 0 ==========

========== Time: 1 ==========

========== Time: 2 ==========

========== Time: 3 ==========

========== Time: 4 ==========

========== Time: 5 ==========

========== Time: 6 ==========

========== Time: 7 ==========
yolo2-2, 00965164, car
yolo2-2, 36137587, car
yolo2-2, 27731116, car
yolo2-2, 94774736, car
yolo2-2, 51400143, boat
yolo2-2, 39912991, car
yolo2-2, 22571764, car
yolo2-2, 43395262, car
yolo2-2, 37157998, car

========== Time: 8 ==========

========== Time: 9 ==========
yolo3-3, 38690049, boat
yolo3-3, 69274958, car
yolo3-3, 92476294, boat
yolo3-3, 68138809, car
yolo3-3, 72549488, boat
yolo3-3, 13731246, car
yolo3-3, 67653092, aeroplane
yolo3-3, 38656314, boat
yolo3-3, 23457536, car
yolo3-3, 60065043, car
yolo3-3, 32317516, car
yolo3-3, 14402698, car
yolo3-3, 07082941, car
yolo3-3, 57948110, car
yolo3-3, 69822284, car
yolo3-3, 53020227, car
yolo3-3, 32506247, car
yolo3-3, 51197370, car
yolo3-3, 15629120, car
yolo3-3, 75193119, car
yolo3-3, 94463812, car
yolo3-3, 40943110, car
yolo3-3, 22710527, car
yolo3-3, 34530275, car
yolo3-3, 99152239, car
yolo3-3, 77025544, car
yolo3-3, 31548521, car
yolo3-3, 04902782, car
yolo3-3, 33969035, car
yolo3-3, 31359185, car

========== Time: 10 ==========
yolo3-3, 77448188, car
yolo3-3, 46021082, car
yolo3-3, 20649388, car
yolo3-3, 08327583, sofa
yolo3-3, 14253665, car
yolo3-3, 17082564, car
yolo3-3, 54754155, car
yolo3-3, 42878506, car
yolo3-3, 37816015, car
yolo3-3, 23524330, car
yolo3-3, 29932748, car
yolo3-3, 27896432, car
yolo3-3, 23255954, car
yolo3-3, 58762753, aeroplane
yolo3-3, 36897192, car
yolo3-3, 34995474, train
yolo3-3, 32788896, train
yolo3-3, 25716753, car
yolo7-3, 08327583, sofa
yolo7-3, 14253665, car
yolo3-3, 78839010, car
yolo7-3, 17082564, car
yolo7-3, 54754155, car
yolo3-3, 65062226, train
yolo7-3, 42878506, car
yolo7-3, 37816015, car
yolo3-3, 38243604, sofa
yolo7-3, 23524330, car
yolo7-3, 29932748, car
yolo7-3, 27896432, car
yolo3-10, 18449022, car
yolo3-3, 18449022, car
yolo7-3, 23255954, car
yolo7-3, 58762753, aeroplane
yolo7-3, 36897192, car
yolo7-3, 34995474, train
yolo7-3, 32788896, train
yolo3-10, 79060405, car
yolo3-3, 79060405, car
yolo7-3, 25716753, car
yolo3-10, 44863495, car
yolo3-3, 44863495, car
yolo7-3, 78839010, car
yolo3-10, 90505949, boat
yolo3-3, 90505949, boat
yolo7-3, 65062226, train
yolo3-3, 61050554, car
yolo3-10, 61050554, car
yolo7-3, 38243604, sofa
yolo7-3, 18449022, car
yolo3-10, 70834016, car
yolo3-3, 70834016, car
yolo7-3, 79060405, car
yolo7-3, 44863495, car
yolo7-3, 90505949, boat
yolo3-3, 85348098, train
yolo3-10, 85348098, train
yolo7-3, 61050554, car
yolo7-3, 70834016, car
yolo3-3, 19735619, car
yolo3-10, 19735619, car
yolo7-3, 85348098, train
yolo7-3, 19735619, car
yolo3-10, 28430762, car
yolo7-3, 28430762, car
yolo3-3, 28430762, car
yolo3-10, 96010473, car
yolo3-3, 96010473, car
yolo7-3, 96010473, car
yolo3-3, 19095712, car
yolo3-10, 19095712, car
yolo7-3, 19095712, car
yolo7-3, 16762413, car
yolo3-10, 16762413, car
yolo3-3, 16762413, car
yolo7-3, 80282056, car
yolo3-3, 80282056, car
yolo3-10, 80282056, car
yolo7-3, 89311546, car
yolo3-10, 89311546, car
yolo3-3, 89311546, car
yolo3-10, 88700944, car
yolo3-3, 88700944, car
yolo7-3, 88700944, car
yolo3-10, 91731341, car
yolo3-3, 91731341, car
yolo7-3, 91731341, car
yolo7-3, 71661685, car
yolo3-10, 71661685, car
yolo3-3, 71661685, car
yolo7-3, 07860431, car
yolo3-3, 07860431, car
yolo3-10, 07860431, car
yolo3-3, 30849177, car
yolo7-3, 30849177, car
yolo3-10, 30849177, car
yolo3-3, 60348595, car
yolo3-10, 60348595, car
yolo7-3, 60348595, car
yolo7-3, 56429803, car
yolo3-10, 56429803, car
yolo3-3, 56429803, car
yolo7-3, 81346019, car
yolo3-10, 81346019, car
yolo3-3, 81346019, car
yolo7-3, 56854061, car
yolo3-3, 56854061, car
yolo3-10, 56854061, car
yolo3-3, 94893268, car
yolo7-3, 94893268, car
yolo3-10, 94893268, car
yolo3-10, 63178812, car
yolo3-3, 63178812, car
yolo7-3, 63178812, car
yolo3-10, 04108986, car
yolo7-3, 04108986, car
yolo3-3, 04108986, car
yolo7-3, 84338238, car
yolo3-10, 84338238, car
yolo3-3, 84338238, car
yolo3-10, 94156221, car
yolo3-3, 94156221, car
yolo7-3, 94156221, car
yolo7-3, 73330478, car
yolo3-3, 73330478, car
yolo3-10, 73330478, car
yolo3-3, 38021329, car
yolo3-10, 38021329, car
yolo7-3, 38021329, car
yolo7-3, 43086891, car
yolo3-10, 43086891, car
yolo3-3, 43086891, car
yolo3-10, 48353897, car
yolo3-3, 48353897, car
yolo7-3, 48353897, car
yolo3-3, 64513655, car
yolo7-3, 64513655, car
yolo3-10, 64513655, car
yolo7-3, 14630124, car
yolo3-3, 14630124, car
yolo3-10, 14630124, car
yolo5-9, 48353897, car
yolo5-8, 48353897, car
yolo5-6, 48353897, car
yolo3-10, 61836198, car
yolo3-3, 61836198, car
yolo7-3, 61836198, car
yolo5-9, 64513655, car
yolo5-6, 64513655, car
yolo5-8, 64513655, car
yolo5-9, 14630124, car
yolo5-8, 14630124, car
yolo5-6, 14630124, car
yolo7-3, 50274795, car
yolo3-10, 50274795, car
yolo3-3, 50274795, car
yolo5-9, 61836198, car
yolo5-8, 61836198, car
yolo5-6, 61836198, car
yolo5-9, 50274795, car
yolo5-8, 50274795, car
yolo5-6, 50274795, car
yolo7-3, 45731667, car
yolo3-10, 45731667, car
yolo3-3, 45731667, car
yolo5-9, 45731667, car
yolo5-8, 45731667, car
yolo5-6, 45731667, car
yolo5-9, 99601881, car
yolo7-3, 99601881, car
yolo5-8, 99601881, car
yolo5-6, 99601881, car
yolo3-3, 99601881, car
yolo3-10, 99601881, car
yolo7-3, 49460407, car
yolo5-9, 49460407, car
yolo5-8, 49460407, car
yolo3-3, 49460407, car
yolo3-10, 49460407, car
yolo5-6, 49460407, car
yolo5-8, 11511669, car
yolo5-6, 11511669, car
yolo5-9, 11511669, car
yolo3-10, 11511669, car
yolo7-3, 11511669, car
yolo3-3, 11511669, car
yolo5-6, 22155008, car
yolo5-8, 22155008, car
yolo3-10, 22155008, car
yolo5-9, 22155008, car
yolo7-3, 22155008, car
yolo3-3, 22155008, car
yolo5-6, 83859984, car
yolo7-3, 83859984, car
yolo5-9, 83859984, car
yolo3-3, 83859984, car
yolo3-10, 83859984, car
yolo5-8, 83859984, car
yolo7-3, 06955443, car
yolo5-6, 06955443, car
yolo3-3, 06955443, car
yolo5-9, 06955443, car
yolo5-8, 06955443, car
yolo3-10, 06955443, car

========== Time: 11 ==========
yolo3-10, 72992213, car
yolo5-9, 72992213, car
yolo5-6, 72992213, car
yolo5-8, 72992213, car
yolo7-3, 72992213, car
yolo3-3, 72992213, car
yolo3-10, 59958364, car
yolo5-6, 59958364, car
yolo7-3, 59958364, car
yolo3-3, 59958364, car
yolo5-8, 59958364, car
yolo5-9, 59958364, car
yolo3-10, 68209279, car
yolo5-8, 68209279, car
yolo5-6, 68209279, car
yolo7-3, 68209279, car
yolo5-9, 68209279, car
yolo3-3, 68209279, car
yolo5-6, 29219029, car
yolo3-3, 29219029, car
yolo7-3, 29219029, car
yolo5-9, 29219029, car
yolo5-8, 29219029, car
yolo3-10, 29219029, car
yolo5-9, 27084098, car
yolo3-10, 27084098, car
yolo3-3, 27084098, car
yolo5-8, 27084098, car
yolo7-3, 27084098, car
yolo5-6, 27084098, car
yolo7-3, 85307800, car
yolo5-8, 85307800, car
yolo3-3, 85307800, car
yolo3-10, 85307800, car
yolo5-9, 85307800, car
yolo5-6, 85307800, car
yolo5-6, 89529637, car
yolo3-10, 89529637, car
yolo7-3, 89529637, car
yolo3-3, 89529637, car
yolo5-8, 89529637, car
yolo5-9, 89529637, car
yolo3-10, 15624544, car
yolo7-3, 15624544, car
yolo5-8, 15624544, car
yolo3-3, 15624544, car
yolo5-9, 15624544, car
yolo3-10, 03618625, boat
yolo5-8, 03618625, boat
yolo7-3, 03618625, boat
yolo3-3, 03618625, boat
yolo5-9, 03618625, boat
yolo3-10, 64109937, car
yolo7-3, 64109937, car
yolo5-8, 64109937, car
yolo5-9, 64109937, car
yolo3-3, 64109937, car
yolo3-3, 62512784, car
yolo3-10, 62512784, car
yolo7-3, 62512784, car
yolo5-9, 62512784, car
yolo5-8, 62512784, car
yolo7-3, 34986433, car
yolo3-10, 34986433, car
yolo5-8, 34986433, car
yolo3-3, 34986433, car
yolo5-9, 34986433, car
yolo5-8, 86074117, car
yolo7-3, 86074117, car
yolo5-9, 86074117, car
yolo3-10, 86074117, car
yolo3-3, 86074117, car
yolo7-3, 85795160, car
yolo5-9, 85795160, car
yolo3-3, 85795160, car
yolo5-8, 85795160, car
yolo3-10, 85795160, car
yolo3-3, 96846060, car
yolo7-3, 96846060, car
yolo5-9, 96846060, car
yolo3-10, 96846060, car
yolo5-8, 96846060, car
yolo5-8, 96788554, car
yolo3-10, 96788554, car
yolo7-3, 96788554, car
yolo3-3, 96788554, car
yolo5-9, 96788554, car

========== Time: 12 ==========
yolo5-9, 04043489, car
yolo7-3, 04043489, car
yolo3-3, 04043489, car
yolo3-10, 04043489, car
yolo5-8, 04043489, car
yolo3-10, 49372477, car
yolo7-3, 49372477, car
yolo5-8, 49372477, car
yolo3-3, 49372477, car
yolo5-9, 49372477, car
yolo5-9, 50158227, car
yolo5-8, 50158227, car
yolo3-3, 50158227, car
yolo7-3, 50158227, car
yolo3-10, 50158227, car
yolo5-9, 57179048, car
yolo5-8, 57179048, car
yolo7-3, 57179048, car
yolo3-3, 57179048, car
yolo3-10, 57179048, car
yolo7-3, 48077946, car
yolo5-8, 48077946, car
yolo3-3, 48077946, car
yolo3-10, 48077946, car
yolo5-9, 48077946, car
yolo5-9, 91232072, car
yolo5-8, 91232072, car
yolo3-3, 91232072, car
yolo7-3, 91232072, car
yolo3-10, 91232072, car
yolo5-9, 60987225, car
yolo7-3, 60987225, car
yolo3-10, 60987225, car
yolo5-8, 60987225, car
yolo3-3, 60987225, car
yolo5-8, 49549942, car
yolo5-9, 49549942, car
yolo3-10, 49549942, car
yolo3-10, 66373126, car
yolo5-9, 66373126, car
yolo3-10, 76099242, car
yolo5-9, 76099242, car
yolo3-10, 60515377, car
yolo5-9, 60515377, car
yolo3-10, 12766953, car
yolo5-9, 12766953, car
yolo5-9, 40209681, car
yolo3-10, 40209681, car
yolo3-10, 49792800, car
yolo5-9, 49792800, car
yolo3-10, 61721261, car
yolo5-9, 61721261, car

========== Time: 13 ==========
yolo5-9, 84889628, car
yolo3-10, 84889628, car
yolo5-9, 91032927, car
yolo3-10, 91032927, car
yolo5-9, 92481079, car
yolo3-10, 92481079, car
yolo5-edge-8, 92481079, car
yolo5-9, 57042193, car
yolo3-10, 57042193, car
yolo5-edge-8, 57042193, car
yolo5-edge-8, 93011266, car
yolo3-10, 93011266, car
yolo5-9, 93011266, car
yolo5-edge-8, 99274081, car
yolo3-10, 99274081, car
yolo5-9, 99274081, car
yolo5-edge-8, 41555475, car
yolo3-10, 41555475, car
yolo5-9, 41555475, car
yolo5-9, 66311506, car
yolo3-10, 66311506, car
yolo5-edge-8, 66311506, car
yolo5-9, 18240210, train
yolo5-edge-8, 18240210, train
yolo5-9, 78365875, car
yolo5-edge-8, 78365875, car
yolo5-edge-8, 03866728, car
yolo5-9, 03866728, car
yolo5-9, 86244699, train
yolo5-edge-8, 86244699, train
yolo5-9, 39385636, car
yolo5-edge-8, 39385636, car
yolo5-9, 06655542, sofa
yolo5-edge-8, 06655542, sofa
yolo5-9, 96178325, aeroplane

========== Time: 14 ==========
yolo5-edge-8, 96178325, aeroplane
yolo5-9, 25025977, train
yolo5-edge-8, 25025977, train
yolo5-9, 83752171, car
yolo5-edge-8, 83752171, car
yolo5-9, 72308038, car
yolo5-edge-8, 72308038, car
yolo5-9, 66829493, car
yolo5-edge-8, 66829493, car
yolo5-9, 99744531, car
yolo5-edge-8, 99744531, car
yolo5-9, 48871804, car
yolo5-edge-8, 48871804, car
yolo5-9, 21799450, car
yolo5-edge-8, 21799450, car
yolo5-edge-8, 18563513, car
yolo5-9, 18563513, car
yolo5-edge-8, 96523556, car
yolo5-9, 96523556, car
yolo5-9, 81338983, car
yolo5-edge-8, 81338983, car
yolo5-9, 48896290, train
yolo5-edge-8, 48896290, train
yolo5-9, 35954832, train
yolo5-edge-8, 35954832, train
yolo5-9, 33538662, car
yolo1-11, 99744531, car
yolo5-edge-8, 33538662, car
yolo12-12, 48871804, car
yolo1-11, 48871804, car
yolo12-12, 21799450, car
yolo5-9, 00630029, car
yolo1-11, 21799450, car
yolo5-edge-8, 00630029, car
yolo12-12, 18563513, car
yolo4-11, 48871804, car
yolo1-11, 18563513, car
yolo12-12, 96523556, car
yolo4-11, 21799450, car
yolo1-11, 96523556, car

========== Time: 15 ==========
yolo5-edge-8, 05158355, car
yolo5-9, 05158355, car
yolo12-12, 81338983, car
yolo4-11, 18563513, car
yolo1-11, 81338983, car
yolo12-12, 48896290, train
yolo4-11, 96523556, car
yolo1-11, 48896290, train
yolo5-9, 19159276, car
yolo5-edge-8, 19159276, car
yolo4-11, 81338983, car
yolo12-12, 35954832, train
yolo1-11, 35954832, train
yolo12-12, 33538662, car
yolo4-11, 48896290, train
yolo1-11, 33538662, car
yolo5-9, 84398749, car
yolo5-edge-8, 84398749, car
yolo12-12, 00630029, car
yolo4-11, 35954832, train
yolo1-11, 00630029, car
yolo12-12, 05158355, car
yolo4-11, 33538662, car
yolo1-11, 05158355, car
yolo5-9, 65549529, car
yolo5-edge-8, 65549529, car
yolo1-11, 19159276, car
yolo4-11, 00630029, car
yolo12-12, 19159276, car
yolo4-11, 05158355, car
yolo1-11, 84398749, car
yolo5-edge-8, 55089576, car
yolo12-12, 84398749, car
yolo5-9, 55089576, car
yolo4-11, 19159276, car
yolo1-11, 65549529, car
yolo12-12, 65549529, car
yolo4-11, 84398749, car
yolo1-11, 55089576, car
yolo12-12, 55089576, car
yolo5-edge-8, 39684718, car
yolo5-9, 39684718, car
yolo4-11, 65549529, car
yolo1-11, 39684718, car
yolo12-12, 39684718, car
yolo11-12, 19159276, car
yolo4-11, 55089576, car
yolo5-edge-8, 58102937, car
yolo1-11, 58102937, car
yolo5-9, 58102937, car
yolo12-12, 58102937, car
yolo11-12, 84398749, car
yolo4-11, 39684718, car
yolo11-12, 65549529, car
yolo4-11, 58102937, car
yolo5-edge-8, 96481914, car
yolo11-12, 55089576, car
yolo5-9, 96481914, car
yolo12-12, 96481914, car
yolo4-11, 96481914, car
yolo1-11, 96481914, car
yolo11-12, 39684718, car
yolo5-9, 83255675, car
yolo1-11, 83255675, car
yolo5-edge-8, 83255675, car
yolo5-9, 61568005, car
yolo1-11, 61568005, car
yolo5-edge-8, 61568005, car
yolo1-11, 76532179, car
yolo5-9, 76532179, car
yolo5-edge-8, 76532179, car
yolo1-11, 41687598, car
yolo5-9, 41687598, car
yolo5-edge-8, 41687598, car
yolo5-9, 92102530, car
yolo1-11, 92102530, car
yolo5-edge-8, 92102530, car
yolo5-edge-8, 58698624, car
yolo1-11, 58698624, car
yolo5-9, 58698624, car
yolo5-edge-8, 09461279, car
yolo5-9, 09461279, car
yolo1-11, 09461279, car
yolo5-9, 83400815, car
yolo5-edge-8, 83400815, car
yolo4-15, 83400815, car
yolo1-11, 83400815, car
yolo5-edge-8, 26349505, car
yolo4-15, 26349505, car
yolo5-9, 26349505, car
yolo1-11, 26349505, car

========== Time: 16 ==========
yolo5-9, 78563513, car
yolo5-edge-8, 78563513, car
yolo4-15, 78563513, car
yolo1-11, 78563513, car
yolo1-11, 37399693, car
yolo5-edge-8, 37399693, car
yolo5-9, 37399693, car
yolo4-15, 37399693, car
yolo5-9, 98435986, car
yolo1-11, 98435986, car
yolo4-15, 98435986, car
yolo5-edge-8, 98435986, car
yolo1-11, 69727412, car
yolo5-edge-8, 69727412, car
yolo1-15, 69727412, car
yolo4-15, 69727412, car
yolo5-9, 69727412, car
yolo4-15, 16524424, car
yolo5-edge-8, 16524424, car
yolo1-15, 16524424, car
yolo5-9, 16524424, car
yolo1-11, 16524424, car
yolo5-edge-8, 26829144, car
yolo4-15, 26829144, car
yolo5-9, 26829144, car
yolo1-11, 26829144, car
yolo1-15, 26829144, car
yolo5-edge-8, 04827558, car
yolo5-9, 04827558, car
yolo1-15, 04827558, car
yolo1-11, 04827558, car
yolo4-15, 04827558, car
yolo5-edge-8, 44526931, car
yolo1-15, 44526931, car
yolo1-11, 44526931, car
yolo4-15, 44526931, car
yolo5-9, 44526931, car
yolo5-edge-8, 02573657, car
yolo5-9, 02573657, car
yolo1-11, 02573657, car
yolo1-15, 02573657, car
yolo4-15, 02573657, car
yolo4-15, 39854147, car
yolo5-edge-8, 39854147, car
yolo1-15, 39854147, car
yolo5-9, 39854147, car
yolo1-11, 39854147, car
yolo5-edge-8, 63890105, car
yolo4-15, 63890105, car
yolo5-9, 63890105, car
yolo1-11, 63890105, car
yolo1-15, 63890105, car
yolo5-edge-8, 92027773, car
yolo1-11, 92027773, car
yolo1-15, 92027773, car
yolo5-9, 92027773, car
yolo4-15, 92027773, car
yolo5-edge-8, 01001781, car
yolo1-11, 01001781, car
yolo4-15, 01001781, car
yolo5-9, 01001781, car
yolo1-15, 01001781, car
yolo1-11, 98806959, car
yolo5-edge-8, 98806959, car
yolo1-15, 98806959, car
yolo5-9, 98806959, car
yolo4-15, 98806959, car
yolo5-9, 53032758, car
yolo1-11, 53032758, car
yolo4-15, 53032758, car
yolo1-15, 53032758, car
yolo5-edge-8, 53032758, car
yolo5-9, 73706126, car
yolo5-edge-8, 73706126, car
yolo1-11, 73706126, car
yolo4-15, 73706126, car
yolo1-15, 73706126, car
yolo5-edge-8, 31185558, car
yolo1-11, 31185558, car
yolo5-9, 31185558, car
yolo1-15, 31185558, car
yolo4-15, 31185558, car
yolo1-11, 09177575, car
yolo5-edge-8, 09177575, car
yolo4-15, 09177575, car
yolo1-15, 09177575, car
yolo5-9, 09177575, car
yolo10-13, 44526931, car
yolo10-13, 02573657, car
yolo5-edge-8, 26402264, car
yolo1-15, 26402264, car
yolo5-9, 26402264, car
yolo1-11, 26402264, car
yolo4-15, 26402264, car
yolo10-13, 39854147, car
yolo10-13, 63890105, car
yolo5-edge-8, 23184463, car
yolo1-11, 23184463, car
yolo5-9, 23184463, car
yolo4-15, 23184463, car
yolo1-15, 23184463, car
yolo10-13, 92027773, car
yolo10-13, 01001781, car
yolo1-11, 99012169, car
yolo5-edge-8, 99012169, car
yolo5-9, 99012169, car
yolo4-15, 99012169, car
yolo1-15, 99012169, car
yolo10-13, 98806959, car
yolo10-13, 53032758, car
yolo5-edge-8, 70336735, car
yolo4-15, 70336735, car
yolo5-9, 70336735, car
yolo1-15, 70336735, car
yolo1-11, 70336735, car
yolo10-13, 73706126, car

========== Time: 17 ==========
yolo10-13, 31185558, car
yolo1-11, 60187080, car
yolo1-15, 60187080, car
yolo5-9, 60187080, car
yolo5-edge-8, 60187080, car
yolo10-13, 09177575, car
yolo10-13, 26402264, car
yolo5-edge-8, 22963353, car
yolo5-9, 22963353, car
yolo1-15, 22963353, car
yolo1-11, 22963353, car
yolo10-13, 23184463, car
yolo1-11, 27770945, car
yolo5-9, 27770945, car
yolo1-15, 27770945, car
yolo10-13, 99012169, car
yolo5-edge-8, 27770945, car
yolo10-13, 70336735, car
yolo5-9, 19843185, train
yolo1-11, 19843185, train
yolo1-15, 19843185, train
yolo5-edge-8, 19843185, train
yolo10-13, 60187080, car
yolo10-13, 22963353, car
yolo5-edge-8, 77457566, car
yolo5-9, 77457566, car
yolo1-15, 77457566, car
yolo1-11, 77457566, car
yolo10-13, 27770945, car
yolo4-15, 60187080, car
yolo10-13, 19843185, train
yolo4-15, 22963353, car
yolo5-edge-8, 35445355, car
yolo1-15, 35445355, car
yolo5-9, 35445355, car
yolo1-11, 35445355, car
yolo10-13, 77457566, car
yolo4-15, 27770945, car
yolo10-13, 35445355, car
yolo4-15, 19843185, train
yolo5-edge-8, 49932025, car
yolo1-15, 49932025, car
yolo5-9, 49932025, car
yolo4-15, 77457566, car
yolo1-11, 49932025, car
yolo10-13, 49932025, car
yolo4-15, 35445355, car

========== Time: 18 ==========
yolo5-edge-8, 56366408, car
yolo10-13, 56366408, car
yolo1-15, 56366408, car
yolo5-9, 56366408, car
yolo4-15, 49932025, car
yolo4-15, 56366408, car
yolo10-13, 05183991, car
yolo5-9, 05183991, car
yolo1-15, 05183991, car
yolo5-edge-8, 05183991, car
yolo4-15, 05183991, car
yolo1-15, 90719728, train
yolo5-9, 90719728, train
yolo10-13, 90719728, train
yolo4-15, 90719728, train
yolo5-edge-8, 90719728, train
yolo5-9, 28745058, car
yolo10-13, 28745058, car
yolo1-15, 28745058, car
yolo4-15, 28745058, car
yolo5-edge-8, 28745058, car
yolo1-15, 98360147, car
yolo5-edge-8, 98360147, car
yolo10-13, 98360147, car
yolo4-15, 98360147, car
yolo5-9, 98360147, car
yolo4-15, 06762229, car
yolo5-9, 06762229, car
yolo1-15, 06762229, car
yolo10-13, 06762229, car
yolo5-edge-8, 06762229, car
yolo5-edge-8, 51558645, sofa
yolo5-9, 51558645, sofa
yolo4-15, 51558645, sofa
yolo1-15, 51558645, sofa
yolo10-13, 51558645, sofa
yolo10-13, 79060662, aeroplane
yolo4-15, 79060662, aeroplane
yolo5-9, 79060662, aeroplane
yolo1-15, 79060662, aeroplane
yolo5-edge-8, 79060662, aeroplane
yolo5-9, 59291160, aeroplane
yolo4-15, 59291160, aeroplane
yolo3-15, 98360147, car
yolo10-13, 59291160, aeroplane
yolo1-15, 59291160, aeroplane
yolo3-15, 06762229, car
yolo1-15, 24561905, car
yolo10-13, 24561905, car
yolo5-9, 24561905, car
yolo4-15, 24561905, car
yolo3-15, 51558645, sofa
yolo3-15, 79060662, aeroplane
yolo1-15, 37821299, car
yolo4-15, 37821299, car
yolo10-13, 37821299, car
yolo5-9, 37821299, car
yolo3-15, 59291160, aeroplane
yolo8-15, 28745058, car
yolo3-15, 24561905, car
yolo8-15, 98360147, car
yolo3-15, 37821299, car
yolo5-9, 20397508, train
yolo8-15, 06762229, car
yolo4-15, 20397508, train
yolo10-13, 20397508, train
yolo1-15, 20397508, train
yolo8-15, 51558645, sofa
yolo3-15, 20397508, train
yolo1-15, 28521082, car
yolo5-9, 28521082, car
yolo4-15, 28521082, car
yolo3-15, 28521082, car
yolo8-15, 79060662, aeroplane
yolo10-13, 28521082, car
yolo8-15, 59291160, aeroplane
yolo1-15, 95733315, car
yolo3-15, 95733315, car
yolo10-13, 95733315, car
yolo5-9, 95733315, car
yolo4-15, 95733315, car
yolo8-15, 24561905, car
yolo8-15, 37821299, car
yolo1-15, 81623130, car
yolo3-15, 81623130, car
yolo10-13, 81623130, car
yolo5-9, 81623130, car
yolo4-15, 81623130, car
yolo8-15, 20397508, train
yolo8-15, 28521082, car
yolo3-15, 68179305, car
yolo10-13, 68179305, car
yolo5-9, 68179305, car
yolo4-15, 68179305, car
yolo8-15, 95733315, car
yolo7-15, 20397508, train

========== Time: 19 ==========
yolo8-15, 81623130, car
yolo7-15, 28521082, car
yolo4-15, 31540651, car
yolo3-15, 31540651, car
yolo5-9, 31540651, car
yolo10-13, 31540651, car
yolo8-15, 68179305, car
yolo7-15, 95733315, car
yolo3-15, 41233686, train
yolo10-13, 41233686, train
yolo8-15, 31540651, car
yolo7-15, 81623130, car
yolo4-15, 41233686, train
yolo8-15, 41233686, train
yolo7-15, 68179305, car
yolo5-9, 41233686, train
yolo8-15, 37912259, car
yolo7-15, 31540651, car
yolo4-15, 37912259, car
yolo3-15, 37912259, car
yolo7-15, 41233686, train
yolo10-13, 37912259, car
yolo8-15, 15350208, car
yolo3-15, 15350208, car
yolo8-15, 67586805, car
yolo4-15, 15350208, car
yolo7-15, 37912259, car
yolo3-15, 67586805, car
yolo10-13, 15350208, car
yolo7-15, 15350208, car
yolo4-15, 67586805, car
yolo1-15, 68179305, car
yolo8-15, 28875004, car
yolo3-15, 28875004, car
yolo10-13, 67586805, car
yolo7-15, 67586805, car
yolo4-15, 28875004, car
yolo10-13, 28875004, car
yolo7-15, 28875004, car
yolo5-9, 37912259, car
yolo1-15, 31540651, car
yolo3-15, 40928150, car
yolo8-15, 40928150, car
yolo4-15, 40928150, car
yolo7-15, 40928150, car
yolo10-13, 40928150, car
yolo1-15, 41233686, train
yolo3-15, 40556887, car
yolo4-15, 40556887, car
yolo1-15, 37912259, car
yolo7-15, 40556887, car
yolo8-15, 40556887, car
yolo10-13, 40556887, car
yolo1-15, 15350208, car
yolo7-15, 80579311, car
yolo3-15, 80579311, car
yolo4-15, 80579311, car
yolo8-15, 80579311, car
yolo10-13, 80579311, car
yolo1-15, 67586805, car
yolo1-15, 28875004, car
yolo8-15, 04480315, car
yolo7-15, 04480315, car
yolo3-15, 04480315, car
yolo4-15, 04480315, car
yolo1-15, 40928150, car
yolo8-15, 77017071, car
yolo3-15, 77017071, car
yolo1-15, 40556887, car
yolo7-15, 77017071, car
yolo4-15, 77017071, car
yolo10-13, 04480315, car
yolo7-15, 53685032, car
yolo3-15, 53685032, car
yolo1-15, 80579311, car
yolo4-15, 53685032, car
yolo8-15, 53685032, car
yolo1-15, 04480315, car
yolo10-13, 77017071, car
yolo3-15, 30196465, car
yolo7-15, 30196465, car
yolo4-15, 30196465, car
yolo8-15, 30196465, car
yolo1-15, 77017071, car
yolo10-13, 53685032, car
yolo1-15, 53685032, car
yolo10-13, 30196465, car
yolo8-15, 99143418, car
yolo3-15, 99143418, car
yolo7-15, 99143418, car
yolo4-15, 99143418, car
yolo1-15, 30196465, car
yolo10-13, 99143418, car
yolo1-15, 99143418, car
yolo7-15, 59610992, car
yolo3-15, 59610992, car
yolo8-15, 59610992, car
yolo10-13, 59610992, car
yolo4-15, 59610992, car
yolo1-15, 59610992, car
yolo7-15, 51859374, car
yolo8-15, 51859374, car
yolo3-15, 51859374, car
yolo4-15, 51859374, car
yolo1-15, 51859374, car
yolo10-13, 51859374, car
yolo7-15, 04716643, car
yolo4-15, 04716643, car
yolo1-15, 04716643, car
yolo8-15, 04716643, car
yolo10-13, 04716643, car
yolo3-15, 04716643, car

========== Time: 20 ==========
yolo7-15, 65512550, car
yolo3-15, 65512550, car
yolo8-15, 65512550, car
yolo4-15, 65512550, car
yolo1-15, 65512550, car
yolo10-13, 65512550, car
yolo7-15, 73915237, car
yolo1-15, 73915237, car
yolo3-15, 73915237, car
yolo8-15, 73915237, car
yolo10-13, 73915237, car
yolo4-15, 73915237, car
yolo3-15, 12859755, car
yolo10-13, 12859755, car
yolo8-15, 12859755, car
yolo4-15, 12859755, car
yolo7-15, 12859755, car
yolo1-15, 12859755, car
yolo1-15, 13628683, car
yolo4-15, 13628683, car
yolo3-15, 13628683, car
yolo7-15, 13628683, car
yolo8-15, 13628683, car
yolo10-13, 13628683, car
yolo7-15, 06824691, car
yolo1-15, 06824691, car
yolo10-13, 06824691, car
yolo4-15, 06824691, car
yolo8-15, 06824691, car
yolo3-15, 06824691, car
yolo7-15, 16368799, car
yolo1-15, 16368799, car
yolo3-15, 16368799, car
yolo4-15, 16368799, car
yolo10-13, 16368799, car
yolo8-15, 16368799, car
yolo8-15, 47412231, car
yolo7-15, 47412231, car
yolo1-15, 47412231, car
yolo3-15, 47412231, car
yolo4-15, 47412231, car
yolo10-13, 47412231, car
yolo3-15, 09672310, car
yolo7-15, 09672310, car
yolo8-15, 09672310, car
yolo1-15, 09672310, car
yolo4-15, 09672310, car
yolo10-13, 09672310, car
yolo8-15, 03280636, bottle
yolo7-15, 03280636, bottle
yolo1-15, 03280636, bottle
yolo3-15, 03280636, bottle
yolo4-15, 03280636, bottle
yolo10-13, 03280636, bottle
yolo7-15, 87015724, car
yolo8-15, 87015724, car
yolo4-15, 87015724, car
yolo3-15, 87015724, car
yolo1-15, 87015724, car
yolo10-13, 87015724, car
yolo3-15, 47776678, car
yolo8-15, 47776678, car
yolo7-15, 47776678, car
yolo1-15, 47776678, car
yolo4-15, 47776678, car
yolo10-13, 47776678, car
yolo3-15, 36010974, car
yolo4-15, 36010974, car
yolo8-15, 36010974, car
yolo7-15, 36010974, car
yolo10-13, 36010974, car
yolo10-13, 87629309, car
yolo3-15, 87629309, car
yolo4-15, 87629309, car
yolo8-15, 87629309, car
yolo7-15, 87629309, car
yolo4-15, 74910052, boat
yolo8-15, 74910052, boat
yolo10-13, 74910052, boat
yolo3-15, 74910052, boat
yolo4-15, 17174803, car
yolo10-13, 17174803, car
yolo8-15, 17174803, car
yolo3-15, 17174803, car
yolo4-15, 47122803, car
yolo10-13, 47122803, car
yolo3-15, 47122803, car
yolo8-15, 47122803, car
yolo8-19, 47122803, car
yolo8-15, 88669766, car
yolo3-15, 88669766, car
yolo8-19, 88669766, car
yolo10-13, 88669766, car
yolo10-19, 88669766, car
yolo4-15, 88669766, car
yolo3-15, 66940134, car
yolo10-19, 66940134, car
yolo8-15, 66940134, car
yolo4-15, 66940134, car
yolo8-19, 66940134, car
yolo10-13, 66940134, car
yolo8-15, 74168850, car
yolo4-15, 74168850, car
yolo8-19, 74168850, car
yolo10-13, 74168850, car
yolo10-19, 74168850, car
yolo3-15, 74168850, car
yolo3-15, 78193883, car
yolo4-15, 78193883, car
yolo8-15, 78193883, car
yolo10-13, 78193883, car
yolo10-19, 78193883, car
yolo8-19, 78193883, car
yolo3-15, 66502873, car
yolo4-15, 66502873, car
yolo10-13, 66502873, car
yolo8-19, 66502873, car
yolo8-15, 66502873, car
yolo10-19, 66502873, car
yolo10-13, 75693284, boat
yolo4-15, 75693284, boat
yolo8-15, 75693284, boat
yolo8-19, 75693284, boat
yolo3-15, 75693284, boat
yolo10-19, 75693284, boat
yolo10-19, 91878508, car
yolo8-19, 91878508, car
yolo8-15, 91878508, car
yolo10-13, 91878508, car
yolo3-15, 91878508, car
yolo4-15, 91878508, car
yolo8-15, 04132885, car
yolo4-15, 04132885, car
yolo8-19, 04132885, car
yolo10-13, 04132885, car
yolo10-19, 04132885, car
yolo3-15, 04132885, car
yolo4-15, 50950736, car
yolo10-19, 50950736, car
yolo3-15, 50950736, car
yolo10-13, 50950736, car
yolo8-19, 50950736, car
yolo8-15, 50950736, car
yolo4-15, 20335957, train
yolo3-15, 20335957, train
yolo10-13, 20335957, train
yolo10-19, 20335957, train
yolo8-15, 20335957, train
yolo8-19, 20335957, train
yolo10-13, 16844256, car
yolo12-19, 74168850, car
yolo3-15, 16844256, car
yolo10-19, 16844256, car
yolo8-15, 16844256, car
yolo4-15, 16844256, car
yolo8-19, 16844256, car
yolo12-19, 78193883, car
yolo12-19, 66502873, car
yolo3-15, 82767188, car
yolo10-19, 82767188, car
yolo8-19, 82767188, car
yolo10-13, 82767188, car
yolo8-15, 82767188, car
yolo4-15, 82767188, car
yolo12-19, 75693284, boat
yolo10-19, 12692654, car
yolo8-19, 12692654, car
yolo3-15, 12692654, car
yolo10-13, 12692654, car
yolo8-15, 12692654, car
yolo4-15, 12692654, car
yolo12-19, 91878508, car
yolo12-19, 04132885, car
yolo8-19, 13673885, car
yolo8-15, 13673885, car
yolo3-15, 13673885, car
yolo10-19, 13673885, car
yolo10-13, 13673885, car
yolo4-15, 13673885, car
yolo12-19, 50950736, car
yolo10-13, 67205376, car

========== Time: 21 ==========
yolo8-15, 67205376, car
yolo8-19, 67205376, car
yolo10-19, 67205376, car
yolo3-15, 67205376, car
yolo12-19, 20335957, train
yolo4-15, 67205376, car
yolo12-19, 16844256, car
yolo4-15, 14996098, car
yolo8-15, 14996098, car
yolo3-15, 14996098, car
yolo8-19, 14996098, car
yolo10-19, 14996098, car
yolo10-13, 14996098, car
yolo12-19, 82767188, car
yolo12-19, 12692654, car
yolo10-13, 70807503, car
yolo8-15, 70807503, car
yolo4-15, 70807503, car
yolo8-19, 70807503, car
yolo3-15, 70807503, car
yolo10-19, 70807503, car
yolo12-19, 13673885, car
yolo12-19, 67205376, car
yolo10-13, 77068680, car
yolo3-15, 77068680, car
yolo10-19, 77068680, car
yolo8-15, 77068680, car
yolo4-15, 77068680, car
yolo8-19, 77068680, car
yolo12-19, 14996098, car
yolo12-19, 70807503, car
yolo3-15, 47529106, car
yolo10-13, 47529106, car
yolo8-15, 47529106, car
yolo8-19, 47529106, car
yolo4-15, 47529106, car
yolo10-19, 47529106, car
yolo12-19, 77068680, car
yolo12-19, 47529106, car
yolo10-19, 24586031, car
yolo4-15, 24586031, car
yolo3-15, 24586031, car
yolo10-13, 24586031, car
yolo8-15, 24586031, car
yolo8-19, 24586031, car
yolo12-19, 24586031, car
yolo12-19, 48625960, car
yolo3-15, 48625960, car
yolo8-15, 48625960, car
yolo10-19, 48625960, car
yolo8-19, 48625960, car
yolo10-13, 48625960, car
yolo4-15, 48625960, car
yolo8-15, 56282549, car
yolo8-19, 56282549, car
yolo12-19, 56282549, car
yolo3-15, 56282549, car
yolo10-13, 56282549, car
yolo10-19, 56282549, car
yolo4-15, 56282549, car
yolo8-19, 61315940, car
yolo10-13, 61315940, car
yolo3-15, 61315940, car
yolo10-19, 61315940, car
yolo4-15, 61315940, car
yolo8-15, 61315940, car
yolo12-19, 61315940, car
yolo10-13, 71917040, car
yolo8-19, 71917040, car
yolo3-15, 71917040, car
yolo8-15, 71917040, car
yolo4-15, 71917040, car
yolo12-19, 71917040, car
yolo10-19, 71917040, car
yolo4-19, 71917040, car
yolo4-19, 86998631, car
yolo4-15, 86998631, car
yolo10-13, 86998631, car
yolo12-19, 86998631, car
yolo8-19, 86998631, car
yolo10-19, 86998631, car
yolo3-15, 86998631, car
yolo8-15, 86998631, car
yolo8-15, 78207646, car
yolo8-19, 78207646, car
yolo12-19, 78207646, car
yolo4-15, 78207646, car
yolo10-13, 78207646, car
yolo3-15, 78207646, car
yolo10-19, 78207646, car
yolo4-19, 78207646, car
yolo10-13, 10126748, car
yolo4-15, 10126748, car
yolo4-19, 10126748, car
yolo3-15, 10126748, car
yolo10-19, 10126748, car
yolo8-15, 10126748, car
yolo8-19, 10126748, car
yolo12-19, 10126748, car
yolo3-15, 71849971, car
yolo10-13, 71849971, car
yolo4-19, 71849971, car
yolo10-19, 71849971, car
yolo4-15, 71849971, car
yolo8-15, 71849971, car
yolo8-19, 71849971, car
yolo12-19, 71849971, car
yolo10-19, 74466888, car
yolo10-13, 74466888, car
yolo3-15, 74466888, car
yolo4-19, 74466888, car
yolo4-15, 74466888, car
yolo10-19, 77289306, car
yolo10-13, 77289306, car
yolo4-19, 77289306, car
yolo4-15, 77289306, car
yolo3-15, 77289306, car
yolo8-19, 74466888, car
yolo8-15, 74466888, car
yolo12-19, 74466888, car

========== Time: 22 ==========
yolo3-15, 60784052, car
yolo10-13, 60784052, car
yolo4-15, 60784052, car
yolo10-19, 60784052, car
yolo4-19, 60784052, car
yolo4-19, 29509363, car
yolo4-15, 29509363, car
yolo10-13, 29509363, car
yolo3-15, 29509363, car
yolo10-19, 29509363, car
yolo8-15, 77289306, car
yolo12-19, 77289306, car
yolo8-19, 77289306, car
yolo4-19, 61085301, car
yolo8-15, 60784052, car
yolo10-19, 61085301, car
yolo3-15, 61085301, car
yolo10-13, 61085301, car
yolo4-15, 61085301, car
yolo8-19, 60784052, car
yolo12-19, 60784052, car
yolo3-15, 13499567, train
yolo4-15, 13499567, train
yolo4-19, 13499567, train
yolo10-13, 13499567, train
yolo8-15, 29509363, car
yolo10-19, 13499567, train
yolo8-19, 29509363, car
yolo12-19, 29509363, car
yolo8-15, 61085301, car
yolo12-19, 61085301, car
yolo10-13, 50880779, boat
yolo4-19, 50880779, boat
yolo10-19, 50880779, boat
yolo3-15, 50880779, boat
yolo8-19, 61085301, car
yolo4-15, 50880779, boat
yolo8-15, 13499567, train
yolo10-19, 60640760, bottle
yolo12-19, 13499567, train
yolo4-19, 60640760, bottle
yolo10-13, 60640760, bottle
yolo4-15, 60640760, bottle
yolo8-19, 13499567, train
yolo3-15, 60640760, bottle
yolo12-19, 50880779, boat
yolo8-15, 50880779, boat
yolo4-15, 38621391, boat
yolo4-19, 38621391, boat
yolo10-19, 38621391, boat
yolo10-13, 38621391, boat
yolo8-19, 50880779, boat
yolo3-15, 38621391, boat
yolo8-15, 60640760, bottle
yolo12-19, 60640760, bottle
yolo8-19, 60640760, bottle
yolo4-15, 40377129, sofa
yolo4-19, 40377129, sofa
yolo8-15, 38621391, boat
yolo3-15, 40377129, sofa
yolo10-13, 40377129, sofa
yolo12-19, 38621391, boat
yolo10-19, 40377129, sofa
yolo8-19, 38621391, boat
yolo3-15, 19607413, car
yolo4-15, 19607413, car
yolo10-19, 19607413, car
yolo8-15, 40377129, sofa
yolo12-19, 40377129, sofa
yolo8-19, 40377129, sofa
yolo4-19, 19607413, car
yolo10-13, 19607413, car
yolo8-15, 19607413, car
yolo12-19, 19607413, car
yolo8-19, 19607413, car
yolo4-15, 49048916, car
yolo4-19, 49048916, car
yolo10-13, 49048916, car
yolo12-19, 49048916, car
yolo3-15, 49048916, car
yolo10-19, 49048916, car
yolo8-15, 49048916, car
yolo8-19, 49048916, car
yolo4-15, 97450940, sofa
yolo8-19, 97450940, sofa
yolo12-19, 97450940, sofa
yolo10-19, 97450940, sofa
yolo4-19, 97450940, sofa
yolo4-19, 05742613, sofa
yolo8-19, 05742613, sofa
yolo4-15, 05742613, sofa
yolo10-19, 05742613, sofa
yolo12-19, 05742613, sofa
yolo8-19, 94488890, train
yolo10-19, 94488890, train
yolo4-15, 94488890, train
yolo12-19, 94488890, train
yolo4-19, 94488890, train
yolo8-19, 70339519, train
yolo4-15, 70339519, train
yolo4-19, 70339519, train
yolo10-19, 70339519, train
yolo12-19, 70339519, train
yolo8-19, 52203565, aeroplane
yolo10-19, 52203565, aeroplane
yolo4-15, 52203565, aeroplane
yolo4-19, 52203565, aeroplane
yolo12-19, 52203565, aeroplane

========== Time: 23 ==========
yolo4-19, 22355462, car
yolo12-19, 22355462, car
yolo4-15, 22355462, car
yolo10-19, 22355462, car
yolo8-19, 22355462, car
yolo8-19, 50898999, car
yolo4-15, 50898999, car
yolo4-19, 50898999, car
yolo10-19, 50898999, car
yolo12-19, 50898999, car
yolo4-15, 77450084, aeroplane
yolo8-19, 77450084, aeroplane
yolo4-19, 77450084, aeroplane
yolo12-19, 77450084, aeroplane
yolo10-19, 77450084, aeroplane
yolo8-19, 27142021, boat
yolo12-19, 27142021, boat
yolo4-15, 27142021, boat
yolo4-19, 27142021, boat
yolo10-19, 27142021, boat
yolo4-19, 20547618, car
yolo8-19, 20547618, car
yolo4-15, 20547618, car
yolo12-19, 20547618, car
yolo10-19, 20547618, car
yolo8-19, 62513855, car
yolo4-15, 62513855, car
yolo10-19, 62513855, car
yolo4-19, 62513855, car
yolo12-19, 62513855, car
yolo8-19, 45528091, car
yolo4-19, 45528091, car
yolo12-19, 45528091, car
yolo10-19, 45528091, car
yolo4-15, 45528091, car
yolo10-19, 90060399, car
yolo4-19, 90060399, car
yolo8-19, 90060399, car
yolo12-19, 90060399, car
yolo4-15, 90060399, car
yolo12-19, 94219901, car
yolo4-15, 94219901, car
yolo10-19, 94219901, car
yolo8-19, 94219901, car
yolo4-19, 94219901, car
yolo10-19, 33075069, car
yolo8-19, 33075069, car
yolo12-19, 33075069, car
yolo4-19, 33075069, car
yolo4-15, 33075069, car
yolo4-19, 13852514, car
yolo4-15, 13852514, car
yolo8-19, 13852514, car
yolo12-19, 13852514, car
yolo10-19, 13852514, car
yolo8-19, 29974615, car
yolo4-15, 29974615, car
yolo12-19, 29974615, car
yolo4-19, 29974615, car
yolo10-19, 29974615, car
yolo8-19, 03056420, car
yolo12-19, 03056420, car
yolo4-15, 03056420, car
yolo4-19, 03056420, car
yolo10-19, 03056420, car
yolo10-19, 14944350, car
yolo8-19, 14944350, car
yolo4-19, 14944350, car
yolo4-15, 14944350, car
yolo12-19, 14944350, car
yolo8-19, 33519796, car
yolo4-19, 33519796, car
yolo10-19, 33519796, car
yolo12-19, 33519796, car
yolo4-15, 33519796, car

========== Time: 24 ==========
yolo4-15, 18333368, car
yolo8-19, 18333368, car
yolo12-19, 18333368, car
yolo10-19, 18333368, car
yolo4-19, 18333368, car
yolo8-19, 98765805, car
yolo4-19, 98765805, car
yolo12-19, 98765805, car
yolo4-15, 98765805, car
yolo10-19, 98765805, car
yolo4-19, 55568679, car
yolo8-19, 55568679, car
yolo10-19, 55568679, car
yolo4-15, 55568679, car
yolo12-19, 55568679, car
yolo4-19, 30040048, car
yolo8-19, 30040048, car
yolo12-19, 30040048, car
yolo10-19, 30040048, car
yolo4-15, 30040048, car
yolo10-19, 95173803, car
yolo4-15, 95173803, car
yolo8-19, 95173803, car
yolo12-19, 95173803, car
yolo4-19, 95173803, car
yolo4-19, 02089260, car
yolo8-19, 02089260, car
yolo4-15, 02089260, car
yolo12-19, 02089260, car
yolo10-19, 02089260, car
yolo8-19, 89714217, car
yolo12-19, 89714217, car
yolo10-19, 89714217, car
yolo4-15, 89714217, car
yolo4-19, 89714217, car
yolo4-15, 84576360, car
yolo8-19, 84576360, car
yolo10-19, 84576360, car
yolo4-19, 84576360, car
yolo12-19, 84576360, car
yolo8-19, 03950116, car
yolo4-15, 03950116, car
yolo10-19, 03950116, car
yolo12-19, 03950116, car
yolo4-19, 03950116, car
yolo4-15, 45397862, car
yolo10-19, 45397862, car
yolo12-19, 45397862, car
yolo8-19, 45397862, car
yolo4-19, 45397862, car
yolo8-19, 22749685, car
yolo4-15, 22749685, car
yolo10-19, 22749685, car
yolo4-19, 22749685, car
yolo12-19, 22749685, car
yolo4-19, 48807194, car
yolo4-15, 48807194, car
yolo10-19, 48807194, car
yolo8-19, 48807194, car
yolo12-19, 48807194, car
yolo4-19, 76892155, car
yolo12-19, 76892155, car
yolo4-15, 76892155, car
yolo10-19, 76892155, car
yolo8-19, 76892155, car
yolo4-19, 42404748, car
yolo4-15, 42404748, car
yolo8-19, 42404748, car
yolo12-19, 42404748, car
yolo10-19, 42404748, car
yolo12-19, 52425920, car
yolo10-19, 52425920, car
yolo4-19, 52425920, car
yolo8-19, 52425920, car
yolo4-15, 52425920, car
yolo12-19, 10669224, car
yolo4-15, 10669224, car
yolo4-19, 10669224, car
yolo10-19, 10669224, car
yolo8-19, 10669224, car

========== Time: 25 ==========
yolo4-19, 72428470, car
yolo4-15, 72428470, car
yolo12-19, 72428470, car
yolo8-19, 72428470, car
yolo10-19, 72428470, car
yolo4-15, 49404395, car
yolo8-19, 49404395, car
yolo4-19, 49404395, car
yolo12-19, 49404395, car
yolo10-19, 49404395, car
yolo4-15, 94225786, car
yolo12-19, 94225786, car
yolo8-19, 94225786, car
yolo4-19, 94225786, car
yolo10-19, 94225786, car
yolo4-15, 08181618, car
yolo12-19, 08181618, car
yolo10-19, 08181618, car
yolo4-19, 08181618, car
yolo8-19, 08181618, car
yolo4-19, 75066606, car
yolo8-19, 75066606, car
yolo10-19, 75066606, car
yolo4-15, 75066606, car
yolo12-19, 75066606, car
yolo12-19, 39293483, train
yolo4-15, 39293483, train
yolo4-19, 39293483, train
yolo8-19, 39293483, train
yolo10-19, 39293483, train
yolo8-19, 19286155, car
yolo4-15, 19286155, car
yolo4-19, 19286155, car
yolo10-19, 19286155, car
yolo12-19, 19286155, car
yolo8-19, 98319560, train
yolo12-19, 98319560, train
yolo4-15, 98319560, train
yolo4-19, 98319560, train
yolo10-19, 98319560, train
yolo4-19, 82150645, car
yolo10-19, 82150645, car
yolo12-19, 82150645, car
yolo4-19, 22527069, car
yolo10-19, 22527069, car
yolo12-19, 22527069, car
yolo4-19, 63020656, car
yolo12-19, 63020656, car
yolo10-19, 63020656, car
yolo10-19, 20087701, car
yolo4-19, 20087701, car
yolo12-19, 20087701, car
yolo12-19, 72180492, aeroplane
yolo10-19, 72180492, aeroplane
yolo4-19, 72180492, aeroplane
yolo12-19, 77517229, car
yolo10-19, 77517229, car
yolo4-19, 77517229, car
yolo4-19, 17082799, car
yolo10-19, 17082799, car
yolo12-19, 17082799, car
yolo4-19, 39077462, car
yolo12-19, 39077462, car
yolo10-19, 39077462, car
yolo4-19, 19411097, car
yolo12-19, 19411097, car
yolo10-19, 19411097, car
yolo4-19, 96622542, car
yolo12-19, 96622542, car
yolo10-19, 96622542, car
yolo4-19, 69377305, car
yolo12-19, 69377305, car
yolo10-19, 69377305, car
yolo4-19, 67520558, car
yolo10-19, 67520558, car
yolo12-19, 67520558, car
yolo4-19, 10318703, car
yolo12-19, 10318703, car
yolo10-19, 10318703, car
yolo10-19, 64101817, car
yolo4-19, 64101817, car
yolo12-19, 64101817, car
yolo10-19, 94319244, car
yolo12-19, 94319244, car
yolo4-19, 94319244, car
yolo4-19, 53628517, car
yolo12-19, 53628517, car
yolo10-19, 53628517, car
yolo10-19, 07258730, car
yolo12-19, 07258730, car
yolo4-19, 07258730, car
yolo10-19, 52866243, car
yolo12-19, 52866243, car
yolo4-19, 52866243, car
yolo12-19, 14216446, car
yolo4-19, 14216446, car
yolo10-19, 14216446, car
yolo12-19, 39677239, car
yolo4-19, 39677239, car
yolo10-19, 39677239, car
yolo12-19, 87804922, car
yolo4-19, 87804922, car
yolo10-19, 87804922, car
yolo4-19, 94729676, car
yolo12-19, 94729676, car
yolo10-19, 94729676, car
yolo12-19, 42223973, car
yolo4-19, 42223973, car
yolo10-19, 42223973, car
yolo8-23, 42223973, car
yolo4-19, 35742037, car
yolo8-23, 35742037, car
yolo10-19, 35742037, car
yolo12-19, 35742037, car
yolo4-19, 85399933, car
yolo8-23, 85399933, car
yolo10-19, 85399933, car
yolo12-19, 85399933, car
yolo8-23, 15319987, car
yolo4-19, 15319987, car
yolo12-19, 15319987, car
yolo10-19, 15319987, car
yolo4-19, 01004749, car
yolo12-19, 01004749, car
yolo8-23, 01004749, car
yolo10-19, 01004749, car

========== Time: 26 ==========
yolo8-23, 82258586, boat
yolo10-19, 82258586, boat
yolo4-19, 82258586, boat
yolo12-19, 82258586, boat
yolo8-23, 28724814, aeroplane
yolo4-19, 28724814, aeroplane
yolo10-19, 28724814, aeroplane
yolo12-19, 28724814, aeroplane
yolo4-19, 73460265, car
yolo10-19, 73460265, car
yolo12-19, 73460265, car
yolo8-23, 73460265, car
yolo10-19, 68741540, car
yolo8-23, 68741540, car
yolo12-19, 68741540, car
yolo4-19, 68741540, car
yolo10-19, 42642193, car
yolo4-19, 42642193, car
yolo12-19, 42642193, car
yolo8-23, 42642193, car
yolo8-23, 58826176, car
yolo12-19, 58826176, car
yolo10-19, 58826176, car
yolo4-19, 58826176, car
yolo12-19, 18605148, car
yolo8-23, 18605148, car
yolo4-19, 18605148, car
yolo10-19, 18605148, car
yolo8-23, 03908821, car
yolo12-19, 03908821, car
yolo10-19, 03908821, car
yolo4-19, 03908821, car
yolo8-23, 77342602, car
yolo12-19, 77342602, car
yolo4-19, 77342602, car
yolo10-19, 77342602, car
yolo12-19, 29113676, car
yolo10-19, 29113676, car
yolo8-23, 29113676, car
yolo4-19, 29113676, car
yolo4-19, 78099147, boat
yolo10-19, 78099147, boat
yolo8-23, 78099147, boat
yolo12-19, 78099147, boat
yolo8-23, 40777629, car
yolo12-19, 40777629, car
yolo4-19, 40777629, car
yolo10-19, 40777629, car
yolo8-23, 71597111, car
yolo12-19, 71597111, car
yolo10-19, 71597111, car
yolo4-19, 71597111, car
yolo8-23, 38662562, car
yolo4-19, 38662562, car
yolo10-19, 38662562, car
yolo12-19, 38662562, car
yolo4-19, 69043844, car
yolo8-23, 69043844, car
yolo10-19, 69043844, car
yolo12-19, 69043844, car
yolo12-19, 45911119, car
yolo4-19, 45911119, car
yolo10-19, 45911119, car
yolo8-23, 45911119, car
yolo10-19, 21152307, car
yolo8-23, 21152307, car
yolo4-19, 21152307, car
yolo12-19, 21152307, car

========== Time: 27 ==========
yolo4-19, 46273976, car
yolo8-23, 46273976, car
yolo12-19, 46273976, car
yolo10-19, 46273976, car
yolo10-19, 09358131, car
yolo12-19, 09358131, car
yolo8-23, 09358131, car
yolo4-19, 09358131, car
yolo11-18, 73460265, car
yolo12-19, 85343648, car
yolo4-19, 85343648, car
yolo8-23, 85343648, car
yolo10-19, 85343648, car
yolo11-18, 68741540, car
yolo3-22, 38662562, car
yolo11-18, 42642193, car
yolo3-22, 69043844, car
yolo4-19, 44483312, aeroplane
yolo12-19, 44483312, aeroplane
yolo8-23, 44483312, aeroplane
yolo10-19, 44483312, aeroplane
yolo11-18, 58826176, car
yolo3-22, 45911119, car
yolo3-22, 21152307, car
yolo11-18, 18605148, car
yolo8-23, 03108000, sofa
yolo4-19, 03108000, sofa
yolo12-19, 03108000, sofa
yolo10-19, 03108000, sofa
yolo3-22, 46273976, car
yolo11-18, 03908821, car
yolo3-22, 09358131, car
yolo11-18, 77342602, car
yolo10-19, 70043466, boat
yolo10-19, 33830637, bottle
yolo3-22, 85343648, car
yolo4-19, 70043466, boat
yolo12-19, 70043466, boat
yolo8-23, 70043466, boat
yolo11-18, 29113676, car
yolo4-19, 33830637, bottle
yolo3-22, 44483312, aeroplane
yolo11-18, 78099147, boat
yolo8-23, 33830637, bottle
yolo12-19, 33830637, bottle
yolo10-19, 18445491, car
yolo4-19, 18445491, car
yolo11-18, 40777629, car
yolo8-23, 18445491, car
yolo12-19, 18445491, car
yolo11-18, 71597111, car
yolo4-19, 71475744, boat
yolo8-23, 71475744, boat
yolo12-19, 71475744, boat
yolo11-18, 38662562, car
yolo11-18, 69043844, car
yolo8-23, 21960232, car
yolo4-19, 21960232, car
yolo12-19, 21960232, car
yolo11-18, 45911119, car
yolo11-18, 21152307, car
yolo4-19, 91399133, car
yolo12-19, 91399133, car
yolo8-23, 91399133, car
yolo11-18, 46273976, car
yolo11-18, 09358131, car
yolo12-19, 39611179, car
yolo8-23, 39611179, car
yolo4-19, 39611179, car
yolo11-18, 85343648, car
yolo11-18, 44483312, aeroplane
yolo4-19, 79263983, car
yolo12-19, 79263983, car
yolo8-23, 79263983, car
yolo11-18, 03108000, sofa
yolo4-19, 51480008, car
yolo12-19, 51480008, car
yolo8-23, 51480008, car
yolo11-18, 70043466, boat

========== Time: 28 ==========
yolo11-18, 33830637, bottle
yolo8-23, 86148301, car
yolo11-18, 18445491, car
yolo12-19, 86148301, car
yolo4-19, 86148301, car
yolo11-18, 71475744, boat
yolo4-19, 21693316, boat
yolo12-19, 21693316, boat
yolo8-23, 21693316, boat
yolo11-18, 21960232, car
yolo11-18, 91399133, car
yolo8-23, 80016179, car
yolo4-19, 80016179, car
yolo12-19, 80016179, car
yolo11-18, 39611179, car
yolo11-18, 79263983, car
yolo4-19, 56955574, car
yolo12-19, 56955574, car
yolo8-23, 56955574, car
yolo11-18, 51480008, car
yolo11-18, 86148301, car
yolo4-19, 39305532, car
yolo8-23, 39305532, car
yolo12-19, 39305532, car
yolo11-18, 21693316, boat
yolo11-18, 80016179, car
yolo4-19, 36357389, car
yolo12-19, 36357389, car
yolo8-23, 36357389, car
yolo11-18, 56955574, car
yolo11-18, 39305532, car
yolo8-23, 37460785, car
yolo12-19, 37460785, car
yolo4-19, 37460785, car
yolo11-18, 36357389, car
yolo8-26, 37460785, car
yolo11-18, 37460785, car
yolo12-19, 37724577, car
yolo8-26, 37724577, car
yolo8-23, 37724577, car
yolo8-23, 40509534, bottle
yolo8-26, 40509534, bottle
yolo12-19, 40509534, bottle
yolo12-19, 37514349, car
yolo8-26, 37514349, car
yolo8-23, 37514349, car
yolo8-26, 83077906, car
yolo8-23, 83077906, car
yolo12-19, 83077906, car
yolo8-23, 24320565, car
yolo12-19, 24320565, car
yolo8-26, 24320565, car
yolo8-23, 75068085, train
yolo8-26, 75068085, train
yolo12-19, 75068085, train
yolo8-26, 79454893, car
yolo8-23, 79454893, car
yolo12-19, 79454893, car
yolo8-26, 91079175, sofa
yolo12-19, 91079175, sofa
yolo8-23, 91079175, sofa
yolo8-26, 03336301, bottle
yolo8-23, 03336301, bottle
yolo12-19, 03336301, bottle

========== Time: 29 ==========
yolo8-23, 86405464, car
yolo12-19, 86405464, car
yolo8-26, 86405464, car
yolo2-22, 80016179, car
yolo2-22, 56955574, car
yolo8-23, 45873591, car
yolo8-26, 45873591, car
yolo12-19, 45873591, car
yolo2-22, 39305532, car
yolo8-23, 66060144, car
yolo8-26, 66060144, car
yolo12-19, 66060144, car
yolo2-22, 36357389, car
yolo2-22, 37460785, car
yolo12-19, 15035529, car
yolo8-26, 15035529, car
yolo8-23, 15035529, car
yolo2-22, 37724577, car
yolo2-22, 40509534, bottle
yolo8-23, 04698792, car
yolo8-26, 04698792, car
yolo12-19, 04698792, car
yolo2-22, 37514349, car
yolo2-22, 83077906, car
yolo12-19, 58405147, car
yolo8-23, 58405147, car
yolo8-26, 58405147, car
yolo2-22, 24320565, car
yolo2-22, 75068085, train
yolo8-23, 74690348, car
yolo12-19, 74690348, car
yolo8-26, 74690348, car
yolo2-22, 79454893, car
yolo2-22, 91079175, sofa
yolo8-26, 91021889, car
yolo12-19, 91021889, car
yolo8-23, 91021889, car
yolo2-22, 03336301, bottle
yolo2-22, 86405464, car
yolo2-22, 45873591, car
yolo8-26, 38311127, car
yolo8-23, 38311127, car
yolo12-19, 38311127, car
yolo2-22, 66060144, car
yolo8-26, 29508027, car
yolo2-22, 15035529, car
yolo8-23, 29508027, car
yolo12-19, 29508027, car
yolo2-22, 04698792, car
yolo8-23, 87125809, car
yolo8-26, 87125809, car
yolo2-22, 58405147, car
yolo12-19, 87125809, car
yolo2-22, 74690348, car
yolo8-26, 34769979, car
yolo12-19, 34769979, car
yolo8-23, 34769979, car
yolo2-22, 91021889, car
yolo8-23, 08740488, car
yolo2-22, 38311127, car
yolo8-26, 08740488, car
yolo12-19, 08740488, car
yolo2-22, 29508027, car
yolo8-26, 56981236, car
yolo8-23, 56981236, car
yolo12-19, 56981236, car
yolo2-22, 87125809, car
yolo2-22, 34769979, car
yolo12-19, 42899680, car
yolo8-23, 42899680, car
yolo8-26, 42899680, car
yolo2-28, 42899680, car

========== Time: 30 ==========
yolo2-22, 08740488, car
yolo2-22, 56981236, car
yolo10-25, 38311127, car
yolo8-26, 84466010, car
yolo8-23, 84466010, car
yolo2-28, 84466010, car
yolo12-19, 84466010, car
yolo10-25, 29508027, car
yolo2-22, 42899680, car
yolo2-22, 84466010, car
yolo10-25, 87125809, car
yolo8-23, 58030269, car
yolo2-28, 58030269, car
yolo12-19, 58030269, car
yolo8-26, 58030269, car
yolo10-25, 34769979, car
yolo2-22, 58030269, car
yolo10-25, 08740488, car
yolo8-26, 86251574, car
yolo8-23, 86251574, car
yolo2-28, 86251574, car
yolo2-22, 86251574, car
yolo10-25, 56981236, car
yolo10-25, 42899680, car
yolo8-23, 57720255, car
yolo2-22, 57720255, car
yolo2-28, 57720255, car
yolo8-26, 57720255, car
yolo10-25, 84466010, car
yolo2-28, 54254473, car
yolo10-25, 58030269, car
yolo2-22, 54254473, car
yolo8-26, 54254473, car
yolo8-23, 54254473, car
yolo10-25, 86251574, car
yolo8-23, 38585255, car
yolo10-25, 57720255, car
yolo2-22, 38585255, car
yolo2-28, 38585255, car
yolo8-26, 38585255, car
yolo10-25, 54254473, car
yolo2-22, 17517544, car
yolo8-23, 17517544, car
yolo2-28, 17517544, car
yolo8-26, 17517544, car
yolo10-25, 38585255, car
yolo10-25, 17517544, car
yolo8-26, 21454106, car
yolo2-22, 21454106, car
yolo8-23, 21454106, car
yolo2-28, 21454106, car
yolo2-28, 82777792, car
yolo8-26, 82777792, car
yolo2-22, 82777792, car
yolo8-23, 82777792, car
yolo8-26, 10645592, car
yolo8-23, 10645592, car
yolo2-22, 10645592, car
yolo2-28, 10645592, car
yolo8-23, 66287079, car
yolo2-28, 66287079, car
yolo2-22, 66287079, car
yolo8-26, 66287079, car
yolo2-28, 43372952, car
yolo8-26, 43372952, car
yolo8-23, 43372952, car
yolo2-22, 43372952, car
yolo1-26, 08740488, car
yolo1-26, 56981236, car
yolo8-23, 49622485, car
yolo2-22, 49622485, car
yolo8-26, 49622485, car
yolo2-28, 49622485, car
yolo1-26, 42899680, car
yolo1-26, 84466010, car
yolo2-22, 86975633, car
yolo8-26, 86975633, car
yolo2-28, 86975633, car
yolo8-23, 86975633, car
yolo1-26, 58030269, car
yolo1-26, 86251574, car
yolo8-23, 37635141, car
yolo2-22, 37635141, car
yolo8-26, 37635141, car
yolo2-28, 37635141, car
yolo1-26, 57720255, car
yolo1-26, 54254473, car
yolo5-24, 86251574, car
yolo8-23, 80322364, car
yolo2-28, 80322364, car
yolo8-26, 80322364, car
yolo1-28, 80322364, car
yolo2-22, 80322364, car
yolo1-26, 38585255, car
yolo5-24, 57720255, car
yolo1-26, 17517544, car
yolo5-24, 54254473, car
yolo8-26, 80791964, boat
yolo8-23, 80791964, boat
yolo2-28, 80791964, boat
yolo1-28, 80791964, boat
yolo2-22, 80791964, boat
yolo1-26, 21454106, car
yolo5-24, 38585255, car
yolo1-26, 82777792, car
yolo5-24, 17517544, car
yolo8-23, 36354598, sofa
yolo2-22, 36354598, sofa
yolo8-26, 36354598, sofa
yolo2-28, 36354598, sofa
yolo1-28, 36354598, sofa
yolo5-24, 21454106, car
yolo1-26, 10645592, car
yolo5-24, 82777792, car
yolo1-26, 66287079, car
yolo2-28, 68111760, car
yolo8-26, 68111760, car
yolo8-23, 68111760, car
yolo2-22, 68111760, car
yolo1-28, 68111760, car
yolo1-26, 43372952, car
yolo5-24, 10645592, car
yolo5-24, 66287079, car
yolo1-26, 49622485, car
yolo2-22, 11757872, boat
yolo8-26, 11757872, boat
yolo8-23, 11757872, boat
yolo2-28, 11757872, boat
yolo1-28, 11757872, boat
yolo1-26, 86975633, car
yolo5-24, 43372952, car
yolo5-24, 49622485, car
yolo1-26, 37635141, car
yolo8-23, 54042233, car
yolo2-22, 54042233, car
yolo8-26, 54042233, car
yolo1-28, 54042233, car
yolo2-28, 54042233, car
yolo1-26, 80322364, car
yolo5-24, 86975633, car
yolo1-26, 80791964, boat
yolo5-24, 37635141, car
yolo8-23, 72782654, car
yolo8-26, 72782654, car
yolo1-28, 72782654, car
yolo2-28, 72782654, car
yolo2-22, 72782654, car
yolo5-24, 80322364, car
yolo1-26, 36354598, sofa
yolo5-24, 80791964, boat
yolo1-26, 68111760, car
yolo2-22, 34257112, car
yolo2-28, 34257112, car
yolo8-26, 34257112, car
yolo1-28, 34257112, car
yolo8-23, 34257112, car
yolo5-24, 36354598, sofa
yolo1-26, 11757872, boat
yolo6-23, 80322364, car
yolo5-24, 68111760, car
yolo1-26, 54042233, car
yolo6-23, 80791964, boat
yolo8-26, 09950763, car
yolo2-22, 09950763, car
yolo8-23, 09950763, car
yolo2-28, 09950763, car
yolo1-28, 09950763, car
yolo5-24, 11757872, boat
yolo1-26, 72782654, car
yolo6-23, 36354598, sofa
yolo5-24, 54042233, car
yolo1-26, 34257112, car
yolo6-23, 68111760, car
yolo2-22, 46788425, car
yolo8-26, 46788425, car
yolo1-28, 46788425, car
yolo2-28, 46788425, car
yolo8-23, 46788425, car
yolo5-24, 72782654, car
yolo1-26, 09950763, car
yolo6-23, 11757872, boat
yolo5-24, 34257112, car
yolo1-26, 46788425, car
yolo8-23, 95673274, car
yolo2-22, 95673274, car
yolo1-28, 95673274, car
yolo2-28, 95673274, car
yolo8-26, 95673274, car
yolo6-23, 54042233, car
yolo5-24, 09950763, car
yolo1-26, 95673274, car
yolo6-23, 72782654, car
yolo5-24, 46788425, car
yolo1-26, 24436227, car
yolo2-22, 24436227, car
yolo2-28, 24436227, car
yolo1-28, 24436227, car
yolo8-26, 24436227, car
yolo8-23, 24436227, car
yolo6-23, 34257112, car
yolo5-24, 95673274, car
yolo6-23, 09950763, car
yolo5-24, 24436227, car
yolo2-28, 06155813, car
yolo1-26, 06155813, car
yolo8-26, 06155813, car
yolo1-28, 06155813, car
yolo8-23, 06155813, car
yolo2-22, 06155813, car
yolo6-23, 46788425, car
yolo5-24, 06155813, car
yolo6-23, 95673274, car
yolo5-24, 34372302, car
yolo2-28, 34372302, car
yolo2-22, 34372302, car
yolo1-28, 34372302, car
yolo1-26, 34372302, car
yolo8-23, 34372302, car
yolo8-26, 34372302, car
yolo6-23, 24436227, car
yolo5-24, 13704668, car
yolo2-22, 13704668, car
yolo2-28, 13704668, car
yolo1-28, 13704668, car
yolo1-26, 13704668, car
yolo6-23, 06155813, car
yolo8-23, 13704668, car
yolo8-26, 13704668, car
yolo6-23, 34372302, car
yolo1-26, 69505964, car
yolo2-22, 69505964, car
yolo2-28, 69505964, car
yolo8-23, 69505964, car
yolo5-24, 69505964, car
yolo8-26, 69505964, car
yolo1-28, 69505964, car
yolo6-23, 13704668, car
yolo6-23, 69505964, car
yolo1-28, 36356413, car
yolo8-26, 36356413, car
yolo2-22, 36356413, car
yolo1-26, 36356413, car
yolo8-23, 36356413, car
yolo5-24, 36356413, car
yolo2-28, 36356413, car
yolo6-23, 36356413, car
yolo2-22, 03593360, car
yolo1-26, 03593360, car
yolo2-28, 03593360, car
yolo8-23, 03593360, car
yolo8-26, 03593360, car
yolo1-28, 03593360, car
yolo5-24, 03593360, car
yolo6-23, 03593360, car
yolo1-26, 24445003, car
yolo1-28, 24445003, car
yolo2-22, 24445003, car
yolo2-28, 24445003, car
yolo8-26, 24445003, car
yolo8-23, 24445003, car
yolo1-28, 10239164, car
yolo2-28, 10239164, car
yolo2-22, 10239164, car
yolo1-26, 10239164, car
yolo5-24, 24445003, car
yolo6-23, 24445003, car
yolo8-26, 10239164, car
yolo8-23, 10239164, car
yolo5-24, 10239164, car
yolo1-28, 33310035, car
yolo2-22, 33310035, car
yolo2-28, 33310035, car
yolo1-26, 33310035, car
yolo8-23, 33310035, car
yolo8-26, 33310035, car
yolo6-23, 10239164, car
yolo5-24, 33310035, car
yolo1-26, 48475943, car
yolo2-28, 48475943, car
yolo6-23, 33310035, car
yolo1-28, 48475943, car
yolo8-26, 48475943, car
yolo5-24, 48475943, car
yolo2-22, 48475943, car
yolo8-23, 48475943, car
yolo6-23, 48475943, car
yolo2-28, 14895986, car
yolo8-26, 14895986, car
yolo5-24, 14895986, car
yolo2-22, 14895986, car
yolo8-23, 14895986, car
yolo1-26, 14895986, car
yolo1-28, 14895986, car
yolo6-23, 14895986, car
yolo12-28, 03593360, car
yolo1-28, 10422671, car
yolo1-26, 10422671, car
yolo2-22, 10422671, car
yolo2-28, 10422671, car
yolo5-24, 10422671, car
yolo6-23, 10422671, car
yolo8-26, 10422671, car
yolo8-23, 10422671, car
yolo1-28, 52249601, car
yolo6-23, 52249601, car
yolo1-26, 52249601, car
yolo8-23, 52249601, car
yolo2-22, 52249601, car
yolo2-28, 52249601, car
yolo5-24, 52249601, car
yolo8-26, 52249601, car
yolo12-28, 24445003, car
yolo12-28, 10239164, car
yolo2-28, 36450231, car
yolo1-26, 36450231, car
yolo5-24, 36450231, car
yolo1-28, 36450231, car
yolo2-22, 36450231, car
yolo8-23, 36450231, car
yolo6-23, 36450231, car
yolo8-26, 36450231, car
yolo12-28, 33310035, car
yolo3-28, 48475943, car
yolo12-28, 48475943, car
yolo5-24, 14146583, car
yolo1-26, 14146583, car
yolo1-28, 14146583, car
yolo6-23, 14146583, car
yolo2-28, 14146583, car
yolo2-22, 14146583, car
yolo8-26, 14146583, car
yolo8-23, 14146583, car
yolo3-28, 14895986, car
yolo12-28, 14895986, car
yolo1-26, 43622774, car
yolo2-28, 43622774, car
yolo5-24, 43622774, car
yolo2-22, 43622774, car
yolo1-28, 43622774, car
yolo6-23, 43622774, car
yolo8-23, 43622774, car
yolo8-26, 43622774, car
yolo3-28, 10422671, car
yolo12-28, 10422671, car
yolo3-28, 52249601, car
yolo1-26, 89589889, car
yolo6-23, 89589889, car
yolo2-28, 89589889, car
yolo8-26, 89589889, car
yolo1-28, 89589889, car
yolo5-24, 89589889, car
yolo12-28, 52249601, car
yolo8-23, 89589889, car
yolo2-22, 89589889, car
yolo3-28, 36450231, car
yolo12-28, 36450231, car
yolo3-28, 14146583, car
yolo2-22, 68925091, car
yolo1-28, 68925091, car
yolo6-23, 68925091, car
yolo1-26, 68925091, car
yolo5-24, 68925091, car
yolo8-26, 68925091, car
yolo2-28, 68925091, car
yolo8-23, 68925091, car
yolo12-28, 14146583, car
yolo3-28, 43622774, car
yolo8-26, 12649085, car
yolo2-28, 12649085, car
yolo5-24, 12649085, car
yolo2-22, 12649085, car
yolo1-26, 12649085, car
yolo1-28, 12649085, car
yolo8-23, 12649085, car
yolo6-23, 12649085, car
yolo12-28, 43622774, car
yolo3-28, 89589889, car
yolo12-28, 89589889, car
yolo4-29, 14146583, car
yolo3-28, 68925091, car
yolo1-26, 38803035, car
yolo8-23, 38803035, car
yolo2-28, 38803035, car
yolo6-23, 38803035, car
yolo2-22, 38803035, car
yolo1-28, 38803035, car
yolo5-24, 38803035, car
yolo8-26, 38803035, car
yolo3-28, 12649085, car
yolo12-28, 68925091, car
yolo4-29, 43622774, car
yolo3-28, 38803035, car
yolo2-28, 23188082, car
yolo6-23, 23188082, car
yolo12-28, 12649085, car
yolo5-24, 23188082, car
yolo8-23, 23188082, car
yolo1-28, 23188082, car
yolo1-26, 23188082, car
yolo4-29, 89589889, car
yolo2-22, 23188082, car
yolo8-26, 23188082, car
yolo3-28, 23188082, car
yolo12-28, 38803035, car
yolo4-29, 68925091, car
yolo2-22, 43060612, car
yolo5-24, 43060612, car
yolo6-23, 43060612, car
yolo3-28, 43060612, car
yolo1-28, 43060612, car
yolo1-26, 43060612, car
yolo8-23, 43060612, car
yolo8-26, 43060612, car
yolo2-28, 43060612, car
yolo12-28, 23188082, car
yolo4-29, 12649085, car
yolo3-28, 09331129, car
yolo6-23, 09331129, car
yolo8-26, 09331129, car
yolo8-23, 09331129, car
yolo12-28, 43060612, car
yolo1-28, 09331129, car
yolo5-24, 09331129, car
yolo2-22, 09331129, car
yolo1-26, 09331129, car
yolo2-28, 09331129, car
yolo4-29, 38803035, car
yolo12-28, 09331129, car
yolo1-26, 83069133, car
yolo4-29, 23188082, car
yolo2-28, 83069133, car
yolo5-24, 83069133, car
yolo2-22, 83069133, car
yolo8-23, 83069133, car
yolo3-28, 83069133, car
yolo1-28, 83069133, car
yolo8-26, 83069133, car
yolo6-23, 83069133, car
yolo12-28, 83069133, car
yolo4-29, 43060612, car
yolo2-22, 99556509, car
yolo5-24, 99556509, car
yolo3-28, 99556509, car
yolo12-28, 99556509, car
yolo6-23, 99556509, car
yolo2-28, 99556509, car
yolo1-26, 99556509, car
yolo8-26, 99556509, car
yolo8-23, 99556509, car
yolo1-28, 99556509, car
yolo4-29, 09331129, car
yolo4-29, 83069133, car
yolo12-28, 71353462, car
yolo2-28, 71353462, car
yolo6-23, 71353462, car
yolo3-28, 71353462, car
yolo5-24, 71353462, car
yolo8-26, 71353462, car
yolo1-28, 71353462, car
yolo8-23, 71353462, car
yolo1-26, 71353462, car
yolo2-22, 71353462, car
yolo4-29, 99556509, car
yolo2-28, 74377524, car
yolo5-24, 74377524, car
yolo1-28, 74377524, car
yolo3-28, 74377524, car
yolo12-28, 74377524, car
yolo1-26, 74377524, car
yolo8-23, 74377524, car
yolo2-22, 74377524, car
yolo8-26, 74377524, car
yolo6-23, 74377524, car
yolo4-29, 71353462, car
yolo4-29, 74377524, car
yolo2-22, 82266387, car
yolo5-24, 82266387, car
yolo1-26, 82266387, car
yolo8-23, 82266387, car
yolo3-28, 82266387, car
yolo2-28, 82266387, car
yolo8-26, 82266387, car
yolo1-28, 82266387, car
yolo6-23, 82266387, car
yolo12-28, 82266387, car
yolo4-29, 82266387, car
yolo2-22, 65326467, car
yolo3-28, 65326467, car
yolo8-23, 65326467, car
yolo2-28, 65326467, car
yolo1-26, 65326467, car
yolo5-24, 65326467, car
yolo8-26, 65326467, car
yolo1-28, 65326467, car
yolo12-28, 65326467, car
yolo6-23, 65326467, car
yolo4-29, 65326467, car
yolo1-26, 65458919, car
yolo5-24, 65458919, car
yolo2-22, 65458919, car
yolo12-28, 65458919, car
yolo4-29, 65458919, car
yolo2-28, 65458919, car
yolo3-28, 65458919, car
yolo8-23, 65458919, car
yolo6-23, 65458919, car
yolo8-26, 65458919, car
yolo1-28, 65458919, car
yolo2-28, 93627154, car
yolo2-22, 93627154, car
yolo1-26, 93627154, car
yolo12-28, 93627154, car
yolo3-28, 93627154, car
yolo5-24, 93627154, car
yolo1-28, 93627154, car
yolo4-29, 93627154, car
yolo8-23, 93627154, car
yolo6-23, 93627154, car
yolo8-26, 93627154, car
yolo8-26, 88683619, car
yolo3-28, 88683619, car
yolo1-26, 88683619, car
yolo2-22, 88683619, car
yolo4-29, 88683619, car
yolo1-28, 88683619, car
yolo12-28, 88683619, car
yolo2-28, 88683619, car
yolo6-23, 88683619, car
yolo5-24, 88683619, car
yolo8-23, 88683619, car
yolo8-26, 69498221, car
yolo2-22, 69498221, car
yolo1-26, 69498221, car
yolo6-23, 69498221, car
yolo4-29, 69498221, car
yolo12-28, 69498221, car
yolo3-28, 69498221, car
yolo1-28, 69498221, car
yolo2-28, 69498221, car
yolo5-24, 69498221, car
yolo8-23, 69498221, car
yolo5-24, 07291284, car
yolo2-28, 07291284, car
yolo2-22, 07291284, car
yolo1-26, 07291284, car
yolo8-26, 07291284, car
yolo3-28, 07291284, car
yolo1-28, 07291284, car
yolo12-28, 07291284, car
yolo4-29, 07291284, car
yolo8-23, 07291284, car
yolo6-23, 07291284, car
yolo2-28, 25350482, car
yolo2-22, 25350482, car
yolo5-24, 25350482, car
yolo8-26, 25350482, car
yolo1-26, 25350482, car
yolo6-23, 25350482, car
yolo12-28, 25350482, car
yolo8-23, 25350482, car
yolo3-28, 25350482, car
yolo4-29, 25350482, car
yolo1-28, 25350482, car
yolo2-28, 80607289, car
yolo1-26, 80607289, car
yolo2-22, 80607289, car
yolo1-28, 80607289, car
yolo3-28, 80607289, car
yolo8-23, 80607289, car
yolo12-28, 80607289, car
yolo6-23, 80607289, car
yolo4-29, 80607289, car
yolo5-24, 80607289, car
yolo8-26, 80607289, car
yolo2-28, 70453904, car
yolo12-28, 70453904, car
yolo1-26, 70453904, car
yolo2-22, 70453904, car
yolo3-28, 70453904, car
yolo6-23, 70453904, car
yolo5-24, 70453904, car
yolo4-29, 70453904, car
yolo8-26, 70453904, car
yolo8-23, 70453904, car
yolo1-28, 70453904, car
yolo2-28, 98437843, car
yolo8-23, 98437843, car
yolo12-28, 98437843, car
yolo3-28, 98437843, car
yolo4-29, 98437843, car
yolo1-26, 98437843, car
yolo6-23, 98437843, car
yolo2-22, 98437843, car
yolo8-26, 98437843, car
yolo1-28, 98437843, car
yolo5-24, 98437843, car
yolo3-28, 18168214, car
yolo5-24, 18168214, car
yolo12-28, 18168214, car
yolo2-28, 18168214, car
yolo1-26, 18168214, car
yolo4-29, 18168214, car
yolo8-23, 18168214, car
yolo2-22, 18168214, car
yolo8-26, 18168214, car
yolo6-23, 18168214, car
yolo1-28, 18168214, car
yolo1-26, 21038853, train
yolo2-28, 21038853, train
yolo2-22, 21038853, train
yolo4-29, 21038853, train
yolo3-28, 21038853, train
yolo5-24, 21038853, train
yolo12-28, 21038853, train
yolo8-23, 21038853, train
yolo8-26, 21038853, train
yolo1-28, 21038853, train
yolo6-23, 21038853, train
yolo1-26, 14791836, car
yolo5-24, 14791836, car
yolo3-28, 14791836, car
yolo12-28, 14791836, car
yolo4-29, 14791836, car
yolo2-22, 14791836, car
yolo8-23, 14791836, car
yolo2-28, 14791836, car
yolo1-28, 14791836, car
yolo8-26, 14791836, car
yolo6-23, 14791836, car
yolo2-28, 76800865, car
yolo4-29, 76800865, car
yolo12-28, 76800865, car
yolo1-26, 76800865, car
yolo3-28, 76800865, car
yolo6-23, 76800865, car
yolo8-23, 76800865, car
yolo2-22, 76800865, car
yolo8-26, 76800865, car
yolo5-24, 76800865, car
yolo1-28, 76800865, car
yolo8-23, 82873467, car
yolo2-22, 82873467, car
yolo6-23, 82873467, car
yolo1-26, 82873467, car
yolo2-28, 82873467, car
yolo3-28, 82873467, car
yolo4-29, 82873467, car
yolo12-28, 82873467, car
yolo1-28, 82873467, car
yolo8-26, 82873467, car
yolo5-24, 82873467, car
yolo5-24, 40131555, car
yolo3-28, 40131555, car
yolo2-28, 40131555, car
yolo2-22, 40131555, car
yolo8-26, 40131555, car
yolo8-23, 40131555, car
yolo4-29, 40131555, car
yolo12-28, 40131555, car
yolo1-26, 40131555, car
yolo6-23, 40131555, car
yolo1-28, 40131555, car
yolo5-24, 75163610, car
yolo4-29, 75163610, car
yolo6-23, 75163610, car
yolo2-22, 75163610, car
yolo1-26, 75163610, car
yolo8-26, 75163610, car
yolo2-28, 75163610, car
yolo3-28, 75163610, car
yolo12-28, 75163610, car
yolo8-23, 75163610, car
yolo1-28, 75163610, car
yolo1-28, 05246118, car
yolo2-28, 05246118, car
yolo3-28, 05246118, car
yolo5-24, 05246118, car
yolo4-29, 05246118, car
yolo8-23, 05246118, car
yolo12-28, 05246118, car
yolo2-22, 05246118, car
yolo1-26, 05246118, car
yolo6-23, 05246118, car
yolo8-26, 05246118, car
yolo12-28, 67382707, car
yolo2-22, 67382707, car
yolo2-28, 67382707, car
yolo3-28, 67382707, car
yolo4-29, 67382707, car
yolo5-24, 67382707, car
yolo6-23, 67382707, car
yolo8-23, 67382707, car
yolo1-28, 67382707, car
yolo1-26, 67382707, car
yolo8-26, 67382707, car
yolo5-24, 44067723, car
yolo2-22, 44067723, car
yolo3-28, 44067723, car
yolo1-28, 44067723, car
yolo4-29, 44067723, car
yolo2-28, 44067723, car
yolo12-28, 44067723, car
yolo1-26, 44067723, car
yolo8-23, 44067723, car
yolo6-23, 44067723, car
yolo8-26, 44067723, car
yolo2-28, 60747294, car
yolo12-28, 60747294, car
yolo5-24, 60747294, car
yolo1-28, 60747294, car
yolo1-26, 60747294, car
yolo2-22, 60747294, car
yolo4-29, 60747294, car
yolo3-28, 60747294, car
yolo8-23, 60747294, car
yolo8-26, 60747294, car
yolo6-23, 60747294, car
yolo4-29, 10793469, car
yolo5-24, 10793469, car
yolo2-22, 10793469, car
yolo3-28, 10793469, car
yolo1-26, 10793469, car
yolo12-28, 10793469, car
yolo1-28, 10793469, car
yolo2-28, 10793469, car
yolo8-26, 10793469, car
yolo8-23, 10793469, car
yolo6-23, 10793469, car
yolo4-29, 85025665, car
yolo3-28, 85025665, car
yolo1-26, 85025665, car
yolo5-24, 85025665, car
yolo2-22, 85025665, car
yolo12-28, 85025665, car
yolo2-28, 85025665, car
yolo8-26, 85025665, car
yolo8-23, 85025665, car
yolo1-28, 85025665, car
yolo6-23, 85025665, car
yolo2-28, 88259408, car
yolo6-23, 88259408, car
yolo4-29, 88259408, car
yolo1-26, 88259408, car
yolo12-28, 88259408, car
yolo3-28, 88259408, car
yolo2-22, 88259408, car
yolo8-26, 88259408, car
yolo1-28, 88259408, car
yolo8-23, 88259408, car
yolo5-24, 88259408, car
yolo2-22, 06317854, car
yolo12-28, 06317854, car
yolo6-23, 06317854, car
yolo8-26, 06317854, car
yolo5-24, 06317854, car
yolo1-26, 06317854, car
yolo4-29, 06317854, car
yolo2-28, 06317854, car
yolo1-28, 06317854, car
yolo3-28, 06317854, car
yolo8-23, 06317854, car
yolo2-28, 41487501, car
yolo4-29, 41487501, car
yolo1-26, 41487501, car
yolo2-22, 41487501, car
yolo3-28, 41487501, car
yolo5-24, 41487501, car
yolo12-28, 41487501, car
yolo1-28, 41487501, car
yolo8-23, 41487501, car
yolo6-23, 41487501, car
yolo8-26, 41487501, car
yolo1-26, 93261603, car
yolo2-22, 93261603, car
yolo2-28, 93261603, car
yolo1-28, 93261603, car
yolo4-29, 93261603, car
yolo3-28, 93261603, car
yolo12-28, 93261603, car
yolo8-23, 93261603, car
yolo5-24, 93261603, car
yolo6-23, 93261603, car
yolo8-26, 93261603, car
yolo2-28, 07198915, car
yolo3-28, 07198915, car
yolo2-22, 07198915, car
yolo4-29, 07198915, car
yolo12-28, 07198915, car
yolo5-24, 07198915, car
yolo8-23, 07198915, car
yolo8-26, 07198915, car
yolo1-26, 07198915, car
yolo6-23, 07198915, car
yolo1-28, 07198915, car
yolo2-22, 33889272, car
yolo12-28, 33889272, car
yolo2-28, 33889272, car
yolo3-28, 33889272, car
yolo1-28, 33889272, car
yolo5-24, 33889272, car
yolo4-29, 33889272, car
yolo1-26, 33889272, car
yolo6-23, 33889272, car
yolo8-26, 33889272, car
yolo8-23, 33889272, car
yolo5-24, 31050349, car
yolo4-29, 31050349, car
yolo2-28, 31050349, car
yolo1-26, 31050349, car
yolo3-28, 31050349, car
yolo2-22, 31050349, car
yolo12-28, 31050349, car
yolo1-28, 31050349, car
yolo8-23, 31050349, car
yolo6-23, 31050349, car
yolo8-26, 31050349, car
yolo5-24, 87460553, car
yolo2-28, 87460553, car
yolo1-28, 87460553, car
yolo2-22, 87460553, car
yolo12-28, 87460553, car
yolo4-29, 87460553, car
yolo8-26, 87460553, car
yolo8-23, 87460553, car
yolo1-26, 87460553, car
yolo3-28, 87460553, car
yolo6-23, 87460553, car
yolo2-28, 79737276, car
yolo2-22, 79737276, car
yolo12-28, 79737276, car
yolo5-24, 79737276, car
yolo8-26, 79737276, car
yolo1-28, 79737276, car
yolo8-23, 79737276, car
yolo1-26, 79737276, car
yolo4-29, 79737276, car
yolo3-28, 79737276, car
yolo6-23, 79737276, car
yolo1-26, 42755883, car
yolo2-22, 42755883, car
yolo3-28, 42755883, car
yolo1-28, 42755883, car
yolo5-24, 42755883, car
yolo2-28, 42755883, car
yolo6-23, 42755883, car
yolo12-28, 42755883, car
yolo8-23, 42755883, car
yolo8-26, 42755883, car
yolo4-29, 42755883, car
yolo1-26, 62648635, car
yolo6-23, 62648635, car
yolo2-28, 62648635, car
yolo3-28, 62648635, car
yolo1-28, 62648635, car
yolo2-22, 62648635, car
yolo5-24, 62648635, car
yolo12-28, 62648635, car
yolo8-23, 62648635, car
yolo8-26, 62648635, car
yolo4-29, 62648635, car
yolo1-26, 45247766, car
yolo1-28, 45247766, car
yolo2-28, 45247766, car
yolo2-22, 45247766, car
yolo6-23, 45247766, car
yolo3-28, 45247766, car
yolo5-24, 45247766, car
yolo4-29, 45247766, car
yolo12-28, 45247766, car
yolo8-26, 45247766, car
yolo8-23, 45247766, car
yolo3-28, 44241602, sofa
yolo1-26, 44241602, sofa
yolo2-22, 44241602, sofa
yolo2-28, 44241602, sofa
yolo5-24, 44241602, sofa
yolo1-28, 44241602, sofa
yolo4-29, 44241602, sofa
yolo6-23, 44241602, sofa
yolo8-26, 44241602, sofa
yolo12-28, 44241602, sofa
yolo8-23, 44241602, sofa
yolo1-26, 32194739, car
yolo5-24, 32194739, car
yolo2-22, 32194739, car
yolo3-28, 32194739, car
yolo8-23, 32194739, car
yolo12-28, 32194739, car
yolo4-29, 32194739, car
yolo8-26, 32194739, car
yolo6-23, 32194739, car
yolo2-28, 32194739, car
yolo1-28, 32194739, car
yolo3-28, 05614026, car
yolo2-28, 05614026, car
yolo2-22, 05614026, car
yolo5-24, 05614026, car
yolo8-23, 05614026, car
yolo1-28, 05614026, car
yolo1-26, 05614026, car
yolo6-23, 05614026, car
yolo8-26, 05614026, car
yolo4-29, 05614026, car
yolo12-28, 05614026, car
yolo2-22, 44709823, car
yolo4-29, 44709823, car
yolo5-24, 44709823, car
yolo2-28, 44709823, car
yolo12-28, 44709823, car
yolo3-28, 44709823, car
yolo1-26, 44709823, car
yolo6-23, 44709823, car
yolo8-23, 44709823, car
yolo1-28, 44709823, car
yolo8-26, 44709823, car
yolo5-24, 12966644, car
yolo6-23, 12966644, car
yolo3-28, 12966644, car
yolo2-28, 12966644, car
yolo1-26, 12966644, car
yolo2-22, 12966644, car
yolo4-29, 12966644, car
yolo8-23, 12966644, car
yolo12-28, 12966644, car
yolo8-26, 12966644, car
yolo1-28, 12966644, car
yolo5-24, 55377454, car
yolo4-29, 55377454, car
yolo12-28, 55377454, car
yolo2-22, 55377454, car
yolo3-28, 55377454, car
yolo2-28, 55377454, car
yolo1-28, 55377454, car
yolo8-23, 55377454, car
yolo8-26, 55377454, car
yolo1-26, 55377454, car
yolo6-23, 55377454, car
yolo1-28, 77647418, car
yolo8-23, 77647418, car
yolo2-22, 77647418, car
yolo2-28, 77647418, car
yolo3-28, 77647418, car
yolo5-24, 77647418, car
yolo8-26, 77647418, car
yolo1-26, 77647418, car
yolo4-29, 77647418, car
yolo12-28, 77647418, car
yolo6-23, 77647418, car
yolo1-26, 18243683, car
yolo5-24, 18243683, car
yolo4-29, 18243683, car
yolo8-23, 18243683, car
yolo2-28, 18243683, car
yolo2-22, 18243683, car
yolo8-26, 18243683, car
yolo12-28, 18243683, car
yolo3-28, 18243683, car
yolo6-23, 18243683, car
yolo1-28, 18243683, car
yolo8-26, 29451904, train
yolo4-29, 29451904, train
yolo1-26, 29451904, train
yolo1-28, 29451904, train
yolo2-22, 29451904, train
yolo2-28, 29451904, train
yolo5-24, 29451904, train
yolo8-23, 29451904, train
yolo12-28, 29451904, train
yolo3-28, 29451904, train
yolo6-23, 29451904, train
yolo1-26, 24885004, car
yolo4-29, 24885004, car
yolo2-22, 24885004, car
yolo1-28, 24885004, car
yolo8-26, 24885004, car
yolo12-28, 24885004, car
yolo5-24, 24885004, car
yolo2-28, 24885004, car
yolo8-23, 24885004, car
yolo3-28, 24885004, car
yolo6-23, 24885004, car
yolo1-26, 78045132, car
yolo3-28, 78045132, car
yolo2-22, 78045132, car
yolo12-28, 78045132, car
yolo5-24, 78045132, car
yolo4-29, 78045132, car
yolo1-28, 78045132, car
yolo2-28, 78045132, car
yolo8-23, 78045132, car
yolo6-23, 78045132, car
yolo8-26, 78045132, car
yolo8-26, 79849560, car
yolo12-28, 79849560, car
yolo5-24, 79849560, car
yolo6-23, 79849560, car
yolo1-26, 79849560, car
yolo4-29, 79849560, car
yolo1-28, 79849560, car
yolo2-28, 79849560, car
yolo8-23, 79849560, car
yolo3-28, 79849560, car
yolo2-22, 79849560, car
yolo8-26, 58188392, car
yolo5-24, 58188392, car
yolo12-28, 58188392, car
yolo6-23, 58188392, car
yolo4-29, 58188392, car
yolo3-28, 58188392, car
yolo1-28, 58188392, car
yolo8-23, 58188392, car
yolo2-22, 58188392, car
yolo1-26, 58188392, car
yolo2-28, 58188392, car
yolo4-29, 20545991, car
yolo2-28, 20545991, car
yolo5-24, 20545991, car
yolo1-28, 20545991, car
yolo12-28, 20545991, car
yolo1-26, 20545991, car
yolo6-23, 20545991, car
yolo8-26, 20545991, car
yolo8-23, 20545991, car
yolo3-28, 20545991, car
yolo2-22, 20545991, car
yolo1-26, 73437037, aeroplane
yolo12-28, 73437037, aeroplane
yolo4-29, 73437037, aeroplane
yolo5-24, 73437037, aeroplane
yolo6-23, 73437037, aeroplane
yolo1-28, 73437037, aeroplane
yolo2-28, 73437037, aeroplane
yolo2-22, 73437037, aeroplane
yolo3-28, 73437037, aeroplane
yolo8-26, 73437037, aeroplane
yolo8-23, 73437037, aeroplane
yolo1-28, 77486044, car
yolo2-22, 77486044, car
yolo2-28, 77486044, car
yolo12-28, 77486044, car
yolo3-28, 77486044, car
yolo8-23, 77486044, car
yolo5-24, 77486044, car
yolo8-26, 77486044, car
yolo4-29, 77486044, car
yolo1-26, 77486044, car
yolo6-23, 77486044, car
yolo3-28, 74462560, sofa
yolo12-28, 74462560, sofa
yolo2-28, 74462560, sofa
yolo5-24, 74462560, sofa
yolo8-26, 74462560, sofa
yolo1-26, 74462560, sofa
yolo2-22, 74462560, sofa
yolo6-23, 74462560, sofa
yolo8-23, 74462560, sofa
yolo1-28, 74462560, sofa
yolo4-29, 74462560, sofa
yolo2-22, 30017955, train
yolo12-28, 30017955, train
yolo4-29, 30017955, train
yolo5-24, 30017955, train
yolo2-28, 30017955, train
yolo6-23, 30017955, train
yolo1-26, 30017955, train
yolo3-28, 30017955, train
yolo8-26, 30017955, train
yolo1-28, 30017955, train
yolo8-23, 30017955, train
yolo3-28, 31844788, aeroplane
yolo6-23, 31844788, aeroplane
yolo1-26, 31844788, aeroplane
yolo2-28, 31844788, aeroplane
yolo5-24, 31844788, aeroplane
yolo2-22, 31844788, aeroplane
yolo8-26, 31844788, aeroplane
yolo12-28, 31844788, aeroplane
yolo1-28, 31844788, aeroplane
yolo8-23, 31844788, aeroplane
yolo4-29, 31844788, aeroplane
yolo2-22, 31545344, car
yolo3-28, 31545344, car
yolo1-26, 31545344, car
yolo12-28, 31545344, car
yolo8-26, 31545344, car
yolo1-28, 31545344, car
yolo5-24, 31545344, car
yolo4-29, 31545344, car
yolo6-23, 31545344, car
yolo8-23, 31545344, car
yolo2-28, 31545344, car
yolo5-24, 08280233, car
yolo3-28, 08280233, car
yolo1-26, 08280233, car
yolo2-22, 08280233, car
yolo1-28, 08280233, car
yolo4-29, 08280233, car
yolo2-28, 08280233, car
yolo12-28, 08280233, car
yolo6-23, 08280233, car
yolo8-23, 08280233, car
yolo8-26, 08280233, car
yolo2-22, 47744676, car
yolo12-28, 47744676, car
yolo2-28, 47744676, car
yolo3-28, 47744676, car
yolo1-26, 47744676, car
yolo6-23, 47744676, car
yolo5-24, 47744676, car
yolo8-26, 47744676, car
yolo4-29, 47744676, car
yolo8-23, 47744676, car
yolo1-28, 47744676, car
yolo2-28, 04074189, car
yolo4-29, 04074189, car
yolo5-24, 04074189, car
yolo12-28, 04074189, car
yolo3-28, 04074189, car
yolo6-23, 04074189, car
yolo1-28, 04074189, car
yolo1-26, 04074189, car
yolo2-22, 04074189, car
yolo8-23, 04074189, car
yolo8-26, 04074189, car
yolo1-28, 03702619, car
yolo3-28, 03702619, car
yolo2-28, 03702619, car
yolo6-23, 03702619, car
yolo5-24, 03702619, car
yolo2-22, 03702619, car
yolo4-29, 03702619, car
yolo8-26, 03702619, car
yolo12-28, 03702619, car
yolo1-26, 03702619, car
yolo8-23, 03702619, car
yolo3-28, 93839070, boat
yolo1-28, 93839070, boat
yolo2-28, 93839070, boat
yolo6-23, 93839070, boat
yolo5-24, 93839070, boat
yolo2-22, 93839070, boat
yolo8-26, 93839070, boat
yolo4-29, 93839070, boat
yolo8-23, 93839070, boat
yolo1-26, 93839070, boat
yolo12-28, 93839070, boat
yolo2-22, 94312199, boat
yolo12-28, 94312199, boat
yolo5-24, 94312199, boat
yolo4-29, 94312199, boat
yolo3-28, 94312199, boat
yolo2-28, 94312199, boat
yolo1-28, 94312199, boat
yolo8-23, 94312199, boat
yolo8-26, 94312199, boat
yolo1-26, 94312199, boat
yolo6-23, 94312199, boat
yolo8-23, 63851524, car
yolo5-24, 63851524, car
yolo1-28, 63851524, car
yolo3-28, 63851524, car
yolo2-22, 63851524, car
yolo8-26, 63851524, car
yolo1-26, 63851524, car
yolo6-23, 63851524, car
yolo12-28, 63851524, car
yolo4-29, 63851524, car
yolo2-28, 63851524, car
yolo2-22, 54684739, bottle
yolo5-24, 54684739, bottle
yolo1-28, 54684739, bottle
yolo2-28, 54684739, bottle
yolo6-23, 54684739, bottle
yolo12-28, 54684739, bottle
yolo4-29, 54684739, bottle
yolo3-28, 54684739, bottle
yolo1-26, 54684739, bottle
yolo8-26, 54684739, bottle
yolo8-23, 54684739, bottle
yolo2-22, 06972970, car
yolo2-28, 06972970, car
yolo4-29, 06972970, car
yolo3-28, 06972970, car
yolo12-28, 06972970, car
yolo5-24, 06972970, car
yolo6-23, 06972970, car
yolo1-26, 06972970, car
yolo8-26, 06972970, car
yolo8-23, 06972970, car
yolo1-28, 06972970, car
yolo1-26, 54828492, car
yolo4-29, 54828492, car
yolo8-26, 54828492, car
yolo2-22, 54828492, car
yolo12-28, 54828492, car
yolo3-28, 54828492, car
yolo2-28, 54828492, car
yolo5-24, 54828492, car
yolo8-23, 54828492, car
yolo1-28, 54828492, car
yolo6-23, 54828492, car
yolo4-29, 23859826, aeroplane
yolo1-28, 23859826, aeroplane
yolo6-23, 23859826, aeroplane
yolo2-28, 23859826, aeroplane
yolo1-26, 23859826, aeroplane
yolo5-24, 23859826, aeroplane
yolo12-28, 23859826, aeroplane
yolo3-28, 23859826, aeroplane
yolo2-22, 23859826, aeroplane
yolo8-26, 23859826, aeroplane
yolo8-23, 23859826, aeroplane
yolo1-28, 07518022, aeroplane
yolo6-23, 07518022, aeroplane
yolo2-28, 07518022, aeroplane
yolo4-29, 07518022, aeroplane
yolo5-24, 07518022, aeroplane
yolo12-28, 07518022, aeroplane
yolo1-26, 07518022, aeroplane
yolo8-26, 07518022, aeroplane
yolo3-28, 07518022, aeroplane
yolo2-22, 07518022, aeroplane
yolo8-23, 07518022, aeroplane
yolo1-26, 68644913, car
yolo2-28, 68644913, car
yolo5-24, 68644913, car
yolo2-22, 68644913, car
yolo4-29, 68644913, car
yolo12-28, 68644913, car
yolo6-23, 68644913, car
yolo1-28, 68644913, car
yolo3-28, 68644913, car
yolo8-26, 68644913, car
yolo8-23, 68644913, car
yolo1-28, 20575977, car
yolo2-22, 20575977, car
yolo1-26, 20575977, car
yolo2-28, 20575977, car
yolo5-24, 20575977, car
yolo3-28, 20575977, car
yolo12-28, 20575977, car
yolo4-29, 20575977, car
yolo8-26, 20575977, car
yolo8-23, 20575977, car
yolo6-23, 20575977, car
yolo1-26, 09881220, car
yolo1-28, 09881220, car
yolo2-22, 09881220, car
yolo5-24, 09881220, car
yolo8-26, 09881220, car
yolo3-28, 09881220, car
yolo6-23, 09881220, car
yolo12-28, 09881220, car
yolo2-28, 09881220, car
yolo8-23, 09881220, car
yolo4-29, 09881220, car
yolo1-26, 62271496, boat
yolo5-24, 62271496, boat
yolo1-28, 62271496, boat
yolo2-28, 62271496, boat
yolo12-28, 62271496, boat
yolo8-26, 62271496, boat
yolo3-28, 62271496, boat
yolo2-22, 62271496, boat
yolo4-29, 62271496, boat
yolo6-23, 62271496, boat
yolo8-23, 62271496, boat
yolo1-26, 95613801, car
yolo3-28, 95613801, car
yolo5-24, 95613801, car
yolo2-22, 95613801, car
yolo4-29, 95613801, car
yolo2-28, 95613801, car
yolo8-26, 95613801, car
yolo6-23, 95613801, car
yolo1-28, 95613801, car
yolo8-23, 95613801, car
yolo12-28, 95613801, car
yolo2-22, 68324520, car
yolo12-28, 68324520, car
yolo4-29, 68324520, car
yolo2-28, 68324520, car
yolo1-26, 68324520, car
yolo8-23, 68324520, car
yolo5-24, 68324520, car
yolo8-26, 68324520, car
yolo3-28, 68324520, car
yolo6-23, 68324520, car
yolo1-28, 68324520, car
yolo12-28, 12772575, car
yolo2-22, 12772575, car
yolo5-24, 12772575, car
yolo3-28, 12772575, car
yolo1-28, 12772575, car
yolo4-29, 12772575, car
yolo8-26, 12772575, car
yolo8-23, 12772575, car
yolo6-23, 12772575, car
yolo2-28, 12772575, car
yolo1-26, 12772575, car
yolo12-28, 68642780, car
yolo5-24, 68642780, car
yolo1-28, 68642780, car
yolo8-26, 68642780, car
yolo3-28, 68642780, car
yolo4-29, 68642780, car
yolo2-22, 68642780, car
yolo8-23, 68642780, car
yolo2-28, 68642780, car
yolo6-23, 68642780, car
yolo1-26, 68642780, car
yolo1-26, 92772176, car
yolo4-29, 92772176, car
yolo12-28, 92772176, car
yolo2-22, 92772176, car
yolo3-28, 92772176, car
yolo1-28, 92772176, car
yolo8-23, 92772176, car
yolo5-24, 92772176, car
yolo8-26, 92772176, car
yolo2-28, 92772176, car
yolo6-23, 92772176, car
yolo2-22, 46068284, car
yolo5-24, 46068284, car
yolo2-28, 46068284, car
yolo3-28, 46068284, car
yolo6-23, 46068284, car
yolo1-26, 46068284, car
yolo4-29, 46068284, car
yolo12-28, 46068284, car
yolo8-23, 46068284, car
yolo8-26, 46068284, car
yolo1-28, 46068284, car
yolo4-29, 98860925, car
yolo5-24, 98860925, car
yolo12-28, 98860925, car
yolo2-22, 98860925, car
yolo8-26, 98860925, car
yolo2-28, 98860925, car
yolo6-23, 98860925, car
yolo1-28, 98860925, car
yolo3-28, 98860925, car
yolo8-23, 98860925, car
yolo1-26, 98860925, car
yolo2-22, 01956982, car
yolo12-28, 01956982, car
yolo4-29, 01956982, car
yolo8-26, 01956982, car
yolo2-28, 01956982, car
yolo5-24, 01956982, car
yolo6-23, 01956982, car
yolo1-28, 01956982, car
yolo3-28, 01956982, car
yolo1-26, 01956982, car
yolo8-23, 01956982, car
yolo1-26, 59246816, car
yolo2-28, 59246816, car
yolo5-24, 59246816, car
yolo2-22, 59246816, car
yolo4-29, 59246816, car
yolo12-28, 59246816, car
yolo8-26, 59246816, car
yolo8-23, 59246816, car
yolo6-23, 59246816, car
yolo3-28, 59246816, car
yolo1-28, 59246816, car
yolo2-22, 32928563, car
yolo12-28, 32928563, car
yolo2-28, 32928563, car
yolo1-26, 32928563, car
yolo3-28, 32928563, car
yolo1-28, 32928563, car
yolo5-24, 32928563, car
yolo4-29, 32928563, car
yolo6-23, 32928563, car
yolo8-23, 32928563, car
yolo8-26, 32928563, car
yolo1-26, 12555810, car
yolo2-22, 12555810, car
yolo3-28, 12555810, car
yolo4-29, 12555810, car
yolo2-28, 12555810, car
yolo12-28, 12555810, car
yolo5-24, 12555810, car
yolo1-28, 12555810, car
yolo8-23, 12555810, car
yolo8-26, 12555810, car
yolo6-23, 12555810, car
yolo4-29, 41141890, car
yolo2-28, 41141890, car
yolo5-24, 41141890, car
yolo2-22, 41141890, car
yolo8-26, 41141890, car
yolo3-28, 41141890, car
yolo1-28, 41141890, car
yolo1-26, 41141890, car
yolo12-28, 41141890, car
yolo6-23, 41141890, car
yolo8-23, 41141890, car
yolo2-22, 42676338, car
yolo1-26, 42676338, car
yolo1-28, 42676338, car
yolo12-28, 42676338, car
yolo5-24, 42676338, car
yolo8-26, 42676338, car
yolo3-28, 42676338, car
yolo2-28, 42676338, car
yolo4-29, 42676338, car
yolo8-23, 42676338, car
yolo6-23, 42676338, car
yolo1-28, 10605107, car
yolo8-23, 10605107, car
yolo8-26, 10605107, car
yolo12-28, 10605107, car
yolo5-24, 10605107, car
yolo1-26, 10605107, car
yolo4-29, 10605107, car
yolo2-22, 10605107, car
yolo3-28, 10605107, car
yolo2-28, 10605107, car
yolo6-23, 10605107, car
yolo1-28, 52000505, car
yolo3-28, 52000505, car
yolo12-28, 52000505, car
yolo1-26, 52000505, car
yolo2-22, 52000505, car
yolo5-24, 52000505, car
yolo4-29, 52000505, car
yolo6-23, 52000505, car
yolo8-23, 52000505, car
yolo8-26, 52000505, car
yolo2-28, 52000505, car
yolo2-22, 45548835, car
yolo5-24, 45548835, car
yolo3-28, 45548835, car
yolo1-28, 45548835, car
yolo12-28, 45548835, car
yolo1-26, 45548835, car
yolo6-23, 45548835, car
yolo4-29, 45548835, car
yolo8-26, 45548835, car
yolo8-23, 45548835, car
yolo2-28, 45548835, car
yolo2-22, 73543159, train
yolo5-24, 73543159, train
yolo1-28, 73543159, train
yolo3-28, 73543159, train
yolo1-26, 73543159, train
yolo12-28, 73543159, train
yolo8-23, 73543159, train
yolo4-29, 73543159, train
yolo2-28, 73543159, train
yolo8-26, 73543159, train
yolo6-23, 73543159, train
yolo1-26, 54984324, car
yolo12-28, 54984324, car
yolo5-24, 54984324, car
yolo3-28, 54984324, car
yolo4-29, 54984324, car
yolo2-22, 54984324, car
yolo1-28, 54984324, car
yolo2-28, 54984324, car
yolo8-23, 54984324, car
yolo6-23, 54984324, car
yolo8-26, 54984324, car
yolo2-28, 70308642, car
yolo4-29, 70308642, car
yolo1-28, 70308642, car
yolo6-23, 70308642, car
yolo3-28, 70308642, car
yolo2-22, 70308642, car
yolo5-24, 70308642, car
yolo12-28, 70308642, car
yolo8-23, 70308642, car
yolo8-26, 70308642, car
yolo1-26, 70308642, car
yolo2-22, 05669965, car
yolo2-28, 05669965, car
yolo5-24, 05669965, car
yolo1-26, 05669965, car
yolo12-28, 05669965, car
yolo3-28, 05669965, car
yolo8-26, 05669965, car
yolo1-28, 05669965, car
yolo4-29, 05669965, car
yolo6-23, 05669965, car
yolo8-23, 05669965, car
yolo5-24, 95507502, car
yolo3-28, 95507502, car
yolo1-26, 95507502, car
yolo2-28, 95507502, car
yolo2-22, 95507502, car
yolo4-29, 95507502, car
yolo1-28, 95507502, car
yolo12-28, 95507502, car
yolo8-26, 95507502, car
yolo6-23, 95507502, car
yolo8-23, 95507502, car
yolo1-28, 33379329, car
yolo2-22, 33379329, car
yolo5-24, 33379329, car
yolo1-26, 33379329, car
yolo3-28, 33379329, car
yolo2-28, 33379329, car
yolo8-23, 33379329, car
yolo8-26, 33379329, car
yolo12-28, 33379329, car
yolo4-29, 33379329, car
yolo6-23, 33379329, car
yolo1-26, 67005869, car
yolo2-22, 67005869, car
yolo5-24, 67005869, car
yolo12-28, 67005869, car
yolo3-28, 67005869, car
yolo2-28, 67005869, car
yolo1-28, 67005869, car
yolo4-29, 67005869, car
yolo6-23, 67005869, car
yolo8-23, 67005869, car
yolo8-26, 67005869, car
yolo3-28, 44454752, car
yolo2-28, 44454752, car
yolo1-26, 44454752, car
yolo5-24, 44454752, car
yolo2-22, 44454752, car
yolo6-23, 44454752, car
yolo12-28, 44454752, car
yolo1-28, 44454752, car
yolo8-23, 44454752, car
yolo4-29, 44454752, car
yolo8-26, 44454752, car
yolo5-24, 32941144, car
yolo2-22, 32941144, car
yolo12-28, 32941144, car
yolo2-28, 32941144, car
yolo3-28, 32941144, car
yolo8-26, 32941144, car
yolo1-26, 32941144, car
yolo4-29, 32941144, car
yolo6-23, 32941144, car
yolo1-28, 32941144, car
yolo8-23, 32941144, car
yolo1-26, 63998025, car
yolo5-24, 63998025, car
yolo2-28, 63998025, car
yolo2-22, 63998025, car
yolo4-29, 63998025, car
yolo3-28, 63998025, car
yolo12-28, 63998025, car
yolo6-23, 63998025, car
yolo8-26, 63998025, car
yolo8-23, 63998025, car
yolo1-28, 63998025, car
yolo4-29, 89782182, car
yolo3-28, 89782182, car
yolo1-26, 89782182, car
yolo2-22, 89782182, car
yolo12-28, 89782182, car
yolo6-23, 89782182, car
yolo1-28, 89782182, car
yolo2-28, 89782182, car
yolo8-23, 89782182, car
yolo8-26, 89782182, car
yolo5-24, 89782182, car
yolo3-28, 08108815, car
yolo2-22, 08108815, car
yolo4-29, 08108815, car
yolo1-26, 08108815, car
yolo1-28, 08108815, car
yolo2-28, 08108815, car
yolo8-23, 08108815, car
yolo8-26, 08108815, car
yolo12-28, 08108815, car
yolo6-23, 08108815, car
yolo5-24, 08108815, car
yolo2-28, 37607962, car
yolo1-26, 37607962, car
yolo12-28, 37607962, car
yolo5-24, 37607962, car
yolo4-29, 37607962, car
yolo8-23, 37607962, car
yolo3-28, 37607962, car
yolo2-22, 37607962, car
yolo6-23, 37607962, car
yolo8-26, 37607962, car
yolo1-28, 37607962, car
yolo2-22, 40258742, car
yolo1-26, 40258742, car
yolo2-28, 40258742, car
yolo3-28, 40258742, car
yolo8-23, 40258742, car
yolo8-26, 40258742, car
yolo5-24, 40258742, car
yolo4-29, 40258742, car
yolo12-28, 40258742, car
yolo6-23, 40258742, car
yolo1-28, 40258742, car
yolo2-22, 41372863, car
yolo1-28, 41372863, car
yolo5-24, 41372863, car
yolo1-26, 41372863, car
yolo2-28, 41372863, car
yolo3-28, 41372863, car
yolo6-23, 41372863, car
yolo8-26, 41372863, car
yolo4-29, 41372863, car
yolo8-23, 41372863, car
yolo12-28, 41372863, car
yolo1-28, 01504644, sofa
yolo2-22, 01504644, sofa
yolo1-26, 01504644, sofa
yolo6-23, 01504644, sofa
yolo5-24, 01504644, sofa
yolo2-28, 01504644, sofa
yolo8-26, 01504644, sofa
yolo8-23, 01504644, sofa
yolo4-29, 01504644, sofa
yolo3-28, 01504644, sofa
yolo12-28, 01504644, sofa
yolo2-22, 98490417, sofa
yolo1-26, 98490417, sofa
yolo6-23, 98490417, sofa
yolo1-28, 98490417, sofa
yolo5-24, 98490417, sofa
yolo8-26, 98490417, sofa
yolo2-28, 98490417, sofa
yolo8-23, 98490417, sofa
yolo4-29, 98490417, sofa
yolo12-28, 98490417, sofa
yolo3-28, 98490417, sofa
yolo5-24, 25013441, boat
yolo2-22, 25013441, boat
yolo12-28, 25013441, boat
yolo3-28, 25013441, boat
yolo8-23, 25013441, boat
yolo1-28, 25013441, boat
yolo1-26, 25013441, boat
yolo4-29, 25013441, boat
yolo8-26, 25013441, boat
yolo6-23, 25013441, boat
yolo2-28, 25013441, boat
yolo5-24, 31383212, bottle
yolo3-28, 31383212, bottle
yolo12-28, 31383212, bottle
yolo4-29, 31383212, bottle
yolo2-22, 31383212, bottle
yolo8-23, 31383212, bottle
yolo8-26, 31383212, bottle
yolo1-26, 31383212, bottle
yolo1-28, 31383212, bottle
yolo6-23, 31383212, bottle
yolo2-28, 31383212, bottle
yolo2-22, 45108288, car
yolo12-28, 45108288, car
yolo3-28, 45108288, car
yolo1-28, 45108288, car
yolo8-26, 45108288, car
yolo4-29, 45108288, car
yolo2-28, 45108288, car
yolo6-23, 45108288, car
yolo5-24, 45108288, car
yolo1-26, 45108288, car
yolo8-23, 45108288, car
yolo2-22, 84049826, boat
yolo12-28, 84049826, boat
yolo3-28, 84049826, boat
yolo8-26, 84049826, boat
yolo1-28, 84049826, boat
yolo4-29, 84049826, boat
yolo2-28, 84049826, boat
yolo6-23, 84049826, boat
yolo8-23, 84049826, boat
yolo5-24, 84049826, boat
yolo1-26, 84049826, boat
yolo1-26, 18991473, car
yolo5-24, 18991473, car
yolo4-29, 18991473, car
yolo12-28, 18991473, car
yolo1-28, 18991473, car
yolo2-22, 18991473, car
yolo3-28, 18991473, car
yolo2-28, 18991473, car
yolo6-23, 18991473, car
yolo8-23, 18991473, car
yolo8-26, 18991473, car
yolo12-28, 98919032, car
yolo5-24, 98919032, car
yolo2-22, 98919032, car
yolo8-26, 98919032, car
yolo1-26, 98919032, car
yolo2-28, 98919032, car
yolo3-28, 98919032, car
yolo4-29, 98919032, car
yolo8-23, 98919032, car
yolo6-23, 98919032, car
yolo1-28, 98919032, car
yolo8-26, 33485494, aeroplane
yolo1-26, 33485494, aeroplane
yolo3-28, 33485494, aeroplane
yolo2-28, 33485494, aeroplane
yolo5-24, 33485494, aeroplane
yolo12-28, 33485494, aeroplane
yolo2-22, 33485494, aeroplane
yolo1-28, 33485494, aeroplane
yolo6-23, 33485494, aeroplane
yolo4-29, 33485494, aeroplane
yolo8-23, 33485494, aeroplane
yolo8-26, 98411258, sofa
yolo1-26, 98411258, sofa
yolo12-28, 98411258, sofa
yolo5-24, 98411258, sofa
yolo2-22, 98411258, sofa
yolo3-28, 98411258, sofa
yolo2-28, 98411258, sofa
yolo1-28, 98411258, sofa
yolo8-23, 98411258, sofa
yolo4-29, 98411258, sofa
yolo6-23, 98411258, sofa
yolo4-29, 99538904, boat
yolo2-22, 99538904, boat
yolo5-24, 99538904, boat
yolo3-28, 99538904, boat
yolo2-28, 99538904, boat
yolo1-26, 99538904, boat
yolo8-23, 99538904, boat
yolo1-28, 99538904, boat
yolo8-26, 99538904, boat
yolo6-23, 99538904, boat
yolo12-28, 99538904, boat
yolo2-28, 24973889, bottle
yolo12-28, 24973889, bottle
yolo2-22, 24973889, bottle
yolo1-26, 24973889, bottle
yolo4-29, 24973889, bottle
yolo5-24, 24973889, bottle
yolo6-23, 24973889, bottle
yolo3-28, 24973889, bottle
yolo8-26, 24973889, bottle
yolo8-23, 24973889, bottle
yolo1-28, 24973889, bottle
yolo1-26, 21628557, aeroplane
yolo2-28, 21628557, aeroplane
yolo5-24, 21628557, aeroplane
yolo8-23, 21628557, aeroplane
yolo6-23, 21628557, aeroplane
yolo3-28, 21628557, aeroplane
yolo12-28, 21628557, aeroplane
yolo4-29, 21628557, aeroplane
yolo1-28, 21628557, aeroplane
yolo2-22, 21628557, aeroplane
yolo8-26, 21628557, aeroplane
yolo5-24, 95038190, car
yolo4-29, 95038190, car
yolo1-28, 95038190, car
yolo2-22, 95038190, car
yolo6-23, 95038190, car
yolo3-28, 95038190, car
yolo2-28, 95038190, car
yolo12-28, 95038190, car
yolo8-23, 95038190, car
yolo1-26, 95038190, car
yolo8-26, 95038190, car
yolo5-24, 64853491, sofa
yolo1-28, 64853491, sofa
yolo3-28, 64853491, sofa
yolo4-29, 64853491, sofa
yolo12-28, 64853491, sofa
yolo2-28, 64853491, sofa
yolo2-22, 64853491, sofa
yolo6-23, 64853491, sofa
yolo8-26, 64853491, sofa
yolo8-23, 64853491, sofa
yolo1-26, 64853491, sofa
yolo1-28, 33562120, car
yolo12-28, 33562120, car
yolo4-29, 33562120, car
yolo8-26, 33562120, car
yolo3-28, 33562120, car
yolo2-28, 33562120, car
yolo5-24, 33562120, car
yolo1-26, 33562120, car
yolo6-23, 33562120, car
yolo2-22, 33562120, car
yolo8-23, 33562120, car
yolo3-28, 83895827, car
yolo5-24, 83895827, car
yolo2-22, 83895827, car
yolo8-26, 83895827, car
yolo12-28, 83895827, car
yolo1-26, 83895827, car
yolo4-29, 83895827, car
yolo2-28, 83895827, car
yolo6-23, 83895827, car
yolo1-28, 83895827, car
yolo8-23, 83895827, car
yolo12-28, 74395083, car
yolo4-29, 74395083, car
yolo1-26, 74395083, car
yolo6-23, 74395083, car
yolo5-24, 74395083, car
yolo8-26, 74395083, car
yolo3-28, 74395083, car
yolo2-28, 74395083, car
yolo2-22, 74395083, car
yolo1-28, 74395083, car
yolo8-23, 74395083, car
yolo5-24, 41128598, car
yolo12-28, 41128598, car
yolo1-28, 41128598, car
yolo3-28, 41128598, car
yolo8-26, 41128598, car
yolo6-23, 41128598, car
yolo2-22, 41128598, car
yolo4-29, 41128598, car
yolo8-23, 41128598, car
yolo1-26, 41128598, car
yolo2-28, 41128598, car
yolo8-23, 86623460, car
yolo5-24, 86623460, car
yolo1-28, 86623460, car
yolo6-23, 86623460, car
yolo2-28, 86623460, car
yolo2-22, 86623460, car
yolo3-28, 86623460, car
yolo12-28, 86623460, car
yolo4-29, 86623460, car
yolo8-26, 86623460, car
yolo1-26, 86623460, car
yolo1-28, 92103772, car
yolo8-26, 92103772, car
yolo2-28, 92103772, car
yolo5-24, 92103772, car
yolo2-22, 92103772, car
yolo3-28, 92103772, car
yolo1-26, 92103772, car
yolo4-29, 92103772, car
yolo8-23, 92103772, car
yolo6-23, 92103772, car
yolo12-28, 92103772, car
yolo8-26, 98015599, car
yolo1-28, 98015599, car
yolo2-28, 98015599, car
yolo5-24, 98015599, car
yolo2-22, 98015599, car
yolo1-26, 98015599, car
yolo3-28, 98015599, car
yolo6-23, 98015599, car
yolo4-29, 98015599, car
yolo12-28, 98015599, car
yolo8-23, 98015599, car
yolo4-29, 36210229, car
yolo1-28, 36210229, car
yolo2-22, 36210229, car
yolo2-28, 36210229, car
yolo1-26, 36210229, car
yolo6-23, 36210229, car
yolo12-28, 36210229, car
yolo5-24, 36210229, car
yolo8-26, 36210229, car
yolo3-28, 36210229, car
yolo8-23, 36210229, car
yolo3-28, 07859302, car
yolo1-28, 07859302, car
yolo2-28, 07859302, car
yolo2-22, 07859302, car
yolo5-24, 07859302, car
yolo1-26, 07859302, car
yolo8-23, 07859302, car
yolo4-29, 07859302, car
yolo6-23, 07859302, car
yolo8-26, 07859302, car
yolo12-28, 07859302, car
yolo5-24, 97833770, car
yolo3-28, 97833770, car
yolo1-26, 97833770, car
yolo1-28, 97833770, car
yolo4-29, 97833770, car
yolo2-28, 97833770, car
yolo8-26, 97833770, car
yolo8-23, 97833770, car
yolo6-23, 97833770, car
yolo2-22, 97833770, car
yolo12-28, 97833770, car
yolo2-22, 23506049, car
yolo5-24, 23506049, car
yolo8-26, 23506049, car
yolo1-28, 23506049, car
yolo3-28, 23506049, car
yolo12-28, 23506049, car
yolo8-23, 23506049, car
yolo1-26, 23506049, car
yolo4-29, 23506049, car
yolo6-23, 23506049, car
yolo2-28, 23506049, car
yolo1-26, 33893337, car
yolo3-28, 33893337, car
yolo1-28, 33893337, car
yolo8-23, 33893337, car
yolo12-28, 33893337, car
yolo2-22, 33893337, car
yolo5-24, 33893337, car
yolo6-23, 33893337, car
yolo8-26, 33893337, car
yolo2-28, 33893337, car
yolo4-29, 33893337, car
yolo2-22, 36563518, car
yolo1-28, 36563518, car
yolo1-26, 36563518, car
yolo5-24, 36563518, car
yolo12-28, 36563518, car
yolo2-28, 36563518, car
yolo6-23, 36563518, car
yolo3-28, 36563518, car
yolo8-23, 36563518, car
yolo4-29, 36563518, car
yolo8-26, 36563518, car
yolo1-26, 04572153, car
yolo3-28, 04572153, car
yolo4-29, 04572153, car
yolo5-24, 04572153, car
yolo1-28, 04572153, car
yolo12-28, 04572153, car
yolo8-26, 04572153, car
yolo6-23, 04572153, car
yolo2-28, 04572153, car
yolo8-23, 04572153, car
yolo2-22, 04572153, car
yolo1-26, 91598054, car
yolo2-22, 91598054, car
yolo4-29, 91598054, car
yolo2-28, 91598054, car
yolo12-28, 91598054, car
yolo8-23, 91598054, car
yolo1-28, 91598054, car
yolo6-23, 91598054, car
yolo8-26, 91598054, car
yolo3-28, 91598054, car
yolo5-24, 91598054, car
yolo3-28, 70852446, car
yolo12-28, 70852446, car
yolo1-28, 70852446, car
yolo2-28, 70852446, car
yolo1-26, 70852446, car
yolo6-23, 70852446, car
yolo4-29, 70852446, car
yolo5-24, 70852446, car
yolo2-22, 70852446, car
yolo8-23, 70852446, car
yolo8-26, 70852446, car
yolo2-28, 54240660, car
yolo8-26, 54240660, car
yolo1-28, 54240660, car
yolo1-26, 54240660, car
yolo5-24, 54240660, car
yolo12-28, 54240660, car
yolo3-28, 54240660, car
yolo6-23, 54240660, car
yolo2-22, 54240660, car
yolo4-29, 54240660, car
yolo8-23, 54240660, car
yolo1-26, 54848018, car
yolo2-22, 54848018, car
yolo2-28, 54848018, car
yolo4-29, 54848018, car
yolo1-28, 54848018, car
yolo12-28, 54848018, car
yolo3-28, 54848018, car
yolo8-23, 54848018, car
yolo6-23, 54848018, car
yolo8-26, 54848018, car
yolo5-24, 54848018, car
yolo1-26, 48326248, car
yolo1-28, 48326248, car
yolo2-28, 48326248, car
yolo4-29, 48326248, car
yolo3-28, 48326248, car
yolo8-26, 48326248, car
yolo6-23, 48326248, car
yolo8-23, 48326248, car
yolo5-24, 48326248, car
yolo12-28, 48326248, car
yolo2-22, 48326248, car
yolo8-26, 64410690, car
yolo1-28, 64410690, car
yolo6-23, 64410690, car
yolo3-28, 64410690, car
yolo2-22, 64410690, car
yolo4-29, 64410690, car
yolo2-28, 64410690, car
yolo12-28, 64410690, car
yolo1-26, 64410690, car
yolo5-24, 64410690, car
yolo8-23, 64410690, car
yolo4-29, 39622585, car
yolo2-22, 39622585, car
yolo5-24, 39622585, car
yolo12-28, 39622585, car
yolo3-28, 39622585, car
yolo1-26, 39622585, car
yolo8-26, 39622585, car
yolo2-28, 39622585, car
yolo6-23, 39622585, car
yolo1-28, 39622585, car
yolo8-23, 39622585, car
yolo2-28, 72004368, car
yolo5-24, 72004368, car
yolo4-29, 72004368, car
yolo2-22, 72004368, car
yolo1-28, 72004368, car
yolo1-26, 72004368, car
yolo3-28, 72004368, car
yolo6-23, 72004368, car
yolo12-28, 72004368, car
yolo8-26, 72004368, car
yolo8-23, 72004368, car
yolo1-26, 64012209, car
yolo5-24, 64012209, car
yolo4-29, 64012209, car
yolo2-22, 64012209, car
yolo3-28, 64012209, car
yolo2-28, 64012209, car
yolo8-23, 64012209, car
yolo1-28, 64012209, car
yolo8-26, 64012209, car
yolo12-28, 64012209, car
yolo6-23, 64012209, car
yolo2-22, 47606187, car
yolo3-28, 47606187, car
yolo1-28, 47606187, car
yolo1-26, 47606187, car
yolo4-29, 47606187, car
yolo12-28, 47606187, car
yolo8-26, 47606187, car
yolo5-24, 47606187, car
yolo8-23, 47606187, car
yolo2-28, 47606187, car
yolo6-23, 47606187, car
yolo2-22, 61314650, car
yolo12-28, 61314650, car
yolo1-26, 61314650, car
yolo3-28, 61314650, car
yolo2-28, 61314650, car
yolo4-29, 61314650, car
yolo5-24, 61314650, car
yolo6-23, 61314650, car
yolo8-26, 61314650, car
yolo8-23, 61314650, car
yolo1-28, 61314650, car
yolo1-26, 59658291, car
yolo2-22, 59658291, car
yolo3-28, 59658291, car
yolo5-24, 59658291, car
yolo4-29, 59658291, car
yolo12-28, 59658291, car
yolo6-23, 59658291, car
yolo8-23, 59658291, car
yolo1-28, 59658291, car
yolo2-28, 59658291, car
yolo8-26, 59658291, car
yolo3-28, 37715507, car
yolo1-26, 37715507, car
yolo4-29, 37715507, car
yolo5-24, 37715507, car
yolo2-22, 37715507, car
yolo12-28, 37715507, car
yolo8-26, 37715507, car
yolo6-23, 37715507, car
yolo8-23, 37715507, car
yolo2-28, 37715507, car
yolo1-28, 37715507, car
yolo1-26, 26074136, car
yolo3-28, 26074136, car
yolo2-22, 26074136, car
yolo5-24, 26074136, car
yolo4-29, 26074136, car
yolo12-28, 26074136, car
yolo8-26, 26074136, car
yolo8-23, 26074136, car
yolo2-28, 26074136, car
yolo6-23, 26074136, car
yolo1-28, 26074136, car
