
========== Time: 0 ==========

========== Time: 1 ==========

========== Time: 2 ==========

========== Time: 3 ==========

========== Time: 4 ==========

========== Time: 5 ==========

========== Time: 6 ==========

========== Time: 7 ==========

========== Time: 8 ==========

========== Time: 9 ==========
yolo8-2, 00940023, car
yolo8-2, 47121679, car
yolo8-2, 76155553, car
yolo8-2, 95936655, car
yolo8-2, 62689753, car
yolo8-2, 36208031, car
yolo8-2, 48038504, car
yolo2-3, 36208031, car
yolo8-2, 65468483, car
yolo2-3, 48038504, car
yolo8-2, 16505389, car
yolo2-3, 65468483, car
yolo8-2, 39121675, car
yolo2-3, 16505389, car
yolo8-2, 49119705, train
yolo2-3, 39121675, car
yolo8-2, 30589247, sofa
yolo2-3, 49119705, train
yolo8-2, 47757196, aeroplane
yolo2-3, 30589247, sofa
yolo8-2, 73324195, sofa
yolo2-3, 47757196, aeroplane
yolo8-2, 52376594, train
yolo2-3, 73324195, sofa
yolo8-2, 56124388, sofa
yolo2-3, 52376594, train
yolo8-2, 06499044, sofa
yolo2-3, 56124388, sofa
yolo8-2, 73728591, aeroplane
yolo2-3, 06499044, sofa
yolo8-2, 48915125, sofa
yolo2-3, 73728591, aeroplane
yolo8-2, 91140623, sofa
yolo2-3, 48915125, sofa
yolo8-2, 27830302, aeroplane
yolo2-3, 91140623, sofa
yolo8-2, 99808202, train
yolo2-3, 27830302, aeroplane
yolo8-2, 52935667, sofa
yolo2-3, 99808202, train
yolo8-2, 96825354, tvmonitor
yolo2-3, 52935667, sofa
yolo8-2, 57352140, car
yolo2-3, 96825354, tvmonitor
yolo8-2, 71340696, car
yolo2-3, 57352140, car
yolo8-2, 69398596, car

========== Time: 10 ==========
yolo2-3, 71340696, car
yolo8-2, 08523857, car
yolo2-3, 69398596, car
yolo8-2, 27000131, car
yolo2-3, 08523857, car
yolo8-2, 22574860, train
yolo2-3, 27000131, car
yolo8-2, 86221874, car
yolo2-3, 22574860, train
yolo8-2, 96792216, car
yolo8-2, 30649754, car
yolo2-3, 86221874, car
yolo8-2, 48811249, car
yolo2-3, 96792216, car
yolo8-2, 84118151, car
yolo2-3, 30649754, car
yolo8-2, 55204380, car
yolo2-3, 48811249, car
yolo8-2, 15535282, car
yolo2-3, 84118151, car
yolo8-2, 31252302, car
yolo2-3, 55204380, car
yolo8-2, 62392148, car
yolo2-3, 15535282, car
yolo2-3, 31252302, car
yolo2-3, 62392148, car
yolo8-2, 98838675, car
yolo4-3, 57352140, car
yolo2-3, 98838675, car
yolo4-3, 71340696, car
yolo2-3, 07876979, car
yolo8-2, 07876979, car
yolo4-3, 69398596, car
yolo4-3, 08523857, car
yolo2-3, 30490928, car
yolo8-2, 30490928, car
yolo4-3, 27000131, car
yolo8-2, 00257461, car
yolo4-3, 22574860, train
yolo2-3, 00257461, car
yolo4-3, 86221874, car
yolo8-2, 59373722, car
yolo2-3, 59373722, car
yolo4-3, 96792216, car
yolo4-3, 30649754, car
yolo8-2, 75647478, car
yolo2-3, 75647478, car
yolo4-3, 48811249, car
yolo4-3, 84118151, car
yolo2-3, 31161283, car
yolo8-2, 31161283, car
yolo4-3, 55204380, car
yolo4-3, 15535282, car
yolo8-2, 90362549, car
yolo2-3, 90362549, car
yolo4-3, 31252302, car
yolo4-3, 62392148, car
yolo8-2, 29076603, car
yolo2-3, 29076603, car
yolo4-3, 98838675, car
yolo4-3, 07876979, car
yolo2-3, 00759427, car
yolo4-3, 30490928, car
yolo4-3, 00257461, car
yolo2-3, 96549284, car
yolo4-3, 59373722, car
yolo8-2, 00759427, car
yolo4-3, 75647478, car
yolo8-2, 96549284, car
yolo2-3, 32531494, car
yolo4-3, 31161283, car
yolo8-2, 32531494, car
yolo4-3, 90362549, car
yolo4-3, 29076603, car
yolo2-3, 26406842, car
yolo8-2, 26406842, car
yolo4-3, 00759427, car
yolo4-3, 96549284, car
yolo8-2, 29988809, car
yolo2-3, 29988809, car
yolo4-3, 32531494, car
yolo6-8, 62392148, aeroplane
yolo4-3, 26406842, car
yolo6-8, 98838675, aeroplane
yolo2-3, 41391577, car
yolo8-2, 41391577, car
yolo4-3, 29988809, car
yolo6-8, 07876979, aeroplane
yolo4-3, 41391577, car
yolo6-8, 30490928, aeroplane
yolo8-2, 57338880, car
yolo2-3, 57338880, car
yolo4-3, 57338880, car
yolo6-8, 00257461, aeroplane
yolo6-8, 59373722, aeroplane
yolo4-3, 74861283, car
yolo8-2, 74861283, car
yolo6-8, 75647478, aeroplane
yolo2-3, 74861283, car
yolo6-8, 31161283, aeroplane
yolo8-2, 02083556, car
yolo4-3, 02083556, car
yolo2-3, 02083556, car
yolo6-8, 90362549, aeroplane
yolo6-8, 29076603, aeroplane
yolo6-8, 00759427, aeroplane
yolo4-3, 49257325, car
yolo8-2, 49257325, car
yolo2-3, 49257325, car
yolo6-8, 96549284, aeroplane
yolo8-2, 00996068, car
yolo2-3, 00996068, car
yolo6-8, 32531494, aeroplane
yolo4-3, 00996068, car
yolo6-8, 26406842, aeroplane
yolo2-3, 00246558, car
yolo8-2, 00246558, car
yolo4-3, 00246558, car
yolo6-8, 29988809, aeroplane
yolo6-8, 41391577, aeroplane
yolo8-2, 77186019, car
yolo2-3, 77186019, car
yolo4-3, 77186019, car
yolo6-8, 57338880, aeroplane
yolo6-8, 74861283, aeroplane
yolo5-4, 96549284, car
yolo8-2, 79588478, car
yolo2-3, 79588478, car
yolo4-3, 79588478, car
yolo6-8, 02083556, aeroplane
yolo5-4, 32531494, car
yolo6-8, 49257325, aeroplane
yolo5-4, 26406842, car
yolo8-2, 94238903, car
yolo2-3, 94238903, car
yolo4-3, 94238903, car
yolo5-4, 29988809, car
yolo6-8, 00996068, aeroplane
yolo5-4, 41391577, car
yolo6-8, 00246558, aeroplane
yolo8-2, 40503607, car
yolo2-3, 40503607, car
yolo4-3, 40503607, car
yolo5-4, 57338880, car
yolo6-8, 77186019, aeroplane
yolo2-3, 42167400, car
yolo8-2, 42167400, car
yolo5-4, 74861283, car
yolo6-8, 79588478, aeroplane
yolo4-3, 42167400, car
yolo11-3, 00759427, car
yolo5-4, 02083556, car
yolo6-8, 94238903, aeroplane
yolo11-3, 96549284, car
yolo8-2, 39569078, car
yolo4-3, 39569078, car
yolo2-3, 39569078, car
yolo5-4, 49257325, car
yolo6-8, 40503607, aeroplane
yolo11-3, 32531494, car
yolo5-4, 00996068, car
yolo6-8, 42167400, aeroplane
yolo11-3, 26406842, car
yolo8-2, 92489423, car
yolo4-3, 92489423, car
yolo2-3, 92489423, car
yolo5-4, 00246558, car
yolo6-8, 39569078, aeroplane
yolo11-3, 29988809, car
yolo5-4, 77186019, car
yolo6-8, 92489423, aeroplane
yolo11-3, 41391577, car
yolo2-3, 40674090, car
yolo8-2, 40674090, car
yolo5-4, 79588478, car
yolo4-3, 40674090, car
yolo6-8, 40674090, aeroplane
yolo11-3, 57338880, car
yolo5-4, 94238903, car
yolo11-3, 74861283, car
yolo2-3, 23986712, car
yolo6-8, 23986712, aeroplane
yolo4-3, 23986712, car
yolo8-2, 23986712, car
yolo5-4, 40503607, car
yolo11-3, 02083556, car
yolo11-3, 49257325, car
yolo5-4, 42167400, car
yolo6-8, 47259313, aeroplane
yolo2-3, 47259313, car
yolo8-2, 47259313, car
yolo4-3, 47259313, car
yolo5-4, 39569078, car
yolo11-3, 00996068, car
yolo5-4, 92489423, car
yolo11-3, 00246558, car
yolo6-8, 91979445, aeroplane
yolo8-2, 91979445, car
yolo4-3, 91979445, car
yolo2-3, 91979445, car
yolo5-4, 40674090, car
yolo11-3, 77186019, car
yolo5-4, 23986712, car
yolo11-3, 79588478, car
yolo6-8, 06683455, aeroplane
yolo8-2, 06683455, car
yolo4-3, 06683455, car
yolo2-3, 06683455, car
yolo5-4, 47259313, car
yolo11-3, 94238903, car
yolo5-4, 91979445, car
yolo11-3, 40503607, car
yolo6-8, 92450191, aeroplane
yolo2-3, 92450191, car
yolo8-2, 92450191, car
yolo4-3, 92450191, car
yolo11-3, 42167400, car
yolo5-4, 06683455, car
yolo11-3, 39569078, car
yolo5-4, 92450191, car
yolo6-8, 64984449, aeroplane
yolo4-3, 64984449, car
yolo8-2, 64984449, car
yolo2-3, 64984449, car
yolo5-4, 64984449, car
yolo11-3, 92489423, car
yolo11-3, 40674090, car
yolo6-8, 22123877, aeroplane
yolo5-4, 22123877, car
yolo2-3, 22123877, car
yolo8-2, 22123877, car
yolo4-3, 22123877, car
yolo11-3, 23986712, car
yolo11-3, 47259313, car
yolo6-8, 77101897, aeroplane
yolo5-4, 77101897, car
yolo4-3, 77101897, car
yolo2-3, 77101897, car
yolo8-2, 77101897, car
yolo11-3, 91979445, car
yolo11-3, 06683455, car
yolo6-8, 33029592, aeroplane
yolo5-4, 33029592, car
yolo2-3, 33029592, car
yolo4-3, 33029592, car
yolo8-2, 33029592, car
yolo11-3, 92450191, car
yolo11-3, 64984449, car
yolo6-8, 40666723, aeroplane
yolo5-4, 40666723, car
yolo8-2, 40666723, car
yolo4-3, 40666723, car
yolo2-3, 40666723, car
yolo11-3, 22123877, car
yolo11-3, 77101897, car
yolo6-8, 84833894, aeroplane
yolo5-4, 84833894, car
yolo11-3, 33029592, car
yolo4-3, 84833894, car
yolo2-3, 84833894, car
yolo8-2, 84833894, car
yolo5-10, 84833894, car
yolo11-3, 40666723, car
yolo6-8, 92138091, aeroplane
yolo5-4, 92138091, car
yolo5-10, 92138091, car
yolo8-2, 92138091, car
yolo2-3, 92138091, car
yolo11-3, 84833894, car
yolo4-3, 92138091, car
yolo11-3, 92138091, car
yolo6-8, 75368642, aeroplane
yolo5-4, 75368642, car
yolo5-10, 75368642, car
yolo4-3, 75368642, car
yolo8-2, 75368642, car
yolo2-3, 75368642, car
yolo11-3, 75368642, car
yolo6-8, 35535167, aeroplane
yolo5-10, 35535167, car
yolo5-4, 35535167, car
yolo2-3, 35535167, car
yolo8-2, 35535167, car
yolo4-3, 35535167, car
yolo11-3, 35535167, car
yolo6-8, 81308362, aeroplane
yolo5-10, 81308362, car
yolo5-4, 81308362, car
yolo2-3, 81308362, car
yolo8-2, 81308362, car
yolo11-3, 81308362, car
yolo4-3, 81308362, car
yolo6-8, 00805260, aeroplane
yolo5-4, 00805260, car
yolo5-10, 00805260, car
yolo8-2, 00805260, car
yolo11-3, 00805260, car
yolo2-3, 00805260, car
yolo4-3, 00805260, car
yolo6-8, 61475027, aeroplane
yolo5-10, 61475027, car
yolo8-2, 61475027, car
yolo5-4, 61475027, car
yolo11-3, 61475027, car
yolo4-3, 61475027, car
yolo2-3, 61475027, car
yolo6-8, 61151929, aeroplane
yolo5-4, 61151929, car
yolo5-10, 61151929, car
yolo8-2, 61151929, car
yolo11-3, 61151929, car
yolo4-3, 61151929, car
yolo2-3, 61151929, car
yolo6-8, 09751980, aeroplane
yolo5-10, 09751980, car
yolo5-4, 09751980, car
yolo8-2, 09751980, car
yolo2-3, 09751980, car
yolo11-3, 09751980, car
yolo4-3, 09751980, car
yolo6-8, 76601533, aeroplane
yolo5-10, 76601533, car
yolo5-4, 76601533, car
yolo11-3, 76601533, car
yolo8-2, 76601533, car
yolo2-3, 76601533, car
yolo4-3, 76601533, car
yolo6-8, 46491835, aeroplane
yolo5-10, 46491835, car
yolo5-4, 46491835, car
yolo8-2, 46491835, car
yolo11-3, 46491835, car
yolo4-3, 46491835, car
yolo2-3, 46491835, car
yolo6-8, 60368212, aeroplane
yolo5-10, 60368212, car
yolo5-4, 60368212, car
yolo8-2, 60368212, car
yolo11-3, 60368212, car
yolo2-3, 60368212, car
yolo4-3, 60368212, car
yolo6-8, 63821251, aeroplane
yolo5-4, 63821251, car
yolo5-10, 63821251, car
yolo11-3, 63821251, car
yolo8-2, 63821251, car
yolo2-3, 63821251, car
yolo4-3, 63821251, car

========== Time: 11 ==========
yolo6-8, 90973374, aeroplane
yolo5-4, 90973374, car
yolo5-10, 90973374, car
yolo11-3, 90973374, car
yolo4-3, 90973374, car
yolo2-3, 90973374, car
yolo8-2, 90973374, car
yolo5-10, 65839913, car
yolo5-4, 65839913, car
yolo6-8, 65839913, aeroplane
yolo8-2, 65839913, car
yolo11-3, 65839913, car
yolo2-3, 65839913, car
yolo4-3, 65839913, car
yolo6-8, 11618196, aeroplane
yolo5-4, 11618196, car
yolo5-10, 11618196, car
yolo2-3, 11618196, car
yolo11-3, 11618196, car
yolo8-2, 11618196, car
yolo4-3, 11618196, car
yolo6-8, 97849817, aeroplane
yolo5-4, 97849817, car
yolo5-10, 97849817, car
yolo2-3, 97849817, car
yolo8-2, 97849817, car
yolo4-3, 97849817, car
yolo11-3, 97849817, car
yolo6-8, 74991556, aeroplane
yolo2-3, 74991556, car
yolo5-10, 74991556, car
yolo5-4, 74991556, car
yolo8-2, 74991556, car
yolo4-3, 74991556, car
yolo11-3, 74991556, car
yolo6-8, 02969231, aeroplane
yolo5-10, 02969231, car
yolo5-4, 02969231, car
yolo11-3, 02969231, car
yolo2-3, 02969231, car
yolo8-2, 02969231, car
yolo4-3, 02969231, car
yolo6-8, 06137154, aeroplane
yolo5-4, 06137154, car
yolo5-10, 06137154, car
yolo8-2, 06137154, car
yolo11-3, 06137154, car
yolo4-3, 06137154, car
yolo2-3, 06137154, car
yolo6-8, 14434744, aeroplane
yolo5-10, 14434744, car
yolo5-4, 14434744, car
yolo8-2, 14434744, car
yolo11-3, 14434744, car
yolo2-3, 14434744, car
yolo4-3, 14434744, car
yolo8-2, 99900752, car
yolo5-10, 99900752, car
yolo2-3, 99900752, car
yolo4-3, 99900752, car
yolo5-10, 49763504, sofa
yolo8-2, 49763504, sofa
yolo2-3, 49763504, sofa
yolo4-3, 49763504, sofa
yolo5-10, 74382120, aeroplane
yolo8-2, 74382120, boat
yolo2-3, 74382120, boat
yolo4-3, 74382120, boat
yolo8-2, 18389167, car
yolo2-3, 18389167, car
yolo4-3, 18389167, car
yolo5-10, 18389167, car
yolo8-2, 45060730, aeroplane
yolo2-3, 45060730, aeroplane
yolo4-3, 45060730, aeroplane
yolo5-10, 45060730, aeroplane
yolo8-2, 04305162, train
yolo2-3, 04305162, train
yolo4-3, 04305162, train
yolo5-10, 04305162, train
yolo2-3, 16933600, car
yolo4-3, 16933600, car
yolo8-2, 16933600, car
yolo4-3, 93971075, bottle
yolo2-3, 93971075, bottle
yolo8-2, 93971075, bottle

========== Time: 12 ==========
yolo4-3, 26497932, car
yolo8-2, 26497932, car
yolo2-3, 26497932, car
yolo2-3, 37174296, car
yolo8-2, 37174296, car
yolo4-3, 37174296, car
yolo8-2, 16938012, car
yolo2-3, 16938012, car
yolo4-3, 16938012, car
yolo2-3, 16579993, car
yolo8-2, 16579993, car
yolo4-3, 16579993, car
yolo8-2, 69309309, car
yolo2-3, 69309309, car
yolo4-3, 69309309, car
yolo2-3, 13298768, car
yolo4-3, 13298768, car
yolo8-2, 13298768, car
yolo8-2, 90202017, car
yolo2-3, 90202017, car
yolo4-3, 90202017, car
yolo8-2, 27174199, car
yolo2-3, 27174199, car
yolo4-3, 27174199, car
yolo4-3, 60955682, car
yolo8-2, 60955682, car
yolo2-3, 60955682, car
yolo8-2, 67872029, car
yolo2-3, 67872029, car
yolo4-3, 67872029, car
yolo8-2, 04986632, car
yolo2-3, 04986632, car
yolo4-3, 04986632, car
yolo8-2, 30738860, car
yolo2-3, 30738860, car
yolo4-3, 30738860, car
yolo8-2, 70805247, car
yolo2-3, 70805247, car
yolo4-3, 70805247, car
yolo2-3, 73528111, car
yolo4-3, 73528111, car
yolo8-2, 73528111, car
yolo8-2, 27473165, car
yolo4-3, 27473165, car
yolo2-3, 27473165, car

========== Time: 13 ==========
yolo8-2, 55182711, car
yolo2-3, 55182711, car
yolo4-3, 55182711, car
yolo8-2, 44414931, car
yolo2-3, 44414931, car
yolo4-3, 44414931, car
yolo5-edge-10, 44414931, aeroplane
yolo8-2, 34580287, car
yolo2-3, 34580287, car
yolo4-3, 34580287, car
yolo5-edge-10, 34580287, aeroplane
yolo2-3, 91502403, car
yolo4-3, 91502403, car
yolo8-2, 91502403, car
yolo5-edge-10, 91502403, aeroplane
yolo2-3, 76425818, car
yolo4-3, 76425818, car
yolo8-2, 76425818, car
yolo5-edge-10, 76425818, aeroplane
yolo2-3, 44853131, car
yolo8-2, 44853131, car
yolo4-3, 44853131, car
yolo5-edge-10, 44853131, aeroplane
yolo5-edge-10, 31395832, aeroplane
yolo8-2, 31395832, car
yolo4-3, 31395832, car
yolo2-3, 31395832, car
yolo5-edge-10, 30711992, aeroplane
yolo4-3, 30711992, car
yolo4-3, 43467918, car
yolo5-edge-10, 43467918, aeroplane
yolo5-edge-10, 95938733, aeroplane
yolo4-3, 95938733, car
yolo4-3, 29371267, car
yolo5-edge-10, 29371267, aeroplane
yolo4-3, 52521982, car
yolo5-edge-10, 52521982, aeroplane
yolo4-3, 52352987, car
yolo5-edge-10, 52352987, aeroplane
yolo4-3, 40094918, car
yolo5-edge-10, 40094918, aeroplane
yolo4-3, 16229607, car
yolo5-edge-10, 16229607, aeroplane
yolo4-3, 32923781, car
yolo5-edge-10, 32923781, aeroplane
yolo4-3, 37785263, car
yolo5-edge-10, 37785263, aeroplane

========== Time: 14 ==========
yolo4-3, 69041851, car
yolo5-edge-10, 69041851, aeroplane
yolo5-edge-10, 97243787, aeroplane
yolo4-3, 97243787, car
yolo4-3, 88204454, car
yolo5-edge-10, 88204454, aeroplane
yolo4-3, 63056689, car
yolo5-edge-10, 63056689, aeroplane
yolo5-edge-10, 05889119, aeroplane
yolo4-3, 05889119, car
yolo4-3, 20340057, car
yolo5-edge-10, 20340057, aeroplane
yolo4-3, 01567559, car
yolo5-edge-10, 01567559, aeroplane
yolo4-3, 43433166, car
yolo5-edge-10, 43433166, aeroplane
yolo4-3, 00971102, car
yolo5-edge-10, 00971102, aeroplane
yolo5-edge-10, 39427849, aeroplane
yolo5-edge-10, 11909234, aeroplane
yolo5-edge-10, 69671469, aeroplane
yolo5-edge-10, 12148207, aeroplane
yolo5-edge-10, 29945267, aeroplane

========== Time: 15 ==========
yolo5-edge-10, 79203380, aeroplane
yolo5-edge-10, 02124660, aeroplane
yolo5-edge-10, 94179511, aeroplane
yolo5-edge-10, 59770285, aeroplane
yolo5-edge-10, 22161661, aeroplane
yolo5-edge-10, 97651156, aeroplane
yolo5-edge-10, 99578691, aeroplane
yolo5-edge-10, 12970454, aeroplane
yolo5-edge-10, 47523833, aeroplane
yolo5-edge-10, 48993438, aeroplane
yolo5-edge-10, 31884177, aeroplane
yolo5-edge-10, 68788476, aeroplane
yolo9-9, 12148207, car
yolo9-9, 29945267, car
yolo5-edge-10, 79522665, aeroplane
yolo9-9, 79203380, car
yolo9-9, 02124660, car
yolo5-edge-10, 91415143, aeroplane
yolo9-9, 94179511, car
yolo9-9, 59770285, car
yolo5-edge-10, 73808549, aeroplane
yolo9-9, 22161661, car
yolo2-11, 91415143, car

========== Time: 16 ==========
yolo9-9, 97651156, car
yolo2-11, 73808549, car
yolo5-edge-10, 82756039, aeroplane
yolo9-9, 99578691, car
yolo2-11, 82756039, car
yolo9-9, 12970454, car
yolo2-11, 01921834, car
yolo5-edge-10, 01921834, aeroplane
yolo9-9, 47523833, car
yolo2-11, 12787724, car
yolo9-9, 48993438, car
yolo5-edge-10, 12787724, aeroplane
yolo9-9, 31884177, car
yolo9-9, 68788476, car
yolo2-11, 75556810, sofa
yolo5-edge-10, 75556810, aeroplane
yolo9-9, 79522665, car
yolo9-9, 91415143, car
yolo2-11, 13206271, car
yolo5-edge-10, 13206271, aeroplane
yolo9-9, 73808549, car
yolo9-9, 82756039, car
yolo9-9, 01921834, car
yolo5-edge-10, 34306409, aeroplane
yolo2-11, 34306409, car
yolo9-9, 12787724, car
yolo5-edge-10, 70132161, aeroplane
yolo9-9, 75556810, sofa
yolo2-11, 70132161, car
yolo6-13, 70132161, aeroplane
yolo9-9, 13206271, car
yolo6-13, 95959716, aeroplane
yolo5-edge-10, 95959716, aeroplane
yolo2-11, 95959716, car
yolo9-9, 34306409, car
yolo9-9, 70132161, car
yolo5-edge-10, 27962351, aeroplane
yolo9-9, 95959716, car
yolo5-edge-10, 29702694, aeroplane
yolo9-9, 27962351, sofa
yolo9-9, 29702694, aeroplane
yolo5-edge-10, 29123499, aeroplane
yolo9-9, 29123499, car
yolo9-9, 10071827, car
yolo5-edge-10, 10071827, aeroplane
yolo9-9, 46118851, sofa
yolo5-edge-10, 46118851, aeroplane
yolo9-9, 89448230, sofa
yolo5-edge-10, 89448230, aeroplane
yolo9-9, 38914920, sofa
yolo5-edge-10, 38914920, aeroplane
yolo9-9, 24700390, car
yolo2-16, 24700390, car
yolo5-edge-10, 24700390, aeroplane
yolo9-9, 77221673, car
yolo2-16, 77221673, car
yolo5-edge-10, 77221673, aeroplane
yolo2-16, 16423883, car
yolo5-edge-10, 16423883, aeroplane
yolo9-9, 16423883, car
yolo9-9, 64666081, car
yolo2-16, 64666081, car
yolo5-edge-10, 64666081, aeroplane
yolo2-16, 46178221, car
yolo9-9, 46178221, car
yolo5-edge-10, 46178221, aeroplane
yolo2-16, 41590932, car
yolo9-9, 41590932, car
yolo5-edge-10, 41590932, aeroplane

========== Time: 17 ==========
yolo2-16, 70271684, car
yolo9-9, 70271684, car
yolo5-edge-10, 70271684, aeroplane
yolo9-9, 21354859, car
yolo2-16, 21354859, car
yolo5-edge-10, 21354859, aeroplane
yolo2-16, 07492097, car
yolo9-9, 07492097, car
yolo5-edge-10, 07492097, car
yolo2-16, 61867348, car
yolo9-9, 61867348, car
yolo5-edge-10, 61867348, car
yolo9-9, 21083385, car
yolo5-edge-10, 21083385, car
yolo2-16, 21083385, car
yolo2-16, 18326057, car
yolo9-9, 18326057, car
yolo5-edge-10, 18326057, car
yolo5-edge-10, 51515131, car
yolo2-16, 51515131, car
yolo9-9, 51515131, car
yolo2-16, 75357433, car
yolo9-9, 75357433, car
yolo5-edge-10, 75357433, car
yolo5-edge-10, 08406233, car
yolo2-17, 08406233, car

========== Time: 18 ==========
yolo2-17, 34814230, car
yolo5-edge-10, 34814230, car
yolo2-17, 56160341, car
yolo5-edge-10, 56160341, car
yolo2-17, 78136945, car
yolo5-edge-10, 78136945, car
yolo2-17, 37553705, car
yolo5-edge-10, 37553705, car
yolo2-17, 30733852, car
yolo5-edge-10, 30733852, car
yolo10-12, 18326057, car
yolo2-17, 85197427, car
yolo5-edge-10, 85197427, car
yolo10-12, 51515131, car
yolo10-12, 75357433, car
yolo2-17, 36846472, car
yolo5-edge-10, 36846472, car
yolo10-12, 08406233, car
yolo10-12, 34814230, car
yolo2-17, 93200853, car
yolo5-edge-10, 93200853, car
yolo10-12, 56160341, car
yolo10-12, 78136945, car
yolo5-edge-10, 41414095, car
yolo10-12, 37553705, car
yolo10-12, 30733852, car
yolo5-edge-10, 65622587, car
yolo10-12, 85197427, car
yolo10-12, 36846472, car
yolo5-edge-10, 62140002, car
yolo10-12, 93200853, car
yolo10-12, 41414095, car
yolo10-12, 65622587, car
yolo5-edge-10, 94055656, car
yolo10-12, 62140002, car
yolo10-12, 94055656, car
yolo5-edge-10, 07219262, car
yolo10-12, 07219262, car
yolo10-12, 37119699, car
yolo5-edge-10, 37119699, car
yolo10-12, 64382446, car
yolo5-edge-10, 64382446, car

========== Time: 19 ==========
yolo5-edge-10, 83227253, car
yolo10-12, 83227253, car
yolo10-12, 44263003, car
yolo5-edge-10, 44263003, car
yolo10-12, 57805604, car
yolo5-edge-10, 57805604, aeroplane
yolo10-12, 18585275, car
yolo5-edge-10, 18585275, aeroplane
yolo10-12, 43710214, car
yolo5-edge-10, 43710214, aeroplane
yolo10-12, 74222597, car
yolo5-edge-10, 74222597, aeroplane
yolo10-12, 36532472, car
yolo5-edge-10, 36532472, aeroplane
yolo5-edge-10, 88319078, aeroplane
yolo10-12, 88319078, car
yolo10-12, 46440809, car
yolo10-12, 82930988, car
yolo5-17, 19107155, aeroplane
yolo10-12, 19107155, car
yolo5-17, 99061570, aeroplane
yolo10-12, 99061570, car
yolo10-12, 66035451, car
yolo5-17, 66035451, aeroplane
yolo10-12, 42572134, car
yolo5-17, 42572134, aeroplane
yolo10-12, 14417432, car
yolo5-17, 14417432, aeroplane
yolo11-18, 14417432, car
yolo5-17, 16760136, aeroplane
yolo10-12, 16760136, car
yolo11-18, 16760136, car
yolo8-16, 16760136, car
yolo8-12, 16760136, car

========== Time: 20 ==========
yolo5-17, 32495598, aeroplane
yolo8-12, 32495598, car
yolo11-18, 32495598, car
yolo8-16, 32495598, car
yolo10-12, 32495598, car
yolo5-17, 53181333, aeroplane
yolo8-12, 53181333, car
yolo10-12, 53181333, car
yolo11-18, 53181333, car
yolo8-16, 53181333, car
yolo5-17, 97382478, aeroplane
yolo8-16, 97382478, car
yolo11-18, 97382478, car
yolo8-12, 97382478, car
yolo10-12, 97382478, car
yolo10-19, 97382478, car
yolo5-17, 87739954, aeroplane
yolo8-12, 87739954, car
yolo10-12, 87739954, car
yolo11-18, 87739954, car
yolo10-19, 87739954, car
yolo8-16, 87739954, car
yolo5-17, 99794607, aeroplane
yolo10-19, 99794607, car
yolo8-16, 99794607, car
yolo10-12, 99794607, car
yolo8-12, 99794607, car
yolo11-18, 99794607, car
yolo5-17, 88210884, aeroplane
yolo8-16, 88210884, car
yolo8-12, 88210884, car
yolo11-18, 88210884, car
yolo10-12, 88210884, car
yolo10-19, 88210884, car
yolo5-17, 23211748, aeroplane
yolo8-12, 23211748, car
yolo11-18, 23211748, car
yolo8-16, 23211748, car
yolo10-19, 23211748, car
yolo10-12, 23211748, car
yolo5-17, 80714530, aeroplane
yolo8-12, 80714530, car
yolo8-16, 80714530, car
yolo11-18, 80714530, car
yolo8-12, 40207237, car
yolo11-18, 40207237, car
yolo5-17, 40207237, aeroplane
yolo8-12, 73957325, car
yolo11-18, 73957325, car
yolo10-19, 80714530, car
yolo10-12, 80714530, car
yolo5-17, 73957325, aeroplane
yolo8-12, 06141456, car
yolo10-12, 40207237, car
yolo5-17, 06141456, aeroplane
yolo10-19, 40207237, car
yolo11-18, 06141456, car
yolo10-12, 73957325, car
yolo10-19, 73957325, car
yolo5-17, 72948981, aeroplane
yolo8-12, 72948981, car
yolo11-18, 72948981, car
yolo10-12, 06141456, car
yolo10-19, 06141456, car
yolo10-12, 72948981, car
yolo10-19, 72948981, car
yolo5-17, 05418411, aeroplane
yolo8-12, 05418411, car
yolo10-12, 05418411, car
yolo11-18, 05418411, car
yolo10-19, 05418411, car
yolo5-17, 78989952, aeroplane
yolo8-12, 78989952, car
yolo11-18, 78989952, car
yolo10-19, 78989952, car
yolo10-12, 78989952, car
yolo5-17, 76486512, aeroplane
yolo10-12, 76486512, car
yolo10-19, 76486512, car
yolo11-18, 76486512, car
yolo8-12, 76486512, car
yolo5-17, 74139922, aeroplane
yolo8-12, 74139922, car
yolo10-19, 74139922, car
yolo11-18, 74139922, car
yolo10-12, 74139922, car

========== Time: 21 ==========
yolo5-17, 36428094, aeroplane
yolo10-12, 36428094, car
yolo11-18, 36428094, car
yolo8-12, 36428094, car
yolo10-19, 36428094, car
yolo6-19, 99794607, aeroplane
yolo10-12, 21903840, car
yolo10-19, 21903840, car
yolo5-17, 21903840, aeroplane
yolo8-12, 21903840, car
yolo11-18, 21903840, car
yolo5-17, 85385948, aeroplane
yolo10-12, 85385948, car
yolo8-12, 85385948, car
yolo10-19, 85385948, car
yolo11-18, 85385948, car
yolo5-17, 93122476, aeroplane
yolo10-12, 93122476, car
yolo10-19, 93122476, car
yolo8-12, 93122476, car
yolo11-18, 93122476, car
yolo6-19, 88210884, aeroplane
yolo5-17, 84207927, aeroplane
yolo11-18, 84207927, car
yolo6-19, 23211748, aeroplane
yolo8-12, 84207927, car
yolo10-19, 84207927, car
yolo10-12, 84207927, car
yolo6-19, 80714530, aeroplane
yolo5-17, 72041641, aeroplane
yolo8-12, 72041641, car
yolo11-18, 72041641, car
yolo10-19, 72041641, car
yolo10-12, 72041641, car
yolo6-19, 40207237, aeroplane
yolo6-19, 73957325, aeroplane
yolo5-17, 31264870, aeroplane
yolo8-12, 31264870, car
yolo11-18, 31264870, car
yolo10-12, 31264870, car
yolo10-19, 31264870, car
yolo6-19, 06141456, aeroplane
yolo6-19, 72948981, aeroplane
yolo5-17, 94340673, aeroplane
yolo10-12, 94340673, car
yolo8-12, 94340673, car
yolo11-18, 94340673, car
yolo10-19, 94340673, car
yolo8-12, 36108140, car
yolo11-18, 36108140, car
yolo5-17, 36108140, aeroplane
yolo10-12, 36108140, car
yolo10-19, 36108140, car
yolo11-18, 76117142, car
yolo5-17, 76117142, aeroplane
yolo10-19, 76117142, car
yolo8-12, 76117142, car
yolo10-12, 76117142, car
yolo10-12, 91381649, car
yolo5-17, 91381649, aeroplane
yolo10-19, 91381649, car
yolo8-12, 91381649, car
yolo11-18, 91381649, car
yolo8-12, 38344484, car
yolo5-17, 38344484, aeroplane
yolo10-12, 38344484, car
yolo10-19, 38344484, car
yolo11-18, 38344484, car
yolo5-17, 96946072, aeroplane
yolo8-12, 96946072, car
yolo11-18, 96946072, car
yolo10-12, 96946072, car
yolo10-19, 96946072, car
yolo5-17, 20995594, aeroplane
yolo10-19, 20995594, car
yolo8-12, 20995594, car
yolo11-18, 20995594, car
yolo10-12, 20995594, car
yolo5-17, 57502751, aeroplane
yolo10-19, 57502751, car
yolo8-12, 57502751, car
yolo10-12, 57502751, car
yolo11-18, 57502751, car

========== Time: 22 ==========
yolo5-17, 29342926, aeroplane
yolo8-12, 29342926, car
yolo10-19, 29342926, car
yolo11-18, 29342926, car
yolo10-12, 29342926, car
yolo5-17, 55111310, aeroplane
yolo11-18, 55111310, car
yolo8-12, 55111310, car
yolo10-12, 55111310, car
yolo10-19, 55111310, car
yolo5-17, 83803568, car
yolo11-18, 83803568, car
yolo8-12, 83803568, car
yolo10-19, 83803568, car
yolo10-12, 83803568, car
yolo10-19, 92826284, car
yolo5-17, 92826284, car
yolo10-12, 92826284, car
yolo8-12, 92826284, car
yolo11-18, 92826284, car
yolo5-17, 31202348, car
yolo10-19, 31202348, car
yolo10-12, 31202348, car
yolo8-12, 31202348, car
yolo11-18, 31202348, car
yolo5-17, 92952746, car
yolo10-19, 92952746, car
yolo11-18, 92952746, car
yolo8-12, 92952746, car
yolo10-12, 92952746, car
yolo8-21, 92952746, car
yolo5-17, 81181064, car
yolo8-12, 81181064, car
yolo11-18, 81181064, car
yolo8-21, 81181064, car
yolo10-12, 81181064, car
yolo10-19, 81181064, car
yolo5-17, 42508690, car
yolo8-21, 42508690, car
yolo8-12, 42508690, car
yolo10-12, 42508690, car
yolo11-18, 42508690, car
yolo10-19, 42508690, car
yolo5-17, 18941671, car
yolo8-21, 18941671, car
yolo10-12, 18941671, car
yolo10-19, 18941671, car
yolo10-12, 84817443, car
yolo10-19, 84817443, car
yolo8-21, 84817443, car
yolo10-19, 92156382, car
yolo10-12, 92156382, car
yolo8-21, 92156382, car
yolo10-12, 29198248, sofa
yolo10-19, 29198248, sofa
yolo8-21, 29198248, sofa
yolo8-21, 63899730, sofa
yolo10-12, 63899730, sofa
yolo10-19, 63899730, sofa
yolo8-21, 90284424, sofa
yolo10-19, 90284424, sofa
yolo10-12, 90284424, sofa
yolo10-19, 57815369, tvmonitor
yolo10-12, 57815369, tvmonitor
yolo8-21, 57815369, tvmonitor
yolo10-12, 38617978, sofa
yolo10-19, 38617978, sofa
yolo8-21, 38617978, sofa

========== Time: 23 ==========
yolo8-21, 48683370, sofa
yolo10-19, 48683370, sofa
yolo10-12, 48683370, sofa
yolo8-21, 20308917, sofa
yolo10-12, 20308917, sofa
yolo10-19, 20308917, sofa
yolo8-21, 15785421, sofa
yolo10-19, 15785421, sofa
yolo10-12, 15785421, sofa
yolo10-19, 88600409, sofa
yolo8-21, 88600409, sofa
yolo10-12, 88600409, sofa
yolo8-21, 55090625, sofa
yolo10-19, 55090625, sofa
yolo10-12, 55090625, sofa
yolo10-12, 05919954, sofa
yolo8-21, 05919954, sofa
yolo10-19, 05919954, sofa
yolo8-21, 87325693, sofa
yolo10-12, 87325693, sofa
yolo10-19, 87325693, sofa
yolo8-21, 57497021, aeroplane
yolo10-19, 57497021, aeroplane
yolo8-21, 68677824, sofa
yolo10-19, 68677824, sofa
yolo8-21, 18866104, aeroplane
yolo10-19, 18866104, aeroplane
yolo8-21, 37235690, sofa
yolo10-19, 37235690, sofa
yolo10-19, 36931670, sofa
yolo8-21, 36931670, sofa
yolo8-21, 89427195, sofa
yolo10-19, 89427195, sofa
yolo10-19, 80315565, car
yolo8-21, 80315565, car
yolo10-19, 22504373, car
yolo8-21, 22504373, car
yolo10-19, 58935400, car
yolo11-22, 58935400, car
yolo8-21, 58935400, car

========== Time: 24 ==========
yolo11-22, 68412477, car
yolo8-21, 68412477, car
yolo10-19, 68412477, car
yolo12-18, 88600409, sofa
yolo11-22, 98758690, car
yolo10-19, 98758690, car
yolo8-21, 98758690, car
yolo12-18, 55090625, sofa
yolo12-18, 05919954, sofa
yolo11-22, 86460812, car
yolo8-21, 86460812, car
yolo10-19, 86460812, car
yolo12-18, 87325693, sofa
yolo12-18, 57497021, aeroplane
yolo11-22, 02131919, car
yolo8-21, 02131919, car
yolo10-19, 02131919, car
yolo12-18, 68677824, sofa
yolo12-18, 18866104, aeroplane
yolo8-21, 82855008, car
yolo11-22, 82855008, car
yolo10-19, 82855008, car
yolo12-18, 37235690, sofa
yolo12-18, 36931670, sofa
yolo10-19, 64575823, car
yolo8-21, 64575823, car
yolo11-22, 64575823, car
yolo12-18, 89427195, sofa
yolo12-18, 80315565, car
yolo8-21, 11147296, car
yolo11-22, 11147296, car
yolo10-19, 11147296, car
yolo12-23, 11147296, car
yolo12-18, 22504373, car
yolo12-18, 58935400, car
yolo11-22, 10314194, car
yolo8-21, 10314194, car
yolo12-23, 10314194, car
yolo10-19, 10314194, car
yolo12-18, 68412477, car
yolo12-18, 98758690, car
yolo11-22, 23036689, car
yolo8-21, 23036689, car
yolo10-19, 23036689, car
yolo12-23, 23036689, car
yolo12-18, 86460812, car
yolo9-22, 02131919, car
yolo12-18, 02131919, car
yolo10-19, 28922205, car
yolo8-21, 28922205, car
yolo11-22, 28922205, car
yolo12-23, 28922205, car
yolo9-22, 82855008, car
yolo12-18, 82855008, car
yolo9-22, 64575823, car
yolo12-18, 64575823, car
yolo8-21, 01115623, tvmonitor
yolo11-22, 01115623, tvmonitor
yolo10-19, 01115623, tvmonitor
yolo12-23, 01115623, tvmonitor
yolo12-18, 11147296, car
yolo9-22, 11147296, car
yolo12-18, 10314194, car
yolo9-22, 10314194, car
yolo11-22, 50108043, car
yolo8-21, 50108043, car
yolo12-23, 50108043, car
yolo10-19, 50108043, car
yolo12-18, 23036689, car
yolo9-22, 23036689, car
yolo9-22, 28922205, car
yolo12-18, 28922205, car
yolo8-21, 59783562, aeroplane
yolo11-22, 59783562, aeroplane
yolo12-23, 59783562, aeroplane
yolo10-19, 59783562, aeroplane
yolo9-22, 01115623, tvmonitor
yolo12-18, 01115623, tvmonitor

========== Time: 25 ==========
yolo11-22, 86909279, sofa
yolo12-23, 86909279, sofa
yolo8-21, 86909279, sofa
yolo9-22, 50108043, car
yolo10-19, 86909279, sofa
yolo12-18, 50108043, car
yolo9-22, 59783562, aeroplane
yolo11-22, 77922499, aeroplane
yolo12-18, 59783562, aeroplane
yolo8-21, 77922499, aeroplane
yolo12-23, 77922499, aeroplane
yolo12-18, 86909279, sofa
yolo12-18, 77922499, aeroplane
yolo12-23, 81383555, aeroplane
yolo9-22, 86909279, sofa
yolo8-21, 81383555, aeroplane
yolo11-22, 81383555, aeroplane
yolo10-19, 77922499, aeroplane
yolo10-23, 77922499, aeroplane
yolo12-18, 81383555, aeroplane
yolo9-22, 77922499, aeroplane
yolo12-23, 85298476, sofa
yolo11-22, 85298476, sofa
yolo12-18, 85298476, sofa
yolo8-21, 85298476, sofa
yolo10-19, 81383555, aeroplane
yolo10-23, 81383555, aeroplane
yolo9-22, 81383555, aeroplane
yolo10-19, 85298476, sofa
yolo10-23, 85298476, sofa
yolo9-22, 85298476, sofa
yolo8-21, 90897996, car
yolo12-23, 90897996, car
yolo12-18, 90897996, car
yolo11-22, 90897996, car
yolo10-19, 90897996, car
yolo10-23, 90897996, car
yolo9-22, 90897996, car
yolo12-18, 28750895, car
yolo10-19, 28750895, car
yolo8-21, 28750895, car
yolo12-23, 28750895, car
yolo10-23, 28750895, car
yolo11-22, 28750895, car
yolo9-22, 28750895, car
yolo12-18, 90171791, car
yolo12-23, 90171791, car
yolo10-19, 90171791, car
yolo8-21, 90171791, car
yolo10-23, 90171791, car
yolo9-22, 90171791, car
yolo11-22, 90171791, car
yolo12-18, 66500556, car
yolo10-23, 66500556, car
yolo12-23, 66500556, car
yolo10-19, 66500556, car
yolo8-21, 66500556, car
yolo11-22, 66500556, car
yolo12-23, 12919186, car
yolo10-23, 12919186, car
yolo8-21, 12919186, car
yolo12-18, 12919186, car
yolo11-22, 12919186, car
yolo10-19, 12919186, car
yolo9-22, 66500556, car
yolo12-23, 96901660, car
yolo8-21, 96901660, car
yolo10-23, 96901660, car
yolo11-22, 96901660, car
yolo10-19, 96901660, car
yolo12-18, 96901660, car
yolo9-22, 12919186, car
yolo10-19, 33977689, car
yolo10-23, 33977689, car
yolo11-22, 33977689, car
yolo12-23, 33977689, car
yolo12-18, 33977689, car
yolo8-21, 33977689, car
yolo11-22, 15341894, car
yolo10-23, 15341894, car
yolo9-22, 96901660, car
yolo12-18, 15341894, car
yolo12-23, 15341894, car
yolo8-21, 15341894, car
yolo10-19, 15341894, car
yolo12-18, 74302620, car
yolo11-22, 74302620, car
yolo12-23, 74302620, car
yolo10-23, 74302620, car
yolo10-19, 74302620, car
yolo8-21, 74302620, car
yolo9-22, 33977689, car
yolo11-22, 52977493, car
yolo12-23, 52977493, car
yolo8-21, 52977493, car
yolo10-19, 52977493, car
yolo12-18, 52977493, car
yolo10-23, 52977493, car
yolo9-22, 15341894, car
yolo8-21, 24806835, car
yolo12-23, 24806835, car
yolo9-22, 74302620, car
yolo10-19, 24806835, car
yolo12-18, 24806835, car
yolo10-23, 24806835, car
yolo11-22, 24806835, car
yolo9-22, 52977493, car
yolo10-19, 75238845, car
yolo12-18, 75238845, car
yolo12-23, 75238845, car
yolo10-23, 75238845, car
yolo9-22, 24806835, car
yolo11-22, 75238845, car
yolo8-21, 75238845, car
yolo9-22, 75238845, car
yolo8-21, 58641042, car
yolo12-18, 58641042, car
yolo10-23, 58641042, car
yolo12-23, 58641042, car
yolo10-19, 58641042, car
yolo9-22, 58641042, car
yolo11-22, 58641042, car
yolo8-21, 53558406, car
yolo12-18, 53558406, car
yolo11-22, 53558406, car
yolo12-23, 53558406, car
yolo10-23, 53558406, car
yolo9-22, 53558406, car
yolo10-19, 53558406, car
yolo12-18, 97523487, car
yolo10-19, 97523487, car
yolo8-21, 97523487, car
yolo9-22, 97523487, car
yolo11-22, 97523487, car
yolo10-23, 97523487, car
yolo12-23, 97523487, car
yolo10-19, 11129462, car
yolo12-23, 11129462, car
yolo12-18, 11129462, car
yolo10-23, 11129462, car
yolo8-21, 11129462, car
yolo9-22, 11129462, car
yolo11-22, 11129462, car
yolo9-22, 39921256, car
yolo10-19, 39921256, car
yolo12-18, 39921256, car
yolo11-22, 39921256, car
yolo12-23, 39921256, car
yolo10-23, 39921256, car
yolo8-21, 39921256, car
yolo8-21, 40207205, car
yolo12-23, 40207205, car
yolo11-22, 40207205, car
yolo10-23, 40207205, car
yolo12-18, 40207205, car
yolo10-19, 40207205, car
yolo9-22, 40207205, car
yolo12-18, 69506199, car
yolo11-22, 69506199, car
yolo8-21, 69506199, car
yolo9-22, 69506199, car
yolo12-23, 69506199, car
yolo10-23, 69506199, car
yolo10-19, 69506199, car
yolo12-18, 51839643, car
yolo10-19, 51839643, car
yolo8-21, 51839643, car
yolo11-22, 51839643, car
yolo12-23, 51839643, car
yolo10-23, 51839643, car
yolo9-22, 51839643, car
yolo10-19, 32925165, car
yolo8-21, 32925165, car
yolo10-23, 32925165, car
yolo11-22, 32925165, car
yolo12-23, 32925165, car
yolo12-18, 32925165, car
yolo9-22, 32925165, car
yolo10-19, 78995719, car
yolo11-22, 78995719, car
yolo12-18, 78995719, car
yolo8-21, 78995719, car
yolo12-23, 78995719, car
yolo9-22, 78995719, car
yolo10-23, 78995719, car
yolo11-22, 31709669, car
yolo12-23, 31709669, car
yolo12-18, 31709669, car
yolo8-21, 31709669, car
yolo10-19, 31709669, car
yolo9-22, 31709669, car
yolo10-23, 31709669, car
yolo10-19, 03512856, car
yolo12-23, 03512856, car
yolo10-23, 03512856, car
yolo12-18, 03512856, car
yolo9-22, 03512856, car
yolo11-22, 03512856, car
yolo8-21, 03512856, car
yolo12-18, 48395080, car
yolo10-19, 48395080, car
yolo12-23, 48395080, car
yolo10-23, 48395080, car
yolo9-22, 48395080, car
yolo11-22, 48395080, car
yolo8-21, 48395080, car
yolo12-23, 18979235, car
yolo10-19, 18979235, car
yolo10-23, 18979235, car
yolo9-22, 18979235, car
yolo12-18, 18979235, car
yolo8-21, 18979235, car
yolo11-22, 18979235, car
yolo12-18, 67466414, car
yolo10-19, 67466414, car
yolo9-22, 67466414, car
yolo12-23, 67466414, car
yolo11-22, 67466414, car
yolo10-23, 67466414, car
yolo8-21, 67466414, car
yolo10-19, 01971869, car
yolo10-23, 01971869, car
yolo12-18, 01971869, car
yolo12-23, 01971869, car
yolo9-22, 01971869, car
yolo11-22, 01971869, car
yolo8-21, 01971869, car
yolo10-23, 96386995, car
yolo9-22, 96386995, car
yolo11-22, 96386995, car
yolo12-23, 96386995, car
yolo12-18, 96386995, car
yolo10-19, 96386995, car
yolo8-21, 96386995, car
yolo12-18, 49784731, car
yolo8-21, 49784731, car
yolo9-22, 49784731, car
yolo10-23, 49784731, car
yolo12-23, 49784731, car
yolo10-19, 49784731, car
yolo11-22, 49784731, car
yolo12-23, 36622995, car
yolo10-19, 36622995, car
yolo12-18, 36622995, car
yolo10-23, 36622995, car
yolo11-22, 36622995, car
yolo8-21, 36622995, car
yolo9-22, 36622995, car
yolo12-18, 29578228, car
yolo9-22, 29578228, car
yolo11-22, 29578228, car
yolo12-23, 29578228, car
yolo10-23, 29578228, car
yolo8-21, 29578228, car
yolo10-19, 29578228, car
yolo10-19, 90903452, car
yolo8-21, 90903452, car
yolo10-23, 90903452, car
yolo12-23, 90903452, car
yolo12-18, 90903452, car
yolo9-22, 90903452, car
yolo11-22, 90903452, car
yolo10-23, 17238294, car
yolo11-22, 17238294, car
yolo8-21, 17238294, car
yolo12-18, 17238294, car
yolo12-23, 17238294, car
yolo10-19, 17238294, car
yolo9-22, 17238294, car
yolo12-18, 95575683, car
yolo9-22, 95575683, car
yolo10-19, 95575683, car
yolo12-23, 95575683, car
yolo10-23, 95575683, car
yolo8-21, 95575683, car
yolo11-22, 95575683, car
yolo12-18, 09260193, car
yolo10-23, 09260193, car
yolo11-22, 09260193, car
yolo10-19, 09260193, car
yolo12-23, 09260193, car
yolo9-22, 09260193, car
yolo8-21, 09260193, car
yolo10-19, 39470153, car
yolo10-23, 39470153, car
yolo8-21, 39470153, car
yolo11-22, 39470153, car
yolo9-22, 39470153, car
yolo12-18, 39470153, car
yolo12-23, 39470153, car
yolo12-18, 21039529, car
yolo10-23, 21039529, car
yolo8-21, 21039529, car
yolo11-22, 21039529, car
yolo12-23, 21039529, car
yolo10-19, 21039529, car
yolo9-22, 21039529, car
yolo12-18, 57413259, car
yolo11-22, 57413259, car
yolo10-19, 57413259, car
yolo12-23, 57413259, car
yolo8-21, 57413259, car
yolo10-23, 57413259, car
yolo9-22, 57413259, car
yolo12-23, 13394067, car
yolo11-22, 13394067, car
yolo12-18, 13394067, car
yolo9-22, 13394067, car
yolo8-21, 13394067, car
yolo10-19, 13394067, car
yolo10-23, 13394067, car
yolo11-22, 50826501, car
yolo8-21, 50826501, car
yolo12-18, 50826501, car
yolo9-22, 50826501, car
yolo10-19, 50826501, car
yolo12-23, 50826501, car
yolo10-23, 50826501, car
yolo12-18, 57715095, car
yolo10-19, 57715095, car
yolo11-22, 57715095, car
yolo9-22, 57715095, car
yolo12-23, 57715095, car
yolo10-23, 57715095, car
yolo8-21, 57715095, car
yolo9-22, 16079142, car
yolo12-18, 16079142, car
yolo10-19, 16079142, car
yolo11-22, 16079142, car
yolo12-23, 16079142, car
yolo8-21, 16079142, car
yolo10-23, 16079142, car
yolo12-18, 14430336, car
yolo10-19, 14430336, car
yolo10-23, 14430336, car
yolo11-22, 14430336, car
yolo12-23, 14430336, car
yolo9-22, 14430336, car
yolo8-21, 14430336, car

========== Time: 26 ==========
yolo9-22, 46939360, car
yolo12-18, 46939360, car
yolo10-19, 46939360, car
yolo11-22, 46939360, car
yolo12-23, 46939360, car
yolo10-23, 46939360, car
yolo9-22, 88923848, car
yolo12-23, 88923848, car
yolo12-18, 88923848, car
yolo10-23, 88923848, car
yolo10-19, 88923848, car
yolo11-22, 88923848, car
yolo8-21, 46939360, car
yolo8-21, 88923848, car
yolo12-18, 62618845, car
yolo12-23, 62618845, car
yolo10-19, 62618845, car
yolo9-22, 62618845, car
yolo11-22, 62618845, car
yolo10-23, 62618845, car
yolo8-21, 62618845, car
yolo10-19, 07268611, car
yolo11-22, 07268611, car
yolo12-23, 07268611, car
yolo10-23, 07268611, car
yolo12-18, 07268611, car
yolo9-22, 07268611, car
yolo8-21, 07268611, car
yolo11-22, 29553908, car
yolo9-22, 29553908, car
yolo10-23, 29553908, car
yolo12-23, 29553908, car
yolo10-19, 29553908, car
yolo12-18, 29553908, car
yolo8-21, 29553908, car
yolo8-21, 98261509, car
yolo12-18, 98261509, car
yolo12-23, 98261509, car
yolo9-22, 98261509, car
yolo10-23, 98261509, car
yolo10-19, 98261509, car
yolo11-22, 98261509, car
yolo12-23, 07393845, car
yolo12-18, 07393845, car
yolo10-23, 07393845, car
yolo9-22, 07393845, car
yolo10-19, 07393845, car
yolo8-21, 07393845, car
yolo11-22, 07393845, car
yolo6-edge-17, 07393845, aeroplane
yolo10-23, 26113193, car
yolo11-22, 26113193, car
yolo12-18, 26113193, car
yolo12-23, 26113193, car
yolo10-19, 26113193, car
yolo9-22, 26113193, car
yolo8-21, 26113193, car
yolo6-edge-17, 26113193, aeroplane
yolo12-18, 05880938, car
yolo10-23, 05880938, car
yolo9-22, 05880938, car
yolo10-19, 05880938, car
yolo12-23, 05880938, car
yolo11-22, 05880938, car
yolo8-21, 05880938, car
yolo6-edge-17, 05880938, aeroplane
yolo11-22, 97517276, car
yolo12-23, 97517276, car
yolo8-21, 97517276, car
yolo10-23, 97517276, car
yolo9-22, 97517276, car
yolo10-19, 97517276, car
yolo12-18, 97517276, car
yolo6-edge-17, 97517276, aeroplane
yolo10-19, 36005061, car
yolo8-21, 36005061, car
yolo12-18, 36005061, car
yolo11-22, 36005061, car
yolo9-22, 36005061, car
yolo12-23, 36005061, car
yolo10-23, 36005061, car
yolo6-edge-17, 36005061, aeroplane
yolo10-19, 29786088, car
yolo12-18, 29786088, car
yolo11-22, 29786088, car
yolo8-21, 29786088, car
yolo9-22, 29786088, car
yolo10-23, 29786088, car
yolo12-23, 29786088, car
yolo6-edge-17, 29786088, aeroplane
yolo9-22, 96258137, car
yolo8-21, 96258137, car
yolo12-23, 96258137, car
yolo10-19, 96258137, car
yolo11-22, 96258137, car
yolo12-18, 96258137, car
yolo10-23, 96258137, car
yolo6-edge-17, 96258137, aeroplane
yolo12-23, 27915788, car
yolo12-18, 27915788, car
yolo11-22, 27915788, car
yolo9-22, 27915788, car
yolo8-21, 27915788, car
yolo10-19, 27915788, car
yolo10-23, 27915788, car
yolo6-edge-17, 27915788, aeroplane
yolo12-18, 36265222, aeroplane
yolo11-22, 36265222, aeroplane
yolo12-23, 36265222, aeroplane
yolo8-21, 36265222, aeroplane
yolo10-19, 36265222, aeroplane
yolo10-23, 36265222, aeroplane
yolo9-22, 36265222, aeroplane
yolo6-edge-17, 36265222, aeroplane
yolo9-22, 60089489, car
yolo11-22, 60089489, car
yolo8-21, 60089489, car
yolo10-23, 60089489, car
yolo12-23, 60089489, car
yolo10-19, 60089489, car
yolo12-18, 60089489, car
yolo6-edge-17, 60089489, aeroplane
yolo8-21, 80316528, boat
yolo12-23, 80316528, boat
yolo11-22, 80316528, boat
yolo10-23, 80316528, boat
yolo12-18, 80316528, boat
yolo9-22, 80316528, boat
yolo10-19, 80316528, boat

========== Time: 27 ==========
yolo6-edge-17, 80316528, bottle
yolo11-22, 70124058, car
yolo10-19, 70124058, car
yolo8-21, 70124058, car
yolo12-23, 70124058, car
yolo9-22, 70124058, car
yolo12-18, 70124058, car
yolo10-23, 70124058, car
yolo6-edge-17, 70124058, aeroplane
yolo9-22, 89786948, sofa
yolo11-22, 89786948, sofa
yolo8-21, 89786948, sofa
yolo12-23, 89786948, sofa
yolo12-18, 89786948, sofa
yolo10-19, 89786948, sofa
yolo10-23, 89786948, sofa
yolo6-edge-17, 89786948, bird
yolo8-21, 74945542, sofa
yolo11-22, 74945542, sofa
yolo9-22, 74945542, sofa
yolo12-23, 74945542, sofa
yolo12-18, 74945542, sofa
yolo10-23, 74945542, sofa
yolo10-19, 74945542, sofa
yolo6-edge-17, 74945542, aeroplane
yolo8-21, 60658316, sofa
yolo12-23, 60658316, sofa
yolo11-22, 60658316, sofa
yolo10-23, 60658316, sofa
yolo10-19, 60658316, sofa
yolo12-18, 60658316, sofa
yolo9-22, 60658316, sofa
yolo6-edge-17, 60658316, aeroplane
yolo8-21, 43487607, sofa
yolo12-23, 43487607, sofa
yolo12-18, 43487607, sofa
yolo11-22, 43487607, sofa
yolo9-22, 43487607, sofa
yolo10-19, 43487607, sofa
yolo10-23, 43487607, sofa
yolo6-edge-17, 43487607, aeroplane
yolo11-22, 44270231, car
yolo8-21, 44270231, car
yolo12-23, 44270231, car
yolo12-18, 44270231, car
yolo9-22, 44270231, car
yolo10-19, 44270231, car
yolo10-23, 44270231, car
yolo6-edge-17, 44270231, aeroplane
yolo11-22, 50048858, aeroplane
yolo8-21, 50048858, aeroplane
yolo12-23, 50048858, aeroplane
yolo12-18, 50048858, aeroplane
yolo9-22, 50048858, aeroplane
yolo10-23, 50048858, aeroplane
yolo10-19, 50048858, aeroplane
yolo6-edge-17, 50048858, aeroplane
yolo8-21, 30306013, sofa
yolo11-22, 30306013, sofa
yolo10-23, 30306013, sofa
yolo9-22, 30306013, sofa
yolo12-23, 30306013, sofa
yolo12-18, 30306013, sofa
yolo10-19, 30306013, sofa
yolo6-edge-17, 30306013, aeroplane
yolo10-19, 41261847, sofa
yolo10-23, 41261847, sofa
yolo9-22, 41261847, sofa
yolo8-21, 41261847, sofa
yolo11-22, 41261847, sofa
yolo12-23, 41261847, sofa
yolo6-edge-17, 41261847, aeroplane
yolo8-21, 54672769, car
yolo10-23, 54672769, car
yolo12-23, 54672769, car
yolo11-22, 54672769, car
yolo6-edge-17, 54672769, aeroplane
yolo11-22, 85381329, car
yolo10-23, 85381329, car
yolo12-23, 85381329, car
yolo8-21, 85381329, car
yolo6-edge-17, 85381329, aeroplane
yolo8-21, 81020987, sofa
yolo11-22, 81020987, sofa
yolo12-23, 81020987, sofa
yolo10-23, 81020987, sofa
yolo6-edge-17, 81020987, aeroplane
yolo6-edge-17, 50201335, aeroplane
yolo8-21, 50201335, car
yolo12-23, 50201335, car
yolo11-22, 50201335, car
yolo10-23, 50201335, car
yolo12-23, 20848194, aeroplane
yolo11-22, 20848194, aeroplane
yolo8-21, 20848194, aeroplane
yolo10-23, 20848194, aeroplane
yolo6-edge-17, 20848194, aeroplane
yolo6-edge-17, 62385449, aeroplane
yolo12-23, 62385449, sofa
yolo10-23, 62385449, sofa
yolo11-22, 62385449, sofa
yolo8-21, 62385449, sofa

========== Time: 28 ==========
yolo6-edge-17, 78941568, bottle
yolo11-22, 78941568, tvmonitor
yolo10-23, 78941568, tvmonitor
yolo12-23, 78941568, tvmonitor
yolo8-21, 78941568, tvmonitor
yolo8-21, 45346016, sofa
yolo12-23, 45346016, sofa
yolo11-22, 45346016, sofa
yolo10-23, 45346016, sofa
yolo6-edge-17, 45346016, aeroplane
yolo10-23, 77821070, aeroplane
yolo6-edge-17, 77821070, aeroplane
yolo12-23, 77821070, aeroplane
yolo11-22, 77821070, aeroplane
yolo8-21, 77821070, aeroplane
yolo6-edge-17, 23240050, aeroplane
yolo12-23, 23240050, boat
yolo8-21, 23240050, boat
yolo10-23, 23240050, boat
yolo11-22, 23240050, boat
yolo6-edge-17, 88263584, aeroplane
yolo11-22, 88263584, sofa
yolo10-23, 88263584, sofa
yolo12-23, 88263584, sofa
yolo8-21, 88263584, sofa
yolo6-edge-17, 96757215, aeroplane
yolo11-22, 96757215, car
yolo10-23, 96757215, car
yolo12-23, 96757215, car
yolo8-21, 96757215, car
yolo6-edge-17, 77405272, aeroplane
yolo11-22, 77405272, car
yolo8-21, 77405272, car
yolo12-23, 77405272, car
yolo10-23, 77405272, car
yolo8-21, 14779250, sofa
yolo11-22, 14779250, sofa
yolo12-23, 14779250, sofa
yolo10-23, 14779250, sofa
yolo6-edge-17, 14779250, aeroplane
yolo10-23, 31299583, sofa
yolo11-22, 31299583, sofa
yolo12-23, 31299583, sofa
yolo6-edge-17, 31299583, aeroplane
yolo11-22, 99125427, car
yolo10-23, 99125427, car
yolo12-23, 99125427, car
yolo6-edge-17, 99125427, aeroplane
yolo6-edge-17, 99535758, aeroplane
yolo11-22, 99535758, car
yolo10-23, 99535758, car
yolo12-23, 99535758, car
yolo11-22, 67062213, person
yolo10-23, 67062213, person
yolo12-23, 67062213, person
yolo6-edge-17, 67062213, aeroplane
yolo12-23, 88784997, car
yolo10-23, 88784997, car
yolo6-edge-17, 88784997, aeroplane
yolo11-22, 88784997, car
yolo6-edge-17, 12312227, bottle
yolo11-22, 12312227, train
yolo10-23, 12312227, train
yolo12-23, 12312227, train
yolo11-22, 58878996, car
yolo12-23, 58878996, car
yolo10-23, 58878996, car
yolo6-edge-17, 58878996, aeroplane

========== Time: 29 ==========
yolo6-edge-17, 14933573, aeroplane
yolo11-22, 14933573, car
yolo10-23, 14933573, car
yolo12-23, 14933573, car
yolo6-edge-17, 42150573, aeroplane
yolo11-22, 42150573, car
yolo10-23, 42150573, car
yolo12-23, 42150573, car
yolo1-25, 23240050, boat
yolo12-23, 15141967, boat
yolo11-22, 15141967, boat
yolo1-25, 88263584, sofa
yolo6-edge-17, 15141967, aeroplane
yolo10-23, 15141967, boat
yolo1-25, 96757215, car
yolo11-22, 73386653, aeroplane
yolo12-23, 73386653, aeroplane
yolo10-23, 73386653, aeroplane
yolo6-edge-17, 73386653, aeroplane
yolo1-25, 77405272, car
yolo1-25, 14779250, sofa
yolo11-22, 03547888, car
yolo12-23, 03547888, car
yolo6-edge-17, 03547888, aeroplane
yolo10-23, 03547888, car
yolo1-25, 31299583, sofa
yolo1-25, 99125427, car
yolo11-22, 61118637, aeroplane
yolo10-23, 61118637, aeroplane
yolo12-23, 61118637, aeroplane
yolo6-edge-17, 61118637, aeroplane
yolo1-25, 99535758, car
yolo1-25, 67062213, person
yolo10-23, 97445054, car
yolo11-22, 97445054, car
yolo12-23, 97445054, car
yolo6-edge-17, 97445054, aeroplane
yolo1-25, 88784997, car
yolo1-25, 12312227, train
yolo6-edge-17, 42118213, aeroplane
yolo11-22, 42118213, car
yolo12-23, 42118213, car
yolo10-23, 42118213, car
yolo1-25, 58878996, car
yolo1-25, 14933573, car
yolo11-22, 65442932, car
yolo6-edge-17, 65442932, aeroplane
yolo10-23, 65442932, car
yolo12-23, 65442932, car
yolo1-25, 42150573, car
yolo10-26, 65442932, car
yolo10-23, 53351232, car
yolo12-23, 53351232, car
yolo10-26, 53351232, car
yolo6-edge-17, 53351232, aeroplane
yolo10-23, 77364762, car
yolo6-edge-17, 77364762, aeroplane
yolo12-23, 77364762, car
yolo10-26, 77364762, car
yolo6-edge-17, 74036584, aeroplane
yolo10-23, 74036584, car
yolo12-23, 74036584, car
yolo10-26, 74036584, car
yolo10-23, 37644242, car
yolo12-23, 37644242, car
yolo10-26, 37644242, car
yolo6-edge-17, 37644242, aeroplane
yolo10-23, 24515576, car
yolo10-26, 24515576, car
yolo12-23, 24515576, car
yolo6-edge-17, 24515576, aeroplane

========== Time: 30 ==========
yolo10-23, 60978961, car
yolo10-26, 60978961, car
yolo12-23, 60978961, car
yolo6-edge-17, 60978961, aeroplane
yolo12-23, 82704404, car
yolo10-23, 82704404, car
yolo10-26, 82704404, car
yolo6-edge-17, 82704404, aeroplane
yolo10-26, 89413280, car
yolo10-23, 89413280, car
yolo6-edge-17, 89413280, car
yolo12-23, 89413280, car
yolo6-edge-17, 94018057, car
yolo10-26, 94018057, car
yolo10-23, 94018057, car
yolo12-23, 94018057, car
yolo6-edge-17, 11284484, car
yolo10-23, 11284484, car
yolo10-26, 11284484, car
yolo12-23, 11284484, car
yolo10-23, 66404494, car
yolo6-edge-17, 66404494, car
yolo10-26, 66404494, car
yolo12-23, 66404494, car
yolo6-edge-17, 43700545, car
yolo10-26, 43700545, car
yolo10-23, 43700545, car
yolo12-23, 43700545, car
yolo6-edge-17, 57693450, car
yolo10-26, 57693450, car
yolo12-23, 57693450, car
yolo10-23, 57693450, car
yolo6-edge-17, 71129167, car
yolo12-23, 71129167, car
yolo10-23, 71129167, car
yolo10-26, 71129167, car
yolo6-edge-17, 90340399, car
yolo10-23, 90340399, car
yolo10-26, 90340399, car
yolo12-23, 90340399, car
yolo12-23, 81353017, car
yolo10-26, 81353017, car
yolo6-edge-17, 81353017, car
yolo10-23, 81353017, car
yolo12-23, 63409697, car
yolo10-23, 63409697, car
yolo10-26, 63409697, car
yolo6-edge-17, 63409697, car
yolo10-26, 63353351, car
yolo10-23, 63353351, car
yolo12-23, 63353351, car
yolo6-edge-17, 63353351, car
yolo10-23, 74650122, car
yolo12-23, 74650122, car
yolo10-26, 74650122, car
yolo6-edge-17, 74650122, car
yolo12-23, 17706083, car
yolo6-edge-17, 17706083, car
yolo10-23, 17706083, car
yolo10-26, 17706083, car
yolo12-23, 66005577, car
yolo10-26, 66005577, car
yolo6-edge-17, 66005577, car
yolo10-23, 66005577, car
yolo12-23, 25662711, car
yolo6-edge-17, 25662711, car
yolo10-23, 25662711, car
yolo10-26, 25662711, car
yolo10-26, 01525959, car
yolo10-23, 01525959, car
yolo12-23, 01525959, car
yolo6-edge-17, 01525959, car
yolo6-edge-17, 40773535, car
yolo12-23, 40773535, car
yolo10-23, 40773535, car
yolo10-26, 40773535, car
yolo6-edge-17, 79467234, car
yolo10-26, 79467234, car
yolo12-23, 79467234, car
yolo10-23, 79467234, car
yolo6-27, 17706083, car
yolo6-27, 66005577, car
yolo6-edge-17, 58361742, car
yolo12-23, 58361742, car
yolo10-26, 58361742, car
yolo10-23, 58361742, car
yolo6-27, 25662711, car
yolo6-27, 01525959, car
yolo6-27, 40773535, car
yolo6-edge-17, 73220300, car
yolo10-23, 73220300, car
yolo12-23, 73220300, car
yolo10-26, 73220300, car
yolo6-27, 79467234, car
yolo6-edge-17, 69589632, car
yolo6-27, 58361742, car
yolo12-23, 69589632, car
yolo10-23, 69589632, car
yolo10-26, 69589632, car
yolo6-edge-17, 79188730, car
yolo10-23, 79188730, car
yolo12-23, 79188730, car
yolo10-26, 79188730, car
yolo12-23, 94980653, car
yolo6-edge-17, 94980653, car
yolo10-26, 94980653, car
yolo10-23, 94980653, car
yolo2-28, 79467234, car
yolo3-28, 79467234, car
yolo12-23, 79876633, car
yolo10-23, 79876633, car
yolo10-26, 79876633, car
yolo6-edge-17, 79876633, car
yolo2-28, 58361742, car
yolo3-28, 58361742, car
yolo2-28, 73220300, car
yolo3-28, 73220300, car
yolo6-edge-17, 67235630, car
yolo2-28, 69589632, car
yolo10-26, 67235630, car
yolo12-23, 67235630, car
yolo10-23, 67235630, car
yolo3-28, 69589632, car
yolo9-27, 67235630, car
yolo2-28, 79188730, car
yolo3-28, 79188730, car
yolo2-28, 94980653, car
yolo6-edge-17, 56985890, car
yolo3-28, 94980653, car
yolo10-23, 56985890, car
yolo10-26, 56985890, car
yolo12-23, 56985890, car
yolo9-27, 56985890, car
yolo2-28, 79876633, car
yolo3-28, 79876633, car
yolo2-28, 67235630, car
yolo3-28, 67235630, car
yolo6-edge-17, 68106458, car
yolo9-27, 68106458, car
yolo10-23, 68106458, car
yolo12-23, 68106458, car
yolo10-26, 68106458, car
yolo2-28, 56985890, car
yolo3-28, 56985890, car
yolo9-27, 40815293, car
yolo12-23, 40815293, car
yolo10-26, 40815293, car
yolo10-23, 40815293, car
yolo2-28, 68106458, car
yolo3-28, 68106458, car
yolo6-edge-17, 40815293, car
yolo2-28, 40815293, car
yolo3-28, 40815293, car
yolo10-26, 03345538, car
yolo12-23, 03345538, car
yolo9-27, 03345538, car
yolo10-23, 03345538, car
yolo6-edge-17, 03345538, car
yolo2-28, 03345538, car
yolo3-28, 03345538, car
