
========== Time: 0 ==========

========== Time: 1 ==========

========== Time: 2 ==========

========== Time: 3 ==========
yolo9-0, 24189714, car
yolo9-0, 81470285, car
yolo9-0, 02851193, car
yolo9-0, 81226289, car
yolo9-0, 05967041, car
yolo9-0, 39679235, car
yolo9-0, 51228239, car
yolo9-0, 92317835, car
yolo9-0, 50674155, car
yolo9-0, 12484588, car
yolo9-0, 51732250, car
yolo9-0, 43467673, car
yolo9-0, 25336973, car
yolo9-0, 66040926, car
yolo9-0, 37898142, car
yolo9-0, 33780297, car
yolo9-0, 26692435, car
yolo9-0, 03797871, car
yolo9-0, 44838955, car
yolo9-0, 68647717, car
yolo9-0, 12842874, boat
yolo9-0, 39996461, car
yolo9-0, 72350675, car
yolo9-0, 89937131, car
yolo9-0, 44260776, car
yolo9-0, 55071261, car

========== Time: 4 ==========
yolo9-0, 68504310, car
yolo9-0, 05641245, car
yolo9-0, 87320507, car
yolo9-0, 28646332, car
yolo9-0, 39223172, car
yolo9-0, 51038116, car
yolo9-0, 03421016, car
yolo9-0, 31328623, car
yolo9-0, 12022998, car
yolo9-0, 43329631, car
yolo9-0, 26909097, car
yolo9-0, 29031077, car
yolo9-0, 29098155, car
yolo9-0, 30845823, car
yolo9-0, 64856521, car
yolo9-0, 63371917, car

========== Time: 5 ==========
yolo9-0, 62355904, car
yolo9-0, 98925401, car
yolo6-1, 51038116, car
yolo6-1, 03421016, car
yolo9-0, 10481288, car
yolo6-1, 31328623, car
yolo6-1, 12022998, car
yolo9-0, 30447696, boat
yolo6-1, 43329631, car
yolo6-1, 26909097, car
yolo9-0, 08901185, car
yolo6-1, 29031077, car
yolo6-1, 29098155, car
yolo9-0, 18809187, car
yolo6-1, 30845823, car
yolo6-1, 64856521, car
yolo9-0, 89278358, car
yolo6-1, 63371917, car
yolo6-1, 62355904, car
yolo6-1, 98925401, car
yolo9-0, 57881164, car
yolo6-1, 10481288, car
yolo6-1, 30447696, boat
yolo9-0, 48776685, car
yolo6-1, 08901185, car
yolo9-0, 58952423, train
yolo6-1, 18809187, car
yolo6-1, 89278358, car
yolo9-0, 46911849, sofa
yolo6-1, 57881164, car
yolo6-1, 48776685, car
yolo9-0, 69913096, car
yolo6-1, 58952423, train
yolo6-1, 46911849, sofa
yolo9-0, 44843251, sofa
yolo6-1, 69913096, car
yolo6-1, 44843251, sofa
yolo9-0, 91801908, car
yolo6-1, 91801908, car
yolo9-0, 98439588, car
yolo6-1, 98439588, car
yolo9-0, 48587821, boat
yolo6-1, 48587821, boat

========== Time: 6 ==========
yolo9-0, 63295352, car
yolo6-1, 63295352, car
yolo6-1, 44387675, sofa
yolo9-0, 44387675, sofa
yolo9-0, 54302387, boat
yolo6-1, 54302387, boat
yolo9-0, 56114518, car
yolo6-1, 56114518, car
yolo6-1, 20524306, sofa
yolo9-0, 20524306, sofa
yolo9-0, 17788535, sofa
yolo6-1, 17788535, sofa
yolo9-0, 59474953, sofa
yolo6-1, 59474953, sofa
yolo9-0, 96089812, sofa
yolo6-1, 96089812, sofa
yolo9-0, 84301340, train
yolo6-1, 84301340, train
yolo6-1, 24412822, train
yolo9-0, 24412822, train
yolo9-0, 15661026, car
yolo6-1, 15661026, car
yolo6-1, 28612734, car
yolo9-0, 28612734, car
yolo6-1, 25718145, sofa
yolo9-0, 25718145, sofa
yolo9-0, 66063889, car
yolo6-1, 66063889, car
yolo6-1, 77930246, car
yolo9-0, 77930246, car
yolo9-0, 52672146, aeroplane
yolo6-1, 52672146, aeroplane

========== Time: 7 ==========
yolo6-1, 32229889, car
yolo9-0, 32229889, car
yolo9-0, 82405358, car
yolo6-1, 82405358, car
yolo9-0, 50500079, car
yolo6-1, 50500079, car
yolo6-1, 33623634, car
yolo9-0, 33623634, car
yolo9-0, 12291314, car
yolo6-1, 12291314, car
yolo9-0, 49091420, car
yolo6-1, 49091420, car
yolo6-1, 72984759, car
yolo9-0, 72984759, car
yolo9-0, 07935404, car
yolo6-1, 07935404, car
yolo6-1, 05408955, car
yolo9-0, 05408955, car
yolo9-0, 30893918, car
yolo6-1, 30893918, car
yolo6-1, 03707921, car
yolo9-0, 03707921, car
yolo9-0, 65495216, car
yolo6-1, 65495216, car
yolo6-1, 13214159, car
yolo9-0, 13214159, car
yolo6-1, 17568968, car
yolo9-0, 17568968, car
yolo9-0, 24752879, car
yolo6-1, 24752879, car
yolo9-0, 19629280, car
yolo6-1, 19629280, car

========== Time: 8 ==========
yolo9-0, 58813325, car
yolo6-1, 58813325, car
yolo9-0, 21339914, car
yolo6-1, 21339914, car
yolo6-1, 22332069, car
yolo9-0, 22332069, car
yolo6-1, 09744355, car
yolo9-0, 09744355, car
yolo9-0, 48288639, car
yolo6-1, 48288639, car
yolo6-1, 15770192, car
yolo9-0, 15770192, car
yolo9-0, 90900135, aeroplane
yolo6-1, 90900135, aeroplane
yolo9-0, 06183820, car
yolo6-1, 06183820, car
yolo6-1, 86877799, car
yolo6-1, 10897988, train
yolo6-1, 61689241, car
yolo6-1, 93105763, car
yolo6-1, 36038707, car
yolo6-1, 71124028, car
yolo6-1, 39355953, car
yolo6-1, 14515709, car

========== Time: 9 ==========
yolo6-1, 60402453, car
yolo6-1, 33468711, car
yolo6-1, 03280382, car
yolo6-1, 49847157, car
yolo6-1, 95398567, car
yolo6-1, 05918778, car
yolo6-1, 96954895, car
yolo6-1, 14685752, car
yolo3-2, 90900135, aeroplane
yolo6-1, 56072360, car
yolo3-2, 06183820, car
yolo3-2, 86877799, car
yolo3-2, 10897988, train
yolo6-1, 23114295, car
yolo3-2, 61689241, car
yolo3-2, 93105763, car
yolo6-1, 50615258, car
yolo3-2, 36038707, car
yolo6-1, 03678189, car
yolo3-2, 71124028, car
yolo3-2, 39355953, car
yolo6-1, 52520461, car
yolo3-2, 14515709, car
yolo3-2, 60402453, car
yolo6-1, 29813506, car
yolo3-2, 33468711, car
yolo3-2, 03280382, car
yolo6-1, 56337214, car
yolo3-2, 49847157, car
yolo6-1, 74848751, car
yolo6-1, 03280846, car
yolo3-2, 95398567, car
yolo3-2, 05918778, car
yolo6-1, 20193771, car
yolo3-2, 96954895, car
yolo6-1, 91074339, car
yolo6-1, 71634669, car
yolo3-2, 14685752, car
yolo3-2, 56072360, car
yolo6-1, 63201711, car
yolo3-2, 23114295, car
yolo3-2, 50615258, car
yolo6-1, 45562254, car
yolo3-2, 03678189, car
yolo6-1, 39188743, car
yolo3-2, 52520461, car
yolo3-2, 29813506, car
yolo6-1, 89217201, car
yolo3-2, 56337214, car
yolo3-2, 74848751, car
yolo6-1, 85119088, aeroplane
yolo3-2, 03280846, car
yolo6-1, 78847207, car
yolo3-2, 20193771, car
yolo3-2, 91074339, car
yolo3-2, 71634669, car
yolo6-1, 18309137, car
yolo3-2, 63201711, car
yolo6-1, 45413904, car
yolo3-2, 45562254, car
yolo6-1, 76698597, car
yolo3-2, 39188743, car
yolo3-2, 89217201, car
yolo6-1, 19554663, car
yolo3-2, 85119088, aeroplane
yolo3-2, 78847207, car
yolo6-1, 40892669, car
yolo6-1, 88802323, car
yolo3-2, 18309137, car
yolo6-1, 09698069, car
yolo3-2, 45413904, car
yolo3-2, 76698597, car
yolo6-1, 54710752, car
yolo3-2, 19554663, car
yolo3-2, 40892669, car
yolo6-1, 67890145, car
yolo3-2, 88802323, car
yolo6-1, 78330405, car

========== Time: 10 ==========
yolo3-2, 09698069, car
yolo6-1, 62532444, car
yolo3-2, 54710752, car
yolo3-2, 67890145, car
yolo3-2, 78330405, car
yolo6-1, 83576199, car
yolo3-2, 62532444, car
yolo3-2, 83576199, car
yolo6-1, 34598625, car
yolo3-2, 34598625, car
yolo6-1, 64217044, car
yolo3-2, 64217044, car
yolo3-2, 24663216, car
yolo6-1, 24663216, car
yolo6-1, 12286907, sofa
yolo3-2, 12286907, sofa
yolo6-1, 05592439, train
yolo3-2, 05592439, train
yolo3-2, 16633547, car
yolo3-2, 50093585, car
yolo3-2, 45680825, car
yolo3-2, 07093083, car
yolo3-2, 27289958, car
yolo3-2, 88940676, car
yolo3-2, 42795736, car
yolo3-2, 74936519, car
yolo3-2, 23785240, car
yolo3-2, 80457050, train
yolo3-2, 53428336, car
yolo3-2, 97457175, car
yolo3-2, 62988608, car
yolo3-2, 33805373, car
yolo3-2, 03804346, car
yolo3-2, 10532978, car
yolo3-2, 77827944, car
yolo3-2, 82830707, car
yolo3-2, 81619375, car
yolo3-2, 58393266, car
yolo3-2, 47688400, car
yolo3-2, 77117397, car
yolo3-2, 49604016, car
yolo3-2, 02893131, car
yolo3-2, 09720161, car
yolo3-2, 97775306, car
yolo3-2, 30927484, car
yolo3-2, 82461120, car
yolo3-2, 14630870, car
yolo3-2, 52004747, car
yolo3-2, 91566296, car
yolo3-2, 41407270, car
yolo3-2, 55166697, car
yolo3-2, 72304364, car
yolo3-2, 85950731, car
yolo3-2, 98867475, car
yolo3-2, 74743443, car
yolo3-2, 52291603, car
yolo3-2, 41180954, car
yolo3-2, 18917815, car
yolo3-2, 95865258, car
yolo3-2, 47110619, train
yolo3-2, 85512500, car
yolo3-2, 60896948, car
yolo3-2, 16533888, car
yolo3-2, 04357320, car
yolo3-2, 39444001, car
yolo3-2, 37913649, car
yolo3-2, 12204834, car
yolo3-2, 27728384, car
yolo3-2, 43419020, car
yolo3-2, 68560452, car
yolo3-2, 03154589, car
yolo3-2, 32680728, car
yolo3-2, 97080102, car
yolo3-2, 85457160, car
yolo3-2, 68250836, car
yolo3-2, 18162350, car
yolo3-2, 23694714, car
yolo3-2, 72659458, car
yolo7-9, 85457160, car
yolo3-2, 16000425, car
yolo7-9, 68250836, car
yolo7-9, 18162350, car
yolo3-2, 66278346, car
yolo7-9, 23694714, car
yolo7-9, 72659458, car
yolo3-2, 35991890, car
yolo7-9, 16000425, car
yolo7-9, 66278346, car
yolo3-2, 74282790, car
yolo7-9, 35991890, car
yolo7-9, 74282790, car
yolo3-2, 53046853, car
yolo7-9, 53046853, car
yolo7-9, 50572657, car
yolo3-2, 50572657, car
yolo11-9, 72659458, car
yolo7-9, 35294636, car
yolo3-2, 35294636, car
yolo11-9, 16000425, car
yolo11-9, 66278346, car
yolo7-9, 43962576, car
yolo3-2, 43962576, car
yolo11-9, 35991890, car
yolo11-9, 74282790, car
yolo7-9, 53677302, car
yolo3-2, 53677302, car
yolo11-9, 53046853, car
yolo11-9, 50572657, car
yolo3-2, 38687409, train
yolo7-9, 38687409, train
yolo11-9, 35294636, car
yolo11-9, 43962576, car
yolo11-9, 53677302, car
yolo7-9, 07885140, car
yolo3-2, 07885140, car
yolo11-9, 38687409, train

========== Time: 11 ==========
yolo7-9, 66004922, car
yolo3-2, 66004922, car
yolo11-9, 07885140, car
yolo11-9, 66004922, car
yolo7-9, 23322350, car
yolo11-9, 23322350, car
yolo3-2, 23322350, car
yolo7-9, 43362665, car
yolo11-9, 43362665, car
yolo3-2, 43362665, car
yolo7-9, 34476797, car
yolo3-2, 34476797, car
yolo11-9, 34476797, car
yolo7-9, 31518533, car
yolo11-9, 31518533, car
yolo3-2, 31518533, car
yolo7-9, 92114679, person
yolo11-9, 92114679, person
yolo3-2, 92114679, person
yolo7-9, 51527826, aeroplane
yolo11-9, 51527826, sofa
yolo3-2, 51527826, sofa
yolo7-9, 43328905, train
yolo3-2, 43328905, train
yolo11-9, 43328905, train
yolo11-9, 61098820, car
yolo7-9, 61098820, car
yolo3-2, 61098820, car
yolo7-9, 48672224, train
yolo11-9, 48672224, train
yolo3-2, 48672224, train
yolo11-9, 47815495, car
yolo3-2, 47815495, car
yolo7-9, 47815495, car
yolo11-9, 19427227, car
yolo7-9, 19427227, car
yolo3-2, 19427227, car
yolo11-9, 45704861, car
yolo7-9, 45704861, car
yolo3-2, 45704861, car
yolo7-9, 82670445, sofa
yolo11-9, 82670445, sofa
yolo3-2, 82670445, sofa
yolo7-9, 23880262, car
yolo3-2, 23880262, car
yolo11-9, 23880262, car

========== Time: 12 ==========
yolo7-9, 77312152, car
yolo3-2, 77312152, car
yolo11-9, 77312152, car
yolo11-9, 55311691, sofa
yolo3-2, 55311691, sofa
yolo7-9, 55311691, sofa
yolo11-9, 08638349, aeroplane
yolo3-2, 08638349, aeroplane
yolo7-9, 08638349, aeroplane
yolo7-9, 23437230, train
yolo3-2, 23437230, train
yolo11-9, 23437230, train
yolo7-9, 62139520, boat
yolo11-9, 62139520, boat
yolo3-2, 62139520, boat
yolo7-9, 33239442, car
yolo11-9, 33239442, car
yolo3-2, 33239442, car
yolo7-9, 58447283, car
yolo3-2, 58447283, car
yolo11-9, 58447283, car
yolo7-9, 19824844, car
yolo3-2, 19824844, car
yolo11-9, 19824844, car
yolo11-9, 26461105, car
yolo7-9, 26461105, car
yolo3-2, 26461105, car
yolo11-9, 20320345, car
yolo7-9, 20320345, car
yolo11-9, 05892293, car
yolo7-9, 05892293, car
yolo7-9, 81418005, car
yolo11-9, 81418005, car
yolo7-9, 45989163, car
yolo11-9, 45989163, car
yolo7-9, 81885420, car
yolo11-9, 81885420, car
yolo7-9, 78682561, car
yolo11-9, 78682561, car
yolo7-9, 70817047, car
yolo11-9, 70817047, car

========== Time: 13 ==========
yolo11-9, 56150129, car
yolo7-9, 56150129, car
yolo11-9, 92033920, car
yolo7-9, 92033920, car
yolo7-9, 53007754, car
yolo11-9, 53007754, car
yolo7-9, 43464097, car
yolo11-9, 43464097, car
yolo7-9, 08915657, car
yolo11-9, 08915657, car
yolo11-9, 92556203, car
yolo7-9, 92556203, car
yolo11-9, 56717511, car
yolo7-9, 56717511, car
yolo7-9, 34675753, car
yolo11-9, 34675753, car
yolo7-9, 91757990, car
yolo11-9, 91757990, car
yolo7-9, 73465517, car
yolo11-9, 73465517, car
yolo7-9, 67558557, car
yolo11-9, 67558557, car
yolo11-9, 38707670, car
yolo7-9, 38707670, car
yolo7-9, 20330530, car
yolo11-9, 20330530, car
yolo11-9, 77208517, car
yolo7-9, 77208517, car
yolo7-9, 00842481, car
yolo11-9, 00842481, car

========== Time: 14 ==========
yolo11-9, 34870970, car
yolo7-9, 34870970, car
yolo7-9, 60949585, car
yolo11-9, 60949585, car
yolo7-9, 12912794, car
yolo11-9, 12912794, car
yolo7-9, 40032656, car
yolo11-9, 40032656, car
yolo11-9, 26274812, car
yolo7-9, 26274812, car
yolo11-9, 42766356, car
yolo7-9, 42766356, car
yolo7-9, 57470819, car
yolo11-9, 57470819, car
yolo11-9, 56010694, car
yolo7-9, 56010694, car
yolo7-9, 85950475, car
yolo7-9, 57150913, car
yolo7-9, 51753644, car
yolo7-9, 57997900, car
yolo7-9, 77144616, car
yolo7-12, 77144616, car
yolo7-12, 27332556, car
yolo7-9, 27332556, car
yolo7-12, 53153331, car
yolo7-9, 53153331, car
yolo7-9, 33522073, car
yolo7-12, 33522073, car
yolo7-12, 17183834, car
yolo7-9, 17183834, car
yolo7-12, 21269088, car
yolo7-9, 21269088, car
yolo7-9, 63482621, car
yolo7-12, 63482621, car
yolo7-9, 30154105, car
yolo7-12, 30154105, car
yolo7-9, 03826824, car
yolo7-12, 03826824, car
yolo7-12, 01533826, car
yolo7-9, 01533826, car
yolo7-12, 66624736, car
yolo7-9, 66624736, car
yolo7-12, 64708613, car
yolo7-9, 64708613, car
yolo7-12, 37603564, car
yolo7-9, 37603564, car
yolo7-9, 14447770, car
yolo7-12, 14447770, car
yolo7-9, 17898237, car
yolo7-12, 17898237, car

========== Time: 15 ==========
yolo7-12, 66498599, car
yolo7-9, 66498599, car
yolo7-12, 65048060, car
yolo7-9, 65048060, car
yolo7-12, 61195002, car
yolo7-9, 61195002, car

========== Time: 16 ==========
yolo7-12, 76238809, car
yolo7-9, 76238809, car
yolo7-9, 38714828, car
yolo7-12, 38714828, car
yolo7-12, 50055802, car
yolo7-9, 50055802, car
yolo7-9, 23956246, car
yolo7-12, 23956246, car
yolo7-12, 40193632, car
yolo7-9, 40193632, car
yolo7-12, 11203939, car
yolo7-9, 11203939, car
yolo7-12, 83860354, car
yolo7-9, 83860354, car
yolo7-9, 55350117, car
yolo7-12, 55350117, car
yolo7-12, 74940544, car
yolo7-9, 74940544, car
yolo7-9, 24456834, car
yolo7-12, 24456834, car
yolo7-12, 76328813, car
yolo7-9, 76328813, car
yolo7-9, 20214248, car
yolo7-12, 20214248, car
yolo7-12, 73372494, car
yolo7-9, 73372494, car
yolo7-9, 14871163, boat
yolo7-12, 14871163, boat
yolo7-9, 43141581, car
yolo7-12, 43141581, car
yolo7-9, 26649768, car
yolo7-12, 26649768, car

========== Time: 17 ==========
yolo7-9, 82466879, car
yolo7-12, 82466879, car
yolo7-9, 58877689, car
yolo7-12, 58877689, car
yolo7-12, 01721582, car
yolo7-9, 01721582, car
yolo7-9, 45911874, car
yolo7-12, 45911874, car
yolo7-9, 26985525, aeroplane
yolo7-12, 26985525, aeroplane
yolo7-9, 75038298, car
yolo7-12, 75038298, car
yolo7-9, 52265639, car
yolo7-12, 52265639, car
yolo7-12, 17409244, car
yolo7-12, 90942401, car
yolo7-12, 94674220, aeroplane
yolo4-10, 14871163, car
yolo7-12, 96244638, train
yolo4-10, 43141581, car
yolo4-10, 26649768, car
yolo7-12, 90645900, car
yolo4-10, 82466879, car
yolo4-10, 58877689, car
yolo4-10, 01721582, car
yolo7-12, 44615558, sofa
yolo4-10, 45911874, car
yolo4-10, 26985525, aeroplane
yolo7-12, 74742788, car
yolo4-10, 75038298, car
yolo4-10, 52265639, car
yolo7-12, 92279695, boat

========== Time: 18 ==========
yolo4-10, 17409244, car
yolo4-10, 90942401, car
yolo7-12, 09276266, car
yolo4-10, 94674220, aeroplane
yolo4-10, 96244638, train
yolo7-12, 90647246, car
yolo4-10, 90645900, car
yolo4-10, 44615558, sofa
yolo7-12, 37919445, train
yolo4-10, 74742788, car
yolo4-10, 92279695, boat
yolo7-12, 07981250, car
yolo4-10, 09276266, car
yolo4-10, 90647246, car
yolo7-12, 41916741, bottle
yolo4-10, 37919445, train
yolo4-10, 07981250, car
yolo7-12, 86516799, car
yolo4-10, 41916741, boat
yolo4-10, 86516799, car
yolo7-12, 46135699, aeroplane
yolo4-10, 46135699, aeroplane
yolo7-12, 24344997, car
yolo4-10, 24344997, car
yolo7-12, 86653876, car
yolo4-10, 86653876, car
yolo4-10, 26760376, car
yolo7-12, 26760376, car
yolo7-12, 83293374, car
yolo4-10, 83293374, car
yolo7-12, 78803799, car
yolo4-10, 78803799, car
yolo7-12, 85899518, car
yolo4-10, 85899518, car
yolo4-10, 69429203, car
yolo7-12, 69429203, car
yolo7-12, 19232439, car
yolo4-10, 19232439, car

========== Time: 19 ==========
yolo7-12, 23216956, car
yolo4-10, 23216956, car
yolo8-17, 86653876, car
yolo7-12, 44214487, car
yolo4-10, 44214487, car
yolo8-17, 26760376, car
yolo7-12, 89020559, car
yolo4-10, 89020559, car
yolo8-17, 83293374, car
yolo8-17, 78803799, car
yolo7-12, 55487934, car
yolo4-10, 55487934, car
yolo8-17, 85899518, car
yolo8-17, 69429203, car
yolo7-12, 98424873, car
yolo4-10, 98424873, car
yolo8-17, 19232439, car
yolo8-17, 23216956, car
yolo7-12, 99839560, car
yolo4-10, 99839560, car
yolo8-17, 44214487, car
yolo8-17, 89020559, car
yolo7-12, 91271871, car
yolo4-10, 91271871, car
yolo8-17, 55487934, car
yolo8-17, 98424873, car
yolo7-12, 62217187, train
yolo4-10, 62217187, train
yolo8-17, 99839560, car
yolo8-17, 91271871, car
yolo7-12, 61883207, car
yolo4-10, 61883207, car
yolo8-17, 62217187, train
yolo8-17, 61883207, car
yolo7-12, 51629760, car
yolo8-17, 51629760, car
yolo7-12, 14162853, car
yolo8-17, 14162853, car
yolo7-12, 84603118, car
yolo8-17, 84603118, car
yolo8-17, 82921074, car
yolo7-12, 82921074, car
yolo7-12, 29145929, car
yolo8-17, 29145929, car
yolo8-17, 79561943, car
yolo7-12, 79561943, car
yolo8-17, 45479857, car
yolo7-12, 45479857, car

========== Time: 20 ==========
yolo7-12, 22685153, car
yolo8-17, 22685153, car
yolo8-17, 32755738, car
yolo7-12, 32755738, car
yolo7-12, 41924898, car
yolo8-17, 41924898, car
yolo7-12, 68707637, bottle
yolo8-17, 68707637, bottle
yolo7-12, 05007770, car
yolo8-17, 05007770, car
yolo7-12, 81514417, train
yolo8-17, 81514417, train
yolo8-17, 81684583, car
yolo7-12, 81684583, car
yolo7-12, 21717269, car
yolo8-17, 21717269, car
yolo7-12, 74507169, car
yolo8-17, 74507169, car
yolo8-17, 21242134, car
yolo7-12, 21242134, car
yolo8-17, 15857261, car
yolo8-17, 82652731, car
yolo8-17, 37641606, car
yolo8-17, 77393008, car
yolo8-17, 27888760, car

========== Time: 21 ==========
yolo8-17, 20200139, aeroplane
yolo8-17, 90700865, car
yolo8-17, 04422666, sofa
yolo8-17, 00535093, sofa
yolo7-19, 24530308, car
yolo8-17, 24530308, car
yolo7-19, 69945365, car
yolo8-17, 69945365, car
yolo8-17, 03660104, sofa
yolo7-19, 03660104, aeroplane
yolo7-19, 96380664, sofa
yolo8-17, 96380664, sofa
yolo7-19, 79421972, train
yolo8-17, 79421972, car
yolo7-19, 61665282, car
yolo8-17, 61665282, car
yolo7-19, 71625443, sofa
yolo8-17, 71625443, sofa
yolo8-17, 52110920, aeroplane
yolo7-19, 52110920, aeroplane
yolo5-16, 77393008, car
yolo5-16, 27888760, car
yolo8-17, 93451451, car
yolo7-19, 93451451, car
yolo5-16, 20200139, aeroplane
yolo5-16, 90700865, car
yolo5-16, 04422666, sofa
yolo7-19, 07433187, car
yolo8-17, 07433187, car
yolo5-16, 00535093, sofa
yolo8-17, 60680781, car
yolo7-19, 60680781, car
yolo5-16, 24530308, car

========== Time: 22 ==========
yolo5-16, 69945365, car
yolo8-17, 95041432, car
yolo7-19, 95041432, car
yolo5-16, 03660104, sofa
yolo7-19, 69772717, car
yolo8-17, 69772717, car
yolo5-16, 96380664, sofa
yolo5-16, 79421972, car
yolo7-19, 30557588, car
yolo5-16, 61665282, car
yolo8-17, 30557588, car
yolo5-16, 71625443, sofa
yolo7-19, 73642144, car
yolo8-17, 73642144, car
yolo5-16, 52110920, aeroplane
yolo5-16, 93451451, car
yolo5-16, 07433187, car
yolo7-19, 64733026, car
yolo8-17, 64733026, car
yolo5-16, 60680781, car
yolo5-16, 95041432, car
yolo7-19, 42005478, car
yolo8-17, 42005478, car
yolo5-16, 69772717, car
yolo7-19, 97092619, car
yolo5-16, 30557588, car
yolo8-17, 97092619, car
yolo7-19, 81812143, car
yolo5-16, 73642144, car
yolo6-19, 95041432, car
yolo8-17, 81812143, car
yolo5-16, 64733026, car
yolo6-19, 69772717, car
yolo7-19, 98585512, car
yolo8-17, 98585512, car
yolo5-16, 42005478, car
yolo6-19, 30557588, car
yolo5-16, 97092619, car
yolo7-19, 26545711, car
yolo6-19, 73642144, car
yolo5-16, 81812143, car
yolo6-19, 64733026, car
yolo5-16, 98585512, car
yolo7-19, 92218153, car
yolo6-19, 42005478, car
yolo5-16, 26545711, car
yolo6-19, 97092619, car
yolo7-19, 94885689, car
yolo5-16, 92218153, car
yolo6-19, 81812143, car
yolo5-16, 94885689, car
yolo6-19, 98585512, car
yolo7-19, 27008598, car
yolo5-16, 27008598, car
yolo6-19, 26545711, car
yolo6-19, 92218153, car
yolo5-16, 95805875, car
yolo7-19, 95805875, car
yolo6-19, 94885689, car
yolo7-19, 09732254, car
yolo6-19, 27008598, car
yolo5-16, 09732254, car
yolo6-19, 95805875, car

========== Time: 23 ==========
yolo7-19, 26227958, car
yolo5-16, 26227958, car
yolo6-19, 09732254, car
yolo6-19, 26227958, car
yolo7-19, 53508804, car
yolo5-16, 53508804, car
yolo6-19, 53508804, car
yolo7-19, 20094316, car
yolo5-16, 20094316, car
yolo6-19, 20094316, car
yolo6-19, 81595821, car
yolo5-16, 81595821, car
yolo7-19, 81595821, car
yolo7-19, 60981609, car
yolo5-16, 60981609, car
yolo6-19, 60981609, car
yolo7-19, 82784760, car
yolo5-16, 82784760, car
yolo6-19, 82784760, car
yolo7-19, 00190033, car
yolo5-16, 00190033, car
yolo6-19, 00190033, car
yolo5-16, 16571746, car
yolo7-19, 16571746, car
yolo6-19, 16571746, car
yolo6-22, 58399646, car
yolo7-19, 58399646, car
yolo5-16, 58399646, car
yolo6-19, 58399646, car
yolo7-19, 32283842, car
yolo5-16, 32283842, car
yolo6-19, 32283842, car
yolo6-22, 32283842, car
yolo6-22, 55850368, car
yolo5-16, 55850368, car
yolo7-19, 55850368, car
yolo6-19, 55850368, car
yolo7-19, 40954435, car
yolo5-16, 40954435, car
yolo6-22, 40954435, car
yolo6-19, 40954435, car
yolo7-19, 45458727, car
yolo5-16, 45458727, car
yolo6-19, 45458727, car
yolo6-22, 45458727, car
yolo7-19, 10318323, car
yolo6-19, 10318323, car
yolo6-22, 10318323, car
yolo5-16, 10318323, car
yolo7-19, 22798182, car
yolo6-19, 22798182, car
yolo6-22, 22798182, car
yolo5-16, 22798182, car
yolo7-19, 67470065, car
yolo6-22, 67470065, car
yolo6-19, 67470065, car
yolo5-16, 67470065, car

========== Time: 24 ==========
yolo7-19, 07416715, car
yolo6-22, 07416715, car
yolo5-16, 07416715, car
yolo6-19, 07416715, car
yolo5-16, 84784812, car
yolo6-22, 84784812, car
yolo7-19, 84784812, car
yolo6-19, 84784812, car
yolo5-16, 38132800, car
yolo6-19, 38132800, car
yolo7-19, 38132800, car
yolo6-22, 38132800, car
yolo5-16, 59036935, car
yolo6-22, 59036935, car
yolo6-19, 59036935, car
yolo7-19, 59036935, car
yolo7-19, 00445455, car
yolo5-16, 00445455, car
yolo6-22, 00445455, car
yolo6-19, 00445455, car
yolo5-16, 03881263, car
yolo7-19, 03881263, car
yolo6-22, 03881263, car
yolo6-19, 03881263, car
yolo7-19, 25737448, car
yolo5-16, 25737448, car
yolo6-19, 25737448, car
yolo6-22, 25737448, car
yolo7-19, 47789383, car
yolo6-19, 47789383, car
yolo5-16, 47789383, car
yolo6-22, 47789383, car
yolo5-16, 37890884, boat
yolo7-19, 37890884, boat
yolo6-22, 37890884, boat
yolo6-19, 37890884, boat
yolo6-22, 53479650, car
yolo5-16, 53479650, car
yolo7-19, 53479650, car
yolo6-19, 53479650, car
yolo6-22, 70817263, car
yolo5-16, 70817263, car
yolo6-19, 70817263, car
yolo7-19, 70817263, car
yolo6-22, 81460538, car
yolo7-19, 81460538, car
yolo6-19, 81460538, car
yolo5-16, 81460538, car
yolo7-19, 19656148, car
yolo6-19, 19656148, car
yolo6-22, 19656148, car
yolo5-16, 19656148, car
yolo5-16, 08349018, car
yolo6-22, 08349018, car
yolo7-19, 08349018, car
yolo6-19, 08349018, car
yolo6-19, 29336186, car
yolo5-16, 29336186, car
yolo6-22, 29336186, car
yolo7-19, 29336186, car
yolo7-19, 56141882, car
yolo6-22, 56141882, car
yolo5-16, 56141882, car
yolo6-22, 63468801, car
yolo7-19, 63468801, car
yolo5-16, 63468801, car
yolo7-19, 58966345, car
yolo5-16, 58966345, car
yolo6-22, 58966345, car
yolo3-22, 38132800, car
yolo3-22, 59036935, car
yolo7-19, 43886632, car
yolo5-16, 43886632, car
yolo6-22, 43886632, car
yolo3-22, 00445455, car
yolo3-22, 03881263, car
yolo5-16, 91279706, car
yolo7-19, 91279706, car
yolo6-22, 91279706, car
yolo3-22, 25737448, car
yolo3-22, 47789383, car
yolo7-19, 74963239, car
yolo5-16, 74963239, car
yolo6-22, 74963239, car
yolo3-22, 37890884, boat
yolo3-22, 53479650, car
yolo7-19, 79257521, car
yolo5-16, 79257521, car
yolo6-22, 79257521, car
yolo3-22, 70817263, car
yolo5-16, 11595438, car
yolo7-19, 11595438, car
yolo6-22, 11595438, car
yolo3-22, 81460538, car
yolo3-22, 19656148, car
yolo6-22, 52974983, car
yolo7-19, 52974983, car
yolo5-16, 52974983, car
yolo3-22, 08349018, car
yolo3-22, 29336186, car
yolo7-19, 58973224, car
yolo5-16, 58973224, car
yolo6-22, 58973224, car
yolo3-22, 56141882, car
yolo3-22, 63468801, car
yolo7-19, 40558146, car
yolo5-16, 40558146, car
yolo6-22, 40558146, car
yolo3-22, 58966345, car
yolo3-22, 43886632, car
yolo7-19, 79674630, car
yolo5-16, 79674630, car
yolo6-22, 79674630, car
yolo3-22, 91279706, car
yolo3-22, 74963239, car
yolo7-19, 01438094, car
yolo5-16, 01438094, car
yolo6-22, 01438094, car
yolo3-22, 79257521, car
yolo3-22, 11595438, car
yolo7-19, 19702261, car
yolo5-16, 19702261, car
yolo3-22, 52974983, car
yolo6-22, 19702261, car
yolo3-22, 58973224, car
yolo7-19, 55535866, car
yolo5-16, 55535866, car
yolo6-22, 55535866, car
yolo3-22, 40558146, car
yolo3-22, 79674630, car
yolo3-22, 01438094, car
yolo3-22, 19702261, car

========== Time: 25 ==========
yolo3-22, 55535866, car

========== Time: 26 ==========

========== Time: 27 ==========

========== Time: 28 ==========

========== Time: 29 ==========

========== Time: 30 ==========
