
========== Time: 0 ==========

========== Time: 1 ==========
yolo10-0, 69466896, car
yolo10-0, 03494460, car
yolo10-0, 28896355, car
yolo10-0, 65931320, car
yolo10-0, 64648919, car
yolo10-0, 97443543, car
yolo10-0, 15294077, car
yolo10-0, 69036123, car
yolo10-0, 90398235, car
yolo10-0, 01128764, car
yolo10-0, 35990472, car
yolo10-0, 90786508, car
yolo10-0, 19432191, car
yolo10-0, 24205853, car
yolo10-0, 62023076, car
yolo10-0, 21054931, car
yolo10-0, 14905418, car
yolo10-0, 34264780, car
yolo10-0, 35859305, car
yolo10-0, 15666969, car

========== Time: 2 ==========
yolo10-0, 40849133, aeroplane
yolo10-0, 29274563, car
yolo10-0, 97872218, car
yolo10-0, 46629880, car
yolo10-0, 29136246, car
yolo10-0, 85126477, car
yolo10-0, 01661044, car
yolo10-0, 99029215, car
yolo10-0, 27982607, car
yolo10-0, 70289413, car
yolo10-0, 21992087, car
yolo10-0, 78903744, car
yolo10-0, 31734933, car
yolo10-0, 86154938, car

========== Time: 3 ==========
yolo10-0, 31687509, car
yolo10-0, 56739747, car
yolo10-0, 90965444, car
yolo10-0, 92117725, car
yolo10-0, 42213644, car
yolo10-0, 68639036, car
yolo10-0, 69359433, car
yolo10-0, 19755749, car
yolo10-0, 58248448, car
yolo10-0, 18637059, car
yolo10-0, 99400570, car
yolo10-0, 08607992, car
yolo10-0, 58776996, car
yolo10-0, 29710040, car
yolo10-0, 04272750, car
yolo10-0, 98519457, car
yolo10-0, 93159469, car
yolo10-0, 09014104, car

========== Time: 4 ==========
yolo5-2, 92117725, car
yolo5-1, 78903744, car
yolo10-0, 99508209, car
yolo5-2, 42213644, car
yolo5-1, 31734933, car
yolo5-2, 68639036, car
yolo10-0, 32529606, car
yolo5-1, 86154938, car
yolo5-2, 69359433, car
yolo5-1, 31687509, car
yolo10-0, 98734070, car
yolo5-1, 56739747, car
yolo5-2, 19755749, car
yolo5-2, 58248448, car
yolo5-1, 90965444, car
yolo10-0, 45284367, car
yolo5-2, 18637059, car
yolo5-1, 92117725, car
yolo5-2, 99400570, car
yolo5-1, 42213644, car
yolo10-0, 98160853, car
yolo5-2, 08607992, car
yolo5-1, 68639036, car
yolo5-1, 69359433, car
yolo5-2, 58776996, car
yolo10-0, 36901251, car
yolo5-1, 19755749, car
yolo5-2, 29710040, car
yolo5-2, 04272750, car
yolo5-1, 58248448, car
yolo10-0, 55534175, car
yolo5-2, 98519457, car
yolo5-1, 18637059, car
yolo5-1, 99400570, car
yolo5-2, 93159469, car
yolo10-0, 66369850, car
yolo5-2, 09014104, car
yolo5-1, 08607992, car
yolo5-2, 99508209, car
yolo5-1, 58776996, car
yolo10-0, 31272348, car
yolo5-2, 32529606, car
yolo5-1, 29710040, car
yolo5-2, 98734070, car
yolo5-1, 04272750, car
yolo5-2, 45284367, car
yolo10-0, 86585623, car
yolo5-1, 98519457, car
yolo5-2, 98160853, car
yolo5-1, 93159469, car
yolo5-1, 09014104, car
yolo5-2, 36901251, car
yolo10-0, 79533464, sofa
yolo5-1, 99508209, car
yolo5-2, 55534175, car
yolo5-1, 32529606, car
yolo10-0, 90316331, car
yolo5-2, 66369850, car

========== Time: 5 ==========
yolo5-2, 31272348, car
yolo5-1, 98734070, car
yolo10-0, 74423226, car
yolo5-2, 86585623, car
yolo5-1, 45284367, car
yolo5-2, 79533464, sofa
yolo5-1, 98160853, car
yolo10-0, 77322027, car
yolo5-1, 36901251, car
yolo5-2, 90316331, car
yolo5-2, 74423226, car
yolo10-0, 17935761, car
yolo5-1, 55534175, car
yolo5-2, 77322027, car
yolo5-1, 66369850, car
yolo5-2, 17935761, car
yolo5-1, 31272348, car
yolo10-0, 65537773, car
yolo5-2, 65537773, car
yolo5-1, 86585623, car
yolo5-2, 96620657, car
yolo10-0, 96620657, car
yolo5-1, 79533464, sofa
yolo5-1, 90316331, car
yolo10-0, 67645439, car
yolo5-2, 67645439, car
yolo5-1, 74423226, car
yolo5-1, 77322027, car
yolo5-2, 79555888, car
yolo5-1, 17935761, car
yolo10-0, 79555888, car
yolo5-1, 65537773, car
yolo10-0, 62449683, train
yolo5-2, 62449683, train
yolo5-1, 96620657, car
yolo5-1, 67645439, car
yolo5-2, 41432856, aeroplane
yolo10-0, 41432856, aeroplane
yolo5-1, 79555888, car
yolo5-1, 62449683, train
yolo5-1, 41432856, aeroplane
yolo10-0, 03311619, car
yolo5-2, 03311619, car
yolo5-1, 03311619, car
yolo5-1, 66180007, car
yolo5-2, 66180007, car
yolo10-0, 66180007, car
yolo5-2, 69689435, car
yolo10-0, 69689435, car
yolo5-1, 69689435, car
yolo5-2, 79401550, car
yolo10-0, 79401550, car
yolo5-1, 79401550, car
yolo10-0, 93083997, train
yolo5-2, 93083997, train
yolo5-1, 93083997, train
yolo10-0, 89399587, boat
yolo5-2, 89399587, boat
yolo5-1, 89399587, boat

========== Time: 6 ==========
yolo5-1, 49476112, train
yolo5-2, 49476112, train
yolo10-0, 49476112, train
yolo5-2, 67504462, car
yolo5-1, 67504462, car
yolo10-0, 67504462, car
yolo5-1, 94011385, car
yolo10-0, 94011385, car
yolo5-2, 94011385, car
yolo5-1, 74570282, car
yolo5-2, 74570282, car
yolo10-0, 74570282, car
yolo5-2, 33440454, car
yolo5-1, 33440454, car
yolo10-0, 33440454, car
yolo10-0, 34020969, car
yolo5-2, 34020969, car
yolo5-1, 34020969, car
yolo5-1, 15540481, aeroplane
yolo5-2, 15540481, aeroplane
yolo10-0, 15540481, aeroplane
yolo10-0, 65962701, car
yolo5-1, 65962701, car
yolo5-2, 65962701, car
yolo5-1, 17155759, car
yolo5-2, 17155759, car
yolo10-0, 17155759, car
yolo5-2, 55955010, car
yolo10-0, 55955010, car
yolo5-1, 55955010, car
yolo5-1, 51985202, car
yolo10-0, 51985202, car
yolo5-2, 51985202, car
yolo10-0, 41034416, car
yolo5-1, 41034416, car
yolo5-2, 41034416, car
yolo5-1, 14349565, car
yolo10-0, 14349565, car
yolo5-2, 14349565, car
yolo10-0, 48047588, car
yolo5-1, 48047588, car
yolo5-2, 48047588, car
yolo5-2, 17795095, car
yolo10-0, 17795095, car
yolo5-1, 17795095, car

========== Time: 7 ==========
yolo5-1, 26865682, car
yolo10-0, 26865682, car
yolo5-2, 26865682, car
yolo10-0, 70548138, car
yolo5-1, 70548138, car
yolo5-2, 70548138, car
yolo5-2, 15076313, car
yolo5-1, 15076313, car
yolo10-0, 15076313, car
yolo5-2, 53750412, train
yolo5-1, 53750412, train
yolo10-0, 53750412, train
yolo5-2, 01371072, car
yolo10-0, 01371072, car
yolo5-1, 01371072, car
yolo5-1, 85707646, car
yolo5-2, 85707646, car
yolo10-0, 85707646, car
yolo5-2, 67903637, car
yolo10-0, 67903637, car
yolo5-1, 67903637, car
yolo5-1, 25253720, aeroplane
yolo5-2, 25253720, aeroplane
yolo10-0, 25253720, aeroplane
yolo10-0, 29207238, car
yolo5-2, 29207238, car
yolo5-1, 29207238, car
yolo5-2, 44842529, car
yolo5-1, 44842529, car
yolo10-0, 44842529, car
yolo5-1, 57935341, boat
yolo10-0, 57935341, boat
yolo5-2, 57935341, boat
yolo5-1, 48292416, train
yolo5-2, 48292416, train
yolo10-0, 48292416, train
yolo5-2, 49822830, aeroplane
yolo5-1, 49822830, aeroplane
yolo10-0, 49822830, aeroplane
yolo5-2, 48387167, car
yolo10-0, 48387167, car
yolo5-1, 48387167, car

========== Time: 8 ==========
yolo5-1, 82257830, sofa
yolo10-0, 82257830, sofa
yolo5-2, 82257830, sofa
yolo5-1, 70602148, train
yolo5-2, 70602148, train
yolo10-0, 70602148, train
yolo5-1, 59987484, sofa
yolo5-2, 59987484, sofa
yolo10-0, 59987484, sofa
yolo5-1, 19189276, car
yolo5-2, 19189276, car
yolo10-0, 19189276, car
yolo5-2, 75970283, car
yolo10-0, 75970283, car
yolo5-1, 75970283, car
yolo10-0, 70617626, car
yolo5-2, 70617626, car
yolo5-1, 70617626, car
yolo5-1, 29985408, sofa
yolo5-2, 29985408, sofa
yolo10-0, 29985408, sofa
yolo10-0, 68782292, car
yolo5-2, 68782292, car
yolo10-0, 38558486, car
yolo5-2, 38558486, car
yolo5-2, 97834926, car
yolo10-0, 97834926, car
yolo10-0, 51575742, train
yolo5-2, 51575742, train
yolo5-2, 60537955, car
yolo10-0, 60537955, car
yolo5-2, 17538000, car
yolo10-0, 17538000, car
yolo5-2, 11923160, car
yolo10-0, 11923160, car
yolo10-0, 54344791, car
yolo5-2, 54344791, car

========== Time: 9 ==========
yolo5-2, 20830325, car
yolo10-0, 20830325, car
yolo5-2, 86562155, car
yolo10-0, 86562155, car
yolo5-2, 52416162, car
yolo10-0, 52416162, car
yolo5-2, 86941628, car
yolo10-0, 86941628, car
yolo5-2, 71504079, car
yolo10-0, 71504079, car
yolo10-0, 68916671, car
yolo5-2, 68916671, car
yolo5-2, 38910230, car
yolo10-0, 38910230, car
yolo5-2, 07208771, car
yolo10-0, 07208771, car
yolo5-2, 47345586, car
yolo5-2, 17351399, car
yolo5-2, 57025001, car
yolo5-2, 80255605, car
yolo5-2, 28904878, tvmonitor
yolo5-2, 54787885, car
yolo5-2, 70875551, boat
yolo5-2, 17388292, sofa
yolo5-2, 93221802, car
yolo5-2, 18759826, car
yolo5-2, 41865860, car
yolo5-2, 93540924, sofa
yolo5-2, 55244062, aeroplane
yolo5-2, 82263642, person
yolo5-2, 56443339, car
yolo5-2, 23565634, boat
yolo5-2, 31083115, car
yolo1-1, 57025001, car
yolo5-2, 73794246, bottle
yolo1-1, 80255605, car
yolo5-2, 24464838, car
yolo5-2, 76782530, car
yolo1-1, 28904878, tvmonitor

========== Time: 10 ==========
yolo5-2, 03558386, car
yolo1-1, 54787885, car
yolo1-1, 70875551, boat
yolo5-2, 11956405, sofa
yolo1-1, 17388292, sofa
yolo1-1, 93221802, car
yolo5-2, 10421974, car
yolo1-1, 18759826, car
yolo1-1, 41865860, car
yolo5-2, 90644129, car
yolo1-1, 93540924, sofa
yolo1-1, 55244062, aeroplane
yolo3-1, 93540924, sofa
yolo5-2, 99720980, car
yolo1-1, 82263642, person
yolo3-1, 55244062, aeroplane
yolo1-1, 56443339, car
yolo3-1, 82263642, person
yolo5-2, 27502256, car
yolo1-1, 23565634, boat
yolo3-1, 56443339, car
yolo1-1, 31083115, car
yolo3-1, 23565634, boat
yolo1-1, 73794246, bottle
yolo5-2, 61896546, car
yolo3-1, 31083115, car
yolo1-1, 24464838, car
yolo3-1, 73794246, bottle
yolo1-1, 76782530, car
yolo5-2, 63254784, car
yolo3-1, 24464838, car
yolo1-1, 03558386, car
yolo3-1, 76782530, car
yolo3-1, 03558386, car
yolo3-1, 11956405, sofa
yolo3-1, 10421974, car
yolo3-1, 90644129, car
yolo3-1, 99720980, car
yolo3-1, 27502256, car
yolo3-1, 61896546, car
yolo3-1, 63254784, car
yolo3-1, 06567336, car
yolo3-1, 42551614, car
yolo3-1, 55117610, car
yolo3-1, 90840775, car
yolo3-1, 87435486, car
yolo3-1, 83814071, car
yolo3-1, 01064537, car
yolo3-1, 06214351, car
yolo3-1, 53422762, car
yolo3-1, 82129632, car
yolo3-1, 40853593, car
yolo3-1, 59567604, car
yolo8-9, 99720980, car
yolo8-9, 27502256, car
yolo3-1, 38691202, car
yolo8-9, 61896546, car
yolo8-9, 63254784, car
yolo3-1, 89813353, boat
yolo8-9, 06567336, car
yolo8-9, 42551614, car
yolo3-1, 11173112, car
yolo8-9, 55117610, car
yolo8-9, 90840775, car
yolo3-1, 02451978, car
yolo3-1, 79090651, car
yolo8-9, 87435486, car
yolo8-9, 83814071, car
yolo3-1, 57828585, car
yolo8-9, 01064537, car
yolo8-9, 06214351, car
yolo3-1, 27949473, car
yolo8-9, 53422762, car
yolo3-1, 24658710, car
yolo8-9, 82129632, car
yolo8-9, 40853593, car
yolo3-1, 06024087, car
yolo8-9, 59567604, car
yolo8-9, 38691202, car
yolo3-1, 80065169, car
yolo8-9, 89813353, boat
yolo8-9, 11173112, car
yolo3-1, 43123836, car
yolo8-9, 02451978, car
yolo8-9, 79090651, car
yolo8-9, 57828585, car
yolo3-1, 24635408, car
yolo8-9, 27949473, car
yolo8-9, 24658710, car
yolo3-1, 77168684, car
yolo8-9, 06024087, car
yolo8-9, 80065169, car
yolo8-9, 43123836, car
yolo3-1, 15628993, car
yolo3-10, 15628993, car
yolo8-9, 24635408, car
yolo8-9, 77168684, car
yolo3-1, 63290786, car
yolo3-10, 63290786, car
yolo8-9, 15628993, car
yolo8-9, 63290786, car
yolo3-1, 32218457, car
yolo3-10, 32218457, car
yolo8-9, 32218457, car
yolo10-10, 77168684, car
yolo8-9, 02568545, car
yolo3-1, 02568545, car
yolo3-10, 02568545, car
yolo10-10, 15628993, car
yolo10-10, 63290786, car
yolo3-10, 71529107, car
yolo8-9, 71529107, car
yolo3-1, 71529107, car
yolo10-10, 32218457, car
yolo10-10, 02568545, car
yolo10-10, 71529107, car
yolo3-10, 49929693, car
yolo8-9, 49929693, car
yolo3-1, 49929693, car
yolo10-10, 49929693, car
yolo10-10, 90194395, car
yolo3-10, 90194395, car
yolo3-1, 90194395, car
yolo8-9, 90194395, car
yolo8-9, 53721873, car
yolo10-10, 53721873, car
yolo3-1, 53721873, car
yolo3-10, 53721873, car
yolo3-1, 49769126, car
yolo3-10, 49769126, car
yolo8-9, 49769126, car
yolo10-10, 49769126, car
yolo3-10, 21177927, car
yolo3-1, 21177927, car
yolo10-10, 21177927, car
yolo8-9, 21177927, car
yolo8-9, 34740366, car
yolo3-1, 34740366, car
yolo3-10, 34740366, car
yolo10-10, 34740366, car
yolo3-1, 90672099, car
yolo3-10, 90672099, car
yolo10-10, 90672099, car
yolo8-9, 90672099, car
yolo3-1, 87958498, car
yolo3-10, 87958498, car
yolo10-10, 87958498, car
yolo8-9, 87958498, car
yolo3-1, 09736078, car
yolo3-10, 09736078, car
yolo10-10, 09736078, car
yolo8-9, 09736078, car
yolo7-7, 53721873, car
yolo7-7, 49769126, car
yolo3-1, 03383124, car
yolo8-9, 03383124, car
yolo10-10, 03383124, car
yolo3-10, 03383124, car
yolo7-7, 21177927, car
yolo7-7, 34740366, car
yolo10-10, 10615658, car
yolo8-9, 10615658, car
yolo3-1, 10615658, car
yolo3-10, 10615658, car
yolo7-7, 90672099, car
yolo7-7, 87958498, car
yolo3-10, 89571379, car
yolo3-1, 89571379, car
yolo8-9, 89571379, car
yolo10-10, 89571379, car
yolo7-7, 09736078, car
yolo7-7, 03383124, car
yolo10-10, 40359476, car
yolo3-10, 40359476, car
yolo8-9, 40359476, car
yolo3-1, 40359476, car
yolo7-7, 10615658, car
yolo7-7, 89571379, car
yolo7-7, 40359476, car
yolo8-9, 88665873, car
yolo3-1, 88665873, car
yolo3-10, 88665873, car
yolo10-10, 88665873, car
yolo7-7, 88665873, car
yolo3-1, 32120306, car
yolo3-10, 32120306, car
yolo8-9, 32120306, car
yolo10-10, 32120306, car
yolo7-7, 32120306, car
yolo3-10, 04952439, car
yolo8-9, 04952439, car
yolo7-7, 04952439, car
yolo10-10, 04952439, car
yolo3-1, 04952439, car
yolo7-7, 15841795, car
yolo3-10, 15841795, car
yolo3-1, 15841795, car
yolo10-10, 15841795, car
yolo8-9, 15841795, car
yolo7-7, 64345014, car
yolo10-10, 64345014, car
yolo8-9, 64345014, car
yolo3-10, 64345014, car
yolo3-1, 64345014, car
yolo3-1, 80551771, car
yolo3-10, 80551771, car
yolo10-10, 80551771, car
yolo7-7, 80551771, car
yolo8-9, 80551771, car
yolo9-10, 80551771, car
yolo3-1, 39506397, car
yolo8-9, 39506397, car
yolo7-7, 39506397, car
yolo3-10, 39506397, car
yolo10-10, 39506397, car
yolo9-10, 39506397, car
yolo8-9, 74556633, car
yolo7-7, 74556633, car
yolo3-10, 74556633, car
yolo3-1, 74556633, car
yolo10-10, 74556633, car
yolo9-10, 74556633, car
yolo7-7, 64934034, car
yolo9-10, 64934034, car
yolo3-10, 64934034, car
yolo3-1, 64934034, car
yolo10-10, 64934034, car
yolo8-9, 64934034, car
yolo10-10, 21671726, car
yolo3-1, 21671726, car
yolo3-10, 21671726, car
yolo9-10, 21671726, car
yolo7-7, 21671726, car
yolo7-7, 06202742, car
yolo3-1, 06202742, car
yolo3-10, 06202742, car
yolo9-10, 06202742, car
yolo10-10, 06202742, car
yolo8-9, 21671726, car
yolo10-10, 03147099, car
yolo3-10, 03147099, car
yolo3-1, 03147099, car
yolo9-10, 03147099, car
yolo7-7, 03147099, car
yolo9-10, 18911415, car
yolo3-1, 18911415, car
yolo3-10, 18911415, car
yolo10-10, 18911415, car
yolo7-7, 18911415, car
yolo8-9, 06202742, car
yolo7-7, 88499737, car
yolo3-10, 88499737, car
yolo3-1, 88499737, car
yolo9-10, 88499737, car
yolo10-10, 88499737, car
yolo8-9, 03147099, car

========== Time: 11 ==========
yolo7-7, 69505402, car
yolo3-1, 69505402, car
yolo9-10, 69505402, car
yolo8-9, 18911415, car
yolo3-10, 69505402, car
yolo10-10, 69505402, car
yolo7-7, 21193455, car
yolo3-10, 21193455, car
yolo3-1, 21193455, car
yolo9-10, 21193455, car
yolo8-9, 88499737, car
yolo10-10, 21193455, car
yolo8-9, 69505402, car
yolo7-7, 56586195, car
yolo9-10, 56586195, car
yolo3-10, 56586195, car
yolo3-1, 56586195, car
yolo10-10, 56586195, car
yolo12-1, 39506397, car
yolo12-3, 39506397, car
yolo8-9, 21193455, car
yolo7-7, 73948169, car
yolo10-10, 73948169, car
yolo3-10, 73948169, car
yolo3-1, 73948169, car
yolo9-10, 73948169, car
yolo8-9, 56586195, car
yolo8-9, 73948169, car
yolo12-1, 74556633, car
yolo12-3, 74556633, car
yolo3-1, 56287658, car
yolo10-10, 56287658, car
yolo9-10, 56287658, car
yolo3-10, 56287658, car
yolo7-7, 56287658, car
yolo12-3, 64934034, car
yolo8-9, 56287658, car
yolo12-1, 64934034, car
yolo3-1, 66534143, sofa
yolo9-10, 66534143, sofa
yolo7-7, 66534143, sofa
yolo3-10, 66534143, sofa
yolo10-10, 66534143, sofa
yolo12-3, 21671726, car
yolo12-1, 21671726, car
yolo8-9, 66534143, sofa
yolo12-3, 06202742, car
yolo12-1, 06202742, car
yolo9-10, 74834049, car
yolo7-7, 74834049, car
yolo10-10, 74834049, car
yolo3-1, 74834049, car
yolo8-9, 74834049, car
yolo3-10, 74834049, car
yolo12-1, 03147099, car
yolo12-3, 03147099, car
yolo12-3, 18911415, car
yolo12-1, 18911415, car
yolo12-3, 88499737, car
yolo12-1, 88499737, car
yolo3-1, 37877989, car
yolo3-10, 37877989, car
yolo7-7, 37877989, car
yolo8-9, 37877989, car
yolo9-10, 37877989, car
yolo10-10, 37877989, car
yolo12-3, 69505402, car
yolo12-1, 69505402, car
yolo3-1, 88850744, sofa
yolo8-9, 88850744, sofa
yolo7-7, 88850744, sofa
yolo3-10, 88850744, sofa
yolo9-10, 88850744, sofa
yolo12-1, 21193455, car
yolo10-10, 88850744, sofa
yolo12-3, 21193455, car
yolo12-1, 56586195, car
yolo12-3, 56586195, car
yolo3-10, 76837537, car
yolo7-7, 76837537, car
yolo8-9, 76837537, car
yolo3-1, 76837537, car
yolo9-10, 76837537, car
yolo10-10, 76837537, car
yolo12-3, 73948169, car
yolo12-1, 73948169, car
yolo10-10, 91959644, bottle
yolo8-9, 91959644, bottle
yolo9-10, 91959644, bottle
yolo3-10, 91959644, bottle
yolo3-1, 91959644, bottle
yolo12-3, 56287658, car
yolo12-1, 56287658, car
yolo12-3, 66534143, sofa
yolo12-1, 66534143, sofa
yolo3-10, 68700971, car
yolo8-9, 68700971, car
yolo3-1, 68700971, car
yolo10-10, 68700971, car
yolo9-10, 68700971, car
yolo12-3, 74834049, car
yolo12-1, 74834049, car
yolo3-10, 85514317, aeroplane
yolo8-9, 85514317, aeroplane
yolo3-1, 85514317, aeroplane
yolo10-10, 85514317, aeroplane
yolo9-10, 85514317, aeroplane
yolo12-3, 37877989, car
yolo12-1, 37877989, car
yolo12-3, 88850744, sofa
yolo12-1, 88850744, sofa
yolo8-9, 69949602, car
yolo9-10, 69949602, car
yolo3-10, 69949602, car
yolo12-1, 76837537, car
yolo10-10, 69949602, car
yolo12-3, 76837537, car
yolo3-1, 69949602, car
yolo12-3, 91959644, bottle
yolo12-1, 91959644, bottle
yolo10-10, 95723738, car
yolo9-10, 95723738, car
yolo3-10, 95723738, car
yolo3-1, 95723738, car
yolo8-9, 95723738, car
yolo12-3, 68700971, car
yolo12-1, 68700971, car
yolo9-10, 45103195, car
yolo3-10, 45103195, car
yolo8-9, 45103195, car
yolo3-1, 45103195, car
yolo10-10, 45103195, car
yolo12-3, 85514317, aeroplane
yolo12-1, 85514317, aeroplane
yolo12-3, 69949602, car
yolo12-1, 69949602, car
yolo9-10, 03971736, car
yolo8-9, 03971736, car
yolo10-10, 03971736, car

========== Time: 12 ==========
yolo12-3, 95723738, car
yolo3-10, 03971736, car
yolo12-1, 95723738, car
yolo3-1, 03971736, car
yolo12-3, 45103195, car
yolo8-9, 30270744, car
yolo10-10, 30270744, car
yolo12-1, 45103195, car
yolo9-10, 30270744, car
yolo12-3, 03971736, car
yolo3-1, 30270744, car
yolo3-10, 30270744, car
yolo12-1, 03971736, car
yolo8-9, 31651805, car
yolo10-10, 31651805, car
yolo9-10, 31651805, car
yolo12-3, 30270744, car
yolo3-1, 31651805, car
yolo3-10, 31651805, car
yolo12-1, 30270744, car
yolo12-3, 31651805, car
yolo12-1, 31651805, car
yolo3-10, 93177308, car
yolo3-1, 93177308, car
yolo8-9, 93177308, car
yolo10-10, 93177308, car
yolo9-10, 93177308, car
yolo12-3, 93177308, car
yolo12-1, 93177308, car
yolo3-1, 24347711, car
yolo9-10, 24347711, car
yolo8-9, 24347711, car
yolo10-10, 24347711, car
yolo3-10, 24347711, car
yolo12-1, 24347711, car
yolo12-3, 24347711, car
yolo3-1, 31621654, car
yolo8-9, 31621654, car
yolo9-10, 31621654, car
yolo12-1, 31621654, car
yolo12-3, 31621654, car
yolo10-10, 31621654, car
yolo3-10, 31621654, car
yolo8-9, 24240260, car
yolo9-10, 24240260, car
yolo3-1, 24240260, car
yolo12-3, 24240260, car
yolo3-10, 24240260, car
yolo12-1, 24240260, car
yolo10-10, 24240260, car
yolo3-10, 86484906, car
yolo12-1, 86484906, car
yolo12-3, 86484906, car
yolo8-9, 86484906, car
yolo9-10, 86484906, car
yolo10-10, 86484906, car
yolo3-1, 86484906, car
yolo12-1, 35247068, car
yolo12-3, 35247068, car
yolo10-10, 35247068, car
yolo3-10, 35247068, car
yolo8-9, 35247068, car
yolo9-10, 35247068, car
yolo8-9, 41526541, car
yolo12-3, 41526541, car
yolo3-10, 41526541, car
yolo9-10, 41526541, car
yolo10-10, 41526541, car
yolo3-10, 25731291, car
yolo12-3, 25731291, car
yolo10-10, 25731291, car
yolo8-9, 25731291, car
yolo9-10, 25731291, car
yolo10-10, 67194399, car
yolo12-3, 67194399, car
yolo8-9, 67194399, car
yolo3-10, 67194399, car
yolo9-10, 67194399, car
yolo3-10, 91644362, car
yolo12-3, 91644362, car
yolo10-10, 91644362, car
yolo8-9, 91644362, car
yolo9-10, 91644362, car
yolo12-3, 22390707, car
yolo3-10, 22390707, car
yolo8-9, 22390707, car
yolo10-10, 22390707, car
yolo9-10, 22390707, car
yolo8-9, 05454941, car
yolo12-3, 05454941, car
yolo9-10, 05454941, car
yolo3-10, 05454941, car
yolo10-10, 05454941, car

========== Time: 13 ==========
yolo3-10, 95274871, car
yolo9-10, 95274871, car
yolo10-10, 95274871, car
yolo8-9, 95274871, car
yolo12-3, 95274871, car
yolo3-10, 52432978, car
yolo8-9, 52432978, car
yolo12-3, 52432978, car
yolo10-10, 52432978, car
yolo9-10, 52432978, car
yolo8-9, 62709241, car
yolo12-3, 62709241, car
yolo3-10, 62709241, car
yolo9-10, 62709241, car
yolo10-10, 62709241, car
yolo3-10, 91137872, car
yolo10-10, 91137872, car
yolo9-10, 91137872, car
yolo12-3, 91137872, car
yolo8-9, 91137872, car
yolo8-9, 38386206, car
yolo3-10, 38386206, car
yolo9-10, 38386206, car
yolo12-3, 38386206, car
yolo10-10, 38386206, car
yolo3-10, 47454514, boat
yolo9-10, 47454514, boat
yolo8-9, 47454514, boat
yolo12-3, 47454514, boat
yolo10-10, 47454514, boat
yolo8-9, 14519600, car
yolo12-3, 14519600, car
yolo9-10, 14519600, car
yolo10-10, 14519600, car
yolo3-10, 14519600, car
yolo3-10, 45364083, car
yolo9-10, 45364083, car
yolo12-3, 45364083, car
yolo10-10, 45364083, car
yolo9-10, 84774597, car
yolo10-10, 84774597, car
yolo3-10, 84774597, car
yolo3-10, 31667658, car
yolo9-10, 31667658, car
yolo10-10, 31667658, car
yolo3-10, 44799367, car
yolo9-10, 44799367, car
yolo10-10, 44799367, car
yolo3-10, 52746126, car
yolo9-10, 52746126, car
yolo10-10, 52746126, car
yolo9-10, 76917635, car
yolo3-10, 76917635, car
yolo10-10, 76917635, car
yolo10-10, 10645226, car
yolo9-10, 10645226, car
yolo3-10, 10645226, car
yolo3-10, 57091201, car
yolo9-10, 57091201, car
yolo10-10, 57091201, car

========== Time: 14 ==========
yolo3-10, 35271532, car
yolo10-10, 35271532, car
yolo9-10, 35271532, car
yolo3-10, 87045037, car
yolo9-10, 87045037, car
yolo10-10, 87045037, car
yolo3-10, 61943884, car
yolo10-10, 61943884, car
yolo9-10, 61943884, car
yolo3-10, 41143472, car
yolo10-10, 41143472, car
yolo9-10, 41143472, car
yolo10-10, 20211374, car
yolo9-10, 20211374, car
yolo3-10, 20211374, car
yolo3-10, 38468266, car
yolo10-10, 38468266, car
yolo9-10, 38468266, car
yolo3-10, 23660663, car
yolo9-10, 23660663, car
yolo10-10, 23660663, car
yolo3-10, 73163497, car
yolo9-10, 73163497, car
yolo10-10, 73163497, car
yolo10-10, 52476370, car
yolo9-10, 52476370, car
yolo9-10, 41052695, car
yolo10-10, 41052695, car
yolo9-10, 24066384, car
yolo10-10, 24066384, car
yolo10-10, 79017079, car
yolo9-10, 79017079, car
yolo9-10, 74889647, car
yolo10-10, 74889647, car
yolo9-10, 67439175, car
yolo10-10, 67439175, car
yolo9-10, 15333106, car
yolo10-10, 15333106, car
yolo9-10, 41445059, car
yolo10-10, 41445059, car

========== Time: 15 ==========
yolo9-10, 80361398, car
yolo10-10, 80361398, car
yolo9-10, 95217183, car
yolo10-10, 95217183, car
yolo9-10, 34397975, car
yolo10-10, 34397975, car
yolo10-10, 67528228, car
yolo9-10, 67528228, car
yolo9-10, 78516485, car
yolo10-10, 78516485, car
yolo10-10, 17246543, car
yolo9-10, 17246543, car
yolo10-10, 35280575, car
yolo9-10, 35280575, car
yolo9-10, 98089543, car
yolo10-10, 98089543, car
yolo9-10, 23176391, sofa
yolo10-10, 23176391, sofa
yolo9-10, 25376173, person
yolo10-10, 25376173, person
yolo9-10, 62981295, car
yolo10-10, 62981295, car
yolo10-10, 81371768, car
yolo9-10, 81371768, car
yolo9-10, 97210878, car
yolo10-10, 97210878, car
yolo9-10, 06485507, car
yolo10-10, 06485507, car
yolo9-10, 80034734, car
yolo10-10, 80034734, car
yolo10-10, 39619912, car
yolo9-10, 39619912, car

========== Time: 16 ==========
yolo9-10, 26177625, car
yolo10-10, 26177625, car
yolo10-10, 72652206, car
yolo9-10, 72652206, car
yolo9-10, 11475132, car
yolo10-10, 11475132, car
yolo9-10, 47409672, car
yolo10-10, 47409672, car
yolo9-10, 04109396, car
yolo10-10, 04109396, car
yolo9-10, 83131285, car
yolo10-10, 83131285, car
yolo9-10, 47905463, car
yolo10-10, 47905463, car
yolo10-10, 17435187, car
yolo9-10, 17435187, car
yolo9-10, 72776224, car
yolo10-10, 72776224, car
yolo9-10, 44362030, car
yolo10-10, 44362030, car
yolo10-10, 08483229, car
yolo9-10, 08483229, car
yolo9-10, 03242312, car
yolo10-10, 03242312, car
yolo9-10, 58956939, car
yolo10-10, 58956939, car
yolo9-10, 01516213, car
yolo10-10, 01516213, car
yolo10-10, 59626755, car
yolo9-10, 59626755, car
yolo9-10, 72021441, car
yolo10-10, 72021441, car
yolo10-10, 58279845, car
yolo9-10, 58279845, car
yolo10-10, 95233738, car
yolo9-10, 95233738, car
yolo9-10, 89278834, car
yolo10-10, 89278834, car
yolo9-10, 51774687, car
yolo10-10, 51774687, car
yolo9-10, 82719585, car
yolo10-10, 82719585, car

========== Time: 17 ==========
yolo9-10, 07600038, sofa
yolo10-10, 07600038, sofa
yolo9-10, 22497708, aeroplane
yolo10-10, 22497708, aeroplane
yolo9-10, 42351252, car
yolo10-10, 42351252, car
yolo10-10, 63680394, sofa
yolo9-10, 63680394, sofa
yolo9-10, 38250368, sofa
yolo10-10, 38250368, sofa
yolo10-13, 63680394, sofa
yolo9-10, 52020857, sofa
yolo10-13, 38250368, sofa
yolo10-10, 52020857, sofa
yolo10-13, 52020857, sofa
yolo9-10, 70920733, car
yolo10-10, 70920733, car
yolo10-13, 70920733, car
yolo9-10, 30148198, aeroplane
yolo10-13, 30148198, aeroplane

========== Time: 18 ==========
yolo10-13, 18726366, sofa
yolo9-10, 18726366, sofa
yolo9-10, 44389849, car
yolo10-13, 44389849, car
yolo9-10, 96742013, aeroplane
yolo10-13, 96742013, aeroplane
yolo9-10, 45781887, car
yolo10-13, 45781887, car
yolo9-10, 54696240, car
yolo10-13, 54696240, car
yolo9-10, 25308120, car
yolo10-13, 25308120, car
yolo9-10, 05709227, car
yolo10-13, 05709227, car
yolo9-10, 40203824, car
yolo10-13, 40203824, car
yolo9-10, 54543970, car
yolo10-13, 54543970, car
yolo9-10, 15524510, car
yolo10-13, 15524510, car
yolo9-10, 17269219, car
yolo10-13, 17269219, car
yolo10-13, 73577314, bottle
yolo9-10, 73577314, bottle
yolo9-10, 74636174, car
yolo10-13, 74636174, car
yolo10-13, 57160978, sofa
yolo9-10, 57160978, sofa
yolo9-10, 15508618, car
yolo10-13, 15508618, car
yolo10-13, 54429486, sofa
yolo9-10, 54429486, sofa

========== Time: 19 ==========
yolo10-13, 28680620, car
yolo9-10, 28680620, car
yolo9-10, 11334052, car
yolo10-13, 11334052, car
yolo9-10, 68629140, sofa
yolo10-13, 68629140, sofa
yolo9-10, 21909098, car
yolo10-13, 21909098, car
yolo9-10, 79521956, car
yolo10-13, 79521956, car
yolo9-10, 52967454, car
yolo10-13, 52967454, car
yolo10-13, 25846996, car
yolo9-10, 25846996, car
yolo10-13, 43695574, car
yolo9-10, 43695574, car
yolo1-14, 74636174, car
yolo1-14, 57160978, sofa
yolo1-14, 15508618, car
yolo1-14, 54429486, sofa
yolo1-14, 28680620, car
yolo1-14, 11334052, car
yolo1-14, 68629140, sofa
yolo1-14, 21909098, car
yolo1-14, 79521956, car
yolo1-14, 52967454, car
yolo1-14, 25846996, car
yolo1-14, 43695574, car
yolo1-14, 79660553, car
yolo1-14, 91063681, car
yolo1-14, 34839908, car
yolo1-14, 84301663, car

========== Time: 20 ==========
yolo1-14, 24729803, car
yolo1-14, 10293458, car
yolo1-14, 96321822, car
yolo1-14, 38088940, sofa
yolo1-14, 60624949, car
yolo1-14, 53084441, car
yolo1-14, 33700373, car
yolo1-14, 76350470, bottle
yolo1-14, 58389456, car
yolo1-14, 93411258, car
yolo10-19, 93411258, car
yolo10-19, 98583068, car
yolo1-14, 98583068, car
yolo8-19, 98583068, car
yolo10-19, 50565192, car
yolo1-14, 50565192, car
yolo8-19, 50565192, car
yolo8-19, 76130227, car
yolo1-14, 76130227, car
yolo10-19, 76130227, car
yolo8-19, 92135028, sofa
yolo10-19, 92135028, sofa
yolo1-14, 92135028, sofa
yolo8-19, 38203771, car
yolo10-19, 38203771, car
yolo1-14, 38203771, car
yolo8-19, 39099819, car
yolo1-14, 39099819, car
yolo10-19, 39099819, car
yolo8-19, 05789221, car
yolo1-14, 05789221, car
yolo10-19, 05789221, car
yolo8-19, 95096980, car
yolo1-14, 95096980, car
yolo10-19, 95096980, car
yolo8-19, 83457891, car
yolo1-14, 83457891, car
yolo10-19, 83457891, car
yolo8-19, 91913172, car
yolo1-14, 91913172, car
yolo10-19, 91913172, car
yolo1-14, 42339883, car
yolo10-19, 42339883, car
yolo8-19, 42339883, car
yolo10-19, 59931125, car
yolo8-19, 59931125, car
yolo1-14, 59931125, car
yolo1-14, 50847336, car
yolo8-19, 50847336, car
yolo10-19, 50847336, car
yolo1-14, 26961354, car
yolo8-19, 26961354, car
yolo10-19, 26961354, car
yolo8-19, 26279007, car
yolo1-14, 26279007, car
yolo10-19, 26279007, car
yolo1-14, 28679532, car
yolo8-19, 28679532, car
yolo10-19, 28679532, car
yolo8-19, 68782748, car
yolo1-14, 68782748, car
yolo10-19, 68782748, car
yolo8-19, 04074962, car
yolo10-19, 04074962, car
yolo1-14, 04074962, car
yolo1-14, 76654221, car
yolo8-19, 76654221, car
yolo10-19, 76654221, car
yolo2-16, 91913172, car
yolo8-19, 13969610, car
yolo1-14, 13969610, car
yolo10-19, 13969610, car
yolo2-16, 42339883, car
yolo2-16, 59931125, car
yolo8-19, 03888811, car
yolo2-16, 50847336, car
yolo1-14, 03888811, car
yolo10-19, 03888811, car
yolo2-16, 26961354, car
yolo10-19, 94550609, car
yolo8-19, 94550609, car
yolo1-14, 94550609, car
yolo2-16, 26279007, car
yolo2-16, 28679532, car
yolo2-16, 68782748, car
yolo10-19, 31228705, car
yolo8-19, 31228705, car
yolo1-14, 31228705, car
yolo2-16, 04074962, car
yolo2-16, 76654221, car
yolo1-14, 54680835, car
yolo8-19, 54680835, car
yolo2-16, 13969610, car
yolo2-16, 03888811, car
yolo2-16, 94550609, car
yolo1-14, 78608198, car
yolo2-16, 31228705, car
yolo8-19, 78608198, car
yolo2-16, 54680835, car
yolo1-14, 51978875, car
yolo2-16, 78608198, car
yolo1-14, 31866779, car
yolo8-19, 51978875, car

========== Time: 21 ==========
yolo2-16, 51978875, car
yolo1-14, 49009578, car
yolo2-16, 31866779, car
yolo1-14, 57272154, car
yolo2-16, 49009578, car
yolo2-16, 57272154, car
yolo1-14, 66649515, car
yolo2-16, 66649515, car
yolo2-16, 05270319, car
yolo1-14, 05270319, car
yolo10-19, 54680835, car
yolo7-16, 13969610, car
yolo1-14, 34785646, car
yolo2-16, 34785646, car
yolo7-16, 03888811, car
yolo7-16, 94550609, car
yolo2-16, 47674238, car
yolo1-14, 47674238, car
yolo7-16, 31228705, car
yolo7-16, 54680835, car
yolo8-19, 31866779, car
yolo1-14, 00966276, car
yolo2-16, 00966276, car
yolo7-16, 78608198, car
yolo7-16, 51978875, car
yolo1-14, 47042925, train
yolo2-16, 47042925, train
yolo7-16, 31866779, car
yolo10-19, 78608198, car
yolo1-14, 57578019, car
yolo2-16, 57578019, car
yolo8-19, 49009578, car
yolo5-15, 42339883, car
yolo5-11, 42339883, car
yolo8-19, 57272154, car
yolo2-16, 17411688, car
yolo1-14, 17411688, car
yolo8-19, 66649515, car
yolo1-14, 00340896, car
yolo2-16, 00340896, car
yolo8-19, 05270319, car
yolo8-19, 34785646, car
yolo2-16, 89453609, sofa
yolo1-14, 89453609, sofa
yolo8-19, 47674238, car
yolo8-19, 00966276, car
yolo1-14, 99926216, car
yolo2-16, 99926216, car
yolo8-19, 47042925, train
yolo2-16, 02098860, sofa
yolo1-14, 02098860, sofa
yolo8-19, 57578019, car
yolo5-15, 59931125, car
yolo5-11, 59931125, car
yolo8-19, 17411688, car
yolo8-19, 00340896, car
yolo1-14, 23116587, car
yolo2-16, 23116587, car
yolo5-11, 50847336, car
yolo5-15, 50847336, car
yolo8-19, 89453609, sofa
yolo5-11, 26961354, car
yolo5-15, 26961354, car
yolo1-14, 57264678, sofa
yolo2-16, 57264678, sofa
yolo8-19, 99926216, car

========== Time: 22 ==========
yolo8-19, 02098860, sofa
yolo1-14, 07480041, car
yolo5-15, 26279007, car
yolo5-11, 26279007, car
yolo2-16, 07480041, car
yolo8-19, 23116587, car
yolo5-11, 15568644, car
yolo5-15, 15568644, car
yolo8-19, 57264678, sofa
yolo2-16, 15568644, car
yolo1-14, 15568644, car
yolo8-19, 07480041, car
yolo2-16, 51663653, car
yolo1-14, 51663653, car
yolo5-15, 51663653, car
yolo5-11, 51663653, car
yolo8-19, 15568644, car
yolo8-19, 51663653, car
yolo2-16, 33948924, car
yolo5-11, 33948924, car
yolo5-15, 33948924, car
yolo1-14, 33948924, car
yolo8-19, 33948924, car
yolo5-11, 41035562, car
yolo5-15, 41035562, car
yolo1-14, 41035562, car
yolo2-16, 41035562, car
yolo8-19, 41035562, car
yolo5-15, 18847134, car
yolo5-11, 18847134, car
yolo2-16, 18847134, car
yolo1-14, 18847134, car
yolo8-19, 18847134, car
yolo2-16, 36468677, car
yolo8-19, 36468677, car
yolo5-15, 36468677, car
yolo5-11, 36468677, car
yolo1-14, 36468677, car
yolo1-14, 37962981, car
yolo2-16, 37962981, car
yolo5-15, 37962981, car
yolo5-11, 37962981, car
yolo8-19, 37962981, car
yolo1-14, 25537854, car
yolo2-16, 25537854, car
yolo8-19, 25537854, car
yolo5-15, 25537854, car
yolo5-15, 27000759, car
yolo1-14, 27000759, car
yolo8-19, 27000759, car
yolo2-16, 27000759, car
yolo8-19, 85468626, car
yolo1-14, 85468626, car
yolo2-16, 85468626, car
yolo5-15, 85468626, car
yolo8-19, 78747706, car
yolo1-14, 78747706, car
yolo5-15, 78747706, car
yolo2-16, 78747706, car
yolo8-19, 86337767, car
yolo2-16, 86337767, car
yolo5-15, 86337767, car
yolo1-14, 86337767, car
yolo2-16, 88843695, car
yolo1-14, 88843695, car
yolo5-15, 88843695, car
yolo8-19, 88843695, car
yolo5-15, 77475467, car
yolo2-16, 77475467, car
yolo8-19, 77475467, car
yolo1-14, 77475467, car

========== Time: 23 ==========
yolo8-19, 98072340, car
yolo5-15, 98072340, car
yolo1-14, 98072340, car
yolo2-16, 98072340, car
yolo8-19, 03743969, car
yolo1-14, 03743969, car
yolo5-15, 03743969, car
yolo2-16, 03743969, car
yolo2-16, 83182272, car
yolo8-19, 83182272, car
yolo5-15, 83182272, car
yolo1-14, 83182272, car
yolo8-19, 37474002, car
yolo2-16, 37474002, car
yolo5-15, 37474002, car
yolo1-14, 37474002, car
yolo8-19, 00136957, car
yolo2-16, 00136957, car
yolo1-14, 00136957, car
yolo5-15, 00136957, car
yolo2-16, 17533471, car
yolo8-19, 17533471, car
yolo1-14, 17533471, car
yolo5-15, 17533471, car
yolo1-14, 09464155, car
yolo2-16, 09464155, car
yolo2-22, 09464155, car
yolo8-19, 09464155, car
yolo5-15, 09464155, car
yolo2-22, 36788521, car
yolo5-15, 36788521, car
yolo2-16, 36788521, car
yolo8-19, 36788521, car
yolo1-14, 36788521, car
yolo1-14, 15763561, car
yolo2-16, 15763561, car
yolo2-22, 15763561, car
yolo8-19, 15763561, car
yolo2-22, 61027590, car
yolo2-16, 61027590, car
yolo8-19, 61027590, car
yolo1-14, 61027590, car
yolo2-22, 12065267, car
yolo8-19, 12065267, car
yolo1-14, 12065267, car
yolo2-16, 12065267, car
yolo1-14, 56211459, car
yolo8-19, 56211459, car
yolo2-22, 56211459, car
yolo2-16, 56211459, car
yolo2-16, 61715191, car
yolo2-22, 61715191, car
yolo8-19, 61715191, car
yolo1-14, 61715191, car
yolo8-19, 60753535, car
yolo2-16, 60753535, car
yolo2-22, 60753535, car
yolo1-14, 60753535, car
yolo8-19, 39034079, car
yolo2-22, 39034079, car
yolo1-14, 39034079, car
yolo2-16, 39034079, car

========== Time: 24 ==========
yolo8-19, 63358577, car
yolo2-16, 63358577, car
yolo1-14, 63358577, car
yolo2-22, 63358577, car
yolo2-22, 09229609, car
yolo1-14, 09229609, car
yolo8-19, 09229609, car
yolo2-16, 09229609, car
yolo2-16, 17605372, car
yolo2-22, 17605372, car
yolo8-19, 17605372, car
yolo1-14, 17605372, car
yolo8-19, 02337934, car
yolo2-16, 02337934, car
yolo1-14, 02337934, car
yolo2-22, 02337934, car
yolo8-19, 73010968, car
yolo2-16, 73010968, car
yolo1-14, 73010968, car
yolo2-22, 73010968, car
yolo2-16, 95595935, car
yolo2-22, 95595935, car
yolo8-19, 95595935, car
yolo1-14, 95595935, car
yolo2-22, 22601424, car
yolo2-16, 22601424, car
yolo1-14, 22601424, car
yolo8-19, 22601424, car
yolo8-19, 25668440, car
yolo2-22, 25668440, car
yolo1-14, 25668440, car
yolo2-22, 51249426, car
yolo1-14, 51249426, car
yolo8-19, 51249426, car
yolo2-22, 07881798, car
yolo1-14, 07881798, car
yolo8-19, 07881798, car
yolo2-22, 35028719, train
yolo8-19, 35028719, train
yolo1-14, 35028719, train
yolo8-19, 25228963, aeroplane
yolo1-14, 25228963, aeroplane
yolo2-22, 25228963, aeroplane
yolo8-19, 34213230, car
yolo2-22, 34213230, car
yolo1-14, 34213230, car
yolo1-14, 45963930, car
yolo8-19, 45963930, car
yolo2-22, 45963930, car
yolo2-22, 01913385, bottle
yolo8-19, 01913385, bottle
yolo1-14, 01913385, bottle
yolo8-19, 63045267, boat
yolo1-14, 63045267, boat
yolo2-22, 63045267, boat
yolo2-22, 33145845, car
yolo8-19, 33145845, car
yolo1-14, 33145845, car

========== Time: 25 ==========
yolo1-14, 44215664, car
yolo8-19, 44215664, car
yolo2-22, 44215664, car
yolo2-22, 61742127, car
yolo1-14, 61742127, car
yolo8-19, 61742127, car
yolo2-22, 26715128, car
yolo8-19, 26715128, car
yolo1-14, 26715128, car
yolo2-22, 57187345, train
yolo8-19, 57187345, train
yolo1-14, 57187345, train
yolo8-19, 36219001, aeroplane
yolo1-14, 36219001, aeroplane
yolo2-22, 36219001, aeroplane
yolo8-19, 97862796, sofa
yolo2-22, 97862796, sofa
yolo1-14, 97862796, sofa
yolo2-22, 21489414, car
yolo8-19, 21489414, car
yolo1-14, 21489414, car
yolo2-22, 24761576, car
yolo8-19, 24761576, car
yolo1-14, 24761576, car
yolo2-22, 02440375, boat
yolo8-19, 02440375, boat
yolo8-19, 68981370, car
yolo2-22, 68981370, car
yolo2-22, 33184664, car
yolo8-19, 33184664, car
yolo8-19, 98523465, boat
yolo2-22, 98523465, boat
yolo2-22, 54496854, car
yolo8-19, 54496854, car
yolo2-22, 16564477, car
yolo8-19, 16564477, car
yolo8-19, 67609398, car
yolo2-22, 67609398, car
yolo2-22, 06523579, car
yolo8-19, 06523579, car
yolo8-19, 75477949, car
yolo2-22, 75477949, car
yolo8-19, 19348348, car
yolo2-22, 19348348, car
yolo2-22, 75208192, car
yolo8-19, 75208192, car
yolo8-19, 67627738, car
yolo2-22, 67627738, car
yolo2-22, 73571490, car
yolo8-19, 73571490, car
yolo2-22, 77886460, car
yolo8-19, 77886460, car
yolo8-19, 70400401, car
yolo2-22, 70400401, car
yolo1-25, 70400401, car
yolo2-22, 48600359, car
yolo1-25, 48600359, car
yolo8-19, 48600359, car
yolo2-22, 72380570, car
yolo8-19, 72380570, car
yolo1-25, 72380570, car
yolo1-25, 83413862, car
yolo8-19, 83413862, car
yolo2-22, 83413862, car
yolo1-25, 14539973, car
yolo2-22, 14539973, car
yolo8-19, 14539973, car
yolo1-25, 91358133, car
yolo2-22, 91358133, car
yolo8-19, 91358133, car
yolo8-19, 96305168, car
yolo2-22, 96305168, car
yolo1-25, 96305168, car
yolo8-19, 82697446, car
yolo2-22, 82697446, car
yolo1-25, 82697446, car
yolo9-19, 73571490, car
yolo9-19, 77886460, car
yolo8-19, 25487057, car
yolo1-25, 25487057, car
yolo2-22, 25487057, car
yolo9-19, 70400401, car
yolo9-19, 48600359, car
yolo8-19, 56918443, car
yolo2-22, 56918443, car
yolo1-25, 56918443, car
yolo9-19, 72380570, car
yolo9-19, 83413862, car
yolo1-25, 26900540, aeroplane
yolo8-19, 26900540, aeroplane
yolo2-22, 26900540, aeroplane
yolo9-19, 14539973, car
yolo9-19, 91358133, car
yolo9-19, 96305168, car
yolo2-22, 08231750, car
yolo8-19, 08231750, car
yolo1-25, 08231750, car
yolo9-19, 82697446, car
yolo9-19, 25487057, car
yolo8-19, 37251280, car
yolo2-22, 37251280, car
yolo1-25, 37251280, car
yolo9-19, 56918443, car
yolo9-19, 26900540, aeroplane
yolo2-22, 09725922, car
yolo1-25, 09725922, car
yolo8-19, 09725922, car
yolo9-19, 08231750, car
yolo9-19, 37251280, car
yolo9-19, 09725922, car
yolo8-19, 48149370, car
yolo1-25, 48149370, car
yolo2-22, 48149370, car
yolo9-19, 48149370, car
yolo8-19, 51129547, car
yolo1-25, 51129547, car
yolo9-19, 51129547, car
yolo2-22, 51129547, car
yolo2-22, 45896157, car
yolo8-19, 45896157, car
yolo9-19, 45896157, car
yolo1-25, 45896157, car
yolo8-19, 74655204, car
yolo9-19, 74655204, car
yolo1-25, 74655204, car
yolo2-22, 74655204, car
yolo2-22, 72466478, car
yolo1-25, 72466478, car
yolo8-19, 72466478, car
yolo9-19, 72466478, car
yolo1-25, 18485997, car
yolo2-22, 18485997, car
yolo8-19, 18485997, car
yolo9-19, 18485997, car
yolo2-22, 89133340, car
yolo8-19, 89133340, car
yolo1-25, 89133340, car
yolo9-19, 89133340, car
yolo8-19, 94151430, car
yolo1-25, 94151430, car
yolo2-22, 94151430, car
yolo9-19, 94151430, car
yolo8-19, 03218480, car
yolo9-19, 03218480, car
yolo2-22, 03218480, car
yolo1-25, 03218480, car
yolo1-25, 38141624, car
yolo2-22, 38141624, car
yolo8-19, 38141624, car
yolo9-19, 38141624, car
yolo2-22, 91201088, car
yolo1-25, 91201088, car
yolo8-19, 91201088, car
yolo9-19, 91201088, car
yolo10-25, 18485997, car
yolo10-25, 89133340, car
yolo8-19, 90538494, car
yolo1-25, 90538494, car
yolo9-19, 90538494, car
yolo2-22, 90538494, car
yolo10-25, 94151430, car
yolo10-25, 03218480, car
yolo1-25, 44501079, car
yolo10-25, 38141624, car
yolo9-19, 44501079, car
yolo2-22, 44501079, car
yolo10-25, 91201088, car
yolo8-19, 44501079, car
yolo9-19, 24496643, car
yolo1-25, 24496643, car
yolo2-22, 24496643, car
yolo10-25, 90538494, car
yolo8-19, 24496643, car
yolo10-25, 44501079, car
yolo2-22, 56268597, car
yolo1-25, 56268597, car
yolo9-19, 56268597, car
yolo10-25, 24496643, car
yolo8-19, 56268597, car
yolo10-25, 56268597, car
yolo8-19, 25176973, car
yolo1-25, 25176973, car
yolo9-19, 25176973, car
yolo10-25, 25176973, car
yolo2-22, 25176973, car
yolo10-25, 54107876, car
yolo8-19, 54107876, car
yolo2-22, 54107876, car
yolo1-25, 54107876, car
yolo9-19, 54107876, car
yolo8-19, 16857666, car
yolo1-25, 16857666, car
yolo10-25, 16857666, car
yolo2-22, 16857666, car
yolo9-19, 16857666, car
yolo2-22, 68888897, car
yolo10-25, 68888897, car
yolo8-19, 68888897, car
yolo9-19, 68888897, car
yolo1-25, 68888897, car
yolo2-22, 34280297, car
yolo1-25, 34280297, car
yolo8-19, 34280297, car
yolo9-19, 34280297, car
yolo10-25, 34280297, car
yolo1-25, 64792742, car
yolo8-19, 64792742, car
yolo10-25, 64792742, car
yolo2-22, 64792742, car
yolo9-19, 64792742, car
yolo10-25, 31392672, car
yolo8-19, 31392672, car
yolo1-25, 31392672, car
yolo9-19, 31392672, car
yolo2-22, 31392672, car
yolo8-19, 50437539, car
yolo10-25, 50437539, car
yolo9-19, 50437539, car
yolo1-25, 50437539, car
yolo2-22, 50437539, car
yolo10-25, 81664683, car
yolo2-22, 81664683, car
yolo9-19, 81664683, car
yolo1-25, 81664683, car
yolo8-19, 81664683, car
yolo11-24, 31392672, car
yolo2-22, 73391525, car
yolo10-25, 73391525, car
yolo9-19, 73391525, car
yolo8-19, 73391525, car
yolo1-25, 73391525, car
yolo11-24, 50437539, car
yolo11-24, 81664683, car
yolo2-22, 95411416, car
yolo1-25, 95411416, car
yolo8-19, 95411416, car
yolo10-25, 95411416, car
yolo9-19, 95411416, car
yolo11-24, 73391525, car
yolo11-24, 95411416, car
yolo9-19, 19696190, car
yolo1-25, 19696190, car
yolo10-25, 19696190, car
yolo8-19, 19696190, car
yolo2-22, 19696190, car
yolo11-24, 19696190, car
yolo1-25, 17920768, car
yolo10-25, 17920768, car
yolo2-22, 17920768, car
yolo9-19, 17920768, car
yolo11-24, 17920768, car
yolo2-22, 77754928, car
yolo1-25, 77754928, car
yolo10-25, 77754928, car
yolo11-24, 77754928, car
yolo1-25, 54509924, car
yolo2-22, 54509924, car
yolo10-25, 54509924, car
yolo11-24, 54509924, car
yolo9-19, 77754928, car
yolo9-19, 54509924, car
yolo10-25, 16066040, car
yolo2-22, 16066040, car
yolo1-25, 16066040, car
yolo11-24, 16066040, car
yolo9-19, 16066040, car
yolo6-21, 19696190, car
yolo6-23, 19696190, car
yolo2-22, 08043231, car
yolo8-19, 17920768, car
yolo11-24, 08043231, car
yolo1-25, 08043231, car
yolo10-25, 08043231, car
yolo6-23, 17920768, car
yolo6-21, 17920768, car
yolo9-19, 08043231, car
yolo6-23, 77754928, car
yolo6-21, 77754928, car
yolo11-24, 78518392, car
yolo2-22, 78518392, car
yolo9-19, 78518392, car
yolo1-25, 78518392, car
yolo8-19, 77754928, car
yolo10-25, 78518392, car
yolo6-23, 54509924, car
yolo6-21, 54509924, car
yolo8-19, 54509924, car
yolo6-23, 16066040, car
yolo6-21, 16066040, car
yolo11-24, 82851735, car
yolo2-22, 82851735, car
yolo1-25, 82851735, car
yolo9-19, 82851735, car
yolo10-25, 82851735, car
yolo8-19, 16066040, car
yolo6-23, 08043231, car
yolo6-21, 08043231, car
yolo8-19, 08043231, car
yolo6-23, 78518392, car
yolo6-21, 78518392, car
yolo1-25, 20251431, car
yolo11-24, 20251431, car
yolo10-25, 20251431, car
yolo9-19, 20251431, car
yolo2-22, 20251431, car
yolo6-23, 82851735, car
yolo8-19, 78518392, car
yolo6-21, 82851735, car
yolo6-23, 20251431, car
yolo8-19, 82851735, car
yolo10-25, 87553311, car
yolo1-25, 87553311, car
yolo11-24, 87553311, car
yolo9-19, 87553311, car
yolo6-21, 20251431, car
yolo2-22, 87553311, car
yolo6-23, 87553311, car
yolo8-19, 20251431, car
yolo6-21, 87553311, car
yolo1-25, 11403539, sofa
yolo11-24, 11403539, sofa
yolo2-22, 11403539, sofa
yolo9-19, 11403539, sofa
yolo10-25, 11403539, sofa
yolo8-19, 87553311, car
yolo6-23, 11403539, sofa
yolo6-21, 11403539, sofa
yolo8-19, 11403539, sofa
yolo6-21, 18442643, car
yolo11-24, 18442643, car
yolo1-25, 18442643, car
yolo8-19, 18442643, car
yolo6-23, 18442643, car
yolo9-19, 18442643, car
yolo10-25, 18442643, car
yolo2-22, 18442643, car
yolo6-23, 99501396, car
yolo6-21, 99501396, car
yolo1-25, 99501396, car
yolo11-24, 99501396, car
yolo9-19, 99501396, car
yolo2-22, 99501396, car
yolo8-19, 99501396, car
yolo10-25, 99501396, car
yolo11-24, 87740605, car
yolo1-25, 87740605, car
yolo6-21, 87740605, car
yolo2-22, 87740605, car
yolo6-23, 87740605, car
yolo9-19, 87740605, car
yolo10-25, 87740605, car
yolo8-19, 87740605, car
yolo6-21, 84037284, car
yolo2-22, 84037284, car
yolo6-23, 84037284, car
yolo1-25, 84037284, car
yolo10-25, 84037284, car
yolo8-19, 84037284, car
yolo11-24, 84037284, car
yolo9-19, 84037284, car

========== Time: 26 ==========
yolo11-24, 24932705, car
yolo2-22, 24932705, car
yolo10-25, 24932705, car
yolo8-19, 24932705, car
yolo6-23, 24932705, car
yolo1-25, 24932705, car
yolo6-21, 24932705, car
yolo9-19, 24932705, car
yolo6-23, 72483407, car
yolo6-21, 72483407, car
yolo11-24, 72483407, car
yolo2-22, 72483407, car
yolo10-25, 72483407, car
yolo8-19, 72483407, car
yolo9-19, 72483407, car
yolo1-25, 72483407, car
yolo6-23, 24875614, car
yolo8-19, 24875614, car
yolo1-25, 24875614, car
yolo10-25, 24875614, car
yolo11-24, 24875614, car
yolo6-21, 24875614, car
yolo2-22, 24875614, car
yolo9-19, 24875614, car
yolo6-23, 87343698, car
yolo1-25, 87343698, car
yolo2-22, 87343698, car
yolo9-19, 87343698, car
yolo11-24, 87343698, car
yolo6-21, 87343698, car
yolo8-19, 87343698, car
yolo10-25, 87343698, car
yolo1-25, 64904406, car
yolo2-22, 64904406, car
yolo6-23, 64904406, car
yolo11-24, 64904406, car
yolo6-21, 64904406, car
yolo9-19, 64904406, car
yolo8-19, 64904406, car
yolo10-25, 64904406, car
yolo1-25, 93671829, car
yolo2-22, 93671829, car
yolo11-24, 93671829, car
yolo8-19, 93671829, car
yolo6-21, 93671829, car
yolo6-23, 93671829, car
yolo9-19, 93671829, car
yolo10-25, 93671829, car
yolo11-24, 84556004, car
yolo8-19, 84556004, car
yolo6-21, 84556004, car
yolo10-25, 84556004, car
yolo9-19, 84556004, car
yolo6-23, 84556004, car
yolo2-22, 84556004, car
yolo1-25, 84556004, car
yolo6-23, 90557255, car
yolo10-25, 90557255, car
yolo11-24, 90557255, car
yolo9-19, 90557255, car
yolo6-21, 90557255, car
yolo2-22, 90557255, car
yolo1-25, 90557255, car
yolo10-25, 03099846, car
yolo6-23, 03099846, car
yolo1-25, 03099846, car
yolo9-19, 03099846, car
yolo2-22, 03099846, car
yolo6-21, 03099846, car
yolo11-24, 03099846, car
yolo10-25, 73360066, car
yolo11-24, 73360066, car
yolo6-21, 73360066, car
yolo1-25, 73360066, car
yolo9-19, 73360066, car
yolo6-23, 73360066, car
yolo2-22, 73360066, car
yolo2-22, 44553993, car
yolo9-19, 44553993, car
yolo11-24, 44553993, car
yolo6-21, 44553993, car
yolo1-25, 44553993, car
yolo10-25, 44553993, car
yolo6-23, 44553993, car
yolo2-22, 19433149, car
yolo6-23, 19433149, car
yolo9-19, 19433149, car
yolo11-24, 19433149, car
yolo6-21, 19433149, car
yolo1-25, 19433149, car
yolo10-25, 19433149, car
yolo6-23, 39148124, car
yolo6-21, 39148124, car
yolo2-22, 39148124, car
yolo9-19, 39148124, car
yolo11-24, 39148124, car
yolo10-25, 39148124, car
yolo1-25, 39148124, car
yolo1-25, 41240889, car
yolo10-25, 41240889, car
yolo2-22, 41240889, car
yolo6-23, 41240889, car
yolo9-19, 41240889, car
yolo11-24, 41240889, car
yolo6-21, 41240889, car
yolo1-25, 10586137, car
yolo11-24, 10586137, car
yolo6-21, 10586137, car
yolo10-25, 10586137, car
yolo9-19, 10586137, car
yolo2-22, 10586137, car
yolo6-23, 10586137, car
yolo9-19, 17771265, aeroplane
yolo11-24, 17771265, aeroplane
yolo10-25, 17771265, aeroplane
yolo1-25, 17771265, aeroplane

========== Time: 27 ==========
yolo6-21, 17771265, aeroplane
yolo6-23, 17771265, aeroplane
yolo2-22, 17771265, aeroplane
yolo2-22, 54941183, car
yolo6-21, 54941183, car
yolo11-24, 54941183, car
yolo10-25, 54941183, car
yolo1-25, 54941183, car
yolo9-19, 54941183, car
yolo6-23, 54941183, car
yolo2-22, 63362840, sofa
yolo11-24, 63362840, sofa
yolo6-21, 63362840, sofa
yolo6-23, 63362840, sofa
yolo10-25, 63362840, sofa
yolo1-25, 63362840, sofa
yolo9-19, 63362840, sofa
yolo6-23, 82288124, car
yolo2-22, 82288124, car
yolo11-24, 82288124, car
yolo10-25, 82288124, car
yolo6-21, 82288124, car
yolo9-19, 82288124, car
yolo1-25, 82288124, car
yolo2-22, 55520080, bottle
yolo9-19, 55520080, bottle
yolo11-24, 55520080, bottle
yolo6-23, 55520080, bottle
yolo6-21, 55520080, bottle
yolo1-25, 55520080, bottle
yolo10-25, 55520080, bottle

========== Time: 28 ==========

========== Time: 29 ==========

========== Time: 30 ==========
