
========== Time: 0 ==========

========== Time: 1 ==========

========== Time: 2 ==========
yolo9-0, 58815269, car
yolo9-0, 03171915, car
yolo9-0, 72483726, car
yolo9-0, 05034170, car
yolo9-0, 89476416, car
yolo9-0, 45319504, car
yolo9-0, 65885368, car
yolo9-0, 28446145, car
yolo9-0, 70831026, car
yolo9-0, 06694873, car
yolo9-0, 31884094, car
yolo9-0, 17495742, car
yolo9-0, 13758706, car

========== Time: 3 ==========
yolo9-0, 60619303, car
yolo9-0, 15685833, train
yolo9-0, 00412565, car
yolo9-0, 81345338, car
yolo9-0, 16836480, car
yolo9-0, 33583494, car
yolo9-0, 76598698, car
yolo9-0, 26055757, car
yolo9-0, 59786715, car
yolo9-0, 93560782, car
yolo9-0, 17557398, car
yolo9-0, 50075694, car
yolo9-0, 77491374, car
yolo9-0, 51251484, car
yolo9-0, 85111987, car
yolo9-0, 35883148, car

========== Time: 4 ==========
yolo9-0, 99611094, sofa
yolo9-0, 22431481, car
yolo9-0, 77603776, car
yolo9-0, 26849833, car
yolo9-0, 12864809, car
yolo9-0, 70161481, car
yolo9-0, 11525394, car
yolo9-0, 79941673, car
yolo9-0, 11910709, car
yolo9-0, 76721536, car
yolo9-0, 41652191, car
yolo9-0, 93226769, car
yolo9-0, 00171520, car
yolo6-1, 22431481, car
yolo6-1, 77603776, car
yolo9-0, 92645913, car
yolo6-1, 26849833, car
yolo9-0, 64309476, car
yolo6-1, 12864809, car

========== Time: 5 ==========
yolo6-1, 70161481, car
yolo9-0, 29265252, car
yolo6-1, 11525394, car
yolo6-1, 79941673, car
yolo6-1, 11910709, car
yolo9-0, 39673473, car
yolo6-1, 76721536, car
yolo6-1, 41652191, car
yolo9-0, 32643692, car
yolo6-1, 93226769, car
yolo6-1, 00171520, car
yolo9-0, 24571408, car
yolo6-1, 92645913, car
yolo6-1, 64309476, car
yolo9-0, 53263047, car
yolo6-1, 29265252, car
yolo6-1, 39673473, car
yolo9-0, 30216996, car
yolo6-1, 32643692, car
yolo6-1, 24571408, car
yolo6-1, 53263047, car
yolo9-0, 80812056, car
yolo6-1, 30216996, car
yolo6-1, 80812056, car
yolo9-0, 42829739, car
yolo6-1, 42829739, car
yolo6-1, 39278392, car
yolo9-0, 39278392, car
yolo9-0, 88290775, car
yolo6-1, 88290775, car
yolo9-0, 84925792, car
yolo6-1, 84925792, car
yolo9-0, 37495819, car
yolo6-1, 37495819, car
yolo9-0, 01188068, car
yolo6-1, 01188068, car
yolo6-1, 76701139, car
yolo9-0, 76701139, car
yolo6-1, 55003345, car
yolo9-0, 55003345, car
yolo6-1, 34362141, car
yolo9-0, 34362141, car
yolo9-0, 06950922, person
yolo6-1, 06950922, person

========== Time: 6 ==========
yolo6-1, 47592883, car
yolo9-0, 47592883, car
yolo9-0, 88255594, car
yolo6-1, 88255594, car
yolo9-0, 65074763, car
yolo6-1, 65074763, car
yolo9-0, 58411192, car
yolo6-1, 58411192, car
yolo9-0, 56979629, train
yolo6-1, 56979629, train
yolo9-0, 74027675, car
yolo6-1, 74027675, car
yolo9-0, 17658450, train
yolo6-1, 17658450, train
yolo9-0, 61895756, train
yolo6-1, 61895756, train
yolo6-1, 00123108, car
yolo9-0, 00123108, car
yolo6-1, 50125622, aeroplane
yolo9-0, 50125622, aeroplane
yolo9-0, 41790651, car
yolo6-1, 41790651, car
yolo6-1, 56647150, sofa
yolo9-0, 56647150, sofa
yolo6-1, 81868909, car
yolo9-0, 81868909, car
yolo6-1, 14727386, car
yolo9-0, 14727386, car
yolo6-1, 72482910, car
yolo9-0, 72482910, car

========== Time: 7 ==========
yolo9-0, 71759010, car
yolo6-1, 71759010, car
yolo9-0, 06015297, car
yolo6-1, 06015297, car
yolo9-0, 63803080, car
yolo6-1, 63803080, car
yolo6-1, 38491044, car
yolo9-0, 38491044, car
yolo9-0, 02692414, boat
yolo6-1, 02692414, boat
yolo9-0, 40123687, aeroplane
yolo6-1, 40123687, aeroplane
yolo9-0, 11070194, car
yolo6-1, 11070194, car
yolo6-1, 09815508, car
yolo9-0, 09815508, car
yolo9-0, 70653809, car
yolo6-1, 70653809, car
yolo9-0, 82259383, car
yolo6-1, 82259383, car
yolo6-1, 09480914, car
yolo9-0, 09480914, car
yolo6-1, 13367091, car
yolo9-0, 13367091, car
yolo6-1, 25945603, car
yolo9-0, 25945603, car
yolo6-1, 25268750, aeroplane
yolo9-0, 25268750, aeroplane
yolo6-1, 53685638, car
yolo9-0, 53685638, car

========== Time: 8 ==========
yolo6-1, 38749678, car
yolo9-0, 38749678, car
yolo9-0, 69536879, car
yolo6-1, 69536879, car
yolo9-0, 27515497, car
yolo6-1, 27515497, car
yolo6-1, 09437512, car
yolo9-0, 09437512, car
yolo9-0, 85096020, car
yolo6-1, 85096020, car
yolo9-0, 45846246, train
yolo6-1, 45846246, train
yolo9-0, 75674260, car
yolo6-1, 75674260, car
yolo9-0, 96377424, car
yolo6-1, 96377424, car
yolo6-1, 88064933, car
yolo6-1, 88302737, car
yolo6-1, 11822352, car
yolo6-1, 03029954, car
yolo6-1, 21817952, boat
yolo3-2, 25945603, car
yolo3-2, 25268750, aeroplane
yolo6-1, 17053077, car
yolo3-2, 53685638, car
yolo3-2, 38749678, car
yolo6-1, 19943373, car
yolo3-2, 69536879, car
yolo6-1, 54807334, boat
yolo3-2, 27515497, car
yolo3-2, 09437512, car

========== Time: 9 ==========
yolo6-1, 07231267, car
yolo3-2, 85096020, car
yolo6-1, 39970957, car
yolo3-2, 45846246, train
yolo6-1, 41244568, sofa
yolo3-2, 75674260, car
yolo3-2, 96377424, car
yolo3-2, 88064933, car
yolo6-1, 99084173, car
yolo3-2, 88302737, car
yolo6-1, 64616896, car
yolo3-2, 11822352, car
yolo3-2, 03029954, car
yolo6-1, 32955005, aeroplane
yolo3-2, 21817952, boat
yolo3-2, 17053077, car
yolo6-1, 85571706, car
yolo3-2, 19943373, car
yolo3-2, 54807334, boat
yolo6-1, 84715331, car
yolo3-2, 07231267, car
yolo3-2, 39970957, car
yolo6-1, 27920193, car
yolo3-2, 41244568, sofa
yolo3-2, 99084173, car
yolo6-1, 70493549, car
yolo3-2, 64616896, car
yolo3-2, 32955005, aeroplane
yolo6-1, 08308269, car
yolo3-2, 85571706, car
yolo3-2, 84715331, car
yolo6-1, 98239486, car
yolo3-2, 27920193, car
yolo3-2, 70493549, car
yolo3-2, 08308269, car
yolo6-1, 79131535, car
yolo6-1, 85892339, car
yolo3-2, 98239486, car
yolo3-2, 79131535, car
yolo6-1, 55731708, car
yolo3-2, 85892339, car
yolo3-2, 55731708, car
yolo6-1, 27083676, boat
yolo3-2, 27083676, boat
yolo3-2, 99781256, car
yolo6-1, 99781256, car
yolo3-2, 78261590, car
yolo6-1, 78261590, car
yolo6-1, 93486955, car
yolo3-2, 93486955, car
yolo3-2, 73662246, car
yolo6-1, 73662246, car
yolo6-1, 34579895, car
yolo3-2, 34579895, car
yolo3-2, 15710353, car
yolo6-1, 15710353, car
yolo3-2, 95434841, car
yolo6-1, 95434841, car
yolo3-2, 00740064, car
yolo6-1, 00740064, car
yolo3-2, 75890985, car
yolo6-1, 75890985, car
yolo3-2, 50093692, car
yolo6-1, 50093692, car
yolo3-2, 28064497, car
yolo6-1, 28064497, car
yolo3-2, 19534431, car
yolo6-1, 19534431, car
yolo3-2, 47988814, car
yolo6-1, 47988814, car
yolo2-3, 08308269, car
yolo3-2, 74395855, car
yolo6-1, 74395855, car
yolo2-3, 98239486, car
yolo3-2, 83241647, car
yolo6-1, 83241647, car
yolo2-3, 79131535, car
yolo6-1, 91082683, car
yolo3-2, 91082683, car
yolo2-3, 85892339, car
yolo2-3, 55731708, car
yolo3-2, 09559061, car
yolo6-1, 09559061, car
yolo2-3, 27083676, boat
yolo2-3, 99781256, car
yolo6-1, 32815202, car
yolo3-2, 32815202, car
yolo2-3, 78261590, car
yolo2-3, 93486955, car
yolo6-1, 43489318, car
yolo3-2, 43489318, car
yolo2-3, 73662246, car

========== Time: 10 ==========
yolo3-2, 12905420, car
yolo6-1, 12905420, car
yolo2-3, 34579895, car
yolo2-3, 15710353, car
yolo3-2, 45628622, car
yolo6-1, 45628622, car
yolo2-3, 95434841, car
yolo3-2, 24742052, boat
yolo6-1, 24742052, boat
yolo2-3, 00740064, car
yolo2-3, 75890985, car
yolo3-2, 74118857, car
yolo6-1, 74118857, car
yolo2-3, 50093692, car
yolo2-3, 28064497, car
yolo3-2, 00515509, car
yolo6-1, 00515509, car
yolo2-3, 19534431, car
yolo2-3, 47988814, car
yolo6-1, 66111210, car
yolo3-2, 66111210, car
yolo2-3, 74395855, car
yolo2-3, 83241647, car
yolo3-2, 01301150, car
yolo6-1, 01301150, car
yolo2-3, 91082683, car
yolo2-3, 09559061, car
yolo3-2, 60824686, sofa
yolo6-1, 60824686, sofa
yolo2-3, 32815202, car
yolo2-3, 43489318, car
yolo3-2, 25215716, car
yolo3-2, 87494439, car
yolo3-2, 64330757, boat
yolo3-2, 77661721, car
yolo3-2, 54185692, car
yolo3-2, 36174104, boat
yolo3-2, 56359721, car
yolo3-2, 14818612, car
yolo3-2, 65367186, car
yolo3-2, 80876885, boat
yolo3-2, 38902763, train
yolo3-2, 56167380, aeroplane
yolo3-2, 03933713, car
yolo3-2, 66504972, car
yolo3-2, 71774743, sofa
yolo3-2, 55056464, car
yolo3-2, 19124152, car
yolo3-2, 45263566, car
yolo3-2, 50152847, car
yolo3-2, 62976493, boat
yolo3-2, 57214265, car
yolo3-2, 48899000, car
yolo3-2, 02549860, car
yolo3-2, 30519240, car
yolo3-2, 04505193, car
yolo3-2, 22841979, car
yolo3-2, 59534410, sofa
yolo3-2, 01618466, car
yolo3-2, 34950171, car
yolo3-2, 11211551, car
yolo3-2, 87437693, car
yolo3-2, 04771654, car
yolo3-2, 79147878, car
yolo3-2, 92065251, car
yolo3-2, 45237848, car
yolo3-2, 03058852, car
yolo3-2, 12042149, car
yolo3-2, 95187663, car
yolo3-2, 10964742, car
yolo3-2, 94538263, car
yolo3-2, 02066360, car
yolo3-2, 54611010, car
yolo3-2, 45405526, car
yolo3-2, 76720381, car
yolo3-2, 74727211, car
yolo3-2, 97880403, car
yolo3-2, 75440713, car
yolo3-2, 03686510, car
yolo3-2, 99062206, car
yolo3-2, 26127233, car
yolo3-2, 83493243, car
yolo3-2, 58255611, car
yolo3-2, 13440634, car
yolo3-2, 82004830, car
yolo3-2, 83209447, car
yolo3-2, 47413360, car
yolo3-2, 41979486, car
yolo3-2, 57513582, car
yolo3-2, 66935286, car
yolo3-2, 06894722, car
yolo3-2, 64514148, car
yolo3-2, 95805996, car
yolo3-2, 34079637, car
yolo3-2, 55951206, sofa
yolo3-2, 71143754, bottle
yolo3-2, 67530832, car
yolo7-9, 06894722, car
yolo7-9, 64514148, car
yolo3-2, 59825568, car
yolo7-9, 95805996, car
yolo7-9, 34079637, car
yolo7-9, 55951206, sofa
yolo3-2, 13475136, car
yolo7-9, 71143754, bottle
yolo7-9, 67530832, car
yolo3-2, 82785447, car
yolo7-9, 59825568, car
yolo7-9, 13475136, car
yolo7-9, 82785447, car
yolo3-2, 41401468, car
yolo7-9, 41401468, car
yolo7-9, 97025114, car
yolo3-2, 97025114, car

========== Time: 11 ==========
yolo3-2, 85912830, car
yolo7-9, 85912830, car
yolo7-9, 90561856, car
yolo3-2, 90561856, car
yolo7-9, 09938117, aeroplane
yolo3-2, 09938117, tvmonitor
yolo3-2, 54796124, car
yolo7-9, 54796124, car
yolo7-9, 25249767, car
yolo3-2, 25249767, car
yolo3-2, 66128871, car
yolo7-9, 66128871, car
yolo7-9, 34115111, car
yolo3-2, 34115111, car
yolo7-9, 55587902, aeroplane
yolo3-2, 55587902, aeroplane
yolo7-9, 72465408, car
yolo3-2, 72465408, car
yolo3-2, 80568298, car
yolo7-9, 80568298, car
yolo7-9, 03920111, aeroplane
yolo3-2, 03920111, sofa
yolo11-9, 41401468, car
yolo11-9, 97025114, car
yolo3-2, 44000560, car
yolo7-9, 44000560, car
yolo11-9, 85912830, car
yolo11-9, 90561856, car
yolo7-9, 56960592, car
yolo3-2, 56960592, car
yolo11-9, 09938117, tvmonitor
yolo7-9, 29930981, car
yolo11-9, 54796124, car
yolo3-2, 29930981, car
yolo11-9, 25249767, car
yolo7-9, 45942023, car
yolo3-2, 45942023, car
yolo11-9, 66128871, car
yolo11-9, 34115111, car
yolo7-9, 32130991, car
yolo3-2, 32130991, car
yolo11-9, 55587902, aeroplane

========== Time: 12 ==========
yolo11-9, 72465408, car
yolo7-9, 24008258, sofa
yolo3-2, 24008258, train
yolo11-9, 80568298, car
yolo7-9, 53311710, car
yolo11-9, 03920111, sofa
yolo3-2, 53311710, car
yolo11-9, 44000560, car
yolo3-2, 28379294, car
yolo7-9, 28379294, car
yolo11-9, 56960592, car
yolo7-9, 56021938, car
yolo3-2, 56021938, car
yolo11-9, 29930981, car
yolo11-9, 45942023, car
yolo7-9, 26794336, sofa
yolo3-2, 26794336, sofa
yolo11-9, 32130991, car
yolo11-9, 24008258, train
yolo7-9, 44010511, car
yolo3-2, 44010511, car
yolo11-9, 53311710, car
yolo11-9, 28379294, car
yolo7-9, 61411457, car
yolo11-9, 56021938, car
yolo3-2, 61411457, car
yolo11-9, 26794336, sofa
yolo7-9, 47846895, bottle
yolo3-2, 47846895, bottle
yolo11-9, 44010511, car
yolo11-9, 61411457, car
yolo7-9, 28096244, sofa
yolo11-9, 47846895, bottle
yolo11-9, 28096244, sofa
yolo7-9, 81670185, car
yolo11-9, 81670185, car
yolo7-9, 85011600, train
yolo11-9, 85011600, train
yolo11-9, 33601104, car
yolo7-9, 33601104, car
yolo7-9, 85227208, car
yolo11-9, 85227208, car
yolo7-9, 13437098, car
yolo11-9, 13437098, car
yolo7-9, 02487126, car
yolo11-9, 02487126, car

========== Time: 13 ==========
yolo7-9, 91097489, car
yolo11-9, 91097489, car
yolo7-9, 81426823, car
yolo11-9, 81426823, car
yolo7-9, 80094055, car
yolo11-9, 80094055, car
yolo7-9, 23806017, car
yolo11-9, 23806017, car
yolo11-9, 03996993, car
yolo7-9, 03996993, car
yolo7-9, 52624165, car
yolo11-9, 52624165, car
yolo7-9, 86146347, car
yolo11-9, 86146347, car
yolo7-9, 28328810, car
yolo11-9, 28328810, car
yolo7-9, 97386047, car
yolo11-9, 97386047, car
yolo11-9, 91896511, car
yolo7-9, 91896511, car
yolo7-9, 89345168, car
yolo7-9, 68580055, car
yolo7-9, 84103033, car
yolo7-9, 86237560, car
yolo7-9, 07912624, car
yolo7-9, 17787512, car

========== Time: 14 ==========
yolo7-9, 35803585, car
yolo7-9, 59545179, car
yolo7-9, 51140167, car
yolo7-9, 27847104, car
yolo7-9, 94358592, car
yolo7-9, 05944499, car
yolo7-9, 26280671, car
yolo7-9, 02798114, car
yolo7-9, 47637968, car
yolo7-9, 45714122, car
yolo7-9, 23167845, car
yolo7-9, 13369841, car
yolo7-9, 38402076, car
yolo7-9, 27300390, car
yolo7-9, 33513195, car
yolo7-9, 86198983, car

========== Time: 15 ==========
yolo7-9, 25237790, car
yolo7-9, 30587806, car
yolo7-9, 57212960, car
yolo7-9, 17470139, car
yolo7-9, 61537199, car
yolo7-9, 17993293, car
yolo7-9, 06529995, car
yolo7-9, 25099332, car
yolo7-9, 44116941, car
yolo7-9, 18491662, car
yolo7-9, 08771026, car
yolo7-9, 45386826, car
yolo7-9, 14104767, car
yolo11-13, 07172000, car
yolo7-9, 07172000, car
yolo7-9, 14045049, car
yolo11-13, 14045049, car
yolo7-9, 08332997, car
yolo11-13, 08332997, car
yolo7-9, 58457372, car
yolo11-13, 58457372, car
yolo7-9, 59777464, car
yolo7-12, 59777464, car
yolo11-13, 59777464, car
yolo7-12, 10702564, car
yolo11-13, 10702564, car
yolo7-9, 10702564, car
yolo7-12, 47220043, car
yolo7-9, 47220043, car
yolo11-13, 47220043, car
yolo11-13, 12779214, car
yolo7-9, 12779214, car
yolo7-12, 12779214, car
yolo7-12, 78559415, car
yolo11-13, 78559415, car
yolo7-9, 78559415, car
yolo7-12, 00104173, car
yolo7-9, 00104173, car
yolo11-13, 00104173, car
yolo11-13, 99078465, car
yolo4-10, 08332997, car
yolo11-13, 72302143, car
yolo4-10, 58457372, car
yolo11-13, 57859283, car
yolo4-10, 59777464, car
yolo4-10, 10702564, car
yolo11-13, 86338723, car
yolo4-10, 47220043, car
yolo4-10, 12779214, car
yolo7-9, 99078465, car
yolo7-12, 99078465, car
yolo11-13, 51831162, car
yolo4-10, 78559415, car
yolo7-12, 72302143, car
yolo7-9, 72302143, car
yolo4-10, 00104173, car
yolo11-13, 82637454, car
yolo7-12, 57859283, car
yolo7-9, 57859283, car
yolo4-10, 99078465, car
yolo7-12, 86338723, car
yolo7-9, 86338723, car
yolo4-10, 72302143, car
yolo7-12, 51831162, car
yolo7-9, 51831162, car
yolo11-13, 95547053, car
yolo4-10, 57859283, car
yolo7-12, 82637454, car
yolo7-9, 82637454, car
yolo4-10, 86338723, car
yolo7-12, 95547053, car
yolo7-9, 95547053, car

========== Time: 16 ==========
yolo11-13, 33647781, car
yolo4-10, 51831162, car
yolo7-12, 33647781, car
yolo7-9, 33647781, car
yolo4-10, 82637454, car
yolo4-10, 95547053, car
yolo11-13, 76750015, car
yolo7-12, 76750015, car
yolo7-9, 76750015, car
yolo4-10, 33647781, car
yolo4-10, 76750015, car
yolo11-13, 82526687, car
yolo7-9, 82526687, car
yolo7-12, 82526687, car
yolo4-10, 82526687, car
yolo11-13, 47522713, car
yolo7-12, 47522713, car
yolo7-9, 47522713, car
yolo4-10, 47522713, car
yolo11-13, 48286679, car
yolo7-9, 48286679, car
yolo4-10, 48286679, car
yolo7-12, 48286679, car
yolo7-9, 09381010, car
yolo7-12, 09381010, car
yolo4-10, 09381010, car
yolo11-13, 09381010, car
yolo11-13, 13536517, car
yolo7-12, 13536517, car
yolo7-9, 13536517, car
yolo4-10, 13536517, car
yolo7-9, 23125945, car
yolo11-13, 23125945, car
yolo7-12, 23125945, car
yolo4-10, 23125945, car
yolo7-12, 75660887, car
yolo4-10, 75660887, car
yolo7-12, 51107043, car
yolo4-10, 51107043, car
yolo7-12, 21172008, car
yolo4-10, 21172008, car
yolo7-12, 50953929, car
yolo4-10, 50953929, car
yolo4-10, 34255703, boat
yolo7-12, 34255703, boat
yolo7-12, 91263502, car
yolo4-10, 91263502, car
yolo4-10, 85327218, car
yolo7-12, 85327218, car
yolo7-12, 13249883, train
yolo4-10, 13249883, train

========== Time: 17 ==========
yolo4-10, 49284365, sofa
yolo7-12, 49284365, sofa
yolo4-10, 87291649, car
yolo7-12, 87291649, car
yolo7-12, 29982877, boat
yolo4-10, 29982877, boat
yolo7-12, 10406192, sofa
yolo4-10, 10406192, sofa
yolo7-12, 66058928, car
yolo4-10, 66058928, car
yolo7-12, 56858513, car
yolo4-10, 56858513, car
yolo4-10, 03370646, car
yolo7-12, 03370646, car
yolo7-12, 78078341, car
yolo4-10, 78078341, car
yolo4-10, 78928529, boat
yolo7-12, 78928529, boat
yolo7-12, 06179909, car
yolo4-10, 06179909, car
yolo7-12, 87705976, car
yolo4-10, 87705976, car
yolo4-10, 83977652, car
yolo7-12, 83977652, car
yolo7-12, 01923874, car
yolo4-10, 01923874, car
yolo7-12, 27201289, aeroplane
yolo4-10, 27201289, aeroplane
yolo7-12, 05480773, train
yolo4-10, 05480773, train
yolo7-12, 57056573, car
yolo4-10, 57056573, car

========== Time: 18 ==========
yolo7-12, 93347228, aeroplane
yolo4-10, 93347228, aeroplane
yolo7-12, 53862746, aeroplane
yolo4-10, 53862746, aeroplane
yolo7-12, 68696378, car
yolo4-10, 68696378, car
yolo7-12, 64416752, sofa
yolo4-10, 64416752, sofa
yolo7-12, 07071220, car
yolo4-10, 07071220, car
yolo7-12, 83577531, car
yolo4-10, 83577531, car
yolo7-12, 89121654, car
yolo4-10, 89121654, car
yolo7-12, 76634371, car
yolo4-10, 76634371, car
yolo7-12, 43599686, car
yolo4-10, 43599686, car
yolo7-12, 50234254, car
yolo4-10, 50234254, car
yolo7-12, 18746226, car
yolo4-10, 18746226, car
yolo7-12, 85804884, car
yolo4-10, 85804884, car
yolo7-12, 34257253, car
yolo4-10, 34257253, car
yolo7-12, 65194784, car
yolo4-10, 65194784, car
yolo4-10, 13156152, car
yolo7-12, 13156152, car

========== Time: 19 ==========
yolo7-12, 50781742, car
yolo4-10, 50781742, car
yolo7-12, 26592252, car
yolo4-10, 26592252, car
yolo7-12, 61404870, car
yolo4-10, 61404870, car
yolo7-12, 89497342, car
yolo4-10, 89497342, car
yolo7-12, 83554182, car
yolo4-10, 83554182, car
yolo7-12, 24101598, car
yolo4-10, 24101598, car
yolo7-12, 74538161, car
yolo4-10, 74538161, car
yolo7-12, 33414236, car
yolo4-10, 33414236, car
yolo7-12, 78617946, car
yolo4-10, 78617946, car
yolo7-12, 08045093, car
yolo4-10, 08045093, car
yolo7-12, 82788080, car
yolo7-12, 77122740, car
yolo7-12, 35700546, car
yolo7-12, 62866673, car
yolo7-12, 71935673, car
yolo7-12, 72803057, car

========== Time: 20 ==========
yolo7-12, 10752602, car
yolo7-12, 14546243, car
yolo7-12, 13590995, car
yolo7-12, 61524184, car
yolo7-12, 02510038, car
yolo7-12, 15797524, car
yolo7-12, 08518052, car
yolo7-12, 40521683, car
yolo7-12, 96747564, car
yolo7-12, 84368290, car
yolo7-12, 54199175, car
yolo7-12, 68063326, car
yolo7-12, 08054876, car
yolo9-14, 14546243, car
yolo7-12, 54264206, car
yolo9-14, 13590995, car
yolo9-19, 54264206, car
yolo9-14, 61524184, car
yolo7-12, 91912352, car
yolo9-19, 91912352, car
yolo9-14, 02510038, car

========== Time: 21 ==========
yolo9-14, 15797524, car
yolo7-12, 82206364, car
yolo9-14, 08518052, car
yolo9-19, 82206364, car
yolo9-14, 40521683, car
yolo7-12, 89272719, car
yolo9-19, 89272719, car
yolo9-14, 96747564, car
yolo9-14, 84368290, car
yolo9-19, 50573906, car
yolo7-12, 50573906, car
yolo9-14, 54199175, car
yolo9-14, 68063326, car
yolo9-19, 31749056, car
yolo9-14, 08054876, car
yolo9-14, 54264206, car
yolo9-19, 88472913, aeroplane
yolo9-14, 91912352, car
yolo9-14, 82206364, car
yolo9-19, 53610151, car
yolo9-14, 89272719, car
yolo9-19, 62652201, bottle
yolo9-14, 50573906, car
yolo9-14, 31749056, car
yolo9-14, 88472913, aeroplane
yolo9-19, 33800433, car
yolo9-14, 53610151, car
yolo9-14, 62652201, bottle
yolo9-19, 38742575, car
yolo9-14, 33800433, car
yolo9-14, 38742575, car
yolo9-19, 08385522, car
yolo9-14, 08385522, car
yolo9-14, 63059565, sofa
yolo9-19, 63059565, sofa
yolo9-14, 12305913, train
yolo9-19, 12305913, train
yolo9-19, 76614004, car
yolo9-14, 76614004, car
yolo9-14, 10030889, car
yolo9-19, 10030889, car
yolo6-19, 50573906, car
yolo6-19, 31749056, car
yolo9-19, 85566582, sofa
yolo9-14, 85566582, sofa
yolo6-19, 88472913, aeroplane

========== Time: 22 ==========
yolo6-19, 53610151, car
yolo9-14, 11759813, aeroplane
yolo9-19, 11759813, aeroplane
yolo6-19, 62652201, bottle
yolo6-19, 33800433, car
yolo9-14, 69151610, car
yolo9-19, 69151610, car
yolo6-19, 38742575, car
yolo9-19, 27535468, sofa
yolo5-16, 82206364, car
yolo9-14, 27535468, sofa
yolo6-19, 08385522, car
yolo5-16, 89272719, car
yolo6-19, 63059565, sofa
yolo9-19, 21510619, car
yolo9-14, 21510619, car
yolo5-16, 50573906, car
yolo6-19, 12305913, train
yolo5-16, 31749056, car
yolo6-19, 76614004, car
yolo9-19, 98336043, car
yolo9-14, 98336043, car
yolo5-16, 88472913, aeroplane
yolo6-19, 10030889, car
yolo5-16, 53610151, car
yolo6-19, 85566582, sofa
yolo9-14, 53698640, car
yolo9-19, 53698640, car
yolo5-16, 62652201, bottle
yolo6-19, 11759813, aeroplane
yolo5-16, 33800433, car
yolo6-19, 69151610, car
yolo5-16, 38742575, car
yolo9-19, 01821246, car
yolo9-14, 01821246, car
yolo6-19, 27535468, sofa
yolo5-16, 08385522, car
yolo6-19, 21510619, car
yolo8-17, 33800433, car
yolo9-19, 10041054, car
yolo9-14, 10041054, car
yolo5-16, 63059565, sofa
yolo6-19, 98336043, car
yolo8-17, 38742575, car
yolo5-16, 12305913, train
yolo6-19, 53698640, car
yolo9-19, 08316859, car
yolo8-17, 08385522, car
yolo9-14, 08316859, car
yolo5-16, 76614004, car
yolo6-19, 01821246, car
yolo8-17, 63059565, sofa
yolo5-16, 10030889, car
yolo6-19, 10041054, car
yolo9-19, 05409550, car
yolo8-17, 12305913, train
yolo9-14, 05409550, car
yolo5-16, 85566582, sofa
yolo6-19, 08316859, car
yolo6-19, 05409550, car
yolo5-16, 11759813, aeroplane
yolo9-14, 19536666, car
yolo9-19, 19536666, car
yolo6-19, 19536666, car
yolo5-16, 69151610, car
yolo5-16, 27535468, sofa
yolo9-14, 14450675, car
yolo9-19, 14450675, car
yolo6-19, 14450675, car
yolo5-16, 21510619, car
yolo5-16, 98336043, car
yolo9-19, 21989801, car
yolo9-14, 21989801, car
yolo6-19, 21989801, car
yolo5-16, 53698640, car
yolo5-16, 01821246, car
yolo5-16, 10041054, car
yolo9-14, 29296272, car
yolo9-19, 29296272, car
yolo6-19, 29296272, car
yolo5-16, 08316859, car
yolo5-16, 05409550, car
yolo9-14, 98971711, car
yolo9-19, 98971711, car
yolo6-19, 98971711, car
yolo6-22, 98971711, car
yolo5-16, 19536666, car

========== Time: 23 ==========
yolo5-16, 14450675, car
yolo6-22, 92265563, car
yolo9-19, 92265563, car
yolo6-19, 92265563, car
yolo9-14, 92265563, car
yolo5-16, 21989801, car
yolo4-19, 14450675, car
yolo6-22, 29876753, car
yolo9-14, 29876753, car
yolo9-19, 29876753, car
yolo5-16, 29296272, car
yolo6-19, 29876753, car
yolo4-19, 21989801, car
yolo5-16, 98971711, car
yolo4-19, 29296272, car
yolo9-19, 36921170, car
yolo6-22, 36921170, car
yolo9-14, 36921170, car
yolo6-19, 36921170, car
yolo5-16, 92265563, car
yolo4-19, 98971711, car
yolo5-16, 29876753, car
yolo4-19, 92265563, car
yolo6-22, 07171657, car
yolo6-19, 07171657, car
yolo9-19, 07171657, car
yolo9-14, 07171657, car
yolo5-16, 36921170, car
yolo4-19, 29876753, car
yolo5-16, 07171657, car
yolo4-19, 36921170, car
yolo6-19, 95009374, car
yolo9-14, 95009374, car
yolo9-19, 95009374, car
yolo6-22, 95009374, car
yolo5-16, 95009374, car
yolo4-19, 07171657, car
yolo4-19, 95009374, car
yolo5-16, 31516425, car
yolo6-19, 31516425, car
yolo6-22, 31516425, car
yolo9-14, 31516425, car
yolo9-19, 31516425, car
yolo4-19, 31516425, car
yolo6-19, 01916265, car
yolo4-19, 01916265, car
yolo5-16, 01916265, car
yolo9-14, 01916265, car
yolo9-19, 01916265, car
yolo6-22, 01916265, car
yolo9-14, 65652730, car
yolo5-16, 65652730, car
yolo4-19, 65652730, car
yolo9-19, 65652730, car
yolo6-19, 65652730, car
yolo6-22, 65652730, car
yolo6-19, 42044146, car
yolo5-16, 42044146, car
yolo9-14, 42044146, car
yolo4-19, 42044146, car
yolo9-19, 42044146, car
yolo6-22, 42044146, car
yolo9-14, 76210729, car
yolo4-19, 76210729, car
yolo5-16, 76210729, car
yolo6-22, 76210729, car
yolo6-19, 76210729, car
yolo5-16, 55243647, car
yolo4-19, 55243647, car
yolo6-22, 55243647, car
yolo6-19, 55243647, car
yolo4-19, 20602062, car
yolo5-16, 20602062, car
yolo6-19, 20602062, car
yolo6-22, 20602062, car
yolo4-23, 20602062, car
yolo4-23, 11979419, car
yolo4-19, 11979419, car
yolo6-19, 11979419, car
yolo6-22, 11979419, car
yolo5-16, 11979419, car
yolo5-16, 89176296, car
yolo6-19, 89176296, car
yolo4-19, 89176296, car
yolo6-22, 89176296, car
yolo4-23, 89176296, car
yolo4-19, 19077176, car
yolo6-19, 19077176, car
yolo5-16, 19077176, car
yolo4-23, 19077176, car
yolo6-22, 19077176, car
yolo4-23, 63417386, car
yolo4-19, 63417386, car
yolo5-16, 63417386, car
yolo6-19, 63417386, car
yolo6-22, 63417386, car
yolo6-22, 70081059, car
yolo6-19, 70081059, car
yolo5-16, 70081059, car
yolo4-19, 70081059, car
yolo4-23, 70081059, car

========== Time: 24 ==========
yolo6-22, 20191677, car
yolo4-19, 20191677, car
yolo5-16, 20191677, car
yolo4-23, 20191677, car
yolo6-19, 20191677, car
yolo4-23, 19701939, car
yolo4-19, 19701939, car
yolo6-19, 19701939, car
yolo6-22, 19701939, car
yolo5-16, 19701939, car
yolo6-19, 96551627, car
yolo5-16, 96551627, car
yolo4-19, 96551627, car
yolo6-22, 96551627, car
yolo4-23, 96551627, car
yolo4-23, 77332727, car
yolo6-19, 77332727, car
yolo5-16, 77332727, car
yolo7-19, 19077176, car
yolo6-22, 77332727, car
yolo4-19, 77332727, car
yolo7-19, 63417386, car
yolo5-16, 88142658, car
yolo6-19, 88142658, car
yolo4-19, 88142658, car
yolo4-23, 88142658, car
yolo6-22, 88142658, car
yolo7-19, 70081059, car
yolo7-19, 20191677, car
yolo4-23, 06975077, car
yolo5-16, 06975077, car
yolo6-19, 06975077, car
yolo4-19, 06975077, car
yolo6-22, 06975077, car
yolo7-19, 19701939, car
yolo7-19, 96551627, car
yolo5-16, 65658920, car
yolo4-19, 65658920, car
yolo6-19, 65658920, car
yolo6-22, 65658920, car
yolo4-23, 65658920, car
yolo7-19, 77332727, car
yolo6-19, 13506918, car
yolo5-16, 13506918, car
yolo6-22, 13506918, car
yolo7-19, 88142658, car
yolo7-19, 06975077, car
yolo5-16, 52572308, car
yolo6-22, 52572308, car
yolo7-19, 65658920, car
yolo6-22, 55666892, car
yolo5-16, 55666892, car
yolo7-19, 13506918, car
yolo4-23, 13506918, car
yolo4-19, 13506918, car
yolo7-19, 52572308, car
yolo5-16, 31714411, car
yolo6-22, 31714411, car
yolo7-19, 55666892, car
yolo7-19, 31714411, car
yolo6-22, 78145213, car
yolo5-16, 78145213, car
yolo4-19, 52572308, car
yolo4-23, 52572308, car
yolo7-19, 78145213, car
yolo5-16, 34599378, car
yolo7-19, 34599378, car
yolo6-22, 34599378, car
yolo4-19, 55666892, car
yolo4-23, 55666892, car

========== Time: 25 ==========
yolo4-19, 31714411, car
yolo4-23, 31714411, car
yolo7-19, 44147611, car
yolo6-22, 44147611, car
yolo5-16, 44147611, car
yolo4-19, 78145213, car
yolo4-23, 78145213, car
yolo4-23, 34599378, car
yolo4-19, 34599378, car
yolo5-16, 56289546, car
yolo7-19, 56289546, car
yolo6-22, 56289546, car
yolo4-23, 44147611, car
yolo4-19, 44147611, car
yolo4-23, 56289546, car
yolo4-19, 56289546, car
yolo7-19, 00838549, car
yolo5-16, 00838549, car
yolo6-22, 00838549, car
yolo4-23, 00838549, car
yolo4-19, 00838549, car
yolo1-22, 20191677, car
yolo5-16, 77794618, car
yolo6-22, 77794618, car
yolo4-19, 77794618, car
yolo4-23, 77794618, car
yolo7-19, 77794618, car
yolo1-22, 19701939, car
yolo7-19, 25687014, car
yolo4-19, 25687014, car
yolo5-16, 25687014, car
yolo4-23, 25687014, car
yolo6-22, 25687014, car
yolo1-22, 96551627, car
yolo1-22, 77332727, car
yolo7-19, 64128852, car
yolo5-16, 64128852, car
yolo4-19, 64128852, car
yolo6-22, 64128852, car
yolo4-23, 64128852, car
yolo1-22, 88142658, car
yolo1-22, 06975077, car
yolo7-19, 49836868, train
yolo5-16, 49836868, train
yolo6-22, 49836868, train
yolo4-23, 49836868, train
yolo1-22, 65658920, car
yolo4-19, 49836868, train
yolo7-19, 38399319, car
yolo1-22, 13506918, car
yolo5-16, 38399319, car
yolo4-23, 38399319, car
yolo6-22, 38399319, car
yolo4-19, 38399319, car
yolo1-22, 52572308, car
yolo5-16, 08653654, car
yolo7-19, 08653654, car
yolo4-19, 08653654, car
yolo6-22, 08653654, car
yolo4-23, 08653654, car
yolo4-19, 97784830, car
yolo7-19, 97784830, car
yolo6-22, 97784830, car
yolo5-16, 97784830, car
yolo4-23, 97784830, car
yolo6-22, 30715530, car
yolo5-16, 30715530, car
yolo4-19, 30715530, car
yolo7-19, 30715530, car
yolo4-23, 30715530, car
yolo6-22, 26726457, car
yolo4-19, 26726457, car
yolo7-19, 26726457, car
yolo5-16, 26726457, car
yolo4-23, 26726457, car
yolo5-16, 12296976, car
yolo4-19, 12296976, car
yolo6-22, 12296976, car
yolo4-23, 12296976, car
yolo7-19, 12296976, car
yolo5-16, 92669970, car
yolo4-19, 92669970, car
yolo6-22, 92669970, car
yolo7-19, 92669970, car
yolo4-23, 92669970, car
yolo7-19, 24770743, bottle
yolo4-23, 24770743, boat
yolo5-16, 24770743, boat
yolo4-19, 24770743, boat
yolo6-22, 24770743, boat
yolo4-19, 11638190, car
yolo4-23, 11638190, car
yolo6-22, 11638190, car
yolo5-16, 11638190, car
yolo5-16, 65137377, car
yolo4-23, 65137377, car
yolo4-19, 65137377, car
yolo6-22, 65137377, car
yolo5-16, 62514155, car
yolo4-23, 62514155, car
yolo4-19, 62514155, car
yolo6-22, 62514155, car
yolo6-22, 52424761, car
yolo5-16, 52424761, car
yolo4-23, 52424761, car
yolo4-19, 52424761, car
yolo7-19, 11638190, car
yolo4-19, 99430558, car
yolo6-22, 99430558, car
yolo5-16, 99430558, car
yolo4-23, 99430558, car
yolo7-19, 65137377, car
yolo7-19, 62514155, car
yolo4-23, 93875158, car
yolo4-19, 93875158, car
yolo5-16, 93875158, car
yolo6-22, 93875158, car
yolo7-19, 52424761, car
yolo7-19, 99430558, car
yolo4-19, 14850558, car
yolo5-16, 14850558, car
yolo6-22, 14850558, car
yolo7-19, 93875158, car
yolo4-23, 14850558, car
yolo7-19, 14850558, car
yolo7-19, 03610158, car
yolo6-22, 03610158, car
yolo4-23, 03610158, car
yolo4-19, 03610158, car
yolo5-16, 03610158, car
yolo7-19, 08341466, car
yolo5-16, 08341466, car
yolo4-23, 08341466, car
yolo6-22, 08341466, car
yolo4-19, 08341466, car
yolo7-19, 60937461, car
yolo4-19, 60937461, car
yolo4-23, 60937461, car
yolo5-16, 60937461, car
yolo6-22, 60937461, car
yolo7-19, 71492924, car
yolo4-19, 71492924, car
yolo6-22, 71492924, car
yolo4-23, 71492924, car
yolo5-16, 71492924, car
yolo4-19, 02848935, car
yolo6-22, 02848935, car
yolo7-19, 02848935, car
yolo4-23, 02848935, car
yolo5-16, 02848935, car
yolo7-19, 31327420, car
yolo5-16, 31327420, car
yolo4-19, 31327420, car
yolo6-22, 31327420, car
yolo4-23, 31327420, car
yolo6-22, 56429720, car
yolo4-23, 56429720, car
yolo7-19, 56429720, car
yolo4-19, 56429720, car
yolo5-16, 56429720, car
yolo4-19, 83182200, car
yolo5-16, 83182200, car
yolo7-19, 83182200, car
yolo4-23, 83182200, car
yolo5-16, 61660829, car
yolo4-19, 61660829, car
yolo7-19, 61660829, car
yolo4-23, 61660829, car
yolo7-19, 24626815, car
yolo4-19, 24626815, car
yolo5-16, 24626815, car
yolo4-23, 24626815, car
yolo4-23, 23990433, car
yolo4-19, 23990433, car
yolo7-19, 23990433, car
yolo3-22, 92669970, car
yolo5-16, 23990433, car
yolo3-22, 24770743, boat
yolo5-16, 54622984, sofa
yolo4-23, 54622984, sofa
yolo4-19, 54622984, sofa
yolo7-19, 54622984, sofa
yolo3-22, 11638190, car

========== Time: 26 ==========
yolo7-19, 99293297, train
yolo5-16, 99293297, train
yolo4-19, 99293297, train
yolo4-23, 99293297, train
yolo3-22, 65137377, car
yolo3-22, 62514155, car
yolo7-19, 14858678, bottle
yolo4-19, 14858678, boat
yolo4-23, 14858678, boat
yolo5-16, 14858678, boat
yolo3-22, 52424761, car
yolo3-22, 99430558, car
yolo7-19, 12182035, car
yolo4-23, 12182035, car
yolo3-22, 93875158, car
yolo4-19, 12182035, car
yolo3-22, 14850558, car
yolo7-19, 42643550, car
yolo5-16, 12182035, car
yolo4-23, 42643550, car
yolo4-19, 42643550, car
yolo3-22, 03610158, car
yolo6-22, 83182200, car
yolo3-22, 08341466, car
yolo7-19, 08151122, aeroplane
yolo5-16, 42643550, car
yolo4-19, 08151122, aeroplane
yolo4-23, 08151122, aeroplane
yolo6-22, 61660829, car
yolo5-16, 08151122, aeroplane
yolo3-22, 60937461, car
yolo6-22, 24626815, car
yolo4-23, 42213711, car
yolo7-19, 42213711, car
yolo4-19, 42213711, car
yolo3-22, 71492924, car
yolo6-22, 23990433, car
yolo5-16, 42213711, car
yolo7-19, 27587578, sofa
yolo4-19, 27587578, sofa
yolo5-16, 27587578, sofa
yolo4-23, 27587578, sofa
yolo3-22, 02848935, car
yolo6-22, 54622984, sofa
yolo7-19, 12315852, car
yolo4-19, 12315852, car
yolo5-16, 12315852, car
yolo3-22, 31327420, car
yolo4-23, 12315852, car
yolo6-22, 99293297, train

========== Time: 27 ==========
yolo3-22, 56429720, car
yolo7-19, 17694945, car
yolo4-19, 17694945, car
yolo4-23, 17694945, car
yolo5-16, 17694945, car
yolo6-22, 14858678, boat
yolo3-22, 83182200, car
yolo7-19, 23799556, person
yolo5-16, 23799556, car
yolo6-22, 12182035, car
yolo4-23, 23799556, car
yolo3-22, 61660829, car
yolo6-22, 42643550, car
yolo7-19, 91152387, aeroplane
yolo5-16, 91152387, aeroplane
yolo4-23, 91152387, aeroplane
yolo3-22, 24626815, car
yolo3-22, 23990433, car
yolo6-22, 08391235, car
yolo4-23, 08391235, car
yolo7-19, 08391235, car
yolo5-16, 08391235, car
yolo3-22, 54622984, sofa
yolo5-16, 13526759, car
yolo4-23, 13526759, car
yolo6-22, 13526759, car
yolo3-22, 99293297, train
yolo7-19, 13526759, car
yolo3-22, 14858678, boat
yolo4-23, 44959546, car
yolo6-22, 44959546, car
yolo7-19, 44959546, car
yolo5-16, 44959546, car
yolo3-22, 12182035, car
yolo3-22, 42643550, car
yolo6-22, 67367665, car
yolo5-16, 67367665, car
yolo7-19, 67367665, car
yolo4-23, 67367665, car
yolo3-22, 08151122, aeroplane
yolo7-25, 67367665, car
yolo7-19, 44146075, car
yolo3-22, 42213711, car
yolo7-25, 44146075, car
yolo5-16, 44146075, car
yolo6-22, 44146075, car
yolo4-23, 44146075, car
yolo3-22, 27587578, sofa
yolo4-23, 25732123, car
yolo6-22, 25732123, car
yolo7-19, 25732123, car
yolo7-25, 25732123, car
yolo3-22, 12315852, car
yolo3-22, 17694945, car
yolo7-25, 84128703, bottle
yolo7-19, 84128703, bottle
yolo4-23, 84128703, boat
yolo6-22, 84128703, boat
yolo3-22, 23799556, car
yolo6-22, 35124642, car
yolo4-23, 35124642, car
yolo7-19, 35124642, car
yolo7-25, 35124642, car
yolo3-22, 91152387, aeroplane
yolo3-22, 08391235, car
yolo7-19, 03282468, aeroplane
yolo7-25, 03282468, aeroplane
yolo6-22, 03282468, sofa
yolo4-23, 03282468, sofa
yolo3-22, 13526759, car
yolo7-25, 23663622, car
yolo6-22, 23663622, car
yolo4-23, 23663622, car
yolo7-19, 23663622, car
yolo3-22, 44959546, car
yolo7-19, 86118160, car
yolo7-25, 86118160, car
yolo4-23, 86118160, car
yolo3-22, 67367665, car
yolo6-22, 86118160, car

========== Time: 28 ==========
yolo3-22, 44146075, car
yolo7-25, 25222039, car
yolo7-19, 25222039, car
yolo4-23, 25222039, car
yolo6-22, 25222039, car
yolo3-22, 25732123, car
yolo3-22, 84128703, boat
yolo7-19, 70191072, car
yolo7-25, 70191072, car
yolo6-22, 70191072, car
yolo4-23, 70191072, car
yolo3-22, 35124642, car
yolo6-22, 39516198, car
yolo7-25, 39516198, car
yolo3-22, 03282468, sofa
yolo4-23, 39516198, car
yolo7-19, 39516198, car
yolo3-22, 23663622, car
yolo7-19, 06884582, car
yolo7-25, 06884582, car
yolo4-23, 06884582, car
yolo6-22, 06884582, car
yolo3-22, 86118160, car
yolo3-22, 25222039, car
yolo7-19, 55623348, car
yolo7-25, 55623348, car
yolo6-22, 55623348, car
yolo4-23, 55623348, car
yolo3-22, 70191072, car
yolo3-22, 39516198, car
yolo7-19, 00309600, car
yolo7-25, 00309600, car
yolo4-23, 00309600, car
yolo6-22, 00309600, car
yolo3-22, 06884582, car
yolo3-22, 55623348, car
yolo7-25, 72395124, car
yolo7-19, 72395124, car
yolo4-23, 72395124, car
yolo6-22, 72395124, car
yolo3-22, 00309600, car
yolo3-22, 72395124, car
yolo7-19, 33930410, car
yolo7-25, 33930410, car
yolo6-22, 33930410, car
yolo4-23, 33930410, car
yolo3-22, 33930410, car
yolo7-19, 62719858, aeroplane
yolo7-25, 62719858, aeroplane
yolo4-23, 62719858, aeroplane
yolo6-22, 62719858, aeroplane
yolo3-22, 62719858, aeroplane
yolo7-19, 05488154, car
yolo6-22, 05488154, car
yolo4-23, 05488154, car
yolo3-22, 05488154, car
yolo7-25, 05488154, car
yolo3-22, 48118657, aeroplane
yolo7-19, 48118657, aeroplane
yolo7-25, 48118657, aeroplane
yolo4-23, 48118657, aeroplane
yolo6-22, 48118657, aeroplane
yolo7-25, 69452745, car
yolo3-22, 69452745, car
yolo6-22, 69452745, car
yolo7-19, 69452745, car
yolo4-23, 69452745, car
yolo7-19, 97252178, car
yolo7-25, 97252178, car
yolo4-23, 97252178, car
yolo6-22, 97252178, car
yolo3-22, 97252178, car
yolo7-25, 51715407, sofa
yolo3-22, 51715407, sofa
yolo7-19, 51715407, sofa
yolo4-23, 51715407, sofa
yolo6-22, 51715407, sofa
yolo4-23, 51261433, car
yolo7-25, 51261433, car
yolo6-22, 51261433, car
yolo7-19, 51261433, car
yolo3-22, 51261433, car
yolo7-19, 66029055, car
yolo4-23, 66029055, car

========== Time: 29 ==========
yolo7-25, 66029055, car
yolo6-22, 66029055, car
yolo3-22, 66029055, car
yolo7-25, 25542997, car
yolo3-22, 25542997, car
yolo6-22, 25542997, car
yolo4-23, 25542997, car
yolo7-19, 25542997, car
yolo7-25, 48928131, sofa
yolo6-22, 48928131, sofa
yolo7-19, 48928131, sofa
yolo4-23, 48928131, sofa
yolo3-22, 48928131, sofa
yolo6-22, 58827445, car
yolo7-25, 58827445, car
yolo7-19, 58827445, car
yolo3-22, 58827445, car
yolo4-23, 58827445, car
yolo4-23, 47725125, car
yolo6-22, 47725125, car
yolo7-25, 47725125, car
yolo3-22, 47725125, car
yolo7-19, 47725125, car
yolo7-25, 47452842, aeroplane
yolo7-19, 47452842, aeroplane
yolo3-22, 47452842, car
yolo4-23, 47452842, car
yolo6-22, 47452842, car
yolo7-25, 63953847, boat
yolo3-22, 63953847, boat
yolo4-23, 63953847, boat
yolo7-19, 63953847, boat
yolo6-22, 63953847, boat
yolo7-25, 89534131, car
yolo7-19, 89534131, car
yolo3-22, 89534131, car
yolo4-23, 89534131, car
yolo6-22, 89534131, car
yolo7-25, 50668494, aeroplane
yolo3-22, 50668494, aeroplane
yolo7-19, 50668494, aeroplane
yolo6-22, 50668494, aeroplane
yolo4-23, 50668494, aeroplane
yolo4-23, 64305474, car
yolo7-19, 64305474, car
yolo7-25, 64305474, car
yolo3-22, 64305474, car
yolo6-22, 64305474, car
yolo7-25, 91262117, car
yolo4-23, 91262117, car
yolo3-22, 91262117, car
yolo7-19, 91262117, car
yolo6-22, 91262117, car
yolo7-19, 55919987, car
yolo6-22, 55919987, car
yolo7-25, 55919987, car
yolo4-23, 55919987, car
yolo3-22, 55919987, car
yolo7-19, 91545973, car
yolo3-22, 91545973, car
yolo7-25, 91545973, car
yolo4-23, 91545973, car
yolo6-22, 91545973, car
yolo3-22, 18061993, car
yolo7-19, 18061993, car
yolo6-22, 18061993, car
yolo7-25, 18061993, car
yolo4-23, 18061993, car
yolo6-22, 53444218, sofa
yolo7-25, 53444218, sofa
yolo3-22, 53444218, sofa
yolo7-19, 53444218, sofa
yolo4-23, 53444218, sofa

========== Time: 30 ==========
yolo6-22, 80749833, car
yolo7-25, 80749833, car
yolo4-23, 80749833, car
yolo7-19, 80749833, car
yolo3-22, 80749833, car
yolo4-23, 11588228, car
yolo7-25, 11588228, car
yolo6-22, 11588228, car
yolo7-19, 11588228, car
yolo3-22, 11588228, car
yolo6-22, 40230153, car
yolo7-19, 40230153, car
yolo7-25, 40230153, car
yolo4-23, 40230153, car
yolo3-22, 40230153, car
yolo4-23, 93228431, car
yolo7-19, 93228431, car
yolo7-25, 93228431, car
yolo6-22, 93228431, car
yolo7-19, 00231348, car
yolo4-23, 00231348, car
yolo7-25, 00231348, car
yolo6-22, 00231348, car
yolo7-25, 56377321, car
yolo7-19, 56377321, car
yolo4-23, 56377321, car
yolo6-22, 56377321, car
yolo7-25, 74988332, car
yolo7-19, 74988332, car
yolo6-22, 74988332, car
yolo4-23, 74988332, car
yolo7-19, 07166253, car
yolo7-25, 07166253, car
yolo6-22, 07166253, car
yolo4-23, 07166253, car
yolo7-19, 74893473, car
yolo7-25, 74893473, car
yolo4-23, 74893473, car
yolo7-19, 50426467, car
yolo7-25, 50426467, car
yolo4-23, 50426467, car
yolo7-25, 86365316, car
yolo4-23, 86365316, car
yolo7-25, 81104446, car
yolo4-23, 81104446, car
yolo4-23, 42826470, sofa
yolo7-25, 42826470, sofa
yolo10-26, 53444218, sofa
yolo7-25, 54048419, sofa
yolo10-26, 80749833, car
yolo10-26, 11588228, car
yolo7-25, 35095334, train
yolo10-26, 40230153, car
yolo10-26, 93228431, car
yolo7-25, 86659463, car
yolo10-26, 00231348, car
yolo10-26, 56377321, car
yolo7-25, 48918017, car
yolo10-26, 74988332, car
yolo10-26, 07166253, car
yolo7-25, 84050702, car
yolo10-26, 74893473, car
yolo10-26, 50426467, car
yolo7-25, 56416677, car
yolo10-26, 86365316, car
yolo10-26, 81104446, car
yolo7-25, 71943082, car
yolo10-26, 42826470, sofa
yolo10-26, 54048419, sofa
yolo7-25, 44796365, aeroplane
yolo10-26, 35095334, boat
yolo10-26, 86659463, car
yolo10-26, 48918017, car
yolo7-25, 74478881, car
yolo10-26, 84050702, car
yolo10-26, 56416677, car
yolo7-25, 98165719, car
yolo10-26, 71943082, car
yolo10-26, 44796365, aeroplane
yolo7-25, 83171597, car
yolo10-26, 74478881, car
yolo10-26, 98165719, car
yolo7-25, 09438253, car
yolo10-26, 83171597, car
yolo10-26, 09438253, car
yolo7-25, 20567091, car
yolo10-26, 20567091, car
yolo7-25, 75960629, car
yolo10-26, 75960629, car
yolo8-25, 44796365, aeroplane
yolo7-25, 97558041, car
yolo10-26, 97558041, car
yolo4-28, 97558041, car
yolo8-25, 74478881, car
yolo8-25, 98165719, car
yolo7-25, 58554110, car
yolo10-26, 58554110, car
yolo4-28, 58554110, car
yolo8-25, 83171597, car
yolo8-25, 09438253, car
yolo8-25, 20567091, car
yolo7-25, 00626703, car
yolo4-28, 00626703, car
yolo10-26, 00626703, car
yolo8-25, 75960629, car
yolo8-25, 97558041, car
yolo7-25, 66236530, car
yolo4-28, 66236530, car
yolo10-26, 66236530, car
yolo8-25, 58554110, car
yolo8-25, 00626703, car
yolo7-25, 85695353, car
yolo4-28, 85695353, car
yolo10-26, 85695353, car
yolo8-25, 66236530, car
yolo8-25, 85695353, car
yolo7-25, 13490462, car
yolo10-26, 13490462, car
yolo4-28, 13490462, car
yolo8-25, 13490462, car
yolo8-25, 07277379, car
yolo10-26, 07277379, car
yolo7-25, 07277379, car
yolo4-28, 07277379, car
yolo7-25, 41452022, car
yolo8-25, 41452022, car
yolo10-26, 41452022, car
yolo4-28, 41452022, car
yolo7-25, 74295027, car
yolo4-28, 74295027, car
yolo10-26, 74295027, car
yolo8-25, 74295027, car
yolo7-25, 67897134, car
yolo4-28, 67897134, car
yolo10-26, 67897134, car
yolo8-25, 67897134, car
yolo7-25, 01502376, car
yolo8-25, 01502376, car
yolo10-26, 01502376, car
yolo4-28, 01502376, car
yolo7-25, 61394741, car
yolo10-26, 61394741, car
yolo4-28, 61394741, car
yolo8-25, 61394741, car
yolo7-25, 14473795, car
yolo10-26, 14473795, car
yolo4-28, 14473795, car
yolo8-25, 14473795, car
yolo7-25, 99792753, car
yolo8-25, 99792753, car
yolo4-28, 99792753, car
yolo10-26, 99792753, car
yolo7-25, 15457301, car
yolo8-25, 15457301, car
yolo10-26, 15457301, car
yolo9-27, 67897134, car
yolo4-28, 15457301, car
yolo9-27, 01502376, car
yolo7-25, 24161237, car
yolo8-25, 24161237, car
yolo10-26, 24161237, car
yolo9-27, 61394741, car
yolo4-28, 24161237, car
yolo5-28, 01502376, car
yolo9-27, 14473795, car
yolo7-25, 02841579, car
yolo10-26, 02841579, car
yolo8-25, 02841579, car
yolo4-28, 02841579, car
yolo5-28, 61394741, car
yolo9-27, 99792753, car
yolo5-28, 14473795, car
yolo9-27, 15457301, car
yolo7-25, 22355581, car
yolo8-25, 22355581, car
yolo4-28, 22355581, car
yolo5-28, 99792753, car
yolo10-26, 22355581, car
yolo9-27, 24161237, car
yolo5-28, 15457301, car
yolo7-25, 73289335, car
yolo8-25, 73289335, car
yolo9-27, 02841579, car
yolo4-28, 73289335, car
yolo10-26, 73289335, car
yolo5-28, 24161237, car
yolo9-27, 22355581, car
yolo5-28, 02841579, car
yolo7-25, 37264284, car
yolo8-25, 37264284, car
yolo10-26, 37264284, car
yolo4-28, 37264284, car
yolo9-27, 73289335, car
yolo5-28, 22355581, car
yolo9-27, 37264284, car
yolo5-28, 73289335, car
yolo7-25, 44274867, car
yolo8-25, 44274867, car
yolo10-26, 44274867, car
yolo9-27, 44274867, car
yolo5-28, 37264284, car
yolo4-28, 44274867, car
yolo5-28, 44274867, car
yolo5-28, 89567369, car
yolo9-27, 89567369, car
yolo7-25, 89567369, car
yolo10-26, 89567369, car
yolo4-28, 89567369, car
yolo8-25, 89567369, car
yolo10-26, 65228953, car
yolo7-25, 65228953, car
yolo4-28, 65228953, car
yolo5-28, 65228953, car
yolo9-27, 65228953, car
yolo8-25, 65228953, car
yolo7-25, 80064107, car
yolo5-28, 80064107, car
yolo10-26, 80064107, car
yolo4-28, 80064107, car
yolo9-27, 80064107, car
yolo8-25, 80064107, car
yolo3-28, 89567369, car
yolo3-29, 89567369, car
yolo7-25, 03278377, car
yolo5-28, 03278377, car
yolo8-25, 03278377, car
yolo10-26, 03278377, car
yolo4-28, 03278377, car
yolo9-27, 03278377, car
yolo3-29, 65228953, car
yolo3-28, 65228953, car
yolo3-29, 80064107, car
yolo3-28, 80064107, car
yolo7-25, 05804122, car
yolo5-28, 05804122, car
yolo8-25, 05804122, car
yolo9-27, 05804122, car
yolo10-26, 05804122, car
yolo4-28, 05804122, car
yolo3-28, 03278377, car
yolo3-29, 03278377, car
yolo5-28, 20377707, aeroplane
yolo9-27, 20377707, aeroplane
yolo10-26, 20377707, aeroplane
yolo8-25, 20377707, aeroplane
yolo7-25, 20377707, aeroplane
yolo3-29, 05804122, car
yolo3-28, 05804122, car
yolo4-28, 20377707, aeroplane
yolo3-29, 20377707, aeroplane
yolo3-28, 20377707, aeroplane
yolo7-25, 34079872, car
yolo9-27, 34079872, car
yolo8-25, 34079872, car
yolo5-28, 34079872, car
yolo4-28, 34079872, car
yolo10-26, 34079872, car
yolo3-29, 34079872, car
yolo3-28, 34079872, car
yolo7-25, 13613627, car
yolo5-28, 13613627, car
yolo9-27, 13613627, car
yolo3-28, 13613627, car
yolo3-29, 13613627, car
yolo8-25, 13613627, car
yolo10-26, 13613627, car
yolo4-28, 13613627, car
yolo7-25, 42816228, car
yolo3-29, 42816228, car
yolo10-26, 42816228, car
yolo8-25, 42816228, car
yolo3-28, 42816228, car
yolo4-28, 42816228, car
yolo5-28, 42816228, car
yolo9-27, 42816228, car
yolo10-26, 20632735, boat
yolo5-28, 20632735, boat
yolo8-25, 20632735, boat
yolo3-28, 20632735, boat
yolo3-29, 20632735, boat
yolo7-25, 20632735, aeroplane
yolo9-27, 20632735, boat
yolo4-28, 20632735, boat
yolo7-25, 27278510, car
yolo3-29, 27278510, car
yolo3-28, 27278510, car
yolo10-26, 27278510, car
yolo5-28, 27278510, car
yolo8-25, 27278510, car
yolo9-27, 27278510, car
yolo4-28, 27278510, car
yolo7-25, 57209649, car
yolo3-28, 57209649, car
yolo10-26, 57209649, car
yolo9-27, 57209649, car
yolo3-29, 57209649, car
yolo8-25, 57209649, car
yolo5-28, 57209649, car
yolo4-28, 57209649, car
yolo7-25, 24956865, car
yolo10-26, 24956865, car
yolo5-28, 24956865, car
yolo4-28, 24956865, car
yolo9-27, 24956865, car
yolo3-28, 24956865, car
yolo3-29, 24956865, car
yolo8-25, 24956865, car
yolo7-25, 42546286, car
yolo3-29, 42546286, car
yolo10-26, 42546286, car
yolo3-28, 42546286, car
yolo5-28, 42546286, car
yolo4-28, 42546286, car
yolo9-27, 42546286, car
yolo8-25, 42546286, car
yolo7-25, 35530270, car
yolo10-26, 35530270, car
yolo3-28, 35530270, car
yolo3-29, 35530270, car
yolo9-27, 35530270, car
yolo5-28, 35530270, car
yolo8-25, 35530270, car
yolo4-28, 35530270, car
yolo7-25, 25491129, car
yolo5-28, 25491129, car
yolo3-28, 25491129, car
yolo10-26, 25491129, car
yolo9-27, 25491129, car
yolo4-28, 25491129, car
yolo8-25, 25491129, car
yolo3-29, 25491129, car
yolo7-25, 44800477, car
yolo10-26, 44800477, car
yolo3-28, 44800477, car
yolo3-29, 44800477, car
yolo8-25, 44800477, car
yolo9-27, 44800477, car
yolo5-28, 44800477, car
yolo4-28, 44800477, car
yolo7-25, 04003693, car
yolo5-28, 04003693, car
yolo10-26, 04003693, car
yolo8-25, 04003693, car
yolo9-27, 04003693, car
yolo3-29, 04003693, car
yolo3-28, 04003693, car
yolo4-28, 04003693, car
yolo7-25, 05728211, car
yolo10-26, 05728211, car
yolo5-28, 05728211, car
yolo3-28, 05728211, car
yolo3-29, 05728211, car
yolo8-25, 05728211, car
yolo9-27, 05728211, car
yolo4-28, 05728211, car
yolo5-28, 56334447, car
yolo7-25, 56334447, car
yolo3-28, 56334447, car
yolo3-29, 56334447, car
yolo9-27, 56334447, car
yolo4-28, 56334447, car
yolo8-25, 56334447, car
yolo10-26, 56334447, car
yolo3-28, 68007449, car
yolo7-25, 68007449, car
yolo10-26, 68007449, car
yolo3-29, 68007449, car
yolo8-25, 68007449, car
yolo4-28, 68007449, car
yolo5-28, 68007449, car
yolo9-27, 68007449, car
yolo7-25, 36387298, car
yolo10-26, 36387298, car
yolo3-28, 36387298, car
yolo3-29, 36387298, car
yolo8-25, 36387298, car
yolo5-28, 36387298, car
yolo4-28, 36387298, car
yolo9-27, 36387298, car
yolo7-25, 35451613, car
yolo10-26, 35451613, car
yolo3-29, 35451613, car
yolo3-28, 35451613, car
yolo5-28, 35451613, car
yolo8-25, 35451613, car
yolo4-28, 35451613, car
yolo9-27, 35451613, car
yolo3-29, 26385583, car
yolo7-25, 26385583, car
yolo10-26, 26385583, car
yolo3-28, 26385583, car
yolo5-28, 26385583, car
yolo4-28, 26385583, car
yolo8-25, 26385583, car
yolo9-27, 26385583, car
yolo7-25, 42544036, car
yolo3-28, 42544036, car
yolo10-26, 42544036, car
yolo3-29, 42544036, car
yolo5-28, 42544036, car
yolo8-25, 42544036, car
yolo9-27, 42544036, car
yolo4-28, 42544036, car
yolo7-25, 40472133, car
yolo3-29, 40472133, car
yolo10-26, 40472133, car
yolo3-28, 40472133, car
yolo5-28, 40472133, car
yolo8-25, 40472133, car
yolo9-27, 40472133, car
yolo4-28, 40472133, car
yolo7-25, 24988386, car
yolo3-28, 24988386, car
yolo3-29, 24988386, car
yolo4-28, 24988386, car
yolo9-27, 24988386, car
yolo8-25, 24988386, car
yolo10-26, 24988386, car
yolo5-28, 24988386, car
yolo7-25, 95189547, car
yolo10-26, 95189547, car
yolo5-28, 95189547, car
yolo9-27, 95189547, car
yolo3-28, 95189547, car
yolo3-29, 95189547, car
yolo4-28, 95189547, car
yolo8-25, 95189547, car
yolo7-25, 44827231, car
yolo3-28, 44827231, car
yolo10-26, 44827231, car
yolo3-29, 44827231, car
yolo8-25, 44827231, car
yolo4-28, 44827231, car
yolo9-27, 44827231, car
yolo5-28, 44827231, car
yolo7-25, 77371031, car
yolo3-28, 77371031, car
yolo5-28, 77371031, car
yolo3-29, 77371031, car
yolo10-26, 77371031, car
yolo8-25, 77371031, car
yolo4-28, 77371031, car
yolo9-27, 77371031, car
yolo10-26, 85223970, car
yolo7-25, 85223970, car
yolo4-28, 85223970, car
yolo3-29, 85223970, car
yolo3-28, 85223970, car
yolo5-28, 85223970, car
yolo8-25, 85223970, car
yolo9-27, 85223970, car
yolo7-25, 85152994, car
yolo3-28, 85152994, car
yolo3-29, 85152994, car
yolo8-25, 85152994, car
yolo10-26, 85152994, car
yolo4-28, 85152994, car
yolo9-27, 85152994, car
yolo5-28, 85152994, car
yolo7-25, 25360096, car
yolo3-28, 25360096, car
yolo5-28, 25360096, car
yolo10-26, 25360096, car
yolo4-28, 25360096, car
yolo3-29, 25360096, car
yolo9-27, 25360096, car
yolo8-25, 25360096, car
yolo7-25, 03098275, car
yolo3-29, 03098275, car
yolo5-28, 03098275, car
yolo3-28, 03098275, car
yolo8-25, 03098275, car
yolo4-28, 03098275, car
yolo9-27, 03098275, car
yolo10-26, 03098275, car
yolo7-25, 87712153, car
yolo3-28, 87712153, car
yolo3-29, 87712153, car
yolo5-28, 87712153, car
yolo10-26, 87712153, car
yolo8-25, 87712153, car
yolo9-27, 87712153, car
yolo4-28, 87712153, car
yolo7-25, 85769060, car
yolo8-25, 85769060, car
yolo10-26, 85769060, car
yolo3-29, 85769060, car
yolo3-28, 85769060, car
yolo5-28, 85769060, car
yolo4-28, 85769060, car
yolo9-27, 85769060, car
yolo7-25, 83145825, car
yolo3-28, 83145825, car
yolo10-26, 83145825, car
yolo3-29, 83145825, car
yolo4-28, 83145825, car
yolo9-27, 83145825, car
yolo8-25, 83145825, car
yolo5-28, 83145825, car
yolo7-25, 86914793, car
yolo3-28, 86914793, car
yolo10-26, 86914793, car
yolo3-29, 86914793, car
yolo8-25, 86914793, car
yolo9-27, 86914793, car
yolo5-28, 86914793, car
yolo4-28, 86914793, car
yolo7-25, 42230644, car
yolo3-28, 42230644, car
yolo8-25, 42230644, car
yolo10-26, 42230644, car
yolo4-28, 42230644, car
yolo5-28, 42230644, car
yolo3-29, 42230644, car
yolo9-27, 42230644, car
yolo7-25, 58655910, car
yolo3-28, 58655910, car
yolo10-26, 58655910, car
yolo5-28, 58655910, car
yolo9-27, 58655910, car
yolo8-25, 58655910, car
yolo3-29, 58655910, car
yolo4-28, 58655910, car
yolo7-25, 35794409, car
yolo3-29, 35794409, car
yolo10-26, 35794409, car
yolo9-27, 35794409, car
yolo4-28, 35794409, car
yolo8-25, 35794409, car
yolo3-28, 35794409, car
yolo5-28, 35794409, car
yolo7-25, 90719870, car
yolo10-26, 90719870, car
yolo3-28, 90719870, car
yolo8-25, 90719870, car
yolo5-28, 90719870, car
yolo3-29, 90719870, car
yolo4-28, 90719870, car
yolo9-27, 90719870, car
yolo7-25, 32809185, car
yolo10-26, 32809185, car
yolo5-28, 32809185, car
yolo4-28, 32809185, car
yolo3-28, 32809185, car
yolo8-25, 32809185, car
yolo3-29, 32809185, car
yolo9-27, 32809185, car
yolo7-25, 06361225, car
yolo3-28, 06361225, car
yolo3-29, 06361225, car
yolo5-28, 06361225, car
yolo4-28, 06361225, car
yolo10-26, 06361225, car
yolo9-27, 06361225, car
yolo8-25, 06361225, car
yolo7-25, 98598111, car
yolo3-28, 98598111, car
yolo3-29, 98598111, car
yolo9-27, 98598111, car
yolo5-28, 98598111, car
yolo10-26, 98598111, car
yolo8-25, 98598111, car
yolo4-28, 98598111, car
yolo10-26, 32559074, car
yolo7-25, 32559074, car
yolo3-28, 32559074, car
yolo3-29, 32559074, car
yolo8-25, 32559074, car
yolo4-28, 32559074, car
yolo5-28, 32559074, car
yolo9-27, 32559074, car
yolo7-25, 06332641, car
yolo8-25, 06332641, car
yolo3-28, 06332641, car
yolo10-26, 06332641, car
yolo9-27, 06332641, car
yolo3-29, 06332641, car
yolo5-28, 06332641, car
yolo4-28, 06332641, car
yolo7-25, 82787970, car
yolo5-28, 82787970, car
yolo10-26, 82787970, car
yolo3-28, 82787970, car
yolo8-25, 82787970, car
yolo3-29, 82787970, car
yolo9-27, 82787970, car
yolo4-28, 82787970, car
yolo7-25, 19837078, car
yolo5-28, 19837078, car
yolo3-28, 19837078, car
yolo4-28, 19837078, car
yolo8-25, 19837078, car
yolo9-27, 19837078, car
yolo10-26, 19837078, car
yolo3-29, 19837078, car
yolo7-25, 27152396, car
yolo10-26, 27152396, car
yolo3-28, 27152396, car
yolo8-25, 27152396, car
yolo3-29, 27152396, car
yolo5-28, 27152396, car
yolo4-28, 27152396, car
yolo9-27, 27152396, car
yolo7-25, 03168072, car
yolo10-26, 03168072, car
yolo3-29, 03168072, car
yolo8-25, 03168072, car
yolo3-28, 03168072, car
yolo4-28, 03168072, car
yolo9-27, 03168072, car
yolo5-28, 03168072, car
yolo7-25, 90545321, car
yolo3-28, 90545321, car
yolo10-26, 90545321, car
yolo8-25, 90545321, car
yolo3-29, 90545321, car
yolo4-28, 90545321, car
yolo9-27, 90545321, car
yolo5-28, 90545321, car
yolo7-25, 05539490, car
yolo10-26, 05539490, car
yolo5-28, 05539490, car
yolo3-29, 05539490, car
yolo8-25, 05539490, car
yolo9-27, 05539490, car
yolo3-28, 05539490, car
yolo4-28, 05539490, car
yolo7-25, 09591769, car
yolo3-28, 09591769, car
yolo10-26, 09591769, car
yolo5-28, 09591769, car
yolo8-25, 09591769, car
yolo3-29, 09591769, car
yolo4-28, 09591769, car
yolo9-27, 09591769, car
yolo7-25, 40129052, car
yolo8-25, 40129052, car
yolo3-28, 40129052, car
yolo5-28, 40129052, car
yolo10-26, 40129052, car
yolo3-29, 40129052, car
yolo9-27, 40129052, car
yolo4-28, 40129052, car
yolo7-25, 21882784, sofa
yolo3-29, 21882784, sofa
yolo3-28, 21882784, sofa
yolo5-28, 21882784, sofa
yolo8-25, 21882784, sofa
yolo4-28, 21882784, sofa
yolo10-26, 21882784, sofa
yolo9-27, 21882784, sofa
yolo7-25, 97104004, aeroplane
yolo3-28, 97104004, aeroplane
yolo3-29, 97104004, aeroplane
yolo9-27, 97104004, aeroplane
yolo4-28, 97104004, aeroplane
yolo8-25, 97104004, aeroplane
yolo10-26, 97104004, aeroplane
yolo5-28, 97104004, aeroplane
yolo7-25, 93346601, train
yolo5-28, 93346601, train
yolo10-26, 93346601, train
yolo3-28, 93346601, train
yolo9-27, 93346601, train
yolo8-25, 93346601, train
yolo4-28, 93346601, train
yolo3-29, 93346601, train
yolo7-25, 64094300, car
yolo3-28, 64094300, car
yolo3-29, 64094300, car
yolo5-28, 64094300, car
yolo10-26, 64094300, car
yolo8-25, 64094300, car
yolo4-28, 64094300, car
yolo9-27, 64094300, car
yolo3-29, 36285903, train
yolo8-25, 36285903, train
yolo7-25, 36285903, train
yolo5-28, 36285903, train
yolo3-28, 36285903, train
yolo10-26, 36285903, train
yolo9-27, 36285903, train
yolo4-28, 36285903, train
yolo3-28, 92387826, aeroplane
yolo7-25, 92387826, aeroplane
yolo3-29, 92387826, aeroplane
yolo8-25, 92387826, aeroplane
yolo9-27, 92387826, aeroplane
yolo4-28, 92387826, aeroplane
yolo10-26, 92387826, aeroplane
yolo5-28, 92387826, aeroplane
yolo7-25, 51991831, bottle
yolo3-29, 51991831, person
yolo8-25, 51991831, person
yolo10-26, 51991831, person
yolo5-28, 51991831, person
yolo3-28, 51991831, person
yolo9-27, 51991831, person
yolo4-28, 51991831, person
yolo7-25, 01911503, sofa
yolo5-28, 01911503, sofa
yolo3-28, 01911503, sofa
yolo10-26, 01911503, sofa
yolo8-25, 01911503, sofa
yolo9-27, 01911503, sofa
yolo4-28, 01911503, sofa
yolo3-29, 01911503, sofa
yolo5-28, 25212880, aeroplane
yolo3-29, 25212880, aeroplane
yolo3-28, 25212880, aeroplane
yolo10-26, 25212880, aeroplane
yolo8-25, 25212880, aeroplane
yolo4-28, 25212880, aeroplane
yolo7-25, 25212880, aeroplane
yolo9-27, 25212880, aeroplane
yolo7-25, 84895237, car
yolo3-28, 84895237, car
yolo3-29, 84895237, car
yolo10-26, 84895237, car
yolo9-27, 84895237, car
yolo5-28, 84895237, car
yolo4-28, 84895237, car
yolo8-25, 84895237, car
yolo3-29, 35402497, bottle
yolo3-28, 35402497, bottle
yolo4-28, 35402497, bottle
yolo7-25, 35402497, bottle
yolo8-25, 35402497, bottle
yolo5-28, 35402497, bottle
yolo10-26, 35402497, bottle
yolo9-27, 35402497, bottle
yolo7-25, 92157600, sofa
yolo3-28, 92157600, sofa
yolo3-29, 92157600, sofa
yolo10-26, 92157600, sofa
yolo4-28, 92157600, sofa
yolo8-25, 92157600, sofa
yolo9-27, 92157600, sofa
yolo5-28, 92157600, sofa
yolo7-25, 27992339, aeroplane
yolo10-26, 27992339, sofa
yolo5-28, 27992339, sofa
yolo3-28, 27992339, sofa
yolo4-28, 27992339, sofa
yolo3-29, 27992339, sofa
yolo9-27, 27992339, sofa
yolo8-25, 27992339, sofa
yolo7-25, 39632736, car
yolo3-28, 39632736, car
yolo10-26, 39632736, car
yolo3-29, 39632736, car
yolo5-28, 39632736, car
yolo8-25, 39632736, car
yolo9-27, 39632736, car
yolo4-28, 39632736, car
yolo7-25, 82751371, car
yolo8-25, 82751371, car
yolo9-27, 82751371, car
yolo10-26, 82751371, car
yolo4-28, 82751371, car
yolo3-29, 82751371, car
yolo3-28, 82751371, car
yolo5-28, 82751371, car
yolo7-25, 74539175, car
yolo10-26, 74539175, car
yolo5-28, 74539175, car
yolo4-28, 74539175, car
yolo3-29, 74539175, car
yolo3-28, 74539175, car
yolo9-27, 74539175, car
yolo8-25, 74539175, car
yolo7-25, 07232374, car
yolo10-26, 07232374, car
yolo5-28, 07232374, car
yolo3-28, 07232374, car
yolo3-29, 07232374, car
yolo8-25, 07232374, car
yolo9-27, 07232374, car
yolo4-28, 07232374, car
yolo7-25, 12619621, car
yolo5-28, 12619621, car
yolo4-28, 12619621, car
yolo9-27, 12619621, car
yolo10-26, 12619621, car
yolo8-25, 12619621, car
yolo3-28, 12619621, car
yolo3-29, 12619621, car
yolo7-25, 50430972, car
yolo5-28, 50430972, car
yolo10-26, 50430972, car
yolo4-28, 50430972, car
yolo9-27, 50430972, car
yolo8-25, 50430972, car
yolo3-29, 50430972, car
yolo3-28, 50430972, car
yolo7-25, 03951563, car
yolo5-28, 03951563, car
yolo8-25, 03951563, car
yolo10-26, 03951563, car
yolo4-28, 03951563, car
yolo9-27, 03951563, car
yolo3-28, 03951563, car
yolo3-29, 03951563, car
yolo7-25, 50605160, car
yolo3-28, 50605160, car
yolo3-29, 50605160, car
yolo10-26, 50605160, car
yolo8-25, 50605160, car
yolo5-28, 50605160, car
yolo9-27, 50605160, car
yolo4-28, 50605160, car
yolo7-25, 47714282, car
yolo10-26, 47714282, car
yolo5-28, 47714282, car
yolo8-25, 47714282, car
yolo4-28, 47714282, car
yolo3-28, 47714282, car
yolo3-29, 47714282, car
yolo9-27, 47714282, car
yolo7-25, 28669040, car
yolo3-29, 28669040, car
yolo3-28, 28669040, car
yolo5-28, 28669040, car
yolo10-26, 28669040, car
yolo9-27, 28669040, car
yolo8-25, 28669040, car
yolo4-28, 28669040, car
yolo7-25, 54509849, car
yolo3-28, 54509849, car
yolo10-26, 54509849, car
yolo5-28, 54509849, car
yolo3-29, 54509849, car
yolo4-28, 54509849, car
yolo8-25, 54509849, car
yolo9-27, 54509849, car
yolo7-25, 63654587, train
yolo3-29, 63654587, train
yolo3-28, 63654587, train
yolo5-28, 63654587, train
yolo9-27, 63654587, train
yolo4-28, 63654587, train
yolo10-26, 63654587, train
yolo8-25, 63654587, train
yolo7-25, 50173935, car
yolo10-26, 50173935, car
yolo3-28, 50173935, car
yolo5-28, 50173935, car
yolo8-25, 50173935, car
yolo9-27, 50173935, car
yolo3-29, 50173935, car
yolo4-28, 50173935, car
yolo7-25, 16340615, car
yolo10-26, 16340615, car
yolo9-27, 16340615, car
yolo8-25, 16340615, car
yolo5-28, 16340615, car
yolo3-29, 16340615, car
yolo3-28, 16340615, car
yolo4-28, 16340615, car
yolo7-25, 63458760, car
yolo10-26, 63458760, car
yolo5-28, 63458760, car
yolo3-29, 63458760, car
yolo9-27, 63458760, car
yolo3-28, 63458760, car
yolo8-25, 63458760, car
yolo4-28, 63458760, car
yolo7-25, 71596193, car
yolo10-26, 71596193, car
yolo3-28, 71596193, car
yolo3-29, 71596193, car
yolo8-25, 71596193, car
yolo4-28, 71596193, car
yolo5-28, 71596193, car
yolo9-27, 71596193, car
yolo7-25, 69905467, car
yolo3-28, 69905467, car
yolo5-28, 69905467, car
yolo3-29, 69905467, car
yolo9-27, 69905467, car
yolo10-26, 69905467, car
yolo8-25, 69905467, car
yolo4-28, 69905467, car
yolo7-25, 29620882, car
yolo10-26, 29620882, car
yolo3-28, 29620882, car
yolo8-25, 29620882, car
yolo5-28, 29620882, car
yolo4-28, 29620882, car
yolo3-29, 29620882, car
yolo9-27, 29620882, car
yolo7-25, 69292390, car
yolo3-28, 69292390, car
yolo5-28, 69292390, car
yolo9-27, 69292390, car
yolo8-25, 69292390, car
yolo4-28, 69292390, car
yolo10-26, 69292390, car
yolo3-29, 69292390, car
yolo7-25, 20344135, car
yolo5-28, 20344135, car
yolo3-28, 20344135, car
yolo4-28, 20344135, car
yolo8-25, 20344135, car
yolo9-27, 20344135, car
yolo3-29, 20344135, car
yolo10-26, 20344135, car
yolo7-25, 63211629, car
yolo3-29, 63211629, car
yolo3-28, 63211629, car
yolo8-25, 63211629, car
yolo9-27, 63211629, car
yolo5-28, 63211629, car
yolo4-28, 63211629, car
yolo10-26, 63211629, car
yolo3-28, 03613689, car
yolo3-29, 03613689, car
yolo7-25, 03613689, car
yolo5-28, 03613689, car
yolo10-26, 03613689, car
yolo8-25, 03613689, car
yolo4-28, 03613689, car
yolo9-27, 03613689, car
yolo7-25, 72786309, car
yolo3-29, 72786309, car
yolo3-28, 72786309, car
yolo10-26, 72786309, car
yolo5-28, 72786309, car
yolo4-28, 72786309, car
yolo9-27, 72786309, car
yolo8-25, 72786309, car
yolo7-25, 43363275, car
yolo10-26, 43363275, car
yolo5-28, 43363275, car
yolo3-29, 43363275, car
yolo4-28, 43363275, car
yolo3-28, 43363275, car
yolo8-25, 43363275, car
yolo9-27, 43363275, car
yolo7-25, 12868356, car
yolo10-26, 12868356, car
yolo3-29, 12868356, car
yolo5-28, 12868356, car
yolo3-28, 12868356, car
yolo8-25, 12868356, car
yolo4-28, 12868356, car
yolo9-27, 12868356, car
yolo7-25, 62145981, car
yolo3-28, 62145981, car
yolo5-28, 62145981, car
yolo3-29, 62145981, car
yolo10-26, 62145981, car
yolo9-27, 62145981, car
yolo8-25, 62145981, car
yolo4-28, 62145981, car
yolo7-25, 16125985, car
yolo3-29, 16125985, car
yolo8-25, 16125985, car
yolo3-28, 16125985, car
yolo5-28, 16125985, car
yolo10-26, 16125985, car
yolo4-28, 16125985, car
yolo9-27, 16125985, car
yolo3-28, 88852898, train
yolo7-25, 88852898, train
yolo10-26, 88852898, train
yolo3-29, 88852898, train
yolo9-27, 88852898, train
yolo5-28, 88852898, train
yolo4-28, 88852898, train
yolo8-25, 88852898, train
yolo5-28, 45592103, boat
yolo7-25, 45592103, aeroplane
yolo4-28, 45592103, boat
yolo8-25, 45592103, boat
yolo10-26, 45592103, boat
yolo3-28, 45592103, boat
yolo9-27, 45592103, boat
yolo3-29, 45592103, boat
yolo7-25, 74707181, car
yolo3-28, 74707181, car
yolo3-29, 74707181, car
yolo10-26, 74707181, car
yolo5-28, 74707181, car
yolo4-28, 74707181, car
yolo9-27, 74707181, car
yolo8-25, 74707181, car
yolo3-28, 46782020, sofa
yolo3-29, 46782020, sofa
yolo4-28, 46782020, sofa
yolo5-28, 46782020, sofa
yolo7-25, 46782020, sofa
yolo8-25, 46782020, sofa
yolo10-26, 46782020, sofa
yolo9-27, 46782020, sofa
yolo7-25, 36414655, car
yolo3-28, 36414655, car
yolo10-26, 36414655, car
yolo5-28, 36414655, car
yolo3-29, 36414655, car
yolo8-25, 36414655, car
yolo9-27, 36414655, car
yolo4-28, 36414655, car
yolo7-25, 92066528, sofa
yolo3-28, 92066528, sofa
yolo3-29, 92066528, sofa
yolo4-28, 92066528, sofa
yolo5-28, 92066528, sofa
yolo8-25, 92066528, sofa
yolo10-26, 92066528, sofa
yolo9-27, 92066528, sofa
yolo7-25, 84665842, sofa
yolo5-28, 84665842, sofa
yolo3-28, 84665842, sofa
yolo9-27, 84665842, sofa
yolo8-25, 84665842, sofa
yolo3-29, 84665842, sofa
yolo10-26, 84665842, sofa
yolo4-28, 84665842, sofa
yolo10-26, 70890021, car
yolo3-29, 70890021, car
yolo3-28, 70890021, car
yolo7-25, 70890021, car
yolo9-27, 70890021, car
yolo5-28, 70890021, car
yolo4-28, 70890021, car
yolo8-25, 70890021, car
yolo7-25, 50028583, bird
yolo10-26, 50028583, person
yolo3-29, 50028583, person
yolo3-28, 50028583, person
yolo5-28, 50028583, person
yolo4-28, 50028583, person
yolo8-25, 50028583, person
yolo9-27, 50028583, person
yolo3-29, 25987741, bottle
yolo5-28, 25987741, bottle
yolo8-25, 25987741, bottle
yolo7-25, 25987741, bottle
yolo9-27, 25987741, bottle
yolo3-28, 25987741, bottle
yolo10-26, 25987741, bottle
yolo4-28, 25987741, bottle
yolo8-25, 88574276, sofa
yolo10-26, 88574276, sofa
yolo3-28, 88574276, sofa
yolo5-28, 88574276, sofa
yolo4-28, 88574276, sofa
yolo7-25, 88574276, sofa
yolo3-29, 88574276, sofa
yolo9-27, 88574276, sofa
yolo7-25, 79438902, car
yolo10-26, 79438902, car
yolo8-25, 79438902, car
yolo5-28, 79438902, car
yolo4-28, 79438902, car
yolo3-28, 79438902, car
yolo9-27, 79438902, car
yolo3-29, 79438902, car
yolo3-28, 11990080, car
yolo4-28, 11990080, car
yolo7-25, 11990080, bottle
yolo5-28, 11990080, car
yolo3-29, 11990080, car
yolo8-25, 11990080, car
yolo10-26, 11990080, car
yolo9-27, 11990080, car
yolo7-25, 49704893, car
yolo10-26, 49704893, car
yolo3-28, 49704893, car
yolo5-28, 49704893, car
yolo9-27, 49704893, car
yolo3-29, 49704893, car
yolo4-28, 49704893, car
yolo8-25, 49704893, car
yolo7-25, 33703221, car
yolo8-25, 33703221, car
yolo3-28, 33703221, car
yolo10-26, 33703221, car
yolo5-28, 33703221, car
yolo3-29, 33703221, car
yolo9-27, 33703221, car
yolo4-28, 33703221, car
yolo7-25, 99585157, car
yolo10-26, 99585157, car
yolo3-28, 99585157, car
yolo3-29, 99585157, car
yolo8-25, 99585157, car
yolo4-28, 99585157, car
yolo9-27, 99585157, car
yolo5-28, 99585157, car
yolo7-25, 39977642, car
yolo10-26, 39977642, car
yolo5-28, 39977642, car
yolo3-28, 39977642, car
yolo8-25, 39977642, car
yolo9-27, 39977642, car
yolo4-28, 39977642, car
yolo3-29, 39977642, car
yolo7-25, 05830421, car
yolo3-28, 05830421, car
yolo10-26, 05830421, car
yolo3-29, 05830421, car
yolo5-28, 05830421, car
yolo8-25, 05830421, car
yolo4-28, 05830421, car
yolo9-27, 05830421, car
yolo7-25, 02828799, sofa
yolo10-26, 02828799, sofa
yolo3-28, 02828799, sofa
yolo3-29, 02828799, sofa
yolo8-25, 02828799, sofa
yolo5-28, 02828799, sofa
yolo9-27, 02828799, sofa
yolo4-28, 02828799, sofa
yolo7-25, 90641853, car
yolo10-26, 90641853, car
yolo3-28, 90641853, car
yolo3-29, 90641853, car
yolo8-25, 90641853, car
yolo5-28, 90641853, car
yolo9-27, 90641853, car
yolo4-28, 90641853, car
yolo7-25, 06808995, car
yolo3-28, 06808995, car
yolo8-25, 06808995, car
yolo5-28, 06808995, car
yolo3-29, 06808995, car
yolo9-27, 06808995, car
yolo4-28, 06808995, car
yolo10-26, 06808995, car
yolo7-25, 12781111, car
yolo10-26, 12781111, car
yolo5-28, 12781111, car
yolo3-28, 12781111, car
yolo8-25, 12781111, car
yolo4-28, 12781111, car
yolo9-27, 12781111, car
yolo3-29, 12781111, car
yolo7-25, 32030632, car
yolo10-26, 32030632, car
yolo3-28, 32030632, car
yolo3-29, 32030632, car
yolo5-28, 32030632, car
yolo4-28, 32030632, car
yolo9-27, 32030632, car
yolo8-25, 32030632, car
yolo7-25, 41582074, car
yolo3-28, 41582074, car
yolo5-28, 41582074, car
yolo3-29, 41582074, car
yolo9-27, 41582074, car
yolo10-26, 41582074, car
yolo8-25, 41582074, car
yolo4-28, 41582074, car
yolo7-25, 42030744, car
yolo3-28, 42030744, car
yolo3-29, 42030744, car
yolo5-28, 42030744, car
yolo9-27, 42030744, car
yolo10-26, 42030744, car
yolo8-25, 42030744, car
yolo4-28, 42030744, car
yolo7-25, 65209165, car
yolo10-26, 65209165, car
yolo3-28, 65209165, car
yolo8-25, 65209165, car
yolo3-29, 65209165, car
yolo9-27, 65209165, car
yolo5-28, 65209165, car
yolo4-28, 65209165, car
yolo10-26, 13857643, train
yolo7-25, 13857643, train
yolo5-28, 13857643, train
yolo8-25, 13857643, train
yolo9-27, 13857643, train
yolo4-28, 13857643, train
yolo3-29, 13857643, train
yolo3-28, 13857643, train
yolo7-25, 87998791, train
yolo3-29, 87998791, train
yolo3-28, 87998791, train
yolo5-28, 87998791, train
yolo10-26, 87998791, train
yolo9-27, 87998791, train
yolo4-28, 87998791, train
yolo8-25, 87998791, train
yolo7-25, 95025772, car
yolo3-29, 95025772, car
yolo10-26, 95025772, car
yolo4-28, 95025772, car
yolo8-25, 95025772, car
yolo5-28, 95025772, car
yolo9-27, 95025772, car
yolo3-28, 95025772, car
yolo3-28, 10403491, train
yolo3-29, 10403491, train
yolo5-28, 10403491, train
yolo7-25, 10403491, train
yolo8-25, 10403491, train
yolo9-27, 10403491, train
yolo10-26, 10403491, train
yolo4-28, 10403491, train
yolo7-25, 32282494, train
yolo3-28, 32282494, train
yolo3-29, 32282494, train
yolo10-26, 32282494, train
yolo8-25, 32282494, train
yolo9-27, 32282494, train
yolo4-28, 32282494, train
yolo5-28, 32282494, train
yolo7-25, 57106378, car
yolo3-29, 57106378, car
yolo8-25, 57106378, car
yolo5-28, 57106378, car
yolo10-26, 57106378, car
yolo3-28, 57106378, car
yolo9-27, 57106378, car
yolo4-28, 57106378, car
yolo7-25, 50815953, train
yolo3-29, 50815953, train
yolo3-28, 50815953, train
yolo5-28, 50815953, train
yolo9-27, 50815953, train
yolo4-28, 50815953, train
yolo8-25, 50815953, train
yolo10-26, 50815953, train
yolo3-29, 08561689, sofa
yolo8-25, 08561689, sofa
yolo5-28, 08561689, sofa
yolo3-28, 08561689, sofa
yolo10-26, 08561689, sofa
yolo7-25, 08561689, aeroplane
yolo4-28, 08561689, sofa
yolo9-27, 08561689, sofa
yolo3-28, 22308146, car
yolo3-29, 22308146, car
yolo7-25, 22308146, car
yolo8-25, 22308146, car
yolo10-26, 22308146, car
yolo5-28, 22308146, car
yolo9-27, 22308146, car
yolo4-28, 22308146, car
yolo3-28, 93706910, bottle
yolo7-25, 93706910, bottle
yolo3-29, 93706910, bottle
yolo5-28, 93706910, bottle
yolo8-25, 93706910, bottle
yolo4-28, 93706910, bottle
yolo10-26, 93706910, bottle
yolo9-27, 93706910, bottle
yolo7-25, 17654636, car
yolo4-28, 17654636, car
yolo10-26, 17654636, car
yolo5-28, 17654636, car
yolo3-29, 17654636, car
yolo8-25, 17654636, car
yolo3-28, 17654636, car
yolo9-27, 17654636, car
yolo3-28, 95597957, car
yolo10-26, 95597957, car
yolo7-25, 95597957, car
yolo5-28, 95597957, car
yolo4-28, 95597957, car
yolo8-25, 95597957, car
yolo9-27, 95597957, car
yolo3-29, 95597957, car
yolo3-28, 43961612, car
yolo3-29, 43961612, car
yolo7-25, 43961612, car
yolo9-27, 43961612, car
yolo10-26, 43961612, car
yolo4-28, 43961612, car
yolo8-25, 43961612, car
yolo5-28, 43961612, car
yolo3-29, 39814623, car
yolo3-28, 39814623, car
yolo10-26, 39814623, car
yolo8-25, 39814623, car
yolo7-25, 39814623, car
yolo5-28, 39814623, car
yolo9-27, 39814623, car
yolo4-28, 39814623, car
yolo7-25, 03208274, train
yolo3-28, 03208274, train
yolo5-28, 03208274, train
yolo4-28, 03208274, train
yolo10-26, 03208274, train
yolo8-25, 03208274, train
yolo9-27, 03208274, train
yolo3-29, 03208274, train
yolo7-25, 96308097, car
yolo10-26, 96308097, car
yolo5-28, 96308097, car
yolo4-28, 96308097, car
yolo8-25, 96308097, car
yolo3-28, 96308097, car
yolo3-29, 96308097, car
yolo9-27, 96308097, car
yolo7-25, 90736562, car
yolo3-28, 90736562, car
yolo9-27, 90736562, car
yolo3-29, 90736562, car
yolo10-26, 90736562, car
yolo5-28, 90736562, car
yolo8-25, 90736562, car
yolo4-28, 90736562, car
yolo7-25, 55963976, car
yolo10-26, 55963976, car
yolo3-28, 55963976, car
yolo3-29, 55963976, car
yolo5-28, 55963976, car
yolo8-25, 55963976, car
yolo9-27, 55963976, car
yolo4-28, 55963976, car
yolo7-25, 22882352, car
yolo3-28, 22882352, car
yolo3-29, 22882352, car
yolo10-26, 22882352, car
yolo9-27, 22882352, car
yolo8-25, 22882352, car
yolo4-28, 22882352, car
yolo5-28, 22882352, car
yolo7-25, 15961292, car
yolo10-26, 15961292, car
yolo5-28, 15961292, car
yolo3-28, 15961292, car
yolo3-29, 15961292, car
yolo9-27, 15961292, car
yolo8-25, 15961292, car
yolo4-28, 15961292, car
yolo7-25, 98587426, car
yolo10-26, 98587426, car
yolo3-29, 98587426, car
yolo8-25, 98587426, car
yolo3-28, 98587426, car
yolo5-28, 98587426, car
yolo4-28, 98587426, car
yolo9-27, 98587426, car
yolo7-25, 98613192, car
yolo3-29, 98613192, car
yolo3-28, 98613192, car
yolo10-26, 98613192, car
yolo9-27, 98613192, car
yolo5-28, 98613192, car
yolo4-28, 98613192, car
yolo8-25, 98613192, car
yolo10-26, 83439612, car
yolo3-28, 83439612, car
yolo4-28, 83439612, car
yolo7-25, 83439612, car
yolo8-25, 83439612, car
yolo3-29, 83439612, car
yolo5-28, 83439612, car
yolo9-27, 83439612, car
yolo7-25, 21172564, car
yolo3-28, 21172564, car
yolo10-26, 21172564, car
yolo8-25, 21172564, car
yolo3-29, 21172564, car
yolo5-28, 21172564, car
yolo4-28, 21172564, car
yolo9-27, 21172564, car
yolo7-25, 03679033, car
yolo5-28, 03679033, car
yolo10-26, 03679033, car
yolo3-28, 03679033, car
yolo8-25, 03679033, car
yolo9-27, 03679033, car
yolo4-28, 03679033, car
yolo3-29, 03679033, car
yolo7-25, 14201633, car
yolo10-26, 14201633, car
yolo3-28, 14201633, car
yolo5-28, 14201633, car
yolo3-29, 14201633, car
yolo9-27, 14201633, car
yolo8-25, 14201633, car
yolo4-28, 14201633, car
yolo7-25, 57237943, car
yolo10-26, 57237943, car
yolo3-29, 57237943, car
yolo5-28, 57237943, car
yolo9-27, 57237943, car
yolo3-28, 57237943, car
yolo4-28, 57237943, car
yolo8-25, 57237943, car
yolo7-25, 40571334, car
yolo10-26, 40571334, car
yolo3-28, 40571334, car
yolo5-28, 40571334, car
yolo3-29, 40571334, car
yolo9-27, 40571334, car
yolo4-28, 40571334, car
yolo8-25, 40571334, car
yolo7-25, 68416670, car
yolo10-26, 68416670, car
yolo3-28, 68416670, car
yolo3-29, 68416670, car
yolo9-27, 68416670, car
yolo8-25, 68416670, car
yolo5-28, 68416670, car
yolo4-28, 68416670, car
yolo5-28, 09059854, car
yolo7-25, 09059854, car
yolo8-25, 09059854, car
yolo9-27, 09059854, car
yolo4-28, 09059854, car
yolo3-29, 09059854, car
yolo10-26, 09059854, car
yolo3-28, 09059854, car
yolo3-28, 82914254, car
yolo3-29, 82914254, car
yolo7-25, 82914254, car
yolo4-28, 82914254, car
yolo8-25, 82914254, car
yolo10-26, 82914254, car
yolo5-28, 82914254, car
yolo9-27, 82914254, car
