
========== Time: 0 ==========

========== Time: 1 ==========

========== Time: 2 ==========
yolo9-0, 09654156, car
yolo9-0, 33043197, car
yolo9-0, 55630862, car
yolo9-0, 74648621, car
yolo9-0, 68350906, car
yolo9-0, 86773380, car
yolo9-0, 23572777, sofa
yolo9-0, 43185147, car
yolo9-0, 80637405, car
yolo9-0, 71856081, car
yolo9-0, 83884244, car
yolo9-0, 67892835, car
yolo9-0, 38649138, car
yolo9-0, 27421876, car
yolo9-0, 47132340, car
yolo9-0, 58590598, car
yolo9-0, 50789215, car
yolo9-0, 05457972, car
yolo9-0, 93026126, car
yolo9-0, 08635047, car

========== Time: 3 ==========
yolo9-0, 26228668, car
yolo9-0, 40974305, car
yolo9-0, 49520568, car
yolo9-0, 39624345, car
yolo9-0, 36079663, car
yolo9-0, 06527994, car
yolo9-0, 62930233, bottle
yolo9-0, 94764028, car
yolo9-0, 05587995, car
yolo9-0, 95440361, car
yolo9-0, 70225126, car
yolo9-0, 30465237, car
yolo9-0, 42035419, car
yolo9-0, 36637031, car

========== Time: 4 ==========
yolo9-0, 14026650, car
yolo9-0, 75279675, car
yolo9-0, 86436581, train
yolo9-0, 77342421, car
yolo9-0, 68635883, car
yolo9-0, 00366026, car
yolo9-0, 20063300, car
yolo9-0, 00038597, car
yolo9-0, 02031067, car
yolo9-0, 16653387, car
yolo9-0, 72226187, car
yolo9-0, 96925736, car
yolo9-0, 95867133, car
yolo9-0, 07003586, car
yolo9-0, 25969258, car
yolo9-0, 90505860, car

========== Time: 5 ==========
yolo9-0, 85464736, car
yolo6-1, 20063300, car
yolo9-0, 73600221, car
yolo6-1, 00038597, car
yolo6-1, 02031067, car
yolo9-0, 90807912, car
yolo6-1, 16653387, car
yolo6-1, 72226187, car
yolo9-0, 42120306, car
yolo6-1, 96925736, car
yolo6-1, 95867133, car
yolo9-0, 05445056, aeroplane
yolo6-1, 07003586, car
yolo6-1, 25969258, car
yolo6-1, 90505860, car
yolo9-0, 53266422, boat
yolo6-1, 85464736, car
yolo6-1, 73600221, car
yolo9-0, 81994485, car
yolo6-1, 90807912, car
yolo6-1, 42120306, car
yolo9-0, 27209886, car
yolo6-1, 05445056, aeroplane
yolo6-1, 53266422, boat
yolo9-0, 30200355, car
yolo6-1, 81994485, car
yolo6-1, 27209886, car
yolo9-0, 70700267, bottle
yolo6-1, 30200355, car
yolo6-1, 70700267, bottle
yolo9-0, 69286751, car
yolo6-1, 69286751, car
yolo9-0, 03652556, car
yolo6-1, 03652556, car
yolo6-1, 10807473, car
yolo9-0, 10807473, car
yolo9-0, 50898198, train
yolo6-1, 50898198, train
yolo6-1, 65740460, sofa
yolo9-0, 65740460, sofa

========== Time: 6 ==========
yolo9-0, 17322826, car
yolo6-1, 17322826, car
yolo9-0, 68710724, sofa
yolo6-1, 68710724, sofa
yolo9-0, 32518388, sofa
yolo6-1, 32518388, sofa
yolo9-0, 60250824, car
yolo6-1, 60250824, car
yolo9-0, 45619791, car
yolo6-1, 45619791, car
yolo9-0, 92340784, car
yolo6-1, 92340784, car
yolo6-1, 39634379, aeroplane
yolo9-0, 39634379, aeroplane
yolo9-0, 38548077, aeroplane
yolo6-1, 38548077, aeroplane
yolo6-1, 87326508, sofa
yolo9-0, 87326508, sofa
yolo9-0, 17980999, train
yolo6-1, 17980999, train
yolo9-0, 25891796, train
yolo6-1, 25891796, train
yolo9-0, 01931387, tvmonitor
yolo6-1, 01931387, tvmonitor
yolo9-0, 75157568, sofa
yolo6-1, 75157568, sofa
yolo6-1, 35891264, car
yolo9-0, 35891264, car
yolo6-1, 64357638, car
yolo9-0, 64357638, car

========== Time: 7 ==========
yolo9-0, 82782078, car
yolo6-1, 82782078, car
yolo6-1, 23378374, car
yolo9-0, 23378374, car
yolo6-1, 28937103, train
yolo9-0, 28937103, train
yolo9-0, 00665845, car
yolo6-1, 00665845, car
yolo9-0, 12963835, car
yolo6-1, 12963835, car
yolo9-0, 77877081, car
yolo6-1, 77877081, car
yolo6-1, 29785242, car
yolo9-0, 29785242, car
yolo6-1, 70157441, car
yolo9-0, 70157441, car
yolo6-1, 13328011, car
yolo9-0, 13328011, car
yolo6-1, 89770930, car
yolo9-0, 89770930, car
yolo9-0, 67227006, sofa
yolo6-1, 67227006, sofa
yolo9-0, 88200935, car
yolo6-1, 88200935, car
yolo9-0, 58221732, car
yolo6-1, 58221732, car
yolo9-0, 99898489, car
yolo6-1, 99898489, car
yolo9-0, 49231741, car
yolo6-1, 49231741, car
yolo9-0, 47090740, car
yolo6-1, 47090740, car
yolo6-1, 77992433, car
yolo9-0, 77992433, car

========== Time: 8 ==========
yolo9-0, 62575768, car
yolo6-1, 62575768, car
yolo6-1, 47567544, car
yolo9-0, 47567544, car
yolo6-1, 40635058, aeroplane
yolo9-0, 40635058, aeroplane
yolo9-0, 36875905, car
yolo6-1, 36875905, car
yolo6-1, 88071943, train
yolo9-0, 88071943, train
yolo6-1, 84124064, car
yolo9-0, 84124064, car
yolo9-0, 30681605, car
yolo6-1, 30681605, car
yolo9-0, 12033148, car
yolo6-1, 12033148, car
yolo9-0, 68656633, car
yolo6-1, 68656633, car
yolo6-1, 21958049, car
yolo6-1, 02330299, car
yolo6-1, 72335628, train
yolo6-1, 60551554, car
yolo6-1, 81346786, car
yolo6-1, 96661141, car
yolo6-1, 34114076, car

========== Time: 9 ==========
yolo6-1, 36553364, car
yolo6-1, 58177123, car
yolo6-1, 98658553, car
yolo6-1, 49705460, car
yolo6-1, 24790678, car
yolo6-1, 67997918, car
yolo6-1, 79919734, car
yolo6-1, 04938857, aeroplane
yolo6-1, 37371143, person
yolo6-1, 39596838, car
yolo6-1, 36440467, aeroplane
yolo6-1, 51556275, car
yolo6-1, 15822524, car
yolo6-1, 50424760, car
yolo3-2, 72335628, train
yolo6-1, 97730484, car
yolo3-2, 60551554, car
yolo3-2, 81346786, car
yolo6-1, 59095262, car
yolo3-2, 96661141, car
yolo6-1, 84171444, car
yolo3-2, 34114076, car
yolo3-2, 36553364, car
yolo6-1, 47864421, car
yolo3-2, 58177123, car
yolo6-1, 82718350, car
yolo3-2, 98658553, car
yolo3-2, 49705460, car
yolo6-1, 44426041, car
yolo3-2, 24790678, car
yolo3-2, 67997918, car
yolo6-1, 16934121, car
yolo3-2, 79919734, car
yolo3-2, 04938857, aeroplane
yolo6-1, 92874043, car
yolo3-2, 37371143, person
yolo3-2, 39596838, car
yolo6-1, 91584051, car
yolo3-2, 36440467, aeroplane
yolo3-2, 51556275, car
yolo6-1, 44062345, car
yolo3-2, 15822524, car
yolo3-2, 50424760, car
yolo6-1, 46895086, car
yolo3-2, 97730484, car
yolo3-2, 59095262, car
yolo6-1, 18519919, car
yolo3-2, 84171444, car
yolo3-2, 47864421, car
yolo6-1, 88481972, car
yolo3-2, 82718350, car
yolo3-2, 44426041, car
yolo6-1, 65484864, car
yolo3-2, 16934121, car
yolo6-1, 44291865, car
yolo3-2, 92874043, car
yolo3-2, 91584051, car
yolo6-1, 84664826, car
yolo3-2, 44062345, car
yolo2-3, 50424760, car
yolo3-2, 46895086, car
yolo6-1, 55105348, car
yolo3-2, 18519919, car
yolo2-3, 97730484, car

========== Time: 10 ==========
yolo2-3, 59095262, car
yolo3-2, 88481972, car
yolo6-1, 65320802, car
yolo2-3, 84171444, car
yolo3-2, 65484864, car
yolo2-3, 47864421, car
yolo3-2, 44291865, car
yolo3-2, 84664826, car
yolo2-3, 82718350, car
yolo3-2, 55105348, car
yolo2-3, 44426041, car
yolo3-2, 65320802, car
yolo6-1, 53386666, car
yolo2-3, 16934121, car
yolo3-2, 53386666, car
yolo2-3, 92874043, car
yolo6-1, 88659685, car
yolo3-2, 88659685, car
yolo2-3, 91584051, car
yolo3-2, 16146951, car
yolo6-1, 16146951, car
yolo2-3, 44062345, car
yolo6-1, 50557185, car
yolo3-2, 50557185, car
yolo2-3, 46895086, car
yolo3-2, 02376101, car
yolo6-1, 02376101, car
yolo2-3, 18519919, car
yolo3-2, 59954548, car
yolo6-1, 59954548, car
yolo2-3, 88481972, car
yolo3-2, 13654815, car
yolo6-1, 13654815, car
yolo2-3, 65484864, car
yolo2-3, 44291865, car
yolo3-2, 14223955, boat
yolo6-1, 14223955, boat
yolo3-2, 84482655, car
yolo3-2, 86537435, bottle
yolo3-2, 81371922, car
yolo3-2, 20183619, car
yolo3-2, 85353825, boat
yolo3-2, 44283888, car
yolo3-2, 46386863, car
yolo3-2, 51977760, sofa
yolo3-2, 83836442, car
yolo3-2, 31840432, train
yolo3-2, 32737574, car
yolo3-2, 07787259, sofa
yolo3-2, 86641177, car
yolo3-2, 23275088, bottle
yolo3-2, 28769198, aeroplane
yolo3-2, 66877810, car
yolo3-2, 15589004, car
yolo3-2, 04427212, car
yolo3-2, 92932001, sofa
yolo3-2, 66991151, car
yolo3-2, 17274782, car
yolo3-2, 16755586, car
yolo3-2, 87596534, car
yolo3-2, 42572522, car
yolo3-2, 16799607, car
yolo3-2, 93009958, car
yolo3-2, 25042147, car
yolo3-2, 50976516, car
yolo3-2, 01893686, car
yolo3-2, 73836351, car
yolo3-2, 29813151, car
yolo3-2, 42529959, car
yolo3-2, 93257088, car
yolo3-2, 80891292, aeroplane
yolo3-2, 90896678, car
yolo3-2, 30803506, car
yolo3-2, 76361886, car
yolo3-2, 54996271, car
yolo3-2, 19388422, car
yolo3-2, 42230863, car
yolo3-2, 02370114, car
yolo3-2, 84974894, car
yolo3-2, 68348606, car
yolo3-2, 45259629, car
yolo3-2, 05282563, car
yolo3-2, 25586520, car
yolo3-2, 62791134, car
yolo3-2, 11218418, car
yolo3-2, 55440381, car
yolo3-2, 42346434, car
yolo3-2, 16875996, car
yolo3-2, 58435596, car
yolo3-2, 84207519, car
yolo11-9, 11218418, car
yolo11-9, 55440381, car
yolo3-2, 85171089, car
yolo11-9, 42346434, car
yolo11-9, 16875996, car
yolo3-2, 23338768, car
yolo11-9, 58435596, car
yolo11-9, 84207519, car
yolo3-2, 07984659, car
yolo11-9, 85171089, car
yolo11-9, 23338768, car
yolo3-2, 60727099, car
yolo11-9, 07984659, car
yolo11-9, 60727099, car
yolo7-9, 85171089, car
yolo11-9, 14030907, car
yolo3-2, 14030907, car
yolo7-9, 23338768, car
yolo7-9, 07984659, car
yolo11-9, 17542183, car
yolo3-2, 17542183, car
yolo7-9, 60727099, car
yolo7-9, 14030907, car
yolo7-9, 17542183, car
yolo3-2, 61377807, car
yolo11-9, 61377807, car
yolo7-9, 61377807, car
yolo11-9, 78322782, car
yolo3-2, 78322782, car
yolo7-9, 78322782, car
yolo11-9, 78507320, boat
yolo7-9, 78507320, boat
yolo3-2, 78507320, boat
yolo7-9, 92654744, car
yolo3-2, 92654744, car
yolo11-9, 92654744, car
yolo7-9, 51456643, car
yolo11-9, 51456643, car
yolo3-2, 51456643, car
yolo7-9, 94851541, car
yolo11-9, 94851541, car
yolo3-2, 94851541, car
yolo7-9, 23537642, car
yolo11-9, 23537642, car
yolo3-2, 23537642, car
yolo7-9, 15812064, car
yolo11-9, 15812064, car
yolo3-2, 15812064, car
yolo7-9, 11619440, car
yolo11-9, 11619440, car
yolo3-2, 11619440, car
yolo7-9, 09940326, car
yolo11-9, 09940326, car
yolo3-2, 09940326, car
yolo7-9, 30451249, car
yolo11-9, 30451249, car
yolo3-2, 30451249, car

========== Time: 11 ==========
yolo7-9, 87409529, car
yolo11-9, 87409529, car
yolo3-2, 87409529, car
yolo11-9, 93154458, train
yolo7-9, 93154458, train
yolo3-2, 93154458, train
yolo11-9, 55347358, car
yolo3-2, 55347358, car
yolo7-9, 55347358, car
yolo7-9, 29519599, tvmonitor
yolo11-9, 29519599, tvmonitor
yolo3-2, 29519599, tvmonitor
yolo7-9, 16711779, aeroplane
yolo3-2, 16711779, aeroplane
yolo11-9, 16711779, aeroplane
yolo12-10, 30451249, car
yolo7-9, 31146952, sofa
yolo11-9, 31146952, sofa
yolo3-2, 31146952, sofa
yolo12-10, 87409529, car
yolo12-10, 93154458, train
yolo7-9, 73028325, bottle
yolo11-9, 73028325, bottle
yolo3-2, 73028325, bottle
yolo12-10, 55347358, car
yolo7-9, 01282670, car
yolo11-9, 01282670, car
yolo3-2, 01282670, car
yolo12-10, 29519599, tvmonitor
yolo3-2, 85570771, car
yolo11-9, 85570771, car
yolo7-9, 85570771, car
yolo7-9, 55342342, car
yolo11-9, 55342342, car
yolo3-2, 55342342, car
yolo7-9, 05365002, aeroplane
yolo3-2, 05365002, car
yolo11-9, 05365002, car
yolo7-9, 66091819, aeroplane
yolo11-9, 66091819, aeroplane
yolo3-2, 66091819, aeroplane
yolo11-9, 92744059, aeroplane
yolo3-2, 92744059, aeroplane
yolo7-9, 92744059, aeroplane
yolo11-9, 36001394, boat
yolo3-2, 36001394, boat
yolo7-9, 36001394, boat
yolo7-9, 56858851, boat
yolo11-9, 56858851, boat
yolo3-2, 56858851, boat

========== Time: 12 ==========
yolo7-9, 42473935, sofa
yolo3-2, 42473935, sofa
yolo11-9, 42473935, sofa
yolo7-9, 41980942, car
yolo11-9, 41980942, car
yolo3-2, 41980942, car
yolo7-9, 58159517, aeroplane
yolo11-9, 58159517, aeroplane
yolo3-2, 58159517, aeroplane
yolo11-9, 00673861, bottle
yolo3-2, 00673861, bottle
yolo7-9, 00673861, bottle
yolo7-9, 79724375, sofa
yolo11-9, 79724375, sofa
yolo3-2, 79724375, sofa
yolo11-9, 45337293, sofa
yolo3-2, 45337293, sofa
yolo7-9, 45337293, sofa
yolo7-9, 75522789, sofa
yolo11-9, 75522789, sofa
yolo3-2, 75522789, sofa
yolo7-9, 38469232, car
yolo11-9, 38469232, car
yolo11-9, 68829520, car
yolo7-9, 68829520, car
yolo7-9, 82606798, car
yolo11-9, 82606798, car
yolo7-9, 91630035, car
yolo11-9, 91630035, car
yolo11-9, 18501708, car
yolo7-9, 18501708, car
yolo7-9, 81933312, car
yolo11-9, 81933312, car
yolo7-9, 05513244, car
yolo11-9, 05513244, car
yolo7-9, 02535940, car
yolo11-9, 02535940, car

========== Time: 13 ==========
yolo11-9, 85254061, train
yolo7-9, 85254061, train
yolo7-9, 99072746, car
yolo11-9, 99072746, car
yolo7-9, 67697543, car
yolo11-9, 67697543, car
yolo7-9, 60786538, car
yolo11-9, 60786538, car
yolo7-9, 49705167, aeroplane
yolo11-9, 49705167, aeroplane
yolo7-9, 42664284, car
yolo11-9, 42664284, car
yolo7-9, 00761976, car
yolo11-9, 00761976, car
yolo7-9, 75135281, car
yolo11-9, 75135281, car
yolo7-9, 35074218, car
yolo11-9, 35074218, car
yolo7-9, 39611033, car
yolo11-9, 39611033, car
yolo7-9, 88304116, car
yolo11-9, 88304116, car
yolo11-9, 94088252, car
yolo7-9, 94088252, car
yolo11-9, 85109210, car
yolo7-9, 85109210, car
yolo7-9, 54717438, car
yolo11-9, 54717438, car
yolo7-9, 29825901, car
yolo11-9, 29825901, car
yolo11-9, 50584888, car

========== Time: 14 ==========
yolo7-9, 50584888, car
yolo11-9, 15119170, car
yolo7-9, 15119170, car
yolo7-9, 13523145, car
yolo11-9, 13523145, car
yolo11-9, 30368096, car
yolo7-9, 30368096, car
yolo11-9, 77619683, car
yolo7-9, 77619683, car
yolo11-9, 76745783, car
yolo7-9, 76745783, car
yolo11-9, 55432787, car
yolo7-9, 55432787, car
yolo11-9, 12753011, car
yolo7-9, 12753011, car
yolo7-12, 12753011, car
yolo7-9, 91805884, car
yolo7-12, 91805884, car
yolo11-9, 91805884, car
yolo7-9, 05079539, car
yolo7-12, 05079539, car
yolo7-9, 24311482, car
yolo7-12, 24311482, car
yolo7-12, 93844370, car
yolo7-9, 93844370, car
yolo7-9, 77956038, aeroplane
yolo7-12, 77956038, aeroplane
yolo7-12, 78521699, car
yolo7-9, 78521699, car
yolo7-12, 61893843, car
yolo7-9, 61893843, car
yolo7-9, 87801264, car
yolo7-12, 87801264, car

========== Time: 15 ==========
yolo7-9, 36099404, car
yolo7-12, 36099404, car
yolo7-9, 75537674, car
yolo7-12, 75537674, car
yolo4-9, 35074218, car
yolo4-10, 35074218, car
yolo7-9, 40815007, car
yolo7-12, 40815007, car
yolo4-9, 39611033, car
yolo4-10, 39611033, car
yolo4-10, 88304116, car
yolo4-9, 88304116, car
yolo7-9, 14672347, car
yolo7-12, 14672347, car
yolo4-9, 94088252, car
yolo4-10, 94088252, car
yolo4-10, 85109210, car
yolo4-9, 85109210, car
yolo7-12, 01176625, car
yolo7-9, 01176625, car
yolo4-10, 54717438, car
yolo4-9, 54717438, car
yolo4-9, 29825901, car
yolo7-12, 88787577, car
yolo7-9, 88787577, car
yolo7-9, 55493569, car
yolo7-12, 55493569, car
yolo4-9, 50584888, car
yolo4-10, 29825901, car
yolo7-9, 75188885, car
yolo7-12, 75188885, car
yolo4-9, 75188885, car
yolo4-10, 75188885, car
yolo7-12, 62675647, car
yolo7-9, 62675647, car
yolo4-10, 62675647, car
yolo4-9, 62675647, car
yolo7-9, 22572121, car
yolo4-10, 22572121, car
yolo7-12, 22572121, car
yolo4-9, 22572121, car
yolo7-12, 09581504, car
yolo7-9, 09581504, car
yolo4-9, 09581504, car
yolo4-10, 09581504, car
yolo7-9, 34533128, car
yolo7-12, 34533128, car
yolo4-9, 34533128, car
yolo4-10, 34533128, car
yolo7-12, 87652918, car
yolo7-9, 87652918, car
yolo4-10, 87652918, car
yolo4-9, 87652918, car
yolo7-9, 21573210, car
yolo4-10, 21573210, car
yolo7-12, 21573210, car
yolo4-9, 21573210, car
yolo7-12, 40065395, car
yolo4-10, 40065395, car
yolo7-9, 40065395, car
yolo4-9, 40065395, car
yolo7-9, 69034923, bottle
yolo4-10, 69034923, bottle
yolo4-9, 69034923, bottle
yolo7-12, 69034923, bottle
yolo7-9, 63068526, car
yolo7-12, 63068526, car
yolo4-9, 63068526, car
yolo4-10, 63068526, car
yolo7-9, 17936730, car
yolo7-12, 17936730, car
yolo4-9, 17936730, car
yolo4-10, 17936730, car
yolo4-9, 46820911, car
yolo7-12, 46820911, car
yolo7-9, 46820911, car
yolo4-10, 46820911, car
yolo7-12, 32001533, car
yolo7-9, 32001533, car
yolo4-10, 32001533, car
yolo4-9, 32001533, car

========== Time: 16 ==========
yolo7-12, 75524808, car
yolo7-9, 75524808, car
yolo4-9, 75524808, car
yolo4-10, 75524808, car
yolo7-12, 56507466, car
yolo4-9, 56507466, car
yolo7-9, 56507466, car
yolo4-10, 56507466, car
yolo4-10, 44911715, car
yolo4-9, 44911715, car
yolo7-9, 44911715, car
yolo7-12, 44911715, car
yolo4-9, 21705532, car
yolo4-10, 21705532, car
yolo7-9, 21705532, car
yolo7-12, 21705532, car
yolo7-12, 52909665, car
yolo7-9, 52909665, car
yolo4-9, 52909665, car
yolo4-10, 52909665, car
yolo7-12, 63163201, sofa
yolo7-9, 63163201, sofa
yolo4-9, 63163201, sofa
yolo4-10, 63163201, sofa
yolo7-12, 46767026, bottle
yolo7-9, 46767026, bottle
yolo4-9, 46767026, bottle
yolo4-10, 46767026, bottle
yolo7-12, 10192868, car
yolo7-9, 10192868, car
yolo4-10, 10192868, car
yolo4-9, 10192868, car
yolo7-9, 07425100, car
yolo7-12, 07425100, car
yolo4-10, 07425100, car
yolo7-9, 23778240, sofa
yolo4-10, 23778240, sofa
yolo7-12, 23778240, sofa

========== Time: 17 ==========
yolo7-12, 48086606, car
yolo7-9, 48086606, car
yolo4-10, 48086606, car
yolo7-9, 82039274, sofa
yolo4-10, 82039274, sofa
yolo7-12, 82039274, sofa
yolo7-9, 82724185, train
yolo4-10, 82724185, train
yolo7-12, 82724185, train
yolo7-12, 56227380, car
yolo4-10, 56227380, car
yolo7-9, 56227380, car
yolo7-9, 20639173, car
yolo7-12, 20639173, car
yolo4-10, 20639173, car
yolo7-9, 53230871, car
yolo7-12, 53230871, car
yolo4-10, 53230871, car
yolo7-9, 84422583, car
yolo7-12, 84422583, car
yolo4-10, 84422583, car
yolo7-12, 90735603, car
yolo7-9, 90735603, car
yolo4-10, 90735603, car
yolo7-12, 41466496, car
yolo4-10, 41466496, car
yolo7-12, 88688486, car
yolo4-10, 88688486, car
yolo7-12, 84375115, aeroplane
yolo4-10, 84375115, aeroplane
yolo7-12, 81543055, car
yolo4-10, 81543055, car
yolo4-10, 85065303, boat
yolo7-12, 85065303, boat
yolo4-10, 04648488, sofa
yolo7-12, 04648488, sofa

========== Time: 18 ==========
yolo4-10, 98414305, car
yolo7-12, 98414305, car
yolo7-12, 79474772, car
yolo4-10, 79474772, car
yolo7-12, 83404273, bottle
yolo4-10, 83404273, bottle
yolo7-12, 92010070, car
yolo4-10, 92010070, car
yolo4-10, 10352743, car
yolo7-12, 10352743, car
yolo7-12, 73692507, car
yolo4-10, 73692507, car
yolo7-12, 43834136, car
yolo4-10, 43834136, car
yolo7-12, 12429607, car
yolo4-10, 12429607, car
yolo7-12, 20668271, car
yolo4-10, 20668271, car
yolo7-12, 36956919, aeroplane
yolo4-10, 36956919, sofa
yolo7-12, 25643092, car
yolo4-10, 25643092, car
yolo7-12, 63139043, car
yolo4-10, 63139043, car
yolo8-17, 73692507, car
yolo7-12, 00937721, car
yolo8-17, 43834136, car
yolo4-10, 00937721, car
yolo8-17, 12429607, car
yolo8-17, 20668271, car
yolo4-10, 44907846, car
yolo7-12, 44907846, car
yolo8-17, 36956919, sofa
yolo7-12, 34253409, car
yolo8-17, 25643092, car
yolo4-10, 34253409, car
yolo8-17, 63139043, car
yolo8-17, 00937721, car
yolo4-10, 58955226, car
yolo7-12, 58955226, car
yolo8-17, 44907846, car
yolo8-17, 34253409, car

========== Time: 19 ==========
yolo7-12, 23517253, car
yolo4-10, 23517253, car
yolo8-17, 58955226, car
yolo7-12, 56444020, car
yolo8-17, 23517253, car
yolo4-10, 56444020, car
yolo8-17, 56444020, car
yolo7-12, 20833952, car
yolo4-10, 20833952, car
yolo8-17, 20833952, car
yolo7-12, 59438398, car
yolo8-17, 59438398, car
yolo4-10, 59438398, car
yolo7-12, 84471776, car
yolo8-17, 84471776, car
yolo4-10, 84471776, car
yolo7-12, 28923813, car
yolo8-17, 28923813, car
yolo4-10, 28923813, car
yolo7-12, 27798436, car
yolo4-10, 27798436, car
yolo8-17, 27798436, car
yolo8-17, 80773069, car
yolo7-12, 80773069, car
yolo4-10, 80773069, car
yolo8-17, 02708499, car
yolo7-12, 02708499, car
yolo4-10, 02708499, car
yolo7-12, 20439187, car
yolo4-10, 20439187, car
yolo8-17, 20439187, car
yolo7-12, 71651419, car
yolo8-17, 71651419, car
yolo7-12, 75131862, car
yolo8-17, 75131862, car
yolo8-17, 60340176, car
yolo7-12, 60340176, car
yolo7-12, 44285925, car
yolo8-17, 44285925, car
yolo7-12, 75867395, car
yolo8-17, 75867395, car
yolo7-12, 69938518, car
yolo8-17, 69938518, car
yolo7-12, 92396140, car
yolo8-17, 92396140, car

========== Time: 20 ==========
yolo7-12, 14109474, car
yolo8-17, 14109474, car
yolo8-17, 37853982, car
yolo7-12, 37853982, car
yolo7-12, 50980315, car
yolo8-17, 50980315, car
yolo7-12, 59821092, car
yolo8-17, 59821092, car
yolo8-17, 21860122, car
yolo7-12, 21860122, car
yolo7-12, 22129605, car
yolo8-17, 22129605, car
yolo7-12, 42996348, car
yolo7-19, 42996348, car
yolo8-17, 42996348, car
yolo7-12, 53101747, car
yolo7-19, 53101747, car
yolo8-17, 53101747, car
yolo7-19, 36888961, car
yolo7-12, 36888961, car
yolo8-17, 36888961, car
yolo8-17, 34980253, car
yolo7-12, 34980253, car
yolo7-19, 34980253, car
yolo7-19, 14772648, car
yolo8-17, 14772648, car
yolo8-17, 17877972, car
yolo7-19, 17877972, car
yolo7-19, 43277633, car
yolo8-17, 43277633, car
yolo8-17, 05491482, car
yolo7-19, 05491482, car
yolo7-19, 88265428, car
yolo8-17, 88265428, car
yolo12-19, 59821092, car
yolo7-19, 70715578, car
yolo8-17, 70715578, car
yolo12-19, 21860122, car

========== Time: 21 ==========
yolo8-17, 25788796, car
yolo7-19, 25788796, car
yolo12-19, 22129605, car
yolo7-19, 59406360, car
yolo12-19, 42996348, car
yolo8-17, 59406360, car
yolo8-17, 42167763, sofa
yolo12-19, 53101747, car
yolo7-19, 42167763, sofa
yolo12-19, 36888961, car
yolo8-17, 83365927, car
yolo7-19, 83365927, car
yolo12-19, 34980253, car
yolo12-19, 14772648, car
yolo7-19, 18739370, train
yolo8-17, 18739370, train
yolo12-19, 17877972, car
yolo5-16, 50980315, car
yolo12-19, 43277633, car
yolo5-16, 59821092, car
yolo7-19, 37788186, sofa
yolo8-17, 37788186, sofa
yolo12-19, 05491482, car
yolo5-16, 21860122, car
yolo12-19, 88265428, car
yolo5-16, 22129605, car
yolo8-17, 45272590, car
yolo3-18, 21860122, car
yolo12-19, 70715578, car
yolo5-16, 42996348, car
yolo12-19, 25788796, car
yolo3-18, 22129605, car
yolo3-18, 42996348, car
yolo12-19, 59406360, car
yolo8-17, 27741050, car
yolo5-16, 53101747, car
yolo12-19, 42167763, sofa
yolo5-16, 36888961, car
yolo8-17, 42423879, boat
yolo12-19, 83365927, car
yolo3-18, 53101747, car
yolo5-16, 34980253, car
yolo8-17, 72623138, sofa
yolo5-16, 14772648, car
yolo8-17, 17010841, train
yolo5-16, 17877972, car
yolo3-18, 36888961, car
yolo5-16, 43277633, car
yolo3-18, 34980253, car
yolo8-17, 04936954, car
yolo5-16, 05491482, car
yolo3-18, 14772648, car
yolo5-16, 88265428, car
yolo3-18, 17877972, car
yolo3-18, 43277633, car
yolo8-17, 43175072, sofa
yolo5-16, 70715578, car
yolo3-18, 05491482, car
yolo5-16, 25788796, car
yolo8-17, 76842224, car
yolo7-19, 45272590, car
yolo3-18, 88265428, car
yolo5-16, 59406360, car
yolo7-19, 27741050, car
yolo8-17, 45699431, sofa
yolo3-18, 70715578, car
yolo5-16, 42167763, sofa

========== Time: 22 ==========
yolo7-19, 42423879, boat
yolo3-18, 25788796, car
yolo5-16, 83365927, car
yolo8-17, 52167945, sofa
yolo7-19, 72623138, boat
yolo3-18, 59406360, car
yolo5-16, 18739370, train
yolo7-19, 17010841, train
yolo5-16, 37788186, sofa
yolo3-18, 42167763, sofa
yolo7-19, 04936954, car
yolo8-17, 36904735, train
yolo5-16, 45272590, car
yolo3-18, 83365927, car
yolo7-19, 43175072, sofa
yolo3-18, 18739370, train
yolo5-16, 27741050, car
yolo7-19, 76842224, car
yolo5-16, 42423879, boat
yolo8-17, 56152904, sofa
yolo3-18, 37788186, sofa
yolo7-19, 45699431, sofa
yolo5-16, 72623138, sofa
yolo3-18, 45272590, car
yolo7-19, 52167945, bottle
yolo5-16, 17010841, train
yolo3-18, 27741050, car
yolo8-17, 76388876, car
yolo7-19, 36904735, train
yolo5-16, 04936954, car
yolo3-18, 42423879, boat
yolo7-19, 56152904, sofa
yolo5-16, 43175072, sofa
yolo8-17, 12060280, car
yolo7-19, 76388876, car
yolo3-18, 72623138, sofa
yolo5-16, 76842224, car
yolo7-19, 12060280, car
yolo3-18, 17010841, train
yolo5-16, 45699431, sofa
yolo7-19, 90619181, car
yolo8-17, 90619181, car
yolo3-18, 04936954, car
yolo5-16, 52167945, sofa
yolo3-18, 43175072, sofa
yolo5-16, 36904735, train
yolo3-18, 76842224, car
yolo7-19, 32712398, car
yolo5-16, 56152904, sofa
yolo3-18, 45699431, sofa
yolo8-17, 32712398, car
yolo5-16, 76388876, car
yolo3-18, 52167945, sofa
yolo7-19, 58691817, car
yolo5-16, 12060280, car
yolo3-18, 36904735, train
yolo5-16, 90619181, car
yolo3-18, 56152904, sofa
yolo7-19, 87245440, car
yolo5-16, 32712398, car
yolo3-18, 76388876, car
yolo5-16, 58691817, car
yolo3-18, 12060280, car
yolo3-18, 90619181, car
yolo7-19, 10793454, car
yolo5-16, 87245440, car
yolo3-18, 32712398, car
yolo5-16, 10793454, car
yolo7-19, 90205245, car
yolo3-18, 58691817, car
yolo5-16, 90205245, car
yolo3-18, 87245440, car
yolo5-16, 52395511, car
yolo7-19, 52395511, car
yolo3-18, 10793454, car
yolo3-18, 90205245, car
yolo5-16, 28979177, car
yolo7-19, 28979177, car
yolo3-18, 52395511, car
yolo7-19, 44367866, car
yolo5-16, 44367866, car
yolo3-18, 28979177, car
yolo3-18, 44367866, car

========== Time: 23 ==========
yolo7-19, 05286798, car
yolo5-16, 05286798, car
yolo3-18, 05286798, car
yolo7-19, 52710312, car
yolo3-18, 52710312, car
yolo5-16, 52710312, car
yolo7-19, 65307593, car
yolo3-18, 65307593, car
yolo5-16, 65307593, car
yolo7-19, 57769558, car
yolo5-16, 57769558, car
yolo3-18, 57769558, car
yolo7-19, 67423751, car
yolo3-18, 67423751, car
yolo5-16, 67423751, car
yolo7-19, 08297411, car
yolo5-16, 08297411, car
yolo3-18, 08297411, car
yolo7-19, 56537560, car
yolo5-16, 56537560, car
yolo3-18, 56537560, car
yolo5-16, 27340630, car
yolo7-19, 27340630, car
yolo3-18, 27340630, car
yolo7-19, 76334375, car
yolo5-16, 76334375, car
yolo3-18, 76334375, car
yolo7-19, 61332183, car
yolo3-18, 61332183, car
yolo5-16, 61332183, car
yolo7-19, 86720233, car
yolo5-16, 86720233, car
yolo7-19, 14533300, car
yolo5-16, 14533300, car
yolo7-19, 06825249, car
yolo5-16, 06825249, car
yolo5-16, 19130252, car
yolo7-19, 19130252, car
yolo7-19, 58895879, car
yolo5-16, 58895879, car
yolo7-19, 71602790, car
yolo5-16, 71602790, car
yolo7-19, 01206991, car
yolo5-16, 01206991, car

========== Time: 24 ==========
yolo7-19, 98138154, car
yolo5-16, 98138154, car
yolo7-19, 06629371, car
yolo5-16, 06629371, car
yolo4-19, 14533300, car
yolo4-19, 06825249, car
yolo7-19, 78625912, car
yolo5-16, 78625912, car
yolo4-19, 19130252, car
yolo7-19, 46275967, car
yolo5-16, 46275967, car
yolo4-19, 58895879, car
yolo4-19, 71602790, car
yolo7-19, 84916459, car
yolo5-16, 84916459, car
yolo4-19, 01206991, car
yolo4-19, 98138154, car
yolo7-19, 89055030, bottle
yolo5-16, 89055030, car
yolo4-19, 06629371, car
yolo5-16, 45746417, car
yolo4-19, 78625912, car
yolo7-19, 45746417, car
yolo4-19, 46275967, car
yolo4-19, 84916459, car
yolo7-19, 93928673, car
yolo5-16, 93928673, car
yolo4-19, 89055030, car
yolo7-19, 33557542, car
yolo4-19, 45746417, car
yolo5-16, 33557542, car
yolo3-22, 33557542, car
yolo4-19, 93928673, car
yolo4-19, 33557542, car
yolo7-19, 34187331, car
yolo3-22, 34187331, car
yolo5-16, 34187331, car
yolo4-19, 34187331, car
yolo5-16, 41052400, car
yolo7-19, 41052400, car
yolo3-22, 41052400, car
yolo4-19, 41052400, car
yolo3-22, 87530022, car
yolo7-19, 87530022, car
yolo5-16, 87530022, car
yolo4-19, 87530022, car
yolo5-16, 69207666, car
yolo7-19, 69207666, car
yolo3-22, 69207666, car
yolo4-19, 69207666, car
yolo7-19, 72842165, car
yolo3-22, 72842165, car
yolo4-19, 72842165, car
yolo5-16, 72842165, car
yolo7-19, 62534879, car

========== Time: 25 ==========
yolo7-19, 16876952, car
yolo3-22, 62534879, car
yolo5-16, 62534879, car
yolo4-19, 62534879, car
yolo3-22, 16876952, car
yolo5-16, 16876952, car
yolo7-19, 02580252, car
yolo3-22, 02580252, car
yolo5-16, 02580252, car
yolo4-19, 16876952, car
yolo4-19, 02580252, car
yolo7-19, 66379937, car
yolo5-16, 66379937, car
yolo3-22, 66379937, car
yolo4-19, 66379937, car
yolo7-19, 66723455, car
yolo3-22, 66723455, car
yolo4-19, 66723455, car
yolo5-16, 66723455, car
yolo4-19, 13569799, car
yolo4-24, 13569799, car
yolo3-22, 13569799, car
yolo7-19, 13569799, car
yolo5-16, 13569799, car
yolo7-19, 36973256, car
yolo4-24, 36973256, car
yolo4-19, 36973256, car
yolo3-22, 36973256, car
yolo5-16, 36973256, car
yolo4-24, 93140424, car
yolo3-22, 93140424, car
yolo7-19, 93140424, car
yolo4-19, 93140424, car
yolo5-16, 93140424, car
yolo4-19, 11151021, car
yolo4-24, 11151021, car
yolo5-16, 11151021, car
yolo3-22, 11151021, car
yolo7-19, 11151021, car
yolo7-19, 78511617, car
yolo3-22, 78511617, car
yolo4-19, 78511617, car
yolo4-24, 78511617, car
yolo7-19, 56285546, car
yolo3-22, 56285546, car
yolo4-19, 56285546, car
yolo4-24, 56285546, car
yolo7-19, 82523550, car
yolo4-19, 82523550, car
yolo4-24, 82523550, car
yolo3-22, 82523550, car
yolo7-19, 81839229, car
yolo4-19, 81839229, car
yolo4-24, 81839229, car
yolo3-22, 81839229, car
yolo7-19, 20395974, car
yolo3-22, 20395974, car
yolo4-24, 20395974, car
yolo4-19, 20395974, car
yolo4-19, 55072474, car
yolo7-19, 55072474, car
yolo3-22, 55072474, car
yolo4-24, 55072474, car
yolo4-24, 09260041, car
yolo7-19, 09260041, car
yolo4-19, 09260041, car
yolo3-22, 09260041, car
yolo4-24, 77335111, car
yolo4-19, 77335111, car
yolo7-19, 77335111, car
yolo3-22, 77335111, car
yolo4-19, 63535667, car
yolo3-22, 63535667, car
yolo4-24, 63535667, car
yolo7-19, 63535667, car
yolo7-19, 06858308, car
yolo4-19, 06858308, car
yolo4-24, 06858308, car
yolo3-22, 06858308, car
yolo3-22, 06028388, car
yolo4-24, 06028388, car
yolo4-19, 06028388, car
yolo7-19, 06028388, car
yolo7-19, 78484796, car
yolo3-22, 78484796, car
yolo4-24, 78484796, car
yolo4-19, 78484796, car
yolo4-24, 54259165, car
yolo7-19, 54259165, car
yolo4-19, 54259165, car
yolo3-22, 54259165, car
yolo3-22, 74064808, car
yolo7-19, 74064808, car
yolo4-24, 74064808, car
yolo4-19, 74064808, car
yolo7-19, 91138989, car
yolo3-22, 91138989, car
yolo4-24, 91138989, car
yolo4-19, 91138989, car
yolo7-19, 87344668, car
yolo3-22, 87344668, car
yolo4-19, 87344668, car
yolo4-24, 87344668, car
yolo4-19, 19950005, boat
yolo7-19, 19950005, boat
yolo4-24, 19950005, boat
yolo3-22, 19950005, boat
yolo7-19, 84660211, car
yolo4-19, 84660211, car
yolo4-24, 84660211, car
yolo3-22, 84660211, car
yolo7-19, 98835364, car
yolo3-22, 98835364, car
yolo4-19, 98835364, car
yolo4-24, 98835364, car
yolo7-19, 69298368, car
yolo4-19, 69298368, car
yolo4-24, 69298368, car
yolo3-22, 69298368, car
yolo7-19, 93049954, car
yolo4-19, 93049954, car
yolo3-22, 93049954, car
yolo4-24, 93049954, car
yolo7-19, 35465595, car
yolo3-22, 35465595, car
yolo4-24, 35465595, car
yolo4-19, 35465595, car
yolo7-19, 91513062, car
yolo4-19, 91513062, car
yolo3-22, 91513062, car
yolo4-24, 91513062, car

========== Time: 26 ==========
yolo7-19, 81337879, car
yolo3-22, 81337879, car
yolo4-24, 81337879, car
yolo4-19, 81337879, car
yolo7-19, 61149715, car
yolo4-19, 61149715, car
yolo3-22, 61149715, car
yolo4-24, 61149715, car
yolo7-19, 76062758, car
yolo4-19, 76062758, car
yolo3-22, 76062758, car
yolo4-24, 76062758, car
yolo7-19, 92752791, car
yolo3-22, 92752791, car
yolo4-24, 92752791, car
yolo4-19, 92752791, car

========== Time: 27 ==========
yolo7-19, 31642440, car
yolo3-22, 31642440, car
yolo4-19, 31642440, car
yolo4-24, 31642440, car
yolo7-19, 89422066, train
yolo4-19, 89422066, train
yolo3-22, 89422066, train
yolo4-24, 89422066, train
yolo7-19, 36199529, aeroplane
yolo3-22, 36199529, sofa
yolo4-19, 36199529, train
yolo4-24, 36199529, sofa
yolo7-19, 69451394, aeroplane
yolo4-19, 69451394, car
yolo4-24, 69451394, car
yolo3-22, 69451394, car
yolo7-19, 77537985, aeroplane
yolo3-22, 77537985, car
yolo4-19, 77537985, car
yolo7-19, 10190391, aeroplane
yolo3-22, 10190391, car
yolo4-19, 10190391, car
yolo4-23, 10190391, car
yolo3-22, 74712236, car
yolo7-19, 74712236, aeroplane
yolo4-19, 74712236, car
yolo4-23, 74712236, car
yolo7-19, 35589739, aeroplane
yolo3-22, 35589739, aeroplane
yolo4-23, 35589739, aeroplane
yolo4-19, 35589739, aeroplane
yolo7-19, 16437616, aeroplane
yolo3-22, 16437616, sofa
yolo4-23, 16437616, sofa
yolo3-22, 92604016, boat
yolo7-19, 92604016, aeroplane
yolo4-23, 92604016, boat
yolo7-19, 62580421, aeroplane
yolo4-23, 62580421, car
yolo3-22, 62580421, car
yolo3-22, 74474367, car
yolo4-23, 74474367, car
yolo7-19, 74474367, aeroplane
yolo4-23, 25076392, sofa
yolo3-22, 25076392, sofa
yolo7-19, 25076392, aeroplane
yolo7-19, 10578676, aeroplane
yolo4-23, 10578676, car
yolo3-22, 10578676, car
yolo3-22, 52257673, car
yolo7-19, 52257673, aeroplane
yolo4-23, 52257673, car
yolo3-22, 89822485, car
yolo7-19, 89822485, aeroplane
yolo4-23, 89822485, car

========== Time: 28 ==========
yolo4-23, 99250180, car
yolo3-22, 99250180, car
yolo7-19, 99250180, aeroplane
yolo7-19, 56957428, aeroplane
yolo4-23, 56957428, car
yolo3-22, 56957428, car
yolo6-22, 76062758, car
yolo4-23, 14904592, car
yolo7-19, 14904592, aeroplane
yolo3-22, 14904592, car
yolo6-22, 92752791, car
yolo7-19, 14484846, aeroplane
yolo6-22, 31642440, car
yolo4-23, 14484846, car
yolo3-22, 14484846, car
yolo6-22, 89422066, train
yolo12-23, 25076392, sofa
yolo7-19, 16044714, aeroplane
yolo3-22, 16044714, car
yolo4-23, 16044714, car
yolo6-22, 36199529, train
yolo12-23, 10578676, car
yolo6-22, 69451394, car
yolo12-23, 52257673, car
yolo3-22, 11547778, sofa
yolo4-23, 11547778, sofa
yolo7-19, 11547778, aeroplane
yolo6-22, 77537985, car
yolo12-23, 89822485, car
yolo6-22, 10190391, car
yolo12-23, 99250180, car
yolo7-19, 92632574, aeroplane
yolo3-22, 92632574, car
yolo4-23, 92632574, car
yolo12-23, 56957428, car
yolo6-22, 74712236, car
yolo6-22, 35589739, aeroplane
yolo12-23, 14904592, car
yolo3-22, 46333835, car
yolo7-19, 46333835, aeroplane
yolo4-23, 46333835, car
yolo12-23, 14484846, car
yolo6-22, 16437616, sofa
yolo12-23, 16044714, car
yolo6-22, 92604016, boat
yolo7-19, 95088440, aeroplane
yolo3-22, 95088440, car
yolo4-23, 95088440, car
yolo12-23, 11547778, sofa
yolo6-22, 62580421, car
yolo6-22, 74474367, car
yolo12-23, 92632574, car
yolo7-19, 35806067, aeroplane
yolo4-23, 35806067, car
yolo3-22, 35806067, car
yolo6-22, 25076392, sofa
yolo12-23, 46333835, car
yolo4-23, 66003179, train
yolo3-22, 66003179, train
yolo7-19, 66003179, sofa
yolo6-22, 10578676, car
yolo12-23, 95088440, car
yolo6-22, 52257673, car
yolo12-23, 35806067, car
yolo7-19, 10689961, aeroplane
yolo3-22, 10689961, car
yolo4-23, 10689961, car
yolo12-23, 66003179, train
yolo6-22, 89822485, car
yolo12-23, 10689961, car
yolo6-22, 99250180, car
yolo7-19, 61611918, aeroplane
yolo4-23, 61611918, car
yolo3-22, 61611918, car
yolo6-22, 56957428, car
yolo12-23, 61611918, car
yolo7-19, 12452535, aeroplane
yolo12-23, 12452535, car
yolo6-22, 14904592, car
yolo4-23, 12452535, car
yolo3-22, 12452535, car
yolo6-22, 14484846, car
yolo12-23, 58827252, car
yolo3-22, 58827252, car
yolo7-19, 58827252, aeroplane
yolo4-23, 58827252, car
yolo6-22, 16044714, car
yolo3-22, 19807717, bottle
yolo12-23, 19807717, bottle
yolo4-23, 19807717, bottle
yolo6-22, 11547778, sofa
yolo7-19, 19807717, aeroplane

========== Time: 29 ==========
yolo6-22, 92632574, car
yolo7-19, 78836006, aeroplane
yolo4-23, 78836006, car
yolo12-23, 78836006, car
yolo3-22, 78836006, car
yolo6-22, 46333835, car
yolo7-19, 67719557, aeroplane
yolo3-22, 67719557, car
yolo6-22, 95088440, car
yolo12-23, 67719557, car
yolo4-23, 67719557, car
yolo6-22, 35806067, car
yolo6-22, 66003179, train
yolo4-23, 72239787, car
yolo12-23, 72239787, car
yolo7-19, 72239787, car
yolo3-22, 72239787, car
yolo6-22, 10689961, car
yolo4-23, 23759995, car
yolo12-23, 23759995, car
yolo3-22, 23759995, car
yolo7-19, 23759995, car
yolo6-22, 61611918, car
yolo6-22, 12452535, car
yolo3-22, 03609186, car
yolo7-19, 03609186, car
yolo12-23, 03609186, car
yolo4-23, 03609186, car
yolo6-22, 58827252, car
yolo6-22, 19807717, bottle
yolo7-19, 32218401, car
yolo3-22, 32218401, car
yolo4-23, 32218401, car
yolo12-23, 32218401, car
yolo6-22, 78836006, car
yolo6-22, 67719557, car
yolo7-19, 19206481, boat
yolo4-23, 19206481, boat
yolo12-23, 19206481, boat
yolo3-22, 19206481, boat
yolo6-22, 72239787, car
yolo6-22, 23759995, car
yolo7-19, 25525304, car
yolo12-23, 25525304, car
yolo4-23, 25525304, car
yolo3-22, 25525304, car
yolo6-22, 03609186, car
yolo6-22, 32218401, car
yolo12-23, 49714518, car
yolo4-23, 49714518, car
yolo6-22, 19206481, boat
yolo3-22, 49714518, car
yolo7-19, 49714518, car
yolo6-22, 25525304, car
yolo7-19, 00786202, train
yolo3-22, 00786202, train
yolo4-23, 00786202, train
yolo6-22, 49714518, car
yolo12-23, 00786202, train
yolo6-22, 00786202, train
yolo3-22, 23577310, car
yolo7-19, 23577310, car
yolo4-23, 23577310, car
yolo12-23, 23577310, car
yolo6-22, 23577310, car
yolo7-19, 02116306, car
yolo4-23, 02116306, car
yolo12-23, 02116306, car
yolo6-22, 02116306, car
yolo7-19, 77059072, car
yolo4-23, 77059072, car
yolo6-22, 77059072, car
yolo12-23, 77059072, car

========== Time: 30 ==========
yolo7-19, 43137434, car
yolo12-23, 43137434, car
yolo4-23, 43137434, car
yolo6-22, 43137434, car
yolo7-19, 95295315, car
yolo4-23, 95295315, car
yolo6-22, 95295315, car
yolo12-23, 95295315, car
yolo7-19, 69226373, car
yolo12-23, 69226373, car
yolo4-23, 69226373, car
yolo6-22, 69226373, car
yolo4-23, 04840673, car
yolo12-23, 04840673, car
yolo7-19, 04840673, car
yolo6-22, 04840673, car
yolo12-23, 02700374, car
yolo6-22, 02700374, car
yolo4-23, 02700374, car
yolo7-19, 02700374, sofa
yolo12-23, 06553316, car
yolo6-22, 06553316, car
yolo7-19, 06553316, car
yolo4-23, 06553316, car
yolo4-28, 06553316, car
yolo7-19, 41341313, car
yolo4-23, 41341313, car
yolo6-22, 41341313, car
yolo4-28, 41341313, car
yolo12-23, 41341313, car
yolo4-23, 45568206, train
yolo7-19, 45568206, aeroplane
yolo4-28, 45568206, train
yolo6-22, 45568206, train
yolo12-23, 45568206, train
yolo12-23, 67692952, train
yolo7-19, 67692952, train
yolo4-23, 67692952, train
yolo4-28, 67692952, train
yolo6-22, 67692952, train
yolo4-28, 16152193, car
yolo4-23, 16152193, car
yolo4-28, 21736198, train
yolo4-23, 21736198, train
yolo4-23, 95214466, aeroplane
yolo4-28, 95214466, aeroplane
yolo10-26, 95295315, car
yolo4-23, 84414687, car
yolo4-28, 84414687, car
yolo10-26, 69226373, car
yolo10-26, 04840673, car
yolo10-26, 02700374, car
yolo4-28, 55047940, car
yolo4-23, 55047940, car
yolo7-25, 55047940, car
yolo10-26, 06553316, car
yolo10-26, 41341313, car
yolo7-25, 11068154, car
yolo4-28, 11068154, car
yolo4-23, 11068154, car
yolo10-26, 45568206, train
yolo10-26, 67692952, train
yolo7-25, 95371199, car
yolo4-23, 95371199, car
yolo4-28, 95371199, car
yolo10-26, 16152193, car
yolo10-26, 21736198, train
yolo7-25, 90731360, car
yolo4-23, 90731360, car
yolo4-28, 90731360, car
yolo10-26, 95214466, aeroplane
yolo10-26, 84414687, car
yolo7-25, 91729475, car
yolo4-28, 91729475, car
yolo10-26, 55047940, car
yolo4-23, 91729475, car
yolo10-26, 11068154, car
yolo10-26, 95371199, car
yolo7-25, 41206944, car
yolo4-23, 41206944, car
yolo4-28, 41206944, car
yolo10-26, 90731360, car
yolo10-26, 91729475, car
yolo4-23, 49362362, car
yolo4-28, 49362362, car
yolo7-25, 49362362, car
yolo10-26, 41206944, car
yolo10-26, 49362362, car
yolo4-23, 71045027, car
yolo4-28, 71045027, car
yolo7-25, 71045027, car
yolo10-26, 71045027, car
yolo7-25, 23007495, car
yolo4-23, 23007495, car
yolo10-26, 23007495, car
yolo4-28, 23007495, car
yolo7-25, 00583938, car
yolo10-26, 00583938, car
yolo4-28, 00583938, car
yolo4-23, 00583938, car
yolo7-25, 05982953, car
yolo10-26, 05982953, car
yolo4-28, 05982953, car
yolo4-23, 05982953, car
yolo7-25, 19888139, car
yolo4-23, 19888139, car
yolo10-26, 19888139, car
yolo4-28, 19888139, car
yolo7-25, 64284109, car
yolo10-26, 64284109, car
yolo4-23, 64284109, car
yolo4-28, 64284109, car
yolo7-25, 48918514, car
yolo10-26, 48918514, car
yolo4-28, 48918514, car
yolo4-23, 48918514, car
yolo7-25, 23110170, car
yolo10-26, 23110170, car
yolo4-23, 23110170, car
yolo4-28, 23110170, car
yolo7-25, 55743762, car
yolo4-28, 55743762, car
yolo4-23, 55743762, car
yolo10-26, 55743762, car
yolo7-25, 19836084, car
yolo4-28, 19836084, car
yolo4-23, 19836084, car
yolo10-26, 19836084, car
yolo7-25, 20605395, car
yolo10-26, 20605395, car
yolo4-23, 20605395, car
yolo4-28, 20605395, car
yolo7-25, 55763966, car
yolo10-26, 55763966, car
yolo4-23, 55763966, car
yolo4-28, 55763966, car
yolo10-26, 67546046, train
yolo7-25, 67546046, train
yolo4-28, 67546046, train
yolo4-23, 67546046, train
yolo7-25, 99684166, car
yolo10-26, 99684166, car
yolo4-28, 99684166, car
yolo4-23, 99684166, car
yolo7-25, 77463524, car
yolo10-26, 77463524, car
yolo4-28, 77463524, car
yolo4-23, 77463524, car
yolo5-28, 20605395, car
yolo7-25, 91039049, car
yolo10-26, 91039049, car
yolo4-23, 91039049, car
yolo4-28, 91039049, car
yolo5-28, 55763966, car
yolo5-28, 67546046, train
yolo7-25, 80637260, car
yolo10-26, 80637260, car
yolo4-28, 80637260, car
yolo4-23, 80637260, car
yolo5-28, 99684166, car
yolo5-28, 77463524, car
yolo8-25, 99684166, car
yolo7-25, 06451477, car
yolo10-26, 06451477, car
yolo5-28, 91039049, car
yolo4-23, 06451477, car
yolo4-28, 06451477, car
yolo8-25, 77463524, car
yolo5-28, 80637260, car
yolo8-25, 91039049, car
yolo10-26, 23683587, car
yolo7-25, 23683587, car
yolo5-28, 06451477, car
yolo4-28, 23683587, car
yolo4-23, 23683587, car
yolo8-25, 80637260, car
yolo5-28, 23683587, car
yolo8-25, 06451477, car
yolo7-25, 62991653, car
yolo4-23, 62991653, car
yolo4-28, 62991653, car
yolo10-26, 62991653, car
yolo5-28, 62991653, car
yolo8-25, 23683587, car
yolo8-25, 62991653, car
yolo7-25, 99932217, car
yolo5-28, 99932217, car
yolo4-28, 99932217, car
yolo10-26, 99932217, car
yolo8-25, 99932217, car
yolo4-23, 99932217, car
yolo7-25, 55847325, car
yolo8-25, 55847325, car
yolo4-23, 55847325, car
yolo4-28, 55847325, car
yolo5-28, 55847325, car
yolo10-26, 55847325, car
yolo8-25, 42981162, car
yolo7-25, 42981162, car
yolo4-23, 42981162, car
yolo4-28, 42981162, car
yolo5-28, 42981162, car
yolo10-26, 42981162, car
yolo7-25, 61716887, car
yolo5-28, 61716887, car
yolo8-25, 61716887, car
yolo4-23, 61716887, car
yolo4-28, 61716887, car
yolo10-26, 61716887, car
yolo10-26, 85175919, car
yolo8-25, 85175919, car
yolo5-28, 85175919, car
yolo7-25, 85175919, car
yolo4-23, 85175919, car
yolo4-28, 85175919, car
yolo7-25, 98796216, car
yolo5-28, 98796216, car
yolo10-26, 98796216, car
yolo8-25, 98796216, car
yolo4-23, 98796216, car
yolo4-28, 98796216, car
yolo7-25, 99990778, car
yolo8-25, 99990778, car
yolo5-28, 99990778, car
yolo4-28, 99990778, car
yolo4-23, 99990778, car
yolo9-27, 61716887, car
yolo8-25, 16776621, car
yolo5-28, 16776621, car
yolo9-27, 85175919, car
yolo10-26, 99990778, car
yolo7-25, 16776621, car
yolo4-28, 16776621, car
yolo4-23, 16776621, car
yolo9-27, 98796216, car
yolo10-26, 16776621, car
yolo7-25, 99101036, car
yolo5-28, 99101036, car
yolo8-25, 99101036, car
yolo9-27, 99990778, car
yolo4-28, 99101036, car
yolo4-23, 99101036, car
yolo10-26, 99101036, car
yolo9-27, 16776621, car
yolo7-25, 81233374, car
yolo9-27, 99101036, car
yolo8-25, 81233374, car
yolo5-28, 81233374, car
yolo10-26, 81233374, car
yolo4-28, 81233374, car
yolo4-23, 81233374, car
yolo9-27, 81233374, car
yolo10-26, 92130852, car
yolo7-25, 92130852, car
yolo5-28, 92130852, car
yolo8-25, 92130852, car
yolo9-27, 92130852, car
yolo4-23, 92130852, car
yolo4-28, 92130852, car
yolo3-28, 81233374, car
yolo3-29, 81233374, car
yolo7-25, 94510532, car
yolo5-28, 94510532, car
yolo10-26, 94510532, car
yolo8-25, 94510532, car
yolo4-28, 94510532, car
yolo4-23, 94510532, car
yolo9-27, 94510532, car
yolo3-29, 92130852, car
yolo3-28, 92130852, car
yolo3-29, 94510532, car
yolo3-28, 94510532, car
yolo7-25, 13469434, car
yolo10-26, 13469434, car
yolo4-23, 13469434, car
yolo8-25, 13469434, car
yolo4-28, 13469434, car
yolo9-27, 13469434, car
yolo5-28, 13469434, car
yolo3-29, 13469434, car
yolo3-28, 13469434, car
yolo7-25, 63634321, car
yolo10-26, 63634321, car
yolo4-28, 63634321, car
yolo5-28, 63634321, car
yolo8-25, 63634321, car
yolo3-29, 63634321, car
yolo3-28, 63634321, car
yolo4-23, 63634321, car
yolo9-27, 63634321, car
yolo5-28, 94659767, car
yolo3-28, 94659767, car
yolo10-26, 94659767, car
yolo4-28, 94659767, car
yolo9-27, 94659767, car
yolo7-25, 94659767, car
yolo8-25, 94659767, car
yolo4-23, 94659767, car
yolo3-29, 94659767, car
yolo7-25, 63317757, car
yolo3-28, 63317757, car
yolo5-28, 63317757, car
yolo4-23, 63317757, car
yolo8-25, 63317757, car
yolo10-26, 63317757, car
yolo4-28, 63317757, car
yolo3-29, 63317757, car
yolo9-27, 63317757, car
yolo7-25, 68100549, car
yolo4-23, 68100549, car
yolo4-28, 68100549, car
yolo5-28, 68100549, car
yolo8-25, 68100549, car
yolo9-27, 68100549, car
yolo3-28, 68100549, car
yolo3-29, 68100549, car
yolo10-26, 68100549, car
yolo7-25, 38691001, car
yolo4-28, 38691001, car
yolo8-25, 38691001, car
yolo4-23, 38691001, car
yolo3-28, 38691001, car
yolo5-28, 38691001, car
yolo10-26, 38691001, car
yolo3-29, 38691001, car
yolo9-27, 38691001, car
yolo7-25, 52743214, car
yolo5-28, 52743214, car
yolo10-26, 52743214, car
yolo4-28, 52743214, car
yolo3-29, 52743214, car
yolo8-25, 52743214, car
yolo3-28, 52743214, car
yolo4-23, 52743214, car
yolo9-27, 52743214, car
yolo7-25, 21220705, car
yolo5-28, 21220705, car
yolo3-29, 21220705, car
yolo4-28, 21220705, car
yolo8-25, 21220705, car
yolo4-23, 21220705, car
yolo10-26, 21220705, car
yolo3-28, 21220705, car
yolo9-27, 21220705, car
yolo7-25, 80958586, car
yolo8-25, 80958586, car
yolo3-29, 80958586, car
yolo3-28, 80958586, car
yolo10-26, 80958586, car
yolo4-28, 80958586, car
yolo4-23, 80958586, car
yolo9-27, 80958586, car
yolo5-28, 80958586, car
yolo7-25, 09872904, car
yolo5-28, 09872904, car
yolo10-26, 09872904, car
yolo8-25, 09872904, car
yolo4-23, 09872904, car
yolo3-28, 09872904, car
yolo9-27, 09872904, car
yolo4-28, 09872904, car
yolo3-29, 09872904, car
yolo4-28, 34578670, car
yolo8-25, 34578670, car
yolo3-28, 34578670, car
yolo7-25, 34578670, car
yolo5-28, 34578670, car
yolo3-29, 34578670, car
yolo4-23, 34578670, car
yolo10-26, 34578670, car
yolo9-27, 34578670, car
yolo7-25, 11826651, car
yolo10-26, 11826651, car
yolo4-28, 11826651, car
yolo9-27, 11826651, car
yolo4-23, 11826651, car
yolo3-29, 11826651, car
yolo8-25, 11826651, car
yolo3-28, 11826651, car
yolo5-28, 11826651, car
yolo7-25, 79391479, car
yolo5-28, 79391479, car
yolo3-28, 79391479, car
yolo3-29, 79391479, car
yolo10-26, 79391479, car
yolo4-28, 79391479, car
yolo4-23, 79391479, car
yolo8-25, 79391479, car
yolo9-27, 79391479, car
yolo7-25, 50815013, car
yolo3-29, 50815013, car
yolo3-28, 50815013, car
yolo5-28, 50815013, car
yolo4-23, 50815013, car
yolo4-28, 50815013, car
yolo9-27, 50815013, car
yolo8-25, 50815013, car
yolo10-26, 50815013, car
yolo7-25, 53210386, car
yolo3-28, 53210386, car
yolo5-28, 53210386, car
yolo4-28, 53210386, car
yolo4-23, 53210386, car
yolo9-27, 53210386, car
yolo8-25, 53210386, car
yolo3-29, 53210386, car
yolo10-26, 53210386, car
yolo7-25, 58919937, car
yolo10-26, 58919937, car
yolo4-23, 58919937, car
yolo8-25, 58919937, car
yolo3-28, 58919937, car
yolo4-28, 58919937, car
yolo5-28, 58919937, car
yolo3-29, 58919937, car
yolo9-27, 58919937, car
yolo7-25, 92813143, car
yolo5-28, 92813143, car
yolo3-29, 92813143, car
yolo8-25, 92813143, car
yolo4-23, 92813143, car
yolo10-26, 92813143, car
yolo4-28, 92813143, car
yolo3-28, 92813143, car
yolo9-27, 92813143, car
yolo7-25, 86561137, car
yolo3-29, 86561137, car
yolo3-28, 86561137, car
yolo5-28, 86561137, car
yolo4-23, 86561137, car
yolo10-26, 86561137, car
yolo8-25, 86561137, car
yolo4-28, 86561137, car
yolo9-27, 86561137, car
yolo7-25, 08207945, car
yolo3-28, 08207945, car
yolo3-29, 08207945, car
yolo5-28, 08207945, car
yolo8-25, 08207945, car
yolo9-27, 08207945, car
yolo4-23, 08207945, car
yolo10-26, 08207945, car
yolo4-28, 08207945, car
yolo7-25, 01822596, car
yolo4-23, 01822596, car
yolo5-28, 01822596, car
yolo10-26, 01822596, car
yolo8-25, 01822596, car
yolo4-28, 01822596, car
yolo3-28, 01822596, car
yolo3-29, 01822596, car
yolo9-27, 01822596, car
yolo3-29, 96971539, car
yolo3-28, 96971539, car
yolo8-25, 96971539, car
yolo9-27, 96971539, car
yolo7-25, 96971539, car
yolo10-26, 96971539, car
yolo5-28, 96971539, car
yolo4-23, 96971539, car
yolo4-28, 96971539, car
yolo7-25, 11022580, car
yolo5-28, 11022580, car
yolo3-29, 11022580, car
yolo3-28, 11022580, car
yolo9-27, 11022580, car
yolo8-25, 11022580, car
yolo4-23, 11022580, car
yolo4-28, 11022580, car
yolo10-26, 11022580, car
yolo7-25, 24807951, car
yolo5-28, 24807951, car
yolo10-26, 24807951, car
yolo3-29, 24807951, car
yolo4-28, 24807951, car
yolo3-28, 24807951, car
yolo4-23, 24807951, car
yolo8-25, 24807951, car
yolo9-27, 24807951, car
yolo7-25, 00354003, car
yolo3-28, 00354003, car
yolo10-26, 00354003, car
yolo5-28, 00354003, car
yolo3-29, 00354003, car
yolo4-28, 00354003, car
yolo4-23, 00354003, car
yolo9-27, 00354003, car
yolo8-25, 00354003, car
yolo7-25, 91999159, car
yolo5-28, 91999159, car
yolo4-28, 91999159, car
yolo3-28, 91999159, car
yolo4-23, 91999159, car
yolo10-26, 91999159, car
yolo8-25, 91999159, car
yolo3-29, 91999159, car
yolo9-27, 91999159, car
yolo7-25, 45079458, car
yolo3-28, 45079458, car
yolo5-28, 45079458, car
yolo10-26, 45079458, car
yolo8-25, 45079458, car
yolo4-28, 45079458, car
yolo4-23, 45079458, car
yolo9-27, 45079458, car
yolo3-29, 45079458, car
yolo7-25, 52566703, car
yolo3-28, 52566703, car
yolo3-29, 52566703, car
yolo5-28, 52566703, car
yolo4-28, 52566703, car
yolo8-25, 52566703, car
yolo4-23, 52566703, car
yolo10-26, 52566703, car
yolo9-27, 52566703, car
yolo7-25, 44793839, car
yolo8-25, 44793839, car
yolo3-28, 44793839, car
yolo3-29, 44793839, car
yolo10-26, 44793839, car
yolo4-28, 44793839, car
yolo4-23, 44793839, car
yolo5-28, 44793839, car
yolo9-27, 44793839, car
yolo7-25, 92625885, car
yolo3-29, 92625885, car
yolo5-28, 92625885, car
yolo8-25, 92625885, car
yolo10-26, 92625885, car
yolo4-28, 92625885, car
yolo9-27, 92625885, car
yolo3-28, 92625885, car
yolo4-23, 92625885, car
yolo7-25, 06012783, car
yolo3-28, 06012783, car
yolo5-28, 06012783, car
yolo9-27, 06012783, car
yolo4-28, 06012783, car
yolo3-29, 06012783, car
yolo10-26, 06012783, car
yolo8-25, 06012783, car
yolo4-23, 06012783, car
yolo7-25, 51394690, car
yolo8-25, 51394690, car
yolo10-26, 51394690, car
yolo3-29, 51394690, car
yolo3-28, 51394690, car
yolo4-28, 51394690, car
yolo5-28, 51394690, car
yolo4-23, 51394690, car
yolo9-27, 51394690, car
yolo7-25, 46290201, car
yolo3-29, 46290201, car
yolo3-28, 46290201, car
yolo5-28, 46290201, car
yolo4-28, 46290201, car
yolo4-23, 46290201, car
yolo8-25, 46290201, car
yolo9-27, 46290201, car
yolo10-26, 46290201, car
yolo7-25, 01473606, car
yolo5-28, 01473606, car
yolo8-25, 01473606, car
yolo10-26, 01473606, car
yolo3-28, 01473606, car
yolo3-29, 01473606, car
yolo4-23, 01473606, car
yolo4-28, 01473606, car
yolo9-27, 01473606, car
yolo7-25, 44538601, car
yolo5-28, 44538601, car
yolo3-29, 44538601, car
yolo4-28, 44538601, car
yolo3-28, 44538601, car
yolo10-26, 44538601, car
yolo9-27, 44538601, car
yolo8-25, 44538601, car
yolo4-23, 44538601, car
yolo7-25, 44420914, car
yolo8-25, 44420914, car
yolo5-28, 44420914, car
yolo4-23, 44420914, car
yolo10-26, 44420914, car
yolo4-28, 44420914, car
yolo3-28, 44420914, car
yolo3-29, 44420914, car
yolo9-27, 44420914, car
yolo10-26, 84397370, car
yolo8-25, 84397370, car
yolo3-29, 84397370, car
yolo3-28, 84397370, car
yolo7-25, 84397370, car
yolo9-27, 84397370, car
yolo5-28, 84397370, car
yolo4-28, 84397370, car
yolo4-23, 84397370, car
yolo7-25, 74665899, car
yolo5-28, 74665899, car
yolo3-28, 74665899, car
yolo3-29, 74665899, car
yolo9-27, 74665899, car
yolo10-26, 74665899, car
yolo4-28, 74665899, car
yolo8-25, 74665899, car
yolo4-23, 74665899, car
yolo7-25, 02265905, car
yolo5-28, 02265905, car
yolo8-25, 02265905, car
yolo3-28, 02265905, car
yolo10-26, 02265905, car
yolo3-29, 02265905, car
yolo9-27, 02265905, car
yolo4-23, 02265905, car
yolo4-28, 02265905, car
yolo7-25, 33328787, car
yolo5-28, 33328787, car
yolo3-28, 33328787, car
yolo8-25, 33328787, car
yolo10-26, 33328787, car
yolo3-29, 33328787, car
yolo4-23, 33328787, car
yolo4-28, 33328787, car
yolo9-27, 33328787, car
yolo7-25, 06702886, car
yolo4-23, 06702886, car
yolo5-28, 06702886, car
yolo8-25, 06702886, car
yolo4-28, 06702886, car
yolo3-29, 06702886, car
yolo3-28, 06702886, car
yolo10-26, 06702886, car
yolo9-27, 06702886, car
yolo7-25, 95863319, car
yolo3-29, 95863319, car
yolo3-28, 95863319, car
yolo10-26, 95863319, car
yolo8-25, 95863319, car
yolo5-28, 95863319, car
yolo4-28, 95863319, car
yolo4-23, 95863319, car
yolo9-27, 95863319, car
yolo7-25, 58022271, car
yolo10-26, 58022271, car
yolo3-29, 58022271, car
yolo9-27, 58022271, car
yolo4-28, 58022271, car
yolo4-23, 58022271, car
yolo3-28, 58022271, car
yolo5-28, 58022271, car
yolo8-25, 58022271, car
yolo3-28, 16098994, car
yolo4-28, 16098994, car
yolo5-28, 16098994, car
yolo4-23, 16098994, car
yolo10-26, 16098994, car
yolo8-25, 16098994, car
yolo3-29, 16098994, car
yolo7-25, 16098994, car
yolo9-27, 16098994, car
yolo7-25, 76198840, car
yolo10-26, 76198840, car
yolo3-28, 76198840, car
yolo8-25, 76198840, car
yolo5-28, 76198840, car
yolo3-29, 76198840, car
yolo4-28, 76198840, car
yolo9-27, 76198840, car
yolo4-23, 76198840, car
yolo7-25, 13981419, car
yolo8-25, 13981419, car
yolo10-26, 13981419, car
yolo5-28, 13981419, car
yolo3-29, 13981419, car
yolo4-23, 13981419, car
yolo4-28, 13981419, car
yolo9-27, 13981419, car
yolo3-28, 13981419, car
yolo7-25, 53540512, car
yolo3-29, 53540512, car
yolo4-28, 53540512, car
yolo8-25, 53540512, car
yolo3-28, 53540512, car
yolo5-28, 53540512, car
yolo4-23, 53540512, car
yolo10-26, 53540512, car
yolo9-27, 53540512, car
yolo7-25, 93985416, car
yolo10-26, 93985416, car
yolo4-28, 93985416, car
yolo3-29, 93985416, car
yolo4-23, 93985416, car
yolo3-28, 93985416, car
yolo9-27, 93985416, car
yolo8-25, 93985416, car
yolo5-28, 93985416, car
yolo7-25, 29365370, car
yolo3-28, 29365370, car
yolo3-29, 29365370, car
yolo5-28, 29365370, car
yolo10-26, 29365370, car
yolo4-28, 29365370, car
yolo4-23, 29365370, car
yolo9-27, 29365370, car
yolo8-25, 29365370, car
yolo7-25, 77950146, boat
yolo5-28, 77950146, boat
yolo3-29, 77950146, boat
yolo10-26, 77950146, boat
yolo3-28, 77950146, boat
yolo8-25, 77950146, boat
yolo4-23, 77950146, boat
yolo9-27, 77950146, boat
yolo4-28, 77950146, boat
yolo7-25, 32551997, car
yolo5-28, 32551997, car
yolo10-26, 32551997, car
yolo3-28, 32551997, car
yolo4-28, 32551997, car
yolo4-23, 32551997, car
yolo8-25, 32551997, car
yolo3-29, 32551997, car
yolo9-27, 32551997, car
yolo7-25, 70191140, car
yolo3-28, 70191140, car
yolo8-25, 70191140, car
yolo4-28, 70191140, car
yolo4-23, 70191140, car
yolo5-28, 70191140, car
yolo3-29, 70191140, car
yolo9-27, 70191140, car
yolo10-26, 70191140, car
yolo7-25, 78845321, car
yolo3-29, 78845321, car
yolo3-28, 78845321, car
yolo4-28, 78845321, car
yolo5-28, 78845321, car
yolo10-26, 78845321, car
yolo4-23, 78845321, car
yolo9-27, 78845321, car
yolo8-25, 78845321, car
yolo8-25, 75642355, bottle
yolo7-25, 75642355, bottle
yolo4-23, 75642355, bottle
yolo4-28, 75642355, bottle
yolo3-28, 75642355, bottle
yolo5-28, 75642355, bottle
yolo10-26, 75642355, bottle
yolo3-29, 75642355, bottle
yolo9-27, 75642355, bottle
yolo7-25, 08338534, car
yolo3-28, 08338534, car
yolo5-28, 08338534, car
yolo3-29, 08338534, car
yolo10-26, 08338534, car
yolo9-27, 08338534, car
yolo4-28, 08338534, car
yolo4-23, 08338534, car
yolo8-25, 08338534, car
yolo7-25, 84203217, sofa
yolo4-23, 84203217, sofa
yolo5-28, 84203217, sofa
yolo4-28, 84203217, sofa
yolo3-28, 84203217, sofa
yolo8-25, 84203217, sofa
yolo3-29, 84203217, sofa
yolo10-26, 84203217, sofa
yolo9-27, 84203217, sofa
yolo7-25, 66348835, bottle
yolo3-28, 66348835, bottle
yolo10-26, 66348835, bottle
yolo5-28, 66348835, bottle
yolo8-25, 66348835, bottle
yolo4-28, 66348835, bottle
yolo3-29, 66348835, bottle
yolo4-23, 66348835, bottle
yolo9-27, 66348835, bottle
yolo3-28, 78016681, sofa
yolo3-29, 78016681, sofa
yolo7-25, 78016681, sofa
yolo4-28, 78016681, sofa
yolo4-23, 78016681, sofa
yolo10-26, 78016681, sofa
yolo5-28, 78016681, sofa
yolo8-25, 78016681, sofa
yolo9-27, 78016681, sofa
yolo7-25, 37595068, car
yolo4-28, 37595068, car
yolo5-28, 37595068, car
yolo10-26, 37595068, car
yolo3-29, 37595068, car
yolo3-28, 37595068, car
yolo8-25, 37595068, car
yolo4-23, 37595068, car
yolo9-27, 37595068, car
yolo7-25, 08460985, car
yolo3-29, 08460985, car
yolo3-28, 08460985, car
yolo8-25, 08460985, car
yolo5-28, 08460985, car
yolo4-23, 08460985, car
yolo9-27, 08460985, car
yolo10-26, 08460985, car
yolo4-28, 08460985, car
yolo7-25, 47780288, aeroplane
yolo5-28, 47780288, boat
yolo9-27, 47780288, boat
yolo3-29, 47780288, boat
yolo3-28, 47780288, boat
yolo4-23, 47780288, boat
yolo8-25, 47780288, boat
yolo4-28, 47780288, boat
yolo10-26, 47780288, boat
yolo10-26, 05693727, boat
yolo3-28, 05693727, boat
yolo5-28, 05693727, boat
yolo3-29, 05693727, boat
yolo7-25, 05693727, boat
yolo4-28, 05693727, boat
yolo8-25, 05693727, boat
yolo4-23, 05693727, boat
yolo9-27, 05693727, boat
yolo9-27, 83750397, sofa
yolo7-25, 83750397, sofa
yolo5-28, 83750397, sofa
yolo4-28, 83750397, sofa
yolo10-26, 83750397, sofa
yolo3-29, 83750397, sofa
yolo8-25, 83750397, sofa
yolo3-28, 83750397, sofa
yolo4-23, 83750397, sofa
yolo5-28, 91581588, car
yolo7-25, 91581588, car
yolo3-28, 91581588, car
yolo4-28, 91581588, car
yolo9-27, 91581588, car
yolo8-25, 91581588, car
yolo4-23, 91581588, car
yolo3-29, 91581588, car
yolo10-26, 91581588, car
yolo7-25, 92055555, car
yolo3-28, 92055555, car
yolo9-27, 92055555, car
yolo8-25, 92055555, car
yolo4-28, 92055555, car
yolo5-28, 92055555, car
yolo10-26, 92055555, car
yolo3-29, 92055555, car
yolo4-23, 92055555, car
yolo7-25, 44502022, boat
yolo4-28, 44502022, boat
yolo10-26, 44502022, boat
yolo5-28, 44502022, boat
yolo3-29, 44502022, boat
yolo3-28, 44502022, boat
yolo9-27, 44502022, boat
yolo8-25, 44502022, boat
yolo4-23, 44502022, boat
yolo7-25, 52895896, car
yolo5-28, 52895896, car
yolo3-29, 52895896, car
yolo4-28, 52895896, car
yolo8-25, 52895896, car
yolo4-23, 52895896, car
yolo10-26, 52895896, car
yolo3-28, 52895896, car
yolo9-27, 52895896, car
yolo7-25, 61999000, car
yolo4-28, 61999000, car
yolo3-28, 61999000, car
yolo5-28, 61999000, car
yolo10-26, 61999000, car
yolo3-29, 61999000, car
yolo4-23, 61999000, car
yolo8-25, 61999000, car
yolo9-27, 61999000, car
yolo7-25, 29513223, car
yolo4-23, 29513223, car
yolo3-29, 29513223, car
yolo3-28, 29513223, car
yolo8-25, 29513223, car
yolo10-26, 29513223, car
yolo9-27, 29513223, car
yolo5-28, 29513223, car
yolo4-28, 29513223, car
yolo7-25, 80482433, car
yolo10-26, 80482433, car
yolo8-25, 80482433, car
yolo3-28, 80482433, car
yolo5-28, 80482433, car
yolo4-23, 80482433, car
yolo4-28, 80482433, car
yolo9-27, 80482433, car
yolo3-29, 80482433, car
yolo10-26, 28327258, car
yolo7-25, 28327258, car
yolo8-25, 28327258, car
yolo3-28, 28327258, car
yolo3-29, 28327258, car
yolo5-28, 28327258, car
yolo4-28, 28327258, car
yolo9-27, 28327258, car
yolo4-23, 28327258, car
yolo7-25, 50838737, car
yolo3-28, 50838737, car
yolo3-29, 50838737, car
yolo5-28, 50838737, car
yolo8-25, 50838737, car
yolo4-28, 50838737, car
yolo4-23, 50838737, car
yolo10-26, 50838737, car
yolo9-27, 50838737, car
yolo7-25, 04772820, car
yolo3-28, 04772820, car
yolo3-29, 04772820, car
yolo4-23, 04772820, car
yolo9-27, 04772820, car
yolo4-28, 04772820, car
yolo8-25, 04772820, car
yolo10-26, 04772820, car
yolo5-28, 04772820, car
yolo8-25, 87173737, car
yolo7-25, 87173737, car
yolo5-28, 87173737, car
yolo4-23, 87173737, car
yolo3-29, 87173737, car
yolo4-28, 87173737, car
yolo3-28, 87173737, car
yolo9-27, 87173737, car
yolo10-26, 87173737, car
yolo7-25, 43280594, car
yolo5-28, 43280594, car
yolo10-26, 43280594, car
yolo3-28, 43280594, car
yolo8-25, 43280594, car
yolo4-28, 43280594, car
yolo3-29, 43280594, car
yolo9-27, 43280594, car
yolo4-23, 43280594, car
yolo7-25, 26042931, car
yolo8-25, 26042931, car
yolo10-26, 26042931, car
yolo3-29, 26042931, car
yolo4-23, 26042931, car
yolo4-28, 26042931, car
yolo5-28, 26042931, car
yolo3-28, 26042931, car
yolo9-27, 26042931, car
yolo7-25, 55523942, car
yolo8-25, 55523942, car
yolo5-28, 55523942, car
yolo4-28, 55523942, car
yolo3-29, 55523942, car
yolo4-23, 55523942, car
yolo10-26, 55523942, car
yolo3-28, 55523942, car
yolo9-27, 55523942, car
yolo7-25, 18288750, car
yolo3-28, 18288750, car
yolo5-28, 18288750, car
yolo4-28, 18288750, car
yolo3-29, 18288750, car
yolo4-23, 18288750, car
yolo8-25, 18288750, car
yolo10-26, 18288750, car
yolo9-27, 18288750, car
yolo7-25, 38848091, car
yolo3-28, 38848091, car
yolo3-29, 38848091, car
yolo5-28, 38848091, car
yolo10-26, 38848091, car
yolo4-23, 38848091, car
yolo8-25, 38848091, car
yolo4-28, 38848091, car
yolo9-27, 38848091, car
yolo7-25, 55990212, car
yolo3-29, 55990212, car
yolo4-23, 55990212, car
yolo3-28, 55990212, car
yolo8-25, 55990212, car
yolo5-28, 55990212, car
yolo4-28, 55990212, car
yolo9-27, 55990212, car
yolo10-26, 55990212, car
yolo7-25, 35070191, car
yolo3-28, 35070191, car
yolo8-25, 35070191, car
yolo10-26, 35070191, car
yolo4-28, 35070191, car
yolo4-23, 35070191, car
yolo3-29, 35070191, car
yolo5-28, 35070191, car
yolo9-27, 35070191, car
yolo7-25, 54393274, car
yolo5-28, 54393274, car
yolo8-25, 54393274, car
yolo4-28, 54393274, car
yolo3-29, 54393274, car
yolo10-26, 54393274, car
yolo4-23, 54393274, car
yolo9-27, 54393274, car
yolo3-28, 54393274, car
yolo7-25, 66112223, car
yolo5-28, 66112223, car
yolo8-25, 66112223, car
yolo4-28, 66112223, car
yolo3-29, 66112223, car
yolo10-26, 66112223, car
yolo3-28, 66112223, car
yolo9-27, 66112223, car
yolo4-23, 66112223, car
yolo7-25, 39067570, car
yolo8-25, 39067570, car
yolo3-28, 39067570, car
yolo4-23, 39067570, car
yolo4-28, 39067570, car
yolo3-29, 39067570, car
yolo5-28, 39067570, car
yolo10-26, 39067570, car
yolo9-27, 39067570, car
yolo5-28, 73809988, car
yolo10-26, 73809988, car
yolo7-25, 73809988, car
yolo3-29, 73809988, car
yolo9-27, 73809988, car
yolo4-28, 73809988, car
yolo8-25, 73809988, car
yolo4-23, 73809988, car
yolo3-28, 73809988, car
yolo7-25, 54096411, car
yolo3-29, 54096411, car
yolo4-28, 54096411, car
yolo9-27, 54096411, car
yolo10-26, 54096411, car
yolo5-28, 54096411, car
yolo4-23, 54096411, car
yolo8-25, 54096411, car
yolo3-28, 54096411, car
yolo7-25, 57494175, car
yolo10-26, 57494175, car
yolo3-29, 57494175, car
yolo4-23, 57494175, car
yolo5-28, 57494175, car
yolo4-28, 57494175, car
yolo8-25, 57494175, car
yolo3-28, 57494175, car
yolo9-27, 57494175, car
yolo7-25, 43592812, car
yolo4-28, 43592812, car
yolo5-28, 43592812, car
yolo4-23, 43592812, car
yolo3-28, 43592812, car
yolo3-29, 43592812, car
yolo9-27, 43592812, car
yolo10-26, 43592812, car
yolo8-25, 43592812, car
yolo7-25, 81419635, car
yolo10-26, 81419635, car
yolo5-28, 81419635, car
yolo3-28, 81419635, car
yolo3-29, 81419635, car
yolo4-28, 81419635, car
yolo4-23, 81419635, car
yolo8-25, 81419635, car
yolo9-27, 81419635, car
yolo7-25, 80097333, car
yolo8-25, 80097333, car
yolo5-28, 80097333, car
yolo3-28, 80097333, car
yolo10-26, 80097333, car
yolo3-29, 80097333, car
yolo4-23, 80097333, car
yolo4-28, 80097333, car
yolo9-27, 80097333, car
yolo7-25, 30782741, car
yolo3-29, 30782741, car
yolo4-23, 30782741, car
yolo3-28, 30782741, car
yolo9-27, 30782741, car
yolo8-25, 30782741, car
yolo10-26, 30782741, car
yolo4-28, 30782741, car
yolo5-28, 30782741, car
yolo7-25, 98983491, car
yolo8-25, 98983491, car
yolo3-28, 98983491, car
yolo4-28, 98983491, car
yolo5-28, 98983491, car
yolo3-29, 98983491, car
yolo9-27, 98983491, car
yolo10-26, 98983491, car
yolo4-23, 98983491, car
yolo7-25, 17594007, aeroplane
yolo5-28, 17594007, aeroplane
yolo3-28, 17594007, aeroplane
yolo4-28, 17594007, aeroplane
yolo9-27, 17594007, aeroplane
yolo8-25, 17594007, aeroplane
yolo3-29, 17594007, aeroplane
yolo10-26, 17594007, aeroplane
yolo4-23, 17594007, aeroplane
yolo4-23, 92919490, sofa
yolo8-25, 92919490, sofa
yolo5-28, 92919490, sofa
yolo3-29, 92919490, sofa
yolo7-25, 92919490, sofa
yolo4-28, 92919490, sofa
yolo3-28, 92919490, sofa
yolo10-26, 92919490, sofa
yolo9-27, 92919490, sofa
yolo7-25, 90029716, bottle
yolo5-28, 90029716, bottle
yolo3-28, 90029716, bottle
yolo8-25, 90029716, bottle
yolo10-26, 90029716, bottle
yolo4-23, 90029716, bottle
yolo3-29, 90029716, bottle
yolo4-28, 90029716, bottle
yolo9-27, 90029716, bottle
yolo10-26, 54671907, sofa
yolo7-25, 54671907, sofa
yolo5-28, 54671907, sofa
yolo8-25, 54671907, sofa
yolo3-28, 54671907, sofa
yolo4-23, 54671907, sofa
yolo9-27, 54671907, sofa
yolo4-28, 54671907, sofa
yolo3-29, 54671907, sofa
yolo7-25, 26425631, car
yolo8-25, 26425631, car
yolo5-28, 26425631, car
yolo3-28, 26425631, car
yolo3-29, 26425631, car
yolo4-23, 26425631, car
yolo4-28, 26425631, car
yolo10-26, 26425631, car
yolo9-27, 26425631, car
yolo3-28, 47763772, bottle
yolo3-29, 47763772, bottle
yolo10-26, 47763772, bottle
yolo4-23, 47763772, bottle
yolo5-28, 47763772, bottle
yolo8-25, 47763772, bottle
yolo7-25, 47763772, bottle
yolo9-27, 47763772, bottle
yolo4-28, 47763772, bottle
yolo10-26, 64377860, car
yolo3-29, 64377860, car
yolo4-23, 64377860, car
yolo4-28, 64377860, car
yolo5-28, 64377860, car
yolo8-25, 64377860, car
yolo3-28, 64377860, car
yolo7-25, 64377860, car
yolo9-27, 64377860, car
yolo10-26, 74459708, car
yolo4-23, 74459708, car
yolo5-28, 74459708, car
yolo7-25, 74459708, car
yolo8-25, 74459708, car
yolo3-28, 74459708, car
yolo9-27, 74459708, car
yolo4-28, 74459708, car
yolo3-29, 74459708, car
yolo10-26, 64029089, sofa
yolo7-25, 64029089, sofa
yolo8-25, 64029089, sofa
yolo9-27, 64029089, sofa
yolo4-28, 64029089, sofa
yolo5-28, 64029089, sofa
yolo4-23, 64029089, sofa
yolo3-28, 64029089, sofa
yolo3-29, 64029089, sofa
yolo7-25, 25762250, aeroplane
yolo5-28, 25762250, aeroplane
yolo3-28, 25762250, aeroplane
yolo3-29, 25762250, aeroplane
yolo4-28, 25762250, aeroplane
yolo8-25, 25762250, aeroplane
yolo10-26, 25762250, aeroplane
yolo9-27, 25762250, aeroplane
yolo4-23, 25762250, aeroplane
yolo3-28, 09619016, boat
yolo5-28, 09619016, boat
yolo7-25, 09619016, aeroplane
yolo4-23, 09619016, boat
yolo3-29, 09619016, boat
yolo4-28, 09619016, boat
yolo8-25, 09619016, boat
yolo10-26, 09619016, boat
yolo9-27, 09619016, boat
yolo7-25, 32766261, car
yolo4-28, 32766261, car
yolo8-25, 32766261, car
yolo3-28, 32766261, car
yolo3-29, 32766261, car
yolo4-23, 32766261, car
yolo5-28, 32766261, car
yolo10-26, 32766261, car
yolo9-27, 32766261, car
yolo10-26, 99309509, car
yolo8-25, 99309509, car
yolo7-25, 99309509, car
yolo3-28, 99309509, car
yolo5-28, 99309509, car
yolo9-27, 99309509, car
yolo4-28, 99309509, car
yolo3-29, 99309509, car
yolo4-23, 99309509, car
yolo3-28, 41338974, boat
yolo10-26, 41338974, boat
yolo8-25, 41338974, boat
yolo7-25, 41338974, boat
yolo5-28, 41338974, boat
yolo9-27, 41338974, boat
yolo4-28, 41338974, boat
yolo3-29, 41338974, boat
yolo4-23, 41338974, boat
yolo7-25, 58828669, car
yolo3-29, 58828669, car
yolo8-25, 58828669, car
yolo4-28, 58828669, car
yolo3-28, 58828669, car
yolo4-23, 58828669, car
yolo5-28, 58828669, car
yolo10-26, 58828669, car
yolo9-27, 58828669, car
yolo7-25, 34289414, car
yolo3-28, 34289414, car
yolo10-26, 34289414, car
yolo3-29, 34289414, car
yolo5-28, 34289414, car
yolo4-23, 34289414, car
yolo4-28, 34289414, car
yolo8-25, 34289414, car
yolo9-27, 34289414, car
yolo7-25, 23410098, car
yolo5-28, 23410098, car
yolo3-28, 23410098, car
yolo8-25, 23410098, car
yolo3-29, 23410098, car
yolo9-27, 23410098, car
yolo4-23, 23410098, car
yolo4-28, 23410098, car
yolo10-26, 23410098, car
yolo7-25, 73086885, car
yolo5-28, 73086885, car
yolo8-25, 73086885, car
yolo3-28, 73086885, car
yolo4-28, 73086885, car
yolo4-23, 73086885, car
yolo9-27, 73086885, car
yolo3-29, 73086885, car
yolo10-26, 73086885, car
yolo7-25, 09049104, car
yolo4-23, 09049104, car
yolo10-26, 09049104, car
yolo5-28, 09049104, car
yolo3-28, 09049104, car
yolo8-25, 09049104, car
yolo3-29, 09049104, car
yolo4-28, 09049104, car
yolo9-27, 09049104, car
yolo7-25, 35192708, car
yolo10-26, 35192708, car
yolo3-29, 35192708, car
yolo5-28, 35192708, car
yolo4-23, 35192708, car
yolo4-28, 35192708, car
yolo9-27, 35192708, car
yolo3-28, 35192708, car
yolo8-25, 35192708, car
yolo7-25, 49327773, car
yolo5-28, 49327773, car
yolo3-29, 49327773, car
yolo4-23, 49327773, car
yolo3-28, 49327773, car
yolo9-27, 49327773, car
yolo8-25, 49327773, car
yolo10-26, 49327773, car
yolo4-28, 49327773, car
yolo7-25, 40451166, car
yolo10-26, 40451166, car
yolo3-29, 40451166, car
yolo8-25, 40451166, car
yolo4-28, 40451166, car
yolo5-28, 40451166, car
yolo4-23, 40451166, car
yolo3-28, 40451166, car
yolo9-27, 40451166, car
yolo7-25, 22155603, car
yolo8-25, 22155603, car
yolo3-28, 22155603, car
yolo10-26, 22155603, car
yolo5-28, 22155603, car
yolo4-23, 22155603, car
yolo4-28, 22155603, car
yolo9-27, 22155603, car
yolo3-29, 22155603, car
yolo7-25, 18513874, car
yolo3-28, 18513874, car
yolo5-28, 18513874, car
yolo10-26, 18513874, car
yolo8-25, 18513874, car
yolo4-23, 18513874, car
yolo4-28, 18513874, car
yolo3-29, 18513874, car
yolo9-27, 18513874, car
yolo7-25, 05897460, car
yolo3-28, 05897460, car
yolo4-23, 05897460, car
yolo8-25, 05897460, car
yolo4-28, 05897460, car
yolo10-26, 05897460, car
yolo5-28, 05897460, car
yolo3-29, 05897460, car
yolo9-27, 05897460, car
yolo7-25, 97540276, car
yolo10-26, 97540276, car
yolo9-27, 97540276, car
yolo8-25, 97540276, car
yolo3-28, 97540276, car
yolo4-23, 97540276, car
yolo5-28, 97540276, car
yolo3-29, 97540276, car
yolo4-28, 97540276, car
yolo7-25, 09834096, car
yolo3-28, 09834096, car
yolo5-28, 09834096, car
yolo8-25, 09834096, car
yolo4-28, 09834096, car
yolo10-26, 09834096, car
yolo3-29, 09834096, car
yolo4-23, 09834096, car
yolo9-27, 09834096, car
yolo7-25, 20266291, train
yolo3-28, 20266291, train
yolo10-26, 20266291, train
yolo9-27, 20266291, train
yolo3-29, 20266291, train
yolo4-23, 20266291, train
yolo4-28, 20266291, train
yolo8-25, 20266291, train
yolo5-28, 20266291, train
yolo7-25, 19027452, aeroplane
yolo3-29, 19027452, aeroplane
yolo8-25, 19027452, aeroplane
yolo4-23, 19027452, aeroplane
yolo5-28, 19027452, aeroplane
yolo10-26, 19027452, aeroplane
yolo4-28, 19027452, aeroplane
yolo3-28, 19027452, aeroplane
yolo9-27, 19027452, aeroplane
yolo7-25, 65383476, bottle
yolo5-28, 65383476, bottle
yolo3-28, 65383476, bottle
yolo10-26, 65383476, bottle
yolo4-23, 65383476, bottle
yolo8-25, 65383476, bottle
yolo3-29, 65383476, bottle
yolo4-28, 65383476, bottle
yolo9-27, 65383476, bottle
yolo3-28, 77164030, car
yolo5-28, 77164030, car
yolo7-25, 77164030, bottle
yolo3-29, 77164030, car
yolo4-23, 77164030, car
yolo4-28, 77164030, car
yolo8-25, 77164030, car
yolo10-26, 77164030, car
yolo9-27, 77164030, car
yolo3-28, 12573949, boat
yolo8-25, 12573949, boat
yolo7-25, 12573949, bottle
yolo5-28, 12573949, boat
yolo10-26, 12573949, boat
yolo3-29, 12573949, boat
yolo4-23, 12573949, boat
yolo4-28, 12573949, boat
yolo9-27, 12573949, boat
yolo7-25, 68509522, sofa
yolo3-29, 68509522, sofa
yolo4-28, 68509522, sofa
yolo9-27, 68509522, sofa
yolo3-28, 68509522, sofa
yolo5-28, 68509522, sofa
yolo10-26, 68509522, sofa
yolo4-23, 68509522, sofa
yolo8-25, 68509522, sofa
yolo7-25, 53593915, car
yolo8-25, 53593915, car
yolo3-29, 53593915, car
yolo4-28, 53593915, car
yolo3-28, 53593915, car
yolo4-23, 53593915, car
yolo5-28, 53593915, car
yolo10-26, 53593915, car
yolo9-27, 53593915, car
yolo3-28, 96380535, sofa
yolo8-25, 96380535, sofa
yolo4-28, 96380535, sofa
yolo5-28, 96380535, sofa
yolo7-25, 96380535, sofa
yolo3-29, 96380535, sofa
yolo4-23, 96380535, sofa
yolo9-27, 96380535, sofa
yolo10-26, 96380535, sofa
yolo3-28, 37787915, aeroplane
yolo3-29, 37787915, aeroplane
yolo5-28, 37787915, aeroplane
yolo4-28, 37787915, aeroplane
yolo4-23, 37787915, aeroplane
yolo7-25, 37787915, aeroplane
yolo8-25, 37787915, aeroplane
yolo10-26, 37787915, aeroplane
yolo9-27, 37787915, aeroplane
yolo3-28, 93506282, sofa
yolo3-29, 93506282, sofa
yolo4-23, 93506282, sofa
yolo7-25, 93506282, sofa
yolo5-28, 93506282, sofa
yolo10-26, 93506282, sofa
yolo8-25, 93506282, sofa
yolo4-28, 93506282, sofa
yolo9-27, 93506282, sofa
yolo7-25, 20044283, car
yolo10-26, 20044283, car
yolo8-25, 20044283, car
yolo5-28, 20044283, car
yolo4-28, 20044283, car
yolo3-29, 20044283, car
yolo9-27, 20044283, car
yolo3-28, 20044283, car
yolo4-23, 20044283, car
yolo7-25, 24706952, car
yolo8-25, 24706952, car
yolo3-28, 24706952, car
yolo5-28, 24706952, car
yolo4-23, 24706952, car
yolo10-26, 24706952, car
yolo9-27, 24706952, car
yolo3-29, 24706952, car
yolo4-28, 24706952, car
yolo3-28, 44764092, car
yolo3-29, 44764092, car
yolo5-28, 44764092, car
yolo7-25, 44764092, car
yolo8-25, 44764092, car
yolo4-28, 44764092, car
yolo4-23, 44764092, car
yolo9-27, 44764092, car
yolo10-26, 44764092, car
yolo3-28, 02444455, car
yolo4-23, 02444455, car
yolo9-27, 02444455, car
yolo5-28, 02444455, car
yolo4-28, 02444455, car
yolo10-26, 02444455, car
yolo7-25, 02444455, aeroplane
yolo8-25, 02444455, car
yolo3-29, 02444455, car
yolo4-23, 46189072, aeroplane
yolo3-29, 46189072, aeroplane
yolo4-28, 46189072, aeroplane
yolo5-28, 46189072, aeroplane
yolo7-25, 46189072, aeroplane
yolo3-28, 46189072, aeroplane
yolo9-27, 46189072, aeroplane
yolo10-26, 46189072, aeroplane
yolo8-25, 46189072, aeroplane
yolo7-25, 45253711, car
yolo3-28, 45253711, car
yolo9-27, 45253711, car
yolo3-29, 45253711, car
yolo10-26, 45253711, car
yolo8-25, 45253711, car
yolo4-28, 45253711, car
yolo5-28, 45253711, car
yolo4-23, 45253711, car
yolo7-25, 72972897, car
yolo3-29, 72972897, car
yolo8-25, 72972897, car
yolo5-28, 72972897, car
yolo4-23, 72972897, car
yolo10-26, 72972897, car
yolo4-28, 72972897, car
yolo3-28, 72972897, car
yolo9-27, 72972897, car
yolo7-25, 63988061, car
yolo10-26, 63988061, car
yolo4-28, 63988061, car
yolo5-28, 63988061, car
yolo3-29, 63988061, car
yolo8-25, 63988061, car
yolo4-23, 63988061, car
yolo9-27, 63988061, car
yolo3-28, 63988061, car
yolo7-25, 69589789, car
yolo4-23, 69589789, car
yolo4-28, 69589789, car
yolo5-28, 69589789, car
yolo3-28, 69589789, car
yolo3-29, 69589789, car
yolo8-25, 69589789, car
yolo10-26, 69589789, car
yolo9-27, 69589789, car
yolo7-25, 44356594, car
yolo8-25, 44356594, car
yolo5-28, 44356594, car
yolo4-23, 44356594, car
yolo4-28, 44356594, car
yolo3-28, 44356594, car
yolo3-29, 44356594, car
yolo10-26, 44356594, car
yolo9-27, 44356594, car
yolo7-25, 90404282, car
yolo3-29, 90404282, car
yolo8-25, 90404282, car
yolo3-28, 90404282, car
yolo5-28, 90404282, car
yolo4-23, 90404282, car
yolo4-28, 90404282, car
yolo9-27, 90404282, car
yolo10-26, 90404282, car
yolo7-25, 12441951, car
yolo10-26, 12441951, car
yolo5-28, 12441951, car
yolo3-29, 12441951, car
yolo8-25, 12441951, car
yolo4-28, 12441951, car
yolo3-28, 12441951, car
yolo9-27, 12441951, car
yolo4-23, 12441951, car
yolo7-25, 34703767, car
yolo8-25, 34703767, car
yolo3-28, 34703767, car
yolo4-28, 34703767, car
yolo4-23, 34703767, car
yolo5-28, 34703767, car
yolo3-29, 34703767, car
yolo9-27, 34703767, car
yolo10-26, 34703767, car
yolo7-25, 04132716, car
yolo5-28, 04132716, car
yolo10-26, 04132716, car
yolo4-28, 04132716, car
yolo3-28, 04132716, car
yolo4-23, 04132716, car
yolo8-25, 04132716, car
yolo3-29, 04132716, car
yolo9-27, 04132716, car
yolo7-25, 27081406, car
yolo4-28, 27081406, car
yolo5-28, 27081406, car
yolo8-25, 27081406, car
yolo3-29, 27081406, car
yolo10-26, 27081406, car
yolo4-23, 27081406, car
yolo3-28, 27081406, car
yolo9-27, 27081406, car
yolo7-25, 85840722, car
yolo3-28, 85840722, car
yolo8-25, 85840722, car
yolo4-28, 85840722, car
yolo10-26, 85840722, car
yolo3-29, 85840722, car
yolo4-23, 85840722, car
yolo5-28, 85840722, car
yolo9-27, 85840722, car
yolo7-25, 62862310, car
yolo4-28, 62862310, car
yolo3-28, 62862310, car
yolo8-25, 62862310, car
yolo3-29, 62862310, car
yolo5-28, 62862310, car
yolo10-26, 62862310, car
yolo4-23, 62862310, car
yolo9-27, 62862310, car
yolo7-25, 69987641, car
yolo3-28, 69987641, car
yolo3-29, 69987641, car
yolo5-28, 69987641, car
yolo4-28, 69987641, car
yolo8-25, 69987641, car
yolo4-23, 69987641, car
yolo10-26, 69987641, car
yolo9-27, 69987641, car
yolo7-25, 46087452, car
yolo3-28, 46087452, car
yolo10-26, 46087452, car
yolo4-23, 46087452, car
yolo3-29, 46087452, car
yolo4-28, 46087452, car
yolo5-28, 46087452, car
yolo8-25, 46087452, car
yolo9-27, 46087452, car
yolo5-28, 95910834, car
yolo7-25, 95910834, car
yolo4-23, 95910834, car
yolo3-28, 95910834, car
yolo3-29, 95910834, car
yolo10-26, 95910834, car
yolo4-28, 95910834, car
yolo9-27, 95910834, car
yolo8-25, 95910834, car
