
========== Time: 0 ==========

========== Time: 1 ==========

========== Time: 2 ==========

========== Time: 3 ==========

========== Time: 4 ==========

========== Time: 5 ==========

========== Time: 6 ==========

========== Time: 7 ==========

========== Time: 8 ==========
yolo8-2, 51360617, sofa

========== Time: 9 ==========
yolo8-2, 94241917, sofa
yolo2-3, 04767985, aeroplane
yolo8-2, 73104538, sofa
yolo8-2, 60782764, train
yolo8-2, 09933375, sofa
yolo8-2, 34697748, aeroplane
yolo2-3, 01242231, sofa
yolo8-2, 29842627, sofa
yolo2-3, 51360617, sofa
yolo8-2, 64972680, sofa
yolo2-3, 94241917, sofa
yolo2-3, 73104538, sofa
yolo8-2, 08696321, boat
yolo8-2, 48281349, sofa
yolo2-3, 60782764, train
yolo8-2, 06867132, boat
yolo2-3, 09933375, sofa
yolo8-2, 43730754, car
yolo2-3, 34697748, aeroplane
yolo8-2, 91604803, car
yolo2-3, 29842627, sofa
yolo8-2, 78881271, car
yolo2-3, 64972680, sofa
yolo8-2, 59134383, car
yolo2-3, 08696321, boat
yolo8-2, 96844376, car
yolo2-3, 48281349, sofa
yolo8-2, 73586870, car
yolo2-3, 06867132, boat
yolo8-2, 79487723, car
yolo2-3, 43730754, car
yolo8-2, 56074023, car
yolo2-3, 91604803, car
yolo8-2, 12498977, car
yolo2-3, 78881271, car
yolo8-2, 93379354, car
yolo8-2, 95971064, car
yolo2-3, 59134383, car
yolo8-2, 53959504, car
yolo2-3, 96844376, car
yolo8-2, 27713689, car
yolo2-3, 73586870, car
yolo8-2, 76195463, car
yolo2-3, 79487723, car
yolo8-2, 24762769, boat
yolo2-3, 56074023, car
yolo2-3, 12498977, car
yolo8-2, 82673918, car
yolo2-3, 93379354, car
yolo8-2, 55291643, sofa
yolo8-2, 87977879, boat
yolo2-3, 95971064, car
yolo8-2, 71136617, tvmonitor
yolo2-3, 53959504, car
yolo8-2, 89386096, car
yolo2-3, 27713689, car
yolo8-2, 18221366, car
yolo2-3, 76195463, car
yolo2-3, 24762769, boat
yolo2-3, 82673918, car
yolo8-2, 83486366, car
yolo2-3, 55291643, sofa
yolo8-2, 50372180, sofa
yolo2-3, 87977879, boat
yolo2-3, 71136617, tvmonitor
yolo8-2, 78231435, sofa
yolo2-3, 89386096, car
yolo2-3, 18221366, car
yolo8-2, 75686915, sofa
yolo2-3, 83486366, car
yolo2-3, 50372180, sofa
yolo8-2, 51074526, sofa
yolo2-3, 78231435, sofa
yolo2-3, 75686915, sofa
yolo8-2, 12343748, sofa
yolo2-3, 51074526, sofa
yolo2-3, 12343748, sofa
yolo8-2, 16287201, aeroplane
yolo2-3, 16287201, aeroplane
yolo8-2, 78494291, aeroplane
yolo2-3, 78494291, aeroplane
yolo2-3, 52576984, sofa
yolo8-2, 52576984, sofa
yolo2-3, 35237775, car
yolo8-2, 35237775, car

========== Time: 10 ==========
yolo2-3, 80207985, car
yolo2-3, 84634472, sofa
yolo2-3, 09866559, car
yolo8-2, 80207985, car
yolo8-2, 84634472, sofa
yolo2-3, 16148481, car
yolo8-2, 09866559, car
yolo2-3, 67074598, car
yolo8-2, 16148481, car
yolo8-2, 67074598, car
yolo2-3, 31207305, car
yolo8-2, 31207305, car
yolo8-2, 90392986, car
yolo2-3, 90392986, car
yolo4-3, 50372180, sofa
yolo4-3, 78231435, sofa
yolo2-3, 52963688, car
yolo8-2, 52963688, car
yolo4-3, 75686915, sofa
yolo8-2, 59006594, car
yolo2-3, 59006594, car
yolo4-3, 51074526, sofa
yolo4-3, 12343748, sofa
yolo4-3, 16287201, aeroplane
yolo8-2, 94291053, car
yolo2-3, 94291053, car
yolo4-3, 78494291, aeroplane
yolo2-3, 60587302, car
yolo4-3, 52576984, sofa
yolo8-2, 60587302, car
yolo4-3, 35237775, car
yolo8-2, 20684599, car
yolo2-3, 20684599, car
yolo4-3, 80207985, car
yolo4-3, 84634472, sofa
yolo2-3, 00340134, car
yolo8-2, 00340134, car
yolo4-3, 09866559, car
yolo4-3, 16148481, car
yolo2-3, 03974666, car
yolo8-2, 03974666, car
yolo4-3, 67074598, car
yolo4-3, 31207305, car
yolo8-2, 41207428, car
yolo2-3, 41207428, car
yolo4-3, 90392986, car
yolo4-3, 52963688, car
yolo8-2, 70370669, car
yolo2-3, 70370669, car
yolo4-3, 59006594, car
yolo4-3, 94291053, car
yolo8-2, 91943765, car
yolo2-3, 91943765, car
yolo4-3, 60587302, car
yolo4-3, 20684599, car
yolo8-2, 42115003, car
yolo2-3, 42115003, car
yolo4-3, 00340134, car
yolo4-3, 03974666, car
yolo8-2, 65013138, car
yolo2-3, 65013138, car
yolo4-3, 41207428, car
yolo4-3, 70370669, car
yolo8-2, 29613071, car
yolo2-3, 29613071, car
yolo4-3, 91943765, car
yolo4-3, 42115003, car
yolo8-2, 46366902, car
yolo2-3, 46366902, car
yolo4-3, 65013138, car
yolo4-3, 29613071, car
yolo2-3, 89120907, car
yolo8-2, 89120907, car
yolo4-3, 46366902, car
yolo4-3, 89120907, car
yolo4-3, 30927384, car
yolo8-2, 30927384, car
yolo2-3, 30927384, car
yolo4-3, 89105025, car
yolo2-3, 89105025, car
yolo8-2, 89105025, car
yolo4-3, 17055260, car
yolo2-3, 17055260, car
yolo8-2, 17055260, car
yolo2-3, 08726067, car
yolo8-2, 08726067, car
yolo4-3, 08726067, car
yolo8-2, 38978929, car
yolo4-3, 38978929, car
yolo2-3, 38978929, car
yolo8-2, 38347226, car
yolo2-3, 38347226, car
yolo4-3, 38347226, car
yolo2-3, 53169369, car
yolo8-2, 53169369, car
yolo4-3, 53169369, car
yolo11-3, 91943765, car
yolo8-2, 06130774, car
yolo2-3, 06130774, car
yolo4-3, 06130774, car
yolo11-3, 42115003, car
yolo8-2, 58563330, car
yolo11-3, 65013138, car
yolo2-3, 58563330, car
yolo4-3, 58563330, car
yolo11-3, 29613071, car
yolo8-2, 91912089, car
yolo2-3, 91912089, car
yolo11-3, 46366902, car
yolo4-3, 91912089, car
yolo11-3, 89120907, car
yolo2-3, 59013640, car
yolo8-2, 59013640, car
yolo11-3, 30927384, car
yolo4-3, 59013640, car
yolo11-3, 89105025, car
yolo11-3, 17055260, car
yolo2-3, 48256653, car
yolo4-3, 48256653, car
yolo8-2, 48256653, car
yolo11-3, 08726067, car
yolo11-3, 38978929, car
yolo8-2, 58873871, car
yolo4-3, 58873871, car
yolo2-3, 58873871, car
yolo11-3, 38347226, car
yolo11-3, 53169369, car
yolo8-2, 15135961, car
yolo4-3, 15135961, car
yolo11-3, 06130774, car
yolo2-3, 15135961, car
yolo11-3, 58563330, car
yolo8-2, 50380840, car
yolo2-3, 50380840, car
yolo4-3, 50380840, car
yolo11-3, 91912089, car
yolo11-3, 59013640, car
yolo11-3, 48256653, car
yolo8-2, 14321455, car
yolo2-3, 14321455, car
yolo4-3, 14321455, car
yolo11-3, 58873871, car
yolo11-3, 15135961, car
yolo2-3, 13042516, car
yolo4-3, 13042516, car
yolo8-2, 13042516, car
yolo11-3, 50380840, car
yolo11-3, 14321455, car
yolo8-2, 28804778, car
yolo2-3, 28804778, car
yolo4-3, 28804778, car
yolo11-3, 13042516, car
yolo11-3, 28804778, car
yolo8-2, 56886327, car
yolo4-3, 56886327, car
yolo2-3, 56886327, car
yolo11-3, 56886327, car
yolo2-3, 92058627, car
yolo11-3, 92058627, car
yolo8-2, 92058627, car
yolo4-3, 92058627, car
yolo11-3, 86921738, car
yolo2-3, 86921738, car
yolo8-2, 86921738, car
yolo4-3, 86921738, car
yolo8-2, 58753885, car
yolo2-3, 58753885, car
yolo11-3, 58753885, car
yolo4-3, 58753885, car
yolo11-3, 01660159, car
yolo8-2, 01660159, car
yolo2-3, 01660159, car
yolo4-3, 01660159, car
yolo11-3, 49140143, car
yolo8-2, 49140143, car
yolo4-3, 49140143, car
yolo2-3, 49140143, car
yolo2-3, 99246780, car
yolo8-2, 99246780, car
yolo11-3, 99246780, car
yolo4-3, 99246780, car
yolo8-2, 04704879, car
yolo11-3, 04704879, car
yolo4-3, 04704879, car
yolo2-3, 04704879, car
yolo11-3, 99366745, car
yolo4-3, 99366745, car
yolo2-3, 99366745, car
yolo8-2, 99366745, car
yolo8-2, 68246518, car
yolo4-3, 68246518, car
yolo11-3, 68246518, car
yolo2-3, 68246518, car
yolo11-3, 38392241, car
yolo4-3, 38392241, car
yolo8-2, 38392241, car
yolo2-3, 38392241, car
yolo11-3, 33497030, car
yolo2-3, 33497030, car
yolo8-2, 33497030, car
yolo4-3, 33497030, car
yolo11-3, 33606211, car
yolo2-3, 33606211, car
yolo4-3, 33606211, car
yolo8-2, 33606211, car
yolo2-3, 78217664, car
yolo11-3, 78217664, car
yolo4-3, 78217664, car
yolo8-2, 78217664, car
yolo8-2, 67862323, car
yolo2-3, 67862323, car
yolo4-3, 67862323, car
yolo11-3, 67862323, car
yolo8-2, 58314518, car
yolo11-3, 58314518, car
yolo4-3, 58314518, car
yolo2-3, 58314518, car
yolo11-3, 98658351, car
yolo2-3, 98658351, car
yolo8-2, 98658351, car
yolo4-3, 98658351, car
yolo2-3, 08812063, car
yolo4-3, 08812063, car
yolo8-2, 08812063, car
yolo11-3, 08812063, car

========== Time: 11 ==========
yolo8-2, 95856603, car
yolo11-3, 95856603, car
yolo2-3, 95856603, car
yolo4-3, 95856603, car
yolo4-3, 30553714, car
yolo11-3, 30553714, car
yolo2-3, 30553714, car
yolo8-2, 30553714, car
yolo4-3, 05263898, car
yolo11-3, 05263898, car
yolo8-2, 05263898, car
yolo2-3, 05263898, car
yolo8-2, 26124515, car
yolo2-3, 26124515, car
yolo4-3, 26124515, car
yolo11-3, 26124515, car
yolo11-3, 13384287, car
yolo8-2, 13384287, car
yolo2-3, 13384287, car
yolo4-3, 13384287, car
yolo2-3, 09135726, car
yolo4-3, 09135726, car
yolo8-2, 09135726, car
yolo11-3, 09135726, car
yolo11-3, 91491986, sofa
yolo8-2, 91491986, sofa
yolo2-3, 91491986, sofa
yolo4-3, 91491986, sofa
yolo8-2, 10367835, aeroplane
yolo2-3, 10367835, aeroplane
yolo4-3, 10367835, aeroplane
yolo11-3, 10367835, aeroplane
yolo8-2, 01230895, sofa
yolo2-3, 01230895, sofa
yolo4-3, 01230895, sofa
yolo8-2, 67062576, aeroplane
yolo2-3, 67062576, aeroplane
yolo4-3, 67062576, aeroplane
yolo2-3, 54961608, sofa
yolo4-3, 54961608, sofa
yolo8-2, 54961608, sofa
yolo8-2, 26804752, sofa
yolo2-3, 26804752, sofa
yolo4-3, 26804752, sofa
yolo8-2, 39084713, sofa
yolo4-3, 39084713, sofa
yolo2-3, 39084713, sofa
yolo8-2, 48106301, aeroplane
yolo2-3, 48106301, aeroplane
yolo4-3, 48106301, aeroplane
yolo8-2, 93414034, car
yolo4-3, 93414034, car
yolo2-3, 93414034, car
yolo2-3, 46861714, car
yolo4-3, 46861714, car
yolo8-2, 46861714, car

========== Time: 12 ==========
yolo8-2, 44503031, car
yolo2-3, 44503031, car
yolo4-3, 44503031, car
yolo8-2, 99894661, car
yolo4-3, 99894661, car
yolo2-3, 99894661, car
yolo2-3, 89128247, car
yolo8-2, 89128247, car
yolo4-3, 89128247, car
yolo2-3, 33140190, car
yolo8-2, 33140190, car
yolo4-3, 33140190, car
yolo2-3, 82832753, car
yolo4-3, 82832753, car
yolo8-2, 82832753, car
yolo2-3, 46344234, car
yolo8-2, 46344234, car
yolo4-3, 46344234, car
yolo2-3, 61202442, car
yolo4-3, 61202442, car
yolo8-2, 61202442, car
yolo8-2, 73377347, car
yolo2-3, 73377347, car
yolo4-3, 73377347, car
yolo4-3, 05511834, car
yolo8-2, 05511834, car
yolo2-3, 05511834, car
yolo4-3, 13757759, car
yolo2-3, 13757759, car
yolo8-2, 13757759, car
yolo2-3, 75557760, car
yolo4-3, 75557760, car
yolo8-2, 75557760, car
yolo8-2, 65125490, car
yolo2-3, 65125490, car
yolo4-3, 65125490, car
yolo8-2, 85967511, car
yolo2-3, 85967511, car
yolo4-3, 85967511, car
yolo8-2, 47636195, car
yolo2-3, 47636195, car
yolo4-3, 47636195, car

========== Time: 13 ==========
yolo2-3, 63411573, car
yolo8-2, 63411573, car
yolo4-3, 63411573, car
yolo4-3, 60167726, car
yolo2-3, 60167726, car
yolo8-2, 60167726, car
yolo2-3, 74288923, car
yolo4-3, 74288923, car
yolo8-2, 74288923, car
yolo5-edge-10, 74288923, car
yolo4-3, 84232769, car
yolo8-2, 84232769, car
yolo2-3, 84232769, car
yolo5-edge-10, 84232769, car
yolo2-3, 38443686, car
yolo8-2, 38443686, car
yolo4-3, 38443686, car
yolo5-edge-10, 38443686, car
yolo2-3, 81633785, car
yolo8-2, 81633785, car
yolo4-3, 81633785, car
yolo5-edge-10, 81633785, car
yolo5-edge-10, 95293716, car
yolo8-2, 95293716, car
yolo4-3, 95293716, car
yolo2-3, 95293716, car
yolo2-3, 25958508, car
yolo4-3, 25958508, car
yolo8-2, 25958508, car
yolo5-edge-10, 25958508, car
yolo4-3, 75546482, car
yolo5-edge-10, 75546482, car
yolo5-edge-10, 97665564, car
yolo4-3, 97665564, car
yolo4-3, 31867831, car
yolo5-edge-10, 31867831, car
yolo4-3, 50460726, car
yolo5-edge-10, 50460726, car
yolo5-edge-10, 49547345, car
yolo4-3, 49547345, car
yolo4-3, 67809010, car
yolo5-edge-10, 67809010, car
yolo4-3, 45525641, car
yolo5-edge-10, 45525641, car
yolo5-edge-10, 15319018, car
yolo4-3, 15319018, car

========== Time: 14 ==========
yolo4-3, 64436910, car
yolo5-edge-10, 64436910, car
yolo5-edge-10, 86832696, car
yolo4-3, 86832696, car
yolo5-edge-10, 16209300, aeroplane
yolo4-3, 16209300, car
yolo4-3, 26936644, car
yolo5-edge-10, 26936644, aeroplane
yolo9-9, 25958508, car
yolo9-9, 75546482, car
yolo4-3, 02271762, car
yolo5-edge-10, 02271762, aeroplane
yolo9-9, 97665564, car
yolo9-9, 31867831, car
yolo4-3, 46188584, car
yolo5-edge-10, 46188584, aeroplane
yolo9-9, 50460726, car
yolo9-9, 49547345, car
yolo5-edge-10, 13298512, aeroplane
yolo9-9, 67809010, car
yolo4-3, 13298512, car
yolo9-9, 45525641, car
yolo4-3, 17720688, car
yolo5-edge-10, 17720688, aeroplane
yolo9-9, 15319018, car
yolo9-9, 64436910, car
yolo5-edge-10, 07793514, aeroplane
yolo2-11, 17720688, car
yolo9-9, 86832696, car
yolo2-11, 07793514, car
yolo9-9, 16209300, car
yolo5-edge-10, 77022454, aeroplane
yolo2-11, 77022454, car
yolo9-9, 26936644, car
yolo5-edge-10, 80032828, aeroplane
yolo2-11, 80032828, car
yolo9-9, 02271762, car
yolo9-9, 46188584, car
yolo2-11, 89140665, car
yolo5-edge-10, 89140665, aeroplane
yolo9-9, 13298512, car
yolo9-9, 17720688, car
yolo2-11, 86247475, car
yolo5-edge-10, 86247475, aeroplane
yolo9-9, 07793514, car
yolo9-9, 77022454, car
yolo5-edge-10, 06215297, aeroplane
yolo9-9, 80032828, car
yolo2-11, 06215297, car
yolo9-9, 89140665, car
yolo2-11, 11310651, car
yolo9-9, 86247475, car
yolo5-edge-10, 11310651, aeroplane
yolo9-9, 06215297, car

========== Time: 15 ==========
yolo2-11, 32110943, car
yolo5-edge-10, 32110943, aeroplane
yolo9-9, 11310651, car
yolo9-9, 32110943, car
yolo2-11, 65454486, car
yolo5-edge-10, 65454486, aeroplane
yolo9-9, 65454486, car
yolo9-9, 82548082, car
yolo2-11, 82548082, car
yolo5-edge-10, 82548082, aeroplane
yolo2-11, 45469059, car
yolo9-9, 45469059, car
yolo5-edge-10, 45469059, car
yolo9-9, 82560120, car
yolo2-11, 82560120, car
yolo5-edge-10, 82560120, car
yolo2-11, 68419635, car
yolo9-9, 68419635, car
yolo5-edge-10, 68419635, car
yolo5-edge-10, 39221143, car
yolo2-11, 39221143, car
yolo9-9, 39221143, car
yolo2-11, 80049728, car
yolo9-9, 80049728, car
yolo5-edge-10, 80049728, car
yolo2-11, 36222525, car
yolo9-9, 36222525, car
yolo5-edge-10, 36222525, car
yolo5-edge-10, 31361497, car
yolo9-9, 31361497, car
yolo9-9, 25511274, car
yolo5-edge-10, 25511274, car
yolo9-9, 19885501, car
yolo5-edge-10, 19885501, car
yolo9-9, 03322786, car
yolo5-edge-10, 03322786, car
yolo9-9, 38947911, car
yolo5-edge-10, 38947911, car
yolo9-9, 02393080, car
yolo6-13, 45469059, aeroplane
yolo5-edge-10, 02393080, car
yolo6-13, 82560120, aeroplane
yolo6-13, 68419635, aeroplane
yolo9-9, 50297582, car
yolo5-edge-10, 50297582, car
yolo6-13, 39221143, aeroplane
yolo6-13, 80049728, aeroplane

========== Time: 16 ==========
yolo8-12, 38947911, car
yolo9-9, 21873830, car
yolo5-edge-10, 21873830, car
yolo6-13, 36222525, aeroplane
yolo8-12, 02393080, car
yolo6-13, 31361497, aeroplane
yolo8-12, 50297582, car
yolo5-edge-10, 84969833, sofa
yolo9-9, 84969833, sofa
yolo8-12, 21873830, car
yolo6-13, 25511274, aeroplane
yolo6-13, 19885501, aeroplane
yolo8-12, 84969833, sofa
yolo9-9, 87817697, sofa
yolo6-13, 03322786, aeroplane
yolo8-12, 87817697, sofa
yolo5-edge-10, 87817697, sofa
yolo6-13, 38947911, aeroplane
yolo8-12, 95255109, aeroplane
yolo9-9, 95255109, aeroplane
yolo6-13, 02393080, aeroplane
yolo5-edge-10, 95255109, aeroplane
yolo6-13, 50297582, aeroplane
yolo9-9, 65243785, car
yolo8-12, 65243785, car
yolo6-13, 21873830, aeroplane
yolo5-edge-10, 65243785, car
yolo6-13, 84969833, sofa
yolo6-13, 87817697, aeroplane
yolo9-9, 14219114, sofa
yolo8-12, 14219114, sofa
yolo5-edge-10, 14219114, sofa
yolo6-13, 95255109, aeroplane
yolo6-13, 65243785, bottle
yolo8-12, 77395746, car
yolo9-9, 77395746, car
yolo5-edge-10, 77395746, car
yolo6-13, 14219114, aeroplane
yolo8-12, 66334883, sofa
yolo9-9, 66334883, sofa
yolo5-edge-10, 66334883, sofa
yolo5-edge-10, 36417822, car
yolo9-9, 36417822, car
yolo8-12, 36417822, car
yolo9-9, 67650720, car
yolo8-12, 67650720, car
yolo5-edge-10, 67650720, car
yolo8-12, 46156437, car
yolo9-9, 46156437, car
yolo8-16, 46156437, car
yolo5-edge-10, 46156437, car
yolo9-9, 97096579, car
yolo8-12, 97096579, car
yolo8-16, 97096579, car
yolo5-edge-10, 97096579, car
yolo2-16, 97096579, car
yolo5-edge-10, 53748140, car
yolo8-12, 53748140, car
yolo8-16, 53748140, car
yolo2-16, 53748140, car
yolo9-9, 53748140, car
yolo10-12, 77395746, car
yolo10-12, 66334883, sofa
yolo5-edge-10, 59570560, car
yolo8-16, 59570560, car
yolo2-16, 59570560, car
yolo8-12, 59570560, car
yolo9-9, 59570560, car
yolo10-12, 36417822, car
yolo10-12, 67650720, car
yolo5-edge-10, 17103674, car
yolo2-16, 17103674, car
yolo8-16, 17103674, car
yolo8-12, 17103674, car
yolo9-9, 17103674, car
yolo10-12, 46156437, car
yolo5-edge-10, 44912988, car
yolo10-12, 97096579, car
yolo2-16, 44912988, car
yolo9-9, 44912988, car
yolo8-12, 44912988, car
yolo8-16, 44912988, car
yolo10-12, 53748140, car
yolo5-edge-10, 52977617, car
yolo8-12, 52977617, car
yolo2-16, 52977617, car
yolo8-16, 52977617, car
yolo9-9, 52977617, car
yolo10-12, 59570560, car
yolo10-12, 17103674, car
yolo5-edge-10, 29031306, car
yolo2-16, 29031306, car
yolo8-16, 29031306, car
yolo8-12, 29031306, car
yolo9-9, 29031306, car
yolo5-edge-10, 57496036, car
yolo10-12, 44912988, car
yolo8-12, 57496036, car
yolo8-16, 57496036, car
yolo2-16, 57496036, car
yolo9-9, 57496036, car
yolo10-12, 52977617, car
yolo5-edge-10, 78811409, car
yolo8-16, 78811409, car
yolo8-12, 78811409, car
yolo2-16, 78811409, car
yolo9-9, 78811409, car
yolo10-12, 29031306, car
yolo5-edge-10, 95072762, car
yolo8-12, 95072762, car
yolo9-9, 95072762, car
yolo8-16, 95072762, car
yolo10-12, 57496036, car
yolo2-16, 95072762, car

========== Time: 17 ==========
yolo10-12, 78811409, car
yolo5-edge-10, 49589831, car
yolo8-16, 49589831, car
yolo8-12, 49589831, car
yolo2-16, 49589831, car
yolo9-9, 49589831, car
yolo10-12, 95072762, car
yolo10-12, 49589831, car
yolo5-edge-10, 05046498, car
yolo8-16, 05046498, car
yolo2-16, 05046498, car
yolo9-9, 05046498, car
yolo8-12, 05046498, car
yolo10-12, 05046498, car
yolo5-edge-10, 34013645, car
yolo8-12, 34013645, car
yolo9-9, 34013645, car
yolo8-16, 34013645, car
yolo10-12, 34013645, car
yolo2-16, 34013645, car
yolo5-edge-10, 02776174, car
yolo9-9, 02776174, car
yolo8-12, 02776174, car
yolo8-16, 02776174, car
yolo2-16, 02776174, car
yolo10-12, 02776174, car
yolo5-edge-10, 29952386, car
yolo8-12, 29952386, car
yolo2-16, 29952386, car
yolo9-9, 29952386, car
yolo8-16, 29952386, car
yolo10-12, 29952386, car
yolo5-edge-10, 04712706, car
yolo8-16, 04712706, car
yolo8-12, 04712706, car
yolo10-12, 04712706, car
yolo2-16, 04712706, car
yolo9-9, 04712706, car
yolo5-edge-10, 39723007, car
yolo9-9, 39723007, car
yolo10-12, 39723007, car
yolo8-12, 39723007, car
yolo2-16, 39723007, car
yolo8-16, 39723007, car
yolo5-edge-10, 47495292, car
yolo8-16, 47495292, car
yolo8-12, 47495292, car
yolo10-12, 47495292, car
yolo9-9, 47495292, car
yolo2-16, 47495292, car
yolo5-edge-10, 49033996, car
yolo10-12, 49033996, car
yolo8-12, 49033996, car
yolo8-16, 49033996, car
yolo2-16, 49033996, car
yolo5-edge-10, 70716424, car
yolo8-16, 70716424, car
yolo8-12, 70716424, car

========== Time: 18 ==========
yolo2-16, 70716424, car
yolo10-12, 70716424, car
yolo5-edge-10, 74190732, car
yolo10-12, 74190732, car
yolo2-16, 74190732, car
yolo8-16, 74190732, car
yolo8-12, 74190732, car
yolo5-edge-10, 58051620, car
yolo2-16, 58051620, car
yolo8-16, 58051620, car
yolo10-12, 58051620, car
yolo8-12, 58051620, car
yolo5-edge-10, 76586658, car
yolo8-12, 76586658, car
yolo8-16, 76586658, car
yolo2-16, 76586658, car
yolo10-12, 76586658, car
yolo5-edge-10, 11878703, aeroplane
yolo8-16, 11878703, car
yolo8-12, 11878703, car
yolo10-12, 11878703, car
yolo2-16, 11878703, car
yolo5-edge-10, 90221271, aeroplane
yolo2-16, 90221271, car
yolo8-12, 90221271, car
yolo10-12, 90221271, car
yolo8-16, 90221271, car
yolo10-12, 62923226, car
yolo8-12, 62923226, car
yolo5-edge-10, 62923226, aeroplane
yolo8-16, 62923226, car
yolo2-16, 62923226, car
yolo5-edge-10, 87650686, aeroplane
yolo10-12, 87650686, car
yolo8-16, 87650686, car
yolo2-16, 87650686, car
yolo8-12, 87650686, car
yolo5-edge-10, 48307776, aeroplane
yolo8-12, 48307776, car
yolo2-16, 48307776, car
yolo8-16, 48307776, car
yolo10-12, 48307776, car
yolo5-edge-10, 05136504, aeroplane
yolo10-12, 05136504, car
yolo8-16, 05136504, car
yolo8-12, 05136504, car
yolo5-edge-10, 48079065, aeroplane
yolo10-12, 48079065, car
yolo8-12, 48079065, car
yolo8-16, 48079065, car
yolo8-16, 99976406, car
yolo5-edge-10, 99976406, aeroplane
yolo8-12, 99976406, car
yolo10-12, 99976406, car
yolo5-edge-10, 19089403, aeroplane
yolo8-12, 19089403, car
yolo10-12, 19089403, car
yolo8-16, 19089403, car
yolo5-edge-10, 09835313, aeroplane
yolo8-12, 09835313, car
yolo8-16, 09835313, car
yolo10-12, 09835313, car
yolo5-edge-10, 25179156, aeroplane
yolo8-16, 25179156, car
yolo8-12, 25179156, car
yolo10-12, 25179156, car
yolo5-edge-10, 99094322, aeroplane
yolo8-12, 99094322, car
yolo8-16, 99094322, car
yolo10-12, 99094322, car

========== Time: 19 ==========
yolo8-16, 03484284, car
yolo10-12, 03484284, car
yolo8-12, 03484284, car
yolo5-edge-10, 03484284, aeroplane
yolo8-12, 73256756, car
yolo8-16, 73256756, car
yolo10-12, 73256756, car
yolo5-edge-10, 73256756, aeroplane
yolo8-16, 59243528, car
yolo8-12, 59243528, car
yolo10-12, 59243528, car
yolo5-edge-10, 59243528, aeroplane
yolo5-edge-10, 53613618, aeroplane
yolo10-12, 53613618, car
yolo8-12, 53613618, car
yolo8-16, 53613618, car
yolo8-16, 23770198, car
yolo8-12, 23770198, car
yolo5-edge-10, 23770198, aeroplane
yolo10-12, 23770198, car
yolo8-12, 47329989, car
yolo8-16, 47329989, car
yolo10-12, 47329989, car
yolo5-edge-10, 47329989, aeroplane
yolo8-16, 33590861, car
yolo5-edge-10, 33590861, aeroplane
yolo8-12, 33590861, car
yolo10-12, 33590861, car
yolo8-12, 12440924, car
yolo8-16, 12440924, car
yolo5-edge-10, 12440924, aeroplane
yolo10-12, 12440924, car
yolo10-12, 91494564, car
yolo8-12, 91494564, car
yolo8-16, 91494564, car
yolo8-12, 42633093, car
yolo10-12, 42633093, car
yolo8-16, 42633093, car
yolo8-12, 70879277, car
yolo8-16, 70879277, car
yolo10-12, 70879277, car
yolo8-12, 77591061, car
yolo8-16, 77591061, car
yolo10-12, 77591061, car
yolo8-12, 40498692, car
yolo8-16, 40498692, car
yolo10-12, 40498692, car
yolo8-12, 46061802, car
yolo10-12, 46061802, car
yolo8-16, 46061802, car
yolo8-16, 56946275, car
yolo8-12, 56946275, car
yolo10-12, 56946275, car
yolo8-16, 52764312, car
yolo8-12, 52764312, car
yolo10-12, 52764312, car

========== Time: 20 ==========
yolo8-16, 88022557, car
yolo8-12, 88022557, car
yolo10-12, 88022557, car
yolo8-16, 08824052, car
yolo8-12, 08824052, car
yolo10-12, 08824052, car
yolo8-16, 67501890, car
yolo8-12, 67501890, car
yolo10-12, 67501890, car
yolo8-12, 41403661, car
yolo8-16, 41403661, car
yolo10-12, 41403661, car
yolo8-16, 95282517, car
yolo8-12, 95282517, car
yolo10-12, 95282517, car
yolo8-16, 70207792, car
yolo10-12, 70207792, car
yolo8-12, 70207792, car
yolo8-16, 68770246, car
yolo8-12, 68770246, car
yolo10-12, 68770246, car
yolo11-18, 42633093, car
yolo11-18, 70879277, car
yolo8-16, 45901074, car
yolo8-12, 45901074, car
yolo10-12, 45901074, car
yolo11-18, 77591061, car
yolo11-18, 40498692, car
yolo8-16, 67805436, car
yolo10-12, 67805436, car
yolo8-12, 67805436, car
yolo11-18, 46061802, car
yolo11-18, 56946275, car
yolo8-16, 87945467, car
yolo8-12, 87945467, car
yolo10-12, 87945467, car
yolo11-18, 52764312, car
yolo11-18, 88022557, car
yolo8-16, 35684349, car
yolo10-12, 35684349, car
yolo8-12, 35684349, car
yolo11-18, 08824052, car
yolo11-18, 67501890, car
yolo10-12, 20349046, car
yolo8-12, 20349046, car
yolo8-16, 20349046, car
yolo10-19, 20349046, car
yolo11-18, 41403661, car
yolo11-18, 95282517, car
yolo10-19, 89593236, car
yolo8-12, 89593236, car
yolo8-16, 89593236, car
yolo10-12, 89593236, car
yolo11-18, 70207792, car
yolo11-18, 68770246, car
yolo8-12, 91561627, car
yolo10-12, 91561627, car
yolo10-19, 91561627, car
yolo8-16, 91561627, car
yolo11-18, 45901074, car
yolo11-18, 67805436, car
yolo10-12, 68004511, car
yolo8-12, 68004511, car
yolo8-16, 68004511, car
yolo10-19, 68004511, car
yolo11-18, 87945467, car

========== Time: 21 ==========
yolo11-18, 35684349, car
yolo8-16, 67439280, car
yolo8-12, 67439280, car
yolo10-12, 67439280, car
yolo11-18, 20349046, car
yolo10-19, 67439280, car
yolo11-18, 89593236, car
yolo8-12, 89015276, car
yolo8-16, 89015276, car
yolo10-12, 89015276, car
yolo10-19, 89015276, car
yolo11-18, 91561627, car
yolo11-18, 68004511, car
yolo10-12, 35666622, car
yolo8-16, 35666622, car
yolo10-19, 35666622, car
yolo8-12, 35666622, car
yolo11-18, 67439280, car
yolo11-18, 89015276, car
yolo8-12, 50443830, car
yolo8-16, 50443830, car
yolo10-19, 50443830, car
yolo10-12, 50443830, car
yolo11-18, 35666622, car
yolo11-18, 50443830, car
yolo8-12, 17731504, car
yolo8-16, 17731504, car
yolo10-12, 17731504, car
yolo10-19, 17731504, car
yolo11-18, 17731504, car
yolo11-18, 02401124, car
yolo8-16, 02401124, car
yolo10-12, 02401124, car
yolo10-19, 02401124, car
yolo8-12, 02401124, car
yolo8-12, 98514766, car
yolo11-18, 98514766, car
yolo8-16, 98514766, car
yolo10-19, 98514766, car
yolo10-12, 98514766, car
yolo10-19, 64696797, car
yolo8-16, 64696797, car
yolo11-18, 64696797, car
yolo10-12, 64696797, car
yolo8-12, 64696797, car
yolo10-12, 55705795, car
yolo10-19, 55705795, car
yolo10-12, 57157797, car
yolo10-19, 57157797, car
yolo10-12, 39831647, car
yolo10-19, 39831647, car
yolo10-19, 88653129, car
yolo10-12, 88653129, car
yolo10-19, 94266005, car
yolo10-12, 94266005, car
yolo10-19, 76358495, car
yolo10-12, 76358495, car
yolo10-19, 37290587, car
yolo10-12, 37290587, car
yolo10-19, 43030280, car
yolo10-12, 43030280, car

========== Time: 22 ==========
yolo10-19, 00905402, car
yolo10-12, 00905402, car
yolo10-12, 48296725, car
yolo10-19, 48296725, car
yolo3-16, 17731504, car
yolo10-12, 75120574, car
yolo10-19, 75120574, car
yolo3-16, 02401124, car
yolo10-19, 69848038, car
yolo3-16, 98514766, car
yolo10-12, 69848038, car
yolo3-16, 64696797, car
yolo10-12, 94847947, car
yolo10-19, 94847947, car
yolo3-16, 55705795, car
yolo3-16, 57157797, car
yolo10-19, 00489175, car
yolo10-12, 00489175, car
yolo3-16, 39831647, car
yolo10-19, 51671473, car
yolo10-12, 51671473, car
yolo3-16, 88653129, car
yolo3-16, 94266005, car
yolo10-12, 38283316, car
yolo3-16, 76358495, car
yolo10-19, 38283316, car
yolo3-16, 37290587, car
yolo10-19, 52605224, car
yolo10-19, 96684939, car
yolo10-19, 82226236, aeroplane
yolo10-19, 43712152, sofa
yolo10-19, 99518692, sofa
yolo10-19, 91533014, boat
yolo10-19, 72213972, train

========== Time: 23 ==========
yolo10-19, 41490558, train
yolo10-19, 91036942, sofa
yolo10-19, 55648349, sofa
yolo10-19, 33534718, sofa
yolo11-22, 91533014, boat
yolo11-22, 72213972, train
yolo10-19, 37397784, sofa
yolo11-22, 41490558, train
yolo11-22, 91036942, sofa
yolo10-19, 33887180, sofa
yolo11-22, 55648349, sofa
yolo11-22, 33534718, sofa
yolo10-19, 05988092, sofa
yolo11-22, 37397784, sofa
yolo11-22, 33887180, sofa
yolo10-19, 80475353, sofa
yolo11-22, 05988092, sofa
yolo11-22, 80475353, sofa
yolo11-22, 72646478, sofa
yolo10-19, 72646478, sofa
yolo11-22, 35510704, sofa
yolo10-19, 35510704, sofa
yolo11-22, 75074149, train
yolo10-19, 75074149, train
yolo11-22, 44636085, sofa
yolo10-19, 44636085, sofa
yolo8-21, 80475353, sofa
yolo11-22, 83006013, sofa
yolo10-19, 83006013, sofa
yolo8-21, 72646478, sofa
yolo8-21, 35510704, sofa
yolo8-21, 75074149, train
yolo11-22, 57017602, car
yolo10-19, 57017602, car
yolo8-21, 44636085, sofa
yolo10-19, 12732543, car
yolo11-22, 12732543, car
yolo8-21, 83006013, sofa
yolo8-21, 57017602, car
yolo10-19, 25139099, car
yolo11-22, 25139099, car

========== Time: 24 ==========
yolo8-21, 12732543, car
yolo8-21, 25139099, car
yolo11-22, 40062650, car
yolo10-19, 40062650, car
yolo8-21, 40062650, car
yolo8-21, 21269584, car
yolo11-22, 21269584, car
yolo10-19, 21269584, car
yolo11-22, 80258156, car
yolo8-21, 80258156, car
yolo10-19, 80258156, car
yolo9-22, 57017602, car
yolo12-18, 80475353, sofa
yolo9-22, 12732543, car
yolo11-22, 89406441, car
yolo8-21, 89406441, car
yolo10-19, 89406441, car
yolo12-18, 72646478, sofa
yolo9-22, 25139099, car
yolo12-18, 35510704, sofa
yolo9-22, 40062650, car
yolo8-21, 46414071, car
yolo10-19, 46414071, car
yolo11-22, 46414071, car
yolo12-18, 75074149, train
yolo9-22, 21269584, car
yolo12-18, 44636085, sofa
yolo9-22, 80258156, car
yolo8-21, 62306740, car
yolo11-22, 62306740, car
yolo10-19, 62306740, car
yolo12-18, 83006013, sofa
yolo9-22, 89406441, car
yolo12-18, 57017602, car
yolo9-22, 46414071, car
yolo8-21, 40735130, car
yolo11-22, 40735130, car
yolo10-19, 40735130, car
yolo10-23, 40735130, car
yolo12-18, 12732543, car
yolo9-22, 62306740, car
yolo9-22, 40735130, car
yolo12-18, 25139099, car
yolo10-19, 05778615, car
yolo11-22, 05778615, car
yolo10-23, 05778615, car
yolo8-21, 05778615, car
yolo12-18, 40062650, car
yolo9-22, 05778615, car
yolo12-18, 21269584, car
yolo8-21, 76609456, sofa
yolo10-19, 76609456, sofa
yolo9-22, 76609456, sofa
yolo10-23, 76609456, sofa
yolo11-22, 76609456, sofa
yolo12-18, 80258156, car
yolo8-21, 23788559, boat
yolo10-19, 23788559, boat
yolo11-22, 23788559, boat
yolo9-22, 23788559, boat
yolo10-23, 23788559, boat
yolo12-18, 89406441, car
yolo10-23, 18412579, sofa
yolo11-22, 18412579, sofa
yolo12-18, 46414071, car
yolo8-21, 18412579, sofa
yolo9-22, 18412579, sofa
yolo10-19, 18412579, sofa
yolo12-18, 62306740, car
yolo11-22, 10046417, sofa
yolo8-21, 10046417, sofa
yolo10-19, 10046417, sofa
yolo9-22, 10046417, sofa
yolo10-23, 10046417, sofa
yolo12-18, 40735130, car
yolo12-18, 05778615, car
yolo10-19, 09482822, aeroplane
yolo8-21, 09482822, aeroplane
yolo10-23, 09482822, aeroplane
yolo11-22, 09482822, aeroplane
yolo9-22, 09482822, aeroplane
yolo12-18, 76609456, sofa
yolo12-18, 23788559, boat

========== Time: 25 ==========
yolo10-19, 64881686, aeroplane
yolo11-22, 64881686, aeroplane
yolo10-23, 64881686, aeroplane
yolo8-21, 64881686, aeroplane
yolo9-22, 64881686, aeroplane
yolo12-18, 18412579, sofa
yolo12-18, 10046417, sofa
yolo11-22, 21468440, aeroplane
yolo10-23, 21468440, aeroplane
yolo10-19, 21468440, aeroplane
yolo8-21, 21468440, aeroplane
yolo12-18, 09482822, aeroplane
yolo9-22, 21468440, aeroplane
yolo10-19, 08464640, car
yolo10-23, 08464640, car
yolo8-21, 08464640, car
yolo12-18, 64881686, aeroplane
yolo11-22, 08464640, car
yolo9-22, 08464640, car
yolo12-18, 21468440, aeroplane
yolo11-22, 34032001, car
yolo8-21, 34032001, car
yolo12-18, 08464640, car
yolo10-19, 34032001, car
yolo10-23, 34032001, car
yolo9-22, 34032001, car
yolo12-18, 34032001, car
yolo8-21, 86211488, car
yolo11-22, 86211488, car
yolo10-23, 86211488, car
yolo10-19, 86211488, car
yolo9-22, 86211488, car
yolo12-18, 86211488, car
yolo10-19, 44171036, car
yolo10-23, 44171036, car
yolo9-22, 44171036, car
yolo12-18, 44171036, car
yolo8-21, 44171036, car
yolo10-23, 55043311, car
yolo9-22, 55043311, car
yolo10-19, 55043311, car
yolo11-22, 44171036, car
yolo12-18, 55043311, car
yolo8-21, 55043311, car
yolo8-21, 86465123, car
yolo9-22, 86465123, car
yolo12-18, 86465123, car
yolo10-23, 86465123, car
yolo10-19, 86465123, car
yolo11-22, 55043311, car
yolo11-22, 86465123, car
yolo10-19, 84003590, car
yolo12-18, 84003590, car
yolo10-23, 84003590, car
yolo8-21, 84003590, car
yolo9-22, 84003590, car
yolo11-22, 84003590, car
yolo12-18, 18295317, car
yolo11-22, 18295317, car
yolo8-21, 18295317, car
yolo10-23, 18295317, car
yolo10-19, 18295317, car
yolo9-22, 18295317, car
yolo12-18, 70118261, car
yolo8-21, 70118261, car
yolo10-23, 70118261, car
yolo9-22, 70118261, car
yolo11-22, 70118261, car
yolo10-19, 70118261, car
yolo11-22, 79063564, car
yolo12-18, 79063564, car
yolo8-21, 79063564, car
yolo10-19, 79063564, car
yolo9-22, 79063564, car
yolo10-23, 79063564, car
yolo11-22, 08156189, car
yolo9-22, 08156189, car
yolo8-21, 08156189, car
yolo10-19, 08156189, car
yolo10-23, 08156189, car
yolo12-18, 08156189, car
yolo11-22, 09896496, car
yolo10-23, 09896496, car
yolo12-18, 09896496, car
yolo10-19, 09896496, car
yolo9-22, 09896496, car
yolo8-21, 09896496, car
yolo9-22, 05636449, car
yolo8-21, 05636449, car
yolo11-22, 05636449, car
yolo10-19, 05636449, car
yolo10-23, 05636449, car
yolo12-18, 05636449, car
yolo11-22, 53854958, car
yolo12-18, 53854958, car
yolo10-23, 53854958, car
yolo9-22, 53854958, car
yolo8-21, 53854958, car
yolo10-19, 53854958, car
yolo10-23, 55365521, car
yolo9-22, 55365521, car
yolo8-21, 55365521, car
yolo12-18, 55365521, car
yolo10-19, 55365521, car
yolo11-22, 55365521, car
yolo10-19, 43255752, car
yolo11-22, 43255752, car
yolo8-21, 43255752, car
yolo12-18, 43255752, car
yolo10-23, 43255752, car
yolo9-22, 43255752, car
yolo11-22, 41560232, car
yolo12-18, 41560232, car
yolo12-23, 41560232, car
yolo8-21, 41560232, car
yolo10-19, 41560232, car
yolo10-23, 41560232, car
yolo12-23, 38856581, car
yolo8-21, 38856581, car
yolo12-18, 38856581, car
yolo10-23, 38856581, car
yolo11-22, 38856581, car
yolo10-19, 38856581, car
yolo9-22, 41560232, car
yolo10-23, 95566440, car
yolo10-19, 95566440, car
yolo8-21, 95566440, car
yolo12-23, 95566440, car
yolo12-18, 95566440, car
yolo11-22, 95566440, car
yolo10-23, 04119079, car
yolo9-22, 38856581, car
yolo12-23, 04119079, car
yolo12-18, 04119079, car
yolo8-21, 04119079, car
yolo10-19, 04119079, car
yolo9-22, 95566440, car
yolo11-22, 04119079, car
yolo9-22, 04119079, car
yolo10-19, 10059161, car
yolo12-18, 10059161, car
yolo10-23, 10059161, car
yolo12-23, 10059161, car
yolo9-22, 10059161, car
yolo11-22, 10059161, car
yolo8-21, 10059161, car
yolo10-23, 17520790, car
yolo12-18, 17520790, car
yolo12-23, 17520790, car
yolo10-19, 17520790, car
yolo9-22, 17520790, car
yolo8-21, 17520790, car
yolo12-23, 00245089, car
yolo10-23, 00245089, car
yolo12-18, 00245089, car
yolo8-21, 00245089, car
yolo9-22, 00245089, car
yolo10-19, 00245089, car
yolo12-18, 53005924, car
yolo12-23, 53005924, car
yolo10-23, 53005924, car
yolo9-22, 53005924, car
yolo10-19, 53005924, car
yolo8-21, 53005924, car
yolo12-18, 67281176, car
yolo12-23, 67281176, car
yolo9-22, 67281176, car
yolo10-19, 67281176, car
yolo10-23, 67281176, car
yolo8-21, 67281176, car
yolo10-19, 96814271, car
yolo10-23, 96814271, car
yolo9-22, 96814271, car
yolo12-23, 96814271, car
yolo8-21, 96814271, car
yolo12-18, 96814271, car
yolo11-22, 17520790, car
yolo12-18, 70271266, car
yolo12-23, 70271266, car
yolo10-19, 70271266, car
yolo10-23, 70271266, car
yolo9-22, 70271266, car
yolo8-21, 70271266, car
yolo10-19, 64410716, car
yolo12-23, 64410716, car
yolo8-21, 64410716, car
yolo12-18, 64410716, car
yolo9-22, 64410716, car
yolo10-23, 64410716, car
yolo11-22, 00245089, car
yolo12-18, 03766535, car
yolo8-21, 03766535, car
yolo10-19, 03766535, car
yolo10-23, 03766535, car
yolo12-23, 03766535, car
yolo9-22, 03766535, car
yolo11-22, 53005924, car
yolo11-22, 67281176, car
yolo12-18, 34918343, car
yolo12-23, 34918343, car
yolo10-23, 34918343, car
yolo10-19, 34918343, car
yolo8-21, 34918343, car
yolo9-22, 34918343, car
yolo11-22, 96814271, car
yolo10-19, 99891297, car
yolo8-21, 99891297, car
yolo9-22, 99891297, car
yolo12-23, 99891297, car
yolo11-22, 70271266, car
yolo12-18, 99891297, car
yolo10-23, 99891297, car
yolo12-23, 18514627, car
yolo10-19, 18514627, car
yolo10-23, 18514627, car
yolo12-18, 18514627, car
yolo11-22, 64410716, car
yolo9-22, 18514627, car
yolo8-21, 18514627, car
yolo12-23, 13233326, car
yolo12-18, 13233326, car
yolo10-19, 13233326, car
yolo10-23, 13233326, car
yolo11-22, 03766535, car
yolo9-22, 13233326, car
yolo8-21, 13233326, car
yolo11-22, 34918343, car
yolo10-19, 22040656, car
yolo12-18, 22040656, car
yolo12-23, 22040656, car
yolo9-22, 22040656, car
yolo10-23, 22040656, car
yolo8-21, 22040656, car
yolo11-22, 99891297, car
yolo12-18, 20592444, car
yolo12-23, 20592444, car
yolo10-23, 20592444, car
yolo8-21, 20592444, car
yolo10-19, 20592444, car
yolo11-22, 18514627, car
yolo9-22, 20592444, car
yolo11-22, 13233326, car
yolo8-21, 13471666, car
yolo12-18, 13471666, car
yolo12-23, 13471666, car
yolo10-19, 13471666, car
yolo9-22, 13471666, car
yolo10-23, 13471666, car
yolo7-19, 10059161, car
yolo11-22, 22040656, car
yolo11-22, 20592444, car
yolo12-18, 86028985, car
yolo9-22, 86028985, car
yolo10-23, 86028985, car
yolo10-19, 86028985, car
yolo12-23, 86028985, car
yolo8-21, 86028985, car
yolo11-22, 13471666, car
yolo11-22, 86028985, car
yolo8-21, 76283463, car
yolo7-19, 17520790, car
yolo9-22, 76283463, car
yolo12-23, 76283463, car
yolo12-18, 76283463, car
yolo10-19, 76283463, car
yolo10-23, 76283463, car
yolo11-22, 76283463, car
yolo7-19, 00245089, car
yolo10-19, 96811640, car
yolo10-23, 96811640, car
yolo9-22, 96811640, car
yolo12-23, 96811640, car
yolo12-18, 96811640, car
yolo8-21, 96811640, car
yolo7-19, 53005924, car
yolo10-19, 61399929, car
yolo10-23, 61399929, car
yolo9-22, 61399929, car
yolo11-22, 96811640, car
yolo7-19, 67281176, car
yolo12-18, 61399929, car
yolo12-23, 61399929, car
yolo8-21, 61399929, car
yolo9-22, 37078149, car
yolo10-23, 37078149, car
yolo10-19, 37078149, car
yolo7-19, 96814271, car
yolo12-18, 37078149, car
yolo12-23, 37078149, car
yolo8-21, 37078149, car
yolo11-22, 61399929, car
yolo12-18, 24632959, car
yolo7-19, 70271266, car
yolo11-22, 37078149, car
yolo9-22, 24632959, car
yolo12-23, 24632959, car
yolo10-23, 24632959, car
yolo10-19, 24632959, car
yolo8-21, 24632959, car
yolo7-19, 64410716, car
yolo10-19, 29938187, car
yolo12-23, 29938187, car
yolo12-18, 29938187, car
yolo8-21, 29938187, car
yolo10-23, 29938187, car
yolo9-22, 29938187, car
yolo11-22, 24632959, car
yolo7-19, 03766535, car
yolo11-22, 29938187, car
yolo9-22, 79666756, car
yolo8-21, 79666756, car
yolo12-18, 79666756, car
yolo10-23, 79666756, car
yolo12-23, 79666756, car
yolo7-19, 34918343, car
yolo10-19, 79666756, car
yolo11-22, 79666756, car
yolo7-19, 99891297, car
yolo10-19, 77772993, car
yolo10-23, 77772993, car
yolo8-21, 77772993, car
yolo12-18, 77772993, car
yolo11-22, 77772993, car
yolo12-23, 77772993, car
yolo9-22, 77772993, car
yolo7-19, 18514627, car
yolo7-19, 13233326, car
yolo12-23, 60157436, car
yolo12-18, 60157436, car
yolo11-22, 60157436, car
yolo10-23, 60157436, car
yolo10-19, 60157436, car
yolo9-22, 60157436, car
yolo7-19, 22040656, car
yolo12-23, 54191414, car
yolo11-22, 54191414, car
yolo12-18, 54191414, car
yolo10-23, 54191414, car
yolo10-19, 54191414, car
yolo9-22, 54191414, car
yolo7-19, 20592444, car
yolo11-22, 41995478, car
yolo12-18, 41995478, car
yolo9-22, 41995478, car
yolo7-19, 13471666, car
yolo12-23, 41995478, car
yolo10-19, 41995478, car
yolo10-23, 41995478, car
yolo8-21, 60157436, car
yolo7-19, 86028985, car
yolo10-19, 68218477, car
yolo12-23, 68218477, car
yolo9-22, 68218477, car
yolo11-22, 68218477, car
yolo10-23, 68218477, car
yolo12-18, 68218477, car
yolo7-19, 76283463, car
yolo7-19, 96811640, car
yolo10-19, 77080339, car
yolo8-21, 54191414, car
yolo12-23, 77080339, car
yolo12-18, 77080339, car
yolo11-22, 77080339, car
yolo9-22, 77080339, car
yolo10-23, 77080339, car
yolo7-19, 61399929, car
yolo8-21, 41995478, car
yolo12-18, 11372405, car
yolo10-19, 11372405, car
yolo11-22, 11372405, car
yolo10-23, 11372405, car
yolo7-19, 37078149, car
yolo9-22, 11372405, car
yolo8-21, 68218477, car
yolo12-23, 11372405, car
yolo7-19, 24632959, car
yolo8-21, 77080339, car
yolo12-23, 08389946, car
yolo10-23, 08389946, car
yolo12-18, 08389946, car
yolo11-22, 08389946, car
yolo10-19, 08389946, car
yolo9-22, 08389946, car
yolo8-21, 11372405, car
yolo7-19, 29938187, car
yolo7-19, 79666756, car
yolo8-21, 08389946, car
yolo10-23, 66126369, car
yolo10-19, 66126369, car
yolo12-23, 66126369, car
yolo11-22, 66126369, car
yolo12-18, 66126369, car
yolo9-22, 66126369, car
yolo7-19, 77772993, car
yolo8-21, 66126369, car
yolo10-23, 86635787, car
yolo12-23, 86635787, car
yolo11-22, 86635787, car
yolo10-19, 86635787, car
yolo12-18, 86635787, car
yolo9-22, 86635787, car
yolo7-19, 60157436, car
yolo8-21, 86635787, car
yolo7-19, 54191414, car
yolo8-21, 41746038, car
yolo10-19, 41746038, car
yolo12-23, 41746038, car
yolo11-22, 41746038, car
yolo12-18, 41746038, car
yolo10-23, 41746038, car
yolo9-22, 41746038, car
yolo7-19, 41995478, car

========== Time: 26 ==========
yolo12-18, 96531280, car
yolo9-22, 96531280, car
yolo7-19, 68218477, car
yolo8-21, 96531280, car
yolo10-23, 96531280, car
yolo12-23, 96531280, car
yolo10-19, 96531280, car
yolo11-22, 96531280, car
yolo12-23, 11619247, car
yolo11-22, 11619247, car
yolo10-19, 11619247, car
yolo10-23, 11619247, car
yolo7-19, 77080339, car
yolo12-18, 11619247, car
yolo9-22, 11619247, car
yolo7-19, 11372405, car
yolo12-23, 14401193, car
yolo10-19, 14401193, car
yolo12-18, 14401193, car
yolo10-23, 14401193, car
yolo9-22, 14401193, car
yolo11-22, 14401193, car
yolo7-19, 08389946, car
yolo9-22, 55204350, car
yolo7-19, 66126369, car
yolo11-22, 55204350, car
yolo7-19, 86635787, car
yolo11-22, 01281879, car
yolo7-19, 41746038, car
yolo12-23, 55204350, car
yolo12-18, 55204350, car
yolo10-19, 55204350, car
yolo10-23, 55204350, car
yolo11-22, 92156593, car
yolo7-19, 96531280, car
yolo7-19, 11619247, car
yolo10-19, 01281879, car
yolo10-23, 01281879, car
yolo11-22, 40893463, aeroplane
yolo7-19, 14401193, car
yolo10-23, 92156593, car
yolo10-19, 92156593, car
yolo11-22, 61452697, sofa
yolo12-23, 01281879, car
yolo12-18, 01281879, car
yolo7-19, 55204350, car
yolo10-19, 40893463, aeroplane
yolo11-22, 17178948, sofa
yolo10-23, 40893463, aeroplane
yolo12-23, 92156593, car
yolo11-22, 91906849, sofa
yolo10-23, 61452697, sofa
yolo10-19, 61452697, sofa
yolo12-23, 40893463, aeroplane
yolo10-19, 17178948, sofa
yolo10-23, 17178948, sofa
yolo11-22, 46541651, sofa
yolo12-23, 61452697, sofa
yolo10-19, 91906849, sofa
yolo10-23, 91906849, sofa
yolo12-23, 17178948, sofa
yolo11-22, 60641692, sofa
yolo12-23, 91906849, sofa
yolo10-19, 46541651, sofa
yolo10-23, 46541651, sofa
yolo10-23, 60641692, sofa
yolo12-23, 46541651, sofa
yolo10-19, 60641692, sofa
yolo11-22, 23810783, aeroplane
yolo10-19, 23810783, aeroplane
yolo12-23, 60641692, sofa
yolo10-23, 23810783, aeroplane
yolo12-23, 23810783, aeroplane
yolo10-19, 04114387, tvmonitor
yolo11-22, 04114387, tvmonitor
yolo10-23, 04114387, tvmonitor
yolo12-23, 04114387, tvmonitor
yolo11-22, 86247920, sofa
yolo10-19, 86247920, sofa
yolo10-23, 86247920, sofa
yolo12-23, 86247920, sofa
yolo10-23, 99069166, sofa
yolo10-19, 99069166, sofa
yolo11-22, 99069166, sofa
yolo12-23, 99069166, sofa

========== Time: 27 ==========
yolo8-21, 11619247, car
yolo11-22, 38060635, sofa
yolo12-23, 38060635, sofa
yolo10-23, 38060635, sofa
yolo10-19, 38060635, sofa
yolo12-23, 85411426, sofa
yolo10-19, 85411426, sofa
yolo11-22, 85411426, sofa
yolo10-23, 85411426, sofa
yolo11-22, 20159970, sofa
yolo12-23, 20159970, sofa
yolo10-23, 20159970, sofa
yolo10-19, 20159970, sofa
yolo8-21, 14401193, car
yolo10-23, 50324156, sofa
yolo10-19, 50324156, sofa
yolo11-22, 50324156, sofa
yolo12-23, 50324156, sofa
yolo8-21, 55204350, car
yolo8-21, 01281879, car
yolo10-19, 73242083, aeroplane
yolo12-23, 73242083, aeroplane
yolo11-22, 73242083, aeroplane
yolo10-23, 73242083, aeroplane
yolo8-21, 92156593, car
yolo8-21, 40893463, aeroplane
yolo12-23, 26189782, sofa
yolo10-23, 26189782, sofa
yolo11-22, 26189782, sofa
yolo10-19, 26189782, sofa
yolo9-22, 01281879, car
yolo8-21, 61452697, sofa
yolo9-22, 92156593, car
yolo11-22, 04200261, train
yolo8-21, 17178948, sofa
yolo12-23, 04200261, train
yolo10-19, 04200261, train
yolo10-23, 04200261, train
yolo9-22, 40893463, aeroplane
yolo8-21, 91906849, sofa
yolo9-22, 61452697, sofa
yolo11-22, 51790253, sofa
yolo10-19, 51790253, sofa
yolo12-23, 51790253, sofa
yolo10-23, 51790253, sofa
yolo8-21, 46541651, sofa
yolo8-21, 60641692, sofa
yolo11-22, 26589229, sofa
yolo12-23, 26589229, sofa
yolo10-23, 26589229, sofa
yolo8-21, 23810783, aeroplane
yolo8-21, 04114387, tvmonitor
yolo12-23, 11344302, aeroplane
yolo11-22, 11344302, aeroplane
yolo10-23, 11344302, aeroplane
yolo8-21, 86247920, sofa
yolo8-21, 99069166, sofa
yolo12-23, 78289306, sofa
yolo11-22, 78289306, sofa
yolo10-23, 78289306, sofa
yolo8-21, 38060635, sofa
yolo8-21, 85411426, sofa
yolo11-22, 95864853, sofa
yolo10-23, 95864853, sofa
yolo8-21, 20159970, sofa
yolo12-23, 95864853, sofa
yolo8-21, 50324156, sofa
yolo11-22, 47605006, car
yolo12-23, 47605006, car
yolo10-23, 47605006, car
yolo8-21, 73242083, aeroplane
yolo8-21, 26189782, sofa
yolo11-22, 97346690, car
yolo12-23, 97346690, car
yolo10-23, 97346690, car
yolo8-21, 04200261, train
yolo8-21, 51790253, sofa
yolo11-22, 54313440, car
yolo12-23, 54313440, car
yolo8-21, 26589229, sofa
yolo10-23, 54313440, car
yolo8-21, 11344302, aeroplane

========== Time: 28 ==========
yolo11-22, 62747594, car
yolo10-23, 62747594, car
yolo12-23, 62747594, car
yolo8-21, 78289306, sofa
yolo8-21, 95864853, sofa
yolo11-22, 83423895, car
yolo12-23, 83423895, car
yolo10-23, 83423895, car
yolo8-21, 47605006, car
yolo8-21, 97346690, car
yolo12-23, 66379768, car
yolo11-22, 66379768, car
yolo10-23, 66379768, car
yolo8-21, 54313440, car
yolo8-21, 62747594, car
yolo11-22, 86617524, car
yolo10-23, 86617524, car
yolo8-21, 83423895, car
yolo12-23, 86617524, car
yolo8-21, 66379768, car
yolo12-23, 45197604, car
yolo10-23, 45197604, car
yolo11-22, 45197604, car
yolo8-21, 86617524, car
yolo8-21, 45197604, car
yolo11-22, 04547699, car
yolo10-23, 04547699, car
yolo12-23, 04547699, car
yolo8-21, 04547699, car
yolo8-21, 30300595, car
yolo11-22, 30300595, car
yolo12-23, 30300595, car
yolo10-23, 30300595, car
yolo8-21, 72471448, car
yolo12-23, 72471448, car
yolo10-23, 72471448, car
yolo11-22, 72471448, car
yolo8-21, 60002840, car
yolo11-22, 60002840, car
yolo12-23, 60002840, car
yolo10-23, 60002840, car
yolo8-21, 68624819, car
yolo12-23, 68624819, car
yolo10-23, 68624819, car
yolo11-22, 68624819, car
yolo8-21, 17317131, car
yolo12-23, 17317131, car
yolo10-23, 17317131, car
yolo11-22, 17317131, car
yolo8-21, 42696385, car
yolo10-23, 42696385, car
yolo12-23, 42696385, car
yolo11-22, 42696385, car
yolo11-22, 78655971, car
yolo12-23, 78655971, car
yolo10-23, 78655971, car
yolo11-22, 15113277, car
yolo12-23, 15113277, car
yolo10-23, 15113277, car
yolo12-23, 17022799, car
yolo11-22, 17022799, car
yolo10-23, 17022799, car
yolo11-22, 95619539, car
yolo12-23, 95619539, car
yolo10-23, 95619539, car

========== Time: 29 ==========
yolo12-23, 14775000, car
yolo11-22, 14775000, car
yolo10-23, 14775000, car
yolo12-23, 51953243, car
yolo11-22, 51953243, car
yolo10-23, 51953243, car
yolo12-23, 45578449, car
yolo11-22, 45578449, car
yolo10-23, 45578449, car
yolo12-23, 17008028, car
yolo11-22, 17008028, car
yolo10-23, 17008028, car
yolo12-23, 94243651, car
yolo11-22, 94243651, car
yolo10-23, 94243651, car
yolo11-22, 71747987, car
yolo12-23, 71747987, car
yolo10-23, 71747987, car
yolo12-23, 20513352, car
yolo10-23, 20513352, car
yolo11-22, 20513352, car
yolo10-23, 92742496, car
yolo12-23, 92742496, car
yolo11-22, 92742496, car
yolo10-23, 69689371, car
yolo12-23, 69689371, car
yolo12-23, 80312752, car
yolo10-23, 80312752, car
yolo10-23, 83820463, car
yolo12-23, 83820463, car
yolo12-23, 88724890, car
yolo10-23, 88724890, car
yolo12-23, 68620026, car
yolo10-23, 68620026, car
yolo12-23, 30864170, car
yolo10-23, 30864170, car

========== Time: 30 ==========
yolo12-23, 06621185, car
yolo10-23, 06621185, car
yolo12-23, 90803651, car
yolo10-23, 90803651, car
yolo12-23, 18338367, car
yolo10-23, 18338367, car
yolo12-23, 30612344, car
yolo10-23, 30612344, car
yolo12-23, 19596499, car
yolo10-23, 19596499, car
yolo12-23, 13910259, car
yolo10-23, 13910259, car
yolo12-23, 00114815, car
yolo10-23, 00114815, car
yolo10-23, 05397872, car
yolo12-23, 05397872, car
yolo12-23, 82421979, car
yolo12-23, 35325830, car
yolo12-23, 29934727, car
yolo12-23, 61782461, car
yolo12-23, 16531479, car
yolo12-23, 59530021, car
yolo12-23, 33052131, car
yolo12-23, 73765742, sofa
yolo12-23, 00755971, sofa
yolo12-23, 98218800, car
yolo12-23, 85891933, sofa
yolo12-23, 49961233, sofa
yolo12-23, 18136882, sofa
yolo10-26, 18136882, sofa
yolo10-26, 21267591, sofa
yolo12-23, 21267591, sofa
yolo12-23, 14732685, sofa
yolo10-26, 14732685, sofa
yolo12-23, 06072829, sofa
yolo10-26, 06072829, sofa
yolo12-23, 07968880, aeroplane
yolo10-26, 07968880, aeroplane
yolo12-23, 11100961, sofa
yolo10-26, 11100961, sofa
yolo12-23, 25575467, sofa
yolo10-26, 25575467, sofa
yolo12-23, 43320569, sofa
yolo10-26, 43320569, sofa
yolo10-26, 91122261, sofa
yolo12-23, 91122261, sofa
yolo12-23, 60851080, aeroplane
yolo10-26, 60851080, aeroplane
yolo12-23, 07732862, sofa
yolo10-26, 07732862, sofa
yolo6-27, 25575467, sofa
yolo6-27, 43320569, sofa
yolo12-23, 46434724, sofa
yolo10-26, 46434724, sofa
yolo6-27, 91122261, sofa
yolo6-27, 60851080, aeroplane
yolo10-26, 76714230, boat
yolo12-23, 76714230, boat
yolo6-27, 07732862, sofa
yolo6-27, 46434724, sofa
yolo2-28, 07732862, sofa
yolo12-23, 34817670, sofa
yolo10-26, 34817670, sofa
yolo6-27, 76714230, boat
yolo2-28, 46434724, sofa
yolo6-27, 34817670, sofa
yolo2-28, 76714230, boat
yolo12-23, 20335486, sofa
yolo6-27, 20335486, sofa
yolo10-26, 20335486, sofa
yolo2-28, 34817670, sofa
yolo2-28, 20335486, sofa
yolo6-27, 16533387, car
yolo10-26, 16533387, car
yolo2-28, 16533387, car
yolo12-23, 16533387, car
yolo10-26, 92298118, car
yolo6-27, 92298118, car
yolo12-23, 92298118, car
yolo2-28, 92298118, car
yolo9-27, 92298118, car
yolo6-27, 83573200, car
yolo2-28, 83573200, car
yolo12-23, 83573200, car
yolo9-27, 83573200, car
yolo10-26, 83573200, car
yolo12-23, 91905231, car
yolo6-27, 91905231, car
yolo2-28, 91905231, car
yolo10-26, 91905231, car
yolo9-27, 91905231, car
yolo12-23, 85473549, car
yolo2-28, 85473549, car
yolo9-27, 85473549, car
yolo6-27, 85473549, car
yolo10-26, 85473549, car
yolo12-23, 06752752, car
yolo10-26, 06752752, car
yolo6-27, 06752752, car
yolo2-28, 06752752, car
yolo9-27, 06752752, car
yolo10-26, 57472124, car
yolo2-28, 57472124, car
yolo6-27, 57472124, car
yolo9-27, 57472124, car
yolo12-23, 57472124, car
yolo12-23, 48760573, car
yolo10-26, 48760573, car
yolo6-27, 48760573, car
yolo2-28, 48760573, car
yolo9-27, 48760573, car
yolo6-27, 33113126, car
yolo2-28, 33113126, car
yolo12-23, 33113126, car
yolo9-27, 33113126, car
yolo10-26, 33113126, car
yolo2-28, 25146611, car
yolo6-27, 25146611, car
yolo12-23, 25146611, car
yolo9-27, 25146611, car
yolo10-26, 25146611, car
yolo9-27, 43664499, car
yolo10-26, 43664499, car
yolo12-23, 43664499, car
yolo2-28, 43664499, car
yolo6-27, 43664499, car
yolo2-28, 71847761, car
yolo9-27, 71847761, car
yolo6-27, 71847761, car
yolo12-23, 71847761, car
yolo10-26, 71847761, car
yolo2-28, 22385898, car
yolo6-27, 22385898, car
yolo12-23, 22385898, car
yolo9-27, 22385898, car
yolo10-26, 22385898, car
yolo2-28, 37174535, car
yolo12-23, 37174535, car
yolo9-27, 37174535, car
yolo6-27, 37174535, car
yolo10-26, 37174535, car
yolo2-28, 34018608, car
yolo12-23, 34018608, car
yolo9-27, 34018608, car
yolo6-27, 34018608, car
yolo10-26, 34018608, car
yolo12-23, 87970851, car
yolo2-28, 87970851, car
yolo10-26, 87970851, car
yolo6-27, 87970851, car
yolo9-27, 87970851, car
yolo2-28, 73662514, car
yolo12-23, 73662514, car
yolo10-26, 73662514, car
yolo6-27, 73662514, car
yolo9-27, 73662514, car
yolo6-27, 54684262, car
yolo12-23, 54684262, car
yolo2-28, 54684262, car
yolo10-26, 54684262, car
yolo9-27, 54684262, car
yolo2-28, 07078300, car
yolo12-23, 07078300, car
yolo6-27, 07078300, car
yolo9-27, 07078300, car
yolo10-26, 07078300, car
yolo12-23, 76191675, car
yolo6-27, 76191675, car
yolo10-26, 76191675, car
yolo2-28, 76191675, car
yolo9-27, 76191675, car
yolo12-23, 25677567, car
yolo9-27, 25677567, car
yolo10-26, 25677567, car
yolo6-27, 25677567, car
yolo2-28, 25677567, car
yolo2-28, 30910586, car
yolo12-23, 30910586, car
yolo10-26, 30910586, car
yolo6-27, 30910586, car
yolo9-27, 30910586, car
yolo12-23, 80259982, car
yolo10-26, 80259982, car
yolo2-28, 80259982, car
yolo6-27, 80259982, car
yolo9-27, 80259982, car
yolo2-28, 31264974, car
yolo6-27, 31264974, car
yolo10-26, 31264974, car
yolo9-27, 31264974, car
yolo12-23, 31264974, car
yolo6-27, 85639634, car
yolo12-23, 85639634, car
yolo2-28, 85639634, car
yolo10-26, 85639634, car
yolo9-27, 85639634, car
yolo6-27, 12666850, car
yolo12-23, 12666850, car
yolo10-26, 12666850, car
yolo2-28, 12666850, car
yolo9-27, 12666850, car
yolo12-23, 13603558, car
yolo2-28, 13603558, car
yolo9-27, 13603558, car
yolo10-26, 13603558, car
yolo6-27, 13603558, car
yolo6-27, 88687802, car
yolo2-28, 88687802, car
yolo12-23, 88687802, car
yolo10-26, 88687802, car
yolo9-27, 88687802, car
yolo2-28, 31922469, car
yolo10-26, 31922469, car
yolo6-27, 31922469, car
yolo9-27, 31922469, car
yolo12-23, 31922469, car
yolo2-28, 35733801, car
yolo6-27, 35733801, car
yolo12-23, 35733801, car
yolo10-26, 35733801, car
yolo9-27, 35733801, car
yolo12-23, 62275791, car
yolo9-27, 62275791, car
yolo6-27, 62275791, car
yolo10-26, 62275791, car
yolo2-28, 62275791, car
yolo2-28, 96424174, car
yolo10-26, 96424174, car
yolo9-27, 96424174, car
yolo12-23, 96424174, car
yolo6-27, 96424174, car
yolo12-23, 10195738, car
yolo6-27, 10195738, car
yolo2-28, 10195738, car
yolo10-26, 10195738, car
yolo9-27, 10195738, car
yolo12-23, 23454099, car
yolo6-27, 23454099, car
yolo9-27, 23454099, car
yolo2-28, 23454099, car
yolo10-26, 23454099, car
yolo10-26, 94164710, car
yolo6-27, 94164710, car
yolo12-23, 94164710, car
yolo9-27, 94164710, car
yolo2-28, 94164710, car
yolo6-27, 75408348, car
yolo2-28, 75408348, car
yolo12-23, 75408348, car
yolo10-26, 75408348, car
yolo9-27, 75408348, car
yolo2-28, 44644132, car
yolo9-27, 44644132, car
yolo10-26, 44644132, car
yolo12-23, 44644132, car
yolo6-27, 44644132, car
yolo2-28, 32836452, car
yolo9-27, 32836452, car
yolo12-23, 32836452, car
yolo10-26, 32836452, car
yolo6-27, 32836452, car
yolo2-28, 35059618, sofa
yolo12-23, 35059618, sofa
yolo6-27, 35059618, sofa
yolo10-26, 35059618, sofa
yolo9-27, 35059618, sofa
yolo6-27, 69769684, train
yolo12-23, 69769684, train
yolo10-26, 69769684, train
yolo9-27, 69769684, train
yolo2-28, 69769684, train
yolo2-28, 25467401, sofa
yolo6-27, 25467401, sofa
yolo12-23, 25467401, sofa
yolo9-27, 25467401, sofa
yolo10-26, 25467401, sofa
yolo9-27, 74362284, sofa
yolo2-28, 74362284, sofa
yolo6-27, 74362284, sofa
yolo10-26, 74362284, sofa
yolo12-23, 74362284, sofa
yolo6-27, 15719546, sofa
yolo2-28, 15719546, sofa
yolo9-27, 15719546, sofa
yolo12-23, 15719546, sofa
yolo10-26, 15719546, sofa
yolo12-23, 69571927, car
yolo6-27, 69571927, car
yolo9-27, 69571927, car
yolo2-28, 69571927, car
yolo10-26, 69571927, car
yolo12-23, 74152737, sofa
yolo2-28, 74152737, sofa
yolo9-27, 74152737, sofa
yolo6-27, 74152737, sofa
yolo10-26, 74152737, sofa
yolo6-27, 70635739, train
yolo2-28, 70635739, train
yolo10-26, 70635739, train
yolo9-27, 70635739, train
yolo12-23, 70635739, train
yolo12-23, 42992980, sofa
yolo9-27, 42992980, sofa
yolo2-28, 42992980, sofa
yolo6-27, 42992980, sofa
yolo10-26, 42992980, sofa
yolo9-27, 52888448, train
yolo6-27, 52888448, train
yolo12-23, 52888448, train
yolo10-26, 52888448, train
yolo2-28, 52888448, train
yolo12-23, 37805464, car
yolo6-27, 37805464, car
yolo2-28, 37805464, car
yolo10-26, 37805464, car
yolo9-27, 37805464, car
yolo12-23, 58481168, train
yolo10-26, 58481168, train
yolo9-27, 58481168, train
yolo2-28, 58481168, train
yolo6-27, 58481168, train
yolo9-27, 15974662, boat
yolo12-23, 15974662, boat
yolo6-27, 15974662, boat
yolo10-26, 15974662, boat
yolo2-28, 15974662, boat
yolo10-26, 12070106, car
yolo6-27, 12070106, car
yolo2-28, 12070106, car
yolo9-27, 12070106, car
yolo12-23, 12070106, car
yolo12-23, 34025298, aeroplane
yolo6-27, 34025298, aeroplane
yolo2-28, 34025298, aeroplane
yolo9-27, 34025298, aeroplane
yolo10-26, 34025298, aeroplane
yolo12-23, 45675022, sofa
yolo2-28, 45675022, sofa
yolo6-27, 45675022, sofa
yolo9-27, 45675022, sofa
yolo10-26, 45675022, sofa
yolo2-28, 22710564, sofa
yolo12-23, 22710564, sofa
yolo10-26, 22710564, sofa
yolo6-27, 22710564, sofa
yolo9-27, 22710564, sofa
yolo6-27, 47429070, aeroplane
yolo10-26, 47429070, aeroplane
yolo2-28, 47429070, aeroplane
yolo9-27, 47429070, aeroplane
yolo12-23, 47429070, aeroplane
yolo2-28, 95660330, sofa
yolo9-27, 95660330, sofa
yolo12-23, 95660330, sofa
yolo6-27, 95660330, sofa
yolo10-26, 95660330, sofa
yolo10-26, 87320196, car
yolo12-23, 87320196, car
yolo6-27, 87320196, car
yolo2-28, 87320196, car
yolo9-27, 87320196, car
yolo10-26, 31845908, sofa
yolo12-23, 31845908, sofa
yolo2-28, 31845908, sofa
yolo9-27, 31845908, sofa
yolo6-27, 31845908, sofa
yolo2-28, 57179892, aeroplane
yolo6-27, 57179892, aeroplane
yolo12-23, 57179892, aeroplane
yolo9-27, 57179892, aeroplane
yolo10-26, 57179892, aeroplane
yolo10-26, 29708958, aeroplane
yolo2-28, 29708958, aeroplane
yolo9-27, 29708958, aeroplane
yolo6-27, 29708958, aeroplane
yolo12-23, 29708958, aeroplane
yolo2-28, 50490419, sofa
yolo12-23, 50490419, sofa
yolo10-26, 50490419, sofa
yolo9-27, 50490419, sofa
yolo6-27, 50490419, sofa
yolo10-26, 69010064, sofa
yolo2-28, 69010064, sofa
yolo6-27, 69010064, sofa
yolo12-23, 69010064, sofa
yolo9-27, 69010064, sofa
yolo12-23, 00307057, train
yolo6-27, 00307057, train
yolo2-28, 00307057, train
yolo9-27, 00307057, train
yolo10-26, 00307057, train
yolo12-23, 44421188, aeroplane
yolo2-28, 44421188, aeroplane
yolo6-27, 44421188, aeroplane
yolo9-27, 44421188, aeroplane
yolo10-26, 44421188, aeroplane
yolo6-27, 74342453, sofa
yolo2-28, 74342453, sofa
yolo10-26, 74342453, sofa
yolo9-27, 74342453, sofa
yolo12-23, 74342453, sofa
yolo2-28, 51612741, aeroplane
yolo12-23, 51612741, aeroplane
yolo6-27, 51612741, aeroplane
yolo9-27, 51612741, aeroplane
yolo10-26, 51612741, aeroplane
yolo12-23, 01202145, sofa
yolo2-28, 01202145, sofa
yolo6-27, 01202145, sofa
yolo9-27, 01202145, sofa
yolo10-26, 01202145, sofa
yolo2-28, 27080580, aeroplane
yolo6-27, 27080580, aeroplane
yolo12-23, 27080580, aeroplane
yolo9-27, 27080580, aeroplane
yolo10-26, 27080580, aeroplane
yolo9-27, 19794789, sofa
yolo12-23, 19794789, sofa
yolo2-28, 19794789, sofa
yolo6-27, 19794789, sofa
yolo10-26, 19794789, sofa
yolo6-27, 44269115, sofa
yolo12-23, 44269115, sofa
yolo2-28, 44269115, sofa
yolo9-27, 44269115, sofa
yolo10-26, 44269115, sofa
yolo9-27, 76582280, sofa
yolo12-23, 76582280, sofa
yolo6-27, 76582280, sofa
yolo2-28, 76582280, sofa
yolo10-26, 76582280, sofa
yolo12-23, 71523551, sofa
yolo2-28, 71523551, sofa
yolo6-27, 71523551, sofa
yolo9-27, 71523551, sofa
yolo10-26, 71523551, sofa
yolo12-23, 47142378, sofa
yolo2-28, 47142378, sofa
yolo6-27, 47142378, sofa
yolo9-27, 47142378, sofa
yolo10-26, 47142378, sofa
yolo6-27, 75199390, car
yolo10-26, 75199390, car
yolo2-28, 75199390, car
yolo9-27, 75199390, car
yolo12-23, 75199390, car
yolo2-28, 51117476, car
yolo10-26, 51117476, car
yolo6-27, 51117476, car
yolo12-23, 51117476, car
yolo9-27, 51117476, car
yolo2-28, 85043270, car
yolo12-23, 85043270, car
yolo9-27, 85043270, car
yolo10-26, 85043270, car
yolo6-27, 85043270, car
yolo12-23, 27070034, car
yolo2-28, 27070034, car
yolo6-27, 27070034, car
yolo9-27, 27070034, car
yolo10-26, 27070034, car
yolo12-23, 08108267, car
yolo2-28, 08108267, car
yolo6-27, 08108267, car
yolo9-27, 08108267, car
yolo10-26, 08108267, car
yolo6-27, 50323513, car
yolo12-23, 50323513, car
yolo2-28, 50323513, car
yolo9-27, 50323513, car
yolo10-26, 50323513, car
yolo12-23, 89771529, car
yolo2-28, 89771529, car
yolo6-27, 89771529, car
yolo10-26, 89771529, car
yolo9-27, 89771529, car
yolo6-27, 45083360, car
yolo2-28, 45083360, car
yolo12-23, 45083360, car
yolo9-27, 45083360, car
yolo10-26, 45083360, car
yolo2-28, 49864090, car
yolo6-27, 49864090, car
yolo9-27, 49864090, car
yolo12-23, 49864090, car
yolo10-26, 49864090, car
yolo10-26, 73149342, car
yolo2-28, 73149342, car
yolo6-27, 73149342, car
yolo9-27, 73149342, car
yolo12-23, 73149342, car
yolo2-28, 05297403, car
yolo10-26, 05297403, car
yolo12-23, 05297403, car
yolo6-27, 05297403, car
yolo9-27, 05297403, car
yolo2-28, 18881727, car
yolo6-27, 18881727, car
yolo12-23, 18881727, car
yolo9-27, 18881727, car
yolo10-26, 18881727, car
yolo2-28, 94238171, car
yolo9-27, 94238171, car
yolo12-23, 94238171, car
yolo6-27, 94238171, car
yolo10-26, 94238171, car
yolo2-28, 55855571, car
yolo6-27, 55855571, car
yolo12-23, 55855571, car
yolo10-26, 55855571, car
yolo9-27, 55855571, car
yolo12-23, 64439549, car
yolo2-28, 64439549, car
yolo6-27, 64439549, car
yolo9-27, 64439549, car
yolo10-26, 64439549, car
yolo12-23, 27408085, car
yolo10-26, 27408085, car
yolo6-27, 27408085, car
yolo2-28, 27408085, car
yolo9-27, 27408085, car
yolo2-28, 49516106, car
yolo12-23, 49516106, car
yolo6-27, 49516106, car
yolo9-27, 49516106, car
yolo10-26, 49516106, car
yolo12-23, 11788681, car
yolo2-28, 11788681, car
yolo10-26, 11788681, car
yolo9-27, 11788681, car
yolo6-27, 11788681, car
yolo2-28, 07276816, car
yolo12-23, 07276816, car
yolo6-27, 07276816, car
yolo9-27, 07276816, car
yolo10-26, 07276816, car
yolo10-26, 91218573, car
yolo2-28, 91218573, car
yolo12-23, 91218573, car
yolo6-27, 91218573, car
yolo9-27, 91218573, car
yolo6-27, 94655082, car
yolo2-28, 94655082, car
yolo9-27, 94655082, car
yolo12-23, 94655082, car
yolo10-26, 94655082, car
yolo10-26, 68161750, car
yolo2-28, 68161750, car
yolo9-27, 68161750, car
yolo12-23, 68161750, car
yolo6-27, 68161750, car
yolo2-28, 28536640, car
yolo10-26, 28536640, car
yolo12-23, 28536640, car
yolo6-27, 28536640, car
yolo9-27, 28536640, car
yolo2-28, 24673819, car
yolo10-26, 24673819, car
yolo6-27, 24673819, car
yolo12-23, 24673819, car
yolo9-27, 24673819, car
yolo12-23, 00145930, car
yolo2-28, 00145930, car
yolo9-27, 00145930, car
yolo10-26, 00145930, car
yolo6-27, 00145930, car
