
========== Time: 0 ==========

========== Time: 1 ==========

========== Time: 2 ==========

========== Time: 3 ==========

========== Time: 4 ==========
yolo9-0, 54292026, car
yolo9-2, 54292026, car
yolo9-2, 88217229, car
yolo9-0, 88217229, car
yolo9-0, 59841177, car
yolo9-2, 59841177, car
yolo9-2, 06992406, car
yolo9-0, 06992406, car
yolo9-0, 64112410, car
yolo9-2, 64112410, car
yolo9-0, 32998712, car
yolo9-2, 32998712, car
yolo9-0, 96874160, car
yolo9-2, 96874160, car
yolo9-0, 65402330, car
yolo9-2, 65402330, car
yolo9-0, 52070302, car
yolo9-2, 52070302, car
yolo9-2, 37087357, car
yolo9-2, 48939879, car
yolo9-2, 72461849, car
yolo9-2, 78011136, car
yolo9-2, 38373182, car
yolo9-2, 89132559, car
yolo9-2, 84949094, car
yolo9-2, 99051711, car
yolo9-2, 64697865, car
yolo9-2, 34718944, car
yolo9-2, 46960193, car
yolo9-2, 49584388, car
yolo9-2, 68146885, car
yolo9-2, 81900331, car

========== Time: 5 ==========
yolo9-2, 64837674, car
yolo9-2, 12711331, car
yolo9-2, 46523352, car
yolo9-2, 73340744, car
yolo9-2, 36536561, car
yolo9-2, 69779879, car
yolo9-2, 05926390, car
yolo9-2, 42958330, sofa
yolo9-2, 22233099, car
yolo9-2, 70803689, car
yolo9-2, 65300877, car
yolo9-2, 63586905, car
yolo9-2, 93225392, car
yolo9-2, 55646207, car
yolo9-2, 91848696, car
yolo9-2, 32974881, sofa
yolo9-2, 92068335, train
yolo9-2, 69534263, car
yolo9-2, 53973633, train
yolo9-2, 51162299, sofa
yolo9-2, 91742975, boat
yolo9-2, 97905263, aeroplane
yolo9-2, 73679379, car
yolo9-2, 78785311, sofa
yolo9-2, 78723844, car
yolo9-2, 48987357, car
yolo9-2, 22772690, car
yolo9-2, 31475561, boat

========== Time: 6 ==========
yolo9-2, 91107938, car
yolo9-2, 13855031, car
yolo9-2, 95438200, boat
yolo9-2, 58410121, car
yolo9-2, 96965460, sofa
yolo9-2, 23274693, car
yolo8-1, 92068335, train
yolo8-1, 69534263, car
yolo9-2, 19279563, sofa
yolo8-1, 53973633, train
yolo8-1, 51162299, sofa
yolo9-2, 06122209, aeroplane
yolo8-1, 91742975, boat
yolo9-2, 14426864, boat
yolo9-2, 85155442, sofa
yolo9-2, 30804071, sofa
yolo9-2, 15248564, car
yolo9-2, 57061606, car
yolo9-2, 93642076, sofa

========== Time: 7 ==========
yolo9-2, 05902519, bottle
yolo9-2, 78006983, sofa
yolo9-2, 80273238, car
yolo9-2, 06444434, boat
yolo9-2, 27009539, sofa
yolo9-2, 00948203, aeroplane
yolo9-2, 14223251, aeroplane
yolo9-2, 92976769, boat
yolo9-2, 58831461, bottle
yolo9-2, 35196986, boat
yolo9-2, 23363672, boat
yolo9-2, 01266844, car
yolo9-2, 47765566, car
yolo9-2, 76719954, sofa
yolo9-2, 37996055, train

========== Time: 8 ==========
yolo9-2, 31060701, car
yolo9-2, 57834977, aeroplane
yolo9-2, 36714602, aeroplane
yolo9-2, 37026797, train
yolo9-2, 35779841, aeroplane
yolo9-2, 31576540, car
yolo9-2, 94797237, car
yolo9-2, 46257208, boat
yolo9-2, 23152502, boat
yolo9-2, 87129689, car
yolo9-2, 29685761, car
yolo9-2, 04379518, car
yolo9-2, 88631442, car
yolo9-2, 01217822, car

========== Time: 9 ==========
yolo9-2, 81672391, car
yolo2-2, 31060701, car
yolo9-2, 54624680, car
yolo2-2, 57834977, aeroplane
yolo9-2, 49035581, car
yolo2-2, 36714602, aeroplane
yolo2-2, 37026797, train
yolo9-2, 12877305, car
yolo2-2, 35779841, aeroplane
yolo2-2, 31576540, car
yolo9-2, 24229764, aeroplane
yolo2-2, 94797237, car
yolo2-2, 46257208, boat
yolo9-2, 24112193, sofa
yolo2-2, 23152502, boat
yolo2-2, 87129689, car
yolo9-2, 29307128, aeroplane
yolo2-2, 29685761, car
yolo2-2, 04379518, car
yolo9-2, 86153596, sofa
yolo2-2, 88631442, car
yolo9-2, 45560496, car
yolo9-2, 74683892, car
yolo9-2, 83183536, car
yolo9-2, 71094660, bottle
yolo9-2, 37064074, car
yolo9-2, 30026428, sofa
yolo9-2, 56048061, aeroplane
yolo9-2, 14246283, sofa
yolo9-2, 05530955, sofa
yolo9-2, 90959061, sofa
yolo9-2, 68202507, aeroplane
yolo9-2, 53107331, bird
yolo9-2, 65736089, sofa
yolo9-2, 90625907, car
yolo9-2, 87538366, car
yolo9-2, 28376967, sofa
yolo9-2, 86658915, car
yolo9-2, 65537937, car
yolo9-2, 09729202, car
yolo9-2, 96407577, car

========== Time: 10 ==========
yolo9-2, 48612940, car
yolo9-2, 16476729, car
yolo9-2, 92824763, car
yolo9-2, 40862038, car
yolo9-2, 02402235, car
yolo9-2, 37555368, car
yolo9-2, 83367067, car
yolo9-2, 89871385, car
yolo4-7, 47589575, car
yolo4-7, 59032225, car
yolo4-7, 68410368, car
yolo4-7, 41276586, car
yolo4-7, 21204141, car
yolo4-7, 37964215, car
yolo4-7, 78292726, car
yolo4-7, 10584947, car
yolo4-7, 92263182, car
yolo8-7, 37964215, car
yolo4-7, 52761067, car
yolo8-7, 78292726, car
yolo8-7, 10584947, car
yolo8-7, 92263182, car
yolo8-7, 52761067, car
yolo4-7, 95022607, car
yolo8-7, 95022607, car
yolo4-7, 90616163, car
yolo8-7, 90616163, car
yolo8-7, 42634792, car
yolo4-7, 42634792, car
yolo4-7, 60510982, car
yolo8-7, 60510982, car
yolo6-10, 95022607, car
yolo6-10, 90616163, car
yolo8-7, 89640416, car
yolo4-7, 89640416, car
yolo6-10, 42634792, car
yolo6-10, 60510982, car
yolo4-7, 62847273, car
yolo8-7, 62847273, car
yolo6-10, 89640416, car
yolo6-10, 62847273, car
yolo4-7, 00076213, car
yolo6-10, 00076213, car
yolo8-7, 00076213, car
yolo8-7, 28047535, car
yolo6-10, 28047535, car
yolo4-7, 28047535, car
yolo12-6, 95022607, car
yolo12-2, 95022607, car
yolo8-7, 75144617, car
yolo4-7, 75144617, car
yolo6-10, 75144617, car
yolo12-2, 90616163, car
yolo12-6, 90616163, car
yolo6-10, 44058773, car
yolo4-7, 44058773, car
yolo8-7, 44058773, car
yolo12-6, 42634792, car
yolo12-2, 42634792, car
yolo7-6, 00076213, car
yolo12-6, 60510982, car
yolo12-2, 60510982, car
yolo7-6, 28047535, car
yolo12-6, 89640416, car
yolo12-2, 89640416, car
yolo8-7, 13229826, car
yolo6-10, 13229826, car
yolo4-7, 13229826, car
yolo7-6, 75144617, car
yolo12-6, 62847273, car
yolo12-2, 62847273, car
yolo7-6, 44058773, car
yolo6-10, 90127880, car
yolo8-7, 90127880, car
yolo4-7, 90127880, car
yolo12-2, 00076213, car
yolo12-6, 00076213, car
yolo7-6, 13229826, car
yolo12-6, 28047535, car
yolo12-2, 28047535, car
yolo7-6, 90127880, car
yolo6-10, 19333646, car
yolo4-7, 19333646, car
yolo8-7, 19333646, car
yolo12-6, 75144617, car
yolo12-2, 75144617, car
yolo7-6, 19333646, car
yolo12-6, 44058773, car
yolo12-2, 44058773, car
yolo12-6, 13229826, car
yolo12-2, 13229826, car
yolo6-10, 69529646, car
yolo4-7, 69529646, car
yolo8-7, 69529646, car
yolo7-6, 69529646, car
yolo12-6, 90127880, car
yolo12-2, 90127880, car
yolo12-6, 19333646, car
yolo12-2, 19333646, car
yolo6-10, 64674844, car
yolo4-7, 64674844, car
yolo7-6, 64674844, car
yolo8-7, 64674844, car
yolo12-2, 69529646, car
yolo12-6, 69529646, car
yolo8-7, 48857354, car
yolo7-6, 48857354, car
yolo4-7, 48857354, car
yolo6-10, 48857354, car
yolo12-6, 64674844, car
yolo12-2, 64674844, car
yolo12-6, 48857354, car
yolo12-2, 48857354, car
yolo6-10, 80214546, car
yolo7-6, 80214546, car
yolo4-7, 80214546, car
yolo8-7, 80214546, car
yolo12-6, 80214546, car
yolo12-2, 80214546, car
yolo10-10, 69529646, car
yolo12-6, 82488710, car
yolo12-2, 82488710, car
yolo7-6, 82488710, car
yolo8-7, 82488710, car
yolo4-7, 82488710, car
yolo6-10, 82488710, car
yolo10-10, 64674844, car
yolo8-7, 14493702, car
yolo7-6, 14493702, car
yolo4-7, 14493702, car
yolo6-10, 14493702, car
yolo12-2, 14493702, car
yolo12-6, 14493702, car
yolo10-10, 48857354, car
yolo10-10, 80214546, car
yolo12-2, 02711715, car
yolo10-10, 82488710, car
yolo12-6, 02711715, car
yolo6-10, 02711715, car
yolo8-7, 02711715, car
yolo4-7, 02711715, car
yolo7-6, 02711715, car
yolo10-10, 14493702, car
yolo8-7, 95502301, car
yolo12-2, 95502301, car
yolo6-10, 95502301, car
yolo12-6, 95502301, car
yolo7-6, 95502301, car
yolo4-7, 95502301, car
yolo10-10, 02711715, car
yolo10-10, 95502301, car
yolo8-7, 48378939, car
yolo4-7, 48378939, car
yolo12-6, 48378939, car
yolo12-2, 48378939, car
yolo7-6, 48378939, car
yolo6-10, 48378939, car
yolo10-10, 48378939, car
yolo6-10, 41532399, car
yolo12-2, 41532399, car
yolo12-6, 41532399, car
yolo8-7, 41532399, car
yolo7-6, 41532399, car
yolo10-10, 41532399, car
yolo4-7, 41532399, car
yolo6-10, 85665269, car
yolo7-6, 85665269, car
yolo4-7, 85665269, car
yolo12-2, 85665269, car
yolo12-6, 85665269, car
yolo10-10, 85665269, car
yolo8-7, 85665269, car
yolo4-7, 20736612, car
yolo8-7, 20736612, car
yolo7-6, 20736612, car
yolo12-2, 20736612, car
yolo10-10, 20736612, car
yolo12-6, 20736612, car
yolo6-10, 20736612, car
yolo7-6, 21072623, car
yolo4-7, 21072623, car
yolo10-10, 21072623, car
yolo8-7, 21072623, car
yolo12-2, 21072623, car
yolo12-6, 21072623, car
yolo6-10, 21072623, car
yolo4-7, 89144748, car
yolo12-6, 89144748, car
yolo8-7, 89144748, car
yolo10-10, 89144748, car
yolo12-2, 89144748, car
yolo7-6, 89144748, car
yolo6-10, 89144748, car
yolo12-2, 40240392, car
yolo7-6, 40240392, car
yolo4-7, 40240392, car
yolo12-6, 40240392, car
yolo8-7, 40240392, car
yolo6-10, 40240392, car
yolo10-10, 40240392, car

========== Time: 11 ==========
yolo8-7, 02401001, car
yolo6-10, 02401001, car
yolo7-6, 02401001, car
yolo10-10, 02401001, car
yolo12-6, 02401001, car
yolo4-7, 02401001, car
yolo12-2, 02401001, car
yolo10-10, 50763450, car
yolo7-6, 50763450, car
yolo4-7, 50763450, car
yolo8-7, 50763450, car
yolo6-10, 50763450, car
yolo7-6, 88656836, car
yolo8-7, 88656836, car
yolo10-10, 88656836, car
yolo4-7, 88656836, car
yolo6-10, 88656836, car
yolo7-6, 16851146, car
yolo10-10, 16851146, car
yolo4-7, 16851146, car
yolo8-7, 16851146, car
yolo6-10, 16851146, car
yolo12-6, 50763450, car
yolo12-2, 50763450, car
yolo12-6, 88656836, car
yolo12-2, 88656836, car
yolo12-6, 16851146, car
yolo12-2, 16851146, car
yolo10-10, 56210493, car
yolo7-6, 56210493, car
yolo6-10, 56210493, car
yolo4-7, 56210493, car
yolo8-7, 56210493, car
yolo12-6, 56210493, car
yolo12-2, 56210493, car
yolo7-6, 27058923, car
yolo10-10, 27058923, car
yolo4-7, 27058923, car
yolo6-10, 27058923, car
yolo8-7, 27058923, car
yolo12-6, 27058923, car
yolo12-2, 27058923, car
yolo12-2, 92389083, car
yolo12-6, 92389083, car
yolo8-7, 92389083, car
yolo10-10, 92389083, car
yolo7-6, 92389083, car
yolo6-10, 92389083, car
yolo4-7, 92389083, car
yolo12-6, 05855408, car
yolo10-10, 05855408, car
yolo12-2, 05855408, car
yolo4-7, 05855408, car
yolo8-7, 05855408, car
yolo6-10, 05855408, car
yolo12-6, 33009913, car
yolo8-7, 33009913, car
yolo12-2, 33009913, car
yolo4-7, 33009913, car
yolo10-10, 33009913, car
yolo6-10, 33009913, car
yolo12-6, 62886107, car
yolo4-7, 62886107, car
yolo8-7, 62886107, car
yolo12-2, 62886107, car
yolo6-10, 62886107, car
yolo10-10, 62886107, car
yolo12-6, 66976051, car
yolo12-2, 66976051, car
yolo10-10, 66976051, car
yolo4-7, 66976051, car
yolo6-10, 66976051, car
yolo8-7, 66976051, car
yolo6-10, 63921844, car
yolo10-10, 63921844, car
yolo12-6, 63921844, car
yolo12-2, 63921844, car
yolo4-7, 63921844, car
yolo8-7, 63921844, car
yolo8-7, 10381006, car
yolo4-7, 10381006, car
yolo6-10, 10381006, car
yolo12-2, 10381006, car
yolo10-10, 10381006, car
yolo12-6, 10381006, car
yolo4-7, 66723331, car
yolo8-7, 66723331, car
yolo6-10, 66723331, car
yolo12-6, 66723331, car
yolo10-10, 66723331, car
yolo12-2, 66723331, car
yolo12-2, 04945675, car
yolo12-6, 04945675, car
yolo8-7, 04945675, car
yolo4-7, 04945675, car
yolo6-10, 04945675, car
yolo10-10, 04945675, car
yolo12-6, 01226657, car
yolo6-10, 01226657, car
yolo8-7, 01226657, car
yolo10-10, 01226657, car
yolo4-7, 01226657, car
yolo12-2, 01226657, car

========== Time: 12 ==========
yolo12-2, 81939735, aeroplane
yolo12-6, 81939735, aeroplane
yolo10-10, 81939735, aeroplane
yolo4-7, 81939735, aeroplane
yolo8-7, 81939735, aeroplane
yolo6-10, 81939735, aeroplane
yolo12-6, 06105823, car
yolo4-7, 06105823, car
yolo10-10, 06105823, car
yolo12-2, 06105823, car
yolo8-7, 06105823, car
yolo6-10, 06105823, car
yolo12-2, 68693285, train
yolo12-6, 68693285, train
yolo8-7, 68693285, train
yolo6-10, 68693285, train
yolo10-10, 68693285, train
yolo4-7, 68693285, train
yolo8-7, 79917199, boat
yolo4-7, 79917199, boat
yolo6-10, 79917199, boat
yolo12-2, 79917199, boat
yolo12-6, 79917199, boat
yolo10-10, 79917199, boat
yolo6-10, 37810569, car
yolo10-10, 37810569, car
yolo8-7, 37810569, car
yolo12-6, 37810569, car
yolo4-7, 37810569, car
yolo12-2, 37810569, car
yolo12-2, 61319551, car
yolo12-6, 61319551, car
yolo4-7, 61319551, car
yolo10-10, 61319551, car
yolo8-7, 61319551, car
yolo6-10, 61319551, car
yolo10-10, 47680772, boat
yolo8-7, 47680772, boat
yolo4-7, 47680772, boat
yolo12-2, 47680772, boat
yolo6-10, 47680772, boat
yolo12-6, 47680772, boat
yolo6-10, 92317943, train
yolo4-7, 92317943, train
yolo12-2, 92317943, train
yolo8-7, 92317943, train
yolo12-6, 92317943, train
yolo10-10, 92317943, train
yolo6-10, 76435661, sofa
yolo10-10, 76435661, sofa
yolo8-7, 76435661, sofa
yolo12-6, 76435661, sofa
yolo8-7, 33823844, aeroplane
yolo6-10, 33823844, aeroplane
yolo10-10, 33823844, aeroplane
yolo12-6, 33823844, aeroplane
yolo6-10, 39219836, car
yolo12-6, 39219836, car
yolo8-7, 39219836, car
yolo10-10, 39219836, car
yolo10-10, 74404438, aeroplane
yolo12-6, 74404438, aeroplane
yolo8-7, 74404438, aeroplane
yolo6-10, 74404438, aeroplane
yolo12-6, 25570160, aeroplane
yolo6-10, 25570160, aeroplane
yolo8-7, 25570160, aeroplane
yolo10-10, 25570160, aeroplane
yolo10-10, 92017099, car
yolo6-10, 92017099, car
yolo8-7, 92017099, car
yolo12-6, 92017099, car
yolo6-10, 12722871, boat
yolo10-10, 12722871, boat
yolo8-7, 12722871, boat
yolo12-6, 12722871, boat
yolo10-10, 02080919, car
yolo12-6, 02080919, car
yolo8-7, 02080919, car
yolo6-10, 02080919, car

========== Time: 13 ==========
yolo10-10, 87624552, aeroplane
yolo8-7, 87624552, aeroplane
yolo12-6, 87624552, aeroplane
yolo6-10, 87624552, aeroplane
yolo12-6, 71268071, aeroplane
yolo10-10, 71268071, aeroplane
yolo8-7, 71268071, aeroplane
yolo6-10, 71268071, aeroplane
yolo10-10, 44720551, car
yolo6-10, 44720551, car
yolo12-6, 44720551, car
yolo8-7, 44720551, car
yolo10-10, 52220188, aeroplane
yolo6-10, 52220188, aeroplane
yolo12-6, 52220188, aeroplane
yolo8-7, 52220188, aeroplane
yolo6-10, 83245115, sofa
yolo12-6, 83245115, sofa
yolo8-7, 83245115, sofa
yolo10-10, 83245115, sofa
yolo10-10, 29445035, aeroplane
yolo12-6, 29445035, aeroplane
yolo8-7, 29445035, aeroplane
yolo6-10, 29445035, aeroplane
yolo6-10, 18975141, car
yolo10-10, 18975141, car
yolo8-7, 18975141, car
yolo12-6, 18975141, car
yolo12-6, 03324578, car
yolo10-10, 03324578, car
yolo6-10, 03324578, car
yolo8-7, 03324578, car
yolo8-7, 86283783, car
yolo10-10, 86283783, car
yolo6-10, 86283783, car
yolo10-10, 52173579, car
yolo8-7, 52173579, car
yolo6-10, 52173579, car
yolo10-10, 06228615, car
yolo8-7, 06228615, car
yolo6-10, 06228615, car
yolo6-10, 56872282, car
yolo8-7, 56872282, car
yolo10-10, 56872282, car
yolo8-7, 15849741, car
yolo6-10, 15849741, car
yolo10-10, 15849741, car
yolo10-10, 86773903, car
yolo8-7, 86773903, car
yolo6-10, 86773903, car
yolo6-10, 32086783, car
yolo10-10, 32086783, car
yolo8-7, 32086783, car

========== Time: 14 ==========
yolo10-10, 32034975, car
yolo6-10, 32034975, car
yolo8-7, 32034975, car
yolo8-7, 17808817, car
yolo6-10, 17808817, car
yolo10-10, 17808817, car
yolo10-10, 90555292, car
yolo6-10, 90555292, car
yolo8-7, 90555292, car
yolo8-7, 24947352, car
yolo6-10, 24947352, car
yolo10-10, 24947352, car
yolo8-7, 02797740, car
yolo6-10, 02797740, car
yolo10-10, 02797740, car
yolo10-10, 29729778, car
yolo8-7, 29729778, car
yolo6-10, 29729778, car
yolo8-7, 33285554, car
yolo10-10, 33285554, car
yolo6-10, 33285554, car
yolo10-10, 78176005, car
yolo8-7, 78176005, car
yolo6-10, 78176005, car
yolo8-7, 57717511, car
yolo6-10, 57717511, car
yolo10-10, 57717511, car
yolo8-7, 68716360, car
yolo6-10, 68716360, car
yolo10-10, 68716360, car
yolo6-10, 64245374, car
yolo10-10, 64245374, car
yolo10-10, 18309441, car
yolo6-10, 18309441, car
yolo6-10, 96979227, car
yolo10-10, 96979227, car
yolo6-10, 10434367, car
yolo10-10, 10434367, car
yolo10-10, 70555665, car
yolo6-10, 70555665, car
yolo10-10, 60406566, car
yolo6-10, 60406566, car
yolo6-10, 34031288, car
yolo10-10, 34031288, car

========== Time: 15 ==========
yolo6-10, 95666484, car
yolo10-10, 95666484, car
yolo10-10, 85128146, car
yolo6-10, 85128146, car
yolo6-10, 12021338, car
yolo10-10, 12021338, car
yolo6-10, 30961314, car
yolo10-10, 30961314, car
yolo10-10, 66340528, car
yolo6-10, 66340528, car
yolo6-10, 16264886, car
yolo10-10, 16264886, car
yolo6-10, 42293010, car
yolo10-10, 42293010, car
yolo10-10, 19836377, car
yolo6-10, 19836377, car
yolo10-10, 92355664, car
yolo6-10, 92355664, car
yolo6-10, 15909045, car
yolo10-10, 15909045, car
yolo6-10, 36745456, car
yolo10-10, 36745456, car
yolo6-10, 25342895, car
yolo10-10, 25342895, car
yolo10-10, 93706652, car
yolo6-10, 93706652, car
yolo10-10, 00524980, car
yolo6-10, 00524980, car
yolo6-10, 76916768, car
yolo10-10, 76916768, car
yolo6-10, 89107679, car
yolo10-10, 89107679, car
yolo6-10, 38704195, car
yolo10-10, 38704195, car
yolo6-10, 00255109, car
yolo10-10, 00255109, car
yolo10-10, 67600442, car
yolo6-10, 67600442, car
yolo6-10, 42018303, car
yolo10-10, 42018303, car
yolo10-10, 52291632, train
yolo6-10, 52291632, train
yolo6-10, 29576006, car
yolo10-10, 29576006, car
yolo6-10, 96778679, car
yolo10-10, 96778679, car
yolo10-10, 86818896, car
yolo6-10, 86818896, car
yolo6-10, 42910311, car
yolo10-10, 42910311, car
yolo6-10, 48970003, car
yolo10-10, 48970003, car
yolo10-10, 67026139, car
yolo6-10, 67026139, car
yolo10-10, 26223395, car
yolo6-10, 26223395, car
yolo10-10, 70915215, car
yolo6-10, 70915215, car
yolo10-10, 64012256, car
yolo6-10, 64012256, car
yolo6-10, 12525027, car
yolo10-10, 12525027, car
yolo6-10, 51973700, car
yolo10-10, 51973700, car
yolo6-10, 04316480, car
yolo10-10, 04316480, car
yolo10-10, 31380376, car
yolo6-10, 31380376, car
yolo10-10, 32360739, car
yolo6-10, 32360739, car
yolo10-10, 55301521, car
yolo6-10, 55301521, car
yolo6-10, 51232394, car
yolo10-10, 51232394, car
yolo10-10, 55489717, car
yolo6-10, 55489717, car
yolo10-10, 64027601, car
yolo6-10, 64027601, car
yolo10-10, 64248303, car
yolo6-10, 64248303, car
yolo10-10, 09652831, car
yolo6-10, 09652831, car
yolo6-10, 57083447, car
yolo10-10, 57083447, car
yolo6-10, 23504276, car
yolo10-10, 23504276, car
yolo10-10, 31352966, car
yolo6-10, 31352966, car

========== Time: 16 ==========
yolo6-10, 62052663, car
yolo10-10, 62052663, car
yolo6-10, 00624405, car
yolo10-10, 00624405, car
yolo10-10, 72639307, car
yolo6-10, 72639307, car
yolo10-10, 83039882, car
yolo6-10, 83039882, car
yolo10-10, 81354472, car
yolo6-10, 81354472, car
yolo6-10, 64495057, car
yolo10-10, 64495057, car
yolo6-10, 66123791, car
yolo10-10, 66123791, car
yolo10-10, 29177282, car
yolo6-10, 29177282, car
yolo10-10, 06444411, tvmonitor
yolo6-10, 06444411, tvmonitor
yolo10-10, 23759651, sofa
yolo6-10, 23759651, sofa
yolo10-10, 10068401, sofa
yolo6-10, 10068401, sofa
yolo10-10, 48914181, car
yolo6-10, 48914181, car
yolo6-10, 12229697, train
yolo10-10, 12229697, train
yolo10-10, 03939198, car
yolo6-10, 03939198, car
yolo6-10, 76855232, aeroplane
yolo10-10, 76855232, aeroplane
yolo10-10, 23826586, bottle
yolo6-10, 23826586, bottle

========== Time: 17 ==========
yolo10-10, 93692514, aeroplane
yolo6-10, 93692514, aeroplane
yolo6-10, 89079810, aeroplane
yolo10-10, 89079810, aeroplane
yolo6-10, 46712948, aeroplane
yolo10-10, 46712948, aeroplane
yolo10-10, 71401525, sofa
yolo6-10, 71401525, sofa
yolo6-10, 34050584, car
yolo10-10, 34050584, car
yolo6-10, 56217205, sofa
yolo10-10, 56217205, sofa
yolo10-10, 70206687, car
yolo6-10, 70206687, car
yolo6-10, 85559943, sofa
yolo10-10, 85559943, sofa
yolo2-14, 76855232, aeroplane
yolo2-14, 23826586, bottle
yolo10-10, 03205355, sofa
yolo6-10, 03205355, sofa
yolo2-14, 93692514, aeroplane
yolo2-14, 89079810, aeroplane
yolo6-10, 24308639, sofa
yolo10-10, 24308639, sofa
yolo2-14, 46712948, aeroplane
yolo2-14, 71401525, sofa
yolo2-14, 34050584, car
yolo10-10, 12694278, boat
yolo6-10, 12694278, boat
yolo2-14, 56217205, sofa
yolo2-14, 70206687, car
yolo6-10, 95847423, car
yolo10-10, 95847423, car
yolo2-14, 85559943, sofa
yolo2-14, 03205355, sofa
yolo10-10, 60539880, sofa
yolo6-10, 60539880, sofa
yolo2-14, 24308639, sofa
yolo2-14, 12694278, boat
yolo2-14, 95847423, car
yolo10-10, 81728965, car
yolo6-10, 81728965, car
yolo2-14, 60539880, sofa

========== Time: 18 ==========
yolo2-14, 81728965, car
yolo4-14, 03205355, sofa
yolo6-10, 27851284, car
yolo10-10, 27851284, car
yolo2-14, 27851284, car
yolo4-14, 24308639, sofa
yolo2-14, 05035043, car
yolo10-10, 05035043, car
yolo6-10, 05035043, car
yolo4-14, 12694278, boat
yolo4-14, 95847423, car
yolo2-14, 84019260, car
yolo6-10, 84019260, car
yolo4-14, 60539880, sofa
yolo10-10, 84019260, car
yolo4-14, 81728965, car
yolo10-10, 26524065, car
yolo6-10, 26524065, car
yolo2-14, 26524065, car
yolo4-14, 27851284, car
yolo4-14, 05035043, car
yolo4-14, 84019260, car
yolo2-14, 02674392, car
yolo10-10, 02674392, car
yolo6-10, 02674392, car
yolo4-14, 26524065, car
yolo4-14, 02674392, car
yolo2-14, 89652203, car
yolo6-10, 89652203, car
yolo10-10, 89652203, car
yolo4-14, 89652203, car
yolo2-14, 91345072, car
yolo4-14, 91345072, car
yolo6-10, 91345072, car
yolo10-10, 91345072, car
yolo4-14, 58724304, car
yolo2-14, 58724304, car
yolo6-10, 58724304, car
yolo10-10, 58724304, car
yolo2-14, 54134480, car
yolo6-10, 54134480, car
yolo4-14, 54134480, car
yolo4-14, 28367863, car
yolo6-10, 28367863, car
yolo2-14, 28367863, car
yolo2-14, 17410446, car
yolo6-10, 17410446, car
yolo4-14, 17410446, car
yolo2-14, 40047107, car
yolo6-10, 40047107, car
yolo4-14, 40047107, car
yolo2-14, 22225941, car
yolo4-14, 22225941, car
yolo6-10, 22225941, car
yolo2-14, 71952021, car
yolo4-14, 71952021, car
yolo6-10, 71952021, car
yolo2-14, 30080046, car
yolo4-14, 30080046, car
yolo6-10, 30080046, car

========== Time: 19 ==========
yolo2-14, 48892276, car
yolo4-14, 48892276, car
yolo6-10, 48892276, car
yolo2-14, 98903900, train
yolo4-14, 98903900, train
yolo6-10, 98903900, train
yolo2-18, 36370390, car
yolo6-10, 36370390, car
yolo2-14, 36370390, car
yolo4-14, 36370390, car
yolo2-14, 20826292, boat
yolo4-14, 20826292, boat
yolo2-18, 20826292, boat
yolo6-10, 20826292, boat
yolo2-18, 16984030, train
yolo4-14, 16984030, train
yolo2-14, 16984030, train
yolo6-10, 16984030, train
yolo6-10, 19061370, car
yolo2-14, 19061370, car
yolo4-14, 19061370, car
yolo2-18, 19061370, car
yolo6-10, 63149300, sofa
yolo2-18, 63149300, sofa
yolo2-14, 63149300, sofa
yolo4-14, 63149300, sofa
yolo2-18, 02063289, car
yolo6-10, 02063289, car
yolo2-14, 02063289, car
yolo4-14, 02063289, car
yolo12-12, 48892276, car
yolo12-12, 98903900, train
yolo2-14, 62638536, car
yolo2-18, 62638536, car
yolo4-14, 62638536, car
yolo6-10, 62638536, car
yolo12-12, 36370390, car
yolo4-14, 95913019, train
yolo2-18, 95913019, train
yolo2-14, 95913019, train
yolo6-10, 95913019, train
yolo12-12, 20826292, boat
yolo12-12, 16984030, train
yolo2-14, 37291921, car
yolo4-14, 37291921, car
yolo2-18, 37291921, car
yolo6-10, 37291921, car
yolo12-19, 37291921, car
yolo12-12, 19061370, car
yolo12-12, 63149300, sofa
yolo2-18, 52781092, sofa
yolo12-19, 52781092, sofa
yolo6-10, 52781092, sofa
yolo4-14, 52781092, sofa
yolo2-14, 52781092, sofa
yolo12-12, 02063289, car
yolo12-12, 62638536, car
yolo2-14, 05181835, car
yolo2-18, 05181835, car
yolo6-10, 05181835, car
yolo4-14, 05181835, car
yolo2-14, 01757883, car
yolo2-18, 01757883, car
yolo12-12, 95913019, train
yolo6-10, 01757883, car
yolo4-14, 01757883, car
yolo12-19, 05181835, car
yolo2-14, 56030284, car
yolo2-18, 56030284, car
yolo4-14, 56030284, car
yolo6-10, 56030284, car
yolo12-12, 37291921, car
yolo12-19, 01757883, car
yolo12-12, 52781092, sofa
yolo12-19, 56030284, car
yolo6-10, 00390132, car

========== Time: 20 ==========
yolo4-14, 00390132, car
yolo2-18, 00390132, car
yolo2-14, 00390132, car
yolo6-10, 08563987, car
yolo4-14, 08563987, car
yolo2-18, 08563987, car
yolo2-14, 08563987, car
yolo2-18, 13653947, car
yolo2-14, 13653947, car
yolo4-14, 13653947, car
yolo6-10, 13653947, car
yolo2-18, 13897628, car
yolo6-10, 13897628, car
yolo2-14, 13897628, car
yolo4-14, 13897628, car
yolo2-18, 42744901, car
yolo2-14, 42744901, car
yolo6-10, 42744901, car
yolo4-14, 42744901, car
yolo2-18, 66119798, car
yolo6-10, 66119798, car
yolo2-14, 66119798, car
yolo4-14, 66119798, car
yolo8-edge-11, 66119798, car
yolo8-edge-14, 66119798, car
yolo8-edge-14, 83996484, car
yolo8-edge-11, 83996484, car
yolo2-18, 83996484, car
yolo4-14, 83996484, car
yolo6-10, 83996484, car
yolo2-14, 83996484, car
yolo8-edge-14, 41729596, car
yolo4-14, 41729596, car
yolo6-10, 41729596, car
yolo8-edge-11, 41729596, car
yolo2-14, 41729596, car
yolo2-18, 41729596, car
yolo8-edge-14, 27344510, car
yolo2-18, 27344510, car
yolo2-14, 27344510, car
yolo4-14, 27344510, car
yolo6-10, 27344510, car
yolo12-19, 00390132, car
yolo12-12, 05181835, car
yolo8-edge-11, 27344510, car
yolo2-18, 66241361, train
yolo2-14, 66241361, train
yolo4-14, 66241361, train
yolo8-edge-14, 66241361, train
yolo8-edge-11, 66241361, train
yolo2-14, 38006146, car
yolo8-edge-14, 38006146, car
yolo8-edge-11, 38006146, car
yolo2-18, 38006146, car
yolo4-14, 38006146, car
yolo12-19, 08563987, car
yolo12-19, 13653947, car
yolo8-edge-14, 83693697, car
yolo8-edge-11, 83693697, car
yolo2-14, 83693697, car
yolo2-18, 83693697, car
yolo4-14, 83693697, car
yolo12-19, 13897628, car
yolo4-14, 89885456, car
yolo2-18, 89885456, car
yolo2-14, 89885456, car
yolo8-edge-14, 89885456, car
yolo8-edge-11, 89885456, car
yolo12-19, 42744901, car
yolo12-19, 66119798, car
yolo2-18, 62172514, car
yolo8-edge-14, 62172514, car
yolo2-14, 62172514, car
yolo4-14, 62172514, car
yolo8-edge-11, 62172514, car
yolo12-19, 83996484, car
yolo12-19, 41729596, car
yolo8-edge-11, 00779100, car
yolo8-edge-14, 00779100, car
yolo2-18, 00779100, car
yolo4-14, 00779100, car
yolo2-14, 00779100, car
yolo12-19, 27344510, car
yolo12-19, 66241361, train
yolo2-14, 73988119, car
yolo8-edge-14, 73988119, car
yolo4-14, 73988119, car
yolo2-18, 73988119, car
yolo8-edge-11, 73988119, car
yolo12-19, 38006146, car
yolo12-19, 83693697, car
yolo2-18, 40800300, car
yolo2-14, 40800300, car
yolo4-14, 40800300, car
yolo8-edge-11, 40800300, car
yolo8-edge-14, 40800300, car
yolo12-19, 89885456, car
yolo12-19, 62172514, car
yolo2-14, 23146895, car
yolo12-19, 00779100, car
yolo4-14, 23146895, car
yolo2-18, 23146895, car
yolo8-edge-14, 23146895, car
yolo8-edge-11, 23146895, car
yolo12-19, 73988119, car
yolo12-19, 40800300, car
yolo8-edge-14, 09887859, car
yolo2-14, 09887859, car
yolo2-18, 09887859, car
yolo8-edge-11, 09887859, car
yolo4-14, 09887859, car
yolo12-19, 23146895, car
yolo12-19, 09887859, car
yolo8-edge-11, 65515453, car
yolo8-edge-14, 65515453, car
yolo2-18, 65515453, car
yolo2-14, 65515453, car
yolo4-14, 65515453, car
yolo12-19, 65515453, car
yolo8-edge-14, 97711760, car
yolo8-edge-11, 97711760, car
yolo2-18, 97711760, car
yolo2-14, 97711760, car
yolo4-14, 97711760, car
yolo12-19, 97711760, car
yolo8-edge-11, 91112753, car
yolo8-edge-14, 91112753, car
yolo2-14, 91112753, car
yolo4-14, 91112753, car
yolo2-18, 91112753, car
yolo12-19, 91112753, car
yolo5-13, 40800300, car
yolo5-13, 23146895, car
yolo2-18, 70082006, car
yolo2-14, 70082006, car
yolo8-edge-14, 70082006, car
yolo4-14, 70082006, car
yolo12-19, 70082006, car
yolo8-edge-11, 70082006, car
yolo5-13, 09887859, car
yolo5-13, 65515453, car
yolo8-edge-14, 90655410, car
yolo8-edge-11, 90655410, car
yolo12-19, 90655410, car
yolo4-14, 90655410, car
yolo2-18, 90655410, car
yolo2-14, 90655410, car
yolo5-13, 97711760, car
yolo5-13, 91112753, car
yolo7-15, 23146895, car
yolo8-edge-14, 55938916, car
yolo8-edge-11, 55938916, car
yolo12-19, 55938916, car
yolo2-18, 55938916, car
yolo2-14, 55938916, car
yolo5-13, 70082006, car
yolo4-14, 55938916, car
yolo7-15, 09887859, car
yolo5-13, 90655410, car
yolo7-15, 65515453, car
yolo8-edge-14, 12197613, car
yolo8-edge-11, 12197613, car
yolo5-13, 55938916, car
yolo2-14, 12197613, car
yolo2-18, 12197613, car
yolo12-19, 12197613, car
yolo4-14, 12197613, car
yolo7-15, 97711760, car
yolo5-13, 12197613, car
yolo7-15, 91112753, car
yolo12-19, 62468830, car
yolo8-edge-14, 62468830, car
yolo8-edge-11, 62468830, car
yolo2-18, 62468830, car
yolo5-13, 62468830, car
yolo2-14, 62468830, car
yolo4-14, 62468830, car
yolo7-15, 70082006, car
yolo7-15, 90655410, car
yolo12-19, 20784865, car
yolo4-14, 20784865, car
yolo2-14, 20784865, car
yolo2-18, 20784865, car
yolo5-13, 20784865, car
yolo8-edge-14, 20784865, car
yolo8-edge-11, 20784865, car
yolo7-15, 55938916, car
yolo7-15, 12197613, car
yolo8-edge-14, 49421917, car
yolo2-14, 49421917, car
yolo4-14, 49421917, car
yolo2-18, 49421917, car
yolo12-19, 49421917, car
yolo5-13, 49421917, car
yolo8-edge-11, 49421917, car
yolo7-15, 62468830, car
yolo7-15, 20784865, car
yolo8-edge-14, 29053629, car
yolo7-15, 49421917, car
yolo8-edge-11, 29053629, car
yolo2-18, 29053629, car
yolo2-14, 29053629, car
yolo5-13, 29053629, car
yolo12-19, 29053629, car
yolo4-14, 29053629, car
yolo7-15, 29053629, car
yolo8-edge-11, 96009386, car
yolo8-edge-14, 96009386, car
yolo12-19, 96009386, car
yolo4-14, 96009386, car
yolo7-15, 96009386, car
yolo2-14, 96009386, car
yolo2-18, 96009386, car
yolo5-13, 96009386, car
yolo8-edge-14, 29946021, car
yolo8-edge-11, 29946021, car
yolo4-14, 29946021, car
yolo2-18, 29946021, car
yolo2-14, 29946021, car
yolo5-13, 29946021, car
yolo12-19, 29946021, car
yolo7-15, 29946021, car
yolo9-14, 96009386, car
yolo9-13, 96009386, car
yolo9-14, 29946021, car
yolo9-13, 29946021, car
yolo8-edge-11, 86516513, car
yolo8-edge-14, 86516513, car
yolo4-14, 86516513, car
yolo2-14, 86516513, car
yolo2-18, 86516513, car
yolo5-13, 86516513, car
yolo7-15, 86516513, car
yolo12-19, 86516513, car
yolo9-13, 86516513, car
yolo9-14, 86516513, car
yolo8-edge-14, 27119063, car
yolo8-edge-11, 27119063, car
yolo2-18, 27119063, car
yolo7-15, 27119063, car
yolo9-14, 27119063, car
yolo4-14, 27119063, car
yolo12-19, 27119063, car
yolo2-14, 27119063, car
yolo9-13, 27119063, car
yolo5-13, 27119063, car
yolo8-edge-14, 57967335, car
yolo8-edge-11, 57967335, car
yolo5-13, 57967335, car
yolo2-18, 57967335, car
yolo2-14, 57967335, car
yolo9-13, 57967335, car
yolo9-14, 57967335, car
yolo4-14, 57967335, car
yolo7-15, 57967335, car
yolo12-19, 57967335, car
yolo8-edge-11, 04806516, car
yolo8-edge-14, 04806516, car
yolo2-14, 04806516, car
yolo7-15, 04806516, car
yolo2-18, 04806516, car
yolo9-13, 04806516, car
yolo9-14, 04806516, car
yolo5-13, 04806516, car
yolo4-14, 04806516, car
yolo12-19, 04806516, car
yolo8-edge-11, 65722327, car
yolo8-edge-14, 65722327, car
yolo7-15, 65722327, car
yolo5-13, 65722327, car
yolo4-14, 65722327, car
yolo2-14, 65722327, car
yolo2-18, 65722327, car
yolo9-14, 65722327, car
yolo9-13, 65722327, car
yolo12-19, 65722327, car
yolo8-edge-14, 65869131, car
yolo8-edge-11, 65869131, car
yolo12-19, 65869131, car
yolo4-14, 65869131, car
yolo7-15, 65869131, car
yolo5-13, 65869131, car
yolo2-14, 65869131, car
yolo2-18, 65869131, car
yolo9-13, 65869131, car
yolo9-14, 65869131, car
yolo8-edge-11, 56587882, car
yolo8-edge-14, 56587882, car
yolo2-18, 56587882, car
yolo7-15, 56587882, car
yolo12-19, 56587882, car
yolo4-14, 56587882, car
yolo5-13, 56587882, car
yolo2-14, 56587882, car
yolo9-13, 56587882, car
yolo9-14, 56587882, car
yolo8-edge-11, 01619581, car
yolo8-edge-14, 01619581, car
yolo2-14, 01619581, car
yolo2-18, 01619581, car
yolo5-13, 01619581, car
yolo9-13, 01619581, car
yolo7-15, 01619581, car
yolo4-14, 01619581, car
yolo9-14, 01619581, car
yolo12-19, 01619581, car
yolo8-edge-11, 41855436, car
yolo8-edge-14, 41855436, car
yolo5-13, 41855436, car
yolo2-18, 41855436, car
yolo7-15, 41855436, car
yolo2-14, 41855436, car
yolo4-14, 41855436, car
yolo12-19, 41855436, car
yolo9-13, 41855436, car
yolo9-14, 41855436, car
yolo8-edge-11, 15722388, car
yolo8-edge-14, 15722388, car
yolo5-13, 15722388, car
yolo2-18, 15722388, car
yolo7-15, 15722388, car
yolo12-19, 15722388, car
yolo9-13, 15722388, car
yolo2-14, 15722388, car
yolo4-14, 15722388, car
yolo9-14, 15722388, car
yolo8-edge-11, 04627766, car
yolo8-edge-14, 04627766, car
yolo7-15, 04627766, car
yolo4-14, 04627766, car
yolo2-14, 04627766, car
yolo12-19, 04627766, car
yolo5-13, 04627766, car
yolo9-13, 04627766, car
yolo9-14, 04627766, car
yolo2-18, 04627766, car

========== Time: 21 ==========
yolo8-edge-11, 07120508, car
yolo8-edge-14, 07120508, car
yolo7-15, 07120508, car
yolo12-19, 07120508, car
yolo2-14, 07120508, car
yolo9-13, 07120508, car
yolo9-14, 07120508, car
yolo5-13, 07120508, car
yolo4-14, 07120508, car
yolo2-18, 07120508, car
yolo8-edge-11, 75963190, car
yolo8-edge-14, 75963190, car
yolo5-13, 75963190, car
yolo7-15, 75963190, car
yolo2-18, 75963190, car
yolo9-14, 75963190, car
yolo2-14, 75963190, car
yolo12-19, 75963190, car
yolo4-14, 75963190, car
yolo9-13, 75963190, car
yolo8-edge-11, 06586701, car
yolo8-edge-14, 06586701, car
yolo5-13, 06586701, car
yolo2-18, 06586701, car
yolo12-19, 06586701, car
yolo9-14, 06586701, car
yolo2-14, 06586701, car
yolo9-13, 06586701, car
yolo4-14, 06586701, car
yolo7-15, 06586701, car
yolo8-edge-11, 65295487, car
yolo8-edge-14, 65295487, car
yolo12-19, 65295487, car
yolo5-13, 65295487, car
yolo2-18, 65295487, car
yolo4-14, 65295487, car
yolo9-14, 65295487, car
yolo9-13, 65295487, car
yolo7-15, 65295487, car
yolo2-14, 65295487, car
yolo8-edge-11, 05218328, car
yolo8-edge-14, 05218328, car
yolo5-13, 05218328, car
yolo7-15, 05218328, car
yolo4-14, 05218328, car
yolo9-13, 05218328, car
yolo9-14, 05218328, car
yolo2-14, 05218328, car
yolo2-18, 05218328, car
yolo12-19, 05218328, car
yolo8-edge-11, 28953704, car
yolo8-edge-14, 28953704, car
yolo2-18, 28953704, car
yolo5-13, 28953704, car
yolo7-15, 28953704, car
yolo4-14, 28953704, car
yolo9-13, 28953704, car
yolo9-14, 28953704, car
yolo2-14, 28953704, car
yolo12-19, 28953704, car
yolo8-edge-11, 99340836, car
yolo8-edge-14, 99340836, car
yolo5-13, 99340836, car
yolo12-19, 99340836, car
yolo9-14, 99340836, car
yolo2-14, 99340836, car
yolo2-18, 99340836, car
yolo9-13, 99340836, car
yolo7-15, 99340836, car
yolo4-14, 99340836, car
yolo8-edge-14, 82500342, car
yolo8-edge-11, 82500342, car
yolo2-14, 82500342, car
yolo4-14, 82500342, car
yolo2-18, 82500342, car
yolo5-13, 82500342, car
yolo7-15, 82500342, car
yolo9-13, 82500342, car
yolo9-14, 82500342, car
yolo12-19, 82500342, car
yolo8-edge-14, 90961856, car
yolo8-edge-11, 90961856, car
yolo2-18, 90961856, car
yolo9-14, 90961856, car
yolo4-14, 90961856, car
yolo7-15, 90961856, car
yolo2-14, 90961856, car
yolo9-13, 90961856, car
yolo5-13, 90961856, car
yolo12-19, 90961856, car
yolo8-edge-14, 44653857, car
yolo8-edge-11, 44653857, car
yolo4-14, 44653857, car
yolo9-13, 44653857, car
yolo12-19, 44653857, car
yolo2-14, 44653857, car
yolo9-14, 44653857, car
yolo5-13, 44653857, car
yolo7-15, 44653857, car
yolo2-18, 44653857, car
yolo8-edge-14, 67556748, car
yolo8-edge-11, 67556748, car
yolo2-18, 67556748, car
yolo7-15, 67556748, car
yolo5-13, 67556748, car
yolo9-13, 67556748, car
yolo12-19, 67556748, car
yolo9-14, 67556748, car
yolo4-14, 67556748, car
yolo2-14, 67556748, car
yolo8-edge-14, 98451401, car
yolo8-edge-11, 98451401, car
yolo2-14, 98451401, car
yolo2-18, 98451401, car
yolo12-19, 98451401, car
yolo5-13, 98451401, car
yolo9-13, 98451401, car
yolo7-15, 98451401, car
yolo9-14, 98451401, car
yolo4-14, 98451401, car
yolo8-edge-14, 01755476, car
yolo8-edge-11, 01755476, car
yolo2-18, 01755476, car
yolo12-19, 01755476, car
yolo5-13, 01755476, car
yolo7-15, 01755476, car
yolo2-14, 01755476, car
yolo9-13, 01755476, car
yolo4-14, 01755476, car
yolo9-14, 01755476, car
yolo8-edge-14, 39097432, car
yolo8-edge-11, 39097432, car
yolo2-14, 39097432, car
yolo5-13, 39097432, car
yolo2-18, 39097432, car
yolo12-19, 39097432, car
yolo4-14, 39097432, car
yolo9-14, 39097432, car
yolo7-15, 39097432, car
yolo9-13, 39097432, car
yolo8-edge-11, 07695668, train
yolo8-edge-14, 07695668, train
yolo5-13, 07695668, train
yolo2-14, 07695668, train
yolo7-15, 07695668, train
yolo9-14, 07695668, train
yolo4-14, 07695668, train
yolo2-18, 07695668, train
yolo9-13, 07695668, train
yolo12-19, 07695668, train
yolo4-14, 69482961, aeroplane
yolo2-14, 69482961, aeroplane
yolo5-13, 69482961, aeroplane
yolo9-14, 69482961, aeroplane
yolo2-18, 69482961, aeroplane
yolo7-15, 69482961, aeroplane
yolo9-13, 69482961, aeroplane
yolo12-19, 69482961, aeroplane
yolo8-edge-11, 69482961, aeroplane
yolo8-edge-14, 69482961, aeroplane

========== Time: 22 ==========
yolo9-14, 22507591, sofa
yolo2-18, 22507591, sofa
yolo4-14, 22507591, sofa
yolo2-14, 22507591, sofa
yolo5-13, 22507591, sofa
yolo7-15, 22507591, sofa
yolo9-13, 22507591, sofa
yolo8-edge-14, 22507591, sofa
yolo12-19, 22507591, sofa
yolo8-edge-11, 22507591, sofa
yolo7-15, 20127593, train
yolo8-edge-14, 20127593, train
yolo2-14, 20127593, train
yolo2-18, 20127593, train
yolo9-14, 20127593, train
yolo5-13, 20127593, train
yolo9-13, 20127593, train
yolo12-19, 20127593, train
yolo4-14, 20127593, train
yolo8-edge-11, 20127593, train
yolo7-15, 81625172, boat
yolo2-14, 81625172, boat
yolo2-18, 81625172, boat
yolo5-13, 81625172, boat
yolo12-19, 81625172, boat
yolo8-edge-14, 81625172, boat
yolo9-13, 81625172, boat
yolo9-14, 81625172, boat
yolo4-14, 81625172, boat
yolo8-edge-11, 81625172, boat
yolo7-15, 04610282, sofa
yolo8-edge-14, 04610282, sofa
yolo5-13, 04610282, sofa
yolo2-14, 04610282, sofa
yolo2-18, 04610282, sofa
yolo9-13, 04610282, sofa
yolo12-19, 04610282, sofa
yolo4-14, 04610282, sofa
yolo9-14, 04610282, sofa
yolo8-edge-11, 04610282, sofa
yolo8-edge-14, 86351253, aeroplane
yolo2-18, 86351253, aeroplane
yolo2-14, 86351253, aeroplane
yolo12-19, 86351253, aeroplane
yolo7-15, 86351253, aeroplane
yolo4-14, 86351253, aeroplane
yolo9-14, 86351253, aeroplane
yolo9-13, 86351253, aeroplane
yolo5-13, 86351253, aeroplane
yolo8-edge-11, 86351253, aeroplane
yolo8-edge-14, 83590445, aeroplane
yolo5-13, 83590445, aeroplane
yolo2-14, 83590445, aeroplane
yolo7-15, 83590445, aeroplane
yolo12-19, 83590445, aeroplane
yolo9-13, 83590445, aeroplane
yolo4-14, 83590445, aeroplane
yolo9-14, 83590445, aeroplane
yolo2-18, 83590445, aeroplane
yolo8-edge-11, 83590445, aeroplane
yolo8-edge-14, 60418322, train
yolo2-18, 60418322, train
yolo5-13, 60418322, train
yolo7-15, 60418322, train
yolo12-19, 60418322, train
yolo4-14, 60418322, train
yolo2-14, 60418322, train
yolo9-13, 60418322, train
yolo9-14, 60418322, train
yolo8-edge-11, 60418322, train
yolo8-edge-14, 10316802, aeroplane
yolo2-14, 10316802, aeroplane
yolo7-15, 10316802, aeroplane
yolo4-14, 10316802, aeroplane
yolo9-14, 10316802, aeroplane
yolo12-19, 10316802, aeroplane
yolo9-13, 10316802, aeroplane
yolo5-13, 10316802, aeroplane
yolo8-edge-11, 10316802, aeroplane
yolo2-18, 10316802, aeroplane
yolo8-edge-14, 70939269, car
yolo12-19, 70939269, car
yolo5-13, 70939269, car
yolo9-14, 70939269, car
yolo7-15, 70939269, car
yolo2-14, 70939269, car
yolo8-edge-11, 70939269, car
yolo4-14, 70939269, car
yolo9-13, 70939269, car
yolo2-18, 70939269, car
yolo8-edge-14, 76412726, car
yolo8-edge-11, 76412726, car
yolo9-13, 76412726, car
yolo12-19, 76412726, car
yolo2-18, 76412726, car
yolo7-15, 76412726, car
yolo2-14, 76412726, car
yolo9-14, 76412726, car
yolo4-14, 76412726, car
yolo5-13, 76412726, car
yolo8-edge-14, 82910841, train
yolo9-13, 82910841, train
yolo8-edge-11, 82910841, train
yolo7-15, 82910841, train
yolo2-14, 82910841, train
yolo5-13, 82910841, train
yolo9-14, 82910841, train
yolo4-14, 82910841, train
yolo2-18, 82910841, train
yolo12-19, 82910841, train
yolo9-13, 01193324, sofa
yolo8-edge-14, 01193324, sofa
yolo8-edge-11, 01193324, sofa
yolo7-15, 01193324, sofa
yolo2-14, 01193324, sofa
yolo5-13, 01193324, sofa
yolo2-18, 01193324, sofa
yolo9-14, 01193324, sofa
yolo4-14, 01193324, sofa
yolo12-19, 01193324, sofa
yolo8-edge-14, 61117135, sofa
yolo9-13, 61117135, sofa
yolo2-14, 61117135, sofa
yolo7-15, 61117135, sofa
yolo8-edge-11, 61117135, sofa
yolo4-14, 61117135, sofa
yolo9-14, 61117135, sofa
yolo5-13, 61117135, sofa
yolo2-18, 61117135, sofa
yolo12-19, 61117135, sofa
yolo8-edge-14, 28863519, car
yolo8-edge-11, 28863519, car
yolo2-18, 28863519, car
yolo2-14, 28863519, car
yolo5-13, 28863519, car
yolo7-15, 28863519, car
yolo4-14, 28863519, car
yolo9-13, 28863519, car
yolo9-14, 28863519, car
yolo12-19, 28863519, car
yolo8-edge-14, 66020971, bottle
yolo8-edge-11, 66020971, bottle
yolo12-19, 66020971, bottle
yolo7-15, 66020971, bottle
yolo2-18, 66020971, bottle
yolo4-14, 66020971, bottle
yolo2-14, 66020971, bottle
yolo9-13, 66020971, bottle
yolo5-13, 66020971, bottle
yolo9-14, 66020971, bottle
yolo8-edge-14, 62554516, car
yolo8-edge-11, 62554516, car
yolo2-14, 62554516, car
yolo4-14, 62554516, car
yolo2-18, 62554516, car
yolo9-13, 62554516, car
yolo9-14, 62554516, car
yolo5-13, 62554516, car
yolo8-edge-14, 85633013, car
yolo2-14, 85633013, car
yolo9-14, 85633013, car
yolo2-18, 85633013, car
yolo8-edge-11, 85633013, car
yolo4-14, 85633013, car
yolo9-13, 85633013, car
yolo5-13, 85633013, car
yolo7-15, 62554516, car
yolo12-19, 62554516, car

========== Time: 23 ==========
yolo8-edge-11, 76768608, car
yolo8-edge-14, 76768608, car
yolo7-15, 85633013, car
yolo2-18, 76768608, car
yolo2-14, 76768608, car
yolo5-13, 76768608, car
yolo9-13, 76768608, car
yolo9-14, 76768608, car
yolo4-14, 76768608, car
yolo7-15, 76768608, car
yolo8-edge-11, 79385416, car
yolo8-edge-14, 79385416, car
yolo5-13, 79385416, car
yolo2-14, 79385416, car
yolo2-18, 79385416, car
yolo9-13, 79385416, car
yolo9-14, 79385416, car
yolo7-15, 79385416, car
yolo4-14, 79385416, car
yolo8-edge-11, 27645656, car
yolo8-edge-14, 27645656, car
yolo2-18, 27645656, car
yolo4-14, 27645656, car
yolo5-13, 27645656, car
yolo12-19, 85633013, car
yolo9-13, 27645656, car
yolo9-14, 27645656, car
yolo7-15, 27645656, car
yolo2-14, 27645656, car
yolo5-13, 98406678, sofa
yolo2-18, 98406678, sofa
yolo9-13, 98406678, sofa
yolo4-14, 98406678, sofa
yolo9-14, 98406678, sofa
yolo12-19, 76768608, car
yolo8-edge-11, 98406678, sofa
yolo2-14, 98406678, sofa
yolo8-edge-14, 98406678, sofa
yolo9-13, 61655554, car
yolo2-18, 61655554, car
yolo5-13, 61655554, car
yolo9-14, 61655554, car
yolo4-14, 61655554, car
yolo12-19, 79385416, car
yolo7-15, 98406678, sofa
yolo2-14, 61655554, car
yolo8-edge-14, 61655554, car
yolo8-edge-11, 61655554, car
yolo7-15, 61655554, car
yolo12-19, 27645656, car
yolo2-14, 28984114, car
yolo9-13, 28984114, car
yolo4-14, 28984114, car
yolo9-14, 28984114, car
yolo2-18, 28984114, car
yolo5-13, 28984114, car
yolo7-15, 28984114, car
yolo12-19, 98406678, sofa
yolo8-edge-14, 28984114, car
yolo8-edge-11, 28984114, car
yolo4-14, 40130009, train
yolo2-14, 40130009, train
yolo5-13, 40130009, train
yolo2-18, 40130009, train
yolo9-13, 40130009, aeroplane
yolo9-14, 40130009, aeroplane
yolo12-19, 61655554, car
yolo7-15, 40130009, train
yolo12-19, 28984114, car
yolo8-edge-11, 40130009, train
yolo8-edge-14, 40130009, train
yolo9-13, 81719827, car
yolo9-14, 81719827, car
yolo2-18, 81719827, car
yolo2-14, 81719827, car
yolo12-19, 40130009, train
yolo7-15, 81719827, car
yolo4-14, 81719827, car
yolo9-14, 01020782, aeroplane
yolo12-19, 81719827, car
yolo2-18, 01020782, aeroplane
yolo7-15, 01020782, aeroplane
yolo4-14, 01020782, aeroplane
yolo2-14, 01020782, aeroplane
yolo12-19, 01020782, aeroplane
yolo2-18, 25832125, car
yolo7-15, 25832125, car
yolo4-14, 25832125, car
yolo2-14, 25832125, car
yolo9-14, 25832125, car
yolo12-19, 25832125, car
yolo2-14, 22373548, car
yolo2-18, 22373548, car
yolo12-19, 22373548, car
yolo9-14, 22373548, car
yolo7-15, 22373548, car
yolo4-14, 22373548, car
yolo2-14, 97183959, sofa
yolo12-19, 97183959, sofa
yolo7-15, 97183959, sofa
yolo2-18, 97183959, sofa
yolo4-14, 97183959, sofa
yolo9-14, 97183959, sofa
yolo9-14, 38417773, sofa
yolo2-14, 38417773, sofa
yolo7-15, 38417773, sofa
yolo4-14, 38417773, sofa
yolo12-19, 38417773, sofa
yolo2-18, 38417773, sofa
yolo2-14, 04610443, car
yolo12-19, 04610443, car
yolo2-18, 04610443, car
yolo7-15, 04610443, car
yolo4-14, 04610443, car
yolo9-14, 04610443, car
yolo7-15, 17783441, car
yolo2-18, 17783441, car
yolo4-14, 17783441, car
yolo2-14, 17783441, car
yolo12-19, 17783441, car
yolo9-14, 17783441, car
yolo12-19, 53816271, car
yolo2-14, 53816271, car
yolo7-15, 53816271, car
yolo9-14, 53816271, car
yolo2-18, 53816271, car
yolo4-14, 53816271, car
yolo2-18, 87560008, sofa
yolo4-14, 87560008, sofa
yolo2-14, 87560008, sofa
yolo9-14, 87560008, sofa
yolo7-15, 87560008, sofa
yolo12-19, 87560008, sofa
yolo12-19, 54799783, sofa
yolo9-14, 54799783, sofa
yolo2-18, 54799783, sofa
yolo2-14, 54799783, sofa
yolo7-15, 54799783, sofa
yolo4-14, 54799783, sofa
yolo12-19, 46202304, car
yolo9-14, 46202304, car
yolo2-14, 46202304, car
yolo2-18, 46202304, car
yolo4-14, 46202304, car
yolo7-15, 46202304, car
yolo7-15, 63565801, car
yolo2-18, 63565801, car
yolo4-14, 63565801, car
yolo2-14, 63565801, car
yolo9-14, 63565801, car
yolo12-19, 63565801, car
yolo4-14, 85537270, car
yolo12-19, 85537270, car
yolo2-14, 85537270, car
yolo7-15, 85537270, car
yolo2-18, 85537270, car
yolo9-14, 85537270, car
yolo2-14, 75584849, car
yolo7-15, 75584849, car
yolo2-18, 75584849, car
yolo12-19, 75584849, car
yolo9-14, 75584849, car
yolo4-14, 75584849, car
yolo12-19, 78353070, car
yolo9-14, 78353070, car

========== Time: 24 ==========
yolo2-18, 78353070, car
yolo4-14, 78353070, car
yolo7-15, 78353070, car
yolo2-14, 78353070, car
yolo12-19, 03119220, car
yolo9-14, 03119220, car
yolo7-15, 03119220, car
yolo2-14, 03119220, car
yolo4-14, 03119220, car
yolo2-18, 03119220, car
yolo9-14, 75164034, car
yolo2-18, 75164034, car
yolo2-14, 75164034, car
yolo7-15, 75164034, car
yolo12-19, 75164034, car
yolo4-14, 75164034, car
yolo9-14, 43809319, car
yolo12-19, 43809319, car
yolo2-14, 43809319, car
yolo2-18, 43809319, car
yolo7-15, 43809319, car
yolo4-14, 43809319, car
yolo4-14, 65925524, car
yolo9-14, 65925524, car
yolo12-19, 65925524, car
yolo7-15, 65925524, car
yolo2-18, 65925524, car
yolo2-14, 65925524, car
yolo9-14, 51053738, car
yolo2-14, 51053738, car
yolo7-15, 51053738, car
yolo2-18, 51053738, car
yolo12-19, 51053738, car
yolo4-14, 51053738, car
yolo7-15, 10867352, car
yolo2-14, 10867352, car
yolo4-14, 10867352, car
yolo2-18, 10867352, car
yolo12-19, 10867352, car
yolo9-14, 10867352, car
yolo7-15, 47950337, car
yolo2-18, 47950337, car
yolo9-14, 47950337, car
yolo12-19, 47950337, car
yolo2-14, 47950337, car
yolo4-14, 47950337, car

========== Time: 25 ==========
yolo9-14, 71481226, car
yolo2-14, 71481226, car
yolo7-15, 71481226, car
yolo12-19, 71481226, car
yolo12-19, 50902351, car
yolo7-15, 50902351, car
yolo2-14, 50902351, car
yolo12-19, 50431352, car
yolo2-14, 50431352, car
yolo7-15, 50431352, car
yolo7-15, 66649191, car
yolo2-14, 66649191, car
yolo12-19, 66649191, car
yolo2-14, 71676710, car
yolo7-15, 71676710, car
yolo12-19, 71676710, car
yolo2-14, 62696490, car
yolo7-15, 62696490, car
yolo12-19, 62696490, car
yolo12-19, 69233257, car
yolo7-15, 69233257, car
yolo2-14, 69233257, car
yolo7-15, 28187321, car
yolo2-14, 28187321, car
yolo12-19, 28187321, car
yolo12-19, 58233680, car
yolo12-19, 73265669, car
yolo12-19, 37615148, car
yolo12-19, 10419113, car
yolo12-19, 04660330, car
yolo12-19, 74071798, car
yolo12-19, 00186408, car
yolo12-19, 15039344, car
yolo12-19, 45057860, car
yolo12-19, 26528617, car
yolo12-19, 43708682, car
yolo12-19, 53375458, car
yolo12-19, 16310524, sofa
yolo12-19, 51861506, aeroplane
yolo12-19, 59920209, aeroplane
yolo12-19, 85225956, sofa
yolo12-19, 96138709, sofa
yolo12-19, 16148591, car
yolo12-19, 41682062, car
yolo12-19, 59274884, car
yolo12-19, 42381125, car
yolo12-19, 10783999, car
yolo5-23, 10783999, car
yolo12-19, 87015425, car
yolo5-23, 87015425, car
yolo12-19, 39191965, car
yolo5-23, 39191965, car
yolo5-23, 98480535, car
yolo12-19, 98480535, car
yolo5-23, 31256709, car
yolo12-19, 31256709, car
yolo12-19, 63462905, car
yolo5-23, 63462905, car
yolo12-19, 96001359, car
yolo5-23, 96001359, car
yolo6-22, 87015425, car
yolo6-22, 39191965, car
yolo12-19, 62781598, car
yolo5-23, 62781598, car
yolo6-22, 98480535, car
yolo6-22, 31256709, car
yolo5-23, 17900061, car
yolo12-19, 17900061, car
yolo6-22, 63462905, car
yolo6-22, 96001359, car
yolo5-23, 59617510, car
yolo12-19, 59617510, car
yolo6-22, 62781598, car
yolo6-22, 17900061, car
yolo12-19, 29395673, car
yolo5-23, 29395673, car
yolo6-22, 59617510, car
yolo7-25, 29395673, car
yolo7-22, 29395673, car
yolo6-22, 29395673, car
yolo5-23, 30158418, car
yolo7-25, 30158418, car
yolo6-22, 30158418, car
yolo7-22, 30158418, car
yolo12-19, 30158418, car
yolo7-22, 65097922, car
yolo5-23, 65097922, car
yolo6-22, 65097922, car
yolo12-19, 65097922, car
yolo7-25, 65097922, car
yolo7-22, 56087786, car
yolo5-23, 56087786, car
yolo6-22, 56087786, car
yolo7-25, 56087786, car
yolo12-19, 56087786, car
yolo7-25, 16656090, car
yolo5-23, 16656090, car
yolo12-19, 16656090, car
yolo7-22, 16656090, car
yolo6-22, 16656090, car
yolo5-23, 34933161, car
yolo6-22, 34933161, car
yolo7-22, 34933161, car
yolo7-25, 34933161, car
yolo12-19, 34933161, car
yolo12-19, 97307880, car
yolo7-25, 97307880, car
yolo7-22, 97307880, car
yolo5-23, 97307880, car
yolo6-22, 97307880, car
yolo12-19, 86283241, car
yolo7-25, 86283241, car
yolo7-22, 86283241, car
yolo5-23, 86283241, car
yolo6-22, 86283241, car
yolo5-23, 95867883, car
yolo7-25, 95867883, car
yolo6-22, 95867883, car
yolo7-22, 95867883, car
yolo12-19, 95867883, car
yolo7-22, 37598311, car
yolo6-22, 37598311, car
yolo5-23, 37598311, car
yolo12-19, 37598311, car
yolo7-25, 37598311, car
yolo7-22, 10966598, car
yolo6-22, 10966598, car
yolo5-23, 10966598, car
yolo7-25, 10966598, car
yolo12-19, 10966598, car
yolo5-23, 05288500, car
yolo7-25, 05288500, car
yolo7-22, 05288500, car
yolo12-19, 05288500, car
yolo6-22, 05288500, car
yolo7-25, 59215980, car
yolo5-23, 59215980, car
yolo7-22, 59215980, car
yolo6-22, 59215980, car
yolo12-19, 59215980, car
yolo5-23, 64398460, car
yolo6-22, 64398460, car
yolo7-22, 64398460, car
yolo7-25, 64398460, car
yolo12-19, 64398460, car
yolo5-23, 97928254, car
yolo7-22, 97928254, car
yolo7-25, 97928254, car
yolo6-22, 97928254, car
yolo12-19, 97928254, car
yolo7-22, 96736893, car
yolo7-25, 96736893, car
yolo6-22, 96736893, car
yolo5-23, 96736893, car
yolo12-19, 96736893, car
yolo7-22, 29773187, car
yolo7-25, 29773187, car
yolo12-19, 29773187, car
yolo5-23, 29773187, car
yolo6-22, 29773187, car
yolo6-22, 14941874, car
yolo12-19, 14941874, car
yolo5-23, 14941874, car
yolo7-22, 14941874, car
yolo7-25, 14941874, car
yolo6-22, 83243679, car
yolo7-22, 83243679, car
yolo12-19, 83243679, car
yolo7-25, 83243679, car
yolo5-23, 83243679, car
yolo7-25, 78212044, car
yolo7-22, 78212044, car
yolo6-22, 78212044, car
yolo5-23, 78212044, car
yolo12-19, 78212044, car
yolo5-23, 90603043, car
yolo6-22, 90603043, car
yolo7-25, 90603043, car
yolo7-22, 90603043, car
yolo12-19, 90603043, car
yolo5-23, 36688838, car
yolo6-22, 36688838, car
yolo7-22, 36688838, car
yolo7-25, 36688838, car
yolo12-19, 36688838, car
yolo7-22, 51290348, car
yolo12-19, 51290348, car
yolo5-23, 51290348, car
yolo6-22, 51290348, car
yolo7-25, 51290348, car
yolo5-23, 86773558, car
yolo7-22, 86773558, car
yolo6-22, 86773558, car
yolo7-25, 86773558, car
yolo12-19, 86773558, car
yolo7-22, 09771875, car
yolo5-23, 09771875, car
yolo12-19, 09771875, car
yolo7-25, 09771875, car
yolo6-22, 09771875, car
yolo6-22, 91896699, car
yolo7-22, 91896699, car
yolo12-19, 91896699, car
yolo5-23, 91896699, car
yolo7-25, 91896699, car
yolo7-22, 02490277, car
yolo5-23, 02490277, car
yolo12-19, 02490277, car
yolo7-25, 02490277, car
yolo6-22, 02490277, car
yolo12-19, 28442103, car
yolo5-23, 28442103, car
yolo7-22, 28442103, car
yolo6-22, 28442103, car
yolo7-25, 28442103, car
yolo7-22, 25800866, car
yolo12-19, 25800866, car
yolo6-22, 25800866, car
yolo5-23, 25800866, car
yolo7-25, 25800866, car
yolo5-23, 24919923, car
yolo7-25, 24919923, car
yolo7-22, 24919923, car
yolo12-19, 24919923, car
yolo6-22, 24919923, car
yolo5-23, 09116124, car
yolo7-22, 09116124, car
yolo6-22, 09116124, car
yolo7-25, 09116124, car
yolo12-19, 09116124, car
yolo5-23, 00636975, car
yolo7-22, 00636975, car
yolo6-22, 00636975, car
yolo12-19, 00636975, car
yolo7-25, 00636975, car
yolo6-22, 93679357, car
yolo7-22, 93679357, car
yolo12-19, 93679357, car
yolo5-23, 93679357, car
yolo7-25, 93679357, car
yolo6-22, 40442748, car
yolo7-25, 40442748, car
yolo5-23, 40442748, car
yolo12-19, 40442748, car
yolo7-22, 40442748, car
yolo7-25, 30718652, car
yolo6-22, 30718652, car
yolo5-23, 30718652, car
yolo12-19, 30718652, car
yolo7-22, 30718652, car
yolo7-22, 04992278, car
yolo5-23, 04992278, car
yolo6-22, 04992278, car
yolo7-25, 04992278, car
yolo12-19, 04992278, car
yolo5-23, 59313538, car
yolo12-19, 59313538, car
yolo6-22, 59313538, car
yolo7-25, 59313538, car
yolo7-22, 59313538, car
yolo6-22, 90937498, car
yolo7-22, 90937498, car
yolo12-19, 90937498, car
yolo5-23, 90937498, car
yolo7-25, 90937498, car
yolo5-23, 75969534, car
yolo7-22, 75969534, car
yolo6-22, 75969534, car
yolo12-19, 75969534, car
yolo7-25, 75969534, car
yolo5-23, 60774770, car
yolo6-22, 60774770, car
yolo7-22, 60774770, car
yolo7-25, 60774770, car
yolo12-19, 60774770, car
yolo7-22, 94893850, car
yolo5-23, 94893850, car
yolo12-19, 94893850, car
yolo7-25, 94893850, car
yolo6-22, 94893850, car
yolo5-23, 62525078, car
yolo7-22, 62525078, car
yolo12-19, 62525078, car
yolo7-25, 62525078, car
yolo6-22, 62525078, car
yolo12-19, 50571260, car
yolo5-23, 50571260, car
yolo6-22, 50571260, car
yolo7-25, 50571260, car
yolo7-22, 50571260, car
yolo5-23, 26589057, car
yolo7-22, 26589057, car
yolo6-22, 26589057, car
yolo12-19, 26589057, car
yolo7-25, 26589057, car
yolo5-23, 12211762, car
yolo6-22, 12211762, car
yolo7-22, 12211762, car
yolo7-25, 12211762, car
yolo12-19, 12211762, car
yolo6-22, 79458673, car
yolo7-25, 79458673, car
yolo5-23, 79458673, car
yolo12-19, 79458673, car
yolo7-22, 79458673, car
yolo7-25, 52144262, car
yolo5-23, 52144262, car
yolo12-19, 52144262, car
yolo7-22, 52144262, car
yolo6-22, 52144262, car
yolo7-22, 63311120, car
yolo12-19, 63311120, car
yolo5-23, 63311120, car
yolo7-25, 63311120, car
yolo6-22, 63311120, car
yolo5-23, 02260655, car
yolo12-19, 02260655, car
yolo7-22, 02260655, car
yolo6-22, 02260655, car
yolo7-25, 02260655, car
yolo6-22, 27882478, car
yolo12-19, 27882478, car
yolo7-25, 27882478, car
yolo5-23, 27882478, car
yolo7-22, 27882478, car
yolo7-22, 31928138, car
yolo12-19, 31928138, car
yolo6-22, 31928138, car
yolo5-23, 31928138, car
yolo7-25, 31928138, car
yolo7-22, 16962537, car
yolo5-23, 16962537, car
yolo12-19, 16962537, car
yolo7-25, 16962537, car
yolo6-22, 16962537, car
yolo12-19, 36584055, car
yolo7-22, 36584055, car
yolo7-25, 36584055, car
yolo6-22, 36584055, car
yolo5-23, 36584055, car
yolo5-23, 12112015, car
yolo7-22, 12112015, car
yolo6-22, 12112015, car
yolo7-25, 12112015, car
yolo12-19, 12112015, car
yolo5-23, 90157972, car
yolo7-22, 90157972, car
yolo6-22, 90157972, car
yolo12-19, 90157972, car
yolo7-25, 90157972, car
yolo7-25, 39211601, car
yolo5-23, 39211601, car
yolo7-22, 39211601, car
yolo6-22, 39211601, car
yolo12-19, 39211601, car
yolo7-25, 77836158, car
yolo7-22, 77836158, car
yolo5-23, 77836158, car
yolo6-22, 77836158, car
yolo12-19, 77836158, car
yolo5-23, 66764912, car
yolo6-22, 66764912, car
yolo12-19, 66764912, car
yolo7-22, 66764912, car
yolo7-25, 66764912, car
yolo5-23, 75159302, car
yolo6-22, 75159302, car
yolo12-19, 75159302, car
yolo7-22, 75159302, car
yolo7-25, 75159302, car
yolo12-19, 15519575, car
yolo7-22, 15519575, car
yolo7-25, 15519575, car
yolo5-23, 15519575, car
yolo6-22, 15519575, car
yolo7-22, 58456384, car
yolo5-23, 58456384, car
yolo12-19, 58456384, car
yolo7-25, 58456384, car
yolo6-22, 58456384, car
yolo7-22, 89072007, car
yolo12-19, 89072007, car
yolo7-25, 89072007, car
yolo5-23, 89072007, car
yolo6-22, 89072007, car
yolo5-23, 46443016, car
yolo7-22, 46443016, car
yolo7-25, 46443016, car
yolo12-19, 46443016, car
yolo6-22, 46443016, car
yolo5-23, 53087243, car
yolo6-22, 53087243, car
yolo7-22, 53087243, car
yolo7-25, 53087243, car
yolo12-19, 53087243, car
yolo7-22, 33957995, car
yolo7-25, 33957995, car
yolo5-23, 33957995, car
yolo6-22, 33957995, car
yolo12-19, 33957995, car
yolo6-22, 76694941, car
yolo12-19, 76694941, car
yolo7-25, 76694941, car
yolo7-22, 76694941, car
yolo5-23, 76694941, car
yolo7-25, 88287224, car
yolo6-22, 88287224, car
yolo7-22, 88287224, car
yolo12-19, 88287224, car
yolo5-23, 88287224, car
yolo7-25, 86904777, car
yolo6-22, 86904777, car
yolo7-22, 86904777, car
yolo12-19, 86904777, car
yolo5-23, 86904777, car
yolo5-23, 20184249, car
yolo7-22, 20184249, car
yolo6-22, 20184249, car
yolo12-19, 20184249, car
yolo7-25, 20184249, car
yolo5-23, 21628015, car
yolo6-22, 21628015, car
yolo7-22, 21628015, car
yolo7-25, 21628015, car
yolo12-19, 21628015, car
yolo12-19, 10309454, car
yolo5-23, 10309454, car
yolo7-22, 10309454, car
yolo7-25, 10309454, car
yolo6-22, 10309454, car
yolo12-19, 18550507, car
yolo7-22, 18550507, car
yolo5-23, 18550507, car
yolo6-22, 18550507, car
yolo7-25, 18550507, car
yolo5-23, 69077095, car
yolo12-19, 69077095, car
yolo7-22, 69077095, car
yolo6-22, 69077095, car
yolo7-25, 69077095, car
yolo5-23, 16570596, car
yolo12-19, 16570596, car
yolo7-25, 16570596, car
yolo7-22, 16570596, car
yolo6-22, 16570596, car
yolo7-22, 07221618, car
yolo6-22, 07221618, car
yolo12-19, 07221618, car
yolo7-25, 07221618, car
yolo5-23, 07221618, car
yolo6-22, 20372456, car
yolo7-22, 20372456, car
yolo5-23, 20372456, car
yolo7-25, 20372456, car
yolo12-19, 20372456, car
yolo7-22, 32288273, car
yolo7-25, 32288273, car
yolo5-23, 32288273, car
yolo12-19, 32288273, car
yolo6-22, 32288273, car

========== Time: 26 ==========
yolo7-22, 73320442, car
yolo5-23, 73320442, car
yolo12-19, 73320442, car
yolo7-25, 73320442, car
yolo6-22, 73320442, car
yolo7-22, 18477984, car
yolo5-23, 18477984, car
yolo12-19, 18477984, car
yolo6-22, 18477984, car
yolo7-25, 18477984, car
yolo7-22, 33059113, car
yolo7-25, 33059113, car
yolo6-22, 33059113, car
yolo12-19, 33059113, car
yolo5-23, 33059113, car
yolo8-edge-17, 41353000, car
yolo7-22, 41353000, car
yolo7-25, 41353000, car
yolo5-23, 41353000, car
yolo6-22, 41353000, car
yolo12-19, 41353000, car
yolo5-23, 26074130, car
yolo6-22, 26074130, car
yolo12-19, 26074130, car
yolo7-25, 26074130, car
yolo7-22, 26074130, car
yolo8-edge-17, 26074130, car
yolo7-25, 30535388, train
yolo5-23, 30535388, train
yolo6-22, 30535388, train
yolo7-22, 30535388, train
yolo12-19, 30535388, train
yolo8-edge-17, 30535388, train
yolo8-edge-17, 43833774, car
yolo5-23, 43833774, car
yolo6-22, 43833774, car
yolo12-19, 43833774, car
yolo7-22, 43833774, car
yolo7-25, 43833774, car
yolo5-23, 36053550, car
yolo7-22, 36053550, car
yolo6-22, 36053550, car
yolo12-19, 36053550, car
yolo7-25, 36053550, car
yolo8-edge-17, 36053550, car
yolo12-19, 40655781, sofa
yolo5-23, 40655781, sofa
yolo7-25, 40655781, sofa
yolo6-22, 40655781, sofa
yolo7-22, 40655781, sofa
yolo8-edge-17, 40655781, sofa
yolo12-19, 66498730, car
yolo5-23, 66498730, car
yolo6-22, 66498730, car
yolo7-22, 66498730, car
yolo7-25, 66498730, car
yolo8-edge-17, 66498730, car
yolo8-edge-17, 69102122, tvmonitor
yolo7-22, 69102122, tvmonitor
yolo7-25, 69102122, tvmonitor
yolo6-22, 69102122, tvmonitor
yolo12-19, 69102122, tvmonitor
yolo5-23, 69102122, tvmonitor
yolo5-23, 43449258, boat
yolo6-22, 43449258, boat
yolo7-25, 43449258, boat
yolo7-22, 43449258, boat
yolo8-edge-17, 43449258, boat
yolo12-19, 43449258, boat
yolo8-edge-17, 43863750, sofa
yolo6-22, 43863750, sofa
yolo5-23, 43863750, sofa
yolo7-22, 43863750, sofa
yolo7-25, 43863750, sofa
yolo12-19, 43863750, sofa
yolo12-19, 22200801, sofa
yolo5-23, 22200801, sofa
yolo7-22, 22200801, sofa
yolo6-22, 22200801, sofa
yolo8-edge-17, 22200801, sofa
yolo7-25, 22200801, sofa
yolo7-25, 14419972, car
yolo5-23, 14419972, car
yolo12-19, 14419972, car
yolo7-22, 14419972, car
yolo6-22, 14419972, car
yolo8-edge-17, 14419972, car
yolo12-19, 95384238, boat
yolo7-22, 95384238, boat
yolo7-25, 95384238, boat
yolo5-23, 95384238, boat
yolo6-22, 95384238, boat

========== Time: 27 ==========
yolo8-edge-17, 95384238, boat
yolo7-25, 11845064, sofa
yolo7-22, 11845064, sofa
yolo6-22, 11845064, sofa
yolo5-23, 11845064, sofa
yolo12-19, 11845064, sofa
yolo8-edge-17, 11845064, sofa
yolo5-23, 16872861, sofa
yolo7-22, 16872861, sofa
yolo7-25, 16872861, sofa
yolo6-22, 16872861, sofa
yolo12-19, 16872861, sofa
yolo8-edge-17, 16872861, sofa
yolo6-22, 25358376, aeroplane
yolo7-22, 25358376, aeroplane
yolo12-19, 25358376, aeroplane
yolo5-23, 25358376, aeroplane
yolo7-25, 25358376, aeroplane
yolo8-edge-17, 25358376, aeroplane
yolo6-22, 49119295, train
yolo12-19, 49119295, train
yolo5-23, 49119295, train
yolo7-22, 49119295, train
yolo7-25, 49119295, train
yolo8-edge-17, 49119295, train
yolo5-23, 74215064, car
yolo6-22, 74215064, car
yolo7-25, 74215064, car
yolo12-19, 74215064, car
yolo7-22, 74215064, car
yolo8-edge-17, 74215064, car
yolo8-edge-17, 06069136, car
yolo7-25, 06069136, car
yolo12-19, 06069136, car
yolo6-22, 06069136, car
yolo7-22, 06069136, car
yolo5-23, 06069136, car
yolo6-22, 17478731, car
yolo12-19, 17478731, car
yolo7-25, 17478731, car
yolo5-23, 17478731, car
yolo8-edge-17, 17478731, car
yolo7-22, 17478731, car
yolo12-19, 79311561, sofa
yolo7-25, 79311561, sofa
yolo7-22, 79311561, sofa
yolo6-22, 79311561, sofa
yolo8-edge-17, 79311561, sofa
yolo7-22, 44391963, boat
yolo7-25, 44391963, boat
yolo12-19, 44391963, boat
yolo6-22, 44391963, boat
yolo8-edge-17, 44391963, boat
yolo7-22, 13643735, car
yolo7-25, 13643735, car
yolo6-22, 13643735, car
yolo12-19, 13643735, car
yolo8-edge-17, 13643735, car
yolo7-25, 85485138, car
yolo12-19, 85485138, car
yolo6-22, 85485138, car
yolo7-22, 85485138, car
yolo8-edge-17, 85485138, car
yolo7-25, 72622716, car
yolo6-22, 72622716, car
yolo12-19, 72622716, car
yolo7-22, 72622716, car
yolo8-edge-17, 72622716, car
yolo7-25, 69807420, car
yolo6-22, 69807420, car
yolo7-22, 69807420, car
yolo12-19, 69807420, car
yolo8-edge-17, 69807420, car
yolo12-19, 71396318, car
yolo7-22, 71396318, car
yolo6-22, 71396318, car
yolo7-25, 71396318, car
yolo12-19, 80272059, car
yolo8-edge-17, 71396318, car
yolo7-25, 80272059, car
yolo6-22, 80272059, car
yolo7-22, 80272059, car
yolo6-22, 45542786, car
yolo12-19, 45542786, car
yolo7-25, 45542786, car
yolo7-22, 45542786, car
yolo8-edge-17, 80272059, car
yolo12-19, 30317894, car
yolo6-22, 30317894, car
yolo7-25, 30317894, car
yolo7-22, 30317894, car
yolo8-edge-17, 45542786, car
yolo8-edge-17, 30317894, car
yolo7-25, 68924997, car
yolo7-22, 68924997, car
yolo12-19, 68924997, car
yolo6-22, 68924997, car
yolo7-22, 91940178, car
yolo7-25, 91940178, car
yolo12-19, 91940178, car
yolo6-22, 91940178, car
yolo8-edge-17, 68924997, car
yolo7-22, 04933767, car
yolo7-25, 04933767, car
yolo6-22, 04933767, car
yolo12-19, 04933767, car
yolo8-edge-17, 91940178, car
yolo8-edge-17, 04933767, car
yolo6-22, 52210963, car
yolo12-19, 52210963, car
yolo7-25, 52210963, car
yolo7-22, 52210963, car
yolo6-22, 33232873, car

========== Time: 28 ==========
yolo7-25, 33232873, car
yolo7-22, 33232873, car
yolo12-19, 33232873, car
yolo8-edge-17, 52210963, car
yolo12-19, 23784899, car
yolo7-25, 23784899, car
yolo7-22, 23784899, car
yolo6-22, 23784899, car
yolo8-edge-17, 33232873, car
yolo7-22, 80568560, car
yolo7-25, 80568560, car
yolo12-19, 80568560, car
yolo6-22, 80568560, car
yolo6-22, 30158853, car
yolo8-edge-17, 23784899, car
yolo7-22, 30158853, car
yolo12-19, 30158853, car
yolo7-25, 30158853, car
yolo8-edge-17, 80568560, car
yolo12-19, 22399208, car
yolo7-25, 22399208, car
yolo7-22, 22399208, car
yolo6-22, 22399208, car
yolo8-edge-17, 30158853, car
yolo7-22, 61749504, car
yolo12-19, 61749504, car
yolo7-25, 61749504, car
yolo6-22, 61749504, car
yolo8-edge-17, 22399208, car
yolo7-25, 09662205, car
yolo7-22, 09662205, car
yolo6-22, 09662205, car
yolo12-19, 09662205, car
yolo8-edge-17, 61749504, car
yolo7-22, 39981907, car
yolo7-25, 39981907, car
yolo6-22, 39981907, car
yolo12-19, 39981907, car
yolo8-edge-17, 09662205, car
yolo12-19, 25318075, car
yolo7-22, 25318075, car
yolo6-22, 25318075, car
yolo7-22, 44581688, car
yolo8-edge-17, 39981907, car
yolo6-22, 44581688, car

========== Time: 29 ==========
yolo7-22, 09817180, car
yolo6-22, 09817180, car
yolo8-edge-17, 25318075, car
yolo7-22, 70210356, car
yolo6-22, 70210356, car
yolo8-edge-17, 44581688, car
yolo7-22, 00949901, car
yolo6-22, 00949901, car
yolo8-edge-17, 09817180, car
yolo6-22, 89861773, car
yolo7-22, 89861773, car
yolo8-edge-17, 70210356, car
yolo7-22, 76457412, car
yolo6-22, 76457412, car
yolo5-27, 44581688, car
yolo8-edge-17, 00949901, car
yolo5-27, 09817180, car
yolo7-22, 81514674, car
yolo6-22, 81514674, car
yolo5-27, 70210356, car
yolo5-27, 00949901, car
yolo8-edge-17, 89861773, car
yolo5-27, 89861773, car
yolo7-22, 18271785, car
yolo6-22, 18271785, car
yolo5-27, 76457412, car
yolo8-edge-17, 76457412, car
yolo5-27, 81514674, car
yolo7-22, 29890906, car
yolo6-22, 29890906, car
yolo8-edge-17, 81514674, car
yolo5-27, 18271785, car
yolo7-22, 09698584, car
yolo5-27, 29890906, car
yolo8-edge-17, 18271785, car
yolo5-27, 09698584, car
yolo7-22, 80823297, car
yolo5-27, 80823297, car
yolo8-edge-17, 29890906, car
yolo5-27, 85408775, car
yolo7-22, 85408775, car
yolo8-edge-17, 09698584, car
yolo5-27, 92651534, car
yolo7-22, 92651534, car
yolo8-edge-17, 80823297, car
yolo7-22, 71386193, car
yolo5-27, 71386193, car
yolo8-edge-17, 85408775, car
yolo5-27, 03924981, car
yolo7-22, 03924981, car
yolo8-edge-17, 92651534, car
yolo7-22, 89558799, car
yolo5-27, 89558799, car

========== Time: 30 ==========
yolo8-edge-17, 71386193, car
yolo5-27, 08338706, car
yolo7-22, 08338706, car
yolo8-edge-17, 03924981, car
yolo7-22, 00041000, car
yolo5-27, 00041000, car
yolo8-edge-17, 89558799, car
yolo7-22, 20417247, car
yolo5-27, 20417247, car
yolo8-edge-17, 08338706, car
yolo7-22, 87066855, car
yolo5-27, 87066855, car
yolo8-edge-17, 00041000, car
yolo7-22, 73868130, car
yolo5-27, 73868130, car
yolo8-edge-17, 20417247, car
yolo7-22, 00904095, car
yolo5-27, 00904095, car
yolo8-edge-17, 87066855, car
yolo7-29, 00904095, car
yolo8-edge-17, 73868130, car
yolo5-27, 07425878, car
yolo7-29, 07425878, car
yolo7-22, 07425878, car
yolo5-27, 48924944, car
yolo8-edge-17, 00904095, car
yolo7-29, 48924944, car
yolo5-29, 48924944, car
yolo8-edge-17, 07425878, car
yolo7-29, 54640915, car
yolo5-29, 54640915, car
yolo5-27, 54640915, car
yolo8-edge-17, 48924944, car
yolo5-27, 63323391, car
yolo7-29, 63323391, car
yolo5-29, 63323391, car
yolo8-edge-17, 54640915, car
yolo7-29, 06475620, car
yolo5-27, 06475620, car
yolo5-29, 06475620, car
yolo8-edge-17, 63323391, car
yolo7-29, 28938852, car
yolo5-27, 28938852, car
yolo5-29, 28938852, car
yolo8-edge-17, 06475620, car
yolo5-29, 32681771, car
yolo5-27, 32681771, car
yolo7-29, 32681771, car
yolo8-edge-17, 28938852, car
yolo7-29, 15033819, car
yolo5-27, 15033819, car
yolo5-29, 15033819, car
yolo8-edge-17, 32681771, car
yolo7-29, 28231664, car
yolo5-27, 28231664, car
yolo5-29, 28231664, car
yolo8-edge-17, 15033819, car
yolo7-29, 20336639, car
yolo5-27, 20336639, car
yolo5-29, 20336639, car
yolo8-edge-17, 28231664, car
yolo5-27, 53254160, car
yolo7-29, 53254160, car
yolo5-29, 53254160, car
yolo8-edge-17, 20336639, car
yolo5-27, 78463035, car
yolo5-29, 78463035, car
yolo8-edge-17, 53254160, car
yolo7-29, 78463035, car
yolo8-edge-17, 78463035, car
