num: 50 running time:25 bandwidth:5000
**time: 0
Allocate Bandwidth: 5000.0
========Allocate Done=============
audio11-0 0.3079624162984417 212.7659574468085 0.2
audio3-0 0.6356687516586326 438.0968336404758 0.34
audio7-0 1.2167688333196403 837.6612497905846 0.9
audio8-0 1.094944916828863 753.8951248115262 0.9
yolo1-0 3.3182531154228845 588.8758586027809 0.99
yolo10-0 3.3234625717312194 447.3111073881722 0.99
yolo11-0 1.4456707066443533 74.55185123136202 0.99
yolo2-0 3.3169951324624036 830.95995979226 0.99
yolo4-0 3.3150970297232965 605.6290835985926 0.99
yolo7-0 3.317995192855296 210.25297369743674 0.99
Sum of bandwidth: 5000.0
Sum weights: 5.969
Average accuracy: 0.8707823756073044
time: 0.05040597915649414
**time: 1
Allocate Bandwidth: 5000.0
========Allocate Done=============
audio11-0 0.3079624162984417 212.7659574468085 0.2
audio3-0 0.6356687516586326 438.0968336404758 0.34
audio7-0 1.2167688333196403 837.6612497905846 0.9
audio8-0 1.094944916828863 753.8951248115262 0.9
yolo1-0 3.3182531154228845 588.8758586027809 0.99
yolo10-0 3.3234625717312194 447.3111073881722 0.99
yolo11-0 1.4456707066443533 74.55185123136202 0.99
yolo2-0 3.3169951324624036 830.95995979226 0.99
yolo4-0 3.3150970297232965 605.6290835985926 0.99
yolo7-0 3.317995192855296 210.25297369743674 0.99
Sum of bandwidth: 5000.0
Sum weights: 5.969
Average accuracy: 0.8707823756073044
time: 0.0019333362579345703
**time: 2
Allocate Bandwidth: 5000.0
========Allocate Done=============
audio11-0 0.2552719636766661 176.53600222407562 0.2
audio12-1 0.6373530172597129 439.2549346677787 0.34
audio3-0 0.5271762055122207 363.49735891020293 0.3
audio7-0 1.009326106462256 695.0236308034473 0.9
audio8-0 0.9082464626572174 625.5212677231026 0.84
yolo1-0 3.310321470288127 488.60161245482345 0.99
yolo10-0 3.330816406782068 371.1426188490409 0.99
yolo11-0 1.1171641763424718 61.857103141506805 0.99
yolo2-0 3.3180057247296793 689.4634417570197 0.99
yolo3-1 3.3178350366355858 409.36891854323045 0.99
yolo4-0 3.3154355747002047 502.5020850708924 0.99
yolo5-1 -0.02021998032906746 2.085070892410342 0.525
yolo6-1 -0.042092844019521486 0.6950236308034473 0.525
yolo7-0 3.317626960485493 174.4509313316653 0.99
Sum of bandwidth: 5000.0
Sum weights: 7.194
Average accuracy: 0.8233069224353627
time: 0.0021953582763671875
**time: 3
Allocate Bandwidth: 5000.0
========Allocate Done=============
audio10-2 0.014335002717058544 10.867747868249454 0.2
audio11-0 0.3073415848363719 212.33907373348933 0.2
audio12-1 0.7669120746334692 528.3397425179735 0.42
audio3-0 0.6343904254591739 437.21785654572807 0.34
audio3-2 0.6343904254591739 437.21785654572807 0.34
audio7-0 1.2143246149650349 835.980605249958 0.9
audio8-0 1.0927451203097183 752.3825447249623 0.9
yolo1-0 3.3160516546809875 587.6943654907204 0.99
yolo3-1 3.3179137129118823 492.3925764922252 0.99
yolo3-2 3.3179137129118823 492.3925764922252 0.99
yolo5-1 -0.013537474315527988 2.507941815749874 0.525
yolo6-1 -0.03988132999390158 0.835980605249958 0.525
yolo7-0 3.3184155102281907 209.83113191773947 0.99
Sum of bandwidth: 4999.999999999999
Sum weights: 5.981000000000002
Average accuracy: 0.7519244273532851
time: 0.0020036697387695312
**time: 4
Allocate Bandwidth: 5000.0
========Allocate Done=============
audio10-2 0.010121538979537312 7.970570202329856 0.2
audio12-1 0.5620729144708986 387.49233599018993 0.31
audio3-0 0.46487953817274297 320.6621704475781 0.27
audio3-2 0.46487953817274297 320.6621704475781 0.27
audio7-0 0.8902120197710942 613.1207847946043 0.74
audio8-0 0.8010437846351715 551.8087063151439 0.57
audio8-3 0.8010437846351715 551.8087063151439 0.57
yolo1-0 3.317936782918777 431.0239117106068 0.99
yolo3-1 3.3173574134838377 361.12814224402194 0.99
yolo3-2 3.3173574134838377 361.12814224402194 0.99
yolo3-3 3.3173574134838377 361.12814224402194 0.99
yolo5-1 -0.024096703112624948 1.8393623543838131 0.525
yolo6-1 -0.04337717269065582 0.6131207847946043 0.525
yolo7-0 3.318754823524961 153.8933169834457 0.99
yolo8-3 3.3156544039537708 575.7204169221334 0.99
Sum of bandwidth: 4999.999999999997
Sum weights: 8.155000000000003
Average accuracy: 0.7201030042918453
time: 0.0025365352630615234
**time: 5
Allocate Bandwidth: 5000.0
========Allocate Done=============
audio10-2 0.0065401509539695975 5.508007795949496 0.2
audio10-5 0.0065401509539695975 5.508007795949496 0.2
audio11-5 0.15504217346524946 107.61799847470553 0.2
audio12-1 0.3879623581509913 267.77391746462166 0.25
audio3-0 0.320797542990288 221.59139056012202 0.2
audio3-2 0.320797542990288 221.59139056012202 0.2
audio4-4 0.14518311802881595 100.83891195661384 0.2
audio7-0 0.6147206331889622 423.69290738073045 0.32
audio8-0 0.5531015367112527 381.3236166426574 0.31
audio8-3 0.5531015367112527 381.3236166426574 0.31
yolo1-0 3.317128482802031 297.8561138886535 0.99
yolo10-4 3.3175747047140787 226.25201254131008 0.99
yolo10-5 3.3175747047140787 226.25201254131008 0.99
yolo12-4 3.317511431621179 228.79416998559446 0.99
yolo12-5 3.317511431621179 228.79416998559446 0.99
yolo2-4 3.316087791529945 420.3033641216846 0.99
yolo3-1 3.318107460348387 249.55512244725023 0.99
yolo3-2 3.318107460348387 249.55512244725023 0.99
yolo3-3 3.318107460348387 249.55512244725023 0.99
yolo5-1 -0.03304574617819873 1.2710787221421913 0.525
yolo6-1 -0.04634573631884808 0.42369290738073045 0.525
yolo6-5 -0.04634573631884808 0.42369290738073045 0.525
yolo7-0 2.9253609546005026 106.34691975256334 0.99
yolo8-3 3.3168530366311164 397.8476400305059 0.99
Sum of bandwidth: 5000.0
Sum weights: 11.801
Average accuracy: 0.684977967968816
time: 0.006166934967041016
**time: 6
Allocate Bandwidth: 5000.0
========Allocate Done=============
audio10-2 0.005554391937121764 4.830199895964925 0.2
audio10-5 0.005554391937121764 4.830199895964925 0.2
audio11-5 0.1357819588283764 94.3746748903916 0.2
audio12-1 0.3400393044088505 234.82202571152558 0.2
audio12-6 0.3400393044088505 234.82202571152558 0.2
audio3-2 0.28113969946633277 194.32265735305043 0.2
audio3-5 0.28113969946633277 194.32265735305043 0.2
audio4-4 0.12713614525883252 88.42981347997323 0.2
audio6-5 0.032572559341946375 23.40789180352233 0.2
audio7-0 0.5388930165083595 371.55383815114806 0.3
audio8-0 0.4848566816987103 334.39845433603324 0.27
audio8-3 0.4848566816987103 334.39845433603324 0.27
yolo1-0 3.3050623402502013 261.2023482202571 0.99
yolo10-4 3.313410129537476 198.40974957271308 0.99
yolo10-5 3.313410129537476 198.40974957271308 0.99
yolo12-4 3.3161821849131794 200.63907260161997 0.99
yolo12-5 3.3161821849131794 200.63907260161997 0.99
yolo2-4 3.3256665008053123 368.58140744593885 0.99
yolo3-1 3.316521114344202 218.8452106710262 0.99
yolo3-2 3.316521114344202 218.8452106710262 0.99
yolo3-3 3.316521114344202 218.8452106710262 0.99
yolo5-1 -0.035504733868690574 1.1146615144534442 0.525
yolo6-1 -0.04716235890063265 0.37155383815114806 0.525
yolo6-5 -0.04716235890063265 0.37155383815114806 0.525
yolo7-0 2.0795784686303107 93.26001337593816 0.99
yolo7-5 2.0795784686303107 93.26001337593816 0.99
yolo8-3 3.3149320708637453 348.889054023928 0.99
yolo9-5 3.3160164424455667 263.8032250873151 0.99
Sum of bandwidth: 4999.999999999998
Sum weights: 13.457
Average accuracy: 0.6725284238686183
time: 0.005989551544189453
**time: 7
Allocate Bandwidth: 5000.0
========Allocate Done=============
audio10-2 0.005256945986543459 4.625676060347282 0.2
audio10-5 0.005256945986543459 4.625676060347282 0.2
audio10-7 0.005256945986543459 4.625676060347282 0.2
audio11-5 0.12997032256323104 90.37859379447767 0.2
audio12-1 0.3255788551191975 224.87902077996017 0.2
audio12-6 0.3255788551191975 224.87902077996017 0.2
audio3-5 0.2691732200699902 186.0945061201253 0.2
audio4-4 0.12169059631747584 84.68545402789638 0.2
audio6-5 0.031131090504528433 22.41673783091375 0.2
audio8-0 0.46426426973559687 320.23911187019644 0.27
audio8-3 0.46426426973559687 320.23911187019644 0.27
audio9-7 0.07977448219834019 55.863933959578716 0.2
yolo1-0 3.317659616847859 250.14232849416453 0.99
yolo1-7 3.317659616847859 250.14232849416453 0.99
yolo10-4 3.3199759996414406 190.0085397096499 0.99
yolo10-5 3.3199759996414406 190.0085397096499 0.99
yolo10-7 3.3199759996414406 190.0085397096499 0.99
yolo12-4 3.3184429003487836 192.14346712211787 0.99
yolo12-5 3.3184429003487836 192.14346712211787 0.99
yolo2-4 3.317728060704587 352.97466552803877 0.99
yolo3-1 3.3162861136194306 209.578707657273 0.99
yolo3-2 3.3162861136194306 209.578707657273 0.99
yolo3-3 3.3162861136194306 209.578707657273 0.99
yolo5-1 -0.03624636230838261 1.0674637062339882 0.525
yolo6-1 -0.04740873018601441 0.3558212354113294 0.525
yolo6-5 -0.04740873018601441 0.3558212354113294 0.525
yolo6-7 -0.04740873018601441 0.3558212354113294 0.525
yolo7-0 1.9216028627116382 89.31113008824367 0.99
yolo7-5 1.9216028627116382 89.31113008824367 0.99
yolo8-3 3.31480841023729 334.1161400512383 0.99
yolo9-5 3.312744203025384 252.63307714204385 0.99
yolo9-7 3.312744203025384 252.63307714204385 0.99
Sum of bandwidth: 4999.999999999999
Sum weights: 14.052
Average accuracy: 0.754886848847139
time: 0.029564857482910156
**time: 8
Allocate Bandwidth: 5000.0
========Allocate Done=============
audio10-2 0.0035929627064227175 3.4815211569362603 0.2
audio10-5 0.0035929627064227175 3.4815211569362603 0.2
audio10-7 0.0035929627064227175 3.4815211569362603 0.2
audio11-5 0.09745864924394887 68.02356722013924 0.2
audio11-8 0.09745864924394887 68.02356722013924 0.2
audio12-1 0.24468366796255836 169.25549009105512 0.2
audio12-6 0.24468366796255836 169.25549009105512 0.2
audio2-8 0.18937691489895372 131.22656668452058 0.2
audio3-5 0.2022298927235942 140.0642742367434 0.2
audio4-4 0.09122690241988073 63.73861810390999 0.2
audio6-5 0.023067171531635608 16.871987145152644 0.2
audio6-8 0.023067171531635608 16.871987145152644 0.2
audio7-8 0.38801384491612523 267.8093197643277 0.25
audio8-0 0.34906542726569945 241.02838778789496 0.2
audio8-3 0.34906542726569945 241.02838778789496 0.2
audio8-8 0.34906542726569945 241.02838778789496 0.2
audio9-7 0.05967868412303584 42.04606320299945 0.2
yolo1-0 3.3182637454254365 188.26995179432237 0.99
yolo1-7 3.3182637454254365 188.26995179432237 0.99
yolo10-4 3.3189702150595695 143.01017675415102 0.99
yolo10-5 3.3189702150595695 143.01017675415102 0.99
yolo10-7 3.3189702150595695 143.01017675415102 0.99
yolo12-5 3.317382715304634 144.61703267273697 0.99
yolo2-4 3.3183240367391487 265.6668452062131 0.99
yolo2-8 3.3183240367391487 265.6668452062131 0.99
yolo3-1 3.312068405967572 157.739689341189 0.99
yolo3-2 3.312068405967572 157.739689341189 0.99
yolo3-3 3.312068405967572 157.739689341189 0.99
yolo6-1 -0.048786657111272794 0.2678093197643277 0.525
yolo6-5 -0.048786657111272794 0.2678093197643277 0.525
yolo6-7 -0.048786657111272794 0.2678093197643277 0.525
yolo7-0 1.2495703621871395 67.22013926084625 0.99
yolo7-5 1.2495703621871395 67.22013926084625 0.99
yolo8-3 3.3163270230441273 251.47295125870372 0.99
yolo8-8 3.3163270230441273 251.47295125870372 0.99
yolo9-5 3.326236272757134 190.14461703267267 0.99
yolo9-7 3.326236272757134 190.14461703267267 0.99
audio3-edge-0 1.0 140.0642742367434 0.9
Sum of bandwidth: 4999.999999999998
Sum weights: 18.670000000000005
Average accuracy: 0.6919809855382965
time: 0.3829529285430908
**time: 9
Allocate Bandwidth: 5000.0
========Allocate Done=============
audio10-2 0.0027930384781348246 2.9314932575655055 0.2
audio10-5 0.0027930384781348246 2.9314932575655055 0.2
audio10-7 0.0027930384781348246 2.9314932575655055 0.2
audio11-5 0.08182936047586235 57.27686826320296 0.2
audio11-8 0.08182936047586235 57.27686826320296 0.2
audio12-1 0.20579504394117776 142.51567221395382 0.2
audio12-6 0.20579504394117776 142.51567221395382 0.2
audio2-8 0.1592259247557947 110.49474586208444 0.2
audio3-5 0.17004832569324288 117.9362287466738 0.2
audio4-4 0.07658213577891779 53.66887656158387 0.2
audio4-9 0.07658213577891779 53.66887656158387 0.2
audio6-5 0.019190615656086596 14.206467325125143 0.2
audio6-8 0.019190615656086596 14.206467325125143 0.2
audio7-8 0.32648121197090274 225.49948135119274 0.2
audio8-0 0.2936860576149992 202.94953321607346 0.2
audio8-3 0.2936860576149992 202.94953321607346 0.2
audio8-8 0.2936860576149992 202.94953321607346 0.2
audio9-7 0.05001806075063592 35.40341857213726 0.2
yolo1-0 3.3120256711251175 158.52613538988848 0.99
yolo1-7 3.3120256711251175 158.52613538988848 0.99
yolo10-4 3.318042634117943 120.41672304153693 0.99
yolo10-5 3.318042634117943 120.41672304153693 0.99
yolo10-7 3.318042634117943 120.41672304153693 0.99
yolo12-5 3.317611249946657 121.76971992964408 0.99
yolo2-4 3.311777452152808 223.6954855003832 0.99
yolo2-8 3.311777452152808 223.6954855003832 0.99
yolo2-9 3.311777452152808 223.6954855003832 0.99
yolo3-1 3.317465797109544 132.81919451585253 0.99
yolo3-2 3.317465797109544 132.81919451585253 0.99
yolo3-3 3.317465797109544 132.81919451585253 0.99
yolo3-9 3.317465797109544 132.81919451585253 0.99
yolo4-9 3.3178858955299244 163.03612501691234 0.99
yolo6-1 -0.04944886520593362 0.22549948135119274 0.525
yolo6-5 -0.04944886520593362 0.22549948135119274 0.525
yolo6-7 -0.04944886520593362 0.22549948135119274 0.525
yolo7-0 0.9946943639551648 56.60036981914938 0.99
yolo7-5 0.9946943639551648 56.60036981914938 0.99
yolo7-9 0.9946943639551648 56.60036981914938 0.99
yolo8-3 3.317737051256221 211.74401298876998 0.99
yolo8-8 3.317737051256221 211.74401298876998 0.99
yolo9-5 3.311227488777484 160.10463175934683 0.99
yolo9-7 3.311227488777484 160.10463175934683 0.99
yolo9-9 3.311227488777484 160.10463175934683 0.99
audio3-edge-0 1.0 117.9362287466738 0.9
Sum of bandwidth: 4999.9999999999945
Sum weights: 22.173000000000016
Average accuracy: 0.7283288233437056
time: 0.07585835456848145
**time: 10
Allocate Bandwidth: 5000.0
========Allocate Done=============
audio10-2 0.002437713576171322 2.687171854975401 0.2
audio10-7 0.002437713576171322 2.687171854975401 0.2
audio11-5 0.07488685854519084 52.50320393567322 0.2
audio11-8 0.07488685854519084 52.50320393567322 0.2
audio12-1 0.18852078716879822 130.63789325726566 0.2
audio12-6 0.18852078716879822 130.63789325726566 0.2
audio2-8 0.14583290922024728 101.28570837984203 0.2
audio4-4 0.07007695680450904 49.195915498780415 0.2
audio4-9 0.07007695680450904 49.195915498780415 0.2
audio6-8 0.017468656515801928 13.022448220265405 0.2
audio7-8 0.2991485272044795 206.70552730580008 0.2
audio8-0 0.26908664132521826 186.03497457522008 0.2
audio8-10 0.26908664132521826 186.03497457522008 0.2
audio8-3 0.26908664132521826 186.03497457522008 0.2
audio8-8 0.26908664132521826 186.03497457522008 0.2
audio9-7 0.04572682924230747 32.452767787010615 0.2
yolo1-10 3.3181011333728354 145.31398569597744 0.99
yolo1-7 3.3181011333728354 145.31398569597744 0.99
yolo10-4 3.3179407641550482 110.38075158129725 0.99
yolo10-5 3.3179407641550482 110.38075158129725 0.99
yolo10-7 3.3179407641550482 110.38075158129725 0.99
yolo12-5 3.318056092817528 111.62098474513205 0.99
yolo2-10 3.317569624458738 205.05188308735367 0.99
yolo2-4 3.317569624458738 205.05188308735367 0.99
yolo2-8 3.317569624458738 205.05188308735367 0.99
yolo2-9 3.317569624458738 205.05188308735367 0.99
yolo3-1 3.3180186773952274 121.74955558311623 0.99
yolo3-2 3.3180186773952274 121.74955558311623 0.99
yolo3-3 3.3180186773952274 121.74955558311623 0.99
yolo3-9 3.3180186773952274 121.74955558311623 0.99
yolo4-10 3.3174284665159703 149.44809624209344 0.99
yolo4-9 3.3174284665159703 149.44809624209344 0.99
yolo6-1 -0.04974297508167513 0.20670552730580008 0.525
yolo6-5 -0.04974297508167513 0.20670552730580008 0.525
yolo6-7 -0.04974297508167513 0.20670552730580008 0.525
yolo7-0 0.8900462798162985 51.88308735375582 0.99
yolo7-5 0.8900462798162985 51.88308735375582 0.99
yolo7-9 0.8900462798162985 51.88308735375582 0.99
yolo8-3 3.318510658710417 194.09649014014627 0.99
yolo8-8 3.318510658710417 194.09649014014627 0.99
yolo9-10 3.3170756501451786 146.76092438711805 0.99
yolo9-5 3.3170756501451786 146.76092438711805 0.99
yolo9-9 3.3170756501451786 146.76092438711805 0.99
audio3-edge-0 1.0 108.10699078093344 0.9
Sum of bandwidth: 5000.0
Sum weights: 24.18900000000001
Average accuracy: 0.7403069577080487
time: 0.012669086456298828
**time: 11
Allocate Bandwidth: 5000.0
========Allocate Done=============
audio10-11 0.002326579866233289 2.6107563160220097 0.2
audio10-2 0.002326579866233289 2.6107563160220097 0.2
audio10-7 0.002326579866233289 2.6107563160220097 0.2
audio11-11 0.07271547682794004 51.01016186689158 0.2
audio11-5 0.07271547682794004 51.01016186689158 0.2
audio11-8 0.07271547682794004 51.01016186689158 0.2
audio12-1 0.1831179791164262 126.92292244045464 0.2
audio12-11 0.1831179791164262 126.92292244045464 0.2
audio12-6 0.1831179791164262 126.92292244045464 0.2
audio2-11 0.14164402323027528 98.40543037313729 0.2
audio2-8 0.14164402323027528 98.40543037313729 0.2
audio3-11 0.15128233692212728 105.03273486765471 0.2
audio4-4 0.06804235503795121 47.79692332409526 0.2
audio4-9 0.06804235503795121 47.79692332409526 0.2
audio5-11 0.06336923324796238 44.58368478129894 0.2
audio7-11 0.2905997802861693 200.82740892477 0.2
audio7-8 0.2905997802861693 200.82740892477 0.2
audio8-0 0.2613927690987391 180.744668032293 0.2
audio8-10 0.2613927690987391 180.744668032293 0.2
audio8-8 0.2613927690987391 180.744668032293 0.2
audio9-7 0.04438467597613277 31.52990320118889 0.2
yolo1-10 3.3184570522592534 141.1816684741133 0.99
yolo1-7 3.3184570522592534 141.1816684741133 0.99
yolo10-4 3.073444135903666 107.24183636582718 0.99
yolo10-5 3.073444135903666 107.24183636582718 0.99
yolo10-7 3.073444135903666 107.24183636582718 0.99
yolo11-11 0.2391054955199005 17.87363939430453 0.64
yolo12-5 3.3180748947284644 108.44680081937581 0.99
yolo2-10 3.318057354045291 199.22078965337184 0.99
yolo2-4 3.318057354045291 199.22078965337184 0.99
yolo2-8 3.318057354045291 199.22078965337184 0.99
yolo2-9 3.318057354045291 199.22078965337184 0.99
yolo3-1 3.3178512304148855 118.28734385668952 0.99
yolo3-3 3.3178512304148855 118.28734385668952 0.99
yolo3-9 3.3178512304148855 118.28734385668952 0.99
yolo4-10 3.3180109650582286 145.1982166526087 0.99
yolo4-9 3.3180109650582286 145.1982166526087 0.99
yolo6-7 -0.04983495751181967 0.20082740892477 0.525
yolo7-5 0.8582297449957386 50.40767964011727 0.99
yolo7-9 0.8582297449957386 50.40767964011727 0.99
yolo8-3 3.3181105921046443 188.57693698035902 0.99
yolo8-8 3.3181105921046443 188.57693698035902 0.99
yolo9-10 3.322826717467533 142.5874603365867 0.99
yolo9-9 3.322826717467533 142.5874603365867 0.99
audio3-edge-0 1.0 105.03273486765471 0.9
Sum of bandwidth: 4999.999999999997
Sum weights: 24.897000000000006
Average accuracy: 0.6773063019640918
time: 0.05385184288024902
**time: 12
Allocate Bandwidth: 5000.0
========Allocate Done=============
audio1-12 0.015902257840994145 11.945392491467574 0.2
audio10-11 0.0017560064487051952 2.218430034129692 0.2
audio10-2 0.0017560064487051952 2.218430034129692 0.2
audio10-7 0.0017560064487051952 2.218430034129692 0.2
audio11-11 0.06156735005469881 43.344709897610905 0.2
audio11-5 0.06156735005469881 43.344709897610905 0.2
audio11-8 0.06156735005469881 43.344709897610905 0.2
audio12-1 0.15537933297198342 107.8498293515358 0.2
audio12-11 0.15537933297198342 107.8498293515358 0.2
audio12-6 0.15537933297198342 107.8498293515358 0.2
audio2-11 0.12013779441575481 83.617747440273 0.2
audio2-8 0.12013779441575481 83.617747440273 0.2
audio3-11 0.12832772943234316 89.24914675767916 0.2
audio4-4 0.057596472470898406 40.614334470989746 0.2
audio4-9 0.057596472470898406 40.614334470989746 0.2
audio5-11 0.053625594887098 37.88395904436859 0.2
audio6-12 0.014164998898081467 10.750853242320815 0.2
audio7-11 0.24670951739939276 170.64846416382247 0.2
audio7-8 0.24670951739939276 170.64846416382247 0.2
audio8-0 0.22189153250064025 153.58361774744023 0.2
audio8-10 0.22189153250064025 153.58361774744023 0.2
audio8-8 0.22189153250064025 153.58361774744023 0.2
audio9-12 0.03749390470290886 26.79180887372013 0.2
audio9-7 0.03749390470290886 26.79180887372013 0.2
yolo1-10 3.3173527017256768 119.9658703071672 0.99
yolo1-7 3.3173527017256768 119.9658703071672 0.99
yolo10-12 1.9918788239878238 91.1262798634812 0.99
yolo10-4 1.9918788239878238 91.1262798634812 0.99
yolo10-5 1.9918788239878238 91.1262798634812 0.99
yolo10-7 1.9918788239878238 91.1262798634812 0.99
yolo11-11 0.1934697306644211 15.187713310580198 0.525
yolo12-12 2.033214894730361 92.15017064846414 0.99
yolo12-5 2.033214894730361 92.15017064846414 0.99
yolo2-10 3.3178505518247756 169.2832764505119 0.99
yolo2-4 3.3178505518247756 169.2832764505119 0.99
yolo2-8 3.3178505518247756 169.2832764505119 0.99
yolo2-9 3.3178505518247756 169.2832764505119 0.99
yolo3-1 2.4409190594338703 100.51194539249143 0.99
yolo3-12 2.4409190594338703 100.51194539249143 0.99
yolo3-3 2.4409190594338703 100.51194539249143 0.99
yolo3-9 2.4409190594338703 100.51194539249143 0.99
yolo4-10 3.3197875318955274 123.37883959044363 0.99
yolo4-9 3.3197875318955274 123.37883959044363 0.99
yolo5-12 -0.04496303932663999 0.5119453924914674 0.525
yolo6-7 -0.050307166472091436 0.17064846416382248 0.525
yolo7-5 0.7009640984137522 42.83276450511944 0.955
yolo7-9 0.7009640984137522 42.83276450511944 0.955
yolo8-12 3.3142326276647123 160.23890784982927 0.99
yolo8-3 3.3142326276647123 160.23890784982927 0.99
yolo8-8 3.3142326276647123 160.23890784982927 0.99
yolo9-10 3.317917184164619 121.16040955631395 0.99
yolo9-9 3.317917184164619 121.16040955631395 0.99
audio11-edge-11 1.0 43.344709897610905 0.9
audio11-edge-5 1.0 43.344709897610905 0.9
audio3-edge-0 1.0 89.24914675767916 0.9
audio7-edge-11 1.0 170.64846416382247 0.9
Sum of bandwidth: 4999.999999999998
Sum weights: 29.300000000000008
Average accuracy: 0.7108479522184299
time: 0.20650076866149902
**time: 13
Allocate Bandwidth: 5000.0
========Allocate Done=============
audio1-12 0.015479947142250806 11.655011655011654 0.2
audio10-11 0.0016775773189385747 2.164502164502164 0.2
audio10-7 0.0016775773189385747 2.164502164502164 0.2
audio11-11 0.060034965519258694 42.29104229104228 0.2
audio11-5 0.060034965519258694 42.29104229104228 0.2
audio11-8 0.060034965519258694 42.29104229104228 0.2
audio12-11 0.15156647066332926 105.2281052281052 0.2
audio12-6 0.15156647066332926 105.2281052281052 0.2
audio2-11 0.11718161952455144 81.58508158508157 0.2
audio2-13 0.11718161952455144 81.58508158508157 0.2
audio2-8 0.11718161952455144 81.58508158508157 0.2
audio3-11 0.12517246521173223 87.07958707958707 0.2
audio4-4 0.056160616095171055 39.62703962703962 0.2
audio5-11 0.05228626667108341 36.963036963036956 0.2
audio6-12 0.013784919269212461 10.489510489510488 0.2
audio6-13 0.013784919269212461 10.489510489510488 0.2
audio7-11 0.24067650741734506 166.50016650016647 0.2
audio7-13 0.24067650741734506 166.50016650016647 0.2
audio7-8 0.24067650741734506 166.50016650016647 0.2
audio8-0 0.2164618235167973 149.85014985014982 0.2
audio8-10 0.2164618235167973 149.85014985014982 0.2
audio8-13 0.2164618235167973 149.85014985014982 0.2
audio8-8 0.2164618235167973 149.85014985014982 0.2
audio9-12 0.036546722135727364 26.140526140526138 0.2
audio9-7 0.036546722135727364 26.140526140526138 0.2
yolo1-10 3.3184600347283246 117.04961704961703 0.99
yolo1-7 3.3184600347283246 117.04961704961703 0.99
yolo10-12 1.9065852597353738 88.9110889110889 0.99
yolo10-4 1.9065852597353738 88.9110889110889 0.99
yolo10-5 1.9065852597353738 88.9110889110889 0.99
yolo10-7 1.9065852597353738 88.9110889110889 0.99
yolo11-11 0.18724879494369517 14.818514818514815 0.525
yolo12-12 1.9443948407459195 89.9100899100899 0.99
yolo12-5 1.9443948407459195 89.9100899100899 0.99
yolo2-10 3.318115977184495 165.16816516816513 0.99
yolo2-4 3.318115977184495 165.16816516816513 0.99
yolo2-8 3.318115977184495 165.16816516816513 0.99
yolo2-9 3.318115977184495 165.16816516816513 0.99
yolo3-12 2.3046763978001157 98.06859806859805 0.99
yolo3-3 2.3046763978001157 98.06859806859805 0.99
yolo3-9 2.3046763978001157 98.06859806859805 0.99
yolo4-10 3.317545876551481 120.37962037962035 0.99
yolo4-9 3.317545876551481 120.37962037962035 0.99
yolo5-12 -0.04515805428468089 0.4995004995004994 0.525
yolo6-7 -0.05037206957447589 0.16650016650016647 0.525
yolo7-9 0.6800797711841022 41.79154179154178 0.93
yolo8-12 3.317640347536856 156.3436563436563 0.99
yolo8-3 3.317640347536856 156.3436563436563 0.99
yolo8-8 3.317640347536856 156.3436563436563 0.99
yolo9-10 3.3180328546599247 118.2151182151182 0.99
yolo9-9 3.3180328546599247 118.2151182151182 0.99
audio11-edge-11 1.0 42.29104229104228 0.9
audio11-edge-5 1.0 42.29104229104228 0.9
audio3-edge-0 1.0 87.07958707958707 0.9
audio7-edge-11 1.0 166.50016650016647 0.9
Sum of bandwidth: 5000.000000000001
Sum weights: 30.030000000000005
Average accuracy: 0.6764154179154178
time: 0.038431406021118164
**time: 14
Allocate Bandwidth: 5000.0
========Allocate Done=============
audio1-12 0.01725522741099972 12.875694367803405 0.2
audio10-11 0.0020072722259919435 2.3912003825920602 0.2
audio10-7 0.0020072722259919435 2.3912003825920602 0.2
audio11-11 0.06647669678014759 46.72037670602949 0.2
audio11-8 0.06647669678014759 46.72037670602949 0.2
audio12-6 0.1675947153754623 116.24912629216787 0.2
audio2-11 0.12960858140579382 90.12986057462382 0.2
audio2-13 0.12960858140579382 90.12986057462382 0.2
audio2-8 0.12960858140579382 90.12986057462382 0.2
audio3-11 0.1384363449339562 96.19983077658829 0.2
audio4-4 0.062196569008917346 43.77736085053157 0.2
audio5-11 0.0579164412376871 40.83434499503365 0.2
audio6-12 0.015382671511086481 11.588124931023064 0.2
audio6-13 0.015382671511086481 11.588124931023064 0.2
audio7-13 0.26603765411375807 183.93849096862004 0.2
audio7-8 0.26603765411375807 183.93849096862004 0.2
audio8-10 0.239286855543569 165.54464187175805 0.2
audio8-13 0.239286855543569 165.54464187175805 0.2
audio8-8 0.239286855543569 165.54464187175805 0.2
audio9-12 0.040528422167064204 28.878343082073346 0.2
yolo1-10 3.3182661920983474 129.3087591509399 0.99
yolo1-7 3.3182661920983474 129.3087591509399 0.99
yolo10-12 2.312747261627145 98.2231541772431 0.99
yolo10-4 2.312747261627145 98.2231541772431 0.99
yolo10-5 2.312747261627145 98.2231541772431 0.99
yolo10-7 2.312747261627145 98.2231541772431 0.99
yolo11-11 0.21348387480030548 16.37052569620718 0.64
yolo12-12 2.3723787343740512 99.32678512305483 0.99
yolo12-5 2.3723787343740512 99.32678512305483 0.99
yolo2-10 3.3096136460480943 182.46698304087107 0.99
yolo2-14 3.3096136460480943 182.46698304087107 0.99
yolo2-4 3.3096136460480943 182.46698304087107 0.99
yolo2-8 3.3096136460480943 182.46698304087107 0.99
yolo3-12 3.317886285831054 108.3397711805172 0.99
yolo3-14 3.317886285831054 108.3397711805172 0.99
yolo4-10 3.3171613844738657 132.9875289703123 0.99
yolo4-9 3.3171613844738657 132.9875289703123 0.99
yolo5-12 -0.04433818783416419 0.5518154729058602 0.525
yolo6-7 -0.05009922601604799 0.18393849096862006 0.525
yolo7-9 0.7690238674229322 46.16856123312363 0.955
yolo8-12 3.316932777873147 172.7182430195342 0.99
yolo8-14 3.316932777873147 172.7182430195342 0.99
yolo8-3 3.316932777873147 172.7182430195342 0.99
yolo8-8 3.316932777873147 172.7182430195342 0.99
yolo9-10 3.319685644481726 130.59632858772022 0.99
yolo9-9 3.319685644481726 130.59632858772022 0.99
audio11-edge-11 1.0 46.72037670602949 0.9
audio3-edge-0 1.0 96.19983077658829 0.9
audio7-edge-11 1.0 183.93849096862004 0.9
Sum of bandwidth: 5000.0
Sum weights: 27.183000000000007
Average accuracy: 0.7305508957804507
time: 0.5920476913452148
**time: 15
Allocate Bandwidth: 5000.0
========Allocate Done=============
audio1-12 0.019732520508064916 14.579081101345437 0.2
audio1-15 0.019732520508064916 14.579081101345437 0.2
audio10-7 0.002467340944018338 2.7075436331070093 0.2
audio12-6 0.1899611330518224 131.6282750864331 0.2
audio2-11 0.14694963308525022 102.05356770941805 0.2
audio2-13 0.14694963308525022 102.05356770941805 0.2
audio2-8 0.14694963308525022 102.05356770941805 0.2
audio3-11 0.15694526335917192 108.92656308576662 0.2
audio5-11 0.06577299934552246 46.23651434998124 0.2
audio5-15 0.06577299934552246 46.23651434998124 0.2
audio6-12 0.01761223529844516 13.121172991210893 0.2
audio6-13 0.01761223529844516 13.121172991210893 0.2
audio7-13 0.3014275555004038 208.27258716207766 0.2
audio7-8 0.3014275555004038 208.27258716207766 0.2
audio8-10 0.27113776679155016 187.4453284458699 0.2
audio8-13 0.27113776679155016 187.4453284458699 0.2
audio8-8 0.27113776679155016 187.4453284458699 0.2
audio9-12 0.04608463668476759 32.698796184446195 0.2
yolo1-7 3.3151400239910433 146.4156287749406 0.99
yolo10-12 3.318398563896158 111.21756154454947 0.99
yolo10-4 3.318398563896158 111.21756154454947 0.99
yolo10-5 3.318398563896158 111.21756154454947 0.99
yolo11-11 0.25046829631298856 18.53626025742491 0.64
yolo12-12 3.3183611453321498 112.46719706752194 0.99
yolo2-10 3.3210930903525484 206.60640646478103 0.99
yolo2-14 3.3210930903525484 206.60640646478103 0.99
yolo2-4 3.3210930903525484 206.60640646478103 0.99
yolo2-8 3.3210930903525484 206.60640646478103 0.99
yolo3-12 3.31741963922088 122.67255383846373 0.99
yolo3-14 3.31741963922088 122.67255383846373 0.99
yolo3-15 3.31741963922088 122.67255383846373 0.99
yolo4-10 3.317679083491666 150.58108051818215 0.99
yolo4-15 3.317679083491666 150.58108051818215 0.99
yolo4-9 3.317679083491666 150.58108051818215 0.99
yolo5-12 -0.043193780990187315 0.624817761486233 0.525
yolo6-7 -0.049718452869333706 0.20827258716207767 0.525
yolo7-9 0.8985989590996117 52.27641937768149 0.99
yolo8-12 3.3188333002210424 195.5679593451909 0.99
yolo8-14 3.3188333002210424 195.5679593451909 0.99
yolo9-10 3.317444953643923 147.87353688507514 0.99
yolo9-9 3.317444953643923 147.87353688507514 0.99
audio11-edge-11 1.0 52.901237139167726 0.9
audio7-edge-11 1.0 208.27258716207766 0.9
audio9-edge-7 1.0 32.698796184446195 0.9
Sum of bandwidth: 4999.999999999997
Sum weights: 24.00700000000001
Average accuracy: 0.713332777939767
time: 0.719942569732666
**time: 16
Allocate Bandwidth: 5000.0
========Allocate Done=============
audio1-12 0.016607477492146326 12.430301523599812 0.2
audio1-15 0.016607477492146326 12.430301523599812 0.2
audio10-7 0.0018869758124905997 2.3084845686685362 0.2
audio12-6 0.16174645896524312 112.22786518450116 0.2
audio2-11 0.12507433197382006 87.01211066519868 0.2
audio2-13 0.12507433197382006 87.01211066519868 0.2
audio2-16 0.12507433197382006 87.01211066519868 0.2
audio2-8 0.12507433197382006 87.01211066519868 0.2
audio3-11 0.13359672768309444 92.87210995489573 0.2
audio5-11 0.05586214863789491 39.42181340341654 0.2
audio6-12 0.014799696584118428 11.18727137123983 0.2
audio6-13 0.014799696584118428 11.18727137123983 0.2
audio6-16 0.014799696584118428 11.18727137123983 0.2
audio7-13 0.2567840838444239 177.57573605142588 0.2
audio7-8 0.2567840838444239 177.57573605142588 0.2
audio8-10 0.23095864230116825 159.81816244628328 0.2
audio8-13 0.23095864230116825 159.81816244628328 0.2
audio8-8 0.23095864230116825 159.81816244628328 0.2
audio9-12 0.03907561163477874 27.879390560073862 0.2
audio9-16 0.03907561163477874 27.879390560073862 0.2
yolo1-16 3.3196896472222077 124.83574244415239 0.99
yolo1-7 3.3196896472222077 124.83574244415239 0.99
yolo10-12 2.1480938887009513 94.82544305146142 0.99
yolo10-4 2.1480938887009513 94.82544305146142 0.99
yolo10-5 2.1480938887009513 94.82544305146142 0.99
yolo11-11 0.20388582017630288 15.804240508576902 0.64
yolo11-16 0.20388582017630288 15.804240508576902 0.64
yolo12-12 2.1971194841431454 95.89089746776997 0.99
yolo2-10 3.315443132007681 176.15513016301446 0.99
yolo2-14 3.315443132007681 176.15513016301446 0.99
yolo2-4 3.315443132007681 176.15513016301446 0.99
yolo2-8 3.315443132007681 176.15513016301446 0.99
yolo3-12 2.735622659523658 104.59210853428984 0.99
yolo3-14 2.735622659523658 104.59210853428984 0.99
yolo3-15 2.735622659523658 104.59210853428984 0.99
yolo4-10 3.317287821343833 128.3872571651809 0.99
yolo4-15 3.317287821343833 128.3872571651809 0.99
yolo4-9 3.317287821343833 128.3872571651809 0.99
yolo5-12 -0.04463735724244849 0.5327272081542777 0.525
yolo6-7 -0.05019878152991177 0.17757573605142588 0.525
yolo7-9 0.7362155755863071 44.57150974890789 0.955
yolo8-12 3.3182732534804504 166.7436161522889 0.99
yolo8-14 3.3182732534804504 166.7436161522889 0.99
yolo9-10 3.317788270153927 126.07877259651237 0.99
yolo9-9 3.317788270153927 126.07877259651237 0.99
audio3-edge-11 1.0 92.87210995489573 0.9
audio5-edge-11 1.0 39.42181340341654 0.9
audio5-edge-15 1.0 39.42181340341654 0.9
audio7-edge-11 1.0 177.57573605142588 0.9
audio7-edge-13 1.0 177.57573605142588 0.9
audio7-edge-8 1.0 177.57573605142588 0.9
audio9-edge-12 1.0 27.879390560073862 0.9
audio9-edge-7 1.0 27.879390560073862 0.9
Sum of bandwidth: 4999.999999999998
Sum weights: 28.157000000000007
Average accuracy: 0.7298265085058775
time: 0.00882577896118164
**time: 17
Allocate Bandwidth: 5000.0
========Allocate Done=============
audio1-15 0.018950789741940973 14.041563026558613 0.2
audio10-17 0.002322162373166749 2.6077188477894566 0.2
audio10-7 0.002322162373166749 2.6077188477894566 0.2
audio12-6 0.1829032209919605 126.77525475407204 0.2
audio2-11 0.14147751772238262 98.29094118591028 0.2
audio2-13 0.14147751772238262 98.29094118591028 0.2
audio2-16 0.14147751772238262 98.29094118591028 0.2
audio2-8 0.14147751772238262 98.29094118591028 0.2
audio3-11 0.15110461777798875 104.91053518414506 0.2
audio5-11 0.06329379605867222 44.531814169943026 0.2
audio6-12 0.016908677608933612 12.637406723902751 0.2
audio6-13 0.016908677608933612 12.637406723902751 0.2
audio6-16 0.016908677608933612 12.637406723902751 0.2
audio7-13 0.29025997312720464 200.5937575222659 0.2
audio7-8 0.29025997312720464 200.5937575222659 0.2
audio8-10 0.2610869426556709 180.53438177003932 0.2
audio8-13 0.2610869426556709 180.53438177003932 0.2
audio8-8 0.2610869426556709 180.53438177003932 0.2
audio9-12 0.04433132625217531 31.493219930995746 0.2
audio9-16 0.04433132625217531 31.493219930995746 0.2
yolo1-16 3.317913967308968 141.0174115381529 0.99
yolo1-7 3.317913967308968 141.0174115381529 0.99
yolo10-12 3.047881082042545 107.11706651688999 0.99
yolo11-11 0.23874957631803959 17.852844419481663 0.64
yolo11-16 0.23874957631803959 17.852844419481663 0.64
yolo12-12 3.3180136061424688 108.32062906202358 0.99
yolo12-17 3.3180136061424688 108.32062906202358 0.99
yolo2-10 3.3194510339738517 198.98900746208776 0.99
yolo2-14 3.3194510339738517 198.98900746208776 0.99
yolo2-4 3.3194510339738517 198.98900746208776 0.99
yolo2-8 3.3194510339738517 198.98900746208776 0.99
yolo3-12 3.3175414116238358 118.1497231806146 0.99
yolo3-14 3.3175414116238358 118.1497231806146 0.99
yolo3-15 3.3175414116238358 118.1497231806146 0.99
yolo4-10 3.317985401841869 145.02928668859823 0.99
yolo4-15 3.317985401841869 145.02928668859823 0.99
yolo4-9 3.317985401841869 145.02928668859823 0.99
yolo5-12 -0.04355495031318481 0.6017812725667977 0.525
yolo5-17 -0.04355495031318481 0.6017812725667977 0.525
yolo6-7 -0.04983861370198904 0.20059375752226588 0.525
yolo7-9 0.8569735587241327 50.349033138088735 0.99
yolo8-14 3.318015888467717 188.35753831340767 0.99
yolo9-10 3.3183331434483865 142.42156784080876 0.99
audio3-edge-11 1.0 104.91053518414506 0.9
audio5-edge-11 1.0 44.531814169943026 0.9
audio5-edge-15 1.0 44.531814169943026 0.9
audio7-edge-13 1.0 200.5937575222659 0.9
audio7-edge-8 1.0 200.5937575222659 0.9
audio9-edge-12 1.0 31.493219930995746 0.9
audio9-edge-7 1.0 31.493219930995746 0.9
Sum of bandwidth: 5000.0
Sum weights: 24.926000000000002
Average accuracy: 0.7018155740993338
time: 0.011301279067993164
**time: 18
Allocate Bandwidth: 5000.0
========Allocate Done=============
audio1-15 0.020243552477792397 14.930466683730051 0.2
audio10-17 0.002562246881253441 2.772800955549866 0.2
audio10-7 0.002562246881253441 2.772800955549866 0.2
audio11-18 0.07732004773679532 54.17626482382047 0.2
audio12-18 0.19457502169279048 134.80078491596274 0.2
audio2-11 0.15052685687334258 104.51326678611035 0.2
audio2-13 0.15052685687334258 104.51326678611035 0.2
audio2-16 0.15052685687334258 104.51326678611035 0.2
audio3-11 0.16076340221870722 111.55191536558308 0.2
audio6-12 0.01807216407119989 13.437420015357045 0.2
audio6-13 0.01807216407119989 13.437420015357045 0.2
audio6-16 0.01807216407119989 13.437420015357045 0.2
audio7-8 0.3087280122107964 213.29238119614357 0.2
audio8-10 0.27770817783090346 191.9631430765292 0.2
audio8-13 0.27770817783090346 191.9631430765292 0.2
audio8-18 0.27770817783090346 191.9631430765292 0.2
audio8-8 0.27770817783090346 191.9631430765292 0.2
audio9-16 0.047230808388299204 33.48690384779454 0.2
yolo1-16 3.3177053817531426 149.9445439808889 0.99
yolo1-7 3.3177053817531426 149.9445439808889 0.99
yolo10-12 3.3179107278323654 113.89813155874067 0.99
yolo10-18 3.3179107278323654 113.89813155874067 0.99
yolo11-11 0.25815330242501733 18.983021926456775 0.64
yolo11-16 0.25815330242501733 18.983021926456775 0.64
yolo12-17 3.318311228871704 115.17788584591753 0.99
yolo2-10 3.317520962044705 211.5860421465744 0.99
yolo2-14 3.317520962044705 211.5860421465744 0.99
yolo2-18 3.317520962044705 211.5860421465744 0.99
yolo2-8 3.317520962044705 211.5860421465744 0.99
yolo3-12 3.3177710446107214 125.62921252452855 0.99
yolo3-14 3.3177710446107214 125.62921252452855 0.99
yolo3-15 3.3177710446107214 125.62921252452855 0.99
yolo4-15 3.322005728503139 154.2103916048118 0.99
yolo4-9 3.322005728503139 154.2103916048118 0.99
yolo5-12 -0.04295765689358361 0.6398771435884307 0.525
yolo5-17 -0.04295765689358361 0.6398771435884307 0.525
yolo7-18 0.9262018222766031 53.53638768023203 0.99
yolo7-9 0.9262018222766031 53.53638768023203 0.99
yolo8-14 3.318247474235676 200.2815459431788 0.99
yolo9-10 3.3146991010737197 151.43759064926192 0.99
yolo9-18 3.3146991010737197 151.43759064926192 0.99
audio3-edge-11 1.0 111.55191536558308 0.9
audio5-edge-11 1.0 47.35090862554387 0.9
audio5-edge-15 1.0 47.35090862554387 0.9
audio7-edge-13 1.0 213.29238119614357 0.9
audio9-edge-12 1.0 33.48690384779454 0.9
audio9-edge-7 1.0 33.48690384779454 0.9
Sum of bandwidth: 4999.999999999998
Sum weights: 23.44200000000001
Average accuracy: 0.7115267468646017
time: 0.11226749420166016
**time: 19
Allocate Bandwidth: 5000.0
========Allocate Done=============
audio1-15 0.021956438950960444 16.108247422680403 0.2
audio10-17 0.002880354369127508 2.9915316642120744 0.2
audio11-18 0.08353537865371938 58.449926362297454 0.2
audio12-18 0.210039939564822 145.4344624447716 0.2
audio12-19 0.210039939564822 145.4344624447716 0.2
audio2-11 0.16251706218551892 112.7577319587628 0.2
audio2-13 0.16251706218551892 112.7577319587628 0.2
audio2-16 0.16251706218551892 112.7577319587628 0.2
audio6-12 0.019613761897051135 14.49742268041236 0.2
audio6-13 0.019613761897051135 14.49742268041236 0.2
audio6-16 0.019613761897051135 14.49742268041236 0.2
audio8-10 0.29973100391449264 207.10603829160516 0.2
audio8-13 0.29973100391449264 207.10603829160516 0.2
audio8-18 0.29973100391449264 207.10603829160516 0.2
audio8-8 0.29973100391449264 207.10603829160516 0.2
audio9-16 0.05107256804954755 36.1284977908689 0.2
yolo1-16 3.317108252205278 161.77282768777602 0.99
yolo10-12 3.31794318610078 122.88291605301906 0.99
yolo10-18 3.31794318610078 122.88291605301906 0.99
yolo10-19 3.31794318610078 122.88291605301906 0.99
yolo11-11 0.28405402328373075 20.480486008836507 0.64
yolo11-16 0.28405402328373075 20.480486008836507 0.64
yolo12-17 3.3144842682214803 124.2636229749631 0.99
yolo2-10 3.318152853074157 228.2768777614137 0.99
yolo2-14 3.318152853074157 228.2768777614137 0.99
yolo2-18 3.318152853074157 228.2768777614137 0.99
yolo3-14 3.31714580108377 135.53939617083935 0.99
yolo3-15 3.31714580108377 135.53939617083935 0.99
yolo4-15 3.320230514455869 166.37518409425613 0.99
yolo4-9 3.320230514455869 166.37518409425613 0.99
yolo5-12 -0.04216609072916706 0.6903534609720172 0.525
yolo5-17 -0.04216609072916706 0.6903534609720172 0.525
yolo6-19 -0.04937658807921108 0.2301178203240057 0.525
yolo7-18 1.0211398009476222 57.759572901325434 0.99
yolo7-19 1.0211398009476222 57.759572901325434 0.99
yolo8-14 3.3194201569235458 216.08063328424137 0.99
yolo8-19 3.3194201569235458 216.08063328424137 0.99
yolo9-10 3.3183736992046247 163.38365243004407 0.99
yolo9-18 3.3183736992046247 163.38365243004407 0.99
audio3-edge-11 1.0 120.35162002945499 0.9
audio5-edge-11 1.0 51.08615611192927 0.9
audio5-edge-15 1.0 51.08615611192927 0.9
audio7-edge-13 1.0 230.11782032400572 0.9
audio9-edge-12 1.0 36.1284977908689 0.9
audio9-edge-7 1.0 36.1284977908689 0.9
Sum of bandwidth: 4999.999999999996
Sum weights: 21.728000000000016
Average accuracy: 0.7224063420471275
time: 0.3220996856689453
**time: 20
Allocate Bandwidth: 5000.0
========Allocate Done=============
audio1-15 0.02165208461398486 15.89897338057599 0.2
audio10-17 0.0028238314208320426 2.952666484964112 0.2
audio11-18 0.08243100720240798 57.690560552375736 0.2
audio11-20 0.08243100720240798 57.690560552375736 0.2
audio12-18 0.20729205469384243 143.54501680748606 0.2
audio12-19 0.20729205469384243 143.54501680748606 0.2
audio2-11 0.16038658182668983 111.29281366403193 0.2
audio2-13 0.16038658182668983 111.29281366403193 0.2
audio2-16 0.16038658182668983 111.29281366403193 0.2
audio3-20 0.17128714946483092 118.78804397201775 0.2
audio6-12 0.01933984299377311 14.30907604251839 0.2
audio6-13 0.01933984299377311 14.30907604251839 0.2
audio6-16 0.01933984299377311 14.30907604251839 0.2
audio8-10 0.2958178767248066 204.41537203597701 0.2
audio8-13 0.2958178767248066 204.41537203597701 0.2
audio8-18 0.2958178767248066 204.41537203597701 0.2
audio8-8 0.2958178767248066 204.41537203597701 0.2
audio9-16 0.05038994475090231 35.659126010720435 0.2
yolo1-16 3.3197914042961365 159.67111837921314 0.99
yolo10-12 3.3172389272984515 121.2864540746797 0.99
yolo10-18 3.3172389272984515 121.2864540746797 0.99
yolo10-19 3.3172389272984515 121.2864540746797 0.99
yolo11-11 0.27943572216278284 20.214409012446612 0.64
yolo11-16 0.27943572216278284 20.214409012446612 0.64
yolo12-17 3.3176862958266624 122.64922322158621 0.99
yolo12-20 3.3176862958266624 122.64922322158621 0.99
yolo2-14 3.3191992680716553 225.31116562187688 0.99
yolo2-18 3.3191992680716553 225.31116562187688 0.99
yolo3-15 3.317838120035233 133.77850458798937 0.99
yolo4-15 3.3173610733055425 164.21368220223485 0.99
yolo4-9 3.3173610733055425 164.21368220223485 0.99
yolo5-17 -0.04230675383408503 0.6813845734532566 0.525
yolo6-19 -0.049423376031695936 0.22712819115108557 0.525
yolo7-18 1.0039861480840093 57.00917597892248 0.99
yolo7-19 1.0039861480840093 57.00917597892248 0.99
yolo8-14 3.3184762997416866 213.27337149086932 0.99
yolo8-19 3.3184762997416866 213.27337149086932 0.99
yolo9-10 3.317689772512396 161.26101571727074 0.99
yolo9-18 3.317689772512396 161.26101571727074 0.99
yolo9-20 3.317689772512396 161.26101571727074 0.99
audio3-edge-11 1.0 118.78804397201775 0.9
audio5-edge-11 1.0 50.422458435540996 0.9
audio5-edge-15 1.0 50.422458435540996 0.9
audio7-edge-13 1.0 227.12819115108556 0.9
audio9-edge-12 1.0 35.659126010720435 0.9
Sum of bandwidth: 4999.999999999996
Sum weights: 22.01400000000001
Average accuracy: 0.6987044607976738
time: 0.011299848556518555
**time: 21
Allocate Bandwidth: 5000.0
========Allocate Done=============
audio1-15 0.028288035571961773 20.461853259280915 0.2
audio10-17 0.004056222313027754 3.800058462437884 0.2
audio12-18 0.267205211914434 184.74130371236484 0.2
audio12-19 0.267205211914434 184.74130371236484 0.2
audio2-13 0.2068382385325282 143.2329728149664 0.2
audio2-16 0.2068382385325282 143.2329728149664 0.2
audio4-21 0.09970811675618835 69.5703010815551 0.2
audio6-16 0.02531219885595233 18.41566793335282 0.2
audio6-21 0.02531219885595233 18.41566793335282 0.2
audio7-21 0.4236491992703589 292.3121894182988 0.25
audio9-16 0.06527343475665053 45.893013738672906 0.2
audio9-21 0.06527343475665053 45.893013738672906 0.2
yolo1-16 3.3170791048775436 205.49546916106402 0.99
yolo10-12 3.318453776347311 156.09470914937154 0.99
yolo10-18 3.318453776347311 156.09470914937154 0.99
yolo10-19 3.318453776347311 156.09470914937154 0.99
yolo11-11 0.38177728416779205 26.01578485822859 0.685
yolo11-16 0.38177728416779205 26.01578485822859 0.685
yolo12-17 3.3145634876492864 157.84858228588135 0.99
yolo12-20 3.3145634876492864 157.84858228588135 0.99
yolo2-14 3.3176995741762845 289.9736919029524 0.99
yolo2-18 3.3176995741762845 289.9736919029524 0.99
yolo3-15 3.3175326979489723 172.17187956737797 0.99
yolo5-17 -0.039238487108971445 0.8769365682548963 0.525
yolo6-19 -0.048403093394514006 0.2923121894182988 0.525
yolo7-18 1.4127047339251644 73.37035954399299 0.99
yolo7-19 1.4127047339251644 73.37035954399299 0.99
yolo8-14 3.3177154554258474 274.48114586378256 0.99
yolo8-19 3.3177154554258474 274.48114586378256 0.99
yolo9-18 3.3188565003548844 207.54165448699212 0.99
yolo9-20 3.3188565003548844 207.54165448699212 0.99
audio1-edge-15 1.0 20.461853259280915 0.9
audio11-edge-18 1.0 74.2472961122479 0.9
audio11-edge-20 1.0 74.2472961122479 0.9
audio3-edge-11 1.0 152.87927506577026 0.9
audio3-edge-20 1.0 152.87927506577026 0.9
audio5-edge-15 1.0 64.89330605086232 0.9
audio7-edge-13 1.0 292.3121894182988 0.9
audio9-edge-12 1.0 45.893013738672906 0.9
audio9-edge-16 1.0 45.893013738672906 0.9
Sum of bandwidth: 5000.000000000001
Sum weights: 17.104999999999997
Average accuracy: 0.7880415083308976
time: 0.013939857482910156
**time: 22
Allocate Bandwidth: 5000.0
========Allocate Done=============
audio1-22 0.024775768766276702 18.04681860369186 0.2
audio10-17 0.003403944191971956 3.351552026399917 0.2
audio10-22 0.003403944191971956 3.351552026399917 0.2
audio12-18 0.235494460183106 162.93699082190366 0.2
audio12-19 0.235494460183106 162.93699082190366 0.2
audio2-13 0.18225237089273272 126.32773022584301 0.2
audio2-16 0.18225237089273272 126.32773022584301 0.2
audio2-22 0.18225237089273272 126.32773022584301 0.2
audio4-21 0.0877664096168591 61.35918325255232 0.2
audio6-21 0.022151158730835768 16.242136743322675 0.2
audio7-21 0.37347395918914356 257.81169433845514 0.2
audio8-22 0.33597953011141596 232.03052490460962 0.2
audio9-21 0.057395922063899735 40.47643601113746 0.2
yolo1-16 3.3202330037050243 181.24162111993397 0.99
yolo10-12 3.3188914494113533 137.67144477673506 0.99
yolo10-18 3.3188914494113533 137.67144477673506 0.99
yolo10-19 3.3188914494113533 137.67144477673506 0.99
yolo11-16 0.3271737901701153 22.945240796122505 0.685
yolo12-17 3.319365092353779 139.21831494276577 0.99
yolo12-20 3.319365092353779 139.21831494276577 0.99
yolo2-14 3.3142197078841766 255.7492007837475 0.99
yolo2-18 3.3142197078841766 255.7492007837475 0.99
yolo2-22 3.3142197078841766 255.7492007837475 0.99
yolo3-15 3.3184873834013016 151.85108796535008 0.99
yolo4-22 3.3185914575915128 186.39785500670305 0.99
yolo5-17 -0.04086280417631628 0.7734350830153655 0.525
yolo5-22 -0.04086280417631628 0.7734350830153655 0.525
yolo6-19 -0.04894314567203057 0.25781169433845513 0.525
yolo7-18 1.1865923068367066 64.71073527895224 0.99
yolo7-19 1.1865923068367066 64.71073527895224 0.99
yolo8-14 3.3197726164266648 242.08518098380935 0.99
yolo8-19 3.3197726164266648 242.08518098380935 0.99
yolo9-18 3.3202637572303204 183.04630298030315 0.99
yolo9-20 3.3202637572303204 183.04630298030315 0.99
audio1-edge-15 1.0 18.04681860369186 0.9
audio11-edge-18 1.0 65.4841703619676 0.9
audio11-edge-20 1.0 65.4841703619676 0.9
audio3-edge-20 1.0 134.83551613901204 0.9
audio5-edge-15 1.0 57.23419614313704 0.9
audio7-edge-13 1.0 257.81169433845514 0.9
audio9-edge-12 1.0 40.47643601113746 0.9
audio9-edge-16 1.0 40.47643601113746 0.9
Sum of bandwidth: 4999.999999999999
Sum weights: 19.394000000000005
Average accuracy: 0.7648659379189438
time: 0.009433746337890625
**time: 23
Allocate Bandwidth: 5000.0
========Allocate Done=============
audio1-22 0.026591682319658014 19.29544076299685 0.2
audio10-17 0.003741185280457056 3.5834389988422717 0.2
audio10-22 0.003741185280457056 3.5834389988422717 0.2
audio12-18 0.25188956540792007 174.21026517448584 0.2
audio12-19 0.25188956540792007 174.21026517448584 0.2
audio2-16 0.1949637657664019 135.06808534097794 0.2
audio2-22 0.1949637657664019 135.06808534097794 0.2
audio4-21 0.09394051569835556 65.60449859418928 0.2
audio6-21 0.02378548092887895 17.365896686697166 0.2
audio7-21 0.39941558138030514 275.64915375709785 0.25
audio8-22 0.3593269900834614 248.08423838138808 0.2
audio9-21 0.06146875674791209 43.27691713986436 0.2
yolo1-16 3.320623936397715 193.7813550912398 0.99
yolo1-23 3.320623936397715 193.7813550912398 0.99
yolo10-12 3.3192742803756095 147.19664810629027 0.99
yolo10-18 3.3192742803756095 147.19664810629027 0.99
yolo10-19 3.3192742803756095 147.19664810629027 0.99
yolo11-16 0.3552792536696516 24.532774684381707 0.685
yolo11-23 0.3552792536696516 24.532774684381707 0.685
yolo12-20 3.32086336299788 148.85054302883285 0.99
yolo2-14 3.3180926486818008 273.44396052704104 0.99
yolo2-18 3.3180926486818008 273.44396052704104 0.99
yolo2-22 3.3180926486818008 273.44396052704104 0.99
yolo3-15 3.3183003635443145 162.35735156293063 0.99
yolo3-23 3.3183003635443145 162.35735156293063 0.99
yolo4-22 3.3196177280823096 199.29433816638175 0.99
yolo5-17 -0.04002309723541074 0.8269474612712936 0.525
yolo5-22 -0.04002309723541074 0.8269474612712936 0.525
yolo6-19 -0.04866393844962191 0.27564915375709786 0.525
yolo7-18 1.300330588489342 69.18793759303156 0.99
yolo7-19 1.300330588489342 69.18793759303156 0.99
yolo8-14 3.3142357241027125 258.83455537791485 0.99
yolo8-19 3.3142357241027125 258.83455537791485 0.99
yolo9-18 3.3173428469822617 195.71089916753945 0.99
yolo9-20 3.3173428469822617 195.71089916753945 0.99
audio11-edge-18 1.0 70.01488505430285 0.9
audio11-edge-20 1.0 70.01488505430285 0.9
audio3-edge-20 1.0 144.16450741496217 0.9
Sum of bandwidth: 4999.999999999997
Sum weights: 18.139000000000006
Average accuracy: 0.7798585919841223
time: 0.8800086975097656
**time: 24
Allocate Bandwidth: 5000.0
========Allocate Done=============
audio1-22 0.030537268881804792 22.008426083128974 0.2
audio10-22 0.00447393707057003 4.087279129723952 0.2
audio12-18 0.2875125755118738 198.70464692196444 0.2
audio2-16 0.22258287170142932 154.0589825819028 0.2
audio2-22 0.22258287170142932 154.0589825819028 0.2
audio5-24 0.10003948704509748 69.79815129220903 0.2
audio6-21 0.027336508834811046 19.807583474816074 0.2
audio7-21 0.4557811036966876 314.40608690184246 0.27
audio8-22 0.41005596016820556 282.9654782116582 0.25
audio9-21 0.07031814375158416 49.36175564358927 0.2
yolo1-16 3.3185600533957547 221.02747909199525 0.99
yolo1-23 3.3185600533957547 221.02747909199525 0.99
yolo10-18 3.3178554887342884 167.89285040558389 0.99
yolo10-19 3.3178554887342884 167.89285040558389 0.99
yolo11-16 0.4172848717269648 27.982141734263976 0.82
yolo11-23 0.4172848717269648 27.982141734263976 0.82
yolo12-20 3.317103389487229 169.77928692699493 0.99
yolo12-24 3.317103389487229 169.77928692699493 0.99
yolo2-14 3.3218072161756256 311.89083820662773 0.99
yolo2-18 3.3218072161756256 311.89083820662773 0.99
yolo3-23 3.3168384768114505 185.1851851851852 0.99
yolo4-22 3.3165104578552693 227.31560083003208 0.99
yolo5-17 -0.03819787186751882 0.9432182607055274 0.525
yolo5-22 -0.03819787186751882 0.9432182607055274 0.525
yolo6-19 -0.048057201840391126 0.31440608690184246 0.525
yolo7-18 1.572827296201465 78.91592781236245 0.99
yolo7-19 1.572827296201465 78.91592781236245 0.99
yolo8-14 3.3183206981239715 295.22731560083 0.99
yolo8-19 3.3183206981239715 295.22731560083 0.99
yolo9-18 3.312693943822176 223.22832170030813 0.99
yolo9-20 3.312693943822176 223.22832170030813 0.99
audio11-edge-18 1.0 79.85914607306799 0.9
audio11-edge-20 1.0 79.85914607306799 0.9
audio3-edge-20 1.0 164.4343834496636 0.9
Sum of bandwidth: 5000.0
Sum weights: 15.902999999999999
Average accuracy: 0.7887464629315224
time: 0.008609294891357422
**time: 25
Allocate Bandwidth: 5000.0
========Allocate Done=============
audio1-22 0.03538823975679241 25.343953656770463 0.2
audio10-22 0.005374831661639158 4.706734250543085 0.2
audio12-18 0.33130991255461917 228.81969587255614 0.2
audio2-16 0.2565396678263427 177.40767559739322 0.2
audio2-22 0.2565396678263427 177.40767559739322 0.2
audio5-24 0.11542399467720107 80.37653874004346 0.2
audio6-21 0.0317023826222999 22.809558291093413 0.2
audio7-21 0.5250806876250822 362.05648081100657 0.3
audio8-22 0.47242558570376075 325.8508327299059 0.27
yolo1-23 3.3175424619061755 254.5257060101376 0.99
yolo10-18 3.319822347405509 193.33816075307752 0.99
yolo10-19 3.319822347405509 193.33816075307752 0.99
yolo11-16 0.4953850401373317 32.22302679217958 0.82
yolo11-23 0.4953850401373317 32.22302679217958 0.82
yolo12-20 3.3191124382316466 195.51049963794355 0.99
yolo12-24 3.3191124382316466 195.51049963794355 0.99
yolo2-14 3.3191503287567548 359.1600289645185 0.99
yolo2-18 3.3191503287567548 359.1600289645185 0.99
yolo3-23 3.3181487077845784 213.25126719768286 0.99
yolo4-22 3.311429170890462 261.76683562635776 0.99
yolo5-17 -0.035952455016030546 1.0861694424330197 0.525
yolo5-22 -0.035952455016030546 1.0861694424330197 0.525
yolo6-19 -0.047311088905512305 0.36205648081100655 0.525
yolo7-18 1.9819761258641795 90.87617668356265 0.99
yolo7-19 1.9819761258641795 90.87617668356265 0.99
yolo8-14 3.3165382854126477 339.9710354815351 0.99
yolo8-19 3.3165382854126477 339.9710354815351 0.99
yolo9-18 3.3205798800570854 257.06010137581467 0.99
audio11-edge-18 1.0 91.96234612599567 0.9
audio11-edge-20 1.0 91.96234612599567 0.9
Sum of bandwidth: 5000.0
Sum weights: 13.809999999999999
Average accuracy: 0.7741104272266474
time: 0.009355545043945312
