num: 50 running time:25 bandwidth:5000
**time: 0
Allocate Bandwidth: 5000.0
========Allocate Done=============
audio12-0 1.5329480501674726 1055.0660792951542 0.9
audio2-0 0.12506312578002274 87.00440528634363 0.2
audio3-0 0.2387830684779851 165.19823788546256 0.2
audio4-0 1.318321679441741 907.488986784141 0.9
audio5-0 1.1725679500682962 807.2687224669604 0.9
audio9-0 0.33168104983688396 229.07488986784142 0.2
yolo10-0 3.317464979989127 187.22466960352426 0.99
yolo11-0 3.315624172803235 607.9295154185023 0.99
yolo3-0 3.3217920740208613 389.86784140969166 0.99
yolo4-0 3.3180583133572945 231.27753303964758 0.99
yolo8-0 3.3266348992759514 332.5991189427313 0.99
Sum of bandwidth: 5000.000000000001
Sum weights: 4.539999999999999
Average accuracy: 0.8641013215859031
time: 0.06817507743835449
**time: 1
Allocate Bandwidth: 5000.0
========Allocate Done=============
audio1-1 0.3653666906127464 252.23713646532443 0.2
audio10-1 0.05790683608518036 40.82774049217002 0.2
audio11-1 0.015610771441176587 11.744966442953022 0.2
audio12-0 0.7777533208917832 535.7941834451901 0.57
audio2-0 0.06278715123641157 44.183445190156604 0.2
audio3-0 0.12053754719264752 83.89261744966443 0.2
audio4-0 0.6687596158476196 460.8501118568233 0.34
audio5-0 0.594741502720613 409.95525727069355 0.32
audio6-1 0.297855664354048 205.8165548098434 0.2
audio8-1 0.04245250477294822 30.201342281879196 0.2
audio9-0 0.1677139269878825 116.33109619686802 0.2
yolo1-1 3.317851226743392 237.1364653243848 0.99
yolo10-0 2.1595409840671733 95.07829977628637 0.99
yolo11-0 3.31815368337253 308.7248322147652 0.99
yolo12-1 3.3183843581562114 110.17897091722597 0.99
yolo2-1 3.318118468288714 169.46308724832215 0.99
yolo3-0 3.3231808664920472 197.98657718120805 0.99
yolo4-0 3.3191357459949336 117.4496644295302 0.99
yolo5-1 3.318150942715166 495.52572706935126 0.99
yolo6-1 3.317343221504142 510.6263982102909 0.99
yolo7-1 3.3150532646424775 264.5413870246085 0.99
yolo8-0 3.319048597012129 168.90380313199105 0.99
yolo9-1 3.3177714192516246 132.5503355704698 0.99
Sum of bandwidth: 5000.0
Sum weights: 8.94
Average accuracy: 0.7060816554809844
time: 0.005891323089599609
**time: 2
Allocate Bandwidth: 5000.0
========Allocate Done=============
audio1-1 0.2760555191756701 190.82677498519078 0.2
audio10-1 0.04345070412308156 30.887704155030878 0.2
audio11-1 0.011452158137011175 8.885503935008884 0.2
audio12-0 0.5880413425398563 405.34822713040523 0.31
audio12-2 0.5880413425398563 405.34822713040523 0.31
audio2-0 0.04714284404455122 33.42641956503342 0.2
audio3-0 0.09083316644860885 63.46788525006345 0.2
audio4-0 0.5055835509603672 348.65024964034853 0.3
audio4-2 0.5055835509603672 348.65024964034853 0.3
audio5-0 0.44958609548474415 310.1463992553101 0.25
audio6-1 0.22498091692867317 155.70787848015567 0.2
audio6-2 0.22498091692867317 155.70787848015567 0.2
audio8-1 0.0317589277050943 22.848438690022842 0.2
audio9-0 0.1265238523561489 88.00880088008799 0.2
yolo1-1 3.3185901758316767 179.40255564017937 0.99
yolo1-2 3.3185901758316767 179.40255564017937 0.99
yolo10-0 1.3732789425489742 71.93026995007192 0.99
yolo11-0 3.3189838485380925 233.56181772023353 0.99
yolo12-1 1.7124518053388742 83.35448929508334 0.99
yolo2-1 3.3190462723105947 128.20512820512818 0.99
yolo2-2 3.3190462723105947 128.20512820512818 0.99
yolo3-0 3.318615722668487 149.78420919014974 0.99
yolo4-0 1.9044938957387048 88.85503935008883 0.99
yolo5-1 3.316189371924388 374.88364221037483 0.99
yolo6-1 3.31891877940454 386.30786155538624 0.99
yolo7-1 3.3183565383783282 200.13539815520008 0.99
yolo8-0 3.317090251092007 127.78200897012775 0.99
yolo9-1 2.4270461553307396 100.27925869510025 0.99
Sum of bandwidth: 4999.999999999998
Sum weights: 11.817000000000002
Average accuracy: 0.6191529152915292
time: 0.05753731727600098
**time: 3
Allocate Bandwidth: 5000.0
========Allocate Done=============
audio1-1 0.2528153921054285 174.84686361169264 0.2
audio10-1 0.03968899841104688 28.301155307435835 0.2
audio11-1 0.010370023617110789 8.141428239125378 0.2
audio12-2 0.5386753963463053 371.4042025277196 0.3
audio2-0 0.04307195704111643 30.62727766147166 0.2
audio3-0 0.08310363416360608 58.15305885089555 0.2
audio4-0 0.46312265360808536 319.45413662091954 0.27
audio4-2 0.46312265360808536 319.45413662091954 0.27
audio5-3 0.4118144477186973 284.1746142513763 0.25
audio6-1 0.2060177977227997 142.66883771419708 0.2
audio6-2 0.2060177977227997 142.66883771419708 0.2
audio8-1 0.028976296082493306 20.9351011863224 0.2
audio8-3 0.028976296082493306 20.9351011863224 0.2
audio9-0 0.11580556758761172 80.63890827324182 0.2
yolo1-1 3.3185477584080623 164.37931301853143 0.99
yolo1-2 3.3185477584080623 164.37931301853143 0.99
yolo11-0 3.317516079510705 214.00325657129565 0.99
yolo12-1 1.4976925192116373 76.37435062417616 0.99
yolo12-3 1.4976925192116373 76.37435062417616 0.99
yolo2-1 3.3174570565218273 117.46917887880902 0.99
yolo2-2 3.3174570565218273 117.46917887880902 0.99
yolo4-0 1.6499798542510649 81.41428239125378 0.99
yolo4-3 1.6499798542510649 81.41428239125378 0.99
yolo5-1 3.316694896484327 343.4907342792897 0.99
yolo5-3 3.316694896484327 343.4907342792897 0.99
yolo6-1 3.3180047282075975 353.958284872451 0.99
yolo6-3 3.3180047282075975 353.958284872451 0.99
yolo7-1 3.3150861764543076 183.37597890982397 0.99
yolo8-0 3.3174432970797474 117.08149181980305 0.99
yolo8-3 3.3174432970797474 117.08149181980305 0.99
yolo9-1 2.022254154334827 91.88183298441497 0.99
Sum of bandwidth: 5000.000000000001
Sum weights: 12.897
Average accuracy: 0.6928347677754516
time: 0.004459381103515625
**time: 4
Allocate Bandwidth: 5000.0
========Allocate Done=============
audio1-1 0.26249642456736144 181.50354153251772 0.2
audio10-1 0.041255994796237795 29.378622021893108 0.2
audio11-1 0.010820803399152012 8.451384417256923 0.2
audio12-2 0.5592395406889479 385.54410817772055 0.31
audio2-0 0.0447677476497477 31.793303283966516 0.2
audio3-0 0.08632348974961482 60.367031551835154 0.2
audio4-0 0.4808103936272267 331.61622665808113 0.27
audio4-2 0.4808103936272267 331.61622665808113 0.27
audio5-3 0.42754880868232664 294.9935608499678 0.25
audio6-1 0.21391717676047448 148.10045074050225 0.2
audio6-2 0.21391717676047448 148.10045074050225 0.2
audio8-1 0.03013544409345645 21.732131358660656 0.2
audio8-3 0.03013544409345645 21.732131358660656 0.2
audio9-0 0.12027043400021051 83.70895041854475 0.2
yolo1-1 3.3195489190973233 170.63747585318737 0.99
yolo1-2 3.3195489190973233 170.63747585318737 0.99
yolo11-0 3.317903481655202 222.1506761107534 0.99
yolo12-1 1.5839184901754058 79.28203477141018 0.99
yolo12-3 1.5839184901754058 79.28203477141018 0.99
yolo2-1 3.3184748834680122 121.94140373470701 0.99
yolo2-2 3.3184748834680122 121.94140373470701 0.99
yolo4-0 1.7509697867674054 84.51384417256922 0.99
yolo4-3 1.7509697867674054 84.51384417256922 0.99
yolo5-1 3.315903535801022 356.5679330328397 0.99
yolo5-3 3.315903535801022 356.5679330328397 0.99
yolo6-1 3.3171067181379277 367.43399871217 0.99
yolo6-3 3.3171067181379277 367.43399871217 0.99
yolo8-0 3.315852955525602 121.53895685769479 0.99
yolo8-3 3.315852955525602 121.53895685769479 0.99
yolo9-1 2.173344915085192 95.37990985189954 0.99
Sum of bandwidth: 5000.0
Sum weights: 12.424
Average accuracy: 0.6822923374114617
time: 0.09171104431152344
**time: 5
Allocate Bandwidth: 5000.0
========Allocate Done=============
audio1-1 0.23688441646593067 163.89272476197394 0.2
audio1-5 0.23688441646593067 163.89272476197394 0.2
audio10-1 0.037110370425052774 26.528090704266287 0.2
audio11-1 0.009628226525249469 7.631368558761536 0.2
audio12-2 0.5048353194890128 348.13576568064525 0.3
audio2-0 0.04028138702887624 28.7084817210553 0.2
audio3-0 0.07780508350745381 54.50977541972525 0.2
audio3-4 0.07780508350745381 54.50977541972525 0.2
audio4-0 0.43401594867028886 299.4403663056907 0.25
audio4-2 0.43401594867028886 299.4403663056907 0.25
audio5-3 0.3859221968456331 266.3711025510574 0.25
audio6-1 0.19301868677970616 133.73064902972595 0.2
audio6-2 0.19301868677970616 133.73064902972595 0.2
audio6-5 0.19301868677970616 133.73064902972595 0.2
audio8-1 0.027068817846278494 19.623519151101092 0.2
audio8-3 0.027068817846278494 19.623519151101092 0.2
audio9-0 0.10845824401108059 75.58688858201901 0.2
audio9-4 0.10845824401108059 75.58688858201901 0.2
yolo1-1 3.3189194682714267 154.08096518642338 0.99
yolo1-2 3.3189194682714267 154.08096518642338 0.99
yolo12-1 1.3640661099376898 71.58950505123917 0.99
yolo12-3 1.3640661099376898 71.58950505123917 0.99
yolo2-1 3.3178257530677713 110.109746347845 0.99
yolo2-2 3.3178257530677713 110.109746347845 0.99
yolo4-0 1.4959369844742074 76.31368558761535 0.99
yolo4-3 1.4959369844742074 76.31368558761535 0.99
yolo5-1 3.319380436031236 321.97107347917716 0.99
yolo5-3 3.319380436031236 321.97107347917716 0.99
yolo6-1 3.3197478816498744 331.7828330547277 0.99
yolo6-3 3.3197478816498744 331.7828330547277 0.99
yolo7-4 3.3143728704145823 171.88749182353362 0.99
yolo8-0 3.3176464863227877 109.74634784504684 0.99
yolo8-3 3.3176464863227877 109.74634784504684 0.99
yolo9-1 1.8061424823022516 86.12544516316589 0.99
yolo9-4 1.8061424823022516 86.12544516316589 0.99
Sum of bandwidth: 4999.999999999997
Sum weights: 13.759000000000004
Average accuracy: 0.6414768515153715
time: 0.08476138114929199
**time: 6
Allocate Bandwidth: 5000.0
========Allocate Done=============
audio1-5 0.24000842391410268 166.040792283337 0.2
audio10-1 0.03761603016721809 26.875782342979157 0.2
audio11-1 0.009773690286694286 7.731389441130991 0.2
audio11-6 0.009773690286694286 7.731389441130991 0.2
audio12-2 0.5114712377492097 352.6986230763566 0.3
audio2-0 0.04082860784574007 29.084750754730873 0.2
audio3-0 0.0788441103749168 55.224210293792794 0.2
audio3-4 0.0788441103749168 55.224210293792794 0.2
audio4-0 0.43972366959555226 303.36499521390175 0.25
audio5-3 0.3909995748046356 269.86230763566743 0.25
audio5-6 0.3909995748046356 269.86230763566743 0.25
audio6-1 0.19556776602788198 135.48339592077164 0.2
audio6-2 0.19556776602788198 135.48339592077164 0.2
audio6-5 0.19556776602788198 135.48339592077164 0.2
audio8-1 0.027442867518565162 19.880715705765404 0.2
audio8-3 0.027442867518565162 19.880715705765404 0.2
audio9-0 0.10989902793396258 76.57757160739267 0.2
audio9-4 0.10989902793396258 76.57757160739267 0.2
yolo1-1 3.318587502971479 156.1004344304543 0.99
yolo1-2 3.318587502971479 156.1004344304543 0.99
yolo12-1 1.3895397633124804 72.52779618584788 0.99
yolo2-1 3.3176995995422254 111.55290479346144 0.99
yolo2-2 3.3176995995422254 111.55290479346144 0.99
yolo2-6 3.3176995995422254 111.55290479346144 0.99
yolo4-0 1.5251006568603611 77.3138944113099 0.99
yolo4-3 1.5251006568603611 77.3138944113099 0.99
yolo5-1 3.320413079748456 326.19100213533613 0.99
yolo5-3 3.320413079748456 326.19100213533613 0.99
yolo6-1 3.3192295840563237 336.13135998821883 0.99
yolo6-3 3.3192295840563237 336.13135998821883 0.99
yolo7-4 3.318018145569448 174.14034312642661 0.99
yolo8-0 3.3177661565125143 111.18474339150282 0.99
yolo8-3 3.3177661565125143 111.18474339150282 0.99
yolo9-1 1.8460179616824763 87.25425226419262 0.99
yolo9-4 1.8460179616824763 87.25425226419262 0.99
yolo9-6 1.8460179616824763 87.25425226419262 0.99
Sum of bandwidth: 4999.999999999998
Sum weights: 13.581000000000001
Average accuracy: 0.6668802002798025
time: 0.07635498046875
**time: 7
Allocate Bandwidth: 5000.0
========Allocate Done=============
audio1-5 0.22214367212629918 153.75698895404332 0.2
audio11-1 0.008941850403004988 7.15941633710623 0.2
audio11-6 0.008941850403004988 7.15941633710623 0.2
audio12-2 0.4735234944837647 326.6057548070366 0.27
audio12-7 0.4735234944837647 326.6057548070366 0.27
audio2-0 0.037699305426146995 26.933042411018675 0.2
audio2-7 0.037699305426146995 26.933042411018675 0.2
audio3-4 0.07290239691999323 51.138688122187354 0.2
audio4-0 0.4070838570165054 280.92186008454917 0.25
audio5-3 0.3619644017215758 249.89772262375553 0.2
audio5-6 0.3619644017215758 249.89772262375553 0.2
audio5-7 0.3619644017215758 249.89772262375553 0.2
audio6-1 0.18099076235180286 125.46024819309964 0.2
audio6-2 0.18099076235180286 125.46024819309964 0.2
audio6-5 0.18099076235180286 125.46024819309964 0.2
audio8-1 0.02530385067479268 18.409927723987447 0.2
audio8-3 0.02530385067479268 18.409927723987447 0.2
audio9-0 0.10165985194313525 70.9123141960998 0.2
audio9-4 0.10165985194313525 70.9123141960998 0.2
yolo1-1 3.3195617311829073 144.55202509204958 0.99
yolo1-2 3.3195617311829073 144.55202509204958 0.99
yolo12-1 1.2480932270671594 67.16214373380606 0.99
yolo2-1 2.6285380877868043 103.30015000681846 0.99
yolo2-2 2.6285380877868043 103.30015000681846 0.99
yolo2-6 2.6285380877868043 103.30015000681846 0.99
yolo4-0 1.364191758194343 71.5941633710623 0.99
yolo4-3 1.364191758194343 71.5941633710623 0.99
yolo5-1 3.3167008746759787 302.05918450838664 0.99
yolo5-3 3.3167008746759787 302.05918450838664 0.99
yolo6-1 3.318926912736054 311.2641483703804 0.99
yolo7-4 3.3176079677182986 161.2573298786308 0.99
yolo8-0 2.602950140689827 102.9592254193372 0.99
yolo8-3 2.602950140689827 102.9592254193372 0.99
yolo9-1 1.6306556068724865 80.79912723305601 0.99
yolo9-4 1.6306556068724865 80.79912723305601 0.99
yolo9-6 1.6306556068724865 80.79912723305601 0.99
audio1-edge-5 1.0 153.75698895404332 0.9
Sum of bandwidth: 5000.000000000002
Sum weights: 14.666000000000004
Average accuracy: 0.6023012409654983
time: 0.4275360107421875
**time: 8
Allocate Bandwidth: 5000.0
========Allocate Done=============
audio1-8 0.2097166719842711 145.2121836563848 0.2
audio11-1 0.008363209598165543 6.761542919698628 0.2
audio11-6 0.008363209598165543 6.761542919698628 0.2
audio12-2 0.4471264520534699 308.45514843196594 0.25
audio12-7 0.4471264520534699 308.45514843196594 0.25
audio2-0 0.03552251382698908 25.436280507437694 0.2
audio2-7 0.03552251382698908 25.436280507437694 0.2
audio3-4 0.0687692483139972 48.29673514070448 0.2
audio4-0 0.38437909400756726 265.3100650396033 0.25
audio4-8 0.38437909400756726 265.3100650396033 0.25
audio5-3 0.3417670822002752 236.0100457209092 0.2
audio5-6 0.3417670822002752 236.0100457209092 0.2
audio5-7 0.3417670822002752 236.0100457209092 0.2
audio6-2 0.17085077110509259 118.48799021186166 0.2
audio6-5 0.17085077110509259 118.48799021186166 0.2
audio7-8 0.15118368873249624 104.9649043724644 0.2
audio8-1 0.023815917176634106 17.38682465065361 0.2
audio8-3 0.023815917176634106 17.38682465065361 0.2
audio8-8 0.023815917176634106 17.38682465065361 0.2
audio9-0 0.09592855254282075 66.97147272844354 0.2
audio9-4 0.09592855254282075 66.97147272844354 0.2
yolo1-1 3.317671896189817 136.518771331058 0.99
yolo1-2 3.317671896189817 136.518771331058 0.99
yolo12-1 1.155149638325879 63.42971215145855 0.99
yolo2-1 2.2785297933966855 97.55940498422305 0.99
yolo2-2 2.2785297933966855 97.55940498422305 0.99
yolo2-6 2.2785297933966855 97.55940498422305 0.99
yolo4-0 1.2596665590759275 67.61542919698627 0.99
yolo4-3 1.2596665590759275 67.61542919698627 0.99
yolo5-3 3.3153455710651527 285.2727155644278 0.99
yolo6-1 3.31658587065564 293.9661278897546 0.99
yolo6-8 3.31658587065564 293.9661278897546 0.99
yolo7-4 3.3166193320033415 152.29570481035478 0.99
yolo8-0 2.262330702952632 97.23742674995168 0.99
yolo8-3 2.262330702952632 97.23742674995168 0.99
yolo9-1 1.4957968790428824 76.30884152231307 0.99
yolo9-4 1.4957968790428824 76.30884152231307 0.99
yolo9-6 1.4957968790428824 76.30884152231307 0.99
audio1-edge-5 1.0 145.2121836563848 0.9
Sum of bandwidth: 4999.999999999998
Sum weights: 15.529000000000003
Average accuracy: 0.5815029943975786
time: 0.15992021560668945
**time: 9
Allocate Bandwidth: 5000.0
========Allocate Done=============
audio1-8 0.19311392013109469 133.7961314821407 0.2
audio11-1 0.007590132460877951 6.229975080099679 0.2
audio11-6 0.007590132460877951 6.229975080099679 0.2
audio12-2 0.41185940931435017 284.20552984454724 0.25
audio12-7 0.41185940931435017 284.20552984454724 0.25
audio2-0 0.03261427126290719 23.43657292037498 0.2
audio2-7 0.03261427126290719 23.43657292037498 0.2
audio3-4 0.06324726876194296 44.49982200071199 0.2
audio4-0 0.3540450196682827 244.4523555239112 0.2
audio4-8 0.3540450196682827 244.4523555239112 0.2
audio5-3 0.3147830087892368 217.45579684347925 0.2
audio5-6 0.3147830087892368 217.45579684347925 0.2
audio5-7 0.3147830087892368 217.45579684347925 0.2
audio6-2 0.15730351460405287 109.17289664174675 0.2
audio6-5 0.15730351460405287 109.17289664174675 0.2
audio6-9 0.15730351460405287 109.17289664174675 0.2
audio7-8 0.13918258650603169 96.71294648154739 0.2
audio8-1 0.02182800453789458 16.019935920256316 0.2
audio8-3 0.02182800453789458 16.019935920256316 0.2
audio8-8 0.02182800453789458 16.019935920256316 0.2
audio9-0 0.0882714075639722 61.70641984098729 0.2
audio9-4 0.0882714075639722 61.70641984098729 0.2
audio9-9 0.0882714075639722 61.70641984098729 0.2
yolo1-1 3.318155934203837 125.78616352201256 0.99
yolo1-2 3.318155934203837 125.78616352201256 0.99
yolo12-1 1.0368771027788628 58.44309956093508 0.99
yolo2-1 1.943610452810005 89.88964044143822 0.99
yolo2-2 1.943610452810005 89.88964044143822 0.99
yolo2-6 1.943610452810005 89.88964044143822 0.99
yolo4-0 1.1277894508186368 62.29975080099678 0.99
yolo4-3 1.1277894508186368 62.29975080099678 0.99
yolo4-9 1.1277894508186368 62.29975080099678 0.99
yolo5-3 3.3235966830536117 262.8456152842055 0.99
yolo6-1 3.3189037490655626 270.8555832443337 0.99
yolo6-8 3.3189037490655626 270.8555832443337 0.99
yolo7-4 3.318019567790919 140.32277204224513 0.99
yolo8-0 1.9322810905641912 89.59297496143347 0.99
yolo8-3 1.9322810905641912 89.59297496143347 0.99
yolo8-9 1.9322810905641912 89.59297496143347 0.99
yolo9-1 1.3298473614858628 70.30971876112494 0.99
yolo9-4 1.3298473614858628 70.30971876112494 0.99
yolo9-6 1.3298473614858628 70.30971876112494 0.99
yolo9-9 1.3298473614858628 70.30971876112494 0.99
audio1-edge-5 1.0 133.7961314821407 0.9
Sum of bandwidth: 4999.999999999995
Sum weights: 16.854000000000003
Average accuracy: 0.5817295597484275
time: 0.007976531982421875
**time: 10
Allocate Bandwidth: 5000.0
========Allocate Done=============
audio1-8 0.21442979866044257 148.45292955892032 0.2
audio11-1 0.008582667824772197 6.912442396313363 0.2
audio11-6 0.008582667824772197 6.912442396313363 0.2
audio12-7 0.45713792734343056 315.3390388413429 0.27
audio2-0 0.03634809477469983 26.003949967083603 0.2
audio2-7 0.03634809477469983 26.003949967083603 0.2
audio3-4 0.07033680707547331 49.37458854509545 0.2
audio4-8 0.3929902168039426 271.23107307439096 0.25
audio5-6 0.34942721934802173 241.27715602369975 0.2
audio5-7 0.34942721934802173 241.27715602369975 0.2
audio6-2 0.17469651526658062 121.13232389730084 0.2
audio6-5 0.17469651526658062 121.13232389730084 0.2
audio6-9 0.17469651526658062 121.13232389730084 0.2
audio7-10 0.15459051644077096 107.30743910467412 0.2
audio7-8 0.15459051644077096 107.30743910467412 0.2
audio8-1 0.024380238330765504 17.77485187623436 0.2
audio8-8 0.024380238330765504 17.77485187623436 0.2
audio9-4 0.09810223402540093 68.46609611586568 0.2
audio9-9 0.09810223402540093 68.46609611586568 0.2
yolo1-1 3.3162814673966867 139.56550362080313 0.99
yolo1-2 3.3162814673966867 139.56550362080313 0.99
yolo2-2 2.3955068670282333 99.73666886109281 0.99
yolo2-6 2.3955068670282333 99.73666886109281 0.99
yolo3-10 3.3177891712119574 116.52402896642525 0.99
yolo4-3 1.298672297773781 69.12442396313362 0.99
yolo4-9 1.298672297773781 69.12442396313362 0.99
yolo5-3 3.317313924865978 291.6392363396971 0.99
yolo6-1 3.3157493444910275 300.5266622778143 0.99
yolo6-8 3.3157493444910275 300.5266622778143 0.99
yolo7-10 3.3178867169503388 155.69453587886764 0.99
yolo7-4 3.3178867169503388 155.69453587886764 0.99
yolo8-0 2.376888485090192 99.40750493745884 0.99
yolo8-10 2.376888485090192 99.40750493745884 0.99
yolo8-3 2.376888485090192 99.40750493745884 0.99
yolo8-9 2.376888485090192 99.40750493745884 0.99
yolo9-1 1.545735633342019 78.01184990125081 0.99
yolo9-4 1.545735633342019 78.01184990125081 0.99
yolo9-6 1.545735633342019 78.01184990125081 0.99
yolo9-9 1.545735633342019 78.01184990125081 0.99
audio1-edge-5 1.0 148.45292955892032 0.9
audio6-edge-2 1.0 121.13232389730084 0.9
Sum of bandwidth: 4999.999999999998
Sum weights: 15.190000000000003
Average accuracy: 0.6631165240289664
time: 0.006586790084838867
**time: 11
Allocate Bandwidth: 5000.0
========Allocate Done=============
audio1-11 0.19114819175709574 132.44449665217903 0.2
audio1-8 0.19114819175709574 132.44449665217903 0.2
audio10-11 0.029707389485485257 21.437801010219662 0.2
audio11-1 0.00749860187140128 6.16703864677552 0.2
audio11-6 0.00749860187140128 6.16703864677552 0.2
audio12-7 0.4076838709944145 281.3344296957594 0.25
audio2-7 0.03226994190249494 23.199812052155526 0.2
audio4-11 0.350453533681198 241.9828497591918 0.2
audio4-8 0.350453533681198 241.9828497591918 0.2
audio5-6 0.31158815535655116 215.25901562316457 0.2
audio5-7 0.31158815535655116 215.25901562316457 0.2
audio6-9 0.15569954998846167 108.07001057206625 0.2
audio7-10 0.13776168306939385 95.73593327851522 0.2
audio7-8 0.13776168306939385 95.73593327851522 0.2
audio8-1 0.021592640164954574 15.858099377422764 0.2
audio8-11 0.021592640164954574 15.858099377422764 0.2
audio8-8 0.021592640164954574 15.858099377422764 0.2
audio9-11 0.08736481886820327 61.083049453776574 0.2
audio9-9 0.08736481886820327 61.083049453776574 0.2
yolo1-11 3.3153566114641007 124.51544696346762 0.99
yolo1-2 3.3153566114641007 124.51544696346762 0.99
yolo10-11 0.8478810513846601 49.92364618818278 0.99
yolo2-6 1.9092190477396007 88.98155761776107 0.99
yolo3-10 2.6808649616620275 103.9586514742159 0.99
yolo4-3 1.1126975984777643 61.67038646775519 0.99
yolo4-9 1.1126975984777643 61.67038646775519 0.99
yolo5-3 3.3297678900127035 260.19029719252904 0.99
yolo6-1 3.3174034861625477 268.11934688124046 0.99
yolo6-8 3.3174034861625477 268.11934688124046 0.99
yolo7-10 3.317838878022043 138.90520380594384 0.99
yolo7-4 3.317838878022043 138.90520380594384 0.99
yolo8-10 1.8982753527873353 88.68788911077175 0.99
yolo8-3 1.8982753527873353 88.68788911077175 0.99
yolo8-9 1.8982753527873353 88.68788911077175 0.99
yolo9-1 1.3111076903663783 69.59943615646658 0.99
yolo9-4 1.3111076903663783 69.59943615646658 0.99
yolo9-6 1.3111076903663783 69.59943615646658 0.99
yolo9-9 1.3111076903663783 69.59943615646658 0.99
audio1-edge-5 1.0 132.44449665217903 0.9
audio5-edge-6 1.0 215.25901562316457 0.9
audio5-edge-7 1.0 215.25901562316457 0.9
audio6-edge-2 1.0 108.07001057206625 0.9
audio6-edge-9 1.0 108.07001057206625 0.9
Sum of bandwidth: 4999.999999999999
Sum weights: 17.026
Average accuracy: 0.6648496417244217
time: 0.12412357330322266
**time: 12
Allocate Bandwidth: 5000.0
========Allocate Done=============
audio1-11 0.1754091775254998 121.62235046653366 0.2
audio1-8 0.1754091775254998 121.62235046653366 0.2
audio10-11 0.02715983285819811 19.68610107329702 0.2
audio11-1 0.006765743115606347 5.663124966290924 0.2
audio11-6 0.006765743115606347 5.663124966290924 0.2
audio12-12 0.3742515525157694 258.3463675098431 0.2
audio12-7 0.3742515525157694 258.3463675098431 0.2
audio2-12 0.02951299705926639 21.30413677795157 0.2
audio2-7 0.02951299705926639 21.30413677795157 0.2
audio4-11 0.3216975520252445 222.21023677255815 0.2
audio4-8 0.3216975520252445 222.21023677255815 0.2
audio5-6 0.28600789497570894 197.67002858529747 0.2
audio5-7 0.28600789497570894 197.67002858529747 0.2
audio6-12 0.14285707274405524 99.23952321881238 0.2
audio6-9 0.14285707274405524 99.23952321881238 0.2
audio7-10 0.12638492333657728 87.91327328623053 0.2
audio7-8 0.12638492333657728 87.91327328623053 0.2
audio8-1 0.019708146221481888 14.562321341890947 0.2
audio8-11 0.019708146221481888 14.562321341890947 0.2
audio8-8 0.019708146221481888 14.562321341890947 0.2
audio9-11 0.08010602738223441 56.091904428024385 0.2
audio9-9 0.08010602738223441 56.091904428024385 0.2
yolo1-11 3.3177712336702183 114.34118979558818 0.99
yolo1-2 3.3177712336702183 114.34118979558818 0.99
yolo10-11 0.7623294056055223 45.844344965212244 0.955
yolo11-12 3.321083850762941 148.8592848282186 0.99
yolo12-12 0.917165515633824 53.12550563615772 0.99
yolo2-12 1.6593750632728705 81.71080308505476 0.99
yolo2-6 1.6593750632728705 81.71080308505476 0.99
yolo3-10 2.1772282121189974 95.46410657461843 0.99
yolo4-3 0.9953949361416629 56.63124966290924 0.99
yolo4-9 0.9953949361416629 56.63124966290924 0.99
yolo5-3 3.318670363950753 238.9299390539885 0.99
yolo6-8 3.3188801670494157 246.211099724934 0.99
yolo7-10 3.3172571152748804 127.555148050267 0.99
yolo7-4 3.3172571152748804 127.555148050267 0.99
yolo8-10 1.650828351004421 81.44113046761234 0.99
yolo8-3 1.650828351004421 81.44113046761234 0.99
yolo8-9 1.650828351004421 81.44113046761234 0.99
yolo9-4 1.1669434814802102 63.91241033385471 0.99
yolo9-6 1.1669434814802102 63.91241033385471 0.99
yolo9-9 1.1669434814802102 63.91241033385471 0.99
audio1-edge-8 1.0 121.62235046653366 0.9
audio5-edge-6 1.0 197.67002858529747 0.9
audio5-edge-7 1.0 197.67002858529747 0.9
audio6-edge-2 1.0 99.23952321881238 0.9
audio6-edge-9 1.0 99.23952321881238 0.9
audio9-edge-9 1.0 56.091904428024385 0.9
Sum of bandwidth: 5000.000000000002
Sum weights: 18.540999999999997
Average accuracy: 0.6276392859069094
time: 0.7776687145233154
**time: 13
Allocate Bandwidth: 5000.0
========Allocate Done=============
audio1-11 0.15028917690218943 104.34983803794546 0.2
audio1-13 0.15028917690218943 104.34983803794546 0.2
audio1-8 0.15028917690218943 104.34983803794546 0.2
audio10-11 0.023093846061076923 16.890328551596493 0.2
audio11-1 0.00559607568081806 4.858861638130498 0.2
audio11-6 0.00559607568081806 4.858861638130498 0.2
audio12-12 0.32089243810971335 221.6566404442389 0.2
audio12-13 0.32089243810971335 221.6566404442389 0.2
audio12-7 0.32089243810971335 221.6566404442389 0.2
audio2-12 0.025112819566491407 18.27857473391949 0.2
audio2-13 0.025112819566491407 18.27857473391949 0.2
audio2-7 0.025112819566491407 18.27857473391949 0.2
audio4-11 0.27580202982212315 190.6524757056919 0.2
audio4-8 0.27580202982212315 190.6524757056919 0.2
audio5-6 0.24518093165667018 169.59740860712643 0.2
audio5-7 0.24518093165667018 169.59740860712643 0.2
audio6-12 0.1223600434106224 85.14576584914396 0.2
audio6-9 0.1223600434106224 85.14576584914396 0.2
audio7-10 0.10822722887272103 75.42804257288297 0.2
audio7-8 0.10822722887272103 75.42804257288297 0.2
audio8-1 0.016700429960597722 12.494215640906994 0.2
audio8-11 0.016700429960597722 12.494215640906994 0.2
audio8-8 0.016700429960597722 12.494215640906994 0.2
audio9-11 0.06852074993290282 48.12586765386398 0.2
audio9-9 0.06852074993290282 48.12586765386398 0.2
yolo1-11 2.306453225276904 98.10273021749195 0.99
yolo1-13 2.306453225276904 98.10273021749195 0.99
yolo1-2 2.306453225276904 98.10273021749195 0.99
yolo10-11 0.631424333106684 39.333641832484986 0.93
yolo11-12 3.317778209401911 127.71864877371596 0.99
yolo11-13 3.317778209401911 127.71864877371596 0.99
yolo12-12 0.7568995509321532 45.58074965293848 0.955
yolo2-12 1.3244659757863326 70.10643220731147 0.99
yolo2-13 1.3244659757863326 70.10643220731147 0.99
yolo2-6 1.3244659757863326 70.10643220731147 0.99
yolo3-10 1.6656057408781324 81.90652475705696 0.99
yolo4-3 0.8195601113183139 48.58861638130498 0.99
yolo4-9 0.8195601113183139 48.58861638130498 0.99
yolo5-3 3.3175445976760862 204.99768625636293 0.99
yolo6-8 3.317553030881349 211.24479407681642 0.99
yolo7-10 3.318653761132147 109.44007403979644 0.99
yolo7-4 3.318653761132147 109.44007403979644 0.99
yolo8-10 1.3183586747876535 69.87505784359097 0.99
yolo8-13 1.3183586747876535 69.87505784359097 0.99
yolo8-3 1.3183586747876535 69.87505784359097 0.99
yolo8-9 1.3183586747876535 69.87505784359097 0.99
yolo9-4 0.9550048486187922 54.835724201758474 0.99
yolo9-6 0.9550048486187922 54.835724201758474 0.99
yolo9-9 0.9550048486187922 54.835724201758474 0.99
audio1-edge-8 1.0 104.34983803794546 0.9
audio5-edge-6 1.0 169.59740860712643 0.9
audio5-edge-7 1.0 169.59740860712643 0.9
audio6-edge-2 1.0 85.14576584914396 0.9
audio6-edge-9 1.0 85.14576584914396 0.9
audio9-edge-9 1.0 48.12586765386398 0.9
Sum of bandwidth: 5000.000000000002
Sum weights: 21.60999999999999
Average accuracy: 0.6241881073577052
time: 0.17230677604675293
**time: 14
Allocate Bandwidth: 5000.0
========Allocate Done=============
audio1-11 0.13883011668890952 96.47058823529417 0.2
audio1-13 0.13883011668890952 96.47058823529417 0.2
audio1-8 0.13883011668890952 96.47058823529417 0.2
audio10-11 0.02123905360970345 15.614973262032093 0.2
audio10-14 0.02123905360970345 15.614973262032093 0.2
audio11-1 0.005062505249601034 4.491978609625671 0.2
audio11-6 0.005062505249601034 4.491978609625671 0.2
audio12-13 0.29655146319990805 204.9197860962568 0.2
audio12-7 0.29655146319990805 204.9197860962568 0.2
audio2-12 0.023105578420484503 16.898395721925144 0.2
audio2-13 0.023105578420484503 16.898395721925144 0.2
audio4-11 0.25486574242579796 176.2566844919787 0.2
audio4-14 0.25486574242579796 176.2566844919787 0.2
audio4-8 0.25486574242579796 176.2566844919787 0.2
audio5-6 0.22655678279561875 156.79144385026746 0.2
audio5-7 0.22655678279561875 156.79144385026746 0.2
audio6-12 0.11300985680643832 78.716577540107 0.2
audio6-9 0.11300985680643832 78.716577540107 0.2
audio7-10 0.099944183130971 69.73262032085566 0.2
audio7-14 0.099944183130971 69.73262032085566 0.2
audio7-8 0.099944183130971 69.73262032085566 0.2
audio8-1 0.0153283917088968 11.550802139037438 0.2
audio8-11 0.0153283917088968 11.550802139037438 0.2
audio8-14 0.0153283917088968 11.550802139037438 0.2
audio8-8 0.0153283917088968 11.550802139037438 0.2
audio9-11 0.06323586185227703 44.49197860962569 0.2
audio9-9 0.06323586185227703 44.49197860962569 0.2
yolo1-11 1.9748554831543914 90.69518716577545 0.99
yolo1-13 1.9748554831543914 90.69518716577545 0.99
yolo1-2 1.9748554831543914 90.69518716577545 0.99
yolo10-11 0.5737823049189502 36.36363636363639 0.88
yolo10-14 0.5737823049189502 36.36363636363639 0.88
yolo11-12 3.3177464011906377 118.0748663101605 0.99
yolo11-13 3.3177464011906377 118.0748663101605 0.99
yolo12-12 0.6870312340838716 42.1390374331551 0.93
yolo12-14 0.6870312340838716 42.1390374331551 0.93
yolo2-12 1.1891183043785714 64.81283422459896 0.99
yolo2-13 1.1891183043785714 64.81283422459896 0.99
yolo2-6 1.1891183043785714 64.81283422459896 0.99
yolo3-10 1.4789004265819496 75.72192513368988 0.99
yolo3-14 1.4789004265819496 75.72192513368988 0.99
yolo4-3 0.7433345843641583 44.91978609625671 0.955
yolo4-9 0.7433345843641583 44.91978609625671 0.955
yolo5-3 3.315070045541198 189.5187165775402 0.99
yolo6-14 3.318973757948352 195.29411764705893 0.99
yolo6-8 3.318973757948352 195.29411764705893 0.99
yolo7-10 2.481804878147455 101.17647058823535 0.99
yolo7-14 2.481804878147455 101.17647058823535 0.99
yolo7-4 2.481804878147455 101.17647058823535 0.99
yolo8-10 1.1838296096915335 64.59893048128346 0.99
yolo8-13 1.1838296096915335 64.59893048128346 0.99
yolo8-3 1.1838296096915335 64.59893048128346 0.99
yolo8-9 1.1838296096915335 64.59893048128346 0.99
yolo9-14 0.8643973545955924 50.69518716577543 0.99
yolo9-4 0.8643973545955924 50.69518716577543 0.99
yolo9-6 0.8643973545955924 50.69518716577543 0.99
yolo9-9 0.8643973545955924 50.69518716577543 0.99
audio5-edge-6 1.0 156.79144385026746 0.9
audio5-edge-7 1.0 156.79144385026746 0.9
audio6-edge-9 1.0 78.716577540107 0.9
audio9-edge-9 1.0 44.49197860962569 0.9
Sum of bandwidth: 5000.000000000006
Sum weights: 23.374999999999986
Average accuracy: 0.6443431016042784
time: 0.35517072677612305
**time: 15
Allocate Bandwidth: 5000.0
========Allocate Done=============
audio1-11 0.13207160906158882 91.82343839074848 0.2
audio1-13 0.13207160906158882 91.82343839074848 0.2
audio10-11 0.0201451044815562 14.862773841518043 0.2
audio10-14 0.0201451044815562 14.862773841518043 0.2
audio11-1 0.00474780755520251 4.2755924749572465 0.2
audio11-15 0.00474780755520251 4.2755924749572465 0.2
audio11-6 0.00474780755520251 4.2755924749572465 0.2
audio12-13 0.2821952540935373 195.04845671471625 0.2
audio2-12 0.021921715665366243 16.08437169150583 0.2
audio2-13 0.021921715665366243 16.08437169150583 0.2
audio2-15 0.021921715665366243 16.08437169150583 0.2
audio4-11 0.2425176043217797 167.76610473165573 0.2
audio4-14 0.2425176043217797 167.76610473165573 0.2
audio4-15 0.2425176043217797 167.76610473165573 0.2
audio4-8 0.2425176043217797 167.76610473165573 0.2
audio5-6 0.21557233470066076 149.23853734017433 0.2
audio5-7 0.21557233470066076 149.23853734017433 0.2
audio6-12 0.10749515435221657 74.92466813258412 0.2
audio6-15 0.10749515435221657 74.92466813258412 0.2
audio7-10 0.09505887606554629 66.37348318266963 0.2
audio7-14 0.09505887606554629 66.37348318266963 0.2
audio7-8 0.09505887606554629 66.37348318266963 0.2
audio8-11 0.014519169066157741 10.994380649890061 0.2
audio8-14 0.014519169066157741 10.994380649890061 0.2
audio8-8 0.014519169066157741 10.994380649890061 0.2
audio9-11 0.06011885611728213 42.348725466243195 0.2
audio9-9 0.06011885611728213 42.348725466243195 0.2
yolo1-11 1.813158639002584 86.32624806580344 0.99
yolo1-13 1.813158639002584 86.32624806580344 0.99
yolo1-15 1.813158639002584 86.32624806580344 0.99
yolo10-11 0.5403460442961938 34.61193908298723 0.88
yolo10-14 0.5403460442961938 34.61193908298723 0.88
yolo11-12 3.317860040201321 112.38700219887619 0.99
yolo11-13 3.317860040201321 112.38700219887619 0.99
yolo12-12 0.6466798220598737 40.10912940793226 0.93
yolo12-14 0.6466798220598737 40.10912940793226 0.93
yolo12-15 0.6466798220598737 40.10912940793226 0.93
yolo2-12 1.1131828887765918 61.69069142438312 0.99
yolo2-13 1.1131828887765918 61.69069142438312 0.99
yolo2-6 1.1131828887765918 61.69069142438312 0.99
yolo3-10 1.3771853222439003 72.07427314927928 0.99
yolo3-14 1.3771853222439003 72.07427314927928 0.99
yolo4-3 0.6994171921765016 42.75592474957246 0.93
yolo4-9 0.6994171921765016 42.75592474957246 0.93
yolo5-15 3.3153097090221793 180.38928251486286 0.99
yolo5-3 3.3153097090221793 180.38928251486286 0.99
yolo6-14 3.3166033667973918 185.88647283980788 0.99
yolo6-15 3.3166033667973918 185.88647283980788 0.99
yolo6-8 3.3166033667973918 185.88647283980788 0.99
yolo7-10 2.2166494101720295 96.30263050737034 0.99
yolo7-14 2.2166494101720295 96.30263050737034 0.99
yolo7-4 2.2166494101720295 96.30263050737034 0.99
yolo8-10 1.1083216627554813 61.48709178271849 0.99
yolo8-13 1.1083216627554813 61.48709178271849 0.99
yolo8-15 1.1083216627554813 61.48709178271849 0.99
yolo8-3 1.1083216627554813 61.48709178271849 0.99
yolo8-9 1.1083216627554813 61.48709178271849 0.99
yolo9-14 0.8124932181009187 48.25311507451749 0.99
yolo9-4 0.8124932181009187 48.25311507451749 0.99
yolo9-6 0.8124932181009187 48.25311507451749 0.99
yolo9-9 0.8124932181009187 48.25311507451749 0.99
audio5-edge-6 1.0 149.23853734017433 0.9
audio5-edge-7 1.0 149.23853734017433 0.9
Sum of bandwidth: 5000.0
Sum weights: 24.55799999999999
Average accuracy: 0.6795349784184382
time: 0.5041928291320801
**time: 16
Allocate Bandwidth: 5000.0
========Allocate Done=============
audio1-11 0.17936909374828083 124.3451888613179 0.2
audio1-13 0.17936909374828083 124.3451888613179 0.2
audio10-14 0.02780079490756178 20.12682657843948 0.2
audio11-15 0.0069501294585739785 5.789909015715468 0.2
audio11-16 0.0069501294585739785 5.789909015715468 0.2
audio12-13 0.38266308187591186 264.13013509787703 0.25
audio2-12 0.030206640920906528 21.781086297215328 0.2
audio2-13 0.030206640920906528 21.781086297215328 0.2
audio2-15 0.030206640920906528 21.781086297215328 0.2
audio2-16 0.030206640920906528 21.781086297215328 0.2
audio4-14 0.32893252091121256 227.18500137854974 0.2
audio4-15 0.32893252091121256 227.18500137854974 0.2
audio4-8 0.32893252091121256 227.18500137854974 0.2
audio6-12 0.14608822389701182 101.46126275158532 0.2
audio6-15 0.14608822389701182 101.46126275158532 0.2
audio7-14 0.1292473018035986 89.8814447201544 0.2
audio8-11 0.020182282531970085 14.88833746898263 0.2
audio8-14 0.020182282531970085 14.88833746898263 0.2
audio8-8 0.020182282531970085 14.88833746898263 0.2
audio9-11 0.08193233020781857 57.34767025089605 0.2
audio9-16 0.08193233020781857 57.34767025089605 0.2
yolo1-13 3.318071540522867 116.90102012682657 0.99
yolo1-15 3.318071540522867 116.90102012682657 0.99
yolo10-14 0.7835821753944847 46.87069203198236 0.955
yolo11-12 3.316217304093644 152.19189412737802 0.99
yolo11-13 3.316217304093644 152.19189412737802 0.99
yolo12-14 0.9434166573237435 54.31486076647367 0.99
yolo12-15 0.9434166573237435 54.31486076647367 0.99
yolo2-13 1.718556616510287 83.54011579818031 0.99
yolo2-6 1.718556616510287 83.54011579818031 0.99
yolo3-10 2.280657369481169 97.60132340777501 0.99
yolo3-14 2.280657369481169 97.60132340777501 0.99
yolo4-16 1.0243432311434524 57.89909015715467 0.99
yolo4-9 1.0243432311434524 57.89909015715467 0.99
yolo5-15 3.3139502797402334 244.27901847256686 0.99
yolo6-14 3.3193049896102336 251.72318720705817 0.99
yolo6-15 3.3193049896102336 251.72318720705817 0.99
yolo6-16 3.3193049896102336 251.72318720705817 0.99
yolo7-10 3.3166546795834426 130.41080783016267 0.99
yolo7-14 3.3166546795834426 130.41080783016267 0.99
yolo8-10 1.7094975274709854 83.264405845051 0.99
yolo8-13 1.7094975274709854 83.264405845051 0.99
yolo8-15 1.7094975274709854 83.264405845051 0.99
yolo8-9 1.7094975274709854 83.264405845051 0.99
yolo9-14 1.202289907726957 65.34325889164599 0.99
audio5-edge-6 1.0 202.09539564378272 0.9
audio5-edge-7 1.0 202.09539564378272 0.9
Sum of bandwidth: 5000.000000000002
Sum weights: 18.135
Average accuracy: 0.7061091811414393
time: 0.5656542778015137
**time: 17
Allocate Bandwidth: 5000.0
========Allocate Done=============
audio1-11 0.14124793197755167 98.13307802776453 0.2
audio1-13 0.14124793197755167 98.13307802776453 0.2
audio10-14 0.021630407303873913 15.884068062143701 0.2
audio10-17 0.021630407303873913 15.884068062143701 0.2
audio11-15 0.0051750864492939065 4.56938944253449 0.2
audio11-16 0.0051750864492939065 4.56938944253449 0.2
audio12-13 0.3016873103097067 208.45119456895432 0.2
audio12-17 0.3016873103097067 208.45119456895432 0.2
audio2-12 0.023529098171710065 17.18960790286784 0.2
audio2-13 0.023529098171710065 17.18960790286784 0.2
audio2-15 0.023529098171710065 17.18960790286784 0.2
audio2-16 0.023529098171710065 17.18960790286784 0.2
audio4-14 0.2592832142613659 179.2941381261152 0.2
audio4-15 0.2592832142613659 179.2941381261152 0.2
audio4-17 0.2592832142613659 179.2941381261152 0.2
audio4-8 0.2592832142613659 179.2941381261152 0.2
audio6-12 0.11498270830581818 80.07311023108058 0.2
audio6-15 0.11498270830581818 80.07311023108058 0.2
audio7-14 0.1016918722309651 70.9343313460116 0.2
audio7-17 0.1016918722309651 70.9343313460116 0.2
audio8-11 0.015617886222392756 11.74985856651726 0.2
audio8-14 0.015617886222392756 11.74985856651726 0.2
audio8-17 0.015617886222392756 11.74985856651726 0.2
audio8-8 0.015617886222392756 11.74985856651726 0.2
audio9-11 0.06435095183018738 45.25871447843685 0.2
audio9-16 0.06435095183018738 45.25871447843685 0.2
yolo1-13 2.03765193458817 92.25814874450589 0.99
yolo1-15 2.03765193458817 92.25814874450589 0.99
yolo1-17 2.03765193458817 92.25814874450589 0.99
yolo10-14 0.5858433059060882 36.990295487183964 0.88
yolo10-17 0.5858433059060882 36.990295487183964 0.88
yolo11-12 3.3177372763976325 120.10966534662089 0.99
yolo11-13 3.3177372763976325 120.10966534662089 0.99
yolo12-14 0.7016178498755247 42.865224770442595 0.955
yolo12-15 0.7016178498755247 42.865224770442595 0.955
yolo2-13 1.2169501937105638 65.92976195656907 0.99
yolo2-17 1.2169501937105638 65.92976195656907 0.99
yolo3-10 1.516682840796031 77.02685060272425 0.99
yolo3-14 1.516682840796031 77.02685060272425 0.99
yolo3-17 1.516682840796031 77.02685060272425 0.99
yolo4-16 0.7592288321096456 45.693894425344894 0.955
yolo4-9 0.7592288321096456 45.693894425344894 0.955
yolo5-15 3.3179820106589024 192.78471648026468 0.99
yolo5-17 3.3179820106589024 192.78471648026468 0.99
yolo6-14 3.318741075886094 198.65964576352332 0.99
yolo6-15 3.318741075886094 198.65964576352332 0.99
yolo6-16 3.318741075886094 198.65964576352332 0.99
yolo7-10 2.600068819641881 102.92005744375302 0.99
yolo7-14 2.600068819641881 102.92005744375302 0.99
yolo7-17 2.600068819641881 102.92005744375302 0.99
yolo8-10 1.211499388828387 65.71217198311504 0.99
yolo8-13 1.211499388828387 65.71217198311504 0.99
yolo8-15 1.211499388828387 65.71217198311504 0.99
yolo8-17 1.211499388828387 65.71217198311504 0.99
yolo8-9 1.211499388828387 65.71217198311504 0.99
yolo9-14 0.8832344692493309 51.568823708603524 0.99
audio5-edge-6 1.0 159.4934505417991 0.9
audio5-edge-7 1.0 159.4934505417991 0.9
Sum of bandwidth: 5000.0
Sum weights: 22.978999999999992
Average accuracy: 0.6844231689803737
time: 0.15073370933532715
**time: 18
Allocate Bandwidth: 5000.0
========Allocate Done=============
audio1-11 0.1417465328372073 98.47591597886375 0.2
audio1-13 0.1417465328372073 98.47591597886375 0.2
audio10-14 0.02171111209933924 15.93956067950566 0.2
audio10-17 0.02171111209933924 15.93956067950566 0.2
audio10-18 0.02171111209933924 15.93956067950566 0.2
audio11-15 0.005198302897304481 4.585353072186561 0.2
audio11-16 0.005198302897304481 4.585353072186561 0.2
audio12-13 0.30274642255704626 209.179440150225 0.2
audio12-17 0.30274642255704626 209.179440150225 0.2
audio2-12 0.023616436238035565 17.249661557273253 0.2
audio2-13 0.023616436238035565 17.249661557273253 0.2
audio2-15 0.023616436238035565 17.249661557273253 0.2
audio2-16 0.023616436238035565 17.249661557273253 0.2
audio4-14 0.2601941834594951 179.92052054674883 0.2
audio4-15 0.2601941834594951 179.92052054674883 0.2
audio4-17 0.2601941834594951 179.92052054674883 0.2
audio4-18 0.2601941834594951 179.92052054674883 0.2
audio4-8 0.2601941834594951 179.92052054674883 0.2
audio6-12 0.11538954891857492 80.35285383641211 0.2
audio6-15 0.11538954891857492 80.35285383641211 0.2
audio7-14 0.10205227994770069 71.182147692039 0.2
audio7-17 0.10205227994770069 71.182147692039 0.2
audio8-11 0.015677585660134233 11.790907899908298 0.2
audio8-14 0.015677585660134233 11.790907899908298 0.2
audio8-17 0.015677585660134233 11.790907899908298 0.2
audio8-8 0.015677585660134233 11.790907899908298 0.2
audio9-11 0.06458090522000641 45.41683042927641 0.2
audio9-16 0.06458090522000641 45.41683042927641 0.2
yolo1-15 2.050988865248758 92.5804620289096 0.99
yolo1-17 2.050988865248758 92.5804620289096 0.99
yolo10-14 0.5883371488130872 37.11952487008168 0.88
yolo10-17 0.5883371488130872 37.11952487008168 0.88
yolo11-12 3.3181787542209595 120.52928075461817 0.99
yolo11-13 3.3181787542209595 120.52928075461817 0.99
yolo12-14 0.7046360221025172 43.01497882003583 0.955
yolo12-15 0.7046360221025172 43.01497882003583 0.955
yolo2-13 1.2227356569558074 66.16009432726322 0.99
yolo2-17 1.2227356569558074 66.16009432726322 0.99
yolo3-10 1.5245733156485468 77.29595178828772 0.99
yolo3-14 1.5245733156485468 77.29595178828772 0.99
yolo3-17 1.5245733156485468 77.29595178828772 0.99
yolo4-16 0.7625188329586399 45.8535307218656 0.955
yolo5-15 3.316444822740084 193.45822961701393 0.99
yolo5-17 3.316444822740084 193.45822961701393 0.99
yolo5-18 3.316444822740084 193.45822961701393 0.99
yolo6-14 3.320876622769732 199.3536835669681 0.99
yolo6-15 3.320876622769732 199.3536835669681 0.99
yolo6-16 3.320876622769732 199.3536835669681 0.99
yolo7-10 2.6269703401308324 103.2796191973449 0.99
yolo7-14 2.6269703401308324 103.2796191973449 0.99
yolo7-17 2.6269703401308324 103.2796191973449 0.99
yolo8-10 1.2172507690127545 65.94174418096863 0.99
yolo8-13 1.2172507690127545 65.94174418096863 0.99
yolo8-15 1.2172507690127545 65.94174418096863 0.99
yolo8-17 1.2172507690127545 65.94174418096863 0.99
yolo8-9 1.2172507690127545 65.94174418096863 0.99
yolo9-14 0.8871372069658964 51.74898467181975 0.99
yolo9-18 0.8871372069658964 51.74898467181975 0.99
Sum of bandwidth: 4999.999999999999
Sum weights: 22.89899999999999
Average accuracy: 0.6584925105899824
time: 0.008266210556030273
**time: 19
Allocate Bandwidth: 5000.0
========Allocate Done=============
audio1-11 0.13151924580342697 91.44363341443638 0.2
audio1-13 0.13151924580342697 91.44363341443638 0.2
audio10-14 0.020055697568372576 14.801297648012982 0.2
audio10-17 0.020055697568372576 14.801297648012982 0.2
audio10-18 0.020055697568372576 14.801297648012982 0.2
audio11-15 0.004722087758259275 4.257907542579077 0.2
audio11-16 0.004722087758259275 4.257907542579077 0.2
audio12-13 0.28102194145203163 194.24168694241695 0.2
audio12-17 0.28102194145203163 194.24168694241695 0.2
audio2-12 0.021824960238770265 16.017842660178434 0.2
audio2-13 0.021824960238770265 16.017842660178434 0.2
audio2-15 0.021824960238770265 16.017842660178434 0.2
audio2-16 0.021824960238770265 16.017842660178434 0.2
audio4-14 0.24150840847981656 167.07218167072187 0.2
audio4-15 0.24150840847981656 167.07218167072187 0.2
audio4-17 0.24150840847981656 167.07218167072187 0.2
audio4-18 0.24150840847981656 167.07218167072187 0.2
audio4-8 0.24150840847981656 167.07218167072187 0.2
audio6-12 0.10704444552959226 74.61476074614764 0.2
audio6-15 0.10704444552959226 74.61476074614764 0.2
audio7-14 0.09465960683680845 66.09894566098949 0.2
audio7-17 0.09465960683680845 66.09894566098949 0.2
audio8-11 0.014453032445446563 10.948905109489056 0.2
audio8-14 0.014453032445446563 10.948905109489056 0.2
audio8-17 0.014453032445446563 10.948905109489056 0.2
audio8-8 0.014453032445446563 10.948905109489056 0.2
audio9-11 0.05986410765232055 42.173560421735615 0.2
audio9-16 0.05986410765232055 42.173560421735615 0.2
yolo1-15 1.8007049763619445 85.96918085969185 0.99
yolo1-17 1.8007049763619445 85.96918085969185 0.99
yolo1-19 1.8007049763619445 85.96918085969185 0.99
yolo10-14 0.5376311212161546 34.46877534468777 0.88
yolo10-17 0.5376311212161546 34.46877534468777 0.88
yolo11-12 3.3181135458545703 111.92214111922146 0.99
yolo11-13 3.3181135458545703 111.92214111922146 0.99
yolo12-14 0.6434088699506237 39.943227899432294 0.93
yolo12-15 0.6434088699506237 39.943227899432294 0.93
yolo2-13 1.1070920852979815 61.435523114355256 0.99
yolo2-17 1.1070920852979815 61.435523114355256 0.99
yolo3-10 1.3691069549970218 71.77615571776158 0.99
yolo3-14 1.3691069549970218 71.77615571776158 0.99
yolo3-17 1.3691069549970218 71.77615571776158 0.99
yolo4-16 0.6958604019329151 42.57907542579077 0.93
yolo5-15 3.317687978327221 179.64314679643155 0.99
yolo5-17 3.317687978327221 179.64314679643155 0.99
yolo5-18 3.317687978327221 179.64314679643155 0.99
yolo5-19 3.317687978327221 179.64314679643155 0.99
yolo6-14 3.31846673930704 185.11759935117607 0.99
yolo6-15 3.31846673930704 185.11759935117607 0.99
yolo6-16 3.31846673930704 185.11759935117607 0.99
yolo7-10 2.1977497785063904 95.90429845904302 0.99
yolo7-14 2.1977497785063904 95.90429845904302 0.99
yolo7-17 2.1977497785063904 95.90429845904302 0.99
yolo8-10 1.1022642529605653 61.232765612327675 0.99
yolo8-13 1.1022642529605653 61.232765612327675 0.99
yolo8-15 1.1022642529605653 61.232765612327675 0.99
yolo8-17 1.1022642529605653 61.232765612327675 0.99
yolo8-9 1.1022642529605653 61.232765612327675 0.99
yolo9-14 0.8082986193032226 48.05352798053529 0.99
yolo9-18 0.8082986193032226 48.05352798053529 0.99
audio1-edge-13 1.0 91.44363341443638 0.9
Sum of bandwidth: 5000.0000000000055
Sum weights: 24.65999999999999
Average accuracy: 0.6799075425790757
time: 0.647545337677002
**time: 20
Allocate Bandwidth: 5000.0
========Allocate Done=============
audio1-11 0.126376346194335 87.90737564322474 0.2
audio1-13 0.126376346194335 87.90737564322474 0.2
audio10-14 0.01922325483785436 14.22891002650866 0.2
audio10-17 0.01922325483785436 14.22891002650866 0.2
audio10-18 0.01922325483785436 14.22891002650866 0.2
audio11-15 0.004482617931671845 4.0932480898175605 0.2
audio11-16 0.004482617931671845 4.0932480898175605 0.2
audio12-13 0.27009755602961455 186.73007952596296 0.2
audio12-17 0.27009755602961455 186.73007952596296 0.2
audio2-12 0.0209240975577985 15.398409480742249 0.2
audio2-13 0.0209240975577985 15.398409480742249 0.2
audio2-15 0.0209240975577985 15.398409480742249 0.2
audio2-16 0.0209240975577985 15.398409480742249 0.2
audio3-20 0.04105073641047079 29.237486355839714 0.2
audio4-14 0.23211206861752884 160.61125838141282 0.2
audio4-15 0.23211206861752884 160.61125838141282 0.2
audio4-17 0.23211206861752884 160.61125838141282 0.2
audio4-18 0.23211206861752884 160.61125838141282 0.2
audio4-8 0.23211206861752884 160.61125838141282 0.2
audio6-12 0.10284802190177443 71.7292998596601 0.2
audio6-15 0.10284802190177443 71.7292998596601 0.2
audio7-14 0.09094212286216546 63.54280368002498 0.2
audio7-17 0.09094212286216546 63.54280368002498 0.2
audio8-11 0.013837252891364598 10.525495088102296 0.2
audio8-14 0.013837252891364598 10.525495088102296 0.2
audio8-17 0.013837252891364598 10.525495088102296 0.2
audio8-20 0.013837252891364598 10.525495088102296 0.2
audio8-8 0.013837252891364598 10.525495088102296 0.2
audio9-11 0.05749221603659743 40.5426477467644 0.2
audio9-16 0.05749221603659743 40.5426477467644 0.2
yolo1-15 1.68931724520513 82.64462809917359 0.99
yolo1-17 1.68931724520513 82.64462809917359 0.99
yolo1-19 1.68931724520513 82.64462809917359 0.99
yolo10-14 0.5124793438502631 33.13581786995168 0.88
yolo10-17 0.5124793438502631 33.13581786995168 0.88
yolo10-20 0.5124793438502631 33.13581786995168 0.88
yolo11-12 3.167425545321856 107.59394978949015 0.99
yolo11-13 3.167425545321856 107.59394978949015 0.99
yolo12-14 0.6131438186500648 38.398565414002825 0.93
yolo12-15 0.6131438186500648 38.398565414002825 0.93
yolo2-13 1.05116777376519 59.05972243879622 0.99
yolo2-17 1.05116777376519 59.05972243879622 0.99
yolo3-10 1.2954398165982937 69.00046779978172 0.99
yolo3-14 1.2954398165982937 69.00046779978172 0.99
yolo3-17 1.2954398165982937 69.00046779978172 0.99
yolo4-16 0.662972837388312 40.9324808981756 0.93
yolo5-15 3.319062231181467 172.6960860751599 0.99
yolo5-17 3.319062231181467 172.6960860751599 0.99
yolo5-18 3.319062231181467 172.6960860751599 0.99
yolo5-19 3.319062231181467 172.6960860751599 0.99
yolo6-14 3.318172702778786 177.95883361921108 0.99
yolo6-15 3.318172702778786 177.95883361921108 0.99
yolo6-16 3.318172702778786 177.95883361921108 0.99
yolo7-10 2.035077356962789 92.1955403087479 0.99
yolo7-14 2.035077356962789 92.1955403087479 0.99
yolo7-17 2.035077356962789 92.1955403087479 0.99
yolo7-20 2.035077356962789 92.1955403087479 0.99
yolo8-10 1.0466407250945462 58.86480586309062 0.99
yolo8-13 1.0466407250945462 58.86480586309062 0.99
yolo8-15 1.0466407250945462 58.86480586309062 0.99
yolo8-9 1.0466407250945462 58.86480586309062 0.99
yolo9-14 0.7695752783490329 46.19522844222674 0.955
yolo9-18 0.7695752783490329 46.19522844222674 0.955
audio1-edge-13 1.0 87.90737564322474 0.9
audio2-edge-13 1.0 15.398409480742249 0.9
audio6-edge-15 1.0 71.7292998596601 0.9
Sum of bandwidth: 5000.000000000003
Sum weights: 25.651999999999987
Average accuracy: 0.6826726960860754
time: 0.91827392578125
**time: 21
Allocate Bandwidth: 5000.0
========Allocate Done=============
audio1-21 0.17729897767738165 122.92177705096762 0.2
audio10-17 0.02746572068766014 19.89642954483511 0.2
audio10-18 0.02746572068766014 19.89642954483511 0.2
audio11-15 0.0068537382446296705 5.723630417007362 0.2
audio12-13 0.3782658064969287 261.1065685472882 0.2
audio12-17 0.3782658064969287 261.1065685472882 0.2
audio3-20 0.057987310074455255 40.88307440719544 0.2
audio4-14 0.3251503132783502 224.5843554101936 0.2
audio4-15 0.3251503132783502 224.5843554101936 0.2
audio4-17 0.3251503132783502 224.5843554101936 0.2
audio4-18 0.3251503132783502 224.5843554101936 0.2
audio5-21 0.28907934400304686 199.78195693649505 0.2
audio6-21 0.144399082624083 100.29980921231947 0.2
audio7-14 0.1277509429585584 88.85254837830476 0.2
audio7-17 0.1277509429585584 88.85254837830476 0.2
audio8-17 0.01993441941039901 14.717906786590358 0.2
audio8-20 0.01993441941039901 14.717906786590358 0.2
audio9-16 0.08097759818398924 56.691196511311006 0.2
audio9-21 0.08097759818398924 56.691196511311006 0.2
yolo1-15 3.31940364126803 115.56282365767244 0.99
yolo1-17 3.31940364126803 115.56282365767244 0.99
yolo1-19 3.31940364126803 115.56282365767244 0.99
yolo10-14 0.7724497799374662 46.3341509948215 0.955
yolo10-17 0.7724497799374662 46.3341509948215 0.955
yolo10-20 0.7724497799374662 46.3341509948215 0.955
yolo11-13 3.3175491256898275 150.44971381847924 0.99
yolo12-14 0.9296574155034893 53.69310438811668 0.99
yolo12-15 0.9296574155034893 53.69310438811668 0.99
yolo2-13 1.6873504432980424 82.58381030253479 0.99
yolo2-17 1.6873504432980424 82.58381030253479 0.99
yolo3-17 2.225365836844831 96.48405560098124 0.99
yolo4-16 1.0091647209716699 57.236304170073616 0.99
yolo5-15 3.320427463671615 241.4826928318344 0.99
yolo5-17 3.320427463671615 241.4826928318344 0.99
yolo5-18 3.320427463671615 241.4826928318344 0.99
yolo6-16 3.318051721619925 248.84164622512958 0.99
yolo7-14 3.318233099411757 128.91796129735627 0.99
yolo7-17 3.318233099411757 128.91796129735627 0.99
yolo7-20 3.318233099411757 128.91796129735627 0.99
yolo8-13 1.6785652401436528 82.31125647315348 0.99
audio1-edge-13 1.0 122.92177705096762 0.9
audio2-edge-13 1.0 21.531752521122932 0.9
audio6-edge-15 1.0 100.29980921231947 0.9
Sum of bandwidth: 5000.0000000000055
Sum weights: 18.34499999999999
Average accuracy: 0.6290460615971659
time: 0.005808353424072266
**time: 22
Allocate Bandwidth: 5000.0
========Allocate Done=============
audio1-21 0.15256296785650872 105.9132966981354 0.2
audio10-17 0.02346188761244124 17.143393922314598 0.2
audio10-18 0.02346188761244124 17.143393922314598 0.2
audio11-15 0.005701950647648891 4.931661265323378 0.2
audio12-13 0.3257223532632341 224.97769010379977 0.2
audio12-17 0.3257223532632341 224.97769010379977 0.2
audio12-22 0.3257223532632341 224.97769010379977 0.2
audio2-22 0.02551111110837882 18.552439998121276 0.2
audio3-20 0.04976025581030683 35.22615189516698 0.2
audio4-14 0.27995636185396156 193.50899441078394 0.2
audio4-15 0.27995636185396156 193.50899441078394 0.2
audio4-17 0.27995636185396156 193.50899441078394 0.2
audio4-18 0.27995636185396156 193.50899441078394 0.2
audio5-21 0.2488764721655749 172.1384622610493 0.2
audio6-21 0.12421537616270553 86.42149264947632 0.2
audio7-14 0.10987081169114249 76.55817011882958 0.2
audio7-17 0.10987081169114249 76.55817011882958 0.2
audio8-17 0.016972679875305575 12.681414682260113 0.2
audio8-20 0.016972679875305575 12.681414682260113 0.2
audio9-16 0.06956941627103676 48.84693062796488 0.2
audio9-21 0.06956941627103676 48.84693062796488 0.2
yolo1-15 2.386179588508808 99.57258935700533 0.99
yolo1-17 2.386179588508808 99.57258935700533 0.99
yolo1-19 2.386179588508808 99.57258935700533 0.99
yolo10-14 0.6430097769127936 39.922972147855916 0.93
yolo10-17 0.6430097769127936 39.922972147855916 0.93
yolo10-20 0.6430097769127936 39.922972147855916 0.93
yolo11-13 3.3179779997849685 129.63223897421452 0.99
yolo12-14 0.7709912206365138 46.26367948898597 0.955
yolo12-15 0.7709912206365138 46.26367948898597 0.955
yolo2-13 1.3524305582842486 71.1568268282373 0.99
yolo2-17 1.3524305582842486 71.1568268282373 0.99
yolo2-22 1.3524305582842486 71.1568268282373 0.99
yolo3-17 1.7052212688632027 83.13371847259407 0.99
yolo3-22 1.7052212688632027 83.13371847259407 0.99
yolo4-16 0.8349635671714952 49.316612653233776 0.99
yolo5-15 3.3168991147270446 208.06913719411963 0.99
yolo5-17 3.3168991147270446 208.06913719411963 0.99
yolo5-18 3.3168991147270446 208.06913719411963 0.99
yolo6-16 3.3160768256951645 214.4098445352497 0.99
yolo7-14 3.3189039395777624 111.07979897609322 0.99
yolo7-17 3.3189039395777624 111.07979897609322 0.99
yolo7-20 3.3189039395777624 111.07979897609322 0.99
yolo8-13 1.346143978206109 70.92198581560285 0.99
audio1-edge-13 1.0 105.9132966981354 0.9
audio1-edge-18 1.0 105.9132966981354 0.9
audio10-edge-17 1.0 17.143393922314598 0.9
audio10-edge-18 1.0 17.143393922314598 0.9
audio2-edge-13 1.0 18.552439998121276 0.9
audio2-edge-18 1.0 18.552439998121276 0.9
audio6-edge-15 1.0 86.42149264947632 0.9
audio6-edge-18 1.0 86.42149264947632 0.9
audio9-edge-16 1.0 48.84693062796488 0.9
Sum of bandwidth: 4999.999999999999
Sum weights: 21.290999999999993
Average accuracy: 0.6339739796158006
time: 0.019412755966186523
**time: 23
Allocate Bandwidth: 5000.0
========Allocate Done=============
audio1-21 0.18445420939921695 127.84171438290157 0.2
audio1-23 0.18445420939921695 127.84171438290157 0.2
audio11-15 0.007186908679571004 5.952718408073022 0.2
audio12-13 0.39346472443377617 271.5573445206645 0.25
audio12-17 0.39346472443377617 271.5573445206645 0.25
audio12-22 0.39346472443377617 271.5573445206645 0.25
audio2-22 0.031097381799895338 22.393559725608036 0.2
audio3-20 0.06036709889546477 42.51941720052158 0.2
audio4-14 0.3382232865350958 233.5733318215319 0.2
audio4-18 0.3382232865350958 233.5733318215319 0.2
audio5-21 0.3007085787083801 207.77821871988215 0.2
audio6-21 0.15023749786495968 104.31430353194628 0.2
audio7-14 0.13292301732955242 92.40886671580024 0.2
audio8-17 0.020791143385962434 15.30699019218777 0.2
audio8-20 0.020791143385962434 15.30699019218777 0.2
audio9-21 0.08427757201578912 58.9602585180566 0.2
audio9-23 0.08427757201578912 58.9602585180566 0.2
yolo1-17 3.317562071746982 120.18821928680768 0.99
yolo1-19 3.317562071746982 120.18821928680768 0.99
yolo1-23 3.317562071746982 120.18821928680768 0.99
yolo10-14 0.8111381078862274 48.1886728272578 0.99
yolo10-17 0.8111381078862274 48.1886728272578 0.99
yolo10-20 0.8111381078862274 48.1886728272578 0.99
yolo10-23 0.8111381078862274 48.1886728272578 0.99
yolo11-13 3.3184046446460798 156.47145529791945 0.99
yolo12-14 0.9775587975615286 55.84216792335168 0.99
yolo12-15 0.9775587975615286 55.84216792335168 0.99
yolo2-13 1.7979302088650053 85.8892227450536 0.99
yolo2-17 1.7979302088650053 85.8892227450536 0.99
yolo2-22 1.7979302088650053 85.8892227450536 0.99
yolo3-22 2.4309926890637015 100.34582459323093 0.99
yolo4-16 1.062061858080415 59.527184080730215 0.99
yolo5-17 3.3210887684203714 251.14802426441418 0.99
yolo5-18 3.3210887684203714 251.14802426441418 0.99
yolo7-14 3.318732117160442 134.07789557231138 0.99
yolo7-17 3.318732117160442 134.07789557231138 0.99
yolo7-20 3.318732117160442 134.07789557231138 0.99
yolo8-23 1.7881338161755278 85.60575996371679 0.99
audio1-edge-13 1.0 127.84171438290157 0.9
audio1-edge-18 1.0 127.84171438290157 0.9
audio10-edge-17 1.0 20.69278303758717 0.9
audio10-edge-18 1.0 20.69278303758717 0.9
audio2-edge-13 1.0 22.393559725608036 0.9
audio2-edge-18 1.0 22.393559725608036 0.9
audio6-edge-15 1.0 104.31430353194628 0.9
audio6-edge-18 1.0 104.31430353194628 0.9
audio9-edge-16 1.0 58.9602585180566 0.9
Sum of bandwidth: 5000.000000000004
Sum weights: 17.638999999999996
Average accuracy: 0.6456749248823633
time: 0.23569416999816895
**time: 24
Allocate Bandwidth: 5000.0
========Allocate Done=============
audio1-21 0.15287468810670263 106.12763554216873 0.2
audio1-23 0.15287468810670263 106.12763554216873 0.2
audio11-15 0.005716465337790958 4.941641566265063 0.2
audio12-13 0.3263844996040008 225.43298192771096 0.2
audio12-17 0.3263844996040008 225.43298192771096 0.2
audio12-22 0.3263844996040008 225.43298192771096 0.2
audio12-24 0.3263844996040008 225.43298192771096 0.2
audio2-22 0.025565713990341837 18.589984939759045 0.2
audio3-20 0.04986393216846445 35.29743975903616 0.2
audio3-24 0.04986393216846445 35.29743975903616 0.2
audio4-14 0.2805258906481074 193.90060240963865 0.2
audio5-21 0.24938310396910515 172.48682228915672 0.2
audio6-21 0.12446972882805224 86.59638554216872 0.2
audio6-24 0.12446972882805224 86.59638554216872 0.2
audio7-14 0.11009613497620506 76.7131024096386 0.2
audio7-24 0.11009613497620506 76.7131024096386 0.2
audio8-17 0.017010003364242316 12.707078313253017 0.2
audio8-20 0.017010003364242316 12.707078313253017 0.2
audio9-21 0.06971318082101534 48.945783132530146 0.2
audio9-23 0.06971318082101534 48.945783132530146 0.2
yolo1-17 2.3976477175302673 99.77409638554221 0.99
yolo1-19 2.3976477175302673 99.77409638554221 0.99
yolo1-23 2.3976477175302673 99.77409638554221 0.99
yolo10-14 0.6446019707108386 40.00376506024099 0.93
yolo10-17 0.6446019707108386 40.00376506024099 0.93
yolo10-20 0.6446019707108386 40.00376506024099 0.93
yolo10-23 0.6446019707108386 40.00376506024099 0.93
yolo12-15 0.7729291680762367 46.3573042168675 0.955
yolo12-24 0.7729291680762367 46.3573042168675 0.955
yolo2-13 1.3562953730619869 71.30082831325305 0.99
yolo2-17 1.3562953730619869 71.30082831325305 0.99
yolo2-22 1.3562953730619869 71.30082831325305 0.99
yolo3-22 1.7107283811066323 83.30195783132534 0.99
yolo3-24 1.7107283811066323 83.30195783132534 0.99
yolo4-16 0.8370827238842662 49.41641566265063 0.99
yolo4-24 0.8370827238842662 49.41641566265063 0.99
yolo5-17 3.3174573443850592 208.4902108433736 0.99
yolo5-18 3.3174573443850592 208.4902108433736 0.99
yolo5-24 3.3174573443850592 208.4902108433736 0.99
yolo6-24 3.3154379640577916 214.8437500000001 0.99
yolo7-14 3.318041441082967 111.30459337349403 0.99
yolo7-17 3.318041441082967 111.30459337349403 0.99
yolo7-20 3.318041441082967 111.30459337349403 0.99
yolo7-24 3.318041441082967 111.30459337349403 0.99
yolo8-23 1.3499837195977373 71.0655120481928 0.99
yolo9-24 0.9759333013291647 55.76995481927713 0.99
audio1-edge-18 1.0 106.12763554216873 0.9
audio10-edge-17 1.0 17.178087349397597 0.9
audio10-edge-18 1.0 17.178087349397597 0.9
audio2-edge-18 1.0 18.589984939759045 0.9
audio6-edge-15 1.0 86.59638554216872 0.9
audio6-edge-18 1.0 86.59638554216872 0.9
yolo1-edge-15 2.8571001342491393 99.77409638554221 0.99
yolo1-edge-17 2.8571001342491393 99.77409638554221 0.99
Sum of bandwidth: 4999.999999999998
Sum weights: 21.24799999999999
Average accuracy: 0.6615907379518077
time: 0.006380796432495117
**time: 25
Allocate Bandwidth: 5000.0
========Allocate Done=============
audio1-21 0.16615159422203138 115.25683618706879 0.2
audio1-23 0.16615159422203138 115.25683618706879 0.2
audio11-15 0.006334680478416023 5.366726296958857 0.2
audio12-17 0.35458688554299184 244.82494249936119 0.2
audio12-22 0.35458688554299184 244.82494249936119 0.2
audio12-24 0.35458688554299184 244.82494249936119 0.2
audio2-22 0.027891380471740886 20.189113212369033 0.2
audio3-20 0.054279754601500634 38.33375926399184 0.2
audio3-24 0.054279754601500634 38.33375926399184 0.2
audio4-14 0.3047834752135861 210.5801175568618 0.2
audio5-21 0.27096175625854196 187.32430360337344 0.2
audio6-21 0.13530321319710098 94.04548939432664 0.2
audio6-24 0.13530321319710098 94.04548939432664 0.2
audio7-14 0.11969318906400367 83.31203680040892 0.2
audio7-24 0.11969318906400367 83.31203680040892 0.2
audio8-20 0.018599699440135342 13.800153335037061 0.2
audio9-21 0.07583645459482549 53.15614617940201 0.2
audio9-23 0.07583645459482549 53.15614617940201 0.2
yolo1-17 3.318252470261164 108.35675951955025 0.99
yolo1-19 3.318252470261164 108.35675951955025 0.99
yolo1-23 3.318252470261164 108.35675951955025 0.99
yolo10-14 0.7133207197629693 43.444927165857415 0.955
yolo10-17 0.7133207197629693 43.444927165857415 0.955
yolo10-20 0.7133207197629693 43.444927165857415 0.955
yolo10-23 0.7133207197629693 43.444927165857415 0.955
yolo12-15 0.856887276055511 50.34500383337595 0.99
yolo12-24 0.856887276055511 50.34500383337595 0.99
yolo2-13 1.5286403181344692 77.43419371326351 0.99
yolo2-22 1.5286403181344692 77.43419371326351 0.99
yolo3-22 1.9659575884259508 90.46767186302073 0.99
yolo3-24 1.9659575884259508 90.46767186302073 0.99
yolo4-16 0.9290872697274891 53.66726296958857 0.99
yolo4-24 0.9290872697274891 53.66726296958857 0.99
yolo5-17 3.317584169590414 226.42473805264513 0.99
yolo5-18 3.317584169590414 226.42473805264513 0.99
yolo5-24 3.317584169590414 226.42473805264513 0.99
yolo6-24 3.3188128732319955 233.32481472016366 0.99
yolo7-14 3.318433603360769 120.87912087912092 0.99
yolo7-17 3.318433603360769 120.87912087912092 0.99
yolo7-20 3.318433603360769 120.87912087912092 0.99
yolo7-24 3.318433603360769 120.87912087912092 0.99
yolo8-23 1.5211291497590802 77.17863531817022 0.99
yolo9-24 1.086493274512544 60.5673396371071 0.99
audio1-edge-18 1.0 115.25683618706879 0.9
audio10-edge-17 1.0 18.65576284180936 0.9
audio10-edge-18 1.0 18.65576284180936 0.9
audio2-edge-18 1.0 20.189113212369033 0.9
audio6-edge-18 1.0 94.04548939432664 0.9
yolo1-edge-15 2.857802895635306 108.35675951955025 0.99
yolo1-edge-17 2.857802895635306 108.35675951955025 0.99
Sum of bandwidth: 5000.000000000001
Sum weights: 19.564999999999994
Average accuracy: 0.6774699718885768
time: 0.5121128559112549
