time: 0
  Time         enp0s25      
HH:MM:SS   Kbps in  Kbps out
15:09:47   1795.74     26.52
15:09:50   1859.63     23.01
15:09:53   1439.35     13.51
15:09:56   1804.39     26.11
15:09:59   1770.06     20.84
15:10:02   1766.00      9.42
15:10:05   1563.12     21.86
15:10:08   4722.55     57.13
15:10:11   3492.79     34.20
15:10:14   1706.73      7.76
15:10:17   2972.79     29.79
15:10:20   3472.66     39.22
15:10:23   1771.37      6.64
15:10:26   3468.84     29.97
15:10:29   3163.50     29.20
15:10:32   1805.45      9.15
15:10:35   3373.08     31.81
15:10:38   3383.22     35.63
15:10:41   1560.42     16.73
Connection to 192.168.1.102 closed.
time: 1
  Time         enp0s25      
HH:MM:SS   Kbps in  Kbps out
15:10:47   2867.74     20.64
15:10:50   3269.73     60.70
15:10:53   3330.05     43.78
15:10:56   1847.22     15.12
15:10:59   3586.86    192.63
15:11:02   3888.15     26.52
15:11:05   3610.21     25.97
15:11:08   4832.15     57.72
15:11:11   1750.18      9.91
15:11:14   3881.00     27.38
15:11:17   3309.71     23.02
15:11:20   1363.53     18.42
15:11:23   3479.75     32.18
15:11:26   3504.46     27.13
15:11:29   2004.04     15.43
15:11:32   3110.02     25.37
15:11:35   3138.13     31.73
15:11:38   3309.43     31.32
15:11:41   1768.05      8.75
Connection to 192.168.1.102 closed.
time: 2
  Time         enp0s25      
HH:MM:SS   Kbps in  Kbps out
15:11:47   2924.45     26.51
15:11:50   1764.86     18.37
15:11:53   3523.51     34.49
15:11:56   3336.09     52.89
15:11:59   1322.62     24.92
15:12:02   3479.90     32.07
15:12:05   3363.99     37.36
15:12:08   1730.22     12.94
15:12:11   3127.39     30.67
15:12:14   3173.46     29.42
15:12:17   3445.81     29.18
15:12:20   1877.28     17.00
15:12:23   3336.41     30.90
15:12:26   3527.32     34.67
15:12:29   1320.16     12.60
15:12:32   3069.24     19.73
15:12:35   3416.13     29.22
15:12:38   2847.39     27.23
15:12:41   2966.53     27.58
Connection to 192.168.1.102 closed.
time: 3
  Time         enp0s25      
HH:MM:SS   Kbps in  Kbps out
15:12:47   3966.45     40.28
15:12:50   3550.74     44.52
15:12:53   1972.90     38.39
15:12:56   3455.74     28.48
15:12:59   3812.44     44.23
15:13:02   3563.25     27.74
15:13:05   2992.14     27.83
15:13:08   1949.87     16.26
15:13:11   3414.44     20.43
15:13:14   3508.08     28.71
15:13:17   1830.55      8.37
15:13:20   3715.60     39.52
15:13:23   3517.08     26.88
15:13:26   1776.81      8.19
15:13:29   3095.28     40.56
15:13:32   3406.01     20.26
15:13:35   3681.25     32.52
15:13:38   1945.93     14.57
15:13:41   3511.91     37.50
Connection to 192.168.1.102 closed.
time: 4
  Time         enp0s25      
HH:MM:SS   Kbps in  Kbps out
15:13:47   2140.81     39.65
15:13:50   3584.92     43.94
15:13:54   3614.05     33.53
15:13:57   1749.62     11.94
15:14:00   3018.74     40.39
15:14:03   3405.54     35.53
15:14:06   1801.61     11.90
15:14:09   3386.46     35.64
15:14:12   3549.55     33.51
15:14:15   3368.39     28.29
15:14:18   1790.90      8.04
15:14:21   3444.66     24.94
15:14:24   1831.78     22.79
15:14:27   2921.18     18.55
15:14:30   3356.76     29.25
15:14:33   3270.47     26.62
15:14:36   2437.28     32.20
15:14:39   3335.08     33.83
15:14:42   3385.10     26.12
Connection to 192.168.1.102 closed.
time: 5
  Time         enp0s25      
HH:MM:SS   Kbps in  Kbps out
15:14:48   3032.49     33.20
15:14:51   2461.32     33.03
15:14:54   4343.65     83.75
15:14:57   3172.79     62.26
15:15:00  39079.42    858.95
15:15:03  76477.51   1737.13
15:15:06  81518.16   1818.60
15:15:09  99491.06   2197.61
15:15:12  99671.19   2178.55
15:15:15  98906.19   2167.00
15:15:18  98620.76   2050.12
15:15:21  99268.97   2045.03
15:15:24  98243.16   1990.12
15:15:27  98096.97   2109.26
15:15:30  99472.45   2106.34
15:15:33  99696.71   2097.75
15:15:36  99379.31   2141.38
15:15:39  99019.73   2112.99
15:15:42  99686.68   2020.05
Connection to 192.168.1.102 closed.
time: 6
  Time         enp0s25      
HH:MM:SS   Kbps in  Kbps out
15:15:49  97856.51   1870.39
15:15:52  98829.57   2015.42
15:15:55  98888.59   2127.23
15:15:58  98555.18   2038.59
15:16:01  97421.25   2112.86
15:16:04  98633.26   2426.02
15:16:07  98298.64   2128.40
15:16:10  74882.00   1684.43
15:16:13  88496.42   1965.76
15:16:16  41223.75   1014.90
15:16:19   3308.69    105.06
15:16:22   4962.97    192.44
15:16:25   1747.15    130.95
15:16:28   3490.20     99.30
15:16:31   3464.83    125.54
15:16:34   1657.06     81.19
15:16:37   3280.56     93.39
15:16:40   3431.83    108.28
15:16:43   1979.54     12.73
Connection to 192.168.1.102 closed.
time: 7
  Time         enp0s25      
HH:MM:SS   Kbps in  Kbps out
15:16:48   4002.35    106.30
15:16:51   1818.62     55.41
15:16:54   2985.43    102.11
15:16:57   3490.78    125.43
15:17:00  63953.17   1403.15
15:17:03  88261.41   1888.08
15:17:06  92175.04   2011.65
15:17:09  93164.51   2054.95
15:17:12  96167.17   2149.73
15:17:15  87809.63   1873.96
15:17:18  79742.24   1747.07
15:17:21  54021.82   1231.46
15:17:24  88671.63   1910.26
15:17:27  96276.80   2119.69
15:17:30  81698.67   2778.05
15:17:33  82979.71   1854.27
15:17:36  98215.27   2081.57
15:17:39  84516.15   1899.92
15:17:42  85407.67   1898.67
Connection to 192.168.1.102 closed.
time: 8
  Time         enp0s25      
HH:MM:SS   Kbps in  Kbps out
15:17:48  80800.83   1692.94
15:17:51  85570.69   1916.65
15:17:54  86502.13   1917.61
15:17:57  68325.69   1559.51
15:18:00  50270.41   2049.16
15:18:03  82884.63   1835.55
15:18:06  60896.47   1334.04
15:18:09  68819.04   1522.16
15:18:12  68760.59   2489.50
15:18:15  78887.10   1671.13
15:18:18  63523.81   1408.55
15:18:21  66403.52   1489.77
15:18:24  78006.38   2639.76
15:18:27  37950.09    780.00
15:18:30  35924.57    769.09
15:18:33  37857.77    809.35
15:18:36  26519.72    852.78
15:18:39  36165.48   1342.61
15:18:42  38103.65    808.78
Connection to 192.168.1.102 closed.
time: 9
  Time         enp0s25      
HH:MM:SS   Kbps in  Kbps out
15:18:48  36997.38    800.44
15:18:51  34532.64   1683.98
15:18:54  34590.86    706.05
15:18:57  25010.56    579.25
15:19:00  30297.31    730.31
15:19:03  27848.64   1612.01
15:19:06  25669.31    525.00
15:19:09  48731.27   1121.24
15:19:12  40170.70    904.19
15:19:15  29755.41   1643.06
15:19:18   3301.53     37.07
15:19:21   1915.06     89.70
15:19:24   5717.02   1097.48
15:19:27   1925.37     91.37
15:19:30   3373.07     45.23
15:19:33   3097.38    913.87
15:19:36   3324.59    281.64
15:19:39   1771.62     88.61
15:19:42   3333.04     31.91
Connection to 192.168.1.102 closed.
time: 10
  Time         enp0s25      
HH:MM:SS   Kbps in  Kbps out
15:19:48   3164.47   1071.08
15:19:51   3440.36    101.42
15:19:54   3335.98     27.35
15:19:57   1392.25     81.75
15:20:00   3584.70   1066.09
15:20:03   3273.35     98.35
15:20:06   1830.91      8.36
15:20:09   2902.81    107.07
15:20:12   3354.18    669.37
15:20:15   1597.60    469.16
15:20:18   3369.59     59.12
15:20:21   2979.55     66.47
15:20:24   2160.72     74.82
15:20:27   3109.54   1058.96
15:20:30   2883.06     29.00
15:20:33   3000.13     99.04
15:20:36   3248.99    252.04
15:20:39   3524.00    906.83
15:20:42   3430.21     40.34
Connection to 192.168.1.102 closed.
time: 11
  Time         enp0s25      
HH:MM:SS   Kbps in  Kbps out
15:21:20   1872.21    112.02
15:21:23   3313.84    120.19
15:21:26   3765.94    701.48
15:21:29   3690.05   1423.27
15:21:32   1533.73    107.98
15:21:35   3749.10    143.66
15:21:38   3834.32     57.03
15:21:41   1926.64   2036.17
15:21:44   3765.01    116.05
15:21:47   3603.26    127.29
15:21:50   1984.62    118.98
15:21:53  62047.18   1834.79
15:21:56  70591.59   2425.61
15:21:59  77096.40   3911.11
15:22:02  72215.88   1727.67
15:22:05  37795.04   2789.75
15:22:08  70386.86   3530.76
15:22:11  74412.84   1805.56
15:22:14  62338.44   1628.50
Connection to 192.168.1.102 closed.
time: 12
  Time         enp0s25      
HH:MM:SS   Kbps in  Kbps out
15:22:21  89449.13   2090.81
15:22:24  84575.32   1841.31
15:22:27  49635.73   1069.23
15:22:30  45770.66   3843.45
15:22:33  39810.37   1868.96
15:22:36  60995.91   1305.34
15:22:39  47890.82   1090.65
15:22:42  43440.58   2432.43
15:22:45  66659.08   3737.83
15:22:48  61363.64   1366.11
15:22:51  82473.49   1810.37
15:22:54  72408.66   1786.61
15:22:57  72317.30   4975.13
15:23:00  66199.27   1729.59
15:23:03  75971.24   1524.81
15:23:06  51352.66   4447.52
15:23:09  88843.71   4320.43
15:23:12  97685.25   2763.57
15:23:15  89347.73   4998.51
Connection to 192.168.1.102 closed.
time: 13
  Time         enp0s25      
HH:MM:SS   Kbps in  Kbps out
15:23:21  95976.47   3615.43
15:23:24  70517.04   4540.89
15:23:27   4797.68   2652.77
15:23:30   3042.12   1085.37
15:23:33   3483.77   4060.68
15:23:36   3916.20   1687.03
15:23:39   2168.15   3000.63
15:23:42   3194.20   1561.58
15:23:45   3286.78   3217.57
15:23:48   1900.03   1105.18
15:23:51   3491.34   1060.84
15:23:54   3508.11   4683.44
15:23:57   1863.63    149.62
15:24:00   3200.93   1999.32
15:24:03   3680.49   1952.67
15:24:06   2387.57     25.77
15:24:09   2260.99   1905.33
15:24:12   3331.88   2023.06
15:24:15   3268.30    322.54
Connection to 192.168.1.102 closed.
time: 14
  Time         enp0s25      
HH:MM:SS   Kbps in  Kbps out
15:24:20   3798.45    917.90
15:24:23   2439.27   3337.55
15:24:26   3246.17    865.37
15:24:29   3351.35    555.02
15:24:32   3813.43   3907.48
15:24:35   1755.98    277.51
15:24:38   3141.32    203.34
15:24:41   3917.54   3883.89
15:24:44   1363.45    152.07
15:24:47   3265.69   1218.91
15:24:50   3638.42   2982.65
15:24:53   1683.08      8.69
15:24:56   3040.63   2050.24
15:24:59   3641.04    107.24
15:25:02   1932.91     83.01
15:25:05   2998.29   1966.00
15:25:08   2824.34     89.94
15:25:11   2727.34    924.02
15:25:14   3547.23   1209.70
Connection to 192.168.1.102 closed.
time: 15
  Time         enp0s25      
HH:MM:SS   Kbps in  Kbps out
15:25:21   4040.42   1992.20
15:25:24   1384.32     77.33
15:25:27   3379.02   2033.85
15:25:30   3601.61    108.68
15:25:33   2538.47     99.54
15:25:36   2511.72   1958.08
15:25:39   3146.13    105.73
15:25:42   3562.65     97.88
15:25:45   2209.70   2010.65
15:25:48   3605.50     28.34
15:25:51   2946.60    101.71
15:25:54   2234.37   2009.56
15:25:57   3653.57    100.90
15:26:00   2878.49    812.09
15:26:03   2008.96   1399.62
15:26:06   3107.86     94.32
15:26:09   3422.46   2034.09
15:26:12   3275.44     33.11
15:26:15   2738.39   1203.27
Connection to 192.168.1.102 closed.
time: 16
  Time         enp0s25      
HH:MM:SS   Kbps in  Kbps out
15:28:31   3474.45    146.81
15:28:34   1542.78   2216.33
15:28:37   3419.31    408.75
15:28:40   3210.19    390.50
15:28:43   2510.39   2252.59
15:28:46   3076.59     30.49
15:28:49   2218.95   1165.16
15:28:52   3326.53   1624.11
15:28:55   3262.14    421.15
15:28:58   2900.37   1960.06
15:29:01   2332.34    410.28
15:29:04   3376.91   2287.00
15:29:07   3669.40    351.93
15:29:10   3256.12     33.67
15:29:13   1453.32   2264.94
15:29:16   3537.96    354.15
15:29:19   3496.09    353.07
15:29:22   2111.17   1951.12
15:29:25   2664.46    351.20
Connection to 192.168.1.102 closed.
time: 17
  Time         enp0s25      
HH:MM:SS   Kbps in  Kbps out
15:29:32   3887.66   1305.64
15:29:35   1693.42      9.01
15:29:38   3376.76   1841.96
15:29:41   3103.48    818.42
15:29:44   1703.70    329.74
15:29:47   3283.58   1981.88
15:29:50   2627.25    365.21
15:29:53   2591.67    941.30
15:29:56   3644.83   1685.36
15:29:59   4024.90     89.45
15:30:02   3906.04   2236.39
15:30:05   1211.17    323.97
15:30:08   3315.62   1663.47
15:30:11   3386.08    672.23
15:30:14   1585.93    340.96
15:30:17   3103.34   2203.58
15:30:20   3694.59    397.46
15:30:23   1827.15     10.21
15:30:26   3189.04   2261.49
Connection to 192.168.1.102 closed.
time: 18
  Time         enp0s25      
HH:MM:SS   Kbps in  Kbps out
15:30:31   1617.41     24.21
15:30:34   2975.76   2026.22
15:30:37   3340.41    558.39
15:30:40   1592.10    308.95
15:30:43   2621.80   1964.56
15:30:46   2947.59    321.81
15:30:49   2710.11    260.19
15:30:52   3036.26   2192.08
15:30:55   2382.36    251.09
15:30:58   3212.94    296.46
15:31:01   3529.63    169.52
15:31:04   3404.79    269.61
15:31:07   3619.79    259.89
15:31:10   1722.86     17.79
15:31:13   2801.67    259.25
15:31:16   4034.86    264.67
15:31:19   1666.12    244.34
15:31:22   3194.70     37.86
15:31:25   3184.15    273.20
Connection to 192.168.1.102 closed.
time: 19
  Time         enp0s25      
HH:MM:SS   Kbps in  Kbps out
15:31:37  94809.44   2226.20
15:31:40  90949.47   2116.69
15:31:43  97670.52   2297.84
15:31:46  90970.37   1987.96
15:31:49  97733.58   2307.15
15:31:52  98026.65   2254.23
15:31:55  98692.72   2303.80
15:31:58  98403.95   2297.22
15:32:01  97807.61   2136.29
15:32:04  98422.96   2357.92
15:32:07  90689.46   2095.01
15:32:10  19330.50    531.97
15:32:13   5295.09     61.14
15:32:16   1329.19   1143.51
15:32:19   3590.51   1153.63
15:32:22   3477.85    216.90
15:32:25   1705.14     11.99
15:32:28   3115.08   1175.15
15:32:31   2994.45    195.73
Connection to 192.168.1.102 closed.
time: 20
  Time         enp0s25      
HH:MM:SS   Kbps in  Kbps out
15:32:37   2163.54   1147.49
15:32:40   3464.32    193.93
15:32:43   3056.08     33.15
15:32:46   1411.88   1162.49
15:32:49   3469.87    192.01
15:32:52   2826.60    582.99
15:32:55   2106.67    601.58
15:32:58   2786.23    115.59
15:33:01   3357.28    998.25
15:33:04   3304.93    319.06
15:33:07   3168.78   1104.07
15:33:10   3519.05   1869.33
15:33:13   3484.61    443.95
15:33:16   1984.71   3067.31
15:33:19   3463.01     36.91
15:33:22   2726.79    184.75
15:33:25   2024.24   3070.35
15:33:28   3616.36    192.36
15:33:31   3311.63     32.89
Connection to 192.168.1.102 closed.
time: 21
  Time         enp0s25      
HH:MM:SS   Kbps in  Kbps out
15:35:38   3306.31   2373.18
15:35:41   2155.86    204.60
15:35:44   3179.76   3010.54
15:35:47   3409.29    172.15
15:35:50   2963.72    538.76
15:35:53   2874.80   2830.93
15:35:56   4372.23    262.57
15:35:59   4092.78   3132.04
15:36:02   1763.65    215.55
15:36:05   3542.96   1528.27
15:36:08   3810.78   2061.55
15:36:11   1745.72     20.29
15:36:14   3049.63   2460.27
15:36:17   3496.29   1033.54
15:36:20  89499.16   2089.22
15:36:23  86380.74   2710.29
15:36:26  91273.08   5005.65
15:36:29  98388.47   3057.33
15:36:32  93628.87   4306.86
Connection to 192.168.1.102 closed.
time: 22
  Time         enp0s25      
HH:MM:SS   Kbps in  Kbps out
15:36:37  97667.76   3103.46
15:36:40  92848.23   3908.01
15:36:43  92150.83   3982.66
15:36:46  93503.35   2695.22
15:36:49  92705.06   3028.00
15:36:52  87987.04   4801.07
15:36:55  95444.23   2924.14
15:36:58  97928.68   2397.83
15:37:01  94103.57   3796.39
15:37:04  90883.71   4475.71
15:37:07  78541.56   4967.81
15:37:10  73783.76   4978.40
15:37:13  90550.48   4959.68
15:37:16  95475.43   3799.28
15:37:19  82502.33   4995.08
15:37:22  74600.63   4970.80
15:37:25  84182.65   4971.17
15:37:28  66498.24   3711.34
15:37:31   3832.36   3710.55
Connection to 192.168.1.102 closed.
time: 23
  Time         enp0s25      
HH:MM:SS   Kbps in  Kbps out
15:37:37   2420.95   4216.49
15:37:40   3135.62   1547.02
15:37:43   3602.62   4322.37
15:37:46   2868.08   4669.11
15:37:49   2835.25   4658.79
15:37:52   3799.51   3011.84
15:37:55   3313.43   4677.56
15:37:58   4240.97   3807.12
15:38:01   3274.23   3546.65
15:38:04   3845.99   4000.23
15:38:07   1960.48   4665.36
15:38:10   3172.57    450.70
15:38:13   3478.14   2730.00
15:38:16   2119.60   3935.36
15:38:19   3792.54   1213.83
15:38:22   3469.11   4262.27
15:38:25   1779.45   3172.51
15:38:28   3444.92   3132.92
15:38:31   3818.63   4325.08
Connection to 192.168.1.102 closed.
time: 24
  Time         enp0s25      
HH:MM:SS   Kbps in  Kbps out
15:38:36   3160.91    765.07
15:38:39   3494.03   4423.74
15:38:42   3355.68   1642.61
15:38:45   2984.87   1415.25
15:38:48   4565.36   2096.85
15:38:51   2087.79   4676.27
15:38:54   3754.08    188.30
15:38:57   3289.65   2115.52
15:39:00   2213.78   4665.91
15:39:03   3665.44   1736.93
15:39:06   3246.31   1246.34
15:39:09   3476.57   4683.35
15:39:12   2200.43   2136.59
15:39:15   3812.98   1872.94
15:39:18   3511.66   3658.90
15:39:21   1782.20   2281.53
15:39:24   3710.60   1178.80
15:39:27   3718.20   4258.18
15:39:30   1759.46    218.73
Connection to 192.168.1.102 closed.
time: 25
  Time         enp0s25      
HH:MM:SS   Kbps in  Kbps out
15:39:38   3354.45   3401.12
15:39:41   3805.40    990.61
15:39:44   3827.81   4690.01
15:39:47   3491.17   1482.80
15:39:50   3801.97   4215.35
15:39:53   2268.16    952.59
15:39:56   3798.94   1025.62
15:39:59   3641.60   4686.66
15:40:02   1561.44    569.80
15:40:05   3498.01   2244.86
15:40:08   3728.55   4003.64
15:40:11   3321.26    136.05
15:40:14   1745.24   3073.56
15:40:17   3727.48   2861.00
15:40:20   3787.43    607.46
15:40:23   1834.29   3079.68
15:40:26   3547.26   2476.78
15:40:29   2676.48    496.07
15:40:32   3105.16   3434.14
Connection to 192.168.1.102 closed.
