time: 0
  Time         enp0s25      
HH:MM:SS   Kbps in  Kbps out
15:57:45   2115.05     13.58
15:57:48   1578.66     18.15
15:57:51   1947.65     36.99
15:57:54   2015.46      8.59
15:57:57   1909.28      8.01
15:58:00   4990.24     59.09
15:58:03   1948.23      4.71
15:58:06   3740.24     33.37
15:58:09   3661.03     25.52
15:58:12   1967.61     11.00
15:58:15   3145.42     28.39
15:58:18   3663.20     20.60
15:58:21   1973.55     19.24
15:58:24   3033.53     22.05
15:58:27   3088.15     21.06
15:58:30   3487.11     97.00
15:58:33   3149.22     91.45
15:58:36   4278.41     35.11
15:58:39   1812.94     79.14
Connection to 192.168.1.102 closed.
time: 1
  Time         enp0s25      
HH:MM:SS   Kbps in  Kbps out
15:58:44   3682.80   1084.75
15:58:47   2124.00     17.24
15:58:50   2866.47    100.71
15:58:53   3519.90    349.74
15:58:56   3559.84     95.83
15:58:59   1904.98     78.10
15:59:02   3412.12     33.41
15:59:05   3111.67     83.85
15:59:08   1853.43   1757.54
15:59:11   3444.58   1054.77
15:59:14   3516.74     92.96
15:59:17   1796.27      6.23
15:59:20   2825.92   1068.39
15:59:24   3316.42     92.78
15:59:27   3421.96   1053.83
15:59:30   2924.02     28.17
15:59:33   3787.19   1070.68
15:59:36   4022.02     91.69
15:59:39   2075.24     78.01
Connection to 192.168.1.102 closed.
time: 2
  Time         enp0s25      
HH:MM:SS   Kbps in  Kbps out
15:59:44   3352.28    121.93
15:59:47   1994.46     71.65
15:59:50   3493.03   1068.98
15:59:53   3765.29     30.58
15:59:56   1445.16     75.63
15:59:59   3530.11     97.14
16:00:02   3559.37     92.17
16:00:05   3114.61     26.36
16:00:08   2019.40     83.98
16:00:11   3846.10   2213.10
16:00:14   3855.04     93.95
16:00:17   1915.67      6.63
16:00:20   2964.49    206.15
16:00:23   3308.61    195.83
16:00:26   1907.33    180.78
16:00:29   3515.20     28.47
16:00:32   2998.22   1769.28
16:00:35   1918.21    725.51
16:00:38   3520.43    197.54
Connection to 192.168.1.102 closed.
time: 3
  Time         enp0s25      
HH:MM:SS   Kbps in  Kbps out
16:00:45   3417.43     34.22
16:00:48   1376.83    183.93
16:00:51   3528.56    216.92
16:00:54   2540.18   2010.05
16:00:57   2838.80    309.23
16:01:00   2652.96    364.79
16:01:03   3220.14    185.23
16:01:06   3358.62    191.71
16:01:09   2736.53    145.67
16:01:12   2911.47   2047.98
16:01:15   3457.89    999.08
16:01:19   3327.87    194.52
16:01:22   3437.21    185.97
16:01:25   2354.13     12.66
16:01:28   3277.88   1641.34
16:01:31   3724.53    199.40
16:01:34   3288.13    185.68
16:01:37   1723.40      5.98
16:01:40   3154.20    198.07
Connection to 192.168.1.102 closed.
time: 4
  Time         enp0s25      
HH:MM:SS   Kbps in  Kbps out
16:01:45   1798.72    173.17
16:01:48   3350.56     33.06
16:01:51   2973.31    206.02
16:01:54   1775.09    179.97
16:01:57   3525.46    194.26
16:02:00   3278.36   1483.98
16:02:03   3083.63    200.54
16:02:06   1876.18    163.10
16:02:09   4092.05    172.41
16:02:12   3506.16     30.04
16:02:15   1363.83     14.94
16:02:18   3404.43   1474.18
16:02:21   3424.07     40.73
16:02:24   1744.22      6.52
16:02:27   3103.43     27.65
16:02:30   3402.81    875.34
16:02:33   2022.26    173.93
16:02:36   3164.88     25.31
16:02:39   3074.39     35.99
Connection to 192.168.1.102 closed.
time: 5
  Time         enp0s25      
HH:MM:SS   Kbps in  Kbps out
16:02:44   2823.02    860.90
16:02:47   2636.18    156.80
16:02:50   3174.64     39.03
16:02:53   3387.05    752.32
16:02:56   2341.76    518.85
16:03:00   2918.85    127.03
16:03:03   3375.55    113.35
16:03:06   5216.57    980.42
16:03:09  19404.68    582.58
16:03:12  95268.17   2223.49
16:03:15  92626.98   3029.08
16:03:18  95262.08   2431.79
16:03:21  95760.57   2217.00
16:03:24  98205.82   2295.04
16:03:27  99469.49   2257.51
16:03:30  99459.94   2172.06
16:03:33  99686.33   2423.36
16:03:36  99631.28   2277.14
16:03:39  99608.40   2377.82
Connection to 192.168.1.102 closed.
time: 6
  Time         enp0s25      
HH:MM:SS   Kbps in  Kbps out
16:03:45  99011.03   2383.24
16:03:48  98784.43   2310.31
16:03:51  99430.22   2497.87
16:03:54  98970.93   2303.23
16:03:57  99326.61   2312.14
16:04:00  98577.56   2479.59
16:04:03  99217.28   2297.51
16:04:06  99301.28   2452.82
16:04:09  98954.30   2533.56
16:04:12  95484.21   2263.31
16:04:15  99172.38   2330.42
16:04:18  99541.16   2549.77
16:04:21  97540.20   2130.82
16:04:24  99083.63   2154.00
16:04:27  99084.22   2226.70
16:04:30  98718.17   2177.48
16:04:33  91918.44   1920.13
16:04:36  76326.75   1759.92
16:04:39  94450.04   2099.68
Connection to 192.168.1.102 closed.
time: 7
  Time         enp0s25      
HH:MM:SS   Kbps in  Kbps out
16:04:45  94566.23   1993.99
16:04:48  84302.99   1782.79
16:04:51  79007.55   1654.62
16:04:54  71125.74   1430.93
16:04:57  70431.41   1468.08
16:05:00  50421.40   1028.43
16:05:03  49000.87    973.68
16:05:06  77642.95   1610.39
16:05:09  57805.79   1145.67
16:05:12  52200.24   1083.59
16:05:15  49513.54   1036.28
16:05:18  82300.36   2179.49
16:05:21  61234.94   1740.38
16:05:24  68403.30   1991.27
16:05:27  54116.96   1131.24
16:05:30  37920.53   1329.11
16:05:33  67850.93   1839.64
16:05:36  57076.47   1339.92
16:05:39  52321.95   1103.59
Connection to 192.168.1.102 closed.
time: 8
  Time         enp0s25      
HH:MM:SS   Kbps in  Kbps out
16:05:45  66558.90   1551.30
16:05:48  47159.85    971.20
16:05:51  48131.90   1184.23
16:05:54  34263.58    864.86
16:05:57  43319.35   1066.56
16:06:00  51440.24   1241.40
16:06:03  32771.74    812.84
16:06:06  13327.53    424.67
16:06:09  37810.54    937.25
16:06:12  38251.13    808.21
16:06:15  35899.94    939.88
16:06:18  37985.65   1001.21
16:06:21  37552.07   1011.23
16:06:24  13840.50    272.96
16:06:27  37037.76   1072.05
16:06:30  39668.43   1114.49
16:06:33  37765.09    978.92
16:06:36  24702.15    797.25
16:06:39  26587.57    557.04
Connection to 192.168.1.102 closed.
time: 9
  Time         enp0s25      
HH:MM:SS   Kbps in  Kbps out
16:06:45  33486.11    961.28
16:06:48  26224.85    891.15
16:06:51  18314.10    394.39
16:06:54  33485.43   1070.58
16:06:57  21603.41    777.18
16:07:00  20584.81    772.59
16:07:03  25068.14    533.49
16:07:06  14321.43    575.27
16:07:09  26297.35    752.78
16:07:12  25080.27    744.49
16:07:15  25660.55    531.77
16:07:18  25911.00    683.67
16:07:21  51162.67   1218.05
16:07:24  24721.26    642.09
16:07:27  37856.78    781.80
16:07:30  26135.93    688.46
16:07:33  28214.76    705.86
16:07:36  22905.40    606.01
16:07:39  25515.60    541.94
Connection to 192.168.1.102 closed.
time: 10
  Time         enp0s25      
HH:MM:SS   Kbps in  Kbps out
16:07:45  14578.47    417.66
16:07:48  28593.54    701.26
16:07:51  43993.64    940.75
16:07:54  17912.84    506.85
16:07:57  14871.26    411.25
16:08:00  37864.06    937.99
16:08:03  24800.42    520.63
16:08:06  25623.33    660.14
16:08:09  37228.13    934.29
16:08:12  37897.86    911.60
16:08:15  38906.64    800.21
16:08:18  26014.84    677.68
16:08:21  24792.57    654.22
16:08:24  26599.49    670.68
16:08:27  28560.43    588.39
16:08:30   1687.49    103.43
16:08:33   3000.96     98.48
16:08:36   2657.48     91.37
16:08:39   5675.10     71.04
Connection to 192.168.1.102 closed.
time: 11
  Time         enp0s25      
HH:MM:SS   Kbps in  Kbps out
16:12:46   3655.23     42.55
16:12:49   1528.33    220.85
16:12:52   3622.30    274.54
16:12:55   2778.62    235.92
16:12:58   2919.16    249.09
16:13:01   2952.99     28.87
16:13:04   5024.26    222.29
16:13:07   1903.53    153.09
16:13:10   3375.35    185.85
16:13:13   3734.08     39.69
16:13:16   1408.10    155.37
16:13:19   3427.38    182.14
16:13:22   2872.07     94.42
16:13:25   3112.05     33.25
16:13:28   1921.77     77.82
16:13:31   5253.21    126.40
16:13:34   3308.86    102.65
16:13:37   1750.86      9.65
16:13:40   3103.39    106.12
Connection to 192.168.1.102 closed.
time: 12
  Time         enp0s25      
HH:MM:SS   Kbps in  Kbps out
16:13:46   1754.16     73.64
16:13:49   3151.26     42.75
16:13:52   3078.00    142.73
16:13:55   1919.54     78.65
16:13:58   3767.24     94.68
16:14:01   3587.92    105.98
16:14:04   1724.33      7.64
16:14:07   2934.86    102.20
16:14:10   3584.78    105.22
16:14:13   3345.55    102.96
16:14:16   1721.92      8.21
16:14:19   2831.57     96.12
16:14:22   2829.67    105.37
16:14:25   2311.91     81.30
16:14:28   5308.04    161.95
16:14:31  73591.83   1616.75
16:14:34  99408.36   2209.66
16:14:37  99872.88   2211.33
16:14:40  99693.79   2212.33
Connection to 192.168.1.102 closed.
time: 13
  Time         enp0s25      
HH:MM:SS   Kbps in  Kbps out
16:14:46  99076.39   2109.53
16:14:49  95424.66   1950.27
16:14:52  98911.11   2104.64
16:14:55  98994.08   2157.42
16:14:58  99649.81   2132.49
16:15:01  91100.02   1982.37
16:15:04  99514.42   2193.28
16:15:07  98993.94   2211.76
16:15:10  99328.89   2100.60
16:15:13  99154.78   2197.70
16:15:16  99358.04   2121.17
16:15:19  97582.17   2036.71
16:15:22  99304.14   2105.28
16:15:25  99099.37   2080.44
16:15:28  99046.29   2089.45
16:15:31  98825.86   2079.51
16:15:34  99191.87   2113.50
16:15:37  99139.18   2123.50
16:15:40  98350.32   2117.39
Connection to 192.168.1.102 closed.
time: 14
  Time         enp0s25      
HH:MM:SS   Kbps in  Kbps out
16:15:46   3760.76     53.34
16:15:49   3483.61     52.49
16:15:52   1398.72     30.45
16:15:55   3582.19     59.25
16:15:58   3475.69    212.07
16:16:01   1800.98     11.64
16:16:04   3002.74     56.33
16:16:07   2794.44     40.77
16:16:10   2286.48     22.12
16:16:13   3018.11     44.64
16:16:16   4963.92    103.54
16:16:19   3168.62     44.00
16:16:22   1962.06     13.52
16:16:25   4200.96     64.05
16:16:28   3490.59     69.98
16:16:31  36785.54    809.78
16:16:34  83044.93   1790.10
16:16:37  67091.88   1458.38
16:16:40  75955.35   1653.65
Connection to 192.168.1.102 closed.
time: 15
  Time         enp0s25      
HH:MM:SS   Kbps in  Kbps out
16:16:47  60096.93   1280.92
16:16:50  62616.33   1372.10
16:16:53  61866.75   1334.33
16:16:56  35631.44    768.91
16:16:59  58863.12   1276.45
16:17:02  71647.49   1711.86
16:17:05  60071.35   1295.28
16:17:08  58799.55   1501.74
16:17:11  58852.20   1422.18
16:17:14   4628.98   2197.34
16:17:17   3384.76     51.13
16:17:20   1742.56   2162.53
16:17:23   3597.89    170.65
16:17:26   3209.94    153.91
16:17:29   3656.31   1960.08
16:17:32   1371.96     21.01
16:17:35   3332.34    774.07
16:17:38   3544.69   1235.51
16:17:41   1717.96     18.65
Connection to 192.168.1.102 closed.
time: 16
  Time         enp0s25      
HH:MM:SS   Kbps in  Kbps out
16:19:06   4020.79   1662.79
16:19:09   2957.85    205.45
16:19:12   1829.66   2103.08
16:19:15   3600.64    397.77
16:19:18   3217.12    562.21
16:19:21   1572.67   2844.75
16:19:24   3625.70    867.27
16:19:27   3470.22    470.94
16:19:30   1977.73   2265.09
16:19:33   3094.97    721.17
16:19:36   3805.81   1450.58
16:19:39   2119.73   1479.66
16:19:42   2977.35     35.50
16:19:45   2411.20   1019.02
16:19:48   3331.79   1383.62
16:19:51   2295.20    207.38
16:19:54   3425.64   1984.52
16:19:57   2924.03    189.60
16:20:00   3588.56   1614.55
Connection to 192.168.1.102 closed.
time: 17
  Time         enp0s25      
HH:MM:SS   Kbps in  Kbps out
16:20:06   2913.97    220.43
16:20:09   1816.58   2195.33
16:20:12   3458.83    268.85
16:20:15   3090.96     63.17
16:20:18   1729.35   2187.27
16:20:21   3569.31    286.92
16:20:24   3568.62    288.77
16:20:27   1891.92   1958.47
16:20:30   3537.12    221.07
16:20:33   3288.50   1051.31
16:20:36   3681.36   1290.45
16:20:39   1653.27     34.66
16:20:42   2303.28    280.74
16:20:45   3034.04   3146.44
16:20:48   2686.90   3207.44
16:20:51   3399.86   2524.11
16:20:54   3203.55   2651.29
16:20:57   3214.13    513.05
16:21:00   4629.72   4686.83
Connection to 192.168.1.102 closed.
time: 18
  Time         enp0s25      
HH:MM:SS   Kbps in  Kbps out
16:21:06   1578.73    127.23
16:21:09   3768.78   4295.42
16:21:12   3378.37    826.34
16:21:15   2203.42   1522.70
16:21:18   2952.70   3466.12
16:21:21   3151.68   1136.42
16:21:24   3840.82   3380.03
16:21:27   1742.59    642.07
16:21:30   2961.97    589.34
16:21:33   3802.04   4532.50
16:21:36   1608.03    117.27
16:21:39   2783.18   1388.39
16:21:42   3135.96   3618.08
16:21:45   2690.05    156.82
16:21:48   2885.99   1148.01
16:21:51   3267.36   3873.95
16:21:54   2572.20    141.14
16:21:57   4467.40   2685.86
16:22:00   3667.34   4512.36
Connection to 192.168.1.102 closed.
time: 19
  Time         enp0s25      
HH:MM:SS   Kbps in  Kbps out
16:22:06   3055.00   2556.44
16:22:09   3481.46   4681.07
16:22:12   3754.37   1370.57
16:22:15   1888.04   3603.39
16:22:18   3262.08   3647.10
16:22:21   3420.88   2758.86
16:22:24   1738.07   3916.37
16:22:27   3182.09    869.23
16:22:30   3640.64   4680.26
16:22:33   1701.15   2125.88
16:22:36   3356.77   2436.61
16:22:39   3244.36   4662.26
16:22:42   3114.74   1497.11
16:22:45   3193.27   3269.61
16:22:48   4005.40   1820.11
16:22:51   3646.34   3479.01
16:22:54   1494.01   1413.48
16:22:57   3607.00   1205.03
16:23:00   3866.37   4499.77
Connection to 192.168.1.102 closed.
time: 20
  Time         enp0s25      
HH:MM:SS   Kbps in  Kbps out
16:23:05   2800.23    433.83
16:23:08   3933.33   4141.48
16:23:11   1802.16   1536.17
16:23:14   3686.54    550.58
16:23:17   3296.46   4661.81
16:23:20   1760.31    507.93
16:23:23   3723.59   1192.63
16:23:26   3521.57   4227.85
16:23:29   1248.05    314.13
16:23:32   3305.48   1805.06
16:23:35   2876.89   3917.90
16:23:38   3415.51    599.73
16:23:41   3501.53   3754.96
16:23:44   3619.01    453.97
16:23:47   3114.23   4006.16
16:23:50   2524.51    386.45
16:23:53   3234.53    391.22
16:23:56   3534.24   3782.03
16:23:59   1674.99    245.51
Connection to 192.168.1.102 closed.
time: 21
  Time         enp0s25      
HH:MM:SS   Kbps in  Kbps out
16:25:24   2467.89    418.64
16:25:27   3678.20   4013.87
16:25:30   2710.55    282.95
16:25:33   3190.33   1907.39
16:25:36   3427.30   2308.18
16:25:39   3446.37   1757.50
16:25:42   4220.05   2691.54
16:25:45   3410.66     51.40
16:25:48   1815.26   3516.42
16:25:51   3386.44    885.00
16:25:54   3564.41    277.10
16:25:57   3669.48   2932.09
16:26:00   1534.73    406.27
16:26:03   3715.12   1449.18
16:26:06   3545.20   1970.86
16:26:09   1692.17     10.17
16:26:12   2934.00   1658.69
16:26:15   3632.55   1759.83
16:26:18   1744.63    234.09
Connection to 192.168.1.102 closed.
time: 22
  Time         enp0s25      
HH:MM:SS   Kbps in  Kbps out
16:26:24   3204.52   1204.86
16:26:27   2526.83    275.88
16:26:30   3247.12   2323.87
16:26:33   3430.80   1088.94
16:26:36   4127.26   1126.03
16:26:39   3626.63   3527.13
16:26:42   3361.01   3200.45
16:26:45   3652.63   3500.39
16:26:48   1942.50   3242.45
16:26:51   3272.02     34.80
16:26:54   3635.85   4347.42
16:26:57   1922.65   2772.21
16:27:00   3796.87    647.15
16:27:03   3649.24   4294.14
16:27:06   1404.52     44.47
16:27:09   3845.18   1810.83
16:27:12   3626.38   3159.27
16:27:15   1901.80      9.15
16:27:18   2689.49   1712.91
Connection to 192.168.1.102 closed.
time: 23
  Time         enp0s25      
HH:MM:SS   Kbps in  Kbps out
16:27:24   3501.36     72.49
16:27:27   2887.05   3518.45
16:27:30   4252.98   1461.78
16:27:33   3233.94   2325.47
16:27:36   2004.10   2625.36
16:27:39   3857.88   1531.84
16:27:42   3562.01   3424.41
16:27:45   1331.41     42.89
16:27:48   3430.70    875.85
16:27:51   3581.48   4101.85
16:27:54   1807.52     13.25
16:27:57   3257.86   2159.29
16:28:00   3762.85   3155.28
16:28:03   2115.98    251.95
16:28:06   3028.91   2639.96
16:28:09   3603.88   2491.90
16:28:12   2018.71    246.52
16:28:15   3321.60   2804.22
16:28:18   3342.48   2313.36
Connection to 192.168.1.102 closed.
time: 24
  Time         enp0s25      
HH:MM:SS   Kbps in  Kbps out
16:28:25   3456.71   4144.91
16:28:28   3829.49   1268.37
16:28:31   4205.68   2619.89
16:28:34   3481.90   1572.59
16:28:37   1443.75   3512.34
16:28:40   3711.94   1845.67
16:28:43   3583.75    269.51
16:28:46   1766.81   3079.72
16:28:49   3535.03   2045.34
16:28:52   3323.14    275.84
16:28:55   2216.55   4140.37
16:28:58   3455.09    636.82
16:29:01   3028.40   1221.88
16:29:04   3557.95   2537.14
16:29:07   1704.46    442.43
16:29:10   2559.46   1092.44
16:29:13   3199.72   2309.89
16:29:16   2812.67    859.27
16:29:19   2980.99   3114.58
Connection to 192.168.1.102 closed.
time: 25
  Time         enp0s25      
HH:MM:SS   Kbps in  Kbps out
16:29:24   3567.87   1238.81
16:29:27   4378.21   3237.84
16:29:30   1994.68    185.91
16:29:33   3084.54   3603.44
16:29:36   3812.93    768.39
16:29:39   2106.60    560.40
16:29:42   3114.55   3054.16
16:29:45   3282.50    658.75
16:29:48   3452.92    668.03
16:29:51   2015.41   3405.07
16:29:54   3515.63    180.05
16:29:57   3053.28    672.59
16:30:00   2125.63   3364.31
16:30:03   3559.70    487.24
16:30:06   2750.97    241.41
16:30:09   2340.22   3198.22
16:30:12   3125.42    383.57
16:30:15   3566.91   1971.78
16:30:18   3487.13   1429.72
Connection to 192.168.1.102 closed.
