time: 0
  Time         enp0s25      
HH:MM:SS   Kbps in  Kbps out
13:13:29    636.07     28.84
13:13:32    124.52     11.78
13:13:35   1212.93     16.22
13:13:38   2073.65     34.86
13:13:41   2035.87     33.24
13:13:44    968.00     13.62
13:13:47   1581.99     22.55
13:13:50   2120.24     39.36
13:13:53   2151.51     27.34
13:13:56   1658.67     24.98
13:13:59   1472.46     18.34
13:14:02   2998.76     48.17
13:14:05    471.90      5.13
13:14:08   1870.27     35.97
13:14:11   2083.05     21.25
13:14:14    461.11      5.47
13:14:17   1995.60     24.55
13:14:20   2017.78     34.94
13:14:23   1987.25     32.46
Connection to 192.168.1.102 closed.
time: 1
  Time         enp0s25      
HH:MM:SS   Kbps in  Kbps out
13:14:28   2072.60     35.99
13:14:31    648.98     12.47
13:14:34   1876.04     28.50
13:14:37   1549.45     55.68
13:14:40   2336.24    228.31
13:14:43    595.38    210.89
13:14:46   2099.87     30.32
13:14:49   1711.17    328.13
13:14:52    479.71    560.47
13:14:55   2104.85    580.20
13:14:58   2067.81     25.55
13:15:01    116.04    559.25
13:15:04   2081.23    579.86
13:15:07   2283.85    583.33
13:15:10   2093.92    247.04
13:15:13    586.35   1951.14
13:15:16   1688.20    572.97
13:15:19   2142.34    575.25
13:15:22    638.60    566.13
Connection to 192.168.1.102 closed.
time: 2
  Time         enp0s25      
HH:MM:SS   Kbps in  Kbps out
13:15:28    768.60   1810.15
13:15:31   1661.22    981.83
13:15:34   1887.56    511.90
13:15:37   2043.83     29.51
13:15:40   1429.09    500.75
13:15:43   1840.87   2120.47
13:15:46   2119.04    497.26
13:15:49   2114.84    517.03
13:15:52   2062.55     28.42
13:15:55    732.72    490.01
13:15:58   2235.26    472.63
13:16:01   2248.82   1172.56
13:16:04   2411.56     31.88
13:16:07   1725.86    315.39
13:16:10    462.94    288.44
13:16:13   2232.86    304.83
13:16:16   2095.61     22.08
13:16:19    137.06    291.91
13:16:22   2185.84   1175.37
Connection to 192.168.1.102 closed.
time: 3
  Time         enp0s25      
HH:MM:SS   Kbps in  Kbps out
13:16:29   2156.98    100.92
13:16:32    461.93    218.32
13:16:35   1843.33    318.71
13:16:38   2130.78    316.86
13:16:41    456.84    288.49
13:16:44   1961.52    901.47
13:16:47   1803.52    312.26
13:16:50    473.68    283.88
13:16:53   2052.74    214.72
13:16:56   2102.86    112.10
13:16:59   1773.19    302.56
13:17:02    520.31    278.73
13:17:05   2104.26   1035.55
13:17:08   2181.83     43.47
13:17:11    407.45    126.28
13:17:14   1644.61    164.54
13:17:17   2152.30    174.52
13:17:20    508.20    153.96
13:17:23   2064.53     25.98
Connection to 192.168.1.102 closed.
time: 4
  Time         enp0s25      
HH:MM:SS   Kbps in  Kbps out
13:17:28    589.35    222.46
13:17:31   2177.33     57.75
13:17:34   2062.24    235.89
13:17:37    320.78    351.40
13:17:40   2064.00    395.94
13:17:43   2062.03    394.21
13:17:46    715.19    115.28
13:17:49   1343.77   1933.79
13:17:52   1907.89    379.77
13:17:56   2016.81    386.72
13:17:59   1459.95     26.21
13:18:02   1939.33    387.53
13:18:05   1679.03   1059.16
13:18:08   2024.12    385.21
13:18:11   1023.28    350.96
13:18:14   2083.50     31.64
13:18:17   1676.48    360.42
13:18:20   2075.09    423.44
13:18:23   3892.54    856.83
Connection to 192.168.1.102 closed.
time: 5
  Time         enp0s25      
HH:MM:SS   Kbps in  Kbps out
13:18:28   2157.93     37.48
13:18:31   1765.63    395.10
13:18:34    681.76    409.53
13:18:37   1933.97    423.33
13:18:40   2166.59    496.22
13:18:43  86182.65   2257.44
13:18:46  94469.35   2154.68
13:18:49  76107.06   1797.33
13:18:52  88716.07   2099.61
13:18:55  82510.72   1877.43
13:18:58  79080.30   1764.44
13:19:01  67879.15   1589.75
13:19:04  84986.85   1834.60
13:19:07  89736.62   2076.43
13:19:10  92638.05   2154.48
13:19:13  51839.39   1400.10
13:19:16  79749.89   1920.92
13:19:19  67496.54   1705.71
13:19:22  79003.39   2235.78
Connection to 192.168.1.102 closed.
time: 6
  Time         enp0s25      
HH:MM:SS   Kbps in  Kbps out
13:19:29  89022.17   2257.03
13:19:32  77102.91   1976.81
13:19:35  81435.43   2195.88
13:19:38  95260.23   2386.56
13:19:41  94122.08   2372.36
13:19:44  97521.54   2500.23
13:19:47  81454.66   2117.67
13:19:50  91338.02   2250.04
13:19:53  92189.38   2044.01
13:19:56  96445.33   2343.77
13:19:59  91383.27   2258.00
13:20:02  81517.14   1970.60
13:20:05  94446.25   2045.98
13:20:08  84995.58   2040.34
13:20:11  88349.36   2136.19
13:20:14  82210.17   2106.39
13:20:17  93437.13   2022.70
13:20:20  97265.64   2409.48
13:20:23  98020.53   2431.62
Connection to 192.168.1.102 closed.
time: 7
  Time         enp0s25      
HH:MM:SS   Kbps in  Kbps out
13:20:30  63188.87   1557.71
13:20:33  68761.90   1364.34
13:20:36  67971.95   1721.45
13:20:39  58404.79   1552.63
13:20:42  61372.13   1542.20
13:20:45  53419.35   1128.07
13:20:48  63643.33   1605.94
13:20:51  59617.37   2354.13
13:20:54  69219.26   1755.94
13:20:57  62893.24   1359.54
13:21:00  47874.54   1338.39
13:21:03  56045.90   1365.32
13:21:06  37704.31    991.01
13:21:09  33759.16   1715.31
13:21:12  48065.12   1032.02
13:21:15  47991.36   1213.50
13:21:18  52211.01   1285.14
13:21:21  61757.20   1584.17
13:21:24  70339.40   1542.42
Connection to 192.168.1.102 closed.
time: 8
  Time         enp0s25      
HH:MM:SS   Kbps in  Kbps out
13:21:29  65142.90   1633.75
13:21:32  35678.58    851.45
13:21:35  42337.29   1166.91
13:21:38  53177.67   1416.34
13:21:41  75206.52   1896.73
13:21:44  64604.65   2275.12
13:21:47  59013.89   1509.79
13:21:50  47717.24   1310.84
13:21:53  75832.66   1932.27
13:21:56  40042.55    923.75
13:21:59  54116.24   1361.99
13:22:02  59835.72   1528.88
13:22:05  66542.52   1679.73
13:22:08  47020.79   1181.62
13:22:11  47073.33   3332.45
13:22:14  38471.49   2538.45
13:22:17   2130.01    275.62
13:22:20   2313.26     55.93
13:22:23   2093.02    263.44
Connection to 192.168.1.102 closed.
time: 9
  Time         enp0s25      
HH:MM:SS   Kbps in  Kbps out
13:22:31   2135.21    292.76
13:22:34   1550.54    313.00
13:22:37  80833.96   3101.21
13:22:40  79521.76   4516.91
13:22:43  96278.96   2484.05
13:22:46  96178.37   2498.46
13:22:49  98684.86   2222.34
13:22:52  94719.62   2896.64
13:22:55  96514.12   3347.90
13:22:58  96882.53   2381.13
13:23:01  98708.19   2057.81
13:23:04  97263.30   2473.65
13:23:07  97187.00   2388.49
13:23:10  97175.68   3016.01
13:23:13  98849.37   2610.22
13:23:16  95202.96   2358.24
13:23:19  97126.42   2394.77
13:23:22  95880.15   2383.71
13:23:25  94455.28   1989.14
Connection to 192.168.1.102 closed.
time: 10
  Time         enp0s25      
HH:MM:SS   Kbps in  Kbps out
13:23:31  98309.22   2414.45
13:23:34  97412.89   2433.92
13:23:37  97198.18   2396.53
13:23:40  98514.15   2109.40
13:23:43  96820.79   2433.14
13:23:46  92219.62   3291.44
13:23:49  80722.41   2132.22
13:23:52   2130.49     34.12
13:23:55     96.67    395.54
13:23:58   2151.12    417.59
13:24:01   1351.06    421.55
13:24:04   1664.16   2356.13
13:24:07   1474.25     21.55
13:24:10   1646.23    427.30
13:24:13   1928.52    412.38
13:24:16   2019.99    433.84
13:24:19   1206.88   1954.72
13:24:22   1804.12    426.62
13:24:25   2242.92    447.12
Connection to 192.168.1.102 closed.
time: 11
  Time         enp0s25      
HH:MM:SS   Kbps in  Kbps out
13:24:32   4271.17   2389.23
13:24:35    554.83      9.83
13:24:38   1732.26    419.19
13:24:41   2104.48    413.87
13:24:44   2154.32    422.24
13:24:47   1080.76   2342.72
13:24:50   2191.46     34.77
13:24:53   1712.73    435.16
13:24:56    611.18    391.08
13:24:59   2267.79    427.82
13:25:02   2111.13     33.18
13:25:05    164.43   2318.00
13:25:08   2673.78    416.07
13:25:11   2203.51    407.85
13:25:14    780.18    397.68
13:25:17   1925.15     22.79
13:25:20   1790.30   1138.34
13:25:23   2315.73   1576.55
13:25:26  46714.18   1360.12
Connection to 192.168.1.102 closed.
time: 12
  Time         enp0s25      
HH:MM:SS   Kbps in  Kbps out
13:25:32  98594.94   2458.82
13:25:35  97792.59   2410.89
13:25:38  93892.69   3089.45
13:25:41  97304.87   3304.29
13:25:44  97726.56   2331.99
13:25:47  98648.96   2312.75
13:25:50  97071.41   2282.22
13:25:53  98505.50   2115.34
13:25:56  95495.13   3489.05
13:25:59  96290.14   3305.08
13:26:02  98323.51   2450.45
13:26:05  98753.00   2091.85
13:26:08  98079.21   2373.24
13:26:11  87969.38   3613.89
13:26:14  97928.54   2594.21
13:26:17  98757.95   2068.17
13:26:20  98216.42   2375.31
13:26:23  97815.15   2945.52
13:26:26  95562.25   3598.02
Connection to 192.168.1.102 closed.
time: 13
  Time         enp0s25      
HH:MM:SS   Kbps in  Kbps out
13:26:32  96540.95   2351.82
13:26:35  96918.07   2384.66
13:26:38  96047.97   2490.53
13:26:41    550.77   1809.88
13:26:44   1802.03    322.52
13:26:47   2073.90    308.85
13:26:50   2024.65    548.41
13:26:53    521.83     10.15
13:26:56   1559.15   1725.77
13:26:59   2293.40   1589.95
13:27:02    513.86    667.33
13:27:05   2054.10     31.09
13:27:08   1629.77    679.75
13:27:11    492.45    601.09
13:27:14   2224.08   2471.41
13:27:17   2369.22    103.27
13:27:20    151.99    372.49
13:27:23   2144.82    361.58
13:27:26   2197.30    377.53
Connection to 192.168.1.102 closed.
time: 14
  Time         enp0s25      
HH:MM:SS   Kbps in  Kbps out
13:27:32    666.16   2289.01
13:27:35   2214.53    339.22
13:27:38   2104.56    360.07
13:27:41    569.64     14.03
13:27:44   1701.50    331.12
13:27:47   1154.51   1074.80
13:27:50   1602.12   3083.58
13:27:53   1728.62   1070.72
13:27:56   1479.19    423.48
13:27:59   1611.15    683.58
13:28:02   2052.80    664.78
13:28:05   2308.90   3550.54
13:28:08   2207.47   1272.29
13:28:11    667.72    512.50
13:28:14   2079.34    509.04
13:28:17   4356.55   1754.16
13:28:20    511.64   1865.17
13:28:23   1741.90    526.86
13:28:26   2081.02    456.74
Connection to 192.168.1.102 closed.
time: 15
  Time         enp0s25      
HH:MM:SS   Kbps in  Kbps out
13:28:32   2118.69   1667.35
13:28:35   2294.13   1928.34
13:28:38    822.04    573.47
13:28:41   2270.05    518.42
13:28:44   2095.64    138.39
13:28:47    225.13    496.13
13:28:50   2395.77   2387.46
13:28:53   3027.99   1580.76
13:28:56   2170.10     32.91
13:28:59    155.93    496.98
13:29:02   2074.75    497.03
13:29:05   2119.17    510.91
13:29:08    603.36   1955.84
13:29:11   1960.63    345.69
13:29:14   2024.38    336.74
13:29:17    506.44    319.05
13:29:20   2183.31     39.45
13:29:23   1753.42    694.05
13:29:26    512.35   1902.00
Connection to 192.168.1.102 closed.
time: 16
  Time         enp0s25      
HH:MM:SS   Kbps in  Kbps out
13:29:32   2227.96     30.22
13:29:35    299.70    352.93
13:29:38   1895.72    344.94
13:29:41   1253.75    992.34
13:29:44   2019.29   1322.85
13:29:47   1562.70    540.00
13:29:50   1517.15    537.44
13:29:53   1568.92    534.79
13:29:56   1952.17     28.41
13:29:59   1643.40   1928.49
13:30:02   2515.79   4142.27
13:30:05   1547.03    672.35
13:30:08   2107.37     27.68
13:30:11   1691.95    669.05
13:30:14   1744.79    734.44
13:30:17   3765.43   3531.38
13:30:20   2195.03   2169.89
13:30:23   1747.34    795.84
13:30:26    579.49    779.48
Connection to 192.168.1.102 closed.
time: 17
  Time         enp0s25      
HH:MM:SS   Kbps in  Kbps out
13:30:32   2239.87     34.09
13:30:35    538.96   3329.97
13:30:38   2640.05   3148.70
13:30:41   2215.15    805.04
13:30:44    589.45     10.81
13:30:47   1790.80    805.24
13:30:50   2212.18    809.44
13:30:53    619.90    789.70
13:30:56   2037.29   1213.16
13:30:59   2457.29   4586.89
13:31:02   2132.31    796.96
13:31:05    640.24    632.86
13:31:08   2126.20     30.99
13:31:11   1690.46    651.25
13:31:14    581.16    629.30
13:31:17   2573.35    880.46
13:31:20   2384.43   4652.28
13:31:23    218.40    630.40
13:31:26   2154.35    647.20
Connection to 192.168.1.102 closed.
time: 18
  Time         enp0s25      
HH:MM:SS   Kbps in  Kbps out
13:31:32    593.96     15.40
13:31:35   1889.13    684.04
13:31:38   2159.16    659.85
13:31:41    825.50   4213.66
13:31:44   2239.68   1299.77
13:31:47   1795.03    662.06
13:31:50   2041.68    657.92
13:31:53    514.21    635.48
13:31:56   2136.57     33.84
13:31:59    753.18    671.80
13:32:02   1754.62   3025.35
13:32:05   1726.88   2907.94
13:32:08   2041.77     33.84
13:32:11   1608.96    615.39
13:32:14   2029.78    613.84
13:32:17   1963.98    861.76
13:32:20   2262.89   4632.09
13:32:23   1715.55    614.85
13:32:26   2113.97    609.39
Connection to 192.168.1.102 closed.
time: 19
  Time         enp0s25      
HH:MM:SS   Kbps in  Kbps out
13:32:32   2090.04    267.06
13:32:35   3081.00   3536.33
13:32:38   2737.90   3398.17
13:32:41    532.24    599.17
13:32:44   2086.09     25.55
13:32:47   2118.21    626.17
13:32:50     99.90    605.14
13:32:53   2042.41    618.89
13:32:56   2598.13   1896.60
13:32:59    684.14   4193.21
13:33:02   1744.44    981.08
13:33:05   2259.91    839.86
13:33:08   2233.27    628.09
13:33:11    514.10      6.44
13:33:14   1686.98    682.56
13:33:17   2141.58    686.03
13:33:20    560.63    673.80
13:33:23   1969.47   3340.28
13:33:26   2427.26   2407.68
Connection to 192.168.1.102 closed.
time: 20
  Time         enp0s25      
HH:MM:SS   Kbps in  Kbps out
13:33:32   2393.07    789.56
13:33:35   2150.19     32.12
13:33:38    374.91    821.79
13:33:41   1909.08    801.07
13:33:44   2145.83    787.84
13:33:47   2160.42    575.59
13:33:50    581.12   4663.49
13:33:53   2275.06   1307.44
13:33:56   2128.21    778.49
13:33:59    587.21     39.91
13:34:02   2122.69    786.30
13:34:05   2164.49    780.36
13:34:08    565.82    633.80
13:34:11   2237.10   3357.76
13:34:14   1844.08    643.06
13:34:17    478.72    612.95
13:34:20   2201.84    648.95
13:34:23   2173.35     28.43
13:34:26   2056.67    633.05
Connection to 192.168.1.102 closed.
time: 21
  Time         enp0s25      
HH:MM:SS   Kbps in  Kbps out
13:34:32   1380.83   2166.33
13:34:35   2046.33   1388.75
13:34:38   1637.95    641.46
13:34:41   1945.45    629.94
13:34:44   1609.84    634.45
13:34:47   1477.70     20.50
13:34:50   1792.84   3541.32
13:34:53   2144.19    639.10
13:34:56   2136.11    637.30
13:34:59   2276.14     33.52
13:35:02   1597.73    633.67
13:35:05   1517.98   1609.72
13:35:08   3283.09   2593.92
13:35:11   2163.15    649.43
13:35:14    699.68     11.23
13:35:17   1546.86    623.30
13:35:20   2042.05    631.29
13:35:23   2110.60   1210.33
13:35:26    638.25   3049.84
Connection to 192.168.1.102 closed.
time: 22
  Time         enp0s25      
HH:MM:SS   Kbps in  Kbps out
13:35:33   2171.89    568.92
13:35:36    205.09    544.15
13:35:39   2168.57    568.34
13:35:42   2318.86    880.53
13:35:45    620.94   2354.34
13:35:48   1976.49   1654.59
13:35:51   2522.88   1330.07
13:35:54   2374.84   2345.85
13:35:57    420.44    342.67
13:36:00   1903.32   2047.29
13:36:03   2277.41   2108.69
13:36:06    535.33     91.61
13:36:09   1517.54   2282.85
13:36:12   1499.82   1492.47
13:36:15   2038.75    418.19
13:36:18   1168.29   3042.33
13:36:21   2031.03    299.60
13:36:24   1876.93   2347.04
13:36:27   2929.36   1464.94
Connection to 192.168.1.102 closed.
time: 23
  Time         enp0s25      
HH:MM:SS   Kbps in  Kbps out
13:36:33   2385.27   2958.84
13:36:36    139.22    531.78
13:36:39   2192.53   1851.31
13:36:42   2329.99   2176.14
13:36:45    558.85      7.08
13:36:48   1649.18   2994.34
13:36:51   2221.96   1014.76
13:36:54    644.91    526.91
13:36:57   1861.24   2662.84
13:37:00   1901.95    819.71
13:37:03   1166.02    535.83
13:37:06   1226.39   3094.38
13:37:09   1971.16    375.65
13:37:12   1739.79   2787.39
13:37:15   2121.97   1209.87
13:37:18   2572.01   1087.80
13:37:21   2526.37   2483.23
13:37:24     82.57    579.20
13:37:27   2474.11   2431.77
Connection to 192.168.1.102 closed.
time: 24
  Time         enp0s25      
HH:MM:SS   Kbps in  Kbps out
13:37:32    138.86    596.05
13:37:35   1967.53   1616.00
13:37:38   2263.92   2549.11
13:37:41    443.65     19.41
13:37:44   1691.88   2443.88
13:37:47   2208.03   1707.75
13:37:50    451.05    597.75
13:37:53   2138.89   1868.95
13:37:56   2280.23   1653.25
13:37:59    100.73    582.31
13:38:02   1910.90   2735.24
13:38:05   2000.39    753.03
13:38:08   1670.28   1907.69
13:38:11   1569.18   1719.91
13:38:14   3263.33    361.25
13:38:17   2596.86   2810.28
13:38:20    195.75    442.15
13:38:23   2437.03   1816.27
13:38:26   2409.70   2146.35
Connection to 192.168.1.102 closed.
time: 25
  Time         enp0s25      
HH:MM:SS   Kbps in  Kbps out
13:38:32   1523.82   1932.64
13:38:35   2488.96   1969.19
13:38:38   1048.64    636.15
13:38:41   2163.68   1981.75
13:38:44   2165.02   1599.79
13:38:47    749.90    498.72
13:38:50   2468.46   2759.64
13:38:53   2397.21    716.36
13:38:56    416.44    507.40
13:38:59   2072.68   3413.29
13:39:02   2216.98    575.12
13:39:05   2148.51   1389.37
13:39:08   2069.15   1163.72
13:39:11   2244.32   1097.41
13:39:14   2385.48   2067.13
13:39:17    592.47     12.94
13:39:20   1817.38   2620.40
13:39:23   2250.54    663.89
13:39:26    592.57    646.42
Connection to 192.168.1.102 closed.
