time: 0
  Time         enp0s25      
HH:MM:SS   Kbps in  Kbps out
12:33:58    660.62     30.67
12:34:01    888.79      6.27
12:34:04    545.36     12.00
12:34:07    191.73      8.46
12:34:10    523.96      7.78
12:34:13    628.88     19.09
12:34:16   3501.91     52.36
12:34:19    127.49     11.54
12:34:22   2120.76     29.61
12:34:25   2206.67     33.34
12:34:28    513.34      9.87
12:34:31   1873.66     29.47
12:34:34   2090.09     23.70
12:34:37    762.51     13.70
12:34:40   1962.41     19.61
12:34:43   2012.23     24.79
12:34:46   2021.66     30.05
12:34:49   1787.66     40.51
12:34:52   1490.55     18.19
Connection to 192.168.1.102 closed.
time: 1
  Time         enp0s25      
HH:MM:SS   Kbps in  Kbps out
12:34:58   1952.51     51.62
12:35:01   3375.97     31.50
12:35:04   1885.25     40.71
12:35:07    499.54      7.56
12:35:10   2194.81     34.81
12:35:13   2109.69     26.37
12:35:16   1278.95     24.82
12:35:19    980.48     13.95
12:35:22   2106.76     38.36
12:35:25   2288.19     29.20
12:35:28    696.38     24.07
12:35:31   2130.73     25.66
12:35:34   1751.43     22.63
12:35:37    556.32      6.77
12:35:40   2254.26     33.41
12:35:43   2086.47     25.32
12:35:46    457.74      9.91
12:35:49   1712.75     30.41
12:35:52   2316.60     23.05
Connection to 192.168.1.102 closed.
time: 2
  Time         enp0s25      
HH:MM:SS   Kbps in  Kbps out
12:35:58   2437.02    226.17
12:36:01   1221.35     24.55
12:36:04   1398.99     13.45
12:36:07   1731.09     31.39
12:36:10   1975.77     28.23
12:36:13   1578.66     25.10
12:36:16   2112.92     22.82
12:36:19   1554.05     91.86
12:36:22   2111.33     32.02
12:36:25   1654.35     86.55
12:36:28   2115.41     28.59
12:36:31   2081.99     25.85
12:36:34   1004.01      8.36
12:36:37   2125.93     22.22
12:36:40   2222.53     29.86
12:36:43   1514.43     19.83
12:36:46   1038.59     14.89
12:36:49   1735.51     30.22
12:36:52   2075.35     27.41
Connection to 192.168.1.102 closed.
time: 3
  Time         enp0s25      
HH:MM:SS   Kbps in  Kbps out
12:36:58   2164.39     71.02
12:37:01   1792.46     26.01
12:37:04    505.29      3.51
12:37:07   2087.19     25.32
12:37:10   2065.26     28.42
12:37:13     68.85      8.59
12:37:16   2020.86     26.13
12:37:19   2042.11     41.89
12:37:22   2344.38     27.81
12:37:25     66.56     10.81
12:37:28   2129.77     36.68
12:37:31   2110.72     32.26
12:37:34    418.11      5.16
12:37:37   1777.50     28.70
12:37:40   2213.08     32.62
12:37:43    423.33     12.50
12:37:46   2053.09     33.83
12:37:49   2176.80     46.33
12:37:52    119.50     14.53
Connection to 192.168.1.102 closed.
time: 4
  Time         enp0s25      
HH:MM:SS   Kbps in  Kbps out
12:37:58   2264.96     66.32
12:38:01    731.45      8.75
12:38:04   1423.96     97.46
12:38:07   2106.55     94.80
12:38:10    944.64     94.09
12:38:13   1483.82     12.16
12:38:16   1535.54     93.62
12:38:19   1556.57     87.19
12:38:22   2042.53    115.93
12:38:25   1970.96     29.31
12:38:28   1978.77    173.12
12:38:31   1674.16    182.35
12:38:34   1148.49    153.52
12:38:37   2084.84    173.13
12:38:40   2103.93     30.21
12:38:43   1690.68    159.70
12:38:46   2456.57     94.73
12:38:49   2394.27    260.47
12:38:52    447.70      8.59
Connection to 192.168.1.102 closed.
time: 5
  Time         enp0s25      
HH:MM:SS   Kbps in  Kbps out
12:38:58   2564.05    226.25
12:39:01    556.56    375.28
12:39:04  22870.30    534.34
12:39:07  96692.76   2437.50
12:39:10  89723.66   2267.04
12:39:13  96264.55   2390.64
12:39:16  92822.51   1942.45
12:39:19  82557.70   2016.13
12:39:22  92631.32   2270.12
12:39:25  91700.60   2204.11
12:39:28  94334.18   2048.12
12:39:31  96477.46   2437.89
12:39:34  89063.31   2263.38
12:39:37  84276.95   2287.30
12:39:40  98786.41   2122.84
12:39:43  96567.21   2548.23
12:39:46  93181.47   2742.73
12:39:49  98532.16   2591.88
12:39:52  95128.25   2301.84
Connection to 192.168.1.102 closed.
time: 6
  Time         enp0s25      
HH:MM:SS   Kbps in  Kbps out
12:39:58  77919.58   2420.57
12:40:01  92315.55   2529.52
12:40:04  97049.54   2082.11
12:40:07  92272.65   2871.44
12:40:10  90796.21   2740.94
12:40:13  84791.06   4083.03
12:40:16  95633.43   2190.85
12:40:19  92468.52   2752.98
12:40:22  88289.73   3769.06
12:40:25  95994.66   2935.81
12:40:28  95337.56   2430.92
12:40:31  92392.09   2830.58
12:40:34  86419.58   3683.10
12:40:37  93400.80   2905.16
12:40:40  99112.49   2151.24
12:40:43  91831.62   2824.32
12:40:46  88714.32   2785.91
12:40:49  83723.01   3372.01
12:40:52  89974.39   1705.87
Connection to 192.168.1.102 closed.
time: 7
  Time         enp0s25      
HH:MM:SS   Kbps in  Kbps out
12:40:59  59712.04   2277.03
12:41:02  59420.92   2894.78
12:41:05  62976.91   2136.70
12:41:08  71820.79   1815.98
12:41:11  65416.87   1796.18
12:41:14  62207.21   3072.94
12:41:17  67858.24   2228.37
12:41:20  57856.61   1712.08
12:41:23  55887.86   2592.13
12:41:26  50262.51   1997.54
12:41:29  47893.39   2928.80
12:41:32  48046.25   1376.52
12:41:35  58950.81   1940.33
12:41:38  70758.23   3248.84
12:41:41  77282.29   2547.15
12:41:44  73696.57   2943.47
12:41:47  71141.61   2173.38
12:41:50  64668.28   2199.56
12:41:53  77426.10   3457.66
Connection to 192.168.1.102 closed.
time: 8
  Time         enp0s25      
HH:MM:SS   Kbps in  Kbps out
12:42:00  49231.89   1933.06
12:42:03  33829.95   2411.57
12:42:06  48093.69   1468.73
12:42:09  61985.63   2521.79
12:42:12  54951.16   2622.63
12:42:15  59707.99   1749.68
12:42:18  14227.12   1662.58
12:42:21   1140.23    998.52
12:42:24   1889.53    749.09
12:42:27   2172.92   1506.16
12:42:30   1418.96    436.55
12:42:33   1304.06    925.36
12:42:36   3650.45   1597.87
12:42:39    541.21    563.83
12:42:42   2152.48   1421.58
12:42:45   2142.85    654.85
12:42:48    912.71    999.16
12:42:51  44488.28   2441.82
12:42:54  84485.46   2114.66
Connection to 192.168.1.102 closed.
time: 9
  Time         enp0s25      
HH:MM:SS   Kbps in  Kbps out
12:42:59  93270.42   2378.64
12:43:02  95662.19   3546.38
12:43:05  70091.23   2322.24
12:43:08  76988.40   3228.18
12:43:11  71328.03   1657.44
12:43:14  86316.34   2547.11
12:43:17  88781.53   3388.44
12:43:20  97788.90   2712.14
12:43:23  86812.06   2353.98
12:43:26  82964.45   3257.90
12:43:29  91789.77   2755.44
12:43:32  95919.91   3522.30
12:43:35  97355.00   2659.40
12:43:38  90913.02   2894.08
12:43:41  78811.44   2762.92
12:43:44  79277.05   2461.37
12:43:47  82961.89   3267.61
12:43:50  83289.70   2368.12
12:43:53  71180.32   2183.34
Connection to 192.168.1.102 closed.
time: 10
  Time         enp0s25      
HH:MM:SS   Kbps in  Kbps out
12:43:59  68414.63   2235.06
12:44:02  66948.73   1788.01
12:44:05  81701.07   3654.15
12:44:08  64423.83   2024.77
12:44:11  78284.16   2422.58
12:44:14  74467.41   2802.56
12:44:17  86905.89   2692.50
12:44:20  83227.27   2549.25
12:44:23  65852.45   3117.31
12:44:26  32430.37   1078.29
12:44:29  49335.34   2453.60
12:44:32  40147.46   1543.21
12:44:35  39031.58   2481.68
12:44:38  45503.51   1667.71
12:44:41  46525.66   1590.13
12:44:44  36273.68   2011.43
12:44:47  25689.28   1446.31
12:44:50   2155.35    942.54
12:44:53    585.91   1722.75
Connection to 192.168.1.102 closed.
time: 11
  Time         enp0s25      
HH:MM:SS   Kbps in  Kbps out
12:45:17   2254.74   1348.83
12:45:20   1750.56    719.99
12:45:23   2508.83   1881.81
12:45:26   2450.27    916.38
12:45:29    568.77    476.83
12:45:32   1726.05   1883.91
12:45:35   2134.47    540.00
12:45:38   1417.49   1059.50
12:45:41   1260.34   1285.34
12:45:44   1990.47    850.15
12:45:47   2116.62   1045.53
12:45:50    509.18   1707.53
12:45:53   2232.16    267.35
12:45:56   1755.11    976.14
12:45:59    629.99   1514.03
12:46:02   2617.46    744.34
12:46:05   1181.23    897.00
12:46:08   1639.64    986.41
12:46:11   2055.68    776.60
Connection to 192.168.1.102 closed.
time: 12
  Time         enp0s25      
HH:MM:SS   Kbps in  Kbps out
12:46:16   2108.44    108.32
12:46:19   1899.36   1698.36
12:46:22   2507.23    726.11
12:46:25   1648.76    710.32
12:46:28   6707.35   1226.66
12:46:31  94913.92   2657.26
12:46:34  94789.05   2721.20
12:46:37  94527.49   3475.16
12:46:40  99148.27   2351.25
12:46:43  90340.69   2580.37
12:46:46  90662.24   3159.42
12:46:49  86656.17   4019.11
12:46:52  93647.02   3134.20
12:46:55  89439.15   3817.88
12:46:58  90558.83   4765.05
12:47:01  93968.98   2660.26
12:47:04  68729.68   4935.63
12:47:07  93897.73   2649.91
12:47:10  36374.82   1504.37
Connection to 192.168.1.102 closed.
time: 13
  Time         enp0s25      
HH:MM:SS   Kbps in  Kbps out
12:47:17  63538.30   1788.96
12:47:20  85283.03   3539.00
12:47:23  81446.93   4408.53
12:47:26  79902.45   2086.44
12:47:29  85473.47   3458.09
12:47:32  80110.37   4606.88
12:47:35  93233.83   2522.21
12:47:38  80931.57   4127.42
12:47:41  83303.19   3747.69
12:47:44  80452.83   2442.49
12:47:47  35857.65   4829.90
12:47:50  50733.87   1770.60
12:47:53  54330.69   3931.24
12:47:56  46466.46   1663.91
12:47:59  53282.56   3148.63
12:48:02  13960.54   2148.26
12:48:05   2535.97    520.05
12:48:08   2202.08   2943.73
12:48:11   1262.94    504.43
Connection to 192.168.1.102 closed.
time: 14
  Time         enp0s25      
HH:MM:SS   Kbps in  Kbps out
12:48:18    602.43    887.06
12:48:21   2511.50    778.98
12:48:24   2292.22   2723.85
12:48:27    560.59    475.76
12:48:30   2114.46   2271.71
12:48:33   2414.79   1418.59
12:48:36   2646.14    297.44
12:48:39    415.07   3131.31
12:48:42   2443.22    897.67
12:48:45   2558.43    237.59
12:48:48    497.76   2378.20
12:48:51   1819.26    567.95
12:48:54   1046.60    667.96
12:48:57   1626.09   2162.66
12:49:00   1896.53    255.93
12:49:03   1682.58   2208.76
12:49:06   1681.07   1477.22
12:49:09   2399.08    374.12
12:49:12   2858.92   2964.10
Connection to 192.168.1.102 closed.
time: 15
  Time         enp0s25      
HH:MM:SS   Kbps in  Kbps out
12:49:17   2327.86   1489.43
12:49:20   2001.17   1864.42
12:49:23    502.10   1332.23
12:49:26   2459.89   1910.62
12:49:29   2502.52   1459.15
12:49:32    147.61   1250.48
12:49:35   2534.93   2827.82
12:49:38   2303.94   2471.59
12:49:41   1073.61     42.75
12:49:44   1409.08   3699.44
12:49:47   2376.68   1441.08
12:49:50   1424.25    662.75
12:49:53   1061.67   2134.28
12:49:56   1954.86    401.57
12:49:59   2036.88   2545.85
12:50:02   2575.37    598.06
12:50:05   2268.47    914.09
12:50:08   2293.96   1680.87
12:50:11    521.86    557.16
Connection to 192.168.1.102 closed.
time: 16
  Time         enp0s25      
HH:MM:SS   Kbps in  Kbps out
12:50:17   2196.78   1256.00
12:50:20   1459.97    115.21
12:50:23   1185.84   2492.65
12:50:26   2411.28    567.28
12:50:29   2311.42    606.90
12:50:32    623.94   2454.12
12:50:35   2182.40     66.82
12:50:38   1674.72    589.07
12:50:41    545.11   2487.61
12:50:44   2244.08    518.72
12:50:47   1204.61    764.81
12:50:50   2006.53   1840.57
12:50:53   1549.41    577.92
12:50:56   1914.57   1308.10
12:50:59   2236.32   2261.47
12:51:02   2151.28   4677.61
12:51:05   2463.73   3379.00
12:51:08   2420.97   1896.65
12:51:11    613.00   4660.92
Connection to 192.168.1.102 closed.
time: 17
  Time         enp0s25      
HH:MM:SS   Kbps in  Kbps out
12:51:17   2249.78   3581.52
12:51:20    692.84   4250.57
12:51:23   2298.31   3516.84
12:51:26   2082.73   1217.64
12:51:29   1248.06   4678.01
12:51:32   1961.33   3306.12
12:51:35   2017.70     51.35
12:51:38   2330.22   3690.86
12:51:41    943.63   4561.67
12:51:44   1384.54    745.58
12:51:47   1988.61   1875.78
12:51:50   2085.40   4686.47
12:51:53   1643.17   2042.19
12:51:56   1970.48   2947.13
12:51:59   2084.07   3818.25
12:52:02   2509.60   1625.38
12:52:05   2256.22   4675.81
12:52:08    700.70   3074.82
12:52:11   2294.43   3129.68
Connection to 192.168.1.102 closed.
time: 18
  Time         enp0s25      
HH:MM:SS   Kbps in  Kbps out
12:52:17   2948.36   2023.74
12:52:20    942.46   4669.04
12:52:23   2091.40    372.36
12:52:26   2165.94   3107.62
12:52:29   1172.65   3924.23
12:52:32   2576.94   1434.97
12:52:35   2326.68   4685.67
12:52:38    475.40    968.91
12:52:41   1889.79    975.04
12:52:44   2208.60   4680.15
12:52:47   2045.20   1432.96
12:52:50   1728.29   1213.74
12:52:53   2048.07   4682.97
12:52:56   3613.03   2160.95
12:52:59    526.80   2725.11
12:53:02   2126.57   3908.93
12:53:05   2174.88   2316.15
12:53:08    568.84   2948.30
12:53:11   1924.97    711.02
Connection to 192.168.1.102 closed.
time: 19
  Time         enp0s25      
HH:MM:SS   Kbps in  Kbps out
12:53:16   2350.72   2795.71
12:53:19   2028.83     43.89
12:53:22   2281.07   4621.40
12:53:25    595.11   2143.37
12:53:28   2492.99    658.08
12:53:31   2300.24   4680.32
12:53:34    510.59   2144.81
12:53:37   2055.28   2019.44
12:53:40   2037.13   4695.84
12:53:43   1585.24    616.61
12:53:46    629.04    732.31
12:53:49   2428.59   4042.25
12:53:52   1746.94   3270.50
12:53:55   3367.02   1716.64
12:53:58   1957.61   4684.94
12:54:01   1788.33   1766.00
12:54:04   1338.99   2329.12
12:54:07   1961.74   3214.51
12:54:10   1839.32   2146.71
Connection to 192.168.1.102 closed.
time: 20
  Time         enp0s25      
HH:MM:SS   Kbps in  Kbps out
12:54:17   2645.97   2274.46
12:54:20   2369.19   3394.22
12:54:23    318.12    754.54
12:54:26   2387.92   1647.01
12:54:29   2621.26   4686.08
12:54:32    968.67    457.84
12:54:35   1302.68   3335.83
12:54:38   2289.29   3420.01
12:54:41   2555.97    980.21
12:54:44   2271.32   4208.35
12:54:47   2356.72   1661.48
12:54:50   2847.65   2325.34
12:54:53    623.07   3278.53
12:54:56   2343.07   1783.30
12:54:59   1942.99   3072.99
12:55:02    524.50   1114.10
12:55:05   2481.55   2244.39
12:55:08   2545.22   2808.87
12:55:11    915.06   1133.60
Connection to 192.168.1.102 closed.
time: 21
  Time         enp0s25      
HH:MM:SS   Kbps in  Kbps out
12:55:17   2328.80   2798.81
12:55:20   2415.95    268.75
12:55:23    594.22   4523.53
12:55:26   1943.87   1444.34
12:55:29   2110.83   1170.67
12:55:32    544.66    341.51
12:55:35   1631.89    845.23
12:55:38   2022.54   4516.21
12:55:41   2365.51   4678.61
12:55:44   1957.63   2112.70
12:55:47   1610.24   1375.02
12:55:50   1614.98   3940.49
12:55:53   2474.36   4682.22
12:55:56   2538.78   2035.44
12:55:59   2876.63   3780.15
12:56:02    548.00   4669.31
12:56:05   2133.72   2338.71
12:56:08   2532.21    847.10
12:56:11    493.56   3910.96
Connection to 192.168.1.102 closed.
time: 22
  Time         enp0s25      
HH:MM:SS   Kbps in  Kbps out
12:56:17   2450.11   1803.80
12:56:20    738.92   1032.33
12:56:23   1783.04   1895.86
12:56:26   2116.36   4686.09
12:56:29   2602.42   3908.55
12:56:32    592.52   2550.79
12:56:35   2246.90   4426.34
12:56:38   2407.72   3000.18
12:56:41    513.59   4376.37
12:56:44   2462.69   4686.62
12:56:47   1582.16   1896.44
12:56:50   1694.42   2952.40
12:56:53   1481.34   1030.74
12:56:56   1724.12   3417.02
12:56:59   2435.38   1335.41
12:57:02   1974.72   1451.02
12:57:05   2651.18   2402.94
12:57:08   1779.90   1010.53
12:57:11    850.74   3543.11
Connection to 192.168.1.102 closed.
time: 23
  Time         enp0s25      
HH:MM:SS   Kbps in  Kbps out
12:57:17   1941.63    130.84
12:57:20    520.95   3716.17
12:57:23   2140.32    594.77
12:57:26   2378.47    308.85
12:57:29    493.82   2925.16
12:57:32   1796.93    247.86
12:57:35   1972.12    605.31
12:57:38    558.01   3235.71
12:57:41   2298.53    768.31
12:57:44   1095.37    826.32
12:57:47   1207.33   3158.72
12:57:50   1945.82    658.98
12:57:53   2092.20   2372.94
12:57:56   1964.30   1697.58
12:57:59   2181.46   1570.61
12:58:02   2823.20   2939.09
12:58:05   2171.97    530.48
12:58:08    431.44   3451.79
12:58:11   2331.04    851.44
Connection to 192.168.1.102 closed.
time: 24
  Time         enp0s25      
HH:MM:SS   Kbps in  Kbps out
12:58:17    596.28   3043.74
12:58:20   2307.00    945.40
12:58:23   2092.62    651.30
12:58:26   1132.27   3780.76
12:58:29   1853.41    290.70
12:58:32   1731.51   1574.48
12:58:35   2391.50   2897.77
12:58:38    872.76    732.86
12:58:41   2076.80    430.49
12:58:44   1741.26    869.18
12:58:47    537.56    689.27
12:58:50   1586.89   2850.47
12:58:53   1918.23    668.47
12:58:56   1619.89    606.31
12:58:59   2398.31    769.97
12:59:02   1027.43    629.04
12:59:05   2158.92   2943.45
12:59:08   1698.99    650.65
12:59:11   2041.66    639.07
Connection to 192.168.1.102 closed.
time: 25
  Time         enp0s25      
HH:MM:SS   Kbps in  Kbps out
12:59:17   2468.56   1047.49
12:59:20   2898.77   2628.83
12:59:23   2211.43    674.72
12:59:26    508.13    623.67
12:59:29   2000.26     72.35
12:59:32   1687.30   1590.87
12:59:35    504.36   2618.12
12:59:38   2638.58    632.14
12:59:41   2060.77    300.63
12:59:44    114.31    706.58
12:59:47   2147.67    520.57
12:59:50   2141.77   1091.47
12:59:53    932.32   1855.05
12:59:56   1504.59    585.91
12:59:59   2265.57    594.81
13:00:02   2826.30    435.62
13:00:05    480.87    159.01
13:00:08   1783.49   2376.19
13:00:11   2307.75   1209.10
Connection to 192.168.1.102 closed.
