No resources found.
pod/yolo12-0 created
No resources found.
pod/audio3-0 created
pod/yolo8-0 created
pod/yolo6-0 created
pod/audio11-0 created
pod/audio10-0 created
pod/yolo4-0 created
pod/audio9-0 created
pod/yolo10-0 created
pod/yolo2-1 created
pod/yolo5-1 created
pod/yolo11-1 created
No resources found.
/usr/local/lib/python3.6/dist-packages/scipy/optimize/minpack.py:162: RuntimeWarning: The iteration is not making good progress, as measured by the 
  improvement from the last ten iterations.
  warnings.warn(msg, RuntimeWarning)
/usr/local/lib/python3.6/dist-packages/scipy/optimize/minpack.py:162: RuntimeWarning: The iteration is not making good progress, as measured by the 
  improvement from the last five Jacobian evaluations.
  warnings.warn(msg, RuntimeWarning)
pod "yolo5-1" deleted
pod "yolo4-0" deleted
pod "yolo10-0" deleted
pod/yolo9-2 created
pod/audio3-2 created
pod/audio4-2 created
pod/audio11-2 created
pod/yolo6-2 created
pod/yolo11-2 created
pod/yolo8-2 created
pod/audio6-2 created
pod/yolo2-2 created
No resources found.
/usr/local/lib/python3.6/dist-packages/scipy/optimize/minpack.py:162: RuntimeWarning: The iteration is not making good progress, as measured by the 
  improvement from the last ten iterations.
  warnings.warn(msg, RuntimeWarning)
/usr/local/lib/python3.6/dist-packages/scipy/optimize/minpack.py:162: RuntimeWarning: The iteration is not making good progress, as measured by the 
  improvement from the last five Jacobian evaluations.
  warnings.warn(msg, RuntimeWarning)
pod "yolo10-0" deleted
pod/yolo7-3 created
pod/audio1-3 created
pod/audio8-3 created
pod "yolo6-0" deleted
pod "yolo8-0" deleted
No resources found.
/usr/local/lib/python3.6/dist-packages/scipy/optimize/minpack.py:162: RuntimeWarning: The iteration is not making good progress, as measured by the 
  improvement from the last ten iterations.
  warnings.warn(msg, RuntimeWarning)
/usr/local/lib/python3.6/dist-packages/scipy/optimize/minpack.py:162: RuntimeWarning: The iteration is not making good progress, as measured by the 
  improvement from the last five Jacobian evaluations.
  warnings.warn(msg, RuntimeWarning)
pod/audio2-4 created
pod/audio5-4 created
pod/yolo12-4 created
pod/audio7-4 created
pod/audio9-4 created
pod "audio11-2" deleted
No resources found.
/usr/local/lib/python3.6/dist-packages/scipy/optimize/minpack.py:162: RuntimeWarning: The iteration is not making good progress, as measured by the 
  improvement from the last ten iterations.
  warnings.warn(msg, RuntimeWarning)
pod/yolo6-5 created
pod/yolo11-5 created
pod/audio11-5 created
pod/audio3-5 created
pod "audio9-0" deleted
pod "audio10-0" deleted
pod "audio8-3" deleted
No resources found.
/usr/local/lib/python3.6/dist-packages/scipy/optimize/minpack.py:162: RuntimeWarning: The iteration is not making good progress, as measured by the 
  improvement from the last ten iterations.
  warnings.warn(msg, RuntimeWarning)
/usr/local/lib/python3.6/dist-packages/scipy/optimize/minpack.py:162: RuntimeWarning: The iteration is not making good progress, as measured by the 
  improvement from the last five Jacobian evaluations.
  warnings.warn(msg, RuntimeWarning)
No resources found.
pod/audio9-6 created
pod/yolo2-6 created
pod "audio8-3" deleted
pod "audio1-3" deleted
pod "audio2-4" deleted
pod "audio4-2" deleted
pod "yolo7-3" deleted
pod "yolo12-0" deleted
pod "yolo11-1" deleted
No resources found.
/usr/local/lib/python3.6/dist-packages/scipy/optimize/minpack.py:162: RuntimeWarning: The iteration is not making good progress, as measured by the 
  improvement from the last ten iterations.
  warnings.warn(msg, RuntimeWarning)
pod "audio2-4" deleted
pod "yolo12-0" deleted
pod "yolo7-3" deleted
pod "audio1-3" deleted
time: 0
used_storage:  0 used bandwidth:  0
departure []
all_departures []
Pods in cloud:  []
Init deployed Analytic: yolo12-0
Pods in edge:  []
Init deployed Analytic: audio3-0
Init deployed Analytic: audio11-0
Init deployed Analytic: yolo8-0
Init deployed Analytic: yolo6-0
Init deployed Analytic: yolo4-0
Init deployed Analytic: audio9-0
Init deployed Analytic: audio10-0
Init deployed Analytic: yolo10-0

minion@minion-nuc-cloud:~$ 
The passed time:  60.05574059486389
The time of this iteration: 60.05574059486389
time: 1
Init deployed Analytic: yolo2-1
Init deployed Analytic: yolo11-1
Init deployed Analytic: yolo5-1
[Departure] audio10-0:1/4
[Departure] audio9-0:1/4
[Departure] yolo10-0:1/1
[Departure] yolo8-0:1/2
[Departure] audio11-0:1/10
[Departure] audio3-0:1/10
[Departure] yolo6-0:1/2
[Departure] yolo12-0:1/5
[Departure] yolo4-0:1/1
[Departure] yolo11-1:1/5
[Departure] yolo2-1:1/8
[Departure] yolo5-1:1/1
used_storage:  0 used bandwidth:  0
departure []
all_departures []
Pods in cloud:  ['NAME', 'audio10-0', 'audio11-0', 'audio3-0', 'audio9-0', 'yolo10-0', 'yolo11-1', 'yolo12-0', 'yolo2-1', 'yolo4-0', 'yolo5-1', 'yolo6-0', 'yolo8-0']
Pods in edge:  []
The passed time:  120.10191941261292
The time of this iteration: 60.04617881774902
time: 2
[Departure] audio10-0:2/4
[Departure] audio9-0:2/4
init delete pods yolo10-0
[Departure] yolo8-0:2/2
[Departure] audio11-0:2/10
[Departure] audio3-0:2/10
[Departure] yolo6-0:2/2
[Departure] yolo12-0:2/5
init delete pods yolo4-0
[Departure] yolo11-1:2/5
[Departure] yolo2-1:2/8
init delete pods yolo5-1
used_storage:  0 used bandwidth:  0
departure [['yolo10-0', 1, 1], ['yolo4-0', 1, 1], ['yolo5-1', 1, 1]]
all_departures ['yolo10-0', 'yolo4-0', 'yolo5-1']
Pods in cloud:  ['NAME', 'audio10-0', 'audio11-0', 'audio3-0', 'audio9-0', 'yolo10-0', 'yolo11-1', 'yolo12-0', 'yolo2-1', 'yolo4-0', 'yolo5-1', 'yolo6-0', 'yolo8-0']
Init deployed Analytic: yolo9-2
Init deployed Analytic: yolo11-2
Init deployed Analytic: audio4-2
Init deployed Analytic: audio3-2
Init deployed Analytic: yolo8-2
Init deployed Analytic: yolo2-2
Init deployed Analytic: yolo6-2
Init deployed Analytic: audio6-2
Init deployed Analytic: audio11-2
Pods in edge:  []
The passed time:  180.1552016735077
The time of this iteration: 60.053282260894775
time: 3
Delete stuck app: yolo10-0
[Departure] audio10-0:3/4
[Departure] audio9-0:3/4
init delete pods yolo8-0
Init deployed Analytic: yolo7-3
[Departure] audio11-0:3/10
[Departure] audio3-0:3/10
init delete pods yolo6-0
[Departure] yolo12-0:3/5
[Departure] yolo11-1:3/5
[Departure] yolo2-1:3/8
[Departure] yolo2-2:1/4
[Departure] yolo9-2:1/9
[Departure] audio11-2:1/1
[Departure] yolo8-2:1/8
[Departure] audio4-2:1/3
[Departure] yolo6-2:1/4
[Departure] audio6-2:1/10
[Departure] audio3-2:1/4
[Departure] yolo11-2:1/5
Init deployed Analytic: audio1-3
Init deployed Analytic: audio8-3
used_storage:  0 used bandwidth:  0
departure [['yolo8-0', 2, 2], ['yolo6-0', 2, 2]]
all_departures ['yolo10-0', 'yolo4-0', 'yolo5-1', 'yolo10-0', 'yolo8-0', 'yolo6-0']
Pods in cloud:  ['NAME', 'audio1-3', 'audio10-0', 'audio11-0', 'audio11-2', 'audio3-0', 'audio3-2', 'audio4-2', 'audio6-2', 'audio8-3', 'audio9-0', 'yolo11-1', 'yolo11-2', 'yolo12-0', 'yolo2-1', 'yolo2-2', 'yolo6-0', 'yolo6-2', 'yolo7-3', 'yolo8-0', 'yolo8-2', 'yolo9-2']
Pods in edge:  []
The passed time:  240.20373678207397
The time of this iteration: 60.048535108566284
time: 4
Init deployed Analytic: audio2-4
Init deployed Analytic: audio5-4
Init deployed Analytic: yolo12-4
Init deployed Analytic: audio7-4
[Departure] audio10-0:4/4
[Departure] audio9-0:4/4
[Departure] audio11-0:4/10
[Departure] audio3-0:4/10
[Departure] yolo12-0:4/5
[Departure] yolo11-1:4/5
[Departure] yolo2-1:4/8
[Departure] yolo2-2:2/4
[Departure] yolo9-2:2/9
init delete pods audio11-2
[Departure] yolo8-2:2/8
[Departure] audio4-2:2/3
[Departure] yolo6-2:2/4
[Departure] audio6-2:2/10
[Departure] audio3-2:2/4
[Departure] yolo11-2:2/5
[Departure] audio8-3:1/1
[Departure] yolo7-3:1/2
[Departure] audio1-3:1/2
[Departure] yolo12-4:1/4
[Departure] audio2-4:1/2
[Departure] audio5-4:1/5
[Departure] audio7-4:1/6
Init deployed Analytic: audio9-4
used_storage:  0 used bandwidth:  0
departure [['audio11-2', 1, 1]]
all_departures ['yolo10-0', 'yolo4-0', 'yolo5-1', 'yolo10-0', 'yolo8-0', 'yolo6-0', 'audio11-2']
Pods in cloud:  ['NAME', 'audio1-3', 'audio10-0', 'audio11-0', 'audio11-2', 'audio2-4', 'audio3-0', 'audio3-2', 'audio4-2', 'audio5-4', 'audio6-2', 'audio7-4', 'audio8-3', 'audio9-0', 'audio9-4', 'yolo11-1', 'yolo11-2', 'yolo12-0', 'yolo12-4', 'yolo2-1', 'yolo2-2', 'yolo6-2', 'yolo7-3', 'yolo8-2', 'yolo9-2']
Pods in edge:  []
The passed time:  300.2557375431061
The time of this iteration: 60.052000761032104
time: 5
Init deployed Analytic: yolo6-5
Init deployed Analytic: audio3-5
Init deployed Analytic: audio11-5
Init deployed Analytic: yolo11-5
init delete pods audio10-0
init delete pods audio9-0
[Departure] audio11-0:5/10
[Departure] audio3-0:5/10
[Departure] yolo12-0:5/5
[Departure] yolo11-1:5/5
[Departure] yolo2-1:5/8
[Departure] yolo2-2:3/4
[Departure] yolo9-2:3/9
[Departure] yolo8-2:3/8
[Departure] audio4-2:3/3
[Departure] yolo6-2:3/4
[Departure] audio6-2:3/10
[Departure] audio3-2:3/4
[Departure] yolo11-2:3/5
init delete pods audio8-3
[Departure] yolo7-3:2/2
[Departure] audio1-3:2/2
[Departure] yolo12-4:2/4
[Departure] audio9-4:1/8
[Departure] audio2-4:2/2
[Departure] audio5-4:2/5
[Departure] audio7-4:2/6
[Departure] audio3-5:1/4
[Departure] audio11-5:1/10
[Departure] yolo6-5:1/9
[Departure] yolo11-5:1/2
used_storage:  0 used bandwidth:  0
departure [['audio10-0', 4, 4], ['audio9-0', 4, 4], ['audio8-3', 1, 1]]
all_departures ['yolo10-0', 'yolo4-0', 'yolo5-1', 'yolo10-0', 'yolo8-0', 'yolo6-0', 'audio11-2', 'audio10-0', 'audio9-0', 'audio8-3']
write terminal.input False
Pods in cloud:  ['NAME', 'audio1-3', 'audio10-0', 'audio11-0', 'audio11-5', 'audio2-4', 'audio3-0', 'audio3-2', 'audio3-5', 'audio4-2', 'audio5-4', 'audio6-2', 'audio7-4', 'audio8-3', 'audio9-0', 'audio9-4', 'yolo11-1', 'yolo11-2', 'yolo11-5', 'yolo12-0', 'yolo12-4', 'yolo2-1', 'yolo2-2', 'yolo6-2', 'yolo6-5', 'yolo7-3', 'yolo8-2', 'yolo9-2']
Pods in edge:  []
The passed time:  360.30374240875244
The time of this iteration: 60.04800486564636
time: 6
Delete stuck app: audio9-0
Delete stuck app: audio8-3
Init deployed Analytic: audio9-6
Init deployed Analytic: yolo2-6
[Departure] audio11-0:6/10
[Departure] audio3-0:6/10
init delete pods yolo12-0
init delete pods yolo11-1
[Departure] yolo2-1:6/8
[Departure] yolo2-2:4/4
[Departure] yolo9-2:4/9
[Departure] yolo8-2:4/8
init delete pods audio4-2
[Departure] yolo6-2:4/4
[Departure] audio6-2:4/10
[Departure] audio3-2:4/4
[Departure] yolo11-2:4/5
init delete pods yolo7-3
init delete pods audio1-3
[Departure] yolo12-4:3/4
[Departure] audio9-4:2/8
init delete pods audio2-4
[Departure] audio5-4:3/5
[Departure] audio7-4:3/6
[Departure] audio3-5:2/4
[Departure] audio11-5:2/10
[Departure] yolo6-5:2/9
[Departure] yolo11-5:2/2
[Departure] yolo2-6:1/1
[Departure] audio9-6:1/4
used_storage:  0 used bandwidth:  0
departure [['yolo12-0', 5, 5], ['yolo11-1', 5, 5], ['audio4-2', 3, 3], ['yolo7-3', 2, 2], ['audio1-3', 2, 2], ['audio2-4', 2, 2]]
all_departures ['yolo10-0', 'yolo4-0', 'yolo5-1', 'yolo10-0', 'yolo8-0', 'yolo6-0', 'audio11-2', 'audio10-0', 'audio9-0', 'audio8-3', 'audio9-0', 'audio8-3', 'yolo12-0', 'yolo11-1', 'audio4-2', 'yolo7-3', 'audio1-3', 'audio2-4']
Pods in cloud:  ['NAME', 'audio1-3', 'audio11-0', 'audio11-5', 'audio2-4', 'audio3-0', 'audio3-2', 'audio3-5', 'audio4-2', 'audio5-4', 'audio6-2', 'audio7-4', 'audio8-3', 'audio9-4', 'audio9-6', 'yolo11-1', 'yolo11-2', 'yolo11-5', 'yolo12-0', 'yolo12-4', 'yolo2-1', 'yolo2-2', 'yolo2-6', 'yolo6-2', 'yolo6-5', 'yolo7-3', 'yolo8-2', 'yolo9-2']
Pods in edge:  []
The passed time:  420.3483431339264
The time of this iteration: 60.04460072517395
time: 7
Delete stuck app: yolo12-0
Delete stuck app: yolo7-3
Delete stuck app: audio1-3
Delete stuck app: audio2-4
[Departure] audio3-0:7/10
[Departure] yolo2-1:7/8
init delete pods yolo2-2
[Departure] yolo9-2:5/9
[Departure] yolo8-2:5/8
init delete pods yolo6-2
[Departure] audio6-2:5/10
init delete pods audio3-2pod "yolo11-5" deleted
pod "yolo6-2" deleted
pod/audio5-7 created
pod/audio8-7 created
pod "yolo2-6" deleted
pod/audio12-7 created
pod "yolo2-2" deleted
pod "audio3-2" deleted
No resources found.
/usr/local/lib/python3.6/dist-packages/scipy/optimize/minpack.py:162: RuntimeWarning: The iteration is not making good progress, as measured by the 
  improvement from the last ten iterations.
  warnings.warn(msg, RuntimeWarning)
pod "yolo11-2" deleted
pod "yolo12-4" deleted
pod/yolo9-8 created
pod/audio10-8 created
pod/audio2-8 created
pod/yolo10-8 created
pod/yolo8-8 created
pod/yolo1-8 created
pod/yolo12-8 created
pod/yolo4-8 created
No resources found.
/usr/local/lib/python3.6/dist-packages/scipy/optimize/minpack.py:162: RuntimeWarning: The iteration is not making good progress, as measured by the 
  improvement from the last ten iterations.
  warnings.warn(msg, RuntimeWarning)
pod "audio5-4" deleted
pod "audio3-5" deleted
pod "yolo2-1" deleted
pod/yolo5-9 created
pod/yolo7-9 created
/usr/local/lib/python3.6/dist-packages/scipy/optimize/minpack.py:162: RuntimeWarning: The iteration is not making good progress, as measured by the 
  improvement from the last ten iterations.
  warnings.warn(msg, RuntimeWarning)
/usr/local/lib/python3.6/dist-packages/scipy/optimize/minpack.py:162: RuntimeWarning: The iteration is not making good progress, as measured by the 
  improvement from the last five Jacobian evaluations.
  warnings.warn(msg, RuntimeWarning)
Error from server (NotFound): pods "audio1-3" not found
pod "audio7-4" deleted
pod/audio1-10 created
pod/yolo3-10 created
pod "audio9-6" deleted
pod/audio6-10 created
pod/audio7-10 created
pod "audio2-8" deleted
pod/audio4-10 created
/usr/local/lib/python3.6/dist-packages/scipy/optimize/minpack.py:162: RuntimeWarning: The iteration is not making good progress, as measured by the 
  improvement from the last ten iterations.
  warnings.warn(msg, RuntimeWarning)
pod/yolo3-11 created
pod/yolo5-11 created
pod/yolo1-11 created
pod/yolo11-11 created
pod/audio9-11 created
pod/audio5-11 created
pod/yolo4-11 created
pod "audio3-0" deleted
pod "yolo8-2" deleted
pod "yolo1-8" deleted

[Departure] yolo11-2:5/5
[Departure] yolo12-4:4/4
[Departure] audio9-4:3/8
[Departure] audio5-4:4/5
[Departure] audio7-4:4/6
[Departure] audio3-5:3/4
[Departure] audio11-5:3/10
[Departure] yolo6-5:3/9
init delete pods yolo11-5
init delete pods yolo2-6
[Departure] audio9-6:2/4
used_storage:  0 used bandwidth:  0
departure [['yolo2-2', 4, 4], ['yolo6-2', 4, 4], ['audio3-2', 4, 4], ['yolo11-5', 2, 2], ['yolo2-6', 1, 1]]
all_departures ['yolo10-0', 'yolo4-0', 'yolo5-1', 'yolo10-0', 'yolo8-0', 'yolo6-0', 'audio11-2', 'audio10-0', 'audio9-0', 'audio8-3', 'audio9-0', 'audio8-3', 'yolo12-0', 'yolo11-1', 'audio4-2', 'yolo7-3', 'audio1-3', 'audio2-4', 'yolo12-0', 'yolo7-3', 'audio1-3', 'audio2-4', 'yolo2-2', 'yolo6-2', 'audio3-2', 'yolo11-5', 'yolo2-6']
Init deployed Analytic: audio5-7
Init deployed Analytic: audio8-7
Init deployed Analytic: audio12-7
Pods in cloud:  ['NAME', 'audio1-3', 'audio11-5', 'audio12-7', 'audio2-4', 'audio3-0', 'audio3-2', 'audio3-5', 'audio5-4', 'audio5-7', 'audio6-2', 'audio7-4', 'audio8-7', 'audio9-4', 'audio9-6', 'yolo11-2', 'yolo11-5', 'yolo12-0', 'yolo12-4', 'yolo2-1', 'yolo2-2', 'yolo2-6', 'yolo6-2', 'yolo6-5', 'yolo8-2', 'yolo9-2']
Pods in edge:  []
The passed time:  480.4018919467926
The time of this iteration: 60.05354881286621
time: 8
[Departure] audio3-0:8/10
[Departure] yolo2-1:8/8
[Departure] yolo9-2:6/9
[Departure] yolo8-2:6/8
[Departure] audio6-2:6/10
init delete pods yolo11-2
init delete pods yolo12-4
[Departure] audio9-4:4/8
[Departure] audio5-4:5/5
[Departure] audio7-4:5/6
[Departure] audio3-5:4/4
[Departure] audio11-5:4/10
[Departure] yolo6-5:4/9
[Departure] audio9-6:3/4
[Departure] audio12-7:1/6
[Departure] audio8-7:1/9
[Departure] audio5-7:1/6
used_storage:  0 used bandwidth:  0
departure [['yolo11-2', 5, 5], ['yolo12-4', 4, 4]]
all_departures ['yolo10-0', 'yolo4-0', 'yolo5-1', 'yolo10-0', 'yolo8-0', 'yolo6-0', 'audio11-2', 'audio10-0', 'audio9-0', 'audio8-3', 'audio9-0', 'audio8-3', 'yolo12-0', 'yolo11-1', 'audio4-2', 'yolo7-3', 'audio1-3', 'audio2-4', 'yolo12-0', 'yolo7-3', 'audio1-3', 'audio2-4', 'yolo2-2', 'yolo6-2', 'audio3-2', 'yolo11-5', 'yolo2-6', 'yolo11-2', 'yolo12-4']
Init deployed Analytic: yolo9-8
Init deployed Analytic: audio2-8
Init deployed Analytic: yolo1-8
Init deployed Analytic: yolo10-8
Init deployed Analytic: audio10-8
Init deployed Analytic: yolo8-8
Init deployed Analytic: yolo12-8
Init deployed Analytic: yolo4-8
Pods in cloud:  ['NAME', 'audio10-8', 'audio11-5', 'audio12-7', 'audio2-8', 'audio3-0', 'audio3-5', 'audio5-4', 'audio5-7', 'audio6-2', 'audio7-4', 'audio8-7', 'audio9-4', 'audio9-6', 'yolo1-8', 'yolo10-8', 'yolo11-2', 'yolo12-4', 'yolo12-8', 'yolo2-1', 'yolo4-8', 'yolo6-5', 'yolo8-2', 'yolo8-8', 'yolo9-2', 'yolo9-8']
Pods in edge:  []
The passed time:  540.4557371139526
The time of this iteration: 60.053845167160034
time: 9
[Departure] audio3-0:9/10
init delete pods yolo2-1
[Departure] yolo9-2:7/9
[Departure] yolo8-2:7/8
[Departure] audio6-2:7/10
[Departure] audio9-4:5/8
init delete pods audio5-4
[Departure] audio7-4:6/6
init delete pods audio3-5
[Departure] audio11-5:5/10
[Departure] yolo6-5:5/9
[Departure] audio9-6:4/4
[Departure] audio12-7:2/6
[Departure] audio8-7:2/9
[Departure] audio5-7:2/6
[Departure] audio2-8:1/1
[Departure] yolo10-8:1/8
[Departure] yolo1-8:1/2
[Departure] yolo4-8:1/3
[Departure] yolo8-8:1/9
[Departure] audio10-8:1/9
[Departure] yolo12-8:1/8
[Departure] yolo9-8:1/6
used_storage:  0 used bandwidth:  0
departure [['yolo2-1', 8, 8], ['audio5-4', 5, 5], ['audio3-5', 4, 4]]
all_departures ['yolo10-0', 'yolo4-0', 'yolo5-1', 'yolo10-0', 'yolo8-0', 'yolo6-0', 'audio11-2', 'audio10-0', 'audio9-0', 'audio8-3', 'audio9-0', 'audio8-3', 'yolo12-0', 'yolo11-1', 'audio4-2', 'yolo7-3', 'audio1-3', 'audio2-4', 'yolo12-0', 'yolo7-3', 'audio1-3', 'audio2-4', 'yolo2-2', 'yolo6-2', 'audio3-2', 'yolo11-5', 'yolo2-6', 'yolo11-2', 'yolo12-4', 'yolo2-1', 'audio5-4', 'audio3-5']
Init deployed Analytic: yolo5-9
Init deployed Analytic: yolo7-9
Pods in cloud:  ['NAME', 'audio10-8', 'audio11-5', 'audio12-7', 'audio2-8', 'audio3-0', 'audio3-5', 'audio5-4', 'audio5-7', 'audio6-2', 'audio7-4', 'audio8-7', 'audio9-4', 'audio9-6', 'yolo1-8', 'yolo10-8', 'yolo12-8', 'yolo2-1', 'yolo4-8', 'yolo5-9', 'yolo6-5', 'yolo7-9', 'yolo8-2', 'yolo8-8', 'yolo9-2', 'yolo9-8']
Pods in edge:  []
The passed time:  600.5076417922974
The time of this iteration: 60.05190467834473
time: 10
[Departure] audio11-edge-0:7/10
[Departure] audio3-0:10/10
[Departure] yolo9-2:8/9
[Departure] yolo8-2:8/8
[Departure] audio6-2:8/10
[Departure] audio9-4:6/8
init delete pods audio7-4
[Departure] audio11-edge-5:6/10
[Departure] yolo6-5:6/9
init delete pods audio9-6
[Departure] audio12-7:3/6
[Departure] audio8-7:3/9
[Departure] audio5-7:3/6
init delete pods audio2-8
[Departure] yolo10-8:2/8
[Departure] yolo1-8:2/2
[Departure] yolo4-8:2/3
[Departure] yolo8-8:2/9
[Departure] audio10-8:2/9
[Departure] yolo12-8:2/8
[Departure] yolo9-8:2/6
[Departure] yolo5-9:1/4
[Departure] yolo7-9:1/3
Init deployed Analytic: audio1-10
used_storage:  3.02 used bandwidth:  0
departure [['audio7-4', 6, 6], ['audio9-6', 4, 4], ['audio2-8', 1, 1]]
all_departures ['yolo10-0', 'yolo4-0', 'yolo5-1', 'yolo10-0', 'yolo8-0', 'yolo6-0', 'audio11-2', 'audio10-0', 'audio9-0', 'audio8-3', 'audio9-0', 'audio8-3', 'yolo12-0', 'yolo11-1', 'audio4-2', 'yolo7-3', 'audio1-3', 'audio2-4', 'yolo12-0', 'yolo7-3', 'audio1-3', 'audio2-4', 'yolo2-2', 'yolo6-2', 'audio3-2', 'yolo11-5', 'yolo2-6', 'yolo11-2', 'yolo12-4', 'yolo2-1', 'audio5-4', 'audio3-5', 'audio7-4', 'audio9-6', 'audio2-8']
Init deployed Analytic: yolo3-10
Init deployed Analytic: audio7-10
Init deployed Analytic: audio6-10
Init deployed Analytic: audio4-10
IDA_thread is Alive
write terminal.input True
write terminal.input False
Pods in cloud:  ['NAME', 'audio1-10', 'audio10-8', 'audio12-7', 'audio3-0', 'audio4-10', 'audio5-7', 'audio6-10', 'audio6-2', 'audio7-10', 'audio8-7', 'audio9-4', 'yolo1-8', 'yolo10-8', 'yolo12-8', 'yolo3-10', 'yolo4-8', 'yolo5-9', 'yolo6-5', 'yolo7-9', 'yolo8-2', 'yolo8-8', 'yolo9-2', 'yolo9-8']
Pods in edge:  ['audio11-edge-0', 'audio11-edge-5']
The passed time:  663.7754170894623
The time of this iteration: 63.26777529716492
time: 11
Init deployed Analytic: yolo3-11
Init deployed Analytic: yolo11-11
Init deployed Analytic: yolo5-11
Init deployed Analytic: yolo1-11
Init deployed Analytic: audio9-11
Init deployed Analytic: audio5-11
Init deployed Analytic: yolo4-11
[Departure] audio11-edge-0:8/10
init delete pods audio3-0
[Departure] yolo9-2:9/9
init delete pods yolo8-2
[Departure] audio6-2:9/10
[Departure] audio9-4:7/8
[Departure] audio11-edge-5:7/10
[Departure] yolo6-5:7/9
[Departure] audio12-7:4/6
[Departure] audio8-7:4/9
[Departure] audio5-7:4/6
[Departure] yolo10-8:3/8
init delete pods yolo1-8
[Departure] yolo4-8:3/3
[Departure] yolo8-8:3/9
[Departure] audio10-8:3/9
[Departure] yolo12-8:3/8
[Departure] yolo9-8:3/6
[Departure] yolo5-9:2/4
[Departure] yolo7-9:2/3
[Departure] audio1-10:1/8
[Departure] audio6-10:1/5
[Departure] audio4-10:1/7
[Departure] audio7-10:1/10
[Departure] yolo3-10:1/2
[Departure] yolo3-11:1/9
[Departure] yolo4-11:1/10
[Departure] audio9-11:1/1
[Departure] yolo5-11:1/3
[Departure] audio5-11:1/1
[Departure] yolo11-11:1/8
[Departure] yolo1-11:1/4
used_storage:  3.02 used bandwidth:  0
departure [['audio3-0', 10, 10], ['yolo8-2', 8, 8], ['yolo1-8', 2, 2]]
all_departures ['yolo10-0', 'yolo4-0', 'yolo5-1', 'yolo10-0', 'yolo8-0', 'yolo6-0', 'audio11-2', 'audio10-0', 'audio9-0', 'audio8-3', 'audio9-0', 'audio8-3', 'yolo12-0', 'yolo11-1', 'audio4-2', 'yolo7-3', 'audio1-3', 'audio2-4', 'yolo12-0', 'yolo7-3', 'audio1-3', 'audio2-4', 'yolo2-2', 'yolo6-2', 'audio3-2', 'yolo11-5', 'yolo2-6', 'yolo11-2', 'yolo12-4', 'yolo2-1', 'audio5-4', 'audio3-5', 'audio7-4', 'audio9-6', 'audio2-8', 'audio3-0', 'yolo8-2', 'yolo1-8']
Pods in cloud:  ['NAME', 'audio1-10', 'audio10-8', 'audio12-7', 'audio3-0', 'audio4-10', 'audio5-11', 'audio5-7', 'audio6-10', 'audio6-2', 'audio7-10', 'audio8-7', 'audio9-11', 'audio9-4', 'yolo1-11', 'yolo1-8', 'yolo10-8', 'yolo11-11', 'yolo12-8', 'yolo3-10', 'yolo3-11', 'yolo4-11', 'yolo4-8', 'yolo5-11', 'yolo5-9', 'yolo6-5', 'yolo7-9', 'yolo8-2', 'yolo8-8', 'yolo9-2', 'yolo9-8']/usr/local/lib/python3.6/dist-packages/scipy/optimize/minpack.py:162: RuntimeWarning: The iteration is not making good progress, as measured by the 
  improvement from the last ten iterations.
  warnings.warn(msg, RuntimeWarning)
/usr/local/lib/python3.6/dist-packages/scipy/optimize/minpack.py:162: RuntimeWarning: The iteration is not making good progress, as measured by the 
  improvement from the last five Jacobian evaluations.
  warnings.warn(msg, RuntimeWarning)
pod "audio3-0" deleted
pod/audio10-12 created
pod/audio11-12 created
pod "yolo1-8" deleted
pod "yolo8-2" deleted
pod/audio6-12 created
pod "audio9-11" deleted
pod "yolo9-2" deleted
pod "yolo4-8" deleted
pod "audio5-11" deleted
/usr/local/lib/python3.6/dist-packages/scipy/optimize/minpack.py:162: RuntimeWarning: The iteration is not making good progress, as measured by the 
  improvement from the last ten iterations.
  warnings.warn(msg, RuntimeWarning)
pod "yolo9-2" deleted
pod "yolo4-8" deleted
pod/audio5-13 created
pod/audio4-13 created
pod/audio2-13 created
pod/yolo7-13 created
pod "audio10-12" deleted
pod "audio11-12" deleted
pod "audio6-2" deleted
pod "yolo7-9" deleted
pod "yolo3-10" deleted
pod "audio9-4" deleted
/usr/local/lib/python3.6/dist-packages/scipy/optimize/minpack.py:162: RuntimeWarning: The iteration is not making good progress, as measured by the 
  improvement from the last ten iterations.
  warnings.warn(msg, RuntimeWarning)
Error from server (NotFound): pods "audio3-0" not found
pod "yolo7-9" deleted
pod/yolo10-14 created
pod/yolo1-14 created
pod/audio3-14 created
pod/audio9-14 created
pod/audio10-14 created
pod "audio11-12" deleted
pod "audio5-7" deleted
pod "yolo6-5" deleted
pod "audio12-7" deleted
pod "yolo5-9" deleted
pod "audio11-edge-0" deleted
pod "yolo5-11" deleted
/usr/local/lib/python3.6/dist-packages/scipy/optimize/minpack.py:162: RuntimeWarning: The iteration is not making good progress, as measured by the 
  improvement from the last ten iterations.
  warnings.warn(msg, RuntimeWarning)
pod "audio5-7" deleted
pod/audio6-15 created
pod "audio12-7" deleted
pod/yolo6-15 created
pod/audio1-15 created
pod "yolo5-11" deleted
pod/yolo8-15 created
pod "yolo5-9" deleted
pod "yolo6-5" deleted
pod "audio11-edge-5" deleted

Pods in edge:  ['audio11-edge-0', 'audio11-edge-5']
The passed time:  723.8107380867004
The time of this iteration: 60.03532099723816
time: 12
Delete stuck app: audio3-0
Delete stuck app: yolo8-2
Delete stuck app: yolo1-8
[Departure] audio11-edge-0:9/10
init delete pods yolo9-2
[Departure] audio6-2:10/10
[Departure] audio9-4:8/8
[Departure] audio11-edge-5:8/10
[Departure] yolo6-5:8/9
[Departure] audio12-7:5/6
[Departure] audio8-7:5/9
[Departure] audio5-7:5/6
[Departure] yolo10-8:4/8
init delete pods yolo4-8
[Departure] yolo8-8:4/9
[Departure] audio10-8:4/9
[Departure] yolo12-8:4/8
[Departure] yolo9-8:4/6
[Departure] yolo5-9:3/4
[Departure] yolo7-9:3/3
[Departure] audio1-10:2/8
[Departure] audio6-10:2/5
[Departure] audio4-10:2/7
[Departure] audio7-10:2/10
[Departure] yolo3-10:2/2
[Departure] yolo3-11:2/9
[Departure] yolo4-11:2/10
init delete pods audio9-11
[Departure] yolo5-11:2/3
init delete pods audio5-11
[Departure] yolo11-11:2/8
[Departure] yolo1-11:2/4
[Departure] audio11-12:1/1
[Departure] audio10-12:1/1
[Departure] audio6-12:1/6
Init deployed Analytic: audio10-12
Init deployed Analytic: audio6-12
Init deployed Analytic: audio11-12
used_storage:  3.02 used bandwidth:  0
departure [['yolo9-2', 9, 9], ['yolo4-8', 3, 3], ['audio9-11', 1, 1], ['audio5-11', 1, 1]]
all_departures ['yolo10-0', 'yolo4-0', 'yolo5-1', 'yolo10-0', 'yolo8-0', 'yolo6-0', 'audio11-2', 'audio10-0', 'audio9-0', 'audio8-3', 'audio9-0', 'audio8-3', 'yolo12-0', 'yolo11-1', 'audio4-2', 'yolo7-3', 'audio1-3', 'audio2-4', 'yolo12-0', 'yolo7-3', 'audio1-3', 'audio2-4', 'yolo2-2', 'yolo6-2', 'audio3-2', 'yolo11-5', 'yolo2-6', 'yolo11-2', 'yolo12-4', 'yolo2-1', 'audio5-4', 'audio3-5', 'audio7-4', 'audio9-6', 'audio2-8', 'audio3-0', 'yolo8-2', 'yolo1-8', 'audio3-0', 'yolo8-2', 'yolo1-8', 'yolo9-2', 'yolo4-8', 'audio9-11', 'audio5-11']
Pods in cloud:  ['NAME', 'audio1-10', 'audio10-12', 'audio10-8', 'audio11-12', 'audio12-7', 'audio3-0', 'audio4-10', 'audio5-11', 'audio5-7', 'audio6-10', 'audio6-12', 'audio6-2', 'audio7-10', 'audio8-7', 'audio9-11', 'audio9-4', 'yolo1-11', 'yolo1-8', 'yolo10-8', 'yolo11-11', 'yolo12-8', 'yolo3-10', 'yolo3-11', 'yolo4-11', 'yolo4-8', 'yolo5-11', 'yolo5-9', 'yolo6-5', 'yolo7-9', 'yolo8-2', 'yolo8-8', 'yolo9-2', 'yolo9-8']
Pods in edge:  ['audio11-edge-0', 'audio11-edge-5']
The passed time:  783.8556592464447
The time of this iteration: 60.04492115974426
time: 13
Delete stuck app: yolo9-2
Delete stuck app: yolo4-8
[Departure] audio11-edge-0:10/10
init delete pods audio6-2
init delete pods audio9-4
[Departure] audio11-edge-5:9/10
[Departure] yolo6-5:9/9
[Departure] audio12-7:6/6
[Departure] audio8-7:6/9
[Departure] audio5-7:6/6
[Departure] yolo10-8:5/8
[Departure] yolo8-8:5/9
[Departure] audio10-8:5/9
[Departure] yolo12-8:5/8
[Departure] yolo9-8:5/6
[Departure] yolo5-9:4/4
init delete pods yolo7-9
[Departure] audio1-10:3/8
[Departure] audio6-10:3/5
[Departure] audio4-10:3/7
[Departure] audio7-10:3/10
init delete pods yolo3-10
[Departure] yolo3-11:3/9
[Departure] yolo4-11:3/10
[Departure] yolo5-11:3/3
[Departure] yolo11-11:3/8
[Departure] yolo1-11:3/4
init delete pods audio11-12
init delete pods audio10-12
[Departure] audio6-12:2/6
Init deployed Analytic: audio4-13
Init deployed Analytic: audio5-13
Init deployed Analytic: audio2-13
used_storage:  3.02 used bandwidth:  0
departure [['audio6-2', 10, 10], ['audio9-4', 8, 8], ['yolo7-9', 3, 3], ['yolo3-10', 2, 2], ['audio11-12', 1, 1], ['audio10-12', 1, 1]]
Init deployed Analytic: yolo7-13
all_departures ['yolo10-0', 'yolo4-0', 'yolo5-1', 'yolo10-0', 'yolo8-0', 'yolo6-0', 'audio11-2', 'audio10-0', 'audio9-0', 'audio8-3', 'audio9-0', 'audio8-3', 'yolo12-0', 'yolo11-1', 'audio4-2', 'yolo7-3', 'audio1-3', 'audio2-4', 'yolo12-0', 'yolo7-3', 'audio1-3', 'audio2-4', 'yolo2-2', 'yolo6-2', 'audio3-2', 'yolo11-5', 'yolo2-6', 'yolo11-2', 'yolo12-4', 'yolo2-1', 'audio5-4', 'audio3-5', 'audio7-4', 'audio9-6', 'audio2-8', 'audio3-0', 'yolo8-2', 'yolo1-8', 'audio3-0', 'yolo8-2', 'yolo1-8', 'yolo9-2', 'yolo4-8', 'audio9-11', 'audio5-11', 'yolo9-2', 'yolo4-8', 'audio6-2', 'audio9-4', 'yolo7-9', 'yolo3-10', 'audio11-12', 'audio10-12']
Pods in cloud:  ['NAME', 'audio10-12', 'audio10-8', 'audio11-12', 'audio12-7', 'audio2-13', 'audio4-10', 'audio4-13', 'audio5-13', 'audio5-7', 'audio6-10', 'audio6-12', 'audio6-2', 'audio7-10', 'audio8-7', 'audio9-4', 'yolo1-11', 'yolo10-8', 'yolo11-11', 'yolo12-8', 'yolo3-10', 'yolo3-11', 'yolo4-11', 'yolo4-8', 'yolo5-11', 'yolo5-9', 'yolo6-5', 'yolo7-13', 'yolo7-9', 'yolo8-8', 'yolo9-2', 'yolo9-8']
Pods in edge:  ['audio11-edge-0', 'audio11-edge-5']
The passed time:  843.8990833759308
The time of this iteration: 60.043424129486084
time: 14
Delete stuck app: audio6-2
Delete stuck app: yolo7-9
Delete stuck app: audio11-12
Init deployed Analytic: audio3-14
Init deployed Analytic: yolo1-14
Init deployed Analytic: yolo10-14
Init deployed Analytic: audio10-14
Init deployed Analytic: audio9-14
init delete pods audio11-edge-0
[Departure] audio11-edge-5:10/10
init delete pods yolo6-5
init delete pods audio12-7
[Departure] audio8-7:7/9
init delete pods audio5-7
[Departure] yolo10-8:6/8
[Departure] yolo8-8:6/9
[Departure] audio10-8:6/9
[Departure] yolo12-8:6/8
[Departure] yolo9-8:6/6
init delete pods yolo5-9
[Departure] audio1-edge-10:4/8
[Departure] audio6-10:4/5
[Departure] audio4-10:4/7
[Departure] audio7-10:4/10
[Departure] yolo3-11:4/9
[Departure] yolo4-11:4/10
init delete pods yolo5-11
[Departure] yolo11-11:4/8
[Departure] yolo1-11:4/4
[Departure] audio6-12:3/6
[Departure] audio5-13:1/1
[Departure] audio2-13:1/3
[Departure] audio4-13:1/4
[Departure] yolo7-13:1/1
[Departure] audio9-14:1/5
[Departure] audio3-14:1/7
[Departure] yolo10-14:1/5
[Departure] audio10-14:1/2
[Departure] yolo1-14:1/4
used_storage:  7.98 used bandwidth:  0
departure [['audio11-edge-0', 10, 10], ['yolo6-5', 9, 9], ['audio12-7', 6, 6], ['audio5-7', 6, 6], ['yolo5-9', 4, 4], ['yolo5-11', 3, 3]]
all_departures ['yolo10-0', 'yolo4-0', 'yolo5-1', 'yolo10-0', 'yolo8-0', 'yolo6-0', 'audio11-2', 'audio10-0', 'audio9-0', 'audio8-3', 'audio9-0', 'audio8-3', 'yolo12-0', 'yolo11-1', 'audio4-2', 'yolo7-3', 'audio1-3', 'audio2-4', 'yolo12-0', 'yolo7-3', 'audio1-3', 'audio2-4', 'yolo2-2', 'yolo6-2', 'audio3-2', 'yolo11-5', 'yolo2-6', 'yolo11-2', 'yolo12-4', 'yolo2-1', 'audio5-4', 'audio3-5', 'audio7-4', 'audio9-6', 'audio2-8', 'audio3-0', 'yolo8-2', 'yolo1-8', 'audio3-0', 'yolo8-2', 'yolo1-8', 'yolo9-2', 'yolo4-8', 'audio9-11', 'audio5-11', 'yolo9-2', 'yolo4-8', 'audio6-2', 'audio9-4', 'yolo7-9', 'yolo3-10', 'audio11-12', 'audio10-12', 'audio6-2', 'yolo7-9', 'audio11-12', 'audio11-edge-0', 'yolo6-5', 'audio12-7', 'audio5-7', 'yolo5-9', 'yolo5-11']
Pods in cloud:  ['NAME', 'audio10-14', 'audio10-8', 'audio11-12', 'audio12-7', 'audio2-13', 'audio3-14', 'audio4-10', 'audio4-13', 'audio5-13', 'audio5-7', 'audio6-10', 'audio6-12', 'audio7-10', 'audio8-7', 'audio9-14', 'yolo1-11', 'yolo1-14', 'yolo10-14', 'yolo10-8', 'yolo11-11', 'yolo12-8', 'yolo3-11', 'yolo4-11', 'yolo5-11', 'yolo5-9', 'yolo6-5', 'yolo7-13', 'yolo7-9', 'yolo8-8', 'yolo9-8']
Pods in edge:  ['audio1-edge-10', 'audio11-edge-0', 'audio11-edge-5', 'audio7-edge-10']
The passed time:  903.9477064609528
The time of this iteration: 60.04862308502197
time: 15
Delete stuck app: yolo6-5
Delete stuck app: audio12-7
Delete stuck app: audio5-7
Delete stuck app: yolo5-9
Delete stuck app: yolo5-11
Init deployed Analytic: audio6-15
Init deployed Analytic: yolo6-15
init delete pods audio11-edge-5
[Departure] audio8-7:8/9
[Departure] yolo10-8:7/8
[Departure] yolo8-8:7/9
[Departure] audio10-8:7/9
[Departure] yolo12-8:7/8
init delete pods yolo9-8
Init deployed Analytic: audio1-15
[Departure] audio1-edge-10:5/8
[Departure] audio6-10:5/5
[Departure] audio4-10:5/7
[Departure] audio7-edge-10:5/10
[Departure] yolo3-11:5/9
[Departure] yolo4-11:5/10
[Departure] yolo11-11:5/8
init delete pods yolo1-11
Init deployed Analytic: yolo8-15
[Departure] audio6-12:4/6
init delete pods audio5-13
[Departure] audio2-13:2/3
[Departure] audio4-13:2/4
init delete pods yolo7-13
[Departure] audio9-14:2/5
[Departure] audio3-14:2/7
[Departure] yolo10-14:2/5
[Departure] audio10-14:2/2
[Departure] yolo1-14:2/4
used_storage: pod "yolo7-13" deleted
pod "yolo9-8" deleted
pod "audio5-13" deleted
pod "yolo1-11" deleted
/usr/local/lib/python3.6/dist-packages/scipy/optimize/minpack.py:162: RuntimeWarning: The iteration is not making good progress, as measured by the 
  improvement from the last ten iterations.
  warnings.warn(msg, RuntimeWarning)
pod/yolo1-16 created
pod/yolo6-16 created
pod/yolo4-16 created
pod/audio4-16 created
pod/audio9-16 created
pod/audio11-16 created
pod "yolo9-8" deleted
pod "audio10-14" deleted
pod "audio6-10" deleted
/usr/local/lib/python3.6/dist-packages/scipy/optimize/minpack.py:162: RuntimeWarning: The iteration is not making good progress, as measured by the 
  improvement from the last ten iterations.
  warnings.warn(msg, RuntimeWarning)
/usr/local/lib/python3.6/dist-packages/scipy/optimize/minpack.py:162: RuntimeWarning: The iteration is not making good progress, as measured by the 
  improvement from the last five Jacobian evaluations.
  warnings.warn(msg, RuntimeWarning)
pod "audio8-7" deleted
pod "audio2-13" deleted
pod/audio8-17 created
pod/audio12-17 created
pod/yolo3-17 created
pod "yolo12-8" deleted
pod "yolo10-8" deleted
pod "yolo6-15" deleted
/usr/local/lib/python3.6/dist-packages/scipy/optimize/minpack.py:162: RuntimeWarning: The iteration is not making good progress, as measured by the 
  improvement from the last ten iterations.
  warnings.warn(msg, RuntimeWarning)
/usr/local/lib/python3.6/dist-packages/scipy/optimize/minpack.py:162: RuntimeWarning: The iteration is not making good progress, as measured by the 
  improvement from the last five Jacobian evaluations.
  warnings.warn(msg, RuntimeWarning)
pod "audio4-10" deleted
pod "audio10-8" deleted
 7.98 used bandwidth:  0
departure [['audio11-edge-5', 10, 10], ['yolo9-8', 6, 6], ['yolo1-11', 4, 4], ['audio5-13', 1, 1], ['yolo7-13', 1, 1]]
all_departures ['yolo10-0', 'yolo4-0', 'yolo5-1', 'yolo10-0', 'yolo8-0', 'yolo6-0', 'audio11-2', 'audio10-0', 'audio9-0', 'audio8-3', 'audio9-0', 'audio8-3', 'yolo12-0', 'yolo11-1', 'audio4-2', 'yolo7-3', 'audio1-3', 'audio2-4', 'yolo12-0', 'yolo7-3', 'audio1-3', 'audio2-4', 'yolo2-2', 'yolo6-2', 'audio3-2', 'yolo11-5', 'yolo2-6', 'yolo11-2', 'yolo12-4', 'yolo2-1', 'audio5-4', 'audio3-5', 'audio7-4', 'audio9-6', 'audio2-8', 'audio3-0', 'yolo8-2', 'yolo1-8', 'audio3-0', 'yolo8-2', 'yolo1-8', 'yolo9-2', 'yolo4-8', 'audio9-11', 'audio5-11', 'yolo9-2', 'yolo4-8', 'audio6-2', 'audio9-4', 'yolo7-9', 'yolo3-10', 'audio11-12', 'audio10-12', 'audio6-2', 'yolo7-9', 'audio11-12', 'audio11-edge-0', 'yolo6-5', 'audio12-7', 'audio5-7', 'yolo5-9', 'yolo5-11', 'yolo6-5', 'audio12-7', 'audio5-7', 'yolo5-9', 'yolo5-11', 'audio11-edge-5', 'yolo9-8', 'yolo1-11', 'audio5-13', 'yolo7-13']
write terminal.input False
Pods in cloud:  ['NAME', 'audio1-15', 'audio10-14', 'audio10-8', 'audio2-13', 'audio3-14', 'audio4-10', 'audio4-13', 'audio5-13', 'audio5-7', 'audio6-10', 'audio6-12', 'audio6-15', 'audio8-7', 'audio9-14', 'yolo1-11', 'yolo1-14', 'yolo10-14', 'yolo10-8', 'yolo11-11', 'yolo12-8', 'yolo3-11', 'yolo4-11', 'yolo5-11', 'yolo5-9', 'yolo6-15', 'yolo6-5', 'yolo7-13', 'yolo8-15', 'yolo8-8', 'yolo9-8']
Pods in edge:  ['audio1-edge-10', 'audio11-edge-5', 'audio7-edge-10']
The passed time:  963.9922640323639
The time of this iteration: 60.04455757141113
time: 16
Init deployed Analytic: yolo1-16
Init deployed Analytic: yolo6-16
Delete stuck app: yolo9-8
Init deployed Analytic: yolo4-16
Init deployed Analytic: audio9-16
Init deployed Analytic: audio4-16
Init deployed Analytic: audio11-16
[Departure] audio8-7:9/9
[Departure] yolo10-8:8/8
[Departure] yolo8-8:8/9
[Departure] audio10-8:8/9
[Departure] yolo12-8:8/8
[Departure] audio1-edge-10:6/8
init delete pods audio6-10
[Departure] audio4-10:6/7
[Departure] audio7-edge-10:6/10
[Departure] yolo3-11:6/9
[Departure] yolo4-11:6/10
[Departure] yolo11-11:6/8
[Departure] audio6-12:5/6
[Departure] audio2-13:3/3
[Departure] audio4-13:3/4
[Departure] audio9-14:3/5
[Departure] audio3-14:3/7
[Departure] yolo10-14:3/5
init delete pods audio10-14
[Departure] yolo1-14:3/4
[Departure] yolo6-15:1/1
[Departure] audio6-15:1/8
[Departure] audio1-edge-15:1/4
[Departure] yolo8-15:1/5
[Departure] audio9-16:1/9
[Departure] yolo1-16:1/5
[Departure] yolo4-16:1/4
[Departure] audio11-16:1/10
[Departure] yolo6-16:1/8
[Departure] audio4-16:1/8
used_storage:  9.92 used bandwidth:  0
departure [['audio6-10', 5, 5], ['audio10-14', 2, 2]]
all_departures ['yolo10-0', 'yolo4-0', 'yolo5-1', 'yolo10-0', 'yolo8-0', 'yolo6-0', 'audio11-2', 'audio10-0', 'audio9-0', 'audio8-3', 'audio9-0', 'audio8-3', 'yolo12-0', 'yolo11-1', 'audio4-2', 'yolo7-3', 'audio1-3', 'audio2-4', 'yolo12-0', 'yolo7-3', 'audio1-3', 'audio2-4', 'yolo2-2', 'yolo6-2', 'audio3-2', 'yolo11-5', 'yolo2-6', 'yolo11-2', 'yolo12-4', 'yolo2-1', 'audio5-4', 'audio3-5', 'audio7-4', 'audio9-6', 'audio2-8', 'audio3-0', 'yolo8-2', 'yolo1-8', 'audio3-0', 'yolo8-2', 'yolo1-8', 'yolo9-2', 'yolo4-8', 'audio9-11', 'audio5-11', 'yolo9-2', 'yolo4-8', 'audio6-2', 'audio9-4', 'yolo7-9', 'yolo3-10', 'audio11-12', 'audio10-12', 'audio6-2', 'yolo7-9', 'audio11-12', 'audio11-edge-0', 'yolo6-5', 'audio12-7', 'audio5-7', 'yolo5-9', 'yolo5-11', 'yolo6-5', 'audio12-7', 'audio5-7', 'yolo5-9', 'yolo5-11', 'audio11-edge-5', 'yolo9-8', 'yolo1-11', 'audio5-13', 'yolo7-13', 'yolo9-8', 'audio6-10', 'audio10-14']
Pods in cloud:  ['NAME', 'audio10-14', 'audio10-8', 'audio11-16', 'audio2-13', 'audio3-14', 'audio4-10', 'audio4-13', 'audio4-16', 'audio6-10', 'audio6-12', 'audio6-15', 'audio8-7', 'audio9-14', 'audio9-16', 'yolo1-14', 'yolo1-16', 'yolo10-14', 'yolo10-8', 'yolo11-11', 'yolo12-8', 'yolo3-11', 'yolo4-11', 'yolo4-16', 'yolo6-15', 'yolo6-16', 'yolo8-15', 'yolo8-8', 'yolo9-8']
Pods in edge:  ['audio1-edge-10', 'audio1-edge-15', 'audio3-edge-14', 'audio7-edge-10', 'audio9-edge-14']
The passed time:  1024.0447251796722
The time of this iteration: 60.05246114730835
time: 17
init delete pods audio8-7
init delete pods yolo10-8
[Departure] yolo8-8:9/9
[Departure] audio10-8:9/9
init delete pods yolo12-8
[Departure] audio1-edge-10:7/8
[Departure] audio4-10:7/7
[Departure] audio7-edge-10:7/10
[Departure] yolo3-11:7/9
[Departure] yolo4-11:7/10
[Departure] yolo11-11:7/8
[Departure] audio6-12:6/6
init delete pods audio2-13
[Departure] audio4-13:4/4
[Departure] audio9-edge-14:4/5
[Departure] audio3-edge-14:4/7
[Departure] yolo10-14:4/5
[Departure] yolo1-14:4/4
init delete pods yolo6-15
[Departure] audio6-15:2/8
[Departure] audio1-edge-15:2/4
[Departure] yolo8-15:2/5
[Departure] audio9-16:2/9
[Departure] yolo1-16:2/5
[Departure] yolo4-16:2/4
[Departure] audio11-16:2/10
[Departure] yolo6-16:2/8
[Departure] audio4-16:2/8
used_storage:  9.92 used bandwidth:  0
Init deployed Analytic: audio8-17
departure [['audio8-7', 9, 9], ['yolo10-8', 8, 8], ['yolo12-8', 8, 8], ['audio2-13', 3, 3], ['yolo6-15', 1, 1]]
all_departures ['yolo10-0', 'yolo4-0', 'yolo5-1', 'yolo10-0', 'yolo8-0', 'yolo6-0', 'audio11-2', 'audio10-0', 'audio9-0', 'audio8-3', 'audio9-0', 'audio8-3', 'yolo12-0', 'yolo11-1', 'audio4-2', 'yolo7-3', 'audio1-3', 'audio2-4', 'yolo12-0', 'yolo7-3', 'audio1-3', 'audio2-4', 'yolo2-2', 'yolo6-2', 'audio3-2', 'yolo11-5', 'yolo2-6', 'yolo11-2', 'yolo12-4', 'yolo2-1', 'audio5-4', 'audio3-5', 'audio7-4', 'audio9-6', 'audio2-8', 'audio3-0', 'yolo8-2', 'yolo1-8', 'audio3-0', 'yolo8-2', 'yolo1-8', 'yolo9-2', 'yolo4-8', 'audio9-11', 'audio5-11', 'yolo9-2', 'yolo4-8', 'audio6-2', 'audio9-4', 'yolo7-9', 'yolo3-10', 'audio11-12', 'audio10-12', 'audio6-2', 'yolo7-9', 'audio11-12', 'audio11-edge-0', 'yolo6-5', 'audio12-7', 'audio5-7', 'yolo5-9', 'yolo5-11', 'yolo6-5', 'audio12-7', 'audio5-7', 'yolo5-9', 'yolo5-11', 'audio11-edge-5', 'yolo9-8', 'yolo1-11', 'audio5-13', 'yolo7-13', 'yolo9-8', 'audio6-10', 'audio10-14', 'audio8-7', 'yolo10-8', 'yolo12-8', 'audio2-13', 'yolo6-15']
Init deployed Analytic: audio12-17
Init deployed Analytic: yolo3-17
Pods in cloud:  ['NAME', 'audio10-8', 'audio11-16', 'audio12-17', 'audio2-13', 'audio4-10', 'audio4-13', 'audio4-16', 'audio6-12', 'audio6-15', 'audio8-17', 'audio8-7', 'audio9-16', 'yolo1-14', 'yolo1-16', 'yolo10-14', 'yolo10-8', 'yolo11-11', 'yolo12-8', 'yolo3-11', 'yolo3-17', 'yolo4-11', 'yolo4-16', 'yolo6-15', 'yolo6-16', 'yolo8-15', 'yolo8-8']
Pods in edge:  ['audio1-edge-10', 'audio1-edge-15', 'audio3-edge-14', 'audio7-edge-10', 'audio9-edge-14']
The passed time:  1084.091700553894
The time of this iteration: 60.0469753742218
time: 18
init delete pods yolo8-8
init delete pods audio10-8
[Departure] audio1-edge-10:8/8
init delete pods audio4-10
[Departure] audio7-edge-10:8/10
[Departure] yolo3-11:8/9
[Departure] yolo4-11:8/10
[Departure] yolo11-11:8/8
init delete pods audio6-12
init delete pods audio4-13
[Departure] audio9-edge-14:5/5
[Departure] audio3-edge-14:5/7
[Departure] yolo10-14:5/5
init delete pods yolo1-14
[Departure] audio6-15:3/8
[Departure] audio1-edge-15:3/4
[Departure] yolo8-15:3/5
[Departure] audio9-16:3/9
[Departure] yolo1-16:3/5
[Departure] yolo4-16:3/4
[Departure] audio11-16:3/10
[Departure] yolo6-16:3/8
[Departure] audio4-16:3/8
[Departure] audio8-17:1/8
[Departure] audio12-17:1/3
[Departure] yolo3-17:1/4
used_storage:  9.92 used bandwidth:  0
departure [['yolo8-8', 9, 9], ['audio10-8', 9, 9], ['audio4-10', 7, 7], ['audio6-12', 6, 6], ['audio4-13', 4, 4], ['yolo1-14', 4, 4]]
all_departures ['yolo10-0', 'yolo4-0', 'yolo5-1', 'yolo10-0', 'yolo8-0', 'yolo6-0', 'audio11-2', 'audio10-0', 'audio9-0', 'audio8-3', 'audio9-0', 'audio8-3', 'yolo12-0', 'yolo11-1', 'audio4-2', 'yolo7-3', 'audio1-3', 'audio2-4', 'yolo12-0', 'yolo7-3', 'audio1-3', 'audio2-4', 'yolo2-2', 'yolo6-2', 'audio3-2', 'yolo11-5', 'yolo2-6', 'yolo11-2', 'yolo12-4', 'yolo2-1', 'audio5-4', 'audio3-5', 'audio7-4', 'audio9-6', 'audio2-8', 'audio3-0', 'yolo8-2', 'yolo1-8', 'audio3-0', 'yolo8-2', 'yolo1-8', 'yolo9-2', 'yolo4-8', 'audio9-11', 'audio5-11', 'yolo9-2', 'yolo4-8', 'audio6-2', 'audio9-4', 'yolo7-9', 'yolo3-10', 'audio11-12', 'audio10-12', 'audio6-2', 'yolo7-9', 'audio11-12', 'audio11-edge-0', 'yolo6-5', 'audio12-7', 'audio5-7', 'yolo5-9', 'yolo5-11', 'yolo6-5', 'audio12-7', 'audio5-7', 'yolo5-9', 'yolo5-11', 'audio11-edge-5', 'yolo9-8', 'yolo1-11', 'audio5-13', 'yolo7-13', 'yolo9-8', 'audio6-10', 'audio10-14', 'audio8-7', 'yolo10-8', 'yolo12-8', 'audio2-13', 'yolo6-15', 'yolo8-8', 'audio10-8', 'audio4-10', 'audio6-12', 'audio4-13', 'yolo1-14']pod "yolo8-8" deleted
pod "audio6-12" deleted
pod/yolo12-18 created
pod "audio4-13" deleted
pod "yolo1-14" deleted
pod/audio3-18 created
/usr/local/lib/python3.6/dist-packages/scipy/optimize/minpack.py:162: RuntimeWarning: The iteration is not making good progress, as measured by the 
  improvement from the last ten iterations.
  warnings.warn(msg, RuntimeWarning)
pod "audio1-edge-10" deleted
pod "audio9-edge-14" deleted
pod "yolo10-14" deleted
pod "yolo11-11" deleted
pod/yolo11-19 created
pod/yolo7-19 created
pod/audio6-19 created
pod/yolo9-19 created
pod/yolo2-19 created
pod/yolo5-19 created
/usr/local/lib/python3.6/dist-packages/scipy/optimize/minpack.py:162: RuntimeWarning: The iteration is not making good progress, as measured by the 
  improvement from the last ten iterations.
  warnings.warn(msg, RuntimeWarning)
/usr/local/lib/python3.6/dist-packages/scipy/optimize/minpack.py:162: RuntimeWarning: The iteration is not making good progress, as measured by the 
  improvement from the last five Jacobian evaluations.
  warnings.warn(msg, RuntimeWarning)
pod/audio6-20 created
pod/audio10-20 created
pod/audio2-20 created
pod/audio7-20 created
pod/audio8-20 created
pod/yolo4-20 created
pod/yolo1-20 created
pod "yolo3-11" deleted
pod "yolo4-16" deleted
pod "audio1-edge-15" deleted
/usr/local/lib/python3.6/dist-packages/scipy/optimize/minpack.py:162: RuntimeWarning: The iteration is not making good progress, as measured by the 
  improvement from the last ten iterations.
  warnings.warn(msg, RuntimeWarning)
/usr/local/lib/python3.6/dist-packages/scipy/optimize/minpack.py:162: RuntimeWarning: The iteration is not making good progress, as measured by the 
  improvement from the last five Jacobian evaluations.
  warnings.warn(msg, RuntimeWarning)
pod/audio2-21 created
pod/audio9-21 created
pod/yolo6-21 created
pod/audio10-21 created
pod/audio3-21 created
pod/audio5-21 created
pod "yolo1-16" deleted
pod "audio3-edge-18" deleted

Init deployed Analytic: yolo12-18
Init deployed Analytic: audio3-18
Pods in cloud:  ['NAME', 'audio10-8', 'audio11-16', 'audio12-17', 'audio3-18', 'audio4-10', 'audio4-13', 'audio4-16', 'audio6-12', 'audio6-15', 'audio8-17', 'audio9-16', 'yolo1-14', 'yolo1-16', 'yolo10-14', 'yolo11-11', 'yolo12-18', 'yolo3-11', 'yolo3-17', 'yolo4-11', 'yolo4-16', 'yolo6-16', 'yolo8-15', 'yolo8-8']
Pods in edge:  ['audio1-edge-10', 'audio1-edge-15', 'audio3-edge-14', 'audio7-edge-10', 'audio9-edge-14']
The passed time:  1144.1353750228882
The time of this iteration: 60.04367446899414
time: 19
init delete pods audio1-edge-10
[Departure] audio7-edge-10:9/10
[Departure] yolo3-11:9/9
[Departure] yolo4-11:9/10
init delete pods yolo11-11
init delete pods audio9-edge-14
[Departure] audio3-edge-14:6/7
init delete pods yolo10-14
[Departure] audio6-15:4/8
[Departure] audio1-edge-15:4/4
[Departure] yolo8-15:4/5
[Departure] audio9-16:4/9
[Departure] yolo1-16:4/5
[Departure] yolo4-16:4/4
[Departure] audio11-16:4/10
[Departure] yolo6-16:4/8
[Departure] audio4-16:4/8
[Departure] audio8-17:2/8
[Departure] audio12-17:2/3
[Departure] yolo3-17:2/4
[Departure] yolo12-18:1/6
[Departure] audio3-18:1/2
used_storage:  9.92 used bandwidth:  0
departure [['audio1-edge-10', 8, 8], ['yolo11-11', 8, 8], ['audio9-edge-14', 5, 5], ['yolo10-14', 5, 5]]
all_departures ['yolo10-0', 'yolo4-0', 'yolo5-1', 'yolo10-0', 'yolo8-0', 'yolo6-0', 'audio11-2', 'audio10-0', 'audio9-0', 'audio8-3', 'audio9-0', 'audio8-3', 'yolo12-0', 'yolo11-1', 'audio4-2', 'yolo7-3', 'audio1-3', 'audio2-4', 'yolo12-0', 'yolo7-3', 'audio1-3', 'audio2-4', 'yolo2-2', 'yolo6-2', 'audio3-2', 'yolo11-5', 'yolo2-6', 'yolo11-2', 'yolo12-4', 'yolo2-1', 'audio5-4', 'audio3-5', 'audio7-4', 'audio9-6', 'audio2-8', 'audio3-0', 'yolo8-2', 'yolo1-8', 'audio3-0', 'yolo8-2', 'yolo1-8', 'yolo9-2', 'yolo4-8', 'audio9-11', 'audio5-11', 'yolo9-2', 'yolo4-8', 'audio6-2', 'audio9-4', 'yolo7-9', 'yolo3-10', 'audio11-12', 'audio10-12', 'audio6-2', 'yolo7-9', 'audio11-12', 'audio11-edge-0', 'yolo6-5', 'audio12-7', 'audio5-7', 'yolo5-9', 'yolo5-11', 'yolo6-5', 'audio12-7', 'audio5-7', 'yolo5-9', 'yolo5-11', 'audio11-edge-5', 'yolo9-8', 'yolo1-11', 'audio5-13', 'yolo7-13', 'yolo9-8', 'audio6-10', 'audio10-14', 'audio8-7', 'yolo10-8', 'yolo12-8', 'audio2-13', 'yolo6-15', 'yolo8-8', 'audio10-8', 'audio4-10', 'audio6-12', 'audio4-13', 'yolo1-14', 'audio1-edge-10', 'yolo11-11', 'audio9-edge-14', 'yolo10-14']
Init deployed Analytic: yolo11-19
Init deployed Analytic: audio6-19
Init deployed Analytic: yolo7-19
Init deployed Analytic: yolo5-19
Init deployed Analytic: yolo9-19
Init deployed Analytic: yolo2-19
Pods in cloud:  ['NAME', 'audio11-16', 'audio12-17', 'audio3-18', 'audio4-16', 'audio6-15', 'audio6-19', 'audio8-17', 'audio9-16', 'yolo1-16', 'yolo10-14', 'yolo11-11', 'yolo11-19', 'yolo12-18', 'yolo2-19', 'yolo3-11', 'yolo3-17', 'yolo4-11', 'yolo4-16', 'yolo5-19', 'yolo6-16', 'yolo7-19', 'yolo8-15', 'yolo9-19']
Pods in edge:  ['audio1-edge-10', 'audio1-edge-15', 'audio3-edge-14', 'audio7-edge-10', 'audio9-edge-14']
The passed time:  1204.1876428127289
The time of this iteration: 60.0522677898407
time: 20
Init deployed Analytic: audio6-20
Init deployed Analytic: audio10-20
Init deployed Analytic: audio7-20
Init deployed Analytic: audio2-20
Init deployed Analytic: audio8-20
Init deployed Analytic: yolo4-20
Init deployed Analytic: yolo1-20
[Departure] audio7-edge-10:10/10
init delete pods yolo3-11
[Departure] yolo4-11:10/10
[Departure] audio3-edge-14:7/7
[Departure] audio6-15:5/8
init delete pods audio1-edge-15
[Departure] yolo8-15:5/5
[Departure] audio9-16:5/9
[Departure] yolo1-16:5/5
init delete pods yolo4-16
[Departure] audio11-16:5/10
[Departure] yolo6-16:5/8
[Departure] audio4-16:5/8
[Departure] audio8-17:3/8
[Departure] audio12-17:3/3
[Departure] yolo3-17:3/4
[Departure] yolo12-18:2/6
[Departure] audio3-18:2/2
[Departure] yolo7-19:1/7
[Departure] yolo9-19:1/6
[Departure] yolo11-19:1/6
[Departure] yolo2-19:1/6
[Departure] audio6-19:1/3
[Departure] yolo5-19:1/2
[Departure] audio8-20:1/9
[Departure] yolo4-20:1/7
[Departure] audio7-20:1/6
[Departure] audio10-20:1/2
[Departure] audio6-20:1/4
[Departure] audio2-20:1/9
[Departure] yolo1-20:1/4
used_storage:  7.98 used bandwidth:  0
departure [['yolo3-11', 9, 9], ['audio1-edge-15', 4, 4], ['yolo4-16', 4, 4]]
all_departures ['yolo10-0', 'yolo4-0', 'yolo5-1', 'yolo10-0', 'yolo8-0', 'yolo6-0', 'audio11-2', 'audio10-0', 'audio9-0', 'audio8-3', 'audio9-0', 'audio8-3', 'yolo12-0', 'yolo11-1', 'audio4-2', 'yolo7-3', 'audio1-3', 'audio2-4', 'yolo12-0', 'yolo7-3', 'audio1-3', 'audio2-4', 'yolo2-2', 'yolo6-2', 'audio3-2', 'yolo11-5', 'yolo2-6', 'yolo11-2', 'yolo12-4', 'yolo2-1', 'audio5-4', 'audio3-5', 'audio7-4', 'audio9-6', 'audio2-8', 'audio3-0', 'yolo8-2', 'yolo1-8', 'audio3-0', 'yolo8-2', 'yolo1-8', 'yolo9-2', 'yolo4-8', 'audio9-11', 'audio5-11', 'yolo9-2', 'yolo4-8', 'audio6-2', 'audio9-4', 'yolo7-9', 'yolo3-10', 'audio11-12', 'audio10-12', 'audio6-2', 'yolo7-9', 'audio11-12', 'audio11-edge-0', 'yolo6-5', 'audio12-7', 'audio5-7', 'yolo5-9', 'yolo5-11', 'yolo6-5', 'audio12-7', 'audio5-7', 'yolo5-9', 'yolo5-11', 'audio11-edge-5', 'yolo9-8', 'yolo1-11', 'audio5-13', 'yolo7-13', 'yolo9-8', 'audio6-10', 'audio10-14', 'audio8-7', 'yolo10-8', 'yolo12-8', 'audio2-13', 'yolo6-15', 'yolo8-8', 'audio10-8', 'audio4-10', 'audio6-12', 'audio4-13', 'yolo1-14', 'audio1-edge-10', 'yolo11-11', 'audio9-edge-14', 'yolo10-14', 'yolo3-11', 'audio1-edge-15', 'yolo4-16']
write terminal.input False
Pods in cloud:  ['NAME', 'audio10-20', 'audio11-16', 'audio12-17', 'audio2-20', 'audio3-18', 'audio4-16', 'audio6-15', 'audio6-19', 'audio6-20', 'audio7-20', 'audio8-17', 'audio8-20', 'audio9-16', 'yolo1-16', 'yolo1-20', 'yolo11-19', 'yolo12-18', 'yolo2-19', 'yolo3-11', 'yolo3-17', 'yolo4-11', 'yolo4-16', 'yolo4-20', 'yolo5-19', 'yolo6-16', 'yolo7-19', 'yolo8-15', 'yolo9-19']
Pods in edge:  ['audio1-edge-15', 'audio3-edge-14', 'audio7-edge-10']
The passed time:  1264.2356534004211
The time of this iteration: 60.04801058769226
time: 21
Init deployed Analytic: audio9-21
Init deployed Analytic: yolo6-21
Init deployed Analytic: audio5-21
Init deployed Analytic: audio2-21
Init deployed Analytic: audio3-21
Init deployed Analytic: audio10-21
init delete pods audio7-edge-10
init delete pods yolo4-11
init delete pods audio3-edge-14
[Departure] audio6-15:6/8
init delete pods yolo8-15
[Departure] audio9-16:6/9
init delete pods yolo1-16
[Departure] audio11-16:6/10
[Departure] yolo6-16:6/8
[Departure] audio4-16:6/8
[Departure] audio8-17:4/8
init delete pods audio12-17
[Departure] yolo3-17:4/4
[Departure] yolo12-18:3/6
init delete pods audio3-edge-18
[Departure] yolo7-19:2/7
[Departure] yolo9-19:2/6
[Departure] yolo11-19:2/6
[Departure] yolo2-19:2/6
[Departure] audio6-19:2/3
[Departure] yolo5-19:2/2
[Departure] audio8-20:2/9
[Departure] yolo4-20:2/7
[Departure] audio7-edge-20:2/6
[Departure] audio10-20:2/2
[Departure] audio6-20:2/4
[Departure] audio2-20:2/9
[Departure] yolo1-20:2/4
[Departure] audio10-21:1/8
[Departure] audio5-21:1/6
[Departure] yolo6-21:1/2
[Departure] audio2-21:1/8
[Departure] audio9-21:1/6
[Departure] audio3-21:1/1
used_storage:  11.0 used bandwidth:  0
departure [['audio7-edge-10', 10, 10], ['yolo4-11', 10, 10], ['audio3-edge-14', 7, 7], ['yolo8-15', 5, 5], ['yolo1-16', 5, 5], ['audio12-17', 3, 3], ['audio3-edge-18', 2, 2]]
all_departures ['yolo10-0', 'yolo4-0', 'yolo5-1', 'yolo10-0', 'yolo8-0', 'yolo6-0', 'audio11-2', 'audio10-0', 'audio9-0', 'audio8-3', 'audio9-0', 'audio8-3', 'yolo12-0', 'yolo11-1', 'audio4-2', 'yolo7-3', 'audio1-3', 'audio2-4', 'yolo12-0', 'yolo7-3', 'audio1-3', 'audio2-4', 'yolo2-2', 'yolo6-2', 'audio3-2', 'yolo11-5', 'yolo2-6', 'yolo11-2', 'yolo12-4', 'yolo2-1', 'audio5-4', 'audio3-5', 'audio7-4', 'audio9-6', 'audio2-8', 'audio3-0', 'yolo8-2', 'yolo1-8', 'audio3-0', 'yolo8-2', 'yolo1-8', 'yolo9-2', 'yolo4-8', 'audio9-11', 'audio5-11', 'yolo9-2', 'yolo4-8', 'audio6-2', 'audio9-4', 'yolo7-9', 'yolo3-10', 'audio11-12', 'audio10-12', 'audio6-2', 'yolo7-9', 'audio11-12', 'audio11-edge-0', 'yolo6-5', 'audio12-7', 'audio5-7', 'yolo5-9', 'yolo5-11', 'yolo6-5', 'audio12-7', 'audio5-7', 'yolo5-9', 'yolo5-11', 'audio11-edge-5', 'yolo9-8', 'yolo1-11', 'audio5-13', 'yolo7-13', 'yolo9-8', 'audio6-10', 'audio10-14', 'audio8-7', 'yolo10-8', 'yolo12-8', 'audio2-13', 'yolo6-15', 'yolo8-8', 'audio10-8', 'audio4-10', 'audio6-12', 'audio4-13', 'yolo1-14', 'audio1-edge-10', 'yolo11-11', 'audio9-edge-14', 'yolo10-14', 'yolo3-11', 'audio1-edge-15', 'yolo4-16', 'audio7-edge-10', 'yolo4-11', 'audio3-edge-14', 'yolo8-15', 'yolo1-16', 'audio12-17', 'audio3-edge-18']pod "audio12-17" deleted
pod "yolo4-11" deleted
pod "audio7-edge-10" deleted
pod "yolo8-15" deleted
pod "audio3-edge-14" deleted
/usr/local/lib/python3.6/dist-packages/scipy/optimize/minpack.py:162: RuntimeWarning: The iteration is not making good progress, as measured by the 
  improvement from the last ten iterations.
  warnings.warn(msg, RuntimeWarning)
pod/audio7-22 created
pod/yolo4-22 created
pod/audio1-22 created
pod/audio4-22 created
pod/audio8-22 created
pod/yolo2-22 created
pod/yolo8-22 created
pod "audio7-edge-10" deleted
pod "yolo4-11" deleted
pod "yolo8-15" deleted
pod "audio3-edge-18" deleted
pod "yolo1-16" deleted
pod "audio12-17" deleted
pod "audio3-edge-14" deleted
pod "audio3-21" deleted
pod "audio10-20" deleted
pod "yolo3-17" deleted
pod "yolo5-19" deleted
/usr/local/lib/python3.6/dist-packages/scipy/optimize/minpack.py:162: RuntimeWarning: The iteration is not making good progress, as measured by the 
  improvement from the last ten iterations.
  warnings.warn(msg, RuntimeWarning)
/usr/local/lib/python3.6/dist-packages/scipy/optimize/minpack.py:162: RuntimeWarning: The iteration is not making good progress, as measured by the 
  improvement from the last five Jacobian evaluations.
  warnings.warn(msg, RuntimeWarning)
pod "audio10-20" deleted
pod "yolo6-21" deleted
pod "audio6-19" deleted
pod/audio11-23 created
pod/audio12-23 created
pod/yolo1-23 created
pod/yolo7-23 created
pod/audio6-23 created
pod/yolo10-23 created
/usr/local/lib/python3.6/dist-packages/scipy/optimize/minpack.py:162: RuntimeWarning: The iteration is not making good progress, as measured by the 
  improvement from the last ten iterations.
  warnings.warn(msg, RuntimeWarning)
pod/yolo1-24 created
pod/audio9-24 created

Pods in cloud:  ['NAME', 'audio10-20', 'audio10-21', 'audio12-17', 'audio2-20', 'audio2-21', 'audio3-21', 'audio4-16', 'audio5-21', 'audio6-15', 'audio6-19', 'audio6-20', 'audio8-17', 'audio8-20', 'audio9-21', 'yolo1-16', 'yolo1-20', 'yolo11-19', 'yolo12-18', 'yolo2-19', 'yolo3-17', 'yolo4-11', 'yolo4-20', 'yolo5-19', 'yolo6-16', 'yolo6-21', 'yolo7-19', 'yolo8-15', 'yolo9-19']
Pods in edge:  ['audio11-edge-16', 'audio3-edge-14', 'audio3-edge-18', 'audio7-edge-10', 'audio7-edge-20', 'audio9-edge-16']
The passed time:  1324.2596879005432
The time of this iteration: 60.02403450012207
time: 22
Delete stuck app: audio7-edge-10
Delete stuck app: yolo4-11
Delete stuck app: audio3-edge-14
Delete stuck app: yolo8-15
Delete stuck app: yolo1-16
Delete stuck app: audio12-17
Delete stuck app: audio3-edge-18
Init deployed Analytic: audio7-22
Init deployed Analytic: yolo4-22
Init deployed Analytic: audio4-22
Init deployed Analytic: audio8-22
Init deployed Analytic: audio1-22
Init deployed Analytic: yolo2-22
Init deployed Analytic: yolo8-22
[Departure] audio6-15:7/8
[Departure] audio9-edge-16:7/9
[Departure] audio11-edge-16:7/10
[Departure] yolo6-16:7/8
[Departure] audio4-16:7/8
[Departure] audio8-17:5/8
init delete pods yolo3-17
[Departure] yolo12-18:4/6
[Departure] yolo7-19:3/7
[Departure] yolo9-19:3/6
[Departure] yolo11-19:3/6
[Departure] yolo2-19:3/6
[Departure] audio6-19:3/3
init delete pods yolo5-19
[Departure] audio8-20:3/9
[Departure] yolo4-20:3/7
[Departure] audio7-edge-20:3/6
init delete pods audio10-20
[Departure] audio6-20:3/4
[Departure] audio2-20:3/9
[Departure] yolo1-20:3/4
[Departure] audio10-21:2/8
[Departure] audio5-21:2/6
[Departure] yolo6-21:2/2
[Departure] audio2-21:2/8
[Departure] audio9-21:2/6
init delete pods audio3-21
[Departure] audio8-22:1/9
[Departure] audio4-22:1/7
[Departure] yolo2-22:1/10
[Departure] audio7-22:1/9
[Departure] audio1-22:1/4
[Departure] yolo4-22:1/9
[Departure] yolo8-22:1/4
used_storage:  11.0 used bandwidth:  0
departure [['yolo3-17', 4, 4], ['yolo5-19', 2, 2], ['audio10-20', 2, 2], ['audio3-21', 1, 1]]
all_departures ['yolo10-0', 'yolo4-0', 'yolo5-1', 'yolo10-0', 'yolo8-0', 'yolo6-0', 'audio11-2', 'audio10-0', 'audio9-0', 'audio8-3', 'audio9-0', 'audio8-3', 'yolo12-0', 'yolo11-1', 'audio4-2', 'yolo7-3', 'audio1-3', 'audio2-4', 'yolo12-0', 'yolo7-3', 'audio1-3', 'audio2-4', 'yolo2-2', 'yolo6-2', 'audio3-2', 'yolo11-5', 'yolo2-6', 'yolo11-2', 'yolo12-4', 'yolo2-1', 'audio5-4', 'audio3-5', 'audio7-4', 'audio9-6', 'audio2-8', 'audio3-0', 'yolo8-2', 'yolo1-8', 'audio3-0', 'yolo8-2', 'yolo1-8', 'yolo9-2', 'yolo4-8', 'audio9-11', 'audio5-11', 'yolo9-2', 'yolo4-8', 'audio6-2', 'audio9-4', 'yolo7-9', 'yolo3-10', 'audio11-12', 'audio10-12', 'audio6-2', 'yolo7-9', 'audio11-12', 'audio11-edge-0', 'yolo6-5', 'audio12-7', 'audio5-7', 'yolo5-9', 'yolo5-11', 'yolo6-5', 'audio12-7', 'audio5-7', 'yolo5-9', 'yolo5-11', 'audio11-edge-5', 'yolo9-8', 'yolo1-11', 'audio5-13', 'yolo7-13', 'yolo9-8', 'audio6-10', 'audio10-14', 'audio8-7', 'yolo10-8', 'yolo12-8', 'audio2-13', 'yolo6-15', 'yolo8-8', 'audio10-8', 'audio4-10', 'audio6-12', 'audio4-13', 'yolo1-14', 'audio1-edge-10', 'yolo11-11', 'audio9-edge-14', 'yolo10-14', 'yolo3-11', 'audio1-edge-15', 'yolo4-16', 'audio7-edge-10', 'yolo4-11', 'audio3-edge-14', 'yolo8-15', 'yolo1-16', 'audio12-17', 'audio3-edge-18', 'audio7-edge-10', 'yolo4-11', 'audio3-edge-14', 'yolo8-15', 'yolo1-16', 'audio12-17', 'audio3-edge-18', 'yolo3-17', 'yolo5-19', 'audio10-20', 'audio3-21']
Pods in cloud:  ['NAME', 'audio1-22', 'audio10-20', 'audio10-21', 'audio12-17', 'audio2-20', 'audio2-21', 'audio3-21', 'audio4-16', 'audio4-22', 'audio5-21', 'audio6-15', 'audio6-19', 'audio6-20', 'audio7-22', 'audio8-17', 'audio8-20', 'audio8-22', 'audio9-21', 'yolo1-16', 'yolo1-20', 'yolo11-19', 'yolo12-18', 'yolo2-19', 'yolo2-22', 'yolo3-17', 'yolo4-11', 'yolo4-20', 'yolo4-22', 'yolo5-19', 'yolo6-16', 'yolo6-21', 'yolo7-19', 'yolo8-15', 'yolo8-22', 'yolo9-19']
Pods in edge:  ['audio11-edge-16', 'audio3-edge-14', 'audio7-edge-10', 'audio7-edge-20', 'audio9-edge-16']
The passed time:  1384.3076667785645
The time of this iteration: 60.04797887802124
time: 23
Delete stuck app: audio10-20
[Departure] audio6-15:8/8
[Departure] audio9-edge-16:8/9
[Departure] audio11-edge-16:8/10
[Departure] yolo6-16:8/8
[Departure] audio4-16:8/8
[Departure] audio8-17:6/8
[Departure] yolo12-18:5/6
[Departure] yolo7-19:4/7
[Departure] yolo9-19:4/6
[Departure] yolo11-19:4/6
[Departure] yolo2-19:4/6
init delete pods audio6-19
[Departure] audio8-20:4/9
[Departure] yolo4-20:4/7
[Departure] audio7-edge-20:4/6
[Departure] audio6-20:4/4
[Departure] audio2-20:4/9
[Departure] yolo1-20:4/4
[Departure] audio10-21:3/8
[Departure] audio5-21:3/6
init delete pods yolo6-21
[Departure] audio2-21:3/8
[Departure] audio9-21:3/6
[Departure] audio8-22:2/9
[Departure] audio4-22:2/7
[Departure] yolo2-22:2/10
[Departure] audio7-22:2/9
[Departure] audio1-22:2/4
[Departure] yolo4-22:2/9
[Departure] yolo8-22:2/4
used_storage:  7.98 used bandwidth:  0
departure [['audio6-19', 3, 3], ['yolo6-21', 2, 2]]
all_departures ['yolo10-0', 'yolo4-0', 'yolo5-1', 'yolo10-0', 'yolo8-0', 'yolo6-0', 'audio11-2', 'audio10-0', 'audio9-0', 'audio8-3', 'audio9-0', 'audio8-3', 'yolo12-0', 'yolo11-1', 'audio4-2', 'yolo7-3', 'audio1-3', 'audio2-4', 'yolo12-0', 'yolo7-3', 'audio1-3', 'audio2-4', 'yolo2-2', 'yolo6-2', 'audio3-2', 'yolo11-5', 'yolo2-6', 'yolo11-2', 'yolo12-4', 'yolo2-1', 'audio5-4', 'audio3-5', 'audio7-4', 'audio9-6', 'audio2-8', 'audio3-0', 'yolo8-2', 'yolo1-8', 'audio3-0', 'yolo8-2', 'yolo1-8', 'yolo9-2', 'yolo4-8', 'audio9-11', 'audio5-11', 'yolo9-2', 'yolo4-8', 'audio6-2', 'audio9-4', 'yolo7-9', 'yolo3-10', 'audio11-12', 'audio10-12', 'audio6-2', 'yolo7-9', 'audio11-12', 'audio11-edge-0', 'yolo6-5', 'audio12-7', 'audio5-7', 'yolo5-9', 'yolo5-11', 'yolo6-5', 'audio12-7', 'audio5-7', 'yolo5-9', 'yolo5-11', 'audio11-edge-5', 'yolo9-8', 'yolo1-11', 'audio5-13', 'yolo7-13', 'yolo9-8', 'audio6-10', 'audio10-14', 'audio8-7', 'yolo10-8', 'yolo12-8', 'audio2-13', 'yolo6-15', 'yolo8-8', 'audio10-8', 'audio4-10', 'audio6-12', 'audio4-13', 'yolo1-14', 'audio1-edge-10', 'yolo11-11', 'audio9-edge-14', 'yolo10-14', 'yolo3-11', 'audio1-edge-15', 'yolo4-16', 'audio7-edge-10', 'yolo4-11', 'audio3-edge-14', 'yolo8-15', 'yolo1-16', 'audio12-17', 'audio3-edge-18', 'audio7-edge-10', 'yolo4-11', 'audio3-edge-14', 'yolo8-15', 'yolo1-16', 'audio12-17', 'audio3-edge-18', 'yolo3-17', 'yolo5-19', 'audio10-20', 'audio3-21', 'audio10-20', 'audio6-19', 'yolo6-21']
Init deployed Analytic: yolo7-23
Init deployed Analytic: yolo1-23
Init deployed Analytic: audio11-23
Init deployed Analytic: audio12-23
Init deployed Analytic: audio6-23
Init deployed Analytic: yolo10-23
Pods in cloud:  ['NAME', 'audio1-22', 'audio10-20', 'audio10-21', 'audio11-23', 'audio12-23', 'audio2-20', 'audio2-21', 'audio4-16', 'audio4-22', 'audio5-21', 'audio6-15', 'audio6-19', 'audio6-20', 'audio6-23', 'audio7-22', 'audio8-17', 'audio8-20', 'audio8-22', 'audio9-21', 'yolo1-20', 'yolo1-23', 'yolo10-23', 'yolo11-19', 'yolo12-18', 'yolo2-19', 'yolo2-22', 'yolo4-20', 'yolo4-22', 'yolo6-16', 'yolo6-21', 'yolo7-19', 'yolo7-23', 'yolo8-22', 'yolo9-19']
Pods in edge:  ['audio11-edge-16', 'audio7-edge-20', 'audio9-edge-16']
The passed time:  1444.3596405982971
The time of this iteration: 60.051973819732666
time: 24
Init deployed Analytic: audio9-24
Init deployed Analytic: yolo1-24
init delete pods audio6-15
[Departure] audio9-edge-16:9/9
[Departure] audio11-edge-16:9/10
init delete pods yolo6-16
init delete pods audio4-16
[Departure] audio8-17:7/8
[Departure] yolo12-18:6/6
[Departure] yolo7-19:5/7
[Departure] yolo9-19:5/6
[Departure] yolo11-19:5/6
[Departure] yolo2-19:5/6
[Departure] audio8-20:5/9
[Departure] yolo4-20:5/7
[Departure] audio7-edge-20:5/6
init delete pods audio6-20
[Departure] audio2-20:5/9
init delete pods yolo1-20
[Departure] audio10-21:4/8
[Departure] audio5-21:4/6
[Departure] audio2-21:4/8
[Departure] audio9-21:4/6
[Departure] audio8-22:3/9
[Departure] audio4-22:3/7
[Departure] yolo2-22:3/10
[Departure] audio7-22:3/9
[Departure] audio1-22:3/4
[Departure] yolo4-22:3/9
[Departure] yolo8-22:3/4
[Departure] yolo10-23:1/4
[Departure] audio6-23:1/3pod/yolo10-24 created
pod/yolo8-24 created
pod "audio6-15" deleted
pod "audio4-16" deleted
pod "audio6-20" deleted
pod "yolo1-20" deleted
pod "yolo6-16" deleted
/usr/local/lib/python3.6/dist-packages/scipy/optimize/minpack.py:162: RuntimeWarning: The iteration is not making good progress, as measured by the 
  improvement from the last five Jacobian evaluations.
  warnings.warn(msg, RuntimeWarning)
/usr/local/lib/python3.6/dist-packages/scipy/optimize/minpack.py:162: RuntimeWarning: The iteration is not making good progress, as measured by the 
  improvement from the last ten iterations.
  warnings.warn(msg, RuntimeWarning)
pod "yolo6-16" deleted
pod "audio6-15" deleted
pod "yolo1-20" deleted
pod "audio6-20" deleted
pod "yolo12-18" deleted
pod "audio9-edge-16" deleted
/usr/local/lib/python3.6/dist-packages/scipy/optimize/minpack.py:162: RuntimeWarning: The iteration is not making good progress, as measured by the 
  improvement from the last ten iterations.
  warnings.warn(msg, RuntimeWarning)

[Departure] yolo7-23:1/8
[Departure] yolo1-23:1/6
[Departure] audio12-23:1/5
[Departure] audio11-23:1/4
Init deployed Analytic: yolo8-24
Init deployed Analytic: yolo10-24
used_storage:  7.98 used bandwidth:  0
departure [['audio6-15', 8, 8], ['yolo6-16', 8, 8], ['audio4-16', 8, 8], ['audio6-20', 4, 4], ['yolo1-20', 4, 4]]
all_departures ['yolo10-0', 'yolo4-0', 'yolo5-1', 'yolo10-0', 'yolo8-0', 'yolo6-0', 'audio11-2', 'audio10-0', 'audio9-0', 'audio8-3', 'audio9-0', 'audio8-3', 'yolo12-0', 'yolo11-1', 'audio4-2', 'yolo7-3', 'audio1-3', 'audio2-4', 'yolo12-0', 'yolo7-3', 'audio1-3', 'audio2-4', 'yolo2-2', 'yolo6-2', 'audio3-2', 'yolo11-5', 'yolo2-6', 'yolo11-2', 'yolo12-4', 'yolo2-1', 'audio5-4', 'audio3-5', 'audio7-4', 'audio9-6', 'audio2-8', 'audio3-0', 'yolo8-2', 'yolo1-8', 'audio3-0', 'yolo8-2', 'yolo1-8', 'yolo9-2', 'yolo4-8', 'audio9-11', 'audio5-11', 'yolo9-2', 'yolo4-8', 'audio6-2', 'audio9-4', 'yolo7-9', 'yolo3-10', 'audio11-12', 'audio10-12', 'audio6-2', 'yolo7-9', 'audio11-12', 'audio11-edge-0', 'yolo6-5', 'audio12-7', 'audio5-7', 'yolo5-9', 'yolo5-11', 'yolo6-5', 'audio12-7', 'audio5-7', 'yolo5-9', 'yolo5-11', 'audio11-edge-5', 'yolo9-8', 'yolo1-11', 'audio5-13', 'yolo7-13', 'yolo9-8', 'audio6-10', 'audio10-14', 'audio8-7', 'yolo10-8', 'yolo12-8', 'audio2-13', 'yolo6-15', 'yolo8-8', 'audio10-8', 'audio4-10', 'audio6-12', 'audio4-13', 'yolo1-14', 'audio1-edge-10', 'yolo11-11', 'audio9-edge-14', 'yolo10-14', 'yolo3-11', 'audio1-edge-15', 'yolo4-16', 'audio7-edge-10', 'yolo4-11', 'audio3-edge-14', 'yolo8-15', 'yolo1-16', 'audio12-17', 'audio3-edge-18', 'audio7-edge-10', 'yolo4-11', 'audio3-edge-14', 'yolo8-15', 'yolo1-16', 'audio12-17', 'audio3-edge-18', 'yolo3-17', 'yolo5-19', 'audio10-20', 'audio3-21', 'audio10-20', 'audio6-19', 'yolo6-21', 'audio6-15', 'yolo6-16', 'audio4-16', 'audio6-20', 'yolo1-20']
Pods in cloud:  ['NAME', 'audio1-22', 'audio10-21', 'audio11-23', 'audio12-23', 'audio2-20', 'audio2-21', 'audio4-16', 'audio4-22', 'audio5-21', 'audio6-15', 'audio6-20', 'audio6-23', 'audio7-22', 'audio8-17', 'audio8-20', 'audio8-22', 'audio9-21', 'audio9-24', 'yolo1-20', 'yolo1-23', 'yolo1-24', 'yolo10-23', 'yolo10-24', 'yolo11-19', 'yolo12-18', 'yolo2-19', 'yolo2-22', 'yolo4-20', 'yolo4-22', 'yolo6-16', 'yolo7-19', 'yolo7-23', 'yolo8-22', 'yolo8-24', 'yolo9-19']
Pods in edge:  ['audio11-edge-16', 'audio7-edge-20', 'audio9-edge-16']
The passed time:  1504.4046618938446
The time of this iteration: 60.045021295547485
time: 25
Delete stuck app: audio6-15
Delete stuck app: yolo6-16
Delete stuck app: audio4-16
Delete stuck app: audio6-20
Delete stuck app: yolo1-20
init delete pods audio9-edge-16
[Departure] audio11-edge-16:10/10
[Departure] audio8-17:8/8
init delete pods yolo12-18
[Departure] yolo7-19:6/7
[Departure] yolo9-19:6/6
[Departure] yolo11-19:6/6
[Departure] yolo2-19:6/6
[Departure] audio8-20:6/9
[Departure] yolo4-20:6/7
[Departure] audio7-edge-20:6/6
[Departure] audio2-20:6/9
[Departure] audio10-21:5/8
[Departure] audio5-21:5/6
[Departure] audio2-21:5/8
[Departure] audio9-21:5/6
[Departure] audio8-22:4/9
[Departure] audio4-22:4/7
[Departure] yolo2-22:4/10
[Departure] audio7-22:4/9
[Departure] audio1-22:4/4
[Departure] yolo4-22:4/9
[Departure] yolo8-22:4/4
[Departure] yolo10-23:2/4
[Departure] audio6-23:2/3
[Departure] yolo7-23:2/8
[Departure] yolo1-23:2/6
[Departure] audio12-23:2/5
[Departure] audio11-23:2/4
[Departure] yolo1-24:1/5
[Departure] yolo10-24:1/5
[Departure] audio9-24:1/8
[Departure] yolo8-24:1/6
used_storage:  7.98 used bandwidth:  0
departure [['audio9-edge-16', 9, 9], ['yolo12-18', 6, 6]]
all_departures ['yolo10-0', 'yolo4-0', 'yolo5-1', 'yolo10-0', 'yolo8-0', 'yolo6-0', 'audio11-2', 'audio10-0', 'audio9-0', 'audio8-3', 'audio9-0', 'audio8-3', 'yolo12-0', 'yolo11-1', 'audio4-2', 'yolo7-3', 'audio1-3', 'audio2-4', 'yolo12-0', 'yolo7-3', 'audio1-3', 'audio2-4', 'yolo2-2', 'yolo6-2', 'audio3-2', 'yolo11-5', 'yolo2-6', 'yolo11-2', 'yolo12-4', 'yolo2-1', 'audio5-4', 'audio3-5', 'audio7-4', 'audio9-6', 'audio2-8', 'audio3-0', 'yolo8-2', 'yolo1-8', 'audio3-0', 'yolo8-2', 'yolo1-8', 'yolo9-2', 'yolo4-8', 'audio9-11', 'audio5-11', 'yolo9-2', 'yolo4-8', 'audio6-2', 'audio9-4', 'yolo7-9', 'yolo3-10', 'audio11-12', 'audio10-12', 'audio6-2', 'yolo7-9', 'audio11-12', 'audio11-edge-0', 'yolo6-5', 'audio12-7', 'audio5-7', 'yolo5-9', 'yolo5-11', 'yolo6-5', 'audio12-7', 'audio5-7', 'yolo5-9', 'yolo5-11', 'audio11-edge-5', 'yolo9-8', 'yolo1-11', 'audio5-13', 'yolo7-13', 'yolo9-8', 'audio6-10', 'audio10-14', 'audio8-7', 'yolo10-8', 'yolo12-8', 'audio2-13', 'yolo6-15', 'yolo8-8', 'audio10-8', 'audio4-10', 'audio6-12', 'audio4-13', 'yolo1-14', 'audio1-edge-10', 'yolo11-11', 'audio9-edge-14', 'yolo10-14', 'yolo3-11', 'audio1-edge-15', 'yolo4-16', 'audio7-edge-10', 'yolo4-11', 'audio3-edge-14', 'yolo8-15', 'yolo1-16', 'audio12-17', 'audio3-edge-18', 'audio7-edge-10', 'yolo4-11', 'audio3-edge-14', 'yolo8-15', 'yolo1-16', 'audio12-17', 'audio3-edge-18', 'yolo3-17', 'yolo5-19', 'audio10-20', 'audio3-21', 'audio10-20', 'audio6-19', 'yolo6-21', 'audio6-15', 'yolo6-16', 'audio4-16', 'audio6-20', 'yolo1-20', 'audio6-15', 'yolo6-16', 'audio4-16', 'audio6-20', 'yolo1-20', 'audio9-edge-16', 'yolo12-18']
write terminal.input False
Pods in cloud:  ['NAME', 'audio1-22', 'audio10-21', 'audio11-23', 'audio12-23', 'audio2-20', 'audio2-21', 'audio4-22', 'audio5-21', 'audio6-15', 'audio6-20', 'audio6-23', 'audio7-22', 'audio8-17', 'audio8-20', 'audio8-22', 'audio9-21', 'audio9-24', 'yolo1-20', 'yolo1-23', 'yolo1-24', 'yolo10-23', 'yolo10-24', 'yolo11-19', 'yolo12-18', 'yolo2-19', 'yolo2-22', 'yolo4-20', 'yolo4-22', 'yolo6-16', 'yolo7-19', 'yolo7-23', 'yolo8-22', 'yolo8-24', 'yolo9-19']
Pods in edge:  ['audio11-edge-16', 'audio7-edge-20', 'audio9-edge-16']
The passed time:  1564.4516427516937
The time of this iteration: 60.04698085784912
reject: 0
=============== Time Out ===============
Total used time:  1564.4626834392548
