num: 50 running time:25 bandwidth:5000
**time: 0
========Allocate Done=============
audio12-0 1 688.611 0.9
audio2-0 1 688.611 0.9
audio3-0 1 688.611 0.9
audio4-0 1 688.611 0.9
audio5-0 1 688.611 0.9
audio9-0 1 688.611 0.9
yolo10-0 1 56.834 0.99
yolo11-0 1 56.834 0.99
yolo3-0 1 56.834 0.99
yolo4-0 1 56.834 0.99
yolo8-0 1 56.834 0.99
Sum of bandwidth: 4415.835999999999
Sum of weights: 5.2490000000000006
Average accuracy: 0.9480777290912553
time: 0.03448939323425293
**time: 1
========Allocate Done=============
audio1-1 0.6223022105875494 428.90599999999904 0.32
audio10-1 0.55 379.1910000000001 0.31
audio11-1 0.55 379.1910000000001 0.31
audio12-0 0.55 379.1910000000001 0.31
audio2-0 0.4 276.05100000000004 0.25
audio3-0 0.4 276.05100000000004 0.25
audio4-0 1 688.611 0.9
audio5-0 1 688.611 0.9
audio6-1 0.45 310.43100000000004 0.27
audio8-1 0.4 276.05100000000004 0.25
audio9-0 0.4 276.05100000000004 0.25
yolo1-1 1 56.834 0.99
yolo10-0 1 56.834 0.99
yolo11-0 1 56.834 0.99
yolo12-1 1 56.834 0.99
yolo2-1 1 56.834 0.99
yolo3-0 1 56.834 0.99
yolo4-0 1 56.834 0.99
yolo5-1 1 56.834 0.99
yolo6-1 1 56.834 0.99
yolo7-1 1 56.834 0.99
yolo8-0 1 56.834 0.99
yolo9-1 1 56.834 0.99
Sum of bandwidth: 5040.343999999997
Sum of weights: 9.584
Average accuracy: 0.7822954924874791
time: 0.12876462936401367
**time: 2
========Allocate Done=============
audio1-1 0.4 276.05100000000004 0.25
audio10-1 0.4 276.05100000000004 0.25
audio11-1 0.4 276.05100000000004 0.25
audio12-0 0.4 276.05100000000004 0.25
audio12-2 0.4 276.05100000000004 0.25
audio2-0 0.4 276.05100000000004 0.25
audio3-0 0.4 276.05100000000004 0.25
audio4-0 0.7939385107620724 546.923120000001 0.57
audio4-2 0.55 379.1910000000001 0.31
audio5-0 0.45 310.43100000000004 0.27
audio6-1 0.4 276.05100000000004 0.25
audio6-2 0.4 276.05100000000004 0.25
audio8-1 0.4 276.05100000000004 0.25
audio9-0 0.4 276.05100000000004 0.25
yolo1-1 1 56.834 0.99
yolo1-2 1 56.834 0.99
yolo10-0 1 56.834 0.99
yolo11-0 1 56.834 0.99
yolo12-1 1 56.834 0.99
yolo2-1 1 56.834 0.99
yolo2-2 1 56.834 0.99
yolo3-0 1 56.834 0.99
yolo4-0 1 56.834 0.99
yolo5-1 1 56.834 0.99
yolo6-1 1 56.834 0.99
yolo7-1 0.5499999999999999 35.119879999999995 0.88
yolo8-0 1 56.834 0.99
yolo9-1 1 56.834 0.99
Sum of bandwidth: 5047.067999999999
Sum of weights: 12.328000000000003
Average accuracy: 0.6644686891628809
time: 0.4381265640258789
**time: 3
========Allocate Done=============
audio1-1 0.4 276.05100000000004 0.25
audio10-1 0.4 276.05100000000004 0.25
audio11-1 0.4 276.05100000000004 0.25
audio12-0 0.4 276.05100000000004 0.25
audio12-2 0.4 276.05100000000004 0.25
audio2-0 0.4 276.05100000000004 0.25
audio3-0 0.4 276.05100000000004 0.25
audio4-0 0.4 276.05100000000004 0.25
audio4-2 0.4 276.05100000000004 0.25
audio5-0 0.4 276.05100000000004 0.25
audio5-3 0.4 276.05100000000004 0.25
audio6-1 0.4 276.05100000000004 0.25
audio6-2 0.4 276.05100000000004 0.25
audio8-1 0.4 276.05100000000004 0.25
audio8-3 0.4 276.05100000000004 0.25
audio9-0 0.4 276.05100000000004 0.25
yolo1-1 1 56.834 0.99
yolo1-2 1 56.834 0.99
yolo10-0 1 56.834 0.99
yolo11-0 1 56.834 0.99
yolo12-1 1 56.834 0.99
yolo12-3 1 56.834 0.99
yolo2-1 0.5499999999999999 35.119879999999995 0.88
yolo2-2 0.510165703628813 33.012600000000695 0.88
yolo3-0 0.44999999999999996 29.77268 0.82
yolo4-0 0 3.362 0
yolo4-3 0 3.362 0
yolo5-1 0.2 15.574480000000001 0.525
yolo5-3 0.2 15.574480000000001 0.525
yolo6-1 0.05 6.486280000000001 0.525
yolo6-3 0.05 6.486280000000001 0.525
yolo8-0 1 56.834 0.99
yolo8-3 1 56.834 0.99
yolo9-1 0.65 40.27732 0.93
Sum of bandwidth: 5060.5160000000005
Sum of weights: 15.120000000000005
Average accuracy: 0.6294794973544973
time: 0.00916910171508789
**time: 4
========Allocate Done=============
audio1-1 0.4 276.05100000000004 0.25
audio10-1 0.4 276.05100000000004 0.25
audio11-1 0.4 276.05100000000004 0.25
audio12-0 0.4 276.05100000000004 0.25
audio12-2 0.4 276.05100000000004 0.25
audio2-0 0.4 276.05100000000004 0.25
audio3-0 0.4 276.05100000000004 0.25
audio4-0 0.4 276.05100000000004 0.25
audio4-2 0.4 276.05100000000004 0.25
audio5-0 0.4 276.05100000000004 0.25
audio5-3 0.4 276.05100000000004 0.25
audio6-1 0.4 276.05100000000004 0.25
audio6-2 0.4 276.05100000000004 0.25
audio8-1 0.4 276.05100000000004 0.25
audio8-3 0.4 276.05100000000004 0.25
audio9-0 0.4 276.05100000000004 0.25
yolo1-1 1 56.834 0.99
yolo1-2 1 56.834 0.99
yolo10-0 1 56.834 0.99
yolo11-0 1 56.834 0.99
yolo12-1 1 56.834 0.99
yolo12-3 1 56.834 0.99
yolo2-1 0.5499999999999999 35.119879999999995 0.88
yolo2-2 0.510165703628813 33.012600000000695 0.88
yolo3-0 0.44999999999999996 29.77268 0.82
yolo4-0 0 3.362 0
yolo4-3 0 3.362 0
yolo5-1 0.2 15.574480000000001 0.525
yolo5-3 0.2 15.574480000000001 0.525
yolo6-1 0.05 6.486280000000001 0.525
yolo6-3 0.05 6.486280000000001 0.525
yolo8-0 1 56.834 0.99
yolo8-3 1 56.834 0.99
yolo9-1 0.65 40.27732 0.93
Sum of bandwidth: 5060.5160000000005
Sum of weights: 15.120000000000005
Average accuracy: 0.6294794973544973
time: 0.14577341079711914
**time: 5
========Allocate Done=============
audio1-1 0.4 276.05100000000004 0.25
audio1-5 0.4 276.05100000000004 0.25
audio10-1 0.4 276.05100000000004 0.25
audio11-1 0.4 276.05100000000004 0.25
audio12-2 0.4 276.05100000000004 0.25
audio2-0 0.4 276.05100000000004 0.25
audio3-0 0.4 276.05100000000004 0.25
audio3-4 0.4 276.05100000000004 0.25
audio4-0 0.4 276.05100000000004 0.25
audio4-2 0.4 276.05100000000004 0.25
audio5-3 0.4 276.05100000000004 0.25
audio6-1 0.4 276.05100000000004 0.25
audio6-2 0.4 276.05100000000004 0.25
audio6-5 0.4 276.05100000000004 0.25
audio8-1 0.4 276.05100000000004 0.25
audio8-3 0.2960502036067471 204.57511999999932 0.2
audio9-0 0.4 276.05100000000004 0.25
audio9-4 0.4 276.05100000000004 0.25
yolo1-1 0.2 15.574480000000001 0.525
yolo1-2 0.2 15.574480000000001 0.525
yolo12-1 0.2 15.574480000000001 0.525
yolo12-3 0.2 15.574480000000001 0.525
yolo2-1 0.05 6.486280000000001 0.525
yolo2-2 0.05 6.486280000000001 0.525
yolo4-0 0 3.362 0
yolo4-3 0 3.362 0
yolo5-1 0 3.362 0
yolo5-3 0 3.362 0
yolo6-1 0 3.362 0
yolo6-3 0 3.362 0
yolo7-4 0 3.362 0
yolo8-0 0.3 21.396079999999998 0.64
yolo8-3 0.3 21.396079999999998 0.64
yolo9-1 0.1 9.563120000000001 0.525
yolo9-4 0.1 9.563120000000001 0.525
Sum of bandwidth: 5058.165000000002
Sum of weights: 13.766000000000005
Average accuracy: 0.38175141653348826
time: 0.7580394744873047
**time: 6
========Allocate Done=============
audio1-1 0.4 276.05100000000004 0.25
audio1-5 0.4 276.05100000000004 0.25
audio11-1 0.4 276.05100000000004 0.25
audio11-6 0.4 276.05100000000004 0.25
audio12-2 0.4 276.05100000000004 0.25
audio2-0 0.4 276.05100000000004 0.25
audio3-0 0.4 276.05100000000004 0.25
audio3-4 0.4 276.05100000000004 0.25
audio4-0 0.4 276.05100000000004 0.25
audio5-3 0.4 276.05100000000004 0.25
audio5-6 0.4 276.05100000000004 0.25
audio6-1 0.4 276.05100000000004 0.25
audio6-2 0.4 276.05100000000004 0.25
audio6-5 0.4 276.05100000000004 0.25
audio8-1 0.4 276.05100000000004 0.25
audio8-3 0.28248795811518207 195.2497199999992 0.2
audio9-0 0.4 276.05100000000004 0.25
audio9-4 0.4 276.05100000000004 0.25
yolo1-1 0.2 15.574480000000001 0.525
yolo1-2 0.2 15.574480000000001 0.525
yolo12-1 0.2 15.574480000000001 0.525
yolo12-3 0.2 15.574480000000001 0.525
yolo2-1 0.05 6.486280000000001 0.525
yolo2-2 0.05 6.486280000000001 0.525
yolo2-6 0.05 6.486280000000001 0.525
yolo4-0 0 3.362 0
yolo4-3 0 3.362 0
yolo5-1 0 3.362 0
yolo5-3 0 3.362 0
yolo6-1 0 3.362 0
yolo6-3 0 3.362 0
yolo7-4 0 3.362 0
yolo8-0 0.3 21.396079999999998 0.64
yolo8-3 0.3 21.396079999999998 0.64
yolo9-1 0.1 9.563120000000001 0.525
yolo9-4 0.1 9.563120000000001 0.525
yolo9-6 0.1 9.563120000000001 0.525
Sum of bandwidth: 5064.889000000001
Sum of weights: 14.467000000000004
Average accuracy: 0.3904223404990668
time: 0.003664731979370117
**time: 7
========Allocate Done=============
audio1-5 0.4 276.05100000000004 0.25
audio11-1 0.4 276.05100000000004 0.25
audio11-6 0.4 276.05100000000004 0.25
audio12-2 0.4 276.05100000000004 0.25
audio12-7 0.4 276.05100000000004 0.25
audio2-0 0.4 276.05100000000004 0.25
audio2-7 0.4 276.05100000000004 0.25
audio3-0 0.4 276.05100000000004 0.25
audio3-4 0.4 276.05100000000004 0.25
audio4-0 0.4 276.05100000000004 0.25
audio5-3 0.4 276.05100000000004 0.25
audio5-6 0.4 276.05100000000004 0.25
audio5-7 0.4 276.05100000000004 0.25
audio6-2 0.4 276.05100000000004 0.25
audio6-5 0.4 276.05100000000004 0.25
audio8-1 0.282487958115182 195.24971999999914 0.2
audio8-3 0 1.011 0
audio9-0 0.4 276.05100000000004 0.25
audio9-4 0.4 276.05100000000004 0.25
yolo1-1 0.2 15.574480000000001 0.525
yolo1-2 0.2 15.574480000000001 0.525
yolo12-1 0.2 15.574480000000001 0.525
yolo12-3 0.2 15.574480000000001 0.525
yolo2-1 0.05 6.486280000000001 0.525
yolo2-2 0.05 6.486280000000001 0.525
yolo2-6 0.05 6.486280000000001 0.525
yolo4-0 0 3.362 0
yolo4-3 0 3.362 0
yolo5-1 0 3.362 0
yolo5-3 0 3.362 0
yolo6-1 0 3.362 0
yolo6-3 0 3.362 0
yolo7-4 0 3.362 0
yolo8-0 0.3 21.396079999999998 0.64
yolo8-3 0.3 21.396079999999998 0.64
yolo9-1 0.1 9.563120000000001 0.525
yolo9-4 0.1 9.563120000000001 0.525
yolo9-6 0.1 9.563120000000001 0.525
Sum of bandwidth: 5065.9000000000015
Sum of weights: 14.911000000000003
Average accuracy: 0.385335658238884
time: 0.012279510498046875
**time: 8
========Allocate Done=============
audio1-5 0.4 276.05100000000004 0.25
audio1-8 0.4 276.05100000000004 0.25
audio11-1 0.4 276.05100000000004 0.25
audio11-6 0.4 276.05100000000004 0.25
audio12-2 0.4 276.05100000000004 0.25
audio12-7 0.4 276.05100000000004 0.25
audio2-0 0.3789930482838851 261.6066199999994 0.2
audio2-7 0 1.011 0
audio3-4 0.4 276.05100000000004 0.25
audio4-0 0.4 276.05100000000004 0.25
audio4-8 0.4 276.05100000000004 0.25
audio5-3 0.4 276.05100000000004 0.25
audio5-6 0.4 276.05100000000004 0.25
audio5-7 0.4 276.05100000000004 0.25
audio6-2 0.4 276.05100000000004 0.25
audio6-5 0.4 276.05100000000004 0.25
audio7-8 0.4 276.05100000000004 0.25
audio8-1 0 1.011 0
audio8-3 0 1.011 0
audio8-8 0 1.011 0
audio9-0 0.4 276.05100000000004 0.25
audio9-4 0.4 276.05100000000004 0.25
yolo1-1 0.1 9.563120000000001 0.525
yolo1-2 0.1 9.563120000000001 0.525
yolo2-2 0.05 6.486280000000001 0.525
yolo2-6 0.05 6.486280000000001 0.525
yolo4-0 0 3.362 0
yolo4-3 0 3.362 0
yolo5-3 0 3.362 0
yolo6-1 0 3.362 0
yolo6-8 0 3.362 0
yolo7-4 0 3.362 0
yolo8-0 0.15000000000000002 12.59252 0.525
yolo8-3 0.15000000000000002 12.59252 0.525
yolo9-1 0.05 6.486280000000001 0.525
yolo9-4 0.05 6.486280000000001 0.525
yolo9-6 0.05 6.486280000000001 0.525
audio6-edge-2 0.4 0.0527 0.25
Sum of bandwidth: 5055.485000000002
Sum of weights: 14.742000000000003
Average accuracy: 0.3380002713336046
time: 0.002828836441040039
**time: 9
========Allocate Done=============
audio1-5 0.4 276.05100000000004 0.25
audio1-8 0.4 276.05100000000004 0.25
audio11-1 0.4 276.05100000000004 0.25
audio11-6 0.4 276.05100000000004 0.25
audio12-2 0.4 276.05100000000004 0.25
audio12-7 0.4 276.05100000000004 0.25
audio2-0 0 1.011 0
audio2-7 0 1.011 0
audio3-4 0.02240823152995851 16.41889999999947 0.2
audio4-0 0.4 276.05100000000004 0.25
audio4-8 0.4 276.05100000000004 0.25
audio5-3 0.4 276.05100000000004 0.25
audio5-6 0.4 276.05100000000004 0.25
audio5-7 0.4 276.05100000000004 0.25
audio6-2 0.4 276.05100000000004 0.25
audio6-5 0.4 276.05100000000004 0.25
audio6-9 0.4 276.05100000000004 0.25
audio7-8 0.4 276.05100000000004 0.25
audio8-1 0 1.011 0
audio8-3 0 1.011 0
audio8-8 0 1.011 0
audio9-0 0.4 276.05100000000004 0.25
audio9-4 0.4 276.05100000000004 0.25
audio9-9 0.4 276.05100000000004 0.25
yolo1-1 0.05 6.486280000000001 0.525
yolo1-2 0.05 6.486280000000001 0.525
yolo2-2 0 3.362 0
yolo2-6 0 3.362 0
yolo4-0 0 3.362 0
yolo4-3 0 3.362 0
yolo4-9 0 3.362 0
yolo5-3 0 3.362 0
yolo6-1 0 3.362 0
yolo6-8 0 3.362 0
yolo7-4 0 3.362 0
yolo8-0 0.05 6.486280000000001 0.525
yolo8-3 0.05 6.486280000000001 0.525
yolo8-9 0.05 6.486280000000001 0.525
yolo9-1 0 3.362 0
yolo9-4 0 3.362 0
yolo9-6 0 3.362 0
yolo9-9 0 3.362 0
audio6-edge-2 0.4 0.0527 0.25
Sum of bandwidth: 5066.582000000003
Sum of weights: 16.754000000000005
Average accuracy: 0.271711233138355
time: 0.003196239471435547
**time: 10
========Allocate Done=============
audio1-5 0.4 276.05100000000004 0.25
audio1-8 0.4 276.05100000000004 0.25
audio11-1 0.4 276.05100000000004 0.25
audio11-6 0.4 276.05100000000004 0.25
audio12-7 0.4 276.05100000000004 0.25
audio2-0 0.4 276.05100000000004 0.25
audio2-7 0.352075538103547 243.09813999999895 0.2
audio3-4 0.4 276.05100000000004 0.25
audio4-8 0.4 276.05100000000004 0.25
audio5-3 0.4 276.05100000000004 0.25
audio5-6 0.4 276.05100000000004 0.25
audio5-7 0.4 276.05100000000004 0.25
audio6-5 0.4 276.05100000000004 0.25
audio6-9 0.4 276.05100000000004 0.25
audio7-10 0.4 276.05100000000004 0.25
audio7-8 0.4 276.05100000000004 0.25
audio8-1 0 1.011 0
audio8-3 0 1.011 0
audio8-8 0 1.011 0
audio9-4 0.4 276.05100000000004 0.25
audio9-9 0.4 276.05100000000004 0.25
yolo1-2 0.1 9.563120000000001 0.525
yolo2-2 0.05 6.486280000000001 0.525
yolo2-6 0.05 6.486280000000001 0.525
yolo3-10 0.05 6.486280000000001 0.525
yolo4-3 0 3.362 0
yolo4-9 0 3.362 0
yolo5-3 0 3.362 0
yolo6-1 0 3.362 0
yolo6-8 0 3.362 0
yolo7-10 0 3.362 0
yolo7-4 0 3.362 0
yolo8-0 0.15000000000000002 12.59252 0.525
yolo8-10 0.15000000000000002 12.59252 0.525
yolo8-3 0.15000000000000002 12.59252 0.525
yolo8-9 0.15000000000000002 12.59252 0.525
yolo9-1 0.05 6.486280000000001 0.525
yolo9-4 0.05 6.486280000000001 0.525
yolo9-6 0.05 6.486280000000001 0.525
yolo9-9 0.05 6.486280000000001 0.525
audio6-edge-2 0.4 0.0527 0.25
Sum of bandwidth: 5067.922000000003
Sum of weights: 15.747000000000003
Average accuracy: 0.3670619800596938
time: 0.11494684219360352
**time: 11
========Allocate Done=============
audio1-11 0.4 276.05100000000004 0.25
audio1-5 0.4 276.05100000000004 0.25
audio1-8 0.4 276.05100000000004 0.25
audio10-11 0.4 276.05100000000004 0.25
audio11-1 0.4 276.05100000000004 0.25
audio11-6 0.4 276.05100000000004 0.25
audio12-7 0.4 276.05100000000004 0.25
audio2-7 0.3516999709133205 242.83989999999918 0.2
audio4-11 0.4 276.05100000000004 0.25
audio4-8 0.4 276.05100000000004 0.25
audio5-6 0.4 276.05100000000004 0.25
audio5-7 0.4 276.05100000000004 0.25
audio6-5 0.4 276.05100000000004 0.25
audio6-9 0.4 276.05100000000004 0.25
audio7-10 0.4 276.05100000000004 0.25
audio7-8 0.4 276.05100000000004 0.25
audio8-1 0 1.011 0
audio8-11 0 1.011 0
audio8-8 0 1.011 0
audio9-11 0.4 276.05100000000004 0.25
audio9-9 0.4 276.05100000000004 0.25
yolo1-11 0.1 9.563120000000001 0.525
yolo1-2 0.1 9.563120000000001 0.525
yolo10-11 0.1 9.563120000000001 0.525
yolo2-2 0.05 6.486280000000001 0.525
yolo2-6 0.05 6.486280000000001 0.525
yolo3-10 0.05 6.486280000000001 0.525
yolo4-3 0 3.362 0
yolo4-9 0 3.362 0
yolo5-3 0 3.362 0
yolo6-8 0 3.362 0
yolo7-10 0 3.362 0
yolo7-4 0 3.362 0
yolo8-10 0.15000000000000002 12.59252 0.525
yolo8-3 0.15000000000000002 12.59252 0.525
yolo8-9 0.15000000000000002 12.59252 0.525
yolo9-4 0.05 6.486280000000001 0.525
yolo9-6 0.05 6.486280000000001 0.525
yolo9-9 0.05 6.486280000000001 0.525
audio1-edge-5 0.4 0.0527 0.25
audio1-edge-8 0.4 0.0527 0.25
audio2-edge-7 0 0.0527 0
audio5-edge-6 0.4 0.0527 0.25
audio6-edge-2 0.4 0.0527 0.25
audio9-edge-9 0.4 0.0527 0.25
Sum of bandwidth: 5064.612700000003
Sum of weights: 18.444000000000006
Average accuracy: 0.3511155389286488
time: 0.3218848705291748
**time: 12
========Allocate Done=============
audio1-11 0.4 276.05100000000004 0.25
audio1-5 0.4 276.05100000000004 0.25
audio1-8 0.4 276.05100000000004 0.25
audio10-11 0.4 276.05100000000004 0.25
audio11-6 0.4 276.05100000000004 0.25
audio12-12 0.4 276.05100000000004 0.25
audio2-12 0.33366297265852046 230.4376599999987 0.2
audio2-7 0 1.011 0
audio4-11 0.4 276.05100000000004 0.25
audio4-8 0.4 276.05100000000004 0.25
audio5-6 0.4 276.05100000000004 0.25
audio5-7 0.4 276.05100000000004 0.25
audio6-12 0.4 276.05100000000004 0.25
audio6-5 0.4 276.05100000000004 0.25
audio6-9 0.4 276.05100000000004 0.25
audio7-10 0.4 276.05100000000004 0.25
audio7-8 0.4 276.05100000000004 0.25
audio8-11 0 1.011 0
audio8-8 0 1.011 0
audio9-11 0.4 276.05100000000004 0.25
audio9-9 0.4 276.05100000000004 0.25
yolo1-11 0.1 9.563120000000001 0.525
yolo1-2 0.1 9.563120000000001 0.525
yolo10-11 0.1 9.563120000000001 0.525
yolo11-12 0.1 9.563120000000001 0.525
yolo12-12 0.1 9.563120000000001 0.525
yolo2-12 0.05 6.486280000000001 0.525
yolo2-6 0.05 6.486280000000001 0.525
yolo3-10 0.05 6.486280000000001 0.525
yolo4-3 0 3.362 0
yolo4-9 0 3.362 0
yolo5-3 0 3.362 0
yolo6-8 0 3.362 0
yolo7-10 0 3.362 0
yolo7-4 0 3.362 0
yolo8-10 0.15000000000000002 12.59252 0.525
yolo8-3 0.15000000000000002 12.59252 0.525
yolo8-9 0.15000000000000002 12.59252 0.525
yolo9-4 0.05 6.486280000000001 0.525
yolo9-6 0.05 6.486280000000001 0.525
yolo9-9 0.05 6.486280000000001 0.525
audio1-edge-5 0.4 0.0527 0.25
audio1-edge-8 0.4 0.0527 0.25
audio2-edge-7 0 0.0527 0
audio5-edge-6 0.4 0.0527 0.25
audio6-edge-2 0.4 0.0527 0.25
audio9-edge-9 0.4 0.0527 0.25
Sum of bandwidth: 5071.336700000002
Sum of weights: 19.852000000000004
Average accuracy: 0.3639368829337094
time: 0.07649874687194824
**time: 13
========Allocate Done=============
audio1-11 0.4 276.05100000000004 0.25
audio1-13 0.4 276.05100000000004 0.25
audio10-11 0.4 276.05100000000004 0.25
audio11-6 0.4 276.05100000000004 0.25
audio12-12 0.4 276.05100000000004 0.25
audio12-13 0.4 276.05100000000004 0.25
audio2-12 0.4 276.05100000000004 0.25
audio2-13 0.4 276.05100000000004 0.25
audio4-8 0.4 276.05100000000004 0.25
audio5-7 0.4 276.05100000000004 0.25
audio6-12 0.4 276.05100000000004 0.25
audio6-9 0.4 276.05100000000004 0.25
audio7-10 0.4 276.05100000000004 0.25
audio8-11 0.4 276.05100000000004 0.25
audio8-8 0.4 276.05100000000004 0.25
audio9-11 0.4 276.05100000000004 0.25
yolo1-11 0.7500000000000001 45.245000000000005 0.955
yolo1-13 0.7500000000000001 45.245000000000005 0.955
yolo10-11 0.7500000000000001 45.245000000000005 0.955
yolo11-12 0.7500000000000001 45.245000000000005 0.955
yolo11-13 0.7500000000000001 45.245000000000005 0.955
yolo12-12 0.745441167064161 45.02265999999943 0.955
yolo2-12 0.25 18.509 0.64
yolo2-13 0.25 18.509 0.64
yolo2-6 0.25 18.509 0.64
yolo3-10 0.2 15.574480000000001 0.525
yolo4-3 0 3.362 0
yolo4-9 0 3.362 0
yolo5-3 0.1 9.563120000000001 0.525
yolo6-8 0 3.362 0
yolo7-10 0 3.362 0
yolo7-4 0 3.362 0
yolo8-10 1 56.834 0.99
yolo8-13 1 56.834 0.99
yolo8-3 1 56.834 0.99
yolo8-9 1 56.834 0.99
yolo9-4 0.3 21.396079999999998 0.64
yolo9-6 0.3 21.396079999999998 0.64
yolo9-9 0.3 21.396079999999998 0.64
audio1-edge-5 0.4 0.0527 0.25
audio1-edge-8 0.4 0.0527 0.25
audio5-edge-6 0.4 0.0527 0.25
audio6-edge-2 0.4 0.0527 0.25
audio9-edge-9 0.4 0.0527 0.25
Sum of bandwidth: 5077.326000000001
Sum of weights: 19.373000000000005
Average accuracy: 0.6089536984462911
time: 0.01202702522277832
**time: 14
========Allocate Done=============
audio1-11 0.4 276.05100000000004 0.25
audio1-13 0.4 276.05100000000004 0.25
audio10-11 0.4 276.05100000000004 0.25
audio10-14 0.4 276.05100000000004 0.25
audio11-6 0.4 276.05100000000004 0.25
audio12-12 0.4 276.05100000000004 0.25
audio12-13 0.4 276.05100000000004 0.25
audio2-12 0.4 276.05100000000004 0.25
audio2-13 0.4 276.05100000000004 0.25
audio4-14 0.4 276.05100000000004 0.25
audio4-8 0.4 276.05100000000004 0.25
audio5-7 0.4 276.05100000000004 0.25
audio6-12 0.4 276.05100000000004 0.25
audio6-9 0.4 276.05100000000004 0.25
audio7-10 0.4 276.05100000000004 0.25
audio7-14 0.4 276.05100000000004 0.25
audio8-11 0.1408060791157629 97.82925999999857 0.2
audio8-14 0 1.011 0
audio8-8 0 1.011 0
audio9-11 0.4 276.05100000000004 0.25
yolo1-11 0.2 15.574480000000001 0.525
yolo1-13 0.2 15.574480000000001 0.525
yolo10-11 0.2 15.574480000000001 0.525
yolo10-14 0.2 15.574480000000001 0.525
yolo11-12 0.2 15.574480000000001 0.525
yolo11-13 0.2 15.574480000000001 0.525
yolo12-12 0.2 15.574480000000001 0.525
yolo12-14 0.2 15.574480000000001 0.525
yolo2-12 0.05 6.486280000000001 0.525
yolo2-13 0.05 6.486280000000001 0.525
yolo2-6 0.05 6.486280000000001 0.525
yolo3-10 0.05 6.486280000000001 0.525
yolo3-14 0.05 6.486280000000001 0.525
yolo4-3 0 3.362 0
yolo4-9 0 3.362 0
yolo6-14 0 3.362 0
yolo7-10 0 3.362 0
yolo7-14 0 3.362 0
yolo8-10 0.3 21.396079999999998 0.64
yolo8-13 0.3 21.396079999999998 0.64
yolo8-3 0.3 21.396079999999998 0.64
yolo8-9 0.3 21.396079999999998 0.64
yolo9-14 0.1 9.563120000000001 0.525
yolo9-4 0.1 9.563120000000001 0.525
yolo9-6 0.1 9.563120000000001 0.525
yolo9-9 0.1 9.563120000000001 0.525
audio5-edge-6 0.4 0.0527 0.25
Sum of bandwidth: 5090.445000000003
Sum of weights: 21.558000000000003
Average accuracy: 0.4341975136840152
time: 0.8370895385742188
**time: 15
========Allocate Done=============
audio1-11 0.4 276.05100000000004 0.25
audio1-13 0.4 276.05100000000004 0.25
audio10-11 0.4 276.05100000000004 0.25
audio10-14 0.4 276.05100000000004 0.25
audio11-15 0.4 276.05100000000004 0.25
audio11-6 0.4 276.05100000000004 0.25
audio12-12 0.4 276.05100000000004 0.25
audio12-13 0.4 276.05100000000004 0.25
audio2-12 0 1.011 0
audio2-13 0 1.011 0
audio2-15 0 1.011 0
audio4-14 0.4 276.05100000000004 0.25
audio4-15 0.4 276.05100000000004 0.25
audio4-8 0.4 276.05100000000004 0.25
audio5-7 0.4 276.05100000000004 0.25
audio6-12 0.4 276.05100000000004 0.25
audio6-15 0.4 276.05100000000004 0.25
audio6-9 0.4 276.05100000000004 0.25
audio7-10 0.4 276.05100000000004 0.25
audio7-14 0.4 276.05100000000004 0.25
audio8-11 0 1.011 0
audio8-14 0 1.011 0
audio8-8 0 1.011 0
audio9-11 0.4 276.05100000000004 0.25
yolo1-11 0.05 6.486280000000001 0.525
yolo1-13 0.05 6.486280000000001 0.525
yolo1-15 0.05 6.486280000000001 0.525
yolo10-11 0.05 6.486280000000001 0.525
yolo10-14 0.047407948037478755 6.325479999999427 0.525
yolo11-12 0 3.362 0
yolo11-13 0 3.362 0
yolo12-12 0 3.362 0
yolo12-14 0 3.362 0
yolo12-15 0 3.362 0
yolo2-12 0 3.362 0
yolo2-13 0 3.362 0
yolo2-6 0 3.362 0
yolo3-10 0 3.362 0
yolo3-14 0 3.362 0
yolo4-3 0 3.362 0
yolo4-9 0 3.362 0
yolo5-15 0 3.362 0
yolo6-14 0 3.362 0
yolo6-15 0 3.362 0
yolo7-10 0 3.362 0
yolo7-14 0 3.362 0
yolo8-10 0.05 6.486280000000001 0.525
yolo8-13 0.05 6.486280000000001 0.525
yolo8-15 0.05 6.486280000000001 0.525
yolo8-3 0.05 6.486280000000001 0.525
yolo8-9 0.05 6.486280000000001 0.525
yolo9-14 0 3.362 0
yolo9-4 0 3.362 0
yolo9-6 0 3.362 0
Sum of bandwidth: 5106.926000000004
Sum of weights: 24.827999999999992
Average accuracy: 0.267163082004189
time: 0.0031735897064208984
**time: 16
========Allocate Done=============
audio1-11 0.4 276.05100000000004 0.25
audio1-13 0.4 276.05100000000004 0.25
audio10-11 0.4 276.05100000000004 0.25
audio10-14 0.4 276.05100000000004 0.25
audio11-15 0.4 276.05100000000004 0.25
audio11-16 0.4 276.05100000000004 0.25
audio12-12 0.4 276.05100000000004 0.25
audio12-13 0.4 276.05100000000004 0.25
audio2-12 0 1.011 0
audio2-13 0 1.011 0
audio2-15 0 1.011 0
audio2-16 0 1.011 0
audio4-14 0.4 276.05100000000004 0.25
audio4-15 0.4 276.05100000000004 0.25
audio4-8 0.4 276.05100000000004 0.25
audio5-7 0.4 276.05100000000004 0.25
audio6-12 0.4 276.05100000000004 0.25
audio6-15 0.4 276.05100000000004 0.25
audio7-10 0.4 276.05100000000004 0.25
audio7-14 0.4 276.05100000000004 0.25
audio8-11 0 1.011 0
audio8-14 0 1.011 0
audio8-8 0 1.011 0
audio9-11 0.4 276.05100000000004 0.25
audio9-16 0.4 276.05100000000004 0.25
yolo1-11 0.05 6.486280000000001 0.525
yolo1-13 0.05 6.486280000000001 0.525
yolo1-15 0.05 6.486280000000001 0.525
yolo10-11 0.05 6.486280000000001 0.525
yolo10-14 0.047407948037478755 6.325479999999427 0.525
yolo11-12 0 3.362 0
yolo11-13 0 3.362 0
yolo12-12 0 3.362 0
yolo12-14 0 3.362 0
yolo12-15 0 3.362 0
yolo2-12 0 3.362 0
yolo2-13 0 3.362 0
yolo2-6 0 3.362 0
yolo3-10 0 3.362 0
yolo3-14 0 3.362 0
yolo4-16 0 3.362 0
yolo4-3 0 3.362 0
yolo4-9 0 3.362 0
yolo5-15 0 3.362 0
yolo6-14 0 3.362 0
yolo6-15 0 3.362 0
yolo6-16 0 3.362 0
yolo7-10 0 3.362 0
yolo7-14 0 3.362 0
yolo8-10 0.05 6.486280000000001 0.525
yolo8-13 0.05 6.486280000000001 0.525
yolo8-15 0.05 6.486280000000001 0.525
yolo8-3 0.05 6.486280000000001 0.525
yolo8-9 0.05 6.486280000000001 0.525
yolo9-14 0 3.362 0
yolo9-6 0 3.362 0
Sum of bandwidth: 5111.299000000004
Sum of weights: 24.449999999999992
Average accuracy: 0.2696574642126791
time: 0.5208530426025391
**time: 17
========Allocate Done=============
audio1-11 0.4 276.05100000000004 0.25
audio1-13 0.4 276.05100000000004 0.25
audio10-11 0.4 276.05100000000004 0.25
audio10-14 0.4 276.05100000000004 0.25
audio10-17 0.4 276.05100000000004 0.25
audio11-15 0.4 276.05100000000004 0.25
audio11-16 0.4 276.05100000000004 0.25
audio12-12 0.4 276.05100000000004 0.25
audio12-13 0.4 276.05100000000004 0.25
audio12-17 0.4 276.05100000000004 0.25
audio2-12 0 1.011 0
audio2-13 0 1.011 0
audio2-15 0 1.011 0
audio2-16 0 1.011 0
audio4-14 0.4 276.05100000000004 0.25
audio4-15 0.4 276.05100000000004 0.25
audio4-17 0.4 276.05100000000004 0.25
audio4-8 0.4 276.05100000000004 0.25
audio5-7 0.4 276.05100000000004 0.25
audio6-12 0.4 276.05100000000004 0.25
audio6-15 0.4 276.05100000000004 0.25
audio7-14 0.4 276.05100000000004 0.25
audio7-17 0.04520360674810853 32.09299999999943 0.2
audio8-11 0 1.011 0
audio8-14 0 1.011 0
audio8-17 0 1.011 0
audio8-8 0 1.011 0
audio9-11 0 1.011 0
audio9-16 0 1.011 0
yolo1-11 0 3.362 0
yolo1-13 0 3.362 0
yolo1-15 0 3.362 0
yolo1-17 0 3.362 0
yolo10-14 0 3.362 0
yolo10-17 0 3.362 0
yolo11-12 0 3.362 0
yolo11-13 0 3.362 0
yolo12-12 0 3.362 0
yolo12-14 0 3.362 0
yolo12-15 0 3.362 0
yolo2-12 0 3.362 0
yolo2-13 0 3.362 0
yolo2-17 0 3.362 0
yolo2-6 0 3.362 0
yolo3-10 0 3.362 0
yolo3-14 0 3.362 0
yolo3-17 0 3.362 0
yolo4-16 0 3.362 0
yolo4-3 0 3.362 0
yolo4-9 0 3.362 0
yolo5-15 0 3.362 0
yolo5-17 0 3.362 0
yolo6-14 0 3.362 0
yolo6-16 0 3.362 0
yolo7-10 0 3.362 0
yolo7-14 0 3.362 0
yolo7-17 0 3.362 0
yolo8-10 0 3.362 0
yolo8-13 0 3.362 0
yolo8-15 0 3.362 0
yolo8-17 0 3.362 0
yolo8-3 0 3.362 0
yolo8-9 0 3.362 0
yolo9-6 0 3.362 0
Sum of bandwidth: 5128.791000000006
Sum of weights: 28.346999999999987
Average accuracy: 0.08697393022189301
time: 0.002784252166748047
**time: 18
========Allocate Done=============
audio1-11 0.4 276.05100000000004 0.25
audio1-13 0.4 276.05100000000004 0.25
audio10-11 0.4 276.05100000000004 0.25
audio10-14 0.4 276.05100000000004 0.25
audio10-17 0.4 276.05100000000004 0.25
audio10-18 0.4 276.05100000000004 0.25
audio11-15 0.4 276.05100000000004 0.25
audio11-16 0.4 276.05100000000004 0.25
audio12-12 0.4 276.05100000000004 0.25
audio12-13 0.4 276.05100000000004 0.25
audio12-17 0.4 276.05100000000004 0.25
audio2-12 0 1.011 0
audio2-13 0 1.011 0
audio2-15 0 1.011 0
audio2-16 0 1.011 0
audio4-14 0.4 276.05100000000004 0.25
audio4-15 0.4 276.05100000000004 0.25
audio4-17 0.4 276.05100000000004 0.25
audio4-18 0.4 276.05100000000004 0.25
audio4-8 0.4 276.05100000000004 0.25
audio5-7 0.4 276.05100000000004 0.25
audio6-12 0.4 276.05100000000004 0.25
audio6-15 0.04520360674810853 32.09299999999943 0.2
audio7-14 0 1.011 0
audio7-17 0 1.011 0
audio8-11 0 1.011 0
audio8-14 0 1.011 0
audio8-17 0 1.011 0
audio8-8 0 1.011 0
audio9-11 0 1.011 0
audio9-16 0 1.011 0
yolo1-11 0 3.362 0
yolo1-13 0 3.362 0
yolo1-15 0 3.362 0
yolo1-17 0 3.362 0
yolo10-14 0 3.362 0
yolo10-17 0 3.362 0
yolo11-12 0 3.362 0
yolo11-13 0 3.362 0
yolo12-12 0 3.362 0
yolo12-14 0 3.362 0
yolo12-15 0 3.362 0
yolo2-12 0 3.362 0
yolo2-13 0 3.362 0
yolo2-17 0 3.362 0
yolo2-6 0 3.362 0
yolo3-10 0 3.362 0
yolo3-14 0 3.362 0
yolo3-17 0 3.362 0
yolo4-16 0 3.362 0
yolo4-3 0 3.362 0
yolo4-9 0 3.362 0
yolo5-15 0 3.362 0
yolo5-17 0 3.362 0
yolo5-18 0 3.362 0
yolo6-14 0 3.362 0
yolo6-16 0 3.362 0
yolo7-10 0 3.362 0
yolo7-14 0 3.362 0
yolo7-17 0 3.362 0
yolo8-10 0 3.362 0
yolo8-13 0 3.362 0
yolo8-15 0 3.362 0
yolo8-17 0 3.362 0
yolo8-3 0 3.362 0
yolo8-9 0 3.362 0
yolo9-18 0 3.362 0
yolo9-6 0 3.362 0
Sum of bandwidth: 5137.537000000007
Sum of weights: 30.253999999999987
Average accuracy: 0.0865703708600516
time: 0.5398716926574707
**time: 19
========Allocate Done=============
audio1-11 0.4 276.05100000000004 0.25
audio1-13 0.4 276.05100000000004 0.25
audio10-11 0.4 276.05100000000004 0.25
audio10-14 0.4 276.05100000000004 0.25
audio10-17 0.4 276.05100000000004 0.25
audio10-18 0.4 276.05100000000004 0.25
audio11-15 0.4 276.05100000000004 0.25
audio11-16 0.4 276.05100000000004 0.25
audio12-12 0.4 276.05100000000004 0.25
audio12-13 0.4 276.05100000000004 0.25
audio12-17 0.4 276.05100000000004 0.25
audio2-12 0 1.011 0
audio2-13 0 1.011 0
audio2-15 0 1.011 0
audio2-16 0 1.011 0
audio4-14 0.4 276.05100000000004 0.25
audio4-15 0.4 276.05100000000004 0.25
audio4-17 0.4 276.05100000000004 0.25
audio4-18 0.4 276.05100000000004 0.25
audio4-8 0.4 276.05100000000004 0.25
audio5-7 0.4 276.05100000000004 0.25
audio6-12 0.4 276.05100000000004 0.25
audio6-15 0.04520360674810853 32.09299999999943 0.2
audio7-14 0 1.011 0
audio7-17 0 1.011 0
audio8-11 0 1.011 0
audio8-14 0 1.011 0
audio8-17 0 1.011 0
audio8-8 0 1.011 0
audio9-11 0 1.011 0
audio9-16 0 1.011 0
yolo1-11 0 3.362 0
yolo1-13 0 3.362 0
yolo1-15 0 3.362 0
yolo1-17 0 3.362 0
yolo1-19 0 3.362 0
yolo10-14 0 3.362 0
yolo10-17 0 3.362 0
yolo11-12 0 3.362 0
yolo11-13 0 3.362 0
yolo12-12 0 3.362 0
yolo12-14 0 3.362 0
yolo12-15 0 3.362 0
yolo2-12 0 3.362 0
yolo2-13 0 3.362 0
yolo2-17 0 3.362 0
yolo2-6 0 3.362 0
yolo3-10 0 3.362 0
yolo3-14 0 3.362 0
yolo3-17 0 3.362 0
yolo4-16 0 3.362 0
yolo4-3 0 3.362 0
yolo4-9 0 3.362 0
yolo5-15 0 3.362 0
yolo5-17 0 3.362 0
yolo5-18 0 3.362 0
yolo5-19 0 3.362 0
yolo6-14 0 3.362 0
yolo6-16 0 3.362 0
yolo7-10 0 3.362 0
yolo7-14 0 3.362 0
yolo7-17 0 3.362 0
yolo8-10 0 3.362 0
yolo8-13 0 3.362 0
yolo8-15 0 3.362 0
yolo8-17 0 3.362 0
yolo8-3 0 3.362 0
yolo8-9 0 3.362 0
yolo9-18 0 3.362 0
yolo9-6 0 3.362 0
Sum of bandwidth: 5144.261000000007
Sum of weights: 31.194999999999986
Average accuracy: 0.08395896778329864
time: 0.28142881393432617
**time: 20
========Allocate Done=============
audio1-11 0.4 276.05100000000004 0.25
audio1-13 0.4 276.05100000000004 0.25
audio10-14 0.4 276.05100000000004 0.25
audio10-17 0.4 276.05100000000004 0.25
audio10-18 0.4 276.05100000000004 0.25
audio11-15 0.4 276.05100000000004 0.25
audio11-16 0.4 276.05100000000004 0.25
audio12-12 0.4 276.05100000000004 0.25
audio12-13 0.4 276.05100000000004 0.25
audio12-17 0.4 276.05100000000004 0.25
audio2-12 0 1.011 0
audio2-13 0 1.011 0
audio2-15 0 1.011 0
audio3-20 0 1.011 0
audio4-14 0.4 276.05100000000004 0.25
audio4-15 0.4 276.05100000000004 0.25
audio4-17 0.4 276.05100000000004 0.25
audio4-18 0.4 276.05100000000004 0.25
audio4-8 0.4 276.05100000000004 0.25
audio5-7 0.4 276.05100000000004 0.25
audio6-12 0.4 276.05100000000004 0.25
audio6-15 0.4 276.05100000000004 0.25
audio7-14 0.04512696335078457 32.04029999999947 0.2
audio7-17 0 1.011 0
audio8-11 0 1.011 0
audio8-14 0 1.011 0
audio8-17 0 1.011 0
audio8-20 0 1.011 0
audio8-8 0 1.011 0
audio9-11 0 1.011 0
audio9-16 0 1.011 0
yolo1-11 0 3.362 0
yolo1-13 0 3.362 0
yolo1-15 0 3.362 0
yolo1-17 0 3.362 0
yolo1-19 0 3.362 0
yolo10-14 0 3.362 0
yolo10-17 0 3.362 0
yolo10-20 0 3.362 0
yolo11-12 0 3.362 0
yolo11-13 0 3.362 0
yolo12-12 0 3.362 0
yolo12-14 0 3.362 0
yolo12-15 0 3.362 0
yolo2-12 0 3.362 0
yolo2-13 0 3.362 0
yolo2-17 0 3.362 0
yolo2-6 0 3.362 0
yolo3-10 0 3.362 0
yolo3-14 0 3.362 0
yolo3-17 0 3.362 0
yolo4-16 0 3.362 0
yolo4-3 0 3.362 0
yolo4-9 0 3.362 0
yolo5-15 0 3.362 0
yolo5-17 0 3.362 0
yolo5-18 0 3.362 0
yolo5-19 0 3.362 0
yolo6-14 0 3.362 0
yolo6-16 0 3.362 0
yolo7-10 0 3.362 0
yolo7-14 0 3.362 0
yolo7-17 0 3.362 0
yolo7-20 0 3.362 0
yolo8-10 0 3.362 0
yolo8-13 0 3.362 0
yolo8-15 0 3.362 0
yolo8-17 0 3.362 0
yolo8-3 0 3.362 0
yolo8-9 0 3.362 0
yolo9-18 0 3.362 0
yolo9-6 0 3.362 0
audio1-edge-13 0.4 0.0527 0.25
Sum of bandwidth: 5150.985000000007
Sum of weights: 32.073999999999984
Average accuracy: 0.08426451331296382
time: 0.5668356418609619
**time: 21
========Allocate Done=============
audio1-21 0.4 276.05100000000004 0.25
audio10-17 0.4 276.05100000000004 0.25
audio10-18 0.4 276.05100000000004 0.25
audio11-15 0.4 276.05100000000004 0.25
audio12-13 0.4 276.05100000000004 0.25
audio12-17 0.4 276.05100000000004 0.25
audio2-13 0.3383753054101211 233.67785999999927 0.2
audio3-20 0.4 276.05100000000004 0.25
audio4-14 0.4 276.05100000000004 0.25
audio4-18 0.4 276.05100000000004 0.25
audio4-8 0.4 276.05100000000004 0.25
audio5-21 0.4 276.05100000000004 0.25
audio6-15 0.4 276.05100000000004 0.25
audio6-21 0.4 276.05100000000004 0.25
audio7-14 0.4 276.05100000000004 0.25
audio7-17 0.4 276.05100000000004 0.25
audio8-17 0 1.011 0
audio8-20 0 1.011 0
audio9-16 0.4 276.05100000000004 0.25
audio9-21 0.4 276.05100000000004 0.25
yolo1-15 0.1 9.563120000000001 0.525
yolo1-17 0.1 9.563120000000001 0.525
yolo1-19 0.1 9.563120000000001 0.525
yolo10-14 0.1 9.563120000000001 0.525
yolo10-17 0.1 9.563120000000001 0.525
yolo10-20 0.1 9.563120000000001 0.525
yolo11-13 0.1 9.563120000000001 0.525
yolo12-14 0.1 9.563120000000001 0.525
yolo12-15 0.1 9.563120000000001 0.525
yolo2-13 0.05 6.486280000000001 0.525
yolo2-17 0.05 6.486280000000001 0.525
yolo4-16 0 3.362 0
yolo5-15 0 3.362 0
yolo5-17 0 3.362 0
yolo5-18 0 3.362 0
yolo5-19 0 3.362 0
yolo6-16 0 3.362 0
yolo7-14 0 3.362 0
yolo7-17 0 3.362 0
yolo7-20 0 3.362 0
yolo8-13 0.15000000000000002 12.59252 0.525
yolo9-18 0.05 6.486280000000001 0.525
audio1-edge-13 0.4 0.0527 0.25
Sum of bandwidth: 5076.997
Sum of weights: 18.240000000000006
Average accuracy: 0.36568941885964906
time: 0.005223989486694336
**time: 22
========Allocate Done=============
audio1-21 0.4 276.05100000000004 0.25
audio10-17 0.4 276.05100000000004 0.25
audio10-18 0.4 276.05100000000004 0.25
audio11-15 0.4 276.05100000000004 0.25
audio12-13 0.4 276.05100000000004 0.25
audio12-17 0.4 276.05100000000004 0.25
audio12-22 0.4 276.05100000000004 0.25
audio2-13 0.4 276.05100000000004 0.25
audio2-22 0.34248214077952027 236.50171999999813 0.2
audio3-20 0.4 276.05100000000004 0.25
audio4-14 0.4 276.05100000000004 0.25
audio4-18 0.4 276.05100000000004 0.25
audio5-21 0.4 276.05100000000004 0.25
audio6-15 0.4 276.05100000000004 0.25
audio6-21 0.4 276.05100000000004 0.25
audio7-14 0.4 276.05100000000004 0.25
audio8-17 0 1.011 0
audio8-20 0 1.011 0
audio9-16 0.4 276.05100000000004 0.25
audio9-21 0.4 276.05100000000004 0.25
yolo1-15 0.1 9.563120000000001 0.525
yolo1-17 0.1 9.563120000000001 0.525
yolo1-19 0.1 9.563120000000001 0.525
yolo10-14 0.1 9.563120000000001 0.525
yolo10-17 0.1 9.563120000000001 0.525
yolo10-20 0.1 9.563120000000001 0.525
yolo11-13 0.1 9.563120000000001 0.525
yolo12-14 0.1 9.563120000000001 0.525
yolo12-15 0.1 9.563120000000001 0.525
yolo2-13 0.05 6.486280000000001 0.525
yolo2-17 0.05 6.486280000000001 0.525
yolo2-22 0.05 6.486280000000001 0.525
yolo3-22 0.05 6.486280000000001 0.525
yolo4-16 0 3.362 0
yolo5-17 0 3.362 0
yolo5-18 0 3.362 0
yolo5-19 0 3.362 0
yolo7-14 0 3.362 0
yolo7-17 0 3.362 0
yolo7-20 0 3.362 0
yolo9-18 0.05 6.486280000000001 0.525
audio1-edge-13 0.4 0.0527 0.25
audio1-edge-17 0.4 0.0527 0.25
audio10-edge-17 0.4 0.0527 0.25
audio2-edge-13 0 0.0527 0
audio6-edge-15 0.4 0.0527 0.25
Sum of bandwidth: 5073.6876999999995
Sum of weights: 18.42400000000001
Average accuracy: 0.36333450933564904
time: 0.021542072296142578
**time: 23
========Allocate Done=============
audio1-21 0.4 276.05100000000004 0.25
audio1-23 0.4 276.05100000000004 0.25
audio10-18 0.4 276.05100000000004 0.25
audio11-15 0.4 276.05100000000004 0.25
audio12-17 0.4 276.05100000000004 0.25
audio12-22 0.4 276.05100000000004 0.25
audio2-22 0.4 276.05100000000004 0.25
audio3-20 0.4 276.05100000000004 0.25
audio4-14 0.4 276.05100000000004 0.25
audio4-18 0.4 276.05100000000004 0.25
audio5-21 0.4 276.05100000000004 0.25
audio6-15 0.4 276.05100000000004 0.25
audio6-21 0.4 276.05100000000004 0.25
audio7-14 0.4 276.05100000000004 0.25
audio8-17 0.4 276.05100000000004 0.25
audio8-20 0.20659354275741493 143.06471999999852 0.2
audio9-21 0.4 276.05100000000004 0.25
audio9-23 0.4 276.05100000000004 0.25
yolo1-15 0.2 15.574480000000001 0.525
yolo1-17 0.2 15.574480000000001 0.525
yolo1-19 0.2 15.574480000000001 0.525
yolo1-23 0.2 15.574480000000001 0.525
yolo10-14 0.2 15.574480000000001 0.525
yolo10-17 0.2 15.574480000000001 0.525
yolo10-20 0.2 15.574480000000001 0.525
yolo10-23 0.2 15.574480000000001 0.525
yolo11-13 0.2 15.574480000000001 0.525
yolo12-14 0.2 15.574480000000001 0.525
yolo12-15 0.2 15.574480000000001 0.525
yolo2-13 0.05 6.486280000000001 0.525
yolo2-17 0.05 6.486280000000001 0.525
yolo2-22 0.05 6.486280000000001 0.525
yolo3-22 0.05 6.486280000000001 0.525
yolo4-16 0 3.362 0
yolo5-17 0 3.362 0
yolo5-18 0 3.362 0
yolo7-14 0 3.362 0
yolo7-17 0 3.362 0
yolo7-20 0 3.362 0
yolo8-23 0.3 21.396079999999998 0.64
audio1-edge-17 0.4 0.0527 0.25
audio10-edge-17 0.4 0.0527 0.25
audio2-edge-13 0.4 0.0527 0.25
audio6-edge-15 0.4 0.0527 0.25
Sum of bandwidth: 5074.975000000003
Sum of weights: 19.235000000000003
Average accuracy: 0.39807616324408635
time: 0.0763237476348877
**time: 24
========Allocate Done=============
audio1-21 0.4 276.05100000000004 0.25
audio1-23 0.4 276.05100000000004 0.25
audio10-18 0.4 276.05100000000004 0.25
audio11-15 0.4 276.05100000000004 0.25
audio12-17 0.4 276.05100000000004 0.25
audio12-22 0.4 276.05100000000004 0.25
audio12-24 0.4 276.05100000000004 0.25
audio2-22 0.33815302501454175 233.5250199999989 0.2
audio3-24 0.4 276.05100000000004 0.25
audio4-14 0.4 276.05100000000004 0.25
audio4-18 0.4 276.05100000000004 0.25
audio5-21 0.4 276.05100000000004 0.25
audio6-21 0.4 276.05100000000004 0.25
audio6-24 0.4 276.05100000000004 0.25
audio7-14 0.4 276.05100000000004 0.25
audio7-24 0.4 276.05100000000004 0.25
audio8-20 0 1.011 0
audio9-21 0.4 276.05100000000004 0.25
audio9-23 0.4 276.05100000000004 0.25
yolo1-17 0.1 9.563120000000001 0.525
yolo1-19 0.1 9.563120000000001 0.525
yolo1-23 0.1 9.563120000000001 0.525
yolo10-14 0.1 9.563120000000001 0.525
yolo10-20 0.1 9.563120000000001 0.525
yolo10-23 0.1 9.563120000000001 0.525
yolo12-15 0.1 9.563120000000001 0.525
yolo12-24 0.1 9.563120000000001 0.525
yolo2-13 0.05 6.486280000000001 0.525
yolo2-22 0.05 6.486280000000001 0.525
yolo3-22 0.05 6.486280000000001 0.525
yolo3-24 0.05 6.486280000000001 0.525
yolo4-16 0 3.362 0
yolo4-24 0 3.362 0
yolo5-17 0 3.362 0
yolo5-18 0 3.362 0
yolo5-24 0 3.362 0
yolo6-24 0 3.362 0
yolo7-14 0 3.362 0
yolo7-17 0 3.362 0
yolo7-20 0 3.362 0
yolo7-24 0 3.362 0
yolo8-23 0.15000000000000002 12.59252 0.525
yolo9-24 0.05 6.486280000000001 0.525
audio1-edge-17 0.4 0.0527 0.25
audio10-edge-17 0.4 0.0527 0.25
audio6-edge-15 0.4 0.0527 0.25
Sum of bandwidth: 5082.710000000001
Sum of weights: 18.41800000000001
Average accuracy: 0.36590020631990433
time: 0.006009340286254883
**time: 25
========Allocate Done=============
audio1-21 0.4 276.05100000000004 0.25
audio1-23 0.4 276.05100000000004 0.25
audio10-18 0.4 276.05100000000004 0.25
audio12-17 0.4 276.05100000000004 0.25
audio12-22 0.4 276.05100000000004 0.25
audio12-24 0.4 276.05100000000004 0.25
audio2-22 0.4 276.05100000000004 0.25
audio3-24 0.4 276.05100000000004 0.25
audio4-14 0.4 276.05100000000004 0.25
audio4-18 0.4 276.05100000000004 0.25
audio5-21 0.4 276.05100000000004 0.25
audio6-21 0.4 276.05100000000004 0.25
audio6-24 0.4 276.05100000000004 0.25
audio7-14 0.4 276.05100000000004 0.25
audio7-24 0.4 276.05100000000004 0.25
audio8-20 0.2733161721931336 188.94319999999865 0.2
audio9-21 0.4 276.05100000000004 0.25
audio9-23 0.4 276.05100000000004 0.25
yolo1-17 0.2 15.574480000000001 0.525
yolo1-19 0.2 15.574480000000001 0.525
yolo1-23 0.2 15.574480000000001 0.525
yolo10-14 0.2 15.574480000000001 0.525
yolo10-20 0.2 15.574480000000001 0.525
yolo10-23 0.2 15.574480000000001 0.525
yolo12-24 0.2 15.574480000000001 0.525
yolo2-22 0.05 6.486280000000001 0.525
yolo3-22 0.05 6.486280000000001 0.525
yolo3-24 0.05 6.486280000000001 0.525
yolo4-16 0 3.362 0
yolo4-24 0 3.362 0
yolo5-17 0 3.362 0
yolo5-18 0 3.362 0
yolo5-24 0 3.362 0
yolo6-24 0 3.362 0
yolo7-14 0 3.362 0
yolo7-17 0 3.362 0
yolo7-20 0 3.362 0
yolo7-24 0 3.362 0
yolo8-23 0.3 21.396079999999998 0.64
yolo9-24 0.1 9.563120000000001 0.525
audio1-edge-17 0.4 0.0527 0.25
audio10-edge-17 0.4 0.0527 0.25
Sum of bandwidth: 5074.975000000002
Sum of weights: 16.498000000000008
Average accuracy: 0.36860801309249597
time: 0.6337285041809082
