num: 50 running time:25 bandwidth:5000
**time: 0
========Allocate Done=============
audio11-0 1 688.611 0.9
audio3-0 1 688.611 0.9
audio7-0 1 688.611 0.9
audio8-0 1 688.611 0.9
yolo1-0 1 56.834 0.99
yolo10-0 1 56.834 0.99
yolo11-0 1 56.834 0.99
yolo2-0 1 56.834 0.99
yolo4-0 1 56.834 0.99
yolo7-0 1 56.834 0.99
Sum of bandwidth: 3095.447999999999
Sum of weights: 4.3759999999999994
Average accuracy: 0.9387271480804389
time: 0.1000974178314209
**time: 1
========Allocate Done=============
audio11-0 1 688.611 0.9
audio12-1 1 688.611 0.9
audio3-0 1 688.611 0.9
audio7-0 1 688.611 0.9
audio8-0 1 688.611 0.9
yolo1-0 1 56.834 0.99
yolo10-0 1 56.834 0.99
yolo11-0 1 56.834 0.99
yolo2-0 1 56.834 0.99
yolo3-1 1 56.834 0.99
yolo4-0 1 56.834 0.99
yolo5-1 1 56.834 0.99
yolo6-1 1 56.834 0.99
yolo7-0 1 56.834 0.99
Sum of bandwidth: 3954.5609999999983
Sum of weights: 5.616
Average accuracy: 0.9489262820512822
time: 0.01706075668334961
**time: 2
========Allocate Done=============
audio11-0 1 688.611 0.9
audio12-1 1 688.611 0.9
audio3-0 1 688.611 0.9
audio7-0 1 688.611 0.9
audio8-0 1 688.611 0.9
yolo1-0 1 56.834 0.99
yolo3-1 1 56.834 0.99
yolo5-1 1 56.834 0.99
yolo6-1 1 56.834 0.99
yolo7-0 1 56.834 0.99
Sum of bandwidth: 3727.224999999999
Sum of weights: 4.209
Average accuracy: 0.9351960085531007
time: 0.00269317626953125
**time: 3
========Allocate Done=============
audio10-2 1 688.611 0.9
audio12-1 0.6392481093659123 440.5580000000013 0.34
audio3-0 1 688.611 0.9
audio3-2 1 688.611 0.9
audio7-0 1 688.611 0.9
audio8-0 1 688.611 0.9
audio8-3 1 688.611 0.9
yolo1-0 1 56.834 0.99
yolo3-1 1 56.834 0.99
yolo3-2 1 56.834 0.99
yolo3-3 1 56.834 0.99
yolo5-1 1 56.834 0.99
yolo6-1 1 56.834 0.99
yolo7-0 1 56.834 0.99
yolo8-3 1 56.834 0.99
Sum of bandwidth: 5026.896
Sum of weights: 8.264
Average accuracy: 0.9418465634075509
time: 0.08190155029296875
**time: 4
========Allocate Done=============
audio10-2 0.4 276.05100000000004 0.25
audio12-1 0.4 276.05100000000004 0.25
audio3-0 1 688.611 0.9
audio3-2 1 688.611 0.9
audio4-4 0.604479348458408 416.6510000000014 0.32
audio7-0 1 688.611 0.9
audio8-0 1 688.611 0.9
audio8-3 1 688.611 0.9
yolo1-0 1 56.834 0.99
yolo10-4 1 56.834 0.99
yolo12-4 1 56.834 0.99
yolo2-4 1 56.834 0.99
yolo3-1 1 56.834 0.99
yolo3-2 1 56.834 0.99
yolo3-3 1 56.834 0.99
yolo5-1 1 56.834 0.99
yolo6-1 1 56.834 0.99
yolo7-0 1 56.834 0.99
yolo8-3 1 56.834 0.99
Sum of bandwidth: 5036.981999999999
Sum of weights: 9.009
Average accuracy: 0.9223787323787325
time: 0.005438327789306641
**time: 5
========Allocate Done=============
audio10-2 0.4 276.05100000000004 0.25
audio10-5 0.4 276.05100000000004 0.25
audio11-5 0.4 276.05100000000004 0.25
audio12-1 0.4 276.05100000000004 0.25
audio3-0 0.4 276.05100000000004 0.25
audio3-2 0.4 276.05100000000004 0.25
audio3-5 0.4 276.05100000000004 0.25
audio4-4 0.4 276.05100000000004 0.25
audio6-5 0.4 276.05100000000004 0.25
audio7-0 1 688.611 0.9
audio8-0 0.9797775450843486 674.7060399999981 0.9
audio8-3 0.55 379.1910000000001 0.31
yolo1-0 1 56.834 0.99
yolo10-4 1 56.834 0.99
yolo10-5 1 56.834 0.99
yolo12-4 1 56.834 0.99
yolo12-5 1 56.834 0.99
yolo2-4 1 56.834 0.99
yolo3-1 1 56.834 0.99
yolo3-2 1 56.834 0.99
yolo3-3 1 56.834 0.99
yolo5-1 1 56.834 0.99
yolo6-1 0.2 15.574480000000001 0.525
yolo6-5 0.2 15.574480000000001 0.525
yolo7-0 1 56.834 0.99
yolo7-5 1 56.834 0.99
yolo8-3 1 56.834 0.99
yolo9-5 1 56.834 0.99
Sum of bandwidth: 5053.791999999996
Sum of weights: 11.149000000000001
Average accuracy: 0.7759817023948337
time: 1.2026560306549072
**time: 6
========Allocate Done=============
audio10-2 0.4 276.05100000000004 0.25
audio10-5 0.4 276.05100000000004 0.25
audio11-5 0.4 276.05100000000004 0.25
audio12-1 0.4 276.05100000000004 0.25
audio12-6 0.4 276.05100000000004 0.25
audio3-0 0.4 276.05100000000004 0.25
audio3-2 0.4 276.05100000000004 0.25
audio3-5 0.4 276.05100000000004 0.25
audio4-4 0.4 276.05100000000004 0.25
audio6-5 0.4 276.05100000000004 0.25
audio7-0 1 688.611 0.9
audio8-0 0.5783072134962183 398.6550399999997 0.31
audio8-3 0.55 379.1910000000001 0.31
yolo1-0 1 56.834 0.99
yolo10-4 1 56.834 0.99
yolo10-5 1 56.834 0.99
yolo12-4 1 56.834 0.99
yolo12-5 1 56.834 0.99
yolo2-4 1 56.834 0.99
yolo3-1 1 56.834 0.99
yolo3-2 1 56.834 0.99
yolo3-3 1 56.834 0.99
yolo5-1 1 56.834 0.99
yolo6-1 0.2 15.574480000000001 0.525
yolo6-5 0.2 15.574480000000001 0.525
yolo7-0 1 56.834 0.99
yolo7-5 1 56.834 0.99
yolo8-3 1 56.834 0.99
yolo9-5 1 56.834 0.99
Sum of bandwidth: 5053.791999999998
Sum of weights: 11.219
Average accuracy: 0.7253694625189412
time: 0.06422948837280273
**time: 7
========Allocate Done=============
audio10-5 0.4 276.05100000000004 0.25
audio10-7 0.4 276.05100000000004 0.25
audio11-5 0.4 276.05100000000004 0.25
audio12-1 0.4 276.05100000000004 0.25
audio12-6 0.4 276.05100000000004 0.25
audio3-0 0.4 276.05100000000004 0.25
audio3-2 0.4 276.05100000000004 0.25
audio3-5 0.4 276.05100000000004 0.25
audio4-4 0.4 276.05100000000004 0.25
audio6-5 0.4 276.05100000000004 0.25
audio8-0 0.9272477603257714 638.5865600000004 0.84
audio8-3 0.55 379.1910000000001 0.31
audio9-7 0.4 276.05100000000004 0.25
yolo1-0 1 56.834 0.99
yolo1-7 1 56.834 0.99
yolo10-4 1 56.834 0.99
yolo10-5 1 56.834 0.99
yolo10-7 1 56.834 0.99
yolo12-4 1 56.834 0.99
yolo12-5 1 56.834 0.99
yolo2-4 1 56.834 0.99
yolo3-1 1 56.834 0.99
yolo3-2 1 56.834 0.99
yolo3-3 1 56.834 0.99
yolo5-1 1 56.834 0.99
yolo6-1 0.2 15.574480000000001 0.525
yolo6-5 0.2 15.574480000000001 0.525
yolo6-7 0.2 15.574480000000001 0.525
yolo7-0 1 56.834 0.99
yolo7-5 1 56.834 0.99
yolo8-3 1 56.834 0.99
yolo9-5 1 56.834 0.99
yolo9-7 1 56.834 0.99
Sum of bandwidth: 5067.239999999998
Sum of weights: 11.536000000000001
Average accuracy: 0.771196688626907
time: 0.13234591484069824
**time: 8
========Allocate Done=============
audio10-5 0.4 276.05100000000004 0.25
audio10-7 0.4 276.05100000000004 0.25
audio11-5 0.4 276.05100000000004 0.25
audio11-8 0.4 276.05100000000004 0.25
audio12-1 0.4 276.05100000000004 0.25
audio12-6 0.4 276.05100000000004 0.25
audio2-8 0.4 276.05100000000004 0.25
audio3-0 0.4 276.05100000000004 0.25
audio3-2 0.4 276.05100000000004 0.25
audio3-5 0.4 276.05100000000004 0.25
audio4-4 0.4 276.05100000000004 0.25
audio6-5 0.4 276.05100000000004 0.25
audio6-8 0.3268905177428729 225.7809199999994 0.2
audio7-8 0.4 276.05100000000004 0.25
audio8-0 0.4 276.05100000000004 0.25
audio8-3 0.4 276.05100000000004 0.25
audio8-8 0.4 276.05100000000004 0.25
audio9-7 0.4 276.05100000000004 0.25
yolo1-0 0 3.362 0
yolo1-7 0 3.362 0
yolo10-4 0 3.362 0
yolo10-5 0 3.362 0
yolo10-7 0 3.362 0
yolo12-4 0 3.362 0
yolo12-5 0 3.362 0
yolo2-4 0 3.362 0
yolo2-8 0 3.362 0
yolo3-1 0.25 18.509 0.64
yolo3-2 0.25 18.509 0.64
yolo3-3 0.25 18.509 0.64
yolo6-1 0 3.362 0
yolo6-5 0 3.362 0
yolo6-7 0 3.362 0
yolo7-0 0 3.362 0
yolo7-5 0 3.362 0
yolo8-3 0.15000000000000002 12.59252 0.525
yolo8-8 0.15000000000000002 12.59252 0.525
yolo9-5 0.15000000000000002 12.59252 0.525
yolo9-7 0.15000000000000002 12.59252 0.525
Sum of bandwidth: 5071.613000000001
Sum of weights: 14.597000000000001
Average accuracy: 0.3420976913064328
time: 1.0014593601226807
**time: 9
========Allocate Done=============
audio10-5 0.4 276.05100000000004 0.25
audio10-7 0.4 276.05100000000004 0.25
audio11-5 0.4 276.05100000000004 0.25
audio11-8 0.4 276.05100000000004 0.25
audio12-1 0.4 276.05100000000004 0.25
audio12-6 0.4 276.05100000000004 0.25
audio2-8 0.4 276.05100000000004 0.25
audio3-0 0.4 276.05100000000004 0.25
audio3-5 0.4 276.05100000000004 0.25
audio4-4 0.4 276.05100000000004 0.25
audio4-9 0.4 276.05100000000004 0.25
audio6-5 0.4 276.05100000000004 0.25
audio6-8 0.2735997963932506 189.1382199999991 0.2
audio7-8 0.4 276.05100000000004 0.25
audio8-0 0.4 276.05100000000004 0.25
audio8-3 0.4 276.05100000000004 0.25
audio8-8 0.4 276.05100000000004 0.25
audio9-7 0.4 276.05100000000004 0.25
yolo1-0 0 3.362 0
yolo1-7 0 3.362 0
yolo10-4 0 3.362 0
yolo10-5 0 3.362 0
yolo10-7 0 3.362 0
yolo12-4 0 3.362 0
yolo12-5 0 3.362 0
yolo2-4 0 3.362 0
yolo2-8 0 3.362 0
yolo2-9 0 3.362 0
yolo3-1 0.25 18.509 0.64
yolo3-2 0.25 18.509 0.64
yolo3-3 0.25 18.509 0.64
yolo3-9 0.25 18.509 0.64
yolo4-9 0.2 15.574480000000001 0.525
yolo6-1 0 3.362 0
yolo6-5 0 3.362 0
yolo6-7 0 3.362 0
yolo7-0 0 3.362 0
yolo7-5 0 3.362 0
yolo7-9 0 3.362 0
yolo8-3 0.15000000000000002 12.59252 0.525
yolo8-8 0.15000000000000002 12.59252 0.525
yolo9-5 0.15000000000000002 12.59252 0.525
yolo9-7 0.15000000000000002 12.59252 0.525
yolo9-9 0.15000000000000002 12.59252 0.525
audio10-edge-2 0.4 0.0527 0.25
Sum of bandwidth: 5088.423000000002
Sum of weights: 17.302000000000003
Average accuracy: 0.37113772974222625
time: 0.007212400436401367
**time: 10
========Allocate Done=============
audio10-7 0.4 276.05100000000004 0.25
audio11-5 0.4 276.05100000000004 0.25
audio11-8 0.4 276.05100000000004 0.25
audio12-1 0.4 276.05100000000004 0.25
audio12-6 0.4 276.05100000000004 0.25
audio2-8 0.4 276.05100000000004 0.25
audio3-0 0.4 276.05100000000004 0.25
audio4-4 0.4 276.05100000000004 0.25
audio4-9 0.4 276.05100000000004 0.25
audio6-8 0.4 276.05100000000004 0.25
audio7-8 0.4 276.05100000000004 0.25
audio8-0 0.4 276.05100000000004 0.25
audio8-10 0.4 276.05100000000004 0.25
audio8-3 0.4 276.05100000000004 0.25
audio8-8 0.4 276.05100000000004 0.25
audio9-7 0.4 276.05100000000004 0.25
yolo1-10 0.1 9.563120000000001 0.525
yolo1-7 0.1 9.563120000000001 0.525
yolo10-4 0.1 9.563120000000001 0.525
yolo10-5 0.1 9.563120000000001 0.525
yolo10-7 0.1 9.563120000000001 0.525
yolo12-5 0.1 9.563120000000001 0.525
yolo2-10 0 3.362 0
yolo2-4 0 3.362 0
yolo2-8 0 3.362 0
yolo2-9 0 3.362 0
yolo3-1 1 56.834 0.99
yolo3-2 1 56.834 0.99
yolo3-3 1 56.834 0.99
yolo3-9 1 56.834 0.99
yolo4-10 0.9000000000000002 52.34072000000001 0.99
yolo4-9 0.9000000000000002 52.34072000000001 0.99
yolo6-5 0 3.362 0
yolo6-7 0 3.362 0
yolo7-0 0.15000000000000002 12.59252 0.525
yolo7-5 0.12085516934449779 10.83245999999884 0.525
yolo7-9 0.1 9.563120000000001 0.525
yolo8-3 0.5499999999999999 35.119879999999995 0.88
yolo8-8 0.5499999999999999 35.119879999999995 0.88
yolo9-10 0.65 40.27732 0.93
yolo9-5 0.65 40.27732 0.93
yolo9-7 0.65 40.27732 0.93
yolo9-9 0.65 40.27732 0.93
audio10-edge-2 0.4 0.0527 0.25
Sum of bandwidth: 5090.7739999999985
Sum of weights: 18.977000000000004
Average accuracy: 0.6455751699425621
time: 0.39797449111938477
**time: 11
========Allocate Done=============
audio10-11 0.4 276.05100000000004 0.25
audio10-7 0.4 276.05100000000004 0.25
audio11-11 0.4 276.05100000000004 0.25
audio11-5 0.26837376381617206 185.54479999999992 0.2
audio11-8 0 1.011 0
audio12-1 0 1.011 0
audio12-11 0 1.011 0
audio12-6 0 1.011 0
audio2-11 0.4 276.05100000000004 0.25
audio2-8 0.4 276.05100000000004 0.25
audio3-0 0.4 276.05100000000004 0.25
audio3-11 0.4 276.05100000000004 0.25
audio4-4 0.4 276.05100000000004 0.25
audio4-9 0.4 276.05100000000004 0.25
audio5-11 0.4 276.05100000000004 0.25
audio6-8 0 1.011 0
audio7-11 0.4 276.05100000000004 0.25
audio7-8 0.4 276.05100000000004 0.25
audio8-0 0.4 276.05100000000004 0.25
audio8-10 0.4 276.05100000000004 0.25
audio8-3 0.4 276.05100000000004 0.25
audio8-8 0.4 276.05100000000004 0.25
audio9-7 0.4 276.05100000000004 0.25
yolo1-10 0 3.362 0
yolo1-7 0 3.362 0
yolo10-4 0 3.362 0
yolo10-5 0 3.362 0
yolo10-7 0 3.362 0
yolo11-11 0 3.362 0
yolo12-5 0 3.362 0
yolo2-10 0 3.362 0
yolo2-4 0 3.362 0
yolo2-8 0 3.362 0
yolo2-9 0 3.362 0
yolo3-1 0.2 15.574480000000001 0.525
yolo3-2 0.2 15.574480000000001 0.525
yolo3-3 0.2 15.574480000000001 0.525
yolo3-9 0.2 15.574480000000001 0.525
yolo4-10 0.2 15.574480000000001 0.525
yolo4-9 0.2 15.574480000000001 0.525
yolo6-5 0 3.362 0
yolo6-7 0 3.362 0
yolo7-0 0 3.362 0
yolo7-5 0 3.362 0
yolo7-9 0 3.362 0
yolo8-3 0.1 9.563120000000001 0.525
yolo8-8 0.1 9.563120000000001 0.525
yolo9-10 0.15000000000000002 12.59252 0.525
yolo9-5 0.15000000000000002 12.59252 0.525
yolo9-7 0.15000000000000002 12.59252 0.525
yolo9-9 0.15000000000000002 12.59252 0.525
audio10-edge-2 0 0.0527 0
audio10-edge-7 0 0.0527 0
Sum of bandwidth: 5100.307400000003
Sum of weights: 21.71400000000001
Average accuracy: 0.3394883485309016
time: 0.04274749755859375
**time: 12
========Allocate Done=============
audio1-12 0.4 276.05100000000004 0.25
audio10-11 0.4 276.05100000000004 0.25
audio10-7 0.26836611401977717 185.5395399999988 0.2
audio11-11 0 1.011 0
audio11-5 0 1.011 0
audio11-8 0 1.011 0
audio12-1 0 1.011 0
audio12-11 0 1.011 0
audio12-6 0 1.011 0
audio2-11 0.4 276.05100000000004 0.25
audio2-8 0.4 276.05100000000004 0.25
audio3-0 0.4 276.05100000000004 0.25
audio3-11 0.4 276.05100000000004 0.25
audio4-4 0.4 276.05100000000004 0.25
audio4-9 0.4 276.05100000000004 0.25
audio5-11 0.4 276.05100000000004 0.25
audio6-12 0 1.011 0
audio6-8 0 1.011 0
audio7-11 0.4 276.05100000000004 0.25
audio7-8 0.4 276.05100000000004 0.25
audio8-0 0.4 276.05100000000004 0.25
audio8-10 0.4 276.05100000000004 0.25
audio8-3 0.4 276.05100000000004 0.25
audio8-8 0.4 276.05100000000004 0.25
audio9-12 0.4 276.05100000000004 0.25
audio9-7 0.4 276.05100000000004 0.25
yolo1-10 0 3.362 0
yolo1-7 0 3.362 0
yolo10-12 0 3.362 0
yolo10-4 0 3.362 0
yolo10-5 0 3.362 0
yolo10-7 0 3.362 0
yolo11-11 0 3.362 0
yolo12-12 0 3.362 0
yolo12-5 0 3.362 0
yolo2-10 0 3.362 0
yolo2-4 0 3.362 0
yolo2-8 0 3.362 0
yolo2-9 0 3.362 0
yolo3-1 0.2 15.574480000000001 0.525
yolo3-12 0.2 15.574480000000001 0.525
yolo3-2 0.2 15.574480000000001 0.525
yolo3-3 0.2 15.574480000000001 0.525
yolo3-9 0.2 15.574480000000001 0.525
yolo4-10 0.2 15.574480000000001 0.525
yolo4-9 0.2 15.574480000000001 0.525
yolo5-12 0 3.362 0
yolo6-5 0 3.362 0
yolo6-7 0 3.362 0
yolo7-0 0 3.362 0
yolo7-5 0 3.362 0
yolo7-9 0 3.362 0
yolo8-12 0.1 9.563120000000001 0.525
yolo8-3 0.1 9.563120000000001 0.525
yolo8-8 0.1 9.563120000000001 0.525
yolo9-10 0.15000000000000002 12.59252 0.525
yolo9-9 0.15000000000000002 12.59252 0.525
audio10-edge-2 0 0.0527 0
audio10-edge-7 0 0.0527 0
audio2-edge-8 0.4 0.0527 0.25
Sum of bandwidth: 5113.426400000002
Sum of weights: 23.321000000000005
Average accuracy: 0.32736803739119247
time: 1.5660643577575684
**time: 13
========Allocate Done=============
audio1-12 0.2683661140197779 185.53953999999928 0.2
audio10-11 0 1.011 0
audio10-7 0 1.011 0
audio11-11 0 1.011 0
audio11-5 0 1.011 0
audio11-8 0 1.011 0
audio12-1 0 1.011 0
audio12-11 0 1.011 0
audio12-6 0 1.011 0
audio2-11 0.4 276.05100000000004 0.25
audio2-13 0.4 276.05100000000004 0.25
audio2-8 0.4 276.05100000000004 0.25
audio3-0 0.4 276.05100000000004 0.25
audio3-11 0.4 276.05100000000004 0.25
audio4-4 0.4 276.05100000000004 0.25
audio4-9 0.4 276.05100000000004 0.25
audio5-11 0.4 276.05100000000004 0.25
audio6-12 0 1.011 0
audio6-13 0 1.011 0
audio6-8 0 1.011 0
audio7-11 0.4 276.05100000000004 0.25
audio7-13 0.4 276.05100000000004 0.25
audio7-8 0.4 276.05100000000004 0.25
audio8-0 0.4 276.05100000000004 0.25
audio8-10 0.4 276.05100000000004 0.25
audio8-13 0.4 276.05100000000004 0.25
audio8-8 0.4 276.05100000000004 0.25
audio9-12 0.4 276.05100000000004 0.25
audio9-7 0.4 276.05100000000004 0.25
yolo1-10 0 3.362 0
yolo1-7 0 3.362 0
yolo10-12 0 3.362 0
yolo10-4 0 3.362 0
yolo10-5 0 3.362 0
yolo10-7 0 3.362 0
yolo11-11 0 3.362 0
yolo12-12 0 3.362 0
yolo12-5 0 3.362 0
yolo2-10 0 3.362 0
yolo2-4 0 3.362 0
yolo2-8 0 3.362 0
yolo2-9 0 3.362 0
yolo3-1 0.2 15.574480000000001 0.525
yolo3-12 0.2 15.574480000000001 0.525
yolo3-2 0.2 15.574480000000001 0.525
yolo3-3 0.2 15.574480000000001 0.525
yolo3-9 0.2 15.574480000000001 0.525
yolo4-10 0.2 15.574480000000001 0.525
yolo4-9 0.2 15.574480000000001 0.525
yolo5-12 0 3.362 0
yolo6-7 0 3.362 0
yolo7-0 0 3.362 0
yolo7-5 0 3.362 0
yolo7-9 0 3.362 0
yolo8-12 0.1 9.563120000000001 0.525
yolo8-3 0.1 9.563120000000001 0.525
yolo8-8 0.1 9.563120000000001 0.525
yolo9-10 0.15000000000000002 12.59252 0.525
yolo9-9 0.15000000000000002 12.59252 0.525
audio10-edge-2 0 0.0527 0
audio10-edge-7 0 0.0527 0
audio2-edge-8 0.4 0.0527 0.25
Sum of bandwidth: 5113.097400000003
Sum of weights: 24.861000000000004
Average accuracy: 0.3206648968263545
time: 0.03766369819641113
**time: 14
========Allocate Done=============
audio1-12 0.24150994764397798 167.07323999999926 0.2
audio10-11 0 1.011 0
audio10-7 0 1.011 0
audio11-11 0 1.011 0
audio11-5 0 1.011 0
audio11-8 0 1.011 0
audio12-1 0 1.011 0
audio12-11 0 1.011 0
audio12-6 0 1.011 0
audio2-11 0.4 276.05100000000004 0.25
audio2-13 0.4 276.05100000000004 0.25
audio2-8 0.4 276.05100000000004 0.25
audio3-0 0.4 276.05100000000004 0.25
audio3-11 0.4 276.05100000000004 0.25
audio4-4 0.4 276.05100000000004 0.25
audio4-9 0.4 276.05100000000004 0.25
audio5-11 0.4 276.05100000000004 0.25
audio6-12 0 1.011 0
audio6-13 0 1.011 0
audio6-8 0 1.011 0
audio7-11 0.4 276.05100000000004 0.25
audio7-13 0.4 276.05100000000004 0.25
audio7-8 0.4 276.05100000000004 0.25
audio8-0 0.4 276.05100000000004 0.25
audio8-10 0.4 276.05100000000004 0.25
audio8-13 0.4 276.05100000000004 0.25
audio8-8 0.4 276.05100000000004 0.25
audio9-12 0.4 276.05100000000004 0.25
audio9-7 0.4 276.05100000000004 0.25
yolo1-10 0 3.362 0
yolo1-7 0 3.362 0
yolo10-12 0 3.362 0
yolo10-4 0 3.362 0
yolo10-5 0 3.362 0
yolo10-7 0 3.362 0
yolo11-11 0 3.362 0
yolo12-12 0 3.362 0
yolo12-5 0 3.362 0
yolo2-10 0 3.362 0
yolo2-14 0 3.362 0
yolo2-4 0 3.362 0
yolo2-8 0 3.362 0
yolo2-9 0 3.362 0
yolo3-1 0.2 15.574480000000001 0.525
yolo3-12 0.2 15.574480000000001 0.525
yolo3-14 0.2 15.574480000000001 0.525
yolo3-2 0.2 15.574480000000001 0.525
yolo3-3 0.2 15.574480000000001 0.525
yolo3-9 0.2 15.574480000000001 0.525
yolo4-10 0.2 15.574480000000001 0.525
yolo4-9 0.2 15.574480000000001 0.525
yolo5-12 0 3.362 0
yolo6-7 0 3.362 0
yolo7-5 0 3.362 0
yolo7-9 0 3.362 0
yolo8-12 0.1 9.563120000000001 0.525
yolo8-14 0.1 9.563120000000001 0.525
yolo8-3 0.1 9.563120000000001 0.525
yolo8-8 0.1 9.563120000000001 0.525
yolo9-10 0.15000000000000002 12.59252 0.525
yolo9-9 0.15000000000000002 12.59252 0.525
audio10-edge-7 0 0.0527 0
audio2-edge-8 0.4 0.0527 0.25
audio9-edge-7 0.4 0.0527 0.25
Sum of bandwidth: 5119.768700000003
Sum of weights: 26.389000000000003
Average accuracy: 0.33605290082989137
time: 0.22284245491027832
**time: 15
========Allocate Done=============
audio1-12 0 1.011 0
audio1-15 0 1.011 0
audio10-11 0 1.011 0
audio10-7 0 1.011 0
audio11-11 0 1.011 0
audio11-5 0 1.011 0
audio11-8 0 1.011 0
audio12-1 0 1.011 0
audio12-6 0 1.011 0
audio2-11 0.4 276.05100000000004 0.25
audio2-13 0.4 276.05100000000004 0.25
audio2-8 0.4 276.05100000000004 0.25
audio3-0 0.4 276.05100000000004 0.25
audio3-11 0.4 276.05100000000004 0.25
audio4-4 0.4 276.05100000000004 0.25
audio4-9 0.4 276.05100000000004 0.25
audio5-11 0.4 276.05100000000004 0.25
audio5-15 0.4 276.05100000000004 0.25
audio6-12 0 1.011 0
audio6-13 0 1.011 0
audio6-8 0 1.011 0
audio7-11 0.4 276.05100000000004 0.25
audio7-13 0.4 276.05100000000004 0.25
audio7-8 0.4 276.05100000000004 0.25
audio8-0 0.4 276.05100000000004 0.25
audio8-10 0.4 276.05100000000004 0.25
audio8-13 0.4 276.05100000000004 0.25
audio8-8 0.4 276.05100000000004 0.25
audio9-12 0.4 276.05100000000004 0.25
audio9-7 0.39207233856893436 270.5999399999993 0.25
yolo1-10 0 3.362 0
yolo1-7 0 3.362 0
yolo10-12 0 3.362 0
yolo10-4 0 3.362 0
yolo10-5 0 3.362 0
yolo10-7 0 3.362 0
yolo11-11 0 3.362 0
yolo12-12 0 3.362 0
yolo12-5 0 3.362 0
yolo2-10 0 3.362 0
yolo2-14 0 3.362 0
yolo2-4 0 3.362 0
yolo2-8 0 3.362 0
yolo2-9 0 3.362 0
yolo3-1 0.05 6.486280000000001 0.525
yolo3-12 0.05 6.486280000000001 0.525
yolo3-14 0.05 6.486280000000001 0.525
yolo3-15 0.05 6.486280000000001 0.525
yolo3-2 0.05 6.486280000000001 0.525
yolo3-3 0.05 6.486280000000001 0.525
yolo3-9 0.05 6.486280000000001 0.525
yolo4-10 0.05 6.486280000000001 0.525
yolo4-15 0.05 6.486280000000001 0.525
yolo4-9 0.05 6.486280000000001 0.525
yolo5-12 0 3.362 0
yolo6-7 0 3.362 0
yolo7-5 0 3.362 0
yolo7-9 0 3.362 0
yolo8-12 0 3.362 0
yolo8-14 0 3.362 0
yolo8-3 0 3.362 0
yolo8-8 0 3.362 0
yolo9-10 0.05 6.486280000000001 0.525
yolo9-9 0.05 6.486280000000001 0.525
audio10-edge-7 0 0.0527 0
audio2-edge-8 0.4 0.0527 0.25
audio9-edge-7 0 0.0527 0
Sum of bandwidth: 5127.556400000003
Sum of weights: 28.511000000000003
Average accuracy: 0.299556311599032
time: 0.1831505298614502
**time: 16
========Allocate Done=============
audio1-15 0.4 276.05100000000004 0.25
audio12-6 0.4 276.05100000000004 0.25
audio2-11 0.4 276.05100000000004 0.25
audio2-13 0.4 276.05100000000004 0.25
audio2-16 0.4 276.05100000000004 0.25
audio3-11 0.4 276.05100000000004 0.25
audio5-11 0.4 276.05100000000004 0.25
audio5-15 0.4 276.05100000000004 0.25
audio6-12 0.4 276.05100000000004 0.25
audio6-13 0.3045627981384528 210.42838000000012 0.2
audio6-16 0 1.011 0
audio7-11 0.4 276.05100000000004 0.25
audio7-13 0.4 276.05100000000004 0.25
audio7-8 0.4 276.05100000000004 0.25
audio8-10 0.4 276.05100000000004 0.25
audio8-13 0.4 276.05100000000004 0.25
audio8-8 0.4 276.05100000000004 0.25
audio9-12 0.4 276.05100000000004 0.25
audio9-16 0.4 276.05100000000004 0.25
yolo1-16 0 3.362 0
yolo1-7 0 3.362 0
yolo10-12 0 3.362 0
yolo11-11 0 3.362 0
yolo11-16 0 3.362 0
yolo2-10 0 3.362 0
yolo2-14 0 3.362 0
yolo2-4 0 3.362 0
yolo2-8 0 3.362 0
yolo3-12 0.25 18.509 0.64
yolo3-14 0.25 18.509 0.64
yolo3-15 0.25 18.509 0.64
yolo4-15 0.2 15.574480000000001 0.525
yolo4-9 0.2 15.574480000000001 0.525
yolo5-12 0 3.362 0
yolo6-7 0 3.362 0
yolo7-9 0 3.362 0
yolo8-14 0.15000000000000002 12.59252 0.525
yolo9-10 0.15000000000000002 12.59252 0.525
yolo9-9 0.15000000000000002 12.59252 0.525
audio10-edge-7 0.4 0.0527 0.25
audio2-edge-8 0.4 0.0527 0.25
audio9-edge-7 0.4 0.0527 0.25
Sum of bandwidth: 5069.262000000003
Sum of weights: 18.121
Average accuracy: 0.3471276419623641
time: 0.15499663352966309
**time: 17
========Allocate Done=============
audio1-15 0.4 276.05100000000004 0.25
audio10-17 0.4 276.05100000000004 0.25
audio12-6 0.4 276.05100000000004 0.25
audio2-11 0.4 276.05100000000004 0.25
audio2-13 0.4 276.05100000000004 0.25
audio2-16 0.4 276.05100000000004 0.25
audio3-11 0.4 276.05100000000004 0.25
audio5-11 0.4 276.05100000000004 0.25
audio5-15 0.4 276.05100000000004 0.25
audio6-12 0.4 276.05100000000004 0.25
audio6-13 0.30440951134380423 210.3229799999998 0.2
audio6-16 0 1.011 0
audio7-13 0.4 276.05100000000004 0.25
audio7-8 0.4 276.05100000000004 0.25
audio8-10 0.4 276.05100000000004 0.25
audio8-13 0.4 276.05100000000004 0.25
audio8-8 0.4 276.05100000000004 0.25
audio9-12 0.4 276.05100000000004 0.25
audio9-16 0.4 276.05100000000004 0.25
yolo1-16 0 3.362 0
yolo1-7 0 3.362 0
yolo10-12 0 3.362 0
yolo11-11 0 3.362 0
yolo11-16 0 3.362 0
yolo12-17 0 3.362 0
yolo2-10 0 3.362 0
yolo2-14 0 3.362 0
yolo2-8 0 3.362 0
yolo3-12 0.25 18.509 0.64
yolo3-14 0.25 18.509 0.64
yolo3-15 0.25 18.509 0.64
yolo4-15 0.2 15.574480000000001 0.525
yolo4-9 0.2 15.574480000000001 0.525
yolo5-12 0 3.362 0
yolo5-17 0 3.362 0
yolo6-7 0 3.362 0
yolo7-9 0 3.362 0
yolo8-14 0.15000000000000002 12.59252 0.525
yolo9-10 0.15000000000000002 12.59252 0.525
yolo9-9 0.15000000000000002 12.59252 0.525
audio2-edge-11 0.4 0.0527 0.25
audio2-edge-13 0.4 0.0527 0.25
audio5-edge-11 0.4 0.0527 0.25
audio5-edge-15 0.4 0.0527 0.25
audio6-edge-12 0 0.0527 0
audio9-edge-7 0.4 0.0527 0.25
Sum of bandwidth: 5072.676700000004
Sum of weights: 18.433999999999997
Average accuracy: 0.34033850493653034
time: 0.004438161849975586
**time: 18
========Allocate Done=============
audio1-15 0.4 276.05100000000004 0.25
audio10-17 0.4 276.05100000000004 0.25
audio11-18 0.4 276.05100000000004 0.25
audio12-18 0.4 276.05100000000004 0.25
audio12-6 0.3214652995927863 222.05053999999987 0.2
audio2-11 0.4 276.05100000000004 0.25
audio2-13 0.4 276.05100000000004 0.25
audio2-16 0.4 276.05100000000004 0.25
audio3-11 0.4 276.05100000000004 0.25
audio5-11 0.4 276.05100000000004 0.25
audio5-15 0.4 276.05100000000004 0.25
audio6-12 0 1.011 0
audio6-13 0 1.011 0
audio6-16 0 1.011 0
audio7-13 0.4 276.05100000000004 0.25
audio8-10 0.4 276.05100000000004 0.25
audio8-13 0.4 276.05100000000004 0.25
audio8-18 0.4 276.05100000000004 0.25
audio8-8 0.4 276.05100000000004 0.25
audio9-12 0.4 276.05100000000004 0.25
audio9-16 0.4 276.05100000000004 0.25
yolo1-16 0 3.362 0
yolo1-7 0 3.362 0
yolo10-12 0 3.362 0
yolo10-18 0 3.362 0
yolo11-11 0 3.362 0
yolo11-16 0 3.362 0
yolo12-17 0 3.362 0
yolo2-10 0 3.362 0
yolo2-14 0 3.362 0
yolo2-18 0 3.362 0
yolo2-8 0 3.362 0
yolo3-12 0.2 15.574480000000001 0.525
yolo3-14 0.2 15.574480000000001 0.525
yolo3-15 0.2 15.574480000000001 0.525
yolo4-15 0.2 15.574480000000001 0.525
yolo4-9 0.2 15.574480000000001 0.525
yolo5-12 0 3.362 0
yolo5-17 0 3.362 0
yolo6-7 0 3.362 0
yolo7-18 0 3.362 0
yolo7-9 0 3.362 0
yolo8-14 0.1 9.563120000000001 0.525
yolo9-10 0.15000000000000002 12.59252 0.525
yolo9-18 0.15000000000000002 12.59252 0.525
audio1-edge-15 0 0.0527 0
audio10-edge-15 0 0.0527 0
audio2-edge-11 0.4 0.0527 0.25
audio2-edge-13 0.4 0.0527 0.25
audio5-edge-11 0.4 0.0527 0.25
audio5-edge-15 0.4 0.0527 0.25
audio6-edge-12 0 0.0527 0
audio6-edge-13 0 0.0527 0
audio9-edge-12 0.4 0.0527 0.25
audio9-edge-16 0.4 0.0527 0.25
audio9-edge-7 0.4 0.0527 0.25
Sum of bandwidth: 5084.942800000005
Sum of weights: 19.529999999999998
Average accuracy: 0.3064746543778802
time: 0.16487836837768555
**time: 19
========Allocate Done=============
audio1-15 0.4 276.05100000000004 0.25
audio10-17 0.4 276.05100000000004 0.25
audio11-18 0.4 276.05100000000004 0.25
audio12-18 0.4 276.05100000000004 0.25
audio12-19 0.4 276.05100000000004 0.25
audio2-11 0.4 276.05100000000004 0.25
audio2-16 0.4 276.05100000000004 0.25
audio3-11 0.4 276.05100000000004 0.25
audio6-12 0.4 276.05100000000004 0.25
audio6-13 0.4 276.05100000000004 0.25
audio6-16 0.29075532286212635 200.9343599999981 0.2
audio7-13 0.4 276.05100000000004 0.25
audio8-10 0.4 276.05100000000004 0.25
audio8-13 0.4 276.05100000000004 0.25
audio8-18 0.4 276.05100000000004 0.25
audio8-8 0.4 276.05100000000004 0.25
audio9-12 0.4 276.05100000000004 0.25
audio9-16 0.4 276.05100000000004 0.25
yolo1-16 0 3.362 0
yolo1-7 0 3.362 0
yolo10-12 0 3.362 0
yolo10-18 0 3.362 0
yolo10-19 0 3.362 0
yolo11-11 0 3.362 0
yolo11-16 0 3.362 0
yolo12-17 0 3.362 0
yolo2-10 0 3.362 0
yolo2-14 0 3.362 0
yolo2-18 0 3.362 0
yolo2-8 0 3.362 0
yolo3-12 0.25 18.509 0.64
yolo3-14 0.25 18.509 0.64
yolo3-15 0.25 18.509 0.64
yolo4-15 0.2 15.574480000000001 0.525
yolo4-9 0.2 15.574480000000001 0.525
yolo5-12 0 3.362 0
yolo5-17 0 3.362 0
yolo6-19 0 3.362 0
yolo7-18 0 3.362 0
yolo7-19 0 3.362 0
yolo7-9 0 3.362 0
yolo8-14 0.15000000000000002 12.59252 0.525
yolo8-19 0.15000000000000002 12.59252 0.525
yolo9-10 0.15000000000000002 12.59252 0.525
yolo9-18 0.15000000000000002 12.59252 0.525
audio1-edge-15 0.4 0.0527 0.25
audio10-edge-15 0.4 0.0527 0.25
audio2-edge-11 0.4 0.0527 0.25
audio2-edge-13 0.4 0.0527 0.25
audio5-edge-11 0.4 0.0527 0.25
audio5-edge-15 0.4 0.0527 0.25
audio6-edge-12 0 0.0527 0
audio6-edge-13 0 0.0527 0
audio9-edge-12 0.4 0.0527 0.25
audio9-edge-16 0.4 0.0527 0.25
Sum of bandwidth: 5091.890400000003
Sum of weights: 19.547
Average accuracy: 0.3311045173172354
time: 0.10421276092529297
**time: 20
========Allocate Done=============
audio1-15 0.4 276.05100000000004 0.25
audio10-17 0.4 276.05100000000004 0.25
audio11-18 0.4 276.05100000000004 0.25
audio11-20 0.4 276.05100000000004 0.25
audio12-18 0.4 276.05100000000004 0.25
audio12-19 0.4 276.05100000000004 0.25
audio2-16 0.4 276.05100000000004 0.25
audio3-11 0.4 276.05100000000004 0.25
audio3-20 0.4 276.05100000000004 0.25
audio6-13 0.4 276.05100000000004 0.25
audio6-16 0.2773310645724229 191.703839999998 0.2
audio7-13 0.4 276.05100000000004 0.25
audio8-10 0.4 276.05100000000004 0.25
audio8-13 0.4 276.05100000000004 0.25
audio8-18 0.4 276.05100000000004 0.25
audio8-8 0.4 276.05100000000004 0.25
audio9-12 0.4 276.05100000000004 0.25
audio9-16 0.4 276.05100000000004 0.25
yolo1-16 0 3.362 0
yolo1-7 0 3.362 0
yolo10-12 0 3.362 0
yolo10-18 0 3.362 0
yolo10-19 0 3.362 0
yolo11-11 0 3.362 0
yolo11-16 0 3.362 0
yolo12-17 0 3.362 0
yolo12-20 0 3.362 0
yolo2-10 0 3.362 0
yolo2-14 0 3.362 0
yolo2-18 0 3.362 0
yolo2-8 0 3.362 0
yolo3-12 0.25 18.509 0.64
yolo3-14 0.25 18.509 0.64
yolo3-15 0.25 18.509 0.64
yolo4-15 0.2 15.574480000000001 0.525
yolo4-9 0.2 15.574480000000001 0.525
yolo5-12 0 3.362 0
yolo5-17 0 3.362 0
yolo6-19 0 3.362 0
yolo7-18 0 3.362 0
yolo7-19 0 3.362 0
yolo8-14 0.15000000000000002 12.59252 0.525
yolo8-19 0.15000000000000002 12.59252 0.525
yolo9-10 0.15000000000000002 12.59252 0.525
yolo9-18 0.15000000000000002 12.59252 0.525
yolo9-20 0.15000000000000002 12.59252 0.525
audio1-edge-15 0.4 0.0527 0.25
audio10-edge-15 0.4 0.0527 0.25
audio2-edge-11 0.4 0.0527 0.25
audio2-edge-13 0.4 0.0527 0.25
audio5-edge-11 0.4 0.0527 0.25
audio5-edge-15 0.4 0.0527 0.25
audio6-edge-12 0 0.0527 0
audio6-edge-13 0 0.0527 0
audio9-edge-12 0.4 0.0527 0.25
audio9-edge-16 0.4 0.0527 0.25
yolo9-edge-10 0.15000000000000002 8.167682500000002 0.525
Sum of bandwidth: 5103.420082500003
Sum of weights: 20.961
Average accuracy: 0.344461142121082
time: 0.010207414627075195
**time: 21
========Allocate Done=============
audio10-17 0.4 276.05100000000004 0.25
audio11-18 0.4 276.05100000000004 0.25
audio11-20 0.4 276.05100000000004 0.25
audio12-18 0.4 276.05100000000004 0.25
audio12-19 0.4 276.05100000000004 0.25
audio2-16 0.4 276.05100000000004 0.25
audio3-11 0.4 276.05100000000004 0.25
audio3-20 0.4 276.05100000000004 0.25
audio4-21 0.4 276.05100000000004 0.25
audio6-16 0.4 276.05100000000004 0.25
audio6-21 0.4 276.05100000000004 0.25
audio7-13 0.4 276.05100000000004 0.25
audio7-21 0.4 276.05100000000004 0.25
audio8-10 0.4 276.05100000000004 0.25
audio8-13 0.4 276.05100000000004 0.25
audio8-8 0.4 276.05100000000004 0.25
audio9-21 0.4 276.05100000000004 0.25
yolo1-16 0.1 9.563120000000001 0.525
yolo10-12 0.1 9.563120000000001 0.525
yolo10-18 0.1 9.563120000000001 0.525
yolo10-19 0.1 9.563120000000001 0.525
yolo11-11 0.1 9.563120000000001 0.525
yolo11-16 0.1 9.563120000000001 0.525
yolo12-17 0.1 9.563120000000001 0.525
yolo12-20 0.1 9.563120000000001 0.525
yolo2-14 0 3.362 0
yolo2-18 0 3.362 0
yolo3-15 1 56.834 0.99
yolo4-9 0.9000000000000002 52.34072000000001 0.99
yolo5-17 0.05 6.486280000000001 0.525
yolo6-19 0 3.362 0
yolo7-18 0.13013501325360238 11.394619999999005 0.525
yolo7-19 0.1 9.563120000000001 0.525
yolo8-14 0.5499999999999999 35.119879999999995 0.88
yolo8-19 0.5499999999999999 35.119879999999995 0.88
yolo9-18 0.65 40.27732 0.93
yolo9-20 0.65 40.27732 0.93
audio1-edge-15 0.4 0.0527 0.25
audio10-edge-15 0.4 0.0527 0.25
audio2-edge-13 0.4 0.0527 0.25
audio5-edge-15 0.4 0.0527 0.25
audio6-edge-13 0.4 0.0527 0.25
audio9-edge-12 0.4 0.0527 0.25
audio9-edge-16 0.4 0.0527 0.25
yolo9-edge-10 0.65 24.146482499999998 0.93
Sum of bandwidth: 5091.3864825
Sum of weights: 16.189
Average accuracy: 0.5139424918154303
time: 0.014880895614624023
**time: 22
========Allocate Done=============
audio1-22 0.4 276.05100000000004 0.25
audio10-17 0.4 276.05100000000004 0.25
audio10-22 0.4 276.05100000000004 0.25
audio11-18 0.4 276.05100000000004 0.25
audio11-20 0.4 276.05100000000004 0.25
audio12-18 0.4 276.05100000000004 0.25
audio12-19 0.4 276.05100000000004 0.25
audio2-16 0.4 276.05100000000004 0.25
audio2-22 0.4 276.05100000000004 0.25
audio3-11 0.4 276.05100000000004 0.25
audio3-20 0.4 276.05100000000004 0.25
audio4-21 0.4 276.05100000000004 0.25
audio6-16 0.4 276.05100000000004 0.25
audio6-21 0.35280386852821277 243.59893999999912 0.2
audio7-13 0.4 276.05100000000004 0.25
audio7-21 0.4 276.05100000000004 0.25
audio8-22 0.4 276.05100000000004 0.25
audio9-21 0.4 276.05100000000004 0.25
yolo1-16 0 3.362 0
yolo10-12 0 3.362 0
yolo10-18 0 3.362 0
yolo10-19 0 3.362 0
yolo11-11 0 3.362 0
yolo11-16 0 3.362 0
yolo12-17 0 3.362 0
yolo12-20 0 3.362 0
yolo2-14 0 3.362 0
yolo2-18 0 3.362 0
yolo2-22 0 3.362 0
yolo3-15 0.25 18.509 0.64
yolo4-22 0.2 15.574480000000001 0.525
yolo5-17 0 3.362 0
yolo5-22 0 3.362 0
yolo6-19 0 3.362 0
yolo7-18 0 3.362 0
yolo7-19 0 3.362 0
yolo8-14 0.15000000000000002 12.59252 0.525
yolo8-19 0.15000000000000002 12.59252 0.525
yolo9-18 0.15000000000000002 12.59252 0.525
yolo9-20 0.15000000000000002 12.59252 0.525
audio10-edge-15 0.4 0.0527 0.25
audio10-edge-17 0.4 0.0527 0.25
audio2-edge-13 0.4 0.0527 0.25
audio2-edge-16 0.4 0.0527 0.25
audio9-edge-12 0.4 0.0527 0.25
yolo1-edge-16 0 2.74 0
yolo5-edge-17 0 2.74 0
yolo9-edge-10 0.15000000000000002 8.167682500000002 0.525
yolo9-edge-18 0.15000000000000002 8.167682500000002 0.525
yolo9-edge-20 0.15000000000000002 8.167682500000002 0.525
Sum of bandwidth: 5104.958047500004
Sum of weights: 17.072000000000003
Average accuracy: 0.31758581302717886
time: 0.8631424903869629
**time: 23
========Allocate Done=============
audio1-22 0.4 276.05100000000004 0.25
audio10-17 0.4 276.05100000000004 0.25
audio10-22 0.4 276.05100000000004 0.25
audio11-18 0.4 276.05100000000004 0.25
audio11-20 0.4 276.05100000000004 0.25
audio12-18 0.4 276.05100000000004 0.25
audio12-19 0.4 276.05100000000004 0.25
audio2-22 0.4 276.05100000000004 0.25
audio3-20 0.4 276.05100000000004 0.25
audio4-21 0.4 276.05100000000004 0.25
audio6-16 0.4 276.05100000000004 0.25
audio6-21 0.4 276.05100000000004 0.25
audio7-13 0.4 276.05100000000004 0.25
audio7-21 0.4 276.05100000000004 0.25
audio8-22 0.4 276.05100000000004 0.25
audio9-21 0.4 276.05100000000004 0.25
yolo1-16 0.44999999999999996 29.77268 0.82
yolo1-23 0.44999999999999996 29.77268 0.82
yolo10-12 0.44999999999999996 29.77268 0.82
yolo10-18 0.44999999999999996 29.77268 0.82
yolo10-19 0.44999999999999996 29.77268 0.82
yolo11-11 0.41654004474267275 27.941140000000004 0.82
yolo11-16 0.39999999999999997 27.027919999999995 0.685
yolo11-23 0.39999999999999997 27.027919999999995 0.685
yolo12-20 0.39999999999999997 27.027919999999995 0.685
yolo2-14 0.05 6.486280000000001 0.525
yolo2-18 0.05 6.486280000000001 0.525
yolo2-22 0.05 6.486280000000001 0.525
yolo3-15 1 56.834 0.99
yolo3-23 1 56.834 0.99
yolo4-22 1 56.834 0.99
yolo5-22 0.25 18.509 0.64
yolo6-19 0 3.362 0
yolo7-18 0.5499999999999999 35.119879999999995 0.88
yolo7-19 0.5499999999999999 35.119879999999995 0.88
yolo8-14 1 56.834 0.99
yolo8-19 1 56.834 0.99
audio10-edge-15 0.4 0.0527 0.25
audio10-edge-17 0.4 0.0527 0.25
audio2-edge-16 0.4 0.0527 0.25
yolo1-edge-16 0.39999999999999997 16.563519999999997 0.685
yolo5-edge-17 0.25 11.6235625 0.64
yolo9-edge-18 1 33.397 0.99
yolo9-edge-20 1 33.397 0.99
Sum of bandwidth: 5165.583082500001
Sum of weights: 14.368000000000002
Average accuracy: 0.6507896018930956
time: 0.014854669570922852
**time: 24
========Allocate Done=============
audio1-22 0.4 276.05100000000004 0.25
audio10-22 0.4 276.05100000000004 0.25
audio11-18 0.4 276.05100000000004 0.25
audio11-20 0.4 276.05100000000004 0.25
audio12-18 0.4 276.05100000000004 0.25
audio12-19 0.4 276.05100000000004 0.25
audio2-22 0.4 276.05100000000004 0.25
audio3-20 0.4 276.05100000000004 0.25
audio4-21 0.4 276.05100000000004 0.25
audio5-24 0.4 276.05100000000004 0.25
audio6-21 0.4 276.05100000000004 0.25
audio7-13 0.4 276.05100000000004 0.25
audio7-21 0.4 276.05100000000004 0.25
audio8-22 0.4 276.05100000000004 0.25
audio9-21 0.4 276.05100000000004 0.25
yolo1-23 1 56.834 0.99
yolo10-12 1 56.834 0.99
yolo10-18 1 56.834 0.99
yolo10-19 1 56.834 0.99
yolo11-16 1 56.834 0.99
yolo11-23 0.9873833733379648 56.277559999999134 0.99
yolo12-20 0.9500000000000003 54.611080000000015 0.99
yolo12-24 0.9500000000000003 54.611080000000015 0.99
yolo2-14 0.15000000000000002 12.59252 0.525
yolo2-18 0.15000000000000002 12.59252 0.525
yolo2-22 0.15000000000000002 12.59252 0.525
yolo3-15 1 56.834 0.99
yolo3-23 1 56.834 0.99
yolo4-22 1 56.834 0.99
yolo5-22 0.6 37.722319999999996 0.88
yolo6-19 0 3.362 0
yolo7-18 1 56.834 0.99
yolo7-19 1 56.834 0.99
yolo8-14 1 56.834 0.99
yolo8-19 1 56.834 0.99
audio10-edge-15 0.4 0.0527 0.25
audio2-edge-16 0.4 0.0527 0.25
yolo1-edge-16 0.9500000000000003 32.1730425 0.99
yolo5-edge-17 0.6 22.694919999999996 0.88
yolo9-edge-18 1 33.397 0.99
yolo9-edge-20 1 33.397 0.99
Sum of bandwidth: 5188.901962499996
Sum of weights: 14.165
Average accuracy: 0.6893070949523473
time: 0.033334970474243164
**time: 25
========Allocate Done=============
audio1-22 0.4 276.05100000000004 0.25
audio10-22 0.4 276.05100000000004 0.25
audio11-18 0.4 276.05100000000004 0.25
audio11-20 0.4 276.05100000000004 0.25
audio12-18 0.4 276.05100000000004 0.25
audio2-22 0.4 276.05100000000004 0.25
audio3-20 0.4 276.05100000000004 0.25
audio5-24 0.4 276.05100000000004 0.25
audio6-21 0.4 276.05100000000004 0.25
audio7-21 1 688.611 0.9
audio8-22 0.9918529959278641 683.0091199999994 0.9
audio9-21 0.4 276.05100000000004 0.25
yolo1-23 1 56.834 0.99
yolo10-18 1 56.834 0.99
yolo10-19 1 56.834 0.99
yolo11-16 1 56.834 0.99
yolo11-23 1 56.834 0.99
yolo12-20 1 56.834 0.99
yolo12-24 1 56.834 0.99
yolo2-14 1 56.834 0.99
yolo2-18 1 56.834 0.99
yolo3-23 1 56.834 0.99
yolo4-22 1 56.834 0.99
yolo5-22 1 56.834 0.99
yolo6-19 0.2 15.574480000000001 0.525
yolo7-18 1 56.834 0.99
yolo7-19 1 56.834 0.99
yolo8-14 1 56.834 0.99
yolo8-19 1 56.834 0.99
audio10-edge-15 0.4 0.0527 0.25
audio2-edge-16 0.4 0.0527 0.25
yolo9-edge-18 1 33.397 0.99
Sum of bandwidth: 5090.550999999997
Sum of weights: 10.49
Average accuracy: 0.8062874165872259
time: 0.013958930969238281
