num: 50 running time:25 bandwidth:5000
**time: 0
========Allocate Done=============
audio4-0 1 688.611 0.9
audio6-0 1 688.611 0.9
audio9-0 1 688.611 0.9
yolo10-0 1 56.834 0.99
yolo2-0 1 56.834 0.99
yolo3-0 1 56.834 0.99
yolo9-0 1 56.834 0.99
Sum of bandwidth: 2293.1689999999994
Sum of weights: 3.7219999999999995
Average accuracy: 0.9394626544868351
time: 0.0012390613555908203
**time: 1
========Allocate Done=============
audio4-0 1 688.611 0.9
audio4-1 1 688.611 0.9
audio6-0 1 688.611 0.9
audio6-1 1 688.611 0.9
audio8-1 1 688.611 0.9
audio9-0 1 688.611 0.9
yolo10-0 1 56.834 0.99
yolo10-1 1 56.834 0.99
yolo2-0 1 56.834 0.99
yolo3-0 1 56.834 0.99
yolo9-0 1 56.834 0.99
yolo9-1 1 56.834 0.99
Sum of bandwidth: 4472.669999999999
Sum of weights: 6.376
Average accuracy: 0.9387186323713925
time: 0.25583744049072266
**time: 2
========Allocate Done=============
audio11-2 1 688.611 0.9
audio12-2 1 688.611 0.9
audio4-0 1 688.611 0.9
audio4-1 0.7600116346713218 523.5950000000008 0.42
audio6-1 0.4 276.05100000000004 0.25
audio8-1 0.4 276.05100000000004 0.25
audio9-0 1 688.611 0.9
audio9-2 1 688.611 0.9
yolo10-0 1 56.834 0.99
yolo10-1 1 56.834 0.99
yolo11-2 1 56.834 0.99
yolo2-0 1 56.834 0.99
yolo3-0 1 56.834 0.99
yolo7-2 1 56.834 0.99
yolo8-2 1 56.834 0.99
yolo9-0 1 56.834 0.99
yolo9-1 1 56.834 0.99
Sum of bandwidth: 5030.257999999999
Sum of weights: 10.895999999999999
Average accuracy: 0.8585425844346551
time: 0.17600059509277344
**time: 3
========Allocate Done=============
audio11-2 1 688.611 0.9
audio12-2 1 688.611 0.9
audio12-3 1 688.611 0.9
audio4-0 0.4 276.05100000000004 0.25
audio4-1 0.4 276.05100000000004 0.25
audio4-3 0.4 276.05100000000004 0.25
audio5-3 0.4 276.05100000000004 0.25
audio6-1 0.4 276.05100000000004 0.25
audio8-1 0.4 276.05100000000004 0.25
audio9-0 0.55 379.1910000000001 0.31
audio9-2 0.5278344968004648 363.94999999999965 0.3
yolo10-0 1 56.834 0.99
yolo10-1 1 56.834 0.99
yolo11-2 1 56.834 0.99
yolo2-0 1 56.834 0.99
yolo2-3 1 56.834 0.99
yolo3-0 1 56.834 0.99
yolo7-2 1 56.834 0.99
yolo8-2 1 56.834 0.99
yolo9-0 1 56.834 0.99
yolo9-1 1 56.834 0.99
Sum of bandwidth: 5033.619999999998
Sum of weights: 13.347000000000003
Average accuracy: 0.6920296695886716
time: 0.14879560470581055
**time: 4
========Allocate Done=============
audio1-4 0.6360631180919142 438.3680000000002 0.34
audio11-2 0.55 379.1910000000001 0.31
audio12-2 0.55 379.1910000000001 0.31
audio12-3 0.55 379.1910000000001 0.31
audio4-0 0.4 276.05100000000004 0.25
audio4-1 0.4 276.05100000000004 0.25
audio4-3 0.4 276.05100000000004 0.25
audio5-3 0.4 276.05100000000004 0.25
audio6-1 0.4 276.05100000000004 0.25
audio7-4 0.4 276.05100000000004 0.25
audio8-1 0.4 276.05100000000004 0.25
audio9-0 0.5 344.81100000000004 0.3
audio9-2 0.5 344.81100000000004 0.3
yolo10-0 1 56.834 0.99
yolo10-1 1 56.834 0.99
yolo11-2 1 56.834 0.99
yolo12-4 1 56.834 0.99
yolo2-0 1 56.834 0.99
yolo2-3 1 56.834 0.99
yolo3-0 1 56.834 0.99
yolo3-4 1 56.834 0.99
yolo4-4 1 56.834 0.99
yolo6-4 1 56.834 0.99
yolo7-2 1 56.834 0.99
yolo7-4 1 56.834 0.99
yolo8-2 1 56.834 0.99
yolo9-0 1 56.834 0.99
yolo9-1 1 56.834 0.99
Sum of bandwidth: 5050.429999999998
Sum of weights: 16.894000000000005
Average accuracy: 0.6110240322007812
time: 0.04075169563293457
**time: 5
========Allocate Done=============
audio1-4 0.4790605002908668 330.413 0.27
audio11-2 0.45 310.43100000000004 0.27
audio12-2 0.45 310.43100000000004 0.27
audio12-3 0.45 310.43100000000004 0.27
audio3-5 0.4 276.05100000000004 0.25
audio4-0 0.4 276.05100000000004 0.25
audio4-1 0.4 276.05100000000004 0.25
audio4-3 0.4 276.05100000000004 0.25
audio5-3 0.4 276.05100000000004 0.25
audio6-1 0.4 276.05100000000004 0.25
audio7-4 0.4 276.05100000000004 0.25
audio8-1 0.4 276.05100000000004 0.25
audio9-0 0.45 310.43100000000004 0.27
audio9-2 0.45 310.43100000000004 0.27
yolo10-0 1 56.834 0.99
yolo10-1 1 56.834 0.99
yolo11-2 1 56.834 0.99
yolo12-4 1 56.834 0.99
yolo12-5 1 56.834 0.99
yolo2-0 1 56.834 0.99
yolo2-3 1 56.834 0.99
yolo3-0 1 56.834 0.99
yolo3-4 1 56.834 0.99
yolo4-4 1 56.834 0.99
yolo6-4 1 56.834 0.99
yolo6-5 1 56.834 0.99
yolo7-2 1 56.834 0.99
yolo7-4 1 56.834 0.99
yolo8-2 1 56.834 0.99
yolo9-0 1 56.834 0.99
yolo9-1 1 56.834 0.99
Sum of bandwidth: 5057.153999999997
Sum of weights: 18.790000000000006
Average accuracy: 0.6068738690792973
time: 0.3454439640045166
**time: 6
========Allocate Done=============
audio1-4 0.4 276.05100000000004 0.25
audio1-6 0.4 276.05100000000004 0.25
audio11-2 0.4 276.05100000000004 0.25
audio11-6 0.4 276.05100000000004 0.25
audio12-2 0.4 276.05100000000004 0.25
audio12-3 0.4 276.05100000000004 0.25
audio3-5 0.4 276.05100000000004 0.25
audio3-6 0.4 276.05100000000004 0.25
audio4-0 0.4 276.05100000000004 0.25
audio4-1 0.4 276.05100000000004 0.25
audio4-3 0.4 276.05100000000004 0.25
audio5-3 0.4 276.05100000000004 0.25
audio6-1 0.4 276.05100000000004 0.25
audio6-6 0.4 276.05100000000004 0.25
audio7-4 0.2892986620127973 199.93275999999943 0.2
audio7-6 0 1.011 0
audio8-1 0.4 276.05100000000004 0.25
audio9-0 0.4 276.05100000000004 0.25
audio9-2 0.4 276.05100000000004 0.25
yolo10-0 0.05 6.486280000000001 0.525
yolo10-1 0.05 6.486280000000001 0.525
yolo11-2 0.05 6.486280000000001 0.525
yolo11-6 0.05 6.486280000000001 0.525
yolo12-4 0.05 6.486280000000001 0.525
yolo12-5 0.05 6.486280000000001 0.525
yolo12-6 0.05 6.486280000000001 0.525
yolo2-0 0.05 6.486280000000001 0.525
yolo2-3 0.05 6.486280000000001 0.525
yolo3-0 0 3.362 0
yolo3-4 0 3.362 0
yolo3-6 0 3.362 0
yolo4-4 0.05 6.486280000000001 0.525
yolo4-6 0.05 6.486280000000001 0.525
yolo6-4 0.15000000000000002 12.59252 0.525
yolo6-5 0.15000000000000002 12.59252 0.525
yolo7-2 0.15000000000000002 12.59252 0.525
yolo7-4 0.15000000000000002 12.59252 0.525
yolo8-2 0.15000000000000002 12.59252 0.525
yolo9-0 0.15000000000000002 12.59252 0.525
yolo9-1 0.15000000000000002 12.59252 0.525
yolo9-6 0.15000000000000002 12.59252 0.525
Sum of bandwidth: 5075.986000000002
Sum of weights: 23.928000000000008
Average accuracy: 0.3686434302908725
time: 0.7888789176940918
**time: 7
========Allocate Done=============
audio1-4 0.4 276.05100000000004 0.25
audio1-6 0.4 276.05100000000004 0.25
audio10-7 0.4 276.05100000000004 0.25
audio11-6 0.4 276.05100000000004 0.25
audio12-3 0.4 276.05100000000004 0.25
audio3-5 0.4 276.05100000000004 0.25
audio3-6 0.4 276.05100000000004 0.25
audio4-0 0.4 276.05100000000004 0.25
audio4-1 0.4 276.05100000000004 0.25
audio4-3 0.4 276.05100000000004 0.25
audio5-3 0.4 276.05100000000004 0.25
audio6-1 0.4 276.05100000000004 0.25
audio6-6 0.4 276.05100000000004 0.25
audio7-4 0.2713306573589287 187.57795999999936 0.2
audio7-6 0 1.011 0
audio8-1 0.4 276.05100000000004 0.25
audio8-7 0.4 276.05100000000004 0.25
audio9-0 0.4 276.05100000000004 0.25
audio9-2 0.4 276.05100000000004 0.25
yolo10-0 0.05 6.486280000000001 0.525
yolo10-1 0.05 6.486280000000001 0.525
yolo11-2 0.05 6.486280000000001 0.525
yolo11-6 0.05 6.486280000000001 0.525
yolo11-7 0.05 6.486280000000001 0.525
yolo12-4 0.05 6.486280000000001 0.525
yolo12-5 0.05 6.486280000000001 0.525
yolo12-6 0.05 6.486280000000001 0.525
yolo2-0 0.05 6.486280000000001 0.525
yolo2-3 0.05 6.486280000000001 0.525
yolo3-0 0 3.362 0
yolo3-4 0 3.362 0
yolo3-6 0 3.362 0
yolo3-7 0 3.362 0
yolo4-4 0.05 6.486280000000001 0.525
yolo4-6 0.05 6.486280000000001 0.525
yolo6-4 0.15000000000000002 12.59252 0.525
yolo6-5 0.15000000000000002 12.59252 0.525
yolo7-2 0.15000000000000002 12.59252 0.525
yolo7-4 0.15000000000000002 12.59252 0.525
yolo8-2 0.15000000000000002 12.59252 0.525
yolo9-0 0.15000000000000002 12.59252 0.525
yolo9-1 0.15000000000000002 12.59252 0.525
yolo9-6 0.15000000000000002 12.59252 0.525
yolo9-7 0.15000000000000002 12.59252 0.525
Sum of bandwidth: 5086.072000000002
Sum of weights: 24.53600000000001
Average accuracy: 0.3774117623084446
time: 0.07481002807617188
**time: 8
========Allocate Done=============
audio1-4 0.4 276.05100000000004 0.25
audio1-6 0.4 276.05100000000004 0.25
audio10-7 0.4 276.05100000000004 0.25
audio11-6 0.4 276.05100000000004 0.25
audio12-3 0.4 276.05100000000004 0.25
audio12-8 0.4 276.05100000000004 0.25
audio2-8 0.4 276.05100000000004 0.25
audio3-5 0.4 276.05100000000004 0.25
audio3-6 0.4 276.05100000000004 0.25
audio4-0 0.4 276.05100000000004 0.25
audio4-1 0.4 276.05100000000004 0.25
audio4-3 0.4 276.05100000000004 0.25
audio5-3 0.04520360674810853 32.09299999999943 0.2
audio6-1 0.4 276.05100000000004 0.25
audio6-6 0.4 276.05100000000004 0.25
audio6-8 0.4 276.05100000000004 0.25
audio7-4 0 1.011 0
audio7-6 0 1.011 0
audio8-7 0.4 276.05100000000004 0.25
audio9-0 0.4 276.05100000000004 0.25
audio9-2 0.4 276.05100000000004 0.25
yolo1-8 0 3.362 0
yolo10-0 0 3.362 0
yolo10-1 0 3.362 0
yolo11-2 0 3.362 0
yolo11-6 0 3.362 0
yolo11-7 0 3.362 0
yolo12-4 0 3.362 0
yolo12-5 0 3.362 0
yolo12-6 0 3.362 0
yolo2-0 0 3.362 0
yolo2-3 0 3.362 0
yolo2-8 0 3.362 0
yolo3-0 0 3.362 0
yolo3-4 0 3.362 0
yolo3-6 0 3.362 0
yolo3-7 0 3.362 0
yolo4-4 0 3.362 0
yolo4-6 0 3.362 0
yolo4-8 0 3.362 0
yolo5-8 0 3.362 0
yolo6-4 0 3.362 0
yolo6-5 0 3.362 0
yolo7-2 0 3.362 0
yolo7-4 0 3.362 0
yolo7-8 0 3.362 0
yolo9-0 0 3.362 0
yolo9-1 0 3.362 0
yolo9-6 0 3.362 0
yolo9-7 0 3.362 0
Sum of bandwidth: 5100.531000000004
Sum of weights: 28.23100000000001
Average accuracy: 0.12280471821756221
time: 0.27697062492370605
**time: 9
========Allocate Done=============
audio1-4 0.4 276.05100000000004 0.25
audio1-6 0.4 276.05100000000004 0.25
audio1-9 0.4 276.05100000000004 0.25
audio10-7 0.4 276.05100000000004 0.25
audio11-6 0.4 276.05100000000004 0.25
audio11-9 0.4 276.05100000000004 0.25
audio12-3 0.4 276.05100000000004 0.25
audio12-8 0.4 276.05100000000004 0.25
audio2-8 0.4 276.05100000000004 0.25
audio3-5 0.4 276.05100000000004 0.25
audio4-0 0.4 276.05100000000004 0.25
audio4-1 0.4 276.05100000000004 0.25
audio4-3 0.4 276.05100000000004 0.25
audio5-3 0 1.011 0
audio5-9 0 1.011 0
audio6-1 0.4 276.05100000000004 0.25
audio6-8 0.4 276.05100000000004 0.25
audio7-4 0 1.011 0
audio7-6 0 1.011 0
audio8-7 0.4 276.05100000000004 0.25
audio8-9 0.04520360674810853 32.09299999999943 0.2
audio9-0 0.4 276.05100000000004 0.25
audio9-2 0.4 276.05100000000004 0.25
yolo1-8 0 3.362 0
yolo10-0 0 3.362 0
yolo10-1 0 3.362 0
yolo11-2 0 3.362 0
yolo11-6 0 3.362 0
yolo11-7 0 3.362 0
yolo11-9 0 3.362 0
yolo12-4 0 3.362 0
yolo12-5 0 3.362 0
yolo12-6 0 3.362 0
yolo2-0 0 3.362 0
yolo2-3 0 3.362 0
yolo2-8 0 3.362 0
yolo3-0 0 3.362 0
yolo3-4 0 3.362 0
yolo3-6 0 3.362 0
yolo3-7 0 3.362 0
yolo4-4 0 3.362 0
yolo4-6 0 3.362 0
yolo4-8 0 3.362 0
yolo5-8 0 3.362 0
yolo5-9 0 3.362 0
yolo6-4 0 3.362 0
yolo6-5 0 3.362 0
yolo6-9 0 3.362 0
yolo7-2 0 3.362 0
yolo7-4 0 3.362 0
yolo7-8 0 3.362 0
yolo8-9 0 3.362 0
yolo9-0 0 3.362 0
yolo9-1 0 3.362 0
yolo9-6 0 3.362 0
yolo9-7 0 3.362 0
Sum of bandwidth: 5116.001000000004
Sum of weights: 32.671000000000014
Average accuracy: 0.11230908144837926
time: 0.7916200160980225
**time: 10
========Allocate Done=============
audio1-4 0.4 276.05100000000004 0.25
audio1-6 0.4 276.05100000000004 0.25
audio1-9 0.4 276.05100000000004 0.25
audio10-7 0.4 276.05100000000004 0.25
audio11-6 0.4 276.05100000000004 0.25
audio11-9 0.4 276.05100000000004 0.25
audio12-3 0.4 276.05100000000004 0.25
audio12-8 0.4 276.05100000000004 0.25
audio2-8 0.4 276.05100000000004 0.25
audio3-10 0.4 276.05100000000004 0.25
audio3-5 0.4 276.05100000000004 0.25
audio4-0 0.4 276.05100000000004 0.25
audio4-1 0.4 276.05100000000004 0.25
audio4-3 0.4 276.05100000000004 0.25
audio5-3 0 1.011 0
audio5-9 0 1.011 0
audio6-1 0.4 276.05100000000004 0.25
audio6-8 0.4 276.05100000000004 0.25
audio7-4 0 1.011 0
audio7-6 0 1.011 0
audio8-7 0.04520360674810853 32.09299999999943 0.2
audio8-9 0 1.011 0
audio9-10 0.4 276.05100000000004 0.25
audio9-2 0.4 276.05100000000004 0.25
yolo1-8 0 3.362 0
yolo10-0 0 3.362 0
yolo10-1 0 3.362 0
yolo11-2 0 3.362 0
yolo11-6 0 3.362 0
yolo11-7 0 3.362 0
yolo11-9 0 3.362 0
yolo12-4 0 3.362 0
yolo12-5 0 3.362 0
yolo12-6 0 3.362 0
yolo2-0 0 3.362 0
yolo2-8 0 3.362 0
yolo3-0 0 3.362 0
yolo3-10 0 3.362 0
yolo3-4 0 3.362 0
yolo3-6 0 3.362 0
yolo3-7 0 3.362 0
yolo4-4 0 3.362 0
yolo4-6 0 3.362 0
yolo4-8 0 3.362 0
yolo5-8 0 3.362 0
yolo5-9 0 3.362 0
yolo6-4 0 3.362 0
yolo6-5 0 3.362 0
yolo6-9 0 3.362 0
yolo7-2 0 3.362 0
yolo7-4 0 3.362 0
yolo7-8 0 3.362 0
yolo8-9 0 3.362 0
yolo9-0 0 3.362 0
yolo9-1 0 3.362 0
yolo9-10 0 3.362 0
yolo9-6 0 3.362 0
yolo9-7 0 3.362 0
Sum of bandwidth: 5120.374000000004
Sum of weights: 33.82400000000003
Average accuracy: 0.11106019394512764
time: 0.27762722969055176
**time: 11
========Allocate Done=============
audio1-4 0.4 276.05100000000004 0.25
audio1-6 0.4 276.05100000000004 0.25
audio1-9 0.4 276.05100000000004 0.25
audio10-7 0.4 276.05100000000004 0.25
audio11-6 0.4 276.05100000000004 0.25
audio11-9 0.4 276.05100000000004 0.25
audio12-3 0.4 276.05100000000004 0.25
audio12-8 0.4 276.05100000000004 0.25
audio2-11 0.4 276.05100000000004 0.25
audio2-8 0.4 276.05100000000004 0.25
audio3-10 0.4 276.05100000000004 0.25
audio3-11 0.4 276.05100000000004 0.25
audio3-5 0.4 276.05100000000004 0.25
audio4-3 0.4 276.05100000000004 0.25
audio5-3 0 1.011 0
audio5-9 0 1.011 0
audio6-1 0.4 276.05100000000004 0.25
audio6-8 0.4 276.05100000000004 0.25
audio7-4 0 1.011 0
audio7-6 0 1.011 0
audio8-7 0.04520360674810853 32.09299999999943 0.2
audio8-9 0 1.011 0
audio9-10 0.4 276.05100000000004 0.25
audio9-2 0.4 276.05100000000004 0.25
yolo1-11 0 3.362 0
yolo1-8 0 3.362 0
yolo10-0 0 3.362 0
yolo10-1 0 3.362 0
yolo11-11 0 3.362 0
yolo11-2 0 3.362 0
yolo11-6 0 3.362 0
yolo11-7 0 3.362 0
yolo11-9 0 3.362 0
yolo12-4 0 3.362 0
yolo12-5 0 3.362 0
yolo12-6 0 3.362 0
yolo2-0 0 3.362 0
yolo2-8 0 3.362 0
yolo3-0 0 3.362 0
yolo3-10 0 3.362 0
yolo3-4 0 3.362 0
yolo3-6 0 3.362 0
yolo3-7 0 3.362 0
yolo4-4 0 3.362 0
yolo4-6 0 3.362 0
yolo4-8 0 3.362 0
yolo5-11 0 3.362 0
yolo5-8 0 3.362 0
yolo5-9 0 3.362 0
yolo6-4 0 3.362 0
yolo6-5 0 3.362 0
yolo6-9 0 3.362 0
yolo7-2 0 3.362 0
yolo7-4 0 3.362 0
yolo7-8 0 3.362 0
yolo8-9 0 3.362 0
yolo9-0 0 3.362 0
yolo9-1 0 3.362 0
yolo9-10 0 3.362 0
yolo9-6 0 3.362 0
yolo9-7 0 3.362 0
Sum of bandwidth: 5130.460000000005
Sum of weights: 35.31900000000003
Average accuracy: 0.10553809564257191
time: 0.5378844738006592
**time: 12
========Allocate Done=============
audio1-4 0.4 276.05100000000004 0.25
audio1-6 0.4 276.05100000000004 0.25
audio1-9 0.4 276.05100000000004 0.25
audio10-7 0.4 276.05100000000004 0.25
audio11-12 0.4 276.05100000000004 0.25
audio11-6 0.4 276.05100000000004 0.25
audio11-9 0.4 276.05100000000004 0.25
audio12-3 0.4 276.05100000000004 0.25
audio12-8 0.4 276.05100000000004 0.25
audio2-11 0.4 276.05100000000004 0.25
audio2-8 0.4 276.05100000000004 0.25
audio3-10 0.4 276.05100000000004 0.25
audio3-11 0.4 276.05100000000004 0.25
audio3-5 0.4 276.05100000000004 0.25
audio4-3 0.4 276.05100000000004 0.25
audio5-3 0 1.011 0
audio5-9 0 1.011 0
audio6-1 0.4 276.05100000000004 0.25
audio6-8 0.04520360674810853 32.09299999999943 0.2
audio7-12 0 1.011 0
audio7-4 0 1.011 0
audio7-6 0 1.011 0
audio8-7 0 1.011 0
audio8-9 0 1.011 0
audio9-10 0.4 276.05100000000004 0.25
audio9-2 0.4 276.05100000000004 0.25
yolo1-11 0 3.362 0
yolo1-8 0 3.362 0
yolo10-0 0 3.362 0
yolo10-1 0 3.362 0
yolo11-11 0 3.362 0
yolo11-2 0 3.362 0
yolo11-6 0 3.362 0
yolo11-7 0 3.362 0
yolo11-9 0 3.362 0
yolo12-12 0 3.362 0
yolo12-4 0 3.362 0
yolo12-5 0 3.362 0
yolo12-6 0 3.362 0
yolo2-0 0 3.362 0
yolo2-12 0 3.362 0
yolo2-8 0 3.362 0
yolo3-0 0 3.362 0
yolo3-10 0 3.362 0
yolo3-4 0 3.362 0
yolo3-6 0 3.362 0
yolo3-7 0 3.362 0
yolo4-4 0 3.362 0
yolo4-6 0 3.362 0
yolo4-8 0 3.362 0
yolo5-11 0 3.362 0
yolo5-8 0 3.362 0
yolo5-9 0 3.362 0
yolo6-4 0 3.362 0
yolo6-5 0 3.362 0
yolo6-9 0 3.362 0
yolo7-2 0 3.362 0
yolo7-4 0 3.362 0
yolo7-8 0 3.362 0
yolo8-9 0 3.362 0
yolo9-0 0 3.362 0
yolo9-1 0 3.362 0
yolo9-10 0 3.362 0
yolo9-6 0 3.362 0
yolo9-7 0 3.362 0
Sum of bandwidth: 5139.2060000000065
Sum of weights: 37.14800000000003
Average accuracy: 0.10415365564767946
time: 0.0027735233306884766
**time: 13
========Allocate Done=============
audio1-13 0.4 276.05100000000004 0.25
audio1-4 0.4 276.05100000000004 0.25
audio1-6 0.4 276.05100000000004 0.25
audio1-9 0.4 276.05100000000004 0.25
audio10-13 0.4 276.05100000000004 0.25
audio10-7 0.4 276.05100000000004 0.25
audio11-12 0.4 276.05100000000004 0.25
audio11-6 0.4 276.05100000000004 0.25
audio11-9 0.4 276.05100000000004 0.25
audio12-3 0.4 276.05100000000004 0.25
audio12-8 0.4 276.05100000000004 0.25
audio2-11 0.04520360674810853 32.09299999999943 0.2
audio2-8 0 1.011 0
audio3-10 0.4 276.05100000000004 0.25
audio3-11 0.4 276.05100000000004 0.25
audio3-5 0.4 276.05100000000004 0.25
audio4-3 0.4 276.05100000000004 0.25
audio5-13 0 1.011 0
audio5-3 0 1.011 0
audio5-9 0 1.011 0
audio6-1 0 1.011 0
audio6-13 0 1.011 0
audio6-8 0 1.011 0
audio7-12 0 1.011 0
audio7-6 0 1.011 0
audio8-13 0 1.011 0
audio8-7 0 1.011 0
audio8-9 0 1.011 0
audio9-10 0.4 276.05100000000004 0.25
audio9-13 0.4 276.05100000000004 0.25
audio9-2 0.4 276.05100000000004 0.25
yolo1-11 0 3.362 0
yolo1-8 0 3.362 0
yolo10-0 0 3.362 0
yolo10-1 0 3.362 0
yolo11-11 0 3.362 0
yolo11-2 0 3.362 0
yolo11-6 0 3.362 0
yolo11-7 0 3.362 0
yolo11-9 0 3.362 0
yolo12-12 0 3.362 0
yolo12-4 0 3.362 0
yolo12-5 0 3.362 0
yolo12-6 0 3.362 0
yolo2-0 0 3.362 0
yolo2-12 0 3.362 0
yolo2-8 0 3.362 0
yolo3-0 0 3.362 0
yolo3-10 0 3.362 0
yolo3-13 0 3.362 0
yolo3-4 0 3.362 0
yolo3-6 0 3.362 0
yolo3-7 0 3.362 0
yolo4-4 0 3.362 0
yolo4-6 0 3.362 0
yolo4-8 0 3.362 0
yolo5-11 0 3.362 0
yolo5-8 0 3.362 0
yolo5-9 0 3.362 0
yolo6-4 0 3.362 0
yolo6-5 0 3.362 0
yolo6-9 0 3.362 0
yolo7-13 0 3.362 0
yolo7-2 0 3.362 0
yolo7-4 0 3.362 0
yolo7-8 0 3.362 0
yolo8-13 0 3.362 0
yolo8-9 0 3.362 0
yolo9-0 0 3.362 0
yolo9-1 0 3.362 0
yolo9-10 0 3.362 0
yolo9-7 0 3.362 0
Sum of bandwidth: 5150.985000000008
Sum of weights: 42.18500000000002
Average accuracy: 0.1003852080123266
time: 0.9240248203277588
**time: 14
========Allocate Done=============
audio1-13 0.4 276.05100000000004 0.25
audio1-14 0.4 276.05100000000004 0.25
audio1-4 0.4 276.05100000000004 0.25
audio1-6 0.4 276.05100000000004 0.25
audio1-9 0.4 276.05100000000004 0.25
audio10-13 0.4 276.05100000000004 0.25
audio10-7 0.4 276.05100000000004 0.25
audio11-12 0.4 276.05100000000004 0.25
audio11-6 0.4 276.05100000000004 0.25
audio11-9 0.4 276.05100000000004 0.25
audio12-14 0.4 276.05100000000004 0.25
audio12-3 0.4 276.05100000000004 0.25
audio12-8 0.4 276.05100000000004 0.25
audio2-11 0 1.011 0
audio2-8 0 1.011 0
audio3-10 0.4 276.05100000000004 0.25
audio3-11 0.045126963350784234 32.04029999999924 0.2
audio3-5 0 1.011 0
audio5-13 0 1.011 0
audio5-3 0 1.011 0
audio5-9 0 1.011 0
audio6-1 0 1.011 0
audio6-13 0 1.011 0
audio6-8 0 1.011 0
audio7-12 0 1.011 0
audio7-6 0 1.011 0
audio8-13 0 1.011 0
audio8-14 0 1.011 0
audio8-7 0 1.011 0
audio8-9 0 1.011 0
audio9-10 0.4 276.05100000000004 0.25
audio9-13 0.4 276.05100000000004 0.25
audio9-14 0.4 276.05100000000004 0.25
audio9-2 0.4 276.05100000000004 0.25
yolo1-11 0 3.362 0
yolo1-14 0 3.362 0
yolo1-8 0 3.362 0
yolo10-0 0 3.362 0
yolo10-1 0 3.362 0
yolo11-11 0 3.362 0
yolo11-2 0 3.362 0
yolo11-6 0 3.362 0
yolo11-7 0 3.362 0
yolo11-9 0 3.362 0
yolo12-12 0 3.362 0
yolo12-4 0 3.362 0
yolo12-5 0 3.362 0
yolo12-6 0 3.362 0
yolo2-0 0 3.362 0
yolo2-12 0 3.362 0
yolo2-8 0 3.362 0
yolo3-0 0 3.362 0
yolo3-10 0 3.362 0
yolo3-13 0 3.362 0
yolo3-4 0 3.362 0
yolo3-6 0 3.362 0
yolo3-7 0 3.362 0
yolo4-6 0 3.362 0
yolo4-8 0 3.362 0
yolo5-11 0 3.362 0
yolo5-8 0 3.362 0
yolo5-9 0 3.362 0
yolo6-4 0 3.362 0
yolo6-5 0 3.362 0
yolo6-9 0 3.362 0
yolo7-13 0 3.362 0
yolo7-14 0 3.362 0
yolo7-2 0 3.362 0
yolo7-4 0 3.362 0
yolo7-8 0 3.362 0
yolo8-13 0 3.362 0
yolo8-9 0 3.362 0
yolo9-0 0 3.362 0
yolo9-1 0 3.362 0
yolo9-10 0 3.362 0
yolo9-7 0 3.362 0
audio1-edge-6 0.4 0.0527 0.25
audio8-edge-7 0 0.0527 0
audio8-edge-9 0 0.0527 0
Sum of bandwidth: 5157.485400000003
Sum of weights: 47.375000000000014
Average accuracy: 0.09920949868073872
time: 0.003369569778442383
**time: 15
========Allocate Done=============
audio1-13 0.4 276.05100000000004 0.25
audio1-14 0.4 276.05100000000004 0.25
audio1-15 0.4 276.05100000000004 0.25
audio1-4 0.4 276.05100000000004 0.25
audio1-6 0.4 276.05100000000004 0.25
audio1-9 0.4 276.05100000000004 0.25
audio10-13 0.4 276.05100000000004 0.25
audio10-15 0.4 276.05100000000004 0.25
audio10-7 0.4 276.05100000000004 0.25
audio11-12 0.4 276.05100000000004 0.25
audio11-6 0.4 276.05100000000004 0.25
audio11-9 0.4 276.05100000000004 0.25
audio12-14 0.4 276.05100000000004 0.25
audio12-3 0.4 276.05100000000004 0.25
audio12-8 0.4 276.05100000000004 0.25
audio2-11 0 1.011 0
audio2-8 0 1.011 0
audio3-10 0 1.011 0
audio3-11 0 1.011 0
audio3-5 0 1.011 0
audio5-13 0 1.011 0
audio5-3 0 1.011 0
audio5-9 0 1.011 0
audio6-1 0 1.011 0
audio6-13 0 1.011 0
audio6-15 0 1.011 0
audio6-8 0 1.011 0
audio7-12 0 1.011 0
audio7-15 0 1.011 0
audio7-6 0 1.011 0
audio8-13 0 1.011 0
audio8-14 0 1.011 0
audio8-7 0 1.011 0
audio8-9 0 1.011 0
audio9-10 0.4 276.05100000000004 0.25
audio9-13 0.4 276.05100000000004 0.25
audio9-14 0.4 276.05100000000004 0.25
audio9-2 0.04512696335078457 32.04029999999947 0.2
yolo1-11 0 3.362 0
yolo1-14 0 3.362 0
yolo1-15 0 3.362 0
yolo1-8 0 3.362 0
yolo10-1 0 3.362 0
yolo11-11 0 3.362 0
yolo11-2 0 3.362 0
yolo11-6 0 3.362 0
yolo11-7 0 3.362 0
yolo11-9 0 3.362 0
yolo12-12 0 3.362 0
yolo12-4 0 3.362 0
yolo12-5 0 3.362 0
yolo12-6 0 3.362 0
yolo2-0 0 3.362 0
yolo2-12 0 3.362 0
yolo2-8 0 3.362 0
yolo3-0 0 3.362 0
yolo3-10 0 3.362 0
yolo3-13 0 3.362 0
yolo3-6 0 3.362 0
yolo3-7 0 3.362 0
yolo4-6 0 3.362 0
yolo4-8 0 3.362 0
yolo5-11 0 3.362 0
yolo5-9 0 3.362 0
yolo6-4 0 3.362 0
yolo6-5 0 3.362 0
yolo6-9 0 3.362 0
yolo7-13 0 3.362 0
yolo7-14 0 3.362 0
yolo7-15 0 3.362 0
yolo7-2 0 3.362 0
yolo7-4 0 3.362 0
yolo7-8 0 3.362 0
yolo8-13 0 3.362 0
yolo8-9 0 3.362 0
yolo9-0 0 3.362 0
yolo9-1 0 3.362 0
yolo9-10 0 3.362 0
yolo9-7 0 3.362 0
audio1-edge-6 0.4 0.0527 0.25
audio8-edge-7 0 0.0527 0
audio8-edge-9 0 0.0527 0
Sum of bandwidth: 5158.167400000012
Sum of weights: 49.70600000000001
Average accuracy: 0.09664125055325305
time: 0.003326416015625
**time: 16
========Allocate Done=============
audio1-14 0.4 276.05100000000004 0.25
audio1-15 0.4 276.05100000000004 0.25
audio1-9 0.4 276.05100000000004 0.25
audio10-13 0.4 276.05100000000004 0.25
audio10-15 0.4 276.05100000000004 0.25
audio11-12 0.4 276.05100000000004 0.25
audio11-16 0.4 276.05100000000004 0.25
audio11-6 0.4 276.05100000000004 0.25
audio11-9 0.4 276.05100000000004 0.25
audio12-14 0.4 276.05100000000004 0.25
audio12-8 0.4 276.05100000000004 0.25
audio2-11 0.0450503199534606 31.98759999999951 0.2
audio2-16 0 1.011 0
audio2-8 0 1.011 0
audio3-10 0.4 276.05100000000004 0.25
audio3-11 0.4 276.05100000000004 0.25
audio3-16 0.4 276.05100000000004 0.25
audio5-13 0 1.011 0
audio6-1 0 1.011 0
audio6-15 0 1.011 0
audio7-12 0 1.011 0
audio7-15 0 1.011 0
audio8-13 0 1.011 0
audio8-14 0 1.011 0
audio9-10 0.4 276.05100000000004 0.25
audio9-13 0.4 276.05100000000004 0.25
audio9-14 0.4 276.05100000000004 0.25
audio9-16 0.4 276.05100000000004 0.25
yolo1-15 0 3.362 0
yolo11-11 0 3.362 0
yolo11-7 0 3.362 0
yolo11-9 0 3.362 0
yolo12-12 0 3.362 0
yolo2-12 0 3.362 0
yolo3-10 0 3.362 0
yolo3-13 0 3.362 0
yolo3-6 0 3.362 0
yolo5-9 0 3.362 0
yolo6-4 0 3.362 0
yolo7-13 0 3.362 0
yolo7-14 0 3.362 0
yolo7-15 0 3.362 0
yolo7-8 0 3.362 0
yolo8-13 0 3.362 0
yolo9-10 0 3.362 0
yolo9-16 0 3.362 0
audio1-edge-14 0.4 0.0527 0.25
audio1-edge-6 0.4 0.0527 0.25
audio8-edge-7 0 0.0527 0
audio8-edge-9 0 0.0527 0
Sum of bandwidth: 5070.731400000002
Sum of weights: 33.29
Average accuracy: 0.14375938720336434
time: 0.18802714347839355
**time: 17
========Allocate Done=============
audio1-14 0.4 276.05100000000004 0.25
audio1-15 0.4 276.05100000000004 0.25
audio1-9 0.4 276.05100000000004 0.25
audio10-13 0.4 276.05100000000004 0.25
audio10-15 0.4 276.05100000000004 0.25
audio11-12 0.4 276.05100000000004 0.25
audio11-16 0.4 276.05100000000004 0.25
audio11-6 0.4 276.05100000000004 0.25
audio12-14 0.4 276.05100000000004 0.25
audio12-8 0.4 276.05100000000004 0.25
audio2-11 0.044820389761487375 31.82949999999872 0.2
audio2-16 0 1.011 0
audio2-8 0 1.011 0
audio3-10 0.4 276.05100000000004 0.25
audio3-11 0.4 276.05100000000004 0.25
audio3-16 0.4 276.05100000000004 0.25
audio3-17 0.4 276.05100000000004 0.25
audio5-13 0 1.011 0
audio6-15 0 1.011 0
audio7-12 0 1.011 0
audio7-15 0 1.011 0
audio8-13 0 1.011 0
audio8-14 0 1.011 0
audio9-10 0.4 276.05100000000004 0.25
audio9-13 0.4 276.05100000000004 0.25
audio9-14 0.4 276.05100000000004 0.25
audio9-16 0.4 276.05100000000004 0.25
yolo1-15 0 3.362 0
yolo11-11 0 3.362 0
yolo11-9 0 3.362 0
yolo12-12 0 3.362 0
yolo2-12 0 3.362 0
yolo3-10 0 3.362 0
yolo3-13 0 3.362 0
yolo3-6 0 3.362 0
yolo5-9 0 3.362 0
yolo7-13 0 3.362 0
yolo7-14 0 3.362 0
yolo7-15 0 3.362 0
yolo7-8 0 3.362 0
yolo8-13 0 3.362 0
yolo9-10 0 3.362 0
yolo9-16 0 3.362 0
audio1-edge-14 0.4 0.0527 0.25
audio1-edge-15 0.4 0.0527 0.25
audio12-edge-14 0.4 0.0527 0.25
audio12-edge-8 0.4 0.0527 0.25
audio5-edge-13 0 0.0527 0
audio8-edge-13 0 0.0527 0
audio8-edge-14 0 0.0527 0
audio8-edge-9 0 0.0527 0
audio9-edge-10 0.4 0.0527 0.25
Sum of bandwidth: 5063.101800000002
Sum of weights: 35.099
Average accuracy: 0.15538191971281232
time: 0.029901742935180664
**time: 18
========Allocate Done=============
audio1-14 0.4 276.05100000000004 0.25
audio1-15 0.4 276.05100000000004 0.25
audio1-9 0.4 276.05100000000004 0.25
audio10-13 0.4 276.05100000000004 0.25
audio10-15 0.4 276.05100000000004 0.25
audio11-12 0.4 276.05100000000004 0.25
audio11-16 0.4 276.05100000000004 0.25
audio11-6 0.4 276.05100000000004 0.25
audio12-14 0.4 276.05100000000004 0.25
audio12-8 0.4 276.05100000000004 0.25
audio2-11 0.044820389761487375 31.82949999999872 0.2
audio2-16 0 1.011 0
audio2-8 0 1.011 0
audio3-10 0.4 276.05100000000004 0.25
audio3-11 0.4 276.05100000000004 0.25
audio3-16 0.4 276.05100000000004 0.25
audio3-17 0.4 276.05100000000004 0.25
audio5-13 0 1.011 0
audio6-15 0 1.011 0
audio6-18 0 1.011 0
audio7-12 0 1.011 0
audio7-15 0 1.011 0
audio8-13 0 1.011 0
audio8-14 0 1.011 0
audio9-10 0.4 276.05100000000004 0.25
audio9-13 0.4 276.05100000000004 0.25
audio9-14 0.4 276.05100000000004 0.25
audio9-16 0.4 276.05100000000004 0.25
yolo1-18 0 3.362 0
yolo11-11 0 3.362 0
yolo11-9 0 3.362 0
yolo12-12 0 3.362 0
yolo2-12 0 3.362 0
yolo3-10 0 3.362 0
yolo3-13 0 3.362 0
yolo3-6 0 3.362 0
yolo5-9 0 3.362 0
yolo7-13 0 3.362 0
yolo7-14 0 3.362 0
yolo7-15 0 3.362 0
yolo7-8 0 3.362 0
yolo8-13 0 3.362 0
yolo9-10 0 3.362 0
yolo9-16 0 3.362 0
yolo9-18 0 3.362 0
audio1-edge-14 0.4 0.0527 0.25
audio1-edge-15 0.4 0.0527 0.25
audio12-edge-14 0.4 0.0527 0.25
audio12-edge-8 0.4 0.0527 0.25
audio5-edge-13 0 0.0527 0
audio8-edge-13 0 0.0527 0
audio8-edge-14 0 0.0527 0
audio8-edge-9 0 0.0527 0
audio9-edge-10 0.4 0.0527 0.25
Sum of bandwidth: 5067.474800000003
Sum of weights: 36.326
Average accuracy: 0.15013351318614762
time: 0.05565905570983887
**time: 19
========Allocate Done=============
audio1-19 0.4 276.05100000000004 0.25
audio1-9 0.4 276.05100000000004 0.25
audio10-13 0.4 276.05100000000004 0.25
audio10-15 0.4 276.05100000000004 0.25
audio11-12 0.4 276.05100000000004 0.25
audio11-16 0.4 276.05100000000004 0.25
audio11-19 0.4 276.05100000000004 0.25
audio12-8 0.4 276.05100000000004 0.25
audio2-11 0.4 276.05100000000004 0.25
audio2-16 0.4 276.05100000000004 0.25
audio2-19 0.04489703315881134 31.88219999999868 0.2
audio2-8 0 1.011 0
audio3-10 0.4 276.05100000000004 0.25
audio3-11 0.4 276.05100000000004 0.25
audio3-16 0.4 276.05100000000004 0.25
audio3-17 0.4 276.05100000000004 0.25
audio3-19 0.4 276.05100000000004 0.25
audio5-13 0 1.011 0
audio6-15 0 1.011 0
audio6-18 0 1.011 0
audio7-12 0 1.011 0
audio7-15 0 1.011 0
audio9-10 0.4 276.05100000000004 0.25
audio9-14 0.4 276.05100000000004 0.25
audio9-16 0.4 276.05100000000004 0.25
yolo1-18 0 3.362 0
yolo10-19 0 3.362 0
yolo11-11 0 3.362 0
yolo11-9 0 3.362 0
yolo12-12 0 3.362 0
yolo12-19 0 3.362 0
yolo2-12 0 3.362 0
yolo2-19 0 3.362 0
yolo3-10 0 3.362 0
yolo3-13 0 3.362 0
yolo5-9 0 3.362 0
yolo7-13 0 3.362 0
yolo7-14 0 3.362 0
yolo7-15 0 3.362 0
yolo7-19 0 3.362 0
yolo7-8 0 3.362 0
yolo8-13 0 3.362 0
yolo9-10 0 3.362 0
yolo9-16 0 3.362 0
yolo9-18 0 3.362 0
audio1-edge-14 0.4 0.0527 0.25
audio1-edge-15 0.4 0.0527 0.25
audio12-edge-14 0.4 0.0527 0.25
audio12-edge-8 0.4 0.0527 0.25
audio5-edge-13 0 0.0527 0
audio8-edge-13 0 0.0527 0
audio8-edge-14 0 0.0527 0
Sum of bandwidth: 5074.475100000004
Sum of weights: 34.47100000000001
Average accuracy: 0.14336688810884504
time: 0.010566473007202148
**time: 20
========Allocate Done=============
audio1-19 0.4 276.05100000000004 0.25
audio1-9 0.4 276.05100000000004 0.25
audio10-13 0.4 276.05100000000004 0.25
audio10-15 0.4 276.05100000000004 0.25
audio11-12 0.4 276.05100000000004 0.25
audio11-19 0.4 276.05100000000004 0.25
audio12-20 0.4 276.05100000000004 0.25
audio2-16 0.4 276.05100000000004 0.25
audio2-19 0.4 276.05100000000004 0.25
audio3-10 0.4 276.05100000000004 0.25
audio3-11 0.4 276.05100000000004 0.25
audio3-17 0.4 276.05100000000004 0.25
audio3-19 0.4 276.05100000000004 0.25
audio5-13 0.4 276.05100000000004 0.25
audio6-15 0.4 276.05100000000004 0.25
audio6-18 0.4 276.05100000000004 0.25
audio7-12 0 1.011 0
audio7-15 0 1.011 0
audio8-20 0.4 276.05100000000004 0.25
audio9-16 0.4 276.05100000000004 0.25
yolo1-18 0 3.362 0
yolo10-19 0 3.362 0
yolo11-11 0 3.362 0
yolo12-12 0 3.362 0
yolo12-19 0 3.362 0
yolo2-12 0 3.362 0
yolo2-19 0 3.362 0
yolo3-10 0 3.362 0
yolo3-13 0 3.362 0
yolo4-20 0 3.362 0
yolo6-20 0.05 6.486280000000001 0.525
yolo7-13 0.05 6.486280000000001 0.525
yolo7-14 0.05 6.486280000000001 0.525
yolo7-15 0.05 6.486280000000001 0.525
yolo7-19 0.05 6.486280000000001 0.525
yolo8-13 0.05 6.486280000000001 0.525
yolo8-20 0.05 6.486280000000001 0.525
yolo9-10 0.05 6.486280000000001 0.525
yolo9-16 0.05 6.486280000000001 0.525
yolo9-18 0.0440130184125208 6.114679999998868 0.525
audio1-edge-14 0.4 0.0527 0.25
audio1-edge-15 0.4 0.0527 0.25
audio12-edge-14 0.4 0.0527 0.25
audio5-edge-13 0.4 0.0527 0.25
Sum of bandwidth: 5069.262000000002
Sum of weights: 28.343000000000007
Average accuracy: 0.30267790988956705
time: 0.11011481285095215
**time: 21
========Allocate Done=============
audio1-19 0.4 276.05100000000004 0.25
audio10-13 0.4 276.05100000000004 0.25
audio10-15 0.4 276.05100000000004 0.25
audio11-12 0.4 276.05100000000004 0.25
audio11-19 0.4 276.05100000000004 0.25
audio2-16 0.4 276.05100000000004 0.25
audio2-19 0.4 276.05100000000004 0.25
audio3-10 0.4 276.05100000000004 0.25
audio3-11 0.4 276.05100000000004 0.25
audio3-17 0.4 276.05100000000004 0.25
audio3-19 0.4 276.05100000000004 0.25
audio5-21 0.4 276.05100000000004 0.25
audio6-15 0.4 276.05100000000004 0.25
audio6-18 0.4 276.05100000000004 0.25
audio7-15 0.4 276.05100000000004 0.25
audio8-20 0.4 276.05100000000004 0.25
audio9-21 0.4 276.05100000000004 0.25
yolo1-18 0.1 9.563120000000001 0.525
yolo10-19 0.1 9.563120000000001 0.525
yolo11-21 0.1 9.563120000000001 0.525
yolo12-12 0.1 9.563120000000001 0.525
yolo12-19 0.1 9.563120000000001 0.525
yolo2-12 0.15000000000000002 12.59252 0.525
yolo2-19 0.15000000000000002 12.59252 0.525
yolo3-10 0 3.362 0
yolo3-13 0 3.362 0
yolo3-21 0 3.362 0
yolo4-20 0.15000000000000002 12.59252 0.525
yolo6-20 0.44999999999999996 29.77268 0.82
yolo7-13 0.49999999999999994 32.47 0.82
yolo7-14 0.49999999999999994 32.47 0.82
yolo7-15 0.49999999999999994 32.47 0.82
yolo7-19 0.49999999999999994 32.47 0.82
yolo8-13 0.49999999999999994 32.47 0.82
yolo8-20 0.49297181074157315 32.093719999998335 0.82
yolo9-16 0.39999999999999997 27.027919999999995 0.685
yolo9-18 0.39999999999999997 27.027919999999995 0.685
audio1-edge-14 0.4 0.0527 0.25
audio1-edge-15 0.4 0.0527 0.25
audio1-edge-19 0.4 0.0527 0.25
audio12-edge-14 0.4 0.0527 0.25
audio12-edge-20 0.4 0.0527 0.25
audio5-edge-13 0.4 0.0527 0.25
audio5-edge-20 0.4 0.0527 0.25
audio8-edge-20 0.4 0.0527 0.25
Sum of bandwidth: 5067.240000000002
Sum of weights: 28.296000000000006
Average accuracy: 0.4225166101215719
time: 0.3251628875732422
**time: 22
========Allocate Done=============
audio1-19 0.4 276.05100000000004 0.25
audio10-13 0.4 276.05100000000004 0.25
audio10-15 0.4 276.05100000000004 0.25
audio11-19 0.4 276.05100000000004 0.25
audio12-22 0.4 276.05100000000004 0.25
audio2-16 0.4 276.05100000000004 0.25
audio2-19 0.4 276.05100000000004 0.25
audio3-17 0.4 276.05100000000004 0.25
audio3-19 0.4 276.05100000000004 0.25
audio4-22 0.4 276.05100000000004 0.25
audio5-21 0.4 276.05100000000004 0.25
audio6-15 0.4 276.05100000000004 0.25
audio6-18 0.4 276.05100000000004 0.25
audio7-15 0.4 276.05100000000004 0.25
audio8-20 0.4 276.05100000000004 0.25
audio9-21 0.4 276.05100000000004 0.25
audio9-22 0.4 276.05100000000004 0.25
yolo1-18 0.1 9.563120000000001 0.525
yolo10-19 0.1 9.563120000000001 0.525
yolo11-21 0.1 9.563120000000001 0.525
yolo12-12 0.1 9.563120000000001 0.525
yolo12-19 0.1 9.563120000000001 0.525
yolo2-12 0.15000000000000002 12.59252 0.525
yolo2-19 0.15000000000000002 12.59252 0.525
yolo3-13 0 3.362 0
yolo3-21 0 3.362 0
yolo3-22 0 3.362 0
yolo4-20 0.11326330251275424 10.371339999998451 0.525
yolo6-20 0.39999999999999997 27.027919999999995 0.685
yolo7-13 0.44999999999999996 29.77268 0.82
yolo7-14 0.44999999999999996 29.77268 0.82
yolo7-15 0.44999999999999996 29.77268 0.82
yolo7-19 0.44999999999999996 29.77268 0.82
yolo8-13 0.44999999999999996 29.77268 0.82
yolo8-20 0.44999999999999996 29.77268 0.82
yolo8-22 0.44999999999999996 29.77268 0.82
yolo9-16 0.35 24.23572 0.685
yolo9-18 0.35 24.23572 0.685
audio1-edge-14 0.4 0.0527 0.25
audio1-edge-19 0.4 0.0527 0.25
audio12-edge-14 0.4 0.0527 0.25
audio12-edge-20 0.4 0.0527 0.25
audio5-edge-13 0.4 0.0527 0.25
audio5-edge-20 0.4 0.0527 0.25
audio8-edge-20 0.4 0.0527 0.25
Sum of bandwidth: 5070.601999999999
Sum of weights: 28.323000000000008
Average accuracy: 0.4357548635384669
time: 0.08579015731811523
**time: 23
========Allocate Done=============
audio10-13 0.45 310.43100000000004 0.27
audio10-15 0.45 310.43100000000004 0.27
audio12-22 0.45 310.43100000000004 0.27
audio2-16 0.4 276.05100000000004 0.25
audio2-19 0.4 276.05100000000004 0.25
audio3-19 0.4 276.05100000000004 0.25
audio4-22 0.4 276.05100000000004 0.25
audio5-21 0.4 276.05100000000004 0.25
audio6-15 0.4 276.05100000000004 0.25
audio6-18 0.4 276.05100000000004 0.25
audio7-23 0.4 276.05100000000004 0.25
audio8-20 0.4 276.05100000000004 0.25
audio9-21 0.42314499709133263 291.96550000000036 0.25
audio9-22 0.4 276.05100000000004 0.25
yolo1-18 1 56.834 0.99
yolo10-19 1 56.834 0.99
yolo11-21 1 56.834 0.99
yolo2-12 1 56.834 0.99
yolo2-19 1 56.834 0.99
yolo3-13 1 56.834 0.99
yolo3-21 1 56.834 0.99
yolo3-22 1 56.834 0.99
yolo4-20 1 56.834 0.99
yolo6-20 1 56.834 0.99
yolo6-23 1 56.834 0.99
yolo7-13 1 56.834 0.99
yolo7-14 1 56.834 0.99
yolo7-19 1 56.834 0.99
yolo8-20 1 56.834 0.99
yolo8-22 1 56.834 0.99
yolo9-16 1 56.834 0.99
yolo9-18 1 56.834 0.99
yolo9-23 1 56.834 0.99
audio1-edge-14 0.45 0.0527 0.27
audio1-edge-19 0.45 0.0527 0.27
audio12-edge-20 0.45 0.0527 0.27
audio5-edge-20 0.4 0.0527 0.25
audio8-edge-20 0.4 0.0527 0.25
Sum of bandwidth: 5063.877999999998
Sum of weights: 23.507
Average accuracy: 0.5959105798272853
time: 0.1283113956451416
**time: 24
========Allocate Done=============
audio1-24 0.6246153286794658 430.4965000000007 0.32
audio12-22 0.55 379.1910000000001 0.31
audio2-19 0.4 276.05100000000004 0.25
audio3-19 0.4 276.05100000000004 0.25
audio4-22 0.4 276.05100000000004 0.25
audio5-21 0.4 276.05100000000004 0.25
audio6-15 0.4 276.05100000000004 0.25
audio6-18 0.4 276.05100000000004 0.25
audio6-24 0.4 276.05100000000004 0.25
audio7-23 0.4 276.05100000000004 0.25
audio7-24 0.4 276.05100000000004 0.25
audio9-21 0.5 344.81100000000004 0.3
audio9-22 0.5 344.81100000000004 0.3
yolo10-19 1 56.834 0.99
yolo11-21 1 56.834 0.99
yolo2-19 1 56.834 0.99
yolo3-21 1 56.834 0.99
yolo3-22 1 56.834 0.99
yolo4-20 1 56.834 0.99
yolo6-20 1 56.834 0.99
yolo6-23 1 56.834 0.99
yolo7-13 1 56.834 0.99
yolo7-14 1 56.834 0.99
yolo7-19 1 56.834 0.99
yolo7-24 1 56.834 0.99
yolo8-20 1 56.834 0.99
yolo8-22 1 56.834 0.99
yolo8-24 1 56.834 0.99
yolo9-16 1 56.834 0.99
yolo9-18 1 56.834 0.99
yolo9-23 1 56.834 0.99
yolo9-24 1 56.834 0.99
audio1-edge-14 0.55 0.0527 0.31
audio1-edge-19 0.55 0.0527 0.31
audio12-edge-20 0.55 0.0527 0.31
audio5-edge-20 0.4 0.0527 0.25
audio8-edge-20 0.4 0.0527 0.25
Sum of bandwidth: 5063.877999999999
Sum of weights: 23.79
Average accuracy: 0.6552997057587222
time: 0.12635517120361328
**time: 25
========Allocate Done=============
audio1-24 1 688.611 0.9
audio12-22 0.6539284467713736 450.6521999999965 0.34
audio3-19 0.4 276.05100000000004 0.25
audio4-22 0.4 276.05100000000004 0.25
audio5-21 0.4 276.05100000000004 0.25
audio6-15 0.4 276.05100000000004 0.25
audio6-18 0.4 276.05100000000004 0.25
audio6-24 0.4 276.05100000000004 0.25
audio7-23 0.4 276.05100000000004 0.25
audio7-24 0.4 276.05100000000004 0.25
audio9-21 0.5 344.81100000000004 0.3
audio9-22 0.5 344.81100000000004 0.3
yolo10-19 1 56.834 0.99
yolo11-21 1 56.834 0.99
yolo3-21 1 56.834 0.99
yolo3-22 1 56.834 0.99
yolo4-20 1 56.834 0.99
yolo6-20 1 56.834 0.99
yolo6-23 1 56.834 0.99
yolo7-13 1 56.834 0.99
yolo7-14 1 56.834 0.99
yolo7-19 1 56.834 0.99
yolo7-24 1 56.834 0.99
yolo8-20 1 56.834 0.99
yolo8-22 1 56.834 0.99
yolo8-24 1 56.834 0.99
yolo9-16 1 56.834 0.99
yolo9-18 1 56.834 0.99
yolo9-23 1 56.834 0.99
yolo9-24 1 56.834 0.99
audio1-edge-19 0.55 0.0527 0.31
audio12-edge-20 0.55 0.0527 0.31
audio5-edge-20 0.4 0.0527 0.25
audio8-edge-20 0.4 0.0527 0.25
Sum of bandwidth: 5060.515999999994
Sum of weights: 21.841
Average accuracy: 0.7008658028478549
time: 0.1925206184387207
