num: 50 running time:25 bandwidth:5000
**time: 0
========Allocate Done=============
audio1-0 1 688.611 0.9
audio4-0 1 688.611 0.9
yolo1-0 1 56.834 0.99
yolo10-0 1 56.834 0.99
Sum of bandwidth: 1490.89
Sum of weights: 0.231
Average accuracy: 0.903116883116883
time: 0.0008571147918701172
**time: 1
========Allocate Done=============
audio1-0 1 688.611 0.9
audio4-0 1 688.611 0.9
audio7-1 1 688.611 0.9
yolo1-0 1 56.834 0.99
yolo10-0 1 56.834 0.99
yolo6-1 1 56.834 0.99
Sum of bandwidth: 2236.3349999999996
Sum of weights: 1.32
Average accuracy: 0.9162954545454544
time: 0.0013070106506347656
**time: 2
========Allocate Done=============
audio1-0 1 688.611 0.9
audio10-2 1 688.611 0.9
audio12-1 1 688.611 0.9
audio4-0 1 688.611 0.9
audio7-1 1 688.611 0.9
audio8-1 1 688.611 0.9
yolo1-0 1 56.834 0.99
yolo1-2 1 56.834 0.99
yolo10-0 1 56.834 0.99
yolo4-1 1 56.834 0.99
yolo5-1 1 56.834 0.99
yolo6-1 1 56.834 0.99
yolo7-1 1 56.834 0.99
yolo8-1 1 56.834 0.99
Sum of bandwidth: 4586.337999999999
Sum of weights: 3.5120000000000005
Average accuracy: 0.9494846241457857
time: 0.0033996105194091797
**time: 3
========Allocate Done=============
audio10-2 1 688.611 0.9
audio12-1 1 688.611 0.9
audio4-0 1 688.611 0.9
audio7-1 1 688.611 0.9
audio7-3 1 688.611 0.9
audio8-1 1 688.611 0.9
yolo1-2 1 56.834 0.99
yolo10-0 1 56.834 0.99
yolo10-3 1 56.834 0.99
yolo11-3 1 56.834 0.99
yolo12-3 1 56.834 0.99
yolo4-1 1 56.834 0.99
yolo4-3 1 56.834 0.99
yolo5-1 1 56.834 0.99
yolo6-1 1 56.834 0.99
yolo6-3 1 56.834 0.99
yolo7-1 1 56.834 0.99
yolo8-1 1 56.834 0.99
yolo8-3 1 56.834 0.99
Sum of bandwidth: 4870.507999999998
Sum of weights: 5.484000000000001
Average accuracy: 0.9531892778993434
time: 0.3814988136291504
**time: 4
========Allocate Done=============
audio10-2 0.578988365328682 399.1234000000018 0.31
audio12-1 0.55 379.1910000000001 0.31
audio3-4 1 688.611 0.9
audio4-0 0.4 276.05100000000004 0.25
audio4-4 0.4 276.05100000000004 0.25
audio6-4 1 688.611 0.9
audio7-1 1 688.611 0.9
audio7-3 1 688.611 0.9
audio8-1 0.4 276.05100000000004 0.25
yolo1-2 0.35 24.23572 0.685
yolo10-0 0.35 24.23572 0.685
yolo10-3 0.35 24.23572 0.685
yolo11-3 0.35 24.23572 0.685
yolo12-3 0.35 24.23572 0.685
yolo4-1 1 56.834 0.99
yolo4-3 1 56.834 0.99
yolo4-4 1 56.834 0.99
yolo6-1 1 56.834 0.99
yolo6-3 1 56.834 0.99
yolo6-4 1 56.834 0.99
yolo7-1 1 56.834 0.99
yolo7-4 1 56.834 0.99
yolo8-1 1 56.834 0.99
yolo8-3 1 56.834 0.99
Sum of bandwidth: 5050.4299999999985
Sum of weights: 7.731
Average accuracy: 0.9026012158841031
time: 0.15677905082702637
**time: 5
========Allocate Done=============
audio10-2 0.4 276.05100000000004 0.25
audio11-5 0.4 276.05100000000004 0.25
audio12-1 0.4 276.05100000000004 0.25
audio3-4 0.4 276.05100000000004 0.25
audio4-0 0.4 276.05100000000004 0.25
audio4-4 0.4 276.05100000000004 0.25
audio4-5 0.4 276.05100000000004 0.25
audio6-4 1 688.611 0.9
audio7-1 1 688.611 0.9
audio7-3 0.615803257707969 424.4373199999995 0.32
audio8-1 0.4 276.05100000000004 0.25
audio8-5 0.4 276.05100000000004 0.25
yolo1-2 0.05 6.486280000000001 0.525
yolo10-0 0.05 6.486280000000001 0.525
yolo10-3 0.05 6.486280000000001 0.525
yolo11-3 0.05 6.486280000000001 0.525
yolo11-5 0.05 6.486280000000001 0.525
yolo12-3 0.05 6.486280000000001 0.525
yolo4-1 1 56.834 0.99
yolo4-3 1 56.834 0.99
yolo4-4 1 56.834 0.99
yolo5-5 1 56.834 0.99
yolo6-1 1 56.834 0.99
yolo6-3 1 56.834 0.99
yolo6-4 1 56.834 0.99
yolo6-5 1 56.834 0.99
yolo7-1 1 56.834 0.99
yolo7-4 1 56.834 0.99
yolo8-1 1 56.834 0.99
yolo8-3 1 56.834 0.99
yolo9-5 1 56.834 0.99
Sum of bandwidth: 5063.877999999998
Sum of weights: 8.957999999999995
Average accuracy: 0.7896662201384241
time: 0.25699543952941895
**time: 6
========Allocate Done=============
audio10-2 0.4 276.05100000000004 0.25
audio11-5 0.4 276.05100000000004 0.25
audio12-1 0.4 276.05100000000004 0.25
audio12-6 0.4 276.05100000000004 0.25
audio3-4 0.4 276.05100000000004 0.25
audio4-0 0.4 276.05100000000004 0.25
audio4-4 0.4 276.05100000000004 0.25
audio4-5 0.4 276.05100000000004 0.25
audio6-4 0.7396401977894117 509.58759999999955 0.42
audio7-1 0.5 344.81100000000004 0.3
audio7-3 0.5 344.81100000000004 0.3
audio8-1 0.4 276.05100000000004 0.25
audio8-5 0.4 276.05100000000004 0.25
audio9-6 0.4 276.05100000000004 0.25
yolo1-2 0.05 6.486280000000001 0.525
yolo10-0 0.05 6.486280000000001 0.525
yolo10-3 0.05 6.486280000000001 0.525
yolo11-5 0.05 6.486280000000001 0.525
yolo12-3 0.05 6.486280000000001 0.525
yolo2-6 1 56.834 0.99
yolo4-1 1 56.834 0.99
yolo4-3 1 56.834 0.99
yolo4-4 1 56.834 0.99
yolo5-5 1 56.834 0.99
yolo6-1 1 56.834 0.99
yolo6-3 1 56.834 0.99
yolo6-4 1 56.834 0.99
yolo6-5 1 56.834 0.99
yolo7-1 1 56.834 0.99
yolo7-4 1 56.834 0.99
yolo8-1 1 56.834 0.99
yolo8-3 1 56.834 0.99
yolo9-5 1 56.834 0.99
Sum of bandwidth: 5063.877999999998
Sum of weights: 10.127999999999995
Average accuracy: 0.6976668641390208
time: 0.1342780590057373
**time: 7
========Allocate Done=============
audio10-2 0.4 276.05100000000004 0.25
audio11-5 0.4 276.05100000000004 0.25
audio12-1 0.4 276.05100000000004 0.25
audio12-6 0.4 276.05100000000004 0.25
audio2-7 0.45 310.43100000000004 0.27
audio3-4 0.4 276.05100000000004 0.25
audio4-0 0.4 276.05100000000004 0.25
audio4-4 0.4 276.05100000000004 0.25
audio4-5 0.4 276.05100000000004 0.25
audio6-4 0.4331224549156503 298.8260000000012 0.25
audio7-1 0.4 276.05100000000004 0.25
audio7-3 0.4 276.05100000000004 0.25
audio8-1 0.4 276.05100000000004 0.25
audio8-5 0.4 276.05100000000004 0.25
audio9-6 0.4 276.05100000000004 0.25
yolo1-2 0 3.362 0
yolo10-0 0 3.362 0
yolo10-3 0 3.362 0
yolo10-7 0 3.362 0
yolo11-5 0 3.362 0
yolo11-7 0 3.362 0
yolo12-3 0 3.362 0
yolo2-6 1 56.834 0.99
yolo2-7 1 56.834 0.99
yolo4-1 1 56.834 0.99
yolo4-3 1 56.834 0.99
yolo4-4 1 56.834 0.99
yolo5-5 1 56.834 0.99
yolo5-7 1 56.834 0.99
yolo6-1 1 56.834 0.99
yolo6-4 1 56.834 0.99
yolo6-5 1 56.834 0.99
yolo7-1 1 56.834 0.99
yolo7-4 1 56.834 0.99
yolo8-1 1 56.834 0.99
yolo8-3 1 56.834 0.99
yolo9-5 1 56.834 0.99
Sum of bandwidth: 5073.963999999999
Sum of weights: 11.838999999999995
Average accuracy: 0.6601207872286513
time: 0.757831335067749
**time: 8
========Allocate Done=============
audio10-2 0.4 276.05100000000004 0.25
audio11-5 0.4 276.05100000000004 0.25
audio12-1 0.4 276.05100000000004 0.25
audio12-6 0.4 276.05100000000004 0.25
audio2-7 1 688.611 0.9
audio3-4 0.4 276.05100000000004 0.25
audio4-4 0.4 276.05100000000004 0.25
audio4-5 0.4 276.05100000000004 0.25
audio6-4 0.8001949389179749 551.2250399999995 0.57
audio7-3 0.5 344.81100000000004 0.3
audio8-5 0.4 276.05100000000004 0.25
audio9-6 0.4 276.05100000000004 0.25
yolo1-2 0.05 6.486280000000001 0.525
yolo10-0 0.05 6.486280000000001 0.525
yolo10-3 0.05 6.486280000000001 0.525
yolo10-7 0.05 6.486280000000001 0.525
yolo11-5 0.05 6.486280000000001 0.525
yolo11-7 0.05 6.486280000000001 0.525
yolo12-3 0.05 6.486280000000001 0.525
yolo2-6 1 56.834 0.99
yolo2-7 1 56.834 0.99
yolo3-8 1 56.834 0.99
yolo4-1 1 56.834 0.99
yolo4-3 1 56.834 0.99
yolo4-4 1 56.834 0.99
yolo5-5 1 56.834 0.99
yolo5-7 1 56.834 0.99
yolo6-1 1 56.834 0.99
yolo6-4 1 56.834 0.99
yolo6-5 1 56.834 0.99
yolo6-8 1 56.834 0.99
yolo7-1 1 56.834 0.99
yolo7-4 1 56.834 0.99
yolo8-1 1 56.834 0.99
yolo8-3 1 56.834 0.99
yolo9-5 1 56.834 0.99
Sum of bandwidth: 5080.6879999999965
Sum of weights: 11.934999999999993
Average accuracy: 0.8036288227901136
time: 1.2677743434906006
**time: 9
========Allocate Done=============
audio1-9 0.4 276.05100000000004 0.25
audio10-2 0.4 276.05100000000004 0.25
audio11-5 0.4 276.05100000000004 0.25
audio12-6 0.4 276.05100000000004 0.25
audio2-7 1 688.611 0.9
audio3-4 0.4 276.05100000000004 0.25
audio4-4 0.4 276.05100000000004 0.25
audio4-5 0.4 276.05100000000004 0.25
audio6-4 0.6446626527050606 444.28103999999973 0.34
audio7-3 0.5 344.81100000000004 0.3
audio8-5 0.4 276.05100000000004 0.25
audio9-6 0.4 276.05100000000004 0.25
yolo1-2 0.05 6.486280000000001 0.525
yolo10-0 0.05 6.486280000000001 0.525
yolo10-3 0.05 6.486280000000001 0.525
yolo10-7 0.05 6.486280000000001 0.525
yolo11-5 0.05 6.486280000000001 0.525
yolo11-7 0.05 6.486280000000001 0.525
yolo12-3 0.05 6.486280000000001 0.525
yolo2-6 1 56.834 0.99
yolo2-7 1 56.834 0.99
yolo3-8 1 56.834 0.99
yolo4-1 1 56.834 0.99
yolo4-3 1 56.834 0.99
yolo4-4 1 56.834 0.99
yolo5-5 1 56.834 0.99
yolo5-7 1 56.834 0.99
yolo6-1 1 56.834 0.99
yolo6-4 1 56.834 0.99
yolo6-5 1 56.834 0.99
yolo6-8 1 56.834 0.99
yolo7-1 1 56.834 0.99
yolo7-4 1 56.834 0.99
yolo7-9 1 56.834 0.99
yolo8-1 1 56.834 0.99
yolo8-3 1 56.834 0.99
yolo9-5 1 56.834 0.99
yolo9-9 1 56.834 0.99
Sum of bandwidth: 5087.4119999999975
Sum of weights: 13.046999999999993
Average accuracy: 0.8037357246876681
time: 0.15103840827941895
**time: 10
========Allocate Done=============
audio1-9 0.4 276.05100000000004 0.25
audio10-2 0.4 276.05100000000004 0.25
audio11-5 0.4 276.05100000000004 0.25
audio2-7 1 688.611 0.9
audio3-4 0.42991320535195005 296.61932000000087 0.25
audio4-4 0.4 276.05100000000004 0.25
audio4-5 0.4 276.05100000000004 0.25
audio6-4 1 688.611 0.9
audio7-3 1 688.611 0.9
audio9-6 0.4 276.05100000000004 0.25
yolo10-0 0.05 6.486280000000001 0.525
yolo10-3 0.05 6.486280000000001 0.525
yolo10-7 0.05 6.486280000000001 0.525
yolo11-5 0.05 6.486280000000001 0.525
yolo11-7 0.05 6.486280000000001 0.525
yolo12-3 0.05 6.486280000000001 0.525
yolo2-6 1 56.834 0.99
yolo2-7 1 56.834 0.99
yolo3-10 1 56.834 0.99
yolo3-8 1 56.834 0.99
yolo4-1 1 56.834 0.99
yolo4-4 1 56.834 0.99
yolo5-10 1 56.834 0.99
yolo5-7 1 56.834 0.99
yolo6-5 1 56.834 0.99
yolo6-8 1 56.834 0.99
yolo7-1 1 56.834 0.99
yolo7-4 1 56.834 0.99
yolo7-9 1 56.834 0.99
yolo8-1 1 56.834 0.99
yolo8-10 1 56.834 0.99
yolo8-3 1 56.834 0.99
yolo9-5 1 56.834 0.99
yolo9-9 1 56.834 0.99
Sum of bandwidth: 5080.687999999998
Sum of weights: 13.989999999999998
Average accuracy: 0.9051272337383847
time: 0.013117790222167969
**time: 11
========Allocate Done=============
audio1-9 0.4 276.05100000000004 0.25
audio10-2 0.4 276.05100000000004 0.25
audio11-5 0.4 276.05100000000004 0.25
audio12-11 0.4 276.05100000000004 0.25
audio2-7 1 688.611 0.9
audio3-4 0.4 276.05100000000004 0.25
audio4-11 0.4 276.05100000000004 0.25
audio4-5 0.4 276.05100000000004 0.25
audio5-11 0.4 276.05100000000004 0.25
audio6-4 1 688.611 0.9
audio7-3 0.7106761198371158 489.67190000000085 0.36
yolo10-0 0.05 6.486280000000001 0.525
yolo10-7 0.05 6.486280000000001 0.525
yolo11-5 0.05 6.486280000000001 0.525
yolo11-7 0.05 6.486280000000001 0.525
yolo12-3 0.05 6.486280000000001 0.525
yolo2-6 1 56.834 0.99
yolo2-7 1 56.834 0.99
yolo3-10 1 56.834 0.99
yolo3-8 1 56.834 0.99
yolo4-1 1 56.834 0.99
yolo4-11 1 56.834 0.99
yolo4-4 1 56.834 0.99
yolo5-10 1 56.834 0.99
yolo5-7 1 56.834 0.99
yolo6-5 1 56.834 0.99
yolo6-8 1 56.834 0.99
yolo7-1 1 56.834 0.99
yolo7-4 1 56.834 0.99
yolo7-9 1 56.834 0.99
yolo8-10 1 56.834 0.99
yolo8-3 1 56.834 0.99
yolo9-9 1 56.834 0.99
audio7-edge-1 0.55 0.0527 0.31
Sum of bandwidth: 5073.963999999998
Sum of weights: 13.527999999999995
Average accuracy: 0.8185888527498524
time: 0.19427967071533203
**time: 12
========Allocate Done=============
audio1-9 0.4 276.05100000000004 0.25
audio10-12 0.4 276.05100000000004 0.25
audio10-2 0.4 276.05100000000004 0.25
audio11-5 0.4 276.05100000000004 0.25
audio12-11 0.4 276.05100000000004 0.25
audio2-7 1 688.611 0.9
audio3-4 0.4 276.05100000000004 0.25
audio4-11 0.4 276.05100000000004 0.25
audio4-5 0.4 276.05100000000004 0.25
audio5-11 0.4 276.05100000000004 0.25
audio6-4 0.6491297556719052 447.35262000000205 0.34
audio7-3 0.5 344.81100000000004 0.3
yolo10-7 0.05 6.486280000000001 0.525
yolo11-12 0.05 6.486280000000001 0.525
yolo11-5 0.05 6.486280000000001 0.525
yolo11-7 0.05 6.486280000000001 0.525
yolo12-12 0.05 6.486280000000001 0.525
yolo12-3 0.05 6.486280000000001 0.525
yolo2-12 1 56.834 0.99
yolo2-6 1 56.834 0.99
yolo2-7 1 56.834 0.99
yolo3-10 1 56.834 0.99
yolo3-8 1 56.834 0.99
yolo4-1 1 56.834 0.99
yolo4-11 1 56.834 0.99
yolo4-4 1 56.834 0.99
yolo5-10 1 56.834 0.99
yolo5-7 1 56.834 0.99
yolo6-5 1 56.834 0.99
yolo6-8 1 56.834 0.99
yolo7-1 1 56.834 0.99
yolo7-12 1 56.834 0.99
yolo7-4 1 56.834 0.99
yolo7-9 1 56.834 0.99
yolo8-10 1 56.834 0.99
yolo8-3 1 56.834 0.99
yolo9-9 1 56.834 0.99
audio7-edge-1 0.5 0.0527 0.3
Sum of bandwidth: 5084.049999999999
Sum of weights: 15.156999999999998
Average accuracy: 0.7902896351520751
time: 0.4910252094268799
**time: 13
========Allocate Done=============
audio10-12 0.4 276.05100000000004 0.25
audio10-2 0.4 276.05100000000004 0.25
audio11-13 0.4 276.05100000000004 0.25
audio11-5 0.4 276.05100000000004 0.25
audio12-11 0.4 276.05100000000004 0.25
audio2-7 0.4053563118091922 279.7340000000006 0.25
audio3-13 0.4 276.05100000000004 0.25
audio3-4 0.4 276.05100000000004 0.25
audio4-11 0.4 276.05100000000004 0.25
audio4-5 0.4 276.05100000000004 0.25
audio5-11 0.4 276.05100000000004 0.25
audio6-13 0.4 276.05100000000004 0.25
audio6-4 0.4 276.05100000000004 0.25
audio7-13 0.4 276.05100000000004 0.25
audio7-3 0.4 276.05100000000004 0.25
yolo10-7 0 3.362 0
yolo11-12 0 3.362 0
yolo11-5 0 3.362 0
yolo11-7 0 3.362 0
yolo12-12 0 3.362 0
yolo12-3 0 3.362 0
yolo2-12 1 56.834 0.99
yolo2-6 1 56.834 0.99
yolo2-7 1 56.834 0.99
yolo3-10 1 56.834 0.99
yolo4-11 1 56.834 0.99
yolo4-4 1 56.834 0.99
yolo5-10 1 56.834 0.99
yolo5-7 1 56.834 0.99
yolo6-5 1 56.834 0.99
yolo6-8 1 56.834 0.99
yolo7-12 1 56.834 0.99
yolo7-4 1 56.834 0.99
yolo7-9 1 56.834 0.99
yolo8-10 1 56.834 0.99
yolo8-3 1 56.834 0.99
yolo9-9 1 56.834 0.99
Sum of bandwidth: 5073.963999999998
Sum of weights: 15.086999999999998
Average accuracy: 0.6661741896997416
time: 0.013556957244873047
**time: 14
========Allocate Done=============
audio10-12 0.4 276.05100000000004 0.25
audio10-2 0.4 276.05100000000004 0.25
audio11-13 0.4 276.05100000000004 0.25
audio11-5 0.4 276.05100000000004 0.25
audio12-11 0.4 276.05100000000004 0.25
audio2-14 0.4 276.05100000000004 0.25
audio3-13 0.4 276.05100000000004 0.25
audio3-4 0.4 276.05100000000004 0.25
audio4-11 0.4 276.05100000000004 0.25
audio4-5 0.4 276.05100000000004 0.25
audio5-11 0.3059283885980227 211.3673600000004 0.2
audio6-13 0.4 276.05100000000004 0.25
audio6-4 0.4 276.05100000000004 0.25
audio7-13 0.4 276.05100000000004 0.25
audio8-14 0.4 276.05100000000004 0.25
audio9-14 0.4 276.05100000000004 0.25
yolo1-14 0 3.362 0
yolo10-7 0 3.362 0
yolo11-12 0 3.362 0
yolo11-5 0 3.362 0
yolo11-7 0 3.362 0
yolo12-12 0 3.362 0
yolo2-12 1 56.834 0.99
yolo2-6 1 56.834 0.99
yolo2-7 1 56.834 0.99
yolo3-10 1 56.834 0.99
yolo4-4 0.65 40.27732 0.93
yolo5-7 0.39999999999999997 27.027919999999995 0.685
yolo6-14 1 56.834 0.99
yolo6-8 1 56.834 0.99
yolo7-12 1 56.834 0.99
yolo8-10 1 56.834 0.99
yolo8-3 1 56.834 0.99
yolo9-14 1 56.834 0.99
yolo9-9 1 56.834 0.99
audio1-edge-9 0.4 0.0527 0.25
audio11-edge-5 0.4 0.0527 0.25
Sum of bandwidth: 5064.888999999998
Sum of weights: 14.130999999999995
Average accuracy: 0.6564032977142454
time: 0.40164971351623535
**time: 15
========Allocate Done=============
audio10-12 0.4 276.05100000000004 0.25
audio10-15 0.4 276.05100000000004 0.25
audio11-13 0.4 276.05100000000004 0.25
audio12-15 0.4 276.05100000000004 0.25
audio2-14 0.7122056428155885 490.7235999999987 0.36
audio3-13 0.4 276.05100000000004 0.25
audio4-11 0.4 276.05100000000004 0.25
audio4-15 0.4 276.05100000000004 0.25
audio5-15 0.4 276.05100000000004 0.25
audio6-13 0.5 344.81100000000004 0.3
audio6-4 0.5 344.81100000000004 0.3
audio7-13 0.45 310.43100000000004 0.27
audio8-14 0.4 276.05100000000004 0.25
audio9-14 0.4 276.05100000000004 0.25
yolo1-14 0 3.362 0
yolo10-7 0 3.362 0
yolo11-12 0 3.362 0
yolo11-5 0 3.362 0
yolo12-12 0 3.362 0
yolo2-12 1 56.834 0.99
yolo2-6 1 56.834 0.99
yolo2-7 1 56.834 0.99
yolo3-10 1 56.834 0.99
yolo4-15 1 56.834 0.99
yolo5-15 1 56.834 0.99
yolo5-7 1 56.834 0.99
yolo6-14 1 56.834 0.99
yolo6-8 1 56.834 0.99
yolo7-12 1 56.834 0.99
yolo7-15 1 56.834 0.99
yolo8-10 1 56.834 0.99
yolo9-14 1 56.834 0.99
yolo9-9 1 56.834 0.99
audio1-edge-9 0.4 0.0527 0.25
audio11-edge-5 0.4 0.0527 0.25
Sum of bandwidth: 5063.877999999998
Sum of weights: 13.049999999999997
Average accuracy: 0.6892076628352491
time: 0.016663074493408203
**time: 16
========Allocate Done=============
audio10-12 0.4 276.05100000000004 0.25
audio10-15 0.4 276.05100000000004 0.25
audio11-13 0.4 276.05100000000004 0.25
audio11-16 0.4 276.05100000000004 0.25
audio12-15 0.4 276.05100000000004 0.25
audio2-14 0.40497309482257304 279.47050000000127 0.25
audio3-13 0.4 276.05100000000004 0.25
audio4-11 0.4 276.05100000000004 0.25
audio4-15 0.4 276.05100000000004 0.25
audio6-13 0.4 276.05100000000004 0.25
audio6-4 0.4 276.05100000000004 0.25
audio7-13 0.4 276.05100000000004 0.25
audio8-14 0.4 276.05100000000004 0.25
audio8-16 0.4 276.05100000000004 0.25
audio9-14 0.4 276.05100000000004 0.25
yolo1-14 0 3.362 0
yolo10-7 0 3.362 0
yolo11-12 0 3.362 0
yolo11-16 0 3.362 0
yolo12-12 0 3.362 0
yolo12-16 0 3.362 0
yolo2-12 1 56.834 0.99
yolo2-16 1 56.834 0.99
yolo2-7 1 56.834 0.99
yolo3-10 1 56.834 0.99
yolo3-16 1 56.834 0.99
yolo4-15 1 56.834 0.99
yolo5-15 1 56.834 0.99
yolo5-7 1 56.834 0.99
yolo6-14 1 56.834 0.99
yolo6-8 1 56.834 0.99
yolo7-12 1 56.834 0.99
yolo7-15 1 56.834 0.99
yolo8-10 1 56.834 0.99
yolo9-14 1 56.834 0.99
yolo9-16 1 56.834 0.99
yolo9-9 1 56.834 0.99
audio11-edge-5 0.4 0.0527 0.25
audio3-edge-13 0.4 0.0527 0.25
audio5-edge-15 0.4 0.0527 0.25
audio7-edge-13 0.4 0.0527 0.25
audio9-edge-14 0.4 0.0527 0.25
Sum of bandwidth: 5073.964
Sum of weights: 16.073999999999995
Average accuracy: 0.6594487993032226
time: 0.04617476463317871
**time: 17
========Allocate Done=============
audio10-12 1 688.611 0.9
audio10-15 0.6702850785340314 461.89902000000006 0.34
audio11-16 0.55 379.1910000000001 0.31
audio12-15 0.55 379.1910000000001 0.31
audio2-14 1 688.611 0.9
audio4-11 0.4 276.05100000000004 0.25
audio4-15 0.4 276.05100000000004 0.25
audio6-13 1 688.611 0.9
audio8-16 0.4 276.05100000000004 0.25
yolo11-12 0.35 24.23572 0.685
yolo11-16 0.35 24.23572 0.685
yolo12-12 0.35 24.23572 0.685
yolo12-16 0.35 24.23572 0.685
yolo2-12 1 56.834 0.99
yolo2-16 1 56.834 0.99
yolo3-10 1 56.834 0.99
yolo3-16 1 56.834 0.99
yolo4-15 1 56.834 0.99
yolo5-15 1 56.834 0.99
yolo5-7 1 56.834 0.99
yolo6-14 1 56.834 0.99
yolo6-8 1 56.834 0.99
yolo7-12 1 56.834 0.99
yolo7-15 1 56.834 0.99
yolo8-10 1 56.834 0.99
yolo9-14 1 56.834 0.99
yolo9-16 1 56.834 0.99
yolo9-9 1 56.834 0.99
audio3-edge-13 1 0.0527 0.9
audio7-edge-13 1 0.0527 0.9
audio9-edge-14 0.4 0.0527 0.25
Sum of bandwidth: 5063.877999999997
Sum of weights: 12.295999999999998
Average accuracy: 0.9176398828887445
time: 0.01277780532836914
**time: 18
========Allocate Done=============
audio1-18 0.6636323152995922 457.3245799999996 0.34
audio10-12 0.55 379.1910000000001 0.31
audio10-15 0.55 379.1910000000001 0.31
audio11-16 0.55 379.1910000000001 0.31
audio12-15 0.55 379.1910000000001 0.31
audio2-14 1 688.611 0.9
audio4-11 0.4 276.05100000000004 0.25
audio4-15 0.4 276.05100000000004 0.25
audio6-13 1 688.611 0.9
audio8-16 0.4 276.05100000000004 0.25
yolo1-18 0.35 24.23572 0.685
yolo10-18 0.35 24.23572 0.685
yolo11-12 0.35 24.23572 0.685
yolo11-16 0.35 24.23572 0.685
yolo12-12 0.35 24.23572 0.685
yolo12-16 0.35 24.23572 0.685
yolo2-16 1 56.834 0.99
yolo3-10 1 56.834 0.99
yolo3-16 1 56.834 0.99
yolo4-15 1 56.834 0.99
yolo5-15 1 56.834 0.99
yolo6-14 1 56.834 0.99
yolo6-8 1 56.834 0.99
yolo7-12 1 56.834 0.99
yolo7-15 1 56.834 0.99
yolo8-10 1 56.834 0.99
yolo9-14 1 56.834 0.99
yolo9-16 1 56.834 0.99
yolo9-9 1 56.834 0.99
audio3-edge-13 1 0.0527 0.9
audio7-edge-13 1 0.0527 0.9
audio9-edge-14 0.4 0.0527 0.25
Sum of bandwidth: 5063.877999999996
Sum of weights: 11.521999999999997
Average accuracy: 0.8909633744141646
time: 1.412898063659668
**time: 19
========Allocate Done=============
audio1-18 0.55 379.1910000000001 0.31
audio10-12 0.55 379.1910000000001 0.31
audio10-15 0.5096474112856313 351.44456000000014 0.3
audio11-16 0.5 344.81100000000004 0.3
audio2-14 1 688.611 0.9
audio4-11 0.4 276.05100000000004 0.25
audio4-15 0.4 276.05100000000004 0.25
audio5-19 0.4 276.05100000000004 0.25
audio6-13 1 688.611 0.9
audio8-16 0.4 276.05100000000004 0.25
audio8-19 0.4 276.05100000000004 0.25
yolo1-18 0.35 24.23572 0.685
yolo10-18 0.35 24.23572 0.685
yolo11-12 0.35 24.23572 0.685
yolo11-16 0.35 24.23572 0.685
yolo12-12 0.35 24.23572 0.685
yolo12-16 0.35 24.23572 0.685
yolo12-19 0.35 24.23572 0.685
yolo2-16 1 56.834 0.99
yolo3-10 1 56.834 0.99
yolo3-16 1 56.834 0.99
yolo4-15 1 56.834 0.99
yolo5-15 1 56.834 0.99
yolo6-14 1 56.834 0.99
yolo6-8 1 56.834 0.99
yolo7-12 1 56.834 0.99
yolo7-15 1 56.834 0.99
yolo8-10 1 56.834 0.99
yolo9-14 1 56.834 0.99
yolo9-16 1 56.834 0.99
audio3-edge-13 1 0.0527 0.9
audio9-edge-14 0.4 0.0527 0.25
Sum of bandwidth: 5063.877999999996
Sum of weights: 10.005999999999997
Average accuracy: 0.8876114331401161
time: 0.04181528091430664
**time: 20
========Allocate Done=============
audio1-18 1 688.611 0.9
audio10-12 1 688.611 0.9
audio10-15 0.6085265270506115 419.4338400000005 0.32
audio11-16 0.55 379.1910000000001 0.31
audio4-11 0.4 276.05100000000004 0.25
audio4-20 0.4 276.05100000000004 0.25
audio5-19 0.4 276.05100000000004 0.25
audio6-13 1 688.611 0.9
audio8-16 0.4 276.05100000000004 0.25
audio8-19 0.4 276.05100000000004 0.25
yolo1-18 0.35 24.23572 0.685
yolo10-18 0.35 24.23572 0.685
yolo10-20 0.35 24.23572 0.685
yolo11-12 0.35 24.23572 0.685
yolo11-16 0.35 24.23572 0.685
yolo12-12 0.35 24.23572 0.685
yolo12-16 0.35 24.23572 0.685
yolo12-19 0.35 24.23572 0.685
yolo2-16 1 56.834 0.99
yolo3-16 1 56.834 0.99
yolo4-15 1 56.834 0.99
yolo4-20 1 56.834 0.99
yolo5-15 1 56.834 0.99
yolo6-14 1 56.834 0.99
yolo6-20 1 56.834 0.99
yolo6-8 1 56.834 0.99
yolo7-15 1 56.834 0.99
yolo9-14 1 56.834 0.99
yolo9-16 1 56.834 0.99
audio3-edge-13 1 0.0527 0.9
audio9-edge-14 0.4 0.0527 0.25
Sum of bandwidth: 5063.877999999996
Sum of weights: 7.038000000000001
Average accuracy: 0.8901818698493886
time: 0.15408778190612793
**time: 21
========Allocate Done=============
audio1-18 0.5599972658522375 386.06511999999856 0.31
audio10-12 0.55 379.1910000000001 0.31
audio10-15 0.55 379.1910000000001 0.31
audio11-16 0.55 379.1910000000001 0.31
audio12-21 0.55 379.1910000000001 0.31
audio2-21 1 688.611 0.9
audio4-20 0.4 276.05100000000004 0.25
audio5-19 0.4 276.05100000000004 0.25
audio6-21 1 688.611 0.9
audio8-16 0.4 276.05100000000004 0.25
audio8-19 0.4 276.05100000000004 0.25
yolo1-18 0.35 24.23572 0.685
yolo1-21 0.35 24.23572 0.685
yolo10-18 0.35 24.23572 0.685
yolo10-20 0.35 24.23572 0.685
yolo11-12 0.35 24.23572 0.685
yolo11-16 0.35 24.23572 0.685
yolo12-12 0.35 24.23572 0.685
yolo12-16 0.35 24.23572 0.685
yolo12-19 0.35 24.23572 0.685
yolo2-16 1 56.834 0.99
yolo3-16 1 56.834 0.99
yolo4-20 1 56.834 0.99
yolo6-14 1 56.834 0.99
yolo6-20 1 56.834 0.99
yolo8-21 1 56.834 0.99
yolo9-14 1 56.834 0.99
yolo9-16 1 56.834 0.99
audio3-edge-13 1 0.0527 0.9
audio9-edge-14 0.4 0.0527 0.25
Sum of bandwidth: 5057.153999999995
Sum of weights: 8.174
Average accuracy: 0.8509836065573771
time: 0.10596609115600586
**time: 22
========Allocate Done=============
audio10-12 0.5057820244328107 348.7867200000007 0.3
audio10-15 0.5 344.81100000000004 0.3
audio11-22 0.5 344.81100000000004 0.3
audio12-21 0.5 344.81100000000004 0.3
audio2-21 1 688.611 0.9
audio3-22 1 688.611 0.9
audio4-20 0.4 276.05100000000004 0.25
audio6-21 1 688.611 0.9
audio8-16 0.4 276.05100000000004 0.25
audio8-19 0.4 276.05100000000004 0.25
yolo1-18 0.35 24.23572 0.685
yolo1-21 0.35 24.23572 0.685
yolo10-18 0.35 24.23572 0.685
yolo10-20 0.35 24.23572 0.685
yolo11-12 0.35 24.23572 0.685
yolo11-16 0.35 24.23572 0.685
yolo12-12 0.35 24.23572 0.685
yolo12-16 0.35 24.23572 0.685
yolo12-19 0.35 24.23572 0.685
yolo2-16 1 56.834 0.99
yolo2-22 1 56.834 0.99
yolo3-16 1 56.834 0.99
yolo4-20 1 56.834 0.99
yolo5-22 1 56.834 0.99
yolo6-20 1 56.834 0.99
yolo7-22 1 56.834 0.99
yolo8-21 1 56.834 0.99
yolo9-14 1 56.834 0.99
yolo9-16 1 56.834 0.99
audio1-edge-18 0.5 0.0527 0.3
audio11-edge-16 0.5 0.0527 0.3
audio3-edge-13 1 0.0527 0.9
audio5-edge-19 0.4 0.0527 0.25
Sum of bandwidth: 5063.877999999997
Sum of weights: 10.102999999999998
Average accuracy: 0.8644838166881127
time: 0.020555973052978516
**time: 23
========Allocate Done=============
audio11-22 0.5072523560209443 349.79772000000133 0.3
audio12-21 0.5 344.81100000000004 0.3
audio2-21 1 688.611 0.9
audio3-22 1 688.611 0.9
audio4-20 0.4 276.05100000000004 0.25
audio6-21 1 688.611 0.9
audio7-23 1 688.611 0.9
audio8-16 0.4 276.05100000000004 0.25
audio8-19 0.4 276.05100000000004 0.25
yolo1-18 0.35 24.23572 0.685
yolo1-21 0.35 24.23572 0.685
yolo10-18 0.35 24.23572 0.685
yolo10-20 0.35 24.23572 0.685
yolo11-16 0.35 24.23572 0.685
yolo11-23 0.35 24.23572 0.685
yolo12-12 0.35 24.23572 0.685
yolo12-16 0.35 24.23572 0.685
yolo12-19 0.35 24.23572 0.685
yolo2-16 1 56.834 0.99
yolo2-22 1 56.834 0.99
yolo3-16 1 56.834 0.99
yolo3-23 1 56.834 0.99
yolo5-22 1 56.834 0.99
yolo6-20 1 56.834 0.99
yolo7-22 1 56.834 0.99
yolo8-21 1 56.834 0.99
yolo9-14 1 56.834 0.99
yolo9-16 1 56.834 0.99
audio1-edge-18 0.5 0.0527 0.3
audio11-edge-16 0.5 0.0527 0.3
audio3-edge-13 1 0.0527 0.9
audio5-edge-19 0.4 0.0527 0.25
Sum of bandwidth: 5063.877999999997
Sum of weights: 11.318999999999997
Average accuracy: 0.8950419648378835
time: 0.011044502258300781
**time: 24
========Allocate Done=============
audio11-22 0.5 344.81100000000004 0.3
audio12-21 0.5 344.81100000000004 0.3
audio2-21 1 688.611 0.9
audio3-22 1 688.611 0.9
audio4-20 0.4 276.05100000000004 0.25
audio6-21 1 688.611 0.9
audio7-23 1 688.611 0.9
audio8-16 0.4 276.05100000000004 0.25
audio8-19 0.4 276.05100000000004 0.25
yolo1-18 0.35 24.23572 0.685
yolo1-21 0.35 24.23572 0.685
yolo10-18 0.35 24.23572 0.685
yolo10-20 0.35 24.23572 0.685
yolo11-16 0.3210899103433261 22.599620000001394 0.685
yolo11-23 0.3 21.396079999999998 0.64
yolo11-24 0.3 21.396079999999998 0.64
yolo12-16 0.3 21.396079999999998 0.64
yolo12-19 0.3 21.396079999999998 0.64
yolo12-24 0.3 21.396079999999998 0.64
yolo2-22 1 56.834 0.99
yolo2-24 1 56.834 0.99
yolo3-16 1 56.834 0.99
yolo3-23 1 56.834 0.99
yolo5-22 1 56.834 0.99
yolo6-20 1 56.834 0.99
yolo7-22 1 56.834 0.99
yolo8-21 1 56.834 0.99
yolo8-24 1 56.834 0.99
yolo9-16 1 56.834 0.99
audio1-edge-18 0.5 0.0527 0.3
audio11-edge-16 0.5 0.0527 0.3
audio5-edge-19 0.4 0.0527 0.25
Sum of bandwidth: 5067.240000000002
Sum of weights: 11.172999999999996
Average accuracy: 0.8979208806945317
time: 0.024255752563476562
**time: 25
========Allocate Done=============
audio11-22 0.9840509016870279 677.6444000000004 0.9
audio12-21 0.55 379.1910000000001 0.31
audio2-21 1 688.611 0.9
audio3-22 1 688.611 0.9
audio4-20 0.4 276.05100000000004 0.25
audio6-21 1 688.611 0.9
audio7-23 1 688.611 0.9
audio8-19 0.4 276.05100000000004 0.25
yolo1-18 0.35 24.23572 0.685
yolo1-21 0.35 24.23572 0.685
yolo10-18 0.35 24.23572 0.685
yolo10-20 0.35 24.23572 0.685
yolo11-16 0.35 24.23572 0.685
yolo11-23 0.35 24.23572 0.685
yolo11-24 0.35 24.23572 0.685
yolo12-16 0.35 24.23572 0.685
yolo12-19 0.35 24.23572 0.685
yolo12-24 0.35 24.23572 0.685
yolo2-22 1 56.834 0.99
yolo2-24 1 56.834 0.99
yolo3-23 1 56.834 0.99
yolo5-22 1 56.834 0.99
yolo6-20 1 56.834 0.99
yolo7-22 1 56.834 0.99
yolo8-21 1 56.834 0.99
yolo8-24 1 56.834 0.99
audio1-edge-18 0.55 0.0527 0.31
audio5-edge-19 0.4 0.0527 0.25
Sum of bandwidth: 5060.515999999996
Sum of weights: 9.432999999999996
Average accuracy: 0.9167232057669887
time: 0.015638113021850586
