num: 50 running time:25 bandwidth:5000
**time: 0
========Allocate Done=============
audio10-0 1 688.611 0.9
audio11-0 1 688.611 0.9
audio3-0 1 688.611 0.9
audio9-0 1 688.611 0.9
yolo10-0 1 56.834 0.99
yolo12-0 1 56.834 0.99
yolo4-0 1 56.834 0.99
yolo6-0 1 56.834 0.99
yolo8-0 1 56.834 0.99
Sum of bandwidth: 3038.613999999999
Sum of weights: 4.287
Average accuracy: 0.9664660601819454
time: 0.03215599060058594
**time: 1
========Allocate Done=============
audio10-0 1 688.611 0.9
audio11-0 1 688.611 0.9
audio3-0 1 688.611 0.9
audio9-0 1 688.611 0.9
yolo10-0 1 56.834 0.99
yolo11-1 1 56.834 0.99
yolo12-0 1 56.834 0.99
yolo2-1 1 56.834 0.99
yolo4-0 1 56.834 0.99
yolo5-1 1 56.834 0.99
yolo6-0 1 56.834 0.99
yolo8-0 1 56.834 0.99
Sum of bandwidth: 3209.1159999999986
Sum of weights: 6.031
Average accuracy: 0.9732714309401426
time: 0.023083925247192383
**time: 2
========Allocate Done=============
audio10-0 1 688.611 0.9
audio11-0 1 688.611 0.9
audio3-0 1 688.611 0.9
audio9-0 1 688.611 0.9
yolo11-1 1 56.834 0.99
yolo12-0 1 56.834 0.99
yolo2-1 1 56.834 0.99
yolo5-1 1 56.834 0.99
yolo6-0 1 56.834 0.99
yolo8-0 1 56.834 0.99
Sum of bandwidth: 3095.447999999999
Sum of weights: 4.5329999999999995
Average accuracy: 0.9677432164129715
time: 0.05056571960449219
**time: 3
========Allocate Done=============
audio1-3 0.4 276.05100000000004 0.25
audio10-0 0.4 276.05100000000004 0.25
audio11-0 0.4 276.05100000000004 0.25
audio11-2 0.4 276.05100000000004 0.25
audio3-0 0.4 276.05100000000004 0.25
audio3-2 0.4 276.05100000000004 0.25
audio4-2 1 688.611 0.9
audio6-2 0.9237725421756832 636.1969999999998 0.84
audio8-3 1 688.611 0.9
audio9-0 1 688.611 0.9
yolo11-1 1 56.834 0.99
yolo11-2 1 56.834 0.99
yolo12-0 1 56.834 0.99
yolo2-1 1 56.834 0.99
yolo2-2 1 56.834 0.99
yolo5-1 1 56.834 0.99
yolo6-0 1 56.834 0.99
yolo6-2 1 56.834 0.99
yolo7-3 1 56.834 0.99
yolo8-0 1 56.834 0.99
yolo8-2 1 56.834 0.99
yolo9-2 1 56.834 0.99
Sum of bandwidth: 5040.343999999997
Sum of weights: 10.620000000000001
Average accuracy: 0.8939868173258004
time: 0.051224708557128906
**time: 4
========Allocate Done=============
audio1-3 0.4 276.05100000000004 0.25
audio10-0 0.4 276.05100000000004 0.25
audio11-0 0.4 276.05100000000004 0.25
audio11-2 0.4 276.05100000000004 0.25
audio2-4 0.4 276.05100000000004 0.25
audio3-0 0.4 276.05100000000004 0.25
audio3-2 0.4 276.05100000000004 0.25
audio4-2 1 688.611 0.9
audio5-4 0.4 276.05100000000004 0.25
audio6-2 0.4 276.05100000000004 0.25
audio7-4 0.4 276.05100000000004 0.25
audio8-3 0.6734235020360677 464.0570000000002 0.34
audio9-0 0.4 276.05100000000004 0.25
audio9-4 0.4 276.05100000000004 0.25
yolo11-1 1 56.834 0.99
yolo11-2 1 56.834 0.99
yolo12-0 1 56.834 0.99
yolo12-4 1 56.834 0.99
yolo2-1 1 56.834 0.99
yolo2-2 1 56.834 0.99
yolo6-2 1 56.834 0.99
yolo7-3 1 56.834 0.99
yolo8-2 1 56.834 0.99
yolo9-2 1 56.834 0.99
Sum of bandwidth: 5033.619999999999
Sum of weights: 11.319999999999997
Average accuracy: 0.6740892226148412
time: 0.4749453067779541
**time: 5
========Allocate Done=============
audio1-3 0.4 276.05100000000004 0.25
audio11-0 0.4 276.05100000000004 0.25
audio11-5 0.4 276.05100000000004 0.25
audio2-4 0.4 276.05100000000004 0.25
audio3-0 0.4 276.05100000000004 0.25
audio3-2 0.4 276.05100000000004 0.25
audio3-5 0.4 276.05100000000004 0.25
audio4-2 1 688.611 0.9
audio5-4 0.6208318789994172 427.8949999999993 0.32
audio6-2 0.45 310.43100000000004 0.27
audio7-4 0.45 310.43100000000004 0.27
audio9-4 1 688.611 0.9
yolo11-1 1 56.834 0.99
yolo11-2 1 56.834 0.99
yolo11-5 1 56.834 0.99
yolo12-0 1 56.834 0.99
yolo12-4 1 56.834 0.99
yolo2-1 1 56.834 0.99
yolo2-2 1 56.834 0.99
yolo6-2 1 56.834 0.99
yolo6-5 1 56.834 0.99
yolo7-3 1 56.834 0.99
yolo8-2 1 56.834 0.99
yolo9-2 1 56.834 0.99
Sum of bandwidth: 5040.343999999997
Sum of weights: 11.227999999999998
Average accuracy: 0.7858407552547206
time: 0.00899815559387207
**time: 6
========Allocate Done=============
audio11-0 0.4 276.05100000000004 0.25
audio11-5 0.4 276.05100000000004 0.25
audio2-4 0.4 276.05100000000004 0.25
audio3-2 0.4 276.05100000000004 0.25
audio3-5 0.4 276.05100000000004 0.25
audio4-2 1 688.611 0.9
audio5-4 0.5000683536940072 344.8579999999994 0.3
audio6-2 0.45 310.43100000000004 0.27
audio7-4 0.45 310.43100000000004 0.27
audio9-4 1 688.611 0.9
audio9-6 1 688.611 0.9
yolo11-1 1 56.834 0.99
yolo11-2 1 56.834 0.99
yolo11-5 1 56.834 0.99
yolo12-4 1 56.834 0.99
yolo2-1 1 56.834 0.99
yolo2-2 1 56.834 0.99
yolo2-6 1 56.834 0.99
yolo6-2 1 56.834 0.99
yolo6-5 1 56.834 0.99
yolo8-2 1 56.834 0.99
yolo9-2 1 56.834 0.99
Sum of bandwidth: 5036.981999999997
Sum of weights: 10.512999999999998
Average accuracy: 0.7960201655093697
time: 0.46196413040161133
**time: 7
========Allocate Done=============
audio11-0 0.4 276.05100000000004 0.25
audio11-5 0.4 276.05100000000004 0.25
audio12-7 0.4 276.05100000000004 0.25
audio2-4 0.4 276.05100000000004 0.25
audio3-2 0.4 276.05100000000004 0.25
audio3-5 0.4 276.05100000000004 0.25
audio5-4 0.5 344.81100000000004 0.3
audio5-7 0.5 344.81100000000004 0.3
audio6-2 0.45 310.43100000000004 0.27
audio7-4 0.4 276.05100000000004 0.25
audio8-7 1 688.611 0.9
audio9-4 0.6748938336242023 465.0680000000015 0.34
audio9-6 0.55 379.1910000000001 0.31
yolo11-2 1 56.834 0.99
yolo11-5 1 56.834 0.99
yolo12-4 1 56.834 0.99
yolo2-1 1 56.834 0.99
yolo2-2 1 56.834 0.99
yolo2-6 1 56.834 0.99
yolo6-2 1 56.834 0.99
yolo6-5 1 56.834 0.99
yolo8-2 1 56.834 0.99
yolo9-2 1 56.834 0.99
Sum of bandwidth: 5033.62
Sum of weights: 10.552999999999997
Average accuracy: 0.684217757983512
time: 0.006288766860961914
**time: 8
========Allocate Done=============
audio10-8 0.4 276.05100000000004 0.25
audio11-0 0.4 276.05100000000004 0.25
audio11-5 0.4 276.05100000000004 0.25
audio12-7 0.4 276.05100000000004 0.25
audio2-8 0.4 276.05100000000004 0.25
audio3-5 0.4 276.05100000000004 0.25
audio5-4 0.5 344.81100000000004 0.3
audio5-7 0.5 344.81100000000004 0.3
audio6-2 0.44159540430482774 304.6519999999996 0.25
audio7-4 0.4 276.05100000000004 0.25
audio8-7 1 688.611 0.9
audio9-4 0.5 344.81100000000004 0.3
audio9-6 0.5 344.81100000000004 0.3
yolo1-8 1 56.834 0.99
yolo10-8 1 56.834 0.99
yolo11-2 1 56.834 0.99
yolo11-5 1 56.834 0.99
yolo12-4 1 56.834 0.99
yolo12-8 1 56.834 0.99
yolo2-1 1 56.834 0.99
yolo4-8 1 56.834 0.99
yolo6-5 1 56.834 0.99
yolo8-2 1 56.834 0.99
yolo8-8 1 56.834 0.99
yolo9-2 1 56.834 0.99
yolo9-8 1 56.834 0.99
Sum of bandwidth: 5043.705999999997
Sum of weights: 12.184999999999995
Average accuracy: 0.7417119409109566
time: 0.2125532627105713
**time: 9
========Allocate Done=============
audio10-8 0.4 276.05100000000004 0.25
audio11-0 0.4 276.05100000000004 0.25
audio11-5 0.4 276.05100000000004 0.25
audio12-7 0.4 276.05100000000004 0.25
audio2-8 0.4 276.05100000000004 0.25
audio3-5 0.4 276.05100000000004 0.25
audio5-4 0.45 310.43100000000004 0.27
audio5-7 0.45 310.43100000000004 0.27
audio6-2 0.4 276.05100000000004 0.25
audio7-4 0.4 276.05100000000004 0.25
audio8-7 1 688.611 0.9
audio9-4 0.5 344.81100000000004 0.3
audio9-6 0.4860631180919135 335.2279999999998 0.27
yolo1-8 1 56.834 0.99
yolo10-8 1 56.834 0.99
yolo11-2 1 56.834 0.99
yolo11-5 1 56.834 0.99
yolo12-4 1 56.834 0.99
yolo12-8 1 56.834 0.99
yolo2-1 1 56.834 0.99
yolo4-8 1 56.834 0.99
yolo5-9 1 56.834 0.99
yolo6-5 1 56.834 0.99
yolo7-9 1 56.834 0.99
yolo8-2 1 56.834 0.99
yolo8-8 1 56.834 0.99
yolo9-2 1 56.834 0.99
yolo9-8 1 56.834 0.99
Sum of bandwidth: 5050.429999999998
Sum of weights: 13.647999999999996
Average accuracy: 0.7643112543962489
time: 0.012071371078491211
**time: 10
========Allocate Done=============
audio1-10 0.4 276.05100000000004 0.25
audio10-8 0.4 276.05100000000004 0.25
audio11-0 0.4 276.05100000000004 0.25
audio11-5 0.4 276.05100000000004 0.25
audio12-7 0.4 276.05100000000004 0.25
audio2-8 0.4 276.05100000000004 0.25
audio3-5 0.4 276.05100000000004 0.25
audio4-10 0.4 276.05100000000004 0.25
audio5-7 0.4 276.05100000000004 0.25
audio6-10 0.4 276.05100000000004 0.25
audio6-2 0.4 276.05100000000004 0.25
audio7-10 0.4 276.05100000000004 0.25
audio7-4 0.4 276.05100000000004 0.25
audio8-7 0.4 276.05100000000004 0.25
audio9-4 0.4 276.05100000000004 0.25
audio9-6 0.4 276.05100000000004 0.25
yolo1-8 1 56.834 0.99
yolo10-8 1 56.834 0.99
yolo12-8 1 56.834 0.99
yolo3-10 1 56.834 0.99
yolo4-8 1 56.834 0.99
yolo5-9 1 56.834 0.99
yolo6-5 1 56.834 0.99
yolo7-9 1 56.834 0.99
yolo8-2 1 56.834 0.99
yolo8-8 1 56.834 0.99
yolo9-2 0.4195611031604045 28.10738000000132 0.82
yolo9-8 0.39999999999999997 27.027919999999995 0.685
audio3-edge-0 0.4 0.0527 0.25
Sum of bandwidth: 5040.343999999999
Sum of weights: 13.576999999999996
Average accuracy: 0.6105649259777566
time: 0.2607405185699463
**time: 11
========Allocate Done=============
audio1-10 0.4 276.05100000000004 0.25
audio10-8 0.4 276.05100000000004 0.25
audio11-0 0.4 276.05100000000004 0.25
audio11-5 0.4 276.05100000000004 0.25
audio12-7 0.4 276.05100000000004 0.25
audio4-10 0.4 276.05100000000004 0.25
audio5-11 0.4 276.05100000000004 0.25
audio5-7 0.4 276.05100000000004 0.25
audio6-10 0.4 276.05100000000004 0.25
audio6-2 0.4 276.05100000000004 0.25
audio7-10 0.4 276.05100000000004 0.25
audio7-4 0.4 276.05100000000004 0.25
audio8-7 0.4 276.05100000000004 0.25
audio9-11 0.4 276.05100000000004 0.25
audio9-4 0.4 276.05100000000004 0.25
yolo1-11 1 56.834 0.99
yolo1-8 1 56.834 0.99
yolo10-8 1 56.834 0.99
yolo11-11 1 56.834 0.99
yolo12-8 1 56.834 0.99
yolo3-10 1 56.834 0.99
yolo3-11 1 56.834 0.99
yolo4-11 1 56.834 0.99
yolo4-8 1 56.834 0.99
yolo5-11 1 56.834 0.99
yolo5-9 1 56.834 0.99
yolo6-5 1 56.834 0.99
yolo7-9 1 56.834 0.99
yolo8-2 1 56.834 0.99
yolo8-8 1 56.834 0.99
yolo9-2 0.49999999999999994 32.47 0.82
yolo9-8 0.4792486851945731 31.356300000000545 0.82
audio3-edge-0 0.4 0.0527 0.25
Sum of bandwidth: 5057.153999999998
Sum of weights: 16.910999999999998
Average accuracy: 0.6820915380521555
time: 0.11954641342163086
**time: 12
========Allocate Done=============
audio1-10 0.4 276.05100000000004 0.25
audio10-12 0.4 276.05100000000004 0.25
audio10-8 0.4 276.05100000000004 0.25
audio11-12 0.4 276.05100000000004 0.25
audio11-5 0.4 276.05100000000004 0.25
audio12-7 0.4 276.05100000000004 0.25
audio4-10 0.4 276.05100000000004 0.25
audio5-11 0.4 276.05100000000004 0.25
audio5-7 0.4 276.05100000000004 0.25
audio6-10 0.4 276.05100000000004 0.25
audio6-12 0.4 276.05100000000004 0.25
audio6-2 0.4 276.05100000000004 0.25
audio7-10 0.4 276.05100000000004 0.25
audio7-4 0.4 276.05100000000004 0.25
audio8-7 0.4 276.05100000000004 0.25
audio9-11 0.4 276.05100000000004 0.25
audio9-4 0.4 276.05100000000004 0.25
yolo1-11 0.3 21.396079999999998 0.64
yolo1-8 0.3 21.396079999999998 0.64
yolo10-8 0.3 21.396079999999998 0.64
yolo11-11 0.3 21.396079999999998 0.64
yolo12-8 0.3 21.396079999999998 0.64
yolo3-10 0.2 15.574480000000001 0.525
yolo3-11 0.2 15.574480000000001 0.525
yolo4-11 0.6 37.722319999999996 0.88
yolo4-8 0.6 37.722319999999996 0.88
yolo5-11 0.3121115015261325 22.088280000001397 0.685
yolo5-9 0.3 21.396079999999998 0.64
yolo6-5 0.25 18.509 0.64
yolo7-9 0.49999999999999994 32.47 0.82
yolo8-2 0.25 18.509 0.64
yolo8-8 0.25 18.509 0.64
yolo9-2 0.1 9.563120000000001 0.525
yolo9-8 0.1 9.563120000000001 0.525
audio3-edge-0 0.4 0.0527 0.25
audio7-edge-10 0.4 0.0527 0.25
Sum of bandwidth: 5057.154000000005
Sum of weights: 17.961999999999996
Average accuracy: 0.4914527892216905
time: 0.16630148887634277
**time: 13
========Allocate Done=============
audio1-10 0.4 276.05100000000004 0.25
audio10-12 0.4 276.05100000000004 0.25
audio10-8 0.4 276.05100000000004 0.25
audio11-12 0.4 276.05100000000004 0.25
audio11-5 0.4 276.05100000000004 0.25
audio12-7 0.21989511343804685 152.21088000000103 0.2
audio2-13 0.4 276.05100000000004 0.25
audio4-10 0.4 276.05100000000004 0.25
audio4-13 0.4 276.05100000000004 0.25
audio5-11 0.4 276.05100000000004 0.25
audio5-13 0.4 276.05100000000004 0.25
audio5-7 0.4 276.05100000000004 0.25
audio6-10 0.4 276.05100000000004 0.25
audio6-12 0.4 276.05100000000004 0.25
audio6-2 0.4 276.05100000000004 0.25
audio8-7 0.4 276.05100000000004 0.25
audio9-11 0.4 276.05100000000004 0.25
audio9-4 0.4 276.05100000000004 0.25
yolo1-11 0.15000000000000002 12.59252 0.525
yolo10-8 0.15000000000000002 12.59252 0.525
yolo11-11 0.15000000000000002 12.59252 0.525
yolo12-8 0.15000000000000002 12.59252 0.525
yolo3-10 0.1 9.563120000000001 0.525
yolo3-11 0.1 9.563120000000001 0.525
yolo4-11 0.3 21.396079999999998 0.64
yolo4-8 0.3 21.396079999999998 0.64
yolo5-11 0.15000000000000002 12.59252 0.525
yolo5-9 0.15000000000000002 12.59252 0.525
yolo6-5 0.1 9.563120000000001 0.525
yolo7-13 0.25 18.509 0.64
yolo7-9 0.25 18.509 0.64
yolo8-8 0.15000000000000002 12.59252 0.525
yolo9-2 0.05 6.486280000000001 0.525
yolo9-8 0.05 6.486280000000001 0.525
audio3-edge-0 0.4 0.0527 0.25
audio7-edge-10 0.4 0.0527 0.25
Sum of bandwidth: 5054.8030000000035
Sum of weights: 18.275999999999996
Average accuracy: 0.4171593893630994
time: 0.8609447479248047
**time: 14
========Allocate Done=============
audio10-12 0.4 276.05100000000004 0.25
audio10-14 0.4 276.05100000000004 0.25
audio10-8 0.4 276.05100000000004 0.25
audio11-12 0.2549418557300757 176.30902000000006 0.2
audio11-5 0 1.011 0
audio12-7 0 1.011 0
audio2-13 0.4 276.05100000000004 0.25
audio3-14 0.4 276.05100000000004 0.25
audio4-10 0.4 276.05100000000004 0.25
audio4-13 0.4 276.05100000000004 0.25
audio5-11 0.4 276.05100000000004 0.25
audio5-13 0.4 276.05100000000004 0.25
audio5-7 0.4 276.05100000000004 0.25
audio6-10 0.4 276.05100000000004 0.25
audio6-12 0.4 276.05100000000004 0.25
audio6-2 0.4 276.05100000000004 0.25
audio8-7 0.4 276.05100000000004 0.25
audio9-11 0.4 276.05100000000004 0.25
audio9-14 0.4 276.05100000000004 0.25
audio9-4 0.4 276.05100000000004 0.25
yolo1-11 0.15000000000000002 12.59252 0.525
yolo1-14 0.15000000000000002 12.59252 0.525
yolo10-14 0.15000000000000002 12.59252 0.525
yolo10-8 0.15000000000000002 12.59252 0.525
yolo11-11 0.15000000000000002 12.59252 0.525
yolo12-8 0.15000000000000002 12.59252 0.525
yolo3-11 0.1 9.563120000000001 0.525
yolo4-11 0.3 21.396079999999998 0.64
yolo5-11 0.15000000000000002 12.59252 0.525
yolo5-9 0.15000000000000002 12.59252 0.525
yolo6-5 0.1 9.563120000000001 0.525
yolo7-13 0.25 18.509 0.64
yolo8-8 0.15000000000000002 12.59252 0.525
yolo9-8 0.05 6.486280000000001 0.525
audio1-edge-10 0 0.0527 0
audio7-edge-10 0.4 0.0527 0.25
Sum of bandwidth: 5050.153700000003
Sum of weights: 17.683
Average accuracy: 0.3893691681275802
time: 0.04727816581726074
**time: 15
========Allocate Done=============
audio1-15 0.4 276.05100000000004 0.25
audio10-14 0.4 276.05100000000004 0.25
audio10-8 0.4 276.05100000000004 0.25
audio11-5 0.4 276.05100000000004 0.25
audio2-13 0.4 276.05100000000004 0.25
audio3-14 0.4 276.05100000000004 0.25
audio4-10 0.985833187899941 678.8698999999995 0.9
audio4-13 0.55 379.1910000000001 0.31
audio6-10 0.4 276.05100000000004 0.25
audio6-12 0.4 276.05100000000004 0.25
audio6-15 0.4 276.05100000000004 0.25
audio8-7 0.55 379.1910000000001 0.31
audio9-14 0.4 276.05100000000004 0.25
yolo1-11 1 56.834 0.99
yolo1-14 1 56.834 0.99
yolo10-14 1 56.834 0.99
yolo10-8 1 56.834 0.99
yolo11-11 1 56.834 0.99
yolo12-8 1 56.834 0.99
yolo3-11 1 56.834 0.99
yolo4-11 1 56.834 0.99
yolo5-11 1 56.834 0.99
yolo6-15 1 56.834 0.99
yolo6-5 1 56.834 0.99
yolo7-13 1 56.834 0.99
yolo8-15 1 56.834 0.99
yolo8-8 1 56.834 0.99
yolo9-8 1 56.834 0.99
audio1-edge-10 0.4 0.0527 0.25
audio11-edge-5 0.4 0.0527 0.25
audio7-edge-10 0.4 0.0527 0.25
Sum of bandwidth: 5050.429999999998
Sum of weights: 15.011000000000001
Average accuracy: 0.732126440610219
time: 0.025089263916015625
**time: 16
========Allocate Done=============
audio10-14 0.4 276.05100000000004 0.25
audio10-8 0.4 276.05100000000004 0.25
audio11-16 0.4 276.05100000000004 0.25
audio2-13 0.4 276.05100000000004 0.25
audio3-14 0.4 276.05100000000004 0.25
audio4-10 0.5062901396160583 349.1361000000017 0.3
audio4-13 0.5 344.81100000000004 0.3
audio4-16 0.5 344.81100000000004 0.3
audio6-10 0.4 276.05100000000004 0.25
audio6-12 0.4 276.05100000000004 0.25
audio6-15 0.4 276.05100000000004 0.25
audio8-7 0.5 344.81100000000004 0.3
audio9-14 0.4 276.05100000000004 0.25
audio9-16 0.4 276.05100000000004 0.25
yolo1-11 1 56.834 0.99
yolo1-14 1 56.834 0.99
yolo1-16 1 56.834 0.99
yolo10-14 1 56.834 0.99
yolo10-8 1 56.834 0.99
yolo11-11 1 56.834 0.99
yolo12-8 1 56.834 0.99
yolo3-11 1 56.834 0.99
yolo4-11 1 56.834 0.99
yolo4-16 1 56.834 0.99
yolo5-11 1 56.834 0.99
yolo6-15 1 56.834 0.99
yolo6-16 1 56.834 0.99
yolo8-15 1 56.834 0.99
yolo8-8 1 56.834 0.99
yolo9-8 1 56.834 0.99
audio1-edge-10 0.4 0.0527 0.25
audio1-edge-15 0.4 0.0527 0.25
audio11-edge-15 0.4 0.0527 0.25
audio11-edge-5 0.4 0.0527 0.25
audio3-edge-14 0.4 0.0527 0.25
audio7-edge-10 0.4 0.0527 0.25
audio9-edge-14 0.4 0.0527 0.25
Sum of bandwidth: 5053.792
Sum of weights: 18.294
Average accuracy: 0.6441549141795123
time: 0.1455085277557373
**time: 17
========Allocate Done=============
audio10-14 0.4 276.05100000000004 0.25
audio10-8 0.4 276.05100000000004 0.25
audio11-16 0.4 276.05100000000004 0.25
audio4-10 1 688.611 0.9
audio4-13 1 688.611 0.9
audio4-16 1 688.611 0.9
audio6-12 0.4 276.05100000000004 0.25
audio6-15 0.4 276.05100000000004 0.25
audio8-7 0.923312681791735 635.880799999997 0.84
audio9-16 0.4 276.05100000000004 0.25
yolo1-14 1 56.834 0.99
yolo1-16 1 56.834 0.99
yolo10-14 1 56.834 0.99
yolo10-8 1 56.834 0.99
yolo11-11 1 56.834 0.99
yolo12-8 1 56.834 0.99
yolo3-11 1 56.834 0.99
yolo4-11 1 56.834 0.99
yolo4-16 1 56.834 0.99
yolo6-16 1 56.834 0.99
yolo8-15 1 56.834 0.99
yolo8-8 1 56.834 0.99
audio1-edge-10 0.4 0.0527 0.25
audio1-edge-15 0.4 0.0527 0.25
audio11-edge-15 0.4 0.0527 0.25
audio3-edge-14 0.4 0.0527 0.25
audio7-edge-10 0.4 0.0527 0.25
audio9-edge-14 0.4 0.0527 0.25
Sum of bandwidth: 5040.343999999996
Sum of weights: 14.614999999999998
Average accuracy: 0.7877659938419432
time: 0.014446258544921875
**time: 18
========Allocate Done=============
audio10-8 0.4 276.05100000000004 0.25
audio11-16 0.4 276.05100000000004 0.25
audio12-17 0.4 276.05100000000004 0.25
audio3-18 0.4 276.05100000000004 0.25
audio4-16 1 688.611 0.9
audio6-12 1 688.611 0.9
audio6-15 0.7247830133798727 499.3718000000005 0.42
audio8-17 1 688.611 0.9
audio9-16 1 688.611 0.9
yolo1-14 1 56.834 0.99
yolo1-16 1 56.834 0.99
yolo10-14 1 56.834 0.99
yolo11-11 1 56.834 0.99
yolo12-18 1 56.834 0.99
yolo3-11 1 56.834 0.99
yolo3-17 1 56.834 0.99
yolo4-11 1 56.834 0.99
yolo4-16 1 56.834 0.99
yolo6-16 1 56.834 0.99
yolo8-15 1 56.834 0.99
yolo8-8 1 56.834 0.99
audio1-edge-10 0.4 0.0527 0.25
audio1-edge-15 0.4 0.0527 0.25
audio11-edge-15 0.4 0.0527 0.25
audio3-edge-14 0.4 0.0527 0.25
audio7-edge-10 0.5 0.0527 0.3
audio9-edge-14 1 0.0527 0.9
Sum of bandwidth: 5040.343999999999
Sum of weights: 13.056000000000001
Average accuracy: 0.8558723958333331
time: 0.055071115493774414
**time: 19
========Allocate Done=============
audio11-16 0.4 276.05100000000004 0.25
audio12-17 0.4 276.05100000000004 0.25
audio3-18 0.4 276.05100000000004 0.25
audio4-16 1 688.611 0.9
audio6-15 1 688.611 0.9
audio6-19 0.8151887725421713 561.534799999997 0.67
audio8-17 1 688.611 0.9
audio9-16 1 688.611 0.9
yolo1-14 1 56.834 0.99
yolo1-16 1 56.834 0.99
yolo10-14 1 56.834 0.99
yolo11-11 1 56.834 0.99
yolo11-19 1 56.834 0.99
yolo12-18 1 56.834 0.99
yolo2-19 1 56.834 0.99
yolo3-11 1 56.834 0.99
yolo3-17 1 56.834 0.99
yolo4-11 1 56.834 0.99
yolo4-16 1 56.834 0.99
yolo5-19 1 56.834 0.99
yolo6-16 1 56.834 0.99
yolo7-19 1 56.834 0.99
yolo8-15 1 56.834 0.99
yolo9-19 1 56.834 0.99
audio1-edge-10 0.4 0.0527 0.25
audio1-edge-15 0.4 0.0527 0.25
audio11-edge-15 0.4 0.0527 0.25
audio3-edge-14 0.4 0.0527 0.25
audio7-edge-10 0.5 0.0527 0.3
audio9-edge-14 1 0.0527 0.9
Sum of bandwidth: 5053.791999999995
Sum of weights: 15.279999999999998
Average accuracy: 0.8863710732984293
time: 0.030439138412475586
**time: 20
========Allocate Done=============
audio10-20 0.4 276.05100000000004 0.25
audio11-16 0.4 276.05100000000004 0.25
audio12-17 0.4 276.05100000000004 0.25
audio2-20 0.4 276.05100000000004 0.25
audio3-18 0.4 276.05100000000004 0.25
audio4-16 0.8302242582897043 571.8732000000007 0.67
audio6-15 0.4 276.05100000000004 0.25
audio6-19 0.4 276.05100000000004 0.25
audio6-20 0.4 276.05100000000004 0.25
audio7-20 0.4 276.05100000000004 0.25
audio8-17 0.55 379.1910000000001 0.31
audio8-20 0.55 379.1910000000001 0.31
audio9-16 0.4 276.05100000000004 0.25
yolo1-16 1 56.834 0.99
yolo1-20 1 56.834 0.99
yolo10-14 1 56.834 0.99
yolo11-11 1 56.834 0.99
yolo11-19 1 56.834 0.99
yolo12-18 1 56.834 0.99
yolo2-19 1 56.834 0.99
yolo3-11 1 56.834 0.99
yolo3-17 1 56.834 0.99
yolo4-11 1 56.834 0.99
yolo4-16 1 56.834 0.99
yolo4-20 1 56.834 0.99
yolo5-19 1 56.834 0.99
yolo6-16 1 56.834 0.99
yolo7-19 1 56.834 0.99
yolo8-15 1 56.834 0.99
yolo9-19 1 56.834 0.99
audio11-edge-15 0.4 0.0527 0.25
audio3-edge-14 0.4 0.0527 0.25
audio7-edge-10 0.4 0.0527 0.25
audio9-edge-14 0.4 0.0527 0.25
Sum of bandwidth: 5057.1539999999995
Sum of weights: 18.119999999999994
Average accuracy: 0.7083697571743933
time: 0.014036417007446289
**time: 21
========Allocate Done=============
audio10-20 0.4 276.05100000000004 0.25
audio10-21 0.4 276.05100000000004 0.25
audio11-16 0.4 276.05100000000004 0.25
audio12-17 0.4 276.05100000000004 0.25
audio2-20 0.4 276.05100000000004 0.25
audio2-21 0.4 276.05100000000004 0.25
audio3-18 0.4 276.05100000000004 0.25
audio3-21 0.4 276.05100000000004 0.25
audio4-16 0.4 276.05100000000004 0.25
audio5-21 0.4 276.05100000000004 0.25
audio6-15 0.4 276.05100000000004 0.25
audio6-19 0.4 276.05100000000004 0.25
audio6-20 0.4 276.05100000000004 0.25
audio8-17 0.4 276.05100000000004 0.25
audio8-20 0.4 276.05100000000004 0.25
audio9-16 0.4 276.05100000000004 0.25
audio9-21 0.4 276.05100000000004 0.25
yolo1-16 0.25 18.509 0.64
yolo1-20 0.25 18.509 0.64
yolo10-14 0.25 18.509 0.64
yolo11-11 0.25 18.509 0.64
yolo11-19 0.25 18.509 0.64
yolo12-18 0.25 18.509 0.64
yolo2-19 0.2 15.574480000000001 0.525
yolo3-11 0.2 15.574480000000001 0.525
yolo3-17 0.2 15.574480000000001 0.525
yolo4-11 0.5499999999999999 35.119879999999995 0.88
yolo4-16 0.5401153592259728 34.59978000000039 0.88
yolo4-20 0.49999999999999994 32.47 0.82
yolo5-19 0.3 21.396079999999998 0.64
yolo6-16 0.2 15.574480000000001 0.525
yolo6-21 0.2 15.574480000000001 0.525
yolo7-19 0.44999999999999996 29.77268 0.82
yolo8-15 0.25 18.509 0.64
yolo9-19 0.05 6.486280000000001 0.525
audio11-edge-15 0.4 0.0527 0.25
audio11-edge-16 0.4 0.0527 0.25
audio3-edge-14 0.4 0.0527 0.25
audio7-edge-10 0.4 0.0527 0.25
audio7-edge-20 0.4 0.0527 0.25
audio9-edge-14 0.4 0.0527 0.25
audio9-edge-16 0.4 0.0527 0.25
Sum of bandwidth: 5060.516000000004
Sum of weights: 21.08
Average accuracy: 0.47507258064516145
time: 0.5593795776367188
**time: 22
========Allocate Done=============
audio1-22 0.4 276.05100000000004 0.25
audio10-20 0.1400318499127399 97.29689999999995 0.2
audio10-21 0 1.011 0
audio11-16 0 1.011 0
audio12-17 0 1.011 0
audio2-20 0.4 276.05100000000004 0.25
audio2-21 0.4 276.05100000000004 0.25
audio3-18 0.4 276.05100000000004 0.25
audio3-21 0.4 276.05100000000004 0.25
audio4-16 0.4 276.05100000000004 0.25
audio4-22 0.4 276.05100000000004 0.25
audio5-21 0.4 276.05100000000004 0.25
audio6-15 0.4 276.05100000000004 0.25
audio6-19 0.4 276.05100000000004 0.25
audio6-20 0.4 276.05100000000004 0.25
audio7-22 0.4 276.05100000000004 0.25
audio8-17 0.4 276.05100000000004 0.25
audio8-20 0.4 276.05100000000004 0.25
audio8-22 0.4 276.05100000000004 0.25
audio9-16 0.4 276.05100000000004 0.25
audio9-21 0.4 276.05100000000004 0.25
yolo1-16 0.15000000000000002 12.59252 0.525
yolo1-20 0.15000000000000002 12.59252 0.525
yolo10-14 0.15000000000000002 12.59252 0.525
yolo11-11 0.15000000000000002 12.59252 0.525
yolo11-19 0.15000000000000002 12.59252 0.525
yolo12-18 0.15000000000000002 12.59252 0.525
yolo2-19 0.1 9.563120000000001 0.525
yolo2-22 0.1 9.563120000000001 0.525
yolo3-11 0.1 9.563120000000001 0.525
yolo3-17 0.1 9.563120000000001 0.525
yolo4-11 0.3 21.396079999999998 0.64
yolo4-16 0.3 21.396079999999998 0.64
yolo4-20 0.3 21.396079999999998 0.64
yolo4-22 0.3 21.396079999999998 0.64
yolo5-19 0.15000000000000002 12.59252 0.525
yolo6-16 0.1 9.563120000000001 0.525
yolo6-21 0.1 9.563120000000001 0.525
yolo7-19 0.25 18.509 0.64
yolo8-15 0.15000000000000002 12.59252 0.525
yolo8-22 0.15000000000000002 12.59252 0.525
yolo9-19 0.05 6.486280000000001 0.525
audio11-edge-15 0 0.0527 0
audio11-edge-16 0 0.0527 0
audio3-edge-14 0.4 0.0527 0.25
audio7-edge-20 0.4 0.0527 0.25
audio9-edge-16 0.4 0.0527 0.25
Sum of bandwidth: 5074.751400000004
Sum of weights: 24.284999999999993
Average accuracy: 0.4158795552810379
time: 0.10344171524047852
**time: 23
========Allocate Done=============
audio1-22 0.15332577079697307 106.43779999999869 0.2
audio10-20 0 1.011 0
audio10-21 0 1.011 0
audio11-23 0 1.011 0
audio12-17 0 1.011 0
audio12-23 0 1.011 0
audio2-20 0.4 276.05100000000004 0.25
audio2-21 0.4 276.05100000000004 0.25
audio3-18 0.4 276.05100000000004 0.25
audio3-21 0.4 276.05100000000004 0.25
audio4-16 0.4 276.05100000000004 0.25
audio4-22 0.4 276.05100000000004 0.25
audio5-21 0.4 276.05100000000004 0.25
audio6-15 0.4 276.05100000000004 0.25
audio6-19 0.4 276.05100000000004 0.25
audio6-20 0.4 276.05100000000004 0.25
audio6-23 0.4 276.05100000000004 0.25
audio7-22 0.4 276.05100000000004 0.25
audio8-17 0.4 276.05100000000004 0.25
audio8-20 0.4 276.05100000000004 0.25
audio8-22 0.4 276.05100000000004 0.25
audio9-16 0.4 276.05100000000004 0.25
audio9-21 0.4 276.05100000000004 0.25
yolo1-16 0.15000000000000002 12.59252 0.525
yolo1-20 0.15000000000000002 12.59252 0.525
yolo1-23 0.15000000000000002 12.59252 0.525
yolo10-14 0.15000000000000002 12.59252 0.525
yolo10-23 0.15000000000000002 12.59252 0.525
yolo11-19 0.15000000000000002 12.59252 0.525
yolo12-18 0.15000000000000002 12.59252 0.525
yolo2-19 0.1 9.563120000000001 0.525
yolo2-22 0.1 9.563120000000001 0.525
yolo3-17 0.1 9.563120000000001 0.525
yolo4-11 0.3 21.396079999999998 0.64
yolo4-20 0.3 21.396079999999998 0.64
yolo4-22 0.3 21.396079999999998 0.64
yolo5-19 0.15000000000000002 12.59252 0.525
yolo6-16 0.1 9.563120000000001 0.525
yolo6-21 0.1 9.563120000000001 0.525
yolo7-19 0.25 18.509 0.64
yolo7-23 0.25 18.509 0.64
yolo8-22 0.15000000000000002 12.59252 0.525
yolo9-19 0.05 6.486280000000001 0.525
audio11-edge-15 0 0.0527 0
audio11-edge-16 0 0.0527 0
audio7-edge-20 0.4 0.0527 0.25
audio9-edge-16 0.4 0.0527 0.25
Sum of bandwidth: 5073.411400000002
Sum of weights: 23.956999999999983
Average accuracy: 0.41081500187836584
time: 0.00695037841796875
**time: 24
========Allocate Done=============
audio1-22 0.4 276.05100000000004 0.25
audio10-20 0.12647725421756834 87.97675999999998 0.2
audio10-21 0 1.011 0
audio11-23 0 1.011 0
audio12-17 0 1.011 0
audio12-23 0 1.011 0
audio2-20 0.4 276.05100000000004 0.25
audio2-21 0.4 276.05100000000004 0.25
audio3-21 0.4 276.05100000000004 0.25
audio4-16 0.4 276.05100000000004 0.25
audio4-22 0.4 276.05100000000004 0.25
audio5-21 0.4 276.05100000000004 0.25
audio6-15 0.4 276.05100000000004 0.25
audio6-19 0.4 276.05100000000004 0.25
audio6-20 0.4 276.05100000000004 0.25
audio6-23 0.4 276.05100000000004 0.25
audio7-22 0.4 276.05100000000004 0.25
audio8-17 0.4 276.05100000000004 0.25
audio8-20 0.4 276.05100000000004 0.25
audio8-22 0.4 276.05100000000004 0.25
audio9-21 0.4 276.05100000000004 0.25
audio9-24 0.4 276.05100000000004 0.25
yolo1-16 0.15000000000000002 12.59252 0.525
yolo1-20 0.15000000000000002 12.59252 0.525
yolo1-23 0.15000000000000002 12.59252 0.525
yolo1-24 0.15000000000000002 12.59252 0.525
yolo10-23 0.15000000000000002 12.59252 0.525
yolo10-24 0.15000000000000002 12.59252 0.525
yolo11-19 0.15000000000000002 12.59252 0.525
yolo12-18 0.15000000000000002 12.59252 0.525
yolo2-19 0.1 9.563120000000001 0.525
yolo2-22 0.1 9.563120000000001 0.525
yolo3-17 0.1 9.563120000000001 0.525
yolo4-11 0.3 21.396079999999998 0.64
yolo4-20 0.3 21.396079999999998 0.64
yolo4-22 0.3 21.396079999999998 0.64
yolo5-19 0.15000000000000002 12.59252 0.525
yolo6-16 0.1 9.563120000000001 0.525
yolo6-21 0.1 9.563120000000001 0.525
yolo7-19 0.25 18.509 0.64
yolo7-23 0.25 18.509 0.64
yolo8-22 0.15000000000000002 12.59252 0.525
yolo8-24 0.15000000000000002 12.59252 0.525
yolo9-19 0.05 6.486280000000001 0.525
audio11-edge-15 0 0.0527 0
audio11-edge-16 0 0.0527 0
audio7-edge-20 0.4 0.0527 0.25
audio9-edge-16 0.4 0.0527 0.25
Sum of bandwidth: 5079.124400000003
Sum of weights: 24.726999999999986
Average accuracy: 0.4191549722974889
time: 0.015601158142089844
**time: 25
========Allocate Done=============
audio1-22 0.4 276.05100000000004 0.25
audio10-21 0.17955334496800412 124.47187999999963 0.2
audio11-23 0 1.011 0
audio12-23 0 1.011 0
audio2-20 0.4 276.05100000000004 0.25
audio2-21 0.4 276.05100000000004 0.25
audio3-21 0.4 276.05100000000004 0.25
audio4-16 0.4 276.05100000000004 0.25
audio4-22 0.4 276.05100000000004 0.25
audio5-21 0.4 276.05100000000004 0.25
audio6-15 0.4 276.05100000000004 0.25
audio6-19 0.4 276.05100000000004 0.25
audio6-20 0.4 276.05100000000004 0.25
audio6-23 0.4 276.05100000000004 0.25
audio7-22 0.4 276.05100000000004 0.25
audio8-17 0.4 276.05100000000004 0.25
audio8-20 0.4 276.05100000000004 0.25
audio8-22 0.4 276.05100000000004 0.25
audio9-21 0.4 276.05100000000004 0.25
audio9-24 0.4 276.05100000000004 0.25
yolo1-20 0.15000000000000002 12.59252 0.525
yolo1-23 0.15000000000000002 12.59252 0.525
yolo1-24 0.15000000000000002 12.59252 0.525
yolo10-23 0.15000000000000002 12.59252 0.525
yolo10-24 0.15000000000000002 12.59252 0.525
yolo11-19 0.15000000000000002 12.59252 0.525
yolo12-18 0.15000000000000002 12.59252 0.525
yolo2-19 0.1 9.563120000000001 0.525
yolo2-22 0.1 9.563120000000001 0.525
yolo3-17 0.1 9.563120000000001 0.525
yolo4-20 0.3 21.396079999999998 0.64
yolo4-22 0.3 21.396079999999998 0.64
yolo6-16 0.1 9.563120000000001 0.525
yolo6-21 0.1 9.563120000000001 0.525
yolo7-19 0.25 18.509 0.64
yolo7-23 0.25 18.509 0.64
yolo8-22 0.15000000000000002 12.59252 0.525
yolo8-24 0.15000000000000002 12.59252 0.525
yolo9-19 0.05 6.486280000000001 0.525
audio11-edge-15 0 0.0527 0
audio11-edge-16 0 0.0527 0
audio7-edge-20 0.4 0.0527 0.25
audio9-edge-16 0.4 0.0527 0.25
Sum of bandwidth: 5067.016400000002
Sum of weights: 22.489999999999984
Average accuracy: 0.4064942196531796
time: 0.006182432174682617
