time: 0
  Time         enp0s25      
HH:MM:SS   Kbps in  Kbps out
03:34:52   3052.67     16.42
03:34:55   2957.79     24.47
03:34:58   3061.16     24.68
03:35:01   3255.10     10.57
03:35:04   3185.52     13.44
03:35:07   2776.43     15.43
03:35:10   3184.31     17.92
03:35:13   3675.23     22.77
03:35:16   3695.51     23.14
03:35:19   4532.41     29.05
03:35:22   4794.27     32.67
03:35:25   4566.45     32.40
03:35:28   3190.50     10.80
03:35:31   4408.45     31.54
03:35:34   4808.80     31.93
03:35:37   3184.96     14.25
03:35:40   4239.02     23.19
03:35:43   3845.79     22.62
03:35:46   4567.15     33.03
Connection to 192.168.1.102 closed.
time: 1
  Time         enp0s25      
HH:MM:SS   Kbps in  Kbps out
03:35:52   4736.90     31.67
03:35:55   2827.81     17.88
03:35:58   4808.14     45.57
03:36:01   4954.25     52.86
03:36:04   3320.61     12.83
03:36:07   4548.58     31.00
03:36:10   3430.30     17.41
03:36:13   7193.82     66.12
03:36:16   3166.28     12.69
03:36:19   4501.09     31.31
03:36:22   4446.86     31.53
03:36:25   3320.29     14.49
03:36:28   4770.43     36.46
03:36:31   3491.79     18.33
03:36:34   4705.97     26.13
03:36:37   4169.04     26.60
03:36:40   6169.70     58.65
03:36:43   2946.61      9.10
03:36:46   4233.20     31.77
Connection to 192.168.1.102 closed.
time: 2
  Time         enp0s25      
HH:MM:SS   Kbps in  Kbps out
03:36:52   4611.66     69.24
03:36:55   2643.67     14.34
03:36:58   4056.70     22.89
03:37:01   4521.65     30.35
03:37:04   4523.12     24.31
03:37:07   5374.36     40.79
03:37:10   4558.42     26.75
03:37:13   3208.38     12.60
03:37:16   4849.97     39.99
03:37:19   4387.86     37.70
03:37:22   3145.92      8.62
03:37:25   4107.66     27.46
03:37:28   4388.61     29.92
03:37:31   3702.02    202.32
03:37:34   4388.21    200.40
03:37:37   4692.59    201.89
03:37:40   4542.37     32.38
03:37:43   2599.23    182.71
03:37:46   4835.16    209.16
Connection to 192.168.1.102 closed.
time: 3
  Time         enp0s25      
HH:MM:SS   Kbps in  Kbps out
03:37:52   3341.28     31.02
03:37:55   4095.99    218.01
03:37:58   4257.80    201.51
03:38:01   4892.12    125.65
03:38:04   4001.36     16.46
03:38:07   5840.46   1196.49
03:38:10   3266.98    182.00
03:38:13   4859.56   1335.27
03:38:16   4902.69     27.10
03:38:19   3042.53    345.80
03:38:22   4332.39   1008.21
03:38:25   4913.85    209.39
03:38:28   4755.75    996.73
03:38:31   2649.90    184.99
03:38:34   4791.71    200.95
03:38:37   4765.74   1175.75
03:38:40   3308.80    108.84
03:38:43   4295.72    106.01
03:38:46   3843.35   1163.95
Connection to 192.168.1.102 closed.
time: 4
  Time         enp0s25      
HH:MM:SS   Kbps in  Kbps out
03:38:53   4197.20    375.88
03:38:56   4147.59    847.56
03:38:59   4182.40    195.53
03:39:02   4628.54   1166.56
03:39:05   5178.04    380.67
03:39:08   4624.50     33.31
03:39:11   2672.48    354.23
03:39:14   4734.99    672.87
03:39:17   4678.11    209.58
03:39:20   3057.42     12.25
03:39:23   4400.41    207.50
03:39:26   4554.21   2340.14
03:39:29   4881.95    779.42
03:39:32   3121.09     15.49
03:39:35   4258.84   1668.96
03:39:38   4770.71   2072.57
03:39:41   3239.60   2977.71
03:39:44   4762.07     36.30
03:39:47   4341.99    883.14
Connection to 192.168.1.102 closed.
time: 5
  Time         enp0s25      
HH:MM:SS   Kbps in  Kbps out
03:39:53   4808.19   4088.05
03:39:56   4647.72     53.16
03:39:59   4566.97    818.01
03:40:02   2639.89    520.75
03:40:05   4464.18   3081.14
03:40:08   4311.54    812.85
03:40:11   4335.81    556.56
03:40:14   3663.68    564.78
03:40:17  78910.87   4687.95
03:40:20  71721.90   2134.50
03:40:23  78007.96   1884.27
03:40:26  70689.58   3541.53
03:40:29  88016.47   3560.65
03:40:32  99682.99   2088.70
03:40:35  98064.62   2179.44
03:40:38  83599.29   2049.88
03:40:41  66222.13   4707.58
03:40:44  67376.98   1883.48
03:40:47  96712.45   2043.96
Connection to 192.168.1.102 closed.
time: 6
  Time         enp0s25      
HH:MM:SS   Kbps in  Kbps out
03:40:53  86554.66   2086.37
03:40:56  80604.49   2002.59
03:40:59  85023.50   3945.31
03:41:02  89131.42   1986.26
03:41:05  60437.52   1650.29
03:41:08  73032.37   1800.26
03:41:11  93971.46   1937.75
03:41:14  89559.58   3355.38
03:41:17  93505.39   3508.02
03:41:20  98636.36   2608.41
03:41:23  86243.75   2464.20
03:41:26  91469.47   2540.49
03:41:29  89652.78   2471.17
03:41:32  73139.46   3989.56
03:41:35  80468.70   2522.78
03:41:38  91993.51   2459.15
03:41:41  97243.30   2539.49
03:41:44  87875.96   2016.88
03:41:47  82617.08   1727.06
Connection to 192.168.1.102 closed.
time: 7
  Time         enp0s25      
HH:MM:SS   Kbps in  Kbps out
03:41:53  69408.59   2007.05
03:41:56  64333.43   1888.94
03:41:59  60329.01   1365.95
03:42:02  51021.84   2533.17
03:42:05  42865.83   1982.42
03:42:08  28398.31   1073.19
03:42:11  49419.24   1112.32
03:42:14  43433.20    981.21
03:42:17  46182.43   3322.39
03:42:20  51715.06   1592.02
03:42:23  39276.51   1035.79
03:42:26  34792.62    709.30
03:42:29  35945.98   3128.63
03:42:32  36512.76    777.90
03:42:35  36237.18    864.90
03:42:38  58743.48   1239.77
03:42:41  30895.95   2893.70
03:42:44  39553.72   1068.23
03:42:47  37591.72    923.33
Connection to 192.168.1.102 closed.
time: 8
  Time         enp0s25      
HH:MM:SS   Kbps in  Kbps out
03:42:52  34085.16    908.24
03:42:55  34410.11   3105.46
03:42:58  44879.88    924.09
03:43:01  14452.25    479.08
03:43:04   4684.16    240.00
03:43:07   4698.17   2474.70
03:43:10   4517.99     45.96
03:43:13   2809.53    206.16
03:43:16   4837.14     96.99
03:43:19   3844.39   1026.56
03:43:22   4035.81   1297.53
03:43:25   4043.15     67.31
03:43:28   4977.11   1624.05
03:43:31   4165.21     62.51
03:43:34   4907.97   1578.73
03:43:37   4684.35     80.29
03:43:40   3125.20     46.06
03:43:43   4777.31   1613.55
03:43:46   4585.96     32.89
Connection to 192.168.1.102 closed.
time: 9
  Time         enp0s25      
HH:MM:SS   Kbps in  Kbps out
03:43:53   3209.99   1613.79
03:43:56   4668.64     72.64
03:43:59   5020.28   1312.28
03:44:02   2947.22    570.66
03:44:05   4506.92     69.45
03:44:08   4343.19   1619.42
03:44:11   3058.36     63.60
03:44:14   4687.88     76.90
03:44:17   4138.29   1578.42
03:44:20   3287.39     59.31
03:44:23   4288.53     64.47
03:44:26   4667.16   1752.38
03:44:29   4672.95    298.65
03:44:32   3989.92   2007.66
03:44:35   5213.25     75.08
03:44:38   4814.94    877.78
03:44:41   2935.91   1146.38
03:44:44   4241.44     74.95
03:44:47   4565.58   1185.39
Connection to 192.168.1.102 closed.
time: 10
  Time         enp0s25      
HH:MM:SS   Kbps in  Kbps out
03:44:53   4714.01     74.42
03:44:56   4600.51   1978.73
03:44:59   2681.80     51.71
03:45:02   4364.31     66.47
03:45:05   4987.38   2019.77
03:45:08   4663.66   1932.98
03:45:11   2902.74    328.18
03:45:14   3978.13   2391.39
03:45:17   3753.62    447.57
03:45:20   3990.48    100.04
03:45:23   4491.01   1887.91
03:45:26   4233.79    113.62
03:45:29   4511.85   1652.11
03:45:32   5373.43    115.99
03:45:35   4602.75   1198.74
03:45:38   2522.76    475.40
03:45:41   4644.85    482.30
03:45:44   4894.92   1499.23
03:45:47   4634.77    567.28
Connection to 192.168.1.102 closed.
time: 11
  Time         enp0s25      
HH:MM:SS   Kbps in  Kbps out
03:46:15   4072.62   2313.95
03:46:18   6512.98   2706.63
03:46:21   3068.60   1220.61
03:46:24   5004.46   1787.10
03:46:27   5541.54   1446.86
03:46:30   3485.89    439.01
03:46:33   4489.92   1550.33
03:46:36   4060.78    875.98
03:46:39   4566.05    542.27
03:46:42   3634.19     51.34
03:46:45  49722.13   1843.68
03:46:48  91390.36   2003.95
03:46:51  92141.09   1891.78
03:46:54  78332.17   1588.76
03:46:57  92854.02   2041.32
03:47:00  89082.20   1962.52
03:47:03  84108.30   1830.36
03:47:06  98913.52   2078.97
03:47:09  100185.0   2186.99
Connection to 192.168.1.102 closed.
time: 12
  Time         enp0s25      
HH:MM:SS   Kbps in  Kbps out
03:47:15  97729.88   2116.86
03:47:18  79768.20   1871.81
03:47:21  82515.59   2019.02
03:47:24  98344.79   2183.18
03:47:27  89632.47   1940.94
03:47:30  74562.42   1699.48
03:47:33  27182.67    915.89
03:47:36  49501.37   1551.73
03:47:39  50813.57   1062.08
03:47:42  45964.52   1825.99
03:47:45  51909.18   1462.26
03:47:48  42310.53   1753.68
03:47:51  26648.86    657.33
03:47:54  39320.42   1368.25
03:47:57  22575.13   1088.06
03:48:00   2884.32    501.16
03:48:03   4906.52    523.76
03:48:06   4721.21    545.68
03:48:09   2992.01    374.15
Connection to 192.168.1.102 closed.
time: 13
  Time         enp0s25      
HH:MM:SS   Kbps in  Kbps out
03:48:16   5233.27    880.26
03:48:19   3602.72    188.11
03:48:22   4771.14    774.83
03:48:25   4609.06    167.46
03:48:28   3695.26    513.57
03:48:31   4534.50    529.63
03:48:34   3697.76     24.98
03:48:37   4248.37    541.77
03:48:40   4664.34    548.89
03:48:43  26099.07    913.26
03:48:46  52660.82   1489.54
03:48:49  57699.29   1265.89
03:48:52  59034.56   2022.48
03:48:55  85129.77   1879.52
03:48:58  83833.94   1758.73
03:49:01  84347.37   2572.18
03:49:04  71715.28   1595.79
03:49:07  69189.96   1934.23
03:49:10  70609.01   1906.94
Connection to 192.168.1.102 closed.
time: 14
  Time         enp0s25      
HH:MM:SS   Kbps in  Kbps out
03:49:15  67806.36   1678.38
03:49:18  50622.80   1576.97
03:49:21  50820.16   1137.29
03:49:24  61016.40   1761.44
03:49:27  49618.71   1467.38
03:49:30  39082.30    860.91
03:49:33  50742.17   1728.67
03:49:36  50383.01   1142.91
03:49:39  27828.17   1371.91
03:49:42  58409.21   1301.72
03:49:45  41367.23    832.67
03:49:48  38699.54   1636.39
03:49:51  50791.68   1506.49
03:49:54  37797.19    887.68
03:49:57  38270.01   1935.72
03:50:00  38936.55    871.56
03:50:03  54131.53   1502.15
03:50:06  49459.71   1877.57
03:50:09  35069.39    708.65
Connection to 192.168.1.102 closed.
time: 15
  Time         enp0s25      
HH:MM:SS   Kbps in  Kbps out
03:50:15  44581.46   1683.99
03:50:18  58458.28   1271.37
03:50:21  43498.80    850.49
03:50:24  63609.29   2154.53
03:50:27  37058.03    854.47
03:50:30  20404.53   1062.71
03:50:33  23410.00    541.68
03:50:36  27461.91    570.10
03:50:39  30269.57   1209.06
03:50:42  46524.28    988.69
03:50:45  28935.83    914.07
03:50:48  48797.72    989.84
03:50:51  37494.95    805.61
03:50:54  27024.58    871.26
03:50:57  32785.64    661.69
03:51:00  11868.58    201.36
03:51:03   2918.62    427.73
03:51:06   4377.46     45.78
03:51:09   4509.24     39.06
Connection to 192.168.1.102 closed.
time: 16
  Time         enp0s25      
HH:MM:SS   Kbps in  Kbps out
03:52:39   3003.68    431.02
03:52:43   4596.01    100.16
03:52:46   4389.64    187.56
03:52:49   4828.22    622.75
03:52:52   2974.31     13.76
03:52:55   4202.13    959.34
03:52:58   4753.94    658.52
03:53:01   2940.39    207.94
03:53:04   4813.96   1002.90
03:53:07   4589.83    426.39
03:53:10   2481.61    181.40
03:53:13   4146.58    655.51
03:53:16   4265.25    274.28
03:53:19   4405.43    193.33
03:53:22   4571.72    427.07
03:53:25   4527.60    205.40
03:53:28   3353.77    585.71
03:53:31   4225.06    209.85
03:53:34   4654.41    446.66
Connection to 192.168.1.102 closed.
time: 17
  Time         enp0s25      
HH:MM:SS   Kbps in  Kbps out
03:53:39   4381.07    220.62
03:53:42   4405.74     46.03
03:53:45   4288.90    594.74
03:53:48   2937.93    192.91
03:53:51   4569.93    612.83
03:53:54   4726.95     65.05
03:53:57   2948.84    211.63
03:54:00   5190.22    612.23
03:54:03   4979.28    212.74
03:54:06   3015.72     40.09
03:54:09   3984.06    194.69
03:54:12   4531.47    594.48
03:54:15   4993.47   1770.90
03:54:18   4200.99    807.72
03:54:21   4133.39   1373.13
03:54:24   5200.09    974.30
03:54:27   8007.19   1485.72
03:54:30  95229.53   1848.68
03:54:33  95632.58   3203.05
Connection to 192.168.1.102 closed.
time: 18
  Time         enp0s25      
HH:MM:SS   Kbps in  Kbps out
03:54:39  97894.59   2066.64
03:54:42  94445.58   3836.56
03:54:45  99775.48   2336.03
03:54:48  99175.50   2001.79
03:54:51  91060.16   3763.78
03:54:54  99611.03   2152.58
03:54:57  96168.97   2346.00
03:55:00  96163.62   3561.72
03:55:03  99466.86   2133.63
03:55:06  96892.21   1854.82
03:55:09  97840.51   2661.91
03:55:12  96409.55   3252.89
03:55:15  96353.38   2303.86
03:55:18  93619.64   3843.24
03:55:21  97042.65   2447.21
03:55:24  97224.99   3359.15
03:55:27  95149.00   2856.55
03:55:30  91593.15   2343.89
03:55:33  94308.71   2995.60
Connection to 192.168.1.102 closed.
time: 19
  Time         enp0s25      
HH:MM:SS   Kbps in  Kbps out
03:55:40   4920.00    115.33
03:55:43   4739.23   2069.26
03:55:46   3027.03    408.82
03:55:49   4479.57    922.10
03:55:52   4931.58   1264.24
03:55:55   3372.24    487.76
03:55:58   4648.75   1990.29
03:56:01   3434.26     99.48
03:56:04   4840.02    112.69
03:56:07   4260.24   2452.05
03:56:10   4090.61    419.06
03:56:13   4620.07   1257.12
03:56:16   5089.76    906.56
03:56:19   5576.61    505.65
03:56:22   4664.46   1974.88
03:56:25   3200.61     94.42
03:56:28   5303.21    954.62
03:56:31   5009.53   1646.74
03:56:34   3079.30     11.99
Connection to 192.168.1.102 closed.
time: 20
  Time         enp0s25      
HH:MM:SS   Kbps in  Kbps out
03:56:38   3119.71   2051.20
03:56:41   5077.25    689.98
03:56:44   4787.24   2596.78
03:56:47   3527.68    111.37
03:56:50   4853.39    420.03
03:56:53   4640.64   2835.84
03:56:56   3208.33    109.53
03:56:59   4321.73     97.89
03:57:02   4642.12   3234.66
03:57:05   4609.44    123.62
03:57:08   4045.45   1884.85
03:57:11   5188.10   1920.75
03:57:14   5554.50   1330.07
03:57:17   3093.76   1188.45
03:57:20   4652.64    319.48
03:57:23   4867.10   2335.15
03:57:26   3114.54    136.26
03:57:29   4682.28    953.08
03:57:32   4568.31   1577.48
Connection to 192.168.1.102 closed.
time: 21
  Time         enp0s25      
HH:MM:SS   Kbps in  Kbps out
03:57:46   5342.95    172.32
03:57:49   4831.34   2218.31
03:57:52   3104.23    803.62
03:57:55   4832.99    408.48
03:57:58   4106.46   2850.23
03:58:01   5794.30    923.57
03:58:04   4579.13   1553.33
03:58:07   4999.13   2057.41
03:58:10   5297.77    818.15
03:58:13   3315.46   1828.83
03:58:16   4610.81   1563.79
03:58:19   4449.48   1491.63
03:58:22   4977.31    874.36
03:58:25   4115.07    638.52
03:58:28   5756.20   1485.79
03:58:31   3230.94    268.03
03:58:34   4539.75   1447.10
03:58:37   4594.44   1204.64
03:58:40   4174.24    273.13
Connection to 192.168.1.102 closed.
time: 22
  Time         enp0s25      
HH:MM:SS   Kbps in  Kbps out
03:58:46   3802.22   1194.58
03:58:49   4107.03   1069.28
03:58:52   4795.89   1583.94
03:58:55   5722.23    711.95
03:58:58   4668.72    899.25
03:59:01   3046.21    408.10
03:59:04   4652.39   1579.12
03:59:07   5194.79    246.00
03:59:10   3444.73   1642.71
03:59:13   4736.83   1786.61
03:59:16   4827.68   2185.89
03:59:19   3650.98   1418.78
03:59:22   4929.40    990.51
03:59:25   4142.36    809.30
03:59:28   3715.40   1174.82
03:59:31   4706.14    689.41
03:59:34   5064.77   1410.41
03:59:37   4658.14    436.90
03:59:40   4371.96    574.68
Connection to 192.168.1.102 closed.
time: 23
  Time         enp0s25      
HH:MM:SS   Kbps in  Kbps out
03:59:47   5108.29    431.71
03:59:50   3100.08   1298.53
03:59:53   4652.31    371.96
03:59:56   5052.74    755.92
03:59:59   5239.76   1175.11
04:00:02   2931.52    573.09
04:00:05   4510.59    529.86
04:00:08   5075.91   1221.63
04:00:11   3260.43   1335.19
04:00:14   4920.66   1333.83
04:00:17   3498.89   1094.02
04:00:20   4619.49   1921.37
04:00:23   4721.47    927.04
04:00:26   6648.49   1167.30
04:00:29   2845.13    662.59
04:00:32   5056.93   1809.06
04:00:35   5133.68    902.12
04:00:38   4660.79   1213.05
04:00:41   2808.57    714.28
Connection to 192.168.1.102 closed.
time: 24
  Time         enp0s25      
HH:MM:SS   Kbps in  Kbps out
04:00:47   4951.67   1460.63
04:00:50   4661.10    649.58
04:00:53   5732.53   1781.09
04:00:56   4570.08    986.81
04:00:59   5472.21   2140.30
04:01:02   3494.50    701.20
04:01:05   4589.90   1732.48
04:01:08   3120.24   1160.54
04:01:11   4238.83   2256.28
04:01:14   5034.36    923.96
04:01:17   6671.38   1505.23
04:01:20   3016.02   1746.22
04:01:23   4851.42   1145.53
04:01:26   4828.22   1298.94
04:01:29   3203.76    970.74
04:01:32   4368.16    976.95
04:01:35   4110.45   1602.83
04:01:38   4587.41    714.68
04:01:41   4468.38    926.86
Connection to 192.168.1.102 closed.
time: 25
  Time         enp0s25      
HH:MM:SS   Kbps in  Kbps out
04:01:47   3647.63   1141.12
04:01:50   4728.75    937.42
04:01:53   4657.81   1257.92
04:01:56   4104.54   1386.93
04:01:59   4181.14   1734.76
04:02:02   4847.14    572.65
04:02:05   4505.67   1677.92
04:02:08   3240.11   1382.17
04:02:11   5176.77   1377.65
04:02:14   4958.53   1297.09
04:02:17   2865.96   1407.16
04:02:20   4823.93   1389.99
04:02:23   4664.03   1265.92
04:02:26   3043.43    916.11
04:02:29   4385.44   1782.77
04:02:32   3738.61   1165.62
04:02:35   4540.08   1583.26
04:02:38   4537.39    927.55
04:02:41   3196.78   1390.23
Connection to 192.168.1.102 closed.
