time: 0
  Time         enp0s25      
HH:MM:SS   Kbps in  Kbps out
03:22:18   3475.94     26.23
03:22:21   2151.23     15.88
03:22:24   3356.88     43.24
03:22:27   3433.69      7.56
03:22:30   3602.89     11.90
03:22:33   6288.52     61.95
03:22:36   5121.40    210.78
03:22:39   3433.20     14.15
03:22:42   4537.35   1716.72
03:22:45   3889.65    980.97
03:22:48   4693.35   1449.64
03:22:51   4735.16   1563.45
03:22:54   7006.80   2067.21
03:22:57   2969.58    722.19
03:23:00   4553.27   1780.08
03:23:03   5093.01   2355.17
03:23:06   5076.41   1250.19
03:23:09   3192.89   2735.22
03:23:12   4780.61   2235.64
Connection to 192.168.1.102 closed.
time: 1
  Time         enp0s25      
HH:MM:SS   Kbps in  Kbps out
03:23:19   5650.48   2040.95
03:23:22   4845.70   1647.16
03:23:25   4429.18   1714.93
03:23:28   5481.36   1586.74
03:23:31   3378.20   4652.81
03:23:34   4979.76   4678.22
03:23:37   3522.20   4061.73
03:23:40   4546.07   3557.55
03:23:43   4971.57   3345.96
03:23:46   6909.69   4696.67
03:23:49   2868.04   1556.51
03:23:52   5095.30   2672.54
03:23:55   5080.12   1010.23
03:23:58   3609.80   1739.51
03:24:01   4281.94   2596.11
03:24:04   4815.68   2484.17
03:24:07   4032.81    886.52
03:24:10   4572.59   1958.35
03:24:13   5167.84   1723.66
Connection to 192.168.1.102 closed.
time: 2
  Time         enp0s25      
HH:MM:SS   Kbps in  Kbps out
03:24:19   3471.00   1251.15
03:24:22   4768.54   2150.93
03:24:25   4946.89   2521.62
03:24:28   3381.82    922.56
03:24:31   4912.16   2462.80
03:24:34   4291.58   2635.61
03:24:37   3763.47   1032.46
03:24:40   4687.11   2328.74
03:24:43   4315.94   1000.88
03:24:46   4882.93    721.02
03:24:49   4651.72   2089.62
03:24:52   5241.33    602.54
03:24:55   4579.00    723.49
03:24:58   3202.15    697.94
03:25:01   4863.64   2177.69
03:25:04   4835.80    515.45
03:25:07   2766.22    692.59
03:25:10   4865.81   1051.48
03:25:13   5392.57   1605.78
Connection to 192.168.1.102 closed.
time: 3
  Time         enp0s25      
HH:MM:SS   Kbps in  Kbps out
03:25:19   4679.49   1074.11
03:25:22   5037.57   1073.65
03:25:25   5216.27    326.01
03:25:28   3392.89   2645.03
03:25:31   4373.53    685.11
03:25:34   5069.75    933.60
03:25:37   3236.77    735.40
03:25:40   4687.76   2773.06
03:25:43   4562.16    821.69
03:25:46   3211.07    700.26
03:25:49   4803.69    271.48
03:25:52   3702.94   2025.10
03:25:55   3694.49   1082.71
03:25:58   4423.82    869.82
03:26:01   4664.45    264.23
03:26:04   4571.18    475.51
03:26:07   3812.21   1619.72
03:26:10   4720.41    709.92
03:26:13   4692.12    272.76
Connection to 192.168.1.102 closed.
time: 4
  Time         enp0s25      
HH:MM:SS   Kbps in  Kbps out
03:26:18   4657.51    717.70
03:26:21   4244.69   1635.72
03:26:24   5540.60    504.36
03:26:27   4662.11    257.54
03:26:30   2703.81    686.38
03:26:33   4560.08    577.41
03:26:36   4757.51   1408.01
03:26:39   4140.94    410.20
03:26:42   3195.99    666.45
03:26:45   4681.25    907.92
03:26:48   4785.93    432.01
03:26:51   2990.90    457.06
03:26:54   4025.59   1787.93
03:26:57   4864.13    870.84
03:27:00   2953.29    325.83
03:27:03   4604.54    571.08
03:27:06   4318.29    819.02
03:27:09   3216.72    805.95
03:27:12   4543.07   1223.66
Connection to 192.168.1.102 closed.
time: 5
  Time         enp0s25      
HH:MM:SS   Kbps in  Kbps out
03:27:18   4244.09   1184.98
03:27:21   3246.67    867.48
03:27:24   4603.24    243.24
03:27:27   4518.87   1536.23
03:27:30   2945.32   1061.25
03:27:33   4732.14   1091.06
03:27:36   4767.81    204.63
03:27:39   2933.55    875.54
03:27:42   4936.61   1045.16
03:27:45  79665.28   2987.81
03:27:48  67063.29   1866.67
03:27:51  92877.69   2660.89
03:27:54  83399.46   2278.57
03:27:57  84695.54   2981.65
03:28:00  53274.55   1323.83
03:28:03  80673.91   2608.05
03:28:06  59011.79   1557.24
03:28:09  74959.97   2904.18
03:28:12  82042.27   1848.29
Connection to 192.168.1.102 closed.
time: 6
  Time         enp0s25      
HH:MM:SS   Kbps in  Kbps out
03:28:20  72376.37   1924.00
03:28:23  72724.86   2260.36
03:28:26  46282.46   1452.29
03:28:29  63139.70   1858.17
03:28:32  85386.42   2192.22
03:28:35  62785.08   1330.81
03:28:38  72012.76   1939.77
03:28:41  58597.34   2241.69
03:28:44  68126.95   2452.69
03:28:47  81658.90   1719.66
03:28:50  85958.65   1896.50
03:28:53  88459.68   2011.16
03:28:56  93508.37   2036.06
03:28:59  74244.22   1551.31
03:29:02  80737.70   1775.59
03:29:05  92775.12   2000.35
03:29:08  63258.03   1387.60
03:29:11  99643.38   1989.52
03:29:14  96811.91   2051.23
Connection to 192.168.1.102 closed.
time: 7
  Time         enp0s25      
HH:MM:SS   Kbps in  Kbps out
03:29:19  96294.56   1949.21
03:29:22  90085.60   1950.98
03:29:25  58495.56   1329.01
03:29:28  91822.16   1993.99
03:29:31  42735.69    876.90
03:29:34  74267.54   1685.34
03:29:37  77785.39   1762.36
03:29:40  78826.65   1765.99
03:29:43  65338.31   1451.51
03:29:46  77994.23   1657.72
03:29:49  84342.37   1875.89
03:29:52  78071.12   1695.97
03:29:55  47801.77    978.37
03:29:58  43243.82    882.52
03:30:01  80983.92   1743.93
03:30:04  67539.23   1475.72
03:30:07  57132.35   1188.32
03:30:10  79098.20   1610.35
03:30:13  79522.37   1731.17
Connection to 192.168.1.102 closed.
time: 8
  Time         enp0s25      
HH:MM:SS   Kbps in  Kbps out
03:30:18  52030.74   1153.74
03:30:21  67170.99   1471.48
03:30:24  49180.15   1006.41
03:30:27  57922.55   1283.08
03:30:30  51122.97   1150.13
03:30:33  51035.35   1104.01
03:30:36  61013.03   1277.60
03:30:39  50675.27   1118.15
03:30:42  51207.33   1159.85
03:30:45  37728.21    837.48
03:30:48  59721.53   1219.07
03:30:51  67555.04   1524.57
03:30:54  68003.94   1481.79
03:30:57  80515.40   1707.90
03:31:00  60552.36   1423.61
03:31:03  39719.19    847.04
03:31:06  29953.71    613.14
03:31:09  50957.30   1065.79
03:31:12  39266.09   1170.32
Connection to 192.168.1.102 closed.
time: 9
  Time         enp0s25      
HH:MM:SS   Kbps in  Kbps out
03:31:18  27956.78    820.89
03:31:21  38571.23    815.67
03:31:24  56039.94   1155.41
03:31:27  55547.92   1183.31
03:31:30  16458.28    305.50
03:31:33  25279.10    507.63
03:31:36  30338.95    604.54
03:31:39  37322.36    774.35
03:31:42  39789.12    817.38
03:31:45  37645.33    770.35
03:31:48  27725.94    545.43
03:31:51  37782.07    785.46
03:31:54  39165.78    796.60
03:31:57  27199.30    540.55
03:32:00  27625.03    557.43
03:32:03  38785.06    795.54
03:32:06  31149.47    612.53
03:32:09  35833.83    732.54
03:32:12  37676.00    783.62
Connection to 192.168.1.102 closed.
time: 10
  Time         enp0s25      
HH:MM:SS   Kbps in  Kbps out
03:32:18  27843.09    544.36
03:32:21  26339.31    537.39
03:32:24  38715.24    777.17
03:32:27  39287.54   2829.08
03:32:30  42841.48   1286.92
03:32:33  22427.31    426.59
03:32:36  38787.36   1205.51
03:32:39  37979.46   1159.89
03:32:42  51306.35   1452.95
03:32:45  57027.07   1183.03
03:32:48  43245.20   1291.64
03:32:51  50857.71   1447.25
03:32:54  47202.86   1026.84
03:32:57  30411.10    934.95
03:33:00   4651.92     97.98
03:33:03   4284.81    372.38
03:33:06   5073.62    111.32
03:33:09   3101.23     21.11
03:33:12   4763.66    425.29
Connection to 192.168.1.102 closed.
time: 11
  Time         enp0s25      
HH:MM:SS   Kbps in  Kbps out
03:33:53   3778.69    426.21
03:33:56   4821.42     58.93
03:33:59   5424.71    438.61
03:34:02   5243.27     45.99
03:34:05  38262.15    803.28
03:34:08  73353.07   1970.16
03:34:11  60779.90   1266.48
03:34:14  76601.58   1609.56
03:34:17  73978.51   1957.57
03:34:20  57850.20   1204.78
03:34:23  76699.77   1626.16
03:34:26  71522.13   1877.96
03:34:29  80950.23   1639.42
03:34:32  77052.24   1809.20
03:34:35  91718.71   2015.93
03:34:38  72035.28   1519.79
03:34:41  84879.56   2211.78
03:34:44  85839.99   1820.10
03:34:47  85227.92   1807.20
Connection to 192.168.1.102 closed.
time: 12
  Time         enp0s25      
HH:MM:SS   Kbps in  Kbps out
03:34:54  66600.01   1393.34
03:34:57  98132.66   2469.11
03:35:00  84712.67   1766.40
03:35:03  49294.15    986.64
03:35:06  74265.56   1906.37
03:35:09  88321.30   1858.14
03:35:12  81601.60   1729.76
03:35:15  73481.45   1919.21
03:35:18  64932.81   1331.91
03:35:21  75450.30   1997.85
03:35:24  58723.58   1223.92
03:35:27  74000.26   1545.91
03:35:30  63767.74   1702.94
03:35:33  70485.90   1525.46
03:35:36  50938.66   1044.31
03:35:39  58289.75   1600.15
03:35:42  30357.89    599.36
03:35:45  40524.49    835.13
03:35:48  27322.19    918.96
Connection to 192.168.1.102 closed.
time: 13
  Time         enp0s25      
HH:MM:SS   Kbps in  Kbps out
03:35:53  27813.74    923.14
03:35:56  16890.96    297.86
03:35:59  23064.66    596.88
03:36:02   2975.79     14.59
03:36:05   4832.88     39.00
03:36:08   2936.98     23.48
03:36:11   4645.08     40.16
03:36:14   4625.94     39.85
03:36:17   4675.74     37.57
03:36:20   2717.71     11.02
03:36:23   4559.83     44.62
03:36:26   4588.97     34.13
03:36:29   2937.60     16.23
03:36:32   4110.88     37.57
03:36:35   3831.62     27.40
03:36:38   4327.35     23.48
03:36:41   4381.66     40.40
03:36:44   4541.94     36.23
03:36:47   3443.14     27.18
Connection to 192.168.1.102 closed.
time: 14
  Time         enp0s25      
HH:MM:SS   Kbps in  Kbps out
03:36:53   4623.70     43.25
03:36:56   4333.03     40.49
03:36:59   3345.40     28.92
03:37:02   4756.62     44.95
03:37:05   4711.33     31.50
03:37:08   3155.21     12.59
03:37:11   4367.16     39.42
03:37:14   4733.32     37.56
03:37:17   3210.22     19.17
03:37:20   4693.38     60.77
03:37:23   4318.01     47.87
03:37:26   5003.45     50.44
03:37:29   3227.32     24.01
03:37:32   4164.73     28.21
03:37:35   4300.57     37.43
03:37:38   4692.00     30.67
03:37:41   5035.95    428.01
03:37:44   4266.07     24.58
03:37:47   3858.22    421.53
Connection to 192.168.1.102 closed.
time: 15
  Time         enp0s25      
HH:MM:SS   Kbps in  Kbps out
03:37:54   5287.45     34.78
03:37:57   3353.49    409.22
03:38:00   4427.92     35.99
03:38:03   4560.22     33.45
03:38:06   5086.03    430.47
03:38:09   3266.89     10.64
03:38:12   5127.26    432.70
03:38:15   4441.70     31.00
03:38:18   3202.29      8.86
03:38:21   5202.18    442.81
03:38:24   4335.61     42.28
03:38:27   3121.98      5.71
03:38:30   4878.94    419.56
03:38:33   4290.42     32.96
03:38:36   4960.21     25.43
03:38:39   4495.44    424.83
03:38:42   5088.30     39.79
03:38:45   5275.60    426.56
03:38:48   3105.75      9.34
Connection to 192.168.1.102 closed.
time: 16
  Time         enp0s25      
HH:MM:SS   Kbps in  Kbps out
03:42:07   4616.31    449.70
03:42:10   4424.82     71.21
03:42:13   3311.47     18.82
03:42:16   4234.85    442.30
03:42:19   4879.46     76.24
03:42:22   4932.23    461.21
03:42:25   5094.50     60.48
03:42:28   5299.52     49.74
03:42:31   5041.64    843.41
03:42:34   2658.92     28.91
03:42:37   4950.31     54.23
03:42:40   4754.38    834.01
03:42:43   3046.45     42.78
03:42:46   4506.08    426.82
03:42:49   4837.63     43.64
03:42:52   3316.87    277.18
03:42:55   4536.40    560.97
03:42:58   4159.28     42.73
03:43:01   4655.13     40.68
Connection to 192.168.1.102 closed.
time: 17
  Time         enp0s25      
HH:MM:SS   Kbps in  Kbps out
03:43:07   4690.22     43.20
03:43:10   3848.63     25.91
03:43:13   3408.14    416.72
03:43:16   4174.24     27.40
03:43:19   4780.29    441.01
03:43:22   4642.28     65.84
03:43:25   4616.15    438.42
03:43:28   4688.44     72.03
03:43:31   3008.83     31.42
03:43:34   4824.71    446.73
03:43:37   4522.38     39.22
03:43:40   3026.97     25.75
03:43:43   4279.39    441.29
03:43:46   4645.01     37.12
03:43:49   4664.35     43.49
03:43:52   2618.81    414.00
03:43:55   4717.17     40.64
03:43:58   4637.10     39.52
03:44:01   3337.84     20.15
Connection to 192.168.1.102 closed.
time: 18
  Time         enp0s25      
HH:MM:SS   Kbps in  Kbps out
03:44:08   4292.05   1606.64
03:44:11   4171.72    831.22
03:44:14   4451.35    829.73
03:44:17   5041.56     39.08
03:44:20   4692.24   1993.90
03:44:23   3523.07     31.01
03:44:26   6058.04   1196.66
03:44:29   5158.70    864.47
03:44:32   4007.61    816.57
03:44:35   3602.24   1181.70
03:44:38   4894.45     33.17
03:44:41   5015.20   1610.07
03:44:44   3026.64     11.30
03:44:47   4263.35    407.64
03:44:50   4877.38   1231.11
03:44:53   3122.21     19.85
03:44:56   4876.48    855.52
03:44:59   4820.54   1171.12
03:45:02   3300.83     17.35
Connection to 192.168.1.102 closed.
time: 19
  Time         enp0s25      
HH:MM:SS   Kbps in  Kbps out
03:45:08   4319.60   1597.87
03:45:11   4765.32     48.98
03:45:14   3802.12    813.08
03:45:17   4667.32    841.22
03:45:20   3911.95    519.44
03:45:23   5215.98   1131.73
03:45:26   4929.18     41.96
03:45:29   4021.73   1584.58
03:45:32   3434.11     37.35
03:45:35   4490.49   2107.12
03:45:38   4824.81   1593.52
03:45:41   2806.50     24.09
03:45:44   4601.34   1742.75
03:45:47   4304.68    269.16
03:45:50   2890.94     25.19
03:45:53   4762.04   1216.30
03:45:56   4483.06     41.70
03:45:59   2713.71    177.44
03:46:02   4474.45   1202.44
Connection to 192.168.1.102 closed.
time: 20
  Time         enp0s25      
HH:MM:SS   Kbps in  Kbps out
03:46:07   3152.57     24.64
03:46:10   4953.93   1209.19
03:46:13   4516.08     52.75
03:46:16   4044.11    533.15
03:46:19   4945.71    714.75
03:46:22   4890.16     39.49
03:46:25   3276.52   1572.77
03:46:28   4226.22     36.03
03:46:31   4049.06     76.37
03:46:34   5059.19   1661.75
03:46:37   2790.77     89.35
03:46:40   4661.92   1155.59
03:46:43   4488.05    507.38
03:46:46   2521.40     72.59
03:46:49   4910.86   1010.74
03:46:52   4580.28    736.91
03:46:55   2746.77     16.85
03:46:58   4209.14   1155.80
03:47:01   4598.94    581.54
Connection to 192.168.1.102 closed.
time: 21
  Time         enp0s25      
HH:MM:SS   Kbps in  Kbps out
03:47:07   3893.76    685.20
03:47:10   4134.29   1013.00
03:47:13   6487.94    681.23
03:47:16   3521.52   1284.88
03:47:19   4343.96   2655.81
03:47:22   4121.42   1869.16
03:47:25   3149.84   2338.42
03:47:28   4684.48   1724.69
03:47:31   3652.67   2355.49
03:47:34   3668.56   1227.99
03:47:37   4036.21   2043.17
03:47:40   6725.81   1773.43
03:47:43   2966.52   2152.18
03:47:46   4468.76    857.93
03:47:49   4682.19   1933.17
03:47:52   4856.61   1165.84
03:47:55   3036.02   1999.80
03:47:58   3849.77   1511.12
03:48:01   4301.66   1669.77
Connection to 192.168.1.102 closed.
time: 22
  Time         enp0s25      
HH:MM:SS   Kbps in  Kbps out
03:48:07   5804.35   1216.35
03:48:10   4521.39   1974.36
03:48:13   3512.21   1598.29
03:48:16   4637.82   2406.28
03:48:19   4586.33   2184.60
03:48:22   3490.89   2168.26
03:48:25   3680.51   1718.36
03:48:28   4575.49   2114.72
03:48:31   6487.33   2203.61
03:48:34   2915.77   2029.49
03:48:37   4513.25   1814.67
03:48:40   4684.14   1752.60
03:48:43   3126.52   1967.40
03:48:46   4210.21    757.87
03:48:49   3961.15   1922.50
03:48:52   3940.98   1827.24
03:48:55   4253.78    901.91
03:48:58   6560.46   2117.49
03:49:01   3181.84   1327.60
Connection to 192.168.1.102 closed.
time: 23
  Time         enp0s25      
HH:MM:SS   Kbps in  Kbps out
03:49:08   4711.22   2365.90
03:49:11   4189.32   1608.04
03:49:14   3346.31   1983.13
03:49:17   4373.38   1651.84
03:49:20   4101.93   2121.81
03:49:23   3830.60   1104.13
03:49:26   3372.33   1771.25
03:49:29   4752.83   2472.35
03:49:32   4551.06    540.26
03:49:35   4415.69   2126.94
03:49:38   4441.50   1553.44
03:49:41   4598.65   1470.00
03:49:44   3062.92   3163.00
03:49:47   5004.20   1301.64
03:49:50   4196.29   2386.58
03:49:53   3107.25   2788.01
03:49:56   4937.16   2068.59
03:49:59   4677.55   2186.21
03:50:02   2626.71   2501.37
Connection to 192.168.1.102 closed.
time: 24
  Time         enp0s25      
HH:MM:SS   Kbps in  Kbps out
03:50:08   4797.76   3999.29
03:50:11   4944.98   1938.22
03:50:14   2986.52    875.39
03:50:17   4088.55   2104.31
03:50:20   4941.42   2831.55
03:50:23   2919.97    753.98
03:50:26   4593.94    303.34
03:50:29   4225.01   1432.22
03:50:32   3324.49   2632.83
03:50:35   4733.96    425.87
03:50:38   4486.15    142.59
03:50:41   2525.44    400.30
03:50:44   4688.00    371.49
03:50:47   4209.08    941.61
03:50:50   4584.93   2091.14
03:50:53   4391.73    541.13
03:50:56   3668.12    514.23
03:50:59   4951.71    691.12
03:51:02   4567.94   2070.14
Connection to 192.168.1.102 closed.
time: 25
  Time         enp0s25      
HH:MM:SS   Kbps in  Kbps out
03:51:07   4777.70    709.21
03:51:10   4520.48     24.52
03:51:13   4846.53   1108.14
03:51:16   5401.62   2570.55
03:51:19   3064.44    728.10
03:51:22   4560.56     78.02
03:51:25   4032.47    733.33
03:51:28   3035.39    701.82
03:51:31   5042.27    878.30
03:51:34   4727.22   2165.02
03:51:37   2646.71    723.92
03:51:40   4806.05    546.56
03:51:43   4593.85    738.52
03:51:46   2980.79     23.61
03:51:49   4381.60    545.56
03:51:52   4520.56   1108.48
03:51:55   5060.73   1819.56
03:51:58   2982.64      8.76
03:52:01   4182.55    538.62
Connection to 192.168.1.102 closed.
