========
num: 50 running time:25 bandwidth:100000
**time:5
pod "audio7-1" deleted
======Replacement======
high_level: 0.8 low_level 0.6 policy: LFU
python3 YC/iscc19/Implementation/Algo/Replacement/repllacement_algo.py 3.0 0.8 0.6 LFU
Before replaced_images: []
Before replaced_layer_nums: []
exist_images: []
After replaced_images: []
After replaced_layer_nums: []
Before replacement_sz: 1200000000.0
Storage usage: 0
Available size: 3000000000.0
After replacement_sz: -1800000000.0
total_size: 3000000000.0
high_level_sz: 2400000000.0
[] []
time: 0.15268158912658691

======Replacement Done======
======Deploy Algo Result======
cloud apps:  ['audio10-2', 'audio11-5', 'audio12-1', 'audio3-4', 'audio4-0', 'audio4-4', 'audio4-5', 'audio6-4', 'audio7-1', 'audio7-3', 'audio8-1', 'audio8-5', 'yolo1-2', 'yolo10-0', 'yolo10-3', 'yolo11-3', 'yolo11-5', 'yolo12-3', 'yolo4-1', 'yolo4-3', 'yolo4-4', 'yolo5-5', 'yolo6-1', 'yolo6-3', 'yolo6-4', 'yolo6-5', 'yolo7-1', 'yolo7-4', 'yolo8-1', 'yolo8-3', 'yolo9-5']
edge apps:  []
common:  []
Edge: ['audio7', 'audio7', 'yolo1']
Cloud: ['audio10', 'audio11', 'audio12', 'audio3', 'audio4', 'audio4', 'audio4', 'audio6', 'audio8', 'yolo10', 'yolo10', 'yolo11', 'yolo12', 'yolo4', 'yolo4', 'yolo4', 'yolo5', 'yolo6', 'yolo6', 'yolo6', 'yolo7', 'yolo7', 'yolo8', 'yolo8', 'yolo9']
Exec Time:  0.049724817276
terminal file content:  
is_terminal:  False
after IDA app:  audio7
app_image: audio7
delete app:audio7-1

s2-audio-7:Pullingfromiscc19
6f2f362378c5:Pullingfslayer
494c27a8a6b8:Pullingfslayer
7596bb83081b:Pullingfslayer
372744b62d49:Pullingfslayer
615db220d76c:Pullingfslayer
9963bb908322:Pullingfslayer
fe50f76bba87:Pullingfslayer
b7f65421291f:Pullingfslayer
9fdca9da23ed:Pullingfslayer
53990e53970e:Pullingfslayer
ed8cecf6d0be:Pullingfslayer
883760b42385:Pullingfslayer
cc946a60c9b6:Pullingfslayer
3bd8ebacd535:Pullingfslayer
fd4b2c426fa1:Pullingfslayer
95e0b5462122:Pullingfslayer
ac4b8f4fe5a0:Pullingfslayer
0864304ac113:Pullingfslayer
f66853523504:Pullingfslayer
6474f3696e61:Pullingfslayer
9d5d20411416:Pullingfslayer
a01c3a163058:Pullingfslayer
8c42dcde1590:Pullingfslayer
fd4b2c426fa1:Waiting
fe50f76bba87:Waiting
95e0b5462122:Waiting
b7f65421291f:Waiting
ac4b8f4fe5a0:Waiting
9fdca9da23ed:Waiting
0864304ac113:Waiting
53990e53970e:Waiting
f66853523504:Waiting
ed8cecf6d0be:Waiting
6474f3696e61:Waiting
883760b42385:Waiting
9d5d20411416:Waiting
cc946a60c9b6:Waiting
a01c3a163058:Waiting
8c42dcde1590:Waiting
3bd8ebacd535:Waiting
372744b62d49:Waiting
615db220d76c:Waiting
9963bb908322:Waiting
7596bb83081b:VerifyingChecksum
7596bb83081b:Downloadcomplete
494c27a8a6b8:VerifyingChecksum
494c27a8a6b8:Downloadcomplete
6f2f362378c5:VerifyingChecksum
6f2f362378c5:Downloadcomplete
9963bb908322:VerifyingChecksum
9963bb908322:Downloadcomplete
6f2f362378c5:Pullcomplete
494c27a8a6b8:Pullcomplete
372744b62d49:VerifyingChecksum
372744b62d49:Downloadcomplete
7596bb83081b:Pullcomplete
b7f65421291f:VerifyingChecksum
b7f65421291f:Downloadcomplete
9fdca9da23ed:VerifyingChecksum
9fdca9da23ed:Downloadcomplete
fe50f76bba87:VerifyingChecksum
372744b62d49:Pullcomplete
53990e53970e:VerifyingChecksum
53990e53970e:Downloadcomplete
ed8cecf6d0be:VerifyingChecksum
ed8cecf6d0be:Downloadcomplete
cc946a60c9b6:VerifyingChecksum
cc946a60c9b6:Downloadcomplete
3bd8ebacd535:VerifyingChecksum
3bd8ebacd535:Downloadcomplete
fd4b2c426fa1:VerifyingChecksum
fd4b2c426fa1:Downloadcomplete
95e0b5462122:VerifyingChecksum
95e0b5462122:Downloadcomplete
ac4b8f4fe5a0:VerifyingChecksum
ac4b8f4fe5a0:Downloadcomplete
615db220d76c:VerifyingChecksum
615db220d76c:Downloadcomplete
0864304ac113:Downloadcomplete
f66853523504:VerifyingChecksum
f66853523504:Downloadcomplete
615db220d76c:Pullcomplete
9963bb908322:Pullcomplete
fe50f76bba87:Pullcomplete
b7f65421291f:Pullcomplete
9fdca9da23ed:Pullcomplete
53990e53970e:Pullcomplete
ed8cecf6d0be:Pullcomplete
883760b42385:VerifyingChecksum
883760b42385:Downloadcomplete
6474f3696e61:VerifyingChecksum
6474f3696e61:Downloadcomplete
8c42dcde1590:Downloadcomplete
a01c3a163058:VerifyingChecksum
a01c3a163058:Downloadcomplete
883760b42385:Pullcomplete
cc946a60c9b6:Pullcomplete
3bd8ebacd535:Pullcomplete
fd4b2c426fa1:Pullcomplete
95e0b5462122:Pullcomplete
ac4b8f4fe5a0:Pullcomplete
0864304ac113:Pullcomplete
f66853523504:Pullcomplete
6474f3696e61:Pullcomplete
9d5d20411416:VerifyingChecksum
9d5d20411416:Downloadcomplete
9d5d20411416:Pullcomplete
a01c3a163058:Pullcomplete
8c42dcde1590:Pullcomplete
Digest:sha256:b8940430ba9829b18c6b518e2fbad92ded542444daa59aefd8a0fbe2db2e336b
Status:Downloadednewerimagefor192.168.1.100:5000/iscc19:s2-audio-7

real	5m20.991s
user	0m0.297s
sys	0m0.159s
k8s create analytic stdoutput:
b'pod/audio7-edge-1 created\n'
k8s create analytic erroutput:
Deploy: audio7-1
try deploy app number:  1
terminal file content:  
is_terminal:  True
Terminal deploy_measure, terminal at: audio7, index: 1
**time:10
pod "audio1-9" deleted
pod "audio11-5" deleted
pod "audio3-4" deleted
======Replacement======
high_level: 0.8 low_level 0.6 policy: LFU
python3 YC/iscc19/Implementation/Algo/Replacement/replacement_algo.py 3.0 0.8 0.6 LFU
python3 YC/iscc19/Implementation/Algo/Replacement/repllacement_algo.py 3.0 0.8 0.6 LFU
Before replaced_images: []
Before replaced_layer_nums: []
exist_images: ['192.168.1.100:5000/iscc19:s2-audio-7']
After replaced_images: []
After replaced_layer_nums: []
Before replacement_sz: 1200000000.0
Storage usage: 1794791706.0
Available size: 1205208294.0
After replacement_sz: -5208294.0
total_size: 3000000000.0
high_level_sz: 2400000000.0
[] []
time: 0.1671905517578125

======Replacement Done======
======Deploy Algo Result======
cloud apps:  ['audio1-9', 'audio10-2', 'audio11-5', 'audio2-7', 'audio3-4', 'audio4-5', 'audio6-4', 'audio7-3', 'yolo10-0', 'yolo10-3', 'yolo10-7', 'yolo11-5', 'yolo11-7', 'yolo12-3', 'yolo2-6', 'yolo2-7', 'yolo3-10', 'yolo3-8', 'yolo4-1', 'yolo4-4', 'yolo5-10', 'yolo5-7', 'yolo6-5', 'yolo6-8', 'yolo7-1', 'yolo7-4', 'yolo7-9', 'yolo8-10', 'yolo8-3', 'yolo9-9']
edge apps:  ['audio7-edge-1']
common:  ['audio7-3']
Edge: ['audio1', 'audio11', 'audio3', 'audio7']
Cloud: ['audio10', 'audio4', 'audio6', 'yolo10', 'yolo11', 'yolo11', 'yolo12', 'yolo2', 'yolo2', 'yolo3', 'yolo3', 'yolo4', 'yolo4', 'yolo5', 'yolo5', 'yolo6', 'yolo6', 'yolo7', 'yolo7', 'yolo7', 'yolo8', 'yolo8', 'yolo9']
Exec Time:  0.0712130069733
terminal file content:  
is_terminal:  False
after IDA app:  audio1
app_image: audio1
delete app:audio1-9

s2-audio-1:Pullingfromiscc19
9811207f4eba:Pullingfslayer
0c8f4d0494dc:Pullingfslayer
1954412987c0:Pullingfslayer
1801b5eaa295:Pullingfslayer
8a6861842a93:Pullingfslayer
afc6a509a6e7:Pullingfslayer
d296cedf3c5e:Pullingfslayer
03c381950737:Pullingfslayer
252f14004bd1:Pullingfslayer
88ae96f02ad0:Pullingfslayer
8f2b049fbae0:Pullingfslayer
f4fe95975878:Pullingfslayer
15c1d0e8bd4e:Pullingfslayer
fd4b2c426fa1:Pullingfslayer
95e0b5462122:Pullingfslayer
239258fef3cc:Pullingfslayer
8a6861842a93:Waiting
707b3ee699a9:Pullingfslayer
d296cedf3c5e:Waiting
afc6a509a6e7:Waiting
ae019b96296a:Pullingfslayer
043453ba691c:Pullingfslayer
e0f517086e97:Pullingfslayer
03c381950737:Waiting
40beee1e0f10:Pullingfslayer
15c1d0e8bd4e:Waiting
252f14004bd1:Waiting
95e0b5462122:Waiting
fd4b2c426fa1:Waiting
88ae96f02ad0:Waiting
239258fef3cc:Waiting
043453ba691c:Waiting
8f2b049fbae0:Waiting
707b3ee699a9:Waiting
f4fe95975878:Waiting
e0f517086e97:Waiting
40beee1e0f10:Waiting
1801b5eaa295:Waiting
0c8f4d0494dc:VerifyingChecksum
0c8f4d0494dc:Downloadcomplete
1954412987c0:VerifyingChecksum
1954412987c0:Downloadcomplete
8a6861842a93:VerifyingChecksum
8a6861842a93:Downloadcomplete
9811207f4eba:VerifyingChecksum
9811207f4eba:Downloadcomplete
d296cedf3c5e:VerifyingChecksum
d296cedf3c5e:Downloadcomplete
03c381950737:VerifyingChecksum
03c381950737:Downloadcomplete
afc6a509a6e7:Downloadcomplete
88ae96f02ad0:VerifyingChecksum
88ae96f02ad0:Downloadcomplete
9811207f4eba:Pullcomplete
252f14004bd1:VerifyingChecksum
252f14004bd1:Downloadcomplete
f4fe95975878:VerifyingChecksum
f4fe95975878:Downloadcomplete
0c8f4d0494dc:Pullcomplete
1954412987c0:Pullcomplete
1801b5eaa295:VerifyingChecksum
1801b5eaa295:Downloadcomplete
fd4b2c426fa1:VerifyingChecksum
fd4b2c426fa1:Downloadcomplete
95e0b5462122:VerifyingChecksum
95e0b5462122:Downloadcomplete
239258fef3cc:VerifyingChecksum
239258fef3cc:Downloadcomplete
707b3ee699a9:VerifyingChecksum
707b3ee699a9:Downloadcomplete
ae019b96296a:VerifyingChecksum
ae019b96296a:Downloadcomplete
1801b5eaa295:Pullcomplete
8a6861842a93:Pullcomplete
afc6a509a6e7:Pullcomplete
d296cedf3c5e:Pullcomplete
03c381950737:Pullcomplete
252f14004bd1:Pullcomplete
88ae96f02ad0:Pullcomplete
15c1d0e8bd4e:VerifyingChecksum
15c1d0e8bd4e:Downloadcomplete
e0f517086e97:VerifyingChecksum
e0f517086e97:Downloadcomplete
40beee1e0f10:VerifyingChecksum
40beee1e0f10:Downloadcomplete
043453ba691c:VerifyingChecksum
043453ba691c:Downloadcomplete
8f2b049fbae0:VerifyingChecksum
8f2b049fbae0:Downloadcomplete
8f2b049fbae0:Pullcomplete
f4fe95975878:Pullcomplete
15c1d0e8bd4e:Pullcomplete
fd4b2c426fa1:Pullcomplete
95e0b5462122:Pullcomplete
239258fef3cc:Pullcomplete
707b3ee699a9:Pullcomplete
ae019b96296a:Pullcomplete
043453ba691c:Pullcomplete
e0f517086e97:Pullcomplete
40beee1e0f10:Pullcomplete
Digest:sha256:6783ecc0c002f2c85e1bbbb2a4ecbe6ca6a13014f346ca0dc113074b0be928ad
Status:Downloadednewerimagefor192.168.1.100:5000/iscc19:s2-audio-1

real	2m35.364s
user	0m0.140s
sys	0m0.130s
k8s create analytic stdoutput:
b'pod/audio1-edge-9 created\n'
k8s create analytic erroutput:
Deploy: audio1-9
try deploy app number:  9
terminal file content:  
is_terminal:  False
after IDA app:  audio11
app_image: audio11
delete app:audio11-5

s2-audio-11:Pullingfromiscc19
Digest:sha256:b8940430ba9829b18c6b518e2fbad92ded542444daa59aefd8a0fbe2db2e336b
Status:Downloadednewerimagefor192.168.1.100:5000/iscc19:s2-audio-11

real	0m0.045s
user	0m0.010s
sys	0m0.015s
k8s create analytic stdoutput:
b'pod/audio11-edge-5 created\n'
k8s create analytic erroutput:
Deploy: audio11-5
try deploy app number:  5
terminal file content:  
is_terminal:  False
after IDA app:  audio3
app_image: audio3
delete app:audio3-4

s2-audio-3:Pullingfromiscc19
Digest:sha256:b8940430ba9829b18c6b518e2fbad92ded542444daa59aefd8a0fbe2db2e336b
Status:Downloadednewerimagefor192.168.1.100:5000/iscc19:s2-audio-3

real	0m0.056s
user	0m0.020s
sys	0m0.004s
fail to deploy audio3 with period 3 since audio3 has departured
Deploy: audio3
Fail to deploy app number:  audio3
no need to download (edge), time:  10
terminal file content:  
is_terminal:  False
after IDA app:  audio7
app_image: audio7
delete app:audio7-3

s2-audio-7:Pullingfromiscc19
Digest:sha256:b8940430ba9829b18c6b518e2fbad92ded542444daa59aefd8a0fbe2db2e336b
Status:Imageisuptodatefor192.168.1.100:5000/iscc19:s2-audio-7

real	0m0.029s
user	0m0.017s
sys	0m0.006s
fail to deploy audio7 with period 3 since audio7 has departured
Deploy: audio7
Fail to deploy app number:  audio7
no need to download (edge), time:  10
**time:15
pod "audio3-13" deleted
pod "audio5-15" deleted
pod "audio7-13" deleted
pod "audio9-14" deleted
======Replacement======
high_level: 0.8 low_level 0.6 policy: LFU
python3 YC/iscc19/Implementation/Algo/Replacement/replacement_algo.py 3.0 0.8 0.6 LFU
python3 YC/iscc19/Implementation/Algo/Replacement/repllacement_algo.py 3.0 0.8 0.6 LFU
Before replaced_images: []
Before replaced_layer_nums: []
exist_images: ['192.168.1.100:5000/iscc19:s2-audio-11', '192.168.1.100:5000/iscc19:s2-audio-3', '192.168.1.100:5000/iscc19:s2-audio-7', '192.168.1.100:5000/iscc19:s2-audio-1']
After replaced_images: []
After replaced_layer_nums: []
Before replacement_sz: 1200000000.0
Storage usage: 2638481414.0
Available size: 361518586.0
After replacement_sz: 838481414.0
total_size: 3000000000.0
high_level_sz: 2400000000.0
Before image_layers: ['192.168.1.100:5000/iscc19:s2-audio-11', '192.168.1.100:5000/iscc19:s2-audio-3', '192.168.1.100:5000/iscc19:s2-audio-7', '192.168.1.100:5000/iscc19:s2-audio-1']
image_layers + replaced_images: ['192.168.1.100:5000/iscc19:s2-audio-11', '192.168.1.100:5000/iscc19:s2-audio-3', '192.168.1.100:5000/iscc19:s2-audio-7', '192.168.1.100:5000/iscc19:s2-audio-1']
running_images: ['192.168.1.100:5000/iscc19:s2-audio-11', '192.168.1.100:5000/iscc19:s2-audio-3', '192.168.1.100:5000/iscc19:s2-audio-7', '192.168.1.100:5000/iscc19:s2-audio-1']
image_layers exclude running_images: []
get images from download log: []
get num_access_time from download log: []
get download_time from download log: []
[] []
time: 0.2665693759918213

======Replacement Done======
======Deploy Algo Result======
cloud apps:  ['audio10-12', 'audio10-15', 'audio11-13', 'audio12-15', 'audio2-14', 'audio3-13', 'audio4-11', 'audio4-15', 'audio5-15', 'audio6-13', 'audio6-4', 'audio7-13', 'audio8-14', 'audio9-14', 'yolo1-14', 'yolo10-7', 'yolo11-12', 'yolo11-5', 'yolo12-12', 'yolo2-12', 'yolo2-6', 'yolo2-7', 'yolo3-10', 'yolo4-15', 'yolo5-15', 'yolo5-7', 'yolo6-14', 'yolo6-8', 'yolo7-12', 'yolo7-15', 'yolo8-10', 'yolo9-14', 'yolo9-9']
edge apps:  ['audio1-edge-9', 'audio11-edge-5']
common:  ['audio11-13']
Edge: ['audio3', 'audio5', 'audio7', 'audio9']
Cloud: ['audio10', 'audio10', 'audio12', 'audio2', 'audio4', 'audio4', 'audio6', 'audio8', 'yolo10', 'yolo11', 'yolo12', 'yolo2', 'yolo2', 'yolo3', 'yolo4', 'yolo5', 'yolo5', 'yolo6', 'yolo6', 'yolo7', 'yolo7', 'yolo8', 'yolo9', 'yolo9']
Exec Time:  0.126441001892
terminal file content:  
is_terminal:  False
after IDA app:  audio3
app_image: audio3
delete app:audio3-13

s2-audio-3:Pullingfromiscc19
Digest:sha256:b8940430ba9829b18c6b518e2fbad92ded542444daa59aefd8a0fbe2db2e336b
Status:Imageisuptodatefor192.168.1.100:5000/iscc19:s2-audio-3

real	0m0.028s
user	0m0.009s
sys	0m0.014s
k8s create analytic stdoutput:
b'pod/audio3-edge-13 created\n'
k8s create analytic erroutput:
Deploy: audio3-13
try deploy app number:  13
terminal file content:  
is_terminal:  False
after IDA app:  audio5
app_image: audio5
delete app:audio5-15

s2-audio-5:Pullingfromiscc19
Digest:sha256:6783ecc0c002f2c85e1bbbb2a4ecbe6ca6a13014f346ca0dc113074b0be928ad
Status:Downloadednewerimagefor192.168.1.100:5000/iscc19:s2-audio-5

real	0m0.227s
user	0m0.014s
sys	0m0.011s
k8s create analytic stdoutput:
b'pod/audio5-edge-15 created\n'
k8s create analytic erroutput:
Deploy: audio5-15
try deploy app number:  15
terminal file content:  
is_terminal:  False
after IDA app:  audio7
app_image: audio7
delete app:audio7-13

s2-audio-7:Pullingfromiscc19
Digest:sha256:b8940430ba9829b18c6b518e2fbad92ded542444daa59aefd8a0fbe2db2e336b
Status:Imageisuptodatefor192.168.1.100:5000/iscc19:s2-audio-7

real	0m0.033s
user	0m0.018s
sys	0m0.004s
k8s create analytic stdoutput:
b'pod/audio7-edge-13 created\n'
k8s create analytic erroutput:
Deploy: audio7-13
try deploy app number:  13
terminal file content:  
is_terminal:  False
after IDA app:  audio9
app_image: audio9
delete app:audio9-14

s2-audio-9:Pullingfromiscc19
Digest:sha256:6783ecc0c002f2c85e1bbbb2a4ecbe6ca6a13014f346ca0dc113074b0be928ad
Status:Downloadednewerimagefor192.168.1.100:5000/iscc19:s2-audio-9

real	0m0.061s
user	0m0.013s
sys	0m0.009s
k8s create analytic stdoutput:
b'pod/audio9-edge-14 created\n'
k8s create analytic erroutput:
Deploy: audio9-14
try deploy app number:  14
**time:20
pod "audio1-18" deleted
pod "audio11-16" deleted
pod "audio5-19" deleted
======Replacement======
high_level: 0.8 low_level 0.6 policy: LFU
python3 YC/iscc19/Implementation/Algo/Replacement/replacement_algo.py 3.0 0.8 0.6 LFU
python3 YC/iscc19/Implementation/Algo/Replacement/repllacement_algo.py 3.0 0.8 0.6 LFU
Before replaced_images: []
Before replaced_layer_nums: []
exist_images: ['192.168.1.100:5000/iscc19:s2-audio-11', '192.168.1.100:5000/iscc19:s2-audio-3', '192.168.1.100:5000/iscc19:s2-audio-7', '192.168.1.100:5000/iscc19:s2-audio-1', '192.168.1.100:5000/iscc19:s2-audio-5', '192.168.1.100:5000/iscc19:s2-audio-9']
After replaced_images: []
After replaced_layer_nums: []
Before replacement_sz: 1200000000.0
Storage usage: 2638481414.0
Available size: 361518586.0
After replacement_sz: 838481414.0
total_size: 3000000000.0
high_level_sz: 2400000000.0
Before image_layers: ['192.168.1.100:5000/iscc19:s2-audio-11', '192.168.1.100:5000/iscc19:s2-audio-3', '192.168.1.100:5000/iscc19:s2-audio-7', '192.168.1.100:5000/iscc19:s2-audio-1', '192.168.1.100:5000/iscc19:s2-audio-5', '192.168.1.100:5000/iscc19:s2-audio-9']
image_layers + replaced_images: ['192.168.1.100:5000/iscc19:s2-audio-11', '192.168.1.100:5000/iscc19:s2-audio-3', '192.168.1.100:5000/iscc19:s2-audio-7', '192.168.1.100:5000/iscc19:s2-audio-1', '192.168.1.100:5000/iscc19:s2-audio-5', '192.168.1.100:5000/iscc19:s2-audio-9']
running_images: ['192.168.1.100:5000/iscc19:s2-audio-1', '192.168.1.100:5000/iscc19:s2-audio-5', '192.168.1.100:5000/iscc19:s2-audio-9', '192.168.1.100:5000/iscc19:s2-audio-11', '192.168.1.100:5000/iscc19:s2-audio-3', '192.168.1.100:5000/iscc19:s2-audio-7']
image_layers exclude running_images: []
get images from download log: []
get num_access_time from download log: []
get download_time from download log: []
[] []
time: 0.2569615840911865

======Replacement Done======
======Deploy Algo Result======
cloud apps:  ['audio1-18', 'audio10-12', 'audio10-15', 'audio11-16', 'audio4-20', 'audio5-19', 'audio8-16', 'audio8-19', 'yolo1-18', 'yolo10-18', 'yolo10-20', 'yolo11-12', 'yolo11-16', 'yolo12-12', 'yolo12-16', 'yolo12-19', 'yolo2-16', 'yolo3-16', 'yolo4-20', 'yolo6-14', 'yolo6-20', 'yolo9-14', 'yolo9-16']
edge apps:  ['audio3-edge-13', 'audio9-edge-14']
common:  []
Edge: ['audio1', 'audio11', 'audio5']
Cloud: ['audio10', 'audio10', 'audio4', 'audio8', 'audio8', 'yolo1', 'yolo10', 'yolo10', 'yolo11', 'yolo11', 'yolo12', 'yolo12', 'yolo12', 'yolo2', 'yolo3', 'yolo4', 'yolo6', 'yolo9', 'yolo9']
Exec Time:  0.0391049385071
terminal file content:  
is_terminal:  False
after IDA app:  audio1
app_image: audio1
delete app:audio1-18

s2-audio-1:Pullingfromiscc19
Digest:sha256:6783ecc0c002f2c85e1bbbb2a4ecbe6ca6a13014f346ca0dc113074b0be928ad
Status:Imageisuptodatefor192.168.1.100:5000/iscc19:s2-audio-1

real	0m0.129s
user	0m0.019s
sys	0m0.007s
k8s create analytic stdoutput:
b'pod/audio1-edge-18 created\n'
k8s create analytic erroutput:
Deploy: audio1-18
try deploy app number:  18
terminal file content:  
is_terminal:  False
after IDA app:  audio11
app_image: audio11
delete app:audio11-16

s2-audio-11:Pullingfromiscc19
Digest:sha256:b8940430ba9829b18c6b518e2fbad92ded542444daa59aefd8a0fbe2db2e336b
Status:Imageisuptodatefor192.168.1.100:5000/iscc19:s2-audio-11

real	0m0.039s
user	0m0.024s
sys	0m0.000s
k8s create analytic stdoutput:
b'pod/audio11-edge-16 created\n'
k8s create analytic erroutput:
Deploy: audio11-16
try deploy app number:  16
terminal file content:  
is_terminal:  False
after IDA app:  audio5
app_image: audio5
delete app:audio5-19

s2-audio-5:Pullingfromiscc19
Digest:sha256:6783ecc0c002f2c85e1bbbb2a4ecbe6ca6a13014f346ca0dc113074b0be928ad
Status:Imageisuptodatefor192.168.1.100:5000/iscc19:s2-audio-5

real	0m0.036s
user	0m0.005s
sys	0m0.019s
k8s create analytic stdoutput:
b'pod/audio5-edge-19 created\n'
k8s create analytic erroutput:
Deploy: audio5-19
try deploy app number:  19
**time:25
======Replacement======
high_level: 0.8 low_level 0.6 policy: LFU
python3 YC/iscc19/Implementation/Algo/Replacement/replacement_algo.py 3.0 0.8 0.6 LFU
python3 YC/iscc19/Implementation/Algo/Replacement/repllacement_algo.py 3.0 0.8 0.6 LFU
Before replaced_images: []
Before replaced_layer_nums: []
exist_images: ['192.168.1.100:5000/iscc19:s2-audio-11', '192.168.1.100:5000/iscc19:s2-audio-3', '192.168.1.100:5000/iscc19:s2-audio-7', '192.168.1.100:5000/iscc19:s2-audio-1', '192.168.1.100:5000/iscc19:s2-audio-5', '192.168.1.100:5000/iscc19:s2-audio-9']
After replaced_images: []
After replaced_layer_nums: []
Before replacement_sz: 1200000000.0
Storage usage: 2638481414.0
Available size: 361518586.0
After replacement_sz: 838481414.0
total_size: 3000000000.0
high_level_sz: 2400000000.0
Before image_layers: ['192.168.1.100:5000/iscc19:s2-audio-11', '192.168.1.100:5000/iscc19:s2-audio-3', '192.168.1.100:5000/iscc19:s2-audio-7', '192.168.1.100:5000/iscc19:s2-audio-1', '192.168.1.100:5000/iscc19:s2-audio-5', '192.168.1.100:5000/iscc19:s2-audio-9']
image_layers + replaced_images: ['192.168.1.100:5000/iscc19:s2-audio-11', '192.168.1.100:5000/iscc19:s2-audio-3', '192.168.1.100:5000/iscc19:s2-audio-7', '192.168.1.100:5000/iscc19:s2-audio-1', '192.168.1.100:5000/iscc19:s2-audio-5', '192.168.1.100:5000/iscc19:s2-audio-9']
running_images: ['192.168.1.100:5000/iscc19:s2-audio-1', '192.168.1.100:5000/iscc19:s2-audio-5', '192.168.1.100:5000/iscc19:s2-audio-9']
image_layers exclude running_images: ['192.168.1.100:5000/iscc19:s2-audio-11', '192.168.1.100:5000/iscc19:s2-audio-3', '192.168.1.100:5000/iscc19:s2-audio-7']
get images from download log: ['192.168.1.100:5000/iscc19:s2-audio-3', '192.168.1.100:5000/iscc19:s2-audio-7', '192.168.1.100:5000/iscc19:s2-audio-11']
get num_access_time from download log: [237, 600, 1083]
get download_time from download log: [1590442510.0, 1590441924.35, 1590440946.46]
images: ['192.168.1.100:5000/iscc19:s2-audio-3', '192.168.1.100:5000/iscc19:s2-audio-7', '192.168.1.100:5000/iscc19:s2-audio-11']
num_access_time: [237, 600, 1083]
download_time:  [1590442510.0, 1590441924.35, 1590440946.46]
policy: LFU
index: 0
192.168.1.100:5000/iscc19:s2-audio-3
unreplace_images_list: []
replaced_images: []
images: ['192.168.1.100:5000/iscc19:s2-audio-7', '192.168.1.100:5000/iscc19:s2-audio-11']
num_access_time: [600, 1083]
download_time:  [1590441924.35, 1590440946.46]
policy: LFU
index: 0
192.168.1.100:5000/iscc19:s2-audio-7
unreplace_images_list: []
replaced_images: []
images: ['192.168.1.100:5000/iscc19:s2-audio-11']
num_access_time: [1083]
download_time:  [1590440946.46]
policy: LFU
index: 0
192.168.1.100:5000/iscc19:s2-audio-11
unreplace_images_list: []
replaced_images: []
Subtract exist layer size: 2107.0
Subtract exist layer size: 25520000.0
Subtract exist layer size: 822800000.0
['192.168.1.100:5000/iscc19:s2-audio-3', '192.168.1.100:5000/iscc19:s2-audio-7', '192.168.1.100:5000/iscc19:s2-audio-11'] ['23', '23', '3']
"docker rm" requires at least 1 argument.
See 'docker rm --help'.

Usage:  docker rm [OPTIONS] CONTAINER [CONTAINER...] [flags]

Remove one or more containers
Stop docker engine
No screen session found.
Kill docker screen
Restart docker engine
"docker rm" requires at least 1 argument.
See 'docker rm --help'.

Usage:  docker rm [OPTIONS] CONTAINER [CONTAINER...] [flags]

Remove one or more containers
Stop docker engine
No screen session found.
Kill docker screen
Restart docker engine
"docker rm" requires at least 1 argument.
See 'docker rm --help'.

Usage:  docker rm [OPTIONS] CONTAINER [CONTAINER...] [flags]

Remove one or more containers
Stop docker engine
No screen session found.
Kill docker screen
Restart docker engine
time: 144.9411187171936

======Replacement Done======
======Deploy Algo Result======
cloud apps:  ['audio11-22', 'audio12-21', 'audio2-21', 'audio3-22', 'audio4-20', 'audio6-21', 'audio7-23', 'audio8-19', 'yolo1-18', 'yolo1-21', 'yolo10-18', 'yolo10-20', 'yolo11-16', 'yolo11-23', 'yolo11-24', 'yolo12-16', 'yolo12-24', 'yolo2-22', 'yolo2-24', 'yolo3-23', 'yolo5-22', 'yolo6-20', 'yolo7-22', 'yolo8-21', 'yolo8-24']
edge apps:  ['audio1-edge-18', 'audio5-edge-19']
common:  []
Edge: ['audio11']
Cloud: ['audio12', 'audio2', 'audio3', 'audio4', 'audio6', 'audio7', 'audio8', 'yolo1', 'yolo1', 'yolo10', 'yolo10', 'yolo11', 'yolo11', 'yolo11', 'yolo12', 'yolo12', 'yolo2', 'yolo2', 'yolo3', 'yolo5', 'yolo6', 'yolo7', 'yolo8', 'yolo8']
Exec Time:  0.0379619598389
terminal file content:  
is_terminal:  False
after IDA app:  audio11
app_image: audio11
delete app:audio11-22

s2-audio-11:Pullingfromiscc19
6f2f362378c5:Alreadyexists
494c27a8a6b8:Alreadyexists
7596bb83081b:Alreadyexists
372744b62d49:Alreadyexists
615db220d76c:Alreadyexists
9963bb908322:Alreadyexists
fe50f76bba87:Alreadyexists
b7f65421291f:Alreadyexists
9fdca9da23ed:Alreadyexists
53990e53970e:Alreadyexists
ed8cecf6d0be:Alreadyexists
883760b42385:Alreadyexists
cc946a60c9b6:Alreadyexists
3bd8ebacd535:Alreadyexists
fd4b2c426fa1:Alreadyexists
95e0b5462122:Alreadyexists
ac4b8f4fe5a0:Alreadyexists
0864304ac113:Alreadyexists
f66853523504:Alreadyexists
6474f3696e61:Alreadyexists
9d5d20411416:Pullingfslayer
a01c3a163058:Pullingfslayer
8c42dcde1590:Pullingfslayer
8c42dcde1590:VerifyingChecksum
8c42dcde1590:Downloadcomplete
a01c3a163058:VerifyingChecksum
a01c3a163058:Downloadcomplete
9d5d20411416:VerifyingChecksum
9d5d20411416:Downloadcomplete
9d5d20411416:Pullcomplete
a01c3a163058:Pullcomplete
8c42dcde1590:Pullcomplete
Digest:sha256:b8940430ba9829b18c6b518e2fbad92ded542444daa59aefd8a0fbe2db2e336b
Status:Downloadednewerimagefor192.168.1.100:5000/iscc19:s2-audio-11

real	2m1.738s
user	0m0.125s
sys	0m0.040s
k8s create analytic stdoutput:
b'pod/audio11-edge-22 created\n'
k8s create analytic erroutput:
Deploy: audio11-22
try deploy app number:  22
