+++++++++++ DP + weighted + LRU ++++++++++
No resources found
kubect delete all pods
========== ssh ==========


minion@minion-nuc-cloud:~$ 
========== minion delete containers ==========


docker ps -a | grep Exit | cut -d " " -f 1 | xargs  doocker rm

"docker rm" requires at least 1 argument.
See 'docker rm --help'.

Usage:  docker rm [OPTIONS] CONTAINER [CONTAINER...] [flags]

Remove one or more containers

========== cloud delete containers ==========

========== minion delete images ==========

python3 YC/iscc19/delete_all_
images.py DP_weighted_LRU_1_0524_0309



python3 YC/iscc19/delete_all_images.py DP_weighted_LRUU_1_0524_0309

delete images_replce.log finish

No screen session found.

Stop and Kill previous screenshot

Restart PubImage

Stop docker engine

No screen session found.

Kill docker screen

Restart docker engine

"docker rm" requires at least 1 argument.
See 'docker rm --help'.

Usage:  docker rm [OPTIONS] CONTAINER [CONTAINER...] [flags]

Remove one or more containers

Remove docker existed containers

Pull audio over

Pull yolo over

Delete audio over

Delete audio over

python3 delete_all_images.py DP_weighted_LRU_1
python qos_measurement_yolo_result.py
python qos_measurement_yolo_image.py
python qos_measurement_audio.py
poisson run finish
