
========== Time: 0 ==========
yolo9-0, 47145367, car
yolo2-0, 45739077, car
yolo10-0, 45739077, car
yolo9-0, 45739077, car
yolo2-0, 64397070, car
yolo10-0, 64397070, car
yolo9-0, 64397070, car
yolo9-0, 92268119, car
yolo2-0, 92268119, car
yolo10-0, 92268119, car
yolo3-0, 45739077, car
yolo2-0, 37264409, car
yolo10-0, 37264409, car
yolo9-0, 37264409, car
yolo3-0, 64397070, car
yolo2-0, 03792341, car
yolo10-0, 03792341, car
yolo9-0, 03792341, car
yolo3-0, 92268119, car
yolo2-0, 00306059, car
yolo10-0, 00306059, car
yolo3-0, 37264409, car
yolo9-0, 00306059, car
yolo9-0, 38306802, car
yolo3-0, 03792341, car
yolo3-0, 00306059, car
yolo9-0, 63154040, car
yolo3-0, 38306802, car
yolo3-0, 63154040, car
yolo9-0, 78690798, car

========== Time: 1 ==========
yolo2-0, 38306802, car
yolo10-0, 38306802, car
yolo9-0, 82256283, car
yolo9-0, 16103415, car
yolo9-0, 11611924, car
yolo2-0, 63154040, car
yolo10-0, 63154040, car
yolo9-0, 13394358, car
yolo10-0, 78690798, car
yolo2-0, 78690798, car
yolo3-0, 78690798, car
yolo10-0, 82256283, car
yolo2-0, 82256283, car
yolo3-0, 82256283, car
yolo10-0, 16103415, car
yolo2-0, 16103415, car
yolo9-0, 86650948, car
yolo3-0, 16103415, car
yolo2-0, 11611924, car
yolo10-0, 11611924, car
yolo3-0, 11611924, car
yolo10-0, 13394358, car
yolo2-0, 13394358, car
yolo3-0, 13394358, car
yolo10-0, 86650948, car
yolo2-0, 86650948, car
yolo9-0, 10857987, car
yolo3-0, 86650948, car
yolo10-0, 10857987, car
yolo2-0, 10857987, car
yolo9-0, 38432222, car
yolo3-0, 10857987, car
yolo2-0, 38432222, car
yolo10-0, 38432222, car
yolo3-0, 38432222, car
yolo9-0, 72477793, car
yolo2-0, 72477793, car
yolo10-0, 72477793, car
yolo3-0, 72477793, car
yolo3-0, 29202796, car
yolo2-0, 29202796, car
yolo10-0, 29202796, car
yolo9-0, 29202796, car
yolo3-0, 00535758, car
yolo9-0, 00535758, car
yolo2-0, 00535758, car
yolo10-0, 00535758, car
yolo2-0, 69348136, car
yolo10-0, 69348136, car
yolo3-0, 69348136, car
yolo9-0, 69348136, car
yolo3-0, 72822757, car
yolo9-0, 72822757, car
yolo2-0, 72822757, car
yolo10-0, 72822757, car
yolo2-0, 81181498, car
yolo9-0, 81181498, car
yolo10-0, 81181498, car
yolo3-0, 81181498, car
yolo2-0, 04245810, car
yolo10-0, 04245810, car
yolo9-0, 04245810, car
yolo3-0, 04245810, car
yolo3-0, 78490256, car
yolo2-0, 78490256, car
yolo10-0, 78490256, car
yolo9-0, 78490256, car
yolo3-0, 34969949, car
yolo10-0, 34969949, car
yolo2-0, 34969949, car

========== Time: 2 ==========
yolo9-0, 34969949, car
yolo3-0, 40610572, car
yolo2-0, 40610572, car
yolo10-0, 40610572, car
yolo9-0, 40610572, car
yolo3-0, 39199196, car
yolo2-0, 39199196, car
yolo9-0, 39199196, car
yolo10-0, 39199196, car
yolo10-0, 49282656, car
yolo2-0, 49282656, car
yolo9-0, 49282656, car
yolo3-0, 49282656, car
yolo2-0, 58242349, car
yolo10-0, 58242349, car
yolo9-0, 58242349, car
yolo3-0, 58242349, car
yolo10-0, 68254066, car
yolo9-0, 68254066, car
yolo3-0, 68254066, car
yolo2-0, 68254066, car
yolo10-0, 19889347, car
yolo3-0, 19889347, car
yolo9-0, 19889347, car
yolo2-0, 19889347, car
yolo3-0, 03612546, car
yolo9-0, 03612546, car
yolo3-0, 19577506, car
yolo10-0, 03612546, car
yolo2-0, 03612546, car
yolo3-0, 05838440, car
yolo9-0, 19577506, car
yolo10-0, 19577506, car
yolo2-0, 19577506, car
yolo9-0, 05838440, car
yolo2-0, 05838440, car
yolo10-0, 05838440, car
yolo3-0, 68602888, car
yolo9-0, 68602888, car
yolo2-0, 68602888, car
yolo10-0, 68602888, car
yolo9-0, 37729137, car
yolo10-0, 37729137, car
yolo2-0, 37729137, car
yolo3-0, 37729137, car
yolo3-0, 73598328, car
yolo9-0, 73598328, car
yolo3-0, 83105070, car
yolo9-0, 83105070, car
yolo3-0, 41287701, car
yolo9-1, 41287701, car
yolo9-0, 41287701, car
yolo3-0, 60946806, car
yolo3-0, 79740756, car
yolo3-0, 85471485, car

========== Time: 3 ==========
yolo3-0, 08790888, car
yolo3-0, 05750345, car
yolo10-1, 41287701, car
yolo10-0, 73598328, car
yolo2-0, 73598328, car
yolo10-1, 60946806, car
yolo2-0, 83105070, car
yolo10-0, 83105070, car
yolo3-0, 77676816, car
yolo10-1, 79740756, car
yolo9-1, 60946806, car
yolo9-0, 60946806, car
yolo2-0, 41287701, car
yolo10-0, 41287701, car
yolo10-1, 85471485, car
yolo3-0, 69967325, car
yolo2-0, 60946806, car
yolo10-0, 60946806, car
yolo10-1, 08790888, car
yolo2-0, 79740756, car
yolo10-1, 05750345, car
yolo10-0, 79740756, car
yolo3-0, 58094952, car
yolo2-0, 85471485, car
yolo10-1, 77676816, car
yolo10-0, 85471485, car
yolo2-0, 08790888, car
yolo10-0, 08790888, car
yolo10-1, 69967325, car
yolo3-0, 34836661, car
yolo2-0, 05750345, car
yolo10-0, 05750345, car
yolo10-1, 58094952, car
yolo2-0, 77676816, car
yolo10-1, 34836661, car
yolo10-0, 77676816, car
yolo2-0, 69967325, car
yolo3-0, 57919770, car
yolo10-1, 57919770, car
yolo10-0, 69967325, car
yolo2-0, 58094952, car
yolo10-0, 58094952, car
yolo2-0, 34836661, car
yolo3-0, 66359946, car
yolo10-1, 66359946, car
yolo10-0, 34836661, car
yolo2-0, 57919770, car
yolo10-0, 57919770, car
yolo2-0, 66359946, car
yolo10-1, 93576285, car
yolo3-0, 93576285, car
yolo10-0, 66359946, car
yolo2-0, 93576285, car
yolo10-0, 93576285, car
yolo10-0, 83076403, car
yolo10-1, 83076403, car
yolo2-0, 83076403, car
yolo10-0, 19719266, car
yolo2-0, 19719266, car
yolo10-1, 19719266, car
yolo2-0, 79512607, car
yolo10-0, 79512607, car
yolo10-1, 79512607, car
yolo10-0, 64602857, train
yolo2-0, 64602857, train
yolo10-1, 64602857, train
yolo10-1, 25145758, car
yolo10-0, 25145758, car
yolo2-0, 25145758, car
yolo3-0, 83076403, car
yolo2-0, 46132454, car
yolo10-0, 46132454, car
yolo10-1, 46132454, car

========== Time: 4 ==========
yolo2-0, 30079838, car
yolo10-0, 30079838, car
yolo10-1, 30079838, car
yolo10-0, 33288760, car
yolo10-1, 33288760, car
yolo2-0, 33288760, car
yolo2-0, 31515331, car
yolo10-1, 31515331, car
yolo10-0, 31515331, car
yolo3-0, 19719266, car
yolo3-0, 79512607, car
yolo10-1, 67021401, car
yolo2-0, 67021401, car
yolo10-0, 67021401, car
yolo3-0, 64602857, train
yolo9-0, 79740756, car
yolo9-1, 79740756, car
yolo3-0, 25145758, car
yolo10-1, 71213154, car
yolo2-0, 71213154, car
yolo10-0, 71213154, car
yolo3-0, 46132454, car
yolo3-0, 30079838, car
yolo10-0, 53486654, car
yolo2-0, 53486654, car
yolo10-1, 53486654, car
yolo3-0, 33288760, car
yolo3-0, 31515331, car
yolo10-0, 66888361, car
yolo2-0, 66888361, car
yolo10-1, 66888361, car
yolo3-0, 67021401, car
yolo3-0, 71213154, car
yolo3-0, 53486654, car
yolo10-0, 88465424, car
yolo10-1, 88465424, car
yolo2-0, 88465424, car
yolo3-0, 66888361, car
yolo10-1, 83258707, car
yolo10-0, 83258707, car
yolo2-0, 83258707, car
yolo3-0, 88465424, car
yolo3-0, 83258707, car
yolo10-0, 11860921, car
yolo2-0, 11860921, car
yolo3-0, 11860921, car
yolo10-1, 11860921, car
yolo2-0, 20923650, car
yolo10-1, 20923650, car
yolo10-0, 20923650, car
yolo3-0, 20923650, car
yolo2-0, 99600448, car
yolo3-0, 99600448, car
yolo10-0, 99600448, car
yolo10-1, 99600448, car
yolo9-0, 53486654, car
yolo9-1, 85471485, car
yolo2-0, 89669134, car
yolo10-1, 89669134, car
yolo3-0, 89669134, car
yolo10-0, 89669134, car
yolo9-0, 66888361, car
yolo9-1, 08790888, car
yolo2-0, 20633779, car
yolo3-0, 20633779, car
yolo10-0, 20633779, car
yolo9-0, 88465424, car
yolo10-1, 20633779, car
yolo9-1, 05750345, car
yolo9-0, 83258707, car
yolo9-1, 77676816, car
yolo10-1, 10288044, car
yolo10-0, 10288044, car
yolo2-0, 10288044, car
yolo3-0, 10288044, car

========== Time: 5 ==========
yolo9-1, 69967325, car
yolo9-0, 11860921, car
yolo9-0, 20923650, car
yolo2-0, 35114436, car
yolo10-0, 35114436, car
yolo10-1, 35114436, car
yolo3-0, 35114436, car
yolo9-0, 99600448, car
yolo2-0, 04501142, car
yolo9-1, 58094952, car
yolo10-1, 04501142, car
yolo3-0, 04501142, car
yolo9-0, 89669134, car
yolo10-0, 04501142, car
yolo9-0, 20633779, car
yolo10-0, 56177446, car
yolo10-1, 56177446, car
yolo2-0, 56177446, car
yolo9-1, 56177446, car
yolo3-0, 56177446, car
yolo9-0, 10288044, car
yolo9-0, 35114436, car
yolo10-1, 19172952, car
yolo2-0, 19172952, car
yolo10-0, 19172952, car
yolo9-1, 19172952, car
yolo3-0, 19172952, car
yolo9-0, 04501142, car
yolo9-0, 56177446, car
yolo2-0, 72543203, car
yolo10-0, 72543203, car
yolo9-1, 72543203, car
yolo3-0, 72543203, car
yolo10-1, 72543203, car
yolo9-0, 19172952, car
yolo10-1, 92355545, bottle
yolo10-0, 92355545, bottle
yolo2-0, 92355545, bottle
yolo9-0, 72543203, car
yolo9-1, 92355545, bottle
yolo3-0, 92355545, bottle
yolo3-0, 04224680, car
yolo2-0, 04224680, car
yolo10-1, 04224680, car
yolo10-0, 04224680, car
yolo3-0, 22933125, car
yolo10-1, 22933125, car
yolo2-0, 22933125, car
yolo10-0, 22933125, car
yolo10-0, 23911970, sofa
yolo2-0, 23911970, sofa
yolo10-1, 23911970, sofa
yolo3-0, 23911970, sofa
yolo9-1, 04224680, car
yolo9-0, 92355545, bottle
yolo9-1, 22933125, car
yolo9-0, 04224680, car
yolo10-1, 24963479, car
yolo2-0, 24963479, car
yolo10-0, 24963479, car
yolo3-0, 24963479, car
yolo9-1, 23911970, sofa
yolo9-0, 22933125, car
yolo10-1, 15490653, sofa
yolo3-0, 15490653, sofa
yolo2-0, 15490653, sofa
yolo10-0, 15490653, sofa
yolo9-1, 24963479, car
yolo9-0, 23911970, sofa
yolo9-0, 24963479, car
yolo9-1, 15490653, sofa
yolo10-1, 34442309, boat
yolo2-0, 34442309, boat
yolo3-0, 34442309, boat
yolo9-0, 15490653, sofa
yolo10-0, 34442309, boat
yolo9-1, 34442309, boat
yolo9-0, 34442309, boat
yolo10-0, 21360480, car
yolo9-1, 21360480, car
yolo10-1, 21360480, car
yolo3-0, 21360480, car
yolo2-0, 21360480, car
yolo9-0, 21360480, car
yolo9-1, 29681337, car
yolo10-1, 29681337, car
yolo10-0, 29681337, car
yolo9-0, 29681337, car
yolo3-0, 29681337, car
yolo2-0, 29681337, car
yolo10-0, 85266439, car
yolo10-1, 85266439, car
yolo2-0, 85266439, car
yolo3-0, 85266439, car

========== Time: 6 ==========
yolo10-1, 84364823, bottle
yolo2-0, 84364823, bottle
yolo10-0, 84364823, bottle
yolo3-0, 84364823, bottle
yolo2-0, 20465593, car
yolo10-0, 20465593, car
yolo10-1, 20465593, car
yolo3-0, 20465593, car
yolo9-0, 85266439, car
yolo9-1, 85266439, car
yolo9-0, 84364823, bottle
yolo9-1, 84364823, bottle
yolo3-0, 87396470, sofa
yolo10-1, 87396470, sofa
yolo10-0, 87396470, sofa
yolo2-0, 87396470, sofa
yolo9-0, 20465593, car
yolo9-1, 20465593, car
yolo9-1, 87396470, sofa
yolo9-0, 87396470, sofa
yolo2-0, 80420585, sofa
yolo10-0, 80420585, sofa
yolo3-0, 80420585, sofa
yolo10-1, 80420585, sofa
yolo9-0, 80420585, sofa
yolo9-1, 80420585, sofa
yolo10-1, 60476005, car
yolo3-0, 60476005, car
yolo9-1, 60476005, car
yolo9-0, 60476005, car
yolo2-0, 60476005, car
yolo10-0, 60476005, car
yolo10-1, 24578013, car
yolo10-0, 24578013, car
yolo2-0, 24578013, car
yolo3-0, 24578013, car
yolo9-0, 24578013, car
yolo9-1, 24578013, car
yolo10-1, 33421282, aeroplane
yolo3-0, 33421282, aeroplane
yolo9-0, 33421282, aeroplane
yolo10-0, 33421282, aeroplane
yolo9-1, 33421282, aeroplane
yolo2-0, 33421282, aeroplane
yolo10-0, 36691538, car
yolo10-1, 36691538, car
yolo2-0, 36691538, car
yolo3-0, 36691538, aeroplane
yolo9-0, 36691538, car
yolo9-1, 36691538, car
yolo10-0, 61996760, aeroplane
yolo3-0, 61996760, aeroplane
yolo9-0, 61996760, aeroplane
yolo9-1, 61996760, aeroplane
yolo2-0, 61996760, aeroplane
yolo10-1, 61996760, aeroplane
yolo2-0, 94536671, bottle
yolo10-0, 94536671, bottle
yolo9-1, 94536671, aeroplane
yolo9-0, 94536671, aeroplane
yolo3-0, 94536671, aeroplane
yolo10-1, 94536671, bottle
yolo3-0, 27206352, aeroplane
yolo10-1, 27206352, bottle
yolo10-0, 27206352, bottle
yolo2-0, 27206352, bottle
yolo10-0, 29505247, aeroplane
yolo2-0, 29505247, aeroplane
yolo10-1, 29505247, aeroplane
yolo3-0, 29505247, aeroplane
yolo9-1, 27206352, boat
yolo9-0, 27206352, boat
yolo3-0, 68796178, aeroplane
yolo10-1, 68796178, aeroplane
yolo10-0, 68796178, aeroplane
yolo2-0, 68796178, aeroplane
yolo9-0, 29505247, aeroplane
yolo9-1, 29505247, aeroplane
yolo9-0, 68796178, aeroplane
yolo9-1, 68796178, aeroplane
yolo2-0, 88862782, aeroplane
yolo3-0, 88862782, aeroplane
yolo10-1, 88862782, aeroplane
yolo3-0, 79939339, aeroplane
yolo9-0, 88862782, aeroplane
yolo9-1, 88862782, aeroplane

========== Time: 7 ==========
yolo9-1, 79939339, boat
yolo9-0, 79939339, boat
yolo3-0, 38145151, aeroplane
yolo9-1, 38145151, car
yolo9-0, 38145151, car
yolo3-0, 27849729, bottle
yolo9-1, 27849729, sofa
yolo9-0, 27849729, sofa
yolo9-1, 39106592, car
yolo3-0, 39106592, aeroplane
yolo9-0, 39106592, car
yolo9-0, 04473300, car
yolo9-1, 04473300, car
yolo3-0, 04473300, aeroplane
yolo9-1, 97747875, car
yolo9-0, 97747875, car
yolo3-0, 97747875, aeroplane
yolo3-0, 74988820, aeroplane
yolo9-0, 74988820, aeroplane
yolo9-1, 74988820, aeroplane
yolo3-0, 92156419, aeroplane
yolo9-1, 92156419, car
yolo9-0, 92156419, car
yolo3-0, 84830409, aeroplane
yolo9-1, 84830409, car
yolo9-0, 84830409, car
yolo3-0, 47238997, bird
yolo9-1, 47238997, sofa
yolo9-0, 47238997, sofa
yolo9-1, 59508340, car
yolo3-0, 59508340, aeroplane
yolo9-0, 59508340, car
yolo3-0, 69357145, aeroplane
yolo9-0, 69357145, car
yolo9-1, 69357145, car
yolo3-0, 74269732, bottle
yolo9-0, 74269732, car
yolo9-1, 74269732, car
yolo2-0, 79939339, aeroplane
yolo10-1, 79939339, aeroplane
yolo3-0, 65475862, aeroplane
yolo9-0, 65475862, car
yolo9-1, 65475862, car
yolo2-0, 38145151, car
yolo10-1, 38145151, car
yolo9-1, 61515864, car
yolo3-0, 61515864, aeroplane
yolo9-0, 61515864, car
yolo2-0, 27849729, bottle
yolo10-1, 27849729, bottle
yolo3-0, 76151114, aeroplane
yolo2-0, 39106592, car
yolo3-0, 18471904, aeroplane
yolo9-0, 76151114, car
yolo9-1, 76151114, car
yolo3-0, 91003259, aeroplane

========== Time: 8 ==========
yolo2-0, 04473300, car
yolo10-1, 39106592, car
yolo9-0, 18471904, aeroplane
yolo9-1, 18471904, aeroplane
yolo3-0, 87186355, aeroplane
yolo2-0, 97747875, aeroplane
yolo10-1, 04473300, car
yolo9-0, 91003259, car
yolo9-1, 91003259, car
yolo2-0, 74988820, aeroplane
yolo10-1, 97747875, aeroplane
yolo9-1, 87186355, car
yolo9-0, 87186355, car
yolo3-0, 23200769, bottle
yolo2-0, 92156419, car
yolo10-1, 74988820, aeroplane
yolo9-1, 23200769, car
yolo9-0, 23200769, car
yolo2-0, 84830409, car
yolo10-1, 92156419, car
yolo9-1, 49178631, aeroplane
yolo9-0, 49178631, aeroplane
yolo3-0, 49178631, aeroplane
yolo2-0, 47238997, sofa
yolo10-1, 84830409, car
yolo9-0, 76997517, car
yolo9-1, 76997517, car
yolo3-0, 76997517, aeroplane
yolo2-0, 59508340, car
yolo10-1, 47238997, sofa
yolo2-0, 69357145, car
yolo9-1, 96467663, bottle
yolo3-0, 96467663, bottle
yolo9-0, 96467663, bottle
yolo10-1, 59508340, car
yolo2-0, 74269732, bottle
yolo10-1, 69357145, car
yolo2-0, 65475862, car
yolo9-0, 79243158, car
yolo9-1, 79243158, car
yolo3-0, 79243158, aeroplane
yolo10-1, 74269732, bottle
yolo2-0, 61515864, car
yolo10-1, 65475862, car
yolo9-0, 90055722, aeroplane
yolo3-0, 90055722, aeroplane
yolo9-1, 90055722, aeroplane
yolo2-0, 76151114, car
yolo10-1, 61515864, car
yolo10-1, 76151114, car
yolo2-0, 18471904, bottle
yolo3-0, 14833168, aeroplane
yolo9-1, 14833168, aeroplane
yolo9-0, 14833168, aeroplane
yolo2-0, 91003259, car
yolo10-1, 18471904, bottle
yolo2-0, 87186355, car
yolo10-1, 91003259, car
yolo3-0, 98547217, aeroplane
yolo9-0, 98547217, aeroplane
yolo9-1, 98547217, aeroplane
yolo2-0, 23200769, bottle
yolo10-1, 87186355, car
yolo2-0, 49178631, aeroplane
yolo10-1, 23200769, bottle
yolo9-1, 93356572, aeroplane
yolo9-0, 93356572, aeroplane
yolo3-0, 93356572, aeroplane
yolo10-1, 49178631, aeroplane
yolo2-0, 76997517, car
yolo2-0, 96467663, bottle
yolo10-1, 76997517, car
yolo3-0, 24428917, aeroplane
yolo9-1, 24428917, aeroplane
yolo9-0, 24428917, aeroplane
yolo10-1, 96467663, bottle
yolo2-0, 79243158, car
yolo10-1, 79243158, car
yolo9-0, 84433004, aeroplane
yolo2-0, 90055722, aeroplane
yolo9-1, 84433004, aeroplane
yolo10-1, 90055722, aeroplane
yolo2-0, 14833168, aeroplane
yolo10-1, 14833168, aeroplane
yolo9-1, 99513526, aeroplane
yolo9-0, 99513526, aeroplane
yolo2-0, 98547217, aeroplane
yolo10-1, 98547217, aeroplane
yolo2-0, 93356572, aeroplane
yolo10-1, 93356572, aeroplane
yolo9-0, 06508143, aeroplane
yolo9-1, 06508143, aeroplane
yolo2-0, 24428917, aeroplane
yolo10-1, 24428917, aeroplane

========== Time: 9 ==========
yolo9-1, 45242406, aeroplane
yolo9-0, 45242406, aeroplane
yolo2-0, 84433004, aeroplane
yolo10-1, 84433004, aeroplane
yolo2-0, 99513526, aeroplane
yolo10-1, 99513526, aeroplane
yolo9-0, 98054529, aeroplane
yolo10-1, 06508143, aeroplane
yolo10-1, 45242406, aeroplane
yolo9-0, 16933272, aeroplane
yolo10-1, 98054529, aeroplane
yolo9-0, 44814461, aeroplane
yolo10-1, 16933272, aeroplane
yolo10-1, 44814461, aeroplane
yolo9-0, 48152690, aeroplane
yolo10-1, 48152690, aeroplane
yolo10-1, 24990529, aeroplane
yolo9-0, 24990529, aeroplane
yolo9-0, 04277356, aeroplane
yolo10-1, 04277356, aeroplane
yolo10-1, 19380966, aeroplane
yolo9-0, 19380966, aeroplane
yolo9-0, 33491173, aeroplane
yolo10-1, 33491173, aeroplane
yolo9-0, 11718560, aeroplane
yolo10-1, 11718560, aeroplane
yolo9-0, 04822577, aeroplane
yolo10-1, 04822577, aeroplane
yolo10-1, 55560320, aeroplane
yolo9-0, 55560320, aeroplane
yolo10-1, 65889800, aeroplane
yolo9-0, 65889800, aeroplane
yolo10-1, 53799319, aeroplane
yolo9-0, 53799319, aeroplane
yolo9-0, 10698636, aeroplane
yolo10-1, 10698636, aeroplane
yolo10-1, 64752285, aeroplane
yolo9-0, 64752285, aeroplane
yolo10-1, 80127632, aeroplane
yolo9-0, 80127632, aeroplane
yolo10-1, 58862412, aeroplane
yolo9-0, 58862412, aeroplane
yolo10-1, 64417275, aeroplane
yolo9-0, 64417275, aeroplane
yolo9-0, 07713415, aeroplane
yolo10-1, 07713415, aeroplane
yolo10-1, 55307448, aeroplane
yolo9-0, 55307448, aeroplane
yolo10-1, 52865053, aeroplane
yolo9-0, 52865053, aeroplane
yolo10-1, 16446373, sofa
yolo9-0, 16446373, sofa
yolo9-0, 06599067, aeroplane
yolo10-1, 06599067, aeroplane
yolo9-0, 37059739, aeroplane
yolo10-1, 37059739, aeroplane
yolo9-0, 47804404, aeroplane
yolo10-1, 47804404, aeroplane
yolo9-0, 70398436, aeroplane
yolo10-1, 70398436, aeroplane

========== Time: 10 ==========
yolo9-0, 51344674, aeroplane
yolo10-1, 51344674, aeroplane
yolo9-0, 03654593, aeroplane
yolo9-0, 18457102, aeroplane
yolo9-0, 22160755, aeroplane
yolo10-1, 03654593, aeroplane
yolo9-0, 73866944, aeroplane
yolo10-1, 18457102, aeroplane
yolo9-0, 40852133, aeroplane
yolo10-1, 22160755, aeroplane
yolo9-0, 42205566, aeroplane
yolo9-0, 49493465, aeroplane
yolo9-0, 90946231, aeroplane
yolo9-0, 16338745, aeroplane
yolo10-1, 73866944, aeroplane
yolo9-0, 59682875, aeroplane
yolo9-0, 53710239, aeroplane

========== Time: 11 ==========

========== Time: 12 ==========

========== Time: 13 ==========

========== Time: 14 ==========

========== Time: 15 ==========
yolo2-12, 22450893, aeroplane
yolo2-12, 86718816, aeroplane
yolo2-12, 62801488, aeroplane
yolo2-12, 01015272, aeroplane
yolo2-12, 27635621, aeroplane
yolo2-12, 00817970, aeroplane
yolo2-12, 23849843, aeroplane
yolo2-12, 06780444, aeroplane
yolo2-12, 03937229, aeroplane
yolo2-12, 67808749, aeroplane
yolo2-12, 20216792, aeroplane
yolo2-12, 48392851, aeroplane
yolo2-12, 94193050, aeroplane
yolo2-12, 88292162, aeroplane
yolo2-12, 27825317, aeroplane
yolo2-12, 45118292, aeroplane
yolo2-12, 88634283, aeroplane
yolo2-12, 82058821, aeroplane
yolo2-12, 90844625, aeroplane
yolo2-12, 04732620, aeroplane

========== Time: 16 ==========
yolo2-12, 34423595, aeroplane
yolo2-12, 83147651, aeroplane
yolo2-12, 89680201, aeroplane
yolo2-12, 80508070, aeroplane
yolo2-12, 94724787, aeroplane
yolo2-12, 50896466, aeroplane
yolo2-12, 89516428, aeroplane
yolo2-12, 75335328, aeroplane
yolo2-12, 71921947, aeroplane
yolo2-12, 49718880, aeroplane
yolo2-12, 66424011, aeroplane
yolo2-12, 69301768, aeroplane
yolo2-12, 36429040, aeroplane
yolo2-12, 89411701, aeroplane
yolo2-12, 22292864, aeroplane
yolo2-12, 89660361, aeroplane
yolo2-12, 15850192, aeroplane
yolo2-12, 07832839, aeroplane
yolo2-12, 86253294, aeroplane
yolo2-12, 78921563, aeroplane
yolo2-12, 93123679, aeroplane
yolo2-12, 41696573, aeroplane
yolo2-12, 19061250, aeroplane

========== Time: 17 ==========
yolo2-12, 21217371, aeroplane
yolo2-12, 40062358, aeroplane
yolo2-12, 01673888, aeroplane
yolo2-12, 38949876, aeroplane
yolo2-12, 11382316, aeroplane
yolo2-12, 06663481, aeroplane
yolo2-12, 08195941, aeroplane
yolo2-12, 49738077, aeroplane

========== Time: 18 ==========
yolo2-12, 29130305, aeroplane
yolo2-12, 04961482, aeroplane
yolo2-12, 80425069, aeroplane
yolo2-12, 22220570, aeroplane
yolo2-12, 42957227, aeroplane
yolo2-12, 15545893, aeroplane
yolo2-12, 66584179, aeroplane
yolo2-12, 36876965, aeroplane
yolo2-12, 45216347, aeroplane
yolo2-12, 21636154, aeroplane
yolo2-12, 07016434, aeroplane
yolo2-12, 61308934, aeroplane
yolo2-12, 94569452, aeroplane
yolo2-12, 32049491, aeroplane
yolo2-12, 21948388, aeroplane

========== Time: 19 ==========
yolo2-12, 10853270, aeroplane
yolo2-12, 78633824, aeroplane
yolo2-12, 68138540, aeroplane
yolo2-12, 91608583, aeroplane
yolo2-12, 63557979, aeroplane
yolo2-12, 48068484, aeroplane
yolo2-12, 59884061, aeroplane
yolo2-12, 09651351, aeroplane
yolo2-12, 90480827, aeroplane
yolo2-12, 03979979, aeroplane
yolo2-12, 61743443, aeroplane
yolo2-12, 44138681, aeroplane
yolo2-12, 07094096, aeroplane
yolo2-12, 26815360, aeroplane
yolo2-12, 95880533, aeroplane

========== Time: 20 ==========
yolo2-12, 62475348, aeroplane
yolo2-12, 71981172, aeroplane
yolo2-12, 58142023, aeroplane
yolo2-12, 42391831, aeroplane
yolo2-12, 23606221, aeroplane
yolo2-12, 15597162, aeroplane
yolo2-12, 39183077, aeroplane
yolo2-12, 23180086, aeroplane
yolo2-12, 98679630, aeroplane
yolo2-12, 98822107, aeroplane
yolo2-12, 59486691, aeroplane
yolo2-12, 66361738, aeroplane
yolo2-12, 95327579, aeroplane
yolo2-12, 32558325, aeroplane
yolo2-12, 23486271, aeroplane

========== Time: 21 ==========
yolo2-12, 08274168, aeroplane
yolo2-12, 15870169, aeroplane
yolo2-12, 91338384, car
yolo2-12, 29169898, car
yolo7-14, 39183077, car
yolo7-13, 39183077, car
yolo3-13, 39183077, aeroplane
yolo7-19, 08274168, car

========== Time: 22 ==========
yolo7-14, 23180086, car
yolo3-13, 23180086, aeroplane
yolo7-19, 15870169, car
yolo7-13, 23180086, car
yolo7-13, 98679630, car
yolo7-19, 91338384, car
yolo3-13, 98679630, aeroplane
yolo7-14, 98679630, car
yolo7-13, 98822107, car
yolo7-19, 29169898, car
yolo7-14, 98822107, car
yolo3-13, 98822107, aeroplane
yolo7-13, 59486691, car
yolo7-19, 59062715, car
yolo7-14, 59486691, car
yolo3-13, 59486691, aeroplane
yolo7-19, 12649342, car
yolo7-13, 66361738, car
yolo7-14, 66361738, car
yolo3-13, 66361738, aeroplane
yolo7-19, 63410959, car
yolo7-13, 95327579, car
yolo3-13, 95327579, aeroplane
yolo7-14, 95327579, car
yolo7-19, 78800497, car
yolo3-13, 32558325, aeroplane
yolo7-14, 32558325, car
yolo7-13, 32558325, car
yolo7-19, 19673080, car
yolo7-13, 23486271, car
yolo7-14, 23486271, car
yolo3-13, 23486271, aeroplane
yolo7-19, 99075175, car
yolo3-13, 08274168, aeroplane
yolo7-13, 08274168, car
yolo7-14, 08274168, car
yolo7-19, 72620532, car
yolo3-13, 15870169, aeroplane
yolo7-13, 15870169, car
yolo7-14, 15870169, car
yolo7-19, 78689544, car
yolo3-13, 91338384, aeroplane
yolo7-14, 91338384, car
yolo7-13, 91338384, car
yolo7-19, 04205423, car
yolo3-13, 29169898, aeroplane
yolo7-19, 71051233, car
yolo3-13, 59062715, aeroplane
yolo7-19, 01789541, car
yolo3-13, 12649342, aeroplane
yolo7-19, 48509904, car
yolo7-13, 29169898, car
yolo7-14, 29169898, car
yolo7-19, 19749219, car
yolo7-19, 56442304, car
yolo7-14, 65984653, car
yolo7-13, 65984653, car
yolo7-19, 02438605, car
yolo7-19, 94223558, car
yolo7-14, 33692581, car
yolo7-13, 33692581, car
yolo7-19, 65976574, car
yolo7-19, 53785949, car
yolo7-14, 52673110, car
yolo7-13, 52673110, car
yolo7-19, 72277460, car
yolo7-19, 48814286, car
yolo7-14, 59691357, car
yolo7-13, 59691357, car
yolo7-19, 65984653, car
yolo7-19, 33692581, car
yolo7-13, 20939285, car
yolo7-14, 20939285, car
yolo7-19, 52673110, car
yolo7-19, 59691357, car
yolo7-13, 97719166, car
yolo7-14, 97719166, car
yolo7-19, 20939285, car

========== Time: 23 ==========
yolo7-19, 97719166, car
yolo7-13, 85751584, car
yolo7-14, 85751584, car
yolo7-19, 85751584, car
yolo7-19, 70329012, car
yolo7-13, 70329012, car
yolo7-14, 70329012, car
yolo7-14, 48674745, car
yolo7-13, 48674745, car
yolo7-19, 48674745, car
yolo7-13, 40564820, car
yolo7-19, 40564820, car
yolo7-14, 40564820, car
yolo7-13, 08909696, car
yolo7-14, 08909696, car
yolo7-19, 08909696, car
yolo7-13, 97997592, car
yolo7-19, 97997592, car
yolo7-14, 97997592, car
yolo7-13, 97490050, car
yolo7-19, 97490050, car
yolo7-14, 97490050, car
yolo7-14, 51619996, car
yolo7-13, 51619996, car
yolo7-19, 51619996, car
yolo4-20, 65976574, car
yolo8-20, 65984653, car
yolo7-14, 90746960, car
yolo7-19, 90746960, car
yolo8-22, 90746960, car
yolo7-13, 90746960, car
yolo4-20, 53785949, car
yolo8-20, 33692581, car
yolo8-20, 52673110, car
yolo4-20, 72277460, car
yolo7-14, 83789908, car
yolo7-13, 83789908, car
yolo8-22, 83789908, car
yolo7-19, 83789908, car
yolo4-20, 48814286, bottle
yolo8-20, 59691357, car
yolo7-14, 47814071, car
yolo7-19, 47814071, car
yolo7-13, 47814071, car
yolo8-20, 20939285, car
yolo4-20, 65984653, car
yolo8-22, 47814071, car
yolo4-20, 33692581, car
yolo8-20, 97719166, car
yolo7-19, 59727461, car
yolo7-13, 59727461, car
yolo8-22, 59727461, car
yolo7-14, 59727461, car
yolo8-20, 85751584, car
yolo4-20, 52673110, car
yolo8-20, 70329012, car
yolo4-20, 59691357, car
yolo7-14, 88126553, car
yolo7-13, 88126553, car
yolo8-22, 88126553, car
yolo7-19, 88126553, car
yolo8-20, 48674745, car
yolo4-20, 20939285, car
yolo4-20, 97719166, car
yolo8-20, 40564820, car
yolo7-19, 17639798, car
yolo7-13, 17639798, car
yolo8-22, 17639798, car
yolo7-14, 17639798, car
yolo4-20, 85751584, car
yolo8-20, 08909696, car
yolo4-20, 70329012, car
yolo8-20, 97997592, car
yolo8-22, 80083519, car
yolo8-20, 97490050, car
yolo4-20, 48674745, car

========== Time: 24 ==========
yolo8-22, 74572017, car
yolo8-20, 51619996, car
yolo4-20, 40564820, car
yolo8-20, 90746960, car
yolo4-20, 08909696, car
yolo8-20, 83789908, car
yolo4-20, 97997592, car
yolo8-22, 99904296, car
yolo8-20, 47814071, car
yolo4-20, 97490050, car
yolo8-20, 59727461, car
yolo4-20, 51619996, car
yolo8-22, 64192279, car
yolo8-20, 88126553, car
yolo4-20, 90746960, car
yolo8-20, 17639798, car
yolo8-22, 04680968, car
yolo4-20, 83789908, car
yolo8-20, 80083519, car
yolo4-20, 47814071, car
yolo8-20, 74572017, car
yolo8-22, 96183863, car
yolo4-20, 59727461, car
yolo8-20, 99904296, car
yolo4-20, 88126553, car
yolo8-20, 64192279, car
yolo8-22, 19934868, car
yolo4-20, 17639798, car
yolo8-20, 04680968, car
yolo4-20, 80083519, car
yolo8-20, 96183863, car
yolo9-18, 97719166, car
yolo9-16, 97719166, car
yolo8-22, 77377450, car
yolo8-20, 19934868, car
yolo4-20, 74572017, car
yolo8-20, 77377450, car
yolo4-20, 99904296, car
yolo8-22, 54992239, car
yolo8-20, 54992239, car
yolo4-20, 64192279, car
yolo4-20, 04680968, car
yolo9-18, 85751584, car
yolo8-20, 92895188, car
yolo4-20, 96183863, car
yolo9-18, 70329012, car
yolo7-19, 80083519, car
yolo4-20, 19934868, car
yolo8-20, 28744197, car
yolo4-20, 77377450, car
yolo4-20, 54992239, car
yolo8-20, 66821588, car
yolo9-18, 48674745, car
yolo7-19, 74572017, car
yolo4-20, 92895188, car
yolo7-19, 99904296, car
yolo4-20, 28744197, car
yolo9-18, 96774975, car
yolo8-20, 96774975, car
yolo4-20, 66821588, car
yolo7-19, 64192279, car
yolo4-20, 96774975, car
yolo9-18, 25269170, car
yolo7-19, 04680968, car
yolo8-20, 25269170, car
yolo4-20, 25269170, car
yolo7-19, 96183863, car
yolo4-20, 65733500, car
yolo8-20, 65733500, car
yolo9-18, 65733500, car
yolo8-20, 02493141, car
yolo7-19, 02493141, car
yolo4-20, 02493141, car
yolo9-18, 02493141, car
yolo4-20, 57876718, car
yolo8-20, 57876718, car
yolo9-18, 57876718, car
yolo7-19, 57876718, car

========== Time: 25 ==========
yolo9-18, 56235836, car
yolo4-20, 56235836, car
yolo8-20, 56235836, car
yolo7-19, 56235836, car
yolo7-19, 63046070, car
yolo9-18, 63046070, car
yolo8-20, 63046070, car
yolo4-20, 63046070, car
yolo7-19, 67666431, car
yolo8-20, 67666431, car
yolo9-18, 67666431, car
yolo4-20, 67666431, car
yolo7-19, 21850860, car
yolo4-20, 21850860, car
yolo8-20, 21850860, car
yolo9-18, 21850860, car
yolo8-20, 25300985, car
yolo7-19, 25300985, car
yolo9-18, 25300985, car
yolo4-20, 25300985, car
yolo4-20, 78909302, car
yolo7-19, 78909302, car
yolo8-20, 78909302, car
yolo9-18, 78909302, car
yolo8-20, 33348484, car
yolo7-19, 33348484, car
yolo4-20, 33348484, car
yolo9-18, 33348484, car
yolo8-20, 71434418, car
yolo4-20, 71434418, car
yolo7-19, 71434418, car
yolo9-18, 71434418, car
yolo4-20, 70423955, car
yolo7-19, 70423955, car
yolo9-18, 70423955, car
yolo8-20, 70423955, car
yolo7-19, 56011465, car
yolo9-18, 56011465, car
yolo8-20, 56011465, car
yolo8-20, 95678993, car
yolo9-18, 95678993, car
yolo7-19, 95678993, car
yolo7-19, 45085992, car
yolo9-18, 45085992, car
yolo8-20, 45085992, car
yolo7-19, 99624574, car
yolo8-20, 99624574, car
yolo9-18, 99624574, car
yolo7-19, 90430645, car
yolo9-18, 90430645, car
yolo8-20, 90430645, car
yolo7-19, 56717159, car
yolo9-18, 56717159, car
yolo8-20, 56717159, car
yolo7-19, 53382592, car
yolo8-20, 53382592, car
yolo9-18, 53382592, car
yolo9-18, 82644550, car
yolo8-20, 82644550, car
yolo7-19, 82644550, car
yolo7-19, 95623012, car
yolo9-18, 95623012, car
yolo8-20, 95623012, car
yolo7-19, 53634158, car
yolo8-20, 53634158, car
yolo9-18, 53634158, car
yolo9-18, 91893512, car
yolo8-20, 91893512, car
yolo7-19, 91893512, car
yolo7-19, 16377185, car
yolo9-18, 16377185, car
yolo8-20, 16377185, car
yolo8-24, 16377185, car
yolo7-19, 04623456, car
yolo8-24, 04623456, car
yolo8-20, 04623456, car
yolo9-18, 04623456, car
yolo7-19, 30323913, car
yolo9-18, 30323913, car
yolo8-20, 30323913, car
yolo8-24, 30323913, car
