
========== Time: 0 ==========

========== Time: 1 ==========

========== Time: 2 ==========
yolo6-1, 43010307, car
yolo6-1, 45716714, car
yolo6-1, 73367348, car
yolo6-1, 87037660, car
yolo6-1, 98899248, car
yolo6-1, 03918349, car

========== Time: 3 ==========
yolo6-1, 90507541, car
yolo6-1, 99597508, car
yolo6-1, 52021539, car
yolo6-1, 66400036, car
yolo6-1, 64497365, car
yolo6-1, 52200532, car
yolo6-1, 14338663, car
yolo6-1, 06158647, car
yolo6-1, 27274277, car
yolo6-1, 99593347, car
yolo6-1, 73755495, car
yolo6-1, 83110249, car
yolo6-1, 67885779, car
yolo6-1, 04164651, car

========== Time: 4 ==========
yolo6-1, 64119692, car
yolo6-1, 74354450, car
yolo6-1, 56437284, car
yolo6-1, 80151402, car
yolo6-1, 36093360, car
yolo6-1, 10124841, car
yolo6-1, 06410346, car
yolo6-1, 29430633, car
yolo6-1, 48194487, car
yolo6-1, 21355219, car
yolo8-3, 36093360, car
yolo8-3, 10124841, car
yolo12-4, 74517143, car
yolo8-3, 06410346, car
yolo6-1, 19958342, car
yolo8-3, 29430633, car
yolo12-4, 14785457, car
yolo6-1, 74517143, car
yolo8-3, 48194487, car
yolo6-1, 14785457, car
yolo8-3, 21355219, car
yolo12-4, 37391075, car
yolo8-3, 19958342, car
yolo6-1, 37391075, car
yolo8-3, 74517143, car
yolo12-4, 72979295, car
yolo6-1, 72979295, car
yolo8-3, 14785457, car
yolo8-3, 37391075, car
yolo12-4, 91176026, car
yolo8-3, 72979295, car

========== Time: 5 ==========
yolo8-3, 91176026, car
yolo12-4, 21204470, car
yolo6-1, 91176026, car
yolo8-3, 21204470, car
yolo6-1, 21204470, car
yolo6-1, 38945992, car
yolo12-4, 38945992, car
yolo8-3, 38945992, car
yolo12-4, 51095282, car
yolo8-3, 51095282, car
yolo6-1, 51095282, car
yolo12-4, 20904939, car
yolo8-3, 20904939, car
yolo6-1, 20904939, car
yolo12-4, 49132248, car
yolo8-3, 49132248, car
yolo6-1, 49132248, car
yolo6-1, 23919753, car
yolo8-3, 23919753, car
yolo12-4, 23919753, car
yolo12-4, 74906413, car
yolo8-3, 74906413, car
yolo8-3, 79130843, aeroplane
yolo12-4, 79130843, aeroplane
yolo6-1, 74906413, car
yolo12-4, 99203047, bottle
yolo6-1, 79130843, aeroplane
yolo8-3, 99203047, bottle
yolo12-4, 32472474, sofa
yolo8-3, 32472474, sofa
yolo6-1, 99203047, bottle
yolo6-1, 32472474, sofa
yolo12-4, 60499574, bird
yolo8-3, 60499574, bird
yolo6-1, 60499574, bird
yolo12-4, 70352862, car
yolo6-1, 70352862, car
yolo8-3, 70352862, car
yolo1-0, 74517143, car
yolo5-1, 74517143, car
yolo8-3, 37331058, person
yolo6-1, 37331058, bottle
yolo12-4, 37331058, person
yolo12-4, 63065263, car
yolo6-1, 63065263, car
yolo8-3, 63065263, car
yolo6-1, 52986072, car
yolo12-4, 52986072, car
yolo8-3, 52986072, car
yolo12-4, 88583124, car
yolo6-1, 88583124, car
yolo8-3, 88583124, car
yolo6-1, 70013053, boat
yolo12-4, 70013053, boat
yolo8-3, 70013053, boat
yolo12-4, 73554953, sofa
yolo6-1, 73554953, aeroplane
yolo8-3, 73554953, sofa

========== Time: 6 ==========
yolo12-4, 03128822, car
yolo8-3, 03128822, car
yolo6-1, 03128822, car
yolo12-4, 11705941, car
yolo8-3, 11705941, car
yolo6-1, 11705941, car
yolo6-1, 62400567, sofa
yolo8-3, 62400567, sofa
yolo12-4, 62400567, sofa
yolo5-1, 14785457, car
yolo1-0, 14785457, car
yolo6-1, 25785199, aeroplane
yolo8-3, 25785199, car
yolo12-4, 25785199, car
yolo1-0, 37391075, car
yolo5-1, 37391075, car
yolo5-1, 72979295, car
yolo1-0, 72979295, car
yolo6-1, 02943329, aeroplane
yolo12-4, 02943329, aeroplane
yolo8-3, 02943329, aeroplane
yolo5-1, 91176026, car
yolo1-0, 91176026, car
yolo1-0, 21204470, car
yolo5-1, 21204470, car
yolo6-1, 96400451, aeroplane
yolo12-4, 96400451, car
yolo8-3, 96400451, car
yolo1-0, 38945992, car
yolo5-1, 38945992, car
yolo1-0, 51095282, car
yolo5-1, 51095282, car
yolo6-1, 80018074, car
yolo12-4, 80018074, car
yolo8-3, 80018074, car
yolo5-1, 20904939, car
yolo1-0, 20904939, car
yolo8-3, 99519690, car
yolo12-4, 99519690, car
yolo6-1, 99519690, car
yolo1-0, 49132248, car
yolo5-1, 49132248, car
yolo6-1, 99035790, sofa
yolo5-1, 23919753, car
yolo1-0, 23919753, car
yolo12-4, 99035790, sofa
yolo8-3, 99035790, sofa
yolo1-0, 74906413, car
yolo5-1, 74906413, car
yolo8-3, 55635752, sofa
yolo5-1, 79130843, aeroplane
yolo12-4, 55635752, sofa
yolo1-0, 79130843, aeroplane
yolo6-1, 55635752, aeroplane
yolo12-4, 19965977, boat
yolo6-1, 19965977, boat
yolo8-3, 19965977, boat
yolo6-1, 47977618, car
yolo8-3, 47977618, car
yolo1-0, 47977618, car
yolo12-4, 47977618, car
yolo12-4, 35557141, car
yolo1-0, 35557141, car
yolo8-3, 35557141, car

========== Time: 7 ==========
yolo8-3, 52931227, car
yolo12-4, 52931227, car
yolo1-0, 52931227, car
yolo6-1, 35557141, car
yolo8-3, 13834259, car
yolo12-4, 13834259, car
yolo1-0, 13834259, car
yolo6-1, 52931227, car
yolo1-0, 35500122, train
yolo8-3, 35500122, train
yolo12-4, 35500122, train
yolo6-1, 13834259, car
yolo6-1, 35500122, train
yolo8-3, 40405526, car
yolo12-4, 40405526, car
yolo1-0, 40405526, car
yolo6-1, 40405526, car
yolo12-4, 20406364, car
yolo6-1, 20406364, bottle
yolo8-3, 20406364, car
yolo1-0, 20406364, car
yolo6-1, 20021761, car
yolo12-4, 20021761, car
yolo1-0, 20021761, car
yolo8-3, 20021761, car
yolo6-1, 35658168, car
yolo12-4, 35658168, car
yolo1-0, 35658168, car
yolo8-3, 35658168, car
yolo1-0, 65447342, car
yolo8-3, 65447342, car
yolo12-4, 65447342, car
yolo6-1, 65447342, aeroplane
yolo6-1, 57208433, aeroplane
yolo8-3, 57208433, car
yolo12-4, 57208433, car
yolo1-0, 57208433, car
yolo8-3, 51747961, train
yolo6-1, 51747961, aeroplane
yolo8-3, 54025141, car
yolo6-1, 54025141, car
yolo6-1, 36401094, aeroplane
yolo8-3, 36401094, car
yolo8-3, 51379736, car
yolo6-1, 51379736, car
yolo6-1, 22158235, car
yolo8-3, 22158235, car
yolo6-1, 32957623, car
yolo8-3, 32957623, car
yolo6-1, 90436732, car
yolo8-3, 90436732, car

========== Time: 8 ==========
yolo8-3, 40158229, car
yolo6-1, 40158229, car
yolo6-1, 26053823, car
yolo8-3, 26053823, car
yolo6-1, 17683468, car
yolo8-3, 17683468, car
yolo6-1, 17404632, aeroplane
yolo8-3, 17404632, car
yolo6-1, 66858689, aeroplane
yolo8-3, 66858689, car
yolo8-3, 69163854, car
yolo6-1, 69163854, aeroplane
yolo8-3, 68141602, car
yolo6-1, 68141602, aeroplane
yolo8-3, 16062620, car
yolo6-1, 16062620, aeroplane
yolo8-3, 69378367, car
yolo6-1, 69378367, aeroplane
yolo6-1, 72877073, aeroplane
yolo8-3, 72877073, car
yolo8-3, 07154082, car
yolo8-3, 42764656, car
yolo8-3, 26375038, car
yolo8-3, 45595481, car
yolo8-3, 93788679, car
yolo8-3, 09038339, car

========== Time: 9 ==========
yolo8-3, 07369131, car
yolo8-3, 40613665, car
yolo8-3, 36602633, car
yolo8-3, 58265973, car
yolo12-5, 58265973, aeroplane
yolo12-5, 27070614, aeroplane
yolo8-3, 27070614, car
yolo12-5, 48391912, aeroplane
yolo8-3, 48391912, car
yolo12-5, 67340056, aeroplane
yolo8-3, 67340056, car
yolo8-3, 59980637, car
yolo12-5, 59980637, aeroplane
yolo8-3, 52349191, car
yolo12-5, 52349191, aeroplane
yolo12-5, 23603034, aeroplane
yolo8-3, 23603034, car
yolo12-5, 06344978, aeroplane
yolo8-3, 06344978, car
yolo12-5, 01751430, bottle
yolo8-3, 01751430, car
yolo12-5, 54452447, aeroplane
yolo8-3, 54452447, car
yolo8-3, 21525021, car
yolo12-5, 21525021, aeroplane
yolo12-5, 94639990, aeroplane
yolo8-3, 94639990, car
yolo8-3, 31252304, car
yolo12-5, 31252304, aeroplane
yolo12-5, 28930387, aeroplane
yolo8-3, 28930387, car
yolo12-5, 43356468, aeroplane
yolo8-3, 43356468, car
yolo12-5, 73541580, aeroplane
yolo8-3, 73541580, car
yolo12-5, 15684612, aeroplane
yolo8-3, 15684612, car
yolo8-3, 88647204, car
yolo12-5, 88647204, aeroplane
yolo8-8, 88647204, car
yolo8-8, 61431236, car
yolo8-3, 61431236, car
yolo12-5, 61431236, aeroplane
yolo12-5, 76764661, aeroplane
yolo8-8, 76764661, car
yolo8-3, 76764661, car
yolo8-8, 67580464, car
yolo8-3, 67580464, car
yolo12-5, 67580464, aeroplane
yolo8-8, 48495691, car
yolo12-5, 48495691, aeroplane
yolo8-3, 48495691, car
yolo8-8, 50598480, car
yolo12-5, 50598480, aeroplane
yolo8-3, 50598480, car
yolo12-5, 28648597, aeroplane
yolo8-3, 28648597, car
yolo8-8, 28648597, car
yolo12-5, 76784994, aeroplane
yolo8-8, 76784994, car
yolo8-3, 76784994, car

========== Time: 10 ==========
yolo8-3, 65531725, car
yolo12-5, 65531725, aeroplane
yolo8-8, 65531725, car
yolo12-5, 88977516, aeroplane
yolo8-3, 88977516, car
yolo8-8, 88977516, car
yolo12-5, 55790285, aeroplane
yolo8-8, 55790285, car
yolo8-3, 55790285, car
yolo12-5, 60584736, aeroplane
yolo8-8, 60584736, car
yolo8-3, 60584736, car
yolo8-3, 02203135, car
yolo8-8, 02203135, car
yolo12-5, 02203135, aeroplane
yolo12-5, 66751475, car
yolo8-3, 66751475, car
yolo8-8, 66751475, car
yolo12-5, 26386344, car

========== Time: 11 ==========
yolo8-8, 26386344, car
yolo4-9, 26386344, car
yolo8-3, 26386344, car
yolo12-5, 14796656, car
yolo4-9, 14796656, car
yolo8-3, 14796656, car
yolo8-8, 14796656, car
yolo12-5, 40532653, car
yolo8-3, 40532653, car
yolo4-9, 40532653, car
yolo8-8, 40532653, car
yolo12-5, 02533892, car
yolo8-8, 02533892, car
yolo8-3, 02533892, car
yolo12-5, 67091487, car
yolo4-9, 02533892, car
yolo8-8, 67091487, car
yolo8-3, 67091487, car
yolo4-9, 67091487, car
yolo12-5, 66020657, car
yolo4-9, 66020657, car
yolo8-8, 66020657, car
yolo8-3, 66020657, car
yolo4-9, 82019042, car
yolo8-8, 82019042, car
yolo8-3, 82019042, car
yolo12-5, 82019042, aeroplane
yolo8-3, 02143664, car
yolo4-9, 02143664, car
yolo8-8, 02143664, car
yolo12-5, 02143664, aeroplane
yolo8-3, 53406818, aeroplane
yolo12-5, 53406818, aeroplane
yolo8-8, 53406818, aeroplane
yolo4-9, 53406818, aeroplane
yolo8-8, 41810563, car
yolo12-5, 41810563, aeroplane
yolo4-9, 41810563, car
yolo8-3, 41810563, car
yolo8-3, 99181779, aeroplane
yolo12-5, 99181779, aeroplane
yolo8-8, 99181779, aeroplane
yolo4-9, 99181779, aeroplane
yolo12-5, 14032161, aeroplane
yolo8-3, 14032161, car
yolo4-10, 14032161, car
yolo4-9, 14032161, car
yolo8-8, 14032161, car
yolo12-5, 38692469, aeroplane
yolo4-10, 38692469, aeroplane
yolo8-3, 38692469, aeroplane
yolo4-9, 38692469, aeroplane
yolo8-8, 38692469, aeroplane
yolo8-8, 67511470, car
yolo4-10, 67511470, car
yolo4-9, 67511470, car
yolo12-5, 67511470, aeroplane
yolo8-3, 67511470, car
yolo12-5, 70300919, aeroplane
yolo8-8, 70300919, aeroplane
yolo8-3, 70300919, aeroplane
yolo4-9, 70300919, sofa
yolo4-10, 70300919, sofa
yolo12-5, 18996941, aeroplane
yolo8-8, 18996941, aeroplane
yolo4-10, 18996941, aeroplane
yolo4-9, 18996941, aeroplane
yolo8-3, 18996941, aeroplane

========== Time: 12 ==========
yolo12-5, 62379457, bottle
yolo4-10, 62379457, car
yolo4-9, 62379457, car
yolo8-3, 62379457, car
yolo8-8, 62379457, car
yolo12-5, 86683301, bottle
yolo8-3, 86683301, car
yolo4-9, 86683301, car
yolo8-8, 86683301, car
yolo4-10, 86683301, car
yolo8-8, 79298379, aeroplane
yolo8-3, 79298379, aeroplane
yolo12-5, 79298379, aeroplane
yolo4-9, 79298379, aeroplane
yolo4-10, 79298379, aeroplane
yolo12-5, 43065890, aeroplane
yolo8-3, 43065890, car
yolo4-10, 43065890, car
yolo4-9, 43065890, car
yolo8-8, 43065890, car
yolo8-3, 34064386, aeroplane
yolo8-8, 34064386, aeroplane
yolo4-9, 34064386, aeroplane
yolo12-5, 34064386, aeroplane
yolo4-10, 34064386, aeroplane
yolo12-5, 35834728, aeroplane
yolo8-8, 35834728, aeroplane
yolo4-9, 35834728, sofa
yolo8-3, 35834728, aeroplane
yolo4-10, 35834728, sofa
yolo4-10, 58275128, car
yolo8-3, 58275128, car
yolo4-9, 58275128, car
yolo12-5, 58275128, aeroplane
yolo8-8, 58275128, car
yolo12-5, 61416490, aeroplane
yolo4-9, 61416490, car
yolo8-3, 61416490, car
yolo8-8, 61416490, car
yolo4-10, 61416490, car
yolo12-5, 33895543, aeroplane
yolo4-9, 33895543, car
yolo8-8, 33895543, car
yolo8-3, 33895543, car
yolo4-10, 33895543, car
yolo12-5, 08921996, bottle
yolo8-3, 08921996, bottle
yolo4-9, 08921996, bottle
yolo4-10, 08921996, bottle
yolo4-9, 04691543, car
yolo8-3, 04691543, car
yolo4-10, 04691543, car
yolo4-9, 60158605, car
yolo8-3, 60158605, car
yolo4-10, 60158605, car
yolo8-3, 26651777, car
yolo4-9, 26651777, car
yolo4-10, 26651777, car
yolo4-10, 38662162, car
yolo8-3, 38662162, car
yolo4-9, 38662162, car
yolo4-10, 82977452, car
yolo4-9, 82977452, car
yolo8-3, 82977452, car

========== Time: 13 ==========
yolo4-9, 57121519, car
yolo8-3, 57121519, car
yolo4-10, 57121519, car
yolo4-10, 75966834, car
yolo8-3, 75966834, car
yolo4-9, 75966834, car
yolo4-10, 64246956, car
yolo4-9, 64246956, car
yolo8-3, 64246956, car
yolo4-10, 87808586, car
yolo4-9, 87808586, car
yolo8-3, 87808586, car
yolo4-10, 29034669, car
yolo8-3, 29034669, car
yolo4-9, 29034669, car
yolo4-10, 79589781, car
yolo8-3, 79589781, car
yolo4-9, 79589781, car
yolo4-9, 98307232, car
yolo4-10, 98307232, car
yolo8-3, 98307232, car
yolo4-10, 54288449, sofa
yolo8-3, 54288449, sofa
yolo4-9, 54288449, sofa
yolo4-10, 53739349, sofa
yolo8-3, 53739349, aeroplane
yolo4-9, 53739349, sofa
yolo4-9, 44217831, bottle
yolo4-10, 44217831, bottle
yolo8-3, 44217831, bottle
yolo8-3, 92987038, aeroplane
yolo4-9, 92987038, aeroplane
yolo4-10, 92987038, aeroplane
yolo12-12, 92091954, aeroplane
yolo4-10, 92091954, aeroplane
yolo4-9, 92091954, aeroplane
yolo8-3, 92091954, aeroplane
yolo4-9, 64871873, car
yolo8-3, 64871873, car
yolo12-12, 64871873, aeroplane
yolo4-10, 64871873, car
yolo12-12, 39385065, bottle
yolo4-9, 39385065, sofa
yolo8-3, 39385065, bottle
yolo4-10, 39385065, sofa
yolo8-3, 84321645, car
yolo4-9, 84321645, car
yolo4-10, 84321645, car
yolo12-12, 84321645, aeroplane

========== Time: 14 ==========
yolo12-12, 03468073, aeroplane
yolo4-10, 03468073, aeroplane
yolo4-9, 03468073, aeroplane
yolo8-3, 03468073, aeroplane
yolo4-10, 91666006, car
yolo12-12, 91666006, aeroplane
yolo4-9, 91666006, car
yolo8-3, 91666006, car
yolo4-10, 72107687, aeroplane
yolo12-12, 72107687, aeroplane
yolo4-9, 72107687, aeroplane
yolo8-3, 72107687, aeroplane
yolo4-10, 51250699, bottle
yolo12-12, 51250699, aeroplane
yolo4-9, 51250699, bottle
yolo8-3, 51250699, bottle
yolo12-12, 52689940, aeroplane
yolo4-10, 52689940, car
yolo4-9, 52689940, car
yolo8-3, 52689940, car
yolo4-9, 21212241, aeroplane
yolo12-12, 21212241, bottle
yolo4-10, 21212241, aeroplane
yolo8-3, 21212241, bottle
yolo4-10, 46047086, car
yolo4-9, 46047086, car
yolo8-3, 46047086, car
yolo12-12, 46047086, aeroplane
yolo12-12, 93369553, aeroplane
yolo8-3, 93369553, car
yolo4-9, 93369553, car
yolo4-10, 93369553, car
yolo8-3, 86733902, train
yolo4-10, 86733902, train
yolo12-12, 86733902, bottle
yolo4-9, 86733902, train
yolo4-9, 83686681, car
yolo12-12, 83686681, aeroplane
yolo8-3, 83686681, car
yolo4-10, 83686681, car
yolo12-12, 27312314, aeroplane
yolo8-3, 27312314, aeroplane
yolo4-9, 27312314, car
yolo4-10, 27312314, car
yolo8-3, 34325403, sofa
yolo4-9, 34325403, train
yolo12-12, 34325403, aeroplane
yolo4-10, 34325403, train
yolo4-10, 39979032, aeroplane
yolo4-9, 39979032, aeroplane
yolo12-12, 39979032, aeroplane
yolo4-9, 89324243, car
yolo4-10, 89324243, car
yolo12-12, 89324243, aeroplane
yolo4-9, 79567088, aeroplane
yolo12-12, 79567088, aeroplane
yolo4-10, 79567088, aeroplane
yolo12-12, 08758040, bottle
yolo4-10, 08758040, train
yolo4-9, 08758040, train
yolo4-9, 44475835, aeroplane
yolo4-10, 44475835, aeroplane
yolo12-12, 44475835, aeroplane
yolo4-10, 33844878, car
yolo12-12, 33844878, aeroplane
yolo4-9, 33844878, car

========== Time: 15 ==========
yolo4-9, 74822652, car
yolo12-12, 74822652, aeroplane
yolo4-10, 74822652, car
yolo12-12, 86489365, aeroplane
yolo4-10, 86489365, car
yolo4-9, 86489365, car
yolo12-12, 69637673, aeroplane
yolo4-10, 69637673, car
yolo4-9, 69637673, car
yolo4-10, 65767809, car
yolo4-9, 65767809, car
yolo12-12, 65767809, aeroplane
yolo12-12, 38043558, aeroplane
yolo4-9, 38043558, car
yolo4-10, 38043558, car
yolo12-12, 44435623, aeroplane
yolo4-10, 44435623, car
yolo4-9, 44435623, car
yolo4-10, 04475697, bottle
yolo12-12, 04475697, bottle
yolo4-9, 04475697, bottle
yolo12-12, 75088855, aeroplane
yolo4-10, 75088855, aeroplane
yolo4-9, 75088855, aeroplane
yolo12-12, 72017102, aeroplane
yolo4-9, 72017102, bottle
yolo4-10, 72017102, bottle
yolo4-9, 60729254, car
yolo4-9, 68129391, car
yolo4-9, 13953335, car
yolo4-9, 63219365, car
yolo4-9, 81177599, car
yolo4-9, 21919586, car
yolo4-9, 64516287, car
yolo4-9, 58336465, car
yolo4-9, 70660973, car
yolo4-9, 66459421, aeroplane
yolo4-9, 18113957, car
yolo4-9, 47903935, car
yolo4-9, 83994106, car
yolo4-9, 60779730, car
yolo4-9, 05423413, car
yolo4-9, 87280753, car
yolo4-9, 27430561, car
yolo4-9, 75727209, car
yolo4-9, 24455254, car
yolo4-9, 42056432, car
yolo4-9, 74450711, car
yolo4-9, 18071451, car
yolo9-10, 83994106, car
yolo1-7, 83994106, aeroplane
yolo9-9, 83994106, car
yolo9-9, 60779730, car
yolo9-10, 60779730, car
yolo1-7, 60779730, aeroplane
yolo4-9, 52057463, car
yolo8-14, 52057463, aeroplane
yolo9-10, 05423413, car
yolo9-9, 05423413, car
yolo1-7, 05423413, aeroplane

========== Time: 16 ==========
yolo9-10, 87280753, car
yolo9-9, 87280753, car
yolo1-7, 87280753, aeroplane
yolo4-9, 43367565, car
yolo8-14, 43367565, aeroplane
yolo9-10, 27430561, car
yolo1-7, 27430561, aeroplane
yolo9-9, 27430561, car
yolo4-9, 61602485, car
yolo8-14, 61602485, aeroplane
yolo9-10, 75727209, car
yolo9-9, 75727209, car
yolo1-7, 75727209, aeroplane
yolo9-10, 24455254, car
yolo9-9, 24455254, car
yolo1-7, 24455254, aeroplane
yolo8-14, 03698518, car
yolo4-9, 03698518, car
yolo9-10, 42056432, car
yolo9-9, 42056432, car
yolo1-7, 42056432, aeroplane
yolo9-9, 74450711, car
yolo9-10, 74450711, car
yolo1-7, 74450711, aeroplane
yolo8-14, 64108575, car
yolo4-9, 64108575, car
yolo4-15, 64108575, car
yolo1-7, 18071451, aeroplane
yolo9-9, 18071451, car
yolo9-10, 18071451, car
yolo1-7, 52057463, aeroplane
yolo9-9, 52057463, car
yolo9-10, 52057463, car
yolo4-15, 78841229, car
yolo4-9, 78841229, car
yolo8-14, 78841229, car
yolo1-7, 43367565, aeroplane
yolo9-9, 43367565, car
yolo9-10, 43367565, car
yolo9-9, 61602485, car
yolo9-10, 61602485, car
yolo1-7, 61602485, aeroplane
yolo5-12, 59929407, aeroplane
yolo9-9, 03698518, car
yolo9-10, 03698518, car
yolo1-7, 03698518, aeroplane
yolo4-15, 03094268, car
yolo8-14, 03094268, car
yolo4-9, 03094268, car
yolo1-7, 64108575, aeroplane
yolo9-10, 64108575, car
yolo5-12, 79176251, aeroplane
yolo4-9, 59929407, car
yolo1-7, 78841229, aeroplane
yolo4-15, 59929407, car
yolo8-14, 59929407, car
yolo9-10, 78841229, car
yolo5-12, 32620961, aeroplane
yolo4-9, 79176251, car
yolo1-7, 03094268, aeroplane
yolo8-14, 79176251, car
yolo4-15, 79176251, car
yolo9-10, 03094268, car
yolo5-12, 45715150, aeroplane
yolo4-9, 32620961, car
yolo1-7, 59929407, aeroplane
yolo8-14, 32620961, car
yolo9-10, 59929407, car
yolo4-15, 32620961, car
yolo4-9, 45715150, car
yolo1-7, 79176251, aeroplane
yolo9-10, 79176251, car
yolo5-12, 87486685, aeroplane
yolo8-14, 45715150, car
yolo4-15, 45715150, car
yolo4-9, 87486685, car
yolo9-10, 32620961, car
yolo1-7, 32620961, aeroplane
yolo8-14, 87486685, car
yolo4-15, 87486685, car
yolo5-12, 38651919, aeroplane
yolo4-9, 38651919, car
yolo1-7, 45715150, aeroplane
yolo9-10, 45715150, car
yolo8-14, 38651919, car
yolo4-15, 38651919, car
yolo1-7, 87486685, aeroplane
yolo9-10, 87486685, car
yolo8-14, 07020390, car
yolo5-12, 07020390, aeroplane
yolo4-9, 07020390, car
yolo4-15, 07020390, car
yolo1-7, 38651919, aeroplane
yolo9-10, 38651919, car
yolo1-7, 07020390, aeroplane
yolo9-10, 07020390, car
yolo8-14, 60518467, car
yolo4-9, 60518467, car
yolo5-12, 60518467, aeroplane
yolo4-15, 60518467, car
yolo1-7, 60518467, aeroplane
yolo9-10, 60518467, car
yolo1-7, 56509370, aeroplane
yolo5-12, 56509370, aeroplane
yolo9-10, 56509370, car
yolo4-15, 56509370, car
yolo4-9, 56509370, car
yolo8-14, 56509370, car
yolo1-7, 80332129, aeroplane
yolo9-10, 80332129, car
yolo5-12, 80332129, aeroplane
yolo4-9, 80332129, car
yolo4-15, 80332129, car
yolo8-14, 80332129, car

========== Time: 17 ==========
yolo1-7, 63986066, aeroplane
yolo9-10, 63986066, car
yolo5-12, 63986066, aeroplane
yolo4-15, 63986066, car
yolo8-14, 63986066, car
yolo4-9, 63986066, car
yolo9-10, 46430133, car
yolo5-12, 46430133, aeroplane
yolo1-7, 46430133, aeroplane
yolo1-7, 59833533, aeroplane
yolo5-12, 59833533, aeroplane
yolo9-10, 59833533, car
yolo5-12, 03896532, aeroplane
yolo1-7, 03896532, aeroplane
yolo9-10, 03896532, car
yolo4-15, 46430133, car
yolo8-14, 46430133, car
yolo4-9, 46430133, car
yolo1-7, 07016110, aeroplane
yolo5-12, 07016110, aeroplane
yolo9-10, 07016110, car
yolo4-9, 59833533, car
yolo8-14, 59833533, car
yolo4-15, 59833533, car
yolo4-9, 03896532, car
yolo8-14, 03896532, car
yolo4-15, 03896532, car
yolo1-7, 97987186, aeroplane
yolo5-12, 97987186, aeroplane
yolo9-10, 97987186, car
yolo4-9, 07016110, car
yolo8-14, 07016110, car
yolo4-15, 07016110, car
yolo8-14, 97987186, car
yolo4-9, 97987186, car
yolo4-15, 97987186, car
yolo9-10, 62301346, car
yolo5-12, 62301346, aeroplane
yolo1-7, 62301346, aeroplane
yolo4-9, 62301346, car
yolo8-14, 62301346, car
yolo4-15, 62301346, car
yolo9-10, 98382458, car
yolo1-7, 98382458, aeroplane
yolo5-12, 98382458, aeroplane
yolo4-15, 98382458, car
yolo4-9, 98382458, car
yolo8-14, 98382458, car
yolo5-12, 11645889, aeroplane
yolo9-10, 11645889, car
yolo4-15, 11645889, car
yolo8-14, 11645889, car
yolo4-9, 11645889, car
yolo4-15, 48767650, car
yolo5-12, 48767650, aeroplane
yolo9-10, 48767650, car
yolo4-9, 48767650, car
yolo8-14, 48767650, car
yolo8-14, 99309818, car
yolo4-15, 99309818, car
yolo4-9, 99309818, car
yolo5-12, 99309818, aeroplane
yolo9-10, 99309818, car
yolo5-12, 74766499, aeroplane
yolo4-15, 74766499, car
yolo4-9, 74766499, car
yolo9-10, 74766499, car
yolo8-14, 74766499, car
yolo4-9, 33067562, car
yolo8-14, 33067562, car
yolo4-15, 33067562, car
yolo5-12, 33067562, aeroplane
yolo9-10, 33067562, car
yolo5-12, 66112968, aeroplane
yolo4-9, 66112968, aeroplane
yolo8-14, 66112968, aeroplane
yolo9-10, 66112968, aeroplane
yolo4-15, 66112968, aeroplane
yolo9-10, 42277593, aeroplane
yolo5-12, 42277593, aeroplane
yolo4-9, 42277593, aeroplane
yolo4-15, 42277593, aeroplane
yolo8-14, 42277593, aeroplane
yolo4-15, 86167720, sofa
yolo9-10, 86167720, sofa
yolo4-9, 86167720, sofa
yolo5-12, 86167720, bottle
yolo8-14, 86167720, sofa

========== Time: 18 ==========
yolo9-10, 63193648, aeroplane
yolo4-9, 63193648, aeroplane
yolo4-15, 63193648, aeroplane
yolo5-12, 63193648, aeroplane
yolo8-14, 63193648, aeroplane
yolo5-12, 68689160, aeroplane
yolo9-10, 68689160, aeroplane
yolo4-9, 68689160, aeroplane
yolo4-15, 68689160, aeroplane
yolo8-14, 68689160, aeroplane
yolo4-9, 76753350, sofa
yolo9-10, 76753350, sofa
yolo4-15, 76753350, sofa
yolo8-14, 76753350, sofa
yolo5-12, 76753350, aeroplane
yolo9-10, 41901864, aeroplane
yolo4-15, 41901864, aeroplane
yolo4-9, 41901864, aeroplane
yolo5-12, 41901864, aeroplane
yolo8-14, 41901864, aeroplane
yolo8-14, 36428530, bottle
yolo5-12, 36428530, bottle
yolo4-15, 36428530, bottle
yolo4-9, 36428530, bottle
yolo4-9, 83095199, aeroplane
yolo5-12, 83095199, aeroplane
yolo4-15, 83095199, aeroplane
yolo8-14, 83095199, aeroplane
yolo5-12, 20196779, aeroplane
yolo4-15, 20196779, bottle
yolo4-9, 20196779, bottle
yolo8-14, 20196779, bottle
yolo5-12, 36585379, aeroplane
yolo4-15, 36585379, aeroplane
yolo8-14, 36585379, aeroplane
yolo4-9, 36585379, aeroplane
yolo4-9, 15565699, aeroplane
yolo8-14, 15565699, aeroplane
yolo4-15, 15565699, aeroplane
yolo5-12, 15565699, aeroplane
yolo8-14, 47305492, aeroplane
yolo4-15, 47305492, aeroplane
yolo5-12, 47305492, aeroplane
yolo4-9, 47305492, aeroplane
yolo4-15, 82765337, aeroplane
yolo8-14, 82765337, aeroplane
yolo4-9, 82765337, aeroplane
yolo4-9, 15174342, aeroplane
yolo8-14, 15174342, aeroplane
yolo8-14, 40816979, aeroplane
yolo4-9, 40816979, sofa
yolo8-14, 83853773, aeroplane
yolo4-9, 83853773, aeroplane
yolo4-9, 52029755, car
yolo8-14, 52029755, car
yolo4-9, 58703606, car
yolo8-14, 58703606, car
yolo8-14, 93809627, car
yolo4-9, 93809627, car
yolo8-14, 35641799, car
yolo4-9, 35641799, car
yolo8-14, 88292406, car
yolo4-9, 88292406, car
yolo8-14, 11650335, car
yolo4-9, 11650335, car
yolo4-9, 92108111, car
yolo8-14, 92108111, car
yolo8-14, 59356188, car
yolo4-9, 59356188, car
yolo8-14, 27310593, car
yolo4-9, 27310593, car
yolo8-14, 15334277, car
yolo4-9, 15334277, car
yolo8-14, 63098434, car
yolo4-9, 63098434, car
yolo4-9, 24681936, car
yolo8-14, 24681936, car

========== Time: 19 ==========
yolo4-9, 16040683, car
yolo8-14, 16040683, car
yolo4-9, 92779223, car
yolo8-14, 92779223, car
yolo8-14, 26612940, car
yolo4-9, 26612940, car
yolo8-14, 90591220, car
yolo4-9, 90591220, car

========== Time: 20 ==========
yolo8-14, 04603180, car
yolo4-9, 04603180, car
yolo4-9, 69478440, car
yolo8-14, 69478440, car
yolo8-14, 57366568, car
yolo4-9, 57366568, car
yolo4-9, 90676559, car
yolo8-14, 90676559, car
yolo4-9, 09070513, car
yolo8-14, 09070513, car
yolo9-edge-10, 09070513, car
yolo8-14, 43331363, car
yolo4-9, 43331363, car
yolo10-12, 47305492, aeroplane
yolo2-14, 47305492, aeroplane
yolo8-14, 35480602, car
yolo4-9, 35480602, car
yolo9-edge-10, 43331363, car
yolo10-12, 82765337, aeroplane
yolo2-14, 82765337, aeroplane
yolo8-14, 35883991, car
yolo10-12, 15174342, aeroplane
yolo4-9, 35883991, car
yolo2-14, 15174342, aeroplane
yolo10-12, 40816979, aeroplane
yolo2-14, 40816979, aeroplane
yolo9-edge-10, 35480602, car
yolo10-12, 83853773, aeroplane
yolo2-14, 83853773, aeroplane
yolo8-14, 44251291, car
yolo10-12, 52029755, aeroplane
yolo2-14, 52029755, aeroplane
yolo9-edge-10, 35883991, car
yolo8-14, 44261770, car
yolo10-12, 58703606, aeroplane
yolo2-14, 58703606, aeroplane
yolo10-12, 93809627, aeroplane
yolo2-14, 93809627, aeroplane
yolo9-edge-10, 44251291, car
yolo8-14, 16348005, car
yolo10-12, 35641799, aeroplane
yolo2-14, 35641799, aeroplane
yolo10-12, 88292406, aeroplane
yolo2-14, 88292406, aeroplane
yolo9-edge-10, 44261770, car
yolo8-14, 01207541, car
yolo2-14, 11650335, aeroplane
yolo10-12, 11650335, aeroplane
yolo2-14, 92108111, aeroplane
yolo10-12, 92108111, aeroplane
yolo9-edge-10, 16348005, car
yolo8-14, 04186973, car
yolo2-14, 59356188, aeroplane
yolo10-12, 59356188, aeroplane
yolo10-12, 27310593, aeroplane
yolo2-14, 27310593, aeroplane
yolo9-edge-10, 01207541, car
yolo8-14, 98043609, car
yolo10-12, 15334277, aeroplane
yolo2-14, 15334277, aeroplane
yolo10-12, 63098434, aeroplane
yolo2-14, 63098434, aeroplane
yolo10-12, 24681936, aeroplane
yolo9-edge-10, 04186973, car
yolo2-14, 24681936, aeroplane
yolo8-14, 99733070, car
yolo12-17, 99733070, aeroplane
yolo10-12, 16040683, aeroplane
yolo2-14, 16040683, aeroplane
yolo10-12, 92779223, aeroplane
yolo2-14, 92779223, aeroplane
yolo9-edge-10, 98043609, car
yolo12-17, 39356706, aeroplane
yolo8-14, 39356706, car
yolo10-12, 26612940, aeroplane
yolo2-14, 26612940, aeroplane

========== Time: 21 ==========
yolo10-12, 90591220, aeroplane
yolo2-14, 90591220, aeroplane
yolo12-17, 16492430, aeroplane
yolo8-14, 16492430, car
yolo10-12, 04603180, aeroplane
yolo2-14, 04603180, aeroplane
yolo9-edge-10, 99733070, car
yolo12-17, 90281975, car
yolo10-12, 90281975, car
yolo8-19, 90281975, car
yolo8-14, 90281975, car
yolo2-14, 90281975, aeroplane
yolo10-12, 10544751, car
yolo8-14, 10544751, car
yolo8-19, 10544751, car
yolo2-14, 10544751, aeroplane
yolo12-17, 10544751, car
yolo9-edge-10, 39356706, car
yolo10-12, 74504587, car
yolo2-14, 74504587, aeroplane
yolo12-17, 74504587, car
yolo8-19, 74504587, car
yolo8-14, 74504587, car
yolo9-edge-10, 16492430, car
yolo10-12, 69930948, car
yolo12-17, 69930948, car
yolo2-14, 69930948, aeroplane
yolo8-14, 69930948, car
yolo8-19, 69930948, car
yolo9-edge-10, 90281975, car
yolo10-12, 71892777, car
yolo12-17, 71892777, car
yolo2-14, 71892777, aeroplane
yolo8-14, 71892777, car
yolo8-19, 71892777, car
yolo8-19, 99145424, car
yolo2-14, 99145424, aeroplane
yolo10-12, 99145424, car
yolo12-17, 99145424, car
yolo8-14, 99145424, car
yolo9-edge-10, 10544751, car
yolo2-14, 58484203, aeroplane
yolo10-12, 58484203, car
yolo8-14, 58484203, car
yolo8-19, 58484203, car
yolo2-14, 90752202, aeroplane
yolo10-12, 90752202, car
yolo8-14, 90752202, car
yolo8-19, 90752202, car
yolo10-12, 02370172, car
yolo2-14, 02370172, aeroplane
yolo8-19, 02370172, car
yolo8-14, 02370172, car
yolo10-12, 36784273, car
yolo2-14, 36784273, aeroplane
yolo8-19, 36784273, car
yolo8-14, 36784273, car
yolo2-14, 05678215, aeroplane
yolo10-12, 05678215, car
yolo8-19, 05678215, car
yolo8-14, 05678215, car
yolo10-12, 67480326, car
yolo2-14, 67480326, aeroplane
yolo8-14, 67480326, car
yolo8-19, 67480326, car
yolo10-12, 20458725, car
yolo2-14, 20458725, aeroplane
yolo8-14, 20458725, car
yolo8-19, 20458725, car
yolo8-19, 10374748, car
yolo8-14, 10374748, car
yolo2-14, 10374748, aeroplane
yolo10-12, 10374748, car
yolo12-20, 10374748, car
yolo12-20, 22856400, car
yolo2-14, 22856400, aeroplane
yolo10-12, 22856400, car
yolo8-14, 22856400, car
yolo8-19, 22856400, car

========== Time: 22 ==========
yolo2-14, 48112820, aeroplane
yolo10-12, 48112820, car
yolo12-20, 48112820, car
yolo8-14, 48112820, car
yolo8-19, 48112820, car
yolo10-12, 45541174, car
yolo12-20, 45541174, car
yolo8-19, 45541174, car
yolo2-14, 45541174, aeroplane
yolo8-14, 45541174, car
yolo12-20, 52876513, aeroplane
yolo8-19, 52876513, car
yolo8-14, 52876513, car
yolo1-edge-16, 52876513, aeroplane
yolo5-edge-17, 52876513, aeroplane
yolo9-edge-20, 52876513, car
yolo9-edge-18, 52876513, car
yolo2-14, 52876513, aeroplane
yolo10-12, 52876513, aeroplane
yolo2-14, 11356238, aeroplane
yolo10-12, 11356238, aeroplane
yolo7-19, 74504587, car
yolo7-18, 39356706, aeroplane
yolo11-16, 39356706, aeroplane
yolo3-15, 39356706, car
yolo1-edge-16, 11356238, aeroplane
yolo8-14, 11356238, car
yolo8-19, 11356238, car
yolo12-20, 11356238, aeroplane
yolo5-edge-17, 11356238, aeroplane
yolo7-18, 16492430, aeroplane
yolo3-15, 16492430, car
yolo11-16, 16492430, aeroplane
yolo7-19, 69930948, car
yolo10-12, 75819619, aeroplane
yolo2-14, 75819619, aeroplane
yolo8-19, 75819619, car
yolo8-14, 75819619, car
yolo12-20, 75819619, aeroplane
yolo9-edge-20, 11356238, car
yolo9-edge-18, 11356238, car
yolo7-18, 90281975, car
yolo3-15, 90281975, car
yolo11-16, 90281975, car
yolo7-19, 71892777, car
yolo10-12, 69140638, aeroplane
yolo5-edge-17, 75819619, aeroplane
yolo1-edge-16, 75819619, aeroplane
yolo12-20, 69140638, aeroplane
yolo3-15, 10544751, car
yolo7-18, 10544751, car
yolo2-14, 69140638, aeroplane
yolo7-19, 99145424, car
yolo8-14, 69140638, car
yolo11-16, 10544751, car
yolo8-19, 69140638, car
yolo9-edge-18, 75819619, car
yolo11-16, 74504587, car
yolo7-19, 58484203, car
yolo3-15, 74504587, car
yolo9-edge-20, 75819619, car
yolo7-18, 74504587, car
yolo2-14, 75068098, aeroplane
yolo10-12, 75068098, aeroplane
yolo5-edge-17, 69140638, aeroplane
yolo8-19, 75068098, car
yolo1-edge-16, 69140638, aeroplane
yolo8-14, 75068098, car
yolo12-20, 75068098, aeroplane
yolo7-19, 90752202, car
yolo11-16, 69930948, car
yolo3-15, 69930948, car
yolo7-18, 69930948, car
yolo9-edge-18, 69140638, car
yolo11-16, 71892777, car
yolo7-19, 02370172, car
yolo12-20, 81248699, aeroplane
yolo8-19, 81248699, car
yolo7-18, 71892777, car
yolo3-15, 71892777, car
yolo1-edge-16, 75068098, aeroplane
yolo9-edge-20, 69140638, car
yolo5-edge-17, 75068098, aeroplane
yolo11-16, 99145424, car
yolo7-19, 36784273, car
yolo7-18, 99145424, car
yolo9-edge-18, 75068098, car
yolo3-15, 99145424, car
yolo8-14, 81248699, car
yolo11-16, 58484203, car
yolo7-19, 05678215, car
yolo3-15, 58484203, car
yolo7-18, 58484203, car
yolo11-16, 90752202, car
yolo1-edge-16, 81248699, aeroplane
yolo7-19, 67480326, car
yolo8-19, 57484090, car
yolo12-20, 57484090, aeroplane
yolo8-14, 57484090, car
yolo5-edge-17, 81248699, aeroplane
yolo9-edge-20, 75068098, car
yolo9-edge-18, 81248699, car
yolo7-18, 90752202, car
yolo11-16, 02370172, car
yolo8-19, 15757872, car
yolo12-20, 15757872, aeroplane
yolo8-14, 15757872, car
yolo7-19, 20458725, car
yolo7-18, 02370172, car
yolo11-16, 36784273, car
yolo1-edge-16, 57484090, aeroplane
yolo5-edge-17, 57484090, aeroplane
yolo12-20, 12099317, aeroplane
yolo9-edge-20, 81248699, car
yolo7-18, 36784273, car
yolo7-19, 10374748, car
yolo9-edge-18, 57484090, car
yolo8-14, 12099317, car
yolo8-19, 12099317, car
yolo11-16, 05678215, car
yolo2-14, 81248699, aeroplane
yolo10-12, 81248699, aeroplane
yolo7-19, 22856400, car
yolo7-18, 05678215, car
yolo11-16, 67480326, car
yolo1-edge-16, 15757872, aeroplane
yolo7-18, 67480326, car
yolo12-20, 53865526, aeroplane
yolo8-19, 53865526, car
yolo8-14, 53865526, car
yolo7-19, 48112820, car
yolo9-edge-20, 57484090, car
yolo5-edge-17, 15757872, aeroplane
yolo11-16, 20458725, car
yolo9-edge-18, 15757872, car
yolo7-18, 20458725, car
yolo7-19, 45541174, car
yolo11-16, 10374748, car
yolo12-20, 39163876, aeroplane
yolo10-12, 57484090, aeroplane
yolo2-14, 57484090, aeroplane
yolo8-14, 39163876, car
yolo8-19, 39163876, car
yolo1-edge-16, 12099317, aeroplane
yolo7-18, 10374748, car
yolo7-19, 52876513, aeroplane
yolo11-16, 22856400, car
yolo5-edge-17, 12099317, aeroplane
yolo9-edge-20, 15757872, car
yolo10-12, 15757872, aeroplane
yolo2-14, 15757872, aeroplane
yolo9-edge-18, 12099317, car
yolo11-16, 48112820, car
yolo7-19, 11356238, aeroplane
yolo8-19, 42520831, car
yolo12-20, 42520831, aeroplane
yolo8-14, 42520831, car
yolo7-18, 22856400, car
yolo10-12, 12099317, aeroplane
yolo2-14, 12099317, aeroplane
yolo1-edge-16, 53865526, aeroplane
yolo11-16, 45541174, car
yolo7-19, 75819619, aeroplane
yolo5-edge-17, 53865526, aeroplane
yolo9-edge-20, 12099317, car
yolo9-edge-18, 53865526, car
yolo10-12, 53865526, aeroplane
yolo2-14, 53865526, aeroplane
yolo7-18, 48112820, car
yolo11-16, 52876513, aeroplane
yolo8-14, 38677813, car
yolo7-19, 69140638, aeroplane
yolo12-20, 38677813, aeroplane
yolo8-19, 38677813, car
yolo1-edge-16, 39163876, aeroplane
yolo10-12, 39163876, aeroplane
yolo7-18, 45541174, car
yolo2-14, 39163876, aeroplane
yolo11-16, 11356238, aeroplane
yolo5-edge-17, 39163876, aeroplane
yolo7-19, 75068098, aeroplane
yolo9-edge-20, 53865526, car
yolo9-edge-18, 39163876, car
yolo10-12, 42520831, aeroplane
yolo7-18, 52876513, aeroplane
yolo11-16, 75819619, aeroplane
yolo1-edge-16, 42520831, aeroplane
yolo2-14, 42520831, aeroplane
yolo8-14, 40003240, car

========== Time: 23 ==========
yolo8-19, 40003240, car
yolo12-20, 40003240, aeroplane
yolo7-19, 81248699, aeroplane
yolo5-edge-17, 42520831, aeroplane
yolo7-18, 11356238, aeroplane
yolo11-16, 69140638, aeroplane
yolo10-12, 38677813, aeroplane
yolo2-14, 38677813, aeroplane
yolo7-19, 57484090, aeroplane
yolo9-edge-20, 39163876, car
yolo9-edge-18, 42520831, car
yolo8-19, 42680117, car
yolo12-20, 42680117, aeroplane
yolo8-14, 42680117, car
yolo10-12, 40003240, aeroplane
yolo7-18, 75819619, aeroplane
yolo11-16, 75068098, aeroplane
yolo2-14, 40003240, aeroplane
yolo1-edge-16, 38677813, aeroplane
yolo7-19, 15757872, aeroplane
yolo5-edge-17, 38677813, aeroplane
yolo10-12, 42680117, aeroplane
yolo11-16, 81248699, aeroplane
yolo7-18, 69140638, aeroplane
yolo2-14, 42680117, aeroplane
yolo7-19, 12099317, aeroplane
yolo9-edge-20, 42520831, car
yolo12-20, 04709821, aeroplane
yolo8-19, 04709821, car
yolo8-14, 04709821, car
yolo9-edge-18, 38677813, car
yolo1-edge-16, 40003240, aeroplane
yolo11-16, 57484090, aeroplane
yolo10-12, 04709821, aeroplane
yolo2-14, 04709821, aeroplane
yolo7-18, 75068098, aeroplane
yolo5-edge-17, 40003240, aeroplane
yolo7-19, 53865526, aeroplane
yolo7-18, 81248699, aeroplane
yolo11-16, 15757872, aeroplane
yolo8-14, 63415924, car
yolo2-14, 63415924, aeroplane
yolo10-12, 63415924, aeroplane
yolo12-20, 63415924, aeroplane
yolo8-19, 63415924, car
yolo7-19, 39163876, aeroplane
yolo7-18, 57484090, aeroplane
yolo9-edge-18, 40003240, car
yolo11-16, 12099317, aeroplane
yolo9-edge-20, 38677813, car
yolo7-19, 42520831, aeroplane
yolo1-edge-16, 42680117, aeroplane
yolo5-edge-17, 42680117, aeroplane
yolo7-18, 15757872, aeroplane
yolo10-12, 39513413, aeroplane
yolo2-14, 39513413, aeroplane
yolo8-14, 39513413, car
yolo12-20, 39513413, aeroplane
yolo11-16, 53865526, aeroplane
yolo8-19, 39513413, car
yolo7-19, 38677813, aeroplane
yolo7-18, 12099317, aeroplane
yolo11-16, 39163876, aeroplane
yolo9-edge-18, 42680117, car
yolo7-19, 40003240, aeroplane
yolo9-edge-20, 40003240, car
yolo7-18, 53865526, aeroplane
yolo1-edge-16, 04709821, aeroplane
yolo5-edge-17, 04709821, aeroplane
yolo10-12, 14330216, car
yolo2-14, 14330216, car
yolo12-20, 14330216, car
yolo11-16, 42520831, aeroplane
yolo8-14, 14330216, car
yolo8-19, 14330216, car
yolo7-19, 42680117, aeroplane
yolo7-18, 39163876, aeroplane
yolo11-16, 38677813, aeroplane
yolo7-19, 04709821, aeroplane
yolo7-18, 42520831, aeroplane
yolo9-edge-18, 04709821, car
yolo9-edge-20, 42680117, car
yolo2-14, 35787572, car
yolo10-12, 35787572, car
yolo1-edge-16, 63415924, aeroplane
yolo5-edge-17, 63415924, aeroplane
yolo12-20, 35787572, car
yolo8-14, 35787572, car
yolo11-16, 40003240, aeroplane
yolo8-19, 35787572, car
yolo7-19, 63415924, aeroplane
yolo7-18, 38677813, aeroplane
yolo7-18, 40003240, aeroplane
yolo11-16, 42680117, aeroplane
yolo7-19, 39513413, aeroplane
yolo9-edge-18, 63415924, car
yolo9-edge-20, 04709821, car
yolo12-20, 64707369, car
yolo8-19, 64707369, car
yolo1-edge-16, 39513413, aeroplane
yolo5-edge-17, 39513413, aeroplane
yolo2-14, 64707369, car
yolo10-12, 64707369, car
yolo8-14, 64707369, car
yolo7-19, 14330216, car
yolo11-16, 04709821, aeroplane
yolo7-18, 42680117, aeroplane
yolo2-14, 66190932, car
yolo9-edge-18, 39513413, car
yolo9-edge-20, 63415924, car
yolo1-edge-16, 14330216, car
yolo5-edge-17, 14330216, car
yolo7-18, 04709821, aeroplane
yolo7-19, 35787572, car
yolo11-16, 63415924, aeroplane
yolo2-14, 99473480, car
yolo7-19, 64707369, car
yolo11-16, 39513413, aeroplane
yolo7-18, 63415924, aeroplane
yolo9-edge-18, 14330216, car
yolo8-14, 66190932, car
yolo12-20, 66190932, car
yolo8-19, 66190932, car
yolo9-edge-20, 39513413, car
yolo1-edge-16, 35787572, car
yolo5-edge-17, 35787572, car
yolo7-18, 39513413, aeroplane
yolo11-16, 14330216, car
yolo2-14, 72034980, car
yolo7-19, 66190932, car
yolo12-20, 99473480, car
yolo8-19, 99473480, car
yolo8-14, 99473480, car
yolo11-16, 35787572, car
yolo7-18, 14330216, car
yolo7-19, 99473480, car
yolo12-20, 72034980, car
yolo9-edge-18, 35787572, car
yolo8-19, 72034980, car
yolo8-14, 72034980, car
yolo2-14, 04956223, bottle
yolo11-16, 64707369, car
yolo7-18, 35787572, car
yolo7-19, 72034980, car
yolo1-edge-16, 64707369, car
yolo5-edge-17, 64707369, car
yolo9-edge-20, 14330216, car
yolo8-19, 04956223, car
yolo12-20, 04956223, car
yolo8-14, 04956223, car
yolo11-16, 66190932, car
yolo7-18, 64707369, car
yolo7-19, 04956223, car
yolo9-edge-18, 64707369, car
yolo11-16, 99473480, car
yolo7-18, 66190932, car
yolo2-14, 69272969, car
yolo12-20, 69272969, car
yolo7-19, 69272969, car
yolo8-14, 69272969, car
yolo8-19, 69272969, car
yolo1-edge-16, 66190932, car
yolo9-edge-20, 35787572, car
yolo5-edge-17, 66190932, car
yolo11-16, 72034980, car
yolo7-18, 99473480, car
yolo9-edge-18, 66190932, car
yolo2-14, 15699307, car
yolo12-20, 15699307, car
yolo7-18, 72034980, car
yolo11-16, 04956223, car
yolo8-19, 15699307, car
yolo7-19, 15699307, car
yolo8-14, 15699307, car
yolo1-edge-16, 99473480, car
yolo7-18, 04956223, car
yolo11-16, 69272969, car
yolo9-edge-20, 64707369, car
yolo5-edge-17, 99473480, car
yolo9-edge-18, 99473480, car
yolo2-14, 05642553, car
yolo12-20, 05642553, car
yolo7-19, 05642553, car
yolo8-14, 05642553, car
yolo8-19, 05642553, car

========== Time: 24 ==========
yolo11-16, 15699307, car
yolo7-18, 69272969, car
yolo1-edge-16, 72034980, car
yolo9-edge-20, 66190932, car
yolo2-14, 59040614, car
yolo11-16, 05642553, car
yolo7-18, 15699307, car
yolo5-edge-17, 72034980, car
yolo7-19, 59040614, car
yolo12-20, 59040614, car
yolo8-19, 59040614, car
yolo9-edge-18, 72034980, car
yolo8-14, 59040614, car
yolo11-16, 59040614, car
yolo1-edge-16, 04956223, car
yolo7-18, 05642553, car
yolo9-edge-20, 99473480, car
yolo12-20, 10366961, car
yolo2-14, 10366961, car
yolo5-edge-17, 04956223, bottle
yolo8-19, 10366961, car
yolo7-19, 10366961, car
yolo8-14, 10366961, car
yolo11-16, 10366961, car
yolo7-18, 59040614, car
yolo9-edge-18, 04956223, car
yolo1-edge-16, 69272969, car
yolo7-18, 10366961, car
yolo9-edge-20, 72034980, car
yolo2-14, 26372662, car
yolo5-edge-17, 69272969, car
yolo11-16, 26372662, car
yolo7-19, 26372662, car
yolo12-20, 26372662, car
yolo8-14, 26372662, car
yolo8-19, 26372662, car
yolo9-edge-18, 69272969, car
yolo7-18, 26372662, car
yolo1-edge-16, 15699307, car
yolo2-14, 13851059, car
yolo11-16, 13851059, car
yolo12-20, 13851059, car
yolo9-edge-20, 04956223, car
yolo8-19, 13851059, car
yolo7-18, 13851059, car
yolo5-edge-17, 15699307, car
yolo8-14, 13851059, car
yolo7-19, 13851059, car
yolo9-edge-18, 15699307, car
yolo1-edge-16, 05642553, car
yolo2-14, 97035734, car
yolo8-19, 97035734, car
yolo7-18, 97035734, car
yolo8-14, 97035734, car
yolo11-16, 97035734, car
yolo12-20, 97035734, car
yolo7-19, 97035734, car
yolo9-edge-20, 69272969, car
yolo5-edge-17, 05642553, car
yolo9-edge-18, 05642553, car
yolo1-edge-16, 59040614, car
yolo2-14, 59895048, car
yolo7-19, 59895048, car
yolo12-20, 59895048, car
yolo11-16, 59895048, car
yolo7-18, 59895048, car
yolo8-19, 59895048, car
yolo8-14, 59895048, car
yolo9-edge-20, 15699307, car
yolo5-edge-17, 59040614, car
yolo9-edge-18, 59040614, car
yolo1-edge-16, 10366961, car
yolo2-14, 15573640, car
yolo7-19, 15573640, car
yolo7-18, 15573640, car
yolo12-20, 15573640, car
yolo11-16, 15573640, car
yolo8-14, 15573640, car
yolo8-19, 15573640, car
yolo9-edge-20, 05642553, car
yolo5-edge-17, 10366961, car
yolo9-edge-18, 10366961, car
yolo2-14, 56253177, car
yolo11-16, 56253177, car
yolo8-14, 56253177, car
yolo12-20, 56253177, car
yolo7-19, 56253177, car
yolo9-edge-18, 26372662, car
yolo2-14, 45078649, car
yolo7-19, 45078649, car
yolo8-14, 45078649, car
yolo11-16, 45078649, car
yolo12-20, 45078649, car
yolo9-edge-18, 13851059, car
yolo11-16, 68042714, car
yolo7-19, 68042714, car
yolo2-14, 68042714, car
yolo12-20, 68042714, car
yolo8-14, 68042714, car
yolo9-edge-18, 97035734, car
yolo2-14, 25065645, car
yolo11-16, 25065645, car
yolo7-19, 25065645, car
yolo12-20, 25065645, car
yolo8-14, 25065645, car
yolo9-edge-18, 59895048, car
yolo2-14, 36650576, car
yolo11-16, 36650576, car
yolo7-19, 36650576, car
yolo8-14, 36650576, car
yolo12-20, 36650576, car
yolo9-edge-18, 15573640, car
yolo2-14, 77812943, car
yolo11-16, 77812943, car
yolo12-20, 77812943, car
yolo7-19, 77812943, car
yolo8-14, 77812943, car
yolo9-edge-18, 56253177, car
yolo2-14, 05729598, car
yolo11-16, 05729598, car
yolo7-19, 05729598, car
yolo8-14, 05729598, car
yolo12-20, 05729598, car
yolo9-edge-18, 45078649, car

========== Time: 25 ==========
yolo2-14, 52157609, car
yolo11-16, 52157609, car
yolo12-20, 52157609, car
yolo8-14, 52157609, car
yolo7-19, 52157609, car
yolo9-edge-18, 68042714, car
yolo2-14, 69416557, car
yolo12-20, 69416557, car
yolo11-16, 69416557, car
yolo7-19, 69416557, car
yolo8-14, 69416557, car
yolo9-edge-18, 25065645, car
yolo8-14, 94054076, car
yolo2-14, 94054076, car
yolo12-20, 94054076, car
yolo11-16, 94054076, car
yolo7-19, 94054076, car
yolo9-edge-18, 36650576, car
yolo11-16, 37365467, car
yolo2-14, 37365467, car
yolo7-19, 37365467, car
yolo8-14, 37365467, car
yolo12-20, 37365467, car
yolo9-edge-18, 77812943, car
yolo11-16, 43804914, car
yolo2-14, 43804914, car
yolo8-14, 43804914, car
yolo7-19, 43804914, car
yolo12-20, 43804914, car
yolo9-edge-18, 05729598, car
yolo12-20, 91456239, car
yolo2-14, 91456239, car
yolo11-16, 91456239, car
yolo8-14, 91456239, car
yolo7-19, 91456239, car
yolo9-edge-18, 52157609, car
yolo9-edge-18, 69416557, car
yolo2-14, 57259050, car
yolo12-20, 57259050, car
yolo7-19, 57259050, car
yolo11-16, 57259050, car
yolo4-22, 57259050, car
yolo12-24, 57259050, car
yolo8-14, 57259050, car
yolo9-edge-18, 94054076, car
yolo11-16, 35296635, car
yolo12-20, 35296635, car
yolo2-14, 35296635, car
yolo7-19, 35296635, car
yolo12-24, 35296635, car
yolo4-22, 35296635, car
yolo3-23, 35296635, car
yolo8-14, 35296635, car
yolo9-edge-18, 37365467, car
yolo4-22, 88931121, car
yolo12-24, 88931121, car
yolo12-20, 88931121, car
yolo3-23, 88931121, car
yolo11-16, 88931121, car
yolo9-edge-18, 43804914, car
yolo11-16, 34389604, car
yolo12-20, 34389604, car
yolo3-23, 34389604, car
yolo12-24, 34389604, car
yolo4-22, 34389604, car
yolo9-edge-18, 91456239, car
yolo3-23, 33451763, car
yolo12-24, 33451763, car
yolo4-22, 33451763, car
yolo12-20, 33451763, car
yolo11-16, 33451763, car
yolo9-edge-18, 57259050, car
yolo3-23, 25023966, car
yolo12-20, 25023966, car
yolo11-16, 25023966, car
yolo12-24, 25023966, car
yolo4-22, 25023966, car
yolo9-edge-18, 35296635, car
yolo11-16, 28361600, car
yolo12-24, 28361600, car
yolo3-23, 28361600, car
yolo12-20, 28361600, car
yolo4-22, 28361600, car
yolo9-edge-18, 88931121, car
yolo12-20, 69337920, car
yolo3-23, 69337920, car
yolo12-24, 69337920, car
yolo11-16, 69337920, car
yolo4-22, 69337920, car
yolo9-edge-18, 34389604, car
yolo12-20, 30215181, car
yolo4-22, 30215181, car
yolo3-23, 30215181, car
yolo11-16, 30215181, car
yolo12-24, 30215181, car
yolo9-edge-18, 33451763, car
yolo9-edge-18, 25023966, car
yolo12-20, 06346187, car
yolo3-23, 06346187, car
yolo12-24, 06346187, car
yolo4-22, 06346187, car
yolo11-16, 06346187, car
yolo9-edge-18, 28361600, car
yolo3-23, 89304923, car
yolo12-20, 89304923, car
yolo11-16, 89304923, car
yolo12-24, 89304923, car
yolo4-22, 89304923, car
yolo9-edge-18, 69337920, car
yolo12-24, 08393017, car
yolo3-23, 08393017, car
yolo12-20, 08393017, car
yolo11-16, 08393017, car
yolo4-22, 08393017, car
yolo10-19, 08393017, car
yolo6-19, 08393017, car
yolo9-edge-18, 30215181, car
yolo6-19, 29963422, car
yolo10-19, 29963422, car
yolo12-20, 29963422, car
yolo3-23, 29963422, car
yolo12-24, 29963422, car
yolo11-16, 29963422, car
yolo4-22, 29963422, car
yolo6-19, 38550594, car
yolo9-edge-18, 06346187, car
yolo11-16, 38550594, car
yolo12-24, 38550594, car
yolo10-19, 38550594, car
yolo4-22, 38550594, car
yolo12-20, 38550594, car
yolo3-23, 38550594, car
yolo9-edge-18, 89304923, car
yolo6-19, 23639272, car
yolo10-19, 23639272, car
yolo12-20, 23639272, car
yolo3-23, 23639272, car
yolo11-16, 23639272, car
yolo12-24, 23639272, car
yolo4-22, 23639272, car
yolo9-edge-18, 08393017, car
yolo6-19, 14243847, car
yolo10-19, 14243847, car
yolo11-16, 14243847, car
yolo3-23, 14243847, car
yolo12-24, 14243847, car
yolo12-20, 14243847, car
yolo4-22, 14243847, car
yolo9-edge-18, 29963422, car
yolo6-19, 42129272, car
yolo10-19, 42129272, car
yolo12-20, 42129272, car
yolo11-16, 42129272, car
yolo3-23, 42129272, car
yolo12-24, 42129272, car
yolo4-22, 42129272, car
yolo9-edge-18, 38550594, car
yolo6-19, 51257296, car
yolo11-16, 51257296, car
yolo12-24, 51257296, car
yolo4-22, 51257296, car
yolo10-19, 51257296, car
yolo3-23, 51257296, car
yolo12-20, 51257296, car
yolo9-edge-18, 23639272, car
yolo6-19, 31779782, car
yolo4-22, 31779782, car
yolo10-19, 31779782, car
yolo12-20, 31779782, car
yolo12-24, 31779782, car
yolo11-16, 31779782, car
yolo3-23, 31779782, car
yolo9-edge-18, 14243847, car
yolo6-19, 53182536, car
yolo3-23, 53182536, car
yolo10-19, 53182536, car
yolo12-20, 53182536, car
yolo12-24, 53182536, car
yolo4-22, 53182536, car
yolo11-16, 53182536, car
yolo9-edge-18, 42129272, car
yolo6-19, 95995934, car
yolo3-23, 95995934, car
yolo10-19, 95995934, car
yolo11-16, 95995934, car
yolo12-20, 95995934, car
yolo12-24, 95995934, car
yolo4-22, 95995934, car
yolo9-edge-18, 51257296, car
yolo6-19, 05483780, car
yolo10-19, 05483780, car
yolo11-16, 05483780, car
yolo3-23, 05483780, car
yolo12-20, 05483780, car
yolo12-24, 05483780, car
yolo4-22, 05483780, car
yolo9-edge-18, 31779782, car
yolo6-19, 89924064, car
yolo9-edge-18, 53182536, car
yolo10-19, 89924064, car
yolo12-24, 89924064, car
yolo11-16, 89924064, car
yolo4-22, 89924064, car
yolo12-20, 89924064, car
yolo3-23, 89924064, car
yolo6-19, 79059381, car
yolo9-edge-18, 95995934, car
yolo4-22, 79059381, car
yolo3-23, 79059381, car
yolo11-16, 79059381, car
yolo10-19, 79059381, car
yolo12-24, 79059381, car
yolo12-20, 79059381, car
yolo6-19, 07149156, car
yolo9-edge-18, 05483780, car
yolo10-19, 07149156, car
yolo12-24, 07149156, car
yolo3-23, 07149156, car
yolo11-16, 07149156, car
yolo12-20, 07149156, car
yolo4-22, 07149156, car
yolo9-edge-18, 89924064, car
yolo10-19, 73344781, car
yolo6-19, 73344781, car
yolo11-16, 73344781, car
yolo3-23, 73344781, car
yolo9-edge-18, 79059381, car
yolo12-24, 73344781, car
yolo12-20, 73344781, car
yolo4-22, 73344781, car
yolo6-19, 47351134, car
yolo5-22, 89924064, car
yolo1-23, 89924064, car
yolo12-24, 47351134, car
yolo10-19, 47351134, car
yolo9-edge-18, 07149156, car
yolo5-22, 79059381, car
yolo1-23, 79059381, car
yolo6-19, 27610602, car
yolo4-22, 47351134, car
yolo12-20, 47351134, car
yolo12-24, 27610602, car
yolo10-19, 27610602, car
yolo5-22, 07149156, car
yolo1-23, 07149156, car
yolo3-23, 47351134, car
yolo11-16, 47351134, car
yolo9-edge-18, 73344781, car
yolo4-22, 27610602, car
yolo12-20, 27610602, car
yolo5-22, 73344781, car
yolo1-23, 73344781, car
yolo6-19, 49533717, car
yolo12-24, 49533717, car
yolo10-19, 49533717, car
yolo4-22, 49533717, car
yolo12-20, 49533717, car
yolo11-16, 27610602, car
yolo3-23, 27610602, car
yolo5-22, 47351134, car
yolo1-23, 47351134, car
yolo11-16, 49533717, car
yolo9-edge-18, 47351134, car
yolo5-22, 27610602, car
yolo3-23, 49533717, car
yolo1-23, 27610602, car
yolo6-19, 86799034, car
yolo12-20, 86799034, car
yolo10-19, 86799034, car
yolo12-24, 86799034, car
yolo4-22, 86799034, car
yolo11-16, 86799034, car
yolo3-23, 86799034, car
yolo5-22, 49533717, car
yolo1-23, 49533717, car
yolo6-19, 75830716, car
yolo9-edge-18, 27610602, car
yolo10-19, 75830716, car
yolo12-20, 75830716, car
yolo12-24, 75830716, car
yolo4-22, 75830716, car
yolo5-22, 86799034, car
yolo1-23, 86799034, car
yolo11-16, 75830716, car
yolo3-23, 75830716, car
yolo5-22, 75830716, car
yolo1-23, 75830716, car
yolo9-edge-18, 49533717, car
yolo6-19, 80769318, car
yolo10-19, 80769318, car
yolo4-22, 80769318, car
yolo12-24, 80769318, car
yolo12-20, 80769318, car
yolo11-16, 80769318, car
yolo3-23, 80769318, car
yolo5-22, 80769318, car
yolo1-23, 80769318, car
yolo9-edge-18, 86799034, car
yolo6-19, 93643147, car
yolo10-19, 93643147, car
yolo1-23, 93643147, car
yolo5-22, 93643147, car
yolo11-16, 93643147, car
yolo3-23, 93643147, car
yolo12-24, 93643147, car
yolo4-22, 93643147, car
yolo12-20, 93643147, car
yolo9-edge-18, 75830716, car
yolo6-19, 09706119, car
yolo1-23, 09706119, car
yolo10-19, 09706119, car
yolo4-22, 09706119, car
yolo11-16, 09706119, car
yolo5-22, 09706119, car
yolo3-23, 09706119, car
yolo12-24, 09706119, car
yolo12-20, 09706119, car
yolo9-edge-18, 80769318, car
yolo6-19, 40585053, aeroplane
yolo10-19, 40585053, sofa
yolo1-23, 40585053, sofa
yolo5-22, 40585053, sofa
yolo3-23, 40585053, sofa
yolo11-16, 40585053, sofa
yolo12-20, 40585053, sofa
yolo12-24, 40585053, sofa
yolo4-22, 40585053, sofa
yolo9-edge-18, 93643147, car
yolo6-19, 04957061, car
yolo3-23, 04957061, car
yolo1-23, 04957061, car
yolo5-22, 04957061, car
yolo11-16, 04957061, car
yolo10-19, 04957061, car
yolo12-20, 04957061, car
yolo12-24, 04957061, car
yolo4-22, 04957061, car
yolo6-19, 92678473, car
yolo9-edge-18, 09706119, car
yolo3-23, 92678473, car
yolo5-22, 92678473, car
yolo1-23, 92678473, car
yolo11-16, 92678473, car
yolo12-24, 92678473, car
yolo10-19, 92678473, car
yolo12-20, 92678473, car
yolo4-22, 92678473, car
yolo6-19, 22143030, bottle
yolo9-edge-18, 40585053, sofa
yolo1-23, 22143030, car
yolo3-23, 22143030, car
yolo10-19, 22143030, car
yolo12-20, 22143030, car
yolo12-24, 22143030, car
yolo4-22, 22143030, car
yolo11-16, 22143030, car
yolo5-22, 22143030, car
yolo6-19, 97470827, boat
yolo9-edge-18, 04957061, car
yolo10-19, 97470827, car
yolo11-16, 97470827, car
yolo12-20, 97470827, car
yolo4-22, 97470827, car
yolo1-23, 97470827, car
yolo5-22, 97470827, car
yolo12-24, 97470827, car
yolo3-23, 97470827, car
yolo6-19, 45115096, train
yolo9-edge-18, 92678473, car
yolo10-19, 45115096, train
yolo3-23, 45115096, train
yolo12-24, 45115096, train
yolo11-16, 45115096, train
yolo12-20, 45115096, train
yolo5-22, 45115096, train
yolo4-22, 45115096, train
yolo1-23, 45115096, train
yolo6-19, 61053359, aeroplane
yolo9-edge-18, 22143030, car
yolo12-20, 61053359, train
yolo12-24, 61053359, train
yolo11-16, 61053359, train
yolo4-22, 61053359, train
yolo10-19, 61053359, train
yolo3-23, 61053359, train
yolo5-22, 61053359, train
yolo1-23, 61053359, train
yolo6-19, 52999937, aeroplane
yolo11-16, 52999937, aeroplane
yolo9-edge-18, 97470827, car
yolo12-20, 52999937, aeroplane
yolo3-23, 52999937, aeroplane
yolo12-24, 52999937, aeroplane
yolo4-22, 52999937, aeroplane
yolo10-19, 52999937, aeroplane
yolo1-23, 52999937, aeroplane
yolo5-22, 52999937, aeroplane
yolo6-19, 68113865, aeroplane
yolo9-edge-18, 45115096, train
yolo1-23, 68113865, sofa
yolo3-23, 68113865, sofa
yolo12-24, 68113865, sofa
yolo5-22, 68113865, sofa
yolo11-16, 68113865, sofa
yolo12-20, 68113865, sofa
yolo10-19, 68113865, sofa
yolo4-22, 68113865, sofa
yolo6-19, 32196942, bottle
yolo9-edge-18, 61053359, train
yolo11-16, 32196942, boat
yolo10-19, 32196942, boat
yolo1-23, 32196942, boat
yolo12-20, 32196942, boat
yolo4-22, 32196942, boat
yolo3-23, 32196942, boat
yolo12-24, 32196942, boat
yolo5-22, 32196942, boat
yolo9-edge-18, 52999937, aeroplane
yolo6-19, 06340588, car
yolo3-23, 06340588, car
yolo12-20, 06340588, car
yolo1-23, 06340588, car
yolo11-16, 06340588, car
yolo4-22, 06340588, car
yolo10-19, 06340588, car
yolo12-24, 06340588, car
yolo5-22, 06340588, car
yolo9-edge-18, 68113865, sofa
yolo6-19, 44242430, car
yolo10-19, 44242430, car
yolo3-23, 44242430, car
yolo11-16, 44242430, car
yolo1-23, 44242430, car
yolo12-24, 44242430, car
yolo12-20, 44242430, car
yolo5-22, 44242430, car
yolo4-22, 44242430, car
yolo6-19, 88278181, aeroplane
yolo9-edge-18, 32196942, boat
yolo3-23, 88278181, train
yolo11-16, 88278181, train
yolo1-23, 88278181, train
yolo10-19, 88278181, train
yolo12-24, 88278181, train
yolo5-22, 88278181, train
yolo12-20, 88278181, train
yolo4-22, 88278181, train
yolo9-edge-18, 06340588, car
yolo1-23, 97490219, boat
yolo10-19, 97490219, boat
yolo6-19, 97490219, boat
yolo4-22, 97490219, boat
yolo11-16, 97490219, boat
yolo3-23, 97490219, boat
yolo12-24, 97490219, boat
yolo12-20, 97490219, boat
yolo5-22, 97490219, boat
yolo9-edge-18, 44242430, car
yolo6-19, 47176052, car
yolo1-23, 47176052, car
yolo10-19, 47176052, car
yolo11-16, 47176052, car
yolo12-20, 47176052, car
yolo3-23, 47176052, car
yolo4-22, 47176052, car
yolo5-22, 47176052, car
yolo12-24, 47176052, car
yolo6-19, 10211136, car
yolo9-edge-18, 88278181, train
yolo10-19, 10211136, car
yolo11-16, 10211136, car
yolo3-23, 10211136, car
yolo12-20, 10211136, car
yolo1-23, 10211136, car
yolo4-22, 10211136, car
yolo12-24, 10211136, car
yolo5-22, 10211136, car
yolo9-edge-18, 97490219, boat
yolo6-19, 32516374, car
yolo10-19, 32516374, car
yolo11-16, 32516374, car
yolo12-20, 32516374, car
yolo3-23, 32516374, car
yolo12-24, 32516374, car
yolo4-22, 32516374, car
yolo1-23, 32516374, car
yolo5-22, 32516374, car
yolo9-edge-18, 47176052, car
yolo6-19, 30319714, car
yolo4-22, 30319714, car
yolo1-23, 30319714, car
yolo11-16, 30319714, car
yolo12-24, 30319714, car
yolo5-22, 30319714, car
yolo10-19, 30319714, car
yolo3-23, 30319714, car
yolo12-20, 30319714, car
yolo6-19, 29297797, car
yolo9-edge-18, 10211136, car
yolo10-19, 29297797, car
yolo3-23, 29297797, car
yolo12-20, 29297797, car
yolo12-24, 29297797, car
yolo11-16, 29297797, car
yolo4-22, 29297797, car
yolo1-23, 29297797, car
yolo5-22, 29297797, car
yolo6-19, 85209364, car
yolo9-edge-18, 32516374, car
yolo1-23, 85209364, car
yolo10-19, 85209364, car
yolo11-16, 85209364, car
yolo12-20, 85209364, car
yolo12-24, 85209364, car
yolo5-22, 85209364, car
yolo3-23, 85209364, car
yolo4-22, 85209364, car
yolo6-19, 19254075, car
yolo9-edge-18, 30319714, car
yolo12-20, 19254075, car
yolo11-16, 19254075, car
yolo12-24, 19254075, car
yolo10-19, 19254075, car
yolo1-23, 19254075, car
yolo4-22, 19254075, car
yolo3-23, 19254075, car
yolo5-22, 19254075, car
yolo6-19, 25225563, car
yolo9-edge-18, 29297797, car
yolo1-23, 25225563, car
yolo10-19, 25225563, car
yolo12-20, 25225563, car
yolo12-24, 25225563, car
yolo11-16, 25225563, car
yolo5-22, 25225563, car
yolo3-23, 25225563, car
yolo4-22, 25225563, car
yolo9-edge-18, 85209364, car
yolo6-19, 69474294, car
yolo12-20, 69474294, car
yolo11-16, 69474294, car
yolo4-22, 69474294, car
yolo12-24, 69474294, car
yolo3-23, 69474294, car
yolo1-23, 69474294, car
yolo10-19, 69474294, car
yolo5-22, 69474294, car
yolo9-edge-18, 19254075, car
yolo6-19, 31368977, car
yolo4-22, 31368977, car
yolo10-19, 31368977, car
yolo3-23, 31368977, car
yolo11-16, 31368977, car
yolo12-20, 31368977, car
yolo12-24, 31368977, car
yolo1-23, 31368977, car
yolo5-22, 31368977, car
yolo9-edge-18, 25225563, car
yolo6-19, 06823362, car
yolo10-19, 06823362, car
yolo11-16, 06823362, car
yolo12-24, 06823362, car
yolo4-22, 06823362, car
yolo3-23, 06823362, car
yolo1-23, 06823362, car
yolo5-22, 06823362, car
yolo12-20, 06823362, car
yolo9-edge-18, 69474294, car
yolo6-19, 83293597, car
yolo10-19, 83293597, car
yolo11-16, 83293597, car
yolo3-23, 83293597, car
yolo12-20, 83293597, car
yolo12-24, 83293597, car
yolo4-22, 83293597, car
yolo1-23, 83293597, car
yolo5-22, 83293597, car
yolo6-19, 54427038, car
yolo9-edge-18, 31368977, car
yolo10-19, 54427038, car
yolo5-22, 54427038, car
yolo3-23, 54427038, car
yolo4-22, 54427038, car
yolo11-16, 54427038, car
yolo12-20, 54427038, car
yolo12-24, 54427038, car
yolo1-23, 54427038, car
yolo6-19, 91472408, car
yolo9-edge-18, 06823362, car
yolo1-23, 91472408, car
yolo11-16, 91472408, car
yolo3-23, 91472408, car
yolo12-20, 91472408, car
yolo12-24, 91472408, car
yolo5-22, 91472408, car
yolo4-22, 91472408, car
yolo10-19, 91472408, car
yolo6-19, 69489047, car
yolo9-edge-18, 83293597, car
yolo10-19, 69489047, car
yolo1-23, 69489047, car
yolo11-16, 69489047, car
yolo12-24, 69489047, car
yolo3-23, 69489047, car
yolo12-20, 69489047, car
yolo4-22, 69489047, car
yolo5-22, 69489047, car
yolo6-19, 78927998, car
yolo9-edge-18, 54427038, car
yolo11-16, 78927998, car
yolo10-19, 78927998, car
yolo12-24, 78927998, car
yolo1-23, 78927998, car
yolo5-22, 78927998, car
yolo4-22, 78927998, car
yolo3-23, 78927998, car
yolo12-20, 78927998, car
yolo6-19, 17142858, car
yolo9-edge-18, 91472408, car
yolo10-19, 17142858, car
yolo12-24, 17142858, car
yolo11-16, 17142858, car
yolo4-22, 17142858, car
yolo1-23, 17142858, car
yolo3-23, 17142858, car
yolo5-22, 17142858, car
yolo12-20, 17142858, car
yolo9-edge-18, 69489047, car
yolo6-19, 52594436, car
yolo10-19, 52594436, car
yolo1-23, 52594436, car
yolo5-22, 52594436, car
yolo11-16, 52594436, car
yolo3-23, 52594436, car
yolo12-24, 52594436, car
yolo12-20, 52594436, car
yolo4-22, 52594436, car
yolo9-edge-18, 78927998, car
yolo6-19, 31338973, car
yolo10-19, 31338973, car
yolo3-23, 31338973, car
yolo11-16, 31338973, car
yolo12-20, 31338973, car
yolo12-24, 31338973, car
yolo5-22, 31338973, car
yolo4-22, 31338973, car
yolo9-edge-18, 17142858, car
yolo6-19, 07852276, car
yolo12-24, 07852276, car
yolo4-22, 07852276, car
yolo3-23, 07852276, car
yolo12-20, 07852276, car
yolo10-19, 07852276, car
yolo11-16, 07852276, car
yolo9-edge-18, 52594436, car
yolo6-19, 86695127, car
yolo11-16, 86695127, car
yolo10-19, 86695127, car
yolo12-24, 86695127, car
yolo4-22, 86695127, car
yolo3-23, 86695127, car
yolo12-20, 86695127, car
yolo9-edge-18, 31338973, car
yolo6-19, 66880563, car
yolo10-19, 66880563, car
yolo12-24, 66880563, car
yolo12-20, 66880563, car
yolo3-23, 66880563, car
yolo11-16, 66880563, car
yolo4-22, 66880563, car
yolo9-edge-18, 07852276, car
yolo6-19, 65114491, car
yolo11-16, 65114491, car
yolo10-19, 65114491, car
yolo12-20, 65114491, car
yolo3-23, 65114491, car
yolo12-24, 65114491, car
yolo4-22, 65114491, car
yolo9-edge-18, 86695127, car
yolo10-19, 53900545, car
yolo4-22, 53900545, car
yolo12-24, 53900545, car
yolo12-20, 53900545, car
yolo6-19, 53900545, car
yolo11-16, 53900545, car
yolo3-23, 53900545, car
yolo9-edge-18, 66880563, car
yolo10-19, 93435270, car
yolo12-24, 93435270, car
yolo6-19, 93435270, car
yolo12-20, 93435270, car
yolo11-16, 93435270, car
yolo4-22, 93435270, car
yolo3-23, 93435270, car
yolo9-edge-18, 65114491, car
yolo9-edge-18, 53900545, car
yolo9-edge-18, 93435270, car
