
========== Time: 0 ==========

========== Time: 1 ==========

========== Time: 2 ==========

========== Time: 3 ==========
yolo9-2, 10066777, car
yolo9-2, 84566187, car
yolo9-2, 05821823, car
yolo9-2, 15383945, car
yolo9-2, 42333066, car
yolo9-2, 88698635, car
yolo9-2, 25203064, car

========== Time: 4 ==========
yolo9-2, 44028774, car
yolo9-2, 48775222, car
yolo9-2, 46417068, train
yolo9-2, 02775979, car
yolo9-2, 65094117, car
yolo9-2, 76912284, car
yolo9-2, 55889809, car
yolo9-2, 72049566, car
yolo9-2, 67019533, car
yolo9-2, 32418969, car
yolo9-2, 34259445, car
yolo9-2, 70583967, car
yolo9-2, 86467727, car
yolo9-2, 46149087, car

========== Time: 5 ==========
yolo9-2, 83003063, car
yolo9-2, 15892370, car
yolo9-2, 41864617, car
yolo9-2, 67477883, car
yolo9-2, 29716456, car
yolo9-2, 37524675, car
yolo9-2, 84491650, car
yolo9-2, 42083490, car
yolo9-2, 79011558, aeroplane
yolo9-2, 20189780, car
yolo9-2, 94586548, car
yolo9-2, 09147369, train
yolo9-2, 16775373, car
yolo9-2, 99792043, car
yolo9-2, 21917774, bottle
yolo9-2, 74279437, car

========== Time: 6 ==========
yolo9-2, 01346520, car
yolo9-2, 60077672, car
yolo9-2, 07479063, car
yolo9-2, 37074803, sofa
yolo9-2, 20803922, car
yolo9-2, 57253111, sofa
yolo9-2, 77994320, car
yolo9-2, 16561838, sofa
yolo9-2, 96557088, car
yolo9-2, 59157448, boat
yolo9-2, 99956936, aeroplane
yolo9-2, 07920377, bottle
yolo9-2, 22906621, car
yolo9-2, 50852654, sofa
yolo9-2, 18227150, car

========== Time: 7 ==========
yolo9-2, 99971178, car
yolo9-2, 88595640, car
yolo9-2, 71081853, car
yolo9-2, 58642657, car
yolo9-2, 98514044, car
yolo9-2, 39405845, aeroplane
yolo11-2, 99956936, aeroplane
yolo11-5, 88595640, car
yolo9-2, 35916501, car
yolo11-5, 71081853, car
yolo11-2, 07920377, bottle
yolo11-2, 22906621, car
yolo11-5, 58642657, car
yolo9-2, 36216328, car
yolo11-5, 98514044, car
yolo11-2, 50852654, sofa
yolo9-2, 03105112, car
yolo11-5, 39405845, aeroplane
yolo11-2, 18227150, car
yolo9-2, 67784176, car
yolo11-5, 35916501, car
yolo11-2, 99971178, car
yolo11-2, 88595640, car
yolo11-5, 36216328, car
yolo9-2, 03855748, car
yolo11-5, 03105112, car
yolo11-2, 71081853, car
yolo11-5, 67784176, car
yolo11-2, 58642657, car
yolo9-2, 98224586, car
yolo11-2, 98514044, car
yolo11-5, 03855748, car
yolo11-5, 98224586, car
yolo11-2, 39405845, aeroplane
yolo9-2, 40586333, car
yolo11-5, 40586333, car
yolo11-2, 35916501, car
yolo11-2, 36216328, car
yolo11-5, 94175296, car
yolo9-2, 94175296, car
yolo11-2, 03105112, car
yolo11-2, 67784176, car
yolo11-5, 57100631, aeroplane
yolo9-2, 57100631, aeroplane
yolo11-2, 03855748, car
yolo11-2, 98224586, car

========== Time: 8 ==========
yolo11-2, 40586333, car
yolo11-5, 26120946, car
yolo11-2, 94175296, car
yolo9-2, 26120946, car
yolo11-2, 57100631, aeroplane
yolo11-5, 17296539, car
yolo9-2, 17296539, car
yolo11-2, 26120946, car
yolo11-2, 17296539, car
yolo11-5, 68997486, bottle
yolo9-2, 68997486, bottle
yolo11-2, 68997486, bottle
yolo9-2, 63149731, car
yolo11-2, 63149731, car
yolo11-5, 63149731, car
yolo11-5, 40115462, car
yolo11-2, 40115462, car
yolo9-2, 40115462, car
yolo11-2, 67245479, train
yolo11-5, 67245479, train
yolo9-2, 67245479, train
yolo11-2, 46465753, car
yolo11-5, 46465753, car
yolo9-2, 46465753, car
yolo11-5, 01874104, car
yolo9-2, 01874104, car
yolo11-2, 01874104, car
yolo9-2, 61250646, car
yolo9-2, 13339650, car
yolo9-2, 75125200, bottle
yolo9-2, 11548755, car
yolo9-2, 21137896, car
yolo9-2, 32568005, car
yolo9-2, 45573700, car
yolo9-2, 81149033, car
yolo9-2, 39810039, car

========== Time: 9 ==========
yolo9-2, 06165643, car
yolo9-2, 09133339, car
yolo9-2, 54625659, car
yolo9-2, 52899016, car
yolo9-2, 27995029, car
yolo9-2, 76368762, car
yolo9-2, 86447557, car
yolo9-2, 61330756, car
yolo9-2, 33833020, car
yolo9-2, 81856152, car
yolo9-2, 39187527, car
yolo6-5, 46465753, car
yolo9-2, 41950808, bottle
yolo6-5, 01874104, car
yolo9-2, 76198848, aeroplane
yolo6-5, 61250646, car
yolo8-2, 46465753, car
yolo6-5, 13339650, car
yolo8-2, 01874104, car
yolo8-2, 61250646, car
yolo6-5, 75125200, bottle
yolo8-2, 13339650, car
yolo6-5, 11548755, car
yolo8-2, 75125200, bottle
yolo6-5, 21137896, car
yolo6-5, 32568005, car
yolo8-2, 11548755, car
yolo8-2, 21137896, car
yolo6-5, 45573700, car
yolo6-5, 81149033, car
yolo6-5, 39810039, car
yolo6-5, 06165643, car
yolo6-5, 09133339, car
yolo8-2, 32568005, aeroplane
yolo6-5, 54625659, car
yolo6-5, 52899016, car
yolo8-2, 50717775, sofa
yolo6-5, 27995029, car
yolo6-5, 76368762, car
yolo8-2, 61060753, car
yolo6-5, 86447557, car
yolo6-5, 61330756, car
yolo8-2, 88356835, boat
yolo6-5, 33833020, car
yolo8-2, 37085517, sofa
yolo6-5, 81856152, car
yolo6-5, 39187527, car
yolo6-5, 41950808, bottle
yolo8-2, 32912936, car
yolo6-5, 76198848, aeroplane
yolo8-2, 75601126, sofa
yolo6-5, 65564833, car
yolo6-5, 31987208, car
yolo8-2, 39270084, sofa

========== Time: 10 ==========
yolo9-2, 65564833, car
yolo6-5, 98235422, train
yolo6-5, 00038310, car
yolo8-2, 49608510, car
yolo6-5, 04268657, sofa
yolo8-2, 61635376, car
yolo6-5, 24765752, aeroplane
yolo6-5, 50717775, sofa
yolo8-2, 49237714, car
yolo6-5, 61060753, car
yolo6-5, 88356835, boat
yolo8-2, 19894461, boat
yolo6-5, 37085517, sofa
yolo6-5, 32912936, car
yolo9-2, 31987208, car
yolo8-2, 85241939, car
yolo6-5, 75601126, sofa
yolo6-5, 39270084, sofa
yolo9-2, 98235422, train
yolo6-5, 49608510, car
yolo8-2, 14179362, car
yolo6-5, 61635376, car
yolo9-2, 00038310, car
yolo8-2, 62985836, car
yolo6-5, 49237714, car
yolo9-2, 04268657, sofa
yolo6-5, 19894461, boat
yolo8-2, 11413941, car
yolo9-2, 24765752, aeroplane
yolo6-5, 85241939, car
yolo9-2, 50717775, sofa
yolo6-5, 14179362, car
yolo8-2, 51928823, car
yolo6-5, 62985836, car
yolo9-2, 61060753, car
yolo6-5, 11413941, car
yolo9-2, 88356835, boat
yolo8-2, 79724093, car
yolo6-5, 51928823, car
yolo9-2, 37085517, sofa
yolo6-5, 79724093, car
yolo9-2, 32912936, car
yolo8-2, 30898574, car
yolo6-5, 30898574, car
yolo9-2, 75601126, sofa
yolo6-5, 31067784, car
yolo9-2, 39270084, sofa
yolo8-2, 31067784, car
yolo9-2, 49608510, car
yolo9-2, 61635376, car
yolo8-2, 12671638, car
yolo6-5, 12671638, car
yolo9-2, 49237714, car
yolo9-2, 19894461, boat
yolo6-5, 36698226, car
yolo8-2, 36698226, car
yolo9-2, 85241939, car
yolo9-2, 14179362, car
yolo6-5, 73622341, car
yolo8-2, 73622341, car
yolo9-2, 62985836, car
yolo9-2, 11413941, car
yolo8-2, 73384331, car
yolo9-2, 51928823, car
yolo10-8, 73384331, car
yolo6-5, 73384331, car

========== Time: 11 ==========
yolo8-2, 84227962, car
yolo10-8, 84227962, car
yolo6-5, 84227962, car
yolo8-2, 61056802, car
yolo10-8, 61056802, car
yolo6-5, 61056802, car
yolo8-2, 61715574, car
yolo9-2, 79724093, car
yolo6-5, 61715574, car
yolo10-8, 61715574, car
yolo8-2, 50330621, car
yolo10-8, 50330621, car
yolo6-5, 50330621, car
yolo9-2, 30898574, car
yolo10-8, 41094265, car
yolo8-2, 41094265, car
yolo6-5, 41094265, car
yolo9-2, 31067784, car
yolo9-2, 12671638, car
yolo6-5, 19167431, car
yolo8-2, 19167431, car
yolo10-8, 19167431, car
yolo9-2, 36698226, car
yolo8-2, 43581035, car
yolo6-5, 43581035, car
yolo10-8, 43581035, car
yolo9-2, 73622341, car
yolo9-2, 73384331, car
yolo8-2, 71424542, car
yolo10-8, 71424542, car
yolo6-5, 71424542, car
yolo6-5, 39102936, car
yolo10-8, 39102936, car
yolo9-2, 84227962, car
yolo9-2, 61056802, car
yolo6-5, 64970982, car
yolo10-8, 64970982, car
yolo9-2, 61715574, car
yolo10-8, 29362202, car
yolo6-5, 29362202, car
yolo9-2, 50330621, car
yolo9-2, 41094265, car
yolo6-5, 03199226, car
yolo10-8, 03199226, car
yolo9-2, 19167431, car
yolo9-2, 43581035, car
yolo10-8, 14645536, car
yolo6-5, 14645536, car
yolo9-2, 71424542, car
yolo9-2, 39102936, car
yolo10-8, 78289766, car
yolo6-5, 78289766, car
yolo9-2, 64970982, car
yolo9-2, 29362202, car
yolo6-5, 45721956, car
yolo10-8, 45721956, car
yolo9-2, 03199226, car
yolo9-2, 14645536, car
yolo10-8, 30770022, car
yolo6-5, 30770022, car
yolo9-2, 78289766, car

========== Time: 12 ==========
yolo10-8, 85559522, car
yolo6-5, 85559522, car
yolo9-2, 45721956, car
yolo9-2, 30770022, car
yolo10-8, 58616290, car
yolo6-5, 58616290, car
yolo9-2, 85559522, car
yolo10-8, 41582528, sofa
yolo9-2, 58616290, car
yolo6-5, 41582528, sofa
yolo9-2, 41582528, sofa
yolo6-5, 80769770, car
yolo10-8, 80769770, car
yolo9-2, 80769770, car
yolo10-8, 29116307, sofa
yolo6-5, 29116307, sofa
yolo9-2, 29116307, aeroplane
yolo6-5, 73386763, sofa
yolo10-8, 73386763, sofa
yolo9-2, 73386763, aeroplane
yolo6-5, 61674053, car
yolo9-2, 61674053, car
yolo10-8, 61674053, car
yolo6-5, 13098149, car
yolo10-8, 13098149, car
yolo9-2, 13098149, car
yolo6-5, 35687933, sofa
yolo9-2, 35687933, sofa
yolo10-8, 35687933, sofa
yolo9-2, 03903596, aeroplane
yolo6-5, 03903596, boat
yolo10-8, 03903596, boat
yolo10-8, 60767532, car
yolo9-2, 60767532, aeroplane
yolo6-5, 60767532, car
yolo10-8, 66005430, aeroplane
yolo9-2, 66005430, aeroplane
yolo6-5, 66005430, aeroplane
yolo6-5, 20816952, aeroplane
yolo10-8, 20816952, aeroplane
yolo9-2, 20816952, aeroplane
yolo10-8, 47180551, sofa
yolo6-5, 47180551, sofa
yolo9-2, 47180551, sofa
yolo10-8, 29775601, sofa

========== Time: 13 ==========
yolo6-5, 29775601, sofa
yolo10-8, 57425564, sofa
yolo6-5, 57425564, sofa
yolo10-8, 43179370, car
yolo6-5, 43179370, car
yolo6-5, 37456457, bottle
yolo10-8, 37456457, bottle
yolo6-5, 74931607, aeroplane
yolo10-8, 74931607, aeroplane
yolo6-5, 26232107, aeroplane
yolo10-8, 26232107, boat
yolo10-8, 72405983, car
yolo6-5, 72405983, car
yolo10-8, 36407024, car
yolo6-5, 36407024, car
yolo10-8, 27034587, car
yolo6-5, 27034587, car
yolo10-8, 33869503, car
yolo6-5, 33869503, car
yolo10-8, 76069529, car
yolo6-5, 76069529, car
yolo10-8, 29063610, car
yolo6-5, 29063610, car
yolo10-8, 42134787, car
yolo6-5, 42134787, car
yolo6-5, 33171397, car
yolo10-8, 33171397, car
yolo6-5, 74886528, car
yolo10-8, 74886528, car

========== Time: 14 ==========
yolo10-8, 65077326, car
yolo6-5, 65077326, car
yolo10-8, 78455540, car
yolo6-5, 78455540, car
yolo10-8, 36276014, car
yolo6-5, 36276014, car
yolo10-8, 72221163, car
yolo6-5, 72221163, car
yolo6-5, 84737694, car
yolo10-8, 84737694, car
yolo6-5, 08377738, car
yolo10-8, 08377738, car
yolo10-8, 49143697, car
yolo6-5, 49143697, car
yolo6-5, 88050014, car
yolo10-8, 88050014, car
yolo10-8, 80746781, car
yolo6-5, 80746781, car
yolo10-8, 97814419, car
yolo6-5, 97814419, car
yolo10-8, 67605787, aeroplane
yolo6-5, 67605787, aeroplane
yolo10-8, 79075405, car
yolo6-5, 79075405, car
yolo10-8, 55865547, car
yolo6-5, 55865547, car
yolo6-5, 08365999, car
yolo10-8, 08365999, car
yolo6-5, 68973124, car
yolo10-8, 68973124, car
yolo10-14, 68973124, car

========== Time: 15 ==========
yolo6-5, 30404726, aeroplane
yolo10-14, 30404726, train
yolo10-8, 30404726, train
yolo10-8, 59150569, car
yolo10-14, 59150569, car
yolo6-5, 59150569, car
yolo10-8, 65510069, car
yolo6-5, 65510069, car
yolo10-14, 65510069, car
yolo10-8, 21494840, car
yolo6-5, 21494840, car
yolo10-14, 21494840, car
yolo10-14, 93519080, car
yolo10-8, 93519080, car
yolo6-5, 93519080, car
yolo10-8, 76082409, car
yolo6-5, 76082409, car
yolo10-14, 76082409, car
yolo10-14, 14221533, car
yolo10-8, 14221533, car
yolo6-5, 14221533, car
yolo10-8, 42565207, car
yolo6-5, 42565207, car
yolo10-14, 42565207, car
yolo10-8, 78862582, car
yolo10-14, 78862582, car
yolo10-14, 03017012, car
yolo10-8, 03017012, car
yolo10-14, 30208106, car
yolo10-8, 30208106, car
yolo10-8, 49468470, car
yolo10-14, 49468470, car
yolo10-8, 43919236, car
yolo10-14, 43919236, car
yolo10-8, 99999485, car
yolo10-14, 99999485, car
yolo10-14, 74274858, car
yolo10-8, 74274858, car

========== Time: 16 ==========
yolo10-8, 54523250, car
yolo10-14, 54523250, car
yolo10-14, 84764707, car
yolo10-8, 84764707, car
yolo6-15, 84764707, car
yolo10-14, 43485974, car
yolo10-8, 43485974, car
yolo6-15, 43485974, car
yolo10-14, 05670597, car
yolo6-15, 05670597, car
yolo10-8, 05670597, car
yolo10-8, 72550954, car
yolo6-15, 72550954, car
yolo10-14, 72550954, car
yolo6-15, 07844424, car
yolo10-14, 07844424, car
yolo10-8, 07844424, car
yolo6-15, 15575775, car
yolo10-14, 15575775, car
yolo10-8, 15575775, car
yolo10-14, 57174354, car
yolo10-8, 57174354, car
yolo6-15, 57174354, car
yolo10-14, 79570542, car
yolo10-8, 79570542, car
yolo10-8, 49228914, car
yolo10-14, 49228914, car
yolo10-14, 58283528, car
yolo10-8, 58283528, car
yolo10-14, 71800730, car
yolo10-8, 71800730, car
yolo10-14, 39592697, car
yolo10-8, 39592697, car
yolo10-14, 77000823, car
yolo10-8, 77000823, car
yolo10-8, 27575153, car
yolo10-14, 27575153, car

========== Time: 17 ==========
yolo10-8, 14781533, car
yolo10-14, 14781533, car
yolo10-14, 79248643, car
yolo10-8, 79248643, car
yolo6-16, 79248643, car
yolo1-14, 39592697, car
yolo1-14, 77000823, car
yolo6-16, 21004489, car
yolo10-14, 21004489, car
yolo10-8, 21004489, car
yolo1-14, 27575153, car
yolo1-14, 14781533, car
yolo6-16, 36246731, car
yolo10-14, 36246731, car
yolo10-8, 36246731, car
yolo1-14, 79248643, car
yolo1-14, 21004489, car
yolo10-8, 17182973, car
yolo6-16, 17182973, car
yolo10-14, 17182973, car
yolo1-14, 36246731, car
yolo1-14, 17182973, car
yolo10-8, 16244690, car
yolo6-16, 16244690, car
yolo10-14, 16244690, car
yolo1-14, 16244690, car
yolo10-14, 69765971, car
yolo6-16, 69765971, car
yolo10-8, 69765971, car
yolo1-14, 69765971, car
yolo1-14, 71270657, car
yolo10-8, 71270657, car
yolo10-14, 71270657, car
yolo6-16, 71270657, car
yolo1-14, 09918149, car
yolo6-16, 09918149, car
yolo10-14, 09918149, car
yolo6-16, 95778594, car
yolo1-14, 95778594, car
yolo10-14, 95778594, car
yolo10-14, 00442123, car
yolo6-16, 00442123, car
yolo1-14, 00442123, car
yolo10-14, 53451603, car
yolo6-16, 53451603, car
yolo1-14, 53451603, car
yolo10-14, 69581729, car
yolo6-16, 69581729, car
yolo1-14, 69581729, car
yolo6-16, 62694368, car
yolo1-14, 62694368, car
yolo10-14, 62694368, car
yolo6-16, 56651064, car
yolo10-14, 56651064, car
yolo1-16, 56651064, car
yolo1-14, 56651064, car
yolo1-14, 31961928, car
yolo6-16, 31961928, car
yolo10-14, 31961928, car
yolo1-16, 31961928, car

========== Time: 18 ==========
yolo10-14, 81860741, car
yolo1-14, 81860741, car
yolo1-16, 81860741, car
yolo6-16, 81860741, car
yolo1-16, 91662149, car
yolo10-14, 91662149, car
yolo6-16, 91662149, car
yolo1-14, 91662149, car
yolo1-14, 71285197, car
yolo10-14, 71285197, car
yolo6-16, 71285197, car
yolo1-16, 71285197, car
yolo1-16, 25932364, car
yolo6-16, 25932364, car
yolo1-14, 25932364, car
yolo10-14, 25932364, car
yolo10-14, 48633179, car
yolo6-16, 48633179, car
yolo1-16, 48633179, car
yolo1-14, 48633179, car
yolo10-14, 57290468, car
yolo6-16, 57290468, car
yolo1-14, 57290468, car
yolo1-16, 57290468, car
yolo10-14, 35078735, car
yolo6-16, 35078735, car
yolo1-14, 35078735, car
yolo1-16, 35078735, car
yolo1-14, 49965487, car
yolo1-16, 49965487, car
yolo6-16, 49965487, car
yolo10-14, 49965487, car
yolo1-16, 41300774, car
yolo10-14, 41300774, car
yolo6-16, 41300774, car
yolo1-14, 41300774, car
yolo6-16, 72056940, car
yolo1-16, 72056940, car
yolo10-14, 72056940, car
yolo1-14, 72056940, car
yolo10-14, 47038533, car
yolo1-14, 47038533, car
yolo6-16, 47038533, car
yolo1-16, 47038533, car
yolo10-14, 18261287, car
yolo6-16, 18261287, car
yolo1-14, 18261287, car
yolo1-16, 18261287, car
yolo1-14, 67263851, car
yolo10-14, 67263851, car
yolo1-16, 67263851, car
yolo6-16, 67263851, car
yolo6-16, 35275780, car
yolo1-14, 35275780, car
yolo10-14, 35275780, car
yolo1-16, 35275780, car
yolo10-14, 90277674, car
yolo6-16, 90277674, car
yolo1-16, 90277674, car
yolo1-14, 90277674, car

========== Time: 19 ==========
yolo10-14, 82473654, car
yolo1-16, 82473654, car
yolo1-14, 82473654, car
yolo6-16, 82473654, car
yolo10-14, 26255254, car
yolo1-14, 26255254, car
yolo6-16, 26255254, car
yolo1-16, 26255254, car
yolo10-14, 76293475, car
yolo6-16, 76293475, car
yolo1-16, 76293475, car
yolo1-14, 76293475, car
yolo6-16, 39343856, car
yolo10-14, 39343856, car
yolo1-14, 39343856, car
yolo1-16, 39343856, car
yolo6-16, 26226046, car
yolo10-14, 26226046, car
yolo1-14, 26226046, car
yolo1-16, 26226046, car
yolo1-16, 04395224, car
yolo1-14, 04395224, car
yolo10-14, 04395224, car
yolo6-16, 04395224, car
yolo1-16, 07293757, car
yolo1-14, 07293757, car
yolo1-16, 34360483, car
yolo6-16, 07293757, car
yolo10-14, 07293757, car
yolo1-16, 67910028, car
yolo6-16, 34360483, car
yolo10-14, 34360483, car
yolo6-16, 67910028, car
yolo10-14, 67910028, car
yolo1-16, 54572288, car
yolo10-14, 54572288, car
yolo6-16, 54572288, car
yolo10-14, 38299194, car
yolo6-16, 38299194, car
yolo1-16, 38299194, car
yolo10-14, 56197398, car
yolo6-16, 56197398, car
yolo1-16, 56197398, car
yolo11-11, 72056940, car
yolo3-11, 72056940, car
yolo3-17, 72056940, car
yolo3-11, 47038533, car
yolo3-17, 47038533, car
yolo11-11, 47038533, car
yolo6-16, 65540457, car
yolo10-14, 65540457, car
yolo1-16, 65540457, car
yolo3-11, 18261287, car
yolo3-17, 18261287, car
yolo11-11, 18261287, car
yolo3-11, 67263851, car
yolo3-17, 67263851, car
yolo11-11, 67263851, car
yolo1-16, 48626276, car
yolo6-16, 48626276, car
yolo10-14, 48626276, car
yolo3-11, 35275780, car
yolo3-17, 35275780, car
yolo11-11, 35275780, car
yolo3-11, 90277674, car
yolo3-17, 90277674, car
yolo11-11, 90277674, car
yolo6-16, 67672468, car
yolo10-14, 67672468, car
yolo1-16, 67672468, car
yolo3-11, 82473654, car
yolo3-17, 82473654, car
yolo11-11, 82473654, car
yolo3-11, 26255254, car
yolo3-17, 26255254, car
yolo11-11, 26255254, car
yolo1-16, 81095273, car
yolo6-16, 81095273, car
yolo10-14, 81095273, car
yolo3-17, 76293475, car
yolo3-11, 76293475, car
yolo11-11, 76293475, car
yolo3-11, 39343856, car
yolo11-11, 39343856, car
yolo3-17, 39343856, car
yolo3-11, 26226046, car
yolo11-11, 26226046, car
yolo3-17, 26226046, car
yolo3-11, 04395224, car
yolo11-11, 04395224, car
yolo3-17, 04395224, car
yolo3-11, 07293757, car
yolo3-17, 07293757, car
yolo11-11, 07293757, car
yolo3-11, 34360483, car
yolo6-16, 28698173, car
yolo10-14, 28698173, car
yolo11-11, 34360483, car
yolo3-17, 34360483, car
yolo3-11, 67910028, car
yolo11-11, 67910028, car
yolo3-17, 67910028, car
yolo3-11, 54572288, car
yolo6-16, 69318643, sofa
yolo10-14, 69318643, sofa
yolo3-17, 54572288, car
yolo11-11, 54572288, car
yolo3-11, 38299194, car
yolo3-17, 38299194, car
yolo6-16, 55143927, car
yolo3-11, 56197398, car
yolo11-11, 38299194, car
yolo10-14, 55143927, car
yolo3-17, 56197398, car
yolo6-16, 65258288, car
yolo10-14, 65258288, car
yolo11-11, 56197398, car
yolo3-11, 65540457, car
yolo6-16, 79441141, car
yolo3-17, 65540457, car

========== Time: 20 ==========
yolo3-11, 48626276, car
yolo10-14, 79441141, car
yolo11-11, 65540457, car
yolo1-16, 28698173, car
yolo3-17, 48626276, car
yolo6-16, 06528954, car
yolo3-11, 67672468, car
yolo10-14, 06528954, car
yolo11-11, 48626276, car
yolo6-16, 20648069, car
yolo3-17, 67672468, car
yolo11-11, 67672468, car
yolo3-11, 81095273, car
yolo10-14, 20648069, car
yolo6-16, 39556564, car
yolo3-17, 81095273, car
yolo11-11, 81095273, car
yolo10-14, 39556564, car
yolo3-11, 28698173, car
yolo6-16, 87160523, car
yolo3-11, 69318643, sofa
yolo10-14, 87160523, car
yolo3-17, 28698173, car
yolo11-11, 28698173, car
yolo6-16, 72350041, car
yolo3-11, 55143927, car
yolo11-11, 69318643, sofa
yolo10-14, 72350041, car
yolo3-17, 69318643, sofa
yolo6-16, 92104581, car
yolo11-11, 55143927, car
yolo10-14, 92104581, car
yolo3-11, 65258288, car
yolo3-17, 55143927, car
yolo1-16, 69318643, sofa
yolo11-11, 65258288, car
yolo3-11, 79441141, car
yolo3-17, 65258288, car
yolo10-14, 05919860, car
yolo1-16, 55143927, car
yolo6-16, 05919860, car
yolo11-11, 79441141, car
yolo3-11, 06528954, car
yolo3-17, 79441141, car
yolo1-16, 65258288, car
yolo11-11, 06528954, car
yolo3-11, 20648069, car
yolo10-14, 62348415, car
yolo6-16, 62348415, car
yolo3-17, 06528954, car
yolo1-16, 79441141, car
yolo11-11, 20648069, car
yolo3-11, 39556564, car
yolo3-17, 20648069, car
yolo1-16, 06528954, car
yolo11-11, 39556564, car
yolo3-11, 87160523, car
yolo3-17, 39556564, car
yolo10-14, 44688625, car
yolo1-16, 20648069, car
yolo6-16, 44688625, car
yolo3-11, 72350041, car
yolo11-11, 87160523, car
yolo3-17, 87160523, car
yolo1-16, 39556564, car
yolo3-11, 92104581, car
yolo10-14, 43102369, car
yolo6-16, 43102369, car
yolo3-17, 72350041, car
yolo11-11, 72350041, car
yolo1-16, 87160523, car
yolo3-11, 05919860, car
yolo3-17, 92104581, car
yolo1-16, 72350041, car
yolo3-11, 62348415, car
yolo6-16, 43718856, car
yolo1-16, 92104581, car
yolo3-17, 05919860, car

========== Time: 21 ==========
yolo3-11, 44688625, car
yolo3-17, 62348415, car
yolo1-16, 05919860, car
yolo3-11, 43102369, car
yolo6-16, 31569708, car
yolo3-17, 44688625, car
yolo1-16, 62348415, car
yolo3-11, 43718856, car
yolo3-11, 31569708, car
yolo3-17, 43102369, car
yolo1-16, 44688625, car
yolo6-16, 70473817, car
yolo3-11, 70473817, car
yolo3-17, 43718856, car
yolo1-16, 43102369, car
yolo6-16, 73422752, car
yolo1-16, 43718856, car
yolo3-11, 73422752, car
yolo3-17, 31569708, car
yolo1-16, 31569708, car
yolo3-17, 70473817, car
yolo3-11, 39225841, car
yolo6-16, 39225841, car
yolo1-16, 70473817, car
yolo3-17, 73422752, car
yolo1-16, 73422752, car
yolo3-17, 39225841, car
yolo3-11, 18351054, car
yolo6-16, 18351054, car
yolo1-16, 39225841, car
yolo3-17, 18351054, car
yolo1-16, 18351054, car
yolo3-11, 61398159, car
yolo6-16, 61398159, car
yolo3-17, 61398159, car
yolo1-16, 61398159, car
yolo1-16, 37349325, car
yolo6-16, 37349325, car
yolo3-11, 37349325, car
yolo3-17, 37349325, car
yolo3-11, 71146332, car
yolo6-16, 71146332, car
yolo3-17, 71146332, car
yolo1-16, 71146332, car
yolo6-16, 76603994, car
yolo3-17, 76603994, car
yolo1-16, 76603994, car
yolo6-16, 22580514, car
yolo1-16, 22580514, car
yolo3-17, 22580514, car
yolo1-16, 78680840, car
yolo6-16, 78680840, car
yolo3-17, 78680840, car
yolo1-16, 85896958, car
yolo3-17, 85896958, car
yolo6-16, 85896958, car
yolo6-16, 45674755, car
yolo3-17, 45674755, car
yolo1-16, 45674755, car
yolo3-17, 42431106, car
yolo6-16, 42431106, car
yolo1-16, 42431106, car
yolo1-16, 13564918, car

========== Time: 22 ==========
yolo3-17, 13564918, car
yolo6-16, 13564918, car
yolo3-17, 22519351, car
yolo1-16, 22519351, car
yolo6-16, 22519351, car
yolo6-16, 45901709, car
yolo3-17, 45901709, car
yolo1-16, 45901709, car
yolo3-17, 07101603, car
yolo1-16, 07101603, car
yolo6-16, 07101603, car
yolo3-17, 44762757, car
yolo1-16, 44762757, car
yolo6-16, 44762757, car
yolo1-16, 46466748, car
yolo6-16, 46466748, car
yolo3-17, 46466748, car
yolo3-17, 07920365, car
yolo6-16, 07920365, car
yolo1-16, 07920365, car
yolo2-19, 07920365, car
yolo6-16, 52016516, car
yolo1-16, 52016516, car
yolo3-17, 52016516, car
yolo2-19, 52016516, car
yolo3-17, 09695719, car
yolo2-19, 09695719, car
yolo1-16, 09695719, car
yolo6-16, 09695719, car
yolo2-19, 31837182, car
yolo3-17, 31837182, car
yolo6-16, 31837182, car
yolo1-16, 31837182, car
yolo4-11, 28698173, car
yolo12-18, 28698173, car
yolo12-18, 69318643, sofa
yolo4-11, 69318643, sofa
yolo6-16, 64814302, car
yolo12-18, 55143927, car
yolo2-19, 64814302, car
yolo1-16, 64814302, car
yolo3-17, 64814302, car
yolo4-11, 55143927, car
yolo12-18, 65258288, car
yolo6-16, 96876063, car
yolo3-17, 96876063, car
yolo2-19, 96876063, car
yolo12-18, 79441141, car
yolo12-18, 06528954, car
yolo6-16, 50899070, car
yolo3-17, 50899070, car
yolo2-19, 50899070, car
yolo6-16, 95180486, car
yolo2-19, 95180486, car
yolo12-18, 20648069, car
yolo3-17, 95180486, car
yolo6-16, 79793557, car
yolo3-17, 79793557, car
yolo2-19, 79793557, car
yolo12-18, 79793557, car
yolo6-16, 20644516, aeroplane
yolo12-18, 20644516, boat
yolo2-19, 20644516, aeroplane
yolo3-17, 20644516, aeroplane

========== Time: 23 ==========
yolo2-19, 36389453, car
yolo3-17, 36389453, car
yolo6-16, 36389453, car
yolo12-18, 36389453, car
yolo2-19, 03944577, car
yolo6-16, 03944577, car
yolo12-18, 03944577, car
yolo6-16, 13318555, car
yolo2-19, 13318555, car
yolo12-18, 13318555, car
yolo2-19, 59683592, car
yolo12-18, 59683592, car
yolo6-16, 59683592, car
yolo2-19, 97998567, car
yolo6-16, 97998567, car
yolo12-18, 97998567, car
yolo6-16, 02115612, car
yolo12-18, 02115612, car
yolo2-19, 02115612, car
yolo12-18, 30513553, car
yolo2-19, 30513553, car
yolo6-16, 30513553, car
yolo2-22, 30513553, car
yolo2-19, 61026231, car
yolo12-18, 61026231, car
yolo2-22, 61026231, car
yolo6-16, 61026231, car
yolo2-22, 22282507, car
yolo6-16, 22282507, car
yolo2-19, 22282507, car
yolo12-18, 22282507, car
yolo2-19, 84562793, car
yolo12-18, 84562793, car
yolo2-22, 84562793, car
yolo6-16, 84562793, car
yolo2-19, 25179498, car
yolo12-18, 25179498, car
yolo2-22, 25179498, car
yolo6-16, 25179498, car
yolo2-19, 17215630, car
yolo6-16, 17215630, car
yolo2-22, 17215630, car
yolo12-18, 17215630, car
yolo12-18, 61212560, car
yolo2-22, 61212560, car
yolo2-19, 61212560, car
yolo6-16, 61212560, car
yolo6-16, 63127650, car
yolo2-19, 63127650, car
yolo2-22, 63127650, car
yolo12-18, 63127650, car
yolo2-22, 85297978, car
yolo12-18, 85297978, car
yolo6-16, 85297978, car
yolo2-19, 85297978, car

========== Time: 24 ==========
yolo2-22, 89465439, car
yolo6-16, 89465439, car
yolo12-18, 89465439, car
yolo2-19, 89465439, car
yolo6-16, 74012444, car
yolo2-19, 74012444, car
yolo2-22, 74012444, car
yolo12-18, 74012444, car
yolo2-22, 67905128, car
yolo12-18, 67905128, car
yolo2-19, 67905128, car
yolo6-16, 67905128, car
yolo6-16, 57611833, car
yolo2-19, 57611833, car
yolo12-18, 57611833, car
yolo2-22, 57611833, car
yolo2-22, 61364650, car
yolo6-16, 61364650, car
yolo12-18, 61364650, car
yolo2-19, 61364650, car
yolo2-22, 26761774, car
yolo12-18, 26761774, car
yolo2-19, 26761774, car
yolo6-16, 26761774, car
yolo2-19, 38216639, car
yolo12-18, 38216639, car
yolo6-16, 38216639, car
yolo2-22, 38216639, car
yolo12-18, 24955078, car
yolo2-22, 24955078, car
yolo2-19, 24955078, car
yolo6-16, 24955078, car
yolo2-19, 06502580, car
yolo2-22, 06502580, car
yolo6-16, 06502580, car
yolo6-16, 16287187, car
yolo2-19, 16287187, car
yolo2-22, 16287187, car
yolo2-22, 53778429, car
yolo6-16, 53778429, car
yolo2-19, 53778429, car
yolo6-16, 94036600, car
yolo2-22, 94036600, car
yolo2-19, 94036600, car
yolo2-22, 49218892, car
yolo6-16, 49218892, car
yolo2-19, 49218892, car
yolo6-16, 21089098, car
yolo2-19, 21089098, car
yolo2-22, 21089098, car

========== Time: 25 ==========
yolo6-16, 47044501, car
yolo2-19, 47044501, car
yolo2-22, 47044501, car
yolo11-19, 26761774, car
yolo7-19, 26761774, car
yolo2-22, 70394027, car
yolo6-16, 70394027, car
yolo2-19, 70394027, car
yolo7-19, 38216639, car
yolo11-19, 38216639, car
yolo7-19, 24955078, car
yolo11-19, 24955078, car
yolo7-19, 06502580, car
yolo11-19, 06502580, car
yolo2-19, 59686911, car
yolo2-22, 59686911, car
yolo6-16, 59686911, car
yolo11-19, 16287187, car
yolo7-19, 16287187, car
yolo2-22, 68142785, car
yolo2-19, 68142785, car
yolo6-16, 68142785, car
yolo11-19, 53778429, car
yolo7-19, 53778429, car
yolo7-19, 94036600, car
yolo11-19, 94036600, car
yolo2-19, 15947926, car
yolo2-22, 15947926, car
yolo6-16, 15947926, car
yolo7-19, 49218892, car
yolo11-19, 49218892, car
yolo7-19, 21089098, car
yolo11-19, 21089098, car
yolo2-19, 25219958, car
yolo6-16, 25219958, car
yolo2-22, 25219958, car
yolo7-19, 47044501, car
yolo11-19, 47044501, car
yolo7-19, 70394027, car
yolo11-19, 70394027, car
yolo6-16, 50697117, car
yolo2-22, 50697117, car
yolo2-19, 50697117, car
yolo10-24, 50697117, car
yolo11-19, 59686911, car
yolo7-19, 59686911, car
yolo11-19, 68142785, car
yolo7-19, 68142785, car
yolo2-19, 13866506, car
yolo10-24, 13866506, car
yolo2-22, 13866506, car
yolo2-19, 25252538, car
yolo2-22, 25252538, car
yolo10-24, 25252538, car
yolo2-19, 64961013, car
yolo2-22, 64961013, car
yolo10-24, 64961013, car
yolo2-19, 75684477, car
yolo2-22, 75684477, car
yolo10-24, 75684477, car
yolo2-19, 23309980, car
yolo2-22, 23309980, car
yolo10-24, 23309980, car
yolo2-19, 83983806, car
yolo10-24, 83983806, car
yolo2-22, 83983806, car
yolo2-19, 91517497, car
yolo2-22, 91517497, car
yolo10-24, 91517497, car
yolo10-24, 62064077, car
yolo2-19, 62064077, car
yolo2-22, 62064077, car
yolo7-19, 15947926, car
yolo11-19, 15947926, car
yolo2-19, 96295275, car
yolo2-22, 96295275, car
yolo10-24, 96295275, car
yolo2-22, 48427990, aeroplane
yolo10-24, 48427990, aeroplane
yolo2-19, 48427990, aeroplane
yolo7-19, 25219958, car
yolo11-19, 25219958, car
yolo7-19, 50697117, car
yolo11-19, 50697117, car
yolo2-19, 19672195, car
yolo10-24, 19672195, car
yolo2-22, 19672195, car
yolo7-19, 13866506, car
yolo11-19, 13866506, car
yolo11-19, 25252538, car
yolo7-19, 25252538, car
yolo10-24, 61777569, car
yolo2-22, 61777569, car
yolo2-19, 61777569, car
yolo7-19, 64961013, car
yolo11-19, 64961013, car
yolo7-19, 75684477, car
yolo11-19, 75684477, car
yolo10-24, 70128475, car
yolo2-19, 70128475, car
yolo2-22, 70128475, car
yolo7-19, 23309980, car
yolo11-19, 23309980, car
yolo7-19, 83983806, car
yolo11-19, 83983806, car
yolo7-19, 91517497, car
yolo10-24, 25632913, car
yolo2-22, 25632913, car
yolo2-19, 25632913, car
yolo11-19, 91517497, car
yolo7-19, 62064077, car
yolo11-19, 62064077, car
yolo2-19, 58031513, car
yolo11-19, 96295275, car
yolo7-19, 96295275, car
yolo2-22, 58031513, car
yolo10-24, 58031513, car
yolo7-19, 48427990, boat
yolo11-19, 48427990, aeroplane
yolo2-19, 74943074, car
yolo10-24, 74943074, car
yolo2-22, 74943074, car
yolo11-19, 19672195, car
yolo7-19, 19672195, car
yolo7-19, 61777569, car
yolo11-19, 61777569, car
yolo10-24, 53143526, car
yolo2-22, 53143526, car
yolo2-19, 53143526, car
yolo7-19, 70128475, car
yolo11-19, 70128475, car
yolo7-19, 25632913, car
yolo11-19, 25632913, car
yolo7-19, 58031513, car
yolo11-19, 58031513, car
yolo7-19, 74943074, car
yolo11-19, 74943074, car
yolo7-19, 53143526, car
yolo11-19, 53143526, car
