num: 50 running time:25 bandwidth:5000
**time: 0
========Allocate Done=============
audio11-0 1 688.611 0.9
audio3-0 1 688.611 0.9
audio7-0 1 688.611 0.9
audio8-0 1 688.611 0.9
yolo1-0 1 56.834 0.99
yolo10-0 1 56.834 0.99
yolo11-0 1 56.834 0.99
yolo2-0 1 56.834 0.99
yolo4-0 1 56.834 0.99
yolo7-0 1 56.834 0.99
Sum of bandwidth: 3095.447999999999
Sum of weights: 4.3759999999999994
Average accuracy: 0.9387271480804389
time: 0.005328655242919922
**time: 1
========Allocate Done=============
audio11-0 1 688.611 0.9
audio12-1 1 688.611 0.9
audio3-0 1 688.611 0.9
audio7-0 1 688.611 0.9
audio8-0 1 688.611 0.9
yolo1-0 1 56.834 0.99
yolo10-0 1 56.834 0.99
yolo11-0 1 56.834 0.99
yolo2-0 1 56.834 0.99
yolo3-1 1 56.834 0.99
yolo4-0 1 56.834 0.99
yolo5-1 1 56.834 0.99
yolo6-1 1 56.834 0.99
yolo7-0 1 56.834 0.99
Sum of bandwidth: 3954.5609999999983
Sum of weights: 5.616
Average accuracy: 0.9489262820512822
time: 0.0037233829498291016
**time: 2
========Allocate Done=============
audio11-0 1 688.611 0.9
audio12-1 1 688.611 0.9
audio3-0 1 688.611 0.9
audio7-0 1 688.611 0.9
audio8-0 1 688.611 0.9
yolo1-0 1 56.834 0.99
yolo3-1 1 56.834 0.99
yolo5-1 1 56.834 0.99
yolo6-1 1 56.834 0.99
yolo7-0 1 56.834 0.99
Sum of bandwidth: 3727.224999999999
Sum of weights: 4.209
Average accuracy: 0.9351960085531007
time: 0.0038073062896728516
**time: 3
========Allocate Done=============
audio10-2 1 688.611 0.9
audio12-1 0.6392481093659123 440.5580000000013 0.34
audio3-0 1 688.611 0.9
audio3-2 1 688.611 0.9
audio7-0 1 688.611 0.9
audio8-0 1 688.611 0.9
audio8-3 1 688.611 0.9
yolo1-0 1 56.834 0.99
yolo3-1 1 56.834 0.99
yolo3-2 1 56.834 0.99
yolo3-3 1 56.834 0.99
yolo5-1 1 56.834 0.99
yolo6-1 1 56.834 0.99
yolo7-0 1 56.834 0.99
yolo8-3 1 56.834 0.99
Sum of bandwidth: 5026.896
Sum of weights: 8.264
Average accuracy: 0.9418465634075509
time: 0.1482372283935547
**time: 4
========Allocate Done=============
audio10-2 0.4 276.05100000000004 0.25
audio12-1 0.4 276.05100000000004 0.25
audio3-0 1 688.611 0.9
audio3-2 1 688.611 0.9
audio4-4 0.604479348458408 416.6510000000014 0.32
audio7-0 1 688.611 0.9
audio8-0 1 688.611 0.9
audio8-3 1 688.611 0.9
yolo1-0 1 56.834 0.99
yolo10-4 1 56.834 0.99
yolo12-4 1 56.834 0.99
yolo2-4 1 56.834 0.99
yolo3-1 1 56.834 0.99
yolo3-2 1 56.834 0.99
yolo3-3 1 56.834 0.99
yolo5-1 1 56.834 0.99
yolo6-1 1 56.834 0.99
yolo7-0 1 56.834 0.99
yolo8-3 1 56.834 0.99
Sum of bandwidth: 5036.981999999999
Sum of weights: 9.009
Average accuracy: 0.9223787323787325
time: 0.15644097328186035
**time: 5
========Allocate Done=============
audio10-2 0.4 276.05100000000004 0.25
audio10-5 0.4 276.05100000000004 0.25
audio11-5 0.4 276.05100000000004 0.25
audio12-1 0.4 276.05100000000004 0.25
audio3-0 0.4 276.05100000000004 0.25
audio3-2 0.4 276.05100000000004 0.25
audio3-5 0.4 276.05100000000004 0.25
audio4-4 0.4 276.05100000000004 0.25
audio6-5 0.4 276.05100000000004 0.25
audio7-0 1 688.611 0.9
audio8-0 0.9797775450843486 674.7060399999981 0.9
audio8-3 0.55 379.1910000000001 0.31
yolo1-0 1 56.834 0.99
yolo10-4 1 56.834 0.99
yolo10-5 1 56.834 0.99
yolo12-4 1 56.834 0.99
yolo12-5 1 56.834 0.99
yolo2-4 1 56.834 0.99
yolo3-1 1 56.834 0.99
yolo3-2 1 56.834 0.99
yolo3-3 1 56.834 0.99
yolo5-1 1 56.834 0.99
yolo6-1 0.2 15.574480000000001 0.525
yolo6-5 0.2 15.574480000000001 0.525
yolo7-0 1 56.834 0.99
yolo7-5 1 56.834 0.99
yolo8-3 1 56.834 0.99
yolo9-5 1 56.834 0.99
Sum of bandwidth: 5053.791999999996
Sum of weights: 11.149000000000001
Average accuracy: 0.7759817023948337
time: 0.6558480262756348
**time: 6
========Allocate Done=============
audio10-2 0.4 276.05100000000004 0.25
audio10-5 0.4 276.05100000000004 0.25
audio11-5 0.4 276.05100000000004 0.25
audio12-1 0.4 276.05100000000004 0.25
audio12-6 0.4 276.05100000000004 0.25
audio3-0 0.4 276.05100000000004 0.25
audio3-2 0.4 276.05100000000004 0.25
audio3-5 0.4 276.05100000000004 0.25
audio4-4 0.4 276.05100000000004 0.25
audio6-5 0.4 276.05100000000004 0.25
audio7-0 1 688.611 0.9
audio8-0 0.5783072134962183 398.6550399999997 0.31
audio8-3 0.55 379.1910000000001 0.31
yolo1-0 1 56.834 0.99
yolo10-4 1 56.834 0.99
yolo10-5 1 56.834 0.99
yolo12-4 1 56.834 0.99
yolo12-5 1 56.834 0.99
yolo2-4 1 56.834 0.99
yolo3-1 1 56.834 0.99
yolo3-2 1 56.834 0.99
yolo3-3 1 56.834 0.99
yolo5-1 1 56.834 0.99
yolo6-1 0.2 15.574480000000001 0.525
yolo6-5 0.2 15.574480000000001 0.525
yolo7-0 1 56.834 0.99
yolo7-5 1 56.834 0.99
yolo8-3 1 56.834 0.99
yolo9-5 1 56.834 0.99
Sum of bandwidth: 5053.791999999998
Sum of weights: 11.219
Average accuracy: 0.7253694625189412
time: 0.31444644927978516
**time: 7
========Allocate Done=============
audio10-5 0.4 276.05100000000004 0.25
audio10-7 0.4 276.05100000000004 0.25
audio11-5 0.4 276.05100000000004 0.25
audio12-1 0.4 276.05100000000004 0.25
audio12-6 0.4 276.05100000000004 0.25
audio3-0 0.4 276.05100000000004 0.25
audio3-2 0.4 276.05100000000004 0.25
audio3-5 0.4 276.05100000000004 0.25
audio4-4 0.4 276.05100000000004 0.25
audio6-5 0.4 276.05100000000004 0.25
audio8-0 0.9272477603257714 638.5865600000004 0.84
audio8-3 0.55 379.1910000000001 0.31
audio9-7 0.4 276.05100000000004 0.25
yolo1-0 1 56.834 0.99
yolo1-7 1 56.834 0.99
yolo10-4 1 56.834 0.99
yolo10-5 1 56.834 0.99
yolo10-7 1 56.834 0.99
yolo12-4 1 56.834 0.99
yolo12-5 1 56.834 0.99
yolo2-4 1 56.834 0.99
yolo3-1 1 56.834 0.99
yolo3-2 1 56.834 0.99
yolo3-3 1 56.834 0.99
yolo5-1 1 56.834 0.99
yolo6-1 0.2 15.574480000000001 0.525
yolo6-5 0.2 15.574480000000001 0.525
yolo6-7 0.2 15.574480000000001 0.525
yolo7-0 1 56.834 0.99
yolo7-5 1 56.834 0.99
yolo8-3 1 56.834 0.99
yolo9-5 1 56.834 0.99
yolo9-7 1 56.834 0.99
Sum of bandwidth: 5067.239999999998
Sum of weights: 11.536000000000001
Average accuracy: 0.771196688626907
time: 0.4034004211425781
**time: 8
========Allocate Done=============
audio10-5 0.4 276.05100000000004 0.25
audio10-7 0.4 276.05100000000004 0.25
audio11-5 0.4 276.05100000000004 0.25
audio11-8 0.4 276.05100000000004 0.25
audio12-1 0.4 276.05100000000004 0.25
audio12-6 0.4 276.05100000000004 0.25
audio2-8 0.4 276.05100000000004 0.25
audio3-0 0.4 276.05100000000004 0.25
audio3-2 0.4 276.05100000000004 0.25
audio3-5 0.4 276.05100000000004 0.25
audio4-4 0.4 276.05100000000004 0.25
audio6-5 0.4 276.05100000000004 0.25
audio6-8 0.3268905177428729 225.7809199999994 0.2
audio7-8 0.4 276.05100000000004 0.25
audio8-0 0.4 276.05100000000004 0.25
audio8-3 0.4 276.05100000000004 0.25
audio8-8 0.4 276.05100000000004 0.25
audio9-7 0.4 276.05100000000004 0.25
yolo1-0 0 3.362 0
yolo1-7 0 3.362 0
yolo10-4 0 3.362 0
yolo10-5 0 3.362 0
yolo10-7 0 3.362 0
yolo12-4 0 3.362 0
yolo12-5 0 3.362 0
yolo2-4 0 3.362 0
yolo2-8 0 3.362 0
yolo3-1 0.25 18.509 0.64
yolo3-2 0.25 18.509 0.64
yolo3-3 0.25 18.509 0.64
yolo5-1 0 3.362 0
yolo6-1 0 3.362 0
yolo6-5 0 3.362 0
yolo6-7 0 3.362 0
yolo7-0 0 3.362 0
yolo7-5 0 3.362 0
yolo8-3 0.15000000000000002 12.59252 0.525
yolo8-8 0.15000000000000002 12.59252 0.525
yolo9-5 0.15000000000000002 12.59252 0.525
yolo9-7 0.15000000000000002 12.59252 0.525
Sum of bandwidth: 5074.975000000001
Sum of weights: 14.754000000000001
Average accuracy: 0.33845736749356103
time: 0.5530731678009033
**time: 9
========Allocate Done=============
audio10-5 0.4 276.05100000000004 0.25
audio10-7 0.4 276.05100000000004 0.25
audio11-5 0.4 276.05100000000004 0.25
audio11-8 0.4 276.05100000000004 0.25
audio12-1 0.4 276.05100000000004 0.25
audio12-6 0.4 276.05100000000004 0.25
audio2-8 0.4 276.05100000000004 0.25
audio3-0 0.4 276.05100000000004 0.25
audio3-5 0.4 276.05100000000004 0.25
audio4-4 0.4 276.05100000000004 0.25
audio4-9 0.4 276.05100000000004 0.25
audio6-5 0.4 276.05100000000004 0.25
audio6-8 0.2735997963932506 189.1382199999991 0.2
audio7-8 0.4 276.05100000000004 0.25
audio8-0 0.4 276.05100000000004 0.25
audio8-3 0.4 276.05100000000004 0.25
audio8-8 0.4 276.05100000000004 0.25
audio9-7 0.4 276.05100000000004 0.25
yolo1-0 0 3.362 0
yolo1-7 0 3.362 0
yolo10-4 0 3.362 0
yolo10-5 0 3.362 0
yolo10-7 0 3.362 0
yolo12-4 0 3.362 0
yolo12-5 0 3.362 0
yolo2-4 0 3.362 0
yolo2-8 0 3.362 0
yolo2-9 0 3.362 0
yolo3-1 0.25 18.509 0.64
yolo3-2 0.25 18.509 0.64
yolo3-3 0.25 18.509 0.64
yolo3-9 0.25 18.509 0.64
yolo4-9 0.2 15.574480000000001 0.525
yolo5-1 0 3.362 0
yolo6-1 0 3.362 0
yolo6-5 0 3.362 0
yolo6-7 0 3.362 0
yolo7-0 0 3.362 0
yolo7-5 0 3.362 0
yolo7-9 0 3.362 0
yolo8-3 0.15000000000000002 12.59252 0.525
yolo8-8 0.15000000000000002 12.59252 0.525
yolo9-5 0.15000000000000002 12.59252 0.525
yolo9-7 0.15000000000000002 12.59252 0.525
yolo9-9 0.15000000000000002 12.59252 0.525
audio10-edge-2 0.4 0.0527 0.25
Sum of bandwidth: 5091.785000000002
Sum of weights: 17.459000000000003
Average accuracy: 0.3678002749298356
time: 0.9537744522094727
**time: 10
========Allocate Done=============
audio10-5 0.4 276.05100000000004 0.25
audio10-7 0.4 276.05100000000004 0.25
audio11-5 0.4 276.05100000000004 0.25
audio11-8 0.4 276.05100000000004 0.25
audio12-1 0.4 276.05100000000004 0.25
audio12-6 0.4 276.05100000000004 0.25
audio2-8 0.4 276.05100000000004 0.25
audio3-0 0.4 276.05100000000004 0.25
audio3-5 0.4 276.05100000000004 0.25
audio4-4 0.4 276.05100000000004 0.25
audio4-9 0.4 276.05100000000004 0.25
audio6-8 0.24241451425247315 167.69522000000055 0.2
audio7-8 0.4 276.05100000000004 0.25
audio8-0 0.4 276.05100000000004 0.25
audio8-10 0.4 276.05100000000004 0.25
audio8-3 0.4 276.05100000000004 0.25
audio8-8 0.4 276.05100000000004 0.25
audio9-7 0.4 276.05100000000004 0.25
yolo1-10 0 3.362 0
yolo1-7 0 3.362 0
yolo10-4 0 3.362 0
yolo10-5 0 3.362 0
yolo10-7 0 3.362 0
yolo12-5 0 3.362 0
yolo2-10 0 3.362 0
yolo2-4 0 3.362 0
yolo2-8 0 3.362 0
yolo2-9 0 3.362 0
yolo3-1 0.25 18.509 0.64
yolo3-2 0.25 18.509 0.64
yolo3-3 0.25 18.509 0.64
yolo3-9 0.25 18.509 0.64
yolo4-10 0.2 15.574480000000001 0.525
yolo4-9 0.2 15.574480000000001 0.525
yolo6-1 0 3.362 0
yolo6-5 0 3.362 0
yolo6-7 0 3.362 0
yolo7-0 0 3.362 0
yolo7-5 0 3.362 0
yolo7-9 0 3.362 0
yolo8-3 0.15000000000000002 12.59252 0.525
yolo8-8 0.15000000000000002 12.59252 0.525
yolo9-10 0.15000000000000002 12.59252 0.525
yolo9-5 0.15000000000000002 12.59252 0.525
yolo9-7 0.15000000000000002 12.59252 0.525
yolo9-9 0.15000000000000002 12.59252 0.525
audio10-edge-2 0.4 0.0527 0.25
Sum of bandwidth: 5095.147000000004
Sum of weights: 19.583000000000002
Average accuracy: 0.3815681969054792
time: 0.008736610412597656
**time: 11
========Allocate Done=============
audio10-11 0.4 276.05100000000004 0.25
audio10-7 0.4 276.05100000000004 0.25
audio11-11 0.29514563699825314 203.95313999999885 0.2
audio11-5 0 1.011 0
audio11-8 0 1.011 0
audio12-1 0 1.011 0
audio12-11 0 1.011 0
audio12-6 0 1.011 0
audio2-11 0.4 276.05100000000004 0.25
audio2-8 0.4 276.05100000000004 0.25
audio3-0 0.4 276.05100000000004 0.25
audio3-11 0.4 276.05100000000004 0.25
audio3-5 0.4 276.05100000000004 0.25
audio4-4 0.4 276.05100000000004 0.25
audio4-9 0.4 276.05100000000004 0.25
audio5-11 0.4 276.05100000000004 0.25
audio6-8 0 1.011 0
audio7-11 0.4 276.05100000000004 0.25
audio7-8 0.4 276.05100000000004 0.25
audio8-0 0.4 276.05100000000004 0.25
audio8-10 0.4 276.05100000000004 0.25
audio8-3 0.4 276.05100000000004 0.25
audio8-8 0.4 276.05100000000004 0.25
audio9-7 0.4 276.05100000000004 0.25
yolo1-10 0 3.362 0
yolo1-7 0 3.362 0
yolo10-4 0 3.362 0
yolo10-5 0 3.362 0
yolo10-7 0 3.362 0
yolo11-11 0 3.362 0
yolo12-5 0 3.362 0
yolo2-10 0 3.362 0
yolo2-4 0 3.362 0
yolo2-8 0 3.362 0
yolo2-9 0 3.362 0
yolo3-1 0.2 15.574480000000001 0.525
yolo3-2 0.2 15.574480000000001 0.525
yolo3-3 0.2 15.574480000000001 0.525
yolo3-9 0.2 15.574480000000001 0.525
yolo4-10 0.2 15.574480000000001 0.525
yolo4-9 0.2 15.574480000000001 0.525
yolo6-1 0 3.362 0
yolo6-5 0 3.362 0
yolo6-7 0 3.362 0
yolo7-0 0 3.362 0
yolo7-5 0 3.362 0
yolo7-9 0 3.362 0
yolo8-3 0.1 9.563120000000001 0.525
yolo8-8 0.1 9.563120000000001 0.525
yolo9-10 0.15000000000000002 12.59252 0.525
yolo9-9 0.15000000000000002 12.59252 0.525
audio10-edge-2 0 0.0527 0
audio10-edge-7 0 0.0527 0
audio2-edge-8 0.4 0.0527 0.25
Sum of bandwidth: 5097.956400000002
Sum of weights: 21.33400000000001
Average accuracy: 0.32198603168650963
time: 0.00471043586730957
**time: 12
========Allocate Done=============
audio1-12 0.4 276.05100000000004 0.25
audio10-11 0.4 276.05100000000004 0.25
audio10-7 0.26836611401977717 185.5395399999988 0.2
audio11-11 0 1.011 0
audio11-5 0 1.011 0
audio11-8 0 1.011 0
audio12-1 0 1.011 0
audio12-11 0 1.011 0
audio12-6 0 1.011 0
audio2-11 0.4 276.05100000000004 0.25
audio2-8 0.4 276.05100000000004 0.25
audio3-0 0.4 276.05100000000004 0.25
audio3-11 0.4 276.05100000000004 0.25
audio4-4 0.4 276.05100000000004 0.25
audio4-9 0.4 276.05100000000004 0.25
audio5-11 0.4 276.05100000000004 0.25
audio6-12 0 1.011 0
audio6-8 0 1.011 0
audio7-11 0.4 276.05100000000004 0.25
audio7-8 0.4 276.05100000000004 0.25
audio8-0 0.4 276.05100000000004 0.25
audio8-10 0.4 276.05100000000004 0.25
audio8-3 0.4 276.05100000000004 0.25
audio8-8 0.4 276.05100000000004 0.25
audio9-12 0.4 276.05100000000004 0.25
audio9-7 0.4 276.05100000000004 0.25
yolo1-10 0 3.362 0
yolo1-7 0 3.362 0
yolo10-12 0 3.362 0
yolo10-4 0 3.362 0
yolo10-5 0 3.362 0
yolo10-7 0 3.362 0
yolo11-11 0 3.362 0
yolo12-12 0 3.362 0
yolo12-5 0 3.362 0
yolo2-10 0 3.362 0
yolo2-4 0 3.362 0
yolo2-8 0 3.362 0
yolo2-9 0 3.362 0
yolo3-1 0.2 15.574480000000001 0.525
yolo3-12 0.2 15.574480000000001 0.525
yolo3-2 0.2 15.574480000000001 0.525
yolo3-3 0.2 15.574480000000001 0.525
yolo3-9 0.2 15.574480000000001 0.525
yolo4-10 0.2 15.574480000000001 0.525
yolo4-9 0.2 15.574480000000001 0.525
yolo5-12 0 3.362 0
yolo6-5 0 3.362 0
yolo6-7 0 3.362 0
yolo7-5 0 3.362 0
yolo7-9 0 3.362 0
yolo8-12 0.1 9.563120000000001 0.525
yolo8-3 0.1 9.563120000000001 0.525
yolo8-8 0.1 9.563120000000001 0.525
yolo9-10 0.15000000000000002 12.59252 0.525
yolo9-9 0.15000000000000002 12.59252 0.525
audio10-edge-2 0 0.0527 0
audio10-edge-7 0 0.0527 0
audio2-edge-8 0.4 0.0527 0.25
Sum of bandwidth: 5110.064400000002
Sum of weights: 23.067000000000004
Average accuracy: 0.3309728183118741
time: 0.29212522506713867
**time: 13
========Allocate Done=============
audio1-12 0 1.011 0
audio10-11 0 1.011 0
audio10-7 0 1.011 0
audio11-11 0 1.011 0
audio11-5 0 1.011 0
audio11-8 0 1.011 0
audio12-1 0 1.011 0
audio12-6 0 1.011 0
audio2-11 0.4 276.05100000000004 0.25
audio2-13 0.4 276.05100000000004 0.25
audio2-8 0.4 276.05100000000004 0.25
audio3-0 0.4 276.05100000000004 0.25
audio3-11 0.4 276.05100000000004 0.25
audio4-4 0.4 276.05100000000004 0.25
audio4-9 0.4 276.05100000000004 0.25
audio5-11 0.4 276.05100000000004 0.25
audio6-12 0 1.011 0
audio6-13 0 1.011 0
audio6-8 0 1.011 0
audio7-11 0.4 276.05100000000004 0.25
audio7-13 0.4 276.05100000000004 0.25
audio7-8 0.4 276.05100000000004 0.25
audio8-0 0.4 276.05100000000004 0.25
audio8-10 0.4 276.05100000000004 0.25
audio8-13 0.4 276.05100000000004 0.25
audio8-3 0.4 276.05100000000004 0.25
audio8-8 0.4 276.05100000000004 0.25
audio9-12 0.4 276.05100000000004 0.25
audio9-7 0.4 276.05100000000004 0.25
yolo1-10 0 3.362 0
yolo1-7 0 3.362 0
yolo10-12 0 3.362 0
yolo10-4 0 3.362 0
yolo10-5 0 3.362 0
yolo10-7 0 3.362 0
yolo11-11 0 3.362 0
yolo12-12 0 3.362 0
yolo12-5 0 3.362 0
yolo2-10 0 3.362 0
yolo2-4 0 3.362 0
yolo2-8 0 3.362 0
yolo2-9 0 3.362 0
yolo3-1 0.05 6.486280000000001 0.525
yolo3-12 0.05 6.486280000000001 0.525
yolo3-2 0.05 6.486280000000001 0.525
yolo3-3 0.05 6.486280000000001 0.525
yolo3-9 0.05 6.486280000000001 0.525
yolo4-10 0.05 6.486280000000001 0.525
yolo4-9 0.05 6.486280000000001 0.525
yolo5-12 0 3.362 0
yolo6-5 0 3.362 0
yolo6-7 0 3.362 0
yolo7-5 0 3.362 0
yolo7-9 0 3.362 0
yolo8-12 0.046558885329918545 6.272779999999248 0.525
yolo8-3 0 3.362 0
yolo8-8 0 3.362 0
yolo9-10 0.05 6.486280000000001 0.525
yolo9-9 0.05 6.486280000000001 0.525
audio10-edge-7 0 0.0527 0
audio2-edge-8 0.4 0.0527 0.25
Sum of bandwidth: 5112.033700000003
Sum of weights: 25.380000000000006
Average accuracy: 0.2962746256895193
time: 0.0035173892974853516
**time: 14
========Allocate Done=============
audio1-12 0.4 276.05100000000004 0.25
audio10-11 0.2415099476439775 167.07323999999895 0.2
audio11-11 0 1.011 0
audio11-5 0 1.011 0
audio11-8 0 1.011 0
audio12-1 0 1.011 0
audio12-6 0 1.011 0
audio2-11 0.4 276.05100000000004 0.25
audio2-13 0.4 276.05100000000004 0.25
audio2-8 0.4 276.05100000000004 0.25
audio3-11 0.4 276.05100000000004 0.25
audio4-4 0.4 276.05100000000004 0.25
audio4-9 0.4 276.05100000000004 0.25
audio5-11 0.4 276.05100000000004 0.25
audio6-12 0 1.011 0
audio6-13 0 1.011 0
audio6-8 0 1.011 0
audio7-11 0.4 276.05100000000004 0.25
audio7-13 0.4 276.05100000000004 0.25
audio7-8 0.4 276.05100000000004 0.25
audio8-0 0.4 276.05100000000004 0.25
audio8-10 0.4 276.05100000000004 0.25
audio8-13 0.4 276.05100000000004 0.25
audio8-3 0.4 276.05100000000004 0.25
audio8-8 0.4 276.05100000000004 0.25
audio9-12 0.4 276.05100000000004 0.25
yolo1-10 0 3.362 0
yolo1-7 0 3.362 0
yolo10-12 0 3.362 0
yolo10-4 0 3.362 0
yolo10-5 0 3.362 0
yolo10-7 0 3.362 0
yolo11-11 0 3.362 0
yolo12-12 0 3.362 0
yolo12-5 0 3.362 0
yolo2-10 0 3.362 0
yolo2-14 0 3.362 0
yolo2-4 0 3.362 0
yolo2-8 0 3.362 0
yolo2-9 0 3.362 0
yolo3-1 0.2 15.574480000000001 0.525
yolo3-12 0.2 15.574480000000001 0.525
yolo3-14 0.2 15.574480000000001 0.525
yolo3-2 0.2 15.574480000000001 0.525
yolo3-3 0.2 15.574480000000001 0.525
yolo3-9 0.2 15.574480000000001 0.525
yolo4-10 0.2 15.574480000000001 0.525
yolo4-9 0.2 15.574480000000001 0.525
yolo5-12 0 3.362 0
yolo6-7 0 3.362 0
yolo7-5 0 3.362 0
yolo7-9 0 3.362 0
yolo8-12 0.1 9.563120000000001 0.525
yolo8-14 0.1 9.563120000000001 0.525
yolo8-3 0.1 9.563120000000001 0.525
yolo8-8 0.1 9.563120000000001 0.525
yolo9-10 0.15000000000000002 12.59252 0.525
yolo9-9 0.15000000000000002 12.59252 0.525
audio10-edge-7 0 0.0527 0
audio2-edge-8 0.4 0.0527 0.25
audio9-edge-7 0.4 0.0527 0.25
Sum of bandwidth: 5116.735700000003
Sum of weights: 26.46900000000001
Average accuracy: 0.3377762665759946
time: 0.006011009216308594
**time: 15
========Allocate Done=============
audio1-12 0.4 276.05100000000004 0.25
audio1-15 0.4 276.05100000000004 0.25
audio10-11 0.4 276.05100000000004 0.25
audio11-11 0.268289470622455 185.48684000000006 0.2
audio11-5 0 1.011 0
audio11-8 0 1.011 0
audio12-6 0 1.011 0
audio2-11 0.4 276.05100000000004 0.25
audio2-13 0.4 276.05100000000004 0.25
audio3-11 0.4 276.05100000000004 0.25
audio4-4 0.4 276.05100000000004 0.25
audio5-11 0.4 276.05100000000004 0.25
audio5-15 0.4 276.05100000000004 0.25
audio6-12 0 1.011 0
audio6-13 0 1.011 0
audio7-11 0.4 276.05100000000004 0.25
audio7-13 0.4 276.05100000000004 0.25
audio7-8 0.4 276.05100000000004 0.25
audio8-0 0.4 276.05100000000004 0.25
audio8-10 0.4 276.05100000000004 0.25
audio8-13 0.4 276.05100000000004 0.25
audio8-8 0.4 276.05100000000004 0.25
audio9-12 0.4 276.05100000000004 0.25
yolo1-7 0 3.362 0
yolo10-12 0 3.362 0
yolo10-4 0 3.362 0
yolo10-5 0 3.362 0
yolo11-11 0 3.362 0
yolo12-12 0 3.362 0
yolo12-5 0 3.362 0
yolo2-10 0 3.362 0
yolo2-14 0 3.362 0
yolo2-4 0 3.362 0
yolo2-8 0 3.362 0
yolo2-9 0 3.362 0
yolo3-12 0.2 15.574480000000001 0.525
yolo3-14 0.2 15.574480000000001 0.525
yolo3-15 0.2 15.574480000000001 0.525
yolo3-9 0.2 15.574480000000001 0.525
yolo4-10 0.2 15.574480000000001 0.525
yolo4-15 0.2 15.574480000000001 0.525
yolo4-9 0.2 15.574480000000001 0.525
yolo5-12 0 3.362 0
yolo6-7 0 3.362 0
yolo7-9 0 3.362 0
yolo8-12 0.1 9.563120000000001 0.525
yolo8-14 0.1 9.563120000000001 0.525
yolo8-8 0.1 9.563120000000001 0.525
yolo9-10 0.15000000000000002 12.59252 0.525
yolo9-9 0.15000000000000002 12.59252 0.525
audio10-edge-7 0 0.0527 0
audio2-edge-8 0.4 0.0527 0.25
audio9-edge-7 0.4 0.0527 0.25
Sum of bandwidth: 5096.892700000003
Sum of weights: 22.570000000000004
Average accuracy: 0.34181657066902965
time: 0.02412247657775879
**time: 16
========Allocate Done=============
audio1-12 0.4 276.05100000000004 0.25
audio1-15 0.4 276.05100000000004 0.25
audio11-11 0.4 276.05100000000004 0.25
audio11-8 0.29506899360093114 203.90044000000026 0.2
audio12-6 0 1.011 0
audio2-11 0.4 276.05100000000004 0.25
audio2-13 0.4 276.05100000000004 0.25
audio2-16 0.4 276.05100000000004 0.25
audio3-11 0.4 276.05100000000004 0.25
audio5-11 0.4 276.05100000000004 0.25
audio5-15 0.4 276.05100000000004 0.25
audio6-12 0 1.011 0
audio6-13 0 1.011 0
audio6-16 0 1.011 0
audio7-11 0.4 276.05100000000004 0.25
audio7-13 0.4 276.05100000000004 0.25
audio7-8 0.4 276.05100000000004 0.25
audio8-10 0.4 276.05100000000004 0.25
audio8-13 0.4 276.05100000000004 0.25
audio8-8 0.4 276.05100000000004 0.25
audio9-12 0.4 276.05100000000004 0.25
audio9-16 0.4 276.05100000000004 0.25
yolo1-16 0 3.362 0
yolo1-7 0 3.362 0
yolo10-12 0 3.362 0
yolo10-4 0 3.362 0
yolo10-5 0 3.362 0
yolo11-11 0 3.362 0
yolo11-16 0 3.362 0
yolo12-12 0 3.362 0
yolo2-10 0 3.362 0
yolo2-14 0 3.362 0
yolo2-4 0 3.362 0
yolo2-8 0 3.362 0
yolo3-12 0.2 15.574480000000001 0.525
yolo3-14 0.2 15.574480000000001 0.525
yolo3-15 0.2 15.574480000000001 0.525
yolo4-10 0.2 15.574480000000001 0.525
yolo4-15 0.2 15.574480000000001 0.525
yolo4-9 0.2 15.574480000000001 0.525
yolo5-12 0 3.362 0
yolo6-7 0 3.362 0
yolo7-9 0 3.362 0
yolo8-12 0.1 9.563120000000001 0.525
yolo8-14 0.1 9.563120000000001 0.525
yolo9-10 0.15000000000000002 12.59252 0.525
yolo9-9 0.15000000000000002 12.59252 0.525
audio2-edge-8 0.4 0.0527 0.25
audio9-edge-7 0.4 0.0527 0.25
Sum of bandwidth: 5089.105000000003
Sum of weights: 20.459000000000003
Average accuracy: 0.32920719487755995
time: 0.008034706115722656
**time: 17
========Allocate Done=============
audio1-15 0.4 276.05100000000004 0.25
audio10-17 0.4 276.05100000000004 0.25
audio11-8 0.4 276.05100000000004 0.25
audio12-6 0.30378091913903454 209.89076000000014 0.2
audio2-11 0.4 276.05100000000004 0.25
audio2-13 0.4 276.05100000000004 0.25
audio2-16 0.4 276.05100000000004 0.25
audio3-11 0.4 276.05100000000004 0.25
audio5-11 0.4 276.05100000000004 0.25
audio5-15 0.4 276.05100000000004 0.25
audio6-12 0 1.011 0
audio6-13 0 1.011 0
audio6-16 0 1.011 0
audio7-11 0.4 276.05100000000004 0.25
audio7-13 0.4 276.05100000000004 0.25
audio7-8 0.4 276.05100000000004 0.25
audio8-10 0.4 276.05100000000004 0.25
audio8-13 0.4 276.05100000000004 0.25
audio8-8 0.4 276.05100000000004 0.25
audio9-12 0.4 276.05100000000004 0.25
audio9-16 0.4 276.05100000000004 0.25
yolo1-16 0 3.362 0
yolo1-7 0 3.362 0
yolo10-12 0 3.362 0
yolo10-5 0 3.362 0
yolo11-11 0 3.362 0
yolo11-16 0 3.362 0
yolo12-12 0 3.362 0
yolo12-17 0 3.362 0
yolo2-10 0 3.362 0
yolo2-14 0 3.362 0
yolo2-4 0 3.362 0
yolo2-8 0 3.362 0
yolo3-12 0.2 15.574480000000001 0.525
yolo3-14 0.2 15.574480000000001 0.525
yolo3-15 0.2 15.574480000000001 0.525
yolo4-10 0.2 15.574480000000001 0.525
yolo4-15 0.2 15.574480000000001 0.525
yolo4-9 0.2 15.574480000000001 0.525
yolo5-12 0 3.362 0
yolo5-17 0 3.362 0
yolo6-7 0 3.362 0
yolo7-9 0 3.362 0
yolo8-14 0.1 9.563120000000001 0.525
yolo9-10 0.15000000000000002 12.59252 0.525
yolo9-9 0.15000000000000002 12.59252 0.525
audio2-edge-11 0.4 0.0527 0.25
audio2-edge-13 0.4 0.0527 0.25
audio5-edge-11 0.4 0.0527 0.25
audio5-edge-15 0.4 0.0527 0.25
audio6-edge-12 0 0.0527 0
audio6-edge-13 0 0.0527 0
audio9-edge-12 0.4 0.0527 0.25
audio9-edge-7 0.4 0.0527 0.25
Sum of bandwidth: 5088.199400000005
Sum of weights: 21.131
Average accuracy: 0.315943400690928
time: 0.005517005920410156
**time: 18
========Allocate Done=============
audio1-15 0.4 276.05100000000004 0.25
audio10-17 0.4 276.05100000000004 0.25
audio11-18 0.4 276.05100000000004 0.25
audio12-18 0.32161858638743457 222.15594000000002 0.2
audio12-6 0 1.011 0
audio2-11 0.4 276.05100000000004 0.25
audio2-13 0.4 276.05100000000004 0.25
audio2-16 0.4 276.05100000000004 0.25
audio3-11 0.4 276.05100000000004 0.25
audio5-11 0.4 276.05100000000004 0.25
audio5-15 0.4 276.05100000000004 0.25
audio6-12 0 1.011 0
audio6-13 0 1.011 0
audio6-16 0 1.011 0
audio7-13 0.4 276.05100000000004 0.25
audio7-8 0.4 276.05100000000004 0.25
audio8-10 0.4 276.05100000000004 0.25
audio8-13 0.4 276.05100000000004 0.25
audio8-18 0.4 276.05100000000004 0.25
audio8-8 0.4 276.05100000000004 0.25
audio9-12 0.4 276.05100000000004 0.25
audio9-16 0.4 276.05100000000004 0.25
yolo1-7 0 3.362 0
yolo10-12 0 3.362 0
yolo10-18 0 3.362 0
yolo11-11 0 3.362 0
yolo11-16 0 3.362 0
yolo12-17 0 3.362 0
yolo2-10 0 3.362 0
yolo2-14 0 3.362 0
yolo2-18 0 3.362 0
yolo2-8 0 3.362 0
yolo3-12 0.2 15.574480000000001 0.525
yolo3-14 0.2 15.574480000000001 0.525
yolo3-15 0.2 15.574480000000001 0.525
yolo4-15 0.2 15.574480000000001 0.525
yolo4-9 0.2 15.574480000000001 0.525
yolo5-12 0 3.362 0
yolo5-17 0 3.362 0
yolo6-7 0 3.362 0
yolo7-18 0 3.362 0
yolo7-9 0 3.362 0
yolo8-14 0.1 9.563120000000001 0.525
yolo9-10 0.15000000000000002 12.59252 0.525
yolo9-18 0.15000000000000002 12.59252 0.525
audio2-edge-11 0.4 0.0527 0.25
audio2-edge-13 0.4 0.0527 0.25
audio5-edge-11 0.4 0.0527 0.25
audio5-edge-15 0.4 0.0527 0.25
audio6-edge-12 0 0.0527 0
audio6-edge-13 0 0.0527 0
audio9-edge-12 0.4 0.0527 0.25
Sum of bandwidth: 5082.486400000004
Sum of weights: 19.854
Average accuracy: 0.30922987811020447
time: 0.11388039588928223
**time: 19
========Allocate Done=============
audio1-15 0.4 276.05100000000004 0.25
audio10-17 0.4 276.05100000000004 0.25
audio11-18 0.4 276.05100000000004 0.25
audio12-18 0.4 276.05100000000004 0.25
audio12-19 0.4 276.05100000000004 0.25
audio12-6 0.4 276.05100000000004 0.25
audio2-13 0.4 276.05100000000004 0.25
audio2-16 0.4 276.05100000000004 0.25
audio3-11 0.4 276.05100000000004 0.25
audio6-16 0.4 276.05100000000004 0.25
audio7-13 0.4 276.05100000000004 0.25
audio8-10 0.4 276.05100000000004 0.25
audio8-13 0.4 276.05100000000004 0.25
audio8-18 0.4 276.05100000000004 0.25
audio8-8 0.4 276.05100000000004 0.25
audio9-12 0.4 276.05100000000004 0.25
audio9-16 0.4 276.05100000000004 0.25
yolo10-12 0.05 6.486280000000001 0.525
yolo10-18 0.05 6.486280000000001 0.525
yolo10-19 0.05 6.486280000000001 0.525
yolo11-11 0.05 6.486280000000001 0.525
yolo11-16 0.05 6.486280000000001 0.525
yolo12-17 0.05 6.486280000000001 0.525
yolo2-10 0 3.362 0
yolo2-14 0 3.362 0
yolo2-18 0 3.362 0
yolo2-8 0 3.362 0
yolo3-12 0.8000000000000002 47.657680000000006 0.99
yolo3-15 0.8000000000000002 47.657680000000006 0.99
yolo4-15 0.7000000000000001 42.78488 0.955
yolo4-9 0.7000000000000001 42.78488 0.955
yolo5-12 0.05 6.486280000000001 0.525
yolo5-17 0.05 6.486280000000001 0.525
yolo6-19 0 3.362 0
yolo7-18 0.1 9.563120000000001 0.525
yolo7-19 0.1 9.563120000000001 0.525
yolo8-14 0.39999999999999997 27.027919999999995 0.685
yolo8-19 0.39999999999999997 27.027919999999995 0.685
yolo9-10 0.48284656924910746 31.54997999999852 0.82
yolo9-18 0.44999999999999996 29.77268 0.82
audio2-edge-11 0.4 0.0527 0.25
audio2-edge-13 0.4 0.0527 0.25
audio5-edge-11 0.4 0.0527 0.25
audio5-edge-15 0.4 0.0527 0.25
audio6-edge-12 0.4 0.0527 0.25
audio6-edge-13 0.4 0.0527 0.25
audio9-edge-12 0.4 0.0527 0.25
yolo1-edge-16 0.05 4.5817425 0.525
Sum of bandwidth: 5081.907742500001
Sum of weights: 17.718
Average accuracy: 0.5145563833389775
time: 0.014776945114135742
**time: 20
========Allocate Done=============
audio1-15 0.4 276.05100000000004 0.25
audio10-17 0.4 276.05100000000004 0.25
audio11-18 0.4 276.05100000000004 0.25
audio11-20 0.4 276.05100000000004 0.25
audio12-18 0.4 276.05100000000004 0.25
audio12-19 0.4 276.05100000000004 0.25
audio2-16 0.4 276.05100000000004 0.25
audio3-11 0.4 276.05100000000004 0.25
audio3-20 0.4 276.05100000000004 0.25
audio6-16 0.4 276.05100000000004 0.25
audio7-13 0.4 276.05100000000004 0.25
audio8-10 0.4 276.05100000000004 0.25
audio8-13 0.4 276.05100000000004 0.25
audio8-18 0.4 276.05100000000004 0.25
audio8-8 0.4 276.05100000000004 0.25
audio9-16 0.4 276.05100000000004 0.25
yolo10-12 0.25 18.509 0.64
yolo10-18 0.25 18.509 0.64
yolo10-19 0.25 18.509 0.64
yolo11-11 0.25 18.509 0.64
yolo11-16 0.25 18.509 0.64
yolo12-17 0.25 18.509 0.64
yolo12-20 0.25 18.509 0.64
yolo2-14 0.05 6.486280000000001 0.525
yolo2-18 0.011857911504096487 4.107239999998927 0.525
yolo3-15 1 56.834 0.99
yolo4-15 1 56.834 0.99
yolo4-9 1 56.834 0.99
yolo5-17 0.15000000000000002 12.59252 0.525
yolo6-19 0 3.362 0
yolo7-18 0.3 21.396079999999998 0.64
yolo7-19 0.3 21.396079999999998 0.64
yolo8-14 1 56.834 0.99
yolo8-19 1 56.834 0.99
yolo9-10 1 56.834 0.99
yolo9-18 1 56.834 0.99
yolo9-20 1 56.834 0.99
audio2-edge-13 0.4 0.0527 0.25
audio5-edge-15 0.4 0.0527 0.25
audio6-edge-12 0.4 0.0527 0.25
audio9-edge-12 0.4 0.0527 0.25
yolo1-edge-16 0.25 11.6235625 0.64
Sum of bandwidth: 5082.2255625
Sum of weights: 16.461000000000002
Average accuracy: 0.5861493833910454
time: 0.07075262069702148
**time: 21
========Allocate Done=============
audio1-15 0.4 276.05100000000004 0.25
audio11-18 0.4 276.05100000000004 0.25
audio11-20 0.4 276.05100000000004 0.25
audio12-18 0.4 276.05100000000004 0.25
audio12-19 0.4 276.05100000000004 0.25
audio2-16 0.4 276.05100000000004 0.25
audio3-11 0.4 276.05100000000004 0.25
audio3-20 0.4 276.05100000000004 0.25
audio4-21 0.4 276.05100000000004 0.25
audio6-16 0.4 276.05100000000004 0.25
audio6-21 0.4 276.05100000000004 0.25
audio7-13 0.4 276.05100000000004 0.25
audio7-21 0.4 276.05100000000004 0.25
audio8-18 0.4 276.05100000000004 0.25
audio9-16 0.4 276.05100000000004 0.25
audio9-21 0.4 276.05100000000004 0.25
yolo10-12 0.35 24.23572 0.685
yolo10-18 0.35 24.23572 0.685
yolo10-19 0.35 24.23572 0.685
yolo11-11 0.35 24.23572 0.685
yolo11-16 0.35 24.23572 0.685
yolo12-17 0.33917285028334515 23.624839999999224 0.685
yolo12-20 0.3 21.396079999999998 0.64
yolo2-14 0.05 6.486280000000001 0.525
yolo2-18 0.05 6.486280000000001 0.525
yolo3-15 1 56.834 0.99
yolo4-9 1 56.834 0.99
yolo5-17 0.2 15.574480000000001 0.525
yolo6-19 0 3.362 0
yolo7-18 0.39999999999999997 27.027919999999995 0.685
yolo7-19 0.39999999999999997 27.027919999999995 0.685
yolo8-14 1 56.834 0.99
yolo8-19 1 56.834 0.99
yolo9-10 1 56.834 0.99
yolo9-18 1 56.834 0.99
yolo9-20 1 56.834 0.99
audio1-edge-15 0.4 0.0527 0.25
audio10-edge-17 0.4 0.0527 0.25
audio2-edge-13 0.4 0.0527 0.25
audio2-edge-16 0.4 0.0527 0.25
audio5-edge-15 0.4 0.0527 0.25
audio6-edge-16 0.4 0.0527 0.25
audio9-edge-12 0.4 0.0527 0.25
audio9-edge-16 0.4 0.0527 0.25
yolo1-edge-16 0.3 13.302729999999999 0.64
Sum of bandwidth: 5080.542729999999
Sum of weights: 15.036
Average accuracy: 0.5792202048417133
time: 0.0167849063873291
**time: 22
========Allocate Done=============
audio1-22 0.4 276.05100000000004 0.25
audio10-22 0.4 276.05100000000004 0.25
audio11-18 0.4 276.05100000000004 0.25
audio11-20 0.4 276.05100000000004 0.25
audio12-18 0.4 276.05100000000004 0.25
audio12-19 0.4 276.05100000000004 0.25
audio2-22 0.4 276.05100000000004 0.25
audio3-20 0.4 276.05100000000004 0.25
audio4-21 0.4 276.05100000000004 0.25
audio6-16 0.4 276.05100000000004 0.25
audio6-21 0.4 276.05100000000004 0.25
audio7-13 0.4 276.05100000000004 0.25
audio7-21 0.4 276.05100000000004 0.25
audio8-22 0.4 276.05100000000004 0.25
audio9-16 0.4 276.05100000000004 0.25
audio9-21 0.4 276.05100000000004 0.25
yolo10-12 0.44999999999999996 29.77268 0.82
yolo10-18 0.44999999999999996 29.77268 0.82
yolo10-19 0.44999999999999996 29.77268 0.82
yolo11-16 0.44999999999999996 29.77268 0.82
yolo12-17 0.44999999999999996 29.77268 0.82
yolo12-20 0.44999999999999996 29.77268 0.82
yolo2-14 0.05 6.486280000000001 0.525
yolo2-18 0.05 6.486280000000001 0.525
yolo2-22 0.05 6.486280000000001 0.525
yolo3-15 1 56.834 0.99
yolo4-22 1 56.834 0.99
yolo5-17 0.25 18.509 0.64
yolo5-22 0.25 18.509 0.64
yolo6-19 0 3.362 0
yolo7-18 0.5564125978605649 35.45629999999941 0.88
yolo7-19 0.5499999999999999 35.119879999999995 0.88
yolo8-14 1 56.834 0.99
yolo8-19 1 56.834 0.99
yolo9-18 1 56.834 0.99
yolo9-20 1 56.834 0.99
audio1-edge-15 0.4 0.0527 0.25
audio10-edge-17 0.4 0.0527 0.25
audio2-edge-16 0.4 0.0527 0.25
audio5-edge-15 0.4 0.0527 0.25
audio6-edge-16 0.4 0.0527 0.25
audio9-edge-12 0.4 0.0527 0.25
audio9-edge-16 0.4 0.0527 0.25
yolo1-edge-16 0.44999999999999996 18.1451425 0.82
yolo5-edge-17 0.25 11.6235625 0.64
yolo9-edge-18 1 33.397 0.99
Sum of bandwidth: 5130.405705
Sum of weights: 14.248
Average accuracy: 0.6248073413812465
time: 0.09043192863464355
**time: 23
========Allocate Done=============
audio1-22 0.4 276.05100000000004 0.25
audio10-22 0.4 276.05100000000004 0.25
audio11-18 0.4 276.05100000000004 0.25
audio11-20 0.4 276.05100000000004 0.25
audio12-18 0.4 276.05100000000004 0.25
audio12-19 0.4 276.05100000000004 0.25
audio2-22 0.4 276.05100000000004 0.25
audio3-20 0.4 276.05100000000004 0.25
audio4-21 0.4 276.05100000000004 0.25
audio6-21 0.4 276.05100000000004 0.25
audio7-21 0.9071608784176852 624.7748200000003 0.84
audio8-22 0.45 310.43100000000004 0.27
audio9-21 0.4 276.05100000000004 0.25
yolo1-23 1 56.834 0.99
yolo10-12 1 56.834 0.99
yolo10-18 1 56.834 0.99
yolo10-19 1 56.834 0.99
yolo11-16 1 56.834 0.99
yolo11-23 1 56.834 0.99
yolo12-20 1 56.834 0.99
yolo2-14 1 56.834 0.99
yolo2-18 1 56.834 0.99
yolo2-22 1 56.834 0.99
yolo3-15 1 56.834 0.99
yolo3-23 1 56.834 0.99
yolo4-22 1 56.834 0.99
yolo5-22 1 56.834 0.99
yolo6-19 0.2 15.574480000000001 0.525
yolo7-18 1 56.834 0.99
yolo7-19 1 56.834 0.99
yolo8-14 1 56.834 0.99
yolo8-19 1 56.834 0.99
yolo9-20 1 56.834 0.99
audio2-edge-16 0.4 0.0527 0.25
yolo1-edge-16 1 33.397 0.99
yolo5-edge-17 1 33.397 0.99
yolo9-edge-18 1 33.397 0.99
Sum of bandwidth: 5167.430999999997
Sum of weights: 12.650999999999998
Average accuracy: 0.7871713698521856
time: 0.042150020599365234
**time: 24
========Allocate Done=============
audio1-22 0.4 276.05100000000004 0.25
audio10-22 0.4 276.05100000000004 0.25
audio11-18 0.4 276.05100000000004 0.25
audio11-20 0.4 276.05100000000004 0.25
audio12-18 0.4 276.05100000000004 0.25
audio2-22 0.4 276.05100000000004 0.25
audio3-20 0.4 276.05100000000004 0.25
audio5-24 0.4 276.05100000000004 0.25
audio6-21 0.4 276.05100000000004 0.25
audio7-21 1 688.611 0.9
audio8-22 0.7586312100058158 522.6458199999989 0.42
audio9-21 0.4 276.05100000000004 0.25
yolo1-23 1 56.834 0.99
yolo10-12 1 56.834 0.99
yolo10-18 1 56.834 0.99
yolo10-19 1 56.834 0.99
yolo11-16 1 56.834 0.99
yolo11-23 1 56.834 0.99
yolo12-20 1 56.834 0.99
yolo12-24 1 56.834 0.99
yolo2-14 1 56.834 0.99
yolo2-18 1 56.834 0.99
yolo2-22 1 56.834 0.99
yolo3-23 1 56.834 0.99
yolo4-22 1 56.834 0.99
yolo5-22 1 56.834 0.99
yolo6-19 0.2 15.574480000000001 0.525
yolo7-18 1 56.834 0.99
yolo7-19 1 56.834 0.99
yolo8-14 1 56.834 0.99
yolo8-19 1 56.834 0.99
yolo9-20 1 56.834 0.99
audio2-edge-16 0.4 0.0527 0.25
yolo1-edge-16 1 33.397 0.99
yolo5-edge-17 1 33.397 0.99
yolo9-edge-18 1 33.397 0.99
Sum of bandwidth: 5167.430999999996
Sum of weights: 11.786999999999999
Average accuracy: 0.7942466276406212
time: 0.02098226547241211
**time: 25
========Allocate Done=============
audio1-22 0.4 276.05100000000004 0.25
audio10-22 0.4 276.05100000000004 0.25
audio11-18 0.4 276.05100000000004 0.25
audio11-20 0.4 276.05100000000004 0.25
audio12-18 0.4 276.05100000000004 0.25
audio2-22 0.5 344.81100000000004 0.3
audio3-20 0.9147662885398473 630.004299999999 0.84
audio5-24 0.4 276.05100000000004 0.25
audio7-21 1 688.611 0.9
audio8-22 1 688.611 0.9
yolo1-23 1 56.834 0.99
yolo10-18 1 56.834 0.99
yolo10-19 1 56.834 0.99
yolo11-16 1 56.834 0.99
yolo11-23 1 56.834 0.99
yolo12-20 1 56.834 0.99
yolo12-24 1 56.834 0.99
yolo2-14 1 56.834 0.99
yolo2-18 1 56.834 0.99
yolo2-22 1 56.834 0.99
yolo3-23 1 56.834 0.99
yolo4-22 1 56.834 0.99
yolo5-22 1 56.834 0.99
yolo6-19 0.49999999999999994 32.47 0.82
yolo7-18 1 56.834 0.99
yolo7-19 1 56.834 0.99
yolo8-14 1 56.834 0.99
yolo8-19 1 56.834 0.99
yolo9-20 1 56.834 0.99
audio2-edge-16 0.5 0.0527 0.3
yolo1-edge-16 1 33.397 0.99
yolo9-edge-18 1 33.397 0.99
Sum of bandwidth: 5130.671999999997
Sum of weights: 11.187999999999999
Average accuracy: 0.8692331069002502
time: 0.013663291931152344
