num: 50 running time:25 bandwidth:5000
**time: 0
========Allocate Done=============
audio10-0 1 688.611 0.9
audio11-0 1 688.611 0.9
audio3-0 1 688.611 0.9
audio9-0 1 688.611 0.9
yolo10-0 1 56.834 0.99
yolo12-0 1 56.834 0.99
yolo4-0 1 56.834 0.99
yolo6-0 1 56.834 0.99
yolo8-0 1 56.834 0.99
Sum of bandwidth: 3038.613999999999
Sum of weights: 4.287
Average accuracy: 0.9664660601819454
time: 0.06318807601928711
**time: 1
========Allocate Done=============
audio10-0 1 688.611 0.9
audio11-0 1 688.611 0.9
audio3-0 1 688.611 0.9
audio9-0 1 688.611 0.9
yolo10-0 1 56.834 0.99
yolo12-0 1 56.834 0.99
yolo4-0 1 56.834 0.99
yolo6-0 1 56.834 0.99
yolo8-0 1 56.834 0.99
Sum of bandwidth: 3038.613999999999
Sum of weights: 4.287
Average accuracy: 0.9664660601819454
time: 0.0023145675659179688
**time: 2
========Allocate Done=============
audio10-0 0.5 344.81100000000004 0.3
audio11-0 0.45447934845840876 313.5110000000019 0.27
audio11-2 0.45 310.43100000000004 0.27
audio3-0 1 688.611 0.9
audio3-2 1 688.611 0.9
audio4-2 1 688.611 0.9
audio6-2 1 688.611 0.9
audio9-0 1 688.611 0.9
yolo11-1 1 56.834 0.99
yolo11-2 1 56.834 0.99
yolo12-0 1 56.834 0.99
yolo2-1 1 56.834 0.99
yolo2-2 1 56.834 0.99
yolo5-1 1 56.834 0.99
yolo6-0 1 56.834 0.99
yolo6-2 1 56.834 0.99
yolo8-0 1 56.834 0.99
yolo8-2 1 56.834 0.99
yolo9-2 1 56.834 0.99
Sum of bandwidth: 5036.982
Sum of weights: 8.836000000000002
Average accuracy: 0.9484495246717971
time: 0.01047372817993164
**time: 3
========Allocate Done=============
audio1-3 0.4 276.05100000000004 0.25
audio10-0 0.4 276.05100000000004 0.25
audio11-0 0.4 276.05100000000004 0.25
audio11-2 0.4 276.05100000000004 0.25
audio3-0 0.4 276.05100000000004 0.25
audio3-2 0.4 276.05100000000004 0.25
audio4-2 1 688.611 0.9
audio6-2 0.9237725421756832 636.1969999999998 0.84
audio8-3 1 688.611 0.9
audio9-0 1 688.611 0.9
yolo11-1 1 56.834 0.99
yolo11-2 1 56.834 0.99
yolo12-0 1 56.834 0.99
yolo2-1 1 56.834 0.99
yolo2-2 1 56.834 0.99
yolo5-1 1 56.834 0.99
yolo6-0 1 56.834 0.99
yolo6-2 1 56.834 0.99
yolo7-3 1 56.834 0.99
yolo8-0 1 56.834 0.99
yolo8-2 1 56.834 0.99
yolo9-2 1 56.834 0.99
Sum of bandwidth: 5040.343999999997
Sum of weights: 10.620000000000001
Average accuracy: 0.8939868173258004
time: 0.0961918830871582
**time: 4
========Allocate Done=============
audio1-3 0.4 276.05100000000004 0.25
audio10-0 0.4 276.05100000000004 0.25
audio11-0 0.4 276.05100000000004 0.25
audio11-2 0.4 276.05100000000004 0.25
audio2-4 0.4 276.05100000000004 0.25
audio3-0 0.4 276.05100000000004 0.25
audio3-2 0.4 276.05100000000004 0.25
audio4-2 1 688.611 0.9
audio5-4 0.4 276.05100000000004 0.25
audio6-2 0.4 276.05100000000004 0.25
audio7-4 0.4 276.05100000000004 0.25
audio8-3 0.6734235020360677 464.0570000000002 0.34
audio9-0 0.4 276.05100000000004 0.25
audio9-4 0.4 276.05100000000004 0.25
yolo11-1 1 56.834 0.99
yolo11-2 1 56.834 0.99
yolo12-0 1 56.834 0.99
yolo12-4 1 56.834 0.99
yolo2-1 1 56.834 0.99
yolo2-2 1 56.834 0.99
yolo6-2 1 56.834 0.99
yolo7-3 1 56.834 0.99
yolo8-2 1 56.834 0.99
yolo9-2 1 56.834 0.99
Sum of bandwidth: 5033.619999999999
Sum of weights: 11.319999999999997
Average accuracy: 0.6740892226148412
time: 0.011657476425170898
**time: 5
========Allocate Done=============
audio1-3 0.4 276.05100000000004 0.25
audio11-0 0.4 276.05100000000004 0.25
audio11-5 0.4 276.05100000000004 0.25
audio2-4 0.4 276.05100000000004 0.25
audio3-0 0.4 276.05100000000004 0.25
audio3-2 0.4 276.05100000000004 0.25
audio3-5 0.4 276.05100000000004 0.25
audio4-2 1 688.611 0.9
audio5-4 0.4 276.05100000000004 0.25
audio6-2 0.4 276.05100000000004 0.25
audio7-4 0.4 276.05100000000004 0.25
audio8-3 0.9193615474112861 633.1640000000003 0.84
audio9-4 0.4 276.05100000000004 0.25
yolo11-1 1 56.834 0.99
yolo11-2 1 56.834 0.99
yolo11-5 1 56.834 0.99
yolo12-0 1 56.834 0.99
yolo12-4 1 56.834 0.99
yolo2-1 1 56.834 0.99
yolo2-2 1 56.834 0.99
yolo6-2 1 56.834 0.99
yolo6-5 1 56.834 0.99
yolo7-3 1 56.834 0.99
yolo8-2 1 56.834 0.99
yolo9-2 1 56.834 0.99
Sum of bandwidth: 5040.343999999998
Sum of weights: 12.128999999999998
Average accuracy: 0.7508500288564599
time: 0.14879655838012695
**time: 6
========Allocate Done=============
audio1-3 0.4 276.05100000000004 0.25
audio11-0 0.4 276.05100000000004 0.25
audio11-5 0.4 276.05100000000004 0.25
audio2-4 0.4 276.05100000000004 0.25
audio3-2 0.4 276.05100000000004 0.25
audio3-5 0.4 276.05100000000004 0.25
audio4-2 1 688.611 0.9
audio5-4 0.5 344.81100000000004 0.3
audio6-2 0.45 310.43100000000004 0.27
audio7-4 0.4 276.05100000000004 0.25
audio9-4 1 688.611 0.9
audio9-6 0.5708318789994179 393.51499999999976 0.31
yolo11-1 1 56.834 0.99
yolo11-2 1 56.834 0.99
yolo11-5 1 56.834 0.99
yolo12-4 1 56.834 0.99
yolo2-1 1 56.834 0.99
yolo2-2 1 56.834 0.99
yolo2-6 1 56.834 0.99
yolo6-2 1 56.834 0.99
yolo6-5 1 56.834 0.99
yolo7-3 1 56.834 0.99
yolo8-2 1 56.834 0.99
yolo9-2 1 56.834 0.99
Sum of bandwidth: 5040.343999999997
Sum of weights: 11.395999999999997
Average accuracy: 0.7739873639873642
time: 0.13672614097595215
**time: 7
========Allocate Done=============
audio11-0 0.4 276.05100000000004 0.25
audio11-5 0.4 276.05100000000004 0.25
audio12-7 0.4 276.05100000000004 0.25
audio2-4 0.4 276.05100000000004 0.25
audio3-2 0.4 276.05100000000004 0.25
audio3-5 0.4 276.05100000000004 0.25
audio5-4 0.5 344.81100000000004 0.3
audio5-7 0.5 344.81100000000004 0.3
audio6-2 0.45 310.43100000000004 0.27
audio7-4 0.4 276.05100000000004 0.25
audio8-7 1 688.611 0.9
audio9-4 0.5971276905177427 411.59599999999995 0.32
audio9-6 0.55 379.1910000000001 0.31
yolo11-1 1 56.834 0.99
yolo11-2 1 56.834 0.99
yolo11-5 1 56.834 0.99
yolo12-4 1 56.834 0.99
yolo2-1 1 56.834 0.99
yolo2-2 1 56.834 0.99
yolo2-6 1 56.834 0.99
yolo6-2 1 56.834 0.99
yolo6-5 1 56.834 0.99
yolo8-2 1 56.834 0.99
yolo9-2 1 56.834 0.99
Sum of bandwidth: 5036.981999999998
Sum of weights: 11.149999999999995
Average accuracy: 0.6994547085201798
time: 0.04314446449279785
**time: 8
========Allocate Done=============
audio10-8 0.4 276.05100000000004 0.25
audio11-0 0.4 276.05100000000004 0.25
audio11-5 0.4 276.05100000000004 0.25
audio12-7 0.4 276.05100000000004 0.25
audio2-8 0.4 276.05100000000004 0.25
audio3-5 0.4 276.05100000000004 0.25
audio5-4 0.5 344.81100000000004 0.3
audio5-7 0.46382926119837187 319.9400000000005 0.27
audio6-2 0.4 276.05100000000004 0.25
audio7-4 0.4 276.05100000000004 0.25
audio8-7 1 688.611 0.9
audio9-4 0.5 344.81100000000004 0.3
audio9-6 0.5 344.81100000000004 0.3
yolo1-8 1 56.834 0.99
yolo10-8 1 56.834 0.99
yolo11-2 1 56.834 0.99
yolo11-5 1 56.834 0.99
yolo12-4 1 56.834 0.99
yolo12-8 1 56.834 0.99
yolo2-1 1 56.834 0.99
yolo2-6 1 56.834 0.99
yolo4-8 1 56.834 0.99
yolo6-5 1 56.834 0.99
yolo8-2 1 56.834 0.99
yolo8-8 1 56.834 0.99
yolo9-2 1 56.834 0.99
yolo9-8 1 56.834 0.99
Sum of bandwidth: 5047.067999999998
Sum of weights: 12.698999999999995
Average accuracy: 0.7503512087565953
time: 0.010600566864013672
**time: 9
========Allocate Done=============
audio10-8 0.4 276.05100000000004 0.25
audio11-0 0.4 276.05100000000004 0.25
audio11-5 0.4 276.05100000000004 0.25
audio12-7 0.4 276.05100000000004 0.25
audio2-8 0.4 276.05100000000004 0.25
audio3-5 0.4 276.05100000000004 0.25
audio5-4 0.45 310.43100000000004 0.27
audio5-7 0.45 310.43100000000004 0.27
audio6-2 0.4 276.05100000000004 0.25
audio7-4 0.4 276.05100000000004 0.25
audio8-7 1 688.611 0.9
audio9-4 0.4582969749854565 316.1359999999999 0.27
audio9-6 0.45 310.43100000000004 0.27
yolo1-8 1 56.834 0.99
yolo10-8 1 56.834 0.99
yolo11-2 1 56.834 0.99
yolo11-5 1 56.834 0.99
yolo12-4 1 56.834 0.99
yolo12-8 1 56.834 0.99
yolo2-1 1 56.834 0.99
yolo2-6 1 56.834 0.99
yolo4-8 1 56.834 0.99
yolo5-9 1 56.834 0.99
yolo6-5 1 56.834 0.99
yolo7-9 1 56.834 0.99
yolo8-2 1 56.834 0.99
yolo8-8 1 56.834 0.99
yolo9-2 1 56.834 0.99
yolo9-8 1 56.834 0.99
Sum of bandwidth: 5053.791999999998
Sum of weights: 14.161999999999995
Average accuracy: 0.7711615591018223
time: 0.14377117156982422
**time: 10
========Allocate Done=============
audio1-10 0.4 276.05100000000004 0.25
audio10-8 0.4 276.05100000000004 0.25
audio11-0 0.4 276.05100000000004 0.25
audio11-5 0.4 276.05100000000004 0.25
audio12-7 0.4 276.05100000000004 0.25
audio2-8 0.4 276.05100000000004 0.25
audio3-5 0.4 276.05100000000004 0.25
audio4-10 0.4 276.05100000000004 0.25
audio5-4 0.4 276.05100000000004 0.25
audio5-7 0.4 276.05100000000004 0.25
audio6-10 0.4 276.05100000000004 0.25
audio6-2 0.4 276.05100000000004 0.25
audio7-10 0.4 276.05100000000004 0.25
audio7-4 0.4 276.05100000000004 0.25
audio8-7 0.4 276.05100000000004 0.25
audio9-4 0.4 276.05100000000004 0.25
audio9-6 0.4 276.05100000000004 0.25
yolo1-8 0.44999999999999996 29.77268 0.82
yolo10-8 0.44999999999999996 29.77268 0.82
yolo12-8 0.417175107118011 27.97610000000018 0.82
yolo2-1 0.35 24.23572 0.685
yolo3-10 0.3 21.396079999999998 0.64
yolo4-8 0.8000000000000002 47.657680000000006 0.99
yolo5-9 0.44999999999999996 29.77268 0.82
yolo6-5 0.35 24.23572 0.685
yolo7-9 0.7000000000000001 42.78488 0.955
yolo8-2 0.39999999999999997 27.027919999999995 0.685
yolo8-8 0.39999999999999997 27.027919999999995 0.685
yolo9-2 0.1 9.563120000000001 0.525
yolo9-8 0.1 9.563120000000001 0.525
audio3-edge-0 0.4 0.0527 0.25
Sum of bandwidth: 5043.706
Sum of weights: 14.687999999999997
Average accuracy: 0.5151913126361657
time: 0.0051517486572265625
**time: 11
========Allocate Done=============
audio1-10 0.4 276.05100000000004 0.25
audio10-8 0.4 276.05100000000004 0.25
audio11-5 0.4 276.05100000000004 0.25
audio12-7 0.4 276.05100000000004 0.25
audio4-10 0.4 276.05100000000004 0.25
audio5-11 0.4 276.05100000000004 0.25
audio5-7 0.4 276.05100000000004 0.25
audio6-10 0.4 276.05100000000004 0.25
audio6-2 0.4 276.05100000000004 0.25
audio7-10 0.4 276.05100000000004 0.25
audio7-4 0.4 276.05100000000004 0.25
audio8-7 0.4 276.05100000000004 0.25
audio9-11 0.4 276.05100000000004 0.25
audio9-4 0.4 276.05100000000004 0.25
audio9-6 0.4 276.05100000000004 0.25
yolo1-11 1 56.834 0.99
yolo1-8 1 56.834 0.99
yolo10-8 1 56.834 0.99
yolo11-11 1 56.834 0.99
yolo12-8 1 56.834 0.99
yolo3-10 1 56.834 0.99
yolo3-11 1 56.834 0.99
yolo4-11 1 56.834 0.99
yolo4-8 1 56.834 0.99
yolo5-11 1 56.834 0.99
yolo5-9 1 56.834 0.99
yolo6-5 1 56.834 0.99
yolo7-9 1 56.834 0.99
yolo8-2 1 56.834 0.99
yolo8-8 1 56.834 0.99
yolo9-2 0.49999999999999994 32.47 0.82
yolo9-8 0.47924868519459846 31.356300000001916 0.82
audio3-edge-0 0.4 0.0527 0.25
Sum of bandwidth: 5057.1539999999995
Sum of weights: 17.490999999999996
Average accuracy: 0.6677634211880398
time: 0.23773550987243652
**time: 12
========Allocate Done=============
audio1-10 0.4 276.05100000000004 0.25
audio10-12 0.4 276.05100000000004 0.25
audio10-8 0.4 276.05100000000004 0.25
audio11-12 0.4 276.05100000000004 0.25
audio11-5 0.4 276.05100000000004 0.25
audio12-7 0.2150753926701589 148.89684000000128 0.2
audio4-10 0.4 276.05100000000004 0.25
audio5-11 0.4 276.05100000000004 0.25
audio5-7 0.4 276.05100000000004 0.25
audio6-10 0.4 276.05100000000004 0.25
audio6-12 0.4 276.05100000000004 0.25
audio6-2 0.4 276.05100000000004 0.25
audio7-10 0.4 276.05100000000004 0.25
audio7-4 0.4 276.05100000000004 0.25
audio8-7 0.4 276.05100000000004 0.25
audio9-11 0.4 276.05100000000004 0.25
audio9-4 0.4 276.05100000000004 0.25
audio9-6 0.4 276.05100000000004 0.25
yolo1-11 0.15000000000000002 12.59252 0.525
yolo1-8 0.15000000000000002 12.59252 0.525
yolo10-8 0.15000000000000002 12.59252 0.525
yolo11-11 0.15000000000000002 12.59252 0.525
yolo12-8 0.15000000000000002 12.59252 0.525
yolo3-10 0.1 9.563120000000001 0.525
yolo3-11 0.1 9.563120000000001 0.525
yolo4-11 0.3 21.396079999999998 0.64
yolo4-8 0.3 21.396079999999998 0.64
yolo5-11 0.15000000000000002 12.59252 0.525
yolo5-9 0.15000000000000002 12.59252 0.525
yolo6-5 0.1 9.563120000000001 0.525
yolo7-9 0.25 18.509 0.64
yolo8-2 0.15000000000000002 12.59252 0.525
yolo8-8 0.15000000000000002 12.59252 0.525
yolo9-2 0.05 6.486280000000001 0.525
yolo9-8 0.05 6.486280000000001 0.525
audio3-edge-0 0.4 0.0527 0.25
audio7-edge-10 0.4 0.0527 0.25
Sum of bandwidth: 5058.165000000004
Sum of weights: 18.595
Average accuracy: 0.41392067760150586
time: 0.86728835105896
**time: 13
========Allocate Done=============
audio1-10 0.4 276.05100000000004 0.25
audio10-12 0.4 276.05100000000004 0.25
audio10-8 0.4 276.05100000000004 0.25
audio11-12 0.4 276.05100000000004 0.25
audio11-5 0.20647085514834376 142.98036000000118 0.2
audio12-7 0 1.011 0
audio2-13 0.4 276.05100000000004 0.25
audio4-10 0.4 276.05100000000004 0.25
audio4-13 0.4 276.05100000000004 0.25
audio5-13 0.4 276.05100000000004 0.25
audio5-7 0.4 276.05100000000004 0.25
audio6-10 0.4 276.05100000000004 0.25
audio6-12 0.4 276.05100000000004 0.25
audio6-2 0.4 276.05100000000004 0.25
audio7-10 0.4 276.05100000000004 0.25
audio8-7 0.4 276.05100000000004 0.25
audio9-11 0.4 276.05100000000004 0.25
audio9-4 0.4 276.05100000000004 0.25
audio9-6 0.4 276.05100000000004 0.25
yolo1-11 0.15000000000000002 12.59252 0.525
yolo10-8 0.15000000000000002 12.59252 0.525
yolo11-11 0.15000000000000002 12.59252 0.525
yolo12-8 0.15000000000000002 12.59252 0.525
yolo3-10 0.1 9.563120000000001 0.525
yolo3-11 0.1 9.563120000000001 0.525
yolo4-11 0.3 21.396079999999998 0.64
yolo4-8 0.3 21.396079999999998 0.64
yolo5-11 0.15000000000000002 12.59252 0.525
yolo5-9 0.15000000000000002 12.59252 0.525
yolo6-5 0.1 9.563120000000001 0.525
yolo7-13 0.25 18.509 0.64
yolo7-9 0.25 18.509 0.64
yolo8-2 0.15000000000000002 12.59252 0.525
yolo8-8 0.15000000000000002 12.59252 0.525
yolo9-2 0.05 6.486280000000001 0.525
yolo9-8 0.05 6.486280000000001 0.525
audio3-edge-0 0.4 0.0527 0.25
audio7-edge-10 0.4 0.0527 0.25
Sum of bandwidth: 5059.176000000004
Sum of weights: 19.350999999999992
Average accuracy: 0.41507570668182553
time: 0.004956245422363281
**time: 14
========Allocate Done=============
audio1-10 0.4 276.05100000000004 0.25
audio10-12 0.4 276.05100000000004 0.25
audio10-14 0.4 276.05100000000004 0.25
audio10-8 0.4 276.05100000000004 0.25
audio11-5 0.4 276.05100000000004 0.25
audio12-7 0.4 276.05100000000004 0.25
audio2-13 0.4 276.05100000000004 0.25
audio3-14 0.4 276.05100000000004 0.25
audio4-10 0.4 276.05100000000004 0.25
audio4-13 0.4 276.05100000000004 0.25
audio5-13 0.4 276.05100000000004 0.25
audio5-7 0.4 276.05100000000004 0.25
audio6-10 0.4 276.05100000000004 0.25
audio6-12 0.4 276.05100000000004 0.25
audio6-2 0.4 276.05100000000004 0.25
audio8-7 0.4 276.05100000000004 0.25
audio9-14 0.4 276.05100000000004 0.25
yolo1-11 0.3362364230738461 23.458780000001575 0.685
yolo1-14 0.3 21.396079999999998 0.64
yolo10-14 0.3 21.396079999999998 0.64
yolo10-8 0.3 21.396079999999998 0.64
yolo11-11 0.3 21.396079999999998 0.64
yolo12-8 0.3 21.396079999999998 0.64
yolo3-11 0.25 18.509 0.64
yolo4-11 0.65 40.27732 0.93
yolo5-11 0.35 24.23572 0.685
yolo5-9 0.35 24.23572 0.685
yolo6-5 0.25 18.509 0.64
yolo7-13 0.5499999999999999 35.119879999999995 0.88
yolo7-9 0.5499999999999999 35.119879999999995 0.88
yolo8-8 0.3 21.396079999999998 0.64
yolo9-8 0.1 9.563120000000001 0.525
audio11-edge-5 0.4 0.0527 0.25
audio3-edge-0 0.4 0.0527 0.25
audio7-edge-10 0.4 0.0527 0.25
Sum of bandwidth: 5050.430000000005
Sum of weights: 17.031999999999996
Average accuracy: 0.5030786167214655
time: 0.0057179927825927734
**time: 15
========Allocate Done=============
audio1-10 0.4 276.05100000000004 0.25
audio1-15 0.4 276.05100000000004 0.25
audio10-14 0.4 276.05100000000004 0.25
audio10-8 0.4 276.05100000000004 0.25
audio12-7 0.4 276.05100000000004 0.25
audio2-13 0.4 276.05100000000004 0.25
audio3-14 0.4 276.05100000000004 0.25
audio4-10 0.4 276.05100000000004 0.25
audio4-13 0.4 276.05100000000004 0.25
audio5-13 0.4 276.05100000000004 0.25
audio5-7 0.4 276.05100000000004 0.25
audio6-10 0.4 276.05100000000004 0.25
audio6-12 0.4 276.05100000000004 0.25
audio6-15 0.4 276.05100000000004 0.25
audio8-7 0.4 276.05100000000004 0.25
audio9-14 0.4 276.05100000000004 0.25
yolo1-11 0.6559672943019 40.57908000000128 0.93
yolo1-14 0.65 40.27732 0.93
yolo10-14 0.65 40.27732 0.93
yolo10-8 0.65 40.27732 0.93
yolo11-11 0.65 40.27732 0.93
yolo12-8 0.65 40.27732 0.93
yolo3-11 0.49999999999999994 32.47 0.82
yolo4-11 1 56.834 0.99
yolo5-11 0.7500000000000001 45.245000000000005 0.955
yolo5-9 0.7500000000000001 45.245000000000005 0.955
yolo6-15 0.5499999999999999 35.119879999999995 0.88
yolo6-5 0.5499999999999999 35.119879999999995 0.88
yolo7-13 1 56.834 0.99
yolo8-15 0.6 37.722319999999996 0.88
yolo8-8 0.6 37.722319999999996 0.88
yolo9-8 0.15000000000000002 12.59252 0.525
audio11-edge-5 0.4 0.0527 0.25
audio7-edge-10 0.4 0.0527 0.25
Sum of bandwidth: 5053.792000000002
Sum of weights: 16.838
Average accuracy: 0.6244815298729065
time: 0.03991580009460449
**time: 16
========Allocate Done=============
audio1-10 0.4 276.05100000000004 0.25
audio1-15 0.4 276.05100000000004 0.25
audio10-14 0.4 276.05100000000004 0.25
audio10-8 0.4 276.05100000000004 0.25
audio11-16 0.4 276.05100000000004 0.25
audio2-13 0.4 276.05100000000004 0.25
audio3-14 0.4 276.05100000000004 0.25
audio4-10 0.4052030250145437 279.6286000000003 0.25
audio4-13 0.4 276.05100000000004 0.25
audio4-16 0.4 276.05100000000004 0.25
audio6-12 0.4 276.05100000000004 0.25
audio6-15 0.4 276.05100000000004 0.25
audio8-7 0.4 276.05100000000004 0.25
audio9-14 0.4 276.05100000000004 0.25
audio9-16 0.4 276.05100000000004 0.25
yolo1-11 1 56.834 0.99
yolo1-14 1 56.834 0.99
yolo1-16 1 56.834 0.99
yolo10-14 1 56.834 0.99
yolo10-8 1 56.834 0.99
yolo11-11 1 56.834 0.99
yolo12-8 1 56.834 0.99
yolo3-11 1 56.834 0.99
yolo4-11 1 56.834 0.99
yolo4-16 1 56.834 0.99
yolo6-15 1 56.834 0.99
yolo6-16 1 56.834 0.99
yolo6-5 1 56.834 0.99
yolo8-15 1 56.834 0.99
yolo8-8 1 56.834 0.99
yolo9-8 1 56.834 0.99
audio11-edge-5 0.4 0.0527 0.25
audio7-edge-10 0.4 0.0527 0.25
Sum of bandwidth: 5053.791999999998
Sum of weights: 16.595
Average accuracy: 0.6683151551672191
time: 0.07575845718383789
**time: 17
========Allocate Done=============
audio1-10 0.4 276.05100000000004 0.25
audio1-15 0.4 276.05100000000004 0.25
audio10-14 0.4 276.05100000000004 0.25
audio10-8 0.4 276.05100000000004 0.25
audio11-16 0.4 276.05100000000004 0.25
audio12-17 0.4 276.05100000000004 0.25
audio2-13 0.4 276.05100000000004 0.25
audio3-14 0.4 276.05100000000004 0.25
audio4-10 0.4 276.05100000000004 0.25
audio4-13 0.4 276.05100000000004 0.25
audio4-16 0.4 276.05100000000004 0.25
audio6-12 0.4 276.05100000000004 0.25
audio6-15 0.4 276.05100000000004 0.25
audio8-17 0.4 276.05100000000004 0.25
audio8-7 0.4 276.05100000000004 0.25
audio9-14 0.4 276.05100000000004 0.25
audio9-16 0.4 276.05100000000004 0.25
yolo1-14 0.35 24.23572 0.685
yolo1-16 0.35 24.23572 0.685
yolo10-14 0.35 24.23572 0.685
yolo10-8 0.35 24.23572 0.685
yolo11-11 0.35 24.23572 0.685
yolo12-8 0.35 24.23572 0.685
yolo3-11 0.25 18.509 0.64
yolo3-17 0.25 18.509 0.64
yolo4-11 0.7000000000000001 42.78488 0.955
yolo4-16 0.7000000000000001 42.78488 0.955
yolo6-15 0.3 21.396079999999998 0.64
yolo6-16 0.3 21.396079999999998 0.64
yolo8-15 0.3098279018998521 21.957980000001427 0.685
yolo8-8 0.3 21.396079999999998 0.64
audio7-edge-10 0.4 0.0527 0.25
Sum of bandwidth: 5047.068000000001
Sum of weights: 16.608999999999995
Average accuracy: 0.49483442711782794
time: 0.3837757110595703
**time: 18
========Allocate Done=============
audio1-15 0.4 276.05100000000004 0.25
audio10-8 0.4 276.05100000000004 0.25
audio11-16 0.4 276.05100000000004 0.25
audio12-17 0.4 276.05100000000004 0.25
audio3-14 0.4 276.05100000000004 0.25
audio3-18 0.4 276.05100000000004 0.25
audio4-10 0.45 310.43100000000004 0.27
audio4-13 0.43289252472367906 298.66790000000174 0.25
audio4-16 0.4 276.05100000000004 0.25
audio6-12 0.4 276.05100000000004 0.25
audio6-15 0.4 276.05100000000004 0.25
audio8-17 0.4 276.05100000000004 0.25
audio8-7 0.4 276.05100000000004 0.25
audio9-14 0.4 276.05100000000004 0.25
audio9-16 0.4 276.05100000000004 0.25
yolo1-14 1 56.834 0.99
yolo1-16 1 56.834 0.99
yolo10-14 1 56.834 0.99
yolo10-8 1 56.834 0.99
yolo11-11 1 56.834 0.99
yolo12-18 1 56.834 0.99
yolo12-8 1 56.834 0.99
yolo3-11 1 56.834 0.99
yolo3-17 1 56.834 0.99
yolo4-11 1 56.834 0.99
yolo4-16 1 56.834 0.99
yolo6-15 1 56.834 0.99
yolo6-16 1 56.834 0.99
yolo8-15 1 56.834 0.99
yolo8-8 1 56.834 0.99
audio1-edge-10 0.4 0.0527 0.25
audio1-edge-15 0.4 0.0527 0.25
audio7-edge-10 0.4 0.0527 0.25
Sum of bandwidth: 5050.429999999999
Sum of weights: 17.494999999999997
Average accuracy: 0.6355741640468706
time: 0.011958122253417969
**time: 19
========Allocate Done=============
audio1-15 0.4 276.05100000000004 0.25
audio10-8 0.4 276.05100000000004 0.25
audio11-16 0.4 276.05100000000004 0.25
audio12-17 0.4 276.05100000000004 0.25
audio3-14 0.4 276.05100000000004 0.25
audio3-18 0.4 276.05100000000004 0.25
audio4-13 0.4 276.05100000000004 0.25
audio4-16 0.4 276.05100000000004 0.25
audio6-12 0.4 276.05100000000004 0.25
audio6-15 0.4 276.05100000000004 0.25
audio6-19 0.4 276.05100000000004 0.25
audio8-17 0.4 276.05100000000004 0.25
audio8-7 0.4 276.05100000000004 0.25
audio9-14 0.4 276.05100000000004 0.25
audio9-16 0.4 276.05100000000004 0.25
yolo1-14 1 56.834 0.99
yolo1-16 1 56.834 0.99
yolo10-14 1 56.834 0.99
yolo11-11 1 56.834 0.99
yolo11-19 1 56.834 0.99
yolo12-18 1 56.834 0.99
yolo2-19 0.9500000000000003 54.611080000000015 0.99
yolo3-11 0.8654052003407193 50.742100000001784 0.99
yolo3-17 0.8500000000000002 50.02292000000001 0.99
yolo4-11 1 56.834 0.99
yolo4-16 1 56.834 0.99
yolo5-19 1 56.834 0.99
yolo6-16 0.9500000000000003 54.611080000000015 0.99
yolo7-19 1 56.834 0.99
yolo8-15 1 56.834 0.99
yolo8-8 1 56.834 0.99
yolo9-19 0.35 24.23572 0.685
audio1-edge-15 0.4 0.0527 0.25
audio3-edge-14 0.4 0.0527 0.25
audio7-edge-10 0.4 0.0527 0.25
Sum of bandwidth: 5057.1539999999995
Sum of weights: 18.546
Average accuracy: 0.6532637765555915
time: 0.2086775302886963
**time: 20
========Allocate Done=============
audio10-20 0.4 276.05100000000004 0.25
audio11-16 0.4 276.05100000000004 0.25
audio12-17 0.4 276.05100000000004 0.25
audio2-20 0.4 276.05100000000004 0.25
audio3-18 0.4 276.05100000000004 0.25
audio4-16 0.5288305700988977 364.63490000000206 0.3
audio6-15 0.4 276.05100000000004 0.25
audio6-19 0.4 276.05100000000004 0.25
audio6-20 0.4 276.05100000000004 0.25
audio7-20 0.4 276.05100000000004 0.25
audio8-17 0.5 344.81100000000004 0.3
audio8-20 0.5 344.81100000000004 0.3
audio9-14 0.4 276.05100000000004 0.25
audio9-16 0.4 276.05100000000004 0.25
yolo1-16 1 56.834 0.99
yolo1-20 1 56.834 0.99
yolo10-14 1 56.834 0.99
yolo11-11 1 56.834 0.99
yolo11-19 1 56.834 0.99
yolo12-18 1 56.834 0.99
yolo2-19 1 56.834 0.99
yolo3-11 1 56.834 0.99
yolo3-17 1 56.834 0.99
yolo4-11 1 56.834 0.99
yolo4-16 1 56.834 0.99
yolo4-20 1 56.834 0.99
yolo5-19 1 56.834 0.99
yolo6-16 1 56.834 0.99
yolo7-19 1 56.834 0.99
yolo8-15 1 56.834 0.99
yolo9-19 1 56.834 0.99
audio1-edge-15 0.4 0.0527 0.25
audio3-edge-14 0.4 0.0527 0.25
audio7-edge-10 0.4 0.0527 0.25
Sum of bandwidth: 5057.154
Sum of weights: 18.119999999999997
Average accuracy: 0.6887119205298013
time: 0.10872006416320801
**time: 21
========Allocate Done=============
audio10-20 0.4 276.05100000000004 0.25
audio10-21 0.4 276.05100000000004 0.25
audio11-16 0.4 276.05100000000004 0.25
audio12-17 0.4 276.05100000000004 0.25
audio2-20 0.4 276.05100000000004 0.25
audio2-21 0.4 276.05100000000004 0.25
audio3-21 0.4 276.05100000000004 0.25
audio4-16 0.4 276.05100000000004 0.25
audio5-21 0.4 276.05100000000004 0.25
audio6-15 0.4 276.05100000000004 0.25
audio6-19 0.4 276.05100000000004 0.25
audio6-20 0.4 276.05100000000004 0.25
audio8-17 0.4 276.05100000000004 0.25
audio8-20 0.4 276.05100000000004 0.25
audio9-16 0.4 276.05100000000004 0.25
audio9-21 0.4 276.05100000000004 0.25
yolo1-16 0.7000000000000001 42.78488 0.955
yolo1-20 0.7000000000000001 42.78488 0.955
yolo11-19 0.7000000000000001 42.78488 0.955
yolo12-18 0.7000000000000001 42.78488 0.955
yolo2-19 0.5499999999999999 35.119879999999995 0.88
yolo3-17 0.49999999999999994 32.47 0.82
yolo4-11 1 56.834 0.99
yolo4-16 1 56.834 0.99
yolo4-20 1 56.834 0.99
yolo5-19 0.7500000000000001 45.245000000000005 0.955
yolo6-16 0.5499999999999999 35.119879999999995 0.88
yolo6-21 0.5499999999999999 35.119879999999995 0.88
yolo7-19 1 56.834 0.99
yolo8-15 0.6 37.722319999999996 0.88
yolo9-19 0.17657637220486794 14.183420000001334 0.525
audio11-edge-16 0.4 0.0527 0.25
audio3-edge-14 0.4 0.0527 0.25
audio7-edge-20 0.4 0.0527 0.25
Sum of bandwidth: 5050.430000000002
Sum of weights: 17.217
Average accuracy: 0.6225785560782947
time: 0.13652563095092773
**time: 22
========Allocate Done=============
audio1-22 0.4 276.05100000000004 0.25
audio10-20 0.4 276.05100000000004 0.25
audio10-21 0.17605215241419242 122.0644599999987 0.2
audio12-17 0 1.011 0
audio2-20 0.4 276.05100000000004 0.25
audio2-21 0.4 276.05100000000004 0.25
audio3-21 0.4 276.05100000000004 0.25
audio4-16 0.4 276.05100000000004 0.25
audio4-22 0.4 276.05100000000004 0.25
audio5-21 0.4 276.05100000000004 0.25
audio6-15 0.4 276.05100000000004 0.25
audio6-19 0.4 276.05100000000004 0.25
audio6-20 0.4 276.05100000000004 0.25
audio7-22 0.4 276.05100000000004 0.25
audio8-17 0.4 276.05100000000004 0.25
audio8-20 0.4 276.05100000000004 0.25
audio8-22 0.4 276.05100000000004 0.25
audio9-16 0.4 276.05100000000004 0.25
audio9-21 0.4 276.05100000000004 0.25
yolo1-16 0.15000000000000002 12.59252 0.525
yolo1-20 0.15000000000000002 12.59252 0.525
yolo11-19 0.15000000000000002 12.59252 0.525
yolo12-18 0.15000000000000002 12.59252 0.525
yolo2-19 0.1 9.563120000000001 0.525
yolo2-22 0.1 9.563120000000001 0.525
yolo3-17 0.1 9.563120000000001 0.525
yolo4-11 0.3 21.396079999999998 0.64
yolo4-16 0.3 21.396079999999998 0.64
yolo4-20 0.3 21.396079999999998 0.64
yolo4-22 0.3 21.396079999999998 0.64
yolo5-19 0.15000000000000002 12.59252 0.525
yolo6-16 0.1 9.563120000000001 0.525
yolo6-21 0.1 9.563120000000001 0.525
yolo7-19 0.25 18.509 0.64
yolo8-15 0.15000000000000002 12.59252 0.525
yolo8-22 0.15000000000000002 12.59252 0.525
yolo9-19 0.05 6.486280000000001 0.525
audio11-edge-16 0 0.0527 0
audio7-edge-20 0.4 0.0527 0.25
Sum of bandwidth: 5062.590700000002
Sum of weights: 21.103999999999992
Average accuracy: 0.4209005401819563
time: 0.43250060081481934
**time: 23
========Allocate Done=============
audio1-22 0.4 276.05100000000004 0.25
audio10-20 0.4 276.05100000000004 0.25
audio10-21 0.17605215241419242 122.0644599999987 0.2
audio12-17 0 1.011 0
audio2-20 0.4 276.05100000000004 0.25
audio2-21 0.4 276.05100000000004 0.25
audio3-21 0.4 276.05100000000004 0.25
audio4-16 0.4 276.05100000000004 0.25
audio4-22 0.4 276.05100000000004 0.25
audio5-21 0.4 276.05100000000004 0.25
audio6-15 0.4 276.05100000000004 0.25
audio6-19 0.4 276.05100000000004 0.25
audio6-20 0.4 276.05100000000004 0.25
audio7-22 0.4 276.05100000000004 0.25
audio8-17 0.4 276.05100000000004 0.25
audio8-20 0.4 276.05100000000004 0.25
audio8-22 0.4 276.05100000000004 0.25
audio9-16 0.4 276.05100000000004 0.25
audio9-21 0.4 276.05100000000004 0.25
yolo1-16 0.15000000000000002 12.59252 0.525
yolo1-20 0.15000000000000002 12.59252 0.525
yolo11-19 0.15000000000000002 12.59252 0.525
yolo12-18 0.15000000000000002 12.59252 0.525
yolo2-19 0.1 9.563120000000001 0.525
yolo2-22 0.1 9.563120000000001 0.525
yolo3-17 0.1 9.563120000000001 0.525
yolo4-11 0.3 21.396079999999998 0.64
yolo4-16 0.3 21.396079999999998 0.64
yolo4-20 0.3 21.396079999999998 0.64
yolo4-22 0.3 21.396079999999998 0.64
yolo5-19 0.15000000000000002 12.59252 0.525
yolo6-16 0.1 9.563120000000001 0.525
yolo6-21 0.1 9.563120000000001 0.525
yolo7-19 0.25 18.509 0.64
yolo8-15 0.15000000000000002 12.59252 0.525
yolo8-22 0.15000000000000002 12.59252 0.525
yolo9-19 0.05 6.486280000000001 0.525
audio11-edge-16 0 0.0527 0
audio7-edge-20 0.4 0.0527 0.25
Sum of bandwidth: 5062.590700000002
Sum of weights: 21.103999999999992
Average accuracy: 0.4209005401819563
time: 0.01169729232788086
**time: 24
========Allocate Done=============
audio1-22 0.4 276.05100000000004 0.25
audio10-20 0.1527814717859224 106.06354000000024 0.2
audio10-21 0 1.011 0
audio11-23 0 1.011 0
audio12-23 0 1.011 0
audio2-20 0.4 276.05100000000004 0.25
audio2-21 0.4 276.05100000000004 0.25
audio4-16 0.4 276.05100000000004 0.25
audio4-22 0.4 276.05100000000004 0.25
audio5-21 0.4 276.05100000000004 0.25
audio6-15 0.4 276.05100000000004 0.25
audio6-19 0.4 276.05100000000004 0.25
audio6-20 0.4 276.05100000000004 0.25
audio6-23 0.4 276.05100000000004 0.25
audio7-22 0.4 276.05100000000004 0.25
audio8-17 0.4 276.05100000000004 0.25
audio8-20 0.4 276.05100000000004 0.25
audio8-22 0.4 276.05100000000004 0.25
audio9-16 0.4 276.05100000000004 0.25
audio9-21 0.4 276.05100000000004 0.25
audio9-24 0.4 276.05100000000004 0.25
yolo1-16 0.15000000000000002 12.59252 0.525
yolo1-20 0.15000000000000002 12.59252 0.525
yolo1-23 0.15000000000000002 12.59252 0.525
yolo1-24 0.15000000000000002 12.59252 0.525
yolo10-23 0.15000000000000002 12.59252 0.525
yolo10-24 0.15000000000000002 12.59252 0.525
yolo11-19 0.15000000000000002 12.59252 0.525
yolo12-18 0.15000000000000002 12.59252 0.525
yolo2-19 0.1 9.563120000000001 0.525
yolo2-22 0.1 9.563120000000001 0.525
yolo3-17 0.1 9.563120000000001 0.525
yolo4-20 0.3 21.396079999999998 0.64
yolo4-22 0.3 21.396079999999998 0.64
yolo6-16 0.1 9.563120000000001 0.525
yolo6-21 0.1 9.563120000000001 0.525
yolo7-19 0.25 18.509 0.64
yolo7-23 0.25 18.509 0.64
yolo8-15 0.15000000000000002 12.59252 0.525
yolo8-22 0.15000000000000002 12.59252 0.525
yolo8-24 0.15000000000000002 12.59252 0.525
yolo9-19 0.05 6.486280000000001 0.525
audio11-edge-16 0 0.0527 0
audio7-edge-20 0.4 0.0527 0.25
Sum of bandwidth: 5074.698700000003
Sum of weights: 23.259999999999984
Average accuracy: 0.4149335769561482
time: 1.1917445659637451
**time: 25
========Allocate Done=============
audio1-22 0.4 276.05100000000004 0.25
audio10-21 0.16620573007562556 115.29406000000013 0.2
audio11-23 0 1.011 0
audio12-23 0 1.011 0
audio2-20 0.4 276.05100000000004 0.25
audio2-21 0.4 276.05100000000004 0.25
audio4-16 0.4 276.05100000000004 0.25
audio4-22 0.4 276.05100000000004 0.25
audio5-21 0.4 276.05100000000004 0.25
audio6-15 0.4 276.05100000000004 0.25
audio6-19 0.4 276.05100000000004 0.25
audio6-20 0.4 276.05100000000004 0.25
audio6-23 0.4 276.05100000000004 0.25
audio7-22 0.4 276.05100000000004 0.25
audio8-17 0.4 276.05100000000004 0.25
audio8-20 0.4 276.05100000000004 0.25
audio8-22 0.4 276.05100000000004 0.25
audio9-16 0.4 276.05100000000004 0.25
audio9-21 0.4 276.05100000000004 0.25
audio9-24 0.4 276.05100000000004 0.25
yolo1-16 0.15000000000000002 12.59252 0.525
yolo1-20 0.15000000000000002 12.59252 0.525
yolo1-23 0.15000000000000002 12.59252 0.525
yolo1-24 0.15000000000000002 12.59252 0.525
yolo10-23 0.15000000000000002 12.59252 0.525
yolo10-24 0.15000000000000002 12.59252 0.525
yolo11-19 0.15000000000000002 12.59252 0.525
yolo12-18 0.15000000000000002 12.59252 0.525
yolo2-19 0.1 9.563120000000001 0.525
yolo2-22 0.1 9.563120000000001 0.525
yolo3-17 0.1 9.563120000000001 0.525
yolo4-20 0.3 21.396079999999998 0.64
yolo4-22 0.3 21.396079999999998 0.64
yolo6-16 0.1 9.563120000000001 0.525
yolo6-21 0.1 9.563120000000001 0.525
yolo7-19 0.25 18.509 0.64
yolo7-23 0.25 18.509 0.64
yolo8-22 0.15000000000000002 12.59252 0.525
yolo8-24 0.15000000000000002 12.59252 0.525
yolo9-19 0.05 6.486280000000001 0.525
audio11-edge-16 0 0.0527 0
audio7-edge-20 0.4 0.0527 0.25
Sum of bandwidth: 5070.325700000002
Sum of weights: 22.651999999999987
Average accuracy: 0.4132076637824477
time: 0.006441593170166016
