num: 50 running time:25 bandwidth:5000
**time: 0
========Allocate Done=============
audio1-0 1 688.611 0.9
audio4-0 1 688.611 0.9
yolo1-0 1 56.834 0.99
yolo10-0 1 56.834 0.99
Sum of bandwidth: 1490.89
Sum of weights: 0.231
Average accuracy: 0.903116883116883
time: 0.0470125675201416
**time: 1
========Allocate Done=============
audio1-0 1 688.611 0.9
audio12-1 1 688.611 0.9
audio4-0 1 688.611 0.9
audio7-1 1 688.611 0.9
audio8-1 1 688.611 0.9
yolo1-0 1 56.834 0.99
yolo10-0 1 56.834 0.99
yolo4-1 1 56.834 0.99
yolo5-1 1 56.834 0.99
yolo6-1 1 56.834 0.99
yolo7-1 1 56.834 0.99
yolo8-1 1 56.834 0.99
Sum of bandwidth: 3840.8929999999987
Sum of weights: 3.3120000000000003
Average accuracy: 0.9523641304347825
time: 0.08636903762817383
**time: 2
========Allocate Done=============
audio1-0 1 688.611 0.9
audio10-2 1 688.611 0.9
audio12-1 1 688.611 0.9
audio4-0 1 688.611 0.9
audio7-1 1 688.611 0.9
audio8-1 1 688.611 0.9
yolo1-0 1 56.834 0.99
yolo1-2 1 56.834 0.99
yolo10-0 1 56.834 0.99
yolo4-1 1 56.834 0.99
yolo5-1 1 56.834 0.99
yolo6-1 1 56.834 0.99
yolo7-1 1 56.834 0.99
yolo8-1 1 56.834 0.99
Sum of bandwidth: 4586.337999999999
Sum of weights: 3.5120000000000005
Average accuracy: 0.9494846241457857
time: 0.003343820571899414
**time: 3
========Allocate Done=============
audio10-2 1 688.611 0.9
audio12-1 1 688.611 0.9
audio4-0 1 688.611 0.9
audio7-1 1 688.611 0.9
audio8-1 1 688.611 0.9
yolo1-2 1 56.834 0.99
yolo10-0 1 56.834 0.99
yolo4-1 1 56.834 0.99
yolo6-1 1 56.834 0.99
yolo7-1 1 56.834 0.99
yolo8-1 1 56.834 0.99
Sum of bandwidth: 3784.058999999999
Sum of weights: 3.2290000000000005
Average accuracy: 0.9513967172499225
time: 0.002950906753540039
**time: 4
========Allocate Done=============
audio10-2 0.578988365328682 399.1234000000018 0.31
audio12-1 0.55 379.1910000000001 0.31
audio3-4 1 688.611 0.9
audio4-0 0.4 276.05100000000004 0.25
audio4-4 0.4 276.05100000000004 0.25
audio6-4 1 688.611 0.9
audio7-1 1 688.611 0.9
audio7-3 1 688.611 0.9
audio8-1 0.4 276.05100000000004 0.25
yolo1-2 0.35 24.23572 0.685
yolo10-0 0.35 24.23572 0.685
yolo10-3 0.35 24.23572 0.685
yolo11-3 0.35 24.23572 0.685
yolo12-3 0.35 24.23572 0.685
yolo4-1 1 56.834 0.99
yolo4-3 1 56.834 0.99
yolo4-4 1 56.834 0.99
yolo6-1 1 56.834 0.99
yolo6-3 1 56.834 0.99
yolo6-4 1 56.834 0.99
yolo7-1 1 56.834 0.99
yolo7-4 1 56.834 0.99
yolo8-1 1 56.834 0.99
yolo8-3 1 56.834 0.99
Sum of bandwidth: 5050.4299999999985
Sum of weights: 7.731
Average accuracy: 0.9026012158841031
time: 0.2340238094329834
**time: 5
========Allocate Done=============
audio10-2 0.4 276.05100000000004 0.25
audio11-5 0.4 276.05100000000004 0.25
audio12-1 0.4 276.05100000000004 0.25
audio3-4 0.4 276.05100000000004 0.25
audio4-0 0.4 276.05100000000004 0.25
audio4-4 0.4 276.05100000000004 0.25
audio4-5 0.4 276.05100000000004 0.25
audio6-4 1 688.611 0.9
audio7-1 1 688.611 0.9
audio7-3 0.615803257707969 424.4373199999995 0.32
audio8-1 0.4 276.05100000000004 0.25
audio8-5 0.4 276.05100000000004 0.25
yolo1-2 0.05 6.486280000000001 0.525
yolo10-0 0.05 6.486280000000001 0.525
yolo10-3 0.05 6.486280000000001 0.525
yolo11-3 0.05 6.486280000000001 0.525
yolo11-5 0.05 6.486280000000001 0.525
yolo12-3 0.05 6.486280000000001 0.525
yolo4-1 1 56.834 0.99
yolo4-3 1 56.834 0.99
yolo4-4 1 56.834 0.99
yolo5-5 1 56.834 0.99
yolo6-1 1 56.834 0.99
yolo6-3 1 56.834 0.99
yolo6-4 1 56.834 0.99
yolo6-5 1 56.834 0.99
yolo7-1 1 56.834 0.99
yolo7-4 1 56.834 0.99
yolo8-1 1 56.834 0.99
yolo8-3 1 56.834 0.99
yolo9-5 1 56.834 0.99
Sum of bandwidth: 5063.877999999998
Sum of weights: 8.957999999999995
Average accuracy: 0.7896662201384241
time: 1.183995246887207
**time: 6
========Allocate Done=============
audio10-2 0.4 276.05100000000004 0.25
audio11-5 0.4 276.05100000000004 0.25
audio12-1 0.4 276.05100000000004 0.25
audio12-6 0.4 276.05100000000004 0.25
audio3-4 0.4 276.05100000000004 0.25
audio4-0 0.4 276.05100000000004 0.25
audio4-4 0.4 276.05100000000004 0.25
audio4-5 0.4 276.05100000000004 0.25
audio6-4 1 688.611 0.9
audio7-1 0.5865667830133799 404.3343200000001 0.31
audio7-3 0.55 379.1910000000001 0.31
audio8-5 0.4 276.05100000000004 0.25
audio9-6 0.4 276.05100000000004 0.25
yolo1-2 0.05 6.486280000000001 0.525
yolo10-0 0.05 6.486280000000001 0.525
yolo10-3 0.05 6.486280000000001 0.525
yolo11-3 0.05 6.486280000000001 0.525
yolo11-5 0.05 6.486280000000001 0.525
yolo12-3 0.05 6.486280000000001 0.525
yolo2-6 1 56.834 0.99
yolo4-1 1 56.834 0.99
yolo4-3 1 56.834 0.99
yolo4-4 1 56.834 0.99
yolo5-5 1 56.834 0.99
yolo6-1 1 56.834 0.99
yolo6-3 1 56.834 0.99
yolo6-4 1 56.834 0.99
yolo6-5 1 56.834 0.99
yolo7-1 1 56.834 0.99
yolo7-4 1 56.834 0.99
yolo8-1 1 56.834 0.99
yolo8-3 1 56.834 0.99
yolo9-5 1 56.834 0.99
Sum of bandwidth: 5067.239999999998
Sum of weights: 10.023999999999994
Average accuracy: 0.7469902234636875
time: 0.03179526329040527
**time: 7
========Allocate Done=============
audio10-2 0.4 276.05100000000004 0.25
audio11-5 0.4 276.05100000000004 0.25
audio12-1 0.4 276.05100000000004 0.25
audio12-6 0.4 276.05100000000004 0.25
audio2-7 0.6068266433973232 418.2649999999995 0.32
audio3-4 0.4 276.05100000000004 0.25
audio4-0 0.4 276.05100000000004 0.25
audio4-4 0.4 276.05100000000004 0.25
audio4-5 0.4 276.05100000000004 0.25
audio6-4 0.5 344.81100000000004 0.3
audio7-1 0.45 310.43100000000004 0.27
audio7-3 0.45 310.43100000000004 0.27
audio8-5 0.4 276.05100000000004 0.25
audio9-6 0.4 276.05100000000004 0.25
yolo1-2 0 3.362 0
yolo10-0 0 3.362 0
yolo10-3 0 3.362 0
yolo10-7 0 3.362 0
yolo11-3 0 3.362 0
yolo11-5 0 3.362 0
yolo11-7 0 3.362 0
yolo12-3 0 3.362 0
yolo2-6 1 56.834 0.99
yolo2-7 1 56.834 0.99
yolo4-1 1 56.834 0.99
yolo4-3 1 56.834 0.99
yolo4-4 1 56.834 0.99
yolo5-5 1 56.834 0.99
yolo5-7 1 56.834 0.99
yolo6-1 1 56.834 0.99
yolo6-3 1 56.834 0.99
yolo6-4 1 56.834 0.99
yolo6-5 1 56.834 0.99
yolo7-1 1 56.834 0.99
yolo7-4 1 56.834 0.99
yolo8-1 1 56.834 0.99
yolo8-3 1 56.834 0.99
yolo9-5 1 56.834 0.99
Sum of bandwidth: 5080.687999999997
Sum of weights: 11.965999999999994
Average accuracy: 0.6805724552899888
time: 0.3938632011413574
**time: 8
========Allocate Done=============
audio10-2 0.4 276.05100000000004 0.25
audio11-5 0.4 276.05100000000004 0.25
audio12-6 0.4 276.05100000000004 0.25
audio2-7 1 688.611 0.9
audio3-4 0.4 276.05100000000004 0.25
audio4-0 0.4 276.05100000000004 0.25
audio4-4 0.4 276.05100000000004 0.25
audio4-5 0.4 276.05100000000004 0.25
audio6-4 0.7224287958115225 497.75304000000295 0.42
audio7-3 0.5 344.81100000000004 0.3
audio8-5 0.4 276.05100000000004 0.25
audio9-6 0.4 276.05100000000004 0.25
yolo1-2 0.05 6.486280000000001 0.525
yolo10-0 0.05 6.486280000000001 0.525
yolo10-3 0.05 6.486280000000001 0.525
yolo10-7 0.05 6.486280000000001 0.525
yolo11-5 0.05 6.486280000000001 0.525
yolo11-7 0.05 6.486280000000001 0.525
yolo12-3 0.05 6.486280000000001 0.525
yolo2-6 1 56.834 0.99
yolo2-7 1 56.834 0.99
yolo3-8 1 56.834 0.99
yolo4-1 1 56.834 0.99
yolo4-3 1 56.834 0.99
yolo4-4 1 56.834 0.99
yolo5-5 1 56.834 0.99
yolo5-7 1 56.834 0.99
yolo6-1 1 56.834 0.99
yolo6-3 1 56.834 0.99
yolo6-4 1 56.834 0.99
yolo6-5 1 56.834 0.99
yolo6-8 1 56.834 0.99
yolo7-1 1 56.834 0.99
yolo7-4 1 56.834 0.99
yolo8-1 1 56.834 0.99
yolo8-3 1 56.834 0.99
yolo9-5 1 56.834 0.99
Sum of bandwidth: 5084.05
Sum of weights: 11.996999999999995
Average accuracy: 0.8038259564891226
time: 0.019555330276489258
**time: 9
========Allocate Done=============
audio1-9 0.4 276.05100000000004 0.25
audio10-2 0.4 276.05100000000004 0.25
audio11-5 0.4 276.05100000000004 0.25
audio12-6 0.4 276.05100000000004 0.25
audio2-7 0.8249219022687597 568.2272999999992 0.67
audio3-4 0.4 276.05100000000004 0.25
audio4-0 0.4 276.05100000000004 0.25
audio4-4 0.4 276.05100000000004 0.25
audio4-5 0.4 276.05100000000004 0.25
audio6-4 0.5 344.81100000000004 0.3
audio7-3 0.45 310.43100000000004 0.27
audio8-5 0.4 276.05100000000004 0.25
audio9-6 0.4 276.05100000000004 0.25
yolo1-2 0 3.362 0
yolo10-0 0 3.362 0
yolo10-3 0 3.362 0
yolo10-7 0 3.362 0
yolo11-5 0 3.362 0
yolo11-7 0 3.362 0
yolo12-3 0 3.362 0
yolo2-6 1 56.834 0.99
yolo2-7 1 56.834 0.99
yolo3-8 1 56.834 0.99
yolo4-1 1 56.834 0.99
yolo4-3 1 56.834 0.99
yolo4-4 1 56.834 0.99
yolo5-5 1 56.834 0.99
yolo5-7 1 56.834 0.99
yolo6-3 1 56.834 0.99
yolo6-4 1 56.834 0.99
yolo6-5 1 56.834 0.99
yolo6-8 1 56.834 0.99
yolo7-1 1 56.834 0.99
yolo7-4 1 56.834 0.99
yolo7-9 1 56.834 0.99
yolo8-1 1 56.834 0.99
yolo8-3 1 56.834 0.99
yolo9-5 1 56.834 0.99
yolo9-9 1 56.834 0.99
audio7-edge-3 0.45 0.0527 0.27
Sum of bandwidth: 5087.411999999997
Sum of weights: 13.931999999999995
Average accuracy: 0.7485378983634801
time: 0.27610206604003906
**time: 10
========Allocate Done=============
audio1-9 0.4 276.05100000000004 0.25
audio10-2 0.4 276.05100000000004 0.25
audio11-5 0.4 276.05100000000004 0.25
audio12-6 0.4 276.05100000000004 0.25
audio2-7 1 688.611 0.9
audio3-4 0.4 276.05100000000004 0.25
audio4-0 0.4 276.05100000000004 0.25
audio4-4 0.4 276.05100000000004 0.25
audio4-5 0.4 276.05100000000004 0.25
audio6-4 0.644586009307738 444.2283400000007 0.34
audio7-3 0.5 344.81100000000004 0.3
audio9-6 0.4 276.05100000000004 0.25
yolo1-2 0.05 6.486280000000001 0.525
yolo10-0 0.05 6.486280000000001 0.525
yolo10-3 0.05 6.486280000000001 0.525
yolo10-7 0.05 6.486280000000001 0.525
yolo11-5 0.05 6.486280000000001 0.525
yolo11-7 0.05 6.486280000000001 0.525
yolo12-3 0.05 6.486280000000001 0.525
yolo2-6 1 56.834 0.99
yolo2-7 1 56.834 0.99
yolo3-10 1 56.834 0.99
yolo3-8 1 56.834 0.99
yolo4-1 1 56.834 0.99
yolo4-4 1 56.834 0.99
yolo5-10 1 56.834 0.99
yolo5-5 1 56.834 0.99
yolo5-7 1 56.834 0.99
yolo6-5 1 56.834 0.99
yolo6-8 1 56.834 0.99
yolo7-1 1 56.834 0.99
yolo7-4 1 56.834 0.99
yolo7-9 1 56.834 0.99
yolo8-1 1 56.834 0.99
yolo8-10 1 56.834 0.99
yolo8-3 1 56.834 0.99
yolo9-5 1 56.834 0.99
yolo9-9 1 56.834 0.99
audio7-edge-3 0.5 0.0527 0.3
Sum of bandwidth: 5087.411999999998
Sum of weights: 15.157999999999994
Average accuracy: 0.7945738224040114
time: 0.016631364822387695
**time: 11
========Allocate Done=============
audio1-9 0.4 276.05100000000004 0.25
audio10-2 0.4 276.05100000000004 0.25
audio11-5 0.4 276.05100000000004 0.25
audio12-11 0.4 276.05100000000004 0.25
audio2-7 1 688.611 0.9
audio3-4 0.4 276.05100000000004 0.25
audio4-0 0.4 276.05100000000004 0.25
audio4-11 0.4 276.05100000000004 0.25
audio4-5 0.4 276.05100000000004 0.25
audio5-11 0.4 276.05100000000004 0.25
audio6-4 0.9046620418848198 623.0566200000021 0.84
audio9-6 0.4 276.05100000000004 0.25
yolo10-0 0.05 6.486280000000001 0.525
yolo10-3 0.05 6.486280000000001 0.525
yolo10-7 0.05 6.486280000000001 0.525
yolo11-5 0.05 6.486280000000001 0.525
yolo11-7 0.05 6.486280000000001 0.525
yolo12-3 0.05 6.486280000000001 0.525
yolo2-6 1 56.834 0.99
yolo2-7 1 56.834 0.99
yolo3-10 1 56.834 0.99
yolo3-8 1 56.834 0.99
yolo4-1 1 56.834 0.99
yolo4-11 1 56.834 0.99
yolo4-4 1 56.834 0.99
yolo5-10 1 56.834 0.99
yolo5-7 1 56.834 0.99
yolo6-5 1 56.834 0.99
yolo6-8 1 56.834 0.99
yolo7-1 1 56.834 0.99
yolo7-4 1 56.834 0.99
yolo7-9 1 56.834 0.99
yolo8-10 1 56.834 0.99
yolo8-3 1 56.834 0.99
yolo9-9 1 56.834 0.99
audio7-edge-3 0.5 0.0527 0.3
Sum of bandwidth: 5077.325999999999
Sum of weights: 12.783999999999999
Average accuracy: 0.8395111076345433
time: 0.033541202545166016
**time: 12
========Allocate Done=============
audio1-9 0.55 379.1910000000001 0.31
audio10-12 0.5027210296684097 346.68197999999853 0.3
audio10-2 0.5 344.81100000000004 0.3
audio11-5 0.5 344.81100000000004 0.3
audio12-11 0.5 344.81100000000004 0.3
audio3-4 1 688.611 0.9
audio4-11 0.4 276.05100000000004 0.25
audio4-5 0.4 276.05100000000004 0.25
audio5-11 0.4 276.05100000000004 0.25
audio6-4 1 688.611 0.9
yolo10-7 0.35 24.23572 0.685
yolo11-12 0.35 24.23572 0.685
yolo11-5 0.35 24.23572 0.685
yolo11-7 0.35 24.23572 0.685
yolo12-12 0.35 24.23572 0.685
yolo12-3 0.35 24.23572 0.685
yolo2-12 1 56.834 0.99
yolo2-6 1 56.834 0.99
yolo2-7 1 56.834 0.99
yolo3-10 1 56.834 0.99
yolo4-11 1 56.834 0.99
yolo4-4 1 56.834 0.99
yolo5-10 1 56.834 0.99
yolo5-7 1 56.834 0.99
yolo6-5 1 56.834 0.99
yolo6-8 1 56.834 0.99
yolo7-1 1 56.834 0.99
yolo7-12 1 56.834 0.99
yolo7-4 1 56.834 0.99
yolo7-9 1 56.834 0.99
yolo8-10 1 56.834 0.99
yolo8-3 1 56.834 0.99
yolo9-9 1 56.834 0.99
audio7-edge-3 1 0.0527 0.9
Sum of bandwidth: 5077.325999999996
Sum of weights: 12.376999999999997
Average accuracy: 0.9148283105760687
time: 0.20912623405456543
**time: 13
========Allocate Done=============
audio1-9 0.4 276.05100000000004 0.25
audio10-12 0.4 276.05100000000004 0.25
audio10-2 0.4 276.05100000000004 0.25
audio11-13 0.4 276.05100000000004 0.25
audio11-5 0.4 276.05100000000004 0.25
audio12-11 0.4 276.05100000000004 0.25
audio3-13 0.4 276.05100000000004 0.25
audio3-4 0.4 276.05100000000004 0.25
audio4-11 0.4 276.05100000000004 0.25
audio4-5 0.4 276.05100000000004 0.25
audio5-11 0.4 276.05100000000004 0.25
audio6-13 0.6850198080279231 472.03061999999994 0.36
audio6-4 0.55 379.1910000000001 0.31
audio7-13 0.5 344.81100000000004 0.3
yolo10-7 0.05 6.486280000000001 0.525
yolo11-12 0.05 6.486280000000001 0.525
yolo11-5 0.05 6.486280000000001 0.525
yolo11-7 0.05 6.486280000000001 0.525
yolo12-12 0.05 6.486280000000001 0.525
yolo12-3 0.05 6.486280000000001 0.525
yolo2-12 1 56.834 0.99
yolo2-6 1 56.834 0.99
yolo2-7 1 56.834 0.99
yolo3-10 1 56.834 0.99
yolo4-11 1 56.834 0.99
yolo5-10 1 56.834 0.99
yolo5-7 1 56.834 0.99
yolo6-5 1 56.834 0.99
yolo6-8 1 56.834 0.99
yolo7-12 1 56.834 0.99
yolo7-9 1 56.834 0.99
yolo8-10 1 56.834 0.99
yolo8-3 1 56.834 0.99
yolo9-9 1 56.834 0.99
audio7-edge-3 0.5 0.0527 0.3
Sum of bandwidth: 5067.239999999998
Sum of weights: 13.684999999999997
Average accuracy: 0.6924033613445381
time: 0.02246379852294922
**time: 14
========Allocate Done=============
audio1-9 0.4 276.05100000000004 0.25
audio10-12 0.4 276.05100000000004 0.25
audio10-2 0.4 276.05100000000004 0.25
audio11-13 0.4 276.05100000000004 0.25
audio11-5 0.4 276.05100000000004 0.25
audio12-11 0.4 276.05100000000004 0.25
audio2-14 0.4 276.05100000000004 0.25
audio3-13 0.4 276.05100000000004 0.25
audio4-11 0.4 276.05100000000004 0.25
audio4-5 0.4 276.05100000000004 0.25
audio5-11 0.22808560209424106 157.84266000000017 0.2
audio6-13 0.4 276.05100000000004 0.25
audio6-4 0.4 276.05100000000004 0.25
audio7-13 0.4 276.05100000000004 0.25
audio8-14 0.4 276.05100000000004 0.25
audio9-14 0.4 276.05100000000004 0.25
yolo1-14 0 3.362 0
yolo10-7 0 3.362 0
yolo11-12 0 3.362 0
yolo11-5 0 3.362 0
yolo11-7 0 3.362 0
yolo12-12 0 3.362 0
yolo2-12 1 56.834 0.99
yolo2-6 1 56.834 0.99
yolo2-7 1 56.834 0.99
yolo3-10 1 56.834 0.99
yolo4-11 0.65 40.27732 0.93
yolo5-7 0.39999999999999997 27.027919999999995 0.685
yolo6-14 1 56.834 0.99
yolo6-8 1 56.834 0.99
yolo7-12 1 56.834 0.99
yolo7-9 1 56.834 0.99
yolo8-10 1 56.834 0.99
yolo8-3 1 56.834 0.99
yolo9-14 1 56.834 0.99
yolo9-9 1 56.834 0.99
audio1-edge-9 0.4 0.0527 0.25
audio11-edge-5 0.4 0.0527 0.25
audio7-edge-4 0.4 0.0527 0.25
Sum of bandwidth: 5068.250999999998
Sum of weights: 15.183999999999996
Average accuracy: 0.65424427028451
time: 0.7213850021362305
**time: 15
========Allocate Done=============
audio10-12 0.4 276.05100000000004 0.25
audio10-15 0.4 276.05100000000004 0.25
audio10-2 0.4 276.05100000000004 0.25
audio11-13 0.4 276.05100000000004 0.25
audio11-5 0.4 276.05100000000004 0.25
audio12-11 0.4 276.05100000000004 0.25
audio12-15 0.4 276.05100000000004 0.25
audio2-14 0.4 276.05100000000004 0.25
audio3-13 0.4 276.05100000000004 0.25
audio4-11 0.4 276.05100000000004 0.25
audio4-15 0.4 276.05100000000004 0.25
audio5-11 0 1.011 0
audio5-15 0 1.011 0
audio6-13 0.4 276.05100000000004 0.25
audio6-4 0.4 276.05100000000004 0.25
audio7-13 0.4 276.05100000000004 0.25
audio8-14 0.4 276.05100000000004 0.25
audio9-14 0.4 276.05100000000004 0.25
yolo1-14 0 3.362 0
yolo10-7 0 3.362 0
yolo11-12 0 3.362 0
yolo11-5 0 3.362 0
yolo12-12 0 3.362 0
yolo2-12 1 56.834 0.99
yolo2-6 1 56.834 0.99
yolo2-7 1 56.834 0.99
yolo3-10 1 56.834 0.99
yolo4-15 0.1 9.563120000000001 0.525
yolo5-15 0.05 6.486280000000001 0.525
yolo5-7 0.05 6.486280000000001 0.525
yolo6-14 0.3 21.396079999999998 0.64
yolo6-8 0.3 21.396079999999998 0.64
yolo7-12 1 56.834 0.99
yolo7-15 0.9951864278257194 56.62205999999994 0.99
yolo8-10 1 56.834 0.99
yolo8-3 1 56.834 0.99
yolo9-14 1 56.834 0.99
yolo9-9 1 56.834 0.99
audio1-edge-9 0.4 0.0527 0.25
audio11-edge-5 0.4 0.0527 0.25
audio7-edge-4 0.4 0.0527 0.25
Sum of bandwidth: 5069.262
Sum of weights: 15.462999999999996
Average accuracy: 0.6342300976524607
time: 0.18143510818481445
**time: 16
========Allocate Done=============
audio10-12 0.4 276.05100000000004 0.25
audio10-15 0.4 276.05100000000004 0.25
audio11-13 0.4 276.05100000000004 0.25
audio11-16 0.4 276.05100000000004 0.25
audio12-11 0.4 276.05100000000004 0.25
audio12-15 0.4 276.05100000000004 0.25
audio2-14 0.4 276.05100000000004 0.25
audio3-13 0.4 276.05100000000004 0.25
audio4-11 0.4 276.05100000000004 0.25
audio4-15 0.4 276.05100000000004 0.25
audio5-15 0.11597795229784924 80.75744000000114 0.2
audio6-13 0.4 276.05100000000004 0.25
audio7-13 0.4 276.05100000000004 0.25
audio8-14 0.4 276.05100000000004 0.25
audio8-16 0.4 276.05100000000004 0.25
audio9-14 0.4 276.05100000000004 0.25
yolo10-7 0 3.362 0
yolo11-12 0 3.362 0
yolo11-16 0 3.362 0
yolo11-5 0 3.362 0
yolo12-12 0 3.362 0
yolo12-16 0 3.362 0
yolo2-12 1 56.834 0.99
yolo2-16 1 56.834 0.99
yolo2-7 1 56.834 0.99
yolo3-10 1 56.834 0.99
yolo3-16 1 56.834 0.99
yolo4-15 0.65 40.27732 0.93
yolo5-15 0.39999999999999997 27.027919999999995 0.685
yolo5-7 0.39999999999999997 27.027919999999995 0.685
yolo6-14 1 56.834 0.99
yolo6-8 1 56.834 0.99
yolo7-12 1 56.834 0.99
yolo7-15 1 56.834 0.99
yolo8-10 1 56.834 0.99
yolo9-14 1 56.834 0.99
yolo9-16 1 56.834 0.99
yolo9-9 1 56.834 0.99
audio11-edge-5 0.4 0.0527 0.25
audio7-edge-4 0.4 0.0527 0.25
Sum of bandwidth: 5074.975
Sum of weights: 14.756999999999996
Average accuracy: 0.6921067967744122
time: 0.1872713565826416
**time: 17
========Allocate Done=============
audio10-12 0.4 276.05100000000004 0.25
audio10-15 0.4 276.05100000000004 0.25
audio11-16 0.4 276.05100000000004 0.25
audio12-15 0.4 276.05100000000004 0.25
audio2-14 0.8121289994182644 559.4308999999986 0.67
audio3-13 0.4 276.05100000000004 0.25
audio4-11 0.4 276.05100000000004 0.25
audio4-15 0.4 276.05100000000004 0.25
audio5-15 0.4 276.05100000000004 0.25
audio6-13 0.5 344.81100000000004 0.3
audio7-13 0.45 310.43100000000004 0.27
audio8-14 0.4 276.05100000000004 0.25
audio8-16 0.4 276.05100000000004 0.25
audio9-14 0.4 276.05100000000004 0.25
yolo11-12 0 3.362 0
yolo11-16 0 3.362 0
yolo12-12 0 3.362 0
yolo12-16 0 3.362 0
yolo2-12 1 56.834 0.99
yolo2-16 1 56.834 0.99
yolo3-10 1 56.834 0.99
yolo3-16 1 56.834 0.99
yolo4-15 1 56.834 0.99
yolo5-15 1 56.834 0.99
yolo6-14 1 56.834 0.99
yolo6-8 1 56.834 0.99
yolo7-12 1 56.834 0.99
yolo7-15 1 56.834 0.99
yolo8-10 1 56.834 0.99
yolo9-14 1 56.834 0.99
yolo9-16 1 56.834 0.99
yolo9-9 1 56.834 0.99
audio11-edge-16 0.4 0.0527 0.25
audio3-edge-13 0.4 0.0527 0.25
audio7-edge-4 0.45 0.0527 0.27
Sum of bandwidth: 5060.515999999997
Sum of weights: 13.913999999999996
Average accuracy: 0.7056813281586892
time: 0.011923789978027344
**time: 18
========Allocate Done=============
audio1-18 0.891398458406049 613.9365799999993 0.74
audio10-12 0.55 379.1910000000001 0.31
audio10-15 0.55 379.1910000000001 0.31
audio12-15 0.55 379.1910000000001 0.31
audio4-11 0.4 276.05100000000004 0.25
audio4-15 0.4 276.05100000000004 0.25
audio6-13 1 688.611 0.9
audio7-13 1 688.611 0.9
audio8-16 0.4 276.05100000000004 0.25
audio9-14 0.4 276.05100000000004 0.25
yolo1-18 0.35 24.23572 0.685
yolo10-18 0.35 24.23572 0.685
yolo11-12 0.35 24.23572 0.685
yolo11-16 0.35 24.23572 0.685
yolo12-12 0.35 24.23572 0.685
yolo12-16 0.35 24.23572 0.685
yolo2-16 1 56.834 0.99
yolo3-10 1 56.834 0.99
yolo3-16 1 56.834 0.99
yolo4-15 1 56.834 0.99
yolo5-15 1 56.834 0.99
yolo6-14 1 56.834 0.99
yolo6-8 1 56.834 0.99
yolo7-12 1 56.834 0.99
yolo7-15 1 56.834 0.99
yolo8-10 1 56.834 0.99
yolo9-14 1 56.834 0.99
yolo9-16 1 56.834 0.99
audio11-edge-16 0.55 0.0527 0.31
audio3-edge-13 1 0.0527 0.9
audio7-edge-4 1 0.0527 0.9
Sum of bandwidth: 5060.515999999996
Sum of weights: 10.845999999999998
Average accuracy: 0.8928323806011433
time: 0.1643691062927246
**time: 19
========Allocate Done=============
audio1-18 1 688.611 0.9
audio10-12 0.8428691972076781 580.5678599999994 0.67
audio10-15 0.55 379.1910000000001 0.31
audio12-15 0.55 379.1910000000001 0.31
audio4-11 0.4 276.05100000000004 0.25
audio4-15 0.4 276.05100000000004 0.25
audio5-19 0.4 276.05100000000004 0.25
audio6-13 1 688.611 0.9
audio8-16 0.4 276.05100000000004 0.25
audio8-19 0.4 276.05100000000004 0.25
audio9-14 0.4 276.05100000000004 0.25
yolo1-18 0.35 24.23572 0.685
yolo10-18 0.35 24.23572 0.685
yolo11-12 0.35 24.23572 0.685
yolo11-16 0.35 24.23572 0.685
yolo12-12 0.35 24.23572 0.685
yolo12-16 0.35 24.23572 0.685
yolo12-19 0.35 24.23572 0.685
yolo2-16 1 56.834 0.99
yolo3-10 1 56.834 0.99
yolo3-16 1 56.834 0.99
yolo4-15 1 56.834 0.99
yolo5-15 1 56.834 0.99
yolo6-14 1 56.834 0.99
yolo7-15 1 56.834 0.99
yolo9-14 1 56.834 0.99
yolo9-16 1 56.834 0.99
audio11-edge-16 0.55 0.0527 0.31
audio3-edge-13 1 0.0527 0.9
audio7-edge-4 1 0.0527 0.9
Sum of bandwidth: 5053.791999999997
Sum of weights: 8.376000000000001
Average accuracy: 0.875525310410697
time: 0.477994441986084
**time: 20
========Allocate Done=============
audio1-18 1 688.611 0.9
audio10-12 0.8847456951716074 609.3621399999972 0.74
audio10-15 0.55 379.1910000000001 0.31
audio4-11 0.4 276.05100000000004 0.25
audio4-15 0.4 276.05100000000004 0.25
audio4-20 0.4 276.05100000000004 0.25
audio5-19 0.4 276.05100000000004 0.25
audio6-13 1 688.611 0.9
audio8-16 0.4 276.05100000000004 0.25
audio8-19 0.4 276.05100000000004 0.25
audio9-14 0.4 276.05100000000004 0.25
yolo1-18 0.35 24.23572 0.685
yolo10-18 0.35 24.23572 0.685
yolo10-20 0.35 24.23572 0.685
yolo11-12 0.35 24.23572 0.685
yolo11-16 0.35 24.23572 0.685
yolo12-12 0.35 24.23572 0.685
yolo12-16 0.35 24.23572 0.685
yolo12-19 0.35 24.23572 0.685
yolo2-16 1 56.834 0.99
yolo3-16 1 56.834 0.99
yolo4-15 1 56.834 0.99
yolo4-20 1 56.834 0.99
yolo5-15 1 56.834 0.99
yolo6-14 1 56.834 0.99
yolo6-20 1 56.834 0.99
yolo7-15 1 56.834 0.99
yolo9-14 1 56.834 0.99
yolo9-16 1 56.834 0.99
audio11-edge-16 0.55 0.0527 0.31
audio3-edge-13 1 0.0527 0.9
audio7-edge-4 1 0.0527 0.9
Sum of bandwidth: 5060.515999999993
Sum of weights: 7.692000000000001
Average accuracy: 0.8817004680187205
time: 0.3343212604522705
**time: 21
========Allocate Done=============
audio1-18 0.4 276.05100000000004 0.25
audio10-12 0.4 276.05100000000004 0.25
audio10-15 0.4 276.05100000000004 0.25
audio12-21 0.4 276.05100000000004 0.25
audio2-21 1 688.611 0.9
audio4-11 0.4 276.05100000000004 0.25
audio4-15 0.4 276.05100000000004 0.25
audio4-20 0.4 276.05100000000004 0.25
audio5-19 0.4 276.05100000000004 0.25
audio6-13 0.5322998545666079 367.02037999999965 0.3
audio6-21 0.5 344.81100000000004 0.3
audio8-16 0.4 276.05100000000004 0.25
audio8-19 0.4 276.05100000000004 0.25
audio9-14 0.4 276.05100000000004 0.25
yolo1-18 0.05 6.486280000000001 0.525
yolo1-21 0.05 6.486280000000001 0.525
yolo10-18 0.05 6.486280000000001 0.525
yolo10-20 0.05 6.486280000000001 0.525
yolo11-12 0.05 6.486280000000001 0.525
yolo11-16 0.05 6.486280000000001 0.525
yolo12-12 0.05 6.486280000000001 0.525
yolo12-16 0.05 6.486280000000001 0.525
yolo12-19 0.05 6.486280000000001 0.525
yolo2-16 1 56.834 0.99
yolo3-16 1 56.834 0.99
yolo4-15 1 56.834 0.99
yolo4-20 1 56.834 0.99
yolo5-15 1 56.834 0.99
yolo6-20 1 56.834 0.99
yolo7-15 1 56.834 0.99
yolo8-21 1 56.834 0.99
yolo9-14 1 56.834 0.99
yolo9-16 1 56.834 0.99
audio11-edge-16 0.4 0.0527 0.25
audio3-edge-13 0.4 0.0527 0.25
audio7-edge-4 0.5 0.0527 0.3
Sum of bandwidth: 5063.878
Sum of weights: 10.475
Average accuracy: 0.6716076372315034
time: 0.017874479293823242
**time: 22
========Allocate Done=============
audio1-18 0.4 276.05100000000004 0.25
audio10-12 0.4 276.05100000000004 0.25
audio10-15 0.4 276.05100000000004 0.25
audio11-22 0.4 276.05100000000004 0.25
audio12-21 0.4 276.05100000000004 0.25
audio2-21 1 688.611 0.9
audio3-22 0.8352405177428742 575.3223800000003 0.67
audio4-20 0.4 276.05100000000004 0.25
audio5-19 0.4 276.05100000000004 0.25
audio6-21 1 688.611 0.9
audio8-16 0.4 276.05100000000004 0.25
audio8-19 0.4 276.05100000000004 0.25
yolo1-18 0.05 6.486280000000001 0.525
yolo1-21 0.05 6.486280000000001 0.525
yolo10-18 0.05 6.486280000000001 0.525
yolo10-20 0.05 6.486280000000001 0.525
yolo11-12 0.05 6.486280000000001 0.525
yolo11-16 0.05 6.486280000000001 0.525
yolo12-12 0.05 6.486280000000001 0.525
yolo12-16 0.05 6.486280000000001 0.525
yolo12-19 0.05 6.486280000000001 0.525
yolo2-16 1 56.834 0.99
yolo2-22 1 56.834 0.99
yolo3-16 1 56.834 0.99
yolo4-20 1 56.834 0.99
yolo5-22 1 56.834 0.99
yolo6-20 1 56.834 0.99
yolo7-22 1 56.834 0.99
yolo8-21 1 56.834 0.99
yolo9-14 1 56.834 0.99
yolo9-16 1 56.834 0.99
audio11-edge-16 0.4 0.0527 0.25
audio3-edge-13 0.55 0.0527 0.31
audio7-edge-4 1 0.0527 0.9
Sum of bandwidth: 5063.878000000001
Sum of weights: 10.960999999999999
Average accuracy: 0.8213502417662623
time: 0.010526180267333984
**time: 23
========Allocate Done=============
audio10-12 0.4 276.05100000000004 0.25
audio10-15 0.4 276.05100000000004 0.25
audio11-22 0.4 276.05100000000004 0.25
audio12-21 0.4 276.05100000000004 0.25
audio2-21 1 688.611 0.9
audio3-22 0.4 276.05100000000004 0.25
audio4-20 0.4 276.05100000000004 0.25
audio5-19 0.4 276.05100000000004 0.25
audio6-21 1 688.611 0.9
audio7-23 0.7529306282722507 518.7260999999995 0.42
audio8-16 0.4 276.05100000000004 0.25
audio8-19 0.4 276.05100000000004 0.25
yolo1-18 0.05 6.486280000000001 0.525
yolo1-21 0.05 6.486280000000001 0.525
yolo10-18 0.05 6.486280000000001 0.525
yolo10-20 0.05 6.486280000000001 0.525
yolo11-12 0.05 6.486280000000001 0.525
yolo11-16 0.05 6.486280000000001 0.525
yolo11-23 0.05 6.486280000000001 0.525
yolo12-12 0.05 6.486280000000001 0.525
yolo12-16 0.05 6.486280000000001 0.525
yolo12-19 0.05 6.486280000000001 0.525
yolo2-16 1 56.834 0.99
yolo2-22 1 56.834 0.99
yolo3-16 1 56.834 0.99
yolo3-23 1 56.834 0.99
yolo4-20 1 56.834 0.99
yolo5-22 1 56.834 0.99
yolo6-20 1 56.834 0.99
yolo7-22 1 56.834 0.99
yolo8-21 1 56.834 0.99
yolo9-14 1 56.834 0.99
yolo9-16 1 56.834 0.99
audio11-edge-16 0.4 0.0527 0.25
audio3-edge-13 0.4 0.0527 0.25
audio7-edge-4 0.55 0.0527 0.31
Sum of bandwidth: 5070.601999999999
Sum of weights: 12.484999999999992
Average accuracy: 0.7531181417701246
time: 0.013925552368164062
**time: 24
========Allocate Done=============
audio11-22 0.4 276.05100000000004 0.25
audio12-21 0.4 276.05100000000004 0.25
audio2-21 1 688.611 0.9
audio3-22 1 688.611 0.9
audio4-20 0.4 276.05100000000004 0.25
audio5-19 0.4 276.05100000000004 0.25
audio6-21 1 688.611 0.9
audio7-23 1 688.611 0.9
audio8-16 0.4 276.05100000000004 0.25
audio8-19 0.4 276.05100000000004 0.25
yolo1-18 0.1 9.563120000000001 0.525
yolo1-21 0.1 9.563120000000001 0.525
yolo10-18 0.1 9.563120000000001 0.525
yolo10-20 0.1 9.563120000000001 0.525
yolo11-16 0.1 9.563120000000001 0.525
yolo11-23 0.1 9.563120000000001 0.525
yolo11-24 0.1 9.563120000000001 0.525
yolo12-16 0.07576174753158084 8.077500000001127 0.525
yolo12-19 0.05 6.486280000000001 0.525
yolo12-24 0.05 6.486280000000001 0.525
yolo2-22 1 56.834 0.99
yolo2-24 1 56.834 0.99
yolo3-16 1 56.834 0.99
yolo3-23 1 56.834 0.99
yolo5-22 1 56.834 0.99
yolo6-20 1 56.834 0.99
yolo7-22 1 56.834 0.99
yolo8-21 1 56.834 0.99
yolo8-24 1 56.834 0.99
yolo9-16 1 56.834 0.99
audio1-edge-18 0.4 0.0527 0.25
audio11-edge-16 0.4 0.0527 0.25
audio7-edge-4 1 0.0527 0.9
Sum of bandwidth: 5067.239999999999
Sum of weights: 12.030999999999999
Average accuracy: 0.8943537528052531
time: 0.01615118980407715
**time: 25
========Allocate Done=============
audio11-22 0.5825805700988965 401.5934000000013 0.31
audio12-21 0.55 379.1910000000001 0.31
audio2-21 1 688.611 0.9
audio3-22 1 688.611 0.9
audio4-20 0.4 276.05100000000004 0.25
audio5-19 0.4 276.05100000000004 0.25
audio6-21 1 688.611 0.9
audio7-23 1 688.611 0.9
audio8-19 0.4 276.05100000000004 0.25
yolo1-18 0.35 24.23572 0.685
yolo1-21 0.35 24.23572 0.685
yolo10-18 0.35 24.23572 0.685
yolo10-20 0.35 24.23572 0.685
yolo11-16 0.35 24.23572 0.685
yolo11-23 0.35 24.23572 0.685
yolo11-24 0.35 24.23572 0.685
yolo12-16 0.35 24.23572 0.685
yolo12-19 0.35 24.23572 0.685
yolo12-24 0.35 24.23572 0.685
yolo2-22 1 56.834 0.99
yolo2-24 1 56.834 0.99
yolo3-23 1 56.834 0.99
yolo5-22 1 56.834 0.99
yolo6-20 1 56.834 0.99
yolo7-22 1 56.834 0.99
yolo8-21 1 56.834 0.99
yolo8-24 1 56.834 0.99
audio1-edge-18 0.55 0.0527 0.31
audio7-edge-4 1 0.0527 0.9
Sum of bandwidth: 5060.515999999997
Sum of weights: 10.290999999999999
Average accuracy: 0.9040919249829952
time: 0.010229110717773438
