time: 0
  Time         enp0s25      
HH:MM:SS   Kbps in  Kbps out
02:55:22   3205.56     19.09
02:55:25   3689.25     37.58
02:55:28   3137.69     28.73
02:55:31   6082.25     46.04
02:55:34   3144.31     13.87
02:55:37   4484.10     28.28
02:55:40   4716.47     31.71
02:55:43   2891.32     15.05
02:55:46   4504.67   1004.34
02:55:49   3533.22    266.91
02:55:52   3660.53     14.99
02:55:55   4289.60   1001.38
02:55:58   6625.39    311.71
02:56:01   2575.90   1328.13
02:56:04   4806.34   4668.21
02:56:07   4700.61   3786.18
02:56:10   4612.71   2606.17
02:56:13   3093.09   2904.71
02:56:16   3803.27   3643.68
Connection to 192.168.1.102 closed.
time: 1
  Time         enp0s25      
HH:MM:SS   Kbps in  Kbps out
02:56:22   4348.95   3967.43
02:56:25   5063.63   4207.82
02:56:28   4311.67   1526.06
02:56:31   3004.35   3063.65
02:56:34   4707.93   3651.55
02:56:37   4658.42   2606.23
02:56:40   2807.76   2232.00
02:56:43   4768.41   4238.78
02:56:46   4477.06   2305.34
02:56:49   3377.06   1944.48
02:56:52   4120.25   4068.88
02:56:55   6951.19   3848.86
02:56:58   4823.18   4584.05
02:57:01   2967.46   3593.27
02:57:04   4394.24   3668.52
02:57:07   4710.29   1886.74
02:57:10   3300.03   3734.23
02:57:13   4348.46   3788.25
02:57:16   4401.38   4327.05
Connection to 192.168.1.102 closed.
time: 2
  Time         enp0s25      
HH:MM:SS   Kbps in  Kbps out
02:57:22   6102.92   4697.89
02:57:25   4603.13   4677.60
02:57:28   4578.81   4673.62
02:57:31   3331.04   4659.28
02:57:34   5118.19   3181.89
02:57:37   3516.80   3201.45
02:57:40   4060.59   4516.05
02:57:43   4947.30   3744.57
02:57:46   6952.76   4708.36
02:57:49   3162.68   4655.38
02:57:52   4425.57   4679.00
02:57:55   5069.13   3585.34
02:57:58   3338.02   2729.04
02:58:01   4755.19   3901.28
02:58:04   3346.44   2917.84
02:58:07   4339.59   1996.77
02:58:10   4615.36   4134.74
02:58:13   5133.53   3787.64
02:58:16   4134.50   2127.89
Connection to 192.168.1.102 closed.
time: 3
  Time         enp0s25      
HH:MM:SS   Kbps in  Kbps out
02:58:22   4722.30   3875.34
02:58:25   4618.66   3119.36
02:58:28   3358.49   2608.52
02:58:31   4567.31   4670.48
02:58:34   4374.21   2542.15
02:58:37   4335.51   2477.11
02:58:40   3105.42    655.28
02:58:43   4716.90   4136.10
02:58:46   4657.76    537.61
02:58:49   4330.41   3205.25
02:58:52   4950.93    882.84
02:58:55   4343.42   1807.27
02:58:58   3067.00   2761.94
02:59:01   4663.95     92.75
02:59:04   4355.38   2038.30
02:59:07   2751.17   2455.41
02:59:10   4844.90    536.56
02:59:13   4685.21   2549.42
02:59:16   4466.38   3977.44
Connection to 192.168.1.102 closed.
time: 4
  Time         enp0s25      
HH:MM:SS   Kbps in  Kbps out
02:59:22   4496.88   2707.60
02:59:25   2986.98   4347.89
02:59:28   4383.86    578.38
02:59:31   3660.34   3437.83
02:59:34   3413.87   3434.45
02:59:37   3981.13   1088.80
02:59:40   4410.74   3969.24
02:59:43   4415.90   2418.63
02:59:46   4607.09   2796.33
02:59:49   5051.14   4099.38
02:59:52   4468.58    270.99
02:59:55   2383.52   1052.78
02:59:58   4941.69   3876.23
03:00:01   4600.04   2786.08
03:00:04   3002.16    977.19
03:00:07   4290.84    336.40
03:00:10   4238.85   3170.81
03:00:13   4742.02   3473.90
03:00:16   2903.92    853.73
Connection to 192.168.1.102 closed.
time: 5
  Time         enp0s25      
HH:MM:SS   Kbps in  Kbps out
03:00:22   4381.66   2041.87
03:00:25   2774.88   4406.86
03:00:28   4355.08   1174.03
03:00:31   4522.23   1044.06
03:00:34   2768.54     51.35
03:00:37   4150.78   4134.00
03:00:40   4445.65   1530.66
03:00:43   2982.41    664.41
03:00:46   4725.44    432.84
03:00:49  81671.83   3934.78
03:00:52  74759.58   4955.25
03:00:55  86329.74   3782.35
03:00:58  80961.93   2038.71
03:01:01  59061.05   4906.27
03:01:04  73906.58   3642.49
03:01:07  76142.09   2192.69
03:01:10  83284.40   1764.92
03:01:13  72446.42   4043.49
03:01:16  88812.52   2403.25
Connection to 192.168.1.102 closed.
time: 6
  Time         enp0s25      
HH:MM:SS   Kbps in  Kbps out
03:01:22  64844.50   1379.86
03:01:25  82753.09   2209.02
03:01:28  74903.86   3450.46
03:01:31  69466.60   2853.11
03:01:34  42339.99   1251.72
03:01:37  71144.82   2500.56
03:01:40  83620.51   2351.68
03:01:43  83788.62   2125.82
03:01:46  76988.79   3243.51
03:01:49  95675.59   2429.60
03:01:52  73083.14   2037.19
03:01:55  64595.37   1737.96
03:01:58  96467.85   1975.16
03:02:01  77356.25   2078.98
03:02:04  93939.89   3777.21
03:02:07  83424.49   2196.37
03:02:10  70370.46   1827.63
03:02:13  72407.12   2000.61
03:02:16  83665.11   2275.71
Connection to 192.168.1.102 closed.
time: 7
  Time         enp0s25      
HH:MM:SS   Kbps in  Kbps out
03:02:22  63985.36   1784.02
03:02:25  73687.51   1877.21
03:02:28  75309.04   2541.89
03:02:31  57725.09   1534.73
03:02:34  49875.88   1370.66
03:02:37  41351.59   2690.67
03:02:40  66457.22   2443.60
03:02:43  58041.63   1691.05
03:02:46  39897.94   1007.61
03:02:49  61494.78   2221.75
03:02:52  31373.55   2739.35
03:02:55  43517.18   1449.06
03:02:58  40924.94    958.89
03:03:01  49656.99   1963.72
03:03:04  44813.99   2717.62
03:03:07  27942.53   1225.13
03:03:10  34132.06    695.24
03:03:13  32829.71   1433.90
03:03:16  40095.83   3087.87
Connection to 192.168.1.102 closed.
time: 8
  Time         enp0s25      
HH:MM:SS   Kbps in  Kbps out
03:03:22  38806.97    779.46
03:03:25  59820.37   1617.69
03:03:28  39150.31   1100.54
03:03:31  39009.79   3176.39
03:03:34  27553.42    541.59
03:03:37  27230.83   1258.93
03:03:40  27299.02   1275.09
03:03:43  38080.11   2766.94
03:03:46  53619.80   1112.07
03:03:49   5914.55    236.27
03:03:52   4465.25    190.27
03:03:55   4802.90   1682.12
03:03:58   3252.15    228.13
03:04:01   4264.11    189.76
03:04:04   3952.60   1351.80
03:04:07   4609.91    203.06
03:04:10   4579.22    744.87
03:04:13   4477.44    627.01
03:04:16   3328.34    174.46
Connection to 192.168.1.102 closed.
time: 9
  Time         enp0s25      
HH:MM:SS   Kbps in  Kbps out
03:04:22   4742.02     42.72
03:04:25   4214.06    566.54
03:04:28   2912.67    957.39
03:04:31   4581.31    137.94
03:04:34   4491.34    796.24
03:04:37   2591.52    520.53
03:04:40   4724.45    187.52
03:04:43   4756.45   1371.20
03:04:46   2855.91     13.14
03:04:49   4184.14    187.91
03:04:52   4700.38   1351.62
03:04:55   3349.56    170.08
03:04:58   4711.24     40.06
03:05:01   3576.08   1342.51
03:05:04   4603.99    178.54
03:05:07   4609.84    802.95
03:05:10   4230.22    968.67
03:05:13   3907.96    180.36
03:05:16   4519.35   1738.81
Connection to 192.168.1.102 closed.
time: 10
  Time         enp0s25      
HH:MM:SS   Kbps in  Kbps out
03:05:22   4901.53    835.14
03:05:25   3013.72    923.09
03:05:28   4475.10    185.51
03:05:31   4704.75   1346.75
03:05:34   3066.15    548.87
03:05:37   4924.66     35.06
03:05:40   4374.45   1733.51
03:05:43   3160.54    163.07
03:05:46   4707.31    182.33
03:05:49   4727.88   1580.38
03:05:52   4164.71    187.46
03:05:55   3203.87    159.72
03:05:58   4010.18   1723.25
03:06:01   4553.07     25.80
03:06:04   4202.53    526.43
03:06:07   3609.05   1366.27
03:06:10   4806.00    186.98
03:06:13   4634.81   1743.63
03:06:16   5098.65     56.15
Connection to 192.168.1.102 closed.
time: 11
  Time         enp0s25      
HH:MM:SS   Kbps in  Kbps out
03:06:23   4231.65    585.40
03:06:26   3046.48    180.85
03:06:29   4610.32   1749.43
03:06:32   4749.36    188.53
03:06:35   2869.87     16.39
03:06:38   4886.70   1778.63
03:06:41   4687.02    141.68
03:06:44   3084.72    122.61
03:06:47   4873.16    846.01
03:06:50  40726.85    984.14
03:06:53  81968.60   1901.99
03:06:56  98645.26   2698.17
03:06:59  89207.21   1870.28
03:07:02  89318.72   1903.43
03:07:05  76040.19   1942.00
03:07:08  73153.16   1547.71
03:07:11  85566.65   2206.31
03:07:14  99238.12   2072.08
03:07:17  94800.55   2378.51
Connection to 192.168.1.102 closed.
time: 12
  Time         enp0s25      
HH:MM:SS   Kbps in  Kbps out
03:07:23  93721.24   1982.38
03:07:26  91476.53   2283.42
03:07:29  100225.5   2121.69
03:07:32  91448.27   1911.57
03:07:35  74277.26   1918.04
03:07:38  76749.34   1614.47
03:07:41  49002.35   1024.16
03:07:44  39053.72   1185.26
03:07:47  39142.31    806.06
03:07:50  37915.80    772.72
03:07:53  72947.62   1942.75
03:07:56  38077.15    785.84
03:07:59  33905.50    698.28
03:08:02   4665.45    425.72
03:08:05   4658.75     44.69
03:08:08   5825.06    435.60
03:08:11   3153.74      8.64
03:08:14   4857.68    586.48
03:08:17   4712.74     33.60
Connection to 192.168.1.102 closed.
time: 13
  Time         enp0s25      
HH:MM:SS   Kbps in  Kbps out
03:08:22   4982.30    430.88
03:08:25   4564.12     40.44
03:08:28   3616.93     23.01
03:08:31   4642.46    439.04
03:08:34   4687.16     40.58
03:08:37   4732.83     38.57
03:08:40   3046.17    405.61
03:08:43   5085.50     57.13
03:08:46  35876.65    742.20
03:08:49  97194.93   2360.54
03:08:52  67116.54   1408.99
03:08:55  68496.83   1823.06
03:08:58  92703.09   1952.71
03:09:01  64865.91   1727.22
03:09:04  97379.24   2068.01
03:09:07  99762.12   2123.50
03:09:10  98972.17   2483.09
03:09:13  99008.55   2123.52
03:09:16  99344.37   2088.18
Connection to 192.168.1.102 closed.
time: 14
  Time         enp0s25      
HH:MM:SS   Kbps in  Kbps out
03:09:22  99165.22   2075.71
03:09:25  98782.58   2056.89
03:09:28  99111.89   2476.71
03:09:31  100011.5   2106.30
03:09:34  99635.19   2023.58
03:09:37  97468.12   2460.59
03:09:40  99568.36   2092.39
03:09:43  94842.57   1917.46
03:09:46  98914.11   2498.60
03:09:49  97562.51   2030.85
03:09:53  85334.80   1865.91
03:09:56  63123.31   1683.81
03:09:59   4973.31    430.83
03:10:02   5068.68    475.34
03:10:05   4495.90     69.88
03:10:08   3143.84    848.92
03:10:11   5024.39     93.36
03:10:14   4489.45     28.76
03:10:17   3078.53    849.61
Connection to 192.168.1.102 closed.
time: 15
  Time         enp0s25      
HH:MM:SS   Kbps in  Kbps out
03:10:22   5142.90     73.79
03:10:25   3235.93    796.57
03:10:28   4478.87     84.56
03:10:31   5186.53     97.93
03:10:34   4076.95    862.01
03:10:37   3961.91     64.09
03:10:40   3774.48    515.44
03:10:43   4440.60    438.00
03:10:46   4124.02     82.56
03:10:49   4237.98    807.22
03:10:52   4502.05     96.47
03:10:55   4687.39    906.91
03:10:58   5208.10    106.19
03:11:01   4872.73     70.81
03:11:04   2837.41    885.73
03:11:07   4955.68    131.58
03:11:10   5135.01     29.01
03:11:13   3694.88    900.78
03:11:16   3952.74    128.30
Connection to 192.168.1.102 closed.
time: 16
  Time         enp0s25      
HH:MM:SS   Kbps in  Kbps out
03:11:23   4714.36    866.42
03:11:26   3014.84     17.23
03:11:29   4487.76    784.24
03:11:32   5125.66    196.63
03:11:35   3200.88     93.36
03:11:38   4079.72    822.52
03:11:41   4016.77     82.12
03:11:44   4613.37    108.40
03:11:47   4338.85    894.29
03:11:50   4190.66     51.05
03:11:53   4302.77    876.52
03:11:56   5492.32    119.55
03:11:59   5215.24    207.48
03:12:02   3868.20    303.79
03:12:05   3543.62    217.57
03:12:08   4828.44    510.41
03:12:11   4843.90    185.06
03:12:14   3218.79     94.44
03:12:17   4423.68    536.95
Connection to 192.168.1.102 closed.
time: 17
  Time         enp0s25      
HH:MM:SS   Kbps in  Kbps out
03:12:22  98558.69   2029.15
03:12:25  99696.96   2552.23
03:12:28  99943.29   2195.75
03:12:31  100201.7   2193.10
03:12:34  99246.06   2570.46
03:12:37  99860.18   2185.42
03:12:40  100458.5   2150.96
03:12:43  98843.89   2486.93
03:12:46  99370.45   2081.90
03:12:49  98036.75   1995.53
03:12:52  98352.72   2390.98
03:12:55  96944.11   1917.33
03:12:58  93382.27   4164.95
03:13:01  97878.07   2493.76
03:13:04  90264.83   4149.07
03:13:07  97886.63   3314.57
03:13:10  95514.32   3216.10
03:13:13  95360.59   3756.53
03:13:16  96400.33   3547.30
Connection to 192.168.1.102 closed.
time: 18
  Time         enp0s25      
HH:MM:SS   Kbps in  Kbps out
03:13:22  91838.74   2352.65
03:13:25  85402.19   2590.69
03:13:28   3213.94    901.93
03:13:31   4706.51    124.68
03:13:34   4766.28   1388.56
03:13:37   3865.50    705.64
03:13:40   4582.97     86.70
03:13:43   4935.46   2079.96
03:13:46   6843.47     62.49
03:13:49   3526.35   2062.68
03:13:52   5523.85    191.14
03:13:55   5113.08   1978.71
03:13:58   3263.03      7.70
03:14:01   4315.63     74.50
03:14:04   4987.82   2029.45
03:14:07   3010.72     59.95
03:14:10   4958.49     30.19
03:14:13   4878.21   2074.15
03:14:16   3529.93     99.91
Connection to 192.168.1.102 closed.
time: 19
  Time         enp0s25      
HH:MM:SS   Kbps in  Kbps out
03:14:22   5009.87   1987.69
03:14:25   3102.26    123.41
03:14:28   4555.87    655.26
03:14:31   4702.91   1668.66
03:14:34   4656.82     31.38
03:14:37   4376.83   2130.22
03:14:40   5591.88    727.84
03:14:43   4877.76   3470.99
03:14:46   2952.14   1344.01
03:14:49   4726.86   3383.06
03:14:52   4940.47   2068.02
03:14:55   2891.12   2126.49
03:14:58   4397.76   2667.64
03:15:01   4297.63    405.09
03:15:04   5560.64   1811.95
03:15:07   4714.24    563.27
03:15:10   4458.75   1272.59
03:15:13   4637.70   1218.98
03:15:16   2955.22   1207.34
Connection to 192.168.1.102 closed.
time: 20
  Time         enp0s25      
HH:MM:SS   Kbps in  Kbps out
03:15:22   3353.77    924.36
03:15:25   4210.82   1507.22
03:15:28   4894.26   1477.16
03:15:31   6699.24   1983.73
03:15:34   3123.42   1338.92
03:15:37   4158.30   1082.05
03:15:40   5234.28   2041.71
03:15:43   4017.94   1353.90
03:15:46   4638.77   1025.84
03:15:49   4387.73   1265.75
03:15:52   3713.50   1351.39
03:15:55   4308.32   1502.84
03:15:58   5266.33    527.37
03:16:01   4587.09   1106.19
03:16:04   3434.24    917.24
03:16:07   4642.91   1172.92
03:16:10   4884.31    889.32
03:16:13   2934.53   1165.81
03:16:16   5133.47   1422.67
Connection to 192.168.1.102 closed.
time: 21
  Time         enp0s25      
HH:MM:SS   Kbps in  Kbps out
03:16:22   4371.42   1114.98
03:16:25   4095.62   1344.64
03:16:28   6590.49   1537.71
03:16:31   3727.06   1351.14
03:16:34   4657.62    648.69
03:16:37   4783.39   1588.35
03:16:40   5120.37   1573.80
03:16:43   3501.85   1255.53
03:16:46   4482.31    482.71
03:16:49   4043.88   4079.67
03:16:52   4538.54   1284.17
03:16:55   5938.31   2069.86
03:16:58   4630.53   2941.08
03:17:01   2760.93   1684.81
03:17:04   4693.64   3076.68
03:17:07   5063.38   1833.50
03:17:10   3387.65   2274.48
03:17:13   4179.75   1580.15
03:17:16   4472.74   2881.85
Connection to 192.168.1.102 closed.
time: 22
  Time         enp0s25      
HH:MM:SS   Kbps in  Kbps out
03:17:22   3049.82   1855.58
03:17:25   4332.97   2020.02
03:17:28   5526.15   2449.84
03:17:31   3587.57   2169.32
03:17:34   5074.67   1386.56
03:17:37   3793.31   2783.85
03:17:40   4335.29   1618.95
03:17:43   4765.16   2929.76
03:17:46   4944.02   1163.07
03:17:49   3053.02   2502.28
03:17:52   5015.72   2284.58
03:17:55   4929.96   1187.03
03:17:58   5068.42    430.28
03:18:01   2974.91   1221.39
03:18:04   4445.27   1249.03
03:18:07   3674.18    955.72
03:18:10   4312.94   1349.84
03:18:13   4679.63    402.70
03:18:16   6678.17   1386.45
Connection to 192.168.1.102 closed.
time: 23
  Time         enp0s25      
HH:MM:SS   Kbps in  Kbps out
03:18:22   5102.31   1189.68
03:18:25   4872.33    739.09
03:18:28   4337.92   1335.34
03:18:31   4062.96   1695.05
03:18:34   4935.05   1489.73
03:18:37   4806.61    861.46
03:18:40   3155.28   1615.29
03:18:43   4294.79   1147.08
03:18:46   4378.98   1527.29
03:18:49   3715.42    781.35
03:18:52   4269.99   1001.24
03:18:55   4609.49   1469.12
03:18:58   5110.67   1278.55
03:19:01   4576.10    807.95
03:19:04   5108.06   1058.33
03:19:07   2616.55   1033.90
03:19:10   4676.34   1037.30
03:19:13   5456.19   1306.15
03:19:16   5118.27    515.06
Connection to 192.168.1.102 closed.
time: 24
  Time         enp0s25      
HH:MM:SS   Kbps in  Kbps out
03:19:22   5185.17   2195.58
03:19:25   3460.62   1236.10
03:19:28   4648.49   1352.72
03:19:31   4416.98   1805.60
03:19:34   4728.33   1363.12
03:19:37   3173.07    997.69
03:19:40   4444.38    567.52
03:19:43   4297.45    724.47
03:19:46   2874.02   1412.85
03:19:49   4552.38   1100.81
03:19:52   4964.10    322.73
03:19:55   2869.02    555.72
03:19:58   4600.19    757.59
03:20:01   4562.20    578.48
03:20:04   4663.99    239.24
03:20:07   2778.08    569.54
03:20:10   4258.64   1346.86
03:20:13   4220.92    472.31
03:20:16   3650.39    212.65
Connection to 192.168.1.102 closed.
time: 25
  Time         enp0s25      
HH:MM:SS   Kbps in  Kbps out
03:20:23   3280.17    857.13
03:20:26   4514.95    476.57
03:20:29   4609.23    583.43
03:20:32   5111.06    672.16
03:20:35   4175.79    517.17
03:20:38   2945.47    451.25
03:20:41   4659.43    909.06
03:20:44   4459.50    379.39
03:20:47   2508.89   1141.98
03:20:50   4677.46   1052.45
03:20:53   4395.34   1773.59
03:20:56   3071.01   1007.88
03:20:59   4488.33    291.52
03:21:02   4065.95   1678.75
03:21:05   4545.61    802.76
03:21:08   2839.22    674.59
03:21:11   4498.36    796.62
03:21:14   4336.87    139.26
03:21:17   2473.70    949.31
Connection to 192.168.1.102 closed.
