time: 0
  Time         enp0s25      
HH:MM:SS   Kbps in  Kbps out
04:42:36   2892.45     16.05
04:42:39   2678.82     27.78
04:42:42   2885.57     18.75
04:42:45   3144.38      9.59
04:42:48   2969.47     19.22
04:42:51   2502.33     16.58
04:42:54   3016.09      9.18
04:42:57   3986.10     26.57
04:43:00   5129.42     35.22
04:43:03   2611.67     17.91
04:43:06   4498.94     29.16
04:43:09   4178.09     19.74
04:43:12   4665.83     38.30
04:43:15   4170.31     30.45
04:43:18   5648.87     35.30
04:43:21   4325.57     34.88
04:43:24   3403.97     17.65
04:43:27   4823.95     30.96
04:43:30   4235.31     26.75
Connection to 192.168.1.102 closed.
time: 1
  Time         enp0s25      
HH:MM:SS   Kbps in  Kbps out
04:43:36   3922.06     24.77
04:43:39   4452.67     29.65
04:43:42   4094.76     32.00
04:43:45   5829.45     38.88
04:43:48   4635.17     61.87
04:43:51   3017.26     19.73
04:43:54   4211.29     34.44
04:43:57   4660.51     34.49
04:44:00   3117.94     11.95
04:44:03   3942.69     25.22
04:44:06   4202.81     35.12
04:44:09   6536.85     58.79
04:44:12   3111.10     11.58
04:44:15   4414.69     17.22
04:44:18   4358.34     36.34
04:44:21   3075.16     14.44
04:44:24   4529.67     32.42
04:44:27   3773.06     26.80
04:44:30   3863.18    191.89
Connection to 192.168.1.102 closed.
time: 2
  Time         enp0s25      
HH:MM:SS   Kbps in  Kbps out
04:44:36   6522.88    236.56
04:44:39   2949.11    381.41
04:44:42   4404.23     38.39
04:44:45   4377.93    378.22
04:44:48   4517.22    379.85
04:44:51   3128.13    356.03
04:44:54   4119.48    370.84
04:44:57   4447.40     33.74
04:45:00   3200.44    361.46
04:45:03   6656.29    403.93
04:45:06   4618.42    369.98
04:45:09   3109.80    355.56
04:45:12   4701.43    375.96
04:45:15   4696.32     34.96
04:45:18   2836.38    354.47
04:45:21   4207.97    483.98
04:45:24   4673.77    539.20
04:45:27   5210.12     37.26
04:45:30   4055.47    461.03
Connection to 192.168.1.102 closed.
time: 3
  Time         enp0s25      
HH:MM:SS   Kbps in  Kbps out
04:45:36   4628.09    704.07
04:45:39   2946.61     26.24
04:45:42   4601.66    553.37
04:45:45   3368.06    532.04
04:45:48   3362.55    522.82
04:45:51   4685.83    550.02
04:45:54   6529.23    148.13
04:45:57   2905.03    431.61
04:46:00   4470.22    692.14
04:46:03   4590.99    538.15
04:46:06   5129.75     45.84
04:46:09   2625.37    492.96
04:46:12   4110.80    532.94
04:46:15   4278.60    525.04
04:46:18   4005.55     24.22
04:46:21   6242.75    573.68
04:46:24   4528.10    536.89
04:46:27   3161.22    519.40
04:46:30   4885.52     32.02
Connection to 192.168.1.102 closed.
time: 4
  Time         enp0s25      
HH:MM:SS   Kbps in  Kbps out
04:46:38   3995.55     24.97
04:46:41   4118.51    538.17
04:46:44   3673.34    522.60
04:46:47   6592.21    583.21
04:46:50   3173.67     14.75
04:46:53   3935.33    541.44
04:46:56   4937.44    544.42
04:46:59   4714.03    554.69
04:47:02   3079.78     13.23
04:47:05   4267.81    573.61
04:47:08   4715.75    534.94
04:47:11   3256.12    487.41
04:47:14   4626.89    504.74
04:47:17   3699.95     22.82
04:47:20   4256.18    505.03
04:47:23   4527.23    502.57
04:47:26   4730.82    505.04
04:47:29   3612.49     15.62
04:47:32   4326.91    508.28
Connection to 192.168.1.102 closed.
time: 5
  Time         enp0s25      
HH:MM:SS   Kbps in  Kbps out
04:47:37   4598.98     33.81
04:47:40   4372.70    384.36
04:47:43   5336.09    174.20
04:47:46   3066.93    110.67
04:47:49   4858.40    492.11
04:47:52   4315.91    119.45
04:47:55  29996.15   1028.12
04:47:58  91523.30   2004.33
04:48:01  89655.30   1936.78
04:48:04  91018.28   2419.77
04:48:07  76981.79   1629.95
04:48:10  84818.15   1666.37
04:48:13  87622.57   1803.00
04:48:16  63767.53   1323.33
04:48:19  88979.15   1912.28
04:48:22  97506.21   2522.47
04:48:25  78529.78   1643.54
04:48:28  99929.37   2135.60
04:48:31  94752.44   2032.54
Connection to 192.168.1.102 closed.
time: 6
  Time         enp0s25      
HH:MM:SS   Kbps in  Kbps out
04:48:38  87538.88   1859.07
04:48:41  75775.62   1988.45
04:48:44  67982.31   1480.71
04:48:47  81638.91   1747.37
04:48:50  79365.58   1697.61
04:48:53  77864.51   2024.43
04:48:56  77139.94   1664.04
04:48:59  67898.45   1436.60
04:49:02  45860.01    973.74
04:49:05  83240.84   2161.18
04:49:08  64070.86   1356.27
04:49:11  87757.41   1893.48
04:49:14  96938.91   2463.47
04:49:17  94049.37   1934.30
04:49:20  98539.72   2024.50
04:49:23  99179.23   2073.74
04:49:26  99465.61   2026.83
04:49:29  97640.30   1899.56
04:49:32  99092.07   2323.54
Connection to 192.168.1.102 closed.
time: 7
  Time         enp0s25      
HH:MM:SS   Kbps in  Kbps out
04:49:38  98951.62   2312.05
04:49:41  98028.61   2436.00
04:49:44  99545.12   2108.75
04:49:47  98751.47   2320.23
04:49:50  99375.03   2428.81
04:49:53  93324.44   2027.73
04:49:56  96844.16   1844.90
04:49:59  92083.22   1865.86
04:50:02  95346.04   2075.21
04:50:05  97332.51   1984.14
04:50:08  97233.40   1976.38
04:50:11  97778.82   1990.14
04:50:14  98967.02   2025.16
04:50:17  97395.74   2057.09
04:50:20  98518.18   2192.46
04:50:23  62190.24   1653.81
04:50:26  98468.36   2289.61
04:50:29  98748.67   2197.36
04:50:32  98716.19   2116.95
Connection to 192.168.1.102 closed.
time: 8
  Time         enp0s25      
HH:MM:SS   Kbps in  Kbps out
04:50:37  90136.69   1886.38
04:50:40  98576.57   2218.08
04:50:43  99102.28   2104.29
04:50:46  98236.56   2286.23
04:50:49  68018.89   1627.02
04:50:52   4564.49    643.93
04:50:55   4491.21    989.56
04:50:58   3284.67   1157.08
04:51:01   4670.01    928.99
04:51:04   4619.96    877.68
04:51:07   4532.34    947.08
04:51:10   4072.44     93.55
04:51:13   4964.46    642.72
04:51:16   4510.72    650.13
04:51:19   3161.52    400.67
04:51:22  73877.98   1807.90
04:51:25  64247.19   1977.06
04:51:28  63858.85   1395.51
04:51:31  88608.41   2152.63
Connection to 192.168.1.102 closed.
time: 9
  Time         enp0s25      
HH:MM:SS   Kbps in  Kbps out
04:51:37  70748.59   1674.87
04:51:40  58262.64   1572.93
04:51:43  80770.13   2115.73
04:51:46  70163.42   1588.97
04:51:49  75229.74   1861.70
04:51:52  72401.79   1839.28
04:51:55  57319.54   1343.97
04:51:58  72866.30   1745.92
04:52:01  91307.29   2295.35
04:52:04  72139.10   1738.28
04:52:07  67807.05   1697.96
04:52:10  67077.41   1655.29
04:52:13  85883.53   2132.80
04:52:16  87427.02   1911.75
04:52:19  61740.11   1506.56
04:52:22  82791.71   1632.57
04:52:25  91021.68   2221.23
04:52:28  73395.92   1644.65
04:52:31  69367.22   1593.85
Connection to 192.168.1.102 closed.
time: 10
  Time         enp0s25      
HH:MM:SS   Kbps in  Kbps out
04:52:37  52584.22   1450.45
04:52:40  49845.73   1160.78
04:52:43  68739.06   1678.59
04:52:46  60716.66   1226.72
04:52:49  53777.90   1466.00
04:52:52  56607.19   1751.71
04:52:55  58767.01   1567.28
04:52:58  50644.20   1053.06
04:53:01  51004.12   1397.33
04:53:04  51182.98   1701.03
04:53:07  74077.61   1691.95
04:53:10  87680.36   1854.37
04:53:13  68697.41   1599.24
04:53:16  44585.16   1263.19
04:53:19  39173.71   1367.07
04:53:22  37066.64    659.22
04:53:25  52253.04   1454.08
04:53:28  48985.71   1091.32
04:53:31  51115.06   1175.34
Connection to 192.168.1.102 closed.
time: 11
  Time         enp0s25      
HH:MM:SS   Kbps in  Kbps out
04:54:25   3465.91     14.25
04:54:28   4002.40   1251.70
04:54:31   4090.24    764.81
04:54:34   4688.73    747.73
04:54:37   4558.42     62.46
04:54:40   4321.91    723.00
04:54:43   3686.49   1223.27
04:54:46   4803.94    756.07
04:54:49   4797.32    106.99
04:54:52   4288.68    683.17
04:54:55   4636.63   1231.88
04:54:58   5272.41    778.09
04:55:01  19222.06    453.22
04:55:04  100063.5   2458.70
04:55:07  100091.9   2333.78
04:55:10  99866.13   2486.79
04:55:13  99828.44   2595.56
04:55:16  100090.9   2200.49
04:55:19  98447.33   2162.25
Connection to 192.168.1.102 closed.
time: 12
  Time         enp0s25      
HH:MM:SS   Kbps in  Kbps out
04:55:26  98800.45   2230.46
04:55:29  99026.12   2583.96
04:55:32  99333.82   2363.28
04:55:35  88735.34   2100.88
04:55:38  95005.74   2308.82
04:55:41  94244.91   1863.55
04:55:44  97725.95   2386.62
04:55:47  79794.82   2788.99
04:55:50  74029.35   1808.01
04:55:53  75208.89   1578.58
04:55:56  93156.43   2676.55
04:55:59  87284.96   2268.46
04:56:02  86973.41   2184.47
04:56:05  72133.27   1535.47
04:56:08  68475.26   3093.29
04:56:11  80242.93   2096.78
04:56:14  39155.64   1470.75
04:56:17  50579.52   1048.60
04:56:20  40215.71   1490.05
Connection to 192.168.1.102 closed.
time: 13
  Time         enp0s25      
HH:MM:SS   Kbps in  Kbps out
04:56:26  41447.45    978.80
04:56:29  49720.33   2258.31
04:56:32  38754.71   1877.51
04:56:35  45395.65   1486.22
04:56:38   4697.36     41.34
04:56:41   4407.27    596.55
04:56:44   4486.91    770.91
04:56:47   4946.65   1027.03
04:56:50   4869.11   1056.54
04:56:53   4722.57    739.12
04:56:56   3326.37    759.76
04:56:59   5050.82    775.40
04:57:02   4555.69    243.78
04:57:05   5001.49    742.69
04:57:08   4600.40    941.38
04:57:11   2683.83    926.90
04:57:14   4725.53    949.40
04:57:17   5020.88    211.49
04:57:20   3300.72    697.93
Connection to 192.168.1.102 closed.
time: 14
  Time         enp0s25      
HH:MM:SS   Kbps in  Kbps out
04:57:25   5019.99    741.67
04:57:28   3341.22    177.36
04:57:31   4406.96    626.69
04:57:34   4506.60   1273.06
04:57:37   4761.34    742.14
04:57:40   3060.86     34.56
04:57:43   4144.65    710.15
04:57:46   4476.54    745.21
04:57:49   3423.17    685.33
04:57:52   4582.81    618.34
04:57:55   4384.03    669.85
04:57:58   3398.26    664.49
04:58:01   5020.30   1107.60
04:58:04   4703.40   1210.83
04:58:07   2897.58    842.05
04:58:10   4284.16   1939.98
04:58:13   4474.59    546.85
04:58:16   4512.13   1194.29
04:58:19   4693.28    540.51
Connection to 192.168.1.102 closed.
time: 15
  Time         enp0s25      
HH:MM:SS   Kbps in  Kbps out
04:58:26   4821.82   1714.87
04:58:29   3101.28    525.82
04:58:32   4757.11   1208.72
04:58:35   4373.57    545.99
04:58:38   4125.87    536.38
04:58:41   3561.71   1697.57
04:58:44   4738.82     39.85
04:58:47   4191.69    542.75
04:58:50   2873.29   1575.91
04:58:53   4548.71    431.86
04:58:56   4663.75     32.78
04:58:59   2824.53   1576.51
04:59:02   4655.87    401.96
04:59:05   4196.22    842.87
04:59:08   4386.50    390.74
04:59:11   4002.79    436.15
04:59:14   3561.25   1013.29
04:59:17   4459.14    241.86
04:59:20   4461.27    812.71
Connection to 192.168.1.102 closed.
time: 16
  Time         enp0s25      
HH:MM:SS   Kbps in  Kbps out
05:00:02   3557.36   1095.26
05:00:05   4508.05    327.05
05:00:08   4460.33    537.61
05:00:11   4568.54    812.14
05:00:14   3226.83    510.96
05:00:17   4609.74   1300.30
05:00:20   5030.80    534.75
05:00:23   4520.90    408.50
05:00:26   2447.34    906.18
05:00:29   4420.98    517.48
05:00:32   4784.83   1065.56
05:00:35   4606.23    264.07
05:00:38   2609.37    498.59
05:00:41   4737.80   1293.41
05:00:44   4445.34    515.10
05:00:47   2910.06    498.33
05:00:50   5146.36    446.66
05:00:53   4336.37    557.38
05:00:56   3382.53    526.42
Connection to 192.168.1.102 closed.
time: 17
  Time         enp0s25      
HH:MM:SS   Kbps in  Kbps out
05:01:03  98118.87   2239.84
05:01:06  99987.76   2135.16
05:01:09  99102.20   2690.16
05:01:12  97855.24   2382.43
05:01:15  98531.66   2347.26
05:01:18  97711.12   2012.97
05:01:21  95525.55   2143.41
05:01:24  95043.30   3034.41
05:01:27  94531.01   2371.53
05:01:30  99356.74   2160.02
05:01:33  99666.18   2287.95
05:01:36  96820.81   2279.54
05:01:39  94958.11   3578.90
05:01:42  99211.99   2436.37
05:01:45  99351.37   2069.68
05:01:48  96767.17   2527.91
05:01:51  88828.54   2424.52
05:01:54  94369.80   2771.73
05:01:57  92666.40   3265.46
Connection to 192.168.1.102 closed.
time: 18
  Time         enp0s25      
HH:MM:SS   Kbps in  Kbps out
05:02:03  93428.86   2806.84
05:02:06  97027.61   2706.75
05:02:09  99681.08   2125.03
05:02:12  95474.73   2622.85
05:02:15  92398.62   3298.70
05:02:18   4494.76    788.46
05:02:21   4581.61     46.69
05:02:24   4233.89    779.82
05:02:27   3175.21    714.96
05:02:30   4518.76    369.06
05:02:33   4777.31   2502.19
05:02:36   2486.44     81.73
05:02:39   4874.68     31.14
05:02:42   4695.54     38.72
05:02:45   3218.04     15.02
05:02:48   3839.32   2676.79
05:02:51   4361.79    268.39
05:02:54   4550.55    374.85
05:02:57   4473.77     34.12
Connection to 192.168.1.102 closed.
time: 19
  Time         enp0s25      
HH:MM:SS   Kbps in  Kbps out
05:03:02   4928.11   1333.66
05:03:05   4553.75   1514.43
05:03:08   3644.44     98.68
05:03:11   4387.92    194.80
05:03:14   4699.16     33.94
05:03:17   5328.01   2809.94
05:03:20   4589.41    191.73
05:03:23   2974.68    551.45
05:03:26   4660.17   2781.32
05:03:29   4637.65    446.64
05:03:32   2824.28   2854.89
05:03:35   4278.84   1061.63
05:03:38   5044.58    947.46
05:03:41   3329.62   2348.48
05:03:44   5153.03   1103.23
05:03:47   4342.89   1332.66
05:03:50   3968.71   3744.73
05:03:53   5311.52   1354.80
05:03:56   5081.60    870.00
Connection to 192.168.1.102 closed.
time: 20
  Time         enp0s25      
HH:MM:SS   Kbps in  Kbps out
05:04:02   3680.20   2861.94
05:04:05   5650.81   1860.46
05:04:08   5188.58   2205.05
05:04:11   3322.76    902.36
05:04:14   4588.49    608.75
05:04:17   5240.04    575.89
05:04:20   3617.73    550.88
05:04:23   5139.46   2494.91
05:04:26   4759.62   1769.99
05:04:29   1895.53   1168.16
05:04:32   5062.88   1181.85
05:04:35   5165.27    345.32
05:04:38   3811.87    649.80
05:04:41   4526.49   3367.20
05:04:44   5071.02    565.84
05:04:47   5137.77    290.24
05:04:50   4314.58    923.49
05:04:53   4325.16   1331.42
05:04:56   5186.05   3266.46
Connection to 192.168.1.102 closed.
time: 21
  Time         enp0s25      
HH:MM:SS   Kbps in  Kbps out
05:05:02   4967.59     34.65
05:05:05   3555.71    723.87
05:05:08   4764.83   1773.00
05:05:11   5541.07   1973.59
05:05:14   5065.17    798.28
05:05:17   3112.96    995.31
05:05:20   5155.27   1030.72
05:05:23  70437.07   1515.20
05:05:26  89912.57   4849.06
05:05:29  97611.22   2492.59
05:05:32  99638.03   2437.31
05:05:35  100479.9   2259.40
05:05:38  99222.02   2157.71
05:05:41  96244.61   2542.99
05:05:44  93599.25   4298.84
05:05:47  99924.04   2301.19
05:05:50  98858.93   2288.17
05:05:53  97840.44   2335.56
05:05:56  99600.96   2444.70
Connection to 192.168.1.102 closed.
time: 22
  Time         enp0s25      
HH:MM:SS   Kbps in  Kbps out
05:06:03  100349.6   2173.08
05:06:06  98207.04   2353.54
05:06:09  98163.15   2337.01
05:06:12  95039.57   2270.40
05:06:15  99830.29   1948.78
05:06:18  96553.02   3521.53
05:06:21  99098.35   2356.13
05:06:24  98833.22   2432.62
05:06:27  98735.56   2057.58
05:06:30  99089.27   2466.77
05:06:33  97910.75   2661.37
05:06:36  93130.19   4035.03
05:06:39  34873.11    684.16
05:06:42   4755.62    790.12
05:06:45   5196.73    581.26
05:06:48   5295.96    873.39
05:06:51   4413.27   1630.06
05:06:54   4219.22    581.05
05:06:57   4991.58    583.06
Connection to 192.168.1.102 closed.
time: 23
  Time         enp0s25      
HH:MM:SS   Kbps in  Kbps out
05:07:04   6087.15   2482.02
05:07:07   4837.56     40.44
05:07:10   3005.06    393.23
05:07:13   5199.32    586.65
05:07:16   5298.38    772.53
05:07:19   3246.47   2106.87
05:07:22   4710.36    595.81
05:07:25   4895.07    571.87
05:07:28   3488.82    562.52
05:07:31   4933.72     31.03
05:07:34   4356.72   1310.47
05:07:37   5065.83   1669.81
05:07:40   3205.34    379.30
05:07:43   4922.71     41.70
05:07:46   4431.33    401.77
05:07:49   3049.11    377.12
05:07:52   4841.25   1724.34
05:07:55   4901.01     32.53
05:07:58   2803.58    384.03
Connection to 192.168.1.102 closed.
time: 24
  Time         enp0s25      
HH:MM:SS   Kbps in  Kbps out
05:08:03   3886.12     31.69
05:08:06   4022.41    414.74
05:08:09   4409.65   1560.84
05:08:12   5055.97    415.13
05:08:15   3102.59    394.28
05:08:18   3969.78   1748.15
05:08:21   4192.10    824.77
05:08:24   4676.99    730.31
05:08:27   4729.40   2168.75
05:08:30   3662.36     12.12
05:08:33   4783.26   2561.86
05:08:36   5055.81     79.47
05:08:39   5092.96    333.54
05:08:42   2971.63   1333.15
05:08:45   4282.52    293.14
05:08:48   4831.64    884.39
05:08:51   4883.47   1049.08
05:08:54   3025.60     16.92
05:08:57   4427.66   2039.69
Connection to 192.168.1.102 closed.
time: 25
  Time         enp0s25      
HH:MM:SS   Kbps in  Kbps out
05:09:03   3501.81    322.21
05:09:06   4671.61   2925.02
05:09:09   4372.18    517.66
05:09:12   3130.22    478.03
05:09:15   4870.18    512.00
05:09:18   4581.16     59.13
05:09:21   3046.28    460.18
05:09:24   4659.70   3665.50
05:09:27   4927.68     77.45
05:09:30   4140.18    422.81
05:09:33   4039.80    459.50
05:09:36   4666.26   1805.35
05:09:39   4911.79   2188.74
05:09:42   4601.54     24.02
05:09:45   3184.34    384.48
05:09:48   4699.40    402.18
05:09:51   5280.41   3200.15
05:09:54   5519.54     52.29
05:09:57   4299.58   1461.34
Connection to 192.168.1.102 closed.
