time: 0
  Time         enp0s25      
HH:MM:SS   Kbps in  Kbps out
02:43:27   3203.15     23.98
02:43:30   3256.83     40.92
02:43:33   2963.59     10.52
02:43:36   3326.56     13.71
02:43:39   3357.63     19.67
02:43:42   5114.76     34.85
02:43:45   3031.34     10.31
02:43:48   4624.98     32.61
02:43:51   4531.62     33.11
02:43:54   4475.91     32.67
02:43:57   3030.30     11.34
02:44:00   4631.05     33.02
02:44:03   3766.96     14.39
02:44:06   3153.61     19.35
02:44:09   4651.98     24.65
02:44:12   6801.30     66.39
02:44:15   2993.49      6.44
02:44:18   4276.25     34.50
02:44:21   4784.44     29.83
Connection to 192.168.1.102 closed.
time: 1
  Time         enp0s25      
HH:MM:SS   Kbps in  Kbps out
02:44:27   4801.75     35.56
02:44:30   3741.60     35.88
02:44:33   4058.88     43.62
02:44:36   4251.01     21.93
02:44:39   6514.44     53.00
02:44:42   2780.79     16.52
02:44:45   4435.33     24.79
02:44:48   4684.84     35.21
02:44:51   4629.26     38.94
02:44:54   2937.33      8.75
02:44:57   3789.02     27.80
02:45:00   4840.04     34.93
02:45:03   4188.12     22.88
02:45:06   5455.73     29.29
02:45:09   4140.03     30.72
02:45:12   3254.47     16.22
02:45:15   4473.93     19.65
02:45:18   4541.88     24.95
02:45:21   3218.59     24.36
Connection to 192.168.1.102 closed.
time: 2
  Time         enp0s25      
HH:MM:SS   Kbps in  Kbps out
02:45:27   4100.44     35.64
02:45:30   6414.18     89.70
02:45:33   2922.76     17.94
02:45:36   4499.73     33.36
02:45:39   4205.99   1073.28
02:45:42   2909.14    671.30
02:45:45   4479.30    200.05
02:45:48   4369.13     29.53
02:45:51   2594.21     17.48
02:45:54   4489.62   1251.34
02:45:57   5113.76     23.83
02:46:00   3322.57    172.31
02:46:03   4314.04     29.10
02:46:06   4798.46    218.20
02:46:09   4670.78     32.43
02:46:12   3160.56    150.83
02:46:15   4274.98   2323.86
02:46:18   4655.91   1414.95
02:46:21   3474.49   1930.22
Connection to 192.168.1.102 closed.
time: 3
  Time         enp0s25      
HH:MM:SS   Kbps in  Kbps out
02:46:27   4364.09    547.41
02:46:30   3292.30    528.36
02:46:33   4328.46   2879.50
02:46:36   4559.20     28.20
02:46:39   4223.59    538.98
02:46:42   4735.12    884.38
02:46:45   3925.44   1905.87
02:46:48   4723.19    420.02
02:46:51   4505.35    765.14
02:46:54   4800.49    537.21
02:46:57   6676.75   1996.38
02:47:00   3239.42      8.23
02:47:03   4408.60    534.86
02:47:06   4767.25    539.30
02:47:09   3272.28    519.64
02:47:12   4863.21   1464.35
02:47:15   4397.52    546.75
02:47:18   3291.74    516.78
02:47:21   4916.11    548.17
Connection to 192.168.1.102 closed.
time: 4
  Time         enp0s25      
HH:MM:SS   Kbps in  Kbps out
02:47:28   4696.27    706.98
02:47:31   3084.40   1284.85
02:47:34   4994.41    558.48
02:47:37   4673.64    547.48
02:47:40   3263.72     10.04
02:47:43   4490.00    554.90
02:47:46   4619.65   1981.31
02:47:49   3209.04    523.68
02:47:52   4461.21    118.76
02:47:55   4302.00    443.87
02:47:58   4566.65    533.98
02:48:01   3017.62    518.13
02:48:04   4512.91   1385.40
02:48:07   4643.29    532.51
02:48:10   2547.46    508.68
02:48:13   4856.85    538.63
02:48:16   4819.13     33.96
02:48:19   2910.42    506.06
02:48:22   3738.84   1885.61
Connection to 192.168.1.102 closed.
time: 5
  Time         enp0s25      
HH:MM:SS   Kbps in  Kbps out
02:48:28   4455.57    536.91
02:48:31   4514.21     38.51
02:48:34   3280.52    699.33
02:48:37   4689.86   2083.63
02:48:40   4562.69    717.54
02:48:43   4485.26     94.56
02:48:46   7623.03    777.42
02:48:49  96367.41   3681.12
02:48:52  99423.74   2498.53
02:48:55  100218.1   2117.40
02:48:58  98928.93   2331.94
02:49:01  98049.48   2327.54
02:49:04  92294.52   2923.68
02:49:07  86626.40   1828.80
02:49:10  98684.41   2395.63
02:49:13  99697.04   2428.18
02:49:16  99559.36   2326.07
02:49:19  97503.23   2049.33
02:49:22  98673.53   3374.69
Connection to 192.168.1.102 closed.
time: 6
  Time         enp0s25      
HH:MM:SS   Kbps in  Kbps out
02:49:28  81133.48   1973.28
02:49:31  97299.88   2052.89
02:49:34  85959.32   2085.03
02:49:37  69062.11   1647.72
02:49:40  93276.75   3255.18
02:49:43  73756.16   1554.74
02:49:46  70703.45   1905.78
02:49:49  73157.71   1851.00
02:49:52  74428.83   1950.19
02:49:55  83933.50   1786.25
02:49:58  73793.80   2664.41
02:50:01  57072.95   1754.05
02:50:04  85132.25   1920.24
02:50:07  82460.07   1883.71
02:50:10  77710.99   1914.16
02:50:13  87187.39   2536.06
02:50:16  91975.61   2437.48
02:50:19  85262.21   1858.95
02:50:22  76466.12   2619.99
Connection to 192.168.1.102 closed.
time: 7
  Time         enp0s25      
HH:MM:SS   Kbps in  Kbps out
02:50:28  62532.02   2159.05
02:50:31  62712.21   1307.79
02:50:34  37189.07    816.33
02:50:37  69771.60   2302.65
02:50:40  92846.42   2006.21
02:50:43  46538.33    965.25
02:50:46  59100.58   2194.23
02:50:49  69585.57   2227.03
02:50:52  52547.33   1434.82
02:50:55  82305.62   2173.25
02:50:58  87039.73   2628.61
02:51:01  50510.02   2152.99
02:51:04  51119.20   1965.85
02:51:07  51714.76   1794.12
02:51:10  61663.74   2019.12
02:51:13  56435.25   1342.12
02:51:16  67690.64   2171.83
02:51:19  51247.66   1768.36
02:51:22  48990.33   1215.34
Connection to 192.168.1.102 closed.
time: 8
  Time         enp0s25      
HH:MM:SS   Kbps in  Kbps out
02:51:28  50151.96   1202.40
02:51:31  27152.92   1309.36
02:51:34  50419.22   1993.23
02:51:37  58656.34   2033.86
02:51:40  32159.48   1235.35
02:51:43  60327.78   1626.34
02:51:46  42913.98   1721.58
02:51:49  50205.88   1819.93
02:51:52  57244.27   1421.18
02:51:55  50698.69   1813.99
02:51:58  35625.11   1483.47
02:52:01  32654.68   1596.41
02:52:04  34448.30   1692.48
02:52:07  27332.53    926.08
02:52:10  24436.32   1287.18
02:52:13  33969.47   1415.59
02:52:16  36226.32    813.21
02:52:19  49025.66   1563.68
02:52:22  37057.18   1046.32
Connection to 192.168.1.102 closed.
time: 9
  Time         enp0s25      
HH:MM:SS   Kbps in  Kbps out
02:52:27  44265.69   1456.88
02:52:30  43433.72   1217.36
02:52:33  22362.62    491.10
02:52:36  39251.60   2053.03
02:52:39  27962.35    577.02
02:52:42  31559.37   1654.58
02:52:45  33996.54    701.01
02:52:48  19225.31    379.66
02:52:51  46812.54   1749.13
02:52:54  39013.63    803.81
02:52:57  37005.69    779.36
02:53:00  27922.80   1471.29
02:53:03  27590.08    542.40
02:53:06  31604.21   1206.31
02:53:09  33499.06    904.16
02:53:12  37806.57    758.25
02:53:15  34005.13   1462.63
02:53:18  21217.59    406.60
02:53:21  38757.36    814.61
Connection to 192.168.1.102 closed.
time: 10
  Time         enp0s25      
HH:MM:SS   Kbps in  Kbps out
02:53:28  26628.57    538.13
02:53:31  27586.11    527.42
02:53:34  31151.18   1416.23
02:53:37  46786.43    975.63
02:53:40  27429.67   1331.88
02:53:43  30385.34    592.17
02:53:46  46356.80   1390.81
02:53:49  19118.04    746.02
02:53:52  25165.72    512.10
02:53:55  33385.99   1329.24
02:53:58  20176.27    501.72
02:54:01  27858.25    559.72
02:54:04  28189.76   1337.65
02:54:07  14645.41    259.42
02:54:10  27013.26    550.57
02:54:13  29401.67   1380.05
02:54:16  24346.29    498.55
02:54:19  27366.45    518.16
02:54:22  26800.39   1335.78
Connection to 192.168.1.102 closed.
time: 11
  Time         enp0s25      
HH:MM:SS   Kbps in  Kbps out
02:56:38   3024.33    885.49
02:56:41   4889.78     93.57
02:56:44  11621.55    773.27
02:56:47  80834.48   2308.36
02:56:50  77835.04   3179.77
02:56:53  91943.70   2976.66
02:56:56  49881.60   1595.59
02:56:59  72274.96   3094.01
02:57:02  60149.90   2862.75
02:57:05  82063.67   3217.94
02:57:08  49759.49   2591.22
02:57:11  79435.05   2357.52
02:57:14  66131.91   1372.37
02:57:17  53248.24   1836.70
02:57:20  78149.05   2046.31
02:57:23  63475.57   1716.84
02:57:26  89215.88   1914.29
02:57:29  83786.34   2152.28
02:57:32  79256.79   2441.62
Connection to 192.168.1.102 closed.
time: 12
  Time         enp0s25      
HH:MM:SS   Kbps in  Kbps out
02:57:38  77671.57   2000.98
02:57:41  68715.55   1836.63
02:57:44  83228.50   1885.22
02:57:47  75691.03   1737.34
02:57:50  88463.66   2085.54
02:57:53  78135.14   1986.13
02:57:56  97411.25   2046.32
02:57:59  88269.36   1734.04
02:58:02  80534.02   2017.12
02:58:06  65369.61   1355.48
02:58:09  58368.39   1600.51
02:58:12  50833.01   1053.25
02:58:15  53466.32   1118.66
02:58:18  79749.22   2105.18
02:58:21  57775.49   1206.46
02:58:24  39410.35    814.13
02:58:27  34127.41    670.81
02:58:30  43374.09    902.86
02:58:33   4415.79     43.25
Connection to 192.168.1.102 closed.
time: 13
  Time         enp0s25      
HH:MM:SS   Kbps in  Kbps out
02:58:38   4455.02     32.68
02:58:41   3358.30     61.70
02:58:44   4219.17     44.76
02:58:47   4146.28     34.57
02:58:50   4192.10     32.90
02:58:53   4197.51     44.04
02:58:56   4549.88     43.78
02:58:59   6656.05     78.74
02:59:02   2938.50     12.37
02:59:05   4451.57     51.18
02:59:08   4662.97     45.13
02:59:11   3234.41     38.78
02:59:14   4280.62     53.84
02:59:17   4338.71     49.63
02:59:20   4669.10     67.40
02:59:23   3154.20     49.34
02:59:26   4550.67     55.73
02:59:29   4663.44     40.93
02:59:32   2558.72     28.40
Connection to 192.168.1.102 closed.
time: 14
  Time         enp0s25      
HH:MM:SS   Kbps in  Kbps out
02:59:38   3900.09     39.50
02:59:41   4511.54     38.37
02:59:44   3222.69     27.88
02:59:47   5222.02     47.89
02:59:50   4730.06     75.99
02:59:53   4809.98     37.19
02:59:56   4626.69     48.39
02:59:59   3070.76     22.81
03:00:02   5282.07     37.16
03:00:05   4550.73    818.16
03:00:08   3069.96    416.80
03:00:11   4467.31   1214.96
03:00:14   4744.52     38.78
03:00:17   4652.87     27.46
03:00:20   2916.94   1194.61
03:00:23   4573.30     47.58
03:00:26   4955.98     33.19
03:00:29   2934.38   1188.60
03:00:32   4293.45     49.36
Connection to 192.168.1.102 closed.
time: 15
  Time         enp0s25      
HH:MM:SS   Kbps in  Kbps out
03:00:39   4456.19   1228.34
03:00:42   4608.59     37.74
03:00:45   4607.70   1212.62
03:00:48   3883.41     25.36
03:00:51   4736.79    385.50
03:00:54   4885.55    863.46
03:00:57   4355.46     38.88
03:01:00   3591.73   1364.99
03:01:03   4834.99     53.90
03:01:06   4619.20     29.75
03:01:09   4947.17   1212.28
03:01:12   2991.63     32.77
03:01:15   4836.05     34.00
03:01:18   4787.47   1208.79
03:01:21   3124.61     15.79
03:01:24   4382.48    629.95
03:01:27   4603.29    609.38
03:01:30   3077.92     16.31
03:01:33   4111.75    960.74
Connection to 192.168.1.102 closed.
time: 16
  Time         enp0s25      
HH:MM:SS   Kbps in  Kbps out
03:02:16   4810.58   1037.00
03:02:19   4607.53     58.01
03:02:22   2987.40   1241.04
03:02:25   4618.96     67.46
03:02:28   4395.61     71.91
03:02:31   3566.16   1209.58
03:02:34   3964.47     76.32
03:02:37   5054.15    296.06
03:02:40   4954.04   1012.79
03:02:43   4524.41     56.81
03:02:46   5310.51   1236.70
03:02:49   4893.40     65.74
03:02:52   3252.54   1235.78
03:02:55   4730.58     53.91
03:02:58   4210.86     60.41
03:03:01   3620.36   1216.54
03:03:04   4818.44     67.90
03:03:07   4928.66     44.51
03:03:10   3116.50   1210.98
Connection to 192.168.1.102 closed.
time: 17
  Time         enp0s25      
HH:MM:SS   Kbps in  Kbps out
03:03:15   3333.51     15.11
03:03:18   4479.49    728.52
03:03:21   4728.01    593.51
03:03:24   3853.42     55.02
03:03:27   4004.10   1214.95
03:03:30   3688.40     71.25
03:03:33   4151.90     72.76
03:03:36   4538.00   1234.83
03:03:39   3955.14     57.79
03:03:42   6054.16     59.31
03:03:45   2976.49   1216.81
03:03:48   5114.63   1252.07
03:03:51   4829.68   1627.04
03:03:54   3006.33    805.60
03:03:57   4597.06    317.58
03:04:00   4745.21   1742.65
03:04:03   4851.33     53.62
03:04:06   3156.37    789.57
03:04:09   4767.68   1229.90
Connection to 192.168.1.102 closed.
time: 18
  Time         enp0s25      
HH:MM:SS   Kbps in  Kbps out
03:04:15   3528.21     42.62
03:04:18   4856.93   1988.04
03:04:21   3550.84     52.37
03:04:24   4434.26    611.78
03:04:27   4148.40   1423.85
03:04:30   4639.77     36.50
03:04:33   4543.98   2002.00
03:04:36   4976.03     54.84
03:04:39   5559.65   1877.73
03:04:42   3414.33    203.02
03:04:45   4399.60     54.28
03:04:48   5120.02   2103.74
03:04:51   3550.67    146.21
03:04:54   4407.91    431.09
03:04:57   4814.53   3255.95
03:05:00   5176.78    151.71
03:05:03   3690.22   1305.47
03:05:06   4775.69   2383.22
03:05:09   4683.20    224.69
Connection to 192.168.1.102 closed.
time: 19
  Time         enp0s25      
HH:MM:SS   Kbps in  Kbps out
03:05:14   5179.22    137.68
03:05:17   4371.71     30.44
03:05:20   4674.94   2117.28
03:05:23   3643.57     55.36
03:05:26   5107.29    850.26
03:05:29   4762.51   1214.18
03:05:32   4507.66    345.58
03:05:35   4918.23   1751.63
03:05:38   4159.56     69.71
03:05:41   3925.77   1751.96
03:05:44   4325.91    279.36
03:05:47   4415.99     62.91
03:05:50   3244.90   1235.66
03:05:53   4877.62     37.90
03:05:56   4786.61     78.34
03:05:59   3384.94   1378.38
03:06:02   4664.62     77.52
03:06:05   4844.08    127.01
03:06:08   2938.31   1120.03
Connection to 192.168.1.102 closed.
time: 20
  Time         enp0s25      
HH:MM:SS   Kbps in  Kbps out
03:06:14   4621.69    491.91
03:06:17   4581.33   1157.75
03:06:20   3374.75    108.42
03:06:23   5106.28    754.04
03:06:26   4719.57    833.30
03:06:29   4532.40    671.88
03:06:32   4976.95    608.84
03:06:35   4899.97   1241.86
03:06:38   3239.34   1276.84
03:06:41   4737.54     45.97
03:06:44   4739.00   1458.52
03:06:47   3795.12    899.93
03:06:50   5059.77     75.67
03:06:53   5002.91   1199.01
03:06:56   3834.05    847.32
03:06:59   4015.38     67.36
03:07:02   5402.24   1789.41
03:07:05   4903.31    270.82
03:07:08   2616.54     47.15
Connection to 192.168.1.102 closed.
time: 21
  Time         enp0s25      
HH:MM:SS   Kbps in  Kbps out
03:07:15   4450.98    156.51
03:07:18   4758.83     36.80
03:07:21   3686.68    843.47
03:07:24   4494.55    327.85
03:07:27   4921.00   4694.81
03:07:30   5305.25   2168.23
03:07:33   4399.92   3031.19
03:07:36   3052.83   2030.02
03:07:39   4694.56    338.59
03:07:42   4711.10   1696.15
03:07:45   4669.82   1126.99
03:07:48   3026.21   1226.16
03:07:51   5318.86   2010.95
03:07:54   4784.80   1983.15
03:07:57   2670.41     51.54
03:08:00   5234.71   2264.49
03:08:03   4713.84   1729.69
03:08:06   3232.70      8.83
03:08:09   4297.89   2570.00
Connection to 192.168.1.102 closed.
time: 22
  Time         enp0s25      
HH:MM:SS   Kbps in  Kbps out
03:08:14   4815.27    754.73
03:08:17   4317.53   2712.04
03:08:20   4035.96    586.26
03:08:23   6402.09   2006.85
03:08:26   3697.44   1991.88
03:08:29   4714.42   2350.51
03:08:32   4715.13   2785.02
03:08:35   3018.26     32.59
03:08:39   4923.98   2383.77
03:08:42   4784.42   2767.35
03:08:45   2679.88     34.87
03:08:48   4987.49   2919.82
03:08:51   4676.56   1445.99
03:08:54   3001.25     30.44
03:08:57   4712.94   2908.38
03:09:00   4593.89    665.76
03:09:03   3399.09    291.76
03:09:06   4340.69   3192.31
03:09:09   4355.55    103.02
Connection to 192.168.1.102 closed.
time: 23
  Time         enp0s25      
HH:MM:SS   Kbps in  Kbps out
03:09:16   3132.09     17.76
03:09:19   5344.73   2970.52
03:09:22   5225.03   1065.28
03:09:25   5150.81   1142.72
03:09:28   3592.92   2841.31
03:09:31   4577.46     93.38
03:09:34   5135.60   1504.58
03:09:37   3705.07   2971.97
03:09:40   5270.03   1578.86
03:09:43   4966.49   3529.61
03:09:46   3755.18   1593.98
03:09:49   4630.74   3807.45
03:09:52   5305.63   1753.46
03:09:55   6657.09   3364.83
03:09:58   2781.77   2147.15
03:10:01   4912.56   2922.12
03:10:04   4791.97   2179.82
03:10:07   3228.92   1966.94
03:10:10   4877.33   2781.09
Connection to 192.168.1.102 closed.
time: 24
  Time         enp0s25      
HH:MM:SS   Kbps in  Kbps out
03:10:16   4243.55   2418.74
03:10:19   4285.06   4163.00
03:10:22   7149.09   3973.33
03:10:25   3256.84   1862.53
03:10:28   4718.59   2673.25
03:10:31   4643.77   3107.21
03:10:34   4611.20   2326.84
03:10:37   3238.74   2714.44
03:10:40   4104.10   2244.22
03:10:43   3330.77   2389.44
03:10:46   4009.18   2669.58
03:10:49   4945.57   2597.45
03:10:52   4570.70   1969.78
03:10:55   2638.15   1306.43
03:10:58   4872.07   1860.89
03:11:01   4873.96   2553.52
03:11:04   3153.86    965.12
03:11:07   4505.65   1662.93
03:11:10   3982.34   1954.04
Connection to 192.168.1.102 closed.
time: 25
  Time         enp0s25      
HH:MM:SS   Kbps in  Kbps out
03:11:16   4601.43   1623.64
03:11:19   6501.53   2027.25
03:11:22   4583.28   1145.88
03:11:25   2997.28   1880.95
03:11:28   5208.25   1363.78
03:11:31   4975.44   1386.02
03:11:34   3181.09   1889.10
03:11:37   4455.18   1167.22
03:11:40   5253.25   1683.11
03:11:43   3546.75   1180.63
03:11:46   4731.63    943.34
03:11:49   4167.49   2769.55
03:11:52   4983.75   1079.64
03:11:55   3011.18     38.06
03:11:58   4603.86    497.38
03:12:01   4742.04    721.29
03:12:04   2735.81    685.05
03:12:07   5080.79   2697.64
03:12:10   4945.56    391.09
Connection to 192.168.1.102 closed.
