========
num: 50 running time:25 bandwidth:100000
**time:5
pod "audio6-1" deleted
pod "audio6-2" deleted
pod "audio9-0" deleted
======Replacement======
high_level: 0.8 low_level 0.6 policy: MFU
python3 YC/iscc19/Implementation/Algo/Replacement/replacement_algo.py 3.0 0.8 0.6 MFU
python3 YC/iscc19/Implementation/Algo/Replacement/repllacement_algo.py 3.0 0.8 0.6 MFU
Before replaced_images: []
Before replaced_layer_nums: []
exist_images: []
After replaced_images: []
After replaced_layer_nums: []
Before replacement_sz: 1200000000.0
Storage usage: 0
Available size: 3000000000.0
After replacement_sz: -1800000000.0
total_size: 3000000000.0
high_level_sz: 2400000000.0
[] []
time: 0.03861808776855469

======Replacement Done======
======Deploy Algo Result======
cloud apps:  ['audio1-1', 'audio1-5', 'audio10-1', 'audio11-1', 'audio12-2', 'audio2-0', 'audio3-0', 'audio3-4', 'audio4-0', 'audio4-2', 'audio5-3', 'audio6-1', 'audio6-2', 'audio6-5', 'audio8-1', 'audio8-3', 'audio9-0', 'audio9-4', 'yolo1-1', 'yolo1-2', 'yolo12-1', 'yolo12-3', 'yolo2-1', 'yolo2-2', 'yolo4-0', 'yolo4-3', 'yolo5-1', 'yolo5-3', 'yolo6-1', 'yolo6-3', 'yolo7-4', 'yolo8-0', 'yolo8-3', 'yolo9-1', 'yolo9-4']
edge apps:  []
common:  []
Edge: ['audio6', 'audio6', 'audio9', 'audio9', 'audio5']
Cloud: ['audio11', 'audio12', 'audio2', 'audio3', 'audio3', 'audio4', 'audio8', 'audio8', 'yolo1', 'yolo1', 'yolo12', 'yolo12', 'yolo2', 'yolo2', 'yolo4', 'yolo4', 'yolo5', 'yolo5', 'yolo6', 'yolo6', 'yolo7', 'yolo8', 'yolo8', 'yolo9', 'yolo9']
Exec Time:  0.02760887146
terminal file content:  
is_terminal:  False
after IDA app:  audio6
app_image: audio6
delete app:audio6-1

s2-audio-6:Pullingfromiscc19
9811207f4eba:Pullingfslayer
0c8f4d0494dc:Pullingfslayer
1954412987c0:Pullingfslayer
1801b5eaa295:Pullingfslayer
fe6c39fbcb26:Pullingfslayer
aedd09f6ce6a:Pullingfslayer
51fc2ea8e996:Pullingfslayer
3727b27d2359:Pullingfslayer
877fa5251dfd:Pullingfslayer
e96a2304fd7f:Pullingfslayer
01ca7e0df015:Pullingfslayer
6f5933b79656:Pullingfslayer
a5dd3a278602:Pullingfslayer
fd4b2c426fa1:Pullingfslayer
95e0b5462122:Pullingfslayer
6835269995ba:Pullingfslayer
24231d53dcb8:Pullingfslayer
b419be7f6c0a:Pullingfslayer
b6157a1ddf8d:Pullingfslayer
8673e5ca94a7:Pullingfslayer
a5a3572cd92d:Pullingfslayer
594c455c162e:Pullingfslayer
1801b5eaa295:Waiting
fe6c39fbcb26:Waiting
aedd09f6ce6a:Waiting
51fc2ea8e996:Waiting
3727b27d2359:Waiting
877fa5251dfd:Waiting
e96a2304fd7f:Waiting
01ca7e0df015:Waiting
6f5933b79656:Waiting
a5dd3a278602:Waiting
fd4b2c426fa1:Waiting
95e0b5462122:Waiting
6835269995ba:Waiting
b6157a1ddf8d:Waiting
24231d53dcb8:Waiting
594c455c162e:Waiting
b419be7f6c0a:Waiting
a5a3572cd92d:Waiting
8673e5ca94a7:Waiting
0c8f4d0494dc:VerifyingChecksum
0c8f4d0494dc:Downloadcomplete
1954412987c0:VerifyingChecksum
1954412987c0:Downloadcomplete
fe6c39fbcb26:VerifyingChecksum
fe6c39fbcb26:Downloadcomplete
9811207f4eba:VerifyingChecksum
9811207f4eba:Downloadcomplete
51fc2ea8e996:VerifyingChecksum
51fc2ea8e996:Downloadcomplete
3727b27d2359:VerifyingChecksum
3727b27d2359:Downloadcomplete
aedd09f6ce6a:VerifyingChecksum
aedd09f6ce6a:Downloadcomplete
877fa5251dfd:VerifyingChecksum
877fa5251dfd:Downloadcomplete
9811207f4eba:Pullcomplete
0c8f4d0494dc:Pullcomplete
1954412987c0:Pullcomplete
e96a2304fd7f:VerifyingChecksum
e96a2304fd7f:Downloadcomplete
6f5933b79656:VerifyingChecksum
6f5933b79656:Downloadcomplete
1801b5eaa295:VerifyingChecksum
1801b5eaa295:Downloadcomplete
fd4b2c426fa1:VerifyingChecksum
fd4b2c426fa1:Downloadcomplete
95e0b5462122:VerifyingChecksum
95e0b5462122:Downloadcomplete
6835269995ba:Downloadcomplete
24231d53dcb8:VerifyingChecksum
24231d53dcb8:Downloadcomplete
b419be7f6c0a:Downloadcomplete
1801b5eaa295:Pullcomplete
fe6c39fbcb26:Pullcomplete
aedd09f6ce6a:Pullcomplete
51fc2ea8e996:Pullcomplete
3727b27d2359:Pullcomplete
877fa5251dfd:Pullcomplete
e96a2304fd7f:Pullcomplete
a5dd3a278602:VerifyingChecksum
a5dd3a278602:Downloadcomplete
b6157a1ddf8d:VerifyingChecksum
b6157a1ddf8d:Downloadcomplete
a5a3572cd92d:VerifyingChecksum
a5a3572cd92d:Downloadcomplete
594c455c162e:Downloadcomplete
01ca7e0df015:VerifyingChecksum
01ca7e0df015:Downloadcomplete
01ca7e0df015:Pullcomplete
6f5933b79656:Pullcomplete
8673e5ca94a7:VerifyingChecksum
8673e5ca94a7:Downloadcomplete
a5dd3a278602:Pullcomplete
fd4b2c426fa1:Pullcomplete
95e0b5462122:Pullcomplete
6835269995ba:Pullcomplete
24231d53dcb8:Pullcomplete
b419be7f6c0a:Pullcomplete
b6157a1ddf8d:Pullcomplete
8673e5ca94a7:Pullcomplete
a5a3572cd92d:Pullcomplete
594c455c162e:Pullcomplete
Digest:sha256:da6ff52f6056045b5e80adc4fd44e50dbca5de615342cd17980f430b1174b37b
Status:Downloadednewerimagefor192.168.1.100:5000/iscc19:s2-audio-6

real	2m11.700s
user	0m0.264s
sys	0m0.127s
k8s create analytic stdoutput:
b'pod/audio6-edge-1 created\n'
k8s create analytic erroutput:
Deploy: audio6-1
try deploy app number:  1
terminal file content:  
is_terminal:  False
after IDA app:  audio6
app_image: audio6
delete app:audio6-2

s2-audio-6:Pullingfromiscc19
Digest:sha256:da6ff52f6056045b5e80adc4fd44e50dbca5de615342cd17980f430b1174b37b
Status:Imageisuptodatefor192.168.1.100:5000/iscc19:s2-audio-6

real	0m0.030s
user	0m0.012s
sys	0m0.015s
k8s create analytic stdoutput:
b'pod/audio6-edge-2 created\n'
k8s create analytic erroutput:
Deploy: audio6-2
try deploy app number:  2
terminal file content:  
is_terminal:  False
after IDA app:  audio9
app_image: audio9
delete app:audio9-0

s2-audio-9:Pullingfromiscc19
9811207f4eba:Alreadyexists
0c8f4d0494dc:Alreadyexists
1954412987c0:Alreadyexists
1801b5eaa295:Alreadyexists
8a6861842a93:Pullingfslayer
afc6a509a6e7:Pullingfslayer
d296cedf3c5e:Pullingfslayer
03c381950737:Pullingfslayer
252f14004bd1:Pullingfslayer
88ae96f02ad0:Pullingfslayer
03c381950737:Waiting
252f14004bd1:Waiting
88ae96f02ad0:Waiting
8f2b049fbae0:Pullingfslayer
8f2b049fbae0:Waiting
f4fe95975878:Pullingfslayer
15c1d0e8bd4e:Pullingfslayer
fd4b2c426fa1:Pullingfslayer
95e0b5462122:Pullingfslayer
15c1d0e8bd4e:Waiting
f4fe95975878:Waiting
fd4b2c426fa1:Waiting
95e0b5462122:Waiting
239258fef3cc:Pullingfslayer
707b3ee699a9:Pullingfslayer
ae019b96296a:Pullingfslayer
707b3ee699a9:Waiting
239258fef3cc:Waiting
ae019b96296a:Waiting
043453ba691c:Pullingfslayer
e0f517086e97:Pullingfslayer
40beee1e0f10:Pullingfslayer
043453ba691c:Waiting
40beee1e0f10:Waiting
e0f517086e97:Waiting
d296cedf3c5e:VerifyingChecksum
d296cedf3c5e:Downloadcomplete
8a6861842a93:VerifyingChecksum
8a6861842a93:Downloadcomplete
03c381950737:VerifyingChecksum
03c381950737:Downloadcomplete
8a6861842a93:Pullcomplete
88ae96f02ad0:VerifyingChecksum
88ae96f02ad0:Downloadcomplete
252f14004bd1:VerifyingChecksum
252f14004bd1:Downloadcomplete
f4fe95975878:Downloadcomplete
afc6a509a6e7:VerifyingChecksum
afc6a509a6e7:Downloadcomplete
fd4b2c426fa1:VerifyingChecksum
fd4b2c426fa1:Downloadcomplete
95e0b5462122:VerifyingChecksum
95e0b5462122:Downloadcomplete
239258fef3cc:VerifyingChecksum
239258fef3cc:Downloadcomplete
afc6a509a6e7:Pullcomplete
d296cedf3c5e:Pullcomplete
03c381950737:Pullcomplete
252f14004bd1:Pullcomplete
88ae96f02ad0:Pullcomplete
707b3ee699a9:VerifyingChecksum
707b3ee699a9:Downloadcomplete
ae019b96296a:Downloadcomplete
15c1d0e8bd4e:VerifyingChecksum
15c1d0e8bd4e:Downloadcomplete
043453ba691c:VerifyingChecksum
043453ba691c:Downloadcomplete
40beee1e0f10:Downloadcomplete
e0f517086e97:VerifyingChecksum
e0f517086e97:Downloadcomplete
8f2b049fbae0:VerifyingChecksum
8f2b049fbae0:Downloadcomplete
8f2b049fbae0:Pullcomplete
f4fe95975878:Pullcomplete
15c1d0e8bd4e:Pullcomplete
fd4b2c426fa1:Pullcomplete
95e0b5462122:Pullcomplete
239258fef3cc:Pullcomplete
707b3ee699a9:Pullcomplete
ae019b96296a:Pullcomplete
043453ba691c:Pullcomplete
e0f517086e97:Pullcomplete
40beee1e0f10:Pullcomplete
Digest:sha256:6783ecc0c002f2c85e1bbbb2a4ecbe6ca6a13014f346ca0dc113074b0be928ad
Status:Downloadednewerimagefor192.168.1.100:5000/iscc19:s2-audio-9

real	1m52.832s
user	0m0.141s
sys	0m0.057s
fail to deploy audio9 with period 3 since audio9 has departured
Deploy: audio9
Fail to deploy app number:  audio9
no need to download (edge), time:  5
terminal file content:  
is_terminal:  False
after IDA app:  audio9pod "audio9-4" deleted
pod "audio5-3" deleted

app_image: audio9
delete app:audio9-4

s2-audio-9:Pullingfromiscc19
Digest:sha256:6783ecc0c002f2c85e1bbbb2a4ecbe6ca6a13014f346ca0dc113074b0be928ad
Status:Imageisuptodatefor192.168.1.100:5000/iscc19:s2-audio-9

real	0m0.027s
user	0m0.015s
sys	0m0.009s
fail to deploy audio9 with period 3 since audio9 has departured
Deploy: audio9
Fail to deploy app number:  audio9
no need to download (edge), time:  5
terminal file content:  
is_terminal:  False
after IDA app:  audio5
app_image: audio5
delete app:audio5-3

s2-audio-5:Pullingfromiscc19
Digest:sha256:6783ecc0c002f2c85e1bbbb2a4ecbe6ca6a13014f346ca0dc113074b0be928ad
Status:Downloadednewerimagefor192.168.1.100:5000/iscc19:s2-audio-5

real	0m2.962s
user	0m0.018s
sys	0m0.006s
fail to deploy audio5 with period 3 since audio5 has departured
Deploy: audio5
Fail to deploy app number:  audio5
no need to download (edge), time:  5
**time:10
pod "audio1-5" deleted
pod "audio1-8" deleted
pod "audio5-6" deleted
pod "audio5-7" deleted
pod "audio6-5" deleted
pod "audio9-9" deleted
pod "yolo9-4" deleted
======Replacement======
high_level: 0.8 low_level 0.6 policy: MFU
python3 YC/iscc19/Implementation/Algo/Replacement/replacement_algo.py 3.0 0.8 0.6 MFU
python3 YC/iscc19/Implementation/Algo/Replacement/repllacement_algo.py 3.0 0.8 0.6 MFU
Before replaced_images: []
Before replaced_layer_nums: []
exist_images: ['192.168.1.100:5000/iscc19:s2-audio-6', '192.168.1.100:5000/iscc19:s2-audio-5', '192.168.1.100:5000/iscc19:s2-audio-9']
After replaced_images: []
After replaced_layer_nums: []
Before replacement_sz: 1200000000.0
Storage usage: 1846894658.0
Available size: 1153105342.0
After replacement_sz: 46894658.0
total_size: 3000000000.0
high_level_sz: 2400000000.0
[] []
time: 0.07614493370056152

======Replacement Done======
======Deploy Algo Result======
cloud apps:  ['audio1-5', 'audio1-8', 'audio11-1', 'audio11-6', 'audio12-7', 'audio2-0', 'audio2-7', 'audio4-8', 'audio5-6', 'audio5-7', 'audio6-5', 'audio6-9', 'audio7-10', 'audio7-8', 'audio8-1', 'audio8-3', 'audio8-8', 'audio9-9', 'yolo1-2', 'yolo2-6', 'yolo3-10', 'yolo4-3', 'yolo4-9', 'yolo5-3', 'yolo6-1', 'yolo6-8', 'yolo7-10', 'yolo7-4', 'yolo8-0', 'yolo8-10', 'yolo8-3', 'yolo8-9', 'yolo9-1', 'yolo9-4', 'yolo9-6', 'yolo9-9']
edge apps:  ['audio6-edge-2']
common:  ['audio6-5', 'audio6-9']
Edge: ['audio1', 'audio1', 'audio5', 'audio5', 'audio2', 'audio6', 'audio9', 'yolo9', 'yolo9']
Cloud: ['audio11', 'audio12', 'audio4', 'audio7', 'audio8', 'yolo1', 'yolo2', 'yolo3', 'yolo4', 'yolo4', 'yolo5', 'yolo6', 'yolo7', 'yolo7', 'yolo8', 'yolo8', 'yolo8', 'yolo9']
Exec Time:  0.0779860019684
terminal file content:  
is_terminal:  False
after IDA app:  audio1
app_image: audio1
delete app:audio1-5

s2-audio-1:Pullingfromiscc19
Digest:sha256:6783ecc0c002f2c85e1bbbb2a4ecbe6ca6a13014f346ca0dc113074b0be928ad
Status:Downloadednewerimagefor192.168.1.100:5000/iscc19:s2-audio-1

real	0m0.191s
user	0m0.013s
sys	0m0.012s
k8s create analytic stdoutput:
b'pod/audio1-edge-5 created\n'
k8s create analytic erroutput:
Deploy: audio1-5
try deploy app number:  5
terminal file content:  
is_terminal:  False
after IDA app:  audio1
app_image: audio1
delete app:audio1-8

s2-audio-1:Pullingfromiscc19
Digest:sha256:6783ecc0c002f2c85e1bbbb2a4ecbe6ca6a13014f346ca0dc113074b0be928ad
Status:Imageisuptodatefor192.168.1.100:5000/iscc19:s2-audio-1

real	0m1.092s
user	0m0.009s
sys	0m0.009s
fail to deploy audio1 with period 3 since audio1 has departured
Deploy: audio1
Fail to deploy app number:  audio1
no need to download (edge), time:  10
terminal file content:  
is_terminal:  False
after IDA app:  audio5
app_image: audio5
delete app:audio5-6

s2-audio-5:Pullingfromiscc19
Digest:sha256:6783ecc0c002f2c85e1bbbb2a4ecbe6ca6a13014f346ca0dc113074b0be928ad
Status:Imageisuptodatefor192.168.1.100:5000/iscc19:s2-audio-5

real	0m0.028s
user	0m0.008s
sys	0m0.011s
k8s create analytic stdoutput:
b'pod/audio5-edge-6 created\n'
k8s create analytic erroutput:
Deploy: audio5-6
try deploy app number:  6
terminal file content:  
is_terminal:  False
after IDA app:  audio5
app_image: audio5
delete app:audio5-7

s2-audio-5:Pullingfromiscc19
Digest:sha256:6783ecc0c002f2c85e1bbbb2a4ecbe6ca6a13014f346ca0dc113074b0be928ad
Status:Imageisuptodatefor192.168.1.100:5000/iscc19:s2-audio-5

real	0m0.033s
user	0m0.023s
sys	0m0.005s
k8s create analytic stdoutput:
b'pod/audio5-edge-7 created\n'
k8s create analytic erroutput:
Deploy: audio5-7
try deploy app number:  7
terminal file content:  
is_terminal:  False
after IDA app:  audio2
app_image: audio2
delete app:audio2-0

s2-audio-2:Pullingfromiscc19
Digest:sha256:da6ff52f6056045b5e80adc4fd44e50dbca5de615342cd17980f430b1174b37b
Status:Downloadednewerimagefor192.168.1.100:5000/iscc19:s2-audio-2

real	0m0.093s
user	0m0.017s
sys	0m0.008s
fail to deploy audio2 with period 3 since audio2 has departured
Deploy: audio2
Fail to deploy app number:  audio2
no need to download (edge), time:  10
terminal file content:  
is_terminal:  False
after IDA app:  audio6
app_image: audio6
delete app:audio6-5

s2-audio-6:Pullingfromiscc19
Digest:sha256:da6ff52f6056045b5e80adc4fd44e50dbca5de615342cd17980f430b1174b37b
Status:Imageisuptodatefor192.168.1.100:5000/iscc19:s2-audio-6

real	0m0.032s
user	0m0.018s
sys	0m0.005s
fail to deploy audio6 with period 3 since audio6 has departured
Deploy: audio6
Fail to deploy app number:  audio6
no need to download (edge), time:  10
terminal file content:  
is_terminal:  False
after IDA app:  audio9
app_image: audio9
delete app:audio9-9

s2-audio-9:Pullingfromiscc19
Digest:sha256:6783ecc0c002f2c85e1bbbb2a4ecbe6ca6a13014f346ca0dc113074b0be928ad
Status:Imageisuptodatefor192.168.1.100:5000/iscc19:s2-audio-9

real	0m0.025s
user	0m0.018s
sys	0m0.000s
k8s create analytic stdoutput:
b'pod/audio9-edge-9 created\n'
k8s create analytic erroutput:
Deploy: audio9-9
try deploy app number:  9
terminal file content:  
is_terminal:  False
after IDA app:  yolo9
app_image: yolo9
delete app:yolo9-1

s2-yolo-9:Pullingfromiscc19
9811207f4eba:Alreadyexists
0c8f4d0494dc:Alreadyexists
1954412987c0:Alreadyexists
1801b5eaa295:Alreadyexists
8a6861842a93:Alreadyexists
afc6a509a6e7:Alreadyexists
d296cedf3c5e:Alreadyexists
03c381950737:Alreadyexists
24262ec7286c:Pullingfslayer
7333f40c81f3:Pullingfslayer
e75d2f1b630b:Pullingfslayer
08796a140d09:Pullingfslayer
94730a11b6e9:Pullingfslayer
a637953a543b:Pullingfslayer
0d20ec595114:Pullingfslayer
7eb022a3e089:Pullingfslayer
7e783a2a840a:Pullingfslayer
fc560728b5ab:Pullingfslayer
b31ab951018b:Pullingfslayer
0d20ec595114:Waiting
94730a11b6e9:Waiting
08796a140d09:Waiting
fc560728b5ab:Waiting
7eb022a3e089:Waiting
b31ab951018b:Waiting
7e783a2a840a:Waiting
a637953a543b:Waiting
7333f40c81f3:VerifyingChecksum
7333f40c81f3:Downloadcomplete
08796a140d09:VerifyingChecksum
08796a140d09:Downloadcomplete
24262ec7286c:VerifyingChecksum
24262ec7286c:Downloadcomplete
a637953a543b:VerifyingChecksum
a637953a543b:Downloadcomplete
24262ec7286c:Pullcomplete
7333f40c81f3:Pullcomplete
94730a11b6e9:VerifyingChecksum
94730a11b6e9:Downloadcomplete
7eb022a3e089:Downloadcomplete
0d20ec595114:VerifyingChecksum
0d20ec595114:Downloadcomplete
fc560728b5ab:VerifyingChecksum
fc560728b5ab:Downloadcomplete
b31ab951018b:VerifyingChecksum
b31ab951018b:Downloadcomplete
e75d2f1b630b:Downloadcomplete
e75d2f1b630b:Pullcomplete
08796a140d09:Pullcomplete
94730a11b6e9:Pullcomplete
a637953a543b:Pullcomplete
7e783a2a840a:VerifyingChecksum
7e783a2a840a:Downloadcomplete
0d20ec595114:Pullcomplete
7eb022a3e089:Pullcomplete
7e783a2a840a:Pullcomplete
fc560728b5ab:Pullcomplete
b31ab951018b:Pullcomplete
Digest:sha256:aa64f7a295ea754991c8b9e8057f9059d00a2160cc970a612b3f103e37237bb7
Status:Downloadednewerimagefor192.168.1.100:5000/iscc19:s2-yolo-9

real	2m18.653s
user	0m0.142s
sys	0m0.075s
fail to deploy yolo9 with period 2 since yolo9 has departured
Deploy: yolo9
Fail to deploy app number:  yolo9
no need to download (edge), time:  10
terminal file content:  
is_terminal:  False
after IDA app:  yolo9
app_image: yolo9
delete app:yolo9-4

s2-yolo-9:Pullingfromiscc19
Digest:sha256:aa64f7a295ea754991c8b9e8057f9059d00a2160cc970a612b3f103e37237bb7
Status:Imageisuptodatefor192.168.1.100:5000/iscc19:s2-yolo-9

real	0m0.029s
user	0m0.017s
sys	0m0.009s
fail to deploy yolo9 with period 2 since yolo9 has departured
Deploy: yolo9
Fail to deploy app number:  yolo9
no need to download (edge), time:  10
**time:15
pod "audio1-11" deleted
pod "audio1-13" deleted
pod "audio2-12" deleted
======Replacement======
high_level: 0.8 low_level 0.6 policy: MFU
python3 YC/iscc19/Implementation/Algo/Replacement/replacement_algo.py 3.0 0.8 0.6 MFU
python3 YC/iscc19/Implementation/Algo/Replacement/repllacement_algo.py 3.0 0.8 0.6 MFU
Before replaced_images: []
Before replaced_layer_nums: []
exist_images: ['192.168.1.100:5000/iscc19:s2-yolo-9', '192.168.1.100:5000/iscc19:s2-audio-2', '192.168.1.100:5000/iscc19:s2-audio-6', '192.168.1.100:5000/iscc19:s2-audio-1', '192.168.1.100:5000/iscc19:s2-audio-5', '192.168.1.100:5000/iscc19:s2-audio-9']
After replaced_images: []
After replaced_layer_nums: []
Before replacement_sz: 1200000000.0
Storage usage: 2592492834.0
Available size: 407507166.0
After replacement_sz: 792492834.0
total_size: 3000000000.0
high_level_sz: 2400000000.0
Before image_layers: ['192.168.1.100:5000/iscc19:s2-yolo-9', '192.168.1.100:5000/iscc19:s2-audio-2', '192.168.1.100:5000/iscc19:s2-audio-6', '192.168.1.100:5000/iscc19:s2-audio-1', '192.168.1.100:5000/iscc19:s2-audio-5', '192.168.1.100:5000/iscc19:s2-audio-9']
image_layers + replaced_images: ['192.168.1.100:5000/iscc19:s2-yolo-9', '192.168.1.100:5000/iscc19:s2-audio-2', '192.168.1.100:5000/iscc19:s2-audio-6', '192.168.1.100:5000/iscc19:s2-audio-1', '192.168.1.100:5000/iscc19:s2-audio-5', '192.168.1.100:5000/iscc19:s2-audio-9']
running_images: ['192.168.1.100:5000/iscc19:s2-audio-1', '192.168.1.100:5000/iscc19:s2-audio-5', '192.168.1.100:5000/iscc19:s2-audio-9']
image_layers exclude running_images: ['192.168.1.100:5000/iscc19:s2-yolo-9', '192.168.1.100:5000/iscc19:s2-audio-2', '192.168.1.100:5000/iscc19:s2-audio-6']
get images from download log: ['192.168.1.100:5000/iscc19:s2-yolo-9', '192.168.1.100:5000/iscc19:s2-audio-2', '192.168.1.100:5000/iscc19:s2-audio-6']
get num_access_time from download log: [10, 608, 1071]
get download_time from download log: [1589453733.62, 1590438603.2, 1590446720.45]
images: ['192.168.1.100:5000/iscc19:s2-yolo-9', '192.168.1.100:5000/iscc19:s2-audio-2', '192.168.1.100:5000/iscc19:s2-audio-6']
num_access_time: [10, 608, 1071]
download_time:  [1589453733.62, 1590438603.2, 1590446720.45]
policy: MFU
index: 2
192.168.1.100:5000/iscc19:s2-audio-6
unreplace_images_list: []
replaced_images: []
images: ['192.168.1.100:5000/iscc19:s2-yolo-9', '192.168.1.100:5000/iscc19:s2-audio-2']
num_access_time: [10, 608]
download_time:  [1589453733.62, 1590438603.2]
policy: MFU
index: 1
192.168.1.100:5000/iscc19:s2-audio-2
unreplace_images_list: []
replaced_images: []
Subtract exist layer size: 2110.0
Subtract exist layer size: 25700000.0
Subtract exist layer size: 354400000.0
Subtract exist layer size: 118200000.0
Subtract exist layer size: 99.0
Subtract exist layer size: 2699000.0
Subtract exist layer size: 101800.0
Subtract exist layer size: 125100000.0
Subtract exist layer size: 233700.0
Subtract exist layer size: 282400000.0
['192.168.1.100:5000/iscc19:s2-audio-6', '192.168.1.100:5000/iscc19:s2-audio-2'] ['22', '12']
"docker rm" requires at least 1 argument.
See 'docker rm --help'.

Usage:  docker rm [OPTIONS] CONTAINER [CONTAINER...] [flags]

Remove one or more containers
Stop docker engine
No screen session found.
Kill docker screen
Restart docker engine
"docker rm" requires at least 1 argument.
See 'docker rm --help'.

Usage:  docker rm [OPTIONS] CONTAINER [CONTAINER...] [flags]

Remove one or more containers
Stop docker engine
No screen session found.
Kill docker screen
Restart docker engine
time: 97.5271668434143

======Replacement Done======
======Deploy Algo Result======
cloud apps:  ['audio1-11', 'audio1-13', 'audio10-14', 'audio10-17', 'audio11-15', 'audio11-16', 'audio12-13', 'audio12-17', 'audio2-12', 'audio2-13', 'audio2-15', 'audio2-16', 'audio4-14', 'audio4-15', 'audio4-17', 'audio4-8', 'audio6-12', 'audio6-15', 'audio7-14', 'audio7-17', 'audio8-11', 'audio8-14', 'audio8-17', 'audio8-8', 'audio9-11', 'audio9-16', 'yolo1-13', 'yolo1-15', 'yolo1-17', 'yolo10-14', 'yolo10-17', 'yolo11-12', 'yolo11-13', 'yolo12-14', 'yolo12-15', 'yolo2-13', 'yolo2-17', 'yolo3-10', 'yolo3-14', 'yolo3-17', 'yolo4-16', 'yolo4-9', 'yolo5-15', 'yolo5-17', 'yolo6-14', 'yolo6-16', 'yolo7-10', 'yolo7-14', 'yolo7-17', 'yolo8-10', 'yolo8-13', 'yolo8-15', 'yolo8-17', 'yolo8-9', 'yolo9-6']
edge apps:  ['audio5-edge-6', 'audio5-edge-7']
common:  []
Edge: ['audio1', 'audio1', 'audio2', 'audio2', 'audio5', 'audio9', 'yolo1', 'yolo1', 'yolo5', 'yolo9']
Cloud: ['audio10', 'audio11', 'audio12', 'audio2', 'audio4', 'audio4', 'audio4', 'audio6', 'audio6', 'audio7', 'audio8', 'audio8', 'audio8', 'yolo10', 'yolo11', 'yolo11', 'yolo12', 'yolo12', 'yolo2', 'yolo2', 'yolo3', 'yolo3', 'yolo4', 'yolo6', 'yolo6', 'yolo7', 'yolo7', 'yolo8', 'yolo8', 'yolo8', 'yolo8']
Exec Time:  0.0493288040161
terminal file content:  
is_terminal:  False
after IDA app:  audio1
app_image: audio1
delete app:audio1-11

s2-audio-1:Pullingfromiscc19
Digest:sha256:6783ecc0c002f2c85e1bbbb2a4ecbe6ca6a13014f346ca0dc113074b0be928ad
Status:Imageisuptodatefor192.168.1.100:5000/iscc19:s2-audio-1

real	0m0.036s
user	0m0.022s
sys	0m0.006s
fail to deploy audio1 with period 3 since audio1 has departured
Deploy: audio1
Fail to deploy app number:  audio1
no need to download (edge), time:  15
terminal file content:  
is_terminal:  False
after IDA app:  audio1
app_image: audio1
delete app:audio1-13

s2-audio-1:Pullingfromiscc19
Digest:sha256:6783ecc0c002f2c85e1bbbb2a4ecbe6ca6a13014f346ca0dc113074b0be928ad
Status:Imageisuptodatefor192.168.1.100:5000/iscc19:s2-audio-1

real	0m0.029s
user	0m0.013s
sys	0m0.007s
k8s create analytic stdoutput:
b'pod/audio1-edge-13 created\n'
k8s create analytic erroutput:
Deploy: audio1-13
try deploy app number:  13
terminal file content:  
is_terminal:  False
after IDA app:  audio2
app_image: audio2
delete app:audio2-12

s2-audio-2:Pullingfromiscc19
9811207f4eba:Alreadyexists
0c8f4d0494dc:Alreadyexists
1954412987c0:Alreadyexists
1801b5eaa295:Alreadyexists
fe6c39fbcb26:Alreadyexists
aedd09f6ce6a:Alreadyexists
51fc2ea8e996:Alreadyexists
3727b27d2359:Alreadyexists
877fa5251dfd:Alreadyexists
e96a2304fd7f:Alreadyexists
01ca7e0df015:Pullingfslayer
6f5933b79656:Pullingfslayer
a5dd3a278602:Pullingfslayer
fd4b2c426fa1:Pullingfslayer
95e0b5462122:Pullingfslayer
6835269995ba:Pullingfslayer
24231d53dcb8:Pullingfslayer
b419be7f6c0a:Pullingfslayer
b6157a1ddf8d:Pullingfslayer
8673e5ca94a7:Pullingfslayer
a5a3572cd92d:Pullingfslayer
594c455c162e:Pullingfslayer
6835269995ba:Waiting
95e0b5462122:Waiting
24231d53dcb8:Waiting
b419be7f6c0a:Waiting
a5a3572cd92d:Waiting
b6157a1ddf8d:Waiting
594c455c162e:Waiting
8673e5ca94a7:Waiting
fd4b2c426fa1:Waiting
6f5933b79656:VerifyingChecksum
6f5933b79656:Downloadcomplete
fd4b2c426fa1:VerifyingChecksum
fd4b2c426fa1:Downloadcomplete
95e0b5462122:VerifyingChecksum
95e0b5462122:Downloadcomplete
6835269995ba:VerifyingChecksum
6835269995ba:Downloadcomplete
24231d53dcb8:VerifyingChecksum
24231d53dcb8:Downloadcomplete
b419be7f6c0a:VerifyingChecksum
b419be7f6c0a:Downloadcomplete
a5dd3a278602:VerifyingChecksum
a5dd3a278602:Downloadcomplete
b6157a1ddf8d:VerifyingChecksum
b6157a1ddf8d:Downloadcomplete
a5a3572cd92d:VerifyingChecksum
a5a3572cd92d:Downloadcomplete
594c455c162e:Downloadcomplete
01ca7e0df015:VerifyingChecksum
01ca7e0df015:Downloadcomplete
01ca7e0df015:Pullcomplete
6f5933b79656:Pullcomplete
a5dd3a278602:Pullcomplete
fd4b2c426fa1:Pullcomplete
95e0b5462122:Pullcomplete
6835269995ba:Pullcomplete
24231d53dcb8:Pullcomplete
b419be7f6c0a:Pullcomplete
b6157a1ddf8d:Pullcomplete
8673e5ca94a7:VerifyingChecksum
8673e5ca94a7:Downloadcomplete
8673e5ca94a7:Pullcomplete
a5a3572cd92d:Pullcomplete
594c455c162e:Pullcomplete
Digest:sha256:da6ff52f6056045b5e80adc4fd44e50dbca5de615342cd17980f430b1174b37b
Status:Downloadednewerimagefor192.168.1.100:5000/iscc19:s2-audio-2

real	2m7.545s
user	0m0.170s
sys	0m0.077s
fail to deploy audio2 with period 3 since audio2 has departured
Deploy: audio2
Fail to deploy app number:  audio2
no need to download (edge), time:  15
terminal file content:  
is_terminal:  False
after IDA app:  audio2
app_image: audio2
delete app:audio2-13pod "audio2-13" deleted
pod "audio2-13" deleted


s2-audio-2:Pullingfromiscc19
Digest:sha256:da6ff52f6056045b5e80adc4fd44e50dbca5de615342cd17980f430b1174b37b
Status:Imageisuptodatefor192.168.1.100:5000/iscc19:s2-audio-2

real	0m0.325s
user	0m0.015s
sys	0m0.015s
k8s create analytic stdoutput:
b'pod/audio2-edge-13 created\n'
k8s create analytic erroutput:
Deploy: audio2-13
try deploy app number:  13
terminal file content:  
is_terminal:  False
after IDA app:  audio5
app_image: audio5
delete app:audio2-13

s2-audio-5:Pullingfromiscc19
Digest:sha256:6783ecc0c002f2c85e1bbbb2a4ecbe6ca6a13014f346ca0dc113074b0be928ad
Status:Imageisuptodatefor192.168.1.100:5000/iscc19:s2-audio-5

real	0m0.031s
user	0m0.009s
sys	0m0.018s
k8s create analytic stdoutput:
b'pod/audio5-edge-13 created\n'
k8s create analytic erroutput:
Deploy: audio2-13
try deploy app number:  13
terminal file content:  
is_terminal:  False
after IDA app:  audio9
app_image: audio9
delete app:audio9-11

s2-audio-9:Pullingfromiscc19
Digest:sha256:6783ecc0c002f2c85e1bbbb2a4ecbe6ca6a13014f346ca0dc113074b0be928ad
Status:Imageisuptodatefor192.168.1.100:5000/iscc19:s2-audio-9

real	0m0.224s
user	0m0.005s
sys	0m0.019s
fail to deploy audio9 with period 3 since audio9 has departured
Deploy: audio9
Fail to deploy app number:  audio9
no need to download (edge), time:  15
terminal file content:  
is_terminal:  True
Terminal deploy_measure, terminal at: yolo1, index: 6
**time:20
pod "audio10-17" deleted
pod "audio10-18" deleted
pod "audio1-21" deleted
pod "audio1-21" deleted
pod "audio6-15" deleted
pod "audio9-16" deleted
pod "yolo1-15" deleted
======Replacement======
high_level: 0.8 low_level 0.6 policy: MFU
python3 YC/iscc19/Implementation/Algo/Replacement/replacement_algo.py 3.0 0.8 0.6 MFU
python3 YC/iscc19/Implementation/Algo/Replacement/repllacement_algo.py 3.0 0.8 0.6 MFU
Before replaced_images: ['192.168.1.100:5000/iscc19:s2-audio-2']
Before replaced_layer_nums: [12]
exist_images: ['192.168.1.100:5000/iscc19:s2-yolo-9', '192.168.1.100:5000/iscc19:s2-audio-2', '192.168.1.100:5000/iscc19:s2-audio-1', '192.168.1.100:5000/iscc19:s2-audio-5', '192.168.1.100:5000/iscc19:s2-audio-9']
After replaced_images: []
After replaced_layer_nums: []
Before replacement_sz: 1200000000.0
Storage usage: 2592492834.0
Available size: 407507166.0
After replacement_sz: 792492834.0
total_size: 3000000000.0
high_level_sz: 2400000000.0
Before image_layers: ['192.168.1.100:5000/iscc19:s2-yolo-9', '192.168.1.100:5000/iscc19:s2-audio-2', '192.168.1.100:5000/iscc19:s2-audio-1', '192.168.1.100:5000/iscc19:s2-audio-5', '192.168.1.100:5000/iscc19:s2-audio-9']
image_layers + replaced_images: ['192.168.1.100:5000/iscc19:s2-yolo-9', '192.168.1.100:5000/iscc19:s2-audio-2', '192.168.1.100:5000/iscc19:s2-audio-1', '192.168.1.100:5000/iscc19:s2-audio-5', '192.168.1.100:5000/iscc19:s2-audio-9']
running_images: ['192.168.1.100:5000/iscc19:s2-audio-1', '192.168.1.100:5000/iscc19:s2-audio-5', '192.168.1.100:5000/iscc19:s2-audio-9', '192.168.1.100:5000/iscc19:s2-audio-2']
image_layers exclude running_images: ['192.168.1.100:5000/iscc19:s2-yolo-9']
get images from download log: ['192.168.1.100:5000/iscc19:s2-yolo-9']
get num_access_time from download log: [10]
get download_time from download log: [1589453733.62]
images: ['192.168.1.100:5000/iscc19:s2-yolo-9']
num_access_time: [10]
download_time:  [1589453733.62]
policy: MFU
index: 0
192.168.1.100:5000/iscc19:s2-yolo-9
unreplace_images_list: ['192.168.1.100:5000/iscc19:s2-audio-2']
replaced_images: []
Subtract exist layer size: 1991.0
Subtract exist layer size: 262300.0
Subtract exist layer size: 319100000.0
Subtract exist layer size: 93.0
Subtract exist layer size: 79570000.0
Subtract exist layer size: 92.0
Subtract exist layer size: 53710000.0
Subtract exist layer size: 231700.0
Subtract exist layer size: 279200000.0
Subtract exist layer size: 3502000.0
Subtract exist layer size: 10020000.0
['192.168.1.100:5000/iscc19:s2-yolo-9'] ['19']
"docker rm" requires at least 1 argument.
See 'docker rm --help'.

Usage:  docker rm [OPTIONS] CONTAINER [CONTAINER...] [flags]

Remove one or more containers
Stop docker engine
No screen session found.
Kill docker screen
Restart docker engine
time: 49.21556305885315

======Replacement Done======
======Deploy Algo Result======
cloud apps:  ['audio1-21', 'audio10-17', 'audio10-18', 'audio11-15', 'audio12-13', 'audio12-17', 'audio3-20', 'audio4-14', 'audio4-17', 'audio4-18', 'audio5-21', 'audio6-15', 'audio6-21', 'audio7-14', 'audio7-17', 'audio8-17', 'audio8-20', 'audio9-16', 'audio9-21', 'yolo1-15', 'yolo1-17', 'yolo1-19', 'yolo10-14', 'yolo10-17', 'yolo10-20', 'yolo11-13', 'yolo12-14', 'yolo12-15', 'yolo2-13', 'yolo2-17', 'yolo3-17', 'yolo4-16', 'yolo5-17', 'yolo5-18', 'yolo6-16', 'yolo7-14', 'yolo7-17', 'yolo7-20', 'yolo8-13']
edge apps:  ['audio1-edge-13', 'audio2-edge-13', 'audio5-edge-13']
common:  ['audio1-21', 'audio5-21']
Edge: ['audio10', 'audio10', 'audio1', 'audio2', 'audio6', 'audio9', 'yolo1', 'yolo1']
Cloud: ['audio11', 'audio12', 'audio12', 'audio3', 'audio4', 'audio4', 'audio4', 'audio7', 'audio7', 'audio8', 'audio8', 'yolo1', 'yolo10', 'yolo10', 'yolo10', 'yolo11', 'yolo12', 'yolo12', 'yolo2', 'yolo2', 'yolo3', 'yolo4', 'yolo5', 'yolo5', 'yolo6', 'yolo7', 'yolo7', 'yolo7', 'yolo8']
Exec Time:  0.0543169975281
terminal file content:  
is_terminal:  False
after IDA app:  audio10
app_image: audio10
delete app:audio10-17

s2-audio-10:Pullingfromiscc19
Digest:sha256:da6ff52f6056045b5e80adc4fd44e50dbca5de615342cd17980f430b1174b37b
Status:Downloadednewerimagefor192.168.1.100:5000/iscc19:s2-audio-10

real	0m0.292s
user	0m0.014s
sys	0m0.006s
k8s create analytic stdoutput:
b'pod/audio10-edge-17 created\n'
k8s create analytic erroutput:
Deploy: audio10-17
try deploy app number:  17
terminal file content:  
is_terminal:  False
after IDA app:  audio10
app_image: audio10
delete app:audio10-18

s2-audio-10:Pullingfromiscc19
Digest:sha256:da6ff52f6056045b5e80adc4fd44e50dbca5de615342cd17980f430b1174b37b
Status:Imageisuptodatefor192.168.1.100:5000/iscc19:s2-audio-10

real	0m0.104s
user	0m0.019s
sys	0m0.003s
k8s create analytic stdoutput:
b'pod/audio10-edge-18 created\n'
k8s create analytic erroutput:
Deploy: audio10-18
try deploy app number:  18
terminal file content:  
is_terminal:  False
after IDA app:  audio1
app_image: audio1
delete app:audio1-21

s2-audio-1:Pullingfromiscc19
Digest:sha256:6783ecc0c002f2c85e1bbbb2a4ecbe6ca6a13014f346ca0dc113074b0be928ad
Status:Imageisuptodatefor192.168.1.100:5000/iscc19:s2-audio-1

real	0m0.033s
user	0m0.011s
sys	0m0.011s
k8s create analytic stdoutput:
b'pod/audio1-edge-21 created\n'
k8s create analytic erroutput:
Deploy: audio1-21
try deploy app number:  21
terminal file content:  
is_terminal:  False
after IDA app:  audio2
app_image: audio2
delete app:audio1-21

s2-audio-2:Pullingfromiscc19
Digest:sha256:da6ff52f6056045b5e80adc4fd44e50dbca5de615342cd17980f430b1174b37b
Status:Imageisuptodatefor192.168.1.100:5000/iscc19:s2-audio-2

real	0m0.086s
user	0m0.014s
sys	0m0.010s
k8s create analytic stdoutput:
b'pod/audio2-edge-21 created\n'
k8s create analytic erroutput:
Deploy: audio1-21
try deploy app number:  21
terminal file content:  
is_terminal:  False
after IDA app:  audio6
app_image: audio6
delete app:audio6-15

s2-audio-6:Pullingfromiscc19
Digest:sha256:da6ff52f6056045b5e80adc4fd44e50dbca5de615342cd17980f430b1174b37b
Status:Downloadednewerimagefor192.168.1.100:5000/iscc19:s2-audio-6

real	0m0.064s
user	0m0.019s
sys	0m0.000s
k8s create analytic stdoutput:
b'pod/audio6-edge-15 created\n'
k8s create analytic erroutput:
Deploy: audio6-15
try deploy app number:  15
terminal file content:  
is_terminal:  False
after IDA app:  audio9
app_image: audio9
delete app:audio9-16

s2-audio-9:Pullingfromiscc19
Digest:sha256:6783ecc0c002f2c85e1bbbb2a4ecbe6ca6a13014f346ca0dc113074b0be928ad
Status:Imageisuptodatefor192.168.1.100:5000/iscc19:s2-audio-9

real	0m0.429s
user	0m0.020s
sys	0m0.004s
fail to deploy audio9 with period 3 since audio9 has departured
Deploy: audio9
Fail to deploy app number:  audio9
no need to download (edge), time:  20
terminal file content:  
is_terminal:  False
after IDA app:  yolo1
app_image: yolo1
delete app:yolo1-15

s2-yolo-1:Pullingfromiscc19
9811207f4eba:Alreadyexists
0c8f4d0494dc:Alreadyexists
1954412987c0:Alreadyexists
1801b5eaa295:Alreadyexists
8a6861842a93:Alreadyexists
afc6a509a6e7:Alreadyexists
d296cedf3c5e:Alreadyexists
03c381950737:Alreadyexists
24262ec7286c:Pullingfslayer
7333f40c81f3:Pullingfslayer
e75d2f1b630b:Pullingfslayer
08796a140d09:Pullingfslayer
94730a11b6e9:Pullingfslayer
a637953a543b:Pullingfslayer
0d20ec595114:Pullingfslayer
7eb022a3e089:Pullingfslayer
08796a140d09:Waiting
94730a11b6e9:Waiting
a637953a543b:Waiting
0d20ec595114:Waiting
7e783a2a840a:Pullingfslayer
7eb022a3e089:Waiting
fc560728b5ab:Pullingfslayer
b31ab951018b:Pullingfslayer
b31ab951018b:Waiting
7e783a2a840a:Waiting
fc560728b5ab:Waiting
7333f40c81f3:VerifyingChecksum
7333f40c81f3:Downloadcomplete
08796a140d09:Downloadcomplete
24262ec7286c:VerifyingChecksum
24262ec7286c:Downloadcomplete
a637953a543b:VerifyingChecksum
a637953a543b:Downloadcomplete
24262ec7286c:Pullcomplete
7333f40c81f3:Pullcomplete
94730a11b6e9:VerifyingChecksum
94730a11b6e9:Downloadcomplete
7eb022a3e089:VerifyingChecksum
7eb022a3e089:Downloadcomplete
0d20ec595114:VerifyingChecksum
0d20ec595114:Downloadcomplete
fc560728b5ab:VerifyingChecksum
fc560728b5ab:Downloadcomplete
b31ab951018b:VerifyingChecksum
b31ab951018b:Downloadcomplete
e75d2f1b630b:VerifyingChecksum
e75d2f1b630b:Downloadcomplete
e75d2f1b630b:Pullcomplete
08796a140d09:Pullcomplete
7e783a2a840a:VerifyingChecksum
7e783a2a840a:Downloadcomplete
94730a11b6e9:Pullcomplete
a637953a543b:Pullcomplete
0d20ec595114:Pullcomplete
7eb022a3e089:Pullcomplete
7e783a2a840a:Pullcomplete
fc560728b5ab:Pullcomplete
b31ab951018b:Pullcomplete
Digest:sha256:aa64f7a295ea754991c8b9e8057f9059d00a2160cc970a612b3f103e37237bb7
Status:Downloadednewerimagefor192.168.1.100:5000/iscc19:s2-yolo-1

real	2m20.002s
user	0m0.137s
sys	0m0.100spod "yolo1-17" deleted

fail to deploy yolo1 with period 2 since yolo1 has departured
Deploy: yolo1
Fail to deploy app number:  yolo1
no need to download (edge), time:  20
terminal file content:  
is_terminal:  False
after IDA app:  yolo1
app_image: yolo1
delete app:yolo1-17

s2-yolo-1:Pullingfromiscc19
Digest:sha256:aa64f7a295ea754991c8b9e8057f9059d00a2160cc970a612b3f103e37237bb7
Status:Imageisuptodatefor192.168.1.100:5000/iscc19:s2-yolo-1

real	0m0.665s
user	0m0.013s
sys	0m0.014s
k8s create analytic stdoutput:
b'pod/yolo1-edge-17 created\n'
k8s create analytic erroutput:
Deploy: yolo1-17
try deploy app number:  17
**time:25
pod "audio6-21" deleted
pod "audio6-24" deleted
pod "audio9-21" deleted
pod "audio9-23" deleted
pod "audio5-21" deleted
pod "yolo5-17" deleted
pod "yolo9-24" deleted
======Replacement======
high_level: 0.8 low_level 0.6 policy: MFU
python3 YC/iscc19/Implementation/Algo/Replacement/repllacement_algo.py 3.0 0.8 0.6 MFU
Before replaced_images: []
Before replaced_layer_nums: []
exist_images: ['192.168.1.100:5000/iscc19:s2-yolo-1', '192.168.1.100:5000/iscc19:s2-audio-10', '192.168.1.100:5000/iscc19:s2-audio-2', '192.168.1.100:5000/iscc19:s2-audio-6', '192.168.1.100:5000/iscc19:s2-audio-1', '192.168.1.100:5000/iscc19:s2-audio-5', '192.168.1.100:5000/iscc19:s2-audio-9']
After replaced_images: []
After replaced_layer_nums: []
Before replacement_sz: 1200000000.0
Storage usage: 2592492834.0
Available size: 407507166.0
After replacement_sz: 792492834.0
total_size: 3000000000.0
high_level_sz: 2400000000.0
Before image_layers: ['192.168.1.100:5000/iscc19:s2-yolo-1', '192.168.1.100:5000/iscc19:s2-audio-10', '192.168.1.100:5000/iscc19:s2-audio-2', '192.168.1.100:5000/iscc19:s2-audio-6', '192.168.1.100:5000/iscc19:s2-audio-1', '192.168.1.100:5000/iscc19:s2-audio-5', '192.168.1.100:5000/iscc19:s2-audio-9']
image_layers + replaced_images: ['192.168.1.100:5000/iscc19:s2-yolo-1', '192.168.1.100:5000/iscc19:s2-audio-10', '192.168.1.100:5000/iscc19:s2-audio-2', '192.168.1.100:5000/iscc19:s2-audio-6', '192.168.1.100:5000/iscc19:s2-audio-1', '192.168.1.100:5000/iscc19:s2-audio-5', '192.168.1.100:5000/iscc19:s2-audio-9']
running_images: ['192.168.1.100:5000/iscc19:s2-yolo-1', '192.168.1.100:5000/iscc19:s2-audio-10', '192.168.1.100:5000/iscc19:s2-audio-2', '192.168.1.100:5000/iscc19:s2-audio-6', '192.168.1.100:5000/iscc19:s2-audio-1', '192.168.1.100:5000/iscc19:s2-audio-5', '192.168.1.100:5000/iscc19:s2-audio-9']
image_layers exclude running_images: []
get images from download log: []
get num_access_time from download log: []
get download_time from download log: []
[] []
time: 0.509479284286499

======Replacement Done======
======Deploy Algo Result======
cloud apps:  ['audio12-17', 'audio12-22', 'audio12-24', 'audio2-22', 'audio3-24', 'audio4-14', 'audio5-21', 'audio6-21', 'audio6-24', 'audio7-14', 'audio7-24', 'audio8-17', 'audio8-20', 'audio9-21', 'audio9-23', 'yolo1-19', 'yolo10-14', 'yolo10-20', 'yolo10-23', 'yolo11-13', 'yolo12-24', 'yolo2-13', 'yolo2-22', 'yolo3-22', 'yolo3-24', 'yolo4-16', 'yolo4-24', 'yolo5-17', 'yolo5-18', 'yolo5-24', 'yolo6-24', 'yolo7-14', 'yolo7-17', 'yolo7-20', 'yolo7-24', 'yolo8-23', 'yolo9-24']
edge apps:  ['audio1-edge-21', 'audio10-edge-17', 'audio10-edge-18', 'audio2-edge-21', 'audio5-edge-13', 'yolo1-edge-17']
common:  ['audio2-22', 'audio5-21', 'yolo1-19']
Edge: ['audio6', 'audio6', 'audio9', 'audio9', 'audio5', 'yolo5', 'yolo5', 'yolo1', 'yolo9']
Cloud: ['audio12', 'audio12', 'audio12', 'audio3', 'audio7', 'audio8', 'yolo10', 'yolo10', 'yolo12', 'yolo2', 'yolo3', 'yolo3', 'yolo4', 'yolo4', 'yolo6', 'yolo7', 'yolo7', 'yolo8']
Exec Time:  0.0596988201141
terminal file content:  
is_terminal:  False
after IDA app:  audio6
app_image: audio6
delete app:audio6-21

s2-audio-6:Pullingfromiscc19
Digest:sha256:da6ff52f6056045b5e80adc4fd44e50dbca5de615342cd17980f430b1174b37b
Status:Imageisuptodatefor192.168.1.100:5000/iscc19:s2-audio-6

real	0m0.067s
user	0m0.015s
sys	0m0.010s
k8s create analytic stdoutput:
b'pod/audio6-edge-21 created\n'
k8s create analytic erroutput:
Deploy: audio6-21
try deploy app number:  21
terminal file content:  
is_terminal:  False
after IDA app:  audio6
app_image: audio6
delete app:audio6-24

s2-audio-6:Pullingfromiscc19
Digest:sha256:da6ff52f6056045b5e80adc4fd44e50dbca5de615342cd17980f430b1174b37b
Status:Imageisuptodatefor192.168.1.100:5000/iscc19:s2-audio-6

real	0m0.148s
user	0m0.009s
sys	0m0.017s
k8s create analytic stdoutput:
b'pod/audio6-edge-24 created\n'
k8s create analytic erroutput:
Deploy: audio6-24
try deploy app number:  24
terminal file content:  
is_terminal:  False
after IDA app:  audio9
app_image: audio9
delete app:audio9-21

s2-audio-9:Pullingfromiscc19
Digest:sha256:6783ecc0c002f2c85e1bbbb2a4ecbe6ca6a13014f346ca0dc113074b0be928ad
Status:Imageisuptodatefor192.168.1.100:5000/iscc19:s2-audio-9

real	0m0.054s
user	0m0.015s
sys	0m0.005s
k8s create analytic stdoutput:
b'pod/audio9-edge-21 created\n'
k8s create analytic erroutput:
Deploy: audio9-21
try deploy app number:  21
terminal file content:  
is_terminal:  False
after IDA app:  audio9
app_image: audio9
delete app:audio9-23

s2-audio-9:Pullingfromiscc19
Digest:sha256:6783ecc0c002f2c85e1bbbb2a4ecbe6ca6a13014f346ca0dc113074b0be928ad
Status:Imageisuptodatefor192.168.1.100:5000/iscc19:s2-audio-9

real	0m0.208s
user	0m0.020s
sys	0m0.007s
k8s create analytic stdoutput:
b'pod/audio9-edge-23 created\n'
k8s create analytic erroutput:
Deploy: audio9-23
try deploy app number:  23
terminal file content:  
is_terminal:  False
after IDA app:  audio5
app_image: audio5
delete app:audio5-21

s2-audio-5:Pullingfromiscc19
Digest:sha256:6783ecc0c002f2c85e1bbbb2a4ecbe6ca6a13014f346ca0dc113074b0be928ad
Status:Imageisuptodatefor192.168.1.100:5000/iscc19:s2-audio-5

real	0m0.079s
user	0m0.013s
sys	0m0.013s
k8s create analytic stdoutput:
b'pod/audio5-edge-21 created\n'
k8s create analytic erroutput:
Deploy: audio5-21
try deploy app number:  21
terminal file content:  
is_terminal:  False
after IDA app:  yolo5
app_image: yolo5
delete app:yolo5-17

s2-yolo-5:Pullingfromiscc19
Digest:sha256:aa64f7a295ea754991c8b9e8057f9059d00a2160cc970a612b3f103e37237bb7
Status:Downloadednewerimagefor192.168.1.100:5000/iscc19:s2-yolo-5

real	0m0.282s
user	0m0.015s
sys	0m0.010s
k8s create analytic stdoutput:
b'pod/yolo5-edge-17 created\n'
k8s create analytic erroutput:
Deploy: yolo5-17
try deploy app number:  17
terminal file content:  
is_terminal:  False
after IDA app:  yolo5
app_image: yolo5
delete app:yolo5-18

s2-yolo-5:Pullingfromiscc19
Digest:sha256:aa64f7a295ea754991c8b9e8057f9059d00a2160cc970a612b3f103e37237bb7
Status:Imageisuptodatefor192.168.1.100:5000/iscc19:s2-yolo-5

real	0m0.078s
user	0m0.025s
sys	0m0.000s
fail to deploy yolo5 with period 2 since yolo5 has departured
Deploy: yolo5
Fail to deploy app number:  yolo5
no need to download (edge), time:  25
terminal file content:  
is_terminal:  False
after IDA app:  yolo1
app_image: yolo1
delete app:yolo1-19

s2-yolo-1:Pullingfromiscc19
Digest:sha256:aa64f7a295ea754991c8b9e8057f9059d00a2160cc970a612b3f103e37237bb7
Status:Imageisuptodatefor192.168.1.100:5000/iscc19:s2-yolo-1

real	0m0.028s
user	0m0.016s
sys	0m0.003s
fail to deploy yolo1 with period 2 since yolo1 has departured
Deploy: yolo1
Fail to deploy app number:  yolo1
no need to download (edge), time:  25
terminal file content:  
is_terminal:  False
after IDA app:  yolo9
app_image: yolo9
delete app:yolo9-24

s2-yolo-9:Pullingfromiscc19
Digest:sha256:aa64f7a295ea754991c8b9e8057f9059d00a2160cc970a612b3f103e37237bb7
Status:Downloadednewerimagefor192.168.1.100:5000/iscc19:s2-yolo-9

real	0m0.103s
user	0m0.021s
sys	0m0.004s
k8s create analytic stdoutput:
b'pod/yolo9-edge-24 created\n'
k8s create analytic erroutput:
Deploy: yolo9-24
try deploy app number:  24
