
========== Time: 0 ==========

========== Time: 1 ==========
yolo10-0, 71956514, car
yolo10-0, 18035358, car

========== Time: 2 ==========
yolo10-0, 41091446, car
yolo10-0, 90448443, car
yolo6-1, 90448443, car
yolo10-0, 34999824, car
yolo6-1, 34999824, car
yolo10-0, 07708697, car
yolo6-1, 07708697, car
yolo6-1, 79746618, car
yolo10-0, 79746618, car
yolo10-0, 45338813, car
yolo6-1, 45338813, car
yolo10-0, 14452434, car
yolo6-1, 14452434, car
yolo10-0, 47057702, car
yolo6-1, 47057702, car
yolo6-1, 48800041, car
yolo10-0, 48800041, car
yolo10-0, 62106410, car
yolo6-1, 62106410, car
yolo10-0, 45075970, car
yolo6-1, 45075970, car
yolo10-0, 79659374, car
yolo6-1, 79659374, car
yolo10-0, 42455920, person
yolo6-1, 42455920, person
yolo6-1, 72082934, car
yolo10-0, 72082934, car
yolo6-1, 28753340, car
yolo10-0, 28753340, car
yolo1-2, 42455920, person
yolo6-1, 50930685, car
yolo10-0, 50930685, car

========== Time: 3 ==========
yolo1-2, 72082934, car
yolo1-2, 28753340, car
yolo1-2, 50930685, car
yolo10-0, 39170296, car
yolo6-1, 39170296, car
yolo1-2, 39170296, car
yolo1-2, 30307520, car
yolo10-0, 30307520, car
yolo6-1, 30307520, car
yolo6-1, 16118448, car
yolo10-0, 16118448, car
yolo1-2, 16118448, car
yolo1-2, 05907644, car
yolo10-0, 05907644, car
yolo6-1, 05907644, car
yolo1-2, 00663194, car
yolo10-0, 00663194, car
yolo6-1, 00663194, car
yolo1-2, 87121258, car
yolo6-1, 87121258, car
yolo10-0, 87121258, car
yolo6-1, 26403121, car
yolo1-2, 26403121, car
yolo10-0, 26403121, car
yolo1-2, 51926019, car
yolo10-0, 51926019, car
yolo6-1, 51926019, car
yolo1-2, 59922556, car
yolo10-0, 59922556, car
yolo6-1, 59922556, car
yolo10-0, 10552894, car
yolo6-1, 10552894, car
yolo1-2, 10552894, car
yolo6-1, 08701461, car
yolo10-0, 08701461, car
yolo1-2, 08701461, car
yolo1-2, 71258994, car
yolo6-1, 71258994, car
yolo10-0, 71258994, car
yolo1-2, 11697655, car
yolo6-1, 11697655, car
yolo10-0, 11697655, car
yolo1-2, 00439067, car
yolo6-1, 00439067, car
yolo10-0, 00439067, car
yolo6-1, 88827648, car
yolo10-0, 88827648, car
yolo1-2, 88827648, car
yolo10-0, 96602606, car
yolo6-1, 96602606, car

========== Time: 4 ==========
yolo6-1, 41260421, car
yolo10-0, 41260421, car
yolo10-0, 48860167, car
yolo6-1, 48860167, car
yolo6-1, 29966326, car
yolo10-0, 29966326, car
yolo6-1, 39318081, car
yolo10-0, 39318081, car
yolo6-1, 36969955, car
yolo10-0, 36969955, car
yolo6-1, 16019773, car
yolo10-0, 16019773, car
yolo6-1, 72985555, car
yolo10-0, 72985555, car
yolo6-3, 72985555, car
yolo10-3, 72985555, car
yolo10-0, 72049429, car
yolo6-3, 72049429, car
yolo6-1, 72049429, car
yolo10-3, 72049429, car

========== Time: 5 ==========
yolo10-3, 32509925, car
yolo10-0, 32509925, car
yolo6-1, 32509925, car
yolo6-3, 32509925, car
yolo1-2, 96602606, car
yolo6-3, 89992714, car
yolo6-1, 89992714, car
yolo10-3, 89992714, car
yolo10-0, 89992714, car
yolo1-2, 41260421, car
yolo1-2, 48860167, car
yolo10-0, 87493053, car
yolo6-1, 87493053, car
yolo6-3, 87493053, car
yolo10-3, 87493053, car
yolo1-2, 29966326, car
yolo1-2, 39318081, car
yolo1-2, 36969955, car
yolo1-2, 16019773, car
yolo1-2, 72985555, car
yolo1-2, 72049429, bottle
yolo6-3, 98763843, car
yolo10-0, 98763843, car
yolo10-3, 98763843, car
yolo6-1, 98763843, car
yolo1-2, 34449955, aeroplane
yolo1-2, 46820045, aeroplane
yolo1-2, 61224489, aeroplane
yolo1-2, 75759490, aeroplane
yolo1-2, 90877628, aeroplane
yolo1-2, 29324207, car
yolo1-2, 90079068, car

========== Time: 6 ==========
yolo1-2, 71233548, aeroplane
yolo1-2, 32657461, car
yolo1-2, 05172786, aeroplane
yolo1-2, 45713409, car
yolo1-2, 55074853, bottle
yolo1-2, 67503733, car
yolo1-2, 85880095, bottle
yolo1-2, 64181842, bottle
yolo1-2, 44672356, aeroplane
yolo1-2, 72910491, aeroplane
yolo1-2, 87350202, bottle
yolo1-2, 84728459, bottle
yolo6-3, 79296434, car
yolo10-0, 79296434, car
yolo6-1, 79296434, car
yolo10-3, 79296434, car
yolo1-2, 03439402, aeroplane
yolo1-2, 74450574, aeroplane
yolo1-2, 48470650, sofa

========== Time: 7 ==========
yolo1-2, 79798767, aeroplane
yolo1-2, 10083210, aeroplane
yolo1-2, 31495429, bottle
yolo1-2, 93362586, aeroplane
yolo1-2, 67633491, person
yolo1-2, 91659578, aeroplane
yolo1-2, 98715463, aeroplane
yolo1-2, 01986486, aeroplane
yolo10-3, 03439402, aeroplane
yolo10-0, 03439402, aeroplane
yolo6-4, 74450574, aeroplane
yolo6-1, 03439402, boat
yolo1-2, 15528412, aeroplane
yolo10-3, 74450574, aeroplane
yolo10-0, 74450574, aeroplane
yolo1-2, 06260953, aeroplane
yolo10-3, 48470650, sofa
yolo10-0, 48470650, sofa
yolo10-0, 79798767, aeroplane
yolo10-3, 79798767, aeroplane
yolo1-2, 47435883, aeroplane
yolo10-0, 10083210, aeroplane
yolo10-3, 10083210, aeroplane
yolo10-3, 31495429, bottle
yolo10-0, 31495429, bottle
yolo1-2, 30791020, aeroplane
yolo10-3, 93362586, aeroplane
yolo10-0, 93362586, aeroplane
yolo10-0, 67633491, person
yolo10-3, 67633491, person
yolo1-2, 72409696, aeroplane

========== Time: 8 ==========
yolo10-3, 91659578, aeroplane
yolo10-0, 91659578, aeroplane
yolo1-2, 64089114, bottle
yolo10-3, 98715463, aeroplane
yolo10-0, 98715463, aeroplane
yolo2-6, 64089114, train
yolo10-3, 01986486, aeroplane
yolo10-0, 01986486, aeroplane
yolo1-2, 12326346, aeroplane
yolo6-5, 12326346, car
yolo2-6, 12326346, car
yolo10-3, 15528412, aeroplane
yolo10-0, 15528412, aeroplane
yolo10-3, 06260953, aeroplane
yolo10-0, 06260953, aeroplane
yolo1-2, 59693946, bottle
yolo2-6, 59693946, car
yolo6-5, 59693946, car
yolo7-4, 15528412, bottle
yolo7-1, 84728459, train
yolo1-2, 30516769, car
yolo11-5, 30516769, car
yolo7-1, 03439402, boat
yolo10-0, 47435883, aeroplane
yolo10-3, 47435883, aeroplane
yolo7-4, 06260953, car
yolo7-1, 74450574, aeroplane
yolo1-2, 66063794, car
yolo11-5, 66063794, car
yolo7-4, 47435883, car
yolo7-1, 48470650, sofa
yolo7-4, 30791020, car
yolo11-5, 29172324, car
yolo1-2, 29172324, car
yolo7-1, 79798767, car
yolo7-4, 72409696, boat
yolo7-1, 10083210, sofa
yolo11-5, 19578307, car
yolo7-4, 64089114, train
yolo1-2, 19578307, car
yolo7-1, 31495429, boat
yolo7-4, 12326346, car
yolo11-5, 99189859, car
yolo1-2, 99189859, car
yolo7-1, 93362586, boat
yolo7-4, 59693946, car
yolo7-1, 67633491, car
yolo7-4, 30516769, car
yolo11-5, 88146143, car
yolo1-2, 88146143, car
yolo7-4, 66063794, car
yolo7-1, 91659578, car
yolo11-5, 09989519, car
yolo1-2, 09989519, car
yolo7-4, 29172324, car
yolo7-1, 98715463, car
yolo7-1, 01986486, car
yolo7-4, 19578307, car
yolo1-2, 35349087, car
yolo11-5, 35349087, car
yolo7-1, 15528412, bottle
yolo7-4, 99189859, car
yolo7-1, 06260953, car
yolo7-4, 88146143, car
yolo11-5, 77307895, sofa
yolo7-1, 47435883, car
yolo7-4, 09989519, car
yolo7-1, 30791020, car
yolo11-5, 47945945, aeroplane
yolo7-4, 35349087, car
yolo7-1, 72409696, boat
yolo7-4, 77307895, sofa
yolo11-5, 04686825, bottle
yolo7-1, 64089114, train
yolo7-4, 47945945, aeroplane
yolo7-1, 12326346, car
yolo7-4, 04686825, train
yolo11-5, 59053299, aeroplane
yolo7-1, 59693946, car
yolo7-4, 59053299, boat
yolo7-1, 30516769, car
yolo11-5, 24453287, car
yolo7-1, 66063794, car
yolo7-4, 24453287, car
yolo7-4, 55800953, train
yolo7-1, 29172324, car
yolo11-5, 55800953, bottle
yolo7-1, 19578307, car
yolo7-4, 16499482, car
yolo11-5, 16499482, aeroplane
yolo7-1, 99189859, car
yolo7-1, 88146143, car
yolo7-4, 48700702, car
yolo11-5, 48700702, car
yolo7-1, 09989519, car
yolo7-4, 36945197, car
yolo11-5, 36945197, aeroplane
yolo7-4, 44284071, car
yolo7-1, 35349087, car
yolo11-5, 44284071, car
yolo7-1, 77307895, sofa

========== Time: 9 ==========
yolo11-5, 81404099, bottle
yolo7-4, 81404099, train
yolo7-1, 47945945, aeroplane
yolo7-1, 04686825, train
yolo7-4, 47407202, car
yolo11-5, 47407202, bottle
yolo7-1, 59053299, boat
yolo7-1, 24453287, car
yolo11-5, 27477732, car
yolo7-4, 27477732, car
yolo7-1, 55800953, train
yolo7-1, 16499482, car
yolo11-5, 51843020, aeroplane
yolo7-4, 51843020, aeroplane
yolo7-1, 48700702, car
yolo7-4, 78879025, car
yolo7-1, 36945197, car
yolo11-5, 78879025, aeroplane
yolo7-1, 44284071, car
yolo11-5, 99579565, car
yolo7-1, 81404099, train
yolo7-4, 99579565, car
yolo7-1, 47407202, car
yolo7-1, 27477732, car
yolo11-5, 40910322, aeroplane
yolo7-4, 40910322, aeroplane
yolo7-1, 51843020, aeroplane
yolo7-1, 78879025, car
yolo11-5, 16642916, aeroplane
yolo7-4, 16642916, sofa
yolo7-1, 99579565, car
yolo7-1, 40910322, aeroplane
yolo11-5, 10815046, aeroplane
yolo7-4, 10815046, car
yolo7-1, 16642916, sofa
yolo7-4, 55885263, aeroplane
yolo7-1, 10815046, car
yolo11-5, 55885263, aeroplane
yolo7-1, 55885263, aeroplane
yolo11-5, 21101672, aeroplane
yolo7-1, 21101672, car
yolo7-4, 21101672, car
yolo11-5, 29927376, aeroplane
yolo7-4, 29927376, car
yolo7-1, 29927376, car
yolo7-4, 72419109, aeroplane
yolo7-1, 72419109, aeroplane
yolo11-5, 72419109, aeroplane
yolo7-1, 05312502, car
yolo7-4, 05312502, car
yolo11-5, 05312502, aeroplane
yolo11-5, 47131766, aeroplane
yolo7-4, 47131766, car
yolo7-1, 47131766, car
yolo7-1, 57728802, car
yolo11-5, 57728802, aeroplane
yolo7-4, 57728802, car
yolo7-4, 05339438, aeroplane
yolo7-1, 05339438, aeroplane
yolo11-5, 05339438, aeroplane
yolo7-1, 98616608, train
yolo11-5, 98616608, bottle
yolo7-4, 98616608, train
yolo10-3, 30791020, aeroplane
yolo2-7, 30516769, car
yolo10-0, 30791020, aeroplane
yolo2-6, 30516769, car
yolo10-7, 30516769, car
yolo6-5, 30516769, car
yolo7-4, 70968208, car
yolo7-1, 70968208, car
yolo11-5, 70968208, aeroplane
yolo11-5, 67313345, bottle
yolo7-4, 67313345, train
yolo7-1, 67313345, train

========== Time: 10 ==========
yolo11-5, 73905774, aeroplane
yolo7-4, 73905774, car
yolo7-1, 73905774, car
yolo11-5, 99006033, aeroplane
yolo7-1, 99006033, sofa
yolo7-4, 99006033, sofa
yolo7-1, 86706225, aeroplane
yolo11-5, 86706225, aeroplane
yolo7-4, 86706225, aeroplane
yolo11-5, 03900109, aeroplane
yolo7-4, 03900109, car
yolo7-1, 03900109, car
yolo11-5, 97114703, car
yolo7-4, 97114703, car
yolo7-1, 97114703, car
yolo11-5, 84140145, car
yolo7-4, 84140145, car
yolo7-1, 84140145, car
yolo11-5, 66538500, car
yolo7-4, 66538500, car
yolo7-1, 66538500, car
yolo11-5, 21149653, car
yolo7-4, 21149653, car
yolo7-1, 21149653, car
yolo11-5, 63535408, car
yolo7-4, 63535408, car
yolo11-5, 38412859, car
yolo7-4, 38412859, car
yolo7-4, 72577021, car
yolo11-5, 72577021, car
yolo11-5, 26979518, car
yolo2-7, 66063794, car
yolo10-7, 66063794, car
yolo2-6, 66063794, car
yolo6-5, 66063794, car
yolo7-4, 26979518, car
yolo2-6, 29172324, car
yolo2-7, 29172324, car
yolo10-7, 29172324, car
yolo6-5, 29172324, car
yolo2-6, 19578307, car
yolo11-5, 03057301, car
yolo7-4, 03057301, car
yolo2-7, 19578307, car
yolo10-7, 19578307, car
yolo6-5, 19578307, car
yolo10-7, 99189859, car
yolo2-6, 99189859, car
yolo2-7, 99189859, car
yolo6-5, 99189859, car
yolo11-5, 74654183, car
yolo7-4, 74654183, car
yolo10-7, 44476523, car
yolo11-5, 44476523, car
yolo2-6, 44476523, car
yolo2-7, 44476523, car
yolo6-5, 44476523, car
yolo7-4, 44476523, car
yolo10-7, 12476983, car
yolo11-5, 12476983, car
yolo6-5, 12476983, car
yolo7-4, 12476983, car
yolo2-6, 12476983, car
yolo2-7, 12476983, car

========== Time: 11 ==========
yolo11-5, 71862388, car
yolo2-7, 71862388, car
yolo10-7, 71862388, car
yolo6-5, 71862388, car
yolo2-6, 71862388, car
yolo7-4, 71862388, car
yolo10-7, 26552360, car
yolo11-5, 26552360, car
yolo7-4, 26552360, car
yolo6-5, 26552360, car
yolo2-7, 26552360, car
yolo2-6, 26552360, car
yolo11-5, 53568812, car
yolo10-7, 53568812, car
yolo2-6, 53568812, car
yolo6-5, 53568812, car
yolo2-7, 53568812, car
yolo7-4, 53568812, car
yolo11-5, 63464859, car
yolo10-7, 63464859, car
yolo2-6, 63464859, car
yolo7-4, 63464859, car
yolo2-7, 63464859, car
yolo6-5, 63464859, car
yolo11-5, 84373358, car
yolo10-7, 84373358, car
yolo2-6, 84373358, car
yolo6-5, 84373358, car
yolo7-4, 84373358, car
yolo2-7, 84373358, car
yolo10-7, 46537765, car
yolo11-5, 46537765, car
yolo6-5, 46537765, car
yolo2-7, 46537765, car
yolo2-6, 46537765, car
yolo7-4, 46537765, car
yolo11-5, 67175284, car
yolo10-7, 67175284, car
yolo7-4, 67175284, car
yolo2-6, 67175284, car
yolo2-7, 67175284, car
yolo6-5, 67175284, car
yolo10-7, 06574558, car
yolo11-5, 06574558, car
yolo6-5, 06574558, car
yolo7-4, 06574558, car
yolo2-6, 06574558, car
yolo2-7, 06574558, car
yolo11-5, 82345407, car
yolo2-6, 82345407, car
yolo2-7, 82345407, car
yolo10-7, 82345407, car
yolo10-7, 68052594, car
yolo11-5, 68052594, car
yolo2-6, 68052594, car
yolo2-7, 68052594, car
yolo10-7, 79176918, aeroplane
yolo11-5, 79176918, aeroplane
yolo2-7, 79176918, sofa
yolo2-6, 79176918, sofa
yolo10-7, 96520933, sofa
yolo2-6, 96520933, sofa
yolo2-7, 96520933, sofa
yolo11-5, 96520933, sofa
yolo10-7, 03013252, aeroplane
yolo11-5, 03013252, aeroplane
yolo2-6, 03013252, sofa
yolo2-7, 03013252, sofa
yolo6-8, 03013252, sofa
yolo10-7, 29423519, aeroplane
yolo11-5, 29423519, aeroplane
yolo2-6, 29423519, sofa
yolo6-8, 29423519, sofa
yolo2-7, 29423519, sofa
yolo11-5, 06636610, aeroplane
yolo10-7, 06636610, aeroplane
yolo2-6, 06636610, aeroplane
yolo2-7, 06636610, aeroplane
yolo6-8, 06636610, aeroplane

========== Time: 12 ==========
yolo10-7, 18336963, aeroplane
yolo11-5, 18336963, aeroplane
yolo2-6, 18336963, sofa
yolo2-7, 18336963, sofa
yolo6-8, 18336963, sofa
yolo10-7, 45913822, aeroplane
yolo2-7, 45913822, sofa
yolo11-5, 45913822, aeroplane
yolo2-6, 45913822, sofa
yolo6-8, 45913822, sofa
yolo10-7, 71740613, sofa
yolo11-5, 71740613, sofa
yolo6-8, 71740613, sofa
yolo2-6, 71740613, sofa
yolo2-7, 71740613, sofa
yolo10-7, 14591172, aeroplane
yolo11-5, 14591172, aeroplane
yolo2-7, 14591172, car
yolo6-8, 14591172, car
yolo2-6, 14591172, car
yolo10-7, 56094065, aeroplane
yolo2-7, 56094065, car
yolo11-5, 56094065, aeroplane
yolo2-6, 56094065, car
yolo6-8, 56094065, car
yolo11-5, 23853388, car
yolo10-7, 23853388, car
yolo2-7, 23853388, car
yolo6-8, 23853388, car
yolo2-6, 23853388, car
yolo11-5, 14511807, sofa
yolo2-7, 14511807, sofa
yolo10-7, 14511807, sofa
yolo6-8, 14511807, sofa
yolo2-6, 14511807, sofa
yolo10-7, 29407469, car
yolo11-5, 29407469, car
yolo2-7, 29407469, car
yolo2-6, 29407469, car
yolo6-8, 29407469, car
yolo10-7, 94473304, aeroplane
yolo2-6, 94473304, sofa
yolo6-8, 94473304, sofa
yolo2-7, 94473304, sofa
yolo11-5, 94473304, aeroplane
yolo6-8, 35617311, train
yolo11-5, 35617311, car
yolo2-6, 35617311, train
yolo10-7, 35617311, car
yolo2-7, 35617311, train
yolo11-5, 58517514, car
yolo2-7, 58517514, car
yolo10-7, 58517514, car
yolo6-8, 58517514, car
yolo2-6, 58517514, car
yolo6-8, 30453715, car
yolo2-6, 30453715, car
yolo11-5, 30453715, car
yolo10-7, 30453715, car
yolo2-7, 30453715, car
yolo10-7, 43739056, car
yolo11-5, 43739056, car
yolo2-6, 43739056, car
yolo2-7, 43739056, car
yolo6-8, 43739056, car
yolo10-7, 08280115, car
yolo6-8, 08280115, car
yolo2-6, 08280115, car
yolo11-5, 08280115, car
yolo2-7, 08280115, car
yolo11-5, 01246484, car
yolo10-7, 01246484, car
yolo6-8, 01246484, car
yolo2-7, 01246484, car
yolo2-6, 01246484, car

========== Time: 13 ==========
yolo11-5, 18392893, boat
yolo2-6, 18392893, car
yolo6-8, 18392893, car
yolo10-7, 18392893, boat
yolo2-7, 18392893, car
yolo10-7, 30110652, car
yolo11-5, 30110652, car
yolo2-7, 30110652, car
yolo2-6, 30110652, car
yolo6-8, 30110652, car
yolo10-7, 28298572, car
yolo11-5, 28298572, car
yolo2-7, 28298572, car
yolo2-6, 28298572, car
yolo6-8, 28298572, car
yolo11-5, 39082248, car
yolo10-7, 39082248, car
yolo2-6, 39082248, car
yolo6-8, 39082248, car
yolo2-7, 39082248, car
yolo10-7, 64249860, car
yolo11-5, 64249860, car
yolo2-7, 64249860, car
yolo6-8, 64249860, car
yolo2-12, 64249860, car
yolo2-6, 64249860, car
yolo10-7, 70635795, car
yolo11-5, 70635795, car
yolo2-12, 70635795, car
yolo2-7, 70635795, car
yolo2-6, 70635795, car
yolo6-8, 70635795, car
yolo11-5, 57875143, car
yolo10-7, 57875143, car
yolo6-8, 57875143, car
yolo2-6, 57875143, car
yolo2-7, 57875143, car
yolo2-12, 57875143, car
yolo11-5, 52385196, car
yolo6-8, 52385196, car
yolo2-6, 52385196, car
yolo10-7, 52385196, car
yolo2-7, 52385196, car
yolo2-12, 52385196, car
yolo11-5, 84626132, car
yolo2-6, 84626132, car
yolo2-12, 84626132, car
yolo2-7, 84626132, car
yolo10-7, 84626132, car
yolo6-8, 84626132, car
yolo11-5, 82950532, car
yolo10-7, 82950532, car
yolo2-7, 82950532, car
yolo2-6, 82950532, car
yolo6-8, 82950532, car
yolo2-12, 82950532, car
yolo2-12, 94277403, car
yolo2-7, 94277403, car
yolo6-8, 94277403, car
yolo2-6, 94277403, car
yolo11-5, 94277403, car
yolo10-7, 94277403, car
yolo11-5, 36193430, car
yolo10-7, 36193430, car
yolo2-7, 36193430, car
yolo2-12, 36193430, car
yolo6-8, 36193430, car
yolo2-6, 36193430, car
yolo2-7, 21789005, car
yolo2-6, 21789005, car
yolo6-8, 21789005, car
yolo2-12, 21789005, car
yolo10-7, 21789005, car
yolo11-5, 21789005, car
yolo11-5, 02195558, car
yolo10-7, 02195558, car
yolo2-6, 02195558, car
yolo2-7, 02195558, car
yolo2-12, 02195558, car
yolo6-8, 02195558, car
yolo10-7, 21222355, car
yolo2-7, 21222355, car
yolo6-8, 21222355, car
yolo2-12, 21222355, car
yolo11-5, 21222355, car
yolo2-6, 21222355, car
yolo10-7, 51612363, car
yolo2-6, 51612363, car
yolo6-8, 51612363, car
yolo2-7, 51612363, car
yolo2-12, 51612363, car
yolo11-5, 51612363, car
yolo11-5, 24370124, car
yolo10-7, 24370124, car
yolo2-12, 24370124, car
yolo2-7, 24370124, car
yolo2-6, 24370124, car
yolo6-8, 24370124, car

========== Time: 14 ==========
yolo10-7, 07157653, car
yolo11-5, 07157653, car
yolo2-7, 07157653, car
yolo2-12, 07157653, car
yolo2-6, 07157653, car
yolo6-8, 07157653, car
yolo11-5, 13675950, car
yolo10-7, 13675950, car
yolo2-12, 13675950, car
yolo2-6, 13675950, car
yolo2-7, 13675950, car
yolo6-8, 13675950, car
yolo11-5, 10339684, car
yolo11-5, 86179553, car
yolo10-7, 10339684, car
yolo11-5, 52921648, aeroplane
yolo2-6, 10339684, car
yolo2-12, 10339684, car
yolo6-8, 10339684, car
yolo2-7, 10339684, car
yolo10-7, 86179553, car
yolo11-5, 25868264, aeroplane
yolo2-6, 86179553, car
yolo6-8, 86179553, car
yolo2-7, 86179553, car
yolo2-12, 86179553, car
yolo10-7, 52921648, aeroplane
yolo6-8, 52921648, car
yolo2-12, 52921648, car
yolo2-7, 52921648, car
yolo2-6, 52921648, car
yolo10-7, 25868264, aeroplane
yolo11-5, 87447733, aeroplane
yolo2-12, 25868264, car
yolo2-7, 25868264, car
yolo6-8, 25868264, car
yolo2-6, 25868264, car
yolo10-7, 87447733, aeroplane
yolo2-12, 87447733, car
yolo2-7, 87447733, car
yolo6-8, 87447733, car
yolo2-6, 87447733, car
yolo10-7, 77436735, aeroplane
yolo11-5, 77436735, aeroplane
yolo2-12, 77436735, car
yolo2-7, 77436735, car
yolo6-8, 77436735, car
yolo2-6, 77436735, car
yolo11-5, 42755506, aeroplane
yolo10-7, 42755506, aeroplane
yolo2-7, 42755506, car
yolo2-6, 42755506, car
yolo6-8, 42755506, car
yolo2-12, 42755506, car
yolo11-5, 83808398, aeroplane
yolo10-7, 83808398, aeroplane
yolo6-8, 83808398, car
yolo2-12, 83808398, car
yolo2-7, 83808398, car
yolo10-7, 13339194, aeroplane
yolo11-5, 13339194, aeroplane
yolo2-7, 13339194, car
yolo6-8, 13339194, car
yolo2-12, 13339194, car
yolo11-5, 43782463, aeroplane
yolo10-7, 43782463, aeroplane
yolo6-8, 43782463, car
yolo2-7, 43782463, car
yolo2-12, 43782463, car
yolo11-5, 64395863, aeroplane
yolo10-7, 64395863, aeroplane
yolo6-8, 64395863, car
yolo2-7, 64395863, car
yolo2-12, 64395863, car
yolo11-5, 39613525, aeroplane
yolo6-8, 39613525, car
yolo2-7, 39613525, car
yolo10-7, 39613525, aeroplane
yolo2-12, 39613525, car
yolo11-5, 37737981, aeroplane
yolo10-7, 37737981, aeroplane
yolo2-12, 37737981, car
yolo6-8, 37737981, car
yolo2-7, 37737981, car

========== Time: 15 ==========
yolo2-7, 44375567, car
yolo10-7, 44375567, aeroplane
yolo6-8, 44375567, car
yolo11-5, 44375567, aeroplane
yolo2-12, 44375567, car
yolo11-5, 72053361, aeroplane
yolo10-7, 72053361, aeroplane
yolo6-8, 72053361, car
yolo2-12, 72053361, car
yolo2-7, 72053361, car
yolo11-5, 16695296, aeroplane
yolo10-7, 16695296, aeroplane
yolo2-12, 16695296, car
yolo6-8, 16695296, car
yolo2-7, 16695296, car
yolo11-5, 83160579, aeroplane
yolo2-12, 83160579, car
yolo2-7, 83160579, car
yolo6-8, 83160579, car
yolo10-7, 83160579, aeroplane
yolo6-8, 26247622, car
yolo11-5, 26247622, aeroplane
yolo10-7, 26247622, aeroplane
yolo2-12, 26247622, car
yolo2-7, 26247622, car
yolo10-7, 68055246, aeroplane
yolo11-5, 68055246, aeroplane
yolo2-12, 68055246, car
yolo6-8, 68055246, car
yolo2-7, 68055246, car
yolo11-5, 93435207, aeroplane
yolo10-7, 93435207, aeroplane
yolo6-8, 93435207, car
yolo2-12, 93435207, car
yolo2-7, 93435207, car
yolo10-7, 93209594, aeroplane
yolo11-5, 93209594, aeroplane
yolo6-8, 93209594, car
yolo2-12, 93209594, car
yolo2-7, 93209594, car
yolo11-5, 16101634, aeroplane
yolo2-12, 16101634, car
yolo2-7, 16101634, car
yolo10-7, 16101634, aeroplane
yolo6-8, 16101634, car
yolo6-8, 26137335, car
yolo10-7, 26137335, aeroplane
yolo11-5, 26137335, aeroplane
yolo2-12, 26137335, car
yolo2-7, 26137335, car
yolo6-8, 93879219, car
yolo2-12, 93879219, car
yolo6-8, 59540126, car
yolo2-12, 59540126, car
yolo2-12, 89008530, car
yolo6-8, 89008530, car
yolo2-12, 14754579, car
yolo6-8, 14754579, car
yolo6-8, 43969947, car
yolo2-12, 43969947, car
yolo2-12, 51874803, car
yolo6-8, 51874803, car
yolo6-8, 50250915, car
yolo2-12, 50250915, car
yolo6-8, 11484802, car
yolo2-12, 11484802, car
yolo6-8, 99968276, car
yolo2-12, 99968276, car
yolo6-8, 56749220, car
yolo2-12, 56749220, car
yolo2-12, 24834724, car
yolo6-8, 24834724, car
yolo6-8, 40782130, car
yolo2-12, 40782130, car
yolo6-14, 40782130, car
yolo6-8, 63304103, car
yolo2-12, 63304103, car
yolo6-14, 63304103, car

========== Time: 16 ==========
yolo6-8, 92779143, car
yolo2-12, 92779143, car
yolo6-14, 92779143, car
yolo2-12, 80718377, car
yolo6-8, 80718377, car
yolo6-14, 80718377, car
yolo2-12, 17730318, car
yolo6-14, 17730318, car
yolo6-8, 17730318, car
yolo2-12, 39019077, car
yolo6-14, 39019077, car
yolo6-8, 39019077, car
yolo6-14, 09328386, car
yolo2-12, 09328386, car
yolo6-8, 09328386, car
yolo6-8, 43799485, car
yolo2-12, 43799485, car
yolo6-14, 43799485, car
yolo6-14, 82868851, car
yolo2-12, 82868851, car
yolo6-8, 82868851, car
yolo2-12, 81522214, car
yolo6-14, 81522214, car
yolo6-8, 81522214, car
yolo2-12, 20570642, car
yolo6-8, 20570642, car
yolo6-14, 20570642, car
yolo6-14, 90523115, car
yolo6-8, 90523115, car
yolo2-12, 90523115, car
yolo6-14, 76552319, car
yolo6-8, 76552319, car
yolo2-12, 76552319, car
yolo2-12, 66431454, car
yolo6-14, 66431454, car
yolo6-8, 66431454, car
yolo2-12, 10601274, car
yolo6-8, 10601274, car
yolo6-14, 10601274, car
yolo6-14, 41616959, car
yolo6-8, 41616959, car
yolo2-12, 41616959, car

========== Time: 17 ==========
yolo2-12, 71288964, car
yolo6-14, 71288964, car
yolo6-8, 71288964, car
yolo2-12, 57190021, tvmonitor
yolo6-8, 57190021, tvmonitor
yolo6-14, 57190021, tvmonitor
yolo6-14, 90361335, sofa
yolo2-12, 90361335, sofa
yolo2-16, 90361335, sofa
yolo6-8, 90361335, sofa
yolo6-8, 75554069, aeroplane
yolo2-16, 75554069, aeroplane
yolo6-14, 75554069, aeroplane
yolo2-12, 75554069, aeroplane
yolo2-12, 85158765, sofa
yolo6-8, 85158765, sofa
yolo6-14, 85158765, sofa
yolo2-16, 85158765, sofa
yolo6-14, 24319431, train
yolo6-8, 24319431, train
yolo2-12, 24319431, train
yolo2-16, 24319431, train
yolo6-14, 89409490, sofa
yolo2-16, 89409490, sofa
yolo6-8, 89409490, sofa
yolo6-8, 58791631, sofa
yolo2-16, 58791631, sofa
yolo6-14, 58791631, sofa
yolo6-14, 05995833, aeroplane
yolo2-16, 05995833, aeroplane
yolo6-8, 05995833, aeroplane
yolo6-14, 96283511, boat
yolo2-16, 96283511, boat
yolo6-8, 96283511, boat
yolo6-14, 99440655, sofa
yolo2-16, 99440655, sofa
yolo6-8, 99440655, sofa
yolo6-14, 92187883, sofa
yolo6-8, 92187883, sofa
yolo2-16, 92187883, sofa
yolo6-14, 42024601, aeroplane
yolo6-8, 42024601, aeroplane
yolo2-16, 42024601, aeroplane
yolo6-14, 03622524, sofa
yolo2-16, 03622524, sofa
yolo6-8, 03622524, sofa
yolo2-16, 50612572, train
yolo6-14, 50612572, train
yolo6-8, 50612572, train
yolo6-8, 95318798, car
yolo2-16, 95318798, car
yolo6-14, 95318798, car

========== Time: 18 ==========
yolo2-16, 02739435, car
yolo6-8, 02739435, car
yolo6-14, 02739435, car
yolo6-14, 13932344, car
yolo6-8, 13932344, car
yolo2-16, 13932344, car
yolo2-16, 69829493, sofa
yolo6-14, 69829493, sofa
yolo6-8, 69829493, sofa
yolo12-12, 99440655, aeroplane
yolo4-15, 99440655, sofa
yolo12-16, 99440655, aeroplane
yolo12-12, 92187883, aeroplane
yolo4-15, 92187883, sofa
yolo12-16, 92187883, aeroplane
yolo12-12, 42024601, aeroplane
yolo12-16, 42024601, aeroplane
yolo4-15, 42024601, aeroplane
yolo12-12, 03622524, aeroplane
yolo12-16, 03622524, aeroplane
yolo4-15, 03622524, sofa
yolo12-12, 50612572, bottle
yolo12-16, 50612572, bottle
yolo4-15, 50612572, train
yolo12-12, 95318798, aeroplane
yolo12-16, 95318798, aeroplane
yolo4-15, 95318798, car
yolo12-12, 02739435, bottle
yolo3-16, 50612572, train
yolo11-12, 50612572, bottle
yolo7-15, 50612572, train
yolo11-16, 50612572, bottle
yolo12-16, 02739435, bottle
yolo4-15, 02739435, car
yolo12-12, 13932344, bottle
yolo12-16, 13932344, bottle
yolo12-12, 69829493, aeroplane
yolo4-15, 13932344, car
yolo12-16, 69829493, aeroplane
yolo12-12, 55646954, aeroplane
yolo4-15, 69829493, sofa
yolo12-16, 55646954, aeroplane
yolo12-12, 37825326, car
yolo4-15, 55646954, sofa
yolo11-16, 95318798, aeroplane
yolo7-15, 95318798, car
yolo3-16, 95318798, car
yolo11-12, 95318798, aeroplane
yolo9-16, 42024601, aeroplane
yolo9-14, 42024601, aeroplane
yolo5-15, 42024601, aeroplane
yolo4-15, 37825326, car
yolo12-16, 37825326, car
yolo12-12, 52934252, car
yolo4-15, 52934252, car
yolo12-16, 52934252, car
yolo12-12, 51535292, car
yolo9-16, 03622524, sofa
yolo5-15, 03622524, sofa
yolo9-14, 03622524, sofa
yolo7-15, 02739435, car
yolo11-12, 02739435, bottle
yolo11-16, 02739435, bottle
yolo3-16, 02739435, car
yolo12-12, 85470467, car
yolo12-16, 51535292, car
yolo4-15, 51535292, car
yolo9-16, 50612572, train
yolo5-15, 50612572, train
yolo9-14, 50612572, train
yolo11-12, 13932344, bottle
yolo3-16, 13932344, car
yolo11-16, 13932344, bottle
yolo7-15, 13932344, car
yolo12-16, 85470467, car
yolo4-15, 85470467, car
yolo12-12, 71416951, car
yolo5-15, 95318798, car
yolo9-16, 95318798, car
yolo3-16, 69829493, sofa
yolo11-16, 69829493, aeroplane
yolo7-15, 69829493, sofa
yolo11-12, 69829493, aeroplane
yolo12-16, 71416951, car
yolo4-15, 71416951, car
yolo12-12, 15574066, car
yolo9-16, 02739435, car
yolo5-15, 02739435, car
yolo3-16, 55646954, sofa
yolo9-14, 95318798, car
yolo7-15, 55646954, sofa
yolo11-12, 55646954, aeroplane
yolo11-16, 55646954, aeroplane
yolo12-16, 15574066, car
yolo12-12, 35816610, car
yolo4-15, 15574066, car
yolo5-15, 13932344, car
yolo9-16, 13932344, car
yolo3-16, 37825326, car

========== Time: 19 ==========
yolo7-15, 37825326, car
yolo11-12, 37825326, car
yolo11-16, 37825326, car
yolo9-14, 34662137, car
yolo12-16, 35816610, car
yolo12-12, 47635616, car
yolo4-15, 35816610, car
yolo9-16, 69829493, sofa
yolo11-12, 52934252, car
yolo3-16, 52934252, car
yolo7-15, 52934252, car
yolo11-16, 52934252, car
yolo12-16, 47635616, car
yolo4-15, 47635616, car
yolo12-12, 63323647, train
yolo9-14, 93477802, car
yolo3-16, 51535292, car
yolo7-15, 51535292, car
yolo11-12, 51535292, car
yolo5-15, 69829493, car
yolo11-16, 51535292, car
yolo2-16, 55646954, sofa
yolo6-14, 55646954, sofa
yolo12-16, 63323647, train
yolo12-12, 43877863, car
yolo4-15, 63323647, train
yolo11-16, 85470467, car
yolo12-16, 43877863, car
yolo3-16, 85470467, car
yolo7-15, 85470467, car
yolo11-12, 85470467, car
yolo12-12, 06421032, car
yolo5-15, 79541978, car
yolo9-16, 55646954, car
yolo9-14, 79541978, car
yolo4-15, 43877863, car
yolo12-12, 72745553, car
yolo11-16, 71416951, car
yolo7-15, 71416951, car
yolo3-16, 71416951, car
yolo12-16, 06421032, car
yolo11-12, 71416951, car
yolo4-15, 06421032, car
yolo11-16, 15574066, car
yolo9-14, 98268754, car
yolo12-12, 62010919, car
yolo5-15, 98268754, car
yolo7-15, 15574066, car
yolo9-16, 98268754, car
yolo11-12, 15574066, car
yolo12-16, 72745553, car
yolo3-16, 15574066, car
yolo4-15, 72745553, car
yolo11-16, 35816610, car
yolo12-12, 58530409, car
yolo7-15, 35816610, car
yolo11-12, 35816610, car
yolo12-16, 62010919, car
yolo3-16, 35816610, car
yolo4-15, 62010919, car
yolo5-15, 28975190, car
yolo9-14, 28975190, car
yolo9-16, 28975190, car
yolo11-16, 47635616, car
yolo12-12, 52154733, car
yolo7-15, 47635616, car
yolo11-12, 47635616, car
yolo12-16, 58530409, car
yolo3-16, 47635616, car
yolo4-15, 58530409, car
yolo11-16, 63323647, train
yolo12-12, 50634648, car
yolo7-15, 63323647, train
yolo11-12, 63323647, train
yolo3-16, 63323647, train
yolo9-16, 37612209, car
yolo9-14, 37612209, car
yolo5-15, 37612209, car
yolo12-16, 52154733, car
yolo11-16, 43877863, car
yolo7-15, 43877863, car
yolo12-12, 01430626, car
yolo4-15, 52154733, car
yolo11-12, 43877863, car
yolo3-16, 43877863, car
yolo12-16, 50634648, car
yolo11-16, 06421032, car
yolo12-12, 38556162, car
yolo7-15, 06421032, car
yolo4-15, 50634648, car

========== Time: 20 ==========
yolo12-16, 01430626, car
yolo9-16, 35490303, car
yolo9-14, 35490303, car
yolo5-15, 35490303, car
yolo11-16, 72745553, car
yolo11-12, 06421032, car
yolo7-15, 72745553, car
yolo3-16, 06421032, car
yolo5-15, 49551141, car
yolo9-14, 49551141, car
yolo9-16, 49551141, car
yolo5-15, 35600091, car
yolo9-16, 35600091, car
yolo9-14, 35600091, car
yolo9-16, 86019743, car
yolo5-15, 86019743, car
yolo9-14, 86019743, car
yolo9-16, 84766974, car
yolo9-14, 84766974, car
yolo5-15, 84766974, car
yolo3-16, 72745553, car
yolo11-16, 62010919, car
yolo11-12, 72745553, car
yolo7-15, 62010919, car
yolo9-16, 38585657, car
yolo9-14, 38585657, car
yolo5-15, 38585657, car
yolo12-12, 02025129, car
yolo12-16, 38556162, car
yolo12-12, 28005953, car
yolo12-16, 02025129, car
yolo11-12, 97751899, car
yolo11-16, 97751899, car
yolo7-15, 97751899, car
yolo3-16, 97751899, car
yolo9-14, 97751899, car
yolo9-16, 97751899, car
yolo5-15, 97751899, car
yolo12-16, 28005953, car
yolo12-12, 34662137, car
yolo11-12, 83104685, car
yolo12-12, 93477802, car
yolo7-15, 83104685, car
yolo3-16, 83104685, car
yolo9-16, 83104685, car
yolo5-15, 83104685, car
yolo11-16, 83104685, car
yolo9-14, 83104685, car
yolo12-16, 34662137, car
yolo2-16, 37825326, car
yolo12-12, 79541978, car
yolo11-12, 53556475, car
yolo12-16, 93477802, car
yolo11-16, 53556475, car
yolo3-16, 53556475, car
yolo7-15, 53556475, car
yolo9-16, 53556475, car
yolo5-15, 53556475, car
yolo9-14, 53556475, car
yolo12-12, 98268754, car
yolo12-16, 79541978, car
yolo11-12, 35518011, car
yolo9-14, 35518011, car
yolo3-16, 35518011, car
yolo9-16, 35518011, car
yolo12-12, 28975190, car
yolo11-16, 35518011, car
yolo12-16, 98268754, car
yolo12-12, 37612209, car
yolo12-16, 28975190, car
yolo2-16, 52934252, car
yolo11-16, 26398462, car
yolo11-12, 26398462, car
yolo3-16, 26398462, car
yolo9-14, 26398462, car
yolo9-16, 26398462, car
yolo12-12, 35490303, car
yolo12-16, 37612209, car
yolo9-14, 73994526, boat
yolo11-12, 73994526, boat
yolo9-16, 73994526, boat
yolo3-16, 73994526, boat
yolo11-16, 73994526, boat
yolo12-16, 35490303, car
yolo12-12, 49551141, car
yolo2-16, 51535292, boat
yolo12-16, 49551141, car
yolo12-12, 35600091, car
yolo11-12, 84314019, car
yolo9-14, 84314019, car
yolo3-16, 84314019, car
yolo11-16, 84314019, car
yolo12-12, 86019743, car
yolo12-16, 35600091, car
yolo9-16, 84314019, car
yolo2-16, 84314019, car
yolo12-12, 84766974, car
yolo12-16, 86019743, car
yolo11-12, 59901641, car
yolo11-16, 59901641, car
yolo9-14, 59901641, car
yolo3-16, 59901641, car
yolo9-16, 59901641, car
yolo2-16, 59901641, car
yolo12-12, 38585657, car
yolo12-16, 84766974, car
yolo12-16, 38585657, car
yolo12-12, 97751899, car
yolo11-12, 24596436, car
yolo11-16, 24596436, car
yolo3-16, 24596436, car
yolo2-16, 24596436, car
yolo9-14, 24596436, car
yolo9-16, 24596436, car
yolo12-12, 83104685, car
yolo12-16, 97751899, car
yolo12-16, 83104685, car
yolo11-16, 04844189, bottle
yolo12-12, 53556475, car
yolo3-16, 04844189, bottle
yolo9-14, 04844189, bottle
yolo2-16, 04844189, bottle
yolo9-16, 04844189, bottle
yolo11-12, 04844189, bottle
yolo12-16, 53556475, car
yolo12-12, 35518011, car
yolo11-16, 93177110, car
yolo3-16, 93177110, car
yolo11-12, 93177110, car
yolo9-14, 93177110, car
yolo12-12, 26398462, car
yolo2-16, 93177110, car
yolo9-16, 93177110, car
yolo12-16, 35518011, car
yolo12-12, 73994526, boat
yolo12-16, 26398462, car
yolo11-12, 76854666, car
yolo11-16, 76854666, car
yolo3-16, 76854666, car
yolo2-16, 76854666, car
yolo9-16, 76854666, car
yolo9-14, 76854666, car
yolo12-12, 84314019, car
yolo12-16, 73994526, boat
yolo12-12, 59901641, car
yolo12-16, 84314019, car
yolo11-12, 81931142, car
yolo9-14, 81931142, car
yolo11-16, 81931142, car
yolo9-16, 81931142, car
yolo2-16, 81931142, car
yolo3-16, 81931142, car
yolo12-12, 24596436, car
yolo12-16, 59901641, car
yolo12-12, 04844189, bottle
yolo3-16, 03502875, car
yolo12-16, 24596436, car
yolo11-12, 03502875, car
yolo9-14, 03502875, car
yolo9-16, 03502875, car
yolo2-16, 03502875, car
yolo11-16, 03502875, car

========== Time: 21 ==========
yolo12-12, 93177110, car
yolo12-16, 04844189, bottle
yolo11-12, 08589354, car
yolo11-16, 08589354, car
yolo9-16, 08589354, car
yolo9-14, 08589354, car
yolo2-16, 08589354, car
yolo12-12, 76854666, car
yolo3-16, 08589354, car
yolo12-16, 93177110, car
yolo12-12, 81931142, car
yolo12-16, 76854666, car
yolo11-16, 44107173, train
yolo11-12, 44107173, train
yolo12-12, 03502875, car
yolo9-14, 44107173, train
yolo3-16, 44107173, train
yolo2-16, 44107173, train
yolo9-16, 44107173, train
yolo12-16, 81931142, car
yolo12-12, 08589354, car
yolo11-12, 27266615, sofa
yolo11-16, 27266615, sofa
yolo12-16, 03502875, car
yolo2-16, 27266615, sofa
yolo9-14, 27266615, sofa
yolo3-16, 27266615, sofa
yolo9-16, 27266615, sofa
yolo12-12, 44107173, train
yolo12-16, 08589354, car
yolo12-12, 27266615, sofa
yolo11-12, 05410300, aeroplane
yolo11-16, 05410300, aeroplane
yolo3-16, 05410300, sofa
yolo9-14, 05410300, sofa
yolo2-16, 05410300, sofa
yolo9-16, 05410300, sofa
yolo12-16, 44107173, train
yolo12-12, 05410300, aeroplane
yolo12-16, 27266615, sofa
yolo11-12, 23950658, aeroplane
yolo12-12, 23950658, aeroplane
yolo2-16, 23950658, sofa
yolo9-16, 23950658, sofa
yolo9-14, 23950658, sofa
yolo12-16, 05410300, aeroplane
yolo11-16, 23950658, aeroplane
yolo3-16, 23950658, sofa
yolo12-12, 56252436, aeroplane
yolo11-16, 56252436, aeroplane
yolo12-16, 23950658, aeroplane
yolo9-14, 56252436, aeroplane
yolo2-16, 56252436, aeroplane
yolo11-12, 56252436, aeroplane
yolo9-16, 56252436, aeroplane
yolo3-16, 56252436, aeroplane
yolo12-16, 56252436, aeroplane
yolo11-12, 78099451, sofa
yolo12-12, 78099451, sofa
yolo11-16, 78099451, sofa
yolo2-16, 78099451, sofa
yolo9-16, 78099451, sofa
yolo9-14, 78099451, sofa
yolo3-16, 78099451, sofa
yolo12-16, 78099451, sofa
yolo11-16, 61889844, bottle
yolo3-16, 61889844, car
yolo12-16, 61889844, bottle
yolo9-14, 61889844, car
yolo9-16, 61889844, car
yolo12-12, 61889844, bottle
yolo2-16, 61889844, car
yolo11-12, 61889844, bottle
yolo11-16, 78742271, aeroplane
yolo2-16, 78742271, sofa
yolo12-12, 78742271, aeroplane
yolo11-12, 78742271, aeroplane
yolo3-16, 78742271, sofa
yolo9-16, 78742271, sofa
yolo12-16, 78742271, aeroplane
yolo9-14, 78742271, sofa
yolo11-12, 85707602, aeroplane
yolo12-12, 85707602, aeroplane
yolo3-16, 85707602, train
yolo12-16, 85707602, aeroplane
yolo11-16, 85707602, aeroplane
yolo2-16, 85707602, train
yolo9-14, 85707602, train
yolo9-16, 85707602, train
yolo11-16, 84406560, aeroplane
yolo12-16, 84406560, aeroplane
yolo12-12, 84406560, aeroplane
yolo11-12, 84406560, aeroplane
yolo3-16, 84406560, car
yolo2-16, 84406560, car
yolo9-16, 84406560, car
yolo9-14, 84406560, car
yolo11-12, 35156361, sofa
yolo12-16, 35156361, sofa
yolo11-16, 35156361, sofa
yolo2-16, 35156361, sofa
yolo3-16, 35156361, sofa
yolo12-12, 35156361, sofa
yolo9-16, 35156361, sofa
yolo9-14, 35156361, sofa

========== Time: 22 ==========
yolo12-16, 52586746, aeroplane
yolo11-16, 52586746, aeroplane
yolo12-12, 52586746, aeroplane
yolo11-12, 52586746, aeroplane
yolo3-16, 52586746, bottle
yolo9-14, 52586746, bottle
yolo2-16, 52586746, bottle
yolo9-16, 52586746, bottle
yolo11-16, 96516835, bottle
yolo3-16, 96516835, boat
yolo12-16, 96516835, bottle
yolo12-12, 96516835, bottle
yolo9-16, 96516835, boat
yolo2-16, 96516835, boat
yolo11-12, 96516835, bottle
yolo9-14, 96516835, boat
yolo11-16, 83314861, sofa
yolo12-16, 83314861, sofa
yolo3-16, 83314861, sofa
yolo9-14, 83314861, sofa
yolo9-16, 83314861, sofa
yolo11-12, 83314861, sofa
yolo2-16, 83314861, sofa
yolo12-12, 83314861, sofa
yolo11-16, 81520423, aeroplane
yolo12-12, 81520423, aeroplane
yolo12-16, 81520423, aeroplane
yolo11-12, 81520423, aeroplane
yolo9-16, 81520423, aeroplane
yolo9-14, 81520423, aeroplane
yolo3-16, 81520423, aeroplane
yolo2-16, 81520423, aeroplane
yolo12-12, 58266503, aeroplane
yolo11-12, 58266503, aeroplane
yolo11-16, 58266503, aeroplane
yolo3-16, 58266503, boat
yolo12-16, 58266503, aeroplane
yolo2-16, 58266503, boat
yolo9-14, 58266503, boat
yolo9-16, 58266503, boat
yolo12-16, 90115423, bottle
yolo2-16, 90115423, train
yolo11-16, 90115423, bottle
yolo12-12, 90115423, bottle
yolo9-16, 90115423, train
yolo11-12, 90115423, bottle
yolo3-16, 90115423, train
yolo9-14, 90115423, train
yolo11-16, 62903787, aeroplane
yolo3-16, 62903787, car
yolo12-16, 62903787, aeroplane
yolo12-12, 62903787, aeroplane
yolo9-16, 62903787, car
yolo9-14, 62903787, car
yolo11-12, 62903787, aeroplane
yolo2-16, 62903787, car
yolo12-16, 91721635, bottle
yolo11-12, 91721635, bottle
yolo11-16, 91721635, bottle
yolo12-12, 91721635, bottle
yolo3-16, 91721635, train
yolo9-14, 91721635, train
yolo2-16, 91721635, train
yolo9-16, 91721635, train
yolo12-16, 28283059, car
yolo11-16, 28283059, car
yolo2-16, 28283059, car
yolo3-16, 28283059, car
yolo9-16, 28283059, car
yolo9-16, 12729961, car
yolo11-16, 12729961, car
yolo3-16, 12729961, car
yolo12-16, 12729961, car
yolo2-16, 12729961, car
yolo11-16, 78834918, car
yolo12-16, 78834918, car
yolo3-16, 78834918, car
yolo2-16, 78834918, car
yolo9-16, 78834918, car
yolo12-16, 57823872, car
yolo11-16, 57823872, car
yolo3-16, 57823872, car
yolo2-16, 57823872, car
yolo9-16, 57823872, car
yolo12-16, 64788696, car
yolo11-16, 64788696, car
yolo9-16, 64788696, car
yolo3-16, 64788696, car
yolo2-16, 64788696, car
yolo2-16, 66441859, car
yolo11-16, 66441859, car
yolo12-16, 66441859, car
yolo9-16, 66441859, car
yolo3-16, 66441859, car
yolo11-16, 91553180, car
yolo12-16, 91553180, car

========== Time: 23 ==========
yolo3-16, 91553180, car
yolo2-16, 91553180, car
yolo9-16, 91553180, car
yolo11-16, 53838775, car
yolo12-16, 53838775, car
yolo2-16, 53838775, car
yolo3-16, 53838775, car
yolo9-16, 53838775, car
yolo11-16, 15434707, car
yolo12-16, 15434707, car
yolo3-16, 15434707, car
yolo9-16, 15434707, car
yolo2-16, 15434707, car
yolo3-16, 47813692, car
yolo9-16, 47813692, car
yolo11-16, 47813692, car
yolo12-16, 47813692, car
yolo2-16, 47813692, car
yolo11-16, 06100460, car
yolo12-16, 06100460, car
yolo2-16, 06100460, car
yolo9-16, 06100460, car
yolo3-16, 06100460, car
yolo3-16, 57560999, car
yolo11-16, 57560999, car
yolo12-16, 57560999, car
yolo2-16, 57560999, car
yolo9-16, 57560999, car
yolo11-16, 66154964, car
yolo12-16, 66154964, car
yolo3-16, 66154964, car
yolo9-16, 66154964, car
yolo2-16, 66154964, car
yolo11-16, 41023366, car
yolo12-16, 41023366, car
yolo2-16, 41023366, car
yolo3-16, 41023366, car
yolo9-16, 41023366, car
yolo11-16, 02968047, car
yolo12-16, 02968047, car
yolo3-16, 02968047, car
yolo9-16, 02968047, car
yolo12-16, 23191576, car
yolo11-16, 23191576, car
yolo9-16, 23191576, car
yolo3-16, 23191576, car
yolo12-16, 23648486, car
yolo11-16, 23648486, car
yolo3-16, 23648486, car
yolo9-16, 23648486, car
yolo11-16, 90895716, car
yolo12-16, 90895716, car
yolo9-16, 90895716, car
yolo3-16, 90895716, car
yolo12-16, 96910733, car
yolo11-16, 96910733, car
yolo3-16, 96910733, car
yolo9-16, 96910733, car
yolo11-16, 84168930, car
yolo12-16, 84168930, car
yolo9-16, 84168930, car
yolo3-16, 84168930, car
yolo12-16, 48552603, aeroplane
yolo3-16, 48552603, aeroplane
yolo11-16, 48552603, aeroplane
yolo9-16, 48552603, aeroplane

========== Time: 24 ==========
yolo12-16, 13403231, car
yolo11-16, 13403231, car
yolo3-16, 13403231, car
yolo9-16, 13403231, car
yolo11-16, 08330582, aeroplane
yolo12-16, 08330582, aeroplane
yolo3-16, 08330582, train
yolo9-16, 08330582, train
yolo12-16, 30356270, car
yolo11-16, 30356270, car
yolo3-16, 30356270, car
yolo9-16, 30356270, car
yolo11-16, 23328957, car
yolo12-16, 23328957, car
yolo9-16, 23328957, car
yolo3-16, 23328957, car
yolo9-16, 32637901, car
yolo12-16, 32637901, car
yolo11-16, 32637901, car
yolo3-16, 32637901, car
yolo3-16, 07121701, car
yolo9-16, 07121701, car
yolo11-16, 07121701, car
yolo12-16, 07121701, car
yolo11-16, 44173925, car
yolo12-16, 44173925, car
yolo9-16, 44173925, car
yolo3-16, 44173925, car
yolo12-16, 35569857, car
yolo11-16, 35569857, car
yolo11-16, 59646646, car
yolo12-16, 59646646, car
yolo11-16, 58984204, car
yolo12-16, 58984204, car
yolo11-16, 82497115, car
yolo5-22, 58984204, car
yolo1-21, 58984204, car
yolo1-18, 58984204, car
yolo12-16, 82497115, car
yolo1-18, 82497115, car
yolo5-22, 82497115, car
yolo1-21, 82497115, car
yolo12-16, 15398195, car
yolo5-22, 15398195, car
yolo1-18, 15398195, car
yolo11-16, 15398195, car
yolo1-21, 15398195, car
yolo1-18, 67954316, car
yolo12-16, 67954316, car
yolo1-21, 67954316, car
yolo11-16, 67954316, car
yolo5-22, 67954316, car
yolo1-18, 25679106, car
yolo11-16, 25679106, car
yolo1-21, 25679106, car
yolo12-16, 25679106, car
yolo5-22, 25679106, car
yolo1-18, 22530995, car
yolo1-21, 22530995, car
yolo12-16, 22530995, car
yolo11-16, 22530995, car
yolo5-22, 22530995, car

========== Time: 25 ==========
yolo11-16, 21762685, car
yolo1-18, 21762685, car
yolo1-21, 21762685, car
yolo12-16, 21762685, car
yolo5-22, 21762685, car
yolo12-16, 51213831, car
yolo11-16, 51213831, car
yolo1-18, 51213831, car
yolo1-21, 51213831, car
yolo5-22, 51213831, car
yolo1-18, 36107488, car
yolo12-16, 36107488, car
yolo1-21, 36107488, car
yolo11-16, 36107488, car
yolo5-22, 36107488, car
yolo11-16, 64959916, car
yolo1-18, 64959916, car
yolo1-21, 64959916, car
yolo12-16, 64959916, car
yolo5-22, 64959916, car
yolo1-21, 92831286, car
yolo11-16, 92831286, car
yolo1-18, 92831286, car
yolo12-16, 92831286, car
yolo5-22, 92831286, car
yolo11-16, 15412456, car
yolo12-16, 15412456, car
yolo1-21, 15412456, car
yolo1-18, 15412456, car
yolo5-22, 15412456, car
yolo11-16, 22414756, car
yolo12-16, 22414756, car
yolo1-21, 22414756, car
yolo1-18, 22414756, car
yolo5-22, 22414756, car
yolo11-16, 63453155, car
yolo1-21, 63453155, car
yolo5-22, 63453155, car
yolo12-16, 63453155, car
yolo11-16, 29726991, car
yolo1-21, 29726991, car
yolo5-22, 29726991, car
yolo12-16, 29726991, car
yolo1-21, 38644969, car
yolo11-16, 38644969, car
yolo12-16, 38644969, car
yolo5-22, 38644969, car
yolo1-21, 77425936, car
yolo12-16, 77425936, car
yolo11-16, 77425936, car
yolo5-22, 77425936, car
yolo11-16, 39970047, car
yolo12-16, 39970047, car
yolo5-22, 39970047, car
yolo1-21, 39970047, car
yolo1-21, 41450816, car
yolo12-16, 41450816, car
yolo11-16, 41450816, car
yolo5-22, 41450816, car
yolo11-16, 68470358, car
yolo12-16, 68470358, car
yolo10-18, 68470358, car
yolo1-21, 68470358, car
yolo5-22, 68470358, car
yolo12-24, 68470358, car
yolo10-20, 68470358, car
yolo8-24, 68470358, car
yolo2-22, 68470358, car
yolo6-20, 68470358, car
yolo8-21, 68470358, car
yolo2-24, 68470358, car
yolo10-20, 14820624, car
yolo12-16, 14820624, car
yolo1-21, 14820624, car
yolo11-16, 14820624, car
yolo12-24, 14820624, car
yolo10-18, 14820624, car
yolo5-22, 14820624, car
yolo8-21, 14820624, car
yolo2-22, 14820624, car
yolo2-24, 14820624, car
yolo6-20, 14820624, car
yolo8-24, 14820624, car
yolo11-16, 42120912, car
yolo10-20, 42120912, car
yolo12-24, 42120912, car
yolo12-16, 42120912, car
yolo10-18, 42120912, car
yolo11-23, 42120912, car
yolo1-21, 42120912, car
yolo7-22, 42120912, car
yolo6-20, 42120912, car
yolo11-24, 42120912, car
yolo12-24, 37742053, car
yolo8-24, 42120912, car
yolo2-22, 42120912, car
yolo8-21, 42120912, car
yolo2-24, 42120912, car
yolo10-20, 37742053, car
yolo3-23, 42120912, car
yolo11-16, 37742053, car
yolo5-22, 42120912, car
yolo10-18, 37742053, car
yolo6-20, 37742053, car
yolo2-22, 37742053, car
yolo2-24, 37742053, car
yolo10-20, 99293683, car
yolo11-23, 37742053, car
yolo11-24, 37742053, car
yolo7-22, 37742053, car
yolo3-23, 37742053, car
yolo12-16, 37742053, car
yolo1-21, 37742053, car
yolo2-24, 99293683, car
yolo10-18, 99293683, car
yolo2-22, 99293683, car
yolo6-20, 99293683, car
yolo11-16, 99293683, car
yolo7-22, 99293683, car
yolo11-24, 99293683, car
yolo3-23, 99293683, car
yolo11-23, 99293683, car
yolo5-22, 37742053, car
yolo1-21, 99293683, car
yolo5-22, 99293683, car
yolo8-24, 37742053, car
yolo12-16, 99293683, car
yolo12-24, 99293683, car
yolo8-21, 37742053, car
yolo8-24, 99293683, car
yolo8-21, 99293683, car
