
========== Time: 0 ==========

========== Time: 1 ==========

========== Time: 2 ==========
yolo3-0, 13354593, car
yolo3-0, 41768694, car
yolo3-0, 32574686, car
yolo3-0, 91550389, car
yolo3-0, 40304837, car
yolo3-0, 28848469, car
yolo7-2, 42691500, car
yolo11-2, 42691500, car
yolo3-0, 65318513, car
yolo7-2, 15984296, car
yolo11-2, 15984296, car
yolo3-0, 23500250, car

========== Time: 3 ==========
yolo3-0, 28829925, car
yolo11-2, 92382636, car
yolo7-2, 92382636, car
yolo3-0, 93540121, car
yolo3-0, 42691500, car
yolo11-2, 34765903, car
yolo7-2, 34765903, car
yolo3-0, 15984296, car
yolo3-0, 92382636, car
yolo7-2, 03608069, car
yolo11-2, 03608069, car
yolo3-0, 34765903, car
yolo3-0, 03608069, car
yolo3-0, 21145418, car
yolo7-2, 21145418, car
yolo11-2, 21145418, car
yolo11-2, 00038113, car
yolo3-0, 00038113, car
yolo7-2, 00038113, car
yolo3-0, 22593462, car
yolo7-2, 22593462, car
yolo11-2, 22593462, car
yolo3-0, 65647996, car
yolo7-2, 65647996, car
yolo11-2, 65647996, car
yolo11-2, 30201342, car
yolo7-2, 30201342, car
yolo3-0, 30201342, car
yolo7-2, 26137546, car
yolo3-0, 26137546, car
yolo11-2, 26137546, car
yolo11-2, 81566365, car
yolo3-0, 81566365, car
yolo7-2, 81566365, car
yolo7-2, 19578907, car
yolo11-2, 19578907, car
yolo3-0, 19578907, car
yolo3-0, 28469848, car
yolo11-2, 28469848, car
yolo7-2, 28469848, car
yolo3-0, 29499362, car
yolo11-2, 29499362, car
yolo7-2, 29499362, car
yolo3-0, 01751434, car
yolo7-2, 01751434, car
yolo11-2, 01751434, car
yolo3-0, 17475724, car
yolo11-2, 17475724, car
yolo7-2, 17475724, car
yolo7-2, 90205863, car
yolo3-0, 90205863, car
yolo11-2, 90205863, car

========== Time: 4 ==========
yolo7-2, 41766993, car
yolo3-0, 41766993, car
yolo11-2, 41766993, car
yolo3-0, 18742546, car
yolo11-2, 18742546, car
yolo7-2, 18742546, car
yolo11-2, 29210899, car
yolo7-2, 29210899, car
yolo3-0, 29210899, car
yolo11-2, 37408564, car
yolo7-2, 37408564, car
yolo3-0, 37408564, car
yolo7-2, 44890373, car
yolo3-0, 44890373, car
yolo11-2, 44890373, car
yolo11-2, 33976822, car
yolo7-2, 33976822, car
yolo3-0, 33976822, car
yolo11-2, 38665656, car
yolo7-2, 38665656, car
yolo3-0, 38665656, car
yolo7-2, 21408132, car
yolo3-0, 21408132, car
yolo11-2, 21408132, car
yolo11-2, 44046719, car
yolo3-0, 44046719, car
yolo7-2, 44046719, car
yolo11-2, 95424404, car
yolo7-2, 95424404, car
yolo3-0, 95424404, car
yolo11-2, 00107978, car
yolo3-0, 00107978, car
yolo7-2, 00107978, car
yolo3-0, 19044249, car
yolo7-2, 19044249, car
yolo11-2, 19044249, car
yolo3-0, 38051050, car
yolo7-2, 38051050, car
yolo11-2, 38051050, car
yolo3-0, 49680463, car
yolo7-2, 49680463, car
yolo11-2, 49680463, car
yolo3-0, 67407556, car
yolo11-2, 67407556, car
yolo7-2, 67407556, car
yolo7-2, 58553173, car
yolo11-2, 58553173, car
yolo3-0, 58553173, car

========== Time: 5 ==========
yolo7-2, 37956392, car
yolo11-2, 37956392, car
yolo3-0, 37956392, car
yolo3-0, 33699516, car
yolo7-2, 33699516, car
yolo11-2, 33699516, car
yolo7-2, 34123632, car
yolo3-0, 34123632, car
yolo11-2, 34123632, car
yolo11-2, 83152850, car
yolo3-0, 83152850, car
yolo7-2, 83152850, car
yolo3-0, 90346594, sofa
yolo7-2, 90346594, sofa
yolo11-2, 90346594, sofa
yolo3-0, 53952495, sofa
yolo11-2, 53952495, sofa
yolo7-2, 53952495, sofa
yolo11-2, 24832877, sofa
yolo7-2, 24832877, sofa
yolo3-0, 24832877, sofa
yolo7-2, 80821026, car
yolo3-0, 80821026, car
yolo11-2, 80821026, car
yolo11-2, 40428020, bottle
yolo3-0, 40428020, bottle
yolo7-2, 40428020, bottle
yolo11-2, 12302690, bottle
yolo7-2, 12302690, bottle
yolo3-0, 12302690, bottle
yolo7-2, 08214135, car
yolo11-2, 08214135, car
yolo3-0, 08214135, car
yolo7-2, 30223320, aeroplane
yolo3-0, 30223320, aeroplane
yolo11-2, 30223320, aeroplane
yolo3-0, 38039893, car
yolo11-2, 38039893, car
yolo7-2, 38039893, car
yolo11-2, 90714090, aeroplane
yolo3-0, 90714090, aeroplane
yolo7-2, 90714090, aeroplane
yolo7-2, 60430579, boat
yolo11-2, 60430579, boat
yolo3-0, 60430579, boat
yolo7-2, 21353421, car
yolo3-0, 21353421, car
yolo11-2, 21353421, car

========== Time: 6 ==========
yolo11-2, 54483384, train
yolo7-2, 54483384, train
yolo3-0, 54483384, train
yolo8-2, 37956392, car
yolo3-0, 03457651, car
yolo11-2, 03457651, car
yolo7-2, 03457651, car
yolo7-2, 58863954, car
yolo3-0, 58863954, car
yolo11-2, 58863954, car
yolo8-2, 33699516, car
yolo7-2, 88285405, bottle
yolo3-0, 88285405, bottle
yolo11-2, 88285405, bottle
yolo8-2, 34123632, car
yolo8-2, 83152850, car
yolo3-0, 49696036, car
yolo7-2, 49696036, car
yolo11-2, 49696036, car
yolo8-2, 90346594, sofa
yolo3-0, 44159183, aeroplane
yolo11-2, 44159183, aeroplane
yolo7-2, 44159183, aeroplane
yolo8-2, 53952495, sofa
yolo7-2, 15605449, car
yolo11-2, 15605449, car
yolo3-0, 15605449, car
yolo8-2, 24832877, sofa
yolo8-2, 80821026, car
yolo3-0, 66480118, aeroplane
yolo11-2, 66480118, aeroplane
yolo7-2, 66480118, aeroplane
yolo8-2, 40428020, bottle
yolo3-0, 88823148, aeroplane
yolo7-2, 88823148, sofa
yolo11-2, 88823148, sofa
yolo8-2, 12302690, bottle
yolo8-2, 08214135, car
yolo3-0, 68929837, aeroplane
yolo8-2, 30223320, aeroplane
yolo11-2, 68929837, aeroplane
yolo7-2, 68929837, car
yolo3-0, 69896547, aeroplane
yolo7-2, 69896547, bird
yolo8-2, 38039893, car
yolo11-2, 69896547, sofa
yolo8-2, 90714090, aeroplane
yolo11-2, 31684766, aeroplane
yolo3-0, 31684766, aeroplane
yolo7-2, 31684766, aeroplane
yolo8-2, 60430579, boat
yolo8-2, 21353421, car
yolo3-0, 40701241, aeroplane
yolo7-2, 40701241, aeroplane
yolo11-2, 40701241, aeroplane
yolo8-2, 54483384, train
yolo11-2, 29544526, sofa
yolo7-2, 29544526, sofa
yolo3-0, 29544526, bird

========== Time: 7 ==========
yolo3-0, 55086799, aeroplane
yolo7-2, 55086799, aeroplane
yolo11-2, 55086799, aeroplane
yolo7-2, 51488549, train
yolo3-0, 51488549, bottle
yolo11-2, 51488549, bottle
yolo11-2, 27247898, car
yolo7-2, 27247898, car
yolo3-0, 27247898, aeroplane
yolo7-2, 75491275, aeroplane
yolo11-2, 75491275, aeroplane
yolo3-0, 75491275, aeroplane
yolo3-0, 73754771, aeroplane
yolo7-2, 73754771, sofa
yolo11-2, 73754771, aeroplane
yolo11-2, 62159455, boat
yolo7-2, 62159455, boat
yolo3-0, 62159455, aeroplane
yolo3-0, 28757418, aeroplane
yolo11-2, 28757418, car
yolo7-2, 28757418, car
yolo11-2, 72742745, car
yolo7-2, 72742745, car
yolo3-0, 72742745, aeroplane
yolo11-2, 89394518, car
yolo7-2, 89394518, car
yolo11-2, 07514228, car
yolo7-2, 07514228, car
yolo11-2, 43348860, car
yolo7-2, 43348860, car
yolo11-2, 60729903, train
yolo7-2, 60729903, train
yolo11-2, 73591454, car
yolo7-2, 73591454, car
yolo11-2, 28048143, car
yolo7-2, 28048143, car
yolo11-2, 93199391, car
yolo7-2, 93199391, car
yolo11-2, 26890330, car
yolo7-2, 26890330, car
yolo11-2, 24438285, car
yolo7-2, 24438285, car

========== Time: 8 ==========
yolo11-2, 25999923, car
yolo7-2, 25999923, car
yolo11-2, 52630229, aeroplane
yolo7-2, 52630229, bottle
yolo11-2, 46457919, aeroplane
yolo7-2, 46457919, aeroplane
yolo11-2, 38258946, car
yolo7-2, 38258946, car
yolo11-2, 69615416, aeroplane
yolo7-2, 69615416, sofa
yolo9-0, 66480118, aeroplane
yolo9-0, 88823148, sofa
yolo11-2, 83149845, car
yolo7-2, 83149845, car
yolo9-0, 68929837, car
yolo9-0, 69896547, bird
yolo11-2, 82354390, car
yolo7-2, 82354390, car
yolo9-0, 31684766, aeroplane
yolo9-0, 40701241, aeroplane
yolo7-2, 16134963, car
yolo11-2, 16134963, car
yolo9-0, 29544526, sofa
yolo9-0, 55086799, aeroplane
yolo11-2, 85880623, car
yolo7-2, 85880623, car
yolo9-0, 51488549, train
yolo9-0, 27247898, car
yolo7-2, 44215838, aeroplane
yolo11-2, 44215838, bottle
yolo11-2, 94011745, aeroplane
yolo9-0, 75491275, aeroplane
yolo7-2, 94011745, aeroplane
yolo11-2, 04550901, car
yolo7-2, 04550901, car
yolo9-0, 04550901, car
yolo11-2, 03423183, car
yolo7-2, 03423183, car
yolo9-0, 03423183, car

========== Time: 9 ==========
yolo11-2, 62530420, bottle
yolo7-2, 62530420, car
yolo9-0, 62530420, car
yolo11-2, 27557971, car
yolo7-2, 27557971, car
yolo9-0, 27557971, car
yolo11-2, 19220145, aeroplane
yolo7-2, 19220145, aeroplane
yolo9-0, 19220145, aeroplane
yolo7-2, 25394110, aeroplane
yolo9-0, 25394110, aeroplane
yolo11-2, 25394110, aeroplane
yolo11-2, 00836440, aeroplane
yolo7-2, 00836440, aeroplane
yolo9-0, 00836440, aeroplane
yolo11-2, 52183619, aeroplane
yolo7-2, 52183619, aeroplane
yolo9-0, 52183619, aeroplane
yolo11-2, 05738553, aeroplane
yolo7-2, 05738553, aeroplane
yolo9-0, 05738553, aeroplane
yolo11-2, 88807758, aeroplane
yolo9-0, 88807758, aeroplane
yolo7-2, 88807758, aeroplane
yolo11-2, 50021851, aeroplane
yolo7-2, 50021851, aeroplane
yolo9-0, 50021851, aeroplane
yolo9-0, 76221923, aeroplane
yolo11-2, 76221923, aeroplane
yolo7-2, 76221923, aeroplane
yolo11-2, 81488228, aeroplane
yolo7-2, 81488228, aeroplane
yolo9-0, 81488228, aeroplane
yolo7-2, 85202221, aeroplane
yolo9-0, 85202221, aeroplane
yolo11-2, 85202221, aeroplane
yolo9-0, 24405651, aeroplane
yolo11-2, 24405651, aeroplane
yolo7-2, 24405651, aeroplane
yolo9-0, 07498680, aeroplane
yolo7-2, 07498680, aeroplane
yolo11-2, 07498680, aeroplane
yolo11-2, 32024916, aeroplane
yolo7-2, 32024916, aeroplane
yolo9-0, 32024916, aeroplane
yolo9-0, 34543784, bottle
yolo9-0, 92129900, aeroplane
yolo9-0, 40038369, aeroplane
yolo9-0, 32246186, aeroplane
yolo9-0, 18603609, aeroplane
yolo9-0, 14415099, aeroplane
yolo9-0, 25700405, aeroplane
yolo9-0, 20477151, aeroplane
yolo9-0, 71400651, aeroplane
yolo11-2, 34543784, bottle
yolo7-2, 34543784, bottle
yolo9-0, 53076864, aeroplane
yolo9-0, 50653109, bottle
yolo9-0, 64733688, aeroplane
yolo9-0, 86267080, aeroplane

========== Time: 10 ==========
yolo9-0, 83315113, aeroplane
yolo9-0, 38649856, bottle
yolo9-0, 81359296, aeroplane
yolo9-0, 10917891, aeroplane
yolo9-0, 95278834, aeroplane
yolo11-2, 92129900, aeroplane
yolo7-2, 92129900, aeroplane
yolo9-0, 47975648, aeroplane
yolo9-0, 13216713, aeroplane
yolo9-0, 74230812, aeroplane
yolo9-0, 53310136, aeroplane
yolo9-0, 10798807, aeroplane
yolo11-2, 40038369, aeroplane
yolo7-2, 40038369, aeroplane
yolo9-0, 37018534, aeroplane
yolo11-2, 32246186, aeroplane
yolo7-2, 32246186, aeroplane
yolo11-2, 18603609, aeroplane
yolo7-2, 18603609, aeroplane
yolo9-0, 35506332, aeroplane
yolo11-2, 14415099, aeroplane
yolo7-2, 14415099, aeroplane
yolo11-2, 25700405, aeroplane
yolo7-2, 25700405, aeroplane
yolo11-2, 20477151, aeroplane
yolo7-2, 20477151, aeroplane
yolo11-2, 71400651, aeroplane
yolo7-2, 71400651, aeroplane
yolo11-2, 53076864, aeroplane
yolo7-2, 53076864, aeroplane
yolo11-2, 50653109, bottle
yolo7-2, 50653109, bottle
yolo11-2, 64733688, aeroplane
yolo7-2, 64733688, aeroplane
yolo7-2, 86267080, aeroplane
yolo11-2, 86267080, aeroplane
yolo7-2, 83315113, aeroplane
yolo11-2, 83315113, aeroplane
yolo7-2, 18860126, aeroplane
yolo11-2, 18860126, aeroplane
yolo11-2, 35082619, aeroplane
yolo7-2, 35082619, aeroplane
yolo11-2, 43303468, aeroplane
yolo7-2, 43303468, aeroplane
yolo7-2, 52901989, aeroplane
yolo11-2, 52901989, aeroplane
yolo7-2, 09179096, aeroplane
yolo11-2, 09179096, aeroplane
yolo11-2, 31928565, aeroplane
yolo7-2, 31928565, aeroplane
yolo11-2, 21012667, aeroplane
yolo7-2, 21012667, aeroplane
yolo11-2, 14389069, aeroplane
yolo7-2, 14389069, aeroplane
yolo11-2, 35078009, aeroplane
yolo7-2, 35078009, aeroplane
yolo11-2, 89993356, aeroplane
yolo7-2, 89993356, aeroplane
yolo11-2, 74294848, aeroplane
yolo7-2, 74294848, aeroplane
yolo11-2, 72433707, aeroplane
yolo7-2, 72433707, aeroplane
yolo11-2, 64945764, aeroplane
yolo7-2, 64945764, aeroplane
yolo7-2, 45226780, aeroplane
yolo11-2, 45226780, aeroplane
yolo11-2, 87855584, aeroplane
yolo7-2, 87855584, aeroplane
yolo7-2, 22894347, aeroplane
yolo11-2, 22894347, aeroplane
yolo7-2, 33296579, aeroplane
yolo11-2, 33296579, aeroplane

========== Time: 11 ==========
yolo11-2, 40302216, aeroplane
yolo7-2, 40302216, aeroplane
yolo11-2, 90284304, aeroplane
yolo7-2, 90284304, aeroplane
yolo11-2, 31022500, aeroplane
yolo7-2, 31022500, aeroplane
yolo7-2, 92088441, car
yolo11-2, 92088441, aeroplane
yolo7-2, 71232217, aeroplane
yolo11-2, 71232217, aeroplane
yolo7-2, 38530309, car
yolo11-2, 38530309, aeroplane
yolo11-2, 71482885, aeroplane
yolo7-2, 71482885, aeroplane
yolo11-2, 01659419, aeroplane
yolo7-2, 01659419, car
yolo11-2, 75060704, aeroplane
yolo11-2, 48915637, aeroplane
yolo11-2, 98578718, aeroplane
yolo11-2, 13042158, bottle
yolo11-2, 86213287, aeroplane
yolo11-2, 12860663, aeroplane
yolo11-2, 88021794, aeroplane
yolo11-2, 66159518, aeroplane
yolo11-2, 78885030, aeroplane

========== Time: 12 ==========
yolo11-2, 44643363, aeroplane
yolo11-2, 27643253, aeroplane
yolo11-2, 78162066, aeroplane
yolo11-2, 35921168, aeroplane
yolo11-2, 85532517, aeroplane
yolo11-2, 09151279, aeroplane
yolo11-2, 38212966, aeroplane
yolo11-2, 82702485, bottle
yolo11-2, 83871461, aeroplane
yolo11-2, 39978118, aeroplane
yolo11-2, 66278734, aeroplane
yolo11-2, 06222823, aeroplane
yolo11-2, 42663394, aeroplane
yolo11-2, 99525718, aeroplane

========== Time: 13 ==========
yolo11-2, 41189545, aeroplane
yolo11-2, 36621893, aeroplane
yolo11-2, 03504949, aeroplane
yolo11-2, 68903540, aeroplane
yolo11-2, 49708581, aeroplane
yolo11-2, 53207605, aeroplane
yolo11-2, 37164266, aeroplane
yolo11-2, 45581875, aeroplane
yolo6-9, 99525718, aeroplane
yolo6-9, 41189545, aeroplane
yolo6-9, 36621893, aeroplane
yolo6-9, 03504949, aeroplane
yolo6-9, 68903540, aeroplane
yolo6-9, 49708581, aeroplane
yolo6-9, 53207605, aeroplane
yolo6-9, 37164266, aeroplane
yolo6-9, 45581875, aeroplane
yolo2-12, 27099505, aeroplane
yolo6-9, 47720568, aeroplane
yolo6-9, 36476347, aeroplane

========== Time: 14 ==========
yolo2-12, 01004479, aeroplane
yolo6-9, 99148689, aeroplane
yolo6-9, 98809597, aeroplane
yolo2-12, 00230107, aeroplane
yolo6-9, 59290114, aeroplane
yolo6-9, 36050975, aeroplane
yolo2-12, 17582939, aeroplane
yolo6-9, 53924660, bottle
yolo6-9, 27099505, aeroplane
yolo2-12, 25267526, aeroplane
yolo6-9, 01004479, aeroplane
yolo6-9, 00230107, aeroplane
yolo2-12, 37901157, aeroplane
yolo6-9, 17582939, aeroplane
yolo6-9, 25267526, aeroplane
yolo2-12, 62985627, aeroplane
yolo6-9, 37901157, aeroplane
yolo2-12, 12967442, aeroplane
yolo6-9, 62985627, aeroplane
yolo6-9, 12967442, aeroplane
yolo2-12, 07189420, aeroplane
yolo6-9, 07189420, aeroplane
yolo2-12, 86665230, aeroplane
yolo6-9, 86665230, aeroplane
yolo2-12, 66157683, aeroplane
yolo6-9, 66157683, aeroplane
yolo2-12, 38040353, aeroplane
yolo6-9, 38040353, aeroplane
yolo6-9, 67939895, aeroplane
yolo2-12, 67939895, aeroplane
yolo2-12, 57581001, aeroplane
yolo6-9, 57581001, aeroplane
yolo6-9, 79182503, aeroplane
yolo2-12, 79182503, aeroplane

========== Time: 15 ==========
yolo6-9, 30706102, aeroplane
yolo2-12, 30706102, aeroplane
yolo6-9, 67632895, aeroplane
yolo2-12, 67632895, aeroplane
yolo2-12, 93130782, aeroplane
yolo6-9, 93130782, aeroplane
yolo6-9, 48702432, aeroplane
yolo2-12, 48702432, aeroplane
yolo2-12, 78202164, aeroplane
yolo6-9, 78202164, aeroplane
yolo2-12, 44149112, aeroplane
yolo6-9, 44149112, aeroplane
yolo2-12, 05843049, aeroplane
yolo6-9, 05843049, aeroplane
yolo2-12, 39937840, aeroplane
yolo6-9, 39937840, aeroplane
yolo2-12, 32113730, aeroplane
yolo2-12, 51141645, aeroplane
yolo2-12, 09276581, aeroplane
yolo2-12, 28924761, aeroplane
yolo2-12, 43508523, aeroplane
yolo2-12, 33609563, aeroplane
yolo2-12, 79744752, aeroplane
yolo2-12, 56098781, aeroplane
yolo2-12, 53731935, aeroplane
yolo2-12, 20265835, aeroplane
yolo2-12, 21855506, aeroplane
yolo2-12, 52881858, aeroplane
yolo2-12, 07054669, aeroplane
yolo2-12, 06691462, aeroplane
yolo2-12, 67731090, aeroplane
yolo2-12, 33308895, aeroplane
yolo2-12, 65271607, aeroplane

========== Time: 16 ==========
yolo2-12, 91560238, aeroplane
yolo2-12, 20464267, aeroplane
yolo2-12, 04097514, aeroplane
yolo2-12, 43641576, aeroplane
yolo2-12, 44591817, aeroplane
yolo2-12, 35454480, aeroplane
yolo2-12, 47918610, aeroplane
yolo2-12, 52079958, aeroplane
yolo2-12, 35184385, aeroplane
yolo2-12, 23026835, aeroplane
yolo2-12, 63255084, aeroplane
yolo2-12, 30349852, aeroplane
yolo2-12, 19299722, aeroplane
yolo2-12, 20929451, aeroplane
yolo2-12, 92891736, aeroplane
yolo2-12, 44359763, aeroplane

========== Time: 17 ==========
yolo2-12, 07361008, aeroplane
yolo2-12, 88603611, aeroplane
yolo2-12, 48859164, aeroplane
yolo2-12, 54465696, aeroplane
yolo2-12, 95107038, aeroplane
yolo2-12, 20860699, aeroplane
yolo2-12, 38780038, aeroplane
yolo2-12, 04854187, aeroplane
yolo2-12, 41611965, aeroplane
yolo9-16, 20929451, aeroplane
yolo9-10, 52079958, aeroplane
yolo5-9, 52079958, aeroplane
yolo2-12, 16675251, aeroplane
yolo5-9, 35184385, aeroplane
yolo9-10, 35184385, aeroplane
yolo9-16, 92891736, aeroplane
yolo2-12, 60098257, aeroplane
yolo5-9, 23026835, aeroplane
yolo9-10, 23026835, aeroplane
yolo9-16, 44359763, aeroplane
yolo9-10, 63255084, aeroplane
yolo5-9, 63255084, aeroplane
yolo8-13, 20464267, aeroplane
yolo12-12, 20464267, aeroplane
yolo2-12, 25640058, aeroplane
yolo9-16, 07361008, aeroplane
yolo5-9, 30349852, aeroplane
yolo9-10, 30349852, aeroplane
yolo9-16, 88603611, aeroplane
yolo5-9, 19299722, aeroplane
yolo9-10, 19299722, aeroplane
yolo2-12, 07727196, aeroplane
yolo9-16, 48859164, aeroplane
yolo5-9, 20929451, aeroplane
yolo9-10, 20929451, aeroplane
yolo5-9, 92891736, aeroplane
yolo9-16, 54465696, aeroplane
yolo9-10, 92891736, aeroplane
yolo2-12, 58243626, aeroplane
yolo5-9, 44359763, aeroplane
yolo9-16, 95107038, aeroplane
yolo9-10, 44359763, aeroplane
yolo8-13, 04097514, aeroplane
yolo9-16, 20860699, aeroplane
yolo9-10, 07361008, aeroplane
yolo5-9, 07361008, aeroplane
yolo12-12, 04097514, aeroplane
yolo2-12, 48135699, aeroplane
yolo9-16, 38780038, aeroplane
yolo12-12, 43641576, aeroplane
yolo8-13, 43641576, aeroplane
yolo9-10, 88603611, aeroplane
yolo5-9, 88603611, aeroplane
yolo2-12, 02925211, bottle
yolo9-16, 04854187, aeroplane
yolo12-12, 44591817, aeroplane
yolo8-13, 44591817, aeroplane
yolo9-10, 48859164, aeroplane
yolo5-9, 48859164, aeroplane
yolo9-16, 41611965, aeroplane
yolo12-12, 35454480, aeroplane
yolo8-13, 35454480, aeroplane
yolo9-10, 54465696, aeroplane
yolo5-9, 54465696, aeroplane
yolo2-12, 57829843, aeroplane
yolo9-16, 16675251, aeroplane
yolo9-10, 95107038, aeroplane
yolo12-12, 47918610, aeroplane
yolo5-9, 95107038, aeroplane
yolo8-13, 47918610, aeroplane
yolo9-16, 60098257, aeroplane
yolo9-10, 20860699, aeroplane
yolo12-12, 52079958, aeroplane
yolo5-9, 20860699, aeroplane
yolo8-13, 52079958, aeroplane
yolo2-12, 81229773, aeroplane
yolo9-16, 25640058, aeroplane
yolo9-10, 38780038, aeroplane
yolo5-9, 38780038, aeroplane
yolo12-12, 35184385, aeroplane
yolo8-13, 35184385, aeroplane
yolo9-10, 04854187, aeroplane
yolo9-16, 07727196, aeroplane
yolo2-12, 28370215, aeroplane
yolo12-12, 23026835, aeroplane
yolo5-9, 04854187, aeroplane
yolo8-13, 23026835, aeroplane
yolo9-10, 41611965, aeroplane
yolo9-16, 58243626, aeroplane
yolo12-12, 63255084, aeroplane
yolo5-9, 41611965, aeroplane
yolo8-13, 63255084, aeroplane
yolo9-10, 16675251, aeroplane
yolo9-16, 48135699, aeroplane
yolo2-12, 21567488, aeroplane
yolo12-12, 30349852, aeroplane
yolo5-9, 16675251, aeroplane
yolo8-13, 30349852, aeroplane
yolo9-10, 60098257, aeroplane

========== Time: 18 ==========
yolo9-16, 02925211, bottle
yolo12-12, 19299722, aeroplane
yolo5-9, 60098257, aeroplane
yolo8-13, 19299722, aeroplane
yolo9-10, 25640058, aeroplane
yolo9-16, 57829843, aeroplane
yolo2-12, 92679628, aeroplane
yolo12-12, 20929451, aeroplane
yolo5-9, 25640058, aeroplane
yolo8-13, 20929451, aeroplane
yolo9-10, 07727196, aeroplane
yolo9-16, 81229773, aeroplane
yolo12-12, 92891736, aeroplane
yolo5-9, 07727196, aeroplane
yolo8-13, 92891736, aeroplane
yolo9-10, 58243626, aeroplane
yolo12-12, 44359763, aeroplane
yolo9-16, 28370215, aeroplane
yolo5-9, 58243626, aeroplane
yolo8-13, 44359763, aeroplane
yolo2-12, 78124610, aeroplane
yolo9-10, 48135699, aeroplane
yolo9-16, 21567488, aeroplane
yolo12-12, 07361008, aeroplane
yolo5-9, 48135699, aeroplane
yolo8-13, 07361008, aeroplane
yolo9-10, 02925211, bottle
yolo9-16, 92679628, aeroplane
yolo5-9, 02925211, bottle
yolo2-12, 19464416, car
yolo12-12, 88603611, aeroplane
yolo8-13, 88603611, aeroplane
yolo9-16, 78124610, aeroplane
yolo9-10, 57829843, aeroplane
yolo12-12, 48859164, aeroplane
yolo5-9, 57829843, aeroplane
yolo8-13, 48859164, aeroplane
yolo9-16, 19464416, car
yolo9-10, 81229773, aeroplane
yolo2-12, 49180687, car
yolo12-12, 54465696, aeroplane
yolo5-9, 81229773, aeroplane
yolo9-16, 49180687, car
yolo8-13, 54465696, aeroplane
yolo9-10, 28370215, aeroplane
yolo12-12, 95107038, aeroplane
yolo5-9, 28370215, aeroplane
yolo8-13, 95107038, aeroplane
yolo9-10, 21567488, aeroplane
yolo2-12, 71756615, car
yolo9-16, 71756615, car
yolo12-12, 20860699, aeroplane
yolo5-9, 21567488, aeroplane
yolo8-13, 20860699, aeroplane
yolo9-10, 92679628, aeroplane
yolo5-9, 92679628, aeroplane
yolo12-12, 38780038, aeroplane
yolo8-13, 38780038, aeroplane
yolo9-10, 78124610, aeroplane
yolo2-12, 33581590, car
yolo9-16, 33581590, car
yolo12-12, 04854187, aeroplane
yolo5-9, 78124610, aeroplane
yolo8-13, 04854187, aeroplane
yolo9-10, 19464416, car
yolo5-9, 19464416, car
yolo9-10, 49180687, car
yolo12-12, 59529472, car
yolo2-12, 59529472, car
yolo9-16, 59529472, car
yolo5-9, 49180687, car
yolo9-10, 71756615, car
yolo5-9, 71756615, car
yolo9-10, 33581590, car
yolo2-12, 45265895, car
yolo8-13, 45265895, car
yolo12-12, 45265895, car
yolo9-16, 45265895, car
yolo9-16, 15923176, car
yolo12-12, 15923176, car
yolo8-13, 15923176, car
yolo2-12, 15923176, car
yolo2-12, 83646413, car
yolo12-12, 83646413, car
yolo8-13, 83646413, car

========== Time: 19 ==========
yolo9-16, 83646413, car
yolo2-12, 10647593, car
yolo12-12, 10647593, car
yolo9-16, 10647593, car
yolo8-13, 10647593, car
yolo2-12, 32138191, aeroplane
yolo8-13, 32138191, car
yolo12-12, 32138191, aeroplane
yolo9-16, 32138191, car
yolo12-12, 33023981, aeroplane
yolo9-16, 33023981, car
yolo2-12, 33023981, aeroplane
yolo8-13, 33023981, car
yolo9-16, 79404834, car
yolo8-13, 79404834, car
yolo2-12, 79404834, aeroplane
yolo12-12, 79404834, aeroplane
yolo2-12, 36286082, aeroplane
yolo8-13, 36286082, car
yolo12-12, 36286082, aeroplane
yolo9-16, 36286082, car
yolo2-12, 78936366, aeroplane
yolo8-13, 78936366, car
yolo9-16, 78936366, car
yolo12-12, 78936366, aeroplane
yolo8-13, 54581217, car
yolo12-12, 54581217, aeroplane
yolo2-12, 54581217, aeroplane
yolo9-16, 54581217, car
yolo12-12, 27161796, aeroplane
yolo2-12, 27161796, aeroplane
yolo9-16, 27161796, car
yolo8-13, 27161796, car
yolo12-12, 87698175, aeroplane
yolo8-13, 87698175, car
yolo2-12, 87698175, aeroplane
yolo9-16, 87698175, car
yolo12-12, 88118483, aeroplane
yolo8-13, 88118483, car
yolo2-12, 88118483, aeroplane
yolo9-16, 88118483, car
yolo9-16, 21928445, car
yolo2-12, 21928445, aeroplane
yolo12-12, 21928445, aeroplane
yolo8-13, 21928445, car
yolo2-12, 43078007, aeroplane
yolo12-12, 43078007, aeroplane
yolo9-16, 43078007, car
yolo8-13, 43078007, car
yolo2-12, 82495964, aeroplane
yolo12-12, 82495964, aeroplane
yolo8-13, 82495964, car
yolo9-16, 82495964, car
yolo2-12, 34646559, aeroplane
yolo12-12, 34646559, aeroplane
yolo8-13, 34646559, car
yolo9-16, 34646559, car
yolo2-12, 47720780, aeroplane
yolo12-12, 47720780, aeroplane
yolo8-13, 47720780, car
yolo9-16, 47720780, car

========== Time: 20 ==========
yolo9-16, 72813366, car
yolo12-12, 72813366, aeroplane
yolo2-12, 72813366, aeroplane
yolo8-13, 72813366, car
yolo12-12, 13328757, aeroplane
yolo2-12, 13328757, aeroplane
yolo8-13, 13328757, car
yolo9-16, 13328757, car
yolo9-16, 05343254, aeroplane
yolo8-13, 05343254, aeroplane
yolo12-12, 05343254, aeroplane
yolo2-12, 05343254, aeroplane
yolo8-13, 46669322, aeroplane
yolo12-12, 46669322, aeroplane
yolo2-12, 46669322, aeroplane
yolo9-16, 46669322, aeroplane
yolo12-12, 47422031, aeroplane
yolo2-12, 47422031, aeroplane
yolo9-16, 47422031, aeroplane
yolo8-13, 47422031, aeroplane
yolo8-13, 47218380, aeroplane
yolo12-12, 47218380, aeroplane
yolo9-16, 47218380, aeroplane
yolo2-12, 47218380, aeroplane
yolo8-13, 62998263, aeroplane
yolo12-12, 62998263, aeroplane
yolo2-12, 62998263, aeroplane
yolo9-16, 62998263, aeroplane
yolo12-12, 26495381, aeroplane
yolo8-13, 26495381, aeroplane
yolo2-12, 26495381, aeroplane
yolo9-16, 26495381, aeroplane
yolo9-16, 94608077, bottle
yolo2-12, 94608077, bottle
yolo12-12, 94608077, bottle
yolo9-16, 20500615, aeroplane
yolo12-12, 20500615, aeroplane
yolo2-12, 20500615, aeroplane
yolo2-12, 27727925, aeroplane
yolo9-16, 27727925, aeroplane
yolo12-12, 27727925, aeroplane
yolo12-12, 13133938, aeroplane
yolo2-12, 13133938, aeroplane
yolo9-16, 13133938, aeroplane
yolo9-16, 73114396, aeroplane
yolo2-12, 73114396, aeroplane
yolo12-12, 73114396, aeroplane
yolo9-16, 28991254, aeroplane
yolo2-12, 28991254, aeroplane
yolo12-12, 28991254, aeroplane
yolo2-12, 88598207, aeroplane
yolo12-12, 88598207, aeroplane
yolo9-16, 88598207, aeroplane

========== Time: 21 ==========
yolo2-12, 45462406, aeroplane
yolo12-12, 45462406, aeroplane
yolo9-16, 45462406, aeroplane
yolo12-12, 71479453, aeroplane
yolo9-16, 71479453, aeroplane
yolo2-12, 71479453, aeroplane
yolo12-12, 45808173, aeroplane
yolo2-12, 45808173, aeroplane
yolo9-16, 45808173, aeroplane
yolo2-12, 84451132, aeroplane
yolo12-12, 84451132, aeroplane
yolo9-16, 84451132, aeroplane
yolo9-16, 97335808, aeroplane
yolo2-12, 97335808, aeroplane
yolo12-12, 97335808, aeroplane
yolo2-12, 24816440, aeroplane
yolo12-12, 24816440, aeroplane
yolo9-16, 24816440, aeroplane
yolo12-12, 96734457, aeroplane
yolo9-16, 96734457, aeroplane
yolo2-12, 96734457, aeroplane
yolo2-12, 37461150, aeroplane
yolo9-16, 37461150, aeroplane
yolo12-12, 37461150, aeroplane
yolo12-12, 75830874, aeroplane
yolo9-16, 75830874, aeroplane
yolo2-12, 75830874, aeroplane
yolo2-12, 16009525, aeroplane
yolo9-16, 16009525, aeroplane
yolo12-12, 16009525, aeroplane
yolo12-12, 13707552, aeroplane
yolo2-12, 13707552, aeroplane
yolo9-16, 13707552, aeroplane
yolo2-12, 24458988, aeroplane
yolo12-12, 24458988, aeroplane
yolo9-16, 24458988, aeroplane
yolo2-12, 39637036, aeroplane
yolo12-12, 39637036, aeroplane
yolo9-16, 39637036, aeroplane
yolo2-12, 74431619, aeroplane
yolo12-12, 74431619, aeroplane
yolo9-16, 74431619, aeroplane

========== Time: 22 ==========
yolo12-12, 08162492, aeroplane
yolo2-12, 08162492, aeroplane
yolo7-14, 47422031, aeroplane
yolo7-13, 47422031, aeroplane
yolo3-13, 47422031, aeroplane
yolo9-16, 08162492, aeroplane
yolo7-14, 47218380, aeroplane
yolo3-13, 47218380, aeroplane
yolo7-13, 47218380, aeroplane
yolo2-12, 27750347, aeroplane
yolo9-16, 27750347, aeroplane
yolo12-12, 27750347, aeroplane
yolo7-14, 62998263, aeroplane
yolo3-13, 62998263, aeroplane
yolo7-13, 62998263, aeroplane
yolo7-14, 26495381, aeroplane
yolo12-12, 93291604, aeroplane
yolo7-13, 26495381, aeroplane
yolo2-12, 93291604, aeroplane
yolo3-13, 26495381, aeroplane
yolo9-16, 93291604, car
yolo7-14, 94608077, bottle
yolo7-13, 94608077, bottle
yolo3-13, 94608077, bottle
yolo7-14, 20500615, aeroplane
yolo12-12, 81649125, aeroplane
yolo2-12, 81649125, aeroplane
yolo9-16, 81649125, car
yolo7-13, 20500615, aeroplane
yolo3-13, 20500615, aeroplane
yolo7-14, 27727925, aeroplane
yolo3-13, 27727925, aeroplane
yolo7-13, 27727925, aeroplane
yolo2-12, 78513490, aeroplane
yolo12-12, 78513490, aeroplane
yolo7-14, 13133938, aeroplane
yolo3-13, 13133938, aeroplane
yolo7-13, 13133938, aeroplane
yolo9-16, 78513490, car
yolo7-14, 73114396, aeroplane
yolo12-12, 06802569, aeroplane
yolo2-12, 06802569, aeroplane
yolo3-13, 73114396, aeroplane
yolo7-13, 73114396, aeroplane
yolo9-16, 06802569, car
yolo7-14, 28991254, aeroplane
yolo3-13, 28991254, aeroplane
yolo7-13, 28991254, aeroplane
yolo9-16, 32116693, car
yolo12-12, 32116693, aeroplane
yolo7-14, 88598207, aeroplane
yolo2-12, 32116693, aeroplane
yolo7-13, 88598207, aeroplane
yolo3-13, 88598207, aeroplane
yolo7-14, 45462406, aeroplane
yolo7-13, 45462406, aeroplane
yolo3-13, 45462406, aeroplane
yolo2-12, 88011640, aeroplane
yolo7-13, 71479453, aeroplane
yolo7-14, 71479453, aeroplane
yolo7-13, 45808173, aeroplane
yolo7-14, 45808173, aeroplane
yolo7-13, 84451132, aeroplane
yolo7-14, 84451132, aeroplane
yolo9-16, 88011640, car
yolo7-13, 97335808, aeroplane
yolo7-14, 97335808, aeroplane
yolo9-16, 07116341, car
yolo7-13, 24816440, aeroplane
yolo7-14, 24816440, aeroplane
yolo9-16, 29129850, car
yolo7-13, 96734457, aeroplane
yolo7-14, 96734457, aeroplane
yolo9-16, 61357925, car
yolo9-16, 98170406, car
yolo7-14, 37461150, aeroplane
yolo7-13, 37461150, aeroplane
yolo7-14, 75830874, aeroplane
yolo7-13, 75830874, aeroplane
yolo9-16, 01288997, car
yolo7-14, 16009525, aeroplane
yolo7-13, 16009525, aeroplane
yolo7-14, 13707552, aeroplane
yolo7-13, 13707552, aeroplane
yolo9-16, 91981357, car
yolo7-14, 49924122, car
yolo9-16, 49924122, car
yolo7-13, 49924122, car
yolo7-14, 02541072, car
yolo7-13, 02541072, car
yolo9-16, 02541072, car
yolo7-13, 01339705, bottle

========== Time: 23 ==========
yolo7-14, 01339705, bottle
yolo9-16, 01339705, bottle
yolo7-14, 47975660, car
yolo9-16, 47975660, car
yolo7-13, 47975660, car
yolo7-13, 61485759, car
yolo7-14, 61485759, car
yolo9-16, 61485759, car
yolo7-14, 17359714, car
yolo9-16, 17359714, car
yolo7-13, 17359714, car
yolo7-13, 29001054, car
yolo7-14, 29001054, car
yolo9-16, 29001054, car
yolo7-13, 06597463, car
yolo7-14, 06597463, car
yolo9-16, 06597463, car
yolo7-13, 26009129, car
yolo7-14, 26009129, car
yolo9-16, 26009129, car
yolo7-13, 65104824, car
yolo7-14, 65104824, car
yolo9-16, 65104824, car
yolo9-16, 22767246, car
yolo7-14, 22767246, car
yolo7-13, 22767246, car
yolo7-13, 59078094, car
yolo7-14, 59078094, car
yolo9-16, 59078094, car
yolo7-13, 89204003, car
yolo7-14, 89204003, car
yolo9-16, 89204003, car
yolo7-14, 56559381, car
yolo7-13, 56559381, car
yolo9-16, 56559381, car
yolo7-13, 99594042, car
yolo7-14, 99594042, car
yolo9-16, 99594042, car
yolo7-13, 12743839, car
yolo9-16, 12743839, car
yolo7-14, 12743839, car
yolo9-18, 12743839, car

========== Time: 24 ==========
yolo7-13, 63509682, car
yolo9-16, 63509682, car
yolo7-14, 63509682, car
yolo9-18, 63509682, car
yolo7-13, 06461473, car
yolo9-16, 06461473, car
yolo9-18, 06461473, car
yolo7-14, 06461473, car
yolo9-18, 60074871, car
yolo9-16, 60074871, car
yolo7-14, 60074871, car
yolo7-13, 60074871, car
yolo7-14, 37026178, car
yolo9-18, 37026178, car
yolo7-13, 37026178, car
yolo9-16, 37026178, car
yolo9-16, 14747884, car
yolo7-14, 14747884, car
yolo7-13, 14747884, car
yolo9-18, 14747884, car
yolo7-13, 52130502, car
yolo9-18, 52130502, car
yolo9-16, 52130502, car
yolo7-14, 52130502, car
yolo9-18, 85057086, car
yolo7-14, 85057086, car
yolo7-13, 85057086, car
yolo9-16, 85057086, car
yolo7-13, 97533528, car
yolo7-14, 97533528, car
yolo9-16, 97533528, car
yolo9-18, 97533528, car
yolo7-14, 72028666, car
yolo9-18, 72028666, car
yolo7-13, 72028666, car
yolo9-16, 72028666, car
yolo9-23, 72028666, car
yolo9-16, 10599664, car
yolo9-23, 10599664, car
yolo9-18, 10599664, car
yolo9-16, 62375382, car
yolo9-18, 62375382, car
yolo9-23, 62375382, car
yolo9-23, 15303703, car
yolo9-18, 15303703, car
yolo9-16, 15303703, car
yolo9-23, 54947752, car
yolo9-18, 54947752, car
yolo9-16, 54947752, car
yolo9-16, 11557858, car
yolo9-18, 11557858, car
yolo9-23, 11557858, car
yolo9-18, 10598773, car
yolo9-16, 10598773, car
yolo9-23, 10598773, car
yolo9-18, 43562236, car
yolo9-16, 43562236, car
yolo9-23, 43562236, car
yolo9-24, 43562236, car

========== Time: 25 ==========
yolo9-16, 83273405, car
yolo9-23, 83273405, car
yolo9-24, 83273405, car
yolo9-18, 83273405, car
yolo9-16, 18967058, car
yolo9-18, 18967058, car
yolo9-23, 18967058, car
yolo9-24, 18967058, car
yolo9-18, 83485556, car
yolo9-23, 83485556, car
yolo9-16, 83485556, car
yolo9-24, 83485556, car
yolo9-18, 53257525, car
yolo9-23, 53257525, car
yolo9-16, 53257525, car
yolo9-24, 53257525, car
yolo9-16, 49302822, car
yolo9-18, 49302822, car
yolo9-23, 49302822, car
yolo9-24, 49302822, car
yolo9-23, 83342244, car
yolo9-18, 83342244, car
yolo9-24, 83342244, car
yolo9-16, 83342244, car
yolo9-18, 71939480, car
yolo9-23, 71939480, car
yolo9-16, 71939480, car
yolo9-24, 71939480, car
yolo9-23, 12123586, car
yolo9-18, 12123586, car
yolo9-24, 12123586, car
yolo9-18, 40625923, car
yolo9-23, 40625923, car
yolo9-24, 40625923, car
yolo9-18, 28792373, car
yolo9-24, 28792373, car
yolo9-23, 28792373, car
yolo9-23, 09544556, car
yolo9-24, 09544556, car
yolo9-18, 09544556, car
yolo9-23, 08886033, car
yolo9-18, 08886033, car
yolo9-24, 08886033, car
yolo9-23, 14105415, car
yolo9-24, 14105415, car
yolo9-18, 14105415, car
yolo8-24, 08886033, car
yolo9-24, 89384475, car
yolo9-23, 89384475, car
yolo9-18, 89384475, car
yolo8-24, 14105415, car
yolo8-24, 89384475, car
yolo9-18, 33563327, car
yolo9-24, 33563327, car
yolo9-23, 33563327, car
yolo8-24, 33563327, car
yolo8-24, 32841103, car
yolo9-24, 32841103, car
yolo9-23, 32841103, car
yolo9-18, 32841103, car
yolo9-18, 79205515, car
yolo9-24, 79205515, car
yolo9-23, 79205515, car
yolo8-24, 79205515, car
yolo9-23, 25618733, car
yolo8-24, 25618733, car
yolo9-24, 25618733, car
yolo9-18, 25618733, car
yolo9-23, 85999903, car
yolo9-24, 85999903, car
yolo9-18, 85999903, car
yolo8-24, 85999903, car
yolo10-19, 85999903, car
yolo6-23, 85999903, car
yolo6-20, 85999903, car
