
========== Time: 0 ==========
yolo1-0, 61719430, car
yolo1-0, 23262596, car
yolo1-0, 64218027, car
yolo4-0, 23262596, car
yolo4-0, 64218027, car
yolo1-0, 29291651, car
yolo4-0, 29291651, car
yolo1-0, 91580132, car
yolo4-0, 91580132, car

========== Time: 1 ==========
yolo4-0, 30117053, car
yolo4-0, 63655355, car
yolo4-0, 53807840, car
yolo1-0, 30117053, car
yolo1-0, 63655355, car
yolo4-0, 34339385, car
yolo1-0, 53807840, car
yolo1-0, 34339385, car
yolo4-0, 02980727, car
yolo1-0, 02980727, car
yolo4-0, 10420599, car
yolo1-0, 10420599, car
yolo1-0, 59738919, car
yolo4-0, 59738919, car
yolo4-0, 91249741, car
yolo1-0, 91249741, car
yolo1-0, 20977009, car
yolo1-0, 74329304, car
yolo1-0, 64988925, car
yolo1-0, 61797901, car
yolo1-0, 16175432, car
yolo1-0, 63440189, car
yolo1-0, 14560919, car
yolo5-1, 14560919, car

========== Time: 2 ==========
yolo5-1, 15857954, car
yolo1-0, 15857954, car
yolo5-1, 58356291, car
yolo1-0, 58356291, car
yolo5-1, 42756328, car
yolo1-0, 42756328, car
yolo5-1, 21412506, car
yolo1-0, 21412506, car
yolo1-0, 63999481, car
yolo5-1, 63999481, car
yolo5-1, 12879431, car
yolo1-0, 12879431, car
yolo6-1, 15857954, car
yolo6-1, 58356291, car
yolo5-1, 11558413, car
yolo1-0, 11558413, car
yolo6-1, 42756328, car
yolo6-1, 21412506, car
yolo6-1, 63999481, car
yolo1-0, 65466148, car
yolo5-1, 65466148, car
yolo6-1, 12879431, car
yolo6-1, 11558413, car
yolo1-0, 00997022, car
yolo5-1, 00997022, car
yolo6-1, 65466148, car
yolo6-1, 00997022, car
yolo1-0, 05418546, car
yolo5-1, 05418546, car
yolo6-1, 05418546, car
yolo6-1, 01976442, car
yolo5-1, 01976442, car
yolo1-0, 01976442, car
yolo1-0, 15544947, car
yolo6-1, 15544947, car
yolo5-1, 15544947, car
yolo6-1, 81335702, car
yolo5-1, 81335702, car
yolo1-0, 81335702, car
yolo6-1, 36146108, car
yolo1-0, 36146108, car
yolo5-1, 36146108, car
yolo6-1, 09048271, car

========== Time: 3 ==========
yolo6-1, 14745575, car
yolo6-1, 79975941, car
yolo6-1, 60303009, car
yolo6-1, 07453170, car
yolo5-1, 09048271, car
yolo1-0, 09048271, car
yolo6-1, 18054853, car
yolo1-0, 14745575, car
yolo5-1, 14745575, car
yolo6-1, 10312572, car
yolo1-0, 79975941, car
yolo5-1, 79975941, car
yolo1-0, 60303009, car
yolo5-1, 60303009, car
yolo1-0, 07453170, car
yolo6-1, 14537342, car
yolo5-1, 07453170, car
yolo1-0, 18054853, car
yolo5-1, 18054853, car
yolo6-1, 35069857, car
yolo1-0, 10312572, car
yolo5-1, 10312572, car
yolo1-0, 14537342, car
yolo5-1, 14537342, car
yolo1-0, 35069857, car
yolo6-1, 75084030, car
yolo5-1, 35069857, car
yolo1-0, 75084030, car
yolo6-1, 15056758, car
yolo5-1, 75084030, car
yolo5-1, 15056758, car
yolo1-0, 15056758, car
yolo6-1, 63512942, car
yolo5-1, 63512942, car
yolo1-0, 63512942, car
yolo6-1, 93370799, car
yolo1-0, 93370799, car
yolo5-1, 93370799, car
yolo6-1, 87065537, car
yolo5-1, 87065537, car
yolo1-0, 87065537, car
yolo5-1, 81517456, car
yolo6-1, 81517456, car
yolo1-0, 81517456, car
yolo7-0, 09048271, car
yolo3-1, 09048271, car
yolo3-2, 18054853, car
yolo6-1, 83392292, car
yolo1-0, 83392292, car
yolo5-1, 83392292, car
yolo6-1, 87708837, car
yolo1-0, 87708837, car
yolo5-1, 87708837, car
yolo7-0, 14745575, car
yolo3-2, 10312572, car
yolo3-1, 14745575, car
yolo7-0, 79975941, car
yolo3-1, 79975941, car
yolo3-2, 14537342, car

========== Time: 4 ==========
yolo6-1, 12153297, car
yolo5-1, 12153297, car
yolo1-0, 12153297, car
yolo3-2, 35069857, car
yolo7-0, 60303009, car
yolo3-1, 60303009, car
yolo7-0, 07453170, car
yolo3-1, 07453170, car
yolo6-1, 03174309, car
yolo5-1, 03174309, car
yolo3-2, 75084030, car
yolo1-0, 03174309, car
yolo7-0, 18054853, car
yolo3-1, 18054853, car
yolo3-2, 15056758, car
yolo6-1, 04740805, car
yolo3-1, 10312572, car
yolo7-0, 10312572, car
yolo5-1, 04740805, car
yolo1-0, 04740805, car
yolo3-2, 63512942, car
yolo7-0, 14537342, car
yolo3-1, 14537342, car
yolo3-2, 93370799, car
yolo6-1, 31745084, car
yolo1-0, 31745084, car
yolo5-1, 31745084, car
yolo3-1, 35069857, car
yolo7-0, 35069857, car
yolo3-2, 87065537, car
yolo7-0, 75084030, car
yolo3-1, 75084030, car
yolo6-1, 35054581, car
yolo5-1, 35054581, car
yolo1-0, 35054581, car
yolo3-2, 81517456, car
yolo7-0, 15056758, car
yolo3-1, 15056758, car
yolo3-2, 83392292, car
yolo7-0, 63512942, car
yolo3-1, 63512942, car
yolo1-0, 96464343, car
yolo5-1, 96464343, car
yolo3-2, 87708837, car
yolo6-1, 96464343, car
yolo7-0, 93370799, car
yolo3-1, 93370799, car
yolo7-0, 87065537, car
yolo3-1, 87065537, car
yolo3-2, 12153297, car
yolo6-1, 90222593, car
yolo7-0, 81517456, car
yolo3-1, 81517456, car
yolo3-2, 03174309, car
yolo7-0, 83392292, car
yolo3-1, 83392292, car
yolo3-2, 04740805, car
yolo5-1, 90222593, car
yolo1-0, 90222593, car
yolo6-1, 33966049, car
yolo3-2, 31745084, car
yolo7-0, 87708837, car
yolo3-1, 87708837, car
yolo5-1, 33966049, car
yolo1-0, 33966049, car
yolo6-1, 86940236, car
yolo3-1, 12153297, car
yolo7-0, 12153297, car
yolo3-2, 35054581, car
yolo5-1, 86940236, car
yolo1-0, 86940236, car
yolo3-1, 03174309, car
yolo7-0, 03174309, car
yolo3-2, 96464343, car
yolo1-0, 20214090, car
yolo5-1, 20214090, car
yolo6-1, 20214090, car
yolo3-1, 04740805, car
yolo7-0, 04740805, car
yolo3-2, 90222593, car
yolo5-1, 32797006, car
yolo3-2, 33966049, car
yolo7-0, 31745084, car
yolo6-1, 32797006, car
yolo1-0, 32797006, car
yolo3-1, 31745084, car
yolo7-0, 35054581, car
yolo3-2, 86940236, car
yolo3-1, 35054581, car
yolo6-1, 42847750, car
yolo5-1, 42847750, car
yolo1-0, 42847750, car
yolo3-2, 20214090, car
yolo7-0, 96464343, car
yolo3-1, 96464343, car
yolo3-2, 32797006, car
yolo7-0, 90222593, car
yolo3-1, 90222593, car
yolo1-0, 84902706, car
yolo5-1, 84902706, car
yolo6-1, 84902706, car
yolo3-2, 42847750, car
yolo3-1, 33966049, car
yolo7-0, 33966049, car
yolo3-2, 84902706, car
yolo7-0, 86940236, car
yolo3-1, 86940236, car
yolo1-0, 30152406, car
yolo3-2, 30152406, car
yolo5-1, 30152406, car
yolo6-1, 30152406, car
yolo7-0, 20214090, car
yolo3-1, 20214090, car
yolo7-0, 32797006, car
yolo3-1, 32797006, car
yolo1-0, 46011023, car
yolo3-2, 46011023, car
yolo5-1, 46011023, car
yolo6-1, 46011023, car
yolo3-1, 42847750, car
yolo7-0, 42847750, car
yolo3-1, 84902706, car
yolo7-0, 84902706, car

========== Time: 5 ==========
yolo1-0, 23847897, car
yolo5-1, 23847897, car
yolo1-0, 57172723, car
yolo5-1, 57172723, car
yolo1-0, 49288281, car
yolo5-1, 49288281, car
yolo1-0, 58660421, car
yolo5-1, 58660421, car
yolo5-1, 82212282, car
yolo1-0, 82212282, car
yolo5-1, 86236435, car
yolo1-0, 86236435, car
yolo3-2, 23847897, car
yolo3-1, 30152406, car
yolo7-0, 30152406, car
yolo3-1, 46011023, car
yolo7-0, 46011023, car
yolo3-2, 57172723, car
yolo5-1, 78917468, car
yolo1-0, 78917468, car
yolo3-2, 49288281, car
yolo3-1, 23847897, car
yolo7-0, 23847897, car
yolo5-1, 59654483, car
yolo1-0, 59654483, car
yolo3-3, 57172723, car
yolo6-1, 23847897, car
yolo7-0, 57172723, car
yolo3-1, 57172723, car
yolo3-2, 58660421, car
yolo3-3, 49288281, car
yolo1-0, 57428700, aeroplane
yolo5-1, 57428700, aeroplane
yolo7-0, 49288281, car
yolo3-2, 82212282, car
yolo3-1, 49288281, car
yolo3-3, 58660421, car
yolo7-0, 58660421, car
yolo3-1, 58660421, car
yolo3-2, 86236435, car
yolo1-0, 65312512, car
yolo5-1, 65312512, car
yolo3-3, 82212282, car
yolo7-0, 82212282, car
yolo3-3, 86236435, car
yolo3-2, 78917468, car
yolo7-0, 86236435, car
yolo3-1, 82212282, car
yolo3-3, 78917468, car
yolo3-2, 59654483, car
yolo5-1, 94100089, car
yolo1-0, 94100089, car
yolo7-0, 78917468, car
yolo3-1, 86236435, car
yolo3-2, 57428700, aeroplane
yolo3-3, 59654483, car
yolo3-1, 78917468, car
yolo7-0, 59654483, car
yolo1-0, 08450224, car
yolo5-1, 08450224, car
yolo3-3, 57428700, aeroplane
yolo3-2, 65312512, car
yolo6-1, 57172723, car
yolo3-1, 59654483, car
yolo7-0, 57428700, aeroplane
yolo3-3, 65312512, car
yolo3-2, 94100089, car
yolo6-1, 49288281, car
yolo7-0, 65312512, car
yolo3-1, 57428700, aeroplane
yolo5-1, 11877443, aeroplane
yolo1-0, 11877443, aeroplane
yolo3-3, 94100089, car
yolo3-2, 08450224, car
yolo6-1, 58660421, car
yolo7-0, 94100089, car
yolo3-1, 65312512, car
yolo3-3, 08450224, car
yolo3-2, 11877443, aeroplane
yolo6-1, 82212282, car
yolo1-0, 93325444, boat
yolo5-1, 93325444, boat
yolo3-1, 94100089, car
yolo7-0, 08450224, car
yolo3-3, 11877443, aeroplane
yolo3-2, 93325444, boat
yolo6-1, 86236435, car
yolo7-0, 11877443, aeroplane
yolo3-1, 08450224, car
yolo3-3, 93325444, boat
yolo7-0, 93325444, boat
yolo3-2, 97871046, boat
yolo3-1, 11877443, aeroplane
yolo3-3, 97871046, boat
yolo6-1, 78917468, car
yolo3-3, 19513166, car
yolo3-1, 93325444, boat
yolo3-2, 19513166, car
yolo7-0, 97871046, boat
yolo3-3, 92726651, aeroplane
yolo7-0, 19513166, car
yolo3-1, 97871046, boat
yolo3-2, 92726651, aeroplane

========== Time: 6 ==========
yolo7-0, 92726651, aeroplane
yolo6-1, 59654483, car
yolo3-1, 19513166, car
yolo3-3, 16985316, car
yolo3-2, 16985316, car
yolo7-0, 16985316, car
yolo3-1, 92726651, aeroplane
yolo6-1, 57428700, aeroplane
yolo3-2, 59366400, car
yolo3-3, 59366400, car
yolo3-1, 16985316, car
yolo6-1, 65312512, car
yolo7-0, 59366400, car
yolo6-1, 94100089, car
yolo3-2, 33415607, car
yolo3-1, 59366400, car
yolo7-0, 33415607, car
yolo3-3, 33415607, car
yolo1-0, 97871046, boat
yolo5-1, 97871046, boat
yolo6-1, 08450224, car
yolo3-2, 84941576, car
yolo3-1, 33415607, car
yolo3-3, 84941576, car
yolo7-0, 84941576, car
yolo6-1, 11877443, aeroplane
yolo3-1, 84941576, car
yolo6-1, 93325444, aeroplane
yolo3-3, 11776440, sofa
yolo7-0, 11776440, sofa
yolo3-2, 11776440, sofa
yolo3-1, 11776440, sofa
yolo6-1, 97871046, boat
yolo6-1, 19513166, car
yolo3-3, 15847400, train
yolo3-2, 15847400, train
yolo3-1, 15847400, train
yolo7-0, 15847400, train
yolo6-1, 92726651, aeroplane
yolo6-1, 16985316, aeroplane
yolo3-2, 87138571, bottle
yolo3-1, 87138571, bottle
yolo3-3, 87138571, bottle
yolo7-0, 87138571, bottle
yolo6-1, 59366400, car
yolo3-2, 49116514, person
yolo3-3, 49116514, person
yolo6-1, 33415607, car
yolo3-1, 49116514, person
yolo7-0, 49116514, person
yolo3-2, 08212296, sofa
yolo3-3, 08212296, sofa
yolo7-0, 08212296, sofa
yolo3-1, 08212296, sofa
yolo6-1, 84941576, car
yolo6-1, 11776440, aeroplane
yolo7-0, 03033526, car
yolo3-3, 03033526, car
yolo3-1, 03033526, car
yolo3-2, 03033526, car
yolo6-1, 15847400, boat
yolo5-1, 19513166, car
yolo1-0, 19513166, car
yolo6-1, 87138571, aeroplane
yolo3-1, 53869748, car
yolo7-0, 53869748, car
yolo3-2, 53869748, car
yolo3-3, 53869748, car
yolo5-1, 92726651, aeroplane
yolo1-0, 92726651, aeroplane
yolo6-1, 49116514, bottle
yolo5-1, 16985316, car
yolo3-2, 42412190, boat
yolo7-0, 42412190, boat
yolo6-1, 08212296, aeroplane
yolo1-0, 16985316, car
yolo3-3, 42412190, boat
yolo5-1, 59366400, car
yolo3-1, 42412190, boat
yolo6-1, 03033526, car
yolo7-0, 11155911, sofa
yolo3-2, 11155911, sofa
yolo3-1, 11155911, sofa
yolo3-3, 11155911, sofa
yolo1-0, 59366400, car
yolo5-1, 33415607, car
yolo6-1, 53869748, car
yolo3-1, 47813926, sofa
yolo3-2, 47813926, sofa
yolo6-1, 42412190, boat
yolo3-3, 47813926, sofa
yolo7-0, 47813926, sofa
yolo1-0, 33415607, car
yolo5-1, 84941576, car
yolo6-1, 11155911, aeroplane
yolo3-2, 30388884, tvmonitor
yolo3-3, 30388884, tvmonitor
yolo7-0, 30388884, tvmonitor
yolo3-1, 30388884, tvmonitor
yolo5-1, 11776440, sofa
yolo1-0, 84941576, car
yolo6-1, 47813926, aeroplane

========== Time: 7 ==========
yolo5-1, 15847400, train
yolo7-0, 74931192, car
yolo3-1, 74931192, car
yolo3-3, 74931192, car
yolo3-2, 74931192, car
yolo6-1, 30388884, sofa
yolo1-0, 11776440, sofa
yolo7-0, 80944431, sofa
yolo3-3, 80944431, sofa
yolo6-1, 74931192, car
yolo3-2, 80944431, sofa
yolo3-1, 80944431, sofa
yolo5-1, 87138571, bottle
yolo1-0, 15847400, train
yolo7-0, 44096881, train
yolo3-2, 44096881, train
yolo6-1, 80944431, sofa
yolo3-1, 44096881, train
yolo3-3, 44096881, train
yolo1-0, 87138571, bottle
yolo5-1, 49116514, person
yolo6-1, 44096881, train
yolo3-3, 39117140, car
yolo7-0, 39117140, car
yolo3-2, 39117140, car
yolo5-1, 08212296, sofa
yolo3-1, 39117140, car
yolo1-0, 49116514, person
yolo6-1, 39117140, car
yolo1-0, 08212296, sofa
yolo7-0, 71725045, sofa
yolo3-1, 71725045, sofa
yolo6-1, 71725045, aeroplane
yolo3-3, 71725045, sofa
yolo3-2, 71725045, sofa
yolo5-1, 03033526, car
yolo1-0, 03033526, car
yolo3-1, 15828146, car
yolo5-1, 53869748, car
yolo3-2, 15828146, car
yolo3-3, 15828146, car
yolo6-1, 15828146, car
yolo7-0, 15828146, car
yolo1-0, 53869748, car
yolo5-1, 42412190, boat
yolo1-0, 42412190, boat
yolo3-2, 72794731, car
yolo6-1, 72794731, car
yolo3-1, 72794731, car
yolo3-3, 72794731, car
yolo7-0, 72794731, car
yolo5-1, 11155911, sofa
yolo1-0, 11155911, sofa
yolo5-1, 47813926, sofa
yolo1-0, 47813926, sofa
yolo6-1, 14525892, car
yolo3-1, 14525892, car
yolo3-3, 14525892, car
yolo3-2, 14525892, car
yolo7-0, 14525892, car
yolo5-1, 30388884, tvmonitor
yolo1-0, 30388884, tvmonitor
yolo5-1, 74931192, car
yolo1-0, 74931192, car
yolo6-1, 31260654, car
yolo3-3, 31260654, car
yolo7-0, 31260654, car
yolo3-1, 31260654, car
yolo3-2, 31260654, car
yolo5-1, 80944431, sofa
yolo1-0, 80944431, sofa
yolo3-2, 54234120, aeroplane
yolo3-1, 54234120, aeroplane
yolo3-3, 54234120, aeroplane
yolo7-0, 54234120, aeroplane
yolo6-1, 54234120, aeroplane
yolo6-1, 48888566, car
yolo3-1, 48888566, car
yolo7-0, 48888566, car
yolo3-2, 48888566, car
yolo3-3, 48888566, car
yolo6-1, 89608668, car
yolo3-3, 89608668, car
yolo3-1, 89608668, car
yolo7-0, 89608668, car
yolo3-2, 89608668, car
yolo6-1, 48865050, car
yolo7-0, 48865050, car
yolo3-2, 48865050, car
yolo3-3, 48865050, car
yolo3-1, 48865050, car
yolo6-1, 36859370, car
yolo3-1, 36859370, car
yolo3-2, 36859370, car
yolo3-3, 36859370, car
yolo7-0, 36859370, car
yolo6-1, 84653722, boat
yolo3-1, 84653722, car
yolo3-3, 84653722, car
yolo7-0, 84653722, car
yolo3-2, 84653722, car
yolo6-1, 08304102, sofa
yolo3-1, 08304102, sofa
yolo3-3, 08304102, sofa
yolo7-0, 08304102, sofa
yolo3-2, 08304102, sofa

========== Time: 8 ==========
yolo6-1, 25434471, car
yolo7-0, 25434471, car
yolo3-1, 25434471, car
yolo3-3, 25434471, car
yolo3-2, 25434471, car
yolo7-0, 77190928, car
yolo3-1, 77190928, car
yolo3-3, 77190928, car
yolo6-1, 77190928, car
yolo3-2, 77190928, car
yolo3-3, 37401155, car
yolo7-0, 37401155, car
yolo6-1, 37401155, car
yolo3-1, 37401155, car
yolo3-2, 37401155, car
yolo3-3, 98810118, aeroplane
yolo7-0, 98810118, aeroplane
yolo3-2, 98810118, aeroplane
yolo3-1, 98810118, aeroplane
yolo6-1, 98810118, aeroplane
yolo3-2, 27642694, car
yolo3-1, 27642694, car
yolo6-1, 27642694, aeroplane
yolo3-3, 27642694, car
yolo7-0, 27642694, aeroplane
yolo3-1, 60863420, car
yolo3-2, 60863420, car
yolo6-1, 60863420, aeroplane
yolo7-0, 60863420, aeroplane
yolo3-3, 60863420, car
yolo3-2, 38711097, car
yolo3-1, 38711097, car
yolo6-1, 38711097, aeroplane
yolo7-0, 38711097, aeroplane
yolo3-3, 38711097, car
yolo7-0, 62696390, aeroplane
yolo6-1, 62696390, aeroplane
yolo3-1, 62696390, car
yolo3-3, 62696390, car
yolo3-2, 62696390, car
yolo6-1, 70370170, aeroplane
yolo7-0, 70370170, aeroplane
yolo3-2, 70370170, car
yolo3-3, 70370170, car
yolo3-1, 70370170, car
yolo7-0, 18630540, aeroplane
yolo3-2, 18630540, car
yolo3-1, 18630540, car
yolo3-3, 18630540, car
yolo6-1, 18630540, aeroplane
yolo3-2, 25270452, car
yolo7-0, 25270452, aeroplane
yolo6-1, 25270452, aeroplane
yolo3-1, 25270452, car
yolo3-3, 25270452, car
yolo3-3, 24049863, car
yolo6-1, 24049863, aeroplane
yolo7-0, 24049863, aeroplane
yolo3-1, 24049863, car
yolo3-2, 24049863, car
yolo3-3, 72837334, car
yolo6-1, 72837334, aeroplane
yolo7-0, 72837334, aeroplane
yolo3-2, 72837334, car
yolo3-1, 72837334, car
yolo7-0, 86855530, aeroplane

========== Time: 9 ==========
yolo3-1, 86855530, car
yolo3-2, 86855530, car
yolo3-3, 86855530, car
yolo6-1, 86855530, aeroplane
yolo6-1, 62988410, aeroplane
yolo7-0, 62988410, aeroplane
yolo3-1, 62988410, car
yolo3-3, 62988410, car
yolo3-2, 62988410, car
yolo3-3, 25524979, train
yolo3-2, 25524979, train
yolo6-1, 25524979, bottle
yolo7-0, 25524979, bottle
yolo3-1, 25524979, train
yolo6-1, 18765813, aeroplane
yolo3-2, 18765813, car
yolo3-1, 18765813, car
yolo7-0, 18765813, aeroplane
yolo3-3, 18765813, car
yolo3-1, 38159029, car
yolo7-0, 38159029, aeroplane
yolo6-1, 38159029, aeroplane
yolo3-3, 38159029, car
yolo3-2, 38159029, car
yolo7-0, 58925643, aeroplane
yolo3-2, 58925643, car
yolo6-1, 58925643, aeroplane
yolo3-1, 58925643, car
yolo3-3, 58925643, car
yolo3-2, 21686197, car
yolo6-1, 21686197, aeroplane
yolo3-1, 21686197, car
yolo7-0, 21686197, aeroplane
yolo3-3, 21686197, car
yolo3-2, 55584198, car
yolo6-1, 55584198, aeroplane
yolo3-3, 55584198, car
yolo3-1, 55584198, car
yolo7-0, 55584198, aeroplane
yolo6-1, 14447545, aeroplane
yolo3-2, 14447545, car
yolo3-3, 14447545, car
yolo7-0, 14447545, aeroplane
yolo3-1, 14447545, car
yolo3-1, 47482156, car
yolo7-0, 47482156, aeroplane
yolo3-2, 47482156, car
yolo3-3, 47482156, car
yolo6-1, 47482156, aeroplane
yolo6-1, 41039806, aeroplane
yolo3-1, 41039806, car
yolo7-0, 41039806, aeroplane
yolo3-3, 41039806, car
yolo3-2, 41039806, car
yolo6-1, 19379546, aeroplane
yolo3-2, 19379546, car
yolo3-1, 19379546, car
yolo7-0, 19379546, aeroplane
yolo3-3, 19379546, car
yolo3-1, 00682143, car
yolo3-2, 00682143, car
yolo6-1, 00682143, aeroplane
yolo3-3, 00682143, car
yolo3-1, 49531645, car
yolo3-3, 49531645, car
yolo6-1, 49531645, aeroplane
yolo3-2, 49531645, car
yolo6-1, 49378905, aeroplane
yolo3-1, 49378905, car
yolo3-2, 49378905, car
yolo3-3, 49378905, car
yolo3-3, 18041463, car
yolo6-1, 18041463, aeroplane
yolo3-1, 18041463, car
yolo3-2, 18041463, car
yolo6-1, 95858488, aeroplane
yolo3-2, 95858488, car
yolo3-3, 95858488, car
yolo3-1, 95858488, car
yolo3-1, 41204017, car
yolo3-2, 41204017, car
yolo3-3, 41204017, car
yolo3-3, 24878773, car
yolo3-2, 24878773, car
yolo3-1, 24878773, car
yolo3-3, 78237010, car
yolo3-2, 78237010, car
yolo3-1, 78237010, car
yolo3-2, 88334268, car
yolo3-1, 88334268, car
yolo3-3, 88334268, car
yolo3-3, 24865234, car
yolo3-1, 24865234, car
yolo3-2, 24865234, car
yolo3-1, 84224658, car
yolo3-2, 84224658, car
yolo3-3, 84224658, car
yolo3-3, 48053714, car
yolo3-1, 48053714, car
yolo3-2, 48053714, car
yolo3-3, 73292530, car
yolo3-1, 73292530, car
yolo3-2, 73292530, car
yolo3-3, 54120302, car
yolo3-2, 54120302, car
yolo3-1, 54120302, car
yolo3-2, 00052293, car
yolo3-3, 00052293, car
yolo3-1, 00052293, car

========== Time: 10 ==========
yolo3-2, 95912608, car
yolo3-3, 95912608, car
yolo3-1, 95912608, car
yolo3-1, 25050391, car
yolo3-3, 25050391, car
yolo3-2, 25050391, car
yolo7-5, 25050391, aeroplane
yolo3-1, 43314971, car
yolo3-3, 43314971, car
yolo3-2, 43314971, car
yolo7-5, 43314971, aeroplane

========== Time: 11 ==========
yolo3-2, 74602687, car
yolo3-1, 74602687, car
yolo3-3, 74602687, car
yolo7-5, 74602687, aeroplane
yolo7-5, 31583033, aeroplane
yolo3-3, 31583033, car
yolo3-1, 31583033, car
yolo3-1, 43455511, car
yolo7-5, 43455511, aeroplane
yolo3-3, 43455511, car
yolo7-5, 34360065, aeroplane
yolo3-3, 34360065, car
yolo3-1, 34360065, car
yolo3-3, 19398947, car
yolo7-5, 19398947, aeroplane
yolo3-1, 19398947, car
yolo3-3, 57773443, car
yolo3-1, 57773443, car
yolo7-5, 57773443, aeroplane
yolo7-5, 47320909, aeroplane
yolo3-3, 47320909, car
yolo3-1, 47320909, car
yolo7-5, 11646068, aeroplane
yolo3-1, 11646068, car
yolo3-3, 11646068, car
yolo7-5, 85982827, aeroplane
yolo3-1, 85982827, sofa
yolo3-3, 85982827, sofa
yolo7-5, 27636948, aeroplane
yolo3-1, 27636948, boat
yolo3-3, 27636948, boat
yolo7-5, 90252185, aeroplane
yolo3-3, 90252185, aeroplane
yolo3-1, 90252185, aeroplane
yolo3-3, 06988635, tvmonitor
yolo7-5, 06988635, bottle

========== Time: 12 ==========

========== Time: 13 ==========
yolo11-11, 35854872, aeroplane
yolo7-9, 35854872, aeroplane
yolo3-12, 35854872, bottle
yolo3-12, 49792474, bottle
yolo7-9, 49792474, aeroplane
yolo11-11, 49792474, aeroplane

========== Time: 14 ==========
yolo3-12, 05337021, aeroplane
yolo7-9, 05337021, aeroplane
yolo11-11, 05337021, aeroplane
yolo11-11, 32121873, aeroplane
yolo7-9, 32121873, aeroplane
yolo3-12, 32121873, aeroplane
yolo11-11, 74027337, aeroplane
yolo3-12, 74027337, car
yolo7-9, 74027337, aeroplane
yolo11-11, 64938345, aeroplane
yolo3-12, 64938345, aeroplane
yolo7-9, 64938345, aeroplane
yolo3-12, 71571069, aeroplane
yolo11-11, 71571069, aeroplane
yolo7-9, 71571069, aeroplane
yolo11-11, 70065337, bottle
yolo3-12, 70065337, aeroplane
yolo7-9, 70065337, bottle
yolo11-11, 96984611, bottle
yolo7-9, 96984611, bottle
yolo3-12, 96984611, car
yolo11-11, 14847493, aeroplane
yolo3-12, 14847493, aeroplane
yolo7-9, 14847493, aeroplane
yolo11-11, 37607561, aeroplane
yolo7-9, 37607561, aeroplane
yolo3-12, 37607561, sofa
yolo11-11, 43151076, bottle
yolo3-12, 43151076, car
yolo7-9, 43151076, bottle
yolo11-11, 77170773, aeroplane
yolo3-12, 77170773, car
yolo7-9, 77170773, aeroplane
yolo11-11, 36133744, aeroplane
yolo7-9, 36133744, aeroplane
yolo3-12, 36133744, car
yolo7-9, 21606216, aeroplane
yolo11-11, 21606216, aeroplane
yolo3-12, 21606216, car
yolo11-11, 63480031, aeroplane
yolo3-12, 63480031, car
yolo7-9, 63480031, aeroplane
yolo3-12, 79717710, car
yolo7-9, 79717710, aeroplane
yolo11-11, 79717710, aeroplane

========== Time: 15 ==========
yolo3-12, 32963363, car
yolo11-11, 32963363, aeroplane
yolo7-9, 32963363, aeroplane
yolo7-9, 78717018, aeroplane
yolo3-12, 78717018, bottle
yolo11-11, 78717018, aeroplane
yolo3-12, 46373403, car
yolo11-11, 46373403, aeroplane
yolo7-9, 46373403, aeroplane
yolo3-12, 21905783, car
yolo7-9, 21905783, aeroplane
yolo11-11, 21905783, aeroplane
yolo11-11, 48619728, aeroplane
yolo7-9, 48619728, aeroplane
yolo3-12, 48619728, car
yolo3-12, 46081087, boat
yolo11-11, 46081087, aeroplane
yolo7-9, 46081087, aeroplane
yolo3-12, 27694602, car
yolo11-11, 27694602, aeroplane
yolo7-9, 27694602, aeroplane
yolo11-11, 40211353, aeroplane
yolo7-9, 40211353, aeroplane
yolo3-12, 40211353, car
yolo3-12, 86695772, car
yolo11-11, 86695772, aeroplane
yolo7-9, 86695772, aeroplane
yolo11-11, 26893387, bottle
yolo3-12, 26893387, car
yolo7-9, 26893387, bottle
yolo3-12, 23886758, car
yolo11-11, 23886758, aeroplane
yolo7-9, 23886758, aeroplane
yolo7-9, 65303927, aeroplane
yolo3-12, 65303927, car
yolo11-11, 65303927, aeroplane
yolo7-9, 86666739, aeroplane
yolo3-12, 86666739, car
yolo11-11, 86666739, aeroplane
yolo7-9, 30813232, aeroplane
yolo11-11, 30813232, aeroplane
yolo3-12, 30813232, car
yolo7-9, 52353409, aeroplane
yolo11-11, 52353409, aeroplane
yolo3-12, 52353409, car
yolo7-9, 32705851, aeroplane
yolo11-11, 32705851, aeroplane
yolo3-12, 32705851, car
yolo11-11, 88796871, aeroplane
yolo3-12, 88796871, car
yolo7-9, 88796871, aeroplane

========== Time: 16 ==========
yolo11-11, 66656110, aeroplane
yolo7-9, 66656110, aeroplane
yolo3-12, 66656110, car
yolo3-12, 24703476, car
yolo7-9, 24703476, aeroplane
yolo11-11, 24703476, aeroplane
yolo11-11, 88116153, aeroplane
yolo7-9, 88116153, aeroplane
yolo3-12, 88116153, car
yolo3-12, 25704679, car
yolo11-11, 25704679, aeroplane
yolo7-9, 25704679, aeroplane
yolo11-11, 92415416, aeroplane
yolo3-12, 92415416, car
yolo7-9, 92415416, aeroplane
yolo11-11, 43354067, aeroplane
yolo7-9, 43354067, aeroplane
yolo3-12, 43354067, car
yolo3-12, 32022293, car
yolo11-11, 32022293, aeroplane
yolo7-9, 32022293, aeroplane
yolo7-9, 12591270, aeroplane
yolo11-11, 12591270, aeroplane
yolo3-12, 12591270, car
yolo4-9, 26893387, car
yolo4-9, 23886758, car
yolo11-11, 26344125, aeroplane
yolo3-12, 26344125, car
yolo7-9, 26344125, aeroplane
yolo4-9, 65303927, car
yolo3-12, 29585629, car
yolo11-11, 29585629, aeroplane
yolo4-9, 86666739, car
yolo4-9, 30813232, car
yolo11-11, 91655457, aeroplane
yolo3-12, 91655457, car
yolo4-9, 52353409, car
yolo4-9, 32705851, car
yolo11-11, 74259752, aeroplane
yolo3-12, 74259752, car
yolo4-9, 88796871, car
yolo4-9, 66656110, car
yolo11-11, 54727050, aeroplane
yolo3-12, 54727050, car
yolo4-9, 24703476, car
yolo4-9, 88116153, car
yolo3-12, 84536258, car
yolo11-11, 84536258, aeroplane
yolo4-9, 25704679, car
yolo4-9, 92415416, car
yolo11-11, 14321018, aeroplane
yolo3-12, 14321018, aeroplane
yolo4-9, 43354067, car
yolo4-9, 32022293, car

========== Time: 17 ==========
yolo3-12, 50105139, aeroplane
yolo11-11, 50105139, aeroplane
yolo4-9, 12591270, car
yolo4-9, 26344125, car
yolo3-12, 45593363, train
yolo11-11, 45593363, aeroplane
yolo4-9, 29585629, car
yolo3-12, 32516695, aeroplane
yolo11-11, 32516695, aeroplane
yolo4-9, 91655457, car
yolo4-9, 74259752, car
yolo11-11, 27209238, aeroplane
yolo3-12, 27209238, aeroplane
yolo4-9, 54727050, car
yolo4-9, 84536258, car
yolo11-11, 84618365, aeroplane
yolo3-12, 84618365, aeroplane
yolo4-9, 14321018, aeroplane
yolo4-9, 50105139, aeroplane
yolo11-11, 71869221, aeroplane
yolo4-9, 45593363, train
yolo3-12, 71869221, aeroplane
yolo4-9, 32516695, aeroplane
yolo3-12, 87660003, boat
yolo11-11, 87660003, bottle
yolo4-9, 27209238, aeroplane
yolo4-9, 84618365, aeroplane
yolo4-9, 71869221, aeroplane
yolo11-11, 95655726, aeroplane
yolo3-12, 95655726, aeroplane
yolo4-9, 87660003, boat
yolo4-9, 95655726, aeroplane
yolo11-11, 46670134, aeroplane
yolo3-12, 46670134, boat
yolo4-9, 46670134, boat
yolo11-11, 89933748, aeroplane
yolo3-12, 89933748, aeroplane
yolo4-9, 89933748, aeroplane
yolo11-11, 78546689, aeroplane
yolo3-12, 78546689, boat
yolo4-9, 78546689, boat
yolo11-11, 43948505, bottle
yolo4-9, 43948505, sofa
yolo3-12, 43948505, sofa
yolo3-12, 57638045, boat
yolo11-11, 57638045, aeroplane
yolo4-9, 57638045, boat
yolo11-11, 64991893, aeroplane
yolo3-12, 64991893, aeroplane
yolo4-9, 64991893, aeroplane

========== Time: 18 ==========
yolo11-11, 69737781, aeroplane
yolo3-12, 69737781, car
yolo4-9, 69737781, car
yolo11-11, 55153578, aeroplane
yolo3-12, 55153578, car
yolo4-9, 55153578, car
yolo11-11, 21564280, aeroplane
yolo3-12, 21564280, car
yolo4-9, 21564280, car
yolo11-11, 69729895, aeroplane
yolo4-9, 69729895, car
yolo3-12, 69729895, car
yolo11-11, 64147878, aeroplane
yolo3-12, 64147878, car
yolo4-9, 64147878, car
yolo11-11, 16999517, aeroplane
yolo3-12, 16999517, car
yolo4-9, 16999517, car
yolo4-9, 19439134, car
yolo11-11, 19439134, aeroplane
yolo3-12, 19439134, car
yolo11-11, 64115076, aeroplane
yolo4-9, 64115076, car
yolo3-12, 64115076, car
yolo11-11, 90860499, aeroplane
yolo4-9, 90860499, car
yolo11-11, 95044363, aeroplane
yolo4-9, 95044363, car
yolo11-11, 95470397, aeroplane
yolo4-9, 95470397, car
yolo4-9, 65868520, boat
yolo11-11, 65868520, aeroplane
yolo4-9, 64325554, car
yolo11-11, 64325554, aeroplane
yolo11-11, 26828034, aeroplane
yolo4-9, 26828034, car
yolo4-9, 13907704, car
yolo11-11, 13907704, aeroplane
yolo11-11, 88757602, aeroplane

========== Time: 19 ==========
yolo4-9, 88757602, car
yolo11-11, 97340550, bottle
yolo4-9, 97340550, aeroplane
yolo11-11, 67778261, car
yolo4-9, 67778261, car
yolo11-11, 97715453, car
yolo4-9, 97715453, car
yolo1-edge-16, 97715453, car
yolo11-11, 32406752, car
yolo4-9, 32406752, car
yolo1-edge-16, 32406752, car
yolo11-11, 21167676, car
yolo4-9, 21167676, car
yolo11-11, 93556589, car
yolo1-edge-16, 21167676, car
yolo4-9, 93556589, car
yolo11-11, 44315764, car
yolo4-9, 44315764, car
yolo1-edge-16, 93556589, car
yolo4-9, 20557336, car
yolo11-11, 20557336, car
yolo1-edge-16, 44315764, car
yolo4-9, 18600315, car
yolo11-11, 18600315, car
yolo1-edge-16, 20557336, car
yolo4-9, 63622842, car
yolo11-11, 63622842, car
yolo1-edge-16, 18600315, car
yolo11-11, 43726331, car
yolo4-9, 43726331, car
yolo1-edge-16, 63622842, car
yolo11-11, 69063892, car
yolo4-9, 69063892, car
yolo1-edge-16, 43726331, car
yolo9-10, 65868520, aeroplane
yolo5-17, 97340550, bottle
yolo1-edge-16, 69063892, car
yolo11-11, 38800951, car
yolo4-9, 38800951, car
yolo5-17, 67778261, car
yolo9-10, 64325554, car
yolo5-17, 97715453, car
yolo9-10, 26828034, car
yolo1-edge-16, 38800951, car
yolo9-10, 13907704, car
yolo5-17, 32406752, car
yolo11-11, 02287360, car
yolo4-9, 02287360, car

========== Time: 20 ==========
yolo5-17, 21167676, car
yolo9-10, 88757602, car
yolo1-edge-16, 02287360, car
yolo11-11, 04713753, car
yolo5-17, 93556589, car
yolo9-10, 97340550, bottle
yolo4-9, 04713753, car
yolo9-10, 67778261, car
yolo5-17, 44315764, car
yolo11-11, 93941806, car
yolo4-9, 93941806, car
yolo1-edge-16, 04713753, car
yolo9-10, 97715453, car
yolo5-17, 20557336, car
yolo9-10, 32406752, car
yolo5-17, 18600315, car
yolo1-edge-16, 93941806, car
yolo11-11, 08667117, car
yolo9-10, 21167676, car
yolo4-9, 08667117, car
yolo9-18, 08667117, car
yolo5-17, 63622842, car
yolo9-10, 93556589, car
yolo5-17, 43726331, car
yolo1-edge-16, 08667117, car
yolo9-10, 44315764, car
yolo9-18, 04962087, car
yolo5-17, 69063892, car
yolo11-11, 04962087, car
yolo4-9, 04962087, car
yolo1-edge-16, 04962087, car
yolo9-10, 20557336, car
yolo5-17, 38800951, car
yolo9-18, 47558684, car
yolo4-9, 47558684, car
yolo9-10, 18600315, car
yolo5-17, 02287360, car
yolo11-11, 47558684, car
yolo1-edge-16, 47558684, car
yolo9-10, 63622842, car
yolo9-18, 40358378, car
yolo4-9, 40358378, car
yolo5-17, 04713753, car
yolo11-11, 40358378, car
yolo1-edge-16, 40358378, car
yolo9-10, 43726331, car
yolo4-9, 57788710, car
yolo9-18, 57788710, car
yolo5-17, 93941806, car
yolo11-11, 57788710, car
yolo9-18, 35544709, car
yolo1-edge-16, 57788710, car
yolo5-17, 08667117, car
yolo5-17, 04962087, car
yolo9-18, 86621591, car
yolo1-edge-16, 35544709, car
yolo5-17, 47558684, car
yolo5-17, 40358378, car
yolo9-18, 02071088, car
yolo1-edge-16, 86621591, car
yolo5-17, 57788710, car
yolo5-17, 35544709, car
yolo9-18, 88802063, car
yolo1-edge-16, 02071088, car
yolo5-17, 86621591, car
yolo5-17, 02071088, car
yolo9-18, 60410124, car
yolo1-edge-16, 88802063, car
yolo5-17, 88802063, car
yolo5-17, 60410124, car
yolo1-edge-16, 60410124, car
yolo9-18, 08090844, car
yolo5-17, 08090844, car
yolo1-edge-16, 08090844, car
yolo5-17, 21909467, car
yolo9-18, 21909467, car
yolo8-14, 21909467, car
yolo12-17, 21909467, car
yolo8-19, 21909467, car
yolo1-edge-16, 21909467, car
yolo12-17, 28954470, car
yolo5-17, 28954470, car
yolo8-14, 28954470, car
yolo8-19, 28954470, car
yolo9-18, 28954470, car
yolo1-edge-16, 28954470, car
yolo12-17, 09057455, car
yolo5-17, 09057455, car
yolo8-14, 09057455, car
yolo8-19, 09057455, car
yolo9-18, 09057455, car
yolo1-edge-16, 09057455, car
yolo12-17, 57429949, car
yolo5-17, 57429949, car

========== Time: 21 ==========
yolo8-14, 57429949, car
yolo9-18, 57429949, car
yolo8-19, 57429949, car
yolo1-edge-16, 57429949, car
yolo5-17, 22134017, car
yolo12-17, 22134017, car
yolo8-14, 22134017, car
yolo8-19, 22134017, car
yolo9-18, 22134017, car
yolo12-17, 02739518, car
yolo5-17, 02739518, car
yolo1-edge-16, 22134017, car
yolo9-18, 02739518, car
yolo8-14, 02739518, car
yolo8-19, 02739518, car
yolo1-edge-16, 02739518, car
yolo8-14, 13926342, car
yolo12-17, 13926342, car
yolo8-19, 13926342, car
yolo5-17, 13926342, car
yolo9-20, 13926342, car
yolo9-18, 13926342, car
yolo8-14, 91453301, car
yolo12-17, 91453301, car
yolo8-19, 91453301, car
yolo1-edge-16, 13926342, car
yolo12-17, 50569483, car
yolo8-14, 50569483, car
yolo8-19, 50569483, car
yolo12-20, 50569483, car
yolo9-18, 91453301, car
yolo9-20, 91453301, car
yolo5-17, 91453301, car
yolo12-17, 23314010, car
yolo8-19, 23314010, car
yolo8-14, 23314010, car
yolo1-edge-16, 91453301, car
yolo12-20, 23314010, car
yolo9-18, 50569483, car
yolo5-17, 50569483, car
yolo9-20, 50569483, car
yolo5-17, 23314010, car
yolo9-18, 23314010, car
yolo9-20, 23314010, car
yolo12-17, 95575894, car
yolo12-20, 95575894, car
yolo1-edge-16, 50569483, car
yolo8-19, 95575894, car
yolo8-14, 95575894, car
yolo9-18, 95575894, car
yolo5-17, 95575894, car
yolo9-20, 95575894, car
yolo5-17, 54120641, car
yolo12-20, 54120641, car
yolo9-20, 54120641, car
yolo8-14, 54120641, car
yolo8-19, 54120641, car
yolo1-edge-16, 23314010, car
yolo12-20, 71586880, car
yolo1-edge-16, 95575894, car
yolo8-19, 71586880, car
yolo9-20, 71586880, car
yolo8-14, 71586880, car
yolo8-19, 75968423, car
yolo8-14, 75968423, car
yolo1-edge-16, 54120641, car
yolo9-20, 75968423, car
yolo12-20, 75968423, car
yolo12-20, 86849959, car
yolo8-19, 86849959, car
yolo8-14, 86849959, car
yolo9-20, 86849959, car
yolo1-edge-16, 71586880, car
yolo1-edge-16, 75968423, car
yolo8-19, 81632263, car
yolo12-20, 81632263, car
yolo9-20, 81632263, car
yolo8-14, 81632263, car
yolo12-20, 40800778, car
yolo9-20, 40800778, car
yolo8-14, 40800778, car
yolo8-19, 40800778, car
yolo1-edge-16, 86849959, car

========== Time: 22 ==========
yolo12-20, 81273748, car
yolo9-20, 81273748, car
yolo8-14, 81273748, car
yolo8-19, 81273748, car
yolo1-edge-16, 81632263, car
yolo12-20, 99040011, car
yolo8-14, 99040011, car
yolo8-19, 99040011, car
yolo9-20, 99040011, car
yolo1-edge-16, 40800778, car
yolo12-20, 60516404, car
yolo8-14, 60516404, car
yolo8-19, 60516404, car
yolo9-20, 60516404, car
yolo5-edge-17, 60516404, car
yolo9-edge-18, 60516404, car
yolo12-20, 12616614, car
yolo9-20, 12616614, car
yolo1-edge-16, 81273748, car
yolo8-19, 12616614, car
yolo8-14, 12616614, car
yolo5-edge-17, 12616614, car
yolo9-edge-18, 12616614, car
yolo12-20, 36189230, car
yolo8-14, 36189230, car
yolo8-19, 36189230, car
yolo9-20, 36189230, car
yolo1-edge-16, 99040011, car
yolo5-edge-17, 36189230, car
yolo12-20, 00987459, car
yolo9-edge-18, 36189230, car
yolo8-19, 00987459, car
yolo9-20, 00987459, car
yolo8-14, 00987459, car
yolo1-edge-16, 60516404, car
yolo12-20, 51831992, car
yolo8-14, 51831992, car
yolo9-20, 51831992, car
yolo8-19, 51831992, car
yolo5-edge-17, 00987459, car
yolo9-edge-18, 00987459, car
yolo1-edge-16, 12616614, car
yolo12-20, 48337582, car
yolo8-14, 48337582, car
yolo9-20, 48337582, car
yolo8-19, 48337582, car
yolo5-edge-17, 51831992, car
yolo9-edge-18, 51831992, car
yolo1-edge-16, 36189230, car
yolo12-20, 43021142, car
yolo9-20, 43021142, car
yolo8-19, 43021142, car
yolo8-14, 43021142, car
yolo5-edge-17, 48337582, car
yolo9-edge-18, 48337582, car
yolo1-edge-16, 00987459, car
yolo12-20, 29767449, car
yolo9-20, 29767449, car
yolo8-19, 29767449, car
yolo8-14, 29767449, car
yolo5-edge-17, 43021142, car
yolo9-edge-18, 43021142, car
yolo12-20, 49585072, car
yolo1-edge-16, 51831992, car
yolo8-19, 49585072, car
yolo9-20, 49585072, car
yolo8-14, 49585072, car
yolo5-edge-17, 29767449, car
yolo9-edge-18, 29767449, car
yolo1-edge-16, 48337582, car
yolo12-20, 98083926, car
yolo9-20, 98083926, car
yolo8-14, 98083926, car
yolo8-19, 98083926, car
yolo5-edge-17, 49585072, car
yolo9-edge-18, 49585072, car
yolo1-edge-16, 43021142, car
yolo12-20, 01383375, car
yolo9-20, 01383375, car
yolo8-19, 01383375, car
yolo8-14, 01383375, car
yolo5-edge-17, 98083926, car
yolo9-edge-18, 98083926, car
yolo1-edge-16, 29767449, car
yolo12-20, 65645905, car
yolo5-edge-17, 01383375, car
yolo9-20, 65645905, car
yolo8-14, 65645905, car
yolo8-19, 65645905, car
yolo9-edge-18, 01383375, car
yolo1-edge-16, 49585072, car
yolo12-20, 69424617, car
yolo8-14, 69424617, car
yolo8-19, 69424617, car
yolo9-20, 69424617, car
yolo5-edge-17, 65645905, car
yolo9-edge-18, 65645905, car
yolo1-edge-16, 98083926, car
yolo12-20, 00907754, car

========== Time: 23 ==========
yolo5-edge-17, 69424617, car
yolo8-19, 00907754, car
yolo8-14, 00907754, car
yolo9-20, 00907754, car
yolo9-edge-18, 69424617, car
yolo1-edge-16, 01383375, car
yolo5-edge-17, 00907754, car
yolo12-20, 90410936, car
yolo9-20, 90410936, car
yolo8-14, 90410936, car
yolo8-19, 90410936, car
yolo9-edge-18, 00907754, car
yolo1-edge-16, 65645905, car
yolo5-edge-17, 90410936, car
yolo12-20, 94507485, car
yolo8-19, 94507485, car
yolo8-14, 94507485, car
yolo9-20, 94507485, car
yolo9-edge-18, 90410936, car
yolo1-edge-16, 69424617, car
yolo5-edge-17, 94507485, car
yolo12-20, 21603880, car
yolo9-edge-18, 94507485, car
yolo9-20, 21603880, car
yolo8-14, 21603880, car
yolo8-19, 21603880, car
yolo1-edge-16, 00907754, car
yolo5-edge-17, 21603880, car
yolo9-edge-18, 21603880, car
yolo8-14, 67827673, car
yolo8-19, 67827673, car
yolo9-20, 67827673, car
yolo12-20, 67827673, car
yolo1-edge-16, 90410936, car
yolo5-edge-17, 67827673, car
yolo9-edge-18, 67827673, car
yolo8-19, 37723554, car
yolo8-14, 37723554, car
yolo12-20, 37723554, car
yolo9-20, 37723554, car
yolo1-edge-16, 94507485, car
yolo5-edge-17, 37723554, car
yolo9-edge-18, 37723554, car
yolo8-19, 98558856, car
yolo9-20, 98558856, car
yolo8-14, 98558856, car
yolo12-20, 98558856, car
yolo1-edge-16, 21603880, car
yolo5-edge-17, 98558856, car
yolo9-edge-18, 98558856, car
yolo8-14, 44573778, car
yolo12-20, 44573778, car
yolo9-20, 44573778, car
yolo8-19, 44573778, car
yolo1-edge-16, 67827673, car
yolo5-edge-17, 44573778, car
yolo9-edge-18, 44573778, car
yolo12-20, 68860809, car
yolo9-20, 68860809, car
yolo8-19, 68860809, car
yolo8-14, 68860809, car
yolo1-edge-16, 37723554, car
yolo5-edge-17, 68860809, car
yolo9-edge-18, 68860809, car
yolo1-edge-16, 98558856, car
yolo8-14, 75397579, car
yolo8-19, 75397579, car
yolo12-20, 75397579, car
yolo9-20, 75397579, car
yolo5-edge-17, 75397579, car
yolo9-edge-18, 75397579, car
yolo12-20, 84061095, car
yolo1-edge-16, 44573778, car
yolo8-19, 84061095, car
yolo8-14, 84061095, car
yolo9-20, 84061095, car
yolo5-edge-17, 84061095, car
yolo9-edge-18, 84061095, car
yolo12-20, 51966626, car
yolo8-14, 51966626, car
yolo9-20, 51966626, car
yolo1-edge-16, 68860809, car
yolo8-19, 51966626, car
yolo5-edge-17, 51966626, car
yolo9-edge-18, 51966626, car
yolo1-edge-16, 75397579, car
yolo12-20, 33430706, train
yolo8-19, 33430706, train
yolo8-14, 33430706, train
yolo9-20, 33430706, train
yolo5-edge-17, 33430706, train
yolo9-edge-18, 33430706, train
yolo1-edge-16, 84061095, car
yolo12-20, 31826224, car
yolo9-20, 31826224, car
yolo8-19, 31826224, car
yolo8-14, 31826224, car
yolo5-edge-17, 31826224, car
yolo9-edge-18, 31826224, car
yolo1-edge-16, 51966626, car
yolo5-edge-17, 46843844, car
yolo8-14, 46843844, car
yolo9-20, 46843844, car
yolo12-20, 46843844, car
yolo8-19, 46843844, car
yolo9-edge-18, 46843844, car

========== Time: 24 ==========
yolo1-edge-16, 33430706, train
yolo5-edge-17, 85819147, car
yolo9-edge-18, 85819147, car
yolo1-edge-16, 31826224, car
yolo9-20, 85819147, car
yolo5-edge-17, 02968643, car
yolo9-edge-18, 02968643, car
yolo12-20, 85819147, car
yolo8-19, 85819147, car
yolo8-14, 85819147, car
yolo4-22, 85819147, car
yolo1-edge-16, 46843844, car
yolo5-edge-17, 66426961, car
yolo9-edge-18, 66426961, car
yolo8-14, 02968643, car
yolo4-22, 02968643, car
yolo8-19, 02968643, car
yolo12-20, 02968643, car
yolo1-edge-16, 85819147, car
yolo9-20, 02968643, car
yolo12-20, 66426961, car
yolo4-22, 66426961, car
yolo8-14, 66426961, car
yolo8-19, 66426961, car
yolo5-edge-17, 50037399, bottle
yolo9-edge-18, 50037399, bottle
yolo9-20, 66426961, car
yolo4-22, 50037399, bottle
yolo12-20, 50037399, bottle
yolo8-19, 50037399, bottle
yolo8-14, 50037399, bottle
yolo1-edge-16, 02968643, car
yolo9-20, 50037399, bottle
yolo4-22, 05760988, car
yolo5-edge-17, 05760988, car
yolo8-19, 05760988, car
yolo12-20, 05760988, car
yolo8-14, 05760988, car
yolo9-edge-18, 05760988, car
yolo9-20, 05760988, car
yolo1-edge-16, 66426961, car
yolo5-edge-17, 11443341, car
yolo8-14, 11443341, car
yolo8-19, 11443341, car
yolo4-22, 11443341, car
yolo12-20, 11443341, car
yolo9-20, 11443341, car
yolo9-edge-18, 11443341, car
yolo1-edge-16, 50037399, bottle
yolo5-edge-17, 82157902, car
yolo9-edge-18, 82157902, car
yolo1-edge-16, 05760988, car
yolo9-20, 82157902, car
yolo12-20, 82157902, car
yolo4-22, 82157902, car
yolo8-14, 82157902, car
yolo8-19, 82157902, car
yolo5-edge-17, 61365916, car
yolo9-edge-18, 61365916, car
yolo8-14, 61365916, car
yolo12-20, 61365916, car
yolo4-22, 61365916, car
yolo9-20, 61365916, car
yolo8-19, 61365916, car
yolo1-edge-16, 11443341, car
yolo4-22, 52483840, car
yolo12-20, 52483840, car
yolo9-edge-18, 52483840, car
yolo1-edge-16, 82157902, car
yolo4-22, 42346832, car
yolo12-20, 42346832, car
yolo9-edge-18, 42346832, car
yolo1-edge-16, 61365916, car
yolo1-edge-16, 52483840, car
yolo9-edge-18, 68253805, car
yolo4-22, 68253805, car
yolo12-20, 68253805, car
yolo1-edge-16, 42346832, car
yolo12-20, 72247859, car
yolo4-22, 72247859, car
yolo9-edge-18, 72247859, car
yolo1-edge-16, 68253805, car
yolo4-22, 44248393, car
yolo12-20, 44248393, car
yolo9-edge-18, 44248393, car
yolo1-edge-16, 72247859, car
yolo12-20, 01578068, car
yolo4-22, 01578068, car
yolo9-edge-18, 01578068, car
yolo1-edge-16, 44248393, car
yolo9-edge-18, 48528835, car
yolo12-20, 48528835, car
yolo4-22, 48528835, car
yolo1-edge-16, 01578068, car
yolo12-20, 48215193, car
yolo4-22, 48215193, car
yolo9-edge-18, 48215193, car
yolo1-edge-16, 48528835, car
yolo4-22, 09787253, car
yolo12-20, 09787253, car
yolo9-edge-18, 09787253, car

========== Time: 25 ==========
yolo1-edge-16, 48215193, car
yolo12-20, 25169847, car
yolo4-22, 25169847, car
yolo9-edge-18, 25169847, car
yolo1-edge-16, 09787253, car
yolo4-22, 50453681, car
yolo12-20, 50453681, car
yolo7-19, 90410936, car
yolo11-16, 90410936, car
yolo9-edge-18, 50453681, car
yolo1-edge-16, 25169847, car
yolo4-22, 40225494, car
yolo12-20, 40225494, car
yolo11-16, 94507485, car
yolo7-19, 94507485, car
yolo9-edge-18, 40225494, car
yolo1-edge-16, 50453681, car
yolo12-20, 70045435, car
yolo4-22, 70045435, car
yolo9-edge-18, 70045435, car
yolo11-16, 21603880, car
yolo7-19, 21603880, car
yolo1-edge-16, 40225494, car
yolo11-16, 26966900, car
yolo7-19, 26966900, car
yolo4-22, 26966900, car
yolo12-20, 26966900, car
yolo9-edge-18, 26966900, car
yolo1-edge-16, 70045435, car
yolo11-16, 63416699, car
yolo12-20, 63416699, car
yolo4-22, 63416699, car
yolo7-19, 63416699, car
yolo1-edge-16, 26966900, car
yolo9-edge-18, 63416699, car
yolo12-24, 63416699, car
yolo11-16, 37327712, car
yolo7-19, 37327712, car
yolo12-24, 37327712, car
yolo4-22, 37327712, car
yolo12-20, 37327712, car
yolo1-edge-16, 63416699, car
yolo9-edge-18, 37327712, car
yolo1-edge-16, 37327712, car
yolo7-19, 61402754, car
yolo9-edge-18, 61402754, car
yolo12-24, 61402754, car
yolo4-22, 61402754, car
yolo11-16, 61402754, car
yolo12-20, 61402754, car
yolo6-19, 46843844, car
yolo10-19, 46843844, car
yolo12-24, 43014728, car
yolo12-20, 43014728, car
yolo11-16, 43014728, car
yolo9-edge-18, 43014728, car
yolo4-22, 43014728, car
yolo10-19, 85819147, car
yolo6-19, 85819147, car
yolo9-edge-18, 32571287, car
yolo10-19, 02968643, car
yolo12-24, 32571287, car
yolo4-22, 32571287, car
yolo12-20, 32571287, car
yolo11-16, 32571287, car
yolo6-19, 02968643, car
yolo10-19, 66426961, car
yolo6-19, 66426961, car
yolo9-edge-18, 45716276, car
yolo11-16, 45716276, car
yolo4-22, 45716276, car
yolo12-20, 45716276, car
yolo12-24, 45716276, car
yolo10-19, 50037399, bottle
yolo6-19, 50037399, aeroplane
yolo6-19, 05760988, car
yolo11-16, 51772240, car
yolo9-edge-18, 51772240, car
yolo12-20, 51772240, car
yolo12-24, 51772240, car
yolo4-22, 51772240, car
yolo6-19, 11443341, car
yolo9-edge-18, 70392908, car
yolo10-19, 05760988, car
yolo12-24, 70392908, car
yolo12-20, 70392908, car
yolo11-16, 70392908, car
yolo4-22, 70392908, car
yolo9-edge-18, 83891446, car
yolo6-19, 82157902, car
yolo11-16, 83891446, car
yolo12-20, 83891446, car
yolo12-24, 83891446, car
yolo5-22, 83891446, car
yolo10-19, 83891446, car
yolo4-22, 83891446, car
yolo1-23, 83891446, car
yolo3-23, 83891446, car
yolo9-edge-18, 96918425, car
yolo6-19, 96918425, car
yolo11-16, 96918425, car
yolo1-23, 96918425, car
yolo10-19, 96918425, car
yolo12-20, 96918425, car
yolo3-23, 96918425, car
yolo12-24, 96918425, car
yolo4-22, 96918425, car
yolo5-22, 96918425, car
yolo9-edge-18, 57540781, car
yolo6-19, 57540781, car
yolo10-19, 57540781, car
yolo1-23, 57540781, car
yolo11-16, 57540781, car
yolo12-20, 57540781, car
yolo4-22, 57540781, car
yolo12-24, 57540781, car
yolo5-22, 57540781, car
yolo3-23, 57540781, car
yolo9-edge-18, 74886798, car
yolo5-22, 74886798, car
yolo1-23, 74886798, car
yolo3-23, 74886798, car
yolo11-16, 74886798, car
yolo12-20, 74886798, car
yolo4-22, 74886798, car
yolo12-24, 74886798, car
yolo9-edge-18, 11241591, car
yolo4-22, 11241591, car
yolo12-20, 11241591, car
yolo12-24, 11241591, car
yolo9-edge-18, 24388785, car
yolo12-20, 24388785, car
yolo12-24, 24388785, car
yolo4-22, 24388785, car
yolo11-16, 11241591, car
yolo3-23, 11241591, car
yolo5-22, 11241591, car
yolo9-edge-18, 97789942, car
yolo1-23, 11241591, car
yolo3-23, 24388785, car
yolo11-16, 24388785, car
yolo12-24, 97789942, car
yolo4-22, 97789942, car
yolo12-20, 97789942, car
yolo3-23, 97789942, car
yolo11-16, 97789942, car
yolo5-22, 24388785, car
yolo1-23, 24388785, car
yolo9-edge-18, 47121398, car
yolo11-16, 47121398, car
yolo3-23, 47121398, car
yolo12-24, 47121398, car
yolo12-20, 47121398, car
yolo4-22, 47121398, car
yolo9-edge-18, 09939482, car
yolo6-19, 74886798, car
yolo10-19, 74886798, car
yolo1-23, 97789942, car
yolo5-22, 97789942, car
yolo4-22, 09939482, car
yolo12-24, 09939482, car
yolo12-20, 09939482, car
yolo3-23, 09939482, car
yolo11-16, 09939482, car
yolo9-edge-18, 19064492, car
yolo4-22, 19064492, car
yolo12-20, 19064492, car
yolo12-24, 19064492, car
yolo3-23, 19064492, car
yolo11-16, 19064492, car
yolo6-19, 11241591, car
yolo10-19, 11241591, car
yolo1-23, 47121398, car
yolo5-22, 47121398, car
yolo9-edge-18, 41242526, car
yolo6-19, 24388785, car
yolo10-19, 24388785, car
yolo5-22, 09939482, car
yolo1-23, 09939482, car
yolo3-23, 41242526, car
yolo12-24, 41242526, car
yolo12-20, 41242526, car
yolo11-16, 41242526, car
yolo4-22, 41242526, car
yolo6-19, 97789942, car
yolo10-19, 97789942, car
yolo5-22, 19064492, car
yolo1-23, 19064492, car
yolo9-edge-18, 94720821, car
yolo6-19, 47121398, car
yolo12-24, 94720821, car
yolo4-22, 94720821, car
yolo3-23, 94720821, car
yolo11-16, 94720821, car
yolo10-19, 47121398, car
yolo12-20, 94720821, car
yolo6-19, 09939482, car
yolo10-19, 09939482, car
yolo5-22, 41242526, car
yolo1-23, 41242526, car
yolo6-19, 19064492, car
yolo9-edge-18, 20889165, car
yolo12-24, 20889165, car
yolo4-22, 20889165, car
yolo12-20, 20889165, car
yolo11-16, 20889165, car
yolo10-19, 19064492, car
yolo3-23, 20889165, car
yolo6-19, 41242526, car
yolo1-23, 94720821, car
yolo5-22, 94720821, car
yolo10-19, 41242526, car
yolo6-19, 94720821, car
yolo9-edge-18, 67978414, car
yolo11-16, 67978414, car
yolo12-24, 67978414, car
yolo12-20, 67978414, car
yolo3-23, 67978414, car
yolo4-22, 67978414, car
yolo10-19, 94720821, car
yolo6-19, 20889165, car
yolo5-22, 20889165, car
yolo1-23, 20889165, car
yolo10-19, 20889165, car
yolo9-edge-18, 41649113, car
yolo6-19, 67978414, car
yolo4-22, 41649113, car
yolo3-23, 41649113, car
yolo12-20, 41649113, car
yolo11-16, 41649113, car
yolo12-24, 41649113, car
yolo10-19, 67978414, car
yolo1-23, 67978414, car
yolo5-22, 67978414, car
yolo6-19, 41649113, car
yolo10-19, 41649113, car
yolo1-23, 41649113, car
yolo5-22, 41649113, car
yolo9-edge-18, 11296259, car
yolo6-19, 11296259, car
yolo11-16, 11296259, car
yolo3-23, 11296259, car
yolo12-20, 11296259, car
yolo12-24, 11296259, car
yolo4-22, 11296259, car
yolo10-19, 11296259, car
yolo1-23, 11296259, car
yolo5-22, 11296259, car
yolo9-edge-18, 76599159, car
yolo6-19, 76599159, car
yolo1-23, 76599159, car
yolo3-23, 76599159, car
yolo10-19, 76599159, car
yolo11-16, 76599159, car
yolo4-22, 76599159, car
yolo12-24, 76599159, car
yolo5-22, 76599159, car
yolo12-20, 76599159, car
yolo9-edge-18, 33008462, car
yolo6-19, 33008462, car
yolo12-20, 33008462, car
yolo4-22, 33008462, car
yolo3-23, 33008462, car
yolo1-23, 33008462, car
yolo11-16, 33008462, car
yolo10-19, 33008462, car
yolo12-24, 33008462, car
yolo5-22, 33008462, car
yolo9-edge-18, 74412078, car
yolo6-19, 74412078, car
yolo1-23, 74412078, car
yolo12-20, 74412078, car
yolo4-22, 74412078, car
yolo11-16, 74412078, car
yolo12-24, 74412078, car
yolo3-23, 74412078, car
yolo10-19, 74412078, car
yolo5-22, 74412078, car
yolo9-edge-18, 12630144, car
yolo6-19, 12630144, car
yolo11-16, 12630144, car
yolo1-23, 12630144, car
yolo4-22, 12630144, car
yolo12-24, 12630144, car
yolo3-23, 12630144, car
yolo12-20, 12630144, car
yolo10-19, 12630144, car
yolo5-22, 12630144, car
yolo9-edge-18, 51035578, car
yolo6-19, 51035578, car
yolo10-19, 51035578, car
yolo12-24, 51035578, car
yolo12-20, 51035578, car
yolo4-22, 51035578, car
yolo1-23, 51035578, car
yolo3-23, 51035578, car
yolo5-22, 51035578, car
yolo11-16, 51035578, car
yolo9-edge-18, 96159842, car
yolo6-19, 96159842, car
yolo10-19, 96159842, car
yolo12-20, 96159842, car
yolo12-24, 96159842, car
yolo4-22, 96159842, car
yolo11-16, 96159842, car
yolo3-23, 96159842, car
yolo5-22, 96159842, car
yolo1-23, 96159842, car
yolo9-edge-18, 68094615, car
yolo6-19, 68094615, car
yolo11-16, 68094615, car
yolo4-22, 68094615, car
yolo1-23, 68094615, car
yolo12-24, 68094615, car
yolo10-19, 68094615, car
yolo3-23, 68094615, car
yolo12-20, 68094615, car
yolo5-22, 68094615, car
yolo9-edge-18, 60105627, car
yolo6-19, 60105627, car
yolo5-22, 60105627, car
yolo1-23, 60105627, car
yolo10-19, 60105627, car
yolo11-16, 60105627, car
yolo12-24, 60105627, car
yolo3-23, 60105627, car
yolo4-22, 60105627, car
yolo12-20, 60105627, car
yolo9-edge-18, 90796972, car
yolo6-19, 90796972, car
yolo11-16, 90796972, car
yolo12-20, 90796972, car
yolo10-19, 90796972, car
yolo3-23, 90796972, car
yolo1-23, 90796972, car
yolo12-24, 90796972, car
yolo5-22, 90796972, car
yolo4-22, 90796972, car
yolo9-edge-18, 80642598, car
yolo6-19, 80642598, car
yolo10-19, 80642598, car
yolo5-22, 80642598, car
yolo3-23, 80642598, car
yolo1-23, 80642598, car
yolo12-20, 80642598, car
yolo12-24, 80642598, car
yolo11-16, 80642598, car
yolo4-22, 80642598, car
yolo9-edge-18, 21595689, car
yolo6-19, 21595689, car
yolo1-23, 21595689, car
yolo3-23, 21595689, car
yolo11-16, 21595689, car
yolo4-22, 21595689, car
yolo10-19, 21595689, car
yolo12-20, 21595689, car
yolo12-24, 21595689, car
yolo5-22, 21595689, car
yolo9-edge-18, 93957992, car
yolo6-19, 93957992, car
yolo12-20, 93957992, car
yolo10-19, 93957992, car
yolo4-22, 93957992, car
yolo12-24, 93957992, car
yolo1-23, 93957992, car
yolo5-22, 93957992, car
yolo11-16, 93957992, car
yolo3-23, 93957992, car
yolo6-19, 82798567, train
yolo9-edge-18, 82798567, train
yolo11-16, 82798567, train
yolo1-23, 82798567, train
yolo12-20, 82798567, train
yolo3-23, 82798567, train
yolo4-22, 82798567, train
yolo5-22, 82798567, train
yolo12-24, 82798567, train
yolo10-19, 82798567, train
yolo6-19, 12198949, car
yolo9-edge-18, 12198949, car
yolo10-19, 12198949, car
yolo11-16, 12198949, car
yolo12-20, 12198949, car
yolo5-22, 12198949, car
yolo1-23, 12198949, car
yolo12-24, 12198949, car
yolo3-23, 12198949, car
yolo4-22, 12198949, car
yolo9-edge-18, 71627395, car
yolo12-20, 71627395, car
yolo6-19, 71627395, car
yolo3-23, 71627395, car
yolo10-19, 71627395, car
yolo1-23, 71627395, car
yolo5-22, 71627395, car
yolo11-16, 71627395, car
yolo12-24, 71627395, car
yolo4-22, 71627395, car
yolo9-edge-18, 59731272, sofa
yolo6-19, 59731272, aeroplane
yolo11-16, 59731272, sofa
yolo10-19, 59731272, sofa
yolo12-24, 59731272, sofa
yolo12-20, 59731272, sofa
yolo3-23, 59731272, sofa
yolo4-22, 59731272, sofa
yolo1-23, 59731272, sofa
yolo5-22, 59731272, sofa
yolo9-edge-18, 15268138, sofa
yolo6-19, 15268138, aeroplane
yolo12-20, 15268138, sofa
yolo4-22, 15268138, sofa
yolo5-22, 15268138, sofa
yolo3-23, 15268138, sofa
yolo11-16, 15268138, sofa
yolo10-19, 15268138, sofa
yolo12-24, 15268138, sofa
yolo1-23, 15268138, sofa
yolo9-edge-18, 13154933, boat
yolo6-19, 13154933, boat
yolo1-23, 13154933, boat
yolo4-22, 13154933, boat
yolo12-24, 13154933, boat
yolo12-20, 13154933, boat
yolo10-19, 13154933, boat
yolo3-23, 13154933, boat
yolo11-16, 13154933, boat
yolo5-22, 13154933, boat
yolo9-edge-18, 34275823, sofa
yolo10-19, 34275823, sofa
yolo6-19, 34275823, sofa
yolo12-20, 34275823, sofa
yolo1-23, 34275823, sofa
yolo12-24, 34275823, sofa
yolo4-22, 34275823, sofa
yolo3-23, 34275823, sofa
yolo5-22, 34275823, sofa
yolo11-16, 34275823, sofa
yolo9-edge-18, 10008156, car
yolo3-23, 10008156, car
yolo12-24, 10008156, car
yolo10-19, 10008156, car
yolo12-20, 10008156, car
yolo6-19, 10008156, car
yolo5-22, 10008156, car
yolo1-23, 10008156, car
yolo4-22, 10008156, car
yolo11-16, 10008156, car
yolo9-edge-18, 11123440, car
yolo11-16, 11123440, car
yolo10-19, 11123440, car
yolo3-23, 11123440, car
yolo4-22, 11123440, car
yolo6-19, 11123440, car
yolo1-23, 11123440, car
yolo12-24, 11123440, car
yolo12-20, 11123440, car
yolo5-22, 11123440, car
yolo6-19, 20531933, sofa
yolo9-edge-18, 20531933, sofa
yolo10-19, 20531933, sofa
yolo12-20, 20531933, sofa
yolo11-16, 20531933, sofa
yolo12-24, 20531933, sofa
yolo1-23, 20531933, sofa
yolo4-22, 20531933, sofa
yolo3-23, 20531933, sofa
yolo5-22, 20531933, sofa
yolo9-edge-18, 60841022, car
yolo11-16, 60841022, car
yolo12-20, 60841022, car
yolo4-22, 60841022, car
yolo1-23, 60841022, car
yolo6-19, 60841022, car
yolo3-23, 60841022, car
yolo10-19, 60841022, car
yolo12-24, 60841022, car
yolo5-22, 60841022, car
yolo9-edge-18, 72160622, car
yolo6-19, 72160622, aeroplane
yolo10-19, 72160622, car
yolo1-23, 72160622, car
yolo12-24, 72160622, car
yolo4-22, 72160622, car
yolo3-23, 72160622, car
yolo11-16, 72160622, car
yolo5-22, 72160622, car
yolo12-20, 72160622, car
yolo9-edge-18, 20032726, car
yolo6-19, 20032726, car
yolo12-20, 20032726, car
yolo10-19, 20032726, car
yolo1-23, 20032726, car
yolo12-24, 20032726, car
yolo4-22, 20032726, car
yolo3-23, 20032726, car
yolo5-22, 20032726, car
yolo11-16, 20032726, car
yolo6-19, 52937377, car
yolo9-edge-18, 52937377, car
yolo1-23, 52937377, car
yolo3-23, 52937377, car
yolo10-19, 52937377, car
yolo12-24, 52937377, car
yolo12-20, 52937377, car
yolo11-16, 52937377, car
yolo4-22, 52937377, car
yolo5-22, 52937377, car
yolo6-19, 71076305, car
yolo9-edge-18, 71076305, car
yolo10-19, 71076305, car
yolo12-20, 71076305, car
yolo11-16, 71076305, car
yolo4-22, 71076305, car
yolo3-23, 71076305, car
yolo12-24, 71076305, car
yolo1-23, 71076305, car
yolo5-22, 71076305, car
yolo6-19, 42086863, car
yolo9-edge-18, 42086863, car
yolo1-23, 42086863, car
yolo10-19, 42086863, car
yolo12-20, 42086863, car
yolo12-24, 42086863, car
yolo4-22, 42086863, car
yolo3-23, 42086863, car
yolo11-16, 42086863, car
yolo5-22, 42086863, car
yolo9-edge-18, 73026556, car
yolo6-19, 73026556, car
yolo1-23, 73026556, car
yolo3-23, 73026556, car
yolo4-22, 73026556, car
yolo12-20, 73026556, car
yolo11-16, 73026556, car
yolo5-22, 73026556, car
yolo12-24, 73026556, car
yolo10-19, 73026556, car
yolo6-19, 73501859, car
yolo9-edge-18, 73501859, car
yolo3-23, 73501859, car
yolo11-16, 73501859, car
yolo1-23, 73501859, car
yolo4-22, 73501859, car
yolo5-22, 73501859, car
yolo12-20, 73501859, car
yolo12-24, 73501859, car
yolo10-19, 73501859, car
yolo6-19, 45760699, car
yolo9-edge-18, 45760699, car
yolo10-19, 45760699, car
yolo12-24, 45760699, car
yolo3-23, 45760699, car
yolo5-22, 45760699, car
yolo12-20, 45760699, car
yolo4-22, 45760699, car
yolo1-23, 45760699, car
yolo11-16, 45760699, car
yolo6-19, 23579235, car
yolo9-edge-18, 23579235, car
yolo11-16, 23579235, car
yolo10-19, 23579235, car
yolo1-23, 23579235, car
yolo3-23, 23579235, car
yolo12-24, 23579235, car
yolo12-20, 23579235, car
yolo4-22, 23579235, car
yolo5-22, 23579235, car
yolo6-19, 40198272, car
yolo9-edge-18, 40198272, car
yolo1-23, 40198272, car
yolo3-23, 40198272, car
yolo12-20, 40198272, car
yolo10-19, 40198272, car
yolo5-22, 40198272, car
yolo12-24, 40198272, car
yolo11-16, 40198272, car
yolo4-22, 40198272, car
yolo6-19, 28195511, car
yolo9-edge-18, 28195511, car
yolo3-23, 28195511, car
yolo10-19, 28195511, car
yolo11-16, 28195511, car
yolo5-22, 28195511, car
yolo12-24, 28195511, car
yolo12-20, 28195511, car
yolo4-22, 28195511, car
yolo1-23, 28195511, car
yolo6-19, 53589564, car
yolo9-edge-18, 53589564, car
yolo10-19, 53589564, car
yolo12-20, 53589564, car
yolo12-24, 53589564, car
yolo3-23, 53589564, car
yolo11-16, 53589564, car
yolo5-22, 53589564, car
yolo4-22, 53589564, car
yolo1-23, 53589564, car
yolo6-19, 28552943, car
yolo9-edge-18, 28552943, car
yolo10-19, 28552943, car
yolo11-16, 28552943, car
yolo4-22, 28552943, car
yolo12-20, 28552943, car
yolo12-24, 28552943, car
yolo3-23, 28552943, car
yolo1-23, 28552943, car
yolo5-22, 28552943, car
yolo6-19, 08023137, car
yolo9-edge-18, 08023137, car
yolo10-19, 08023137, car
yolo11-16, 08023137, car
yolo4-22, 08023137, car
yolo12-20, 08023137, car
yolo3-23, 08023137, car
yolo12-24, 08023137, car
yolo1-23, 08023137, car
yolo5-22, 08023137, car
yolo6-19, 25422750, car
yolo11-16, 25422750, car
yolo10-19, 25422750, car
yolo1-23, 25422750, car
yolo12-24, 25422750, car
yolo3-23, 25422750, car
yolo12-20, 25422750, car
yolo9-edge-18, 25422750, car
yolo4-22, 25422750, car
yolo5-22, 25422750, car
yolo6-19, 26062708, car
yolo10-19, 26062708, car
yolo1-23, 26062708, car
yolo12-24, 26062708, car
yolo4-22, 26062708, car
yolo5-22, 26062708, car
yolo12-20, 26062708, car
yolo9-edge-18, 26062708, car
yolo3-23, 26062708, car
yolo11-16, 26062708, car
yolo6-19, 99422166, car
yolo1-23, 99422166, car
yolo10-19, 99422166, car
yolo3-23, 99422166, car
yolo11-16, 99422166, car
yolo12-24, 99422166, car
yolo4-22, 99422166, car
yolo9-edge-18, 99422166, car
yolo5-22, 99422166, car
yolo12-20, 99422166, car
yolo6-19, 44072316, car
yolo9-edge-18, 44072316, car
yolo1-23, 44072316, car
yolo11-16, 44072316, car
yolo3-23, 44072316, car
yolo4-22, 44072316, car
yolo10-19, 44072316, car
yolo12-24, 44072316, car
yolo12-20, 44072316, car
yolo5-22, 44072316, car
yolo6-19, 23523174, car
yolo9-edge-18, 23523174, car
yolo4-22, 23523174, car
yolo11-16, 23523174, car
yolo12-20, 23523174, car
yolo12-24, 23523174, car
yolo3-23, 23523174, car
yolo1-23, 23523174, car
yolo10-19, 23523174, car
yolo5-22, 23523174, car
yolo9-edge-18, 88902521, car
yolo6-19, 88902521, car
yolo1-23, 88902521, car
yolo12-20, 88902521, car
yolo12-24, 88902521, car
yolo10-19, 88902521, car
yolo11-16, 88902521, car
yolo4-22, 88902521, car
yolo3-23, 88902521, car
yolo5-22, 88902521, car
yolo9-edge-18, 08789807, car
yolo6-19, 08789807, car
yolo10-19, 08789807, car
yolo12-24, 08789807, car
yolo12-20, 08789807, car
yolo4-22, 08789807, car
yolo5-22, 08789807, car
yolo3-23, 08789807, car
yolo11-16, 08789807, car
yolo9-edge-18, 44949637, car
yolo6-19, 44949637, car
yolo10-19, 44949637, car
yolo12-24, 44949637, car
yolo12-20, 44949637, car
yolo11-16, 44949637, car
yolo3-23, 44949637, car
yolo4-22, 44949637, car
yolo9-edge-18, 07869530, car
yolo6-19, 07869530, car
yolo10-19, 07869530, car
yolo4-22, 07869530, car
yolo12-24, 07869530, car
yolo3-23, 07869530, car
yolo12-20, 07869530, car
yolo11-16, 07869530, car
yolo6-19, 39236226, car
yolo9-edge-18, 39236226, car
yolo10-19, 39236226, car
yolo11-16, 39236226, car
yolo12-20, 39236226, car
yolo4-22, 39236226, car
yolo3-23, 39236226, car
yolo12-24, 39236226, car
yolo6-19, 83742270, car
yolo9-edge-18, 83742270, car
yolo10-19, 83742270, car
yolo11-16, 83742270, car
yolo12-20, 83742270, car
yolo3-23, 83742270, car
yolo12-24, 83742270, car
yolo4-22, 83742270, car
yolo10-19, 18122133, car
yolo9-edge-18, 18122133, car
yolo12-24, 18122133, car
yolo3-23, 18122133, car
yolo6-19, 18122133, car
yolo11-16, 18122133, car
yolo4-22, 18122133, car
yolo12-20, 18122133, car
yolo12-20, 07902361, car
yolo10-19, 07902361, car
yolo11-16, 07902361, car
yolo4-22, 07902361, car
yolo3-23, 07902361, car
yolo6-19, 07902361, car
yolo12-24, 07902361, car
yolo9-edge-18, 07902361, car
